0 1 0.23963 1 1 nan inf 1
0 2 0.142745 2 0.5 1 inf 1
0 3 0.153845 3 0.333333 1 inf 1
0 4 0.164925 4 0.25 1 inf 1
0 5 0.173018 5 0.2 1 inf 1
0 6 0.180934 6 0.166667 1 inf 1
0 7 0.225129 7 0.142857 1 inf 1
0 8 0.237958 8 0.125 1 inf 1
0 9 0.257538 9 0.111111 1 inf 1
0 10 0.242932 10 0.1 1 inf 1
0 11 0.26586 11 0.0909091 1 inf 1
0 12 0.296336 12 0.0833333 1 inf 1
0 13 0.294146 13 0.0769231 1 inf 1
0 14 0.317206 14 0.0714286 1 inf 1
0 15 0.366537 15 0.0666667 1 inf 1
0 16 0.383318 16 0.0625 1 inf 1
0 17 0.410269 17 0.0588235 1 inf 1
0 18 0.417136 18 0.0555556 1 inf 1
0 19 0.428692 19 0.0526316 1 inf 1
0 20 0.467772 20 0.05 1 inf 1
0 21 0.469793 21 0.047619 1 inf 1
0 22 0.542891 22 0.0454545 1 inf 1
0 23 0.542888 23 0.0434783 1 inf 1
0 24 0.604039 24 0.0416667 1 inf 1
0 25 0.606446 25 0.04 1 inf 1
0 26 0.613783 26 0.0384615 1 inf 1
0 27 0.626952 27 0.037037 1 inf 1
0 28 0.660011 28 0.0357143 1 inf 1
0 29 0.698923 29 0.0344828 1 inf 1
0 30 0.694397 30 0.0333333 1 inf 1
0 31 0.715598 31 0.0322581 1 inf 1
0 32 0.734128 32 0.03125 1 inf 1
0 33 0.750332 33 0.030303 1 inf 1
0 34 0.76789 34 0.0294118 1 inf 1
0 35 0.870654 35 0.0285714 1 inf 1
0 36 1.06879 36 0.0277778 1 inf 1
0 37 0.959043 37 0.027027 1 inf 1
0 38 0.950793 38 0.0263158 1 inf 1
0 39 0.894059 39 0.025641 1 inf 1
0 40 0.977848 40 0.025 1 inf 1
0 41 1.01486 41 0.0243902 1 inf 1
0 42 1.02012 42 0.0238095 1 inf 1
