1 4.92308
1 5.30769
1 4.38462
1 5.92308
1 4.92308
1 3.07692
1 3.30769
1 3.53846
1 4.76923
1 5.46154
1 5.38462
1 4.92308
1 3.69231
1 4.92308
1 5.07692
1 4.30769
1 5.46154
1 5.53846
1 3.92308
1 4.69231
1 4.69231
1 5.07692
1 6.46154
1 4.84615
1 4.69231
1 4.23077
1 4.15385
1 4.15385
1 4.30769
1 5.46154
1 4.92308
1 3.07692
1 4.76923
1 4.69231
1 4.46154
1 4.76923
1 3.76923
1 3.46154
1 3.69231
1 5.07692
1 5.15385
1 3.23077
1 4.07692
2 4.46154
1 3.23077
1 4.61538
1 6.23077
1 4.15385
1 5
1 4.84615
1 6.84615
2 3.76923
1 6.23077
1 4.53846
1 5.30769
1 4.61538
1 4.53846
1 6.30769
1 4.92308
1 6
1 3.61538
1 5.23077
1 7.23077
1 4.69231
1 4.69231
1 2.61538
1 3.30769
1 4.46154
1 4.53846
1 5.07692
2 5
1 3.92308
1 4.53846
1 5.23077
1 4.69231
1 4.07692
1 6.38462
1 4.15385
1 3.69231
2 4.15385
1 5
1 4.53846
1 6
1 4.46154
1 5
1 3.92308
1 3.92308
1 4.07692
1 4.76923
1 5.15385
1 3.69231
1 4.30769
1 5.76923
1 4.23077
1 4.46154
1 4.84615
1 4.76923
2 3.23077
1 4.61538
1 3.76923
1 4.61538
1 4.30769
1 3.46154
1 2.84615
1 6.84615
1 2.92308
1 2.92308
1 5.76923
1 5.38462
1 3.53846
1 3.92308
1 3.69231
1 3.38462
1 3.69231
1 6
1 5
1 4.76923
1 3.07692
1 5.46154
1 4.15385
1 5.46154
1 2.92308
1 4.69231
1 5.15385
1 4.53846
1 5.61538
2 5
1 4.61538
1 8.76923
1 5
1 4.07692
1 4.30769
1 4.84615
1 4.46154
1 5.76923
1 5.46154
1 4.84615
1 3.69231
1 3.61538
1 3.46154
1 3.30769
1 5.07692
1 5.84615
1 4
1 3.69231
1 4.38462
1 3.07692
1 4.07692
1 6.76923
2 5.07692
1 3.46154
1 3.92308
1 3.76923
1 2.38462
1 4.15385
1 5.30769
1 4.84615
1 4
1 7.15385
1 5.92308
1 5.92308
1 4.53846
1 5.38462
1 3.76923
1 5.07692
1 5.46154
1 3.84615
1 4.07692
1 4.76923
1 4.46154
1 4.61538
1 4.15385
1 4.07692
1 3.92308
1 4.53846
1 5.76923
1 4.07692
1 4.92308
1 4.30769
1 4.46154
1 4.61538
1 5.84615
1 3.30769
1 4.07692
1 5.07692
1 5.84615
2 5.46154
1 4.15385
1 6.23077
1 3.23077
1 3.53846
1 4.38462
1 3.61538
2 3.69231
1 3.15385
1 4.76923
1 4.15385
1 5.07692
1 4.46154
1 5.53846
1 4.53846
1 5.61538
1 2.69231
1 4.30769
1 4
1 5.46154
1 4.15385
1 4
1 3.69231
1 4.61538
1 3.69231
1 4.23077
1 3.92308
2 4.30769
2 4.46154
1 4.30769
1 3.30769
1 3.15385
1 3.46154
1 5.07692
1 3.53846
1 4.38462
1 4.61538
1 3.15385
1 5.38462
1 4.30769
1 4.92308
1 3.69231
1 5.07692
1 5.23077
1 4.53846
1 7.23077
1 3.46154
1 4.69231
1 4
2 3.69231
1 3
1 5.38462
1 4.69231
1 5
1 3.61538
1 4.30769
1 3.84615
1 5.92308
1 5.23077
1 4.15385
1 4.69231
1 4.53846
1 4.84615
1 3.38462
1 3.30769
1 3.38462
1 7.46154
1 4
1 6.61538
1 4.84615
1 4.53846
1 4.30769
1 4
1 3.23077
1 5.92308
1 5.69231
1 3.92308
1 3.38462
1 4.38462
1 4.38462
1 3.46154
1 3.53846
1 4.53846
1 4.76923
1 4.53846
1 5.76923
1 3.46154
1 6.15385
1 5.30769
1 7.76923
1 5.38462
1 5.23077
1 4.76923
1 3.53846
1 7.76923
2 5.07692
1 4.46154
1 4.15385
1 3.92308
1 3.92308
1 3.53846
1 4.76923
1 5.84615
1 4.46154
1 4.15385
1 4.84615
1 5.07692
1 3.53846
1 5.69231
1 5
1 4.61538
1 4.76923
1 3.84615
1 4.38462
1 5.38462
1 3.15385
1 4
1 7.38462
1 5.61538
1 3.84615
1 4.61538
1 5.38462
1 4.76923
1 4.15385
1 4.69231
1 4.30769
1 3.76923
1 5.07692
1 5.38462
1 4.76923
1 5.07692
1 3.53846
1 5.07692
1 4.76923
1 4.30769
1 3.84615
1 3.84615
1 4
1 6.23077
1 3.76923
1 4.30769
1 4.23077
1 4.07692
1 4.38462
1 4.92308
1 5.38462
1 2.84615
1 4.53846
1 4.61538
2 2.92308
1 5
1 5.92308
1 6.23077
1 4.07692
1 4.07692
1 4.38462
1 4.38462
1 6.07692
1 5.30769
1 4.38462
1 5
1 4.23077
1 3.61538
1 6.15385
1 3.30769
1 4.30769
1 5.07692
1 4.38462
1 3.15385
1 4.84615
1 3.30769
1 3.69231
1 6.53846
1 5.30769
1 4.92308
1 3.69231
1 4.07692
1 5.23077
1 4.92308
1 3.61538
1 4.30769
1 5
1 4.53846
1 6.07692
1 4.69231
1 4.53846
1 4.23077
1 4.84615
1 3
1 4.30769
1 4.84615
1 5.15385
1 4.61538
1 3.92308
1 5.07692
1 3.30769
1 4.30769
1 4
2 3.92308
1 7.84615
1 6.07692
1 5
1 4.92308
1 3.84615
1 4.23077
1 5.53846
1 3.30769
1 5.23077
2 5.07692
1 2.69231
1 5.69231
1 5.30769
2 5.46154
1 3.53846
1 4
2 6.46154
1 6.07692
1 5.53846
1 4.76923
1 4.30769
1 5.07692
2 4.30769
1 3.61538
1 2.84615
1 4.23077
1 4.61538
1 3.76923
2 5.07692
1 6.30769
1 3.46154
1 4.92308
1 3.38462
1 4
1 7.84615
1 5.38462
1 7.46154
1 4.15385
1 4.07692
1 5.61538
1 5
1 5.61538
1 4.38462
1 2.46154
2 4.53846
1 3.69231
1 4.38462
1 2.92308
1 6.23077
1 4.92308
2 3.38462
1 2.92308
1 3.76923
2 5.76923
1 3.46154
1 4.46154
1 4.23077
1 4.46154
1 5.38462
1 6.23077
1 4.46154
1 4.38462
1 4.23077
1 4.53846
1 4.46154
1 4.69231
1 5.38462
1 3.23077
1 6.30769
2 2.76923
1 3.15385
1 5.15385
1 5.92308
1 3.23077
1 4.76923
1 7.84615
1 3.92308
1 4.38462
1 3.84615
1 5.07692
2 2.84615
1 4.30769
1 3.61538
2 2.46154
1 5
1 3.30769
1 3.92308
1 3.30769
1 3.76923
1 3.53846
2 5.38462
1 5.23077
1 3.38462
1 5.46154
1 3.23077
2 4.53846
1 4.69231
2 4.30769
1 4.53846
1 4.23077
2 4.30769
1 6.23077
1 5.23077
1 4.30769
2 3.92308
1 4.30769
1 4.07692
1 5.61538
1 7
1 4.46154
1 3.46154
2 4.92308
1 3.69231
1 7.23077
1 4.92308
1 3.61538
1 3.69231
1 3.69231
2 4.92308
1 4.23077
1 4.92308
1 4.84615
1 5
1 5.07692
1 3.69231
1 4.38462
1 4.07692
1 5.53846
1 4.69231
1 4.69231
1 3.23077
1 4.30769
1 3.92308
1 5.61538
3 4.84615
1 5.38462
1 4.07692
1 4.46154
1 3.15385
1 4
1 4.38462
1 5.07692
2 4.15385
1 4.23077
1 3.30769
2 5.69231
1 3.38462
1 4.69231
1 3.23077
1 4.38462
1 3.61538
1 4.61538
1 3.15385
1 4.46154
1 5.15385
1 3.53846
2 5.07692
1 4.61538
2 5.46154
1 5.61538
1 5.38462
2 3.84615
1 4.46154
2 4.15385
1 5.53846
1 4.92308
1 4.53846
1 7.46154
1 5.61538
1 4.30769
1 5.07692
1 5
2 3.53846
2 4.69231
1 4.07692
1 3.46154
1 5.23077
1 3.76923
1 6
1 4.07692
1 3.46154
1 3.15385
1 4.76923
1 5.07692
1 2.84615
1 6.23077
2 5.15385
1 6.23077
1 3.61538
1 4.38462
1 4.30769
2 4.53846
1 6.07692
2 4.84615
1 4.15385
1 4.76923
1 4.76923
1 4.38462
1 5
1 3.61538
1 3.69231
1 5.07692
1 4.30769
1 7.61538
1 4.61538
2 6.23077
1 6.53846
1 7.76923
1 3.92308
2 5.07692
1 5.61538
1 6.23077
1 5.38462
1 5.61538
1 5.07692
2 5.61538
1 5.30769
1 5.07692
1 5
1 3.46154
1 5.07692
2 4.53846
1 6.61538
1 5.07692
1 6.69231
1 3.69231
1 5.30769
1 3.92308
1 4.30769
1 4
1 5
1 3.69231
1 5.38462
1 3.38462
2 3.30769
1 4.69231
1 4.30769
1 5.38462
1 3.38462
1 3.69231
1 3.30769
1 3.61538
1 4.53846
1 4.38462
1 5.07692
1 5.38462
1 4.46154
1 6.30769
3 3.76923
2 5.84615
1 3.53846
1 5.46154
1 4.07692
2 4.30769
2 7.61538
1 4
1 4.61538
1 5.15385
1 4.92308
1 5.53846
2 4.38462
2 3.92308
2 6.30769
1 5
2 4.46154
1 4.15385
1 5.92308
1 3.92308
1 6
1 3.92308
1 3.84615
1 3.53846
2 5.07692
1 4.53846
1 6.76923
2 4.07692
1 4.92308
1 4.69231
1 3.92308
1 4.84615
1 4.15385
1 3.84615
2 4.76923
1 5.23077
1 6.92308
1 5.92308
1 3.76923
1 5.92308
2 3.30769
1 3.53846
2 4.30769
1 5.84615
2 4.30769
1 4.07692
1 4.23077
1 5.30769
1 2.61538
1 4.92308
1 4.84615
1 4.76923
1 4.84615
1 3.69231
1 4.69231
1 8.76923
1 5.69231
1 5.23077
1 4.38462
1 4.30769
1 5.76923
1 4.46154
1 4.46154
1 4.46154
1 4.84615
1 5.30769
1 4.38462
1 4.15385
1 3.92308
1 5.38462
2 4.15385
2 4.69231
1 3.69231
1 4.30769
2 4.38462
1 5.30769
1 6.69231
1 4.69231
2 5.38462
2 4.61538
1 5.61538
1 4.30769
1 3.61538
1 3.38462
1 4.15385
1 5.38462
2 5.76923
1 4.38462
2 4.69231
1 4.23077
1 4.38462
1 3.92308
1 5
1 4.61538
2 3.61538
1 8.76923
2 4.92308
3 5.15385
1 2.92308
3 4.53846
2 4.61538
1 5.15385
2 5.07692
1 3.69231
1 3.30769
1 4.46154
1 3.30769
1 3.84615
1 3.84615
1 3.92308
1 4.84615
1 3.84615
2 3.76923
1 2.92308
1 3.23077
1 3.84615
1 4.76923
1 3.38462
1 5.69231
1 4.30769
1 3.30769
1 6.84615
1 3.69231
2 4.46154
1 5
1 5.69231
1 6.15385
1 4.61538
1 4.38462
1 5.23077
1 4.23077
1 4.46154
1 3.46154
1 5.30769
1 4.69231
1 5.15385
1 4.69231
1 3.92308
1 4
1 3.92308
1 3.46154
1 5.46154
1 2.61538
1 3.15385
1 5.53846
1 4.30769
1 3.30769
1 4.15385
1 4.38462
1 3.61538
1 4.46154
1 3.69231
2 4.69231
1 5.61538
1 5.23077
1 5.38462
1 3.84615
1 5.23077
1 4.07692
1 3.69231
1 7.76923
1 3.69231
3 5.84615
1 5.61538
2 6.61538
1 6.84615
1 2.69231
1 5.76923
1 4.92308
1 4.76923
1 3.84615
1 3.76923
1 4.38462
2 3.30769
1 3.23077
2 5
1 4.07692
2 4.69231
1 4.69231
1 3.38462
1 4.61538
1 6.23077
2 4.76923
1 2.46154
1 4.23077
3 5.07692
2 4.76923
1 5.46154
1 4.69231
1 4.23077
1 5
1 4.76923
1 4.61538
2 6.76923
1 2.76923
1 4.92308
1 3.76923
1 3.76923
1 5.46154
1 5.61538
1 3.76923
1 2.92308
1 4
3 5.07692
1 4.46154
1 4.15385
1 3.76923
1 4.30769
2 4.76923
1 5.69231
1 4.38462
1 3.69231
1 5.76923
1 3.92308
1 4.61538
1 6
1 3.69231
1 5.61538
1 3.30769
1 3.69231
3 4
1 4.84615
1 5.38462
1 3.07692
2 3.69231
1 6.38462
1 4.30769
1 3.92308
1 4
2 5.23077
1 5.23077
1 4.38462
1 3.15385
1 2.69231
2 4.30769
1 5.46154
1 4.38462
1 4
1 6.38462
1 7.07692
1 6.84615
1 4.69231
2 6.15385
1 4.07692
1 3.07692
1 4.38462
1 5.53846
1 5.07692
1 5.38462
2 3.69231
1 4.53846
1 5.07692
1 3.69231
1 5.53846
1 5.23077
1 4.07692
1 3.84615
2 4.53846
1 3.61538
1 5.30769
1 6.07692
1 3.23077
1 5.69231
1 6.38462
1 5.76923
1 5.76923
1 5.84615
1 5.15385
1 3.69231
2 3.61538
1 5.07692
1 5
1 4
1 5.07692
1 4.23077
1 5.61538
1 3.92308
1 5
2 4.61538
2 5.46154
1 2.84615
1 2.76923
2 5.15385
1 6.38462
1 3.76923
1 3.15385
1 3.69231
1 4.23077
2 4.76923
1 3.23077
2 3.46154
2 4.69231
2 3
4 3.76923
1 6.07692
1 5.61538
2 3.38462
1 4.92308
1 3.92308
1 4.46154
1 4.38462
3 5.46154
1 5.61538
1 3.46154
1 5.61538
2 4.53846
1 4
1 5.76923
1 3.92308
1 3.30769
3 4.53846
1 5.07692
1 7.76923
1 5.30769
2 3.46154
1 4.46154
1 3.92308
1 4.69231
1 4
1 3.15385
3 3.92308
1 3.69231
2 4.07692
1 5
1 5.84615
1 6.53846
2 3.84615
3 5.30769
1 3.84615
2 5
2 4.46154
1 4.23077
2 6.07692
1 4.76923
1 5.23077
1 4.61538
1 4.76923
1 3.30769
1 3.38462
2 4.46154
1 3.38462
1 4.38462
1 2.92308
2 4.76923
2 4.30769
1 5.84615
1 3.84615
2 4.76923
2 3.53846
2 5.07692
1 4.15385
1 6.92308
1 3.92308
1 4.30769
1 5.23077
1 5.38462
1 4.38462
2 4.46154
1 6.07692
1 4.38462
1 2.92308
1 5
1 3.76923
1 4.30769
1 5.23077
1 3.69231
1 4
4 4.69231
1 6.92308
1 3.30769
1 4.23077
1 4.61538
1 4.53846
1 5
2 4.23077
1 3.84615
1 5.61538
1 5.30769
1 3.69231
1 5.07692
2 5.23077
3 5
1 5.07692
1 3.38462
1 6.61538
2 5.07692
1 6.23077
1 5.46154
1 6.76923
1 4.38462
2 4.61538
2 4.30769
1 3.53846
1 4.53846
2 3.92308
2 3.30769
1 4.92308
2 5
1 6.23077
1 3.76923
1 4.38462
1 4.69231
1 3.76923
1 5.30769
1 4.61538
1 4.15385
1 4.84615
1 6.30769
1 5.61538
1 4.15385
2 3.38462
1 3.76923
2 4.69231
1 6.76923
1 4.76923
1 4
1 4.69231
1 3.53846
1 5.61538
2 3.84615
2 5.38462
1 5.15385
2 4.07692
1 5
2 4.61538
3 5.38462
1 3.69231
2 4.92308
1 4.69231
2 3.76923
2 5.23077
1 2.92308
1 4.38462
1 7.30769
1 3.84615
1 5.53846
2 4.69231
1 5.23077
1 4.07692
1 4.46154
1 4.46154
1 5.07692
1 6.84615
1 4.38462
2 4.69231
2 2.15385
1 3.61538
1 4.76923
2 5.15385
1 5.15385
1 4.23077
1 4.23077
2 4.92308
2 3.92308
1 6.84615
1 4
2 4.46154
2 4.38462
1 3.53846
1 3.61538
2 4.92308
1 6.23077
1 5.92308
1 4
2 4.92308
1 3.46154
1 4.07692
2 3.92308
3 4.53846
1 3.30769
2 3.30769
2 4.15385
1 5.30769
1 4.61538
1 4.53846
1 5.61538
1 5.69231
2 4.38462
1 3.69231
1 5
1 5.61538
1 5.38462
1 5.23077
1 3.53846
2 4.46154
1 5.15385
3 4.30769
1 3.46154
2 4.15385
1 4.76923
2 5.15385
3 4.38462
1 4.61538
1 6.07692
2 4.69231
1 2.61538
2 2.69231
1 5.53846
1 4
1 3.15385
2 3.76923
1 3.07692
2 6.61538
2 5.23077
1 5
1 3.53846
1 3.30769
3 5.38462
1 5.15385
1 4.92308
1 4.76923
1 5.23077
1 4.84615
1 5.07692
1 6.07692
1 4.92308
2 8.46154
1 4
1 5
4 4.69231
1 4.07692
1 6.84615
1 4.30769
1 4.38462
1 5.61538
1 5.69231
1 5
2 6.23077
3 5.07692
2 5
2 4.23077
1 3.23077
1 2.69231
1 5.30769
1 4.07692
1 2.69231
1 4.30769
1 3.92308
1 3.23077
2 3.46154
1 4.38462
1 4.61538
1 5.23077
2 3.69231
1 4.23077
1 5.61538
2 5.38462
1 3.84615
1 5.53846
1 5.38462
1 3
2 4.30769
2 2.84615
2 4.30769
2 3.69231
1 3.15385
1 3.92308
1 4.69231
1 3.46154
1 4.23077
1 5
1 4.69231
1 4.15385
1 4.30769
1 3.53846
1 2.76923
1 4.61538
1 5
2 4.07692
1 3.23077
1 3.38462
2 6.61538
2 3.69231
2 4.76923
1 3.69231
1 5.15385
1 5.61538
1 3.53846
2 4.38462
1 6.84615
2 3.84615
1 4.15385
1 4.07692
2 3.92308
1 3.92308
1 5.38462
1 5.30769
1 6.15385
1 6.61538
2 5.23077
2 3.69231
2 3.30769
2 4.23077
2 4.30769
1 4.92308
1 4.38462
2 4.92308
1 4.61538
1 2.46154
2 5.38462
1 2.84615
2 4.38462
1 4.38462
1 3.15385
1 3.69231
1 3.76923
1 5.46154
2 5.23077
2 3.46154
1 4.53846
1 8.76923
2 3.92308
1 2.15385
2 5.92308
1 3.92308
3 3.84615
2 5.38462
1 3.38462
1 5.53846
1 5.84615
3 3.76923
1 4.84615
1 7.76923
1 4.69231
1 5.15385
2 4.84615
1 7.84615
1 3.53846
1 4.38462
1 3.46154
2 3.61538
2 2.23077
1 4.61538
1 3.07692
2 5.30769
1 3.30769
2 4.07692
2 5.23077
1 5.61538
2 5
4 6.84615
2 3.38462
1 3.61538
3 4.61538
1 3.69231
1 3.92308
1 5.84615
2 4.15385
2 5.07692
1 3.69231
1 5.61538
1 4.76923
2 4.07692
2 4.84615
1 4.46154
1 4
1 6.61538
1 4.15385
1 3.92308
1 4.23077
1 5.61538
2 4
1 5.15385
1 4.92308
1 5.53846
1 4.53846
1 6.76923
2 4.84615
1 5.30769
1 5
1 8.61538
1 4.15385
1 5
1 4.53846
1 4.84615
1 4.84615
1 3.15385
1 4.84615
2 5.30769
3 4.61538
1 4.38462
1 4.53846
2 3.46154
2 5.07692
1 3.23077
1 4.38462
2 3.46154
1 4.46154
2 4.76923
2 3.84615
1 3.69231
2 6.23077
1 4.69231
2 5.38462
1 4.38462
2 3.07692
2 4.69231
1 5
1 4.61538
1 6.23077
1 5.30769
1 3.46154
1 4.76923
1 5.61538
1 4.15385
1 5.23077
2 4.76923
1 4.15385
1 5
2 4.76923
1 3.84615
1 6.30769
1 4.61538
1 7.23077
1 5
2 5.61538
1 5.23077
1 5.23077
1 4.38462
2 3.92308
1 3.84615
1 3.92308
1 5.92308
3 3.15385
1 5.92308
1 3.76923
1 4.92308
2 5.15385
1 3.53846
2 4.84615
2 4.38462
1 5.84615
1 4.53846
1 3.69231
1 4.69231
1 3.07692
1 4.23077
1 4.07692
1 3.61538
1 4
1 5.61538
1 5
2 7.76923
2 3.23077
2 4.23077
1 4.30769
1 6.38462
1 4.61538
1 4.84615
1 4.38462
1 2.92308
2 4.38462
1 5.15385
1 4.38462
1 3.23077
2 5.23077
1 4.23077
1 3.69231
1 3.69231
1 4.69231
1 5
1 4.61538
1 7.61538
1 3.69231
1 4.76923
2 4.61538
1 4.84615
1 3.30769
1 4.53846
3 4.76923
1 6.15385
2 5.15385
2 4.23077
3 3.84615
1 4.38462
2 3.61538
1 2.69231
1 4.07692
1 7.30769
2 3.69231
1 4.69231
2 5.23077
1 7.30769
1 5
1 5.69231
2 4.69231
1 3.30769
1 4.76923
1 3.07692
1 4.69231
3 4.30769
1 7.76923
3 3.76923
2 4.07692
1 3.46154
1 7.38462
1 4.15385
2 5.61538
1 4.15385
1 5.30769
2 4.30769
1 6.07692
1 5.15385
1 5.15385
3 5.30769
1 4.76923
2 6.07692
2 4.76923
1 4.69231
1 4
2 5.84615
1 3.84615
1 4.38462
3 4.07692
1 4.61538
1 4.76923
3 4.30769
1 4.07692
3 3.69231
1 5.53846
1 2.46154
1 5.15385
1 4.30769
2 3.23077
1 4.92308
2 3.46154
1 4.53846
1 5.23077
1 4.30769
1 5.15385
1 5.76923
1 4.15385
1 4
1 4.69231
1 3.53846
1 5.15385
1 4.69231
2 4.38462
1 4.30769
1 2.69231
2 4.92308
1 6.23077
1 3.61538
1 4.76923
2 4.23077
1 5.84615
2 6.92308
2 5
2 4.76923
2 3.53846
1 3.53846
3 6.61538
1 4.30769
1 4.76923
1 3.84615
1 4.53846
1 5
1 4.92308
2 5
1 3.76923
2 3.30769
1 4.46154
1 3.23077
2 5.23077
1 4.76923
1 3.30769
2 4.46154
2 6.38462
1 6.30769
1 3.61538
1 4.46154
1 3.23077
2 4.07692
1 5.61538
2 4.30769
1 7.30769
2 5.38462
2 3.46154
2 5.23077
4 4.15385
1 2.92308
1 5.07692
1 4.30769
1 5.84615
3 4.30769
1 5
1 4
1 4
1 7.38462
1 4
3 3.23077
2 2.30769
4 5.84615
1 4.69231
1 4.30769
1 4.76923
2 6.69231
2 4.84615
3 3.76923
1 4.23077
2 3.30769
1 3.84615
3 4.30769
1 4.92308
1 3.84615
1 4.69231
1 3.61538
3 3.30769
2 5.15385
2 7.38462
2 3.69231
1 4.23077
4 4.30769
1 2.61538
1 6.84615
1 4.38462
1 3.84615
2 4.69231
1 4.15385
1 3.92308
1 3.07692
1 3.61538
1 2.61538
1 4.92308
2 5.92308
2 6
1 4.30769
1 3.38462
1 3.61538
2 4.69231
1 4.92308
1 6.61538
2 3.46154
1 3.38462
1 5.23077
2 4.30769
1 5.30769
1 4.53846
1 3.46154
1 4
1 4.30769
1 5.07692
1 5
1 5.46154
1 4.53846
1 6.38462
2 4.30769
1 5
2 4.84615
1 4.15385
1 5
1 5.38462
1 3.76923
1 4.15385
1 4.46154
1 4.76923
1 4.76923
1 4.38462
2 3.53846
2 3.84615
1 3.07692
1 4.61538
2 3.92308
1 3.30769
2 4.30769
1 4.76923
2 4.69231
3 3
2 4.69231
3 3.30769
1 3.53846
1 6.38462
3 5.92308
2 4.92308
1 3.07692
1 3.30769
1 3.23077
2 5.07692
1 3.84615
1 5.23077
1 3.69231
1 3
2 5.61538
2 4.07692
1 4.38462
1 4.76923
2 3.61538
1 4.92308
1 4.15385
2 4.53846
1 4.23077
1 6.30769
1 5.07692
2 4.07692
2 3.69231
2 7.23077
1 3.30769
2 4.69231
1 5.84615
3 4.30769
1 5.23077
1 4.92308
2 3.76923
1 4.92308
1 4.84615
1 4.84615
1 5
1 3.30769
1 3.69231
1 4.23077
2 3.61538
1 4.92308
2 6.15385
2 7.07692
1 5.38462
1 5.07692
2 5.69231
3 4.07692
1 3.76923
2 4.84615
1 4.23077
2 5.30769
2 4.76923
2 3.38462
1 3.15385
1 3.30769
1 4.61538
2 3.53846
2 4
1 3.15385
1 6.23077
2 3.92308
1 4.30769
1 3.84615
2 3.53846
1 6.76923
1 4.15385
2 4.30769
1 5
2 5.61538
1 6.07692
1 2.92308
1 5.23077
2 4.30769
2 2.84615
1 6.07692
1 4.38462
4 3.07692
1 5.92308
1 4
2 7.30769
1 5
2 3.76923
1 4.23077
1 4.92308
1 3.61538
2 3.76923
2 5.76923
3 3.69231
2 3.76923
4 5.23077
1 4.92308
2 6.69231
2 3.84615
1 3.61538
2 4.38462
3 6.69231
1 4.30769
2 4.30769
1 4.76923
1 4.61538
2 4
1 5.07692
1 5.46154
2 3.76923
2 4.38462
2 2.30769
1 3.53846
1 5.15385
1 5.76923
1 3.84615
1 3.38462
1 4.46154
2 6.69231
1 3.84615
1 3.69231
1 4.61538
2 4.92308
1 8
1 3
1 4
1 3
2 4.23077
1 6.23077
2 6.38462
2 4.76923
1 4.92308
1 3.38462
1 4.84615
1 4.92308
3 2.92308
2 3.84615
2 3.92308
5 4.15385
2 5.92308
2 5.53846
1 3.76923
1 4.61538
2 5.92308
1 6.07692
2 4.07692
1 3.69231
1 5.53846
1 3.23077
1 4.69231
2 3.46154
3 3.76923
2 4.92308
2 5.07692
1 5.23077
3 5.07692
2 6.07692
1 3.69231
1 5
1 3.69231
2 4.38462
1 3.15385
2 2.30769
2 3.38462
1 4.92308
2 4.46154
1 4.76923
1 4.53846
3 4.30769
1 4.76923
2 4
4 3.92308
1 3.69231
2 5
2 4.92308
1 4.15385
1 5.84615
1 5.30769
1 5.23077
2 3.69231
3 4.15385
1 4.61538
1 4.38462
1 4.69231
1 4.69231
3 3.30769
1 3.61538
1 3.84615
2 4
1 4.38462
1 4.76923
2 8.30769
2 6.38462
2 5.84615
2 4.38462
1 4.15385
1 4.15385
1 7.07692
3 4.46154
2 4.92308
1 3.84615
1 5.23077
3 4.07692
2 4.30769
1 4.46154
1 4.30769
3 3.61538
1 6
1 3.61538
1 6.53846
2 4.92308
1 4
1 7.76923
1 5.76923
1 4.46154
2 4
2 6.23077
1 4.23077
2 3.30769
1 4
1 3.61538
1 5.76923
1 4.15385
1 3.92308
1 4.30769
1 3.69231
1 2.84615
1 4.23077
2 3.46154
1 4.30769
1 4.30769
2 4.15385
2 5.30769
1 4.38462
1 4.30769
1 4.69231
1 5.07692
1 4.53846
2 5.30769
2 5.23077
3 5.30769
1 3.61538
2 4.84615
2 4
1 4.30769
1 4.38462
2 3.15385
2 4.23077
3 7.07692
1 3.92308
1 5.30769
1 4.53846
2 4.23077
1 5
1 5
1 3.61538
2 4.30769
2 3.69231
1 5.30769
1 4.92308
2 6.30769
2 6.23077
1 4.38462
1 5.92308
3 4
1 3.38462
1 4.38462
2 5.84615
1 4.61538
1 3
1 4.76923
1 4.07692
1 4.30769
1 5.30769
1 3.92308
3 6.23077
2 4.84615
2 4.69231
1 4.53846
4 3.84615
1 5.30769
2 3.38462
2 6.30769
2 4.30769
2 3.23077
3 3.30769
2 5.38462
2 7.76923
1 3.76923
1 5.30769
1 3.84615
1 6.38462
1 4
1 4.53846
1 3.15385
2 3.69231
2 4
1 5
2 4.76923
1 4.46154
2 5.38462
2 5.23077
1 4.23077
1 3.23077
2 7.30769
1 4.15385
2 4.61538
1 4.53846
2 5.38462
1 4.76923
1 4
1 4.69231
1 4.61538
3 4.76923
1 5.30769
2 4.84615
2 3.46154
1 4.30769
3 4.53846
1 4.92308
4 5.46154
1 5.53846
1 4.76923
1 2.69231
2 3.46154
1 2.92308
1 5.07692
1 5.61538
1 4.38462
1 3.92308
1 5.23077
1 3.23077
1 4.61538
1 4.76923
3 5.76923
2 5.53846
1 3.92308
3 6.23077
3 5.84615
1 4.53846
2 4.69231
2 4.84615
2 3.38462
3 3.92308
1 3.23077
1 3.61538
2 3.76923
1 4.30769
1 3.46154
1 5
2 7.15385
1 3.76923
1 3.61538
1 5.07692
2 3.92308
1 5
1 4.69231
1 5.76923
2 5.38462
1 8.46154
1 4.46154
2 3.38462
3 4.30769
2 6.30769
2 4.92308
2 6.07692
1 5.30769
4 5.92308
2 3.38462
1 3.76923
1 4
3 4.53846
1 4.46154
1 4.53846
2 3.53846
3 4
3 3.92308
1 4.38462
2 3.69231
2 5.15385
2 6.30769
1 4
1 3.84615
1 4.61538
2 5.15385
3 4.76923
2 5.46154
4 4.07692
1 3.69231
1 4.76923
3 4.30769
1 5.76923
3 6.15385
1 5
2 5.38462
3 4.07692
1 2.92308
1 4.53846
1 6.38462
1 3.69231
2 5.76923
2 5.61538
4 4.76923
1 3.84615
1 4.07692
1 4.69231
1 3.30769
2 3.61538
1 3.38462
2 5
1 4.84615
2 4.92308
2 4.38462
1 3.53846
1 3.07692
2 6.23077
2 7.76923
1 3.61538
1 2.92308
1 3.92308
1 4.15385
2 3.69231
3 3.69231
1 4.30769
1 2.61538
2 4.61538
2 4.23077
1 3.92308
1 5.07692
2 3.92308
2 6.38462
1 7
1 4.84615
1 3.53846
1 3.76923
1 4.76923
2 4.92308
1 3.46154
3 3.69231
1 6.46154
1 5.23077
2 3.53846
1 3.76923
2 5.84615
1 3.69231
1 3.23077
1 5.23077
2 4.53846
3 4.38462
4 3.92308
3 3.38462
1 2.76923
1 3.61538
2 5
3 4.92308
3 4.76923
2 3.84615
1 5.69231
3 4.38462
1 4.23077
3 4.76923
2 3.84615
1 3.53846
1 4.30769
1 5.23077
1 4
1 4.53846
1 6.38462
2 3.53846
1 3.53846
2 3.61538
2 4
1 4.53846
2 6.38462
1 4.84615
2 5.23077
1 5.15385
1 3.15385
2 3.84615
3 3.38462
1 4.30769
1 4.84615
2 4.61538
1 5.61538
2 4.84615
2 5.23077
1 6.23077
1 6.23077
2 6.76923
1 5.07692
2 4.15385
1 4.15385
3 5.30769
1 5.61538
2 4.07692
3 4.07692
1 2
2 3.07692
1 3.30769
4 4.84615
2 3
1 3.46154
1 4.15385
1 4.38462
2 5
1 4.07692
2 6.76923
3 5.76923
2 4.38462
2 6.84615
2 4.30769
1 4.76923
3 5.30769
2 4.23077
2 3.92308
2 5.07692
1 4.53846
1 4.23077
1 5.15385
1 5.61538
1 4
1 4.46154
2 4.92308
5 4.07692
1 3.69231
1 4
2 3.53846
2 3.15385
3 4.30769
1 5.38462
1 3.15385
2 3.46154
2 4.07692
1 5.30769
2 7
2 4.07692
3 3.30769
2 5.92308
1 4.61538
2 4.30769
3 3
1 5.30769
2 4
2 3.92308
1 6.30769
2 4.92308
2 3.69231
1 5.38462
1 4.84615
3 3.84615
4 4.15385
2 4.07692
3 4.23077
1 3.92308
2 3.92308
2 4.23077
3 3.92308
2 5.07692
2 3.53846
2 3.69231
5 5.23077
2 4.76923
1 3
1 4.38462
1 4
2 3.23077
1 3.76923
2 4.30769
3 6.07692
2 5.69231
2 5.61538
1 4.15385
2 6.15385
1 5.46154
2 4.46154
2 2.69231
1 4.53846
2 4.07692
1 6
1 5.30769
1 4.84615
4 5.30769
2 5.23077
1 5.07692
2 4.69231
2 3.53846
1 6.23077
1 3.53846
2 3.15385
3 4.61538
2 4.30769
1 4.69231
1 5.15385
2 4
2 5.61538
1 6.07692
2 4.30769
2 4.15385
1 5
1 5.46154
2 3.53846
1 3.92308
1 4.46154
1 2.92308
2 4.38462
1 4.23077
1 1.69231
1 4.76923
1 4.76923
2 5
1 5.61538
1 3.30769
1 4.30769
1 3.30769
3 4.07692
1 4.46154
1 3.61538
2 5.53846
2 4.53846
4 3.69231
2 5.07692
1 5.07692
1 3.53846
2 5.61538
2 5.30769
1 2.76923
1 5.69231
2 4.76923
2 5.38462
4 6.84615
1 3.07692
2 4.07692
2 2.76923
2 6.38462
2 4.53846
2 4.30769
2 5.46154
1 3.84615
2 4.53846
1 4.15385
2 5
2 5
2 4.76923
3 4.38462
2 4.30769
1 6.07692
2 4.84615
2 3.76923
2 5
3 4.30769
2 3.15385
1 4.30769
2 3.30769
3 6.23077
1 6.46154
1 3.53846
1 4.15385
1 5.84615
1 5.30769
1 4.30769
1 3.23077
1 4.69231
1 5.76923
2 5.46154
4 5.38462
2 3.46154
1 4.07692
1 4.38462
3 3.38462
3 2.53846
2 3.69231
1 5.76923
2 5.92308
3 5.53846
2 3.92308
2 4.07692
2 4.92308
2 4.07692
1 2.92308
1 4.69231
3 4.69231
1 7.84615
4 4.30769
1 3.84615
3 4.23077
2 4.92308
1 3.76923
1 4.61538
2 5
1 4.15385
2 4.07692
1 4.07692
1 5
2 5.61538
2 6.53846
1 3.23077
2 5.46154
1 6.92308
3 5.38462
1 4
1 5.30769
1 4.38462
3 4.84615
4 6.23077
1 4.30769
1 3.69231
3 4.84615
5 6.23077
4 5.53846
1 4.15385
1 4.46154
1 5.46154
3 5
1 5.92308
1 5.23077
1 5.23077
1 5
2 4.23077
1 4.76923
3 4.07692
2 4.84615
1 3.38462
3 3.69231
1 4.61538
1 6.76923
3 5.84615
3 3.69231
2 5.07692
2 4.15385
3 5
3 4.84615
3 3.92308
1 3.38462
3 3.84615
2 3.69231
4 4.07692
2 4.15385
2 4.15385
2 4.23077
1 4.61538
1 5.38462
1 4.07692
2 5.61538
2 4.92308
2 4.69231
2 4.76923
1 4.07692
2 4.23077
1 4.46154
3 3.84615
2 3.76923
1 6.46154
2 5.07692
2 3.69231
3 4.84615
1 3.76923
3 5.15385
2 3.69231
2 4.30769
2 4.61538
1 4.38462
1 5
1 4.46154
1 5.76923
2 6.23077
2 4.53846
2 6.53846
1 4.30769
2 3.53846
2 2.92308
1 4.46154
2 5
2 6.38462
3 4.53846
1 3.38462
1 3.84615
3 4.53846
3 5.84615
1 4.76923
1 3.76923
2 3.07692
1 4.30769
2 4.69231
1 7.23077
1 4.46154
2 4.15385
2 6.15385
3 3.69231
1 3.30769
2 4.84615
1 4.38462
3 4.84615
2 5
2 5
1 4.15385
1 4.76923
2 6.07692
2 4.76923
1 3.84615
3 5.61538
1 5
2 5
1 5.61538
4 4.61538
1 3.23077
2 4.38462
2 6.30769
1 3.76923
2 4.30769
2 4.69231
1 4.23077
1 6.61538
1 5
2 3.69231
1 4.53846
2 4.30769
2 4.30769
1 3.15385
2 4.30769
1 3.46154
2 5.69231
1 4.15385
1 5.38462
3 5.23077
3 6
2 5
2 5.07692
2 6.15385
2 3.69231
1 4.30769
2 3.07692
1 4.30769
3 4.30769
1 4.92308
3 4.69231
2 5.38462
3 5.15385
1 5.38462
4 5
3 3.53846
2 5.23077
1 5
1 4.23077
1 3.69231
2 5.53846
1 5.23077
1 4.53846
2 5.30769
3 6.23077
1 3.92308
2 4
2 5.07692
2 5.07692
2 3.23077
2 4.69231
1 2.69231
5 4.07692
2 3.61538
2 5.69231
2 3.15385
2 4.53846
2 5.61538
2 5.46154
2 4.61538
2 3.84615
2 4.46154
2 4.61538
1 5.92308
1 2.61538
1 5.38462
1 4.38462
3 5.15385
2 3.61538
1 7
3 4.23077
2 3.30769
2 4.61538
1 4.69231
1 2.53846
3 4.84615
2 6
1 3.69231
2 4.07692
1 4.38462
1 4.92308
2 3.46154
1 5.23077
2 4.46154
1 6
1 6.07692
1 5.92308
1 4.69231
1 5.23077
1 4.30769
1 4.69231
2 3.53846
3 3.69231
1 4.69231
2 4.69231
1 4.23077
2 4.92308
2 4.07692
1 4.92308
2 4.69231
2 2.76923
3 4.30769
3 4.53846
3 4.61538
2 3.61538
3 5.46154
3 5.23077
2 5.76923
2 3.46154
2 7.61538
2 3.84615
2 4.69231
1 3.76923
2 4.07692
2 3.30769
2 3.69231
2 3.30769
2 6.07692
2 5.30769
2 5.23077
2 4.07692
1 4.84615
1 4.15385
1 4.38462
2 6.38462
2 4.53846
2 5.46154
2 3.92308
2 8.61538
1 3.76923
2 6.76923
1 3.15385
2 5.30769
2 7.15385
1 4.61538
3 5.23077
1 5.23077
1 5.23077
1 5.61538
2 6.23077
2 5.23077
4 3.84615
2 5.23077
1 4.30769
3 4.15385
1 5.38462
1 5.30769
1 4.69231
2 3.23077
4 5.69231
2 3.92308
2 5.46154
2 3.92308
2 6.38462
3 4.07692
2 4
2 4.15385
1 4.23077
4 4.30769
3 4.76923
2 3.46154
1 4.23077
3 4.53846
4 3.46154
2 4.15385
1 3.53846
2 5.53846
1 7.07692
5 5.15385
2 3.38462
2 3.46154
2 4
1 4.30769
2 4.69231
3 2.92308
2 4.61538
2 4.69231
1 4.53846
1 5.15385
1 4.92308
1 4.30769
3 4.84615
1 5.61538
2 4.23077
1 4.46154
1 4.38462
2 4.30769
2 3.46154
2 6
2 5.84615
5 5.92308
3 3.61538
1 4.92308
2 4.30769
1 5.84615
2 6.30769
1 5
2 5.61538
1 4.46154
3 4.23077
3 3.38462
3 4.69231
3 4.15385
1 5.15385
2 5.30769
3 4.15385
2 6.23077
2 4.07692
2 4.30769
2 4.53846
1 4.46154
2 4.07692
2 4.92308
2 4.84615
3 5.07692
1 6.53846
2 6.07692
2 4.07692
1 3.38462
2 5.15385
2 3.84615
2 5.46154
2 4.53846
2 3.92308
2 4.69231
2 2.69231
2 4.92308
3 5.84615
6 5.15385
1 4.61538
2 4.69231
2 5.15385
2 5.15385
2 3.46154
1 5.30769
2 4.30769
2 4.30769
2 4.23077
2 3.07692
1 5
2 5.30769
1 4.30769
3 6.84615
2 4.46154
2 4.53846
2 4.69231
2 7.84615
2 5.38462
3 6.23077
3 4.92308
2 5.92308
1 4
1 4.76923
1 4
3 4.69231
4 5
3 3.69231
1 6.07692
1 5.92308
1 4.30769
1 5.92308
3 6.38462
1 4.61538
2 3.61538
2 4.38462
3 4.30769
2 3.69231
2 4.38462
2 4.38462
1 5.46154
2 4.92308
3 3.23077
1 3.76923
2 3.61538
2 4.61538
2 3.61538
4 6.76923
2 4.61538
4 3.92308
3 4.76923
1 4.07692
3 4.07692
2 4.30769
1 3.07692
4 3.61538
1 4.76923
2 4.38462
1 4.69231
2 5.07692
2 3.84615
2 4.15385
1 4.07692
1 6
2 4.23077
2 6.07692
1 4.15385
2 3.84615
2 4.76923
1 5.61538
2 2.84615
3 3.15385
2 4.07692
2 4.53846
1 4.84615
1 6.38462
2 5.38462
2 3.15385
2 3
3 3.92308
2 4.15385
2 4.46154
1 4.92308
2 5.15385
1 4.69231
1 5.61538
1 4.46154
2 4.69231
1 5.92308
2 3.38462
1 4.53846
2 4.76923
2 3.07692
1 5.30769
2 4.15385
3 5
2 4.76923
2 3.46154
2 5.46154
2 3.84615
3 4.84615
5 6
3 3.38462
2 4.38462
5 3.53846
2 5.38462
2 4.15385
1 5.23077
2 4.92308
1 4.69231
2 5
2 6.61538
2 4.30769
1 5
2 4.76923
1 4.76923
4 4.76923
1 4.84615
2 5.61538
1 3
2 4
1 3.23077
2 3.23077
3 4.38462
2 4.38462
2 4.61538
2 4.69231
2 4.76923
2 3.30769
1 3.61538
1 4.23077
2 4.84615
3 4
2 4
6 6
1 4.76923
2 4.46154
2 4.07692
2 6.92308
1 4.84615
1 3
2 4.38462
2 4.69231
1 3.76923
1 4.69231
2 4.30769
3 4.23077
1 4.69231
1 5.92308
1 5.61538
6 4.07692
2 5.61538
1 5.61538
1 4.07692
2 5.15385
2 4.15385
2 4.23077
2 7.76923
1 4
2 5.76923
2 4.38462
2 5.53846
2 4.38462
2 4.07692
2 4.30769
2 5.76923
1 5
2 4
2 6.61538
1 5.61538
2 3.61538
3 3.30769
2 5.07692
1 6.15385
1 3.84615
1 4.46154
2 5.61538
1 3
3 4.92308
3 3
2 2.76923
1 4.69231
1 3.92308
3 6.84615
1 4.92308
5 4.69231
2 4.07692
1 5
2 4.38462
2 5.38462
3 5.61538
1 3.30769
3 3.92308
3 4.92308
2 4
1 5
3 3.61538
2 4.76923
4 3.53846
2 4.84615
2 3.53846
1 6.38462
1 5.23077
1 3.61538
1 4.76923
2 6.30769
3 4.46154
2 4.92308
2 5.07692
3 4.84615
2 3.61538
3 4.69231
1 4.76923
1 3.23077
3 5.69231
2 4.46154
3 5.38462
1 4.46154
2 4.38462
1 3.61538
2 5.23077
1 3.84615
1 4.46154
2 3.76923
1 3.53846
2 3.69231
2 4.84615
1 4.53846
2 5.92308
2 5.23077
2 3.69231
3 5.07692
1 4.30769
2 4.92308
1 3.92308
3 4.46154
3 4.30769
2 4
2 4
5 4.69231
2 3.46154
3 4.92308
2 4.84615
2 3.30769
1 3.69231
3 3.46154
2 5.84615
4 4.30769
2 5.69231
2 5.69231
2 4
2 4.07692
4 4.38462
2 6.07692
1 5.07692
3 3.92308
2 3.69231
3 4.53846
2 5.23077
3 3.46154
2 7.84615
2 5.15385
2 4.30769
3 3.76923
1 8.23077
3 4.30769
4 5
3 4.38462
2 5.38462
2 4.76923
1 4.23077
3 3.84615
2 5.61538
3 4.30769
1 4.46154
2 3.76923
2 5.84615
2 3.46154
2 2.61538
2 4.38462
2 4.69231
2 2.84615
1 3.15385
1 3.38462
2 5.61538
3 4.07692
2 3.30769
1 3.92308
2 3.46154
2 5.07692
3 7.07692
4 5.30769
4 4.53846
3 4.30769
1 5.61538
2 4.38462
1 5.92308
1 4.15385
3 4.30769
4 4.92308
3 5
2 3.69231
2 3.69231
2 4.15385
3 4.69231
2 3.53846
1 3.69231
2 4.30769
2 5.84615
4 4.92308
2 5.07692
2 8.46154
2 4.23077
2 4.46154
1 3.84615
2 3.84615
3 3.76923
2 3.84615
3 6.30769
1 3.92308
1 5.23077
2 5.15385
2 2.92308
1 4
3 3.92308
2 4.38462
3 4.23077
3 3.76923
2 4.69231
3 4.30769
1 5.07692
3 3.61538
1 6.53846
3 3.53846
1 3.53846
2 3.61538
2 6.23077
1 5.30769
2 5.46154
3 3.76923
2 5.23077
3 4.92308
3 5.30769
1 4.76923
2 3.76923
1 6.23077
2 2.46154
4 4.15385
2 4.76923
3 5
2 4
2 5.84615
1 5.84615
2 3.30769
2 3.84615
2 3.69231
1 3.61538
1 5.84615
3 3.92308
2 5.38462
4 4.76923
3 3.69231
2 3.15385
2 4.38462
6 6.23077
3 4.46154
1 3.23077
3 5
3 3.15385
2 4.84615
1 4.76923
3 3
1 4.69231
2 7.23077
4 5.30769
2 3.23077
1 4.38462
2 3.92308
3 6.30769
2 4.84615
1 5.92308
2 3.69231
3 4.46154
1 4.61538
1 3.76923
3 5.92308
2 4
1 4.46154
2 3.69231
1 4.30769
2 4.61538
2 5.84615
3 4.23077
1 3.76923
4 4.30769
2 5.07692
2 4.30769
2 3.46154
1 4.30769
3 5.61538
3 4.07692
1 4.46154
2 5.53846
1 3.69231
2 4.84615
2 3.61538
2 4.46154
3 5.30769
2 4.23077
1 3.46154
1 3.69231
4 4.84615
1 4.15385
1 4.38462
1 4.76923
1 4.69231
1 3.92308
4 3.15385
3 3.84615
2 5.15385
1 3.69231
2 4.61538
1 3.53846
2 3.69231
3 7.61538
2 5.69231
2 5.38462
1 2.69231
2 4
1 5.53846
1 3.92308
3 4.53846
3 5.46154
1 3.23077
2 4.30769
2 5.23077
2 5.15385
2 3.92308
1 6.07692
2 5.30769
4 5.61538
2 3.76923
1 3.84615
3 3.30769
2 3.92308
2 4.61538
3 5.69231
2 4.38462
3 6.61538
2 4.46154
2 4.61538
2 6.07692
3 7.38462
3 3.07692
1 6.15385
3 4.38462
2 3.69231
1 4.15385
2 4.15385
2 3.69231
2 3.76923
1 4.15385
2 4.46154
2 5
2 4.30769
4 3.69231
1 4.30769
3 5.23077
3 6.38462
2 4.76923
4 6.84615
2 4.07692
2 4.23077
4 4.46154
2 5.61538
4 4.46154
5 4.53846
1 4.76923
2 4.46154
4 5.30769
2 5.15385
3 5.61538
3 4
3 4
5 6.84615
3 4.53846
3 4.30769
4 5.07692
2 3.61538
2 2.92308
2 5
2 5.15385
2 4.30769
2 4.07692
2 4.61538
4 5
2 5.15385
2 4.15385
1 5.53846
3 4.69231
2 6.07692
1 5.30769
2 4.23077
1 6.23077
2 3.84615
2 4.53846
2 4.53846
3 3.69231
3 4.61538
2 2.30769
1 6
3 4.46154
4 5.07692
2 4.76923
2 5.30769
2 3.76923
2 5.53846
3 5.30769
1 5.15385
3 3.69231
3 4.69231
2 4.46154
2 5
2 2.53846
2 3.76923
1 5.30769
2 4.53846
2 4.23077
1 4
2 4.46154
2 5.23077
1 5.46154
1 6.53846
2 4.84615
1 4.76923
1 3.84615
1 5.38462
3 4.30769
2 4.61538
2 4.53846
2 3.30769
2 4.38462
1 4.69231
2 3.30769
2 5.30769
3 6.07692
2 4
2 4.46154
2 4.38462
2 3.23077
1 6.38462
2 3.46154
2 4.53846
3 4.23077
2 5.23077
1 5.46154
2 4.53846
1 4.53846
2 3.61538
3 5
2 4.46154
3 4.38462
1 3.69231
3 6.92308
3 4.23077
3 4.69231
2 4.92308
2 4.15385
3 5.38462
2 6.38462
2 4.61538
1 3.53846
1 2.76923
2 4.92308
1 4.61538
2 3.30769
1 3.61538
2 3.38462
2 3.69231
3 3.76923
3 3.61538
2 5.92308
2 6
2 3.53846
4 4
2 4.07692
2 4.84615
2 5.15385
2 5.46154
1 3.61538
2 5.61538
2 3.69231
5 5.53846
1 4.30769
2 5.23077
1 5.23077
4 5.38462
1 3.76923
2 3.92308
2 6.84615
2 6.23077
2 4.69231
2 8.76923
3 5.23077
3 4.84615
2 6.30769
2 7.23077
2 4
4 5.30769
3 4.53846
2 4.30769
2 5.46154
4 4.69231
1 5.30769
4 4.92308
4 4.69231
2 4.23077
2 5.07692
1 4.61538
2 3.76923
4 4.92308
2 5
2 3.07692
2 3.69231
2 4.30769
2 3.76923
3 3.69231
3 6.07692
1 5.76923
3 3.15385
2 5.76923
4 6.84615
2 4.53846
2 2.69231
2 5.23077
3 5.23077
2 4.61538
1 5.92308
2 5.61538
3 5.30769
3 3.69231
1 4.53846
5 3.15385
1 4.07692
2 5
4 4.92308
2 5.23077
2 4.92308
3 4.92308
2 5.92308
2 4.30769
2 5.84615
3 3.30769
3 4.30769
2 6
2 5.30769
4 4.23077
2 4.30769
2 4.84615
3 3.15385
2 3.69231
3 5.07692
4 3.15385
3 4.92308
2 5.69231
1 4
2 3.30769
2 5.38462
2 3.69231
2 3.07692
2 5.30769
2 4.46154
2 4.53846
4 4.46154
1 4.38462
4 5.69231
1 4.76923
2 3.38462
2 5.76923
2 2.76923
1 4.92308
1 3
3 4.84615
1 4.61538
2 3.30769
2 5.30769
2 4.46154
3 3.69231
3 6.61538
2 5.92308
2 4.30769
1 4.53846
5 4.92308
4 5.30769
2 5.30769
3 3.69231
5 3.07692
1 5
3 4.92308
2 3.92308
2 5.15385
2 3.46154
1 3.84615
2 5.30769
1 4.30769
2 4.38462
2 4
1 3.92308
2 5.92308
3 4.92308
2 4.92308
3 6.92308
3 5.38462
2 4.38462
3 3.84615
2 5.69231
1 2.92308
3 4.53846
1 4.84615
1 3.92308
2 6
7 6.23077
3 5
3 4.76923
2 3.61538
4 5.84615
2 3.30769
1 4
4 3.92308
2 4.38462
4 8.07692
2 4.61538
3 5.61538
2 6.84615
3 4.46154
3 5.23077
3 5.61538
2 4.92308
2 4.30769
2 6.07692
3 3.69231
3 4.84615
1 4.15385
2 4
3 4.30769
3 4.53846
1 5.23077
3 4.30769
4 5.76923
3 6.84615
3 4.53846
3 4.38462
1 5.84615
1 5.61538
3 4.84615
3 4.38462
2 3.30769
2 4.30769
3 5
3 4.69231
2 6.23077
2 4.76923
3 3.30769
2 4.07692
2 3.61538
2 4.38462
2 3.76923
6 5.53846
1 4.30769
5 3.07692
2 5.92308
1 4
2 5.38462
5 6
2 4.38462
1 5.07692
2 3.38462
1 5.76923
2 4.76923
2 4.84615
3 7.76923
2 5
2 4.69231
2 5.07692
3 3.30769
1 3.92308
3 3.61538
2 3
2 3
2 4.23077
1 6.46154
4 4.61538
3 5.69231
2 5.30769
3 5
2 5
2 5.53846
2 4.23077
3 5.53846
2 3.61538
4 4.07692
2 5.76923
2 3.38462
1 6.30769
2 5.46154
2 6.23077
3 4.30769
2 6.23077
2 4.07692
1 6
2 6.07692
3 4.46154
5 4.15385
1 4.15385
3 5.23077
1 4.53846
4 4.38462
3 3.07692
3 4
2 4.15385
1 7.23077
1 6.15385
3 5.23077
3 3.76923
2 7.76923
2 6.30769
1 3
2 3.61538
1 3.38462
2 4.46154
2 5.76923
3 5.15385
1 4
2 4
2 3
3 5.53846
4 3.61538
3 4.38462
4 3.23077
1 5.92308
2 5.61538
2 4.38462
2 3.53846
4 5.38462
2 3.46154
1 5.15385
2 6.38462
1 4.84615
2 5.30769
3 5.84615
3 4.69231
3 4.76923
2 6.23077
3 4.23077
3 4.46154
3 4.38462
2 3.30769
3 4.69231
2 5.30769
2 3.46154
4 3.69231
2 4.46154
3 3.69231
2 3.46154
2 6.30769
2 5.53846
2 3.76923
3 3.84615
2 4.69231
2 4.23077
2 4.76923
1 4.23077
3 4
3 4.53846
4 6.07692
4 4.53846
3 5.38462
2 5.30769
4 5.38462
1 5.07692
4 4
3 6.38462
2 5.69231
1 3.23077
3 6.53846
2 4.23077
3 5.15385
2 4.69231
1 6.15385
1 4
1 4.38462
2 5.92308
3 4.69231
3 4.38462
3 8.30769
2 3.92308
2 3.92308
4 4.46154
2 2.30769
3 3.46154
1 4
1 4
2 8.84615
2 3.76923
4 6.23077
2 5.15385
2 4.15385
3 4.69231
2 5.46154
3 5.07692
2 4.07692
2 6.38462
2 5.07692
3 4.30769
2 7
2 3.69231
1 3.84615
2 4
4 5
1 3.69231
2 5.76923
4 5.30769
1 5.69231
2 5.23077
4 4.69231
1 4
2 5.61538
1 3.07692
4 2.76923
3 4.69231
3 3.76923
3 3.84615
1 5.61538
3 3.61538
2 4.76923
3 4.69231
3 6.30769
2 3
3 5.46154
3 6.92308
2 3.46154
3 3.92308
3 3.69231
2 3.46154
2 6.23077
2 4
4 4.69231
1 3.07692
2 4.61538
2 5.38462
2 4.76923
1 5.38462
2 3.69231
4 4.23077
1 6.07692
2 4.15385
2 4.15385
2 3.15385
2 3.23077
3 5.15385
2 4.61538
3 4.38462
2 4.61538
4 3.76923
2 3.76923
2 4.46154
2 2.84615
2 4.69231
2 3.92308
1 5.23077
3 2.84615
3 4.23077
2 3.61538
3 4.53846
3 4.23077
3 4.38462
4 4.84615
1 5.92308
4 4.69231
1 4
2 2.61538
3 7.38462
2 2.92308
2 4.92308
2 4.23077
4 4.15385
1 4.69231
2 4.30769
2 4.23077
1 3.92308
3 5.84615
3 5.46154
2 3.84615
2 4.15385
3 3.69231
2 5.53846
2 5.38462
2 5.53846
2 2.46154
4 4.30769
2 4.76923
3 4.69231
2 3.46154
4 2.92308
1 3.69231
2 3.46154
4 4.46154
4 3.69231
2 5.46154
2 4
1 4.76923
2 4.15385
3 5.53846
4 5.46154
2 3.76923
1 3.61538
2 4.76923
2 4.38462
3 4.69231
2 4.38462
1 4
3 4.92308
1 3.23077
2 6.61538
3 4.30769
2 5.15385
2 3.76923
3 3.30769
2 5.61538
1 5.07692
3 3.53846
2 5.07692
2 3.46154
2 4.46154
3 5.46154
4 6.38462
3 6.23077
1 3.92308
1 3.92308
2 4.07692
3 4.30769
2 5.07692
2 2.76923
2 4.07692
2 4.92308
2 5.23077
2 5.61538
4 4.61538
3 6.07692
3 4.30769
2 4.92308
3 4.38462
3 2.92308
2 4
2 3.76923
2 3.76923
3 5.07692
2 3.61538
2 5.61538
2 4
2 5.76923
2 4
3 4
3 3.53846
2 5.30769
2 4.38462
3 2.84615
2 4.38462
2 3.69231
2 7.30769
1 6.07692
2 3.84615
3 4.53846
3 4.46154
3 4.15385
2 6.46154
1 5
2 3.76923
2 5.15385
2 4.46154
3 5.30769
2 6
2 5.38462
4 2.92308
1 4
2 3.46154
2 3.76923
2 5.07692
2 4.61538
3 5.23077
2 5.23077
4 5.46154
4 2.53846
2 3.84615
3 3.61538
2 4.92308
2 3.61538
2 2.69231
3 4
2 4.23077
3 3
2 6.23077
2 3.38462
3 4.23077
2 4.15385
2 4.38462
2 6.23077
1 5.61538
4 4.30769
3 4.61538
3 4.46154
2 3.76923
2 3.38462
2 5.76923
1 2.69231
2 7.84615
2 7.84615
2 4.07692
2 6.53846
2 5.84615
2 3.46154
3 3.53846
3 5
1 4.76923
5 7.23077
4 6.61538
2 4.92308
2 4.15385
2 4
2 3.92308
3 4.53846
5 3.69231
2 4
3 3.76923
3 5.92308
3 3.23077
3 4.53846
1 3.61538
4 3.69231
4 3.76923
5 6.07692
6 4.15385
2 5
3 4.84615
2 3.76923
3 2.92308
4 2.30769
5 3.69231
3 7.23077
2 5.23077
2 5.84615
1 5.07692
2 4
3 4.69231
3 6.69231
3 3.84615
3 4.61538
2 2.23077
3 4.61538
2 5.23077
2 3.84615
1 3.69231
5 3.69231
2 4.30769
2 4.69231
3 5.92308
3 3.92308
2 4.53846
4 5.30769
4 3
2 8
1 8.76923
2 3.30769
2 3.92308
2 5.92308
2 4.69231
3 3.84615
2 3.23077
4 3.84615
3 5
2 6.84615
4 4.23077
2 4.15385
1 6.30769
2 4.76923
2 3.61538
3 5.23077
2 5
2 3.53846
2 3.15385
2 4.46154
4 4.15385
3 5.92308
2 4.76923
2 5.92308
3 4.92308
2 2.69231
4 3.92308
2 4.61538
2 3.46154
3 5.46154
2 3.61538
2 4.15385
2 3.23077
3 3.53846
3 4.38462
3 3.61538
2 7.23077
4 4
2 3.46154
4 3.53846
3 5
2 4.46154
3 3.69231
3 4.46154
5 4.61538
1 4.15385
2 3.07692
2 5.30769
4 3.84615
3 5
2 5.15385
2 3.38462
2 5.07692
2 4.38462
3 4.30769
1 4.61538
1 3.84615
3 3.61538
2 4.30769
1 5.30769
2 2.92308
1 5
2 5
2 5
2 4.53846
4 5
2 5.23077
3 4.38462
3 4.76923
2 3.46154
3 3.61538
2 4.84615
2 3.30769
2 5.07692
4 3.61538
3 4.46154
2 4.38462
2 4
4 6
3 3.07692
2 4
2 4.15385
2 4.84615
2 4.61538
2 4.23077
2 4.38462
5 4
2 4
2 4.30769
3 4.76923
4 4.84615
2 6.76923
3 5.61538
2 3.38462
3 4.23077
3 5.61538
1 4.84615
4 6.69231
2 4.61538
3 4.38462
1 5
2 2.84615
1 3.46154
5 4.30769
2 4.46154
3 4.46154
2 4.07692
6 4
2 3.92308
2 5.30769
2 5.07692
4 5
2 3.84615
3 5.61538
2 5
2 5
5 3.76923
4 3.38462
1 4.76923
2 4.76923
3 5.07692
5 6.61538
2 5.15385
3 4.46154
2 5.23077
4 5.92308
2 3.46154
3 4.38462
2 3.46154
3 3.84615
2 5.53846
2 5.38462
2 3.38462
2 5
4 4.61538
3 3.84615
2 4.23077
4 3.69231
1 3.92308
3 5.15385
3 4.92308
2 5.38462
4 3.69231
1 2.23077
3 3.76923
5 3.69231
4 4.38462
4 4.15385
2 4.30769
1 3.30769
3 4.23077
2 5.07692
2 5.76923
1 3.46154
3 4
4 5.92308
3 4.46154
2 3.46154
2 4.76923
3 4.84615
2 4.76923
3 5.30769
3 3
3 4.92308
6 7
2 4.61538
3 4.46154
3 2.84615
3 4.69231
3 6.23077
2 4.23077
2 5.38462
1 4.69231
3 5.15385
2 4.69231
3 3.23077
4 3.53846
2 3.15385
2 5.38462
2 4.38462
2 5.15385
3 5
3 4.92308
2 5
2 3.69231
3 3.46154
5 4.76923
6 3.15385
2 4.61538
2 3
2 7.84615
3 7.07692
2 4.84615
2 4.76923
2 3.61538
2 6.15385
3 4.53846
2 4.92308
2 5
2 4.07692
3 3.84615
3 3
6 4.07692
3 3.15385
2 4.76923
4 4.30769
3 2.61538
5 3.30769
3 4.84615
2 3
2 3.76923
2 3.53846
2 4.76923
2 3.53846
2 3.61538
2 3
3 4.46154
4 8.30769
3 2.92308
2 3.23077
2 4.53846
4 3.30769
1 3.07692
3 4
2 4.30769
2 5.30769
3 4.69231
2 5.23077
2 3.46154
2 4.15385
2 5.61538
4 4.46154
3 3.07692
2 5.30769
3 4.61538
2 3.84615
3 5.30769
2 3.92308
4 8.76923
2 5.46154
3 4.92308
2 4.38462
5 5
6 5
3 4
4 3.84615
2 3.61538
2 4.23077
3 6.30769
4 3.69231
3 4.76923
2 3.69231
3 4.07692
3 5
2 4.84615
2 5.61538
2 7.07692
3 3.30769
5 4.61538
2 5
4 4.92308
3 7.30769
3 7.84615
2 4.07692
2 6
5 4.84615
2 5.46154
2 6
2 4.46154
3 5.07692
4 4.23077
2 3.15385
2 4.38462
3 5.92308
2 5.76923
2 5.92308
2 4.92308
3 2.92308
6 4
3 5.23077
3 5.92308
2 4.92308
3 5.07692
2 6.92308
2 3.92308
3 6
2 4.61538
3 6.92308
2 5.92308
3 6.30769
3 5.76923
3 4
2 4.53846
2 4.23077
2 4.23077
2 4.38462
2 5.69231
3 6.07692
3 6.07692
2 4.38462
2 4.30769
4 3.92308
2 5.38462
4 3.76923
3 4.84615
3 3.76923
3 4.30769
2 3.38462
3 3.61538
2 4.38462
4 4.30769
3 3.30769
2 4.30769
2 5.23077
2 5
3 4.38462
3 3.30769
2 2.84615
3 3.53846
2 5.07692
3 5.30769
2 4.92308
3 4.61538
6 5.61538
2 5
2 3.92308
2 4.15385
4 5.61538
2 6.61538
3 4.30769
2 3.92308
5 6
2 5.15385
3 4.61538
2 4.46154
2 5.30769
5 3.61538
2 3.92308
3 4.07692
2 7
2 4.46154
2 3.92308
2 3.84615
2 4.38462
2 5.07692
3 5.92308
2 3.07692
3 5.15385
2 4
2 4.76923
3 4
2 3.92308
2 3.30769
2 4.61538
2 4.30769
2 5
