1 1.81863
1 1.96732
1 2.45588
1 2.28922
1 1.92974
1 2.12255
1 2.68627
1 2.14379
1 2.61111
1 2.19608
1 2.62745
1 1.91667
1 2.06209
1 2.11765
1 1.88235
1 2.48039
1 1.89379
1 2.89052
1 2.08007
1 1.96078
1 2.4232
1 2.54902
1 3.28922
1 1.96569
1 2.03922
1 1.94935
1 2.19935
1 2.33987
1 1.97549
1 1.89706
1 2.62908
1 2.2598
1 2.88235
1 1.92157
1 2.72712
1 2.13235
1 1.97059
1 2.79085
1 2.14706
1 1.89869
1 1.98203
1 2.25
1 2.03758
2 2.23203
1 2.01471
1 2.1732
1 2.06046
1 2.53758
1 2.4085
1 2.01797
1 2.06536
1 2.22712
1 2.38072
1 1.90359
1 2.03922
1 1.96895
1 2.06863
1 2.08987
1 2.18301
1 1.91503
1 2.06536
2 1.80719
1 2
1 2.3268
1 2.55392
1 2.77614
1 1.91503
1 2.06373
1 2.09804
1 2.0768
1 2.43301
1 3.05392
1 2.23366
1 1.96569
1 1.79085
2 2.0768
2 2.53105
1 1.96405
1 1.89052
1 1.96405
2 2.28431
1 1.77614
2 2.11601
1 2.74673
1 2.06863
1 2.08987
1 1.68301
1 2.21895
1 2.73366
2 1.97222
1 2.89379
1 1.96242
2 1.96078
1 2.42647
1 2.51797
1 3.28268
1 2.95098
1 1.96405
1 2.44935
3 1.98039
1 2.72876
1 2.13072
2 2.21895
1 2.56046
1 2.38562
1 2.22059
1 3.08497
1 2.22876
1 1.96569
1 1.89216
2 2.19444
1 1.78595
1 2.05392
1 2.11765
1 2.10131
1 1.99837
1 3.22712
1 2.23529
1 2.88399
1 2.52451
1 2.20098
1 2.03431
1 1.95915
1 2.46569
3 2.4281
1 1.95425
1 2.01634
1 1.86601
1 1.95098
1 2.54902
1 2.30556
2 2.05229
1 2.28431
1 2.15686
1 2.33007
1 2.13072
1 2.03431
1 1.91176
1 2.55392
2 2.07843
1 1.85131
1 1.9183
1 2.09804
1 2
1 2.4281
1 1.80229
1 1.78922
1 2.04902
1 1.96895
1 1.89379
1 1.96242
2 2.37908
2 1.86928
1 2.95425
1 2.06536
1 1.93627
2 2.08497
1 2.78268
1 2.14216
1 1.93954
1 2.00817
1 2.00817
1 2.14379
1 1.93137
1 2.05392
1 2.49183
1 2.21732
1 2.06536
2 1.89052
1 1.96242
1 2.12908
1 2.22059
1 2.06046
1 1.98529
1 2.8366
1 3.86275
1 2.01797
2 3.03922
1 2.31536
1 2.00163
2 2.08497
2 1.84804
2 2.54575
1 1.9281
1 2.07026
2 2.18954
2 2.86275
2 2.47549
1 1.98529
1 1.93791
1 1.97549
3 2.01307
1 2.12908
1 2.05882
1 2.37745
2 1.89052
2 2.02124
1 2.8219
1 1.98693
1 2.80556
1 2.74183
1 2.05392
1 2.14379
1 1.84314
3 2.13072
1 2.49837
2 2.06046
2 2.02124
1 2.26144
2 2.01961
1 2.12092
1 2.14542
1 2.2549
1 1.96078
2 3.46569
1 2.41176
2 1.72059
1 2.11438
1 2.37908
1 1.98529
1 2.10294
2 2.03922
3 1.98856
1 2.34477
1 2.50327
1 2.13399
2 2.48529
2 2.08987
1 2.31536
1 2.04902
1 2.76797
2 2.52614
1 2.06046
3 2.19608
1 2.12908
2 1.95588
2 2.00163
1 2.06863
1 1.98039
1 2.50817
1 2.15196
2 1.94935
2 1.88072
1 2.12418
1 1.85294
1 1.84477
1 1.99837
2 2.52941
2 1.85948
1 2.14379
1 1.73366
1 2.48203
1 2.14216
2 2.08987
1 2.01634
2 2.83007
1 1.98693
1 3.55229
1 1.80556
2 1.93791
1 2.11601
2 2.01144
1 3.02778
2 1.99837
1 2.13399
1 3.56536
1 2.30392
2 2.51471
2 1.83497
2 1.90196
2 2.23693
2 1.74183
1 1.81536
1 1.90523
1 2.16667
1 2.19118
2 1.96078
1 2.13725
1 2.05392
1 1.97876
1 2.11438
3 2.37418
1 2.15523
1 2.27451
1 1.98039
1 2.39052
1 2.07026
3 2.09314
2 1.93627
2 1.89542
4 3.4281
2 2.12418
1 2.31863
1 2.98203
2 1.92484
1 2.19935
1 2.34477
1 2.00327
1 2.03431
1 3.14869
3 2.09804
1 1.86111
1 1.99673
2 2.08333
1 2.4951
2 1.98693
1 2.14869
1 2.03431
3 2.06699
2 2.69118
1 2.94118
2 2.89379
1 2.11438
2 2.12092
1 1.96405
1 2.04575
2 1.89706
1 2.80556
1 1.95425
1 2.93791
3 2.55392
1 2.08333
3 2.70425
2 1.76797
1 2.29575
1 2.06209
1 2.00327
2 1.99673
2 1.91667
1 2.22549
1 2.55229
4 2.00817
1 1.89869
2 2.62745
1 1.96569
2 1.89869
2 2.02941
1 2.0915
2 2.16176
1 2.32843
2 2.76797
2 2.06699
4 2.60294
1 2.38889
1 2.6634
1 2.00163
1 2.16013
1 2.24346
1 1.78268
2 2.3219
2 2.2402
1 2.44771
1 2.23693
2 3.00817
2 1.87745
1 2.51471
2 3.12582
1 1.97222
1 2.12745
2 1.99346
2 2.09967
2 2.08497
1 2.22059
1 2.86275
2 2.02288
3 2.72059
2 1.80882
1 2.38399
1 1.91503
1 1.99183
2 1.77778
3 2.04575
1 2.16176
1 2.26471
2 1.94281
1 2.45588
1 1.89216
2 2.05065
2 2.20915
1 2.28105
3 2.55229
2 2.67484
2 1.98039
1 1.9134
1 2.21242
2 2.22222
1 2.04902
1 3.08987
1 1.98693
1 2.01307
1 2.56863
3 2.55882
1 2.37582
1 1.86438
2 3.86275
4 3.20261
3 2.51634
1 2.01961
2 2.23856
1 2.02288
1 2.13399
3 2.09967
1 2.21569
1 2.85948
2 2.52941
2 2.22549
2 1.94444
1 2.51144
2 1.86275
3 2.10621
1 2.16667
1 1.97222
2 2.10948
2 1.80392
1 1.9134
1 2.11275
2 2.05719
1 1.82353
2 1.98693
2 2.64869
2 2.16667
2 2.67157
1 1.95098
2 2.24346
2 1.9232
2 2.04412
1 1.97386
3 1.98856
3 2.23203
1 1.91667
1 2.05229
1 2.57843
2 1.94118
2 2.41176
2 1.97549
1 1.91503
2 1.86438
4 1.92974
3 2.03268
2 2.13072
2 2.01307
2 2.21242
2 2.19935
1 2.14542
1 2.19608
1 1.83007
1 1.97222
3 1.85621
2 2.96569
3 2.04085
1 2.05882
2 1.97059
1 2.05229
2 2.40523
2 2.15196
3 1.89379
2 2.41013
1 1.88235
2 2.27124
1 2.20425
2 2.10458
1 2.00654
1 2.43137
1 2.60458
2 2.03431
2 1.93954
4 3.35458
2 2.26961
3 1.93464
1 1.88235
2 2.21078
2 2.08824
1 2.14052
1 1.81536
1 1.95261
3 1.95098
3 1.83497
1 2.13235
2 2.02941
1 1.83007
3 2.15686
2 2.18464
1 1.96405
4 2.17647
2 2.44935
2 2.27288
1 1.84967
1 1.9085
2 2.34967
2 2.13889
2 1.91667
2 1.97549
2 2.16993
2 2.80556
3 1.87908
3 1.96078
1 2.81046
1 2.59804
1 2.47549
2 2.93627
1 2.13235
1 2.23856
1 2.11438
2 1.9232
4 1.94608
1 2.84641
2 1.83007
2 1.97549
2 1.84967
2 2.06046
1 2.22876
2 1.95588
3 2.07026
1 2.07843
2 2.08987
1 2.72549
3 1.88562
1 2.01634
2 1.92647
3 3.53105
2 2.10458
2 2.09477
1 2.12582
2 2.97386
1 1.80882
1 2.90686
3 1.89379
1 2.11111
1 2.76471
3 1.94935
3 1.85784
2 2.00654
4 2.9085
2 2.10294
1 2.98529
2 2.13399
1 1.95915
1 2.88562
4 2.32353
2 2.46732
1 2.56209
2 1.93301
2 1.90686
1 2.91013
3 1.98856
1 2.80882
1 1.92157
1 1.95752
3 2.10131
5 2.03431
3 2.03105
2 1.85948
1 1.97876
3 2.01471
2 2.00817
1 1.81046
2 2.24346
2 2.12255
3 2.81209
2 1.88889
2 2.2549
2 2.63072
1 1.87255
2 1.92974
1 2.61765
2 2.46242
1 1.91667
2 2.52124
2 1.98203
1 2.15686
2 1.89379
1 2.75817
2 2.28268
3 2.86438
2 2.03105
2 3.53758
2 2.10458
2 2.28268
1 2.22549
4 1.99346
1 2.14216
4 1.89379
1 1.86275
2 1.88399
4 1.86765
1 2.12745
3 2.56536
3 2.12418
2 2
2 3.01471
4 2.05719
3 2.40523
2 2.11111
1 2.05882
2 2.05719
2 2.31373
3 2.15359
2 2.02451
4 2.60948
3 2.14706
2 2.68464
3 1.91993
2 2.26471
2 2.15686
3 2.19444
3 2.45261
2 2.02941
3 1.82353
3 2.60458
3 2.20588
2 2.1732
2 2.02124
3 2.11765
3 1.94608
1 2.43137
1 1.76144
2 2.02124
4 1.88399
1 1.76797
2 2.42484
3 2.22386
4 3.53105
2 1.80719
2 1.81209
3 1.92647
3 2.92974
2 2.06373
4 2.59314
2 1.9902
2 2.19771
2 1.76961
3 2.39706
2 2.00654
1 1.96569
1 2.01797
2 2.1683
1 2.05392
3 2.11601
3 2.10948
4 2.07026
2 2.33987
4 1.94118
2 2.05392
3 1.95588
1 2.10294
1 2.21569
3 1.87908
2 2.41993
3 1.94608
1 1.95588
4 2.01471
2 1.96078
2 2.05229
5 2.38072
2 2.72059
2 2.31373
3 1.72549
1 2.12092
3 1.95098
2 2.31863
2 2.0719
3 2.06863
3 1.79248
2 2.04739
3 1.90523
4 2.64216
2 2.31536
2 2.06046
1 2.05719
3 2.15359
3 2.13072
2 1.86275
4 2.79902
2 2.4134
2 2.14706
2 2.23366
2 2.54739
3 2.09967
2 2.33007
3 1.74673
2 2.09477
2 1.93137
2 2.33007
3 1.84967
2 2.10131
2 2.81209
1 1.86601
4 2.09477
3 2.23203
3 2.04412
1 2.25163
2 2.14379
2 1.98366
1 2.16176
1 2.35621
5 2.50163
2 2.68301
4 1.97059
2 2.28431
2 2.00654
2 3.14216
344 1.60458
2 2.37908
2 2.26144
3 2.5719
3 2.88889
3 2.18954
2 1.9183
3 1.9183
2 1.98366
2 1.98856
3 1.95588
2 1.93301
2 2.40196
1 2.06863
3 2.44444
2 2.08497
2 2.42647
3 2.04085
2 2.27941
2 2.08987
3 2.3219
2 1.90359
4 2.77124
3 2
2 2.19281
3 2.35458
3 1.76471
2 1.96895
4 2.16503
3 1.98529
3 2.46078
5 2.77288
2 2.67484
2 2.06863
2 3.0866
3 3.52941
2 1.89542
2 1.95752
5 2.12255
3 1.99673
4 2.31209
3 1.90196
2 3.4085
3 2.14869
2 2.42157
3 2.04739
2 2.13235
4 2.00654
2 2.20425
4 2.12745
5 2.02124
2 2.16667
2 2.69608
3 2.10294
2 2.02124
4 2.12582
2 2.06863
2 2.31373
3 1.88725
3 2.04575
2 2.16667
