4 0.00272657
6 0.000555316
1 0
7 0.000569696
147 0.0139226
10 0.00477851
32 0.0154498
1 0
2 4.85067e-05
7 0.00171283
2 0.000540361
286 0.0408354
61 0.00430333
7 0.00581622
1 0
9 0.0161325
220 0.0114142
5 0.00540723
1 0
20 0.00874693
279 0.0388218
1 9.17711e-05
1 0
149 0.00591512
107 0.00345224
13 0.0055067
3 0.00198656
237 0.0175016
1 0
1 0.000790723
1 0
245 0.0114774
138 0.00325733
57 0.00399961
4 0.0018725
2 0.000288976
38 0.0250184
8 0.00411478
1 0
1 0
156 0.0110258
292 0.0171043
4 0.0103966
5 0.00392862
244 0.018177
241 0.017736
1 0
2 0.00246667
159 0.0064065
12 0.00490372
3 0.00175213
1 0
1 0
292 0.0396934
5 0.00668645
5 0.00235717
1 0
2 0.00191252
1 0.00128216
1 0
4 0.00329245
4 0.000800613
4 0.00108595
4 0.00144289
1 0
1 0
2 0.00170725
258 0.00771297
183 0.00690025
5 0
17 0.00772861
4 0
326 0.0202937
267 0.0108071
12 0.00725924
3 0
27 0.00483641
52 0.011533
2 0.000957908
18 0.00251684
15 0.00120238
218 0.00215268
15 0.00242793
13 0.00220763
17 0.00553609
3 0.000962001
2 0
1 0
4 0.00130981
206 0.00735544
6 0.000760629
8 0.00227076
229 0.00350719
1 0
1 0
37 0.000262794
134 0.003429
5 0.00389935
28 0.00103187
2 0.00012514
60 0.0112775
331 0.0185177
257 0.0199475
331 0.015541
218 0.00192212
2 0.000248818
336 0.0313646
1 0
1 0
58 0.00576835
1 0
4 0.00226814
4 0.00174634
1 0
1 0
2 0.000176902
17 0.00311161
184 0.0183002
2 0
1 0.000644425
2 0.00140521
14 0.0124815
88 0.00359216
1 0
1 0
4 0.00353155
5 0.00162288
1 0.000879765
1 0
1 0
5 0.00296324
1 0
3 0
168 0.00693316
1 0
3 0.00240697
2 0
1 0.00307833
1 0.00515029
5 0.00144271
1 0
102 0.00837988
1 0
15 0.00384195
209 0.0188041
202 0.0373601
197 0.0075765
33 0.00571014
8 0.00221612
1 0
7 0.00107127
1 0
197 0.00664655
1 0
4 0.000675013
1 0
2 0
45 0.00529199
192 0.00785257
13 0.00535981
5 0.00286294
10 0.00367963
1 0
9 0.00713169
1 0
155 0.00321878
3 0.00040015
4 0.0044623
1 0.000290847
3 0.000971454
1 0
1 0
8 0.00192167
2 0
3 0.00179005
157 0.00423601
1 0
1 0
3 0.0002405
11 0.00247875
1 0.000864251
1 0
1 0.0007026
2 0.0002405
292 0.0355355
8 0.00316449
2 0.00289274
3 0.00189317
24 0.00149933
14 0.00462417
1 0
7 0.00760099
3 0.00202912
2 5.55251e-06
7 0.00605046
10 0.00358815
1 0
2 0
1 0
3 0.000635451
5 0.000937507
19 0.00690961
42 0.00574123
2 0.000328778
1 0.000798894
286 0.0405166
1 0
6 0.00309215
4 0.000614185
5 0.00216402
8 0.00264337
126 0.00807379
165 0.0203881
7 0.00430289
1 0
2 0.000481116
1 0
4 0.0021729
2 0
76 0.0028319
4 0.00157719
1 0
11 0.00349833
105 0.00372506
109 0.00828521
14 0.00618165
197 0.0115982
88 0.00780222
237 0.0216945
6 0.00334985
8 0.00378345
1 0
4 0.00112158
2 0
91 0.00172434
1 0
9 0.00539445
47 0.000647229
18 0.00363226
278 0.0156196
5 0.000664947
6 7.52406e-05
296 0.0270183
9 0.000167617
1 0
1 6.08898e-05
1 0
29 0.00153978
7 0.000324711
12 0.00145365
239 0.00463397
247 0.00842268
161 0.00410273
2 0
258 0.0138495
1 5.09537e-05
226 0.0158116
287 0.00147309
1 0
268 0.00443076
294 0.0015075
285 0.00409081
18 0.000157261
298 0.00932468
13 2.22462e-07
23 0.000112123
1 0
292 0.00688905
4 0.000149842
1 0
1 0
15 0.000481339
12 2.22462e-07
33 0.00190314
10 2.22462e-07
41 0.00194339
11 2.22462e-07
327 0.0178502
30 0.00125283
3 0.00118302
32 0.00936134
8 2.22462e-07
20 0.000592132
306 0.00472408
6 2.22462e-07
2 0.00123097
286 0.0286106
5 2.22462e-07
21 0.0019172
9 2.22462e-07
7 2.22462e-07
4 2.22462e-07
17 0.000158935
327 0.0153282
51 0.00513123
20 0.000113294
3 0.00735813
23 0.00179024
45 0.0112661
290 0.000746927
32 0.00337057
298 0.0131895
3 0.00123752
1 0
37 0.00746837
2 0
5 0.011279
1 0
1 0.000134522
1 5.02453e-05
1 0
1 0
4 0.000489791
36 0.0182128
148 0.00142419
1 0
2 5.57912e-05
5 0.000176538
4 7.68229e-05
1 0
241 0.0165331
1 0
67 0.00333083
16 0.0016925
1 0
1 0
1 0
1 0
1 0
1 0.000774481
2 0
208 0.0161767
4 0.000240505
1 0.000656305
1 0
2 0.000516067
5 0.000481179
1 0
8 0.000492835
6 0.00106599
3 1.88255e-07
232 0.00588133
5 0.00073953
23 0.00985366
307 0.0252809
7 0.000240746
1 0
109 0.00281259
234 0.0108096
2 0
152 0.00472627
42 0.0265127
2 3.28942e-05
12 0.00657072
1 0.000317966
1 0
1 0.00295068
49 0.0207966
2 0.000766704
1 0
2 0.000125441
298 0.0262986
1 0
281 0.0272338
11 0.00332402
1 0
1 0
267 0.0252219
230 0.0144884
3 0.00201648
2 0.000686002
2 0.00970787
173 0.00902619
243 0.0180889
203 0.00880068
2 0.000854553
7 0.00182283
1 0
4 0.000942778
2 1.19928e-05
1 0
1 0
5 0.00137635
2 0.000396964
1 0
16 0.00787897
14 0.0039352
1 0
187 0.0109639
4 0.00671456
2 0
1 0
4 0.00387593
1 0
260 0.0241781
183 0.00551978
225 0.0119426
175 0.00893026
5 0.00181362
21 0.000523383
8 0.00244504
4 0.000269855
2 0
1 0
1 0.00107312
1 0
7 0.00110187
1 0
130 0.00633136
1 0
134 0.00820546
4 0.00116481
1 0
1 0
1 0
187 0.00473182
241 0.00686534
200 0.00992813
1 1.37181e-05
2 0
3 0
1 0
1 0.000168658
75 0.0039039
2 0
1 0
1 0
13 0.000403881
5 0.00285461
5 0.000196505
2 1.52618e-05
9 0.00262392
17 0.00241786
3 0.00148531
4 0.00675657
12 0.00175774
3 0.000769498
1 0
11 0.00357314
1 0
1 0
1 0
2 0
17 0.00107715
1 0
258 0.0092833
2 0
173 0.0054125
5 0.000552223
4 0.00067791
1 0
2 0
32 0.0206808
1 0.000733725
9 0.00187345
1 0
2 0.000409546
3 0.000344102
8 0.00369724
12 0.00186508
265 0.0257126
1 2.97911e-05
201 0.00739864
5 0.00180144
2 0.000618589
4 0.00116678
1 0
1 0
130 0.00606288
1 0
9 0.00434645
1 0
1 0
1 0
1 0
4 0.00800351
2 2.97787e-05
2 0.000481174
1 0
2 0
8 0.00455226
1 0
1 0.000129881
1 0
2 0
18 0.00172501
139 0.00326572
1 0.000185726
1 0.000664945
181 0.0098926
6 0
2 0.000759057
7 0
181 0.0107556
11 0.00295843
2 0.000952109
8 0
5 0
118 0.00586364
213 0.0172472
70 0.00327135
4 0
3 0
2 0
1 0.0028007
3 0.00170772
1 0
5 0.00140056
2 0.000248005
3 0.00230477
66 0.00390538
3 0.00192342
14 0.00405602
1 0.000501
1 0
2 0.00158342
1 0
163 0.00704597
17 0.00719243
269 0.0122725
3 0.000403654
9 0.0015833
5 0.00362469
2 0
1 0
5 0.000538022
1 0
235 0.00173389
173 0.00118661
1 9.39247e-06
1 0
5 0.00409303
1 0
220 0.0120853
3 1.74278e-05
2 1.44705e-08
186 0.0099615
1 0
241 0.0189941
6 0.00242461
288 0.0239694
2 5.55259e-05
200 0.00132515
5 0.000663913
1 0
4 0.00045245
1 0
1 0
2 0.00103467
3 7.71762e-08
7 9.32514e-06
1 0
1 0
194 0.0088249
1 0
2 0.000166683
1 0
1 0
1 0
6 9.42161e-06
1 0
1 0
7 0.00224196
2 0.000481116
12 0.00793546
2 0.00161964
4 0.00325936
3 0.00350805
2 0.000481116
1 0
102 0.00521481
1 0
298 0.0391881
174 0.00794451
1 0
1 0
6 0.00275933
76 0.00796876
1 0.000141009
1 0
2 0
1 0
7 0.00117949
186 0.00663598
5 0.000481116
1 0
3 0
2 0
18 0.00288468
1 0
1 0
1 0
1 0
10 0.00261891
9 0.00312192
3 9.73208e-05
1 0
1 0
2 9.31059e-05
1 1.53569e-06
3 6.51154e-05
199 0.00762808
1 0
1 0
1 0
121 0.00183911
1 0
3 0.000106817
2 0.000234648
8 0.00209903
18 0.000213919
2 0
1 0
1 0
2 0.000108398
13 0.00365244
2 0.00474696
4 3.19441e-05
104 0.000874718
1 0
4 0.000880783
2 0
111 0.00558678
37 0.0012731
1 0
14 0.00349988
10 0.00179495
1 6.99151e-05
6 0.00458544
2 0.000481116
6 0.00528232
4 0.000573885
123 0.0138218
13 0.000562918
1 1.69879e-06
2 3.03044e-05
9 0.0043937
2 0.000481116
5 0.00177014
3 6.96935e-05
149 0.00549699
2 0.000481116
1 0
1 0
1 0.000204781
8 0.0024199
1 0.000791804
301 0.0095119
4 0.000594525
1 0
2 0.000292368
2 0.000481116
3 0.000114868
8 0.00349948
7 0.00638236
1 0
2 0.00165435
30 0.00323401
5 0.00144289
1 0
6 0.00336374
7 0.00239814
1 0
1 0.00285505
169 0.0096958
1 0.00364193
1 0
1 0
1 0
20 0.0017979
2 0.000241098
2 0
23 0.00936285
1 0
199 0.00722036
15 0.00776223
4 0.00390362
1 0.000252818
34 0.0127082
11 0.00332953
16 0.00203104
4 0.00230616
5 0.00362016
1 0.00117441
1 0
1 0
4 0.00627489
46 0.0176998
7 0.00388765
2 0.000481116
4 0.00144265
5 0.000983723
1 0
139 0.00850544
1 0
2 0
5 0.00160037
5 0.002639
5 0.00192342
1 0
119 0.00436237
90 0.00422277
1 0
6 0.00242601
1 0.000754328
3 0.0002405
2 0.0002405
1 0
8 0.00263163
1 0
1 0
1 0
5 0.0010528
69 0.00504322
2 0.000706251
6 0.00473639
1 0
1 0
3 0.000593118
1 0
36 0.0106146
1 0
15 0.00375957
5 0.00254785
1 0
1 0
1 0
1 0
3 0.000962117
1 0
2 0
4 0.000136172
1 7.30143e-05
13 0.00759483
2 0.00285121
231 0.0181078
1 0
40 0.00672107
156 0.0100582
1 0
1 0
4 0.00330888
5 0.00892896
6 0.0024415
3 0.000682463
1 0
213 0.00771116
154 0.0031797
2 0.00193912
4 0.00106886
1 0
1 0
1 0.000650502
1 0
1 0
1 0
11 0.00710914
3 0.000686287
1 0
1 0
1 0
6 0.00192528
12 0.00613539
71 0.00290274
3 0
185 0.00678241
1 0
1 0
3 1.15764e-07
1 0
1 0
5 2.12234e-07
6 0.0028313
2 0
2 3.85881e-08
1 0
1 0
1 6.45909e-05
28 0.00151066
1 0.000351537
1 0
35 0.00231482
5 0.000435887
1 0
1 0
4 0.00156347
1 0
1 0
9 0.0025267
2 0.00156753
1 0
1 0
9 0.001307
4 0.00102547
1 0
39 0.00857869
2 0.00132701
7 0.00286038
1 0
1 0
3 3.85881e-08
1 0
1 0
2 0.00219931
1 0
49 0.00535586
1 0
4 0.00035688
1 0
2 0.00187277
2 0.000272098
1 6.97141e-06
166 0.00871375
1 0
2 0.000668494
1 0
1 0
2 0
1 0
2 0.000580703
3 0.000962001
3 0.000481116
2 0.000481116
1 9.80951e-05
1 0
1 0
2 0
8 0.00245087
5 0.00144289
3 0.000208713
1 0
2 0.000208713
6 0.000855706
1 0
1 0
221 0.0121583
4 0.000590145
75 0.00146145
85 0.00378009
2 0
1 0
1 0
6 0.000559329
1 0
6 0.00861297
4 0.00117869
1 0
11 0.00264492
5 0.00647858
1 0
10 0.00141236
4 0.000950555
1 0.000201273
2 0.00193301
1 0
1 2.87266e-05
1 0
1 0
3 0.000936782
2 0.000409173
2 0.00093277
21 0.00261416
1 0
10 0.00292955
2 0.000108723
1 0
5 0.002019
22 0.00376131
75 0.000471174
17 0.00821015
6 0.000279539
8 0.00582845
2 0.00257803
1 0.000611658
2 0.000103182
1 0
1 0
1 0
6 0.00240419
2 0
1 0
2 0
1 0
2 0.00288322
1 0
2 9.91927e-05
1 0
1 9.91927e-05
75 0.00434386
2 0.000165984
2 0.00113406
2 0.000962001
2 0.000481116
5 0.00568975
1 0.000410203
6 0.000751175
2 0.000481116
1 0
9 0.0049821
156 0.00429511
2 0.000542408
3 2.86617e-05
88 0.00308251
2 2.86617e-05
4 0.001155
2 8.64917e-05
1 0
1 0
157 0.00624574
1 0
2 2.54888e-05
9 0.0016446
5 0.00010664
7 0.00276684
12 0.00828336
1 0
2 0.000536156
3 0.000536706
1 0
14 0.00193293
11 0.00294836
1 0
4 0.000731124
1 0
1 0
6 0.00402746
3 0.000321681
123 0.00663994
7 0.00376288
1 0.00414805
4 0.00247672
10 0.00695304
1 0
1 0
5 0.00104783
2 0.000481116
1 0
1 0
1 0
187 0.00811239
4 0.00225806
1 0
1 0.00178405
5 0.00194466
1 0
5 0.00192365
2 0.000983869
2 0.000416002
6 0.00204463
1 0
10 0.00322145
1 0
3 3.85881e-08
222 0.0132112
1 0
1 0
9 0.00190164
47 0.0100292
9 0.00104607
5 0.0014101
31 0.00253593
3 0.000335032
2 0.000690482
2 3.39373e-05
21 0.00743732
132 0.00662948
8 0.00149656
1 3.80536e-06
9 0.004352
60 0.0137596
8 0.00227023
2 0
2 0.000481116
220 0.015053
1 0
3 0.00261518
4 0.000749513
5 0.011372
1 0.000442142
1 0
1 0
167 0.00405231
1 0
1 0
9 0.00231746
1 0
13 0.00762128
3 0
1 0
2 0
2 0.000187658
1 0
1 0
1 2.65947e-05
152 0.00727951
1 0
219 0.0157822
1 0
2 0.00099432
1 0
6 0.00160583
49 0.000435594
4 0.0014051
2 0
161 0.00573251
1 0.000721804
1 0
1 0
8 0.00434252
7 0.00240396
1 0
162 0.0110299
1 0
7 0.00220808
126 0.00601624
5 0.000351416
53 0.00417408
266 0.0218009
2 5.61586e-06
1 0
60 0.00348055
9 0.00664937
332 0.0588586
2 0.000937984
7 0.00735397
225 0.011243
4 0.00133094
3 0.000102883
3 0.00147059
5 0.000146638
3 0.000481116
1 0
1 0
1 0
1 0
1 0
1 0
4 0.00133484
1 0
1 0
1 0
166 0.00847109
4 0.000441782
2 0.00111504
1 0
90 0.00511396
2 0.00284935
1 0
2 0.000481116
1 0
2 0.000295245
261 0.0231411
6 0.00407693
9 0.00175588
194 0.0123327
217 0.00549999
6 0.00282897
1 0
3 0.00172671
11 0.0033495
117 0.00596298
6 0.00656493
1 0
1 0
23 0.0171995
3 0.0032981
77 0.00665247
18 0.0110421
2 0.000425704
2 0.000327431
107 0.00262441
2 0
1 0
274 0.0269819
6 0.00363006
3 0.00139114
277 0.0200534
153 0.00462407
11 0.0020974
1 0
4 0.00104358
1 0.000266608
1 0
5 0.000681782
3 0.000554397
5 0.000973268
1 0
1 0
11 0.00781103
3 0.000481116
1 0
1 0
2 0.00192308
1 0
3 0
4 0.00302805
5 0.00179613
1 0
2 0
8 0.00353993
1 0
2 0
5 0.00213297
13 0.00571865
7 0.00454095
22 0.0017675
2 0
2 0.00118655
1 0
1 0
1 0
1 0
1 0
1 0
1 0
1 0
2 0.000481116
88 0.010652
1 0
3 0.00154331
1 0
2 4.46295e-05
45 0.00468806
1 0
1 0
2 0
1 0
1 0
1 0
73 0.00853597
4 0.000184202
3 0.00073941
1 0
10 0.00616135
1 3.97934e-05
1 0
1 0
1 0
7 0.00274469
5 0.00226357
5 0.000463329
8 0.000115675
2 0.000624978
12 0.0036734
2 0.000272216
3 0.000272216
13 0.00258898
1 0
4 0.000672585
1 0
3 0
1 0
1 0
5 0.000584365
2 0
4 0.00219233
4 0.000916472
1 0.000431898
10 0.0038468
14 0.000826291
2 0.000126697
15 0.00393218
5 0.000432612
15 0.00278889
2 7.56148e-05
2 0.00328179
1 0
1 0.000167062
1 0
1 0
1 0
3 0.000962117
1 0
2 0
1 0
1 0
1 0
4 0.000977044
4 0.00192308
6 0.00364415
1 0
1 0.00144265
3 0.000760923
6 0.00107793
1 0
1 0
2 0.00192308
5 0.00384441
3 0.00144289
1 0
1 0
2 0
8 0.00267549
3 0.000962001
6 0.00123353
145 0.0103243
4 0.00123741
1 0
3 3.47293e-07
2 0
1 0
1 0
2 0
11 0.00143138
3 0.00136359
1 0
1 0.00111412
1 0
23 0.00568139
6 0.000886211
6 0.0014942
2 0
8 0.0027469
3 0.000481116
1 0
1 0
1 0
11 0.0118807
31 0.00995234
2 0.000166479
1 0
2 0
1 0
5 0.00199198
1 0
1 0
7 0.000450178
4 0.00224162
1 0
6 0.00168012
2 0
3 0.000506716
5 0.000664094
1 0
1 0
1 0
3 0.000481116
1 0
21 3.65737e-05
26 3.65737e-05
18 3.65737e-05
23 3.65737e-05
22 3.65737e-05
3 0
27 3.65737e-05
1 0
20 3.65737e-05
31 3.65737e-05
30 3.65737e-05
3 0
4 0
29 3.65737e-05
14 3.00663e-05
35 0.00108134
32 3.65737e-05
5 0
5 0
34 3.65737e-05
28 3.65737e-05
323 0.014791
6 0
8 4.16751e-08
16 3.00663e-05
33 3.65737e-05
25 3.65737e-05
19 3.65737e-05
36 0.00252058
34 0.0015756
2 0
2 0
17 3.65737e-05
24 3.65737e-05
1 0
15 3.00663e-05
1 0
4 0
7 4.16751e-08
2 0.000304887
302 0.00300533
1 0
4 0.000481116
2 0
3 0.000559426
1 0
4 0.000435302
5 0.000435302
2 0
1 0
3 0.000839449
1 0
88 0.00161723
1 0
3 2.19793e-05
1 6.68676e-05
1 0.000784656
197 0.00556476
12 0.00228322
3 0.000420903
6 0.000509685
2 0.000242043
1 7.71762e-08
3 0.000252596
2 0
1 0
2 0
1 0
4 0.000481116
7 0.000248763
7 1.9294e-07
5 0.000123353
1 0
2 0
3 0.000151264
1 0
4 0.000151264
2 1.15764e-07
1 0
1 0
3 0.000481116
1 0
10 1.27341e-06
1 0
1 0
2 0.00100218
2 0.000481116
6 0.00255024
1 0
2 0.000481116
4 0.00285151
92 0.00243466
1 0
6 0.00089006
1 0
98 0.00955046
1 0
4 0.000697579
1 0
3 0.0022228
4 0.00198652
2 0.000962001
2 0.00354148
1 0
5 0.00780743
14 0.00462299
196 0.0075521
3 0.00071307
3 0.000604221
1 0
1 0
3 9.10271e-07
1 0
70 0.00221407
1 0
5 0.00138212
1 0
3 0.000944795
1 0
1 0
2 0
3 0.000962117
1 0
4 0.00156105
1 0
1 0
3 0.000716044
1 0
3 0.000646951
6 0.00287863
3 0.00264728
1 0
3 0.00131469
3 0.000481116
163 0.00355433
1 0
1 0.00122503
2 0.000115149
1 0
1 0
2 0
1 0
13 0.0087356
1 0
1 0
19 0.005267
1 0
1 0
6 0.00254351
1 0
2 0.000962001
2 0
2 0.00277994
1 0
3 3.45783e-06
2 8.4806e-05
1 0.00118226
2 0.000481116
1 0
3 0.000638292
1 0
14 0.00782447
1 0
2 7.05593e-05
1 7.58275e-05
1 0
1 0
1 0
2 0.00192308
1 0
5 0
3 0
2 0
4 0
1 0
8 0.000393559
1 0
9 0.00240486
1 0
1 0
1 0
6 0.00395913
1 0
1 0
2 0.000743959
11 0.00293217
1 0
1 0
4 0.00309531
2 0.000481116
5 0.00144573
2 3.22076e-05
1 0
1 0.000222798
1 0
1 0
1 0
5 0.00144289
2 0
1 0
1 0
1 0
1 0
1 0
3 0.00305844
86 0.00562358
1 0
25 0.00321728
1 0
1 0
2 0.000266079
10 0.000264148
1 0
3 0.00131009
1 0
2 0
8 0.00147073
8 0.000214456
1 0
8 0.000850552
1 0
1 0
1 0
1 0
4 0.000317497
3 0.000962001
9 0.0033976
1 0
1 0
1 0
6 0.00144289
1 0
1 0
1 0.000406784
1 0
5 0.000481753
7 0.000864208
1 0
2 0
4 0.00058513
2 0.000499694
1 0
4 0.000178027
1 0
1 0
1 0.000200419
221 0.0231031
2 0.000691313
4 0.00216033
3 0.00216033
1 0
2 0.000170352
1 0
2 5.1281e-05
13 0.00211417
5 0.000643103
9 0.00576817
1 0
1 0.000532739
1 0
2 0.000283324
10 0.000706422
4 0.00287922
1 0
2 0.00170959
7 0.00327571
1 0
1 0
2 0.000481116
97 0.00296546
1 0
1 0.000220485
3 0.000965479
1 0
3 0.00116876
1 0.000499926
7 0.00078096
3 0.00131635
2 0
6 0.000476635
1 0
1 0
1 9.14096e-05
149 0.0128023
1 0
2 0.00175982
3 0.000526191
1 0
14 0.000639866
2 0.0015941
7 0.00738132
1 0.000186746
1 0.000550745
107 0.00258463
1 0
26 0.0120617
1 0
1 0
10 0.00235591
1 0.000139559
2 3.59877e-07
6 0.00250207
1 0
15 0.00324412
3 0.000164622
1 0
2 0
4 2.69794e-06
1 0
1 0
1 0
2 6.29143e-05
4 1.53427e-05
2 1.3586e-05
22 0.00119715
105 0.00512275
1 0
3 0.000962001
3 2.40305e-05
3 0.00270213
4 0.00158143
3 0.00211513
4 0.00192354
1 0.000231226
4 0.000587895
2 0
1 0
2 0.000937694
10 0.00351899
10 0.00767847
130 0.00492085
1 8.16928e-06
2 2.32844e-05
2 0.000481116
3 0.000962001
2 0
4 0.00192342
1 0
6 0.000397131
1 0
5 0.000772939
2 0
6 0.000654004
1 0
1 5.92806e-05
2 0.000534246
1 0
1 0
1 0
3 0.000481116
4 0.00168107
19 0.00592091
2 0.00168107
10 0.00688242
4 0.00225923
1 0
1 0
1 0
5 0.00176973
2 0.000481116
10 0.00565137
1 0
1 0
8 0.000354597
1 0
7 0.000354597
2 0
16 0.00297008
3 0.000221185
1 0
1 0
1 0
1 0
21 0.00566506
1 8.04427e-05
2 0
1 0
1 0
1 0
2 0
4 0.0028838
1 0
1 0
2 0.000398836
1 0
4 0.000962117
1 0
1 0
1 0
6 0.00336411
2 0
2 0
1 0
1 0
5 0.000962001
1 0
2 0
2 0
7 0.00336503
1 0
2 0.000481116
2 0
1 0
4 0.00528255
1 0
2 0.000481116
3 0.000962001
4 0.000962117
3 0.000962117
3 5.78821e-08
1 0
1 0
1 0
1 0
22 0.00246173
4 0.00168246
2 0.000481116
2 0.000240327
1 0
1 0
1 0
1 0
1 0
1 0
1 0
1 0
3 0.000266183
1 0
1 0
10 0.00643484
11 0.00585241
1 0
6 0.00153941
4 0.0019658
1 0
1 0
4 0.00163466
1 0
1 7.51705e-05
2 0.000863109
118 0.00395802
31 0.00352243
3 0.000251531
2 0
1 0
2 0.000481116
5 0.000431255
6 0.00240396
2 0.000481116
1 0
1 9.9712e-05
2 0.00103294
1 0
2 0
194 0.011786
1 0
308 0.0158669
3 0.000606228
2 0.00096221
8 0.00206477
1 0
1 0
1 0
12 0.00275842
2 0.00192308
1 0
1 0
4 0.00288322
3 0.00120642
6 0.00144289
2 0
1 0
1 0
99 0.0122513
3 0
4 0
2 0
1 0
1 0
1 0
8 0.00240384
4 1.15764e-07
2 0
5 0.00450946
1 0
1 0
1 0
1 0
2 0
1 0
3 0.000704461
4 0.000560067
11 0.00243
6 0.00296792
1 0
1 0.000193073
3 0.000500631
1 0
2 0
1 0
2 0
1 0
9 0.0022043
5 0.00013739
2 0
1 0
1 0
7 0.00144098
1 0
1 0
2 0
114 0.0052665
1 0
9 0.0138409
2 1.71717e-06
3 1.10117e-05
3 0.000926014
2 0.000184767
2 0.00066548
1 0.000157273
1 0
10 0.0097916
9 0.00338996
1 0
6 0.00154259
67 0.00248174
1 0
1 0
121 0.00480321
1 0
2 0.000381264
1 0
5 0.00133884
1 0
1 0
183 0.00336236
3 6.49851e-05
3 0.000712373
5 0.00192308
4 0.00575811
1 0
2 0.000481116
7 0.00213007
1 0
1 3.19342e-05
3 8.01289e-05
50 0.00271427
2 0
116 0.00480437
144 0.00643661
1 0
1 0
1 0
2 0.000543259
1 0
6 0.0019225
2 0
3 0.000480537
1 0
1 0
13 0.000786398
1 0
6 0.00250244
1 0.000189431
1 0
1 0
1 0
3 5.78821e-08
1 0
1 0
1 0
1 0
21 0.00155404
2 0
1 0
12 0.00481376
2 0.000659104
3 4.0074e-05
2 4.0074e-05
5 0.00109106
1 0
6 0.00326916
1 0
1 0
5 0.00101178
1 0
13 0.000450053
1 0
1 0
4 0.00336434
3 0
2 0
1 4.39829e-05
1 0
2 0.000481116
1 0
3 6.52322e-05
1 0
1 0
2 0
1 0
11 0.00263018
1 0
6 0.000361024
1 2.1967e-05
21 0.0015951
2 0
3 7.46346e-06
2 1.97299e-05
1 0
2 0
1 3.84489e-05
3 0
4 0.000572431
2 0
1 0
2 0.00108921
1 0.00152027
10 0.00270343
6 0.00237365
2 0.00106453
2 0.00179099
1 0
1 0
1 0
1 0
140 0.0118328
1 0
7 0.00182722
4 0.00217823
1 0
1 0
1 0
4 0
5 0
15 0
6 0
10 0
11 0
14 0
1 0
8 0
16 0
13 0
9 0
7 0
3 0
2 0
36 0.00553045
12 0
11 0
9 0
12 0
14 0
10 0
17 0
7 0
16 0
1 0
6 0
13 0
8 0
5 0
4 0
2 0
15 0
3 0
1 0
2 0.000481116
1 0
1 0
4 0.00205153
3 0.000481116
5 0.00144265
6 0.00343823
1 0
2 0
2 0.000481116
1 0.000141225
5 0.00195374
2 0.00162441
1 0
2 0
2 0
1 0
1 0
1 0
1 0
1 0
5 0.00157134
1 0
1 0
4 9.40346e-05
1 0
1 0
1 0
2 0
3 0.000526864
3 0.000113391
1 0
1 0
2 0
1 0
1 0
6 0.000855904
1 0
1 5.18793e-05
4 0.0016583
81 0.00313411
5 0.000900731
1 0.000223698
2 0.000481116
3 0.000162102
3 0.000962117
4 0.000997818
1 0
2 0.00141872
1 0
1 0
1 0
1 0
3 0.00153517
237 0.0106649
1 0
1 0
1 0
10 0.00449287
2 1.21322e-05
2 0.000481116
1 0
3 0.000502968
3 0.000481116
5 0.00159212
12 0.0052039
5 0.0028845
1 0
2 0
1 0
11 0.00150985
4 0.000172067
5 0.00108461
4 7.66809e-05
227 0.0110719
1 0
6 0.00026096
1 0
5 0.00156799
2 0.000159114
1 0
2 0
1 0.00192308
5 0.00144265
2 0.000241268
1 0.000270221
5 0.00257954
2 0.00144265
1 0.000353219
4 0.000137755
5 0.000137755
1 0
1 0
1 0
1 0
1 0.000142925
1 0
3 0.00101598
1 5.39769e-05
1 0
5 0.00149837
19 0.00512138
2 0
1 0
237 0.0206735
7 0.00224922
2 0
1 0
2 0
1 0
1 0.000748086
2 0.000203822
2 0
1 0
1 0
1 0
3 0.000962117
1 0
1 0
3 0.00111225
1 0
2 0
4 0.000481116
1 0
2 0
6 0.000523568
1 0.000619808
1 0
1 0
2 0
1 0
1 0
1 0
1 0
3 0.000103409
1 0
1 0
5 0.00122158
1 0
16 0.00154108
1 0.000288378
2 0.000564255
1 0
1 0
2 0.000280756
2 0.00107022
2 0.000481116
2 0
3 0.000647297
1 0
1 0
1 0
3 0.000237577
1 0
1 0
8 0.00116474
1 0
1 0
4 0.000156158
3 0.000156158
1 0
17 0.00637409
1 0
66 0.0104002
1 0
7 0.00174169
1 0
23 0.00965635
16 0.0147552
1 0
9 0.00381219
69 0.00206289
1 0.000790475
2 0.000481116
5 0.000721327
4 0.000721327
1 0
1 0
3 5.78821e-08
1 0
1 0
1 0
2 0.00256064
32 0.00134335
1 0
2 0
1 0
1 0
2 0.000481116
2 0.00210635
1 0
4 0.000962117
5 0.00288415
1 0
1 0
2 0
1 0
1 0
1 0
1 0
2 0.000481116
1 0
13 0.00767155
1 0
3 0.00271035
9 0.00501681
1 0
46 0.0119261
1 0
7 0.00245557
1 0
1 0
1 0
1 0
1 0
1 0
3 0
2 0
4 0.000889491
1 0
49 0.000940198
3 0.000775757
7 0.000872102
1 0
5 0.000754318
1 0
1 0
1 0
1 0
1 0
1 0
2 0
1 0
1 0
4 0.00158658
14 0.00250449
1 0
1 0
1 0
1 0
1 0
1 0
3 0.000898646
1 0
1 0
1 1.40958e-05
1 0
1 0
29 0.0110071
1 0
1 0
1 0
3 0.000327442
3 0.000159347
3 0.0012481
1 0
2 0.000271225
2 0.000152933
1 0
78 0.00489848
1 0
1 0
7 0.00288415
2 0
1 0.000203435
1 0
4 0.00386817
1 0
5 0.00089987
13 0.00678399
1 0
1 0
3 0
4 0.000962001
2 0
2 0
1 0
5 0.000600242
1 0
1 0
1 0
1 0
1 0
15 0.00297933
3 3.80056e-05
7 0.00182245
2 0
1 0
1 0
1 0
2 0.000481116
2 0.000598803
3 0.000962117
1 0
1 0
1 0
4 0.00283129
111 0.00885591
1 0
33 0.00499979
1 0
1 0
1 0
22 0.00390806
15 0.00145801
2 0
1 0
1 0
2 0.000481116
1 0
1 0
2 0
2 0.000481116
1 0
5 0.00528394
1 0
3 0.000481116
3 0.00144289
1 0
1 0
1 0
5 2.31528e-08
14 0.00752043
4 2.31528e-08
3 2.31528e-08
1 0
1 0
5 0.000105769
1 0
1 0
1 0
1 0
4 0.00144265
12 0.00434067
2 0.000362445
3 0.000962117
1 0
4 0.00144801
8 0.00367482
1 0
1 0
1 0
1 0
1 0
2 0.000481116
2 0
2 0
1 0
1 0
3 0.000464234
1 0
1 0
1 0
2 0
1 0
3 0.000368424
1 0
1 0
2 0
3 7.93885e-05
7 0.00183771
1 0
1 0
2 2.1806e-06
1 0
1 0
7 0.00122734
2 0.000337822
3 0.000393997
1 0
1 0
3 0.00108462
2 0.000927432
3 0
1 0
2 0
1 0.000476661
1 0
1 0.000165963
1 6.8972e-05
1 0
1 0
1 0
9 0.00402575
2 0.000794785
3 0.000481116
1 0
1 0.000136322
1 7.35894e-05
1 0
1 0
1 0
1 0
2 0.0001723
1 0
5 0.000339339
2 2.05221e-05
1 0
5 0.000996415
2 0
9 0.00168935
1 0
2 0
1 0.000550481
3 0.0019656
1 0
3 0.00157425
1 0
1 0
2 0.000481116
4 0.00288334
1 0
5 0.000962117
63 0.00501179
1 0
2 0.00203967
2 0.00173983
2 0.000601689
1 0
2 0.00384245
1 0.00012449
6 0.00234051
2 7.52053e-05
5 0.00216883
10 0.00107648
1 0
1 0
1 0
2 0
2 0
1 0
69 0.00136282
1 0
1 0
1 0
1 0
1 0
4 0.000424061
1 0
1 0
1 0
3 0
4 0.00129337
2 0
4 0.000209579
4 0.00119776
1 0
1 2.99673e-05
1 0
5 0.00144265
3 0
2 0
1 0.00192308
1 0
4 0.00260479
5 0.000578108
8 0.000416224
2 0.00069732
1 2.3355e-05
1 0
2 2.66571e-05
1 0
1 6.21484e-05
1 0
4 0.000459184
2 0
1 0
5 0.00282099
1 0
1 0
1 0
3 0.000364376
148 0.00597788
2 0.000481116
72 0.00393141
2 0
1 0
1 0
2 0
1 0
2 0.000153945
1 0
2 0.000962001
2 0.000481116
1 0
2 5.78821e-08
7 0.00121053
1 0
3 2.70117e-07
12 0.00537034
2 0.000240249
1 0
5 0.00192342
1 0
3 0
2 0
1 0
2 0.000481116
3 0.000962001
1 0
2 0.000481116
4 0.00240327
1 0
4 0.000962059
1 0
1 0
1 0
2 0.000549174
6 0.000870856
1 0
1 0
5 0.000564578
5 0.00142277
54 0.000998582
1 0
1 0
1 0
2 0.000168379
13 0.00422397
1 0.000186559
2 1.90611e-05
1 0
3 0.000613049
15 0.00189997
19 0.00226562
2 0.00109584
1 0
2 0
5 0.00102526
8 2.45612e-05
5 0
1 0
4 0
1 0
4 6.27494e-05
3 0
2 0
1 0
1 0
1 0
2 0
3 0
1 0
2 0
2 0
6 0.00207321
2 0
1 0
6 0
10 8.17506e-05
3 0
2 0.000334853
1 0.000156384
6 0.00214954
1 0
1 0
1 3.14128e-05
1 0
3 5.78821e-08
5 0.0030843
13 0.00370248
1 0
133 0.0050406
1 0
1 0
1 0
1 0
1 0
1 0
1 0.000106902
1 0
1 0
2 0
1 0
1 0
1 0
4 0.00261009
1 0
3 0.000962117
1 0
3 0.000962001
2 0
1 0
2 0.0024855
1 7.49924e-05
1 0
1 0
3 0.000286302
1 0
2 0.000389683
1 0
1 0
2 0
1 0
2 0.000481116
1 0
4 0
7 0.000148326
3 0
1 0
2 0
3 0.00168026
5 0.00575811
1 0
6 0.00264226
1 0
2 0
1 0
1 8.31496e-05
1 5.78395e-05
8 0.00166644
8 0.00275876
2 0.000432494
8 0.00204108
2 0.000481116
1 0
2 0.000962001
1 0
4 0.00144265
8 0.000965354
1 0
1 0
13 0.00278883
4 0.000636567
3 0.000636567
2 0
1 0
2 0
2 3.4355e-05
1 0
3 0
6 0
4 0.000983621
7 0
15 0.00245874
9 0
4 0
10 0
11 0
2 0
2 0
12 0
1 0
5 0
13 0
8 0
1 0
1 0
2 0
1 0
1 0
6 0.000693337
1 0
6 0.000551211
3 0.000108448
1 0
1 1.12085e-05
1 0
1 0
3 0
5 0.00192308
2 0
4 0
2 0
1 0
3 0.000390488
3 0.000384962
1 0
1 0
1 0
6 0.00210197
1 0
1 3.74518e-05
2 0.000292072
1 0
1 0
1 0
1 0
1 0
4 0.0102651
1 0
1 0
3 6.81522e-05
2 7.72727e-05
1 0
1 0
5 0.000422412
1 0
1 0
5 0.00274197
1 0
4 0.000499518
1 0
2 0
3 0
1 0
1 0
1 0
13 0.00851366
5 0.0024033
4 0.000160353
1 0
5 0.000160353
2 0.000160256
2 0.000481116
6 0.00164487
1 0
5 0.00336469
1 0
1 0
4 0.001443
3 0.00188234
1 0
2 0
1 0.000229607
6 0.000451151
3 0
1 0
8 0.00477785
7 0.00435343
2 1.28498e-06
1 0
2 6.13935e-05
2 0
1 0
1 0
1 0
3 0.000250813
2 0
2 0
5 0.00165743
1 0
11 0.00191933
24 0.00203523
2 0.000227525
1 0.000791736
2 0
1 0
1 0
5 0.00172509
1 0
3 0.000962117
1 0
1 0
1 0
1 0
1 0
1 0
2 0.00079086
9 0.00387279
4 0.000481116
1 0
2 0
1 0
4 0.00192308
1 0
2 0
3 0.0002405
1 0
3 0.00384441
149 0.00662735
1 0
1 0
1 0
2 0.0002405
1 7.79408e-05
2 0.000177013
1 0
2 0.000105304
4 0.000510736
2 1.42356e-05
1 0
2 0
1 0
2 0
1 0
2 3.12367e-05
4 2.54706e-05
1 0
5 6.91647e-05
3 0
2 0
2 0
1 0
1 0
5 1.73646e-07
1 0
1 0
1 0
2 0
1 0
1 5.73846e-05
5 0.000626858
1 0
2 0
1 2.20545e-05
1 0
5 0.000154992
1 0
1 0
1 0
1 0
1 0
1 0
4 0.000962001
5 0.000114086
4 0.000801459
1 0
2 0
2 0
4 0.00192308
1 0
1 0
1 0.000368068
1 0
5 0.00220534
1 0
3 0.00148493
1 0
1 0
2 7.90731e-05
1 0
1 0.000730784
1 0
1 0
2 0.000128448
5 0.000271641
3 0.000383233
2 7.39218e-06
1 0
1 0
3 0.000470189
1 0
1 0
1 0
1 0
1 0
1 0
1 0
7 0.000954976
10 0.000321939
1 0
3 0.00122162
1 0
1 0
2 0
1 0.000420075
1 0
1 0
1 0
1 0
6 0.00106116
3 0.0002518
1 0
5 0.00192365
1 0
2 0
1 0
1 0
1 0.000682348
1 0
1 0
2 0
3 0.00140819
1 7.579e-06
1 0
24 0.0112804
7 0.00124833
1 0
1 0
8 0.00466895
4 0.000962001
1 0
2 0
1 0
1 0
20 0.00124248
1 0
15 0.000438178
1 0
1 0
1 0.000411912
2 0.0002405
3 0.0002405
1 0
2 0.000481116
1 0
1 0
1 0
1 0
4 0
2 0
3 0
2 0
1 0
4 0
1 0
1 0
3 0
2 0
1 0
1 0
5 0.00155774
2 0
1 0
1 0
1 0
6 0.00432484
3 0.000962117
3 0.000481116
3 0.0002405
2 0.0002405
1 0
1 0
1 0.000257802
4 0.00103843
1 0
1 0
1 0
2 0
4 0.000481116
1 0
1 0
5 0
3 0
2 0
4 0
1 0
1 0
6 0
2 0
2 0.000481116
3 0.000325405
1 0
1 0
2 0.00144265
5 0.00144265
1 0
2 0.000481116
3 0.000962001
2 0.00293108
1 0
1 0
2 0.000481116
3 0.000846924
1 0
8 0.00378511
2 0.000481116
1 0
1 0
4 0.000962001
1 0
1 0
2 0
1 0
2 0
1 0
17 0.0058934
1 0
1 0
1 0
2 0
1 0
1 0
6 0.000969914
6 1.15764e-07
1 0
3 0
10 0.000962232
1 0
4 0
1 0
2 0
2 0.00270799
2 0.00148705
2 0.000960645
9 0.000962117
1 0
1 0
1 0
1 0
1 0
2 0.000481116
2 0
1 0
1 0
1 0
1 0
1 0.000114935
1 1.12589e-05
1 0
1 0
1 0
1 0
5 0.00212482
1 0
1 0
2 0.000114338
1 0
3 0.000114338
17 0.00329874
1 0
5 0.000283971
1 0.00109439
2 0.000481116
1 0
1 0
1 0
7 0.00480271
1 0
3 0.00111697
1 0
1 0
263 0.00501678
1 0
1 0
1 0
2 0
7 0.00256503
1 0
2 0
1 0
1 0
1 0
2 0
1 0
2 0.00015641
2 0.00280805
1 0
3 0.000962001
1 0
2 0
6 1.84939e-05
1 0
3 0.000962001
4 0.000962001
1 0
2 2.62969e-05
2 0
1 0
1 0
1 0
2 0
1 0
1 0
2 0
2 0.000618695
1 0
8 0.00198102
1 0
40 0.018592
1 0
3 4.88945e-05
5 0.00017632
11 0.00293418
1 0
1 0
2 0.000481116
3 9.00977e-05
1 0
2 0.000315376
1 0
7 0.000293301
2 3.85787e-05
1 0
1 0
10 0.00162056
3 0
5 0.000267074
6 0.000267074
9 0.00114681
4 0.000267074
2 0
1 0
1 0.000122023
3 1.15764e-07
3 0.000240384
6 0.00120204
2 0
1 0
4 0.00288322
1 0
3 0.000962117
1 0
1 0
1 0
2 0
1 0
1 0
1 0
1 0
4 0.000962001
3 0.00103804
1 0
1 0
1 0
3 0.000481116
1 0
2 0.000481319
1 0
1 0
4 0.000118027
3 0.000118027
9 0.000837334
8 0.000837334
2 0.000481116
1 0
1 0
1 0
2 0
1 0
1 0
1 0
1 0
1 0
3 0
2 0
9 0.000560637
28 0.00349297
1 2.36872e-06
1 0
2 4.86417e-05
2 0
1 0
1 0
1 0
2 0.000481116
1 0
1 0
1 0.000222875
1 0
2 7.60587e-05
1 0
1 0
3 7.60587e-05
8 0.00513314
4 0
3 0
1 0
2 0
1 0
1 0
1 0
3 5.78821e-08
1 0
2 0
1 0
1 0
1 0
2 0
1 0
5 0.000962001
1 0
2 0
1 0
1 0
1 0
2 0
1 1.02978e-05
1 0
2 6.68876e-05
1 2.55997e-07
1 0
1 0
1 0
1 0
2 0.000481116
2 0.000481116
5 2.3817e-05
3 2.55077e-05
1 0
15 7.80726e-05
9 3.19277e-05
10 3.19277e-05
2 0
1 0
2 0.000481116
1 0
1 0
18 0.0018892
2 0.000481116
1 0
1 0
3 0.00109473
11 0.00329479
1 0
1 0
1 0
1 0
1 0
1 0
2 0
2 0.00043567
1 0
3 0.000172695
1 0
2 0.000481116
1 0
1 0
1 0
2 0
1 0.000135551
1 0
2 0
1 0
1 0
4 5.04605e-05
1 0
1 0
2 2.52013e-05
1 0
1 0
1 0
2 0
3 0.00240327
3 7.37867e-05
3 0
1 0
4 0.00048129
1 0
1 0
1 0
1 0
2 0.000481116
1 0
1 9.67502e-06
1 0
1 0
4 0
2 0
1 0
3 0
1 0
1 3.39816e-05
1 0
2 0
1 0
7 0.000136992
3 0
2 0
2 0
1 0
1 0
3 0
2 0
1 0
1 0
1 0
1 0
2 0.000481116
2 0.000171033
3 0.000586935
1 0
3 0
1 0
2 0
1 0
1 0
2 0
1 0
5 0.000227214
4 0.000227214
1 0
2 0.000565841
2 5.74235e-06
1 0
1 0
1 0
1 0
1 0
1 0
1 0
1 0
4 0.00144289
1 0
1 0
1 0
5 0.000240056
2 0
3 9.84724e-05
1 0
1 0
1 0
2 2.71522e-06
2 0.0002405
3 0.0002405
1 0
1 0
1 0
6 0.00442651
4 0.000962001
3 0.00192308
1 0
1 0
1 0
2 0
2 0
1 0
3 5.78821e-08
1 0
1 0
4 0.000524846
6 0.0019675
1 0
1 0
1 0
1 0
1 0
2 0
1 0
2 0
1 0
3 0
2 0
1 0
1 0
1 0
4 1.15764e-07
1 0
2 9.60672e-05
1 0
2 0
3 0.000135211
1 0
3 0.00144289
2 0.000481116
1 0
1 0
1 0
2 0.00108906
2 0
1 0
2 0.00209822
1 0
1 0
1 0
7 0.00125134
1 0
1 0
2 0
4 1.15764e-07
1 0
1 2.37847e-05
1 0
1 0
4 0.000115408
1 0
14 6.77475e-05
2 0
1 0
1 0
1 0
1 0
1 0
10 0.00397839
1 0
4 0.00290711
1 0.000187141
1 0
1 0
1 0
2 0.000481116
4 0.00170747
2 0
1 0
1 0
4 0.000450508
2 0.000481116
5 0.000855597
1 0
1 0
5 0.0003899
1 0
11 0.00271203
1 0
2 0.00112063
1 0
10 0.00186739
8 0.00499133
1 0
3 0
1 0
2 0
1 0
1 0
1 5.23936e-05
4 3.47293e-07
1 0
1 0
3 0.000481116
7 0.000478931
3 0
2 0
4 0
1 0
5 0.00238749
6 0
13 1.38917e-06
5 0
4 0
2 0
3 0
1 0
6 0
1 0
4 0
3 0
5 0
2 0
2 0.000481116
1 0
1 0
1 0
1 0
1 0
1 0
1 0
2 0
1 0
2 0
1 0
1 0
3 0
2 0
1 0
3 0
2 0.00073089
2 0
2 0
1 0
1 0
1 0.00073089
3 0.000708951
2 0.000481116
16 0.00245455
1 0
1 9.85082e-05
1 0
5 0
2 0
17 0.00146435
1 0
1 0
4 0
8 0
9 0
11 0.000159474
6 0
7 0
3 0
12 0.000159474
1 0
1 0
5 0.00108974
1 0
1 6.63897e-05
1 0
2 0.000422586
1 0
3 0
2 0
1 0
8 0.00192354
1 0
2 0
2 0
1 0
1 0
1 0
2 4.13792e-05
1 0
2 0
1 0
5 0.000324893
8 0.00162818
3 0.000564527
1 0
9 0.00272805
1 0
1 0
1 0
2 0.000481116
1 0
2 0
1 0
1 0
1 0
1 0
1 0
3 5.78821e-08
1 0
7 2.31528e-07
2 0
6 2.31528e-07
8 2.31528e-07
3 0
3 0
9 2.31528e-07
4 0
4 0
1 0
1 0
1 0
2 0
10 0.00040373
1 0
1 0
2 0
1 0
6 0.00185223
3 0
1 0
1 0
2 0
2 0.000278104
1 0
2 0
1 0
2 0
1 0
3 0
2 0
3 0
1 0
2 0.000481116
3 0
2 0
1 0
1 0
1 0
4 0.000210662
1 0
1 0
1 0
1 0
2 2.31528e-08
1 0
1 0
2 0
5 2.40273e-05
1 0.000197882
1 0
1 0
4 0.000851723
1 1.16897e-05
1 0
1 0
1 0
2 0
3 2.17413e-06
1 0
1 0
32 0.000494973
9 0.000604341
182 0.00343034
14 5.14508e-08
15 5.14508e-08
17 5.14508e-08
2 0
19 5.14508e-08
18 5.14508e-08
12 5.14508e-08
4 0
13 5.14508e-08
20 5.14508e-08
16 5.14508e-08
10 5.14508e-08
1 0
9 5.14508e-08
1 0
22 7.69738e-05
8 5.14508e-08
7 5.14508e-08
1 0
2 0
3 0
1 0
11 5.14508e-08
2 0
1 0
1 0
1 0
2 0
1 0
1 0
4 0.00194275
2 0.000481116
1 0
3 0.000962117
1 0
1 0
1 0
2 0
1 0
6 0.00240373
6 0.00192342
1 0
2 0.000481116
1 0
3 0
1 0
2 0
1 0
1 0
3 0.000647948
2 0
1 0
3 0
10 0.00141671
3 3.66026e-06
1 0
20 0
11 0
1 0
21 0
17 0
16 0
12 0
14 0
19 0
22 0
15 0
23 0
10 0
9 0
8 0
7 0
18 0
6 0
4 0
13 0
5 0
3 0
2 0
2 0
1 0
3 0
1 0
1 0
3 0
2 0
1 0
1 0
2 0
1 0
3 0
2 0
1 0
1 0
1 0
1 0
2 0
1 0
1 0
3 0.000962001
1 0
3 0
2 0
1 0
4 0
1 0
3 0
2 0
2 0
1 0
1 0
1 0
3 0.00156251
1 0
8 0.00169753
1 0
1 0
1 0
4 0.000166895
3 0.000365074
1 0
1 0
1 0
3 0
2 9.2525e-06
2 0
1 0
1 0
1 0
1 0
6 0.00125951
2 0.000481116
1 0
1 0
1 0
1 0
1 0
1 0
5 0.000831825
1 0
1 0
1 0
1 0
1 0
1 0
4 0
3 0
2 0
1 0
1 0
1 0
1 0
2 0
1 0
3 0.000962001
2 1.73646e-07
1 0
1 0
1 0
2 0
1 0
1 0
1 0
4 0.00144289
1 0
1 0
2 0.000960843
5 0.00192284
2 0
1 0
1 0
2 0.000481116
1 0
2 0
1 0
1 0.000262317
2 0
3 9.58756e-05
2 9.58756e-05
2 0
1 0
1 0
1 0
3 0
4 0
9 0.000993619
2 0
13 0.000534494
3 0
12 0.000534494
2 0
1 0
2 9.09817e-06
1 0
1 0
1 0
1 0
19 0
25 0
15 0
12 0
27 0
29 0
18 0
35 0.000962001
9 0
16 0
20 0
13 0
1 0
30 0
14 0
10 0
11 0
31 0
23 0
37 0.00144265
26 0
28 0
32 0
5 0
22 0
6 0
21 0
24 0
8 0
4 0
17 0
3 0
7 0
2 0
1 0
3 0
2 0
1 0
1 0
1 0
1 0
6 0.000804913
1 0
3 1.25112e-05
1 0
1 0
3 0.000481116
1 0
1 0
3 0.000962001
2 0.000481116
1 0
4 0.00144289
1 0
1 0
1 0
1 0
1 0
1 0
2 0
2 0
1 0
1 0
2 0
1 0
1 0
4 0.000962117
1 0
2 0.000481116
1 0
1 0
1 0
1 0
1 0
1 0
1 0
5 0.000481116
3 0
2 0
1 0
1 0
5 0.00144265
2 0
3 0
1 0
1 0
14 0.00259747
1 0
4 6.47408e-05
3 0
9 0.0013295
1 0
1 0
2 0
2 1.35018e-05
6 9.94524e-05
1 0
2 0
2 0
1 0
1 0
1 0
2 7.3759e-06
1 0
1 0
1 0
2 0
1 0
2 0
1 0
1 0
1 0
2 0
1 0
1 0
4 0.000548873
1 0
3 0
1 0
1 0
2 0
1 0
1 0
1 0
1 0
1 0
9 0.00228987
1 0
2 0.000481116
3 0.000450074
6 0.000792572
2 0
3 0.000962001
1 0
1 0
2 0
1 0
1 0
1 0
2 0
1 0
3 0
1 0
3 0
2 0
2 0.00384245
5 0.000617886
1 0
1 0
1 0
3 0.000962001
1 0
6 0.000789845
1 0
1 0
1 0
3 0.000202737
1 0
1 0
1 0
1 0
3 0
2 0
1 0
8 0.00336446
2 0
1 0
4 1.15764e-07
1 0
2 0
1 0
3 0.00336295
1 0
1 0
2 0
1 0
2 0.000481116
1 0
1 1.21759e-05
1 0
1 0
1 0
2 0
4 0.000481116
1 0
1 0
1 0
1 0
1 0
2 0
1 0
3 0.00100469
2 0.000481116
1 0
1 0
1 0
2 0.000103298
1 0
2 0
1 0
2 0.000590893
1 0
2 0
1 0
1 0
3 0.000962001
1 0
2 0
1 0
6 0
4 0
5 0
3 0
1 0
2 0
1 0
8 0.00100997
1 0
4 0
1 0
3 0
2 0
2 0
12 0.00194629
2 1.73646e-07
1 0
1 0
5 0.000240732
2 0.000240384
2 0
1 0
1 0
1 0
1 0
2 0
1 0
6 0.000411239
1 0
2 0
2 0
1 0
1 6.21669e-05
5 0.00144289
1 0
2 0.000481116
2 0
1 0
1 0
1 0
1 0
1 0
4 0.00144265
2 5.82226e-06
3 5.82226e-06
1 0
2 0
1 0.000169251
4 0.000366632
5 2.94174e-05
1 0
1 0
1 0
1 0
1 0
3 1.73646e-07
1 0
1 0
1 0
1 0
1 0
1 0
5 0.000721559
1 0
1 0
3 0.000240442
1 0
1 0
1 0
1 0
2 0
1 0
4 0.00144289
1 0
1 0
1 0
1 0
1 0
1 0
1 0
1 0
1 0
1 0
1 0
1 0
1 0
1 0
1 0
1 0
1 0
1 0
2 0
2 0
3 0
1 0
2 0
1 0
1 0
1 0
1 0
1 0
4 0.00144289
1 0
1 0
2 0
10 0
7 0
14 0
5 0
9 0
4 0
6 0
1 0
8 0
11 0
12 0
13 0
15 0
3 0
2 0
1 0
2 0
1 0
1 0
1 0
1 0
1 0
1 0
1 0
1 0
1 0
1 0
1 0
1 0
3 0
2 0
1 0
1 0
1 0
2 0
5 0
3 0
2 0
1 0
4 0
1 0
1 0
1 0
3 9.69504e-05
1 0
1 0
1 0
1 0
2 0.000481116
4 0.000962001
1 0
1 0
1 0
1 0
2 0.000481116
1 0
4 0.00175414
2 0
1 0
1 0
2 0
1 0
1 0
3 0.000127211
1 0
2 0.000481116
1 0
3 0
2 0
1 0
2 0
1 0
1 0
1 0
1 0
2 0
1 0
1 0
2 0
1 0
1 0
2 0
1 0
2 0
1 0
1 0
1 0
2 1.49559e-05
1 0
1 0
1 0
1 0
1 0
1 0
1 0
1 0
2 0.000481116
3 0.00384245
3 0
11 1.38274e-06
12 1.38274e-06
1 0
4 0
14 1.38274e-06
15 1.38274e-06
5 0
2 0
13 1.38274e-06
5 0
2 0
3 0
4 0
1 0
1 0
2 0
2 0
1 0
1 0
1 0
2 0
1 0
2 0
1 0
1 0
2 0
1 0
1 0
1 0
2 0
1 0
1 0
1 0
1 0
4 0.000962001
1 0
2 0
1 0
1 0
2 0
1 0
3 0
1 0
1 0
1 0
1 0
2 0
1 0
8 4.39836e-05
5 4.39836e-05
2 4.39836e-05
6 4.39836e-05
4 4.39836e-05
1 0
7 4.39836e-05
3 4.39836e-05
2 0
1 0
1 0
2 0
4 7.71762e-08
1 0
1 0
2 0
1 0
1 0
1 0
1 0
2 0.000481116
1 0
1 0
1 0
2 0
1 0
1 0
3 0
2 0
1 0
1 0
1 0
1 0
1 0
1 0
1 0
1 0
1 0
1 0
