9 0.00147342
257 0.00539588
30 0.00179526
364 0.00224551
65 0.00146929
248 0.00169331
145 0.000225958
3 0.000389083
455 0.0293415
241 0.000689027
248 0.00198651
111 0.00297475
452 0.0140874
93 0.000999404
171 0.00502982
1 4.97331e-05
1 0.000152438
193 0.00229296
81 0.00429273
130 0.00181167
273 0.0107827
28 0.000454616
186 0.00153973
212 0.00183505
319 0.00131776
151 0.00234262
247 0.000439821
175 0.00451099
118 0.00175067
358 0.00128545
27 0.00108596
88 0.000362352
161 0.002237
179 0.000918992
482 0.0433668
251 0.000356746
9 0.00025493
8 0.000534246
152 0.00298994
63 0.00255362
298 0.0127207
286 0.00605874
437 0.0128555
33 0.00067348
14 0.00114671
145 0.000725168
93 0.000929357
269 0.00489538
3 0.000994299
388 0.00299622
91 0.00114409
222 0.000472718
77 0.0011434
27 0.000616012
54 0.000471036
353 0.00161578
461 0.0136576
268 0.00146581
24 0.00148585
87 0.00108572
1 0.000214003
45 0.000753764
36 0.000240231
227 0.00436093
49 0.00134799
451 0.0129385
342 0.00193307
436 0.00774717
268 0.000852103
276 0.00091338
308 0.00530401
389 0.00664138
133 0.00242021
375 0.00207258
300 0.00344232
310 0.00261338
1 4.75007e-05
80 0.00658895
75 0.000673297
304 0.00665339
236 0.00142574
394 0.00542788
129 0.00481432
114 0.00097798
312 0.00292145
282 0.00145334
52 0.00218246
12 0.00031012
285 0.000917303
446 0.00945584
7 0.00175427
217 0.00240289
418 0.00572407
230 0.00305442
325 0.0045237
323 0.00459649
66 0.00150135
116 0.00247799
322 0.00761978
2 0.00060888
404 0.00980964
465 0.0141049
264 0.00550635
471 0.0186861
180 0.000861122
16 0.00198496
215 0.00434412
353 0.00245751
434 0.0186329
131 0.000941361
115 0.000992796
4 0.000256068
1 0.000261137
7 0.000404225
182 0.000170444
357 0.00319702
3 0.000332078
2 0.000184999
489 0.0479495
240 0.0017999
442 0.0218449
32 0.000793041
218 0.000681281
353 0.0011542
14 0.000398118
143 0.000807529
21 0.000955117
174 0.00168198
316 0.000368594
440 0.0145388
264 0.00559268
152 0.00141948
27 0.00039361
392 0.00216859
190 0.00268433
433 0.0179982
483 0.0309545
377 0.00219053
2 0.000682393
257 0.00219603
169 0.00514899
191 0.0050309
461 0.0222886
1 7.75345e-06
62 0.00190011
167 0.0043332
269 0.000862834
75 0.000991008
310 0.0101557
202 0.00321622
2 0.000184531
169 0.0017441
147 0.0113576
44 0.000797355
44 0.000638183
329 0.000983884
373 0.00211104
300 0.00974699
297 0.00490335
304 0.00155595
211 0.00756461
298 0.00179945
334 0.00253435
163 0.00284569
2 0.000406599
304 0.00126714
256 0.0129249
384 0.0027584
229 0.00744048
1 1.22917e-05
10 0.000994891
171 0.00157838
402 0.00568935
202 0.00279608
246 0.00368171
8 0.00023623
187 0.000777021
1 1.74063e-05
3 0.000130696
374 0.00357352
227 0.00498631
7 0.000341715
2 2.96053e-05
260 0.0100114
158 0.00316558
2 0.000228992
182 0.00178729
265 0.00524686
386 0.00224408
367 0.00360834
97 0.00194957
33 0.000983665
402 0.00902447
37 0.0014919
252 0.00138975
257 0.000445015
288 0.00511455
325 0.000574708
86 0.00283036
151 0.00162701
1 9.0292e-06
46 0.0026599
149 0.00850599
2 0.000742422
12 0.000150554
100 0.000432894
131 0.000399963
147 0.0016108
311 0.00108132
297 0.00112996
125 0.000537417
3 0.000162493
333 0.00652727
354 0.00119788
443 0.0143007
331 0.005276
1 0.000156115
385 0.00417375
2 0.000267771
328 0.000838523
11 0.00086117
272 0.00699969
118 0.0017579
219 0.000498477
9 0.000294683
365 0.00314346
108 0.000864275
92 0.000313819
361 0.00385816
351 0.00152394
390 0.00870334
236 0.00121486
283 0.000287866
182 0.00459237
107 0.00108995
3 0.000261366
375 0.00506016
95 0.000639553
313 0.00060366
262 0.0105532
1 1.76091e-05
31 0.0030147
342 0.00149852
144 0.00213048
3 0.000185823
375 0.00436173
150 0.000846153
1 1.71175e-05
154 0.000370087
259 0.00374281
339 0.000518688
427 0.00887961
185 0.00472752
19 0.000752394
343 0.00634556
31 0.000875714
158 0.00214451
140 0.00453476
194 0.00278173
331 0.00263485
335 0.00333522
82 0.00146165
1 3.62615e-06
193 0.000267056
25 0.0010504
5 0.000433932
244 0.000766013
173 0.000961723
16 0.000575129
21 0.000827781
288 0.00565839
4 0.000522933
13 0.000419931
2 0.000248196
4 0.000145249
1 8.98912e-05
145 0.00040319
6 0.000368364
2 4.05978e-05
3 6.26674e-06
1 2.00746e-07
4 0.000611152
238 0.000323711
252 0.0037834
143 0.000348449
2 0.000154116
259 0.000935794
2 0.000133063
101 0.000418278
10 0.000501281
71 0.000988403
154 0.00103103
41 0.000853626
287 0.00480921
8 0.000479672
293 0.00102902
344 0.00101602
212 0.00391559
368 0.00256897
5 0.000327404
169 0.00119215
36 0.000661149
1 2.24773e-06
120 0.00556474
170 0.000786509
360 0.00252764
222 0.00474978
155 0.000976909
119 0.00180779
2 7.8668e-05
162 0.00125426
1 0
332 0.00156692
8 0.000356943
75 0.00146847
282 0.00113845
1 5.52521e-05
363 0.0136698
177 0.00428206
165 0.0022937
312 0.00718997
319 0.00192502
1 2.50426e-05
22 0.000176555
1 0.000285743
395 0.00118196
212 0.000458848
1 3.04553e-05
263 0.00120132
402 0.00429524
41 0.000424211
3 3.38805e-05
281 0.00141242
389 0.00278321
85 0.00228544
436 0.00860788
59 0.0010683
327 0.0048803
193 0.00579761
1 0.000152817
5 0.000159327
4 0.000147585
389 0.0104065
241 0.00201714
5 0.00113247
256 0.00264478
219 0.00064314
1 3.54045e-07
1 0.000119089
106 0.00117801
88 0.000442305
1 1.36868e-05
3 0.000170773
5 0.000219693
2 5.71445e-05
16 0.000453819
1 4.13191e-05
98 0.000304957
1 0.000224488
342 0.00117674
394 0.00805843
1 8.85122e-05
303 0.0011621
1 0.000276626
3 0.000259129
339 0.0001757
4 0.00287423
199 0.00124925
314 0.000571847
12 0.000210347
16 0.00298797
257 0.00697561
2 1.36326e-05
12 0.000698546
281 0.00380839
1 8.07165e-05
15 0.000445282
8 0.0011139
217 0.0037157
7 0.000380555
1 0
251 0.00192506
236 0.00246121
71 0.0011534
6 0.000466033
340 0.000681747
51 0.000778992
89 0.00406647
2 0.000120004
17 0.000726308
359 0.00148767
157 0.000555759
1 0
4 0.00328019
97 0.0064054
117 0.00127974
2 0.000285115
21 0.000753267
1 6.23519e-05
59 0.000735316
2 9.41732e-05
1 2.67867e-05
165 0.000432812
66 0.000539366
2 0.00146133
94 0.000834639
341 0.00410188
1 0.00144445
3 0.000254853
213 0.00207762
5 0.000311296
17 0.00029159
2 0.000117561
267 0.00266683
345 0.000369919
64 0.00127376
1 0.000221001
39 0.00022568
2 0.000214495
13 0.00030595
279 0.000833585
8 0.000201563
239 0.00144326
69 0.000867468
13 0.000143246
63 0.000918257
20 0.000421403
323 0.000444188
15 0.00111972
1 0.000146125
3 7.01012e-05
86 0.000850292
315 0.000989535
224 0.00258545
1 4.59535e-05
2 3.74217e-05
96 0.000773694
2 6.64171e-05
1 2.60782e-05
228 0.00359138
51 0.000359696
321 0.000584412
137 0.000330032
2 0.000223914
2 0.00262869
3 2.73709e-05
113 0.000732755
11 0.000169427
3 0.000166905
2 0.000656542
2 1.47354e-05
4 0.00482751
1 0
12 0.000316275
7 0.000916203
1 7.82669e-05
5 0.000323064
9 0.000285288
15 0.00155342
164 0.00388113
1 1.76471e-05
382 0.000908681
193 0.000602088
1 0.00016065
159 0.00518784
1 1.85532e-05
10 0.00186688
2 4.55225e-05
1 0.000194379
317 0.00154564
305 0.000300537
317 0.00313997
1 6.66485e-05
1 2.42141e-05
5 0.000434013
1 0.000113227
1 4.0495e-05
25 0.000652185
141 0.000737677
8 0.000198752
237 0.00044493
220 0.00032325
2 0.000121729
5 0.000386126
312 0.000768352
1 0.00011561
5 0.000717345
4 0.000271806
6 0.000223388
1 4.11077e-05
2 3.06606e-05
340 0.0010204
6 0.000891375
3 0.000133541
5 0.000131851
1 1.24484e-05
14 0.000782988
1 2.2469e-05
208 0.000898208
12 0.0004521
7 4.99428e-05
1 0.00012121
127 0.000712977
7 0.000305673
54 0.000546693
1 2.41527e-05
1 6.77448e-05
3 0.000273284
283 0.00099809
190 0.00119119
234 0.00323034
2 9.19745e-05
381 0.000826241
247 0.00118964
2 0.000195783
4 0.000337834
26 0.000230496
4 0.000118899
1 0.000134143
259 0.000782033
2 0.000152101
1 6.06079e-05
318 0.00417887
385 0.00121445
306 0.000760544
230 0.00132333
300 0.000248968
1 0.000303802
303 0.000135089
1 2.37126e-06
5 0.00035831
3 0.000153233
7 0.000169755
4 0.000139935
2 0.000126939
2 6.63266e-05
279 0.000898073
7 9.70885e-05
9 0.000377803
4 0.000146384
1 0
1 2.28432e-05
174 0.000827023
2 0.000150547
81 0.000485563
2 0.00271614
1 0.000366944
1 7.97368e-05
48 0.00133946
1 3.08101e-06
1 0
230 0.000319863
2 0.00032973
9 0.000251629
256 0.000552773
1 4.44009e-06
271 0.00079748
1 7.9512e-05
123 0.0012359
3 0.00223526
1 4.1306e-05
18 0.0024202
1 0.00016927
181 0.00026952
2 4.31979e-05
17 0.000597844
206 0.0004902
2 0.000117082
191 0.000420739
2 0.000228525
157 0.000260172
1 2.09624e-05
1 1.32917e-05
4 0.000107469
147 0.000395706
251 0.00190453
1 0.000203481
1 2.38432e-06
1 0.000166022
1 4.59256e-05
4 0.00351536
3 0.000188994
1 7.51413e-05
1 6.09739e-05
2 0.000130731
4 0.000186563
1 5.72769e-05
181 0.00052744
15 0.000217336
20 0.000594792
1 9.55025e-06
5 0.000115873
1 0
1 0.000104712
5 0.000663786
207 8.40129e-05
108 0.00126886
3 0.00269092
316 0.000925262
3 0.000298119
1 2.51018e-05
1 0
4 0.000525556
61 0.00246585
1 3.53788e-06
1 1.5337e-06
1 1.06539e-05
54 0.000552413
100 0.000184478
1 0.0001003
1 2.23432e-06
5 0.00026177
161 0.00231733
52 0.00211148
2 3.64422e-05
5 0.000181517
1 0.000100131
4 6.46242e-05
5 0.000322252
2 0.000209626
2 0.000142797
1 7.18987e-07
11 0.00152784
1 4.78919e-05
1 3.19999e-05
1 0
11 0.000255281
78 0.000691426
5 0.000499712
1 1.5541e-05
1 5.46204e-06
1 0
1 4.24904e-05
1 2.92862e-05
2 0.000422198
1 1.60774e-05
1 7.11242e-06
1 2.96852e-05
10 0.00819375
2 0.00142015
1 5.07708e-05
1 0
1 0
2 0
1 1.68292e-05
7 0.000245897
1 9.27136e-05
3 0.000371859
1 1.30128e-05
1 0
1 0
1 1.68007e-05
117 0.000808048
1 5.2978e-06
1 2.35719e-06
1 4.51539e-05
4 0.00116723
2 9.42103e-05
1 4.54766e-05
1 1.09174e-06
1 2.46993e-05
1 0
1 3.83658e-05
1 0
8 0.000558649
6 0.000341342
1 8.48193e-05
3 7.50855e-05
2 0.00274721
1 1.99192e-07
1 0
1 0
1 0.000104737
1 0
2 2.0003e-05
1 4.99899e-06
1 5.17917e-05
3 4.25232e-05
1 1.41713e-05
2 0.00263693
3 7.30639e-05
1 8.37218e-06
2 5.00893e-05
1 0
1 3.62518e-05
5 0.000169758
1 8.21919e-06
1 1.97529e-06
1 1.58431e-06
5 0.000100098
1 0
3 0.00153869
2 0.000238265
4 0.000297939
1 0
1 8.5691e-05
1 0
1 0
1 1.78226e-05
4 0.00028635
1 0.000162618
1 0
3 0.00213153
1 8.01021e-06
1 0.000133622
1 2.62398e-05
1 9.69896e-06
1 2.78115e-05
1 4.2307e-05
1 0
1 3.92812e-06
1 0
1 0
1 0
1 0
2 6.25822e-05
2 4.19506e-05
1 8.3954e-05
1 0
4 5.92658e-05
1 2.95396e-05
1 0
2 0
1 0
2 0.000460567
1 0
1 0
1 1.75507e-05
2 0.000569066
1 0
5 0.000329371
1 0
1 5.22889e-06
1 0
1 0
1 0
1 5.7231e-07
1 0
1 1.04633e-05
1 2.71498e-06
1 2.5433e-06
1 0
1 0
2 3.34311e-05
1 0
1 0
1 0
1 0
1 8.33104e-07
1 0
1 0
1 6.07988e-06
1 0
1 0
1 0
1 0
1 8.66338e-07
1 0
1 0
1 0
1 0
1 0
