548 8297
1441 9744
866 8380
519 8052
399 7869
499 7854
820 8522
1696 9558
420 7763
1732 9853
542 8023
2195 10180
563 8242
600 8216
417 7856
447 7877
382 7911
417 7880
567 8176
384 7911
398 7979
427 7776
473 7955
430 8033
404 7976
722 8424
2507 10623
590 8078
382 7888
590 8404
662 8376
603 8109
391 7723
422 7812
501 8085
418 7976
833 8369
399 7969
411 8021
2208 9716
411 7927
417 7971
1216 8867
535 7885
434 8164
417 8018
387 7929
491 7833
908 8501
634 8180
405 8092
393 7966
483 8006
487 7996
385 7879
689 8522
684 8260
464 8017
421 7921
623 8218
537 8171
435 8004
620 8579
392 7898
519 8160
473 8116
533 8092
408 7975
432 7956
693 8378
