13 0.00272657 8 4
31 0.000555316 5 6
5 0 2 1
42 0.000569696 5 7
22924 0.0139226 13 147
56 0.00477851 10 10
899 0.0154498 17 32
5 0 3 1
8 4.85067e-05 4 2
21 0.00171283 8 7
7 0.000540361 3 2
34386 0.0408354 34 286
7030 0.00430333 7 61
34 0.00581622 10 7
5 0 2 1
24 0.0161325 17 9
28466 0.0114142 25 220
14 0.00540723 8 5
5 0 1 1
89 0.00874693 21 20
33834 0.0388218 29 279
5 9.17711e-05 3 1
5 0 2 1
23774 0.00591512 14 149
17636 0.00345224 12 107
68 0.0055067 11 13
9 0.00198656 4 3
31599 0.0175016 20 237
5 0 1 1
5 0.000790723 4 1
5 0 2 1
32129 0.0114774 24 245
21577 0.00325733 13 138
8085 0.00399961 8 57
9 0.0018725 6 4
8 0.000288976 4 2
3925 0.0250184 18 38
25 0.00411478 7 8
5 0 1 1
5 0 1 1
23319 0.0110258 16 156
34297 0.0171043 32 292
13 0.0103966 9 4
15 0.00392862 10 5
33098 0.018177 22 244
31368 0.017736 23 241
5 0 1 1
10 0.00246667 7 2
25748 0.0064065 16 159
139 0.00490372 23 12
12 0.00175213 6 3
5 0 2 1
5 0 2 1
33831 0.0396934 32 292
30 0.00668645 9 5
13 0.00235717 7 5
5 0 1 1
7 0.00191252 4 2
5 0.00128216 3 1
5 0 2 1
10 0.00329245 6 4
18 0.000800613 5 4
21 0.00108595 6 4
9 0.00144289 4 4
5 0 2 1
5 0 3 1
7 0.00170725 3 2
32723 0.00771297 30 258
28301 0.00690025 17 183
35 0 9 5
200 0.00772861 25 17
29 0 9 4
35364 0.0202937 68 326
33289 0.0108071 31 267
67 0.00725924 15 12
22 0 9 3
208 0.00483641 31 27
1902 0.011533 68 52
7 0.000957908 5 2
236 0.00251684 13 18
134 0.00120238 11 15
31303 0.00215268 22 218
126 0.00242793 21 15
97 0.00220763 20 13
113 0.00553609 25 17
8 0.000962001 4 3
14 0 9 2
5 0 9 1
16 0.00130981 6 4
30178 0.00735544 20 206
40 0.000760629 13 6
53 0.00227076 14 8
28831 0.00350719 27 229
5 0 8 1
5 0 3 1
3673 0.000262794 7 37
21608 0.003429 13 134
20 0.00389935 14 5
1175 0.00103187 9 28
8 0.00012514 4 2
3201 0.0112775 63 60
35123 0.0185177 81 331
29917 0.0199475 30 257
35685 0.015541 77 331
31345 0.00192212 22 218
7 0.000248818 4 2
35881 0.0313646 37 336
5 0 1 1
5 0 2 1
7809 0.00576835 9 58
5 0 1 1
10 0.00226814 6 4
10 0.00174634 6 4
5 0 1 1
5 0 2 1
7 0.000176902 4 2
157 0.00311161 18 17
25709 0.0183002 18 184
7 0 2 2
5 0.000644425 2 1
6 0.00140521 4 2
46 0.0124815 19 14
13460 0.00359216 11 88
5 0 2 1
5 0 2 1
12 0.00353155 5 4
23 0.00162288 7 5
5 0.000879765 2 1
5 0 2 1
5 0 1 1
19 0.00296324 7 5
5 0 1 1
10 0 3 3
24808 0.00693316 16 168
5 0 2 1
9 0.00240697 6 3
8 0 3 2
5 0.00307833 5 1
5 0.00515029 4 1
12 0.00144271 5 5
5 0 1 1
15098 0.00837988 10 102
5 0 3 1
205 0.00384195 11 15
29616 0.0188041 20 209
30174 0.0373601 21 202
29076 0.0075765 18 197
1033 0.00571014 18 33
33 0.00221612 9 8
5 0 2 1
42 0.00107127 8 7
5 0 4 1
27228 0.00664655 21 197
5 0 2 1
24 0.000675013 9 4
5 0 5 1
7 0 2 2
1632 0.00529199 62 45
29274 0.00785257 18 192
135 0.00535981 12 13
18 0.00286294 10 5
94 0.00367963 11 10
5 0 1 1
26 0.00713169 12 9
5 0 5 1
23271 0.00321878 13 155
9 0.00040015 4 3
8 0.0044623 7 4
5 0.000290847 4 1
9 0.000971454 5 3
5 0 3 1
5 0 2 1
22 0.00192167 11 8
8 0 3 2
26 0.00179005 12 3
23887 0.00423601 13 157
5 0 2 1
5 0 1 1
9 0.0002405 3 3
35 0.00247875 12 11
5 0.000864251 4 1
5 0 1 1
5 0.0007026 3 1
7 0.0002405 3 2
33410 0.0355355 33 292
40 0.00316449 7 8
8 0.00289274 4 2
10 0.00189317 5 3
1560 0.00149933 10 24
119 0.00462417 12 14
5 0 3 1
20 0.00760099 10 7
16 0.00202912 6 3
7 5.55251e-06 3 2
34 0.00605046 9 7
36 0.00358815 11 10
5 0 2 1
7 0 2 2
5 0 2 1
11 0.000635451 4 3
18 0.000937507 5 5
193 0.00690961 8 19
4533 0.00574123 10 42
8 0.000328778 4 2
5 0.000798894 3 1
34630 0.0405166 30 286
5 0 2 1
25 0.00309215 8 6
13 0.000614185 5 4
10 0.00216402 7 5
66 0.00264337 7 8
20330 0.00807379 12 126
25942 0.0203881 16 165
20 0.00430289 10 7
5 0 3 1
6 0.000481116 2 2
5 0 2 1
14 0.0021729 7 4
8 0 3 2
5218 0.0028319 49 76
14 0.00157719 7 4
5 0 3 1
36 0.00349833 8 11
17583 0.00372506 12 105
17507 0.00828521 11 109
82 0.00618165 13 14
29057 0.0115982 18 197
12877 0.00780222 10 88
31366 0.0216945 26 237
24 0.00334985 9 6
21 0.00378345 12 8
5 0 2 1
10 0.00112158 6 4
7 0 2 2
13654 0.00172434 12 91
5 0 2 1
31 0.00539445 11 9
4282 0.000647229 8 47
231 0.00363226 22 18
34664 0.0156196 26 278
47 0.000664947 13 5
46 7.52406e-05 12 6
34794 0.0270183 38 296
113 0.000167617 19 9
5 0 2 1
5 6.08898e-05 4 1
5 0 11 1
1289 0.00153978 11 29
62 0.000324711 14 7
95 0.00145365 17 12
28728 0.00463397 29 239
32017 0.00842268 27 247
25605 0.00410273 15 161
16 0 11 2
32223 0.0138495 30 258
5 5.09537e-05 5 1
31417 0.0158116 21 226
35050 0.00147309 49 287
5 0 42 1
30710 0.00443076 48 268
34290 0.0015075 55 294
30905 0.00409081 56 285
580 0.000157261 47 18
34478 0.00932468 65 298
474 2.22462e-07 45 13
726 0.000112123 49 23
5 0 1 1
33872 0.00688905 54 292
55 0.000149842 45 4
5 0 43 1
5 0 1 1
508 0.000481339 46 15
440 2.22462e-07 45 12
1027 0.00190314 56 33
369 2.22462e-07 45 10
2515 0.00194339 49 41
405 2.22462e-07 45 11
34947 0.0178502 77 327
1277 0.00125283 48 30
10 0.00118302 4 3
1058 0.00936134 57 32
294 2.22462e-07 45 8
647 0.000592132 46 20
34774 0.00472408 60 306
215 2.22462e-07 45 6
7 0.00123097 4 2
30761 0.0286106 66 286
174 2.22462e-07 45 5
677 0.0019172 47 21
332 2.22462e-07 45 9
255 2.22462e-07 45 7
132 2.22462e-07 45 4
547 0.000158935 47 17
31439 0.0153282 79 327
1775 0.00513123 67 51
620 0.000113294 48 20
12 0.00735813 6 3
769 0.00179024 47 23
2694 0.0112661 53 45
34464 0.000746927 51 290
949 0.00337057 56 32
35294 0.0131895 51 298
13 0.00123752 7 3
5 0 1 1
1786 0.00746837 31 37
9 0 4 2
22 0.011279 16 5
5 0 1 1
5 0.000134522 4 1
5 5.02453e-05 6 1
5 0 4 1
5 0 2 1
15 0.000489791 5 4
1319 0.0182128 22 36
23172 0.00142419 14 148
5 0 3 1
9 5.57912e-05 5 2
16 0.000176538 6 5
19 7.68229e-05 7 4
5 0 4 1
32354 0.0165331 26 241
5 0 1 1
10395 0.00333083 9 67
189 0.0016925 22 16
5 0 2 1
5 0 3 1
5 0 3 1
5 0 3 1
5 0 1 1
5 0.000774481 3 1
8 0 3 2
29693 0.0161767 20 208
17 0.000240505 7 4
5 0.000656305 5 1
5 0 5 1
7 0.000516067 3 2
20 0.000481179 7 5
5 0 4 1
29 0.000492835 8 8
17 0.00106599 8 6
14 1.88255e-07 7 3
29037 0.00588133 26 232
21 0.00073953 5 5
375 0.00985366 14 23
35456 0.0252809 33 307
28 0.000240746 8 7
5 0 2 1
16883 0.00281259 11 109
31846 0.0108096 21 234
7 0 2 2
24313 0.00472627 15 152
4719 0.0265127 22 42
7 3.28942e-05 4 2
33 0.00657072 16 12
5 0.000317966 4 1
5 0 2 1
5 0.00295068 7 1
5264 0.0207966 22 49
6 0.000766704 3 2
5 0 5 1
10 0.000125441 6 2
33844 0.0262986 31 298
5 0 2 1
34150 0.0272338 30 281
47 0.00332402 11 11
5 0 1 1
5 0 3 1
34037 0.0252219 28 267
30842 0.0144884 22 230
8 0.00201648 5 3
7 0.000686002 3 2
8 0.00970787 8 2
26110 0.00902619 15 173
31705 0.0180889 26 243
29746 0.00880068 17 203
6 0.000854553 5 2
18 0.00182283 8 7
5 0 2 1
15 0.000942778 8 4
7 1.19928e-05 3 2
5 0 1 1
5 0 1 1
16 0.00137635 7 5
8 0.000396964 4 2
5 0 3 1
236 0.00787897 12 16
48 0.0039352 13 14
5 0 3 1
28267 0.0109639 18 187
11 0.00671456 5 4
11 0 6 2
5 0 6 1
17 0.00387593 6 4
5 0 3 1
32597 0.0241781 25 260
25238 0.00551978 18 183
30435 0.0119426 23 225
26800 0.00893026 16 175
19 0.00181362 7 5
908 0.000523383 9 21
22 0.00244504 9 8
20 0.000269855 9 4
8 0 3 2
5 0 1 1
5 0.00107312 4 1
5 0 2 1
27 0.00110187 7 7
5 0 1 1
20954 0.00633136 13 130
5 0 1 1
21829 0.00820546 13 134
9 0.00116481 6 4
5 0 1 1
5 0 2 1
5 0 1 1
27606 0.00473182 17 187
32163 0.00686534 24 241
29113 0.00992813 19 200
5 1.37181e-05 6 1
8 0 3 2
10 0 3 3
5 0 3 1
5 0.000168658 3 1
11493 0.0039039 10 75
8 0 3 2
5 0 3 1
5 0 3 1
48 0.000403881 16 13
13 0.00285461 6 5
28 0.000196505 9 5
11 1.52618e-05 7 2
56 0.00262392 9 9
88 0.00241786 16 17
8 0.00148531 7 3
11 0.00675657 10 4
60 0.00175774 15 12
14 0.000769498 8 3
5 0 3 1
71 0.00357314 10 11
5 0 1 1
5 0 1 1
5 0 5 1
10 0 5 2
81 0.00107715 15 17
5 0 4 1
32110 0.0092833 28 258
9 0 4 2
26311 0.0054125 17 173
17 0.000552223 5 5
12 0.00067791 5 4
5 0 3 1
9 0 4 2
231 0.0206808 26 32
5 0.000733725 4 1
41 0.00187345 12 9
5 0 1 1
7 0.000409546 3 2
11 0.000344102 5 3
23 0.00369724 11 8
58 0.00186508 16 12
33730 0.0257126 25 265
5 2.97911e-05 4 1
28841 0.00739864 19 201
15 0.00180144 8 5
6 0.000618589 4 2
13 0.00116678 5 4
5 0 2 1
5 0 4 1
21167 0.00606288 13 130
5 0 3 1
26 0.00434645 12 9
5 0 2 1
5 0 4 1
5 0 1 1
5 0 3 1
11 0.00800351 10 4
7 2.97787e-05 3 2
6 0.000481174 3 2
5 0 2 1
7 0 2 2
19 0.00455226 11 8
5 0 2 1
5 0.000129881 2 1
5 0 1 1
7 0 2 2
187 0.00172501 8 18
21449 0.00326572 13 139
5 0.000185726 3 1
5 0.000664945 3 1
27157 0.0098926 15 181
80 0 17 6
6 0.000759057 3 2
92 0 17 7
27300 0.0107556 15 181
126 0.00295843 22 11
13 0.000952109 9 2
103 0 17 8
67 0 17 5
19292 0.00586364 12 118
29923 0.0172472 20 213
10229 0.00327135 9 70
53 0 17 4
38 0 17 3
22 0 17 2
5 0.0028007 5 1
18 0.00170772 8 3
5 0 17 1
17 0.00140056 8 5
7 0.000248005 3 2
8 0.00230477 7 3
8972 0.00390538 9 66
7 0.00192342 5 3
139 0.00405602 13 14
5 0.000501 3 1
5 0 2 1
8 0.00158342 4 2
5 0 2 1
25063 0.00704597 14 163
139 0.00719243 16 17
33637 0.0122725 30 269
17 0.000403654 13 3
127 0.0015833 17 9
39 0.00362469 7 5
11 0 6 2
5 0 8 1
21 0.000538022 8 5
5 0 2 1
32437 0.00173389 24 235
27745 0.00118661 16 173
5 9.39247e-06 7 1
5 0 7 1
13 0.00409303 14 5
5 0 4 1
30672 0.0120853 20 220
16 1.74278e-05 9 3
13 1.44705e-08 9 2
28732 0.0099615 17 186
5 0 6 1
31213 0.0189941 24 241
22 0.00242461 8 6
34728 0.0239694 44 288
10 5.55259e-05 6 2
30352 0.00132515 18 200
27 0.000663913 10 5
5 0 6 1
19 0.00045245 9 4
5 0 2 1
5 0 3 1
7 0.00103467 3 2
12 7.71762e-08 5 3
25 9.32514e-06 8 7
5 0 2 1
5 0 2 1
29000 0.0088249 18 194
5 0 3 1
7 0.000166683 6 2
5 0 4 1
5 0 4 1
5 0 3 1
21 9.42161e-06 8 6
5 0 1 1
5 0 2 1
14 0.00224196 8 7
6 0.000481116 2 2
34 0.00793546 16 12
6 0.00161964 8 2
13 0.00325936 10 4
13 0.00350805 8 3
6 0.000481116 2 2
5 0 1 1
17146 0.00521481 11 102
5 0 2 1
33811 0.0391881 45 298
26192 0.00794451 16 174
5 0 1 1
5 0 1 1
16 0.00275933 10 6
12041 0.00796876 10 76
5 0.000141009 2 1
5 0 1 1
7 0 2 2
5 0 1 1
27 0.00117949 8 7
27242 0.00663598 17 186
21 0.000481116 7 5
5 0 6 1
16 0 6 3
11 0 6 2
170 0.00288468 8 18
5 0 1 1
5 0 2 1
5 0 1 1
5 0 2 1
62 0.00261891 10 10
25 0.00312192 12 9
11 9.73208e-05 5 3
5 0 2 1
5 0 3 1
7 9.31059e-05 3 2
5 1.53569e-06 3 1
11 6.51154e-05 5 3
29417 0.00762808 19 199
5 0 1 1
5 0 3 1
5 0 12 1
20519 0.00183911 13 121
5 0 6 1
18 0.000106817 10 3
11 0.000234648 8 2
65 0.00209903 14 8
565 0.000213919 19 18
12 0 7 2
5 0 3 1
5 0 7 1
7 0.000108398 6 2
77 0.00365244 15 13
10 0.00474696 7 2
30 3.19441e-05 15 4
16862 0.000874718 11 104
5 0 3 1
12 0.000880783 6 4
8 0 3 2
16817 0.00558678 11 111
764 0.0012731 34 37
5 0 2 1
152 0.00349988 9 14
35 0.00179495 6 10
5 6.99151e-05 2 1
11 0.00458544 9 6
6 0.000481116 5 2
16 0.00528232 8 6
15 0.000573885 5 4
18554 0.0138218 11 123
270 0.000562918 6 13
5 1.69879e-06 3 1
8 3.03044e-05 3 2
19 0.0043937 10 9
6 0.000481116 2 2
13 0.00177014 6 5
10 6.96935e-05 4 3
22429 0.00549699 14 149
6 0.000481116 4 2
5 0 1 1
5 0 1 1
5 0.000204781 2 1
27 0.0024199 11 8
5 0.000791804 3 1
34858 0.0095119 35 301
14 0.000594525 7 4
5 0 2 1
7 0.000292368 3 2
6 0.000481116 4 2
11 0.000114868 4 3
26 0.00349948 10 8
23 0.00638236 10 7
5 0 2 1
7 0.00165435 3 2
1527 0.00323401 5 30
11 0.00144289 5 5
5 0 2 1
12 0.00336374 8 6
22 0.00239814 7 7
5 0 2 1
5 0.00285505 6 1
24102 0.0096958 17 169
5 0.00364193 3 1
5 0 3 1
5 0 1 1
5 0 2 1
214 0.0017979 23 20
7 0.000241098 3 2
8 0 3 2
441 0.00936285 22 23
5 0 2 1
29273 0.00722036 19 199
157 0.00776223 13 15
20 0.00390362 8 4
5 0.000252818 3 1
368 0.0127082 33 34
55 0.00332953 14 11
103 0.00203104 12 16
11 0.00230616 6 4
18 0.00362016 8 5
5 0.00117441 4 1
5 0 1 1
5 0 1 1
20 0.00627489 10 4
3752 0.0176998 15 46
24 0.00388765 9 7
6 0.000481116 3 2
11 0.00144265 4 4
18 0.000983723 8 5
5 0 1 1
20532 0.00850544 12 139
5 0 2 1
7 0 2 2
16 0.00160037 7 5
16 0.002639 10 5
11 0.00192342 5 5
5 0 1 1
17210 0.00436237 11 119
14612 0.00422277 11 90
5 0 2 1
23 0.00242601 7 6
5 0.000754328 5 1
9 0.0002405 3 3
7 0.0002405 3 2
5 0 1 1
18 0.00263163 9 8
5 0 3 1
5 0 1 1
5 0 1 1
14 0.0010528 6 5
10329 0.00504322 9 69
6 0.000706251 4 2
16 0.00473639 6 6
5 0 1 1
5 0 1 1
13 0.000593118 7 3
5 0 2 1
2021 0.0106146 11 36
5 0 2 1
142 0.00375957 12 15
11 0.00254785 7 5
5 0 4 1
5 0 4 1
5 0 1 1
5 0 1 1
7 0.000962117 3 3
5 0 3 1
8 0 3 2
15 0.000136172 7 4
5 7.30143e-05 2 1
43 0.00759483 15 13
6 0.00285121 5 2
30972 0.0181078 23 231
5 0 1 1
2445 0.00672107 12 40
25019 0.0100582 15 156
5 0 3 1
5 0 3 1
16 0.00330888 10 4
14 0.00892896 12 5
21 0.0024415 8 6
14 0.000682463 6 3
5 0 5 1
29668 0.00771116 20 213
24294 0.0031797 15 154
7 0.00193912 5 2
13 0.00106886 6 4
5 0 3 1
5 0 1 1
5 0.000650502 2 1
5 0 2 1
5 0 1 1
5 0 2 1
41 0.00710914 13 11
10 0.000686287 6 3
5 0 2 1
5 0 3 1
5 0 1 1
20 0.00192528 8 6
30 0.00613539 14 12
9759 0.00290274 10 71
10 0 3 3
25313 0.00678241 19 185
5 0 3 1
5 0 2 1
10 1.15764e-07 4 3
5 0 2 1
5 0 3 1
15 2.12234e-07 5 5
16 0.0028313 8 6
8 0 3 2
8 3.85881e-08 4 2
5 0 3 1
5 0 1 1
5 6.45909e-05 4 1
516 0.00151066 28 28
5 0.000351537 4 1
5 0 2 1
728 0.00231482 37 35
32 0.000435887 7 5
5 0 2 1
5 0 2 1
14 0.00156347 6 4
5 0 1 1
5 0 2 1
40 0.0025267 11 9
6 0.00156753 4 2
5 0 1 1
5 0 1 1
28 0.001307 8 9
14 0.00102547 5 4
5 0 2 1
2863 0.00857869 15 39
7 0.00132701 5 2
18 0.00286038 10 7
5 0 2 1
5 0 1 1
11 3.85881e-08 4 3
5 0 3 1
5 0 3 1
9 0.00219931 5 2
5 0 2 1
3857 0.00535586 20 49
5 0 2 1
14 0.00035688 7 4
5 0 1 1
8 0.00187277 7 2
8 0.000272098 4 2
5 6.97141e-06 3 1
25832 0.00871375 16 166
5 0 2 1
7 0.000668494 4 2
5 0 1 1
5 0 2 1
7 0 2 2
5 0 2 1
7 0.000580703 3 2
8 0.000962001 3 3
8 0.000481116 3 3
6 0.000481116 3 2
5 9.80951e-05 2 1
5 0 3 1
5 0 2 1
8 0 3 2
24 0.00245087 10 8
11 0.00144289 5 5
11 0.000208713 4 3
5 0 2 1
8 0.000208713 4 2
25 0.000855706 9 6
5 0 4 1
5 0 2 1
30495 0.0121583 21 221
13 0.000590145 7 4
10880 0.00146145 9 75
13288 0.00378009 10 85
9 0 4 2
5 0 2 1
5 0 5 1
26 0.000559329 7 6
5 0 4 1
23 0.00861297 10 6
16 0.00117869 6 4
5 0 3 1
82 0.00264492 11 11
15 0.00647858 10 5
5 0 1 1
45 0.00141236 10 10
17 0.000950555 7 4
5 0.000201273 5 1
8 0.00193301 6 2
5 0 1 1
5 2.87266e-05 3 1
5 0 2 1
5 0 2 1
9 0.000936782 7 3
8 0.000409173 5 2
7 0.00093277 5 2
119 0.00261416 15 21
5 0 3 1
43 0.00292955 13 10
7 0.000108723 4 2
5 0 2 1
15 0.002019 8 5
140 0.00376131 17 22
10505 0.000471174 11 75
120 0.00821015 18 17
49 0.000279539 7 6
24 0.00582845 11 8
9 0.00257803 6 2
5 0.000611658 6 1
8 0.000103182 4 2
5 0 2 1
5 0 2 1
5 0 1 1
12 0.00240419 6 6
7 0 2 2
5 0 2 1
7 0 2 2
5 0 2 1
6 0.00288322 2 2
5 0 2 1
8 9.91927e-05 3 2
5 0 1 1
5 9.91927e-05 3 1
10505 0.00434386 9 75
9 0.000165984 4 2
7 0.00113406 4 2
6 0.000962001 3 2
6 0.000481116 2 2
16 0.00568975 8 5
5 0.000410203 5 1
23 0.000751175 6 6
6 0.000481116 2 2
5 0 1 1
25 0.0049821 12 9
24630 0.00429511 14 156
7 0.000542408 4 2
11 2.86617e-05 4 3
13770 0.00308251 10 88
8 2.86617e-05 4 2
14 0.001155 7 4
7 8.64917e-05 4 2
5 0 1 1
5 0 3 1
24147 0.00624574 13 157
5 0 3 1
8 2.54888e-05 5 2
42 0.0016446 10 9
21 0.00010664 8 5
28 0.00276684 9 7
52 0.00828336 17 12
5 0 2 1
9 0.000536156 6 2
8 0.000536706 4 3
5 0 3 1
85 0.00193293 9 14
102 0.00294836 9 11
5 0 2 1
12 0.000731124 5 4
5 0 4 1
5 0 3 1
22 0.00402746 10 6
11 0.000321681 6 3
20904 0.00663994 13 123
41 0.00376288 7 7
5 0.00414805 6 1
14 0.00247672 7 4
102 0.00695304 10 10
5 0 1 1
5 0 1 1
19 0.00104783 10 5
6 0.000481116 3 2
5 0 1 1
5 0 1 1
5 0 1 1
26199 0.00811239 20 187
16 0.00225806 6 4
5 0 2 1
5 0.00178405 3 1
14 0.00194466 6 5
5 0 3 1
10 0.00192365 5 5
6 0.000983869 6 2
8 0.000416002 5 2
16 0.00204463 5 6
5 0 3 1
36 0.00322145 13 10
5 0 2 1
11 3.85881e-08 4 3
31076 0.0132112 19 222
5 0 3 1
5 0 3 1
64 0.00190164 8 9
3651 0.0100292 16 47
34 0.00104607 12 9
27 0.0014101 9 5
2648 0.00253593 13 31
13 0.000335032 6 3
8 0.000690482 5 2
8 3.39373e-05 5 2
179 0.00743732 21 21
20567 0.00662948 13 132
25 0.00149656 11 8
5 3.80536e-06 3 1
34 0.004352 10 9
4387 0.0137596 25 60
27 0.00227023 12 8
8 0 3 2
6 0.000481116 3 2
30537 0.015053 18 220
5 0 3 1
10 0.00261518 4 3
16 0.000749513 4 4
14 0.011372 7 5
5 0.000442142 3 1
5 0 1 1
5 0 1 1
25406 0.00405231 15 167
5 0 2 1
5 0 2 1
22 0.00231746 9 9
5 0 1 1
107 0.00762128 14 13
12 0 4 3
5 0 1 1
9 0 4 2
7 0.000187658 3 2
5 0 2 1
5 0 4 1
5 2.65947e-05 4 1
24225 0.00727951 15 152
5 0 2 1
29924 0.0157822 19 219
5 0 3 1
11 0.00099432 6 2
5 0 1 1
18 0.00160583 8 6
5710 0.000435594 5 49
16 0.0014051 6 4
8 0 3 2
25135 0.00573251 15 161
5 0.000721804 6 1
5 0 3 1
5 0 1 1
24 0.00434252 14 8
16 0.00240396 7 7
5 0 2 1
25071 0.0110299 14 162
5 0 2 1
17 0.00220808 9 7
20533 0.00601624 12 126
21 0.000351416 8 5
7599 0.00417408 8 53
33443 0.0218009 28 266
8 5.61586e-06 4 2
5 0 3 1
9530 0.00348055 9 60
33 0.00664937 12 9
35772 0.0588586 45 332
7 0.000937984 5 2
32 0.00735397 12 7
31336 0.011243 21 225
10 0.00133094 7 4
12 0.000102883 5 3
9 0.00147059 5 3
17 0.000146638 6 5
10 0.000481116 5 3
5 0 1 1
5 0 2 1
5 0 4 1
5 0 2 1
5 0 1 1
5 0 3 1
10 0.00133484 6 4
5 0 1 1
5 0 1 1
5 0 2 1
25175 0.00847109 15 166
12 0.000441782 5 4
7 0.00111504 4 2
5 0 2 1
13531 0.00511396 10 90
8 0.00284935 5 2
5 0 1 1
6 0.000481116 2 2
5 0 2 1
7 0.000295245 3 2
33916 0.0231411 25 261
11 0.00407693 9 6
78 0.00175588 10 9
28706 0.0123327 17 194
30946 0.00549999 19 217
23 0.00282897 10 6
5 0 6 1
13 0.00172671 7 3
46 0.0033495 10 11
18209 0.00596298 12 117
34 0.00656493 10 6
5 0 2 1
5 0 1 1
246 0.0171995 28 23
10 0.0032981 9 3
11274 0.00665247 9 77
190 0.0110421 17 18
11 0.000425704 7 2
7 0.000327431 4 2
16509 0.00262441 12 107
8 0 3 2
5 0 3 1
34331 0.0269819 26 274
42 0.00363006 10 6
9 0.00139114 8 3
34416 0.0200534 27 277
24714 0.00462407 14 153
50 0.0020974 10 11
5 0 3 1
14 0.00104358 7 4
5 0.000266608 6 1
5 0 3 1
20 0.000681782 9 5
9 0.000554397 5 3
14 0.000973268 7 5
5 0 1 1
5 0 2 1
60 0.00781103 9 11
8 0.000481116 3 3
5 0 2 1
5 0 2 1
6 0.00192308 3 2
5 0 2 1
10 0 3 3
16 0.00302805 7 4
22 0.00179613 7 5
5 0 3 1
8 0 3 2
18 0.00353993 9 8
5 0 2 1
7 0 2 2
18 0.00213297 10 5
33 0.00571865 17 13
30 0.00454095 9 7
568 0.0017675 8 22
8 0 3 2
7 0.00118655 6 2
5 0 3 1
5 0 3 1
5 0 1 1
5 0 1 1
5 0 2 1
5 0 1 1
5 0 1 1
5 0 1 1
6 0.000481116 2 2
13223 0.010652 10 88
5 0 2 1
8 0.00154331 5 3
5 0 2 1
7 4.46295e-05 3 2
3199 0.00468806 15 45
5 0 4 1
5 0 1 1
7 0 2 2
5 0 2 1
5 0 1 1
5 0 1 1
10958 0.00853597 10 73
16 0.000184202 5 4
10 0.00073941 6 3
5 0 1 1
33 0.00616135 9 10
5 3.97934e-05 2 1
5 0 1 1
5 0 4 1
5 0 1 1
25 0.00274469 9 7
20 0.00226357 8 5
28 0.000463329 7 5
47 0.000115675 6 8
9 0.000624978 6 2
70 0.0036734 10 12
11 0.000272216 6 2
18 0.000272216 6 3
58 0.00258898 10 13
5 0 2 1
14 0.000672585 5 4
5 0 2 1
10 0 3 3
5 0 3 1
5 0 1 1
15 0.000584365 6 5
8 0 3 2
10 0.00219233 4 4
19 0.000916472 7 4
5 0.000431898 3 1
39 0.0038468 12 10
141 0.000826291 7 14
9 0.000126697 6 2
62 0.00393218 15 15
21 0.000432612 8 5
90 0.00278889 10 15
7 7.56148e-05 5 2
7 0.00328179 7 2
5 0 3 1
5 0.000167062 5 1
5 0 1 1
5 0 1 1
5 0 1 1
7 0.000962117 5 3
5 0 1 1
7 0 2 2
5 0 3 1
5 0 2 1
5 0 1 1
11 0.000977044 5 4
10 0.00192308 3 4
16 0.00364415 7 6
5 0 2 1
5 0.00144265 2 1
10 0.000760923 5 3
16 0.00107793 6 6
5 0 3 1
5 0 2 1
6 0.00192308 2 2
10 0.00384441 5 5
7 0.00144289 3 3
5 0 2 1
5 0 1 1
7 0 2 2
25 0.00267549 8 8
8 0.000962001 4 3
20 0.00123353 7 6
20983 0.0103243 13 145
10 0.00123741 5 4
5 0 4 1
10 3.47293e-07 4 3
9 0 4 2
5 0 3 1
5 0 2 1
7 0 2 2
43 0.00143138 11 11
12 0.00136359 7 3
5 0 3 1
5 0.00111412 3 1
5 0 4 1
151 0.00568139 21 23
19 0.000886211 8 6
21 0.0014942 8 6
8 0 3 2
28 0.0027469 10 8
10 0.000481116 5 3
5 0 1 1
5 0 3 1
5 0 2 1
32 0.0118807 13 11
110 0.00995234 30 31
8 0.000166479 4 2
5 0 2 1
8 0 3 2
5 0 3 1
11 0.00199198 5 5
5 0 2 1
5 0 3 1
23 0.000450178 8 7
13 0.00224162 6 4
5 0 1 1
15 0.00168012 7 6
7 0 2 2
9 0.000506716 4 3
20 0.000664094 5 5
5 0 2 1
5 0 1 1
5 0 1 1
9 0.000481116 4 3
5 0 3 1
570 3.65737e-05 42 21
670 3.65737e-05 42 26
498 3.65737e-05 42 18
613 3.65737e-05 42 23
592 3.65737e-05 42 22
66 0 31 3
687 3.65737e-05 42 27
5 0 33 1
547 3.65737e-05 42 20
745 3.65737e-05 42 31
732 3.65737e-05 42 30
70 0 33 3
95 0 31 4
718 3.65737e-05 42 29
388 3.00663e-05 41 14
787 0.00108134 43 35
757 3.65737e-05 42 32
131 0 33 5
123 0 31 5
778 3.65737e-05 42 34
703 3.65737e-05 42 28
34396 0.014791 59 323
160 0 33 6
216 4.16751e-08 34 8
445 3.00663e-05 41 16
768 3.65737e-05 42 33
652 3.65737e-05 42 25
523 3.65737e-05 42 19
709 0.00252058 36 36
678 0.0015756 34 34
36 0 31 2
38 0 33 2
472 3.65737e-05 42 17
633 3.65737e-05 42 24
5 0 2 1
417 3.00663e-05 41 15
5 0 31 1
101 0 33 4
188 4.16751e-08 34 7
7 0.000304887 5 2
34512 0.00300533 40 302
5 0 4 1
13 0.000481116 5 4
9 0 4 2
12 0.000559426 5 3
5 0 4 1
15 0.000435302 6 4
19 0.000435302 6 5
9 0 4 2
5 0 2 1
11 0.000839449 6 3
5 0 2 1
13545 0.00161723 11 88
5 0 1 1
15 2.19793e-05 6 3
5 6.68676e-05 6 1
5 0.000784656 4 1
28417 0.00556476 19 197
61 0.00228322 10 12
11 0.000420903 5 3
26 0.000509685 8 6
8 0.000242043 4 2
5 7.71762e-08 5 1
12 0.000252596 5 3
7 0 2 2
5 0 3 1
11 0 6 2
5 0 3 1
17 0.000481116 7 4
27 0.000248763 8 7
34 1.9294e-07 7 7
19 0.000123353 6 5
5 0 2 1
8 0 3 2
13 0.000151264 6 3
5 0 2 1
18 0.000151264 6 4
7 1.15764e-07 4 2
5 0 2 1
5 0 3 1
8 0.000481116 3 3
5 0 3 1
45 1.27341e-06 10 10
5 0 2 1
5 0 6 1
6 0.00100218 4 2
6 0.000481116 2 2
20 0.00255024 8 6
5 0 1 1
6 0.000481116 5 2
12 0.00285151 7 4
14780 0.00243466 11 92
5 0 3 1
17 0.00089006 8 6
5 0 2 1
14385 0.00955046 11 98
5 0 2 1
12 0.000697579 5 4
5 0 1 1
9 0.0022228 3 3
8 0.00198652 6 4
6 0.000962001 2 2
6 0.00354148 3 2
5 0 2 1
13 0.00780743 9 5
62 0.00462299 17 14
26681 0.0075521 21 196
10 0.00071307 7 3
9 0.000604221 7 3
5 0 3 1
5 0 3 1
11 9.10271e-07 5 3
5 0 1 1
10065 0.00221407 10 70
5 0 1 1
14 0.00138212 8 5
5 0 1 1
9 0.000944795 5 3
5 0 1 1
5 0 3 1
8 0 3 2
7 0.000962117 3 3
5 0 1 1
9 0.00156105 6 4
5 0 2 1
5 0 1 1
9 0.000716044 4 3
5 0 2 1
8 0.000646951 4 3
17 0.00287863 7 6
8 0.00264728 5 3
5 0 2 1
12 0.00131469 5 3
8 0.000481116 3 3
24233 0.00355433 17 163
5 0 2 1
5 0.00122503 4 1
7 0.000115149 5 2
5 0 2 1
5 0 3 1
8 0 3 2
5 0 3 1
75 0.0087356 19 13
5 0 2 1
5 0 1 1
60 0.005267 13 19
5 0 1 1
5 0 2 1
16 0.00254351 7 6
5 0 3 1
6 0.000962001 2 2
8 0 3 2
6 0.00277994 4 2
5 0 2 1
9 3.45783e-06 4 3
7 8.4806e-05 3 2
5 0.00118226 2 1
6 0.000481116 2 2
5 0 2 1
10 0.000638292 4 3
5 0 2 1
36 0.00782447 16 14
5 0 3 1
9 7.05593e-05 5 2
5 7.58275e-05 3 1
5 0 2 1
5 0 1 1
5 0 1 1
6 0.00192308 2 2
5 0 1 1
27 0 7 5
18 0 7 3
12 0 7 2
23 0 7 4
5 0 7 1
36 0.000393559 8 8
5 0 1 1
23 0.00240486 9 9
5 0 2 1
5 0 1 1
5 0 3 1
20 0.00395913 9 6
5 0 1 1
5 0 3 1
6 0.000743959 3 2
30 0.00293217 8 11
5 0 1 1
5 0 1 1
17 0.00309531 5 4
6 0.000481116 2 2
18 0.00144573 8 5
9 3.22076e-05 4 2
5 0 1 1
5 0.000222798 4 1
5 0 2 1
5 0 2 1
5 0 1 1
11 0.00144289 5 5
7 0 2 2
5 0 1 1
5 0 1 1
5 0 1 1
5 0 2 1
5 0 2 1
9 0.00305844 7 3
13297 0.00562358 10 86
5 0 3 1
768 0.00321728 12 25
5 0 2 1
5 0 1 1
8 0.000266079 5 2
39 0.000264148 11 10
5 0 2 1
11 0.00131009 6 3
5 0 4 1
9 0 4 2
31 0.00147073 6 8
32 0.000214456 10 8
5 0 4 1
29 0.000850552 7 8
5 0 4 1
5 0 4 1
5 0 3 1
5 0 3 1
13 0.000317497 6 4
8 0.000962001 3 3
32 0.0033976 10 9
5 0 1 1
5 0 2 1
5 0 1 1
14 0.00144289 6 6
5 0 3 1
5 0 2 1
5 0.000406784 4 1
5 0 2 1
13 0.000481753 6 5
22 0.000864208 6 7
5 0 4 1
9 0 4 2
14 0.00058513 6 4
8 0.000499694 4 2
5 0 1 1
14 0.000178027 5 4
5 0 4 1
5 0 1 1
5 0.000200419 2 1
30820 0.0231031 22 221
7 0.000691313 4 2
14 0.00216033 5 4
11 0.00216033 5 3
5 0 1 1
7 0.000170352 3 2
5 0 2 1
7 5.1281e-05 5 2
60 0.00211417 9 13
19 0.000643103 6 5
33 0.00576817 11 9
5 0 2 1
5 0.000532739 4 1
5 0 2 1
7 0.000283324 3 2
44 0.000706422 6 10
12 0.00287922 8 4
5 0 1 1
8 0.00170959 4 2
30 0.00327571 6 7
5 0 2 1
5 0 1 1
6 0.000481116 4 2
14352 0.00296546 11 97
5 0 2 1
5 0.000220485 2 1
10 0.000965479 4 3
5 0 1 1
8 0.00116876 4 3
5 0.000499926 2 1
24 0.00078096 7 7
10 0.00131635 4 3
8 0 3 2
18 0.000476635 5 6
5 0 3 1
5 0 1 1
5 9.14096e-05 4 1
23572 0.0128023 14 149
5 0 2 1
7 0.00175982 7 2
13 0.000526191 6 3
5 0 2 1
93 0.000639866 10 14
7 0.0015941 7 2
27 0.00738132 12 7
5 0.000186746 5 1
5 0.000550745 3 1
16999 0.00258463 13 107
5 0 2 1
159 0.0120617 18 26
5 0 5 1
5 0 1 1
41 0.00235591 13 10
5 0.000139559 3 1
10 3.59877e-07 7 2
19 0.00250207 5 6
5 0 2 1
84 0.00324412 17 15
10 0.000164622 6 3
5 0 2 1
7 0 2 2
18 2.69794e-06 8 4
5 0 2 1
5 0 3 1
5 0 2 1
8 6.29143e-05 5 2
19 1.53427e-05 8 4
7 1.3586e-05 3 2
319 0.00119715 14 22
17750 0.00512275 12 105
5 0 3 1
8 0.000962001 5 3
11 2.40305e-05 5 3
8 0.00270213 6 3
11 0.00158143 5 4
8 0.00211513 5 3
9 0.00192354 5 4
5 0.000231226 3 1
17 0.000587895 9 4
8 0 3 2
5 0 3 1
7 0.000937694 4 2
51 0.00351899 10 10
19 0.00767847 10 10
19386 0.00492085 12 130
5 8.16928e-06 3 1
8 2.32844e-05 3 2
6 0.000481116 2 2
8 0.000962001 3 3
7 0 2 2
9 0.00192342 4 4
5 0 2 1
18 0.000397131 6 6
5 0 1 1
15 0.000772939 6 5
9 0 4 2
20 0.000654004 8 6
5 0 4 1
5 5.92806e-05 2 1
7 0.000534246 3 2
5 0 2 1
5 0 2 1
5 0 1 1
9 0.000481116 4 3
12 0.00168107 4 4
82 0.00592091 21 19
7 0.00168107 4 2
64 0.00688242 11 10
16 0.00225923 6 4
5 0 2 1
5 0 1 1
5 0 3 1
14 0.00176973 7 5
6 0.000481116 3 2
23 0.00565137 13 10
5 0 3 1
5 0 3 1
39 0.000354597 8 8
5 0 4 1
34 0.000354597 8 7
9 0 4 2
52 0.00297008 19 16
15 0.000221185 7 3
5 0 4 1
5 0 3 1
5 0 1 1
5 0 1 1
455 0.00566506 16 21
5 8.04427e-05 5 1
7 0 2 2
5 0 2 1
5 0 1 1
5 0 2 1
7 0 2 2
9 0.0028838 5 4
5 0 4 1
5 0 1 1
7 0.000398836 4 2
5 0 2 1
9 0.000962117 4 4
5 0 2 1
5 0 1 1
5 0 1 1
14 0.00336411 6 6
8 0 3 2
7 0 2 2
5 0 2 1
5 0 3 1
13 0.000962001 5 5
5 0 3 1
8 0 3 2
7 0 2 2
13 0.00336503 7 7
5 0 2 1
6 0.000481116 2 2
7 0 2 2
5 0 2 1
8 0.00528255 4 4
5 0 1 1
6 0.000481116 2 2
8 0.000962001 4 3
9 0.000962117 4 4
7 0.000962117 4 3
9 5.78821e-08 3 3
5 0 2 1
5 0 2 1
5 0 1 1
5 0 1 1
997 0.00246173 11 22
11 0.00168246 4 4
6 0.000481116 2 2
7 0.000240327 3 2
5 0 2 1
5 0 1 1
5 0 1 1
5 0 2 1
5 0 2 1
5 0 2 1
5 0 1 1
5 0 1 1
10 0.000266183 5 3
5 0 1 1
5 0 2 1
31 0.00643484 10 10
42 0.00585241 9 11
5 0 1 1
23 0.00153941 9 6
12 0.0019658 9 4
5 0 2 1
5 0 1 1
20 0.00163466 9 4
5 0 2 1
5 7.51705e-05 3 1
7 0.000863109 3 2
18164 0.00395802 12 118
2440 0.00352243 13 31
12 0.000251531 6 3
9 0 4 2
5 0 4 1
6 0.000481116 3 2
14 0.000431255 5 5
14 0.00240396 6 6
6 0.000481116 2 2
5 0 1 1
5 9.9712e-05 2 1
7 0.00103294 7 2
5 0 2 1
7 0 2 2
28489 0.011786 16 194
5 0 2 1
34630 0.0158669 32 308
9 0.000606228 6 3
8 0.00096221 5 2
78 0.00206477 8 8
5 0 1 1
5 0 1 1
5 0 1 1
49 0.00275842 9 12
6 0.00192308 4 2
5 0 1 1
5 0 1 1
11 0.00288322 4 4
8 0.00120642 4 3
14 0.00144289 6 6
8 0 3 2
5 0 3 1
5 0 2 1
15138 0.0122513 11 99
14 0 5 3
17 0 5 4
10 0 5 2
5 0 5 1
5 0 1 1
5 0 1 1
19 0.00240384 8 8
12 1.15764e-07 4 4
8 0 3 2
12 0.00450946 6 5
5 0 3 1
5 0 2 1
5 0 1 1
5 0 3 1
8 0 3 2
5 0 1 1
8 0.000704461 4 3
16 0.000560067 5 4
34 0.00243 12 11
15 0.00296792 11 6
5 0 3 1
5 0.000193073 4 1
10 0.000500631 6 3
5 0 2 1
7 0 2 2
5 0 2 1
7 0 2 2
5 0 2 1
37 0.0022043 10 9
14 0.00013739 7 5
8 0 3 2
5 0 3 1
5 0 2 1
23 0.00144098 9 7
5 0 3 1
5 0 3 1
8 0 3 2
17536 0.0052665 12 114
5 0 3 1
30 0.0138409 10 9
8 1.71717e-06 5 2
13 1.10117e-05 4 3
11 0.000926014 4 3
8 0.000184767 4 2
6 0.00066548 4 2
5 0.000157273 4 1
5 0 1 1
28 0.0097916 15 10
55 0.00338996 9 9
5 0 1 1
15 0.00154259 8 6
9596 0.00248174 9 67
5 0 1 1
5 0 1 1
19332 0.00480321 12 121
5 0 1 1
8 0.000381264 4 2
5 0 1 1
17 0.00133884 8 5
5 0 1 1
5 0 3 1
25636 0.00336236 18 183
13 6.49851e-05 7 3
10 0.000712373 7 3
14 0.00192308 6 5
11 0.00575811 4 4
5 0 1 1
6 0.000481116 2 2
32 0.00213007 11 7
5 0 4 1
5 3.19342e-05 5 1
14 8.01289e-05 4 3
5568 0.00271427 8 50
9 0 4 2
19190 0.00480437 13 116
23166 0.00643661 13 144
5 0 1 1
5 0 2 1
5 0 1 1
8 0.000543259 4 2
5 0 1 1
17 0.0019225 6 6
8 0 3 2
10 0.000480537 4 3
5 0 3 1
5 0 2 1
74 0.000786398 6 13
5 0 2 1
15 0.00250244 9 6
5 0.000189431 3 1
5 0 1 1
5 0 2 1
5 0 3 1
9 5.78821e-08 3 3
5 0 2 1
5 0 2 1
5 0 1 1
5 0 2 1
655 0.00155404 7 21
8 0 3 2
5 0 3 1
30 0.00481376 13 12
6 0.000659104 4 2
11 4.0074e-05 4 3
8 4.0074e-05 4 2
15 0.00109106 6 5
5 0 3 1
13 0.00326916 8 6
5 0 1 1
5 0 1 1
14 0.00101178 5 5
5 0 2 1
73 0.000450053 8 13
5 0 2 1
5 0 3 1
9 0.00336434 4 4
10 0 3 3
8 0 3 2
5 4.39829e-05 4 1
5 0 1 1
6 0.000481116 4 2
5 0 3 1
12 6.52322e-05 6 3
5 0 2 1
5 0 4 1
7 0 2 2
5 0 2 1
68 0.00263018 11 11
5 0 4 1
33 0.000361024 9 6
5 2.1967e-05 5 1
326 0.0015951 9 21
9 0 4 2
12 7.46346e-06 5 3
10 1.97299e-05 5 2
5 0 3 1
8 0 3 2
5 3.84489e-05 3 1
14 0 5 3
19 0.000572431 6 4
10 0 5 2
5 0 5 1
8 0.00108921 4 2
5 0.00152027 5 1
29 0.00270343 13 10
23 0.00237365 11 6
7 0.00106453 5 2
6 0.00179099 7 2
5 0 1 1
5 0 1 1
5 0 1 1
5 0 1 1
21742 0.0118328 13 140
5 0 2 1
30 0.00182722 9 7
22 0.00217823 8 4
5 0 1 1
5 0 3 1
5 0 1 1
53 0 17 4
67 0 17 5
152 0 17 15
80 0 17 6
122 0 17 10
130 0 17 11
148 0 17 14
5 0 17 1
103 0 17 8
155 0 17 16
143 0 17 13
113 0 17 9
92 0 17 7
38 0 17 3
22 0 17 2
367 0.00553045 37 36
137 0 17 12
160 0 20 11
137 0 20 9
170 0 20 12
187 0 20 14
149 0 20 10
205 0 20 17
110 0 20 7
200 0 20 16
5 0 20 1
95 0 20 6
179 0 20 13
124 0 20 8
79 0 20 5
62 0 20 4
25 0 20 2
194 0 20 15
44 0 20 3
5 0 1 1
6 0.000481116 2 2
5 0 2 1
5 0 2 1
10 0.00205153 6 4
8 0.000481116 3 3
13 0.00144265 5 5
15 0.00343823 6 6
5 0 2 1
7 0 2 2
6 0.000481116 2 2
5 0.000141225 3 1
13 0.00195374 6 5
7 0.00162441 3 2
5 0 2 1
7 0 2 2
8 0 3 2
5 0 3 1
5 0 2 1
5 0 2 1
5 0 3 1
5 0 2 1
12 0.00157134 6 5
5 0 1 1
5 0 2 1
15 9.40346e-05 6 4
5 0 3 1
5 0 2 1
5 0 2 1
8 0 3 2
8 0.000526864 4 3
10 0.000113391 5 3
5 0 3 1
5 0 1 1
7 0 2 2
5 0 2 1
5 0 1 1
20 0.000855904 5 6
5 0 2 1
5 5.18793e-05 2 1
16 0.0016583 6 4
11727 0.00313411 11 81
26 0.000900731 5 5
5 0.000223698 4 1
6 0.000481116 3 2
9 0.000162102 3 3
7 0.000962117 4 3
13 0.000997818 6 4
5 0 3 1
8 0.00141872 6 2
5 0 1 1
5 0 2 1
5 0 1 1
5 0 1 1
8 0.00153517 5 3
30992 0.0106649 24 237
5 0 3 1
5 0 3 1
5 0 3 1
48 0.00449287 13 10
7 1.21322e-05 3 2
6 0.000481116 5 2
5 0 6 1
11 0.000502968 5 3
9 0.000481116 4 3
15 0.00159212 5 5
60 0.0052039 15 12
10 0.0028845 5 5
5 0 2 1
8 0 3 2
5 0 3 1
87 0.00150985 10 11
16 0.000172067 8 4
17 0.00108461 6 5
13 7.66809e-05 6 4
30904 0.0110719 23 227
5 0 3 1
20 0.00026096 7 6
5 0 1 1
28 0.00156799 8 5
8 0.000159114 5 2
5 0 3 1
8 0 3 2
5 0.00192308 2 1
13 0.00144265 4 5
7 0.000241268 4 2
5 0.000270221 2 1
18 0.00257954 7 5
6 0.00144265 3 2
5 0.000353219 2 1
19 0.000137755 6 4
27 0.000137755 6 5
5 0 2 1
5 0 1 1
5 0 1 1
5 0 1 1
5 0.000142925 2 1
5 0 1 1
9 0.00101598 4 3
5 5.39769e-05 3 1
5 0 1 1
13 0.00149837 7 5
171 0.00512138 12 19
7 0 2 2
5 0 2 1
32358 0.0206735 23 237
21 0.00224922 9 7
9 0 4 2
5 0 2 1
7 0 2 2
5 0 4 1
5 0.000748086 2 1
7 0.000203822 3 2
7 0 2 2
5 0 1 1
5 0 1 1
5 0 2 1
7 0.000962117 4 3
5 0 1 1
5 0 1 1
8 0.00111225 4 3
5 0 1 1
8 0 3 2
11 0.000481116 4 4
5 0 3 1
7 0 2 2
17 0.000523568 7 6
5 0.000619808 2 1
5 0 2 1
5 0 2 1
7 0 2 2
5 0 2 1
5 0 1 1
5 0 1 1
5 0 2 1
9 0.000103409 3 3
5 0 2 1
5 0 1 1
16 0.00122158 7 5
5 0 2 1
253 0.00154108 7 16
5 0.000288378 4 1
8 0.000564255 5 2
5 0 1 1
5 0 2 1
7 0.000280756 3 2
6 0.00107022 5 2
6 0.000481116 2 2
7 0 2 2
13 0.000647297 4 3
5 0 1 1
5 0 3 1
5 0 2 1
9 0.000237577 4 3
5 0 3 1
5 0 1 1
28 0.00116474 6 8
5 0 4 1
5 0 3 1
15 0.000156158 5 4
12 0.000156158 5 3
5 0 3 1
100 0.00637409 15 17
5 0 1 1
9182 0.0104002 9 66
5 0 1 1
21 0.00174169 8 7
5 0 1 1
148 0.00965635 24 23
34 0.0147552 18 16
5 0 2 1
39 0.00381219 10 9
9178 0.00206289 8 69
5 0.000790475 3 1
6 0.000481116 2 2
13 0.000721327 5 5
11 0.000721327 5 4
5 0 2 1
5 0 2 1
9 5.78821e-08 3 3
5 0 2 1
5 0 1 1
5 0 2 1
7 0.00256064 3 2
1781 0.00134335 13 32
5 0 2 1
7 0 2 2
5 0 2 1
5 0 1 1
6 0.000481116 3 2
7 0.00210635 3 2
5 0 2 1
9 0.000962117 4 4
11 0.00288415 5 5
5 0 1 1
5 0 1 1
7 0 2 2
5 0 2 1
5 0 1 1
5 0 2 1
5 0 1 1
6 0.000481116 2 2
5 0 1 1
53 0.00767155 13 13
5 0 1 1
7 0.00271035 6 3
27 0.00501681 11 9
5 0 1 1
4845 0.0119261 19 46
5 0 2 1
54 0.00245557 5 7
5 0 1 1
5 0 1 1
5 0 3 1
5 0 1 1
5 0 1 1
5 0 4 1
12 0 4 3
9 0 4 2
14 0.000889491 7 4
5 0 3 1
6043 0.000940198 7 49
9 0.000775757 6 3
25 0.000872102 6 7
5 0 1 1
20 0.000754318 7 5
5 0 1 1
5 0 1 1
5 0 1 1
5 0 1 1
5 0 1 1
5 0 2 1
7 0 2 2
5 0 1 1
5 0 1 1
10 0.00158658 6 4
54 0.00250449 8 14
5 0 1 1
5 0 1 1
5 0 1 1
5 0 2 1
5 0 1 1
5 0 1 1
9 0.000898646 5 3
5 0 1 1
5 0 2 1
5 1.40958e-05 3 1
5 0 2 1
5 0 1 1
328 0.0110071 25 29
5 0 2 1
5 0 2 1
5 0 1 1
9 0.000327442 5 3
9 0.000159347 4 3
10 0.0012481 6 3
5 0 1 1
7 0.000271225 4 2
7 0.000152933 4 2
5 0 2 1
10921 0.00489848 11 78
5 0 1 1
5 0 2 1
18 0.00288415 9 7
9 0 4 2
5 0.000203435 4 1
5 0 4 1
14 0.00386817 6 4
5 0 3 1
15 0.00089987 6 5
54 0.00678399 14 13
5 0 2 1
5 0 3 1
10 0 3 3
10 0.000962001 4 4
8 0 3 2
7 0 2 2
5 0 2 1
14 0.000600242 5 5
5 0 2 1
5 0 2 1
5 0 2 1
5 0 1 1
5 0 5 1
111 0.00297933 13 15
15 3.80056e-05 6 3
19 0.00182245 8 7
8 0 3 2
5 0 3 1
5 0 3 1
5 0 3 1
6 0.000481116 2 2
7 0.000598803 4 2
7 0.000962117 3 3
5 0 1 1
5 0 1 1
5 0 3 1
14 0.00283129 6 4
17589 0.00885591 12 111
5 0 3 1
2093 0.00499979 12 33
5 0 2 1
5 0 1 1
5 0 1 1
457 0.00390806 14 22
325 0.00145801 8 15
7 0 2 2
5 0 2 1
5 0 1 1
6 0.000481116 3 2
5 0 3 1
5 0 2 1
8 0 3 2
6 0.000481116 2 2
5 0 1 1
10 0.00528394 6 5
5 0 1 1
8 0.000481116 3 3
7 0.00144289 3 3
5 0 2 1
5 0 1 1
5 0 1 1
22 2.31528e-08 6 5
49 0.00752043 18 14
19 2.31528e-08 6 4
15 2.31528e-08 6 3
5 0 5 1
5 0 5 1
16 0.000105769 7 5
5 0 3 1
5 0 3 1
5 0 3 1
5 0 1 1
11 0.00144265 4 4
76 0.00434067 10 12
7 0.000362445 6 2
7 0.000962117 3 3
5 0 2 1
9 0.00144801 8 4
26 0.00367482 8 8
5 0 1 1
5 0 1 1
5 0 2 1
5 0 1 1
5 0 1 1
6 0.000481116 2 2
8 0 3 2
8 0 3 2
5 0 3 1
5 0 3 1
10 0.000464234 4 3
5 0 1 1
5 0 1 1
5 0 3 1
7 0 2 2
5 0 3 1
11 0.000368424 5 3
5 0 2 1
5 0 1 1
8 0 3 2
10 7.93885e-05 5 3
33 0.00183771 8 7
5 0 3 1
5 0 2 1
7 2.1806e-06 3 2
5 0 2 1
5 0 2 1
24 0.00122734 7 7
7 0.000337822 4 2
10 0.000393997 5 3
5 0 2 1
5 0 2 1
10 0.00108462 6 3
9 0.000927432 5 2
10 0 3 3
5 0 3 1
8 0 3 2
5 0.000476661 2 1
5 0 1 1
5 0.000165963 3 1
5 6.8972e-05 5 1
5 0 2 1
5 0 1 1
5 0 1 1
43 0.00402575 10 9
9 0.000794785 4 2
9 0.000481116 4 3
5 0 3 1
5 0.000136322 4 1
5 7.35894e-05 3 1
5 0 1 1
5 0 1 1
5 0 1 1
5 0 1 1
7 0.0001723 3 2
5 0 2 1
16 0.000339339 7 5
8 2.05221e-05 4 2
5 0 3 1
16 0.000996415 7 5
8 0 3 2
24 0.00168935 9 9
5 0 3 1
8 0 3 2
5 0.000550481 2 1
8 0.0019656 5 3
5 0 3 1
8 0.00157425 4 3
5 0 1 1
5 0 2 1
6 0.000481116 3 2
10 0.00288334 5 4
5 0 1 1
12 0.000962117 5 5
8218 0.00501179 8 63
5 0 2 1
7 0.00203967 5 2
7 0.00173983 4 2
7 0.000601689 3 2
5 0 1 1
6 0.00384245 3 2
5 0.00012449 4 1
16 0.00234051 10 6
8 7.52053e-05 4 2
18 0.00216883 7 5
34 0.00107648 10 10
5 0 2 1
5 0 2 1
5 0 4 1
9 0 4 2
8 0 3 2
5 0 3 1
10885 0.00136282 10 69
5 0 1 1
5 0 2 1
5 0 1 1
5 0 1 1
5 0 1 1
24 0.000424061 8 4
5 0 2 1
5 0 2 1
5 0 4 1
12 0 4 3
14 0.00129337 6 4
9 0 4 2
13 0.000209579 4 4
11 0.00119776 4 4
5 0 1 1
5 2.99673e-05 3 1
5 0 2 1
13 0.00144265 4 5
10 0 3 3
8 0 3 2
5 0.00192308 2 1
5 0 3 1
10 0.00260479 4 4
20 0.000578108 5 5
45 0.000416224 6 8
8 0.00069732 6 2
5 2.3355e-05 4 1
5 0 3 1
7 2.66571e-05 3 2
5 0 3 1
5 6.21484e-05 3 1
5 0 1 1
12 0.000459184 5 4
8 0 3 2
5 0 3 1
15 0.00282099 7 5
5 0 2 1
5 0 2 1
5 0 2 1
14 0.000364376 5 3
22970 0.00597788 14 148
6 0.000481116 4 2
9832 0.00393141 9 72
9 0 4 2
5 0 4 1
5 0 1 1
7 0 2 2
5 0 2 1
7 0.000153945 4 2
5 0 2 1
6 0.000962001 2 2
6 0.000481116 2 2
5 0 2 1
7 5.78821e-08 3 2
18 0.00121053 8 7
5 0 3 1
10 2.70117e-07 4 3
35 0.00537034 10 12
7 0.000240249 4 2
5 0 1 1
12 0.00192342 5 5
5 0 1 1
10 0 3 3
8 0 3 2
5 0 3 1
6 0.000481116 2 2
8 0.000962001 3 3
5 0 1 1
6 0.000481116 3 2
10 0.00240327 4 4
5 0 2 1
10 0.000962059 4 4
5 0 2 1
5 0 2 1
5 0 2 1
8 0.000549174 4 2
23 0.000870856 8 6
5 0 1 1
5 0 2 1
14 0.000564578 6 5
21 0.00142277 8 5
6642 0.000998582 6 54
5 0 1 1
5 0 3 1
5 0 2 1
7 0.000168379 3 2
74 0.00422397 13 13
5 0.000186559 3 1
8 1.90611e-05 3 2
5 0 1 1
12 0.000613049 6 3
76 0.00189997 11 15
108 0.00226562 13 19
8 0.00109584 4 2
5 0 2 1
7 0 2 2
30 0.00102526 7 5
46 2.45612e-05 10 8
35 0 9 5
5 0 3 1
29 0 9 4
5 0 4 1
14 6.27494e-05 7 4
12 0 4 3
9 0 4 2
5 0 4 1
5 0 2 1
5 0 2 1
14 0 9 2
22 0 9 3
5 0 9 1
8 0 3 2
8 0 3 2
13 0.00207321 7 6
9 0 4 2
5 0 3 1
40 0 9 6
54 8.17506e-05 12 10
10 0 3 3
7 0.000334853 3 2
5 0.000156384 3 1
13 0.00214954 6 6
5 0 1 1
5 0 2 1
5 3.14128e-05 2 1
5 0 2 1
9 5.78821e-08 3 3
14 0.0030843 5 5
46 0.00370248 11 13
5 0 1 1
20828 0.0050406 12 133
5 0 3 1
5 0 1 1
5 0 1 1
5 0 2 1
5 0 2 1
5 0 1 1
5 0.000106902 3 1
5 0 2 1
5 0 1 1
7 0 2 2
5 0 1 1
5 0 3 1
5 0 3 1
9 0.00261009 5 4
5 0 2 1
7 0.000962117 4 3
5 0 2 1
8 0.000962001 3 3
7 0 2 2
5 0 1 1
7 0.0024855 4 2
5 7.49924e-05 2 1
5 0 2 1
5 0 1 1
9 0.000286302 3 3
5 0 2 1
7 0.000389683 4 2
5 0 1 1
5 0 1 1
7 0 2 2
5 0 2 1
6 0.000481116 4 2
5 0 2 1
29 0 9 4
44 0.000148326 13 7
22 0 9 3
5 0 9 1
14 0 9 2
10 0.00168026 4 3
13 0.00575811 5 5
5 0 3 1
15 0.00264226 6 6
5 0 2 1
7 0 2 2
5 0 2 1
5 8.31496e-05 2 1
5 5.78395e-05 2 1
28 0.00166644 7 8
29 0.00275876 11 8
7 0.000432494 3 2
39 0.00204108 10 8
6 0.000481116 2 2
5 0 1 1
6 0.000962001 2 2
5 0 1 1
11 0.00144265 4 4
28 0.000965354 8 8
5 0 4 1
5 0 3 1
63 0.00278883 8 13
16 0.000636567 6 4
12 0.000636567 6 3
8 0 3 2
5 0 2 1
7 0 2 2
7 3.4355e-05 3 2
5 0 2 1
32 0 14 3
65 0 14 6
17 0.000983621 8 4
74 0 14 7
113 0.00245874 18 15
89 0 14 9
44 0 14 4
95 0 14 10
100 0 14 11
19 0 14 2
7 0 2 2
104 0 14 12
5 0 2 1
55 0 14 5
107 0 14 13
82 0 14 8
5 0 14 1
5 0 4 1
9 0 4 2
5 0 1 1
5 0 1 1
22 0.000693337 9 6
5 0 2 1
25 0.000551211 7 6
13 0.000108448 5 3
5 0 4 1
5 1.12085e-05 4 1
5 0 2 1
5 0 4 1
12 0 4 3
15 0.00192308 6 5
9 0 4 2
14 0 4 4
9 0 4 2
5 0 1 1
10 0.000390488 5 3
12 0.000384962 7 3
5 0 1 1
5 0 4 1
5 0 2 1
20 0.00210197 8 6
5 0 3 1
5 3.74518e-05 2 1
7 0.000292072 4 2
5 0 1 1
5 0 1 1
5 0 1 1
5 0 1 1
5 0 1 1
22 0.0102651 8 4
5 0 1 1
5 0 3 1
11 6.81522e-05 5 3
8 7.72727e-05 4 2
5 0 3 1
5 0 2 1
20 0.000422412 4 5
5 0 3 1
5 0 2 1
15 0.00274197 6 5
5 0 2 1
12 0.000499518 5 4
5 0 2 1
8 0 3 2
10 0 3 3
5 0 3 1
5 0 1 1
5 0 1 1
45 0.00851366 13 13
14 0.0024033 5 5
14 0.000160353 5 4
5 0 3 1
16 0.000160353 5 5
8 0.000160256 4 2
6 0.000481116 2 2
16 0.00164487 6 6
5 0 1 1
9 0.00336469 5 5
5 0 1 1
5 0 1 1
8 0.001443 4 4
10 0.00188234 5 3
5 0 4 1
9 0 4 2
5 0.000229607 3 1
19 0.000451151 7 6
12 0 4 3
5 0 1 1
22 0.00477785 8 8
28 0.00435343 8 7
7 1.28498e-06 3 2
5 0 2 1
7 6.13935e-05 4 2
10 0 5 2
5 0 2 1
5 0 3 1
5 0 5 1
11 0.000250813 6 3
8 0 3 2
7 0 2 2
15 0.00165743 10 5
5 0 2 1
104 0.00191933 8 11
167 0.00203523 24 24
7 0.000227525 2 2
5 0.000791736 2 1
8 0 3 2
5 0 1 1
5 0 3 1
14 0.00172509 6 5
5 0 1 1
7 0.000962117 4 3
5 0 1 1
5 0 2 1
5 0 2 1
5 0 1 1
5 0 1 1
5 0 1 1
6 0.00079086 3 2
19 0.00387279 9 9
11 0.000481116 4 4
5 0 3 1
8 0 3 2
5 0 1 1
11 0.00192308 4 4
5 0 1 1
7 0 2 2
9 0.0002405 3 3
5 0 1 1
7 0.00384441 4 3
24015 0.00662735 15 149
5 0 2 1
5 0 1 1
5 0 2 1
7 0.0002405 3 2
5 7.79408e-05 3 1
8 0.000177013 4 2
5 0 2 1
7 0.000105304 3 2
12 0.000510736 6 4
7 1.42356e-05 3 2
5 0 2 1
7 0 2 2
5 0 1 1
8 0 3 2
5 0 3 1
7 3.12367e-05 4 2
13 2.54706e-05 5 4
5 0 1 1
14 6.91647e-05 5 5
12 0 4 3
9 0 4 2
8 0 3 2
5 0 1 1
5 0 2 1
16 1.73646e-07 5 5
5 0 4 1
5 0 3 1
5 0 3 1
8 0 3 2
5 0 2 1
5 5.73846e-05 4 1
20 0.000626858 8 5
5 0 2 1
7 0 2 2
5 2.20545e-05 3 1
5 0 2 1
25 0.000154992 7 5
5 0 1 1
5 0 1 1
5 0 2 1
5 0 1 1
5 0 3 1
5 0 1 1
11 0.000962001 5 4
16 0.000114086 4 5
14 0.000801459 6 4
5 0 4 1
8 0 3 2
9 0 4 2
13 0.00192308 5 4
5 0 3 1
5 0 1 1
5 0.000368068 2 1
5 0 1 1
14 0.00220534 6 5
5 0 3 1
11 0.00148493 5 3
5 0 1 1
5 0 1 1
8 7.90731e-05 4 2
5 0 3 1
5 0.000730784 4 1
5 0 3 1
5 0 4 1
9 0.000128448 5 2
21 0.000271641 8 5
12 0.000383233 7 3
9 7.39218e-06 4 2
5 0 3 1
5 0 2 1
9 0.000470189 4 3
5 0 1 1
5 0 1 1
5 0 1 1
5 0 2 1
5 0 1 1
5 0 1 1
5 0 1 1
25 0.000954976 7 7
76 0.000321939 6 10
5 0 1 1
11 0.00122162 5 3
5 0 3 1
5 0 1 1
8 0 3 2
5 0.000420075 4 1
5 0 1 1
5 0 2 1
5 0 3 1
5 0 1 1
17 0.00106116 6 6
9 0.0002518 5 3
5 0 1 1
10 0.00192365 5 5
5 0 2 1
7 0 2 2
5 0 1 1
5 0 1 1
5 0.000682348 4 1
5 0 4 1
5 0 3 1
8 0 3 2
11 0.00140819 6 3
5 7.579e-06 4 1
5 0 4 1
216 0.0112804 20 24
25 0.00124833 8 7
5 0 2 1
5 0 3 1
19 0.00466895 9 8
10 0.000962001 4 4
5 0 2 1
7 0 2 2
5 0 2 1
5 0 3 1
258 0.00124248 8 20
5 0 1 1
79 0.000438178 15 15
5 0 3 1
5 0 2 1
5 0.000411912 4 1
7 0.0002405 3 2
9 0.0002405 3 3
5 0 2 1
6 0.000481116 2 2
5 0 1 1
5 0 1 1
5 0 2 1
5 0 4 1
14 0 4 4
7 0 2 2
12 0 4 3
9 0 4 2
5 0 2 1
14 0 4 4
5 0 4 1
5 0 1 1
12 0 4 3
9 0 4 2
5 0 1 1
5 0 1 1
12 0.00155774 5 5
7 0 2 2
5 0 2 1
5 0 1 1
5 0 1 1
12 0.00432484 6 6
7 0.000962117 3 3
8 0.000481116 3 3
9 0.0002405 3 3
7 0.0002405 3 2
5 0 2 1
5 0 2 1
5 0.000257802 3 1
13 0.00103843 6 4
5 0 2 1
5 0 1 1
5 0 3 1
8 0 3 2
11 0.000481116 4 4
5 0 1 1
5 0 1 1
31 0 8 5
20 0 8 3
9 0 4 2
26 0 8 4
5 0 8 1
5 0 4 1
35 0 8 6
13 0 8 2
6 0.000481116 2 2
10 0.000325405 4 3
5 0 1 1
5 0 2 1
6 0.00144265 2 2
13 0.00144265 5 5
5 0 1 1
6 0.000481116 2 2
8 0.000962001 3 3
6 0.00293108 3 2
5 0 2 1
5 0 1 1
6 0.000481116 4 2
10 0.000846924 5 3
5 0 1 1
25 0.00378511 8 8
6 0.000481116 2 2
5 0 2 1
5 0 1 1
10 0.000962001 4 4
5 0 1 1
5 0 2 1
7 0 2 2
5 0 2 1
7 0 2 2
5 0 2 1
71 0.0058934 17 17
5 0 2 1
5 0 1 1
5 0 3 1
8 0 3 2
5 0 1 1
5 0 1 1
33 0.000969914 9 6
31 1.15764e-07 8 6
5 0 4 1
18 0 7 3
38 0.000962232 10 10
5 0 2 1
23 0 7 4
5 0 1 1
12 0 7 2
8 0.00270799 4 2
7 0.00148705 4 2
9 0.000960645 5 2
37 0.000962117 10 9
5 0 7 1
5 0 1 1
5 0 1 1
5 0 1 1
5 0 1 1
6 0.000481116 2 2
8 0 3 2
5 0 2 1
5 0 2 1
5 0 3 1
5 0 2 1
5 0.000114935 2 1
5 1.12589e-05 3 1
5 0 2 1
5 0 2 1
5 0 2 1
5 0 1 1
10 0.00212482 7 5
5 0 4 1
5 0 2 1
8 0.000114338 5 2
5 0 1 1
12 0.000114338 5 3
116 0.00329874 18 17
5 0 1 1
25 0.000283971 8 5
5 0.00109439 3 1
6 0.000481116 3 2
5 0 6 1
5 0 2 1
5 0 1 1
17 0.00480271 7 7
5 0 1 1
9 0.00111697 3 3
5 0 1 1
5 0 1 1
32335 0.00501678 29 263
5 0 1 1
5 0 3 1
5 0 2 1
7 0 2 2
22 0.00256503 8 7
5 0 1 1
7 0 2 2
5 0 2 1
5 0 1 1
5 0 2 1
7 0 2 2
5 0 1 1
7 0.00015641 2 2
7 0.00280805 4 2
5 0 1 1
8 0.000962001 3 3
5 0 2 1
7 0 2 2
18 1.84939e-05 6 6
5 0 3 1
8 0.000962001 4 3
11 0.000962001 5 4
5 0 1 1
7 2.62969e-05 3 2
8 0 3 2
5 0 2 1
5 0 3 1
5 0 1 1
7 0 2 2
5 0 2 1
5 0 2 1
7 0 2 2
6 0.000618695 3 2
5 0 3 1
36 0.00198102 13 8
5 0 4 1
671 0.018592 37 40
5 0 4 1
13 4.88945e-05 7 3
24 0.00017632 10 5
52 0.00293418 12 11
5 0 6 1
5 0 2 1
6 0.000481116 3 2
9 9.00977e-05 4 3
5 0 3 1
7 0.000315376 5 2
5 0 2 1
32 0.000293301 6 7
7 3.85787e-05 3 2
5 0 2 1
5 0 3 1
46 0.00162056 11 10
18 0 7 3
28 0.000267074 8 5
32 0.000267074 8 6
38 0.00114681 10 9
23 0.000267074 8 4
12 0 7 2
5 0 7 1
5 0.000122023 2 1
10 1.15764e-07 4 3
10 0.000240384 4 3
17 0.00120204 6 6
8 0 3 2
5 0 3 1
11 0.00288322 5 4
5 0 3 1
7 0.000962117 3 3
5 0 1 1
5 0 2 1
5 0 1 1
8 0 3 2
5 0 3 1
5 0 1 1
5 0 4 1
5 0 3 1
11 0.000962001 5 4
10 0.00103804 5 3
5 0 1 1
5 0 2 1
5 0 1 1
8 0.000481116 3 3
5 0 1 1
6 0.000481319 3 2
5 0 1 1
5 0 5 1
18 0.000118027 6 4
14 0.000118027 6 3
36 0.000837334 9 9
32 0.000837334 9 8
6 0.000481116 3 2
5 0 2 1
5 0 3 1
5 0 1 1
7 0 2 2
5 0 3 1
5 0 2 1
5 0 1 1
5 0 1 1
5 0 4 1
12 0 4 3
9 0 4 2
30 0.000560637 11 9
697 0.00349297 13 28
5 2.36872e-06 4 1
5 0 3 1
8 4.86417e-05 5 2
8 0 3 2
5 0 3 1
5 0 1 1
5 0 2 1
6 0.000481116 3 2
5 0 1 1
5 0 2 1
5 0.000222875 3 1
5 0 1 1
8 7.60587e-05 4 2
5 0 3 1
5 0 1 1
11 7.60587e-05 4 3
29 0.00513314 11 8
14 0 4 4
12 0 4 3
5 0 1 1
9 0 4 2
5 0 4 1
5 0 2 1
5 0 2 1
9 5.78821e-08 3 3
5 0 2 1
8 0 3 2
5 0 3 1
5 0 1 1
5 0 1 1
7 0 2 2
5 0 2 1
13 0.000962001 5 5
5 0 1 1
8 0 3 2
5 0 3 1
5 0 1 1
5 0 1 1
9 0 4 2
5 1.02978e-05 5 1
5 0 4 1
9 6.68876e-05 5 2
5 2.55997e-07 4 1
5 0 3 1
5 0 3 1
5 0 2 1
5 0 1 1
6 0.000481116 3 2
6 0.000481116 2 2
28 2.3817e-05 6 5
11 2.55077e-05 5 3
5 0 1 1
120 7.80726e-05 18 15
69 3.19277e-05 14 9
76 3.19277e-05 14 10
12 0 7 2
5 0 7 1
6 0.000481116 3 2
5 0 1 1
5 0 1 1
349 0.0018892 9 18
6 0.000481116 2 2
5 0 3 1
5 0 1 1
9 0.00109473 4 3
31 0.00329479 10 11
5 0 1 1
5 0 1 1
5 0 2 1
5 0 1 1
5 0 1 1
5 0 3 1
8 0 3 2
7 0.00043567 3 2
5 0 1 1
9 0.000172695 4 3
5 0 2 1
6 0.000481116 2 2
5 0 2 1
5 0 2 1
5 0 3 1
8 0 3 2
5 0.000135551 2 1
5 0 1 1
7 0 2 2
5 0 2 1
5 0 2 1
13 5.04605e-05 6 4
5 0 1 1
5 0 1 1
7 2.52013e-05 5 2
5 0 1 1
5 0 1 1
5 0 1 1
8 0 3 2
8 0.00240327 4 3
10 7.37867e-05 6 3
10 0 3 3
5 0 3 1
10 0.00048129 5 4
5 0 1 1
5 0 2 1
5 0 2 1
5 0 1 1
6 0.000481116 2 2
5 0 1 1
5 9.67502e-06 3 1
5 0 1 1
5 0 1 1
14 0 4 4
9 0 4 2
5 0 2 1
12 0 4 3
5 0 2 1
5 3.39816e-05 3 1
5 0 4 1
8 0 3 2
5 0 3 1
28 0.000136992 10 7
10 0 3 3
8 0 3 2
8 0 3 2
5 0 2 1
5 0 3 1
10 0 3 3
8 0 3 2
5 0 3 1
5 0 3 1
5 0 1 1
5 0 1 1
6 0.000481116 2 2
7 0.000171033 4 2
10 0.000586935 5 3
5 0 2 1
10 0 3 3
5 0 2 1
8 0 3 2
5 0 3 1
5 0 1 1
9 0 4 2
5 0 4 1
18 0.000227214 6 5
15 0.000227214 6 4
5 0 3 1
6 0.000565841 5 2
7 5.74235e-06 3 2
5 0 1 1
5 0 2 1
5 0 1 1
5 0 1 1
5 0 1 1
5 0 1 1
5 0 1 1
5 0 1 1
9 0.00144289 5 4
5 0 1 1
5 0 1 1
5 0 2 1
20 0.000240056 7 5
9 0 4 2
12 9.84724e-05 5 3
5 0 4 1
5 0 4 1
5 0 3 1
8 2.71522e-06 4 2
7 0.0002405 3 2
9 0.0002405 3 3
5 0 2 1
5 0 1 1
5 0 1 1
13 0.00442651 6 6
10 0.000962001 4 4
8 0.00192308 4 3
5 0 1 1
5 0 2 1
5 0 3 1
8 0 3 2
7 0 2 2
5 0 2 1
9 5.78821e-08 3 3
5 0 2 1
5 0 2 1
17 0.000524846 6 4
23 0.0019675 7 6
5 0 1 1
5 0 1 1
5 0 1 1
5 0 1 1
5 0 2 1
7 0 2 2
5 0 1 1
7 0 2 2
5 0 2 1
10 0 3 3
8 0 3 2
5 0 3 1
5 0 3 1
5 0 5 1
17 1.15764e-07 6 4
5 0 3 1
9 9.60672e-05 5 2
5 0 4 1
10 0 5 2
10 0.000135211 4 3
5 0 3 1
7 0.00144289 3 3
6 0.000481116 2 2
5 0 1 1
5 0 2 1
5 0 2 1
7 0.00108906 3 2
8 0 3 2
5 0 1 1
7 0.00209822 3 2
5 0 3 1
5 0 1 1
5 0 1 1
23 0.00125134 8 7
5 0 2 1
5 0 1 1
8 0 3 2
12 1.15764e-07 4 4
5 0 3 1
5 2.37847e-05 3 1
5 0 2 1
5 0 1 1
15 0.000115408 6 4
5 0 2 1
160 6.77475e-05 5 14
8 0 3 2
5 0 1 1
5 0 3 1
5 0 3 1
5 0 2 1
5 0 3 1
32 0.00397839 11 10
5 0 2 1
10 0.00290711 5 4
5 0.000187141 4 1
5 0 3 1
5 0 2 1
5 0 4 1
6 0.000481116 3 2
13 0.00170747 5 4
9 0 4 2
5 0 3 1
5 0 1 1
12 0.000450508 5 4
6 0.000481116 2 2
13 0.000855597 5 5
5 0 2 1
5 0 2 1
13 0.0003899 5 5
5 0 2 1
47 0.00271203 6 11
5 0 2 1
7 0.00112063 3 2
5 0 1 1
33 0.00186739 10 10
23 0.00499133 8 8
5 0 2 1
14 0 5 3
5 0 1 1
10 0 5 2
5 0 5 1
5 0 2 1
5 5.23936e-05 2 1
13 3.47293e-07 5 4
5 0 3 1
5 0 3 1
9 0.000481116 4 3
33 0.000478931 9 7
18 0 7 3
12 0 7 2
23 0 7 4
5 0 7 1
27 0.00238749 8 5
35 0 8 6
71 1.38917e-06 14 13
31 0 8 5
26 0 8 4
13 0 8 2
20 0 8 3
5 0 8 1
35 0 8 6
5 0 8 1
26 0 8 4
20 0 8 3
31 0 8 5
13 0 8 2
6 0.000481116 2 2
5 0 1 1
5 0 1 1
5 0 1 1
5 0 1 1
5 0 1 1
5 0 1 1
5 0 2 1
7 0 2 2
5 0 1 1
9 0 4 2
5 0 4 1
5 0 2 1
10 0 3 3
8 0 3 2
5 0 1 1
12 0 4 3
12 0.00073089 7 2
8 0 3 2
7 0 2 2
5 0 3 1
5 0 3 1
5 0.00073089 7 1
10 0.000708951 4 3
6 0.000481116 3 2
129 0.00245455 7 16
5 0 1 1
5 9.85082e-05 2 1
5 0 3 1
51 0 13 5
18 0 13 2
112 0.00146435 19 17
5 0 13 1
5 0 1 1
41 0 13 4
75 0 13 8
81 0 13 9
91 0.000159474 15 11
60 0 13 6
68 0 13 7
30 0 13 3
96 0.000159474 15 12
5 0 1 1
5 0 2 1
11 0.00108974 4 5
5 0 1 1
5 6.63897e-05 2 1
5 0 1 1
7 0.000422586 2 2
5 0 4 1
12 0 4 3
9 0 4 2
5 0 1 1
20 0.00192354 8 8
5 0 1 1
7 0 2 2
7 0 2 2
5 0 2 1
5 0 2 1
5 0 2 1
7 4.13792e-05 3 2
5 0 1 1
8 0 3 2
5 0 3 1
15 0.000324893 6 5
21 0.00162818 8 8
10 0.000564527 5 3
5 0 2 1
24 0.00272805 10 9
5 0 2 1
5 0 2 1
5 0 1 1
6 0.000481116 2 2
5 0 1 1
7 0 2 2
5 0 2 1
5 0 2 1
5 0 2 1
5 0 1 1
5 0 1 1
9 5.78821e-08 3 3
5 0 1 1
64 2.31528e-07 15 7
16 0 11 2
54 2.31528e-07 15 6
73 2.31528e-07 15 8
26 0 11 3
12 0 4 3
81 2.31528e-07 15 9
14 0 4 4
35 0 11 4
5 0 11 1
5 0 11 1
5 0 4 1
9 0 4 2
51 0.00040373 10 10
5 0 1 1
5 0 1 1
7 0 2 2
5 0 2 1
17 0.00185223 8 6
10 0 3 3
5 0 3 1
5 0 3 1
8 0 3 2
8 0.000278104 4 2
5 0 3 1
7 0 2 2
5 0 2 1
8 0 3 2
5 0 3 1
10 0 3 3
8 0 3 2
10 0 3 3
5 0 3 1
6 0.000481116 3 2
10 0 3 3
8 0 3 2
5 0 3 1
5 0 1 1
5 0 1 1
12 0.000210662 4 4
5 0 1 1
5 0 1 1
5 0 1 1
5 0 2 1
10 2.31528e-08 6 2
5 0 5 1
5 0 4 1
9 0 4 2
20 2.40273e-05 6 5
5 0.000197882 4 1
5 0 1 1
5 0 2 1
14 0.000851723 4 4
5 1.16897e-05 3 1
5 0 1 1
5 0 1 1
5 0 2 1
7 0 2 2
14 2.17413e-06 6 3
5 0 5 1
5 0 4 1
341 0.000494973 30 32
33 0.000604341 10 9
26735 0.00343034 16 182
218 5.14508e-08 23 14
228 5.14508e-08 23 15
245 5.14508e-08 23 17
24 0 19 2
258 5.14508e-08 23 19
252 5.14508e-08 23 18
195 5.14508e-08 23 12
65 0 21 4
207 5.14508e-08 23 13
263 5.14508e-08 23 20
237 5.14508e-08 23 16
168 5.14508e-08 23 10
5 0 4 1
153 5.14508e-08 23 9
5 0 21 1
269 7.69738e-05 24 22
137 5.14508e-08 23 8
120 5.14508e-08 23 7
5 0 3 1
26 0 21 2
46 0 21 3
5 0 19 1
182 5.14508e-08 23 11
8 0 3 2
5 0 3 1
5 0 1 1
5 0 2 1
7 0 2 2
5 0 1 1
5 0 1 1
14 0.00194275 6 4
6 0.000481116 3 2
5 0 1 1
7 0.000962117 3 3
5 0 1 1
5 0 3 1
5 0 3 1
8 0 3 2
5 0 1 1
16 0.00240373 8 6
14 0.00192342 5 6
5 0 1 1
6 0.000481116 2 2
5 0 2 1
10 0 3 3
5 0 1 1
8 0 3 2
5 0 3 1
5 0 2 1
8 0.000647948 7 3
8 0 3 2
5 0 2 1
10 0 3 3
63 0.00141671 7 10
15 3.66026e-06 6 3
5 0 3 1
271 0 23 20
190 0 23 11
5 0 23 1
275 0 23 21
253 0 23 17
245 0 23 16
203 0 23 12
226 0 23 14
266 0 23 19
278 0 23 22
236 0 23 15
280 0 23 23
176 0 23 10
161 0 23 9
145 0 23 8
128 0 23 7
260 0 23 18
110 0 23 6
71 0 23 4
215 0 23 13
91 0 23 5
50 0 23 3
28 0 23 2
8 0 3 2
5 0 3 1
10 0 3 3
5 0 2 1
5 0 4 1
12 0 4 3
9 0 4 2
5 0 2 1
5 0 2 1
7 0 2 2
5 0 1 1
10 0 3 3
8 0 3 2
5 0 3 1
5 0 1 1
5 0 3 1
5 0 1 1
7 0 2 2
5 0 2 1
5 0 1 1
8 0.000962001 3 3
5 0 3 1
10 0 3 3
8 0 3 2
5 0 2 1
14 0 4 4
5 0 4 1
12 0 4 3
9 0 4 2
8 0 3 2
5 0 3 1
5 0 1 1
5 0 1 1
11 0.00156251 5 3
5 0 3 1
20 0.00169753 9 8
5 0 2 1
5 0 3 1
5 0 2 1
12 0.000166895 5 4
9 0.000365074 4 3
5 0 2 1
5 0 2 1
5 0 3 1
10 0 3 3
7 9.2525e-06 3 2
8 0 3 2
5 0 1 1
5 0 2 1
5 0 1 1
5 0 1 1
27 0.00125951 5 6
6 0.000481116 2 2
5 0 1 1
5 0 1 1
5 0 1 1
5 0 1 1
5 0 1 1
5 0 1 1
16 0.000831825 7 5
5 0 2 1
5 0 1 1
5 0 2 1
5 0 1 1
5 0 1 1
5 0 1 1
14 0 4 4
12 0 4 3
9 0 4 2
5 0 4 1
5 0 1 1
5 0 1 1
5 0 2 1
7 0 2 2
5 0 2 1
8 0.000962001 4 3
7 1.73646e-07 3 2
5 0 1 1
5 0 1 1
5 0 2 1
7 0 2 2
5 0 2 1
5 0 1 1
5 0 2 1
9 0.00144289 5 4
5 0 1 1
5 0 2 1
7 0.000960843 3 2
12 0.00192284 5 5
7 0 2 2
5 0 1 1
5 0 2 1
6 0.000481116 4 2
5 0 3 1
8 0 3 2
5 0 2 1
5 0.000262317 3 1
7 0 2 2
13 9.58756e-05 6 3
8 9.58756e-05 6 2
7 0 2 2
5 0 3 1
5 0 2 1
5 0 5 1
14 0 5 3
17 0 5 4
34 0.000993619 10 9
10 0 5 2
67 0.000534494 11 13
14 0 5 3
58 0.000534494 11 12
10 0 5 2
5 0 5 1
7 9.09817e-06 3 2
5 0 2 1
5 0 1 1
5 0 1 1
5 0 2 1
464 0 34 19
545 0 34 25
390 0 34 15
324 0 34 12
564 0 34 27
579 0 34 29
447 0 34 18
600 0.000962001 36 35
249 0 34 9
410 0 34 16
480 0 34 20
347 0 34 13
5 0 34 1
585 0 34 30
369 0 34 14
275 0 34 10
300 0 34 11
590 0 34 31
522 0 34 23
605 0.00144265 37 37
555 0 34 26
572 0 34 28
594 0 34 32
135 0 34 5
509 0 34 22
165 0 34 6
495 0 34 21
534 0 34 24
222 0 34 8
104 0 34 4
429 0 34 17
72 0 34 3
194 0 34 7
39 0 34 2
5 0 3 1
10 0 3 3
8 0 3 2
5 0 2 1
5 0 1 1
5 0 1 1
5 0 3 1
16 0.000804913 6 6
5 0 2 1
10 1.25112e-05 4 3
5 0 1 1
5 0 1 1
8 0.000481116 3 3
5 0 2 1
5 0 1 1
8 0.000962001 3 3
6 0.000481116 2 2
5 0 1 1
9 0.00144289 5 4
5 0 1 1
5 0 2 1
5 0 1 1
5 0 1 1
5 0 1 1
5 0 2 1
7 0 2 2
7 0 2 2
5 0 2 1
5 0 1 1
7 0 2 2
5 0 2 1
5 0 2 1
9 0.000962117 4 4
5 0 1 1
6 0.000481116 3 2
5 0 1 1
5 0 1 1
5 0 1 1
5 0 1 1
5 0 1 1
5 0 1 1
5 0 2 1
15 0.000481116 5 5
12 0 4 3
9 0 4 2
5 0 4 1
5 0 1 1
13 0.00144265 5 5
8 0 3 2
10 0 3 3
5 0 2 1
5 0 3 1
49 0.00259747 13 14
5 0 4 1
16 6.47408e-05 6 4
12 0 4 3
33 0.0013295 8 9
5 0 3 1
5 0 4 1
9 0 4 2
8 1.35018e-05 4 2
22 9.94524e-05 7 6
5 0 4 1
9 0 4 2
8 0 3 2
5 0 3 1
5 0 1 1
5 0 2 1
7 7.3759e-06 3 2
5 0 2 1
5 0 1 1
5 0 2 1
7 0 2 2
5 0 1 1
7 0 2 2
5 0 2 1
5 0 2 1
5 0 2 1
7 0 2 2
5 0 1 1
5 0 1 1
11 0.000548873 4 4
5 0 2 1
10 0 3 3
5 0 2 1
5 0 3 1
8 0 3 2
5 0 3 1
5 0 1 1
5 0 1 1
5 0 1 1
5 0 1 1
27 0.00228987 6 9
5 0 3 1
6 0.000481116 3 2
10 0.000450074 4 3
16 0.000792572 5 6
7 0 2 2
8 0.000962001 4 3
5 0 2 1
5 0 2 1
7 0 2 2
5 0 1 1
5 0 2 1
5 0 1 1
8 0 3 2
5 0 3 1
10 0 3 3
5 0 3 1
10 0 3 3
8 0 3 2
6 0.00384245 3 2
17 0.000617886 9 5
5 0 1 1
5 0 2 1
5 0 1 1
8 0.000962001 4 3
5 0 1 1
16 0.000789845 7 6
5 0 3 1
5 0 1 1
5 0 3 1
10 0.000202737 4 3
5 0 1 1
5 0 1 1
5 0 1 1
5 0 2 1
10 0 3 3
8 0 3 2
5 0 3 1
19 0.00336446 8 8
8 0 3 2
5 0 3 1
12 1.15764e-07 4 4
5 0 2 1
7 0 2 2
5 0 2 1
8 0.00336295 3 3
5 0 2 1
5 0 2 1
7 0 2 2
5 0 1 1
6 0.000481116 2 2
5 0 1 1
5 1.21759e-05 3 1
5 0 1 1
5 0 1 1
5 0 1 1
8 0 3 2
11 0.000481116 4 4
5 0 3 1
5 0 1 1
5 0 1 1
5 0 2 1
5 0 3 1
7 0 2 2
5 0 2 1
8 0.00100469 4 3
6 0.000481116 2 2
5 0 1 1
5 0 2 1
5 0 1 1
7 0.000103298 2 2
5 0 1 1
8 0 3 2
5 0 3 1
6 0.000590893 3 2
5 0 2 1
7 0 2 2
5 0 1 1
5 0 1 1
8 0.000962001 3 3
5 0 2 1
7 0 2 2
5 0 2 1
25 0 6 6
20 0 6 4
23 0 6 5
16 0 6 3
5 0 6 1
11 0 6 2
5 0 3 1
28 0.00100997 9 8
5 0 6 1
20 0 6 4
5 0 2 1
16 0 6 3
11 0 6 2
7 0 2 2
75 0.00194629 7 12
7 1.73646e-07 3 2
5 0 2 1
5 0 2 1
14 0.000240732 5 5
7 0.000240384 3 2
8 0 3 2
5 0 3 1
5 0 2 1
5 0 1 1
5 0 2 1
7 0 2 2
5 0 1 1
20 0.000411239 7 6
5 0 4 1
8 0 3 2
9 0 4 2
5 0 3 1
5 6.21669e-05 3 1
12 0.00144289 6 5
5 0 1 1
6 0.000481116 4 2
7 0 2 2
5 0 2 1
5 0 2 1
5 0 2 1
5 0 1 1
5 0 1 1
11 0.00144265 7 4
9 5.82226e-06 5 2
13 5.82226e-06 5 3
5 0 2 1
7 0 2 2
5 0.000169251 3 1
12 0.000366632 4 4
13 2.94174e-05 6 5
5 0 2 1
5 0 2 1
5 0 2 1
5 0 2 1
5 0 2 1
9 1.73646e-07 4 3
5 0 1 1
5 0 1 1
5 0 2 1
5 0 2 1
5 0 2 1
5 0 1 1
13 0.000721559 5 5
5 0 3 1
5 0 2 1
10 0.000240442 4 3
5 0 2 1
5 0 1 1
5 0 1 1
5 0 1 1
7 0 2 2
5 0 2 1
9 0.00144289 4 4
5 0 1 1
5 0 1 1
5 0 1 1
5 0 1 1
5 0 1 1
5 0 1 1
5 0 1 1
5 0 2 1
5 0 2 1
5 0 2 1
5 0 1 1
5 0 2 1
5 0 1 1
5 0 1 1
5 0 1 1
5 0 1 1
5 0 2 1
5 0 3 1
8 0 3 2
7 0 2 2
10 0 3 3
5 0 2 1
7 0 2 2
5 0 1 1
5 0 1 1
5 0 1 1
5 0 1 1
5 0 1 1
9 0.00144289 4 4
5 0 1 1
5 0 2 1
7 0 2 2
104 0 15 10
80 0 15 7
122 0 15 14
59 0 15 5
97 0 15 9
47 0 15 4
70 0 15 6
5 0 15 1
89 0 15 8
110 0 15 11
115 0 15 12
119 0 15 13
124 0 15 15
34 0 15 3
20 0 15 2
5 0 1 1
7 0 2 2
5 0 1 1
5 0 2 1
5 0 2 1
5 0 1 1
5 0 2 1
5 0 1 1
5 0 1 1
5 0 1 1
5 0 1 1
5 0 1 1
5 0 2 1
5 0 2 1
10 0 3 3
8 0 3 2
5 0 3 1
5 0 2 1
5 0 2 1
7 0 2 2
27 0 7 5
18 0 7 3
12 0 7 2
5 0 7 1
23 0 7 4
5 0 1 1
5 0 1 1
5 0 1 1
10 9.69504e-05 5 3
5 0 1 1
5 0 1 1
5 0 1 1
5 0 1 1
6 0.000481116 3 2
10 0.000962001 4 4
5 0 1 1
5 0 2 1
5 0 1 1
5 0 1 1
6 0.000481116 2 2
5 0 1 1
10 0.00175414 4 4
7 0 2 2
5 0 2 1
5 0 2 1
7 0 2 2
5 0 1 1
5 0 1 1
12 0.000127211 5 3
5 0 1 1
6 0.000481116 2 2
5 0 1 1
10 0 3 3
8 0 3 2
5 0 3 1
7 0 2 2
5 0 2 1
5 0 1 1
5 0 1 1
5 0 2 1
7 0 2 2
5 0 1 1
5 0 3 1
8 0 3 2
5 0 1 1
5 0 1 1
7 0 2 2
5 0 2 1
7 0 2 2
5 0 2 1
5 0 1 1
5 0 1 1
7 1.49559e-05 4 2
5 0 2 1
5 0 3 1
5 0 1 1
5 0 1 1
5 0 2 1
5 0 1 1
5 0 2 1
5 0 2 1
6 0.000481116 2 2
8 0.00384245 4 3
26 0 11 3
90 1.38274e-06 16 11
96 1.38274e-06 16 12
5 0 11 1
35 0 11 4
105 1.38274e-06 16 14
108 1.38274e-06 16 15
43 0 11 5
16 0 11 2
101 1.38274e-06 16 13
39 0 10 5
15 0 10 2
24 0 10 3
32 0 10 4
5 0 10 1
5 0 3 1
8 0 3 2
7 0 2 2
5 0 2 1
5 0 2 1
5 0 2 1
7 0 2 2
5 0 1 1
7 0 2 2
5 0 2 1
5 0 1 1
7 0 2 2
5 0 2 1
5 0 1 1
5 0 1 1
7 0 2 2
5 0 2 1
5 0 1 1
5 0 2 1
5 0 2 1
10 0.000962001 3 4
5 0 2 1
7 0 2 2
5 0 4 1
5 0 1 1
9 0 4 2
5 0 4 1
12 0 4 3
5 0 1 1
5 0 1 1
5 0 3 1
5 0 2 1
7 0 2 2
5 0 1 1
46 4.39836e-05 9 8
34 4.39836e-05 9 5
13 4.39836e-05 9 2
39 4.39836e-05 9 6
28 4.39836e-05 9 4
5 0 8 1
43 4.39836e-05 9 7
21 4.39836e-05 9 3
7 0 2 2
5 0 2 1
5 0 3 1
9 0 4 2
15 7.71762e-08 5 4
5 0 4 1
5 0 2 1
7 0 2 2
5 0 2 1
5 0 1 1
5 0 1 1
5 0 1 1
6 0.000481116 2 2
5 0 1 1
5 0 1 1
5 0 2 1
7 0 2 2
5 0 1 1
5 0 3 1
10 0 3 3
8 0 3 2
5 0 1 1
5 0 1 1
5 0 1 1
5 0 1 1
5 0 1 1
5 0 1 1
5 0 1 1
5 0 1 1
5 0 1 1
5 0 1 1
