5 0.00272657
11 0.000555316
2 0
11 0.000569696
231 0.0139226
17 0.00477851
167 0.0154498
3 0
3 4.85067e-05
4 0.00171283
2 0.000540361
231 0.0408354
231 0.00430333
17 0.00581622
2 0
13 0.0161325
231 0.0114142
7 0.00540723
1 0
8 0.00874693
231 0.0388218
3 9.17711e-05
2 0
231 0.00591512
231 0.00345224
15 0.0055067
3 0.00198656
231 0.0175016
1 0
4 0.000790723
2 0
231 0.0114774
231 0.00325733
231 0.00399961
4 0.0018725
4 0.000288976
217 0.0250184
6 0.00411478
1 0
1 0
231 0.0110258
231 0.0171043
6 0.0103966
7 0.00392862
231 0.018177
231 0.017736
1 0
7 0.00246667
231 0.0064065
18 0.00490372
5 0.00175213
2 0
2 0
231 0.0396934
13 0.00668645
4 0.00235717
1 0
3 0.00191252
3 0.00128216
2 0
3 0.00329245
9 0.000800613
10 0.00108595
2 0.00144289
2 0
3 0
2 0.00170725
231 0.00771297
231 0.00690025
9 0
36 0.00772861
9 0
231 0.0202937
231 0.0108071
13 0.00725924
9 0
11 0.00483641
121 0.011533
5 0.000957908
74 0.00251684
35 0.00120238
231 0.00215268
11 0.00242793
11 0.00220763
11 0.00553609
2 0.000962001
9 0
9 0
8 0.00130981
231 0.00735544
9 0.000760629
19 0.00227076
231 0.00350719
8 0
3 0
231 0.000262794
231 0.003429
10 0.00389935
162 0.00103187
4 0.00012514
162 0.0112775
231 0.0185177
231 0.0199475
231 0.015541
231 0.00192212
3 0.000248818
231 0.0313646
1 0
2 0
231 0.00576835
1 0
3 0.00226814
5 0.00174634
1 0
2 0
3 0.000176902
17 0.00311161
231 0.0183002
2 0
2 0.000644425
3 0.00140521
19 0.0124815
231 0.00359216
2 0
2 0
4 0.00353155
6 0.00162288
2 0.000879765
2 0
1 0
5 0.00296324
1 0
3 0
231 0.00693316
2 0
4 0.00240697
3 0
5 0.00307833
4 0.00515029
2 0.00144271
1 0
231 0.00837988
3 0
78 0.00384195
231 0.0188041
231 0.0373601
231 0.0075765
172 0.00571014
11 0.00221612
2 0
10 0.00107127
4 0
231 0.00664655
2 0
9 0.000675013
5 0
2 0
121 0.00529199
231 0.00785257
44 0.00535981
6 0.00286294
29 0.00367963
1 0
8 0.00713169
5 0
231 0.00321878
2 0.00040015
4 0.0044623
4 0.000290847
3 0.000971454
3 0
2 0
8 0.00192167
3 0
11 0.00179005
231 0.00423601
2 0
1 0
2 0.0002405
9 0.00247875
4 0.000864251
1 0
3 0.0007026
2 0.0002405
231 0.0355355
16 0.00316449
3 0.00289274
4 0.00189317
217 0.00149933
34 0.00462417
3 0
6 0.00760099
11 0.00202912
2 5.55251e-06
17 0.00605046
8 0.00358815
2 0
2 0
2 0
4 0.000635451
5 0.000937507
59 0.00690961
217 0.00574123
3 0.000328778
3 0.000798894
231 0.0405166
2 0
10 0.00309215
3 0.000614185
3 0.00216402
31 0.00264337
231 0.00807379
231 0.0203881
5 0.00430289
3 0
1 0.000481116
2 0
5 0.0021729
3 0
217 0.0028319
4 0.00157719
3 0
11 0.00349833
231 0.00372506
231 0.00828521
33 0.00618165
231 0.0115982
231 0.00780222
231 0.0216945
10 0.00334985
9 0.00378345
2 0
3 0.00112158
2 0
231 0.00172434
2 0
9 0.00539445
231 0.000647229
61 0.00363226
231 0.0156196
12 0.000664947
11 7.52406e-05
231 0.0270183
17 0.000167617
2 0
4 6.08898e-05
11 0
162 0.00153978
13 0.000324711
17 0.00145365
231 0.00463397
231 0.00842268
231 0.00410273
11 0
231 0.0138495
5 5.09537e-05
231 0.0158116
231 0.00147309
42 0
231 0.00443076
231 0.0015075
231 0.00409081
43 0.000157261
231 0.00932468
43 2.22462e-07
43 0.000112123
1 0
231 0.00688905
42 0.000149842
43 0
1 0
43 0.000481339
43 2.22462e-07
78 0.00190314
43 2.22462e-07
162 0.00194339
43 2.22462e-07
231 0.0178502
121 0.00125283
3 0.00118302
78 0.00936134
43 2.22462e-07
43 0.000592132
231 0.00472408
43 2.22462e-07
3 0.00123097
231 0.0286106
43 2.22462e-07
43 0.0019172
43 2.22462e-07
43 2.22462e-07
43 2.22462e-07
43 0.000158935
231 0.0153282
121 0.00513123
43 0.000113294
6 0.00735813
54 0.00179024
162 0.0112661
231 0.000746927
78 0.00337057
231 0.0131895
6 0.00123752
1 0
162 0.00746837
4 0
14 0.011279
1 0
4 0.000134522
6 5.02453e-05
4 0
2 0
4 0.000489791
189 0.0182128
231 0.00142419
3 0
4 5.57912e-05
6 0.000176538
8 7.68229e-05
4 0
231 0.0165331
1 0
231 0.00333083
28 0.0016925
2 0
3 0
3 0
3 0
1 0
3 0.000774481
3 0
231 0.0161767
5 0.000240505
5 0.000656305
5 0
2 0.000516067
5 0.000481179
4 0
5 0.000492835
4 0.00106599
5 1.88255e-07
231 0.00588133
9 0.00073953
79 0.00985366
231 0.0252809
5 0.000240746
2 0
231 0.00281259
231 0.0108096
2 0
231 0.00472627
217 0.0265127
3 3.28942e-05
9 0.00657072
4 0.000317966
2 0
7 0.00295068
217 0.0207966
2 0.000766704
5 0
5 0.000125441
231 0.0262986
2 0
231 0.0272338
16 0.00332402
1 0
3 0
231 0.0252219
231 0.0144884
3 0.00201648
2 0.000686002
7 0.00970787
231 0.00902619
231 0.0180889
231 0.00880068
4 0.000854553
6 0.00182283
2 0
8 0.000942778
2 1.19928e-05
1 0
1 0
4 0.00137635
3 0.000396964
3 0
76 0.00787897
11 0.0039352
3 0
231 0.0109639
3 0.00671456
6 0
6 0
8 0.00387593
3 0
231 0.0241781
231 0.00551978
231 0.0119426
231 0.00893026
6 0.00181362
189 0.000523383
3 0.00244504
6 0.000269855
3 0
1 0
4 0.00107312
2 0
8 0.00110187
1 0
231 0.00633136
1 0
231 0.00820546
3 0.00116481
1 0
2 0
1 0
231 0.00473182
231 0.00686534
231 0.00992813
6 1.37181e-05
3 0
3 0
3 0
3 0.000168658
231 0.0039039
3 0
3 0
3 0
7 0.000403881
3 0.00285461
6 0.000196505
6 1.52618e-05
16 0.00262392
8 0.00241786
5 0.00148531
7 0.00675657
8 0.00175774
6 0.000769498
3 0
16 0.00357314
1 0
1 0
5 0
5 0
8 0.00107715
4 0
231 0.0092833
4 0
231 0.0054125
4 0.000552223
4 0.00067791
3 0
4 0
59 0.0206808
4 0.000733725
8 0.00187345
1 0
3 0.000409546
4 0.000344102
8 0.00369724
11 0.00186508
231 0.0257126
4 2.97911e-05
231 0.00739864
5 0.00180144
3 0.000618589
4 0.00116678
2 0
4 0
231 0.00606288
3 0
7 0.00434645
2 0
4 0
1 0
3 0
7 0.00800351
2 2.97787e-05
2 0.000481174
2 0
2 0
9 0.00455226
2 0
2 0.000129881
1 0
2 0
42 0.00172501
231 0.00326572
3 0.000185726
3 0.000664945
231 0.0098926
17 0
2 0.000759057
17 0
231 0.0107556
17 0.00295843
14 0.000952109
17 0
17 0
231 0.00586364
231 0.0172472
231 0.00327135
17 0
17 0
17 0
5 0.0028007
7 0.00170772
17 0
5 0.00140056
3 0.000248005
5 0.00230477
231 0.00390538
3 0.00192342
24 0.00405602
3 0.000501
2 0
4 0.00158342
2 0
231 0.00704597
15 0.00719243
231 0.0122725
12 0.000403654
65 0.0015833
18 0.00362469
6 0
8 0
5 0.000538022
2 0
231 0.00173389
231 0.00118661
7 9.39247e-06
7 0
11 0.00409303
4 0
231 0.0120853
7 1.74278e-05
8 1.44705e-08
231 0.0099615
6 0
231 0.0189941
6 0.00242461
231 0.0239694
5 5.55259e-05
231 0.00132515
15 0.000663913
6 0
8 0.00045245
2 0
3 0
2 0.00103467
4 7.71762e-08
4 9.32514e-06
2 0
2 0
231 0.0088249
3 0
5 0.000166683
4 0
4 0
3 0
4 9.42161e-06
1 0
2 0
2 0.00224196
1 0.000481116
10 0.00793546
7 0.00161964
7 0.00325936
11 0.00350805
1 0.000481116
1 0
231 0.00521481
2 0
231 0.0391881
231 0.00794451
1 0
1 0
5 0.00275933
231 0.00796876
2 0.000141009
1 0
2 0
1 0
6 0.00117949
231 0.00663598
6 0.000481116
6 0
6 0
6 0
46 0.00288468
1 0
2 0
1 0
2 0
13 0.00261891
5 0.00312192
3 9.73208e-05
2 0
3 0
2 9.31059e-05
3 1.53569e-06
3 6.51154e-05
231 0.00762808
1 0
3 0
12 0
231 0.00183911
6 0
8 0.000106817
7 0.000234648
26 0.00209903
121 0.000213919
7 0
3 0
7 0
5 0.000108398
26 0.00365244
7 0.00474696
14 3.19441e-05
231 0.000874718
3 0
3 0.000880783
3 0
231 0.00558678
54 0.0012731
2 0
29 0.00349988
13 0.00179495
2 6.99151e-05
4 0.00458544
4 0.000481116
4 0.00528232
5 0.000573885
231 0.0138218
102 0.000562918
3 1.69879e-06
3 3.03044e-05
5 0.0043937
1 0.000481116
3 0.00177014
3 6.96935e-05
231 0.00549699
3 0.000481116
1 0
1 0
2 0.000204781
6 0.0024199
3 0.000791804
231 0.0095119
4 0.000594525
2 0
2 0.000292368
3 0.000481116
4 0.000114868
7 0.00349948
10 0.00638236
2 0
2 0.00165435
217 0.00323401
2 0.00144289
2 0
3 0.00336374
4 0.00239814
2 0
6 0.00285505
231 0.0096958
3 0.00364193
3 0
1 0
2 0
20 0.0017979
2 0.000241098
3 0
97 0.00936285
2 0
231 0.00722036
69 0.00776223
6 0.00390362
3 0.000252818
25 0.0127082
22 0.00332953
36 0.00203104
3 0.00230616
11 0.00362016
4 0.00117441
1 0
1 0
16 0.00627489
217 0.0176998
5 0.00388765
2 0.000481116
3 0.00144265
6 0.000983723
1 0
231 0.00850544
2 0
2 0
5 0.00160037
10 0.002639
2 0.00192342
1 0
231 0.00436237
231 0.00422277
2 0
10 0.00242601
5 0.000754328
2 0.0002405
2 0.0002405
1 0
3 0.00263163
3 0
1 0
1 0
3 0.0010528
231 0.00504322
3 0.000706251
3 0.00473639
1 0
1 0
6 0.000593118
2 0
217 0.0106146
2 0
48 0.00375957
3 0.00254785
4 0
4 0
1 0
1 0
1 0.000962117
3 0
3 0
5 0.000136172
2 7.30143e-05
17 0.00759483
4 0.00285121
231 0.0181078
1 0
217 0.00672107
231 0.0100582
3 0
3 0
7 0.00330888
9 0.00892896
10 0.0024415
5 0.000682463
5 0
231 0.00771116
231 0.0031797
4 0.00193912
4 0.00106886
3 0
1 0
2 0.000650502
2 0
1 0
2 0
19 0.00710914
4 0.000686287
2 0
3 0
1 0
6 0.00192528
4 0.00613539
231 0.00290274
3 0
231 0.00678241
3 0
2 0
3 1.15764e-07
2 0
3 0
3 2.12234e-07
3 0.0028313
3 0
3 3.85881e-08
3 0
1 0
4 6.45909e-05
33 0.00151066
4 0.000351537
2 0
33 0.00231482
14 0.000435887
2 0
2 0
6 0.00156347
1 0
2 0
6 0.0025267
3 0.00156753
1 0
1 0
8 0.001307
8 0.00102547
2 0
217 0.00857869
4 0.00132701
4 0.00286038
2 0
1 0
3 3.85881e-08
3 0
3 0
6 0.00219931
2 0
217 0.00535586
2 0
6 0.00035688
1 0
6 0.00187277
4 0.000272098
3 6.97141e-06
231 0.00871375
2 0
3 0.000668494
1 0
2 0
2 0
2 0
2 0.000580703
2 0.000962001
2 0.000481116
2 0.000481116
2 9.80951e-05
3 0
2 0
3 0
5 0.00245087
2 0.00144289
3 0.000208713
2 0
3 0.000208713
10 0.000855706
4 0
2 0
231 0.0121583
5 0.000590145
231 0.00146145
231 0.00378009
4 0
2 0
5 0
10 0.000559329
4 0
6 0.00861297
4 0.00117869
3 0
32 0.00264492
6 0.00647858
1 0
13 0.00141236
6 0.000950555
5 0.000201273
7 0.00193301
1 0
3 2.87266e-05
2 0
2 0
6 0.000936782
4 0.000409173
4 0.00093277
22 0.00261416
3 0
12 0.00292955
3 0.000108723
2 0
7 0.002019
22 0.00376131
231 0.000471174
22 0.00821015
16 0.000279539
8 0.00582845
7 0.00257803
6 0.000611658
4 0.000103182
2 0
2 0
1 0
2 0.00240419
2 0
2 0
2 0
2 0
2 0.00288322
2 0
3 9.91927e-05
1 0
3 9.91927e-05
231 0.00434386
4 0.000165984
3 0.00113406
2 0.000962001
1 0.000481116
5 0.00568975
5 0.000410203
5 0.000751175
1 0.000481116
1 0
8 0.0049821
231 0.00429511
3 0.000542408
3 2.86617e-05
231 0.00308251
3 2.86617e-05
4 0.001155
3 8.64917e-05
1 0
3 0
231 0.00624574
3 0
4 2.54888e-05
8 0.0016446
6 0.00010664
10 0.00276684
9 0.00828336
2 0
5 0.000536156
2 0.000536706
3 0
28 0.00193293
29 0.00294836
2 0
3 0.000731124
4 0
3 0
9 0.00402746
5 0.000321681
231 0.00663994
17 0.00376288
6 0.00414805
6 0.00247672
35 0.00695304
1 0
1 0
8 0.00104783
2 0.000481116
1 0
1 0
1 0
231 0.00811239
4 0.00225806
2 0
3 0.00178405
6 0.00194466
3 0
2 0.00192365
5 0.000983869
4 0.000416002
5 0.00204463
3 0
11 0.00322145
2 0
3 3.85881e-08
231 0.0132112
3 0
3 0
20 0.00190164
217 0.0100292
7 0.00104607
9 0.0014101
217 0.00253593
6 0.000335032
5 0.000690482
4 3.39373e-05
48 0.00743732
231 0.00662948
4 0.00149656
3 3.80536e-06
12 0.004352
217 0.0137596
6 0.00227023
3 0
2 0.000481116
231 0.015053
3 0
4 0.00261518
5 0.000749513
4 0.011372
3 0.000442142
1 0
1 0
231 0.00405231
2 0
2 0
5 0.00231746
1 0
40 0.00762128
4 0
1 0
4 0
2 0.000187658
2 0
4 0
4 2.65947e-05
231 0.00727951
2 0
231 0.0157822
3 0
7 0.00099432
1 0
4 0.00160583
231 0.000435594
5 0.0014051
3 0
231 0.00573251
6 0.000721804
3 0
1 0
9 0.00434252
3 0.00240396
2 0
231 0.0110299
2 0
3 0.00220808
231 0.00601624
8 0.000351416
231 0.00417408
231 0.0218009
3 5.61586e-06
3 0
231 0.00348055
15 0.00664937
231 0.0588586
4 0.000937984
14 0.00735397
231 0.011243
4 0.00133094
4 0.000102883
4 0.00147059
4 0.000146638
4 0.000481116
1 0
2 0
4 0
2 0
1 0
3 0
3 0.00133484
1 0
1 0
2 0
231 0.00847109
3 0.000441782
3 0.00111504
2 0
231 0.00511396
4 0.00284935
1 0
1 0.000481116
2 0
2 0.000295245
231 0.0231411
4 0.00407693
30 0.00175588
231 0.0123327
231 0.00549999
6 0.00282897
6 0
6 0.00172671
6 0.0033495
231 0.00596298
13 0.00656493
2 0
1 0
22 0.0171995
7 0.0032981
231 0.00665247
54 0.0110421
6 0.000425704
4 0.000327431
231 0.00262441
3 0
3 0
231 0.0269819
19 0.00363006
6 0.00139114
231 0.0200534
231 0.00462407
14 0.0020974
3 0
5 0.00104358
6 0.000266608
3 0
7 0.000681782
3 0.000554397
3 0.000973268
1 0
2 0
12 0.00781103
2 0.000481116
2 0
2 0
2 0.00192308
2 0
3 0
9 0.00302805
9 0.00179613
3 0
3 0
3 0.00353993
2 0
2 0
7 0.00213297
7 0.00571865
9 0.00454095
130 0.0017675
3 0
5 0.00118655
3 0
3 0
1 0
1 0
2 0
1 0
1 0
1 0
1 0.000481116
231 0.010652
2 0
3 0.00154331
2 0
2 4.46295e-05
217 0.00468806
4 0
1 0
2 0
2 0
1 0
1 0
231 0.00853597
4 0.000184202
4 0.00073941
1 0
8 0.00616135
2 3.97934e-05
1 0
4 0
1 0
4 0.00274469
4 0.00226357
7 0.000463329
11 0.000115675
6 0.000624978
11 0.0036734
7 0.000272216
7 0.000272216
16 0.00258898
2 0
4 0.000672585
2 0
3 0
3 0
1 0
3 0.000584365
3 0
2 0.00219233
8 0.000916472
3 0.000431898
11 0.0038468
47 0.000826291
5 0.000126697
11 0.00393218
6 0.000432612
26 0.00278889
4 7.56148e-05
7 0.00328179
3 0
5 0.000167062
1 0
1 0
1 0
3 0.000962117
1 0
2 0
3 0
2 0
1 0
3 0.000977044
2 0.00192308
3 0.00364415
2 0
2 0.00144265
3 0.000760923
3 0.00107793
3 0
2 0
1 0.00192308
2 0.00384441
1 0.00144289
2 0
1 0
2 0
4 0.00267549
2 0.000962001
4 0.00123353
231 0.0103243
3 0.00123741
4 0
3 3.47293e-07
4 0
3 0
2 0
2 0
8 0.00143138
5 0.00136359
3 0
3 0.00111412
4 0
14 0.00568139
4 0.000886211
5 0.0014942
3 0
8 0.0027469
4 0.000481116
1 0
3 0
2 0
6 0.0118807
11 0.00995234
4 0.000166479
2 0
3 0
3 0
2 0.00199198
2 0
3 0
4 0.000450178
4 0.00224162
1 0
3 0.00168012
2 0
3 0.000506716
8 0.000664094
2 0
1 0
1 0
3 0.000481116
3 0
33 3.65737e-05
33 3.65737e-05
33 3.65737e-05
33 3.65737e-05
33 3.65737e-05
31 0
33 3.65737e-05
33 0
33 3.65737e-05
33 3.65737e-05
33 3.65737e-05
33 0
31 0
33 3.65737e-05
33 3.00663e-05
33 0.00108134
33 3.65737e-05
33 0
31 0
33 3.65737e-05
33 3.65737e-05
231 0.014791
33 0
33 4.16751e-08
33 3.00663e-05
33 3.65737e-05
33 3.65737e-05
33 3.65737e-05
49 0.00252058
49 0.0015756
31 0
33 0
33 3.65737e-05
33 3.65737e-05
2 0
33 3.00663e-05
31 0
33 0
33 4.16751e-08
4 0.000304887
231 0.00300533
4 0
4 0.000481116
4 0
4 0.000559426
4 0
4 0.000435302
4 0.000435302
4 0
2 0
4 0.000839449
2 0
231 0.00161723
1 0
6 2.19793e-05
6 6.68676e-05
4 0.000784656
231 0.00556476
19 0.00228322
5 0.000420903
6 0.000509685
4 0.000242043
5 7.71762e-08
4 0.000252596
2 0
3 0
6 0
3 0
6 0.000481116
4 0.000248763
6 1.9294e-07
4 0.000123353
2 0
3 0
5 0.000151264
2 0
5 0.000151264
3 1.15764e-07
2 0
3 0
2 0.000481116
3 0
6 1.27341e-06
2 0
6 0
3 0.00100218
1 0.000481116
5 0.00255024
1 0
4 0.000481116
4 0.00285151
231 0.00243466
3 0
3 0.00089006
2 0
231 0.00955046
2 0
5 0.000697579
1 0
3 0.0022228
3 0.00198652
1 0.000962001
3 0.00354148
2 0
5 0.00780743
8 0.00462299
231 0.0075521
5 0.00071307
5 0.000604221
3 0
3 0
3 9.10271e-07
1 0
231 0.00221407
1 0
4 0.00138212
1 0
4 0.000944795
1 0
3 0
3 0
1 0.000962117
1 0
3 0.00156105
2 0
1 0
3 0.000716044
2 0
2 0.000646951
4 0.00287863
3 0.00264728
2 0
5 0.00131469
2 0.000481116
231 0.00355433
2 0
4 0.00122503
4 0.000115149
2 0
3 0
3 0
3 0
29 0.0087356
2 0
1 0
18 0.005267
1 0
2 0
3 0.00254351
3 0
1 0.000962001
3 0
3 0.00277994
2 0
2 3.45783e-06
2 8.4806e-05
2 0.00118226
1 0.000481116
2 0
3 0.000638292
2 0
6 0.00782447
3 0
5 7.05593e-05
3 7.58275e-05
2 0
1 0
1 0
1 0.00192308
1 0
7 0
7 0
7 0
7 0
7 0
7 0.000393559
1 0
4 0.00240486
2 0
1 0
3 0
8 0.00395913
1 0
3 0
2 0.000743959
4 0.00293217
1 0
1 0
5 0.00309531
1 0.000481116
4 0.00144573
4 3.22076e-05
1 0
4 0.000222798
2 0
2 0
1 0
2 0.00144289
2 0
1 0
1 0
1 0
2 0
2 0
5 0.00305844
231 0.00562358
3 0
165 0.00321728
2 0
1 0
4 0.000266079
5 0.000264148
2 0
4 0.00131009
4 0
4 0
6 0.00147073
5 0.000214456
4 0
5 0.000850552
4 0
4 0
3 0
3 0
3 0.000317497
2 0.000962001
6 0.0033976
1 0
2 0
1 0
3 0.00144289
3 0
2 0
4 0.000406784
2 0
3 0.000481753
4 0.000864208
4 0
4 0
4 0.00058513
3 0.000499694
1 0
4 0.000178027
4 0
1 0
2 0.000200419
231 0.0231031
4 0.000691313
4 0.00216033
4 0.00216033
1 0
2 0.000170352
2 0
4 5.1281e-05
16 0.00211417
5 0.000643103
7 0.00576817
2 0
4 0.000532739
2 0
2 0.000283324
10 0.000706422
6 0.00287922
1 0
4 0.00170959
9 0.00327571
2 0
1 0
3 0.000481116
231 0.00296546
2 0
2 0.000220485
3 0.000965479
1 0
3 0.00116876
2 0.000499926
5 0.00078096
3 0.00131635
3 0
4 0.000476635
3 0
1 0
4 9.14096e-05
231 0.0128023
2 0
6 0.00175982
7 0.000526191
2 0
18 0.000639866
6 0.0015941
13 0.00738132
5 0.000186746
3 0.000550745
231 0.00258463
2 0
27 0.0120617
5 0
1 0
13 0.00235591
3 0.000139559
6 3.59877e-07
6 0.00250207
2 0
16 0.00324412
4 0.000164622
2 0
2 0
6 2.69794e-06
2 0
3 0
2 0
4 6.29143e-05
6 1.53427e-05
2 1.3586e-05
78 0.00119715
231 0.00512275
3 0
3 0.000962001
4 2.40305e-05
4 0.00270213
3 0.00158143
3 0.00211513
2 0.00192354
3 0.000231226
8 0.000587895
3 0
3 0
3 0.000937694
14 0.00351899
3 0.00767847
231 0.00492085
3 8.16928e-06
3 2.32844e-05
1 0.000481116
2 0.000962001
2 0
2 0.00192342
2 0
5 0.000397131
1 0
4 0.000772939
4 0
4 0.000654004
4 0
2 5.92806e-05
2 0.000534246
2 0
2 0
1 0
3 0.000481116
3 0.00168107
11 0.00592091
3 0.00168107
23 0.00688242
4 0.00225923
2 0
1 0
3 0
5 0.00176973
2 0.000481116
5 0.00565137
3 0
3 0
6 0.000354597
4 0
6 0.000354597
4 0
7 0.00297008
6 0.000221185
4 0
3 0
1 0
1 0
131 0.00566506
5 8.04427e-05
2 0
2 0
1 0
2 0
2 0
2 0.0028838
4 0
1 0
3 0.000398836
2 0
2 0.000962117
2 0
1 0
1 0
3 0.00336411
3 0
2 0
2 0
3 0
3 0.000962001
3 0
3 0
2 0
2 0.00336503
2 0
1 0.000481116
2 0
2 0
2 0.00528255
1 0
1 0.000481116
2 0.000962001
2 0.000962117
2 0.000962117
2 5.78821e-08
2 0
2 0
1 0
1 0
189 0.00246173
2 0.00168246
1 0.000481116
2 0.000240327
2 0
1 0
1 0
2 0
2 0
2 0
1 0
1 0
3 0.000266183
1 0
2 0
12 0.00643484
16 0.00585241
1 0
10 0.00153941
7 0.0019658
2 0
1 0
7 0.00163466
2 0
3 7.51705e-05
2 0.000863109
231 0.00395802
217 0.00352243
4 0.000251531
4 0
4 0
2 0.000481116
4 0.000431255
3 0.00240396
1 0.000481116
1 0
2 9.9712e-05
6 0.00103294
2 0
2 0
231 0.011786
2 0
231 0.0158669
5 0.000606228
5 0.00096221
28 0.00206477
1 0
1 0
1 0
14 0.00275842
3 0.00192308
1 0
1 0
3 0.00288322
3 0.00120642
3 0.00144289
3 0
3 0
2 0
231 0.0122513
5 0
5 0
5 0
5 0
1 0
1 0
3 0.00240384
3 1.15764e-07
3 0
3 0.00450946
3 0
2 0
1 0
3 0
3 0
1 0
3 0.000704461
6 0.000560067
7 0.00243
6 0.00296792
3 0
4 0.000193073
5 0.000500631
2 0
2 0
2 0
2 0
2 0
8 0.0022043
3 0.00013739
3 0
3 0
2 0
6 0.00144098
3 0
3 0
3 0
231 0.0052665
3 0
6 0.0138409
4 1.71717e-06
5 1.10117e-05
4 0.000926014
3 0.000184767
3 0.00066548
4 0.000157273
1 0
6 0.0097916
14 0.00338996
1 0
5 0.00154259
231 0.00248174
1 0
1 0
231 0.00480321
1 0
4 0.000381264
1 0
10 0.00133884
1 0
3 0
231 0.00336236
5 6.49851e-05
5 0.000712373
3 0.00192308
3 0.00575811
1 0
1 0.000481116
12 0.00213007
4 0
5 3.19342e-05
7 8.01289e-05
231 0.00271427
4 0
231 0.00480437
231 0.00643661
1 0
2 0
1 0
3 0.000543259
1 0
3 0.0019225
3 0
3 0.000480537
3 0
2 0
18 0.000786398
2 0
4 0.00250244
3 0.000189431
1 0
2 0
3 0
2 5.78821e-08
2 0
2 0
1 0
2 0
189 0.00155404
3 0
3 0
4 0.00481376
3 0.000659104
3 4.0074e-05
3 4.0074e-05
3 0.00109106
3 0
4 0.00326916
1 0
1 0
3 0.00101178
2 0
21 0.000450053
2 0
3 0
2 0.00336434
3 0
3 0
4 4.39829e-05
1 0
3 0.000481116
3 0
5 6.52322e-05
2 0
4 0
2 0
2 0
17 0.00263018
4 0
11 0.000361024
5 2.1967e-05
72 0.0015951
4 0
4 7.46346e-06
6 1.97299e-05
3 0
3 0
3 3.84489e-05
5 0
8 0.000572431
5 0
5 0
3 0.00108921
5 0.00152027
5 0.00270343
7 0.00237365
4 0.00106453
6 0.00179099
1 0
1 0
1 0
1 0
231 0.0118328
2 0
10 0.00182722
13 0.00217823
1 0
3 0
1 0
17 0
17 0
17 0
17 0
17 0
17 0
17 0
17 0
17 0
17 0
17 0
17 0
17 0
17 0
17 0
20 0.00553045
17 0
20 0
20 0
20 0
20 0
20 0
20 0
20 0
20 0
20 0
20 0
20 0
20 0
20 0
20 0
20 0
20 0
20 0
1 0
1 0.000481116
2 0
2 0
3 0.00205153
2 0.000481116
3 0.00144265
5 0.00343823
2 0
2 0
1 0.000481116
3 0.000141225
3 0.00195374
2 0.00162441
2 0
2 0
3 0
3 0
2 0
2 0
3 0
2 0
2 0.00157134
1 0
2 0
5 9.40346e-05
3 0
2 0
2 0
3 0
2 0.000526864
3 0.000113391
3 0
1 0
2 0
2 0
1 0
7 0.000855904
2 0
2 5.18793e-05
6 0.0016583
231 0.00313411
10 0.000900731
4 0.000223698
2 0.000481116
2 0.000162102
2 0.000962117
5 0.000997818
3 0
5 0.00141872
1 0
2 0
1 0
1 0
3 0.00153517
231 0.0106649
3 0
3 0
3 0
13 0.00449287
2 1.21322e-05
4 0.000481116
6 0
3 0.000502968
3 0.000481116
4 0.00159212
19 0.0052039
2 0.0028845
2 0
3 0
3 0
27 0.00150985
6 0.000172067
3 0.00108461
3 7.66809e-05
231 0.0110719
3 0
6 0.00026096
1 0
7 0.00156799
5 0.000159114
3 0
3 0
2 0.00192308
3 0.00144265
3 0.000241268
2 0.000270221
6 0.00257954
2 0.00144265
2 0.000353219
8 0.000137755
8 0.000137755
2 0
1 0
1 0
1 0
2 0.000142925
1 0
3 0.00101598
3 5.39769e-05
1 0
4 0.00149837
44 0.00512138
2 0
2 0
231 0.0206735
5 0.00224922
4 0
2 0
2 0
4 0
2 0.000748086
3 0.000203822
2 0
1 0
1 0
2 0
2 0.000962117
1 0
1 0
2 0.00111225
1 0
3 0
3 0.000481116
3 0
2 0
3 0.000523568
2 0.000619808
2 0
2 0
2 0
2 0
1 0
1 0
2 0
2 0.000103409
2 0
1 0
4 0.00122158
2 0
80 0.00154108
4 0.000288378
4 0.000564255
1 0
2 0
3 0.000280756
4 0.00107022
1 0.000481116
2 0
6 0.000647297
1 0
3 0
2 0
2 0.000237577
3 0
1 0
4 0.00116474
4 0
3 0
4 0.000156158
4 0.000156158
3 0
22 0.00637409
1 0
231 0.0104002
1 0
4 0.00174169
1 0
16 0.00965635
7 0.0147552
2 0
14 0.00381219
231 0.00206289
3 0.000790475
1 0.000481116
2 0.000721327
2 0.000721327
2 0
2 0
2 5.78821e-08
2 0
1 0
2 0
2 0.00256064
162 0.00134335
2 0
2 0
2 0
1 0
2 0.000481116
2 0.00210635
2 0
2 0.000962117
2 0.00288415
1 0
1 0
2 0
2 0
1 0
2 0
1 0
1 0.000481116
1 0
11 0.00767155
1 0
4 0.00271035
6 0.00501681
1 0
217 0.0119261
2 0
24 0.00245557
1 0
1 0
3 0
1 0
1 0
4 0
4 0
4 0
5 0.000889491
3 0
231 0.000940198
5 0.000775757
7 0.000872102
1 0
5 0.000754318
1 0
1 0
1 0
1 0
1 0
2 0
2 0
1 0
1 0
4 0.00158658
13 0.00250449
1 0
1 0
1 0
2 0
1 0
1 0
3 0.000898646
1 0
2 0
3 1.40958e-05
2 0
1 0
23 0.0110071
2 0
2 0
1 0
3 0.000327442
2 0.000159347
4 0.0012481
1 0
3 0.000271225
3 0.000152933
2 0
231 0.00489848
1 0
2 0
4 0.00288415
4 0
4 0.000203435
4 0
4 0.00386817
3 0
5 0.00089987
8 0.00678399
2 0
3 0
3 0
2 0.000962001
3 0
2 0
2 0
4 0.000600242
2 0
2 0
2 0
1 0
5 0
26 0.00297933
5 3.80056e-05
3 0.00182245
3 0
3 0
3 0
3 0
1 0.000481116
3 0.000598803
1 0.000962117
1 0
1 0
3 0
7 0.00283129
231 0.00885591
3 0
217 0.00499979
2 0
1 0
1 0
97 0.00390806
95 0.00145801
2 0
2 0
1 0
2 0.000481116
3 0
2 0
3 0
1 0.000481116
1 0
3 0.00528394
1 0
2 0.000481116
1 0.00144289
2 0
1 0
1 0
5 2.31528e-08
9 0.00752043
5 2.31528e-08
5 2.31528e-08
5 0
5 0
3 0.000105769
3 0
3 0
3 0
1 0
3 0.00144265
32 0.00434067
5 0.000362445
1 0.000962117
2 0
5 0.00144801
11 0.00367482
1 0
1 0
2 0
1 0
1 0
1 0.000481116
3 0
3 0
3 0
3 0
3 0.000464234
1 0
1 0
3 0
2 0
3 0
3 0.000368424
2 0
1 0
3 0
3 7.93885e-05
14 0.00183771
3 0
2 0
2 2.1806e-06
2 0
2 0
7 0.00122734
3 0.000337822
3 0.000393997
2 0
2 0
4 0.00108462
5 0.000927432
3 0
3 0
3 0
2 0.000476661
1 0
3 0.000165963
5 6.8972e-05
2 0
1 0
1 0
7 0.00402575
4 0.000794785
3 0.000481116
3 0
4 0.000136322
3 7.35894e-05
1 0
1 0
1 0
1 0
2 0.0001723
2 0
3 0.000339339
3 2.05221e-05
3 0
3 0.000996415
3 0
4 0.00168935
3 0
3 0
2 0.000550481
4 0.0019656
3 0
3 0.00157425
1 0
2 0
2 0.000481116
2 0.00288334
1 0
2 0.000962117
231 0.00501179
2 0
4 0.00203967
3 0.00173983
2 0.000601689
1 0
2 0.00384245
4 0.00012449
5 0.00234051
3 7.52053e-05
6 0.00216883
4 0.00107648
2 0
2 0
4 0
4 0
3 0
3 0
231 0.00136282
1 0
2 0
1 0
1 0
1 0
7 0.000424061
2 0
2 0
4 0
4 0
4 0.00129337
4 0
3 0.000209579
3 0.00119776
1 0
3 2.99673e-05
2 0
3 0.00144265
3 0
3 0
2 0.00192308
3 0
3 0.00260479
8 0.000578108
17 0.000416224
5 0.00069732
4 2.3355e-05
3 0
2 2.66571e-05
3 0
3 6.21484e-05
1 0
3 0.000459184
3 0
3 0
5 0.00282099
2 0
2 0
2 0
7 0.000364376
231 0.00597788
3 0.000481116
231 0.00393141
4 0
4 0
1 0
2 0
2 0
3 0.000153945
2 0
1 0.000962001
1 0.000481116
2 0
2 5.78821e-08
3 0.00121053
3 0
3 2.70117e-07
7 0.00537034
3 0.000240249
1 0
3 0.00192342
1 0
3 0
3 0
3 0
1 0.000481116
2 0.000962001
1 0
2 0.000481116
2 0.00240327
2 0
2 0.000962059
2 0
2 0
2 0
4 0.000549174
9 0.000870856
1 0
2 0
4 0.000564578
6 0.00142277
231 0.000998582
1 0
3 0
2 0
2 0.000168379
23 0.00422397
3 0.000186559
3 1.90611e-05
1 0
6 0.000613049
11 0.00189997
16 0.00226562
4 0.00109584
2 0
2 0
11 0.00102526
9 2.45612e-05
9 0
3 0
9 0
4 0
4 6.27494e-05
4 0
4 0
4 0
2 0
2 0
9 0
9 0
9 0
3 0
3 0
2 0.00207321
4 0
3 0
9 0
9 8.17506e-05
3 0
2 0.000334853
3 0.000156384
2 0.00214954
1 0
2 0
2 3.14128e-05
2 0
2 5.78821e-08
5 0.0030843
10 0.00370248
1 0
231 0.0050406
3 0
1 0
1 0
2 0
2 0
1 0
3 0.000106902
2 0
1 0
2 0
1 0
3 0
3 0
2 0.00261009
2 0
2 0.000962117
2 0
2 0.000962001
2 0
1 0
3 0.0024855
2 7.49924e-05
2 0
1 0
3 0.000286302
2 0
3 0.000389683
1 0
1 0
2 0
2 0
3 0.000481116
2 0
9 0
9 0.000148326
9 0
9 0
9 0
3 0.00168026
3 0.00575811
3 0
3 0.00264226
2 0
2 0
2 0
2 8.31496e-05
2 5.78395e-05
9 0.00166644
6 0.00275876
2 0.000432494
7 0.00204108
1 0.000481116
1 0
1 0.000962001
1 0
3 0.00144265
5 0.000965354
4 0
3 0
22 0.00278883
4 0.000636567
4 0.000636567
3 0
2 0
2 0
2 3.4355e-05
2 0
14 0
14 0
7 0.000983621
14 0
14 0.00245874
14 0
14 0
14 0
14 0
14 0
2 0
14 0
2 0
14 0
14 0
14 0
14 0
4 0
4 0
1 0
1 0
5 0.000693337
2 0
5 0.000551211
5 0.000108448
4 0
4 1.12085e-05
2 0
4 0
4 0
4 0.00192308
4 0
4 0
4 0
1 0
3 0.000390488
5 0.000384962
1 0
4 0
2 0
4 0.00210197
3 0
2 3.74518e-05
3 0.000292072
1 0
1 0
1 0
1 0
1 0
9 0.0102651
1 0
3 0
4 6.81522e-05
3 7.72727e-05
3 0
2 0
6 0.000422412
3 0
2 0
3 0.00274197
2 0
3 0.000499518
2 0
3 0
3 0
3 0
1 0
1 0
13 0.00851366
3 0.0024033
3 0.000160353
3 0
3 0.000160353
3 0.000160256
1 0.000481116
3 0.00164487
1 0
1 0.00336469
1 0
1 0
1 0.001443
3 0.00188234
4 0
4 0
3 0.000229607
4 0.000451151
4 0
1 0
5 0.00477785
9 0.00435343
2 1.28498e-06
2 0
3 6.13935e-05
5 0
2 0
3 0
5 0
5 0.000250813
3 0
2 0
6 0.00165743
2 0
31 0.00191933
11 0.00203523
2 0.000227525
2 0.000791736
3 0
1 0
3 0
3 0.00172509
1 0
2 0.000962117
1 0
2 0
2 0
1 0
1 0
1 0
2 0.00079086
3 0.00387279
3 0.000481116
3 0
3 0
1 0
3 0.00192308
1 0
2 0
2 0.0002405
1 0
2 0.00384441
231 0.00662735
2 0
1 0
2 0
2 0.0002405
3 7.79408e-05
5 0.000177013
2 0
2 0.000105304
3 0.000510736
2 1.42356e-05
2 0
2 0
1 0
3 0
3 0
3 3.12367e-05
3 2.54706e-05
1 0
3 6.91647e-05
4 0
4 0
3 0
1 0
2 0
4 1.73646e-07
4 0
3 0
3 0
3 0
2 0
4 5.73846e-05
6 0.000626858
2 0
2 0
3 2.20545e-05
2 0
6 0.000154992
1 0
1 0
2 0
1 0
3 0
1 0
3 0.000962001
3 0.000114086
4 0.000801459
4 0
3 0
4 0
4 0.00192308
3 0
1 0
2 0.000368068
1 0
3 0.00220534
3 0
4 0.00148493
1 0
1 0
3 7.90731e-05
3 0
4 0.000730784
3 0
4 0
4 0.000128448
5 0.000271641
6 0.000383233
4 7.39218e-06
3 0
2 0
2 0.000470189
1 0
1 0
1 0
2 0
1 0
1 0
1 0
4 0.000954976
28 0.000321939
1 0
4 0.00122162
3 0
1 0
3 0
4 0.000420075
1 0
2 0
3 0
1 0
3 0.00106116
3 0.0002518
1 0
2 0.00192365
2 0
2 0
1 0
1 0
4 0.000682348
4 0
3 0
3 0
4 0.00140819
4 7.579e-06
4 0
50 0.0112804
5 0.00124833
2 0
3 0
3 0.00466895
2 0.000962001
2 0
2 0
2 0
3 0
51 0.00124248
1 0
8 0.000438178
3 0
2 0
4 0.000411912
2 0.0002405
2 0.0002405
2 0
1 0.000481116
1 0
1 0
2 0
4 0
4 0
2 0
4 0
4 0
2 0
4 0
4 0
1 0
4 0
4 0
1 0
1 0
2 0.00155774
2 0
2 0
1 0
1 0
2 0.00432484
1 0.000962117
2 0.000481116
2 0.0002405
2 0.0002405
2 0
2 0
3 0.000257802
4 0.00103843
2 0
1 0
3 0
3 0
3 0.000481116
1 0
1 0
8 0
8 0
4 0
8 0
8 0
4 0
8 0
8 0
1 0.000481116
3 0.000325405
1 0
2 0
2 0.00144265
3 0.00144265
1 0
1 0.000481116
2 0.000962001
2 0.00293108
2 0
1 0
3 0.000481116
3 0.000846924
1 0
8 0.00378511
1 0.000481116
2 0
1 0
2 0.000962001
1 0
2 0
2 0
2 0
2 0
2 0
23 0.0058934
2 0
1 0
3 0
3 0
1 0
1 0
8 0.000969914
7 1.15764e-07
4 0
7 0
7 0.000962232
2 0
7 0
1 0
7 0
3 0.00270799
3 0.00148705
6 0.000960645
7 0.000962117
7 0
1 0
1 0
1 0
1 0
1 0.000481116
3 0
2 0
2 0
3 0
2 0
2 0.000114935
3 1.12589e-05
2 0
2 0
2 0
1 0
3 0.00212482
4 0
2 0
4 0.000114338
1 0
4 0.000114338
13 0.00329874
1 0
6 0.000283971
3 0.00109439
2 0.000481116
6 0
2 0
1 0
4 0.00480271
1 0
2 0.00111697
1 0
1 0
231 0.00501678
1 0
3 0
2 0
2 0
5 0.00256503
1 0
2 0
2 0
1 0
2 0
2 0
1 0
2 0.00015641
3 0.00280805
1 0
2 0.000962001
2 0
2 0
3 1.84939e-05
3 0
2 0.000962001
3 0.000962001
1 0
2 2.62969e-05
3 0
2 0
3 0
1 0
2 0
2 0
2 0
2 0
2 0.000618695
3 0
7 0.00198102
4 0
34 0.018592
4 0
6 4.88945e-05
6 0.00017632
10 0.00293418
6 0
2 0
2 0.000481116
2 9.00977e-05
3 0
4 0.000315376
2 0
9 0.000293301
2 3.85787e-05
2 0
3 0
7 0.00162056
7 0
7 0.000267074
7 0.000267074
7 0.00114681
7 0.000267074
7 0
7 0
2 0.000122023
3 1.15764e-07
3 0.000240384
3 0.00120204
3 0
3 0
3 0.00288322
3 0
1 0.000962117
1 0
2 0
1 0
3 0
3 0
1 0
4 0
3 0
3 0.000962001
3 0.00103804
1 0
2 0
1 0
2 0.000481116
1 0
2 0.000481319
1 0
5 0
5 0.000118027
5 0.000118027
5 0.000837334
5 0.000837334
2 0.000481116
2 0
3 0
1 0
2 0
3 0
2 0
1 0
1 0
4 0
4 0
4 0
4 0.000560637
130 0.00349297
4 2.36872e-06
3 0
4 4.86417e-05
3 0
3 0
1 0
2 0
2 0.000481116
1 0
2 0
3 0.000222875
1 0
3 7.60587e-05
3 0
1 0
3 7.60587e-05
10 0.00513314
4 0
4 0
1 0
4 0
4 0
2 0
2 0
2 5.78821e-08
2 0
3 0
3 0
1 0
1 0
2 0
2 0
3 0.000962001
1 0
3 0
3 0
1 0
1 0
4 0
5 1.02978e-05
4 0
5 6.68876e-05
4 2.55997e-07
3 0
3 0
2 0
1 0
2 0.000481116
1 0.000481116
7 2.3817e-05
4 2.55077e-05
1 0
11 7.80726e-05
11 3.19277e-05
11 3.19277e-05
7 0
7 0
2 0.000481116
1 0
1 0
122 0.0018892
1 0.000481116
3 0
1 0
3 0.00109473
7 0.00329479
1 0
1 0
2 0
1 0
1 0
3 0
3 0
2 0.00043567
1 0
2 0.000172695
2 0
1 0.000481116
2 0
2 0
3 0
3 0
2 0.000135551
1 0
2 0
2 0
2 0
4 5.04605e-05
1 0
1 0
4 2.52013e-05
1 0
1 0
1 0
3 0
3 0.00240327
4 7.37867e-05
3 0
3 0
2 0.00048129
1 0
2 0
2 0
1 0
1 0.000481116
1 0
3 9.67502e-06
1 0
1 0
4 0
4 0
2 0
4 0
2 0
3 3.39816e-05
4 0
3 0
3 0
5 0.000136992
3 0
3 0
3 0
2 0
3 0
3 0
3 0
3 0
3 0
1 0
1 0
1 0.000481116
3 0.000171033
3 0.000586935
2 0
3 0
2 0
3 0
3 0
1 0
4 0
4 0
4 0.000227214
4 0.000227214
3 0
4 0.000565841
2 5.74235e-06
1 0
2 0
1 0
1 0
1 0
1 0
1 0
1 0
2 0.00144289
1 0
1 0
2 0
4 0.000240056
4 0
4 9.84724e-05
4 0
4 0
3 0
3 2.71522e-06
2 0.0002405
2 0.0002405
2 0
1 0
1 0
2 0.00442651
2 0.000962001
2 0.00192308
1 0
2 0
3 0
3 0
2 0
2 0
2 5.78821e-08
2 0
2 0
5 0.000524846
5 0.0019675
1 0
1 0
1 0
1 0
2 0
2 0
1 0
2 0
2 0
3 0
3 0
3 0
3 0
5 0
5 1.15764e-07
3 0
4 9.60672e-05
4 0
5 0
3 0.000135211
3 0
1 0.00144289
1 0.000481116
1 0
2 0
2 0
3 0.00108906
3 0
1 0
2 0.00209822
3 0
1 0
1 0
5 0.00125134
2 0
1 0
3 0
3 1.15764e-07
3 0
3 2.37847e-05
2 0
1 0
5 0.000115408
2 0
44 6.77475e-05
3 0
1 0
3 0
3 0
2 0
3 0
12 0.00397839
2 0
3 0.00290711
4 0.000187141
3 0
2 0
4 0
2 0.000481116
3 0.00170747
4 0
3 0
1 0
3 0.000450508
1 0.000481116
2 0.000855597
2 0
2 0
2 0.0003899
2 0
15 0.00271203
2 0
2 0.00112063
1 0
6 0.00186739
4 0.00499133
2 0
5 0
1 0
5 0
5 0
2 0
2 5.23936e-05
3 3.47293e-07
3 0
3 0
3 0.000481116
7 0.000478931
7 0
7 0
7 0
7 0
7 0.00238749
8 0
8 1.38917e-06
8 0
8 0
8 0
8 0
8 0
8 0
8 0
8 0
8 0
8 0
8 0
1 0.000481116
1 0
1 0
1 0
1 0
1 0
1 0
2 0
2 0
1 0
4 0
4 0
2 0
3 0
3 0
1 0
4 0
7 0.00073089
3 0
2 0
3 0
3 0
7 0.00073089
3 0.000708951
2 0.000481116
40 0.00245455
1 0
2 9.85082e-05
3 0
13 0
13 0
13 0.00146435
13 0
1 0
13 0
13 0
13 0
13 0.000159474
13 0
13 0
13 0
13 0.000159474
1 0
2 0
2 0.00108974
1 0
2 6.63897e-05
1 0
2 0.000422586
4 0
4 0
4 0
1 0
4 0.00192354
1 0
2 0
2 0
2 0
2 0
2 0
2 4.13792e-05
1 0
3 0
3 0
3 0.000324893
3 0.00162818
3 0.000564527
2 0
3 0.00272805
2 0
2 0
1 0
1 0.000481116
1 0
2 0
2 0
2 0
2 0
1 0
1 0
2 5.78821e-08
1 0
11 2.31528e-07
11 0
11 2.31528e-07
11 2.31528e-07
11 0
4 0
11 2.31528e-07
4 0
11 0
11 0
11 0
4 0
4 0
8 0.00040373
1 0
1 0
2 0
2 0
4 0.00185223
3 0
3 0
3 0
3 0
3 0.000278104
3 0
2 0
2 0
3 0
3 0
3 0
3 0
3 0
3 0
2 0.000481116
3 0
3 0
3 0
1 0
1 0
3 0.000210662
1 0
1 0
1 0
2 0
5 2.31528e-08
5 0
4 0
4 0
5 2.40273e-05
4 0.000197882
1 0
2 0
4 0.000851723
3 1.16897e-05
1 0
1 0
2 0
2 0
5 2.17413e-06
5 0
4 0
24 0.000494973
6 0.000604341
231 0.00343034
21 5.14508e-08
21 5.14508e-08
21 5.14508e-08
19 0
21 5.14508e-08
21 5.14508e-08
21 5.14508e-08
21 0
21 5.14508e-08
21 5.14508e-08
21 5.14508e-08
21 5.14508e-08
4 0
21 5.14508e-08
21 0
21 7.69738e-05
21 5.14508e-08
21 5.14508e-08
3 0
21 0
21 0
19 0
21 5.14508e-08
3 0
3 0
1 0
2 0
2 0
1 0
1 0
5 0.00194275
2 0.000481116
1 0
1 0.000962117
1 0
3 0
3 0
3 0
1 0
4 0.00240373
3 0.00192342
1 0
1 0.000481116
2 0
3 0
1 0
3 0
3 0
2 0
5 0.000647948
3 0
2 0
3 0
15 0.00141671
5 3.66026e-06
3 0
23 0
23 0
23 0
23 0
23 0
23 0
23 0
23 0
23 0
23 0
23 0
23 0
23 0
23 0
23 0
23 0
23 0
23 0
23 0
23 0
23 0
23 0
23 0
3 0
3 0
3 0
2 0
4 0
4 0
4 0
2 0
2 0
2 0
1 0
3 0
3 0
3 0
1 0
3 0
1 0
2 0
2 0
1 0
2 0.000962001
3 0
3 0
3 0
2 0
4 0
4 0
4 0
4 0
3 0
3 0
1 0
1 0
4 0.00156251
3 0
3 0.00169753
2 0
3 0
2 0
3 0.000166895
2 0.000365074
2 0
2 0
3 0
3 0
2 9.2525e-06
3 0
1 0
2 0
1 0
1 0
11 0.00125951
1 0.000481116
1 0
1 0
1 0
1 0
1 0
1 0
4 0.000831825
2 0
1 0
2 0
1 0
1 0
1 0
4 0
4 0
4 0
4 0
1 0
1 0
2 0
2 0
2 0
2 0.000962001
2 1.73646e-07
1 0
1 0
2 0
2 0
2 0
1 0
2 0
2 0.00144289
1 0
2 0
2 0.000960843
2 0.00192284
2 0
1 0
2 0
3 0.000481116
3 0
3 0
2 0
3 0.000262317
2 0
5 9.58756e-05
5 9.58756e-05
2 0
3 0
2 0
5 0
5 0
5 0
5 0.000993619
5 0
9 0.000534494
5 0
9 0.000534494
5 0
5 0
2 9.09817e-06
2 0
1 0
1 0
2 0
34 0
34 0
34 0
34 0
34 0
34 0
34 0
34 0.000962001
34 0
34 0
34 0
34 0
34 0
34 0
34 0
34 0
34 0
34 0
34 0
34 0.00144265
34 0
34 0
34 0
34 0
34 0
34 0
34 0
34 0
34 0
34 0
34 0
34 0
34 0
34 0
3 0
3 0
3 0
2 0
1 0
1 0
3 0
3 0.000804913
2 0
3 1.25112e-05
1 0
1 0
2 0.000481116
2 0
1 0
2 0.000962001
1 0.000481116
1 0
2 0.00144289
1 0
2 0
1 0
1 0
1 0
2 0
2 0
2 0
2 0
1 0
2 0
2 0
2 0
2 0.000962117
1 0
2 0.000481116
1 0
1 0
1 0
1 0
1 0
1 0
2 0
4 0.000481116
4 0
4 0
4 0
1 0
3 0.00144265
3 0
3 0
2 0
3 0
6 0.00259747
4 0
4 6.47408e-05
4 0
5 0.0013295
3 0
4 0
4 0
3 1.35018e-05
4 9.94524e-05
4 0
4 0
3 0
3 0
1 0
2 0
2 7.3759e-06
2 0
1 0
2 0
2 0
1 0
2 0
2 0
2 0
2 0
2 0
1 0
1 0
2 0.000548873
2 0
3 0
2 0
3 0
3 0
3 0
1 0
1 0
1 0
1 0
4 0.00228987
3 0
2 0.000481116
3 0.000450074
3 0.000792572
2 0
2 0.000962001
2 0
2 0
2 0
1 0
2 0
1 0
3 0
3 0
3 0
3 0
3 0
3 0
2 0.00384245
5 0.000617886
1 0
2 0
1 0
2 0.000962001
1 0
3 0.000789845
3 0
1 0
3 0
3 0.000202737
1 0
1 0
1 0
2 0
3 0
3 0
3 0
3 0.00336446
3 0
3 0
3 1.15764e-07
2 0
2 0
2 0
2 0.00336295
2 0
2 0
2 0
1 0
1 0.000481116
1 0
3 1.21759e-05
1 0
1 0
1 0
3 0
3 0.000481116
3 0
1 0
1 0
2 0
3 0
2 0
2 0
2 0.00100469
1 0.000481116
1 0
2 0
1 0
2 0.000103298
1 0
3 0
3 0
2 0.000590893
2 0
2 0
1 0
1 0
2 0.000962001
2 0
2 0
2 0
6 0
6 0
6 0
6 0
6 0
6 0
3 0
6 0.00100997
6 0
6 0
2 0
6 0
6 0
2 0
23 0.00194629
2 1.73646e-07
2 0
2 0
3 0.000240732
2 0.000240384
3 0
3 0
2 0
1 0
2 0
2 0
1 0
4 0.000411239
4 0
3 0
4 0
3 0
3 6.21669e-05
3 0.00144289
1 0
3 0.000481116
2 0
2 0
2 0
2 0
1 0
1 0
4 0.00144265
4 5.82226e-06
4 5.82226e-06
2 0
2 0
3 0.000169251
3 0.000366632
2 2.94174e-05
2 0
2 0
2 0
2 0
2 0
2 1.73646e-07
1 0
1 0
2 0
2 0
2 0
1 0
3 0.000721559
3 0
2 0
3 0.000240442
2 0
1 0
1 0
1 0
2 0
2 0
2 0.00144289
1 0
1 0
1 0
1 0
1 0
1 0
1 0
2 0
2 0
2 0
1 0
2 0
1 0
1 0
1 0
1 0
2 0
3 0
3 0
2 0
3 0
2 0
2 0
1 0
1 0
1 0
1 0
1 0
2 0.00144289
1 0
2 0
2 0
15 0
15 0
15 0
15 0
15 0
15 0
15 0
15 0
15 0
15 0
15 0
15 0
15 0
15 0
15 0
1 0
2 0
1 0
2 0
2 0
1 0
2 0
1 0
1 0
1 0
1 0
1 0
2 0
2 0
3 0
3 0
3 0
2 0
2 0
2 0
7 0
7 0
7 0
7 0
7 0
1 0
1 0
1 0
3 9.69504e-05
1 0
1 0
1 0
1 0
2 0.000481116
2 0.000962001
1 0
2 0
1 0
1 0
1 0.000481116
1 0
2 0.00175414
2 0
2 0
2 0
2 0
1 0
1 0
6 0.000127211
1 0
1 0.000481116
1 0
3 0
3 0
3 0
2 0
2 0
1 0
1 0
2 0
2 0
1 0
3 0
3 0
1 0
1 0
2 0
2 0
2 0
2 0
1 0
1 0
3 1.49559e-05
2 0
3 0
1 0
1 0
2 0
1 0
2 0
2 0
1 0.000481116
2 0.00384245
11 0
11 1.38274e-06
11 1.38274e-06
11 0
11 0
11 1.38274e-06
11 1.38274e-06
11 0
11 0
11 1.38274e-06
10 0
10 0
10 0
10 0
10 0
3 0
3 0
2 0
2 0
2 0
2 0
2 0
1 0
2 0
2 0
1 0
2 0
2 0
1 0
1 0
2 0
2 0
1 0
2 0
2 0
2 0.000962001
2 0
2 0
4 0
1 0
4 0
4 0
4 0
1 0
1 0
3 0
2 0
2 0
1 0
8 4.39836e-05
8 4.39836e-05
8 4.39836e-05
8 4.39836e-05
8 4.39836e-05
8 0
8 4.39836e-05
8 4.39836e-05
2 0
2 0
3 0
4 0
4 7.71762e-08
4 0
2 0
2 0
2 0
1 0
1 0
1 0
1 0.000481116
1 0
1 0
2 0
2 0
1 0
3 0
3 0
3 0
1 0
1 0
1 0
1 0
1 0
1 0
1 0
1 0
1 0
1 0
