206 0.00147342
28 0.00539588
72 0.00179526
103 0.00224551
200 0.00146929
145 0.00169331
303 0.000225958
145 0.000389083
1 0.0293415
146 0.000689027
138 0.00198651
316 0.00297475
16 0.0140874
109 0.000999404
36 0.00502982
20 4.97331e-05
41 0.000152438
74 0.00229296
40 0.00429273
94 0.00181167
27 0.0107827
284 0.000454616
119 0.00153973
96 0.00183505
105 0.00131776
226 0.00234262
302 0.000439821
37 0.00451099
102 0.00175067
126 0.00128545
285 0.00108596
241 0.000362352
196 0.002237
270 0.000918992
2 0.0433668
299 0.000356746
146 0.00025493
107 0.000534246
178 0.00298994
91 0.00255362
48 0.0127207
49 0.00605874
4 0.0128555
217 0.00067348
218 0.00114671
190 0.000725168
225 0.000929357
33 0.00489538
43 0.000994299
120 0.00299622
237 0.00114409
233 0.000472718
288 0.0011434
316 0.000616012
274 0.000471036
115 0.00161578
11 0.0136576
108 0.00146581
339 0.00148585
143 0.00108572
37 0.000214003
199 0.000753764
279 0.000240231
69 0.00436093
310 0.00134799
17 0.0129385
66 0.00193307
15 0.00774717
160 0.000852103
133 0.00091338
54 0.00530401
20 0.00664138
131 0.00242021
79 0.00207258
50 0.00344232
42 0.00261338
20 4.75007e-05
71 0.00658895
278 0.000673297
23 0.00665339
92 0.00142574
38 0.00542788
35 0.00481432
170 0.00097798
58 0.00292145
113 0.00145334
81 0.00218246
138 0.00031012
281 0.000917303
13 0.00945584
79 0.00175427
216 0.00240289
19 0.00572407
87 0.00305442
56 0.0045237
39 0.00459649
163 0.00150135
164 0.00247799
30 0.00761978
9 0.00060888
7 0.00980964
9 0.0141049
22 0.00550635
8 0.0186861
173 0.000861122
214 0.00198496
59 0.00434412
124 0.00245751
3 0.0186329
134 0.000941361
280 0.000992796
87 0.000256068
41 0.000261137
114 0.000404225
319 0.000170444
77 0.00319702
46 0.000332078
39 0.000184999
0 0.0479495
179 0.0017999
12 0.0218449
195 0.000793041
172 0.000681281
122 0.0011542
154 0.000398118
239 0.000807529
224 0.000955117
267 0.00168198
259 0.000368594
10 0.0145388
158 0.00559268
174 0.00141948
308 0.00039361
167 0.00216859
316 0.00268433
24 0.0179982
5 0.0309545
132 0.00219053
55 0.000682393
127 0.00219603
318 0.00514899
47 0.0050309
14 0.0222886
9 7.75345e-06
287 0.00190011
93 0.0043332
257 0.000862834
285 0.000991008
26 0.0101557
263 0.00321622
38 0.000184531
255 0.0017441
31 0.0113576
305 0.000797355
290 0.000638183
185 0.000983884
110 0.00211104
268 0.00974699
98 0.00490335
169 0.00155595
70 0.00756461
140 0.00179945
253 0.00253435
324 0.00284569
57 0.000406599
191 0.00126714
18 0.0129249
121 0.0027584
171 0.00744048
7 1.22917e-05
97 0.000994891
228 0.00157838
104 0.00568935
125 0.00279608
269 0.00368171
150 0.00023623
297 0.000777021
7 1.74063e-05
26 0.000130696
203 0.00357352
142 0.00498631
100 0.000341715
12 2.96053e-05
51 0.0100114
154 0.00316558
37 0.000228992
111 0.00178729
61 0.00524686
89 0.00224408
64 0.00360834
159 0.00194957
136 0.000983665
75 0.00902447
278 0.0014919
148 0.00138975
246 0.000445015
43 0.00511455
286 0.000574708
331 0.00283036
207 0.00162701
13 9.0292e-06
283 0.0026599
60 0.00850599
23 0.000742422
141 0.000150554
206 0.000432894
316 0.000399963
123 0.0016108
166 0.00108132
141 0.00112996
306 0.000537417
66 0.000162493
32 0.00652727
114 0.00119788
6 0.0143007
45 0.005276
35 0.000156115
90 0.00417375
76 0.000267771
211 0.000838523
205 0.00086117
25 0.00699969
112 0.0017579
272 0.000498477
123 0.000294683
68 0.00314346
231 0.000864275
234 0.000313819
106 0.00385816
165 0.00152394
65 0.00870334
162 0.00121486
273 0.000287866
62 0.00459237
117 0.00108995
85 0.000261366
63 0.00506016
150 0.000639553
221 0.00060366
21 0.0105532
4 1.76091e-05
347 0.0030147
293 0.00149852
258 0.00213048
59 0.000185823
86 0.00436173
244 0.000846153
12 1.71175e-05
254 0.000370087
95 0.00374281
212 0.000518688
41 0.00887961
55 0.00472752
190 0.000752394
44 0.00634556
278 0.000875714
135 0.00214451
67 0.00453476
137 0.00278173
197 0.00263485
88 0.00333522
336 0.00146165
3 3.62615e-06
337 0.000267056
323 0.0010504
21 0.000433932
307 0.000766013
301 0.000961723
52 0.000575129
201 0.000827781
53 0.00565839
70 0.000522933
344 0.000419931
29 0.000248196
16 0.000145249
15 8.98912e-05
264 0.00040319
27 0.000368364
14 4.05978e-05
13 6.26674e-06
2 2.00746e-07
44 0.000611152
311 0.000323711
155 0.0037834
247 0.000348449
27 0.000154116
213 0.000935794
19 0.000133063
294 0.000418278
194 0.000501281
338 0.000988403
266 0.00103103
273 0.000853626
144 0.00480921
87 0.000479672
157 0.00102902
192 0.00101602
73 0.00391559
101 0.00256897
102 0.000327404
322 0.00119215
271 0.000661149
11 2.24773e-06
76 0.00556474
210 0.000786509
116 0.00252764
80 0.00474978
223 0.000976909
189 0.00180779
28 7.8668e-05
262 0.00125426
2 0
273 0.00156692
61 0.000356943
229 0.00146847
180 0.00113845
21 5.52521e-05
118 0.0136698
187 0.00428206
181 0.0022937
57 0.00718997
161 0.00192502
12 2.50426e-05
296 0.000176555
41 0.000285743
130 0.00118196
193 0.000458848
22 3.04553e-05
184 0.00120132
85 0.00429524
250 0.000424211
33 3.38805e-05
151 0.00141242
83 0.00278321
100 0.00228544
34 0.00860788
139 0.0010683
46 0.0048803
52 0.00579761
33 0.000152817
59 0.000159327
21 0.000147585
128 0.0104065
156 0.00201714
71 0.00113247
316 0.00264478
158 0.00064314
2 3.54045e-07
32 0.000119089
282 0.00117801
242 0.000442305
20 1.36868e-05
45 0.000170773
24 0.000219693
38 5.71445e-05
212 0.000453819
13 4.13191e-05
333 0.000304957
35 0.000224488
175 0.00117674
84 0.00805843
23 8.85122e-05
194 0.0011621
32 0.000276626
67 0.000259129
284 0.0001757
64 0.00287423
317 0.00124925
248 0.000571847
154 0.000210347
53 0.00298797
29 0.00697561
12 1.36326e-05
52 0.000698546
230 0.00380839
10 8.07165e-05
97 0.000445282
36 0.0011139
153 0.0037157
29 0.000380555
2 0
332 0.00192506
107 0.00246121
240 0.0011534
77 0.000466033
272 0.000681747
324 0.000778992
272 0.00406647
3 0.000120004
329 0.000726308
204 0.00148767
298 0.000555759
1 0
19 0.00328019
152 0.0064054
219 0.00127974
18 0.000285115
317 0.000753267
13 6.23519e-05
243 0.000735316
13 9.41732e-05
14 2.67867e-05
289 0.000432812
295 0.000539366
23 0.00146133
330 0.000834639
78 0.00410188
71 0.00144445
25 0.000254853
186 0.00207762
64 0.000311296
102 0.00029159
26 0.000117561
182 0.00266683
276 0.000369919
183 0.00127376
38 0.000221001
275 0.00022568
51 0.000214495
272 0.00030595
202 0.000833585
274 0.000201563
99 0.00144326
313 0.000867468
210 0.000143246
245 0.000918257
207 0.000421403
283 0.000444188
251 0.00111972
21 0.000146125
16 7.01012e-05
206 0.000850292
138 0.000989535
97 0.00258545
9 4.59535e-05
17 3.74217e-05
334 0.000773694
16 6.64171e-05
9 2.60782e-05
168 0.00359138
312 0.000359696
318 0.000584412
343 0.000330032
12 0.000223914
3 0.00262869
25 2.73709e-05
256 0.000732755
86 0.000169427
38 0.000166905
2 0.000656542
2 1.47354e-05
9 0.00482751
2 0
162 0.000316275
102 0.000916203
12 7.82669e-05
77 0.000323064
159 0.000285288
260 0.00155342
275 0.00388113
14 1.76471e-05
252 0.000908681
277 0.000602088
34 0.00016065
214 0.00518784
12 1.85532e-05
249 0.00186688
19 4.55225e-05
32 0.000194379
147 0.00154564
320 0.000300537
149 0.00313997
12 6.66485e-05
16 2.42141e-05
56 0.000434013
26 0.000113227
12 4.0495e-05
232 0.000652185
235 0.000737677
83 0.000198752
345 0.00044493
327 0.00032325
32 0.000121729
86 0.000386126
326 0.000768352
19 0.00011561
41 0.000717345
21 0.000271806
27 0.000223388
9 4.11077e-05
11 3.06606e-05
320 0.0010204
40 0.000891375
14 0.000133541
34 0.000131851
15 1.24484e-05
129 0.000782988
16 2.2469e-05
279 0.000898208
109 0.0004521
346 4.99428e-05
16 0.00012121
236 0.000712977
85 0.000305673
281 0.000546693
14 2.41527e-05
22 6.77448e-05
37 0.000273284
220 0.00099809
198 0.00119119
208 0.00323034
31 9.19745e-05
209 0.000826241
177 0.00118964
75 0.000195783
66 0.000337834
304 0.000230496
325 0.000118899
30 0.000134143
238 0.000782033
45 0.000152101
28 6.06079e-05
82 0.00417887
129 0.00121445
188 0.000760544
186 0.00132333
31 0.000248968
292 0.000303802
56 0.000135089
9 2.37126e-06
50 0.00035831
26 0.000153233
63 0.000169755
38 0.000139935
19 0.000126939
23 6.63266e-05
291 0.000898073
100 9.70885e-05
107 0.000377803
43 0.000146384
1 0
16 2.28432e-05
227 0.000827023
276 0.000150547
314 0.000485563
22 0.00271614
37 0.000366944
32 7.97368e-05
342 0.00133946
5 3.08101e-06
2 0
321 0.000319863
31 0.00032973
136 0.000251629
261 0.000552773
7 4.44009e-06
319 0.00079748
9 7.9512e-05
265 0.0012359
18 0.00223526
19 4.1306e-05
146 0.0024202
15 0.00016927
43 0.00026952
9 4.31979e-05
284 0.000597844
315 0.0004902
22 0.000117082
335 0.000420739
28 0.000228525
341 0.000260172
12 2.09624e-05
11 1.32917e-05
38 0.000107469
323 0.000395706
215 0.00190453
24 0.000203481
4 2.38432e-06
20 0.000166022
16 4.59256e-05
6 0.00351536
32 0.000188994
14 7.51413e-05
19 6.09739e-05
12 0.000130731
52 0.000186563
26 5.72769e-05
322 0.00052744
218 0.000217336
282 0.000594792
8 9.55025e-06
16 0.000115873
1 0
11 0.000104712
65 0.000663786
48 8.40129e-05
222 0.00126886
4 0.00269092
309 0.000925262
39 0.000298119
8 2.51018e-05
1 0
80 0.000525556
176 0.00246585
9 3.53788e-06
7 1.5337e-06
12 1.06539e-05
283 0.000552413
321 0.000184478
28 0.0001003
4 2.23432e-06
47 0.00026177
317 0.00231733
340 0.00211148
20 3.64422e-05
50 0.000181517
11 0.000100131
44 6.46242e-05
206 0.000322252
31 0.000209626
33 0.000142797
3 7.18987e-07
136 0.00152784
15 4.78919e-05
5 3.19999e-05
3 0
125 0.000255281
328 0.000691426
46 0.000499712
5 1.5541e-05
7 5.46204e-06
1 0
11 4.24904e-05
16 2.92862e-05
36 0.000422198
10 1.60774e-05
8 7.11242e-06
3 2.96852e-05
18 0.00819375
5 0.00142015
3 5.07708e-05
2 0
1 0
2 0
10 1.68292e-05
121 0.000245897
21 9.27136e-05
34 0.000371859
13 1.30128e-05
2 0
4 0
8 1.68007e-05
300 0.000808048
8 5.2978e-06
4 2.35719e-06
5 4.51539e-05
15 0.00116723
15 9.42103e-05
7 4.54766e-05
3 1.09174e-06
8 2.46993e-05
1 0
20 3.83658e-05
2 0
27 0.000558649
26 0.000341342
6 8.48193e-05
6 7.50855e-05
8 0.00274721
4 1.99192e-07
1 0
1 0
18 0.000104737
1 0
10 2.0003e-05
5 4.99899e-06
23 5.17917e-05
9 4.25232e-05
17 1.41713e-05
8 0.00263693
45 7.30639e-05
7 8.37218e-06
35 5.00893e-05
2 0
13 3.62518e-05
60 0.000169758
13 8.21919e-06
5 1.97529e-06
6 1.58431e-06
7 0.000100098
3 0
10 0.00153869
5 0.000238265
63 0.000297939
1 0
13 8.5691e-05
1 0
1 0
11 1.78226e-05
11 0.00028635
45 0.000162618
3 0
38 0.00213153
2 8.01021e-06
18 0.000133622
4 2.62398e-05
9 9.69896e-06
9 2.78115e-05
11 4.2307e-05
2 0
4 3.92812e-06
2 0
1 0
1 0
1 0
17 6.25822e-05
3 4.19506e-05
2 8.3954e-05
1 0
9 5.92658e-05
8 2.95396e-05
1 0
2 0
1 0
8 0.000460567
1 0
2 0
5 1.75507e-05
8 0.000569066
2 0
12 0.000329371
2 0
5 5.22889e-06
1 0
2 0
1 0
2 5.7231e-07
1 0
4 1.04633e-05
5 2.71498e-06
3 2.5433e-06
2 0
1 0
7 3.34311e-05
1 0
3 0
2 0
2 0
3 8.33104e-07
1 0
2 0
5 6.07988e-06
2 0
2 0
1 0
1 0
3 8.66338e-07
1 0
1 0
1 0
1 0
1 0
