0.222022 0.00147342
0.513228 0.00539588
0.404147 0.00179526
0.357129 0.00224551
0.252261 0.00146929
0.3091 0.00169331
0.180403 0.000225958
0.206801 0.000389083
0.307227 0.000689027
0.316725 0.00198651
0.161161 0.00297475
0.583333 0.0140874
0.346245 0.000999404
0.528571 0.00502982
0.505263 4.97331e-05
0.52439 0.000152438
0.403924 0.00229296
0.50641 0.00429273
0.36399 0.00181167
0.51567 0.0107827
0.174961 0.000454616
0.336704 0.00153973
0.361404 0.00183505
0.352381 0.00131776
0.233628 0.00234262
0.180986 0.000439821
0.51952 0.00451099
0.358765 0.00175067
0.327873 0.00128545
0.175513 0.00108596
0.222095 0.000362352
0.255939 0.002237
0.20179 0.000918992
1 0.0433668
0.182981 0.000356746
0.267359 0.00025493
0.295539 0.000534246
0.273345 0.00298994
0.366545 0.00255362
0.466312 0.0127207
0.464286 0.00605874
0.333333 0.0128555
0.239162 0.00067348
0.238701 0.00114671
0.260095 0.000725168
0.234484 0.000929357
0.537879 0.00489538
0.3433 0.000994299
0.334874 0.00299622
0.225166 0.00114409
0.228023 0.000472718
0.189605 0.0011434
0.161583 0.000616012
0.198979 0.000471036
0.338825 0.00161578
0.6 0.0136576
0.347698 0.00146581
0.159187 0.00148585
0.310746 0.00108572
0.457958 0.000214003
0.253084 0.000753764
0.17751 0.000240231
0.410912 0.00436093
0.176302 0.00134799
0.588235 0.0129385
0.412587 0.00193307
0.561905 0.00774717
0.291038 0.000852103
0.322055 0.00091338
0.440252 0.00530401
0.521053 0.00664138
0.324016 0.00242021
0.395002 0.00207258
0.458776 0.00344232
0.501742 0.00261338
0.552632 4.75007e-05
0.404829 0.00658895
0.196426 0.000673297
0.490119 0.00665339
0.36646 0.00142574
0.520626 0.00542788
0.532773 0.00481432
0.280334 0.00097798
0.425892 0.00292145
0.341972 0.00145334
0.390432 0.00218246
0.236116 0.00031012
0.175852 0.000917303
0.602564 0.00945584
0.314184 0.00175427
0.239879 0.00240289
0.555556 0.00572407
0.376637 0.00305442
0.432468 0.0045237
0.51552 0.00459649
0.288419 0.00150135
0.287072 0.00247799
0.531034 0.00761978
0.333333 0.00060888
0.666667 0.00980964
0.638889 0.0141049
0.502165 0.00550635
0.678571 0.0186861
0.277255 0.000861122
0.216752 0.00198496
0.423729 0.00434412
0.330448 0.00245751
0.333333 0.0186329
0.322411 0.000941361
0.194854 0.000992796
0.327453 0.000256068
0.545122 0.000261137
0.305853 0.000404225
0.170955 0.000170444
0.39918 0.00319702
0.475362 0.000332078
0.391363 0.000184999
0.271985 0.0017999
0.590909 0.0218449
0.256093 0.000793041
0.278118 0.000681281
0.332611 0.0011542
0.232153 0.000398118
0.223551 0.000807529
0.235266 0.000955117
0.203993 0.00168198
0.209691 0.000368594
0.6 0.0145388
0.293316 0.00559268
0.276659 0.00141948
0.177524 0.00039361
0.285044 0.00216859
0.162025 0.00268433
0.503623 0.0179982
0.5 0.0309545
0.323502 0.00219053
0.369024 0.000682393
0.327084 0.00219603
0.161796 0.00514899
0.47086 0.0050309
0.582418 0.0222886
0.527778 7.75345e-06
0.190395 0.00190011
0.36489 0.0043332
0.211059 0.000862834
0.191722 0.000991008
0.510769 0.0101557
0.206832 0.00321622
0.500711 0.000184531
0.212413 0.0017441
0.533333 0.0113576
0.179336 0.000797355
0.188546 0.000638183
0.265276 0.000983884
0.344621 0.00211104
0.203225 0.00974699
0.360825 0.00490335
0.281488 0.00155595
0.407453 0.00756461
0.31408 0.00179945
0.213972 0.00253435
0.158927 0.00284569
0.372807 0.000406599
0.259245 0.00126714
0.581699 0.0129249
0.333333 0.0027584
0.279807 0.00744048
0.380952 1.22917e-05
0.310782 0.000994891
0.232398 0.00157838
0.354742 0.00568935
0.329419 0.00279608
0.20238 0.00368171
0.231499 0.00023623
0.184298 0.000777021
0.47619 1.74063e-05
0.36 0.000130696
0.249671 0.00357352
0.312956 0.00498631
0.295758 0.000341715
0.5 2.96053e-05
0.453333 0.0100114
0.298362 0.00316558
0.454955 0.000228992
0.342015 0.00178729
0.419672 0.00524686
0.371553 0.00224408
0.417163 0.00360834
0.291697 0.00194957
0.320261 0.000983665
0.403604 0.00902447
0.178272 0.0014919
0.305479 0.00138975
0.218915 0.000445015
0.497231 0.00511455
0.191093 0.000574708
0.164094 0.00283036
0.246658 0.00162701
0.75641 9.0292e-06
0.174874 0.0026599
0.423164 0.00850599
0.533597 0.000742422
0.274468 0.000150554
0.247312 0.000432894
0.172694 0.000399963
0.331334 0.0016108
0.285506 0.00108132
0.313273 0.00112996
0.178785 0.000537417
0.395804 0.000162493
0.542339 0.00652727
0.341096 0.00119788
0.6 0.0143007
0.480808 0.005276
0.505882 0.000156115
0.368789 0.00417375
0.380702 0.000267771
0.243782 0.000838523
0.247872 0.00086117
0.503333 0.00699969
0.341538 0.0017579
0.167544 0.000498477
0.262961 0.000294683
0.410448 0.00314346
0.229249 0.000864275
0.227431 0.000313819
0.351303 0.00385816
0.285957 0.00152394
0.414423 0.00870334
0.289242 0.00121486
0.167717 0.000287866
0.415653 0.00459237
0.338491 0.00108995
0.356863 0.000261366
0.416283 0.00506016
0.302461 0.000639553
0.237186 0.00060366
0.519048 0.0105532
0.333333 1.76091e-05
0.153571 0.0030147
0.186802 0.00149852
0.210358 0.00213048
0.447107 0.000185823
0.380027 0.00436173
0.220569 0.000846153
0.621212 1.71175e-05
0.21319 0.000370087
0.363494 0.00374281
0.242958 0.000518688
0.509756 0.00887961
0.436364 0.00472752
0.205681 0.000752394
0.493658 0.00634556
0.178895 0.000875714
0.322278 0.00214451
0.411126 0.00453476
0.319021 0.00278173
0.254843 0.00263485
0.375392 0.00333522
0.161123 0.00146165
0 3.62615e-06
0.160467 0.000267056
0.168644 0.0010504
0.390476 0.000433932
0.178195 0.000766013
0.181639 0.000961723
0.299397 0.000575129
0.251692 0.000827781
0.441945 0.00565839
0.32588 0.000522933
0.155807 0.000419931
0.522167 0.000248196
0.508333 0.000145249
0.6 8.98912e-05
0.205899 0.00040319
0.37037 0.000368364
0.736264 4.05978e-05
0.846154 6.26674e-06
0 2.00746e-07
0.360465 0.000611152
0.175666 0.000323711
0.297026 0.0037834
0.218064 0.000348449
0.518519 0.000154116
0.242227 0.000935794
0.415205 0.000133063
0.186065 0.000418278
0.205705 0.000501281
0.159851 0.000988403
0.204625 0.00103103
0.167313 0.000853626
0.310703 0.00480921
0.299118 0.000479672
0.294219 0.00102902
0.258617 0.00101602
0.402588 0.00391559
0.360792 0.00256897
0.277616 0.000327404
0.16925 0.00119215
0.201066 0.000661149
0.872727 2.24773e-06
0.40386 0.00556474
0.244475 0.000786509
0.338081 0.00252764
0.394304 0.00474978
0.235891 0.000976909
0.261173 0.00180779
0.542328 7.8668e-05
0.207657 0.00125426
1 0
0.199795 0.00156692
0.273224 0.000356943
0.231326 0.00146847
0.271136 0.00113845
0.685714 5.52521e-05
0.338259 0.0136698
0.263412 0.00428206
0.26992 0.0022937
0.429825 0.00718997
0.290528 0.00192502
0.378788 2.50426e-05
0.184792 0.000176555
0.510976 0.000285743
0.324985 0.00118196
0.257826 0.000458848
0.757576 3.04553e-05
0.266096 0.00120132
0.382913 0.00429524
0.215968 0.000424211
0.706439 3.38805e-05
0.301369 0.00141242
0.387893 0.00278321
0.361414 0.00228544
0.538324 0.00860788
0.315504 0.0010683
0.476329 0.0048803
0.446456 0.00579761
0.473485 0.000152817
0.348919 0.000159327
0.5 0.000147585
0.327264 0.0104065
0.295451 0.00201714
0.28008 0.00113247
0.162126 0.00264478
0.221156 0.00064314
0 3.54045e-07
0.578629 0.000119089
0.172812 0.00117801
0.221769 0.000442305
0.831579 1.36868e-05
0.378788 0.000170773
0.398551 0.000219693
0.584637 5.71445e-05
0.182643 0.000453819
0.487179 4.13191e-05
0.162886 0.000304957
0.519328 0.000224488
0.275599 0.00117674
0.385255 0.00805843
0.521739 8.85122e-05
0.256717 0.0011621
0.356855 0.000276626
0.322026 0.000259129
0.192281 0.0001757
0.363095 0.00287423
0.161961 0.00124925
0.217546 0.000571847
0.224938 0.000210347
0.283745 0.00298797
0.524631 0.00697561
0.742424 1.36326e-05
0.28356 0.000698546
0.230416 0.00380839
0.711111 8.07165e-05
0.23067 0.000445282
0.338095 0.0011139
0.299364 0.0037157
0.315271 0.000380555
1 0
0.163524 0.00192506
0.34985 0.00246121
0.222873 0.0011534
0.332194 0.000466033
0.200591 0.000681747
0.167985 0.000778992
0.167164 0.00406647
0.333333 0.000120004
0.165246 0.000726308
0.248865 0.00148767
0.183694 0.000555759
0.409357 0.00328019
0.300715 0.0064054
0.238113 0.00127974
0.24183 0.000285115
0.172124 0.000753267
0.397436 6.23519e-05
0.221372 0.000735316
0.397436 9.41732e-05
0.78022 2.67867e-05
0.189014 0.000432812
0.185518 0.000539366
0.43083 0.00146133
0.164631 0.000834639
0.397935 0.00410188
0.305835 0.00144445
0.526667 0.000254853
0.26469 0.00207762
0.375992 0.000311296
0.255484 0.00029159
0.603077 0.000117561
0.268836 0.00266683
0.197576 0.000369919
0.267099 0.00127376
0.526316 0.000221001
0.166901 0.00022568
0.444706 0.000214495
0.167273 0.00030595
0.250628 0.000833585
0.167348 0.000201563
0.360544 0.00144326
0.174511 0.000867468
0.182137 0.000143246
0.219605 0.000918257
0.180948 0.000421403
0.192918 0.000444188
0.215363 0.00111972
0.390476 0.000146125
0.3 7.01012e-05
0.190054 0.000850292
0.250397 0.000989535
0.362113 0.00258545
0.416667 4.59535e-05
0.507353 3.74217e-05
0.162288 0.000773694
0.341667 6.64171e-05
0.5 2.60782e-05
0.283362 0.00359138
0.175159 0.000359696
0.171478 0.000584412
0.156514 0.000330032
0.727273 0.000223914
0.666667 0.00262869
0.613333 2.73709e-05
0.211826 0.000732755
0.286183 0.000169427
0.529161 0.000166905
0 0.000656542
1 1.47354e-05
0.277778 0.00482751
1 0
0.223909 0.000316275
0.307901 0.000916203
0.5 7.82669e-05
0.39542 0.000323064
0.227291 0.000285288
0.209088 0.00155342
0.198301 0.00388113
0.56044 1.76471e-05
0.214697 0.000908681
0.196986 0.000602088
0.470588 0.00016065
0.241455 0.00518784
0.727273 1.85532e-05
0.216867 0.00186688
0.707602 4.55225e-05
0.443548 0.000194379
0.306868 0.00154564
0.170455 0.000300537
0.304009 0.00313997
0.318182 6.66485e-05
0.558333 2.42141e-05
0.261039 0.000434013
0.486154 0.000113227
0.469697 4.0495e-05
0.228579 0.000652185
0.22695 0.000737677
0.292389 0.000198752
0.155056 0.00044493
0.166432 0.00032325
0.447581 0.000121729
0.25554 0.000386126
0.166984 0.000768352
0.567251 0.00011561
0.340244 0.000717345
0.461905 0.000271806
0.39886 0.000223388
0.666667 4.11077e-05
0.636364 3.06606e-05
0.160991 0.0010204
0.271795 0.000891375
0.450549 0.000133541
0.438503 0.000131851
0.790476 1.24484e-05
0.241764 0.000782988
0.791667 2.2469e-05
0.195714 0.000898208
0.268773 0.0004521
0.15436 4.99428e-05
0.65 0.00012121
0.226109 0.000712977
0.272829 0.000305673
0.194103 0.000546693
0.527473 2.41527e-05
0.5671 6.77448e-05
0.433934 0.000273284
0.237775 0.00099809
0.253807 0.00119119
0.246052 0.00323034
0.397849 9.19745e-05
0.245353 0.000826241
0.273947 0.00118964
0.296577 0.000195783
0.377156 0.000337834
0.179846 0.000230496
0.167483 0.000118899
0.554023 0.000134143
0.224231 0.000782033
0.409091 0.000152101
0.613757 6.06079e-05
0.390244 0.00417887
0.326066 0.00121445
0.26226 0.000760544
0.210636 0.00132333
0.410753 0.000248968
0.187332 0.000303802
0.256494 0.000135089
0.805556 2.37126e-06
0.356735 0.00035831
0.449231 0.000153233
0.364055 0.000169755
0.423898 0.000139935
0.538012 0.000126939
0.375494 6.63266e-05
0.187984 0.000898073
0.245657 9.70885e-05
0.241756 0.000377803
0.380952 0.000146384
0.541667 2.28432e-05
0.232739 0.000827023
0.166324 0.000150547
0.173847 0.000485563
0.5671 0.00271614
0.415916 0.000366944
0.675403 7.97368e-05
0.157209 0.00133946
0.4 3.08101e-06
1 0
0.160495 0.000319863
0.522581 0.00032973
0.240741 0.000251629
0.2084 0.000552773
0.571429 4.44009e-06
0.161432 0.00079748
0.305556 7.9512e-05
0.205232 0.0012359
0.411765 0.00223526
0.637427 4.1306e-05
0.216816 0.0024202
0.409524 0.00016927
0.321152 0.00026952
0.333333 4.31979e-05
0.17205 0.000597844
0.173269 0.0004902
0.298701 0.000117082
0.161659 0.000420739
0.391534 0.000228525
0.157892 0.000260172
0.530303 2.09624e-05
0.781818 1.32917e-05
0.274538 0.000107469
0.159491 0.000395706
0.240426 0.00190453
0.376812 0.000203481
0.5 2.38432e-06
0.468421 0.000166022
0.625 4.59256e-05
0.133333 0.00351536
0.389113 0.000188994
0.351648 7.51413e-05
0.561404 6.09739e-05
0.409091 0.000130731
0.447964 0.000186563
0.609231 5.72769e-05
0.16002 0.00052744
0.190462 0.000217336
0.193559 0.000594792
0.821429 9.55025e-06
0.608333 0.000115873
0.727273 0.000104712
0.333173 0.000663786
0.503546 8.40129e-05
0.236436 0.00126886
0.833333 0.00269092
0.176985 0.000925262
0.391363 0.000298119
0.571429 2.51018e-05
0.292089 0.000525556
0.274221 0.00246585
0.611111 3.53788e-06
0.666667 1.5337e-06
0.727273 1.06539e-05
0.172694 0.000552413
0.16986 0.000184478
0.55291 0.0001003
0.333333 2.23432e-06
0.320074 0.00026177
0.161043 0.00231733
0.158529 0.00211148
0.410526 3.64422e-05
0.348571 0.000181517
0.490909 0.000100131
0.493658 6.46242e-05
0.179541 0.000322252
0.273118 0.000209626
0.469697 0.000142797
0.666667 7.18987e-07
0.226688 0.00152784
0.542857 4.78919e-05
0.2 3.19999e-05
1 0
0.292258 0.000255281
0.165865 0.000691426
0.262802 0.000499712
0.1 1.5541e-05
0.761905 5.46204e-06
0.563636 4.24904e-05
0.666667 2.92862e-05
0.330159 0.000422198
0.688889 1.60774e-05
0.571429 7.11242e-06
0 2.96852e-05
0.294118 0.00819375
0 0.00142015
0.333333 5.07708e-05
1 0
1 0
0.533333 1.68292e-05
0.230303 0.000245897
0.390476 9.27136e-05
0.417112 0.000371859
0.653846 1.30128e-05
1 0
1 0
0.535714 1.68007e-05
0.182453 0.000808048
0.821429 5.2978e-06
0.666667 2.35719e-06
0.6 4.51539e-05
0.371429 0.00116723
0.390476 9.42103e-05
0.52381 4.54766e-05
0.333333 1.09174e-06
0.428571 2.46993e-05
0.684211 3.83658e-05
1 0
0.236467 0.000558649
0.215385 0.000341342
0.333333 8.48193e-05
0.266667 7.50855e-05
0.214286 0.00274721
0.833333 1.99192e-07
0.48366 0.000104737
0.644444 2.0003e-05
0.4 4.99899e-06
0.73913 5.17917e-05
0.611111 4.25232e-05
0.669118 1.41713e-05
0.678571 0.00263693
0.560606 7.30639e-05
0.47619 8.37218e-06
0.616807 5.00893e-05
1 0
0.589744 3.62518e-05
0.330508 0.000169758
0.730769 8.21919e-06
0.7 1.97529e-06
0.8 1.58431e-06
0.142857 0.000100098
1 0
0.555556 0.00153869
0.5 0.000238265
0.291859 0.000297939
0.282051 8.5691e-05
0.581818 1.78226e-05
0.327273 0.00028635
0.365657 0.000162618
1 0
0.335704 0.00213153
0 8.01021e-06
0.228758 0.000133622
0.666667 2.62398e-05
0.694444 9.69896e-06
0.361111 2.78115e-05
0.472727 4.2307e-05
1 0
0.5 3.92812e-06
1 0
0.485294 6.25822e-05
0.666667 4.19506e-05
0 8.3954e-05
0.222222 5.92658e-05
0.5 2.95396e-05
1 0
0.428571 0.000460567
1 0
0.3 1.75507e-05
0.428571 0.000569066
1 0
0.212121 0.000329371
1 0
0.4 5.22889e-06
1 0
0 5.7231e-07
0.166667 1.04633e-05
0.6 2.71498e-06
0.333333 2.5433e-06
1 0
0.714286 3.34311e-05
1 0
1 0
1 0
0.666667 8.33104e-07
1 0
0.6 6.07988e-06
1 0
1 0
0.666667 8.66338e-07
