0.0517815 0.00158652
0.0172542 0.00079676
0.0240144 8.25041e-05
1 0
0.0720991 0.00063862
0.0232909 0.000765
0.116955 0.00246433
0.0165003 0.000100805
0.108099 0.00202542
1 0
0.0156399 0.00119941
0.619048 0.000118086
0.229641 0.00246312
1 0
0.1 7.83086e-05
0.0538213 0.0013914
0.0193426 0.00020824
0.624615 0.00570552
0.0586081 0.000108974
0.153639 0.00117791
0.0423553 0.000177705
0.28136 0.00288057
0.184314 6.46823e-05
0.0669635 0.000608509
0.157895 8.69145e-05
0.636842 0.00512088
0.0272589 0.000886497
0.0736089 0.00191431
0.135484 0.000107468
0.199553 0.00137984
1 0
0.269231 7.70274e-05
0.0966667 0.000227641
0.9 4.96784e-06
0.0307068 0.000739206
0.0432425 0.000639858
0.100523 0.00181803
0.0151563 0.000797265
0.176705 0.00124101
0.0167219 0.000521513
0.0385404 0.00205097
0.52381 1.50181e-06
0.0670856 0.00165047
0.0273021 0.000226918
0.0375937 0.000325857
0.266667 6.5629e-05
0.0286779 0.000335856
0.149308 0.00184021
0.0226074 0.000260559
0.108374 0.000172776
0.666667 1.52014e-06
0.0175699 0.000238253
0.0127951 7.45853e-05
0.0276707 0.00175347
0.0339309 0.000457201
0.0800964 0.000112763
0.0245999 0.00058037
0.0592129 0.00335115
0.0154958 0.000114487
0.254545 2.0236e-05
0.0380331 0.000848382
0.0150651 8.97914e-05
0.0134214 0.000191541
0.0630198 0.00145638
0.124882 0.000843928
0.121944 0.00136078
0.0609608 0.00136371
0.0361412 0.000453166
0.644444 7.25819e-06
0.101717 0.00349597
0.0129679 0.000254528
0.0761867 3.9011e-05
0.202899 0.000215866
1 0
0.0157832 0.000468827
0.145321 0.00169065
0.0952381 0.000172323
0.426901 2.47848e-05
0.0489373 0.00131811
0.333333 7.51017e-06
0.0182128 0.000501439
1 0
0.0126458 4.10538e-05
0.207207 1.75625e-05
0.186813 7.93195e-05
0.0902511 0.0013337
0.0537636 0.000610248
0.323529 2.30948e-05
0.644444 1.03512e-05
0.742424 1.13223e-06
0.0107776 7.49257e-06
0.0765241 0.000742732
0.272727 2.42231e-05
0.0765526 0.000943291
1 0
0.213371 1.16757e-05
0.0367257 0.00186837
0.2 2.14992e-05
0.125 3.44606e-05
1 0
0.027839 0.000383829
0.495277 0.00372073
0.0215976 0.000438375
1 0
0.888889 3.04673e-06
0.3 0.000482584
0.0910239 0.000647621
0.7 1.41857e-06
0.0120812 0.000833642
0.215699 0.00116752
0.0152349 0.00104328
0.0426801 0.000736804
0.501282 0.00154668
0.0139619 0.000142515
0.327273 1.4336e-05
0.205973 0.00122491
0.615385 0.00516738
0.111588 0.00150848
0.0187199 0.00055079
0.638095 0.00570159
0.0310721 0.000345173
0.833333 1.18932e-06
0.088172 0.000263587
0.644444 0.00558321
0.0163226 0.000751068
0.676471 0.0066008
nan 0
0.0706694 0.000546387
0.0105564 3.4679e-05
0.0992985 0.000588146
0.192034 0.000175384
0.301716 0.00249329
0.244527 0.00135087
nan 0
0.0115044 9.17011e-05
0.0842832 0.000680865
0.0130214 0.00101104
0.0263551 0.000916584
0.0124119 0.00111445
0.0493638 0.000381039
0.167488 0.000161911
1 0
0.0863821 0.000923642
0.178571 0.000177258
0.0448109 0.000948689
0.0211317 0.000176784
0.0305311 0.000497004
0.679739 0.00490847
0.165049 0.00269553
0.0134684 0.00105498
0.321429 3.95746e-05
0.0147793 7.25687e-05
0.117749 0.00391117
0.0394471 0.000310543
0.328808 8.39471e-06
0.273333 0.00371835
0.0539112 0.000180837
0.0423416 0.000444448
0.0285974 0.00130161
0.0431664 0.000369512
nan 0
0.0659307 0.000589986
0.666667 1.51753e-05
0.266667 0.000102481
0.690909 0.00457445
0.180695 0.0018401
0.464387 7.24533e-05
0.0174245 8.71687e-05
0.104575 0.000541693
nan 0
0.4 7.86038e-05
0.0878142 0.000680816
0.0420601 0.0016215
0.0760234 0.00020539
0.18662 0.000218487
0.0172425 0.000718736
0.0167624 2.93529e-05
0.0153583 0.00127417
1 0
0.158333 0.000528959
0.0157069 0.000719935
nan 0
0.47619 5.54869e-05
0.0121317 0.000677567
0.0160337 0.000404772
0.0127849 0.000684044
0.333333 2.41258e-05
0.141471 0.000170921
0.111111 3.24094e-05
1 0
0.148352 0.00762464
0.357143 0.00010962
0.466667 9.61887e-06
0.5 2.26566e-05
0.0448718 0.000522067
0.0661904 0.0020176
0.0181227 0.000859918
0.136853 0.0066299
0.0113726 0.000227227
0.047619 0.000263223
0.0140735 0.000894062
0.31321 0.00933122
0.0131317 0.000215034
0.0114771 0.000257055
0.0324153 0.00104197
0.0981067 0.000187427
0.0167575 0.000196509
0.0344693 0.000482539
0.0106106 9.42117e-05
0.0169082 0.000105711
0.221778 0.00250301
0.0422809 0.000566202
0.024374 0.000292521
0.557971 2.39526e-05
0.109388 0.000791788
0.166667 0.000168035
0.0938246 0.00174723
0.75817 1.97694e-06
1 0
0.0495469 0.000465497
0.0152475 0.000201596
1 0
0.13745 0.000853609
0.0353308 0.000469821
0.341176 5.49355e-05
0.0314787 0.00413438
0.0145268 0.00179346
0.21 5.81179e-05
0.0696972 0.000782671
0.0168107 0.00117736
0.666667 2.2728e-06
0.2468 0.000130108
0.0209702 6.73884e-05
0.2 5.34593e-06
0.0397863 0.000627841
0.158415 0.00162379
0.0914354 0.000884835
0.0111491 0.000100455
0.0728402 0.000959146
0.0895947 0.000214003
0.082621 0.000220977
0.6 3.38532e-05
0.101989 0.00385034
0.0259874 0.000257467
0.0227433 0.000423841
0.0268577 0.000557054
0.011022 0.000476579
0.0389981 0.00157412
0.105462 0.00267063
0.0132231 0.000431014
0.0204757 0.000177371
0.0156727 0.000592042
0.666667 1.66996e-06
0.318113 0.00282056
0.0344354 0.000197355
0.714286 0.0265897
0.111922 0.000356822
1 0
0.298495 0.00133416
0.151515 0.000243855
0.03478 0.000139955
0.042151 0.00129918
0.490909 7.47758e-05
1 0
0.181579 6.26779e-05
0.0293854 0.000394317
0.123535 0.00045285
0.114998 0.00070127
0.115513 0.000779672
0.0249827 0.000340827
0.0109565 0.000968903
0.0323617 8.95615e-05
0.117206 0.00097212
0.197832 0.000100087
1 0
0.0507142 0.000620801
0.0410778 0.000113808
1 0
0.0171379 0.000653017
0.058221 0.000820694
0.361111 8.99457e-05
0.107073 0.000410907
0.0877275 0.001808
0.0495786 0.000797709
0.733333 0.00474325
0.0364658 0.000139325
1 0
0.0511326 0.000418079
0.330382 0.00180313
0.269268 0.00264626
0.0844883 0.000354052
0.206047 0.00156337
0.761905 1.08673e-06
0.0500371 0.000730182
0.0406908 0.000555477
0.0504565 0.000524787
1 0
0.0470458 0.000495732
nan 0.0110755
1 0
1 0
0.0838673 0.000827035
0.0700413 0.000765326
0 0.00666332
0.0923867 7.26783e-05
0.47271 0.0016302
0.253653 0.00253612
0.010925 0.000105954
0.203922 5.27175e-05
0.0975535 0.00165402
0.0402907 0.00027916
0.0898185 0.000158594
0.288645 0.00331879
1 0
0.169296 0.00342691
0.0366896 0.00231644
0.0598503 0.000218802
0.0799297 0.00221209
0.0533482 4.28989e-05
0.0319721 0.000779166
0.124757 0.0018072
1 0
0.0468068 0.00053877
0.690058 0.00783571
0.171334 0.000282427
0.960114 7.17969e-07
0.0400233 0.000254695
0.131379 0.00114929
0.0207702 0.000655083
0.625 9.52747e-05
0.0575135 0.00034396
0.195864 0.00172029
0.0114647 0.000498312
0.836102 2.04868e-05
0.0341059 0.000141489
0.302086 0.00234937
0.913043 4.23015e-07
0.171451 0.000668516
0.207801 0.00118018
0.064457 0.000751915
0.0818878 0.00132893
0.0655023 0.000184527
0.0219568 0.00199915
0.0779956 0.000357161
1 0
0.0130302 0.00024681
0.196588 0.000680791
0.131834 0.00103841
0.152532 0.000322559
0.0619687 0.000356626
0.115745 0.00113518
0.666667 0.00021247
0.0472107 0.000627586
0.128645 5.59134e-05
0.623044 2.07674e-05
0.0348963 4.72815e-05
0.0361554 9.13366e-05
0.221139 0.00170123
0.502134 0.010604
0.182597 0.00459563
0.0411118 0.000191093
0.0748032 0.000571947
0.0188451 0.000131146
0.0841809 0.000455491
0.123545 0.00204075
0.0468465 7.00801e-05
0.215359 0.00120108
0.0138267 0.000414147
0.532773 0.00600083
0.509091 7.38261e-06
0.0680678 0.000682905
0.0245857 8.82748e-05
0.363158 1.32524e-05
0.122664 0.000431613
0.0764496 0.000171282
0.2011 0.00208162
0.0302037 5.84243e-05
1 0
0.0304206 0.000940913
0.131113 0.00164284
0.0749473 0.00121175
0.21189 0.00134532
0.101367 0.000682328
0.0697841 0.000515118
0.022531 6.48626e-05
1 0
0.479184 0.00526981
0.0927019 0.000162731
0.136481 0.000610456
0.173161 0.00126931
0.10737 0.000512993
0.0987408 0.000395881
0.031113 8.12111e-05
0.0803743 0.000748745
0.0900406 0.000412489
0.19971 0.000724324
0.189372 0.000316287
0.538306 0.00476384
0.0239295 0.000111192
1 0
0.0583957 0.000162293
0.0989626 0.00140177
1 0
0.155151 0.00104773
0.102202 0.000218645
0.122576 0.000202785
0.0300673 0.000400661
0.0757477 0.000970943
0.053932 2.53664e-05
0.0518113 0.000794697
0.0759098 0.0014488
0.100707 0.00307833
0.0295467 0.00171076
0.0654377 0.00234731
0.015562 0.00031696
0.0208922 8.90987e-05
0.383838 2.43329e-05
0.655385 0.000268203
0.0372009 0.00116944
0.0574904 0.000748335
0.0761668 0.00103046
0.0650035 0.00214934
0.0305189 0.000296426
0.0411192 0.000368003
1 0
1 0
0.0458707 0.00168465
1 0
0.126958 0.000436075
0.679487 1.03406e-05
0.0200902 0.000359086
0.0119204 0.000139373
0.011312 0.000106643
0.0502074 0.000505982
0.0412591 0.000908197
0.0209042 0.000490346
0.0511894 0.00127131
0.673203 1.41533e-05
0.116525 0.00115787
0.036847 0.000343325
0.0232117 0.00105961
0.0317894 0.00102143
0.340986 0.00010107
0.0813915 0.00156349
0.0235636 0.000505112
0.516484 1.08945e-05
0.0460872 0.000492579
0.775 6.5514e-05
0.0213754 0.000490693
0.138798 0.00108309
0.0188572 5.22337e-05
0.4 2.94039e-06
0.0122331 4.85549e-05
0.0674624 0.000635934
0.0357983 0.000374386
0.01587 0.000199793
0.0210145 0.000250878
0.0415657 0.000346346
0.0145337 0.000337379
0.0524981 0.000717043
0.0322955 0.000251393
0.103056 0.00144337
0.0154817 0.00089322
0.0666023 0.00213524
0.545455 1.50666e-05
0.0181638 0.000159533
0.0242189 0.000466861
0.0369429 0.000308939
1 0.000111719
1 0
0.503556 2.02243e-05
0.362637 2.23186e-05
0.13834 1.38859e-05
0.0167499 0.0013149
0.0488041 0.00193504
0.0846807 0.00131352
0.314949 3.29203e-05
0.727273 9.86412e-06
0.43956 1.31124e-05
0.763158 1.96097e-06
1 0
0.196146 0.00118161
0.387302 2.80717e-05
0.235294 8.67242e-05
1 0
0.0130419 0.000567844
1 0
0.0204351 0.000273068
0.114032 4.87414e-05
0.0307281 0.0002395
0.0167127 0.000160333
0.0173191 0.000107863
0.0148088 0.000118193
0.0230535 0.000303178
0.0368733 0.000892803
1 0
0.0398482 0.000470669
0.016939 0.000102288
0.904762 5.71069e-06
0.0248205 0.000436495
1 0
0.0444959 0.000486531
0.333333 2.74447e-06
0.0593331 0.00103568
0.0171659 0.000324261
1 0
0.0699279 0.00237714
0.0115815 0.000531092
0.0677362 0.000108362
1 0
0.102113 0.000112142
nan 0
0.666667 2.90535e-06
nan 0
0.238095 4.35652e-05
1 0
nan 0
0.138889 0.000325257
1 0
0.0113331 0.00078049
nan 0
1 0
nan 0
0.0666667 0.000626185
1 0
0.138889 0.000194418
0.0107727 0.000177603
1 0
0.125 0.00020001
0.0514321 0.00133399
0.2 3.61504e-05
nan 0
1 0
0.0182971 0.000714421
1 0
0.0160791 0.0003957
1 0
0.020486 0.000314852
0.425532 0.000186793
0.363636 7.08221e-05
1 0
0.8 6.69789e-07
0.0108924 5.37858e-05
0.0186759 0.000777719
1 0
0.0370523 0.00025349
1 0
0.07851 0.00552876
1 0
0.619048 2.67086e-06
0.0147037 0.00010324
0.0205549 0.00059491
0.0251339 0.000708613
0.0282112 0.000875648
1 0
1 0
0.0350201 0.000758013
1 0
0.833333 5.59553e-06
1 0
0.5 1.97148e-05
1 0
0.0239571 0.000389963
0.0245496 0.000205525
1 0
1 0
0.296667 0.000446813
0.0134827 7.92701e-05
0.0922016 0.00150426
0.0222112 0.0013905
0.0184094 0.00218085
0.2 5.37376e-05
1 1.54741e-07
0.766667 0.000114694
0.169748 0.000110519
0.0709026 0.000106882
0.190476 3.35934e-05
0.0394742 0.000251681
0.153846 0.000373095
0.0340463 0.000262313
0.125183 0.00157076
0.0302831 0.000599365
0.0562394 0.000380665
0.0372778 0.00109608
0.0708561 0.00306314
0.0331221 0.000138582
0.0282313 0.000742175
0.0981152 0.000900333
0.055207 0.000829308
0.0594944 0.00198845
0.0308103 0.000383345
0.0221749 6.69863e-05
0.0452222 0.000615194
0.0109655 0.00019289
0.0992403 0.00106726
0.0129548 0.000566479
0.176381 0.00181169
0.0476703 0.000621251
0.0212366 0.000271985
0.120513 0.00146926
1 0
0.138115 0.000114792
0.100131 0.00161339
0.0429141 0.000448979
1 0
0.282051 2.24989e-05
0.0109509 0.000137566
0.0186985 0.000180574
0.0573804 0.000518762
0.619048 0.000321859
0.116279 9.81132e-05
0.0216537 4.31044e-05
0.0210631 0.000102053
0.0557438 0.00104969
0.0351033 0.000150587
0.151424 0.00198494
0.0226166 0.000214523
0.0212996 6.33769e-05
0.0994673 0.000536203
0.0109264 6.51711e-05
0.0161402 0.000281644
0.0792998 0.000870611
0.0109549 0.000188603
0.303659 8.39403e-05
0.0515402 0.000356619
0.0240915 0.000191171
0.0318474 0.000201628
0.0524505 0.000438142
0.0672248 0.000461324
0.0563627 0.000349961
0.0657263 0.000510709
0.0134609 0.000317044
0.075907 0.000727331
0.0144944 0.00014178
0.115543 0.000586741
0.302404 0.000190903
0.0186636 0.000468586
0.188609 0.00141326
0.0541594 0.000455637
0.084058 0.000103355
1 0
0.52381 1.37113e-05
0.5 9.07496e-06
0.0131392 0.000918225
0.010665 0.00057106
1 0.000223426
0.285714 0.000157308
0.666667 6.68793e-05
0.0210049 0.00269069
0.9 8.51893e-07
0.166667 0.000298461
0.0166661 0.00113656
0.0434841 0.00460152
0.0223273 0.00137885
1 0.000111719
0.0592999 0.000323226
nan 0
0.333333 1.55954e-05
0.0339089 0.00608866
0.5 0.000259978
0.0117111 0.00121535
0.133333 1.77749e-05
0.0562842 0.000314795
0.109692 0.00489621
0.207792 0.000221747
0.0128768 0.00140288
0.6 6.17361e-06
1 5.08791e-08
0.0679487 0.000145155
0.0132655 0.000185967
