0.1 0.00272657
0.0545455 0.000555316
1 0
0.0545455 0.000569696
0.0402299 0.0139226
0.0441176 0.00477851
0.0259 0.0154498
1 0
0.666667 4.85067e-05
0.166667 0.00171283
0 0.000540361
0.450593 0.0408354
0.0232739 0.00430333
0.0882353 0.00581622
1 0
0.128205 0.0161325
0.119192 0.0114142
0.142857 0.00540723
0.190476 0.00874693
0.207207 0.0388218
0.666667 9.17711e-05
1 0
0.0415543 0.00591512
0.0316575 0.00345224
0.0666667 0.0055067
0.333333 0.00198656
0.0832501 0.0175016
0.5 0.000790723
1 0
0.116883 0.0114774
0.0345066 0.00325733
0.0235317 0.00399961
0.5 0.0018725
0.333333 0.000288976
0.022117 0.0250184
0.133333 0.00411478
0.0518741 0.0110258
0.330484 0.0171043
0.133333 0.0103966
0.238095 0.00392862
0.0949796 0.018177
0.0982143 0.017736
0.47619 0.00246667
0.0497223 0.0064065
0.27451 0.00490372
0.3 0.00175213
1 0
1 0
0.353846 0.0396934
0.0641026 0.00668645
0 0.00235717
0.333333 0.00191252
0.333333 0.00128216
1 0
0.333333 0.00329245
0.138889 0.000800613
0.0888889 0.00108595
1 0
1 0
0 0.00170725
0.226891 0.00771297
0.0538932 0.00690025
1 0
0.112698 0.00772861
1 0
1 0.0202937
0.288177 0.0108071
0.179487 0.00725924
1 0
0.52381 0.00483641
0.054524 0.011533
0.2 0.000957908
0.0647908 0.00251684
0.147899 0.00120238
0.0941725 0.00215268
0.472222 0.00242793
0.533333 0.00220763
0.711111 0.00553609
1 0.000962001
1 0
1 0
0.142857 0.00130981
0.0768789 0.00735544
0.392857 0.000760629
0.280702 0.00227076
0.151515 0.00350719
1 0
1 0
0.0231471 0.000262794
0.0351415 0.003429
0.622222 0.00389935
0.0373438 0.00103187
0.166667 0.00012514
0.0344086 0.0112775
0.246212 0.0199475
1 0.015541
0.0924979 0.00192212
0.333333 0.000248818
0.542857 0.0313646
1 0
0.0254119 0.00576835
0.333333 0.00226814
0.1 0.00174634
1 0
0.666667 0.000176902
0 0.00311161
0.0640034 0.0183002
0 0.000644425
0.333333 0.00140521
0.169591 0.0124815
0.0295064 0.00359216
1 0
1 0
0.166667 0.00353155
0.333333 0.00162288
0 0.000879765
1 0
0 0.00296324
0.0495802 0.00693316
1 0
0.5 0.00240697
1 0
0.3 0.00307833
0.333333 0.00515029
0.0274725 0.00837988
1 0
0.026973 0.00384195
0.0759104 0.0188041
0.0870048 0.0373601
0.0620491 0.0075765
0.0254318 0.00571014
0.0909091 0.00221612
1 0
0.133333 0.00107127
1 0
0.0864865 0.00664655
1 0
0.388889 0.000675013
1 0
0.0591084 0.00529199
0.060198 0.00785257
0.038055 0.00535981
0.533333 0.00286294
0.0566502 0.00367963
0.107143 0.00713169
1 0
0.0367541 0.00321878
0 0.00040015
0 0.0044623
0.333333 0.000290847
0.333333 0.000971454
1 0
1 0
0.178571 0.00192167
1 0
0.8 0.00179005
0.0387939 0.00423601
1 0
0.111111 0.00247875
0.5 0.000864251
0.333333 0.0007026
1 0.0002405
0.416667 0.0355355
0.15 0.00316449
0.333333 0.00289274
0.333333 0.00189317
0.0217054 0.00149933
0.0606061 0.00462417
1 0
0.333333 0.00760099
0.127273 0.00202912
1 5.55251e-06
0.0661765 0.00605046
0.214286 0.00358815
1 0
1 0
0.166667 0.000635451
0 0.000937507
0.0327294 0.00690961
0.0224357 0.00574123
0.333333 0.000328778
0.333333 0.000798894
0.238859 0.0405166
1 0
0.133333 0.00309215
0 0.000614185
0.333333 0.00216402
0.0451613 0.00264337
0.0323703 0.00807379
0.0523265 0.0203881
0.1 0.00430289
1 0
1 0
0.1 0.0021729
1 0
0.0224845 0.0028319
0.5 0.00157719
1 0
0.0909091 0.00349833
0.030974 0.00372506
0.0291637 0.00828521
0.0340909 0.00618165
0.0597942 0.0115982
0.0266169 0.00780222
0.134118 0.0216945
0.133333 0.00334985
0.111111 0.00378345
1 0
0.666667 0.00112158
0.0308166 0.00172434
1 0
0.25 0.00539445
0.0237028 0.000647229
0.1 0.00363226
0.148011 0.0156196
0.439394 0.000664947
0.581818 7.52406e-05
0.594737 0.0270183
0.745455 0.000167617
1 0
0.666667 6.08898e-05
1 0
0.0375 0.00153978
0.333333 0.000324711
0.264706 0.00145365
0.187584 0.00463397
0.153277 0.00842268
0.0461538 0.00410273
1 0
0.254032 0.0138495
0.4 5.09537e-05
0.0884194 0.0158116
0.857143 0.00147309
1 0
0.866667 0.00443076
0.8 0.0015075
0.777778 0.00409081
1 0.000157261
1 0.00932468
1 2.22462e-07
0.444832 0.000112123
0.818182 0.00688905
1 0.000149842
1 0
1 0.000481339
1 2.22462e-07
0.121878 0.00190314
1 2.22462e-07
0.0365234 0.00194339
1 2.22462e-07
1 0.0178502
0.0616246 0.00125283
0 0.00118302
0.113886 0.00936134
1 2.22462e-07
0.61746 0.000592132
1 0.00472408
1 2.22462e-07
0 0.00123097
1 0.0286106
1 2.22462e-07
0.608403 0.0019172
1 2.22462e-07
1 2.22462e-07
1 2.22462e-07
1 0.000158935
0.056642 0.00513123
1 0.000113294
0.2 0.00735813
0.266247 0.00179024
0.0354401 0.0112661
0.846154 0.000746927
0.130203 0.00337057
0.833333 0.0131895
0.533333 0.00123752
0.037497 0.00746837
1 0
0.175824 0.011279
0.333333 0.000134522
0.8 5.02453e-05
1 0
1 0
0.333333 0.000489791
0.0186028 0.0182128
0.0428435 0.00142419
1 0
0.666667 5.57912e-05
0.533333 0.000176538
0.464286 7.68229e-05
1 0
0.140306 0.0165331
0.0249221 0.00333083
0.174603 0.0016925
1 0
1 0
1 0
1 0
0.333333 0.000774481
1 0
0.0805556 0.0161767
1 0.000240505
0.4 0.000656305
1 0
0 0.000516067
1 0.000481179
1 0
0.6 0.000492835
0 0.00106599
1 1.88255e-07
0.151691 0.00588133
0.0555556 0.00073953
0.0285622 0.00985366
0.383333 0.0252809
1 0.000240746
1 0
0.0290032 0.00281259
0.0859649 0.0108096
0.0474941 0.00472627
0.021948 0.0265127
1 3.28942e-05
0.0833333 0.00657072
0.5 0.000317966
1 0
0.47619 0.00295068
0.0216738 0.0207966
0 0.000766704
1 0
0.7 0.000125441
0.273563 0.0262986
1 0
0.219048 0.0272338
0.0916667 0.00332402
1 0
0.167247 0.0252219
0.0931677 0.0144884
0.333333 0.00201648
0 0.000686002
0.142857 0.00970787
0.0455702 0.00902619
0.139592 0.0180889
0.0566038 0.00880068
0.5 0.000854553
0.266667 0.00182283
1 0
0.392857 0.000942778
1 1.19928e-05
0 0.00137635
0.333333 0.000396964
1 0
0.0291228 0.00787897
0.0727273 0.0039352
1 0
0.0586258 0.0109639
1 0.00671456
1 0
1 0
0.142857 0.00387593
1 0
0.128447 0.0241781
0.0610101 0.00551978
0.0961538 0.0119426
0.0498623 0.00893026
0.333333 0.00181362
0.0183752 0.000523383
0 0.00244504
0.733333 0.000269855
1 0
0.5 0.00107312
1 0
0.178571 0.00110187
0.0369797 0.00633136
0.0382732 0.00820546
0.333333 0.00116481
1 0
0.0582418 0.00473182
0.108475 0.00686534
0.0683761 0.00992813
0.866667 1.37181e-05
1 0
1 0
0.666667 0.000168658
0.0261899 0.0039039
1 0
1 0
1 0
0.333333 0.000403881
0.333333 0.00285461
0.8 0.000196505
0.866667 1.52618e-05
0.0916667 0.00262392
0.190476 0.00241786
0.3 0.00148531
0.238095 0.00675657
0.6 0.00175774
0.666667 0.000769498
1 0
0.0952381 0.00357314
1 0
1 0
0.214286 0.00107715
1 0
0.17561 0.0092833
1 0
0.0537295 0.0054125
0.666667 0.000552223
0.166667 0.00067791
1 0
1 0
0.025716 0.0206808
0.5 0.000733725
0.5 0.00187345
0.666667 0.000409546
1 0.000344102
0.535714 0.00369724
0.272727 0.00186508
0.131976 0.0257126
0.833333 2.97911e-05
0.0696629 0.00739864
0.4 0.00180144
0.666667 0.000618589
0.333333 0.00116678
1 0
1 0
0.0372952 0.00606288
1 0
0.809524 0.00434645
1 0
1 0
1 0
0.238095 0.00800351
1 2.97787e-05
0 0.000481174
1 0
0.0833333 0.00455226
1 0
0 0.000129881
0.0499419 0.00172501
0.0354271 0.00326572
0.333333 0.000185726
0.333333 0.000664945
0.046998 0.0098926
1 0
0 0.000759057
1 0
0.0490427 0.0107556
0.43956 0.00295843
0.263736 0.000952109
1 0
1 0
0.0344619 0.00586364
0.0821162 0.0172472
0.0250687 0.00327135
1 0
1 0
1 0
0.3 0.0028007
0.666667 0.00170772
1 0
0.1 0.00140056
0.333333 0.000248005
0.4 0.00230477
0.0242424 0.00390538
1 0.00192342
0.112319 0.00405602
0.333333 0.000501
1 0
0.166667 0.00158342
1 0
0.0421377 0.00704597
0.205128 0.00719243
0.258065 0.0122725
0.454545 0.000403654
0.0543269 0.0015833
0.150327 0.00362469
1 0
1 0
0.5 0.000538022
1 0
0.113409 0.00173389
0.0515768 0.00118661
0.809524 9.39247e-06
1 0
0.381818 0.00409303
1 0
0.079193 0.0120853
0.857143 1.74278e-05
1 1.44705e-08
0.0552158 0.0099615
1 0
0.111046 0.0189941
0.4 0.00242461
0.69281 0.0239694
0.8 5.55259e-05
0.0642777 0.00132515
0.266667 0.000663913
1 0
0.678571 0.00045245
1 0
1 0
0 0.00103467
1 7.71762e-08
1 9.32514e-06
1 0
1 0
0.0590139 0.0088249
1 0
1 0.000166683
1 0
1 0
1 0
1 9.42161e-06
1 0
0 0.00224196
0.111111 0.00793546
0.47619 0.00161964
0.428571 0.00325936
0.163636 0.00350805
0.0290834 0.00521481
1 0
0.875 0.0391881
0.0517166 0.00794451
0.6 0.00275933
0.0264352 0.00796876
0 0.000141009
0.333333 0.00117949
0.0576819 0.00663598
1 0.000481116
1 0
1 0
1 0
0.0309179 0.00288468
1 0
1 0
0.025641 0.00261891
0.5 0.00312192
1 9.73208e-05
1 0
1 0
1 9.31059e-05
0.666667 1.53569e-06
1 6.51154e-05
0.0704801 0.00762808
1 0
1 0
0.0363636 0.00183911
1 0
0.714286 0.000106817
0.619048 0.000234648
0.181538 0.00209903
0.0636364 0.000213919
1 0
1 0
1 0
1 0.000108398
0.169231 0.00365244
0.333333 0.00474696
0.681319 3.19441e-05
0.0285015 0.000874718
1 0
0.333333 0.000880783
1 0
0.0301927 0.00558678
0.0398323 0.0012731
1 0
0.091133 0.00349988
0.0897436 0.00179495
0 6.99151e-05
0 0.00458544
1 0.000481116
1 0.00528232
0.2 0.000573885
0.0299193 0.0138218
0.0343623 0.000562918
0.666667 1.69879e-06
0.666667 3.03044e-05
0 0.0043937
0 0.00177014
1 6.96935e-05
0.0411701 0.00549699
1 0.000481116
0 0.000204781
0.2 0.0024199
0.333333 0.000791804
0.493506 0.0095119
0.666667 0.000594525
1 0
0 0.000292368
1 0.000481116
0.333333 0.000114868
0.285714 0.00349948
0.0888889 0.00638236
1 0
0 0.00165435
0.0215907 0.00323401
1 0
0 0.00336374
0 0.00239814
1 0
0.333333 0.00285505
0.0552127 0.0096958
0.333333 0.00364193
1 0
1 0
0.5 0.0017979
0 0.000241098
1 0
0.0526203 0.00936285
1 0
0.0652025 0.00722036
0.0234442 0.00776223
0.4 0.00390362
0.666667 0.000252818
0.0566667 0.0127082
0.0649351 0.00332953
0.0571429 0.00203104
0.333333 0.00230616
0.218182 0.00362016
0.333333 0.00117441
0.0916667 0.00627489
0.0222501 0.0176998
0 0.00388765
1 0.000481116
0.266667 0.000983723
0.0332588 0.00850544
1 0
0.2 0.00160037
0.311111 0.002639
0.0293641 0.00436237
0.0283688 0.00422277
1 0
0.111111 0.00242601
0.6 0.000754328
1 0.0002405
0 0.00263163
1 0
0.666667 0.0010528
0.0257637 0.00504322
0.666667 0.000706251
0 0.00473639
0.666667 0.000593118
1 0
0.0218213 0.0106146
1 0
0.0274823 0.00375957
0.333333 0.00254785
1 0
1 0
1 0
1 0
1 0.000136172
0 7.30143e-05
0.0955882 0.00759483
0.166667 0.00285121
0.105464 0.0181078
0.0219683 0.00672107
0.0485161 0.0100582
1 0
1 0
0.428571 0.00330888
0.138889 0.00892896
0.266667 0.0024415
0.666667 0.000682463
1 0
0.078754 0.00771116
0.0461538 0.0031797
0.5 0.00193912
0.166667 0.00106886
1 0
0 0.000650502
1 0
1 0
0.0701754 0.00710914
0.333333 0.000686287
1 0
1 0
0.0666667 0.00192528
0.166667 0.00613539
0.0270545 0.00290274
0.0666199 0.00678241
1 0
1 0
1 1.15764e-07
1 0
1 0
0.333333 0.0028313
1 0
1 3.85881e-08
1 0
0.666667 6.45909e-05
0.0714286 0.00151066
0.5 0.000351537
1 0
0.0661376 0.00231482
0.175824 0.000435887
1 0
1 0
0.0666667 0.00156347
1 0
0.4 0.0025267
0.333333 0.00156753
0.142857 0.001307
0.142857 0.00102547
1 0
0.0221918 0.00857869
0.333333 0.00132701
0.5 0.00286038
1 0
1 3.85881e-08
1 0
1 0
0.333333 0.00219931
1 0
0.0223338 0.00535586
1 0
0.2 0.00035688
0.266667 0.00187277
0.166667 0.000272098
0.666667 6.97141e-06
0.0501401 0.00871375
1 0
0.333333 0.000668494
1 0
1 0
0 0.000580703
1 0.000481116
0 9.80951e-05
1 0
1 0
1 0
0.6 0.00245087
0 0.000208713
1 0
0.666667 0.000208713
0.111111 0.000855706
1 0
1 0
0.0909457 0.0121583
0.5 0.000590145
0.0255183 0.00146145
0.0271753 0.00378009
1 0
1 0
1 0
0.177778 0.000559329
1 0
0.0666667 0.00861297
0.333333 0.00117869
1 0
0.0745968 0.00264492
0.466667 0.00647858
0.0897436 0.00141236
0.266667 0.000950555
0.7 0.000201273
0.047619 0.00193301
0.666667 2.87266e-05
1 0
1 0
0.333333 0.000936782
0.333333 0.000409173
0.5 0.00093277
0.12987 0.00261416
1 0
0.227273 0.00292955
0.666667 0.000108723
1 0
0.190476 0.002019
0.12987 0.00376131
0.0277763 0.000471174
0.121212 0.00821015
0.108333 0.000279539
0.178571 0.00582845
0.285714 0.00257803
0.266667 0.000611658
0.333333 0.000103182
1 0
1 0
1 0
1 0
1 0
0 9.91927e-05
0.666667 9.91927e-05
0.0253063 0.00434386
0.5 0.000165984
0.333333 0.00113406
1 0.000962001
0.5 0.00568975
0.7 0.000410203
0.1 0.000751175
0.214286 0.0049821
0.0434736 0.00429511
0.333333 0.000542408
1 2.86617e-05
0.0265012 0.00308251
1 2.86617e-05
0.5 0.001155
1 8.64917e-05
1 0
0.0393253 0.00624574
1 0
0.833333 2.54888e-05
0.0666667 0.0016446
0.266667 0.00010664
0.0888889 0.00276684
0.194444 0.00828336
1 0
0.4 0.000536156
1 0.000536706
1 0
0.0529101 0.00193293
0.0566502 0.00294836
1 0
0.333333 0.000731124
1 0
1 0
0.361111 0.00402746
0.4 0.000321681
0.0375276 0.00663994
0.0735294 0.00376288
0.266667 0.00414805
0.266667 0.00247672
0.0571429 0.00695304
0.321429 0.00104783
1 0.000481116
0.0810127 0.00811239
0.166667 0.00225806
1 0
0.333333 0.00178405
0 0.00194466
1 0
0.7 0.000983869
0.333333 0.000416002
0.1 0.00204463
1 0
0.181818 0.00322145
1 0
1 3.85881e-08
0.0721003 0.0132112
1 0
1 0
0.0736842 0.00190164
0.0223723 0.0100292
0.333333 0.00104607
0.305556 0.0014101
0.0221169 0.00253593
0.266667 0.000335032
0.4 0.000690482
0.833333 3.39373e-05
0.054078 0.00743732
0.0361456 0.00662948
0.5 0.00149656
0.666667 3.80536e-06
0.0606061 0.004352
0.0223607 0.0137596
0.533333 0.00227023
1 0
1 0.000481116
0.0633284 0.015053
1 0
0.166667 0.00261518
0.2 0.000749513
0.333333 0.011372
0.333333 0.000442142
0.0441128 0.00405231
1 0
1 0
0.1 0.00231746
0.0307692 0.00762128
1 0
1 0
0 0.000187658
1 0
1 0
0.666667 2.65947e-05
0.0466328 0.00727951
1 0
0.0735098 0.0157822
1 0
0.428571 0.00099432
0.333333 0.00160583
0.0227367 0.000435594
0.2 0.0014051
1 0
0.048254 0.00573251
0.6 0.000721804
1 0
0.222222 0.00434252
1 0
0.041844 0.0110299
1 0
0 0.00220808
0.0329341 0.00601624
0.321429 0.000351416
0.0240104 0.00417408
0.182051 0.0218009
1 5.61586e-06
1 0
0.0249076 0.00348055
0.104762 0.00664937
0.772059 0.0588586
0.333333 0.000937984
0.131868 0.00735397
0.0882801 0.011243
0.5 0.00133094
1 0.000102883
0.333333 0.00147059
1 0.000146638
1 0.000481116
1 0
1 0
1 0
1 0
0.333333 0.00133484
1 0
0.0446639 0.00847109
1 0.000441782
0.333333 0.00111504
1 0
0.0264175 0.00511396
0.166667 0.00284935
1 0
0 0.000295245
0.12369 0.0231411
0.5 0.00407693
0.0735632 0.00175588
0.0560748 0.0123327
0.0749658 0.00549999
0.6 0.00282897
1 0
0.133333 0.00172671
0.333333 0.0033495
0.0304704 0.00596298
0.0897436 0.00656493
1 0
0.142857 0.0171995
0.333333 0.0032981
0.0246202 0.00665247
0.0810622 0.0110421
0.733333 0.000425704
0.5 0.000327431
0.0339246 0.00262441
1 0
1 0
0.146277 0.0269819
0.157895 0.00363006
0.533333 0.00139114
0.159468 0.0200534
0.043573 0.00462407
0.21978 0.0020974
1 0
0.1 0.00104358
0.666667 0.000266608
1 0
0.380952 0.000681782
0.666667 0.000554397
0.666667 0.000973268
1 0
0.0606061 0.00781103
1 0
1 0
1 0.00192308
1 0
0.194444 0.00302805
0.0833333 0.00179613
1 0
1 0
0 0.00353993
1 0
0.285714 0.00213297
0.0666667 0.00571865
0 0.00454095
0.0223017 0.0017675
1 0
0.6 0.00118655
1 0
1 0
1 0
0.0268342 0.010652
1 0
0 0.00154331
1 0
1 4.46295e-05
0.0223592 0.00468806
1 0
1 0
0.0259838 0.00853597
0.333333 0.000184202
0.666667 0.00073941
0.0714286 0.00616135
0 3.97934e-05
1 0
0.333333 0.00274469
0.666667 0.00226357
0.266667 0.000463329
0.0545455 0.000115675
0.466667 0.000624978
0.0222222 0.0036734
0.380952 0.000272216
0.266667 0.000272216
0.075 0.00258898
1 0
0.333333 0.000672585
1 0
1 0
0 0.000584365
1 0
0 0.00219233
0.178571 0.000916472
0.333333 0.000431898
0.145455 0.0038468
0.0388529 0.000826291
0.8 0.000126697
0.127273 0.00393218
0.266667 0.000432612
0.0707692 0.00278889
1 7.56148e-05
0.190476 0.00328179
1 0
0.3 0.000167062
1 0.000962117
1 0
1 0
0 0.000977044
0 0.00364415
1 0
0 0.00144265
0.666667 0.000760923
0 0.00107793
1 0
1 0
1 0
0 0.00267549
1 0.000962001
0.333333 0.00123353
0.0358784 0.0103243
0.333333 0.00123741
1 0
1 3.47293e-07
1 0
1 0
1 0
0.0952381 0.00143138
0.4 0.00136359
1 0
0.333333 0.00111412
1 0
0.043956 0.00568139
0.166667 0.000886211
0.2 0.0014942
1 0
0.107143 0.0027469
1 0.000481116
1 0
1 0
0.0666667 0.0118807
0.0909091 0.00995234
0.5 0.000166479
1 0
1 0
1 0
0 0.00199198
1 0
1 0
0.166667 0.000450178
0.166667 0.00224162
0 0.00168012
0.333333 0.000506716
0.107143 0.000664094
1 0
1 0.000481116
1 0
0.961039 3.65737e-05
0.933824 3.65737e-05
0.97 3.65737e-05
0.952632 3.65737e-05
0.957143 3.65737e-05
1 0
0.925 3.65737e-05
1 0
0.964427 3.65737e-05
0.863636 3.65737e-05
0.884615 3.65737e-05
1 0
1 0
0.901099 3.65737e-05
0.972906 3.00663e-05
0.527778 0.00108134
0.836364 3.65737e-05
1 0
1 0
0.75 3.65737e-05
0.914286 3.65737e-05
1 0.014791
1 0
0.991453 4.16751e-08
0.974359 3.00663e-05
0.8 3.65737e-05
0.941176 3.65737e-05
0.967391 3.65737e-05
0.0407801 0.00252058
0.042517 0.0015756
1 0
1 0
0.972308 3.65737e-05
0.947368 3.65737e-05
1 0
0.973545 3.00663e-05
1 0
1 0
0.992063 4.16751e-08
0.666667 0.000304887
0.654971 0.00300533
1 0
1 0.000481116
1 0
0.333333 0.000559426
1 0
0.5 0.000435302
0.333333 0.000435302
1 0
1 0
0.5 0.000839449
1 0
0.0275971 0.00161723
0.533333 2.19793e-05
0.8 6.68676e-05
0.5 0.000784656
0.0676063 0.00556476
0.0467836 0.00228322
0.4 0.000420903
0.666667 0.000509685
0.5 0.000242043
0.8 7.71762e-08
0.5 0.000252596
1 0
1 0
1 0
1 0.000481116
0.333333 0.000248763
0.833333 1.9294e-07
0.5 0.000123353
1 0
1 0
0.7 0.000151264
1 0
0.666667 0.000151264
1 1.15764e-07
1 0
1 0
1 0
0.333333 1.27341e-06
1 0
1 0
0.333333 0.00100218
0.1 0.00255024
1 0.000481116
0.5 0.00285151
0.028293 0.00243466
1 0
0.333333 0.00089006
1 0
0.0297729 0.00955046
1 0
0.2 0.000697579
0.333333 0.0022228
0.333333 0.00198652
0 0.00354148
1 0
0.1 0.00780743
0.178571 0.00462299
0.0844156 0.0075521
0.3 0.00071307
0.8 0.000604221
1 0
1 0
1 9.10271e-07
0.027349 0.00221407
0 0.00138212
0 0.000944795
1 0
1 0
0.333333 0.00156105
1 0
0.333333 0.000716044
1 0
0 0.000646951
0 0.00287863
0.333333 0.00264728
1 0
0.1 0.00131469
0.0545455 0.00355433
1 0
0.5 0.00122503
0.666667 0.000115149
1 0
1 0
1 0
1 0
0.0566502 0.0087356
1 0
0.0915033 0.005267
1 0
0.333333 0.00254351
1 0
1 0
0.333333 0.00277994
1 0
1 3.45783e-06
0 8.4806e-05
0 0.00118226
1 0
0.333333 0.000638292
1 0
0 0.00782447
1 0
0.6 7.05593e-05
0.666667 7.58275e-05
1 0
1 0
1 0
1 0
1 0
1 0
0.2 0.000393559
0.333333 0.00240486
1 0
1 0
0.142857 0.00395913
1 0
0 0.000743959
0 0.00293217
0.1 0.00309531
0.166667 0.00144573
0.666667 3.22076e-05
0.666667 0.000222798
1 0
1 0
1 0
1 0
0.3 0.00305844
0.0263032 0.00562358
1 0
0.0258684 0.00321728
1 0
0.5 0.000266079
0.166667 0.000264148
1 0
0.5 0.00131009
1 0
1 0
0.0666667 0.00147073
0.3 0.000214456
1 0
0 0.000850552
1 0
1 0
1 0
1 0
0.666667 0.000317497
0.333333 0.0033976
1 0
1 0
1 0
0.5 0.000406784
1 0
1 0.000481753
0.166667 0.000864208
1 0
1 0
0.333333 0.00058513
0.333333 0.000499694
1 0.000178027
1 0
0 0.000200419
0.0930641 0.0231031
0.333333 0.000691313
1 0.00216033
1 0.00216033
0 0.000170352
1 0
0.666667 5.1281e-05
0.0583333 0.00211417
0.5 0.000643103
0.190476 0.00576817
1 0
0.333333 0.000532739
1 0
0 0.000283324
0.0888889 0.000706422
0.333333 0.00287922
0.166667 0.00170959
0.138889 0.00327571
1 0
1 0.000481116
0.0279577 0.00296546
1 0
0 0.000220485
0.333333 0.000965479
0 0.00116876
0 0.000499926
0 0.00078096
0 0.00131635
1 0
0.166667 0.000476635
1 0
0.666667 9.14096e-05
0.0424356 0.0128023
1 0
0.2 0.00175982
0.190476 0.000526191
1 0
0.143791 0.000639866
0.4 0.0015941
0.153846 0.00738132
0.6 0.000186746
0.333333 0.000550745
0.0357668 0.00258463
1 0
0.045584 0.0120617
1 0
0.153846 0.00235591
0.666667 0.000139559
1 3.59877e-07
0.4 0.00250207
1 0
0.158333 0.00324412
0.666667 0.000164622
1 0
1 2.69794e-06
1 0
1 0
1 0
0.666667 6.29143e-05
0.8 1.53427e-05
1 1.3586e-05
0.029304 0.00119715
0.0314929 0.00512275
1 0
1 0.000962001
0.666667 2.40305e-05
0.333333 0.00270213
0 0.00158143
0 0.00211513
1 0.00192354
0.333333 0.000231226
0.392857 0.000587895
1 0
1 0
0.666667 0.000937694
0.0879121 0.00351899
0.0327557 0.00492085
0.666667 8.16928e-06
1 2.32844e-05
1 0
0 0.000397131
0.333333 0.000772939
1 0
0.166667 0.000654004
1 0
0 5.92806e-05
0 0.000534246
1 0
1 0
1 0.000481116
0.109091 0.00592091
1 0.00168107
0.0592885 0.00688242
0.333333 0.00225923
1 0
1 0
0.1 0.00176973
1 0.000481116
0.3 0.00565137
1 0
1 0
0.5 0.000354597
1 0
0.6 0.000354597
1 0
0.285714 0.00297008
0.666667 0.000221185
1 0
1 0
0.0223136 0.00566506
0.7 8.04427e-05
1 0
1 0
1 0.0028838
1 0
0.333333 0.000398836
1 0
1 0
1 0
1 0
1 0
1 0
1 0
1 0
1 0
1 0.000962001
1 0.000962117
1 0
1 0
0.0184578 0.00246173
1 0.000240327
1 0
1 0
1 0
1 0
0.333333 0.000266183
1 0
0.121212 0.00643484
0.0583333 0.00585241
0.177778 0.00153941
0.333333 0.0019658
1 0
0.533333 0.00163466
1 0
0.666667 7.51705e-05
0 0.000863109
0.0321981 0.00395802
0.0220424 0.00352243
0.5 0.000251531
1 0
1 0
1 0.000481116
0.166667 0.000431255
0 9.9712e-05
0.533333 0.00103294
1 0
0.0530973 0.011786
1 0
0.309524 0.0158669
0.2 0.000606228
0.2 0.00096221
0.0767196 0.00206477
0.0549451 0.00275842
1 0.00192308
0 0.00120642
1 0
1 0
1 0
0.028162 0.0122513
1 0
1 0
1 0
1 0
1 0
0 0.00450946
1 0
1 0
1 0
1 0
0 0.000704461
0.2 0.000560067
0.238095 0.00243
0.266667 0.00296792
1 0
0.666667 0.000193073
0.6 0.000500631
1 0
1 0
1 0
0.25 0.0022043
0.666667 0.00013739
1 0
1 0
1 0
0.2 0.00144098
1 0
1 0
1 0
0.03133 0.0052665
1 0
0 0.0138409
0.833333 1.71717e-06
0.3 1.10117e-05
0.166667 0.000926014
0.666667 0.000184767
0.333333 0.00066548
0.666667 0.000157273
0.466667 0.0097916
0.0989011 0.00338996
0.4 0.00154259
0.0248062 0.00248174
0.0341912 0.00480321
0 0.000381264
0.333333 0.00133884
1 0
0.064693 0.00336236
0.9 6.49851e-05
1 0.000712373
1 0.00192308
0.151515 0.00213007
1 0
0.9 3.19342e-05
0.380952 8.01289e-05
0.0241053 0.00271427
1 0
0.0348602 0.00480437
0.0398677 0.00643661
1 0
0.333333 0.000543259
1 0
1 0.000480537
1 0
1 0
0.117647 0.000786398
1 0
0.333333 0.00250244
0.333333 0.000189431
1 0
1 0
1 0
1 0
1 0
0.0184059 0.00155404
1 0
1 0
0 0.00481376
0.333333 0.000659104
1 4.0074e-05
1 4.0074e-05
0 0.00109106
1 0
0.333333 0.00326916
0 0.00101178
1 0
0.0619048 0.000450053
1 0
1 0
1 0
0.5 4.39829e-05
1 0.000481116
1 0
0.3 6.52322e-05
1 0
1 0
1 0
0.125 0.00263018
1 0
0.272727 0.000361024
0.7 2.1967e-05
0.0379499 0.0015951
1 0
0.666667 7.46346e-06
0.533333 1.97299e-05
1 0
1 0
0.666667 3.84489e-05
1 0
0.178571 0.000572431
1 0
1 0
0.333333 0.00108921
0.6 0.00152027
0.333333 0.00270343
0.380952 0.00237365
0.166667 0.00106453
0.333333 0.00179099
0.0378523 0.0118328
1 0
0.155556 0.00182722
0.166667 0.00217823
1 0
1 0
1 0
1 0
1 0
1 0
1 0
1 0
1 0
1 0
1 0
1 0
1 0
1 0
1 0
1 0
0.166667 0.00553045
1 0
1 0
1 0
1 0
1 0
1 0
1 0
1 0
1 0
1 0
1 0
1 0
1 0
1 0
1 0
1 0
1 0
1 0
1 0
1 0
0.333333 0.00205153
0.3 0.00343823
1 0
0.333333 0.000141225
0 0.00195374
0 0.00162441
1 0
1 0
1 0
1 0
1 0
1 0
1 0
0 0.00157134
1 0
0.5 9.40346e-05
1 0
1 0
1 0
1 0
0 0.000526864
0.666667 0.000113391
1 0
1 0
0.0952381 0.000855904
1 0
0 5.18793e-05
0.133333 0.0016583
0.028808 0.00313411
0.0888889 0.000900731
0.666667 0.000223698
1 0.000481116
0 0.000162102
1 0.000962117
0.2 0.000997818
1 0
0.3 0.00141872
1 0
0 0.00153517
0.114943 0.0106649
1 0
1 0
1 0
0.115385 0.00449287
1 1.21322e-05
1 0.000481116
1 0
0.333333 0.000502968
1 0.000481116
0.5 0.00159212
0.0818713 0.0052039
1 0
1 0
1 0
0.0512821 0.00150985
1 0.000172067
0 0.00108461
1 7.66809e-05
0.100358 0.0110719
1 0
0.333333 0.00026096
0.238095 0.00156799
0.6 0.000159114
1 0
1 0
0 0.00192308
0.666667 0.000241268
0 0.000270221
0.0666667 0.00257954
1 0.00144265
0 0.000353219
0.178571 0.000137755
0.142857 0.000137755
1 0
0 0.000142925
0 0.00101598
0.666667 5.39769e-05
0.5 0.00149837
0.038055 0.00512138
1 0
0.10312 0.0206735
0.2 0.00224922
1 0
1 0
1 0
0 0.000748086
0.333333 0.000203822
1 0
1 0.000962117
0 0.00111225
1 0
1 0
0 0.000523568
0 0.000619808
1 0
1 0
1 0
1 0
0 0.000103409
1 0
0.166667 0.00122158
1 0
0.0272152 0.00154108
0.666667 0.000288378
0.5 0.000564255
1 0
0.333333 0.000280756
0.333333 0.00107022
0.133333 0.000647297
1 0
1 0
0 0.000237577
1 0
0.5 0.00116474
1 0
1 0
1 0.000156158
1 0.000156158
1 0
0.0562771 0.00637409
0.0244229 0.0104002
0 0.00174169
0.116667 0.00965635
0.142857 0.0147552
1 0
0.0659341 0.00381219
0.0238759 0.00206289
0.333333 0.000790475
1 0.000721327
1 0
1 0
1 0
1 0
0 0.00256064
0.0378145 0.00134335
1 0
1 0
1 0.000481116
0 0.00210635
1 0
1 0
1 0
0.0909091 0.00767155
0.333333 0.00271035
0.0666667 0.00501681
0.0223382 0.0119261
1 0
0.0615942 0.00245557
1 0
1 0
1 0
1 0
0.4 0.000889491
1 0
0.0230598 0.000940198
0.5 0.000775757
0.190476 0.000872102
0.3 0.000754318
1 0
0.333333 0.00158658
0.0512821 0.00250449
1 0
0.333333 0.000898646
1 0
0.666667 1.40958e-05
1 0
0.0818713 0.0110071
1 0
1 0
0.666667 0.000327442
1 0.000159347
0.166667 0.0012481
0.333333 0.000271225
0.333333 0.000152933
1 0
0.0280868 0.00489848
1 0
1 0.00288415
1 0
0.666667 0.000203435
1 0
0.333333 0.00386817
1 0
0.2 0.00089987
0.2 0.00678399
1 0
1 0
1 0
1 0
0.333333 0.000600242
1 0
1 0
1 0
1 0
0.0584615 0.00297933
0.6 3.80056e-05
0.333333 0.00182245
1 0
1 0
1 0
1 0
0.333333 0.000598803
1 0
0.142857 0.00283129
0.0318917 0.00885591
1 0
0.0218507 0.00499979
1 0
0.0274914 0.00390806
0.0277716 0.00145801
1 0
1 0.000481116
1 0
1 0
1 0
1 0.00528394
1 0
1 2.31528e-08
0.166667 0.00752043
1 2.31528e-08
1 2.31528e-08
1 0
1 0
1 0.000105769
1 0
1 0
1 0
0.0403226 0.00434067
0.7 0.000362445
1 0
0.8 0.00144801
0.0545455 0.00367482
1 0
1 0
1 0
1 0
1 0
0 0.000464234
1 0
1 0
0.666667 0.000368424
1 0
1 0
1 7.93885e-05
0.0659341 0.00183771
1 0
1 0
0 2.1806e-06
1 0
1 0
0.047619 0.00122734
0.666667 0.000337822
0.333333 0.000393997
1 0
1 0
0.5 0.00108462
0.2 0.000927432
1 0
1 0
0 0.000476661
0.333333 0.000165963
0.6 6.8972e-05
1 0
0.133333 0.00402575
0.5 0.000794785
1 0.000481116
1 0
0.666667 0.000136322
0.666667 7.35894e-05
0 0.0001723
1 0
0.666667 0.000339339
1 2.05221e-05
1 0
0.333333 0.000996415
1 0
0.166667 0.00168935
1 0
1 0
0 0.000550481
0.166667 0.0019656
1 0
0 0.00157425
1 0
1 0.000481116
1 0.00288334
0.0234415 0.00501179
1 0
0.166667 0.00203967
0.333333 0.00173983
0 0.000601689
1 0.00384245
0.666667 0.00012449
0.4 0.00234051
1 7.52053e-05
0.133333 0.00216883
0 0.00107648
1 0
1 0
1 0
1 0
1 0
1 0
0.0258733 0.00136282
1 0
0.333333 0.000424061
1 0
1 0
1 0
1 0
0.333333 0.00129337
1 0
0 0.000209579
0.333333 0.00119776
0.666667 2.99673e-05
1 0
1 0
0 0.00192308
1 0
1 0.00260479
0.178571 0.000578108
0.0808824 0.000416224
0.4 0.00069732
0.833333 2.3355e-05
1 0
1 2.66571e-05
1 0
0.666667 6.21484e-05
0 0.000459184
1 0
1 0
0.2 0.00282099
1 0
1 0
1 0
0.285714 0.000364376
0.0406954 0.00597788
1 0.000481116
0.0245635 0.00393141
1 0
1 0
1 0
0.666667 0.000153945
1 0
1 0
1 5.78821e-08
1 0.00121053
1 0
1 2.70117e-07
0.0952381 0.00537034
1 0.000240249
1 0
1 0
1 0.000481116
1 0
1 0
1 0
1 0
0.166667 0.000549174
0.194444 0.000870856
1 0
0.333333 0.000564578
0.266667 0.00142277
0.0228973 0.000998582
1 0
1 0
0 0.000168379
0.110672 0.00422397
0.333333 0.000186559
0.333333 1.90611e-05
0.266667 0.000613049
0.0909091 0.00189997
0.025 0.00226562
0.166667 0.00109584
1 0
0.254545 0.00102526
1 2.45612e-05
1 0
1 0
1 0
1 0
1 6.27494e-05
1 0
1 0
1 0
1 0
1 0
1 0
1 0
1 0
1 0
1 0
0 0.00207321
1 0
1 0
1 0
0.666667 8.17506e-05
1 0.000334853
0.333333 0.000156384
0 0.00214954
1 0
0 3.14128e-05
1 0
0.3 0.0030843
0.0666667 0.00370248
0.0336619 0.0050406
1 0
1 0
1 0
0.333333 0.000106902
1 0
1 0
1 0
0 0.00261009
1 0
1 0.000962117
1 0
0 0.0024855
0 7.49924e-05
1 0
0.333333 0.000286302
1 0
0.333333 0.000389683
1 0
1 0.000481116
1 0
1 0
0.619048 0.000148326
1 0
1 0
1 0
1 0.00168026
1 0
1 0
1 0
0 8.31496e-05
0 5.78395e-05
0.0277778 0.00166644
0.5 0.00275876
0 0.000432494
0.0666667 0.00204108
0.2 0.000965354
1 0
1 0
0.0562771 0.00278883
0.333333 0.000636567
0.666667 0.000636567
1 0
1 0
1 3.4355e-05
1 0
1 0
1 0
0.190476 0.000983621
1 0
0.5 0.00245874
1 0
1 0
1 0
1 0
1 0
1 0
1 0
1 0
1 0
1 0
1 0
1 0
1 0
0.333333 0.000693337
1 0
0.6 0.000551211
0.6 0.000108448
1 0
0.666667 1.12085e-05
1 0
1 0
1 0
1 0.00192308
1 0
1 0
0.666667 0.000390488
0.5 0.000384962
1 0
1 0
0 0.00210197
1 0
0 3.74518e-05
0.333333 0.000292072
0.25 0.0102651
1 0
0.166667 6.81522e-05
0.333333 7.72727e-05
1 0
1 0
0.4 0.000422412
1 0
1 0
0.333333 0.00274197
1 0
0.333333 0.000499518
1 0
1 0
1 0
0.0512821 0.00851366
1 0.000160353
1 0
1 0.000160256
0 0.00164487
0 0.00188234
1 0
1 0
0.666667 0.000229607
0 0.000451151
1 0
0.2 0.00477785
0.0833333 0.00435343
1 1.28498e-06
1 0
0.333333 6.13935e-05
1 0
1 0
1 0
1 0
0.2 0.000250813
1 0
0.466667 0.00165743
1 0
0.0731183 0.00191933
0.571429 0.00203523
0 0.000227525
0 0.000791736
1 0
1 0
0 0.00172509
1 0.000962117
1 0
1 0
0 0.00079086
0 0.00387279
1 0
1 0
0 0.00384441
0.0449989 0.00662735
1 0
1 0
1 0.0002405
0 7.79408e-05
0.3 0.000177013
1 0
1 0.000105304
0.333333 0.000510736
1 1.42356e-05
1 0
1 0
1 0
1 3.12367e-05
1 2.54706e-05
0 6.91647e-05
1 0
1 0
1 0
1 0
1 0
1 0
1 0
1 0
1 0
0.833333 5.73846e-05
0.333333 0.000626858
1 0
0.666667 2.20545e-05
1 0
0.4 0.000154992
1 0
1 0
1 0.000962001
0 0.000114086
0.333333 0.000801459
1 0
1 0
1 0
1 0.00192308
1 0
0 0.000368068
0 0.00220534
1 0
0.333333 0.00148493
0.666667 7.90731e-05
1 0
0.5 0.000730784
1 0
1 0
0.666667 0.000128448
0.3 0.000271641
0.6 0.000383233
0.5 7.39218e-06
1 0
1 0
0 0.000470189
1 0
0.333333 0.000954976
0.0846561 0.000321939
0.166667 0.00122162
1 0
1 0
0.666667 0.000420075
1 0
1 0
0 0.00106116
1 0.0002518
1 0
0.333333 0.000682348
1 0
1 0
1 0
0.5 0.00140819
0.666667 7.579e-06
1 0
0.044898 0.0112804
0.1 0.00124833
1 0
1 0
0 0.00466895
1 0
1 0
1 0
0.0470588 0.00124248
0.2 0.000438178
1 0
1 0
0.333333 0.000411912
1 0.0002405
1 0
1 0
1 0
1 0
1 0
1 0
1 0
1 0
1 0
0 0.00155774
1 0
1 0.0002405
1 0
1 0
0.333333 0.000257802
0.166667 0.00103843
1 0
1 0
1 0
1 0
1 0
1 0
1 0
1 0
1 0
1 0
1 0
0 0.000325405
1 0
0 0.00293108
1 0
1 0.000481116
0.333333 0.000846924
0.107143 0.00378511
1 0
1 0
1 0
1 0
0.0513834 0.0058934
1 0
1 0
1 0
0.214286 0.000969914
1 1.15764e-07
1 0
1 0
1 0
1 0
1 0
0.333333 0.00270799
0.333333 0.00148705
0.266667 0.000960645
1 0.000962117
1 0
1 0
1 0
1 0
1 0
1 0
0 0.000114935
0.666667 1.12589e-05
1 0
1 0
1 0
0.333333 0.00212482
1 0
1 0
1 0.000114338
1 0.000114338
0.0666667 0.00329874
0.9 0.000283971
0.333333 0.00109439
1 0.000481116
1 0
1 0
0 0.00111697
0.197724 0.00501678
1 0
1 0
0.2 0.00256503
1 0
1 0
0 0.00015641
0.333333 0.00280805
1 0
0.333333 1.84939e-05
1 0
1 0.000962001
1 0.000962001
1 2.62969e-05
1 0
1 0
1 0
1 0
1 0
0 0.000618695
1 0
0.333333 0.00198102
1 0
0.0758621 0.018592
1 0
1 4.88945e-05
0.666667 0.00017632
0.133333 0.00293418
1 0
1 0
1 0.000481116
1 9.00977e-05
1 0
0.5 0.000315376
1 0
0.194444 0.000293301
1 3.85787e-05
1 0
1 0
0.0666667 0.00162056
1 0
0.833333 0.000267074
0.666667 0.000267074
0.333333 0.00114681
0.9 0.000267074
1 0
1 0
0 0.000122023
1 1.15764e-07
1 0.000240384
1 0
1 0
1 0.00288322
1 0
1 0
1 0
1 0
1 0
1 0
1 0.000962001
0.333333 0.00103804
1 0
0 0.000481319
1 0
1 0.000118027
1 0.000118027
0.333333 0.000837334
0.333333 0.000837334
1 0.000481116
1 0
1 0
1 0
1 0
1 0
1 0
1 0
0.666667 0.000560637
0.0225291 0.00349297
0.833333 2.36872e-06
1 0
0.833333 4.86417e-05
1 0
1 0
1 0
1 0.000481116
1 0
0.333333 0.000222875
1 7.60587e-05
1 0
1 7.60587e-05
0.0888889 0.00513314
1 0
1 0
1 0
1 0
1 0
1 0
1 0
1 0
1 0
1 0
1 0
1 0
0.8 1.02978e-05
1 0
0.7 6.68876e-05
0.666667 2.55997e-07
1 0
1 0
1 0
1 0.000481116
0.333333 2.3817e-05
0.666667 2.55077e-05
0.6 7.80726e-05
0.714286 3.19277e-05
0.666667 3.19277e-05
1 0
1 0
1 0.000481116
0.0200515 0.0018892
1 0
0.333333 0.00109473
0.0952381 0.00329479
1 0
1 0
1 0
0 0.00043567
0 0.000172695
1 0
1 0
1 0
1 0
1 0
0 0.000135551
1 0
1 0
1 5.04605e-05
1 2.52013e-05
1 0
1 0.00240327
0.5 7.37867e-05
1 0
1 0.00048129
1 0
1 0
0.666667 9.67502e-06
1 0
1 0
1 0
1 0
0.333333 3.39816e-05
1 0
1 0
1 0
0.7 0.000136992
1 0
1 0
1 0
1 0
1 0
1 0
1 0
1 0.000171033
0.333333 0.000586935
1 0
1 0
1 0
1 0
1 0
1 0
0 0.000227214
0.666667 0.000227214
1 0
0.5 0.000565841
1 5.74235e-06
1 0
1 0.00144289
1 0
0.666667 0.000240056
1 0
0.833333 9.84724e-05
1 0
1 0
1 0
0.666667 2.71522e-06
1 0.0002405
1 0
0 0.00442651
1 0.00192308
1 0
1 0
1 0
1 0
1 0
1 0
0.3 0.000524846
0.166667 0.0019675
1 0
1 0
1 0
1 0
1 0
1 0
1 1.15764e-07
1 0
0.666667 9.60672e-05
1 0
1 0
0.333333 0.000135211
1 0
1 0
1 0
0.333333 0.00108906
1 0
0 0.00209822
1 0
0.333333 0.00125134
1 0
1 0
1 0
0.666667 2.37847e-05
1 0
0.4 0.000115408
1 0
0.0306554 6.77475e-05
1 0
1 0
1 0
1 0
1 0
0.0606061 0.00397839
1 0
0.333333 0.00290711
0.666667 0.000187141
1 0
1 0
1 0
1 0.000481116
0 0.00170747
1 0
1 0
0.333333 0.000450508
0 0.000855597
1 0
1 0
0 0.0003899
1 0
0.0666667 0.00271203
1 0
0 0.00112063
0 0.00186739
0.166667 0.00499133
1 0
1 0
1 0
1 0
1 0
0 5.23936e-05
1 3.47293e-07
1 0
1 0
1 0.000481116
0.166667 0.000478931
1 0
1 0
1 0
1 0
0.5 0.00238749
1 0
1 1.38917e-06
1 0
1 0
1 0
1 0
1 0
1 0
1 0
1 0
1 0
1 0
1 0
1 0
1 0
1 0
1 0
1 0
1 0
0.8 0.00073089
1 0
1 0
1 0
0.857143 0.00073089
0 0.000708951
1 0.000481116
0.114103 0.00245455
0 9.85082e-05
1 0
1 0
1 0
0.666667 0.00146435
1 0
1 0
1 0
1 0
0.9 0.000159474
1 0
1 0
1 0
0.833333 0.000159474
1 0
0 0.00108974
0 6.63897e-05
0 0.000422586
1 0
1 0
1 0
1 0
1 0
1 0
1 4.13792e-05
1 0
1 0
0.666667 0.000324893
0 0.00162818
0.666667 0.000564527
1 0
0 0.00272805
1 0
1 0
1 0
1 0
1 0
1 2.31528e-07
1 0
1 2.31528e-07
1 2.31528e-07
1 0
1 0
1 2.31528e-07
1 0
1 0
1 0
1 0
1 0
0.333333 0.00040373
1 0
0.5 0.00185223
1 0
1 0
1 0
0.333333 0.000278104
1 0
1 0
1 0
1 0
1 0
1 0
1 0.000481116
1 0
1 0
0 0.000210662
1 0
1 2.31528e-08
1 0
1 0
1 0
0.5 2.40273e-05
0.5 0.000197882
1 0
0.166667 0.000851723
0.666667 1.16897e-05
1 0
1 2.17413e-06
1 0
1 0
0.057971 0.000494973
0.266667 0.000604341
0.0509899 0.00343034
1 5.14508e-08
1 5.14508e-08
1 5.14508e-08
1 0
1 5.14508e-08
1 5.14508e-08
1 5.14508e-08
1 0
1 5.14508e-08
1 5.14508e-08
1 5.14508e-08
1 5.14508e-08
1 0
1 5.14508e-08
1 0
1 7.69738e-05
1 5.14508e-08
1 5.14508e-08
1 0
1 0
1 0
1 0
1 5.14508e-08
1 0
1 0
1 0
0.3 0.00194275
1 0.000481116
1 0
1 0
1 0
1 0.00240373
1 0
1 0
1 0
1 0
1 0.000647948
1 0
1 0
0.104762 0.00141671
0.8 3.66026e-06
1 0
1 0
1 0
1 0
1 0
1 0
1 0
1 0
1 0
1 0
1 0
1 0
1 0
1 0
1 0
1 0
1 0
1 0
1 0
1 0
1 0
1 0
1 0
1 0
1 0
1 0
1 0
1 0
1 0
1 0
1 0
1 0
1 0
1 0
1 0
1 0
1 0
1 0
1 0
1 0
1 0
1 0
1 0
0.166667 0.00156251
1 0
0 0.00169753
1 0
1 0
1 0
1 0.000166895
1 0.000365074
1 0
1 0
1 0
1 9.2525e-06
1 0
1 0
0.0545455 0.00125951
0 0.000831825
1 0
1 0
1 0
1 0
1 0
1 0
1 0
1 0.000962001
1 1.73646e-07
1 0
1 0
1 0
1 0.00144289
1 0
1 0.000960843
1 0
1 0.000481116
1 0
1 0
1 0
0.666667 0.000262317
1 9.58756e-05
1 9.58756e-05
1 0
1 0
1 0
1 0
1 0
0.166667 0.000993619
1 0
0.142857 0.000534494
1 0
0.111111 0.000534494
1 0
1 0
1 9.09817e-06
1 0
1 0
1 0
1 0
1 0
1 0
1 0
1 0
1 0
1 0.000962001
1 0
1 0
1 0
1 0
1 0
1 0
1 0
1 0
1 0
1 0
1 0
1 0
1 0
1 0
1 0
1 0
1 0
1 0
1 0
1 0
1 0
1 0
1 0
1 0
1 0
1 0
1 0
1 0
1 0
0 0.000804913
1 0
1 1.25112e-05
1 0
1 0.00144289
1 0
1 0
1 0
1 0
1 0
1 0.000481116
1 0
1 0
1 0
1 0
1 0
1 0
1 0
0.2 0.00259747
1 0
1 6.47408e-05
1 0
0.2 0.0013295
1 0
1 0
1 0
0.666667 1.35018e-05
0.666667 9.94524e-05
1 0
1 0
1 0
1 0
1 0
1 7.3759e-06
1 0
1 0
1 0
1 0
1 0
0 0.000548873
1 0
1 0
1 0
1 0
1 0
0.333333 0.00228987
1 0
1 0.000481116
1 0.000450074
0 0.000792572
1 0.000962001
1 0
1 0
1 0
1 0
1 0
1 0
1 0
1 0.00384245
1 0.000617886
1 0
1 0.000962001
1 0.000789845
1 0
1 0
1 0.000202737
1 0
1 0
1 0
1 0
1 0
1 0
1 0
1 0
1 0
0.666667 1.21759e-05
1 0
1 0
1 0
1 0
1 0
0 0.00100469
1 0
0 0.000103298
1 0
1 0
0 0.000590893
1 0
1 0
1 0
1 0
1 0
1 0
1 0
1 0
1 0
1 0.00100997
1 0
1 0
1 0
1 0
1 0
0.055336 0.00194629
1 1.73646e-07
1 0
1 0
1 0.000240384
1 0
1 0
1 0
1 0
0.333333 0.000411239
1 0
1 0
1 0
1 0
0.333333 6.21669e-05
1 0.00144289
1 0.000481116
1 0
1 0
1 0
1 0.00144265
1 5.82226e-06
1 5.82226e-06
1 0
0.333333 0.000169251
0 0.000366632
1 2.94174e-05
1 0
1 0
1 0
1 0
1 0
1 1.73646e-07
1 0
1 0
1 0
1 0
1 0
1 0.000240442
1 0
1 0
1 0
1 0
1 0
1 0
1 0
1 0
1 0
1 0
1 0
1 0
1 0
1 0
1 0
1 0
1 0
1 0
1 0
1 0
1 0
1 0
1 0
1 0
1 0
1 0
1 0
1 0
1 0
1 0
1 0
1 0
1 0
1 0
1 0
1 0
1 0
1 0
1 0
1 9.69504e-05
1 0.000481116
1 0
0 0.00175414
1 0
1 0
0.266667 0.000127211
1 0
1 0
1 0
1 0
1 0
1 0
1 0
1 0
1 1.49559e-05
1 0
1 0
1 0
1 0
1 0
1 0.00384245
1 0
1 1.38274e-06
1 1.38274e-06
1 0
1 0
1 1.38274e-06
1 1.38274e-06
1 0
1 0
1 1.38274e-06
1 0
1 0
1 0
1 0
1 0
1 0
1 0
1 0
1 0
1 0
1 0
1 0
1 0
1 0
1 0
1 0
1 0
1 0
1 0
1 0
1 0
1 0
1 4.39836e-05
1 4.39836e-05
1 4.39836e-05
1 4.39836e-05
1 4.39836e-05
1 0
1 4.39836e-05
1 4.39836e-05
1 0
1 0
1 0
1 7.71762e-08
1 0
1 0
1 0
1 0
1 0
1 0
