0 0
0 0
0 0
0 0
0 0
0 0
0 0
1 0.00288322
0 0
0 0
0 0
0 0
0 0
0 0
0 0
0 0
0 0
0 0
1 0.000204781
0 0
0 0
0 0
0 0
0 0
0 0
0 0
0 0
0 0
0 0
0 0
0 0
0 0
0 0
0 0
0 0
0 0
1 0.000791736
0 0
0 0
0 0
0 0
0 0
0 0
0 0
0 0
0 0
0 0
0 0
0 0
0 0
0 0
0 0
0 0
0 0
0 0
0 0
0 0
0 0
0 0
0 0
0 0
0 0
0 0
0 0
0 0
0 0
0 0
0 0
0 0
0 0
0 0
0 0
0 0
0 0
0 0
0 0
0 0
0 0
0 0
0 0
0 0
0 0
0 0
0 0
0 0
0 0
0 0
0 0
0 0
0 0
0 0
0 0
0 0
0 0
0 0
0 0
0 0
0 0
0 0
0 0
0 0
0 0
0 0
0 0
0 0
0 0
0 0
0 0
0 0
0 0
0 0
0 0
0 0
1 0.000103298
0 0
0 0
0 0
1 5.23936e-05
0 0
0 0
0 0
0 0
0 0
0 0
0 0
0 0
0 0
0 0
0 0
0 0
0 0
0 0
0 0
1 0.000422586
0 0
0 0
0 0
1 6.63897e-05
0 0
0 0
0 0
0 0
0 0
0 0
0 0
0 0
0 0
0 0
0 0
0 0
0 0
0 0
0 0
0 0
0 0
0 0
0 0
0 0
1 0.000353219
1 0.00015641
0 0
0 0
0 0
1 3.97934e-05
0 0
0 0
0 0
0 0
0 0
0 0
0 0
0 0
0 0
0 0
0 0
0 0
0 0
0 0
0 0
1 0.000650502
0 0
0 0
0 0
0 0
0 0
0 0
0 0
0 0
0 0
0 0
0 0
0 0
0 0
0 0
0 0
0 0
0 0
0 0
0 0
0 0
0 0
0 0
0 0
0 0
0 0
0 0
0 0
0 0
0 0
0 0
0 0
0 0
1 6.99151e-05
0 0
0 0
1 0.000227525
0 0
0 0
1 3.74518e-05
0 0
0 0
0 0
0 0
0 0
0 0
0 0
0 0
0 0
0 0
1 0.000368068
0 0
0 0
0 0
0 0
0 0
0 0
0 0
0 0
0 0
0 0
0 0
0 0
0 0
0 0
1 0.000270221
0 0
0 0
0 0
0 0
0 0
0 0
0 0
0 0
0 0
0 0
0 0
0 0
0 0
0 0
0 0
0 0
0 0
0 0
0 0
0 0
0 0
0 0
0 0
0 0
0 0
0 0
0 0
0 0
0 0
0 0
0 0
0 0
0 0
0 0
0 0
0 0
1 0.000476661
0 0
0 0
0 0
0 0
0 0
0 0
0 0
1 9.9712e-05
0 0
0 0
0 0
0 0
0 0
0 0
0 0
0 0
0 0
0 0
0 0
0 0
0 0
0 0
1 7.30143e-05
0 0
0 0
0 0
0 0
0 0
0 0
0 0
0 0
0 0
0 0
0 0
0 0
1 0.000142925
1 0.000550481
0 0
0 0
0 0
0 0
1 5.78395e-05
0 0
0 0
0 0
0 0
0 0
0 0
0 0
0 0
0 0
0 0
0 0
0 0
0 0
0 0
0 0
0 0
1 0.000135551
0 0
0 0
0 0
0 0
0 0
0 0
0 0
0 0
0 0
0 0
0 0
0 0
0 0
0 0
0 0
0 0
0 0
0 0
0 0
0 0
0 0
0 0
0 0
0 0
0 0
0 0
0 0
0 0
0 0
0 0
0 0
0 0
0 0
0 0
0 0
0 0
0 0
0 0
0 0
0 0
0 0
0 0
0 0
0 0
0 0
0 0
0 0
0 0
0 0
0 0
0 0
0 0
0 0
0 0
0 0
0 0
0 0
0 0
0 0
0 0
0 0
0 0
0 0
0 0
0 0
0 0
0 0
1 0.000748086
0 0
0 0
0 0
0 0
0 0
0 0
0 0
0 0
0 0
0 0
0 0
0 0
0 0
0 0
0 0
0 0
0 0
0 0
1 0.00144265
1 0.000644425
0 0
0 0
0 0
0 0
0 0
0 0
0 0
0 0
0 0
0 0
0 0
0 0
0 0
0 0
1 0.00192308
0 0
0 0
0 0
0 0
0 0
0 0
0 0
0 0
0 0
0 0
1 0.000122023
0 0
0 0
0 0
0 0
0 0
0 0
0 0
0 0
0 0
0 0
0 0
0 0
0 0
0 0
0 0
0 0
0 0
0 0
0 0
0 0
0 0
0 0
0 0
0 0
0 0
0 0
1 0.00118226
0 0
0 0
0 0
0 0
0 0
0 0
0 0
1 0.000200419
0 0
0 0
0 0
0 0
0 0
0 0
0 0
0 0
0 0
0 0
0 0
0 0
0 0
0 0
0 0
0 0
0 0
0 0
0 0
0 0
0 0
0 0
0 0
0 0
1 7.49924e-05
0 0
0 0
0 0
1 9.80951e-05
0 0
1 5.18793e-05
0 0
0 0
0 0
0 0
0 0
0 0
0 0
0 0
0 0
0 0
0 0
1 0.000129881
0 0
0 0
0 0
0 0
1 0.000220485
0 0
0 0
0 0
0 0
0 0
0 0
0 0
0 0
0 0
0 0
0 0
1 8.31496e-05
1 0.000114935
0 0
0 0
0 0
0 0
1 9.85082e-05
0 0
0 0
0 0
1 0.000879765
0 0
0 0
0 0
0 0
0 0
0 0
0 0
1 0.000499926
0 0
0 0
0 0
1 0.000619808
0 0
1 0.00192308
1 0.000141009
0 0
0 0
0 0
0 0
0 0
0 0
0 0
0 0
0 0
0 0
0 0
0 0
0 0
0 0
0 0
0 0
0 0
0 0
0 0
0 0
0 0
0 0
1 5.92806e-05
1 3.14128e-05
0 0.0002405
0 0.00192308
0 0.0002405
0 0.0002405
0 2.97787e-05
0 1.19928e-05
0 7.3759e-06
1 0.000516067
1 0.000170352
0 4.46295e-05
0 3.4355e-05
1 0.000686002
0 1.73646e-07
0 0.0002405
0 1.28498e-06
0 0.0002405
0 0.0002405
0 4.13792e-05
1 0.00336295
1 0.000103409
0 0.00144265
0 9.2525e-06
1 0.00256064
0 9.09817e-06
0 2.62969e-05
0 5.78821e-08
1 0.000432494
1 0.0001723
1 0.000162102
0 0.00384245
1 0.000534246
1 0.000187658
1 0.000295245
0 1.42356e-05
1 0.000241098
1 0.00043567
1 2.1806e-06
0 0.000481116
1 0.00112063
0 1.3586e-05
0 2.66571e-05
1 0.00170725
0 9.31059e-05
1 0.000601689
0 0.000481116
1 0.000481174
0 0.000481116
1 0.00210635
0 0.000481116
0 0.000481116
1 0.000590893
0 0.000481116
0 0.000481116
1 0.000618695
0 0.000481116
0 0.000481116
0 0.000481116
0 0.000481116
0 0.000481116
0 0.000481116
0 0.000481116
0 5.74235e-06
0 3.85787e-05
0 0.000481116
0 1.21322e-05
1 0.000743959
1 0.000759057
1 0.000481319
1 0.000766704
0 0.000481116
1 0.000580703
1 0.000283324
0 5.55251e-06
1 0.00209822
1 0.000292368
0 0.000105304
0 0.000481116
0 0.00384245
1 0.00293108
0 0.000481116
0 0.000481116
1 0.000168379
1 0.00111697
0 0.000481116
0 0.000962001
0 0.000481116
0 0.000481116
0 0.000481116
0 0.000481116
1 0.000863109
1 0.00103467
1 0.00079086
1 0.00162441
0 0.000240384
1 0.00384441
1 0.00040015
0 0.000962001
0 0.000962001
1 0.000646951
0 0.000536706
1 0.000526864
0 0.000962001
1 0.000470189
0 0.000962001
1 0.00175414
0 3.45783e-06
1 8.4806e-05
1 0.00111225
1 0.000172695
1 0.000237577
1 0.00108974
0 0.000962117
0 1.73646e-07
0 0.000962001
0 9.00977e-05
0 0.00192308
0 0.000159347
0 0.000962001
0 1.73646e-07
0 0.000240327
1 0.00219233
0 0.000962117
1 0.00100469
0 0.000365074
0 0.000962117
0 0.000962117
0 0.000962117
0 0.000962001
1 0.00165435
1 0.000548873
1 0.00155774
0 0.00144289
0 0.000960843
0 0.00384245
0 0.000721327
0 0.00048129
0 0.000334853
1 0.00199198
1 0.0003899
0 0.0028838
1 0.000540361
0 0.00144289
0 0.00144289
1 0.00261009
1 0.000855597
0 0.00192354
0 0.00288334
0 2.94174e-05
1 0.00214954
1 0.00442651
1 0.00157134
1 0.00207321
1 0.00224196
0 0
0 0
0 0
0 0
0 0
0 0
0 0
0 0.00528394
0.333333 0.000409546
0 0
0 0
0 0
0.333333 2.99673e-05
0 0
0 0
0 0
0 0
1 0.00353993
0 0
0 0
1 0.00158143
0 0
0 0
0 0
0.666667 0.000798894
0 0
0 0
0 0
0 0
0.333333 0.000252818
0 0
0 0
0 0
0 0
0 0
0 0
0 0
0 0
0 0
0 0
0 0
0.666667 0.000248005
0 0
0 0
1 0.000114086
0 0
0 0
0 0
0 0
0 0.000962001
0.666667 0.000280756
0 0
0 0
0.333333 2.37847e-05
0 0
0 0
0 0
0 0
0 0
0 0
0 0
0 0
0 0
0 0
0 0
0 0
0 0
0.666667 0.00108906
0.666667 0.0022228
0 0
0 0
0 0
0 0
0 0
0 0.00240327
0 0
0 0
0 0
0 0
0 0
0 0
0 2.70117e-07
0 0
0 0
0 0
0 0
0.333333 7.51705e-05
0 0
0 0
0 0
0 0
0 0
0 0
0 0
0 0
0 0.000481753
0.666667 0.000286302
0.333333 9.67502e-06
0 0
0 0
0 0
0 0
0 0.00260479
0 0
0 0
1 0.00387279
0.666667 0.000169251
0 0
0 0
0 0.000962001
0 0.000441782
0.333333 1.53569e-06
0.333333 0.000229607
0 0
0 0
0 0
0 0
0 0
0 0
0 0
0 0
0 0
0 0
0 0
0 0
0 0
0 0
0.666667 0.000664945
0 0
0 0
0 0
0 0
0.666667 0.000203822
0 0
0 0
0 0
1 0.000325405
0 0
0 0
0 0
0 3.85881e-08
0 0
0 0
0.333333 6.21484e-05
0 0
0 0
0 0
0.333333 2.20545e-05
0 0
0 0
0 0
0 0
0 0
0 0
1 0.000459184
0 0
0 0
0 0
0 0
0 0
0 0
0 0
0 0
0 0
0 0
0 0
0 0
0 0
0 0
0 0
0 0
0 0
0 0
0 0
0 0
0 0
0 0
0 0
0 0
0 0
0 0
0 0
0 0
0 0
0 0
0 0
0 0
0 0
0 0
0 0
0 0
0 0
0 0
0 0
0 0
1 0.000210662
1 0.00101178
0 0
0 0
0 0
0 0
0 0
0 0
0 0
0 0
0 0
0 0
0 0
0 0
0 0
0 0
0 0
0 0
0.333333 8.16928e-06
0 0
0 0
0 0
0 2.32844e-05
0 0
0 0
0 0
0 0
0 0
0 0
0 0
0 0
1 6.91647e-05
0 0
0.666667 0.000156384
0 0
0 0
0 0
0 0
0 0
0 0
0 0
1 0.00354148
0 0
0 0.000240442
0 0
0 0
0 0
0.666667 0.00109439
0 0
0 0
0 0
0 0
0 0
0 0
0 0
0 0
0 0
0 0
0 0
0 0
0 0
0 0
0 0
0 0
0 0
0 1.25112e-05
1 0.00172509
0 0
0 0
0 0
0 0
0 0
0 0
0 0
0 0
0 0
0 0
0 0
0 0
0 0
0 0
0 0
0 0
0 0
0 0
0 0
0.666667 0.000774481
0 0
0 0
0 0
0.333333 1.40958e-05
0 0
0 0
0 0
1 0.000464234
0 0
0.333333 0.000168658
0 0
0 0
0 0
0.333333 2.87266e-05
0 0
0 0
0 0
0.666667 0.000501
0 0
0 0
0 0
0 0
0 0
0 0
1 0.00450946
0 0
0 0
0 0
0 0
0 0
0 0
0.666667 0.00111412
0 0
0 0
0 0
1 7.79408e-05
0 0
0 0
1 0.00195374
0.333333 1.16897e-05
0 0
0 0
0 0
0 0
0 0
0 0
0 0
0 0
0 0
0.333333 3.80536e-06
0 0
0 0
0 0
0 0
0 0
0 0
0 0
0 0
0 0
0 0
0.666667 0.000185726
0 0
0 0
0 0
0 0
0 0
0 0
0 0
0.666667 6.21669e-05
0 0
0 0
0 0
0 0
0 0
0 0
0 0
0.666667 0.000106902
0 0
0 0
0 0
0 0
0 0
0 0
0 0
0 0
0 0
0 0
1 0.000977044
0 0
0 0.000481116
0 3.47293e-07
0 0.000480537
0 0
0 0
0 0
0 0
0 0
0 0
0.666667 0.00128216
0.333333 9.91927e-05
0 9.91927e-05
0 0
0 0
0.333333 5.39769e-05
0 0.00101598
0 0
0 3.85881e-08
0 0
0 0
0 0
0 0
0 0
0.333333 0.000262317
0 0
0 0
0.666667 0.000431898
0 0
0 0.000481116
1 0.00118302
0 0
0 0
0 0
0 0
0 0
0 0
0 0
0 0
0 0
0 0
0 0
0 0
0 0
0.666667 0.000222875
0 0
0 0.000481116
0.333333 1.69879e-06
0.666667 0.0007026
0.333333 3.03044e-05
0 0
0 0
0 0
0 0
0 0
0 0
0 0
0 0.000481116
0 0
0.666667 0.000257802
0 0
0 0
0 0
0 0
0 0.000166895
1 0.00169753
0 0
0 0
0 1.15764e-07
0.333333 9.17711e-05
0.333333 7.58275e-05
0 0
0 0
0 0
0 0
0 0
0 0
0.333333 1.12589e-05
0.333333 6.97141e-06
0 0
0 0
0 0
0 0
0 0
0 0
0 0
0.666667 1.90611e-05
0.333333 0.000139559
0 0
0 0
0 0
0.333333 1.21759e-05
0 0
0 0
0 0
0 0
0 0
0 0
1 0.00131635
0 0
0 3.47293e-07
0.666667 0.000189431
0.666667 0.000231226
0.333333 7.35894e-05
0 0
0 0
0 0
0 0
0 0.000240384
0 0.00288322
0 0
0 0.000202737
0.666667 0.000141225
0 0
0.666667 0.000791804
0.666667 0.000165963
0 0
0 0
0 0
0 0
0 0
0 0
0 0
0 0.000789845
1 0.00466895
0 0
0 0
0 0
0 0
0 0
0.666667 3.39816e-05
0.666667 0.000186559
0 0
0 0
0.333333 3.84489e-05
0 0
0 0
0 0
0 0
0 0
0 0
0 0
0 0
0 0.00168026
0 0.00671456
0 0
0.666667 0.000442142
0.666667 0.00364193
0 0
0 0
0.666667 0.00178405
0 0
0 0
0 0.00192308
0 0
0 0
0 0
0 0
0 0
0 0.000962001
0 0
0 0
0 0
0 0
0 0
0.666667 0.000790475
0.666667 0.000550745
0 0
0 0
0 0
0 0
0 0.000450074
0.666667 0.000278104
0.666667 0.000635451
0.666667 0.000209579
0.666667 0.00111504
0 4.0074e-05
0 4.0074e-05
1 0.00109106
0.666667 0.000965479
0.333333 4.85067e-05
0 3.12367e-05
0 2.54706e-05
0.666667 0.00119776
0.333333 0.000184767
0.333333 0.000241268
0 0.000171033
0 7.52053e-05
0.666667 0.00140521
0.666667 0.000716044
0.666667 0.00108921
0.333333 0.000108723
0.333333 0.000328778
1 0.000704461
0 6.96935e-05
0 0.000481116
1 0.00177014
0 1.15764e-07
0 3.85881e-08
0.666667 0.000389683
0.666667 0.00191252
0.333333 0.000937694
0.666667 0.000708951
0.666667 0.000366632
0.666667 0.000638292
0.666667 6.13935e-05
0 1.49559e-05
0.666667 0.00198656
0.666667 0.00270799
0.333333 0.000337822
0.666667 0.000248818
0 0.00192308
0.666667 0.00113406
1 0.00116876
0 0.000240249
0 0.00121053
0.666667 0.000271225
1 0.00157425
0.666667 0.000499694
0.333333 0.000176902
0.666667 0.000135211
0.666667 0.00289274
0.333333 7.90731e-05
0 7.60587e-05
0 7.60587e-05
0.333333 0.000208713
0 0.000208713
0.333333 1.35018e-05
0 2.05221e-05
0 5.61586e-06
0.666667 0.00109473
0 0.00168107
0 0.000481116
0 0.000481116
0.666667 0.00100218
0.666667 0.000292072
0.666667 0.00261518
0 2.86617e-05
0 2.86617e-05
0.666667 0.000152933
0.333333 0.000618589
0.666667 0.00156753
0.666667 0.000668494
0.333333 0.000153945
0.333333 0.000506716
0 0.000481116
0 8.64917e-05
0.333333 0.000706251
0.666667 7.72727e-05
0 0.000160256
0 0.000160353
0.666667 0.000659104
0 0.000481116
0 0.00144289
1 0.00220534
0 0.000481116
0 0.000481116
0 0.000481116
0 1.15764e-07
1 0.00123097
0.666667 0.000398836
0.666667 0.000542408
0.666667 0.000598803
0 0.000481116
0.666667 0.00280805
0.666667 0.00148705
0 3.28942e-05
0.666667 0.00277994
0.666667 0.000396964
0 0.000481116
0.666667 0.000543259
0.666667 0.00173983
0.333333 2.71522e-06
0.666667 0.00066548
0.666667 0.000898646
0.666667 0.00201648
0 7.93885e-05
1 0.00154331
1 0.00153517
0 0.0002518
0.666667 0.00103804
0.666667 0.000971454
0.666667 0.00188234
0.333333 0.000564527
0 9.69504e-05
0.666667 0.000614185
0.333333 0.000368424
0 9.10271e-07
0.666667 0.00170747
0.666667 0.00290711
0 6.51154e-05
0.333333 0.000760923
0 0.00364415
1 0.00107793
0 0.00192342
0.333333 0.000393997
0.333333 0.000390488
0.666667 0.000266183
0 9.73208e-05
0.666667 0.000586935
0.666667 0.000792572
0.666667 0.000499518
0.666667 0.000846924
0 0.000962001
0.333333 0.000327442
1 0.00211513
0.666667 0.00123741
0.333333 0.000554397
0.333333 0.000113391
0.666667 0.000450508
0.666667 0.000731124
0.666667 0.00264728
0 0.000962117
0.666667 0.00329245
0.666667 0.00156105
0.333333 0.00112158
0.666667 0.00116481
0.666667 0.00133484
0.666667 0.00230616
0.333333 1.84939e-05
0.666667 0.00205153
0.666667 0.00274197
0.666667 0.000880783
0.666667 0.000804913
0.333333 0.000324893
0 0.00272805
1 0.00162818
0.333333 0.000317497
0 7.66809e-05
0.333333 0.000502968
0.666667 0.00164487
0.333333 0.0010528
0 0.00263163
0.666667 0.000510736
0.666667 0.000584365
0.666667 0.00106116
0.666667 0.00108461
1 0.00473639
0.666667 0.00285461
0.666667 0.00198652
0.666667 0.00226814
0.666667 0.00254785
0.333333 0.00013739
0.666667 0.00254351
0.333333 0.000973268
0.666667 0.00168012
0.333333 0.000339339
0.666667 0.000523568
0.666667 0.00212482
0.333333 0.000996415
0.666667 0.00216402
0 0.000105769
0.666667 0.00182245
0.666667 0.0028313
0.666667 0.00089006
1 0.00336374
1 0.00244504
1 0.00220808
0 0
0 0
0 0
0 0
0 0
0 0
0.666667 0.000691313
0 0
0 0
0 0
0 0
0.333333 0.000166479
0 0
0 0
0 0
0 0
0 0
0.333333 7.46346e-06
0 0
0 0
0 0
0 0
0 0
0 0
0 0
0 0
0 0.00192308
0.333333 0.000157273
0 0
0 0
0.666667 0.000559426
0 0
0.333333 2.55997e-07
0 0
0 0
0 0
0 0
0 0
0.5 0.000327431
0.666667 0.00170959
0 0
0 0
0 0
0 0
0 0
0.666667 0.000272098
0 0
0 0.000156158
0 0.000156158
0.666667 0.00116474
0.5 4.39829e-05
0.333333 9.14096e-05
0 0
0 0
0 0
0 0
0 0
0 0
0 0
0 0.00288415
0.666667 0.000103182
0.833333 0.00120642
0.833333 0.000381264
0.666667 0.000926014
0 0
0 0
0.333333 0.00123353
0 0.00267549
0.666667 0.000851723
0.166667 3.22076e-05
0.666667 0.000749513
0 0
0 0
0 0
0 0
0 0
0 0
0 0.00192308
0.666667 0.000801459
0 0
0 0
0 0
0.666667 0.00129337
0 0
0 0
0 0
1 0.000831825
0.166667 7.39218e-06
0 0
0 0
0 0
0.666667 0.00386817
0 0
0 0
0 0
0.666667 0.00210197
0.333333 0.000242043
0 0
0 0.000481116
0 0.000102883
0 0.000146638
0 0
0 0
0.666667 0.00109584
0 0
0 0
0 0
0 0
0 0
0 0
0 0
0 0
1 0.00481376
0.5 0.000864251
0.5 0.000733725
0.166667 2.97911e-05
0.5 0.000730784
0 0
0 0
0.666667 0.000772939
0 0
0 0
0.666667 0.00058513
0.666667 0.00287863
0 0
0.666667 0.00158342
0.666667 0.00012514
0.333333 0.000222798
0.166667 2.36872e-06
0 0
0.333333 2.65947e-05
0 0
0 0
0 0
0.333333 0.000794785
0 0
0 0
0 0
0 0.00240373
0.666667 0.000134522
0 0
0 0
0.833333 0.0024855
0 0
0 0
0 0
0 0
0 0
0.5 0.000351537
0 0
0 0
0.333333 0.000552223
0.666667 0.00117441
0 0
0 0
0 0.000481116
0 0
0 0
0 0
0 0
0.5 0.000288976
0 0
0 0
0 0
0 0
0 0
0.333333 0.000227214
0 0.000227214
0.333333 0.000420075
0.5 0.000406784
0 0
0 0
0 0
0 0
0 0
0 7.71762e-08
0.666667 0.000114868
0 0
0 0
0.166667 5.73846e-05
0 0
0 0
0 0
0 0
0.666667 0.000411912
0.5 8.01289e-05
0 0
0 0
0 0
0.5 0.000317966
0 0
0 0
0 0
1 0.000451151
0.5 0.00107312
0.333333 0.000223698
0.333333 0.000165984
0.333333 0.000288378
0.333333 0.000203435
0 0
0.333333 0.000193073
0.666667 0.00515029
0 0
0 0
0 0
0 0
0 0
0 0
0.666667 0.000532739
0.333333 6.08898e-05
0 0
0 0
0 0
0 0
0 0
0 0
0.666667 0.000549174
0 0
0 0
0 0
0 0
0 0.00216033
0 0.00216033
0 0.000178027
0 0
0 0
0 0
0 0
0 0
0.5 0.000784656
0 0
0.666667 0.000290847
0.666667 0.000682348
0 0
0 0
0.333333 7.579e-06
0 0
0 0
0 0
0 0
0 0
0.166667 2.3355e-05
0.333333 0.00012449
0 0
0 0
0 7.71762e-08
0 9.32514e-06
0 9.42161e-06
1 0.00106599
0.333333 0.000187141
0 0
0 0.000481116
0 0
0 0
0 0
0.5 0.00122503
0.333333 1.12085e-05
0 0
0 6.47408e-05
0.333333 9.94524e-05
0 0
0 0
0.333333 6.45909e-05
0.5 0.000790723
0 0
0.5 0.000315376
0.833333 0.000855904
0.666667 0.000489791
0.333333 0.000115149
0.833333 0.00106453
0.666667 0.00107022
0 7.56148e-05
0.166667 2.40305e-05
0.333333 6.29143e-05
0.833333 0.00203967
0.833333 0.0019656
0.333333 0.000304887
0.5 0.00093277
0.5 0.00193912
0.666667 0.00156251
0.666667 0.000431255
0.5 0.000565841
0.166667 0.00189317
0.666667 0.00116678
0 0.000114338
0 0.000114338
0.5 0.000266079
0 4.86417e-05
0 0.000560637
0.666667 6.81522e-05
0.666667 0.000672585
0 0.000481116
0.166667 1.71717e-06
0 3.39373e-05
0.833333 0.000476635
0.666667 0.00148493
0.666667 0.00122162
0.5 0.000564255
0.166667 9.84724e-05
0 0.000240056
0.666667 0.000954976
0.666667 0.00107648
0.333333 5.57912e-05
0.333333 9.60672e-05
0.333333 2.55077e-05
0.666667 0.000600242
0.5 0.000854553
0.666667 0.000937984
0 0.000481116
0.666667 0.00147059
0.5 0.00159212
0.666667 0.00132701
0.5 0.00067791
0 0.000481116
0 0.00528232
0 2.52013e-05
0 5.04605e-05
0.666667 0.000944795
0.333333 0.000128448
0.166667 0.000252596
0.833333 0.00284935
0.833333 0.00285121
0.666667 0.000409173
0.166667 2.54888e-05
0.166667 5.1281e-05
0 0.000344102
0.666667 0.000416002
0.333333 0.00228987
0.5 0.0018725
0.666667 0.00225923
0.5 0.00108462
0.666667 0.00271035
0.5 7.37867e-05
0.666667 0.000564578
0.166667 0.000123353
0.666667 0.00106886
0.666667 0.00270213
0.666667 0.00103843
0.333333 0.000164622
0.5 0.00224162
0.333333 0.000435302
0 0.000435302
0.5 0.00140819
0.666667 0.000864208
0.166667 0.00073941
0.333333 0.000184202
0.666667 0.00158658
0.5 0.000839449
0.333333 0.00117869
0.5 0.00240697
0.5 0.000251531
0.333333 0.000636567
0 0.000636567
0.666667 0.000686287
0.666667 0.00225806
0.5 0.00131009
0.666667 0.00235717
0.833333 0.00137635
0 0.00144265
0 5.82226e-06
0 5.82226e-06
0.5 0.00285151
0.333333 0.000594525
0.5 0.001155
0.5 0.00157719
1 0.0044623
0.666667 0.011372
0.5 0.00122158
0.666667 0.000411239
0.833333 0.00239814
0.5 0.00133094
0 6.27494e-05
0.5 0.00149837
0.666667 0.00326916
0.5 0.00185223
1 0.00138212
0.833333 0.00499133
0.5 0.00171283
0.333333 0.000450178
0.5 0.00293217
0.666667 0.000654004
0.5 0.00144573
0.5 0.00160583
0.333333 0.000248763
0.333333 0.00226357
0 0.00274469
0.833333 0.00174169
0.5 0.0014942
0.666667 0.00240486
0.833333 0.00168935
0.5 0.00407693
0.666667 0.00250244
1 0.00458544
0.5 0.00286038
0.333333 0.00149656
0.5 0.00370248
0.666667 0.00613539
0.4 1.10117e-05
0.5 0.000177013
0.4 0.000136322
0.6 0.000937507
0 0
0 0
0.5 0.000690482
0 0
0 0
0 0
0.666667 0.00125134
0.666667 0.00078096
0.5 0.00250207
0 0
0 0
0 0
0 0
0 0
0 0
0.666667 0.00270343
0 0
0 0
0 0
0 0
1 0.00296324
0 0
0.5 0.0030843
0 0
0 0
0.4 0.000159114
0 0
0 0
0 0
0 0
1 0.00388765
0.666667 0.000993619
0.4 6.8972e-05
0.6 0.000573885
0.6 0.000656305
0.8 0.00096221
0.8 0.00204463
0.6 0.00309531
0.2 6.68876e-05
0.4 0.00152027
0 0
0 0.000118027
0 0.000118027
0.333333 0.000837334
0 0.000837334
0.3 8.04427e-05
0 0
0 0
0 0
0.7 0.000697579
0.6 0.00131469
0.6 0.000420903
0.6 0.000927432
0.1 3.19342e-05
0 0
0 0
0 1.15764e-07
0 0
0.3 7.05593e-05
0.7 0.00307833
0.2 1.02978e-05
0 0
0 2.31528e-08
0 2.31528e-08
0 2.31528e-08
0 0
0.2 7.71762e-08
0.7 0.0028007
0 0
0 0
0.3 0.000410203
0 0.00568975
0.2 0.000108448
0 0.000693337
0.8 0.000957908
0 0
0 0
0 2.17413e-06
0.3 2.1967e-05
0.6 5.09537e-05
0.4 0.000754328
0 0
0 0.000136172
0.333333 0.000682463
0.3 0.000201273
0.7 0.000167062
0.6 0.0012481
0.4 0.000500631
0 0.000166683
0.6 0.00343823
0.2 0.000126697
0.7 0.00089987
0 0.000108398
0.4 0.00194275
0.4 0.00118655
0.3 0.000362445
0.8 0.000606228
0.4 9.40346e-05
0.4 0.000115408
0.1 0.000151264
0 0.000151264
0.5 0.000775757
0.6 0.0014051
0.7 0.000250813
0.6 0.00069732
0.8 0.000997818
0.2 0.000524846
0 0.0019675
0.9 0.000397131
0.2 0.000643103
0.3 0.000137755
0 0.000137755
0 9.58756e-05
0 9.58756e-05
0.3 2.40273e-05
0.4 0.000751175
0.6 6.52322e-05
0.8 0.00174634
0.3 0.000125441
0.5 0.000321681
0 0.0016446
0 2.31528e-08
0.3 3.80056e-05
0.2 5.55259e-05
0.3 0.000983869
0.7 0.00141872
0.6 0.00175213
0.5 0.000536156
0.7 0.00148531
0.6 0.00230477
0.8 0.00282099
0.2 0.000889491
0.6 0.00160037
0.7 0.0021729
0.8 0.00176973
0.7 0.00071307
0.7 0.00305844
0.5 0.000384962
0.6 0.00136359
0.2 0.000551211
0.3 0.000754318
0.3 0.000590145
0 0.000481179
0 1.88255e-07
0 0.000240505
0 0.000240746
0.6 0.00104358
0.2 0.000604221
0 0.000712373
0 0.000647948
0.1 3.66026e-06
0.1 6.49851e-05
0.5 0.00154259
0.6 0.0013295
0.6 0.00477785
0.6 0.00255024
0.6 0.00256503
0.6 0.00124833
0.1 0.00144801
0.8 0.00140056
0.6 0.00180144
0.7 0.00272657
0.5 0.000965354
0.2 0.000492835
0.2 0.000538022
0.3 0.000271641
0.8 0.00231746
0.8 0.00780743
0.6 0.00224922
0 0.000617886
0.4 0.00275933
0.9 0.0043937
0.8 0.00430289
0.2 0.000214456
0 0.000264148
0.4 0.000850552
0.2 0.00245087
0.2 0.000136992
0.5 0.00234051
0.5 0.00312192
0.6 0.00565137
0.6 0.000647297
0.4 0.000422412
0.333333 0.000186746
0.6 0.00219931
0.6 0.000127211
0.6 0.000960645
0.4 0.000560067
0.4 1.97299e-05
0.4 0.000624978
0.466667 0.000335032
0 0
0 0
0 0
0 0.000481116
0.666667 0.00162288
0.333333 0.00117949
0.666667 0.00156347
0.2 2.19793e-05
0.133333 1.37181e-05
0.2 6.68676e-05
0 0
0 0
0 0
0 0
0 0
0.666667 0.0033976
0.533333 0.0016583
0 0
0 0
0 0
0 0
0 0
0 0
0 0.00100997
1 0.00194629
0.5 0.00275876
0.4 0.00099432
0.533333 0.000613049
0.8 0.00194466
0.6 0.00285505
0.733333 0.00735813
0.6 0.00147073
0 0
0 4.88945e-05
0 0
0 0
0 0.000481116
0 1.9294e-07
0 0.000509685
0 1.27341e-06
0.2 5.02453e-05
0 0
0 0
0 0
0.4 0.000176538
0.733333 0.000611658
0 0
0 0
0 0
0 0.000172067
0.266667 0.000266608
0 0
0.133333 0.000221185
0 0.000354597
0 0.000354597
0.333333 0.00123752
0.8 0.00376288
0.666667 0.00247672
0.533333 0.00035688
0.8 0.00175982
0.6 0.0015941
0.466667 0.00103294
0.733333 0.00257954
0.466667 0.00026096
0.666667 0.000936782
0.266667 0.000593118
0.533333 0.00172671
0.4 0.000383233
0.533333 0.00181362
0.533333 0.00216883
0.6 0.00411478
0.466667 0.000950555
0 1.52618e-05
0 0.000283971
0.1 0.000196505
0.666667 0.00179099
0 3.59877e-07
0 2.69794e-06
0.2 1.53427e-05
0.4 0.000432612
0.6 0.00192528
0.466667 0.000983723
0.533333 0.00287922
0.466667 0.00139114
0.133333 0.000626858
0.0666667 0.000154992
0.6 0.00182283
0.333333 0.000769498
0.533333 0.00242461
0.4 0.00010664
0.6 0.00142277
0.533333 0.00390362
0.866667 0.0103966
0.466667 0.00144098
0 0.0138409
0.266667 0.000269855
0.6 0.00186739
0.6 0.000604341
0.533333 0.00647858
0.533333 0.00760099
0.333333 0.00017632
0.4 0.00165743
0.666667 0.00861297
0.466667 0.00286294
0.533333 0.0025267
0.533333 0.00501681
0.533333 0.0024199
0.533333 0.00296792
0.333333 0.00227023
0.533333 0.00259747
0.733333 0.0118807
0.466667 0.0097916
0.733333 0.00782447
0.571429 0.000197882
0.52381 0.00353155
0.428571 0.000364376
0.761905 0.00193301
0.666667 0.000526191
0.52381 0.000872102
0.380952 0.000721804
0.238095 2.3817e-05
0.761905 0.00283129
0.333333 0.000272216
0 0.000272216
0.2 0.000463329
0.619048 0.00257803
0 0
0 0
0 0
0 0
0.5 0.00238749
0.5 0.000478931
0.6 0.00204108
0 0
0 0
0 0
0 0
0 0
0.6 0.000393559
0 0
0 0
0 0
0.1 0.000267074
0 0.000267074
0 0.000267074
0.666667 0.00114681
0.533333 0.00162056
0 0
0 0
0 0
0 0
0 0
0 0
0 1.15764e-07
0 0.000962232
0 0
0 0
0 0
0 0
0 0
0.533333 0.00402575
0.428571 0.00246667
0.761905 0.00328179
0.666667 0.00474696
0.571429 0.00122734
0.380952 0.00362469
0.142857 0.00073089
0 0.00073089
0.266667 0.00163466
0 0
0 0
0.333333 0.00170772
0.52381 0.00295068
0 0
0.619048 0.00540723
0.52381 0.002019
0.47619 0.000983621
0.52381 0.00161964
0.142857 0.00156799
0.428571 0.000424061
0.380952 0.000234648
0.142857 0.00045245
0.571429 0.0019658
0.142857 1.74278e-05
0.333333 0.000681782
0.619048 0.0032981
0.428571 0.0033495
0.52381 0.0027469
0 0.00143138
0.571429 0.00213297
0 0.00571865
0.761905 0.00800351
0.857143 0.00638236
0.52381 0.00329479
0.666667 0.00537034
0.761905 0.00675657
0.619048 0.00392862
0.428571 0.00325936
0.428571 0.00330888
0.47619 0.00576817
0.333333 0.00237365
0.285714 0.00243
0.142857 0.00104607
0.190476 0.00434645
0.380952 0.00198102
0.47619 0.000403881
0.761905 0.0147552
0.380952 0.00297008
0.642857 0.00102547
0.607143 0.000578108
0.571429 0.000664094
0.535714 0.000900731
0.535714 0.000572431
0.571429 0.00387593
0.642857 0.00130981
0.5 0.00110187
0.214286 9.39247e-06
0.5 0.000916472
0.392857 7.68229e-05
0 0
0 0
0 0
0 0
0 0
0 0
0.642857 0.001307
0 0
0 0
0 0
0 0
0 0
0 0
0 1.38917e-06
0 0.000438178
0.619048 0.00874693
0 0
0 0
0 0
0 0
0 0
0 0
0 0.00175774
0.464286 0.000351416
0 0
0.75 0.00378511
0.321429 0.000942778
0 0
0 0
0.642857 0.00616135
0.642857 0.00275842
0.642857 0.00395913
0.392857 0.000969914
0.392857 0.000587895
0 4.39836e-05
0 4.39836e-05
0 4.39836e-05
0 4.39836e-05
0 4.39836e-05
0 4.39836e-05
0 4.39836e-05
0.666667 0.00040373
0.8 0.00678399
0 1.44705e-08
0.357143 0.0022043
0.428571 0.00104783
0.642857 0.00308251
0.75 0.00643484
0.25 0.000106817
0.5 0.00582845
0.714286 0.00358815
0.214286 0.00369724
0.464286 0.00192167
0.821429 0.00713169
0.0714286 0.00187345
0.392857 0.00107715
0 0.00241786
0.25 0.00462299
0.555556 0.00073953
0.638889 0.000800613
0.5 0.000293301
0.527778 0.00327571
0.5 0.00179613
0.305556 0.00302805
0.555556 0.00166644
0.638889 0.00435343
0.472222 0.0102651
0.694444 0.000870856
0 0
0 0
0 0
0 0
0 0
0 0
0 2.45612e-05
0.333333 8.17506e-05
0 0
0 0
0 0
0 0
0 0
0.607143 0.000760629
0.666667 0.00454095
0.416667 0.0014101
0.222222 0.000675013
0 0
0 0
0 0
0 0
0.380952 0.000148326
0.472222 0.00402746
0.666667 0.00539445
0.694444 0.00455226
0.444444 0.000534494
0 0.000534494
0.861111 0.00378345
0.75 0.00892896
0.583333 0.00247875
0.75 0.00434252
0.888889 0.00657072
0.555556 0.00752043
0.472222 0.00592091
0.444444 0.000706422
0.511111 0.00108595
0.666667 0.00242601
0.533333 0.000559329
0.4 0.000425704
0 0.00282897
0.4 0.00107127
0.6 0.000886211
0.577778 0.00309215
0.644444 0.0024415
0.288889 0.00133884
0.511111 0.00153941
0.466667 0.00182722
0.688889 0.000855706
0.6 0.00276684
0.555556 0.00334985
0.6 0.002639
0 0
0 0
0 0
0 0
0 0
0.666667 0.00513314
0.288889 0.00293418
0.355556 0.00389935
0.644444 0.00793546
0.436364 6.77475e-05
0.636364 0.00125951
0.4 0.000115675
0 0.0036734
0.618182 0.00202912
0.418182 0.00102526
0.636364 0.00367482
0.6 0.00349833
0.563636 0.00350805
0.618182 0.00362016
0.618182 0.00221612
0.418182 0.000361024
0 0
0 0
0 0
0 0
0 0
0 1.38274e-06
0 1.38274e-06
0 1.38274e-06
0 1.38274e-06
0 1.38274e-06
0.266667 0.00553609
0.290909 0.00189997
0 0
0 0
0 0
0 0
0 0
0 2.31528e-07
0 2.31528e-07
0 2.31528e-07
0 2.31528e-07
0.0952381 3.19277e-05
0 3.19277e-05
0 7.80726e-05
0.133333 0.00220763
0 0.00242793
0 0.00203523
0 0.00483641
0 0
0 0
0.2 0.00179005
0.436364 0.0038468
0.236364 7.52406e-05
0.490909 0.0049821
0.545455 0.00767155
0.527273 0.0039352
0.581818 0.00409303
0.181818 0.00393218
0.4 0.00186508
0.318182 0.00781103
0.545455 0.00477851
0.69697 0.004352
0.575758 0.00397839
0.515152 0.00313411
0.545455 0.00213007
0 0
0.242424 0.000664947
0.560606 0.00292955
0.469697 0.000403654
0.653846 0.00179495
0.538462 0.00250449
0.397436 0.00668645
0.551282 0.00103187
0.24359 0.00261891
0.602564 0.00141236
0.525641 0.00656493
0.653846 0.00738132
0.576923 0.00851366
0 0
0 0
0 0
0 0
0 0
0 0
0 0
0 0
0 0
0.1 0.000159474
0 0.000159474
0 0.00146435
0.266667 0.00329874
0.346154 0.00235591
0.230769 0.000324711
0.730769 0.0161325
0.32967 0.000435887
0.43956 0.00183771
0.582418 0.000952109
0.461538 0.00351899
0.549451 0.00349948
0.384615 0.0020974
0.571429 0.00381219
0.406593 0.00120238
0.67033 0.00735397
0 0
0 0
0 0
0 0
0 0
0 0
0 0
0 0
0 0
0 0
0 0
0 0
0 0
0.5 0.00245874
0.252747 3.19441e-05
0.681319 0.011279
0.483516 0.00568139
0.542857 0.00271203
0.457143 0.00141671
0.419048 0.000663913
0.580952 0.0055067
0.580952 0.00664937
0 0
0 0
0 0
0 0
0 0
0 0
0 0
0 0
0 0
0 0
0 0
0 0
0 0
0 0
0 0.00719243
0.6 0.00965635
0.258333 0.000279539
0.508333 0.00316449
0.5 0.00262392
0 0.00357314
0.5 0.00211417
0.566667 0.00585241
0.691667 0.00627489
0.5 0.00258898
0.6 0.00332402
0.416667 0.00322145
0.35 0.00226562
0.583333 0.00365244
0.358333 0.00828336
0.341667 0.00324412
0.470588 0.000416224
0.566176 0.00605046
0.536765 0.00581622
0.338235 0.00263018
0.522059 0.00759483
0 0
0 0
0 0
0 0
0 0
0 0
0 0
0 0
0.236364 0.000167617
0.428571 0.00295843
0 0
0 0
0 0
0 0
0 0
0 0
0 0
0 0
0 0
0 0
0 0
0 0
0 0
0 0
0 0
0 0
1 0.00311161
0.514706 0.0054125
0.264706 0.00145365
0.196078 0.000786398
0.150327 0.000639866
0.542484 0.005267
0.418301 0.00490372
0.421053 0.00228322
0.403509 0.00363006
0.549708 0.00710914
0.555556 0.0124815
0 0
0 0
0.452632 0.00190164
0 0
0 0
0 0
0 0
0 0
0 0
0 0
0 0
0 0
0 0
0 0
0 0
0 0
0 0
0 0
0 0
0 0
0.5 0.0017979
0.5 0.00553045
0.457895 0.00995234
0.52381 0.000450053
0.328571 0.00261416
0 0
0 0
0 0
0 0
0 5.14508e-08
0 5.14508e-08
0 5.14508e-08
0 5.14508e-08
0 5.14508e-08
0 5.14508e-08
0 5.14508e-08
0 5.14508e-08
0 5.14508e-08
0 5.14508e-08
0 5.14508e-08
0 5.14508e-08
0 5.14508e-08
0 5.14508e-08
0 7.69738e-05
0.515152 0.00278883
0.354978 0.00332953
0.164502 0.00637409
0.21645 0.00821015
0.04329 0.00376131
0.380952 0.00192212
0.47619 0.0171995
0.3083 0.00422397
0.505929 0.00762128
0.454545 0.0058934
0 0
0 0
0 0
0 0
0 0
0 0
0 0
0 0
0 0
0 0
0 0
0 0
0 0
0 0
0 0
0 0
0 0
0 0
0 0
0 0
0 0
0 0
0 0.0110071
0.403162 0.000494973
0.452899 0.00245557
0.192029 0.00405602
0.115942 0.0127082
0.403333 0.000555316
0.07 0.000569696
0.426667 0.00150985
0.409231 0.00297933
0.458462 0.00209903
0.464387 0.000562918
0.433048 0.00191933
0.393162 0.0120617
0.44709 0.000321939
0.280423 0.00206477
0.362434 0.00193293
0.55291 0.00246173
0.417989 0.00372506
0.505291 0.0265127
0.343915 0.0016925
0.103448 0.00294836
0.280788 0.00349988
0.504926 0.0087356
0.453202 0.0206808
0.501149 0.00333083
0.488172 0.00264337
0 0
0 0
0 0
0 0
0 0
0.530242 0.00434067
0.518939 0.00618165
0 0
0 0
0 0
0 0
0 0
0 0
0.00793651 4.16751e-08
0 4.16751e-08
0.0221675 3.00663e-05
0 3.00663e-05
0 3.00663e-05
0 3.65737e-05
0 3.65737e-05
0 3.65737e-05
0 3.65737e-05
0 3.65737e-05
0 3.65737e-05
0 3.65737e-05
0 3.65737e-05
0 3.65737e-05
0 3.65737e-05
0 3.65737e-05
0 3.65737e-05
0 3.65737e-05
0 3.65737e-05
0 3.65737e-05
0 3.65737e-05
0 3.65737e-05
0 3.65737e-05
0.194444 0.00108134
0.231527 0.00151066
0 0.00231482
0.222816 0.00462417
0.297683 0.00566506
0 0
0 0
0 0
0 0
0 0
0 0
0 0
0 0
0 0
0 0
0 0
0 0
0 0
0 0
0 0
0 0
0 0
0 0
0 0
0 0
0 0
0 0
0 0
0 0
0 0
0 0
0 0
0 0
0 0
0 0
0 0
0 0
0 0.000962001
0 0.018592
0.352941 0.00695304
0.49916 0.00134335
0.472973 0.0015833
0.416785 0.000826291
0.403509 0.0112804
0.34359 0.00245455
0.0551282 0.00124248
0.40641 0.0110421
0 0
0 0.000149842
0 0
0 2.22462e-07
0 2.22462e-07
0 2.22462e-07
0 2.22462e-07
0 2.22462e-07
0 2.22462e-07
0 2.22462e-07
0 2.22462e-07
0 2.22462e-07
0 2.22462e-07
0 0.000481339
0 0.000157261
0 0.000158935
0 0.000113294
0.259136 0.000112123
0.34778 0.00217823
0.400634 0.00512138
0.39963 0.00264492
0.26272 0.00119715
0.299645 0.00375957
0.283688 0.00743732
0.395408 0.0138495
0.277551 0.00367963
0.190776 0.00179024
0.302357 0.00429511
0.259259 0.0028319
0.285798 0.00690961
0.25 0.000213919
0.313725 0.00776223
0.216134 0.000647229
0 0.000471174
0 0.00172434
0 0.00258463
0.203196 0.00203104
0.0506088 0.00811239
0.203196 0.00194339
0.0125571 0.0112661
0.2699 0.00480437
0.167928 0.00145801
0.216842 0.00535981
0.0348599 0.00390806
0.196629 0.0015756
0 0.00252058
0.148962 0.00215268
0.187471 0.00449287
0.218202 0.00399961
0.0572704 0.00785257
0.157434 0.00262441
0.0700552 0.0052039
0.164675 0.00155404
0.168487 0.00468806
0 0.0100292
0.132338 0.00125283
0 0.0015075
0.101496 0.0018892
0.117114 0.000435594
0 0.00511396
0 0.0012731
0.0678461 0.00251684
0 0.000592132
0 0.0019172
0 0.00337057
0 0.00529199
0 0.00513123
0 0.011533
0.0017939 0.00932468
0.0730982 0.0391881
0.0268946 0.000262794
0 0.00271427
0 0.00146145
0 0.00576835
0 0.00175588
0 0.00562358
0 0.000874718
0 0.00183911
0 0.003429
0 0.00462407
0 0.00227076
0 0.00591512
0 0.00662735
0 0.00725924
0 0.0110258
0 0.0096958
0 0.0161767
0 0.0121583
0 0.0114142
0 0.00350719
0 0.0239694
0 0.00443076
0 0.00147309
0 0.0131895
0 0.00190314
0 0.00936134
0 0.0286106
0 0.0095119
0 0.00323401
0 0.00414805
0 0.000998582
0 0.00430333
0 0.00187277
0 0.000940198
0 0.00154108
0 0.00501179
0 0.0017675
0 0.00172501
0 0.00970787
0 0.00206289
0 0.00417408
0 0.00288468
0 0.00665247
0 0.000523383
0 0.00248174
0 0.00504322
0 0.00338996
0 0.0104002
0 0.00390538
0 0.00327135
0 0.00393141
0 0.00348055
0 0.0015951
0 0.00434386
0 0.00378009
0 0.00136282
0 0.0039039
0 0.00149933
0 0.00853597
0 0.00278889
0 0.00574123
0 0.00796876
0 0.010652
0 0.00290274
0 0.00780222
0 0.00221407
0 0.00837988
0 0.0138218
0 0.00828521
0 0.0106146
0 0.00489848
0 0.00359216
0 0.00384195
0 0.00296546
0 0.00281259
0 0.00688242
0 0.00243466
0 0.00161723
0 0.00955046
0 0.00422277
0 0.00521481
0 0.0122513
0 0.00153978
0 0.00558678
0 0.00436237
0 0.0050406
0 0.00586364
0 0.0052665
0 0.00807379
0 0.00601624
0 0.00345224
0 0.00787897
0 0.00321728
0 0.00492085
0 0.00672107
0 0.00499979
0 0.00596298
0 0.00512275
0 0.00850544
0 0.00395802
0 0.00480321
0 0.00885591
0 0.00820546
0 0.00352243
0 0.0118328
0 0.00349297
0 0.00253593
0 0.00663994
0 0.00662948
0 0.00624574
0 0.00643661
0 0.00606288
0 0.00326572
0 0.00633136
0 0.00423601
0 0.0103243
0 0.00325733
0 0.00321878
0 0.0139226
0 0.00597788
0 0.00142419
0 0.00985366
0 0.00704597
0 0.0128023
0 0.0110299
0 0.00549699
0 0.0107556
0 0.00727951
0 0.0031797
0 0.0098926
0 0.0100582
0 0.00857869
0 0.00573251
0 0.00472627
0 0.00410273
0 0.00405231
0 0.00902619
0 0.0176998
0 0.00847109
0 0.00893026
0 0.0064065
0 0.0203881
0 0.00118661
0 0.00871375
0 0.00794451
0 0.011786
0 0.00343034
0 0.00693316
0 0.00473182
0 0.00663598
0 0.00690025
0 0.0123327
0 0.0154498
0 0.00355433
0 0.0099615
0 0.00880068
0 0.015053
0 0.00571014
0 0.00132515
0 0.0109639
0 0.0088249
0 0.00551978
0 0.0115982
0 0.00336236
0 0.0075765
0 0.0183002
0 0.0250184
0 0.00722036
0 0.00739864
0 0.0132112
0 0.00549999
0 0.00556476
0 0.00992813
0 0.0119261
0 0.00678241
0 0.00762808
0 0.0157822
0 0.0120853
0 0.00771116
0 0.00735544
0 0.0188041
0 0.0172472
0 0.0175016
0 0.00535586
0 0.0075521
0 0.0373601
0 0.00664655
0 0.0108096
0 0.011243
0 0.0158116
0 0.0144884
0 0.00363226
0 0.0207966
0 0.00936285
0 0.018177
0 0.0182128
0 0.0231031
0 0.0119426
0 0.0206735
0 0.0110719
0 0.017736
0 0.0181078
0 0.00686534
0 0.0106649
0 0.00173389
0 0.0189941
0 0.0114774
0 0.0137596
0 0.0241781
0 0.00772861
0 0.0257126
0 0.0231411
0 0.00588133
0 0.0180889
0 0.0216945
0 0.0165331
0 0.0156196
0 0.0269819
0 0.00842268
0 0.0200534
0 0.0092833
0 0.0218009
0 0.0252219
0 0.00501678
0 0.00463397
0 0.0388218
0 0.0272338
0 0.00771297
0 0.0122725
0 0.0199475
0 0.0405166
0 0.0262986
0 0.00746837
0 0.0108071
0 0.0158669
0 0.0396934
0 0.0171043
0 0.0252809
0 0.0355355
0 0.0408354
0 0.0313646
0 0.0270183
0 0.00300533
0 0.0588586
0 0.000746927
0 0.00688905
0 0.00409081
0 0.014791
0 0.00472408
0 0.0112775
0 0.0202937
0 0.0178502
0 0.015541
