nan 0
1 0.0434783
1 0.00545455
1 0.0870972
1 0.0433061
1 0.137177
0.5 0.0718942
1 0.201635
0.5 0.017943
0.5 0.00416714
0.5 0.0420747
nan 0.0949382
0.5 0.00905766
0.666667 0.0010789
1 0.0214014
0.666667 0.0101698
0.5 0.0445264
0.666667 0.10185
0.666667 0.0249577
0.666667 0.308665
0.666667 0.126045
0.666667 0.0842131
0.666667 0.459821
0.666667 0.138922
0.666667 0.261771
0.666667 0.0058381
0.666667 0.00532281
1 0.0266023
1 0.478986
0 0.21868
0.666667 0.122383
0.333333 0.073913
1 0.0913043
nan 0.227456
1 0.29372
0.333333 0.00144928
0.666667 0.0273752
nan 0.27343
1 0
nan 0.0434783
nan 0.102415
1 0.0202899
nan 0
1 0.000966184
1 0.0434783
nan 0
