0 0.745886
0 0.639752
32 0.171398
0 1
27 0.264752
40 0.236158
37 0.573843
38 0.608764
40 0.182195
42 0.25856
31 0.195638
0 1
42 0.307018
40 0.654079
25 0.255367
0 0.789529
11 0.0460048
26 0.283021
28 0.435849
39 0.260765
43 0.155918
39 0.183409
0 1
30 0.233257
37 0.27423
37 0.20383
27 0.422857
0 0.318296
1 0.416466
31 0.221876
27 0.410413
29 0.286804
40 0.111062
33 0.403955
25 0.228249
37 0.339815
30 0.265517
39 0.564969
40 0.405085
36 0.518987
34 0.182562
0 0.745886
0 0.329832
36 0.515126
24 0.259907
39 0.224145
35 0.179862
41 0.143169
42 0.253872
42 0.136721
32 0.205787
41 0.387218
28 0.177396
40 0.249781
28 0.161909
0 0.839972
42 0.119177
43 0.0638607
39 0.405251
0 0.649924
28 0.289667
43 0.484082
38 0.274343
0 0.323954
39 0.217874
21 0.274533
39 0.149844
41 0.179068
0 0.786994
42 0.442449
29 0.14888
31 0.364103
24 0.249306
42 0.256894
39 0.141517
37 0.505708
39 0.288934
34 0.275223
42 0.266214
42 0.268013
0 0.530075
0 0.729938
24 0.257024
40 0.198758
2 0.188462
0 0.724942
43 0.145882
30 0.236003
37 0.30542
0 0.782751
39 0.179186
39 0.537205
40 0.196737
40 0.269841
37 0.490214
36 0.229213
37 0.303797
28 0.220445
25 0.284365
41 0.238251
40 0.576856
0 0.701224
40 0.384058
0 0.906486
0 0.263067
45 0.105581
35 0.414232
39 0.312847
26 0.120321
34 0.194298
0 0.592437
42 0.153247
0 0.647813
30 0.315892
1 0.614155
25 0.391513
21 0.206963
37 0.186667
40 0.183529
40 0.310204
41 0.143484
36 0.0952503
1 0.215135
1 0.432157
25 0.134004
33 0.144712
25 0.250781
41 0.363137
41 0.302632
24 0.354477
38 0.232278
40 0.372078
0 0.383193
41 0.663529
0 0.818039
29 0.264738
39 0.266253
41 0.153247
26 0.334027
43 0.132075
29 0.302829
1 0.445714
37 0.248765
40 0.459805
32 0.433519
41 0.251923
40 0.176224
31 0.234703
35 0.212613
0 0.503395
38 0.162883
0 1
36 0.302599
41 0.558628
42 0.0546448
38 0.142524
0 0.687445
0 0.786058
43 0.237647
40 0.179881
27 0.188881
30 0.31065
0 0.834586
29 0.220012
38 0.242424
34 0.179207
34 0.212497
29 0.118789
41 0.286738
42 0.327922
36 0.374963
17 0.179494
39 0.496563
30 0.3003
28 0.434711
30 0.114443
41 0.113661
26 0.172009
39 0.371843
0 0.810612
39 0.555844
32 0.481616
38 0.221032
26 0.138017
30 0.135532
42 0.143776
34 0.146191
18 0.281206
30 0.289762
0 0.729938
41 0.208065
0 0.906486
30 0.0967099
42 0.272537
38 0.592373
41 0.477504
0 0.736172
38 0.174074
40 0.292163
35 0.374514
38 0.191827
43 0.172078
24 0.18445
0 0.770779
30 0.446028
41 0.239344
2 0.286513
42 0.257143
44 0.0357143
34 0.0818388
18 0.107051
39 0.282738
21 0.190258
0 0.554932
33 0.153131
1 0.563086
33 0.561945
28 0.175484
0 0.268519
24 0.234234
40 0.317956
24 0.304782
27 0.155047
36 0.134456
40 0.146853
43 0.139064
35 0.188873
32 0.180234
40 0.620875
2 0.338225
0 0.714178
42 0.396952
38 0.354069
29 0.237143
30 0.221686
31 0.434315
41 0.234268
36 0.198319
26 0.40516
37 0.186303
41 0.195207
0 0.651446
38 0.347027
38 0.267719
0 0.349868
30 0.274063
39 0.168623
32 0.179344
39 0.343114
42 0.26039
40 0.511299
26 0.155754
30 0.381074
41 0.357039
0 0.79799
38 0.340985
40 0.513462
42 0.132468
0 0.554749
40 0.213006
29 0.153994
40 0.157289
28 0.284129
39 0.626442
37 0.557121
40 0.255328
42 0.255686
34 0.239912
39 0.420379
23 0.186609
38 0.194836
0 0.906486
27 0.123063
0 0.707744
41 0.242424
42 0.235589
38 0.24061
35 0.239369
41 0.238591
37 0.481355
0 0.436129
30 0.375873
1 0.295443
37 0.291579
38 0.193038
0 0.810612
43 0.140271
30 0.23071
41 0.289776
43 0.212627
38 0.474125
11 0.132645
19 0.267288
0 0.631579
0 0.503786
39 0.22549
29 0.196359
22 0.167962
38 0.176241
35 0.0757021
0 0.266968
28 0.410103
0 1
22 0.16918
42 0.236364
24 0.168177
30 0.130847
30 0.310006
0 0.818039
41 0.39599
0 0.818039
41 0.136597
0 0.864407
41 0.353695
0 0.818039
28 0.121366
42 0.139344
34 0.17105
0 0.818039
31 0.246517
40 0.230037
0 0.675058
34 0.47205
41 0.814902
40 0.169607
39 0.272032
39 0.440639
40 0.253394
0 0.361569
39 0.439223
33 0.191515
22 0.183463
0 1
31 0.211146
43 0.199351
0 0.855738
42 0.140067
34 0.0924752
40 0.295826
38 0.210807
33 0.278884
34 0.166789
40 0.285876
35 0.225875
40 0.618824
1 0.345449
41 0.354882
43 0.360816
33 0.206263
10 0.120567
40 0.476271
35 0.475459
0 0.517586
38 0.344416
41 0.16121
36 0.164146
36 0.135319
39 0.252869
42 0.15729
38 0.362807
0 0.602694
38 0.24321
39 0.379466
20 0.136787
35 0.254658
39 0.521212
26 0.176506
39 0.294557
37 0.36962
39 0.263984
19 0.153551
37 0.0748463
35 0.329938
23 0.243489
24 0.314529
26 0.289438
41 0.143981
0 0.457255
12 0.118397
30 0.147826
0 0.589099
41 0.221178
26 0.209041
43 0.31825
0 0.789001
36 0.139802
40 0.336645
37 0.55981
39 0.343736
0 0.532864
41 0.350672
32 0.12943
31 0.136261
35 0.138462
37 0.115686
41 0.259651
30 0.186617
0 0.727831
39 0.181785
39 0.559006
42 0.20624
40 0.23662
22 0.279956
24 0.153672
42 0.200242
30 0.248894
41 0.142345
33 0.299016
35 0.335423
43 0.241327
32 0.198352
38 0.240487
42 0.215933
0 0.906486
37 0.315809
40 0.424987
40 0.314754
36 0.259656
31 0.203011
23 0.0739907
41 0.207104
23 0.127461
0 0.802413
0 0.592437
33 0.436777
40 0.136538
42 0.383529
0 1
0 1
0 0.782456
38 0.276036
37 0.318728
43 0.123922
35 0.331463
0 1
36 0.292025
2 0.450035
41 0.254098
20 0.143873
25 0.299123
38 0.142857
22 0.129171
40 0.229327
32 0.300969
38 0.409108
29 0.36012
36 0.102241
0 0.571519
14 0.120241
0 0.501684
0 0.630037
37 0.219608
38 0.642696
39 0.179879
33 0.389513
42 0.352685
40 0.155158
39 0.237071
43 0.190856
33 0.152744
0 0.497814
0 0.674491
41 0.279254
0 0.818039
39 0.635976
32 0.251796
38 0.571014
24 0.129749
38 0.2054
37 0.3395
43 0.498776
0 1
0 0.616682
0 0.818039
0 0.747147
35 0.21221
42 0.47807
38 0.172932
0 0.854694
39 0.188737
40 0.186508
41 0.265377
40 0.162173
37 0.163224
37 0.264525
41 0.315675
35 0.140954
26 0.27146
33 0.279059
26 0.173894
42 0.299499
0 0.480351
37 0.215899
36 0.263031
40 0.294024
18 0.121668
0 0.810774
0 1
40 0.220715
22 0.135889
0 0.782456
1 0.427778
35 0.11081
39 0.291134
40 0.269985
42 0.287911
0 0.592437
39 0.17512
28 0.166954
40 0.173896
39 0.178463
15 0.0838704
0 0.592437
0 0.575155
43 0.194286
36 0.0986367
21 0.117273
42 0.238295
23 0.208337
43 0.386792
42 0.230976
40 0.203869
0 0.775481
41 0.528249
0 0.801286
39 0.134024
38 0.315676
0 0.429587
0 0.703443
36 0.180968
0 0.499608
30 0.282875
26 0.107184
36 0.275862
38 0.171362
26 0.164336
24 0.241977
11 0.119243
36 0.276521
42 0.0515604
0 0.701357
39 0.155734
37 0.459199
0 0.745886
39 0.255533
0 0.790766
29 0.16764
0 0.886531
9 0.0776792
38 0.262911
41 0.372881
1 0.373004
0 0.351058
16 0.134601
43 0.174891
37 0.266917
23 0.177006
43 0.120397
24 0.227432
39 0.272678
35 0.491878
36 0.201411
34 0.214347
31 0.423993
41 0.261961
42 0.127922
41 0.232305
34 0.207387
33 0.178412
0 0.856712
39 0.593503
2 0.291058
33 0.134257
32 0.335669
31 0.245371
39 0.593503
33 0.22449
39 0.669008
13 0.120166
35 0.197756
26 0.168301
0 0.543685
41 0.196925
36 0.263062
39 0.13614
29 0.18702
17 0.167561
0 1
25 0.178568
36 0.149111
38 0.254272
38 0.171579
36 0.530262
27 0.292552
9 0.102375
17 0.143971
34 0.304348
0 0.782456
41 0.243506
31 0.361343
39 0.538302
0 0.810612
30 0.352662
43 0.154286
37 0.117249
41 0.474675
0 0.498295
0 0.432774
35 0.28141
17 0.212286
39 0.154595
0 0.810612
0 0.503799
0 0.621554
31 0.308786
26 0.201212
28 0.148856
0 0.499608
24 0.118334
23 0.174809
40 0.117221
40 0.307774
0 0.834286
0 0.671263
41 0.537288
40 0.196078
16 0.102417
0 0.745886
36 0.209524
38 0.538813
31 0.216052
40 0.139235
43 0.171717
21 0.140099
43 0.28232
31 0.186211
0 0.962264
0 0.515982
0 0.530981
30 0.383526
20 0.165748
41 0.277569
0 0.777885
38 0.184376
38 0.26953
37 0.411532
35 0.534744
29 0.165667
41 0.486531
0 0.327946
0 0.696577
31 0.177217
0 1
24 0.131837
40 0.224294
40 0.183717
26 0.225488
43 0.177318
41 0.185876
40 0.337019
0 0.418818
30 0.255046
27 0.2161
0 0.864407
37 0.287393
40 0.445933
0 0.818039
0 0.705306
39 0.664179
40 0.272913
38 0.631448
40 0.268817
31 0.353329
31 0.327583
42 0.512066
0 0.351837
1 0.548246
40 0.391628
31 0.215992
40 0.261649
0 0.758173
34 0.30362
17 0.221535
32 0.125458
37 0.0702321
36 0.336274
40 0.144056
0 0.49095
36 0.46539
0 1
22 0.159228
42 0.192208
40 0.512019
22 0.123336
23 0.226561
41 0.227885
1 0.491257
26 0.150245
41 0.111864
0 0.65101
0 0.83635
31 0.253747
28 0.141957
28 0.259114
0 1
12 0.126239
2 0.687472
25 0.340932
23 0.135802
38 0.211773
2 0.566763
22 0.164018
40 0.225237
21 0.211016
0 0.423096
36 0.192066
40 0.274592
39 0.35052
31 0.358667
21 0.161665
0 0.617794
31 0.153925
38 0.397477
41 0.306011
39 0.499122
31 0.23956
36 0.572541
22 0.228614
43 0.171429
0 0.862674
31 0.207338
28 0.201416
34 0.212482
1 0.329126
0 0.653622
40 0.239684
37 0.248765
0 0.575235
21 0.147849
39 0.397428
42 0.187282
41 0.284416
0 0.789593
40 0.210383
42 0.354286
36 0.336947
36 0.47057
0 0.317956
42 0.50449
0 0.72208
0 0.697869
0 0.864407
39 0.345428
41 0.369532
36 0.228014
32 0.208317
39 0.701493
44 0.184766
23 0.177747
42 0.257239
32 0.251282
14 0.150959
0 0.498253
0 0.662712
35 0.252747
39 0.324249
16 0.102885
0 0.585631
43 0.151629
34 0.130347
33 0.280586
0 1
0 0.531791
44 0.143955
42 0.370612
34 0.214991
27 0.371462
40 0.302217
42 0.143376
41 0.481227
27 0.188873
27 0.260387
34 0.174782
0 1
14 0.150636
40 0.422727
37 0.180436
0 0.846995
15 0.176739
0 0.921633
39 0.0951351
25 0.340527
41 0.449412
39 0.165084
39 0.216393
0 0.504354
0 0.680241
0 0.403857
38 0.239427
0 0.745886
35 0.0879121
0 0.745886
39 0.189685
34 0.161161
40 0.401786
41 0.175084
41 0.317486
41 0.347662
0 0.632035
36 0.153435
36 0.275
0 0.436129
0 0.671263
36 0.413009
35 0.165965
40 0.483969
0 1
35 0.375812
40 0.281633
14 0.141569
24 0.14264
43 0.178776
40 0.340774
42 0.419986
25 0.189751
40 0.30449
26 0.265207
39 0.31729
40 0.19235
39 0.232432
29 0.155138
39 0.222983
0 0.758312
0 0.688372
0 1
41 0.41789
27 0.166087
32 0.212673
30 0.287967
39 0.199875
27 0.230257
0 0.727195
28 0.128258
0 1
41 0.137019
35 0.280929
40 0.158757
37 0.329747
0 0.45024
39 0.306418
40 0.155136
40 0.174766
13 0.106685
0 0.810647
37 0.25
40 0.0848983
38 0.243243
42 0.371044
36 0.0871411
36 0.204012
0 1
8 0.0889031
23 0.140872
41 0.261176
0 0.775481
0 0.906836
0 0.571941
39 0.202371
1 0.194617
33 0.247578
31 0.216667
40 0.127163
35 0.170452
38 0.661607
40 0.315694
26 0.133154
0 1
32 0.171069
0 1
40 0.699248
20 0.221547
26 0.124934
34 0.331579
0 0.366486
32 0.151282
32 0.342763
40 0.198839
42 0.34902
40 0.455853
1 0.382895
1 0.166486
39 0.282488
39 0.264481
42 0.114935
32 0.196703
1 0.274464
24 0.181117
41 0.34917
29 0.237535
40 0.209408
25 0.33343
39 0.330248
0 0.818039
28 0.23873
42 0.296431
0 0.502262
0 0.751984
42 0.174703
22 0.148919
0 0.556284
39 0.120205
42 0.154122
33 0.183884
27 0.133125
41 0.188525
35 0.394802
1 0.63196
27 0.212331
41 0.433237
21 0.138831
0 0.405556
30 0.154945
24 0.194702
41 0.292245
2 0.517989
2 0.50559
0 1
28 0.121675
36 0.285757
34 0.247541
42 0.38415
41 0.38125
34 0.360331
0 1
36 0.320998
1 0.545772
21 0.247547
37 0.15417
39 0.179099
0 0.806052
1 0.453728
2 0.473528
36 0.20383
42 0.18798
41 0.223691
43 0.193469
0 0.672714
23 0.150689
0 1
39 0.450481
0 0.758312
0 0.758312
43 0.146939
42 0.292655
39 0.380518
41 0.389388
28 0.379832
43 0.119155
42 0.177318
41 0.323935
0 0.738278
41 0.303338
25 0.331725
36 0.575429
39 0.361569
0 0.86734
35 0.251526
0 0.525481
31 0.341488
31 0.234862
0 0.589226
37 0.48323
42 0.0818235
37 0.215686
37 0.282595
41 0.506939
2 0.49098
34 0.411233
1 0.62724
24 0.272752
40 0.164319
24 0.200617
0 1
0 0.824885
42 0.103649
0 0.446809
0 0.671263
22 0.123184
25 0.331771
35 0.129605
42 0.10765
25 0.292149
27 0.305537
22 0.0894957
0 0.433692
43 0.176065
33 0.294578
39 0.160109
43 0.206275
42 0.233709
40 0.238367
41 0.247429
39 0.19774
0 0.446753
0 0.801286
39 0.166975
39 0.23705
43 0.418552
35 0.33583
40 0.27381
0 0.810612
35 0.51866
38 0.511414
9 0.108304
0 1
37 0.115686
39 0.232712
36 0.235674
39 0.200176
34 0.291448
0 0.453719
39 0.187976
40 0.149254
35 0.259404
0 0.656424
32 0.161648
34 0.435897
0 0.52973
29 0.28915
0 0.585098
35 0.251865
13 0.117097
0 1
0 1
34 0.44186
36 0.403797
0 0.758312
0 0.76612
26 0.158526
42 0.623109
33 0.171491
0 1
0 0.34375
26 0.145668
18 0.179369
0 0.54305
41 0.0956522
39 0.258593
0 0.696577
40 0.420192
28 0.277559
44 0.0839216
0 0.507493
38 0.183382
41 0.23654
41 0.338346
0 0.88
34 0.124923
42 0.800905
39 0.272859
36 0.245107
36 0.218631
32 0.204835
41 0.31216
38 0.327368
43 0.277526
43 0.319357
35 0.515966
1 0.582195
32 0.342197
36 0.0948814
28 0.151699
38 0.152514
42 0.184746
42 0.597175
42 0.188552
23 0.302431
39 0.121066
25 0.255688
21 0.217734
36 0.195896
41 0.361202
43 0.140058
31 0.198362
38 0.352982
26 0.194656
42 0.159091
39 0.721654
0 0.550183
21 0.26193
27 0.164616
41 0.0909091
35 0.317726
24 0.195218
40 0.360615
41 0.263462
44 0.0769231
21 0.183917
27 0.199765
41 0.211572
39 0.230179
26 0.237567
32 0.264997
42 0.607402
36 0.189356
30 0.14472
34 0.145395
41 0.0534109
0 0.493333
0 0.554048
42 0.193725
40 0.214178
38 0.378326
42 0.28549
42 0.202694
34 0.366937
0 1
36 0.436967
31 0.184767
40 0.280594
34 0.222832
40 0.289009
40 0.239423
26 0.18898
37 0.322531
39 0.339099
34 0.183991
40 0.184149
25 0.297883
35 0.192674
32 0.125833
43 0.0956229
34 0.289133
0 0.431052
0 0.473875
40 0.402282
39 0.131228
37 0.232911
1 0.407364
35 0.392437
41 0.147786
1 0.237799
32 0.188013
38 0.252747
0 0.56612
40 0.197306
30 0.346743
0 0.782751
41 0.344781
0 0.745886
0 0.333658
32 0.195971
42 0.438367
34 0.171272
0 0.334004
0 0.725466
40 0.295733
22 0.112003
0 0.6546
40 0.319126
0 0.476638
41 0.308271
42 0.230508
35 0.13583
0 0.449832
37 0.32967
41 0.312772
0 0.864407
36 0.146922
26 0.254284
1 0.407843
19 0.180048
31 0.158186
41 0.168765
1 0.16829
40 0.145303
32 0.282431
0 0.906486
41 0.331454
0 0.818039
43 0.775762
38 0.164013
0 0.601299
30 0.266263
42 0.163534
37 0.215598
19 0.130922
22 0.292131
29 0.234573
39 0.267606
30 0.0743484
42 0.281569
0 0.592163
36 0.266667
39 0.627025
40 0.229371
2 0.523973
37 0.260351
14 0.183753
0 0.765501
40 0.306715
26 0.181212
38 0.456964
0 0.582514
30 0.304505
33 0.450877
0 0.80014
38 0.175949
32 0.148487
0 0.745886
35 0.225397
24 0.201614
19 0.15747
1 0.247389
35 0.274994
39 0.235098
30 0.214693
40 0.22995
0 1
23 0.16536
39 0.11825
39 0.574169
38 0.165965
31 0.222686
0 0.516949
0 0.782751
0 0.501505
40 0.248025
28 0.193143
26 0.304511
38 0.229796
36 0.45166
39 0.31025
43 0.333333
30 0.162835
38 0.631448
41 0.231148
36 0.219995
32 0.306535
40 0.407139
39 0.232998
2 0.256962
31 0.398249
27 0.191501
41 0.274458
19 0.194732
0 0.646427
40 0.29324
12 0.0749194
29 0.21279
26 0.253237
1 0.407407
43 0.245714
35 0.399387
27 0.153566
42 0.221719
43 0.0942685
42 0.22362
28 0.137945
30 0.164881
43 0.237557
40 0.255944
38 0.323243
42 0.104545
36 0.194678
40 0.132919
0 0.676448
0 0.844706
38 0.118793
31 0.230876
39 0.230601
1 0.59026
27 0.144807
0 0.545882
40 0.170437
40 0.400419
0 0.701357
32 0.139129
0 0.578373
0 0.760289
0 0.906486
38 0.255981
23 0.262655
32 0.104825
42 0.185884
38 0.215495
38 0.223744
40 0.932849
41 0.534973
25 0.335761
0 1
39 0.161189
0 0.906486
0 0.906486
41 0.583182
37 0.612532
31 0.340881
24 0.224047
40 0.174339
17 0.142404
0 0.906486
30 0.27086
0 1
37 0.601066
40 0.496201
0 0.541384
41 0.541558
0 0.827869
41 0.233333
25 0.129051
28 0.295615
0 0.581176
0 0.581176
41 0.318658
0 1
0 0.328627
33 0.248911
36 0.135574
35 0.493469
38 0.193671
0 0.632089
0 1
0 0.754327
37 0.327928
39 0.189201
41 0.216393
37 0.172152
39 0.45412
0 0.43985
0 0.468347
42 0.141561
0 0.801569
39 0.272793
38 0.255297
0 0.513169
0 0.374676
24 0.167826
39 0.24936
0 0.816709
42 0.168414
39 0.290366
30 0.364221
0 0.434955
40 0.177622
36 0.52926
41 0.299092
0 0.695227
0 0.697869
36 0.212859
1 0.317504
40 0.402353
2 0.448476
0 0.543423
42 0.353469
27 0.132431
27 0.0958091
30 0.459675
37 0.129012
42 0.322078
41 0.406531
0 0.682268
38 0.167947
36 0.563987
17 0.183034
41 0.26768
0 0.681585
0 0.782456
39 0.0756757
29 0.337389
0 0.485671
0 0.818039
42 0.283835
41 0.460656
36 0.173647
0 0.728861
41 0.467532
34 0.36557
39 0.484153
0 0.433698
15 0.0451843
0 0.761633
33 0.363224
31 0.261506
41 0.279746
36 0.212753
21 0.241758
40 0.663277
36 0.300911
18 0.16928
19 0.174277
41 0.371795
0 0.567043
34 0.44186
32 0.324359
0 0.658596
0 0.758312
33 0.496529
0 0.632035
0 0.446809
0 0.707744
36 0.47284
0 0.818039
25 0.193765
39 0.277436
42 0.190776
41 0.219662
41 0.117063
38 0.140465
0 0.670953
40 0.398558
41 0.384615
34 0.210478
39 0.194743
40 0.169224
35 0.274419
30 0.31574
27 0.314196
37 0.427018
34 0.315815
41 0.621295
40 0.24662
0 0.567164
0 0.661961
0 1
0 0.758312
36 0.198312
38 0.364024
41 0.235017
32 0.318491
0 0.278665
37 0.401582
36 0.367507
41 0.0954319
41 0.348694
23 0.17629
40 0.376271
38 0.301035
26 0.192572
25 0.326916
26 0.225906
40 0.309268
0 0.804898
28 0.260504
39 0.471732
40 0.353594
0 0.858974
34 0.200488
29 0.270431
40 0.353247
0 0.727645
37 0.148308
39 0.263393
38 0.344288
0 1
41 0.190776
37 0.494969
0 0.745886
31 0.166744
36 0.321285
37 0.278086
27 0.213542
36 0.319166
33 0.255207
38 0.723077
0 0.81694
11 0.13558
0 0.962264
0 0.608428
42 0.423077
0 0.305739
29 0.16258
32 0.489035
0 0.830611
0 0.383673
39 0.414749
0 0.390756
0 0.810612
12 0.115397
37 0.601852
0 1
36 0.418331
0 0.818039
37 0.0781663
41 0.0853107
26 0.308502
42 0.198701
17 0.121947
0 0.736172
40 0.218644
38 0.470175
42 0.261974
43 0.153247
34 0.420175
0 0.344514
26 0.191939
41 0.262842
40 0.297619
17 0.202631
37 0.104907
34 0.213662
40 0.186014
40 0.314689
40 0.459293
0 0.513889
0 0.864407
34 0.283076
41 0.230566
40 0.171186
31 0.262323
30 0.288769
41 0.444848
38 0.222146
39 0.383231
42 0.0909605
10 0.11424
36 0.161703
44 0.113876
34 0.109649
40 0.467213
30 0.283448
32 0.114982
24 0.185243
36 0.048959
0 0.765501
10 0.125115
2 0.455625
40 0.564481
0 0.457608
31 0.348957
29 0.169814
38 0.158333
11 0.123485
0 0.521476
39 0.437158
0 0.906486
37 0.444211
27 0.238044
43 0.15102
37 0.550469
39 0.19027
0 0.476735
33 0.198586
0 0.962264
17 0.112886
38 0.531579
42 0.129164
0 0.819764
30 0.237223
40 0.295826
42 0.155738
37 0.283604
28 0.434304
38 0.528671
40 0.328494
25 0.211957
34 0.245208
0 0.782751
36 0.35552
40 0.534973
39 0.303483
41 0.12332
40 0.175962
42 0.231818
0 0.549426
41 0.421911
0 0.745886
37 0.501754
39 0.291925
37 0.208458
28 0.204099
0 0.718712
39 0.393561
31 0.326864
43 0.394829
0 0.660629
34 0.36247
44 0.141961
19 0.251441
26 0.371144
42 0.155136
40 0.16374
42 0.407347
0 0.825792
0 0.938824
41 0.468903
0 0.465872
26 0.296206
38 0.218378
42 0.472727
35 0.412991
0 0.639752
40 0.19302
41 0.182212
36 0.140849
32 0.181991
41 0.292857
34 0.200733
37 0.12249
36 0.240891
29 0.257003
29 0.253082
28 0.40024
42 0.223982
34 0.498831
0 0.661555
24 0.138309
33 0.425455
0 1
0 0.729938
29 0.120728
40 0.22921
39 0.673061
37 0.141358
32 0.193055
0 0.616541
33 0.32936
41 0.424179
0 0.810612
0 0.782751
27 0.111389
1 0.345788
0 0.466667
38 0.331992
39 0.31694
36 0.367738
39 0.203443
35 0.103471
24 0.200883
36 0.310021
41 0.653846
0 0.806452
26 0.110625
0 0.592437
25 0.17333
42 0.400419
36 0.423765
25 0.288652
39 0.138302
41 0.617665
25 0.341025
41 0.120746
26 0.374705
0 0.555844
39 0.494799
0 0.657545
39 0.235325
0 1
0 0.574327
30 0.142541
0 1
0 0.512088
32 0.278571
0 0.782456
37 0.534035
36 0.240741
37 0.172691
31 0.129078
2 0.267909
19 0.142507
32 0.416452
42 0.468326
0 0.744102
41 0.157589
41 0.225974
40 0.444688
29 0.247245
39 0.203349
39 0.526294
41 0.444156
41 0.297694
34 0.115789
28 0.168516
31 0.432515
37 0.271689
0 0.654305
29 0.212791
0 0.483516
31 0.236241
42 0.346128
0 0.758312
0 0.300435
0 0.632035
2 0.362758
0 1
0 0.697869
40 0.709764
39 0.309482
36 0.24325
0 0.630877
35 0.338924
0 0.938824
35 0.142857
0 0.620339
37 0.342324
37 0.296332
37 0.131053
42 0.127193
23 0.181888
29 0.267087
25 0.250771
36 0.460697
0 0.792075
36 0.215126
42 0.368182
0 0.544623
42 0.612482
36 0.325203
43 0.31451
42 0.162823
30 0.23957
32 0.158586
0 0.305464
42 0.515239
36 0.254172
0 0.775481
43 0.232157
24 0.287496
40 0.101764
36 0.189789
0 0.938824
41 0.39026
37 0.177657
43 0.339608
42 0.205687
30 0.318118
41 0.248393
20 0.180376
39 0.291511
15 0.14077
40 0.203955
38 0.158386
38 0.231435
31 0.243289
0 0.646617
1 0.544805
39 0.425352
41 0.275298
41 0.172028
35 0.212484
36 0.114681
43 0.156863
42 0.138761
34 0.244974
1 0.395558
31 0.113999
37 0.13481
1 0.556229
42 0.240795
36 0.364943
38 0.512897
23 0.283895
43 0.188235
28 0.260092
41 0.281481
0 0.42946
0 0.549426
0 0.549426
29 0.232161
40 0.325645
41 0.447541
0 0.940392
42 0.174694
40 0.173611
39 0.496563
34 0.158343
40 0.154229
39 0.548718
41 0.479775
41 0.360668
39 0.497805
38 0.193007
33 0.319821
0 1
0 0.938824
0 1
40 0.356647
0 0.64178
0 0.342745
0 0.862674
26 0.187873
40 0.601126
37 0.261279
42 0.195207
40 0.340437
28 0.0529035
36 0.405602
40 0.126427
40 0.370703
0 0.834286
1 0.436392
0 1
39 0.190111
42 0.573333
39 0.344288
21 0.145995
38 0.308775
34 0.19707
37 0.207911
27 0.218157
2 0.168784
11 0.105722
1 0.217514
39 0.192879
37 0.388468
26 0.265142
38 0.239346
36 0.306719
22 0.143921
18 0.0863673
2 0.271838
0 1
24 0.18128
0 0.733709
41 0.191608
0 0.729938
0 0.43752
0 0.568852
27 0.253568
41 0.649392
42 0.175617
34 0.448596
0 0.493131
36 0.349111
40 0.347596
40 0.157242
0 0.872653
42 0.254694
26 0.241337
40 0.537158
41 0.207885
43 0.282805
35 0.189202
0 0.810612
38 0.154114
31 0.105844
0 0.810612
31 0.179054
0 0.739245
31 0.322084
0 0.24812
0 0.771717
39 0.402825
38 0.176566
40 0.393971
34 0.258065
36 0.236087
38 0.631448
41 0.657268
36 0.166533
31 0.136856
37 0.213272
36 0.31354
42 0.262531
27 0.343049
43 0.202449
0 0.818039
34 0.15028
25 0.153631
33 0.185207
19 0.152486
41 0.209428
40 0.247494
38 0.222444
1 0.399855
29 0.292367
0 0.938824
42 0.162338
37 0.499815
39 0.233257
34 0.490637
42 0.220392
0 0.446275
21 0.197423
39 0.207763
34 0.441433
24 0.303803
39 0.518012
42 0.108408
0 1
24 0.33008
0 0.80014
31 0.283045
16 0.132533
32 0.120612
18 0.208531
0 0.773333
0 0.691315
34 0.186227
37 0.443892
28 0.342906
25 0.215897
37 0.28335
36 0.471914
35 0.165812
32 0.241758
0 1
41 0.338798
43 0.173061
2 0.466978
24 0.201432
0 0.539451
22 0.178994
28 0.248
37 0.441688
2 0.523377
37 0.387342
41 0.338454
40 0.19096
40 0.52459
29 0.149167
0 0.643199
18 0.212006
36 0.208986
19 0.141416
32 0.272066
0 0.781746
36 0.115465
1 0.503628
34 0.129813
40 0.484197
40 0.666667
31 0.143325
37 0.432673
33 0.228889
35 0.306471
40 0.271373
36 0.332695
0 0.906486
30 0.104882
40 0.175593
32 0.460792
41 0.236364
40 0.45283
40 0.600597
40 0.178089
40 0.220238
0 0.797134
24 0.118569
41 0.131638
31 0.134822
2 0.659879
37 0.38481
40 0.361827
38 0.190631
37 0.118037
41 0.352189
0 0.397717
0 0.32309
33 0.293841
40 0.869481
40 0.398701
41 0.277441
30 0.470269
39 0.68254
26 0.185959
36 0.317089
0 0.436488
42 0.167293
32 0.391683
0 1
42 0.169086
40 0.285068
41 0.264173
41 0.183616
31 0.320931
0 0.367232
18 0.148085
0 0.46299
41 0.226939
35 0.322656
0 0.808442
28 0.355882
40 0.235519
28 0.175197
41 0.217308
39 0.186012
0 0.758312
32 0.173069
31 0.311593
43 0.392157
32 0.337179
0 0.53997
35 0.2496
40 0.385577
43 0.129979
21 0.116295
34 0.291825
41 0.350679
42 0.164286
34 0.208547
0 0.718712
35 0.198276
0 0.428571
43 0.270204
36 0.280392
38 0.3996
36 0.220246
40 0.686502
28 0.227376
0 0.653061
40 0.54062
34 0.281892
0 0.58306
37 0.183077
42 0.130067
30 0.505487
42 0.301887
41 0.205844
0 0.572405
35 0.332213
39 0.174775
42 0.185856
40 0.185921
31 0.264835
0 0.301793
0 0.938824
23 0.236025
0 0.938824
39 0.33982
38 0.25554
29 0.298711
29 0.238938
0 0.581176
27 0.301491
35 0.354443
0 0.906486
37 0.392284
0 0.48516
17 0.112628
41 0.244886
1 0.524324
0 0.792163
36 0.310759
15 0.195006
42 0.238431
32 0.304705
20 0.149824
1 0.602885
36 0.187894
38 0.539906
34 0.2036
32 0.14261
40 0.201242
32 0.222287
36 0.190424
27 0.15368
43 0.265098
36 0.305322
31 0.123103
32 0.20404
0 0.315924
0 0.56591
37 0.133964
42 0.165385
39 0.440299
37 0.202778
40 0.210312
39 0.266462
24 0.331454
32 0.155975
35 0.31677
42 0.19813
40 0.281756
28 0.11936
38 0.444143
28 0.406968
38 0.154845
43 0.208163
40 0.742836
39 0.179186
40 0.290851
40 0.248634
40 0.252404
42 0.145455
29 0.163367
25 0.1026
42 0.350877
1 0.483083
44 0.154572
37 0.212025
17 0.211447
39 0.223787
18 0.162486
0 0.637762
2 0.28239
33 0.261818
29 0.425032
41 0.321449
32 0.131868
42 0.36727
38 0.207278
40 0.314208
36 0.198434
42 0.197545
41 0.253872
38 0.110175
29 0.143
42 0.173454
31 0.197716
38 0.237477
0 0.825792
38 0.207018
0 0.444304
42 0.319184
31 0.251784
42 0.38897
37 0.292683
42 0.512337
42 0.280784
0 0.549495
34 0.297101
26 0.187348
41 0.353896
37 0.251821
37 0.259861
40 0.286058
43 0.383861
38 0.308108
41 0.306715
40 0.231458
36 0.382284
41 0.658926
38 0.138414
33 0.156256
35 0.418234
34 0.254945
38 0.396154
40 0.203955
37 0.290946
0 0.722061
2 0.736646
29 0.40112
0 0.544505
0 0.658596
30 0.370495
42 0.244706
40 0.40566
39 0.258593
0 0.544505
15 0.162067
34 0.314381
33 0.3255
2 0.343629
28 0.371886
0 0.758312
39 0.247887
0 0.658596
0 0.696919
40 0.451923
39 0.536341
0 0.632035
38 0.122105
41 0.231444
25 0.160097
0 0.810612
20 0.230405
31 0.398952
42 0.33064
36 0.202856
39 0.142694
39 0.364972
27 0.144113
31 0.238095
1 0.227352
0 0.462005
28 0.174852
35 0.328852
41 0.136965
38 0.0787975
38 0.408282
38 0.331511
38 0.493349
0 0.782751
