35 0.0231099
48 0.0363439
93 0.235849
60 0.0154604
64 0.0508911
86 0.0274038
23 0.0627429
84 0.0443238
64 0.0249433
45 0.0394541
15 0.0140781
42 0.0806565
71 0.0637409
41 0.00926108
33 0.0160623
46 0.0139421
45 0.080893
78 0.0382775
6 0.00281248
40 0.00705053
96 0.0138776
9 0.0357287
76 0.0759241
30 0.0147832
37 0.0380429
0 0.138763
37 0.0121669
89 0.0412429
37 0.0122242
26 0.0317218
86 0.0660522
21 0.0255463
39 0.00705428
44 0.00605923
80 0.0372907
59 0.0320142
39 0.225529
67 0.0660694
61 0.0214607
38 0.00818398
88 0.0190375
42 0.15356
50 0.023668
56 0.0132773
57 0.0449455
60 0.152475
32 0.0708942
52 0.016559
78 0.0364912
38 0.026674
64 0.0176238
79 0.199391
24 0.0170182
95 0.0489796
83 0.0383632
61 0.0382485
43 0.0252973
44 0.0202227
54 0.0142932
73 0.0208639
82 0.0771526
48 0.00793576
38 0.0172172
39 0.0158152
78 0.0357895
15 0.0269898
78 0.0170882
57 0.0266972
19 0.0270777
59 0.179361
48 0.27844
41 0.0114243
0 0.432316
80 0.0285714
37 0.01199
56 0.0236915
27 0.00353331
85 0.0426587
43 0.0156554
87 0.190395
35 0.130896
25 0.066573
37 0.103077
35 0.0436262
52 0.0124486
15 0.0916854
90 0.0281955
31 0.0608438
22 0.038408
29 0.0109285
66 0.020614
67 0.0800732
37 0.0117588
10 0.00484529
24 0.00972328
73 0.0162465
56 0.0432773
5 0.00161477
93 0.0305195
39 0.0235018
78 0.0075188
47 0.101125
23 0.0935802
21 0.065928
47 0.0116749
37 0.0232008
37 0.010398
67 0.00963046
36 0.0199942
21 0.0765774
40 0.0211172
91 0.0187538
91 0.0294486
25 0.206705
74 0.0156579
61 0.0595362
81 0.0372671
18 0.11299
72 0.0560224
95 0.0661224
48 0.00888808
81 0.0064688
66 0.00525984
33 0.133416
60 0.0216847
47 0.0238926
80 0.365729
43 0.0216435
39 0.0090383
5 0.00190721
14 0.0252914
82 0.0531187
4 0.00343866
87 0.142253
34 0.0147742
61 0.0706199
76 0.0719281
14 0.0166811
77 0.0871497
13 0.0110629
67 0.0369541
48 0.0172414
18 0.0723575
61 0.022042
22 0.0171412
37 0.0137924
68 0.0154278
49 0.279324
95 0.0422323
49 0.250756
95 0.0253061
75 0.00981013
64 0.04
41 0.00527623
93 0.0209644
60 0.34699
21 0.0726064
85 0.0177156
91 0.0244361
46 0.0113907
44 0.0447052
51 0.367282
37 0.0692537
62 0.025216
42 0.0641899
88 0.0274987
93 0.04209
68 0.0525947
71 0.0379578
62 0.032345
36 0.0162602
65 0.205134
74 0.0324074
93 0.0137881
71 0.0232497
72 0.221744
17 0.0333564
46 0.0505077
20 0.0274835
88 0.390999
92 0.0377104
78 0.0147368
86 0.0285563
63 0.0635827
75 0.0155794
82 0.0490196
75 0.0287975
90 0.0432331
71 0.0143003
83 0.00852515
86 0.03125
50 0.0209457
49 0.014763
92 0.0298701
68 0.171046
40 0.00478821
75 0.0237342
29 0.0115495
47 0.239343
93 0.0296296
83 0.0276558
49 0.0129026
72 0.0243697
95 0.015083
81 0.00608828
43 0.00911939
81 0.0500782
39 0.0786399
72 0.0216142
73 0.0453242
49 0.0878558
51 0.0119904
83 0.0226142
81 0.0340376
53 0.0247093
30 0.0115697
39 0.0517344
91 0.0362976
95 0.0486275
46 0.0142438
71 0.024325
73 0.0134825
80 0.0738204
40 0.0135389
86 0.0230415
62 0.0116801
73 0.0966576
36 0.00715425
58 0.172955
70 0.192006
58 0.0108314
53 0.0498688
83 0.0294118
46 0.0427849
82 0.00786749
94 0.0195936
18 0.036075
32 0.124952
78 0.0599778
41 0.019453
57 0.0234935
95 0.0533333
95 0.0106122
43 0.160935
91 0.159091
48 0.0443862
95 0.0316742
68 0.0153283
72 0.0248974
66 0.0107388
95 0.0163265
56 0.0118457
72 0.059944
87 0.0222105
78 0.215476
94 0.0414781
48 0.0719984
39 0.229612
66 0.0326754
87 0.00665643
76 0.019314
38 0.0179737
68 0.0205704
89 0.00765027
28 0.0497697
42 0.213787
63 0.00728155
84 0.0139423
74 0.0249925
42 0.116394
89 0.0725953
91 0.0369674
37 0.00552764
43 0.0170732
92 0.030303
73 0.0304073
23 0.0164537
75 0.0360273
94 0.0227451
94 0.0407843
38 0.00919905
55 0.0303482
92 0.0149351
88 0.0141243
77 0.0722611
45 0.0672418
94 0.0490196
38 0.0608187
88 0.0169399
35 0.0489228
47 0.0238926
56 0.0219008
63 0.0742433
83 0.0260017
53 0.109621
39 0.0118452
21 0.0121117
34 0.225839
82 0.0434783
34 0.0147364
87 0.0290851
0 0.308903
91 0.0161616
34 0.0140185
48 0.0142578
68 0.0210379
85 0.0264423
68 0.029453
91 0.0230608
58 0.0189169
39 0.00705428
73 0.0593804
88 0.0126917
54 0.0162581
79 0.0118919
74 0.0331226
93 0.0680135
43 0.0176076
83 0.0285338
42 0.148915
88 0.010929
76 0.0382993
94 0.0107744
55 0.0274105
75 0.0194444
72 0.0221614
89 0.0286382
40 0.0117176
88 0.0174863
94 0.331765
46 0.0134114
42 0.0206753
37 0.00867976
40 0.0303867
86 0.0302099
72 0.0481155
40 0.0226567
41 0.0147499
74 0.0225836
81 0.0191706
56 0.0170799
33 0.0191937
94 0.0705882
70 0.0514629
86 0.203596
34 0.132922
26 0.207256
83 0.00834065
0 0.396249
39 0.0127541
41 0.276849
54 0.396423
14 0.0270658
49 0.0240323
84 0.0181818
80 0.0344288
47 0.218246
31 0.242045
81 0.132797
81 0.0462777
33 0.22886
50 0.0343495
95 0.0546939
40 0.014283
45 0.0330959
82 0.0273292
91 0.0551378
62 0.0111722
37 0.0493376
38 0.0145916
87 0.0384025
50 0.0168527
72 0.0292599
91 0.0422078
95 0.0776471
33 0.0168597
40 0.192476
20 0.0272656
82 0.0153209
75 0.0240506
34 0.0385635
20 0.0175436
90 0.024547
60 0.0470608
41 0.0217532
56 0.0283747
81 0.0509317
76 0.0178513
90 0.00967937
40 0.0160282
37 0.238566
60 0.0524403
37 0.255277
80 0.0159817
61 0.0232763
18 0.117547
67 0.0293393
73 0.0171635
53 0.0189469
92 0.00768693
60 0.171222
30 0.0129084
77 0.10082
87 0.130601
78 0.0302703
68 0.0460496
40 0.0131266
77 0.0451128
36 0.0219275
49 0.0330935
49 0.25378
86 0.0114087
28 0.0904482
58 0.0188624
40 0.0225785
16 0.0365589
37 0.012267
40 0.0120098
62 0.0272225
79 0.0421622
49 0.00766284
61 0.0178389
28 0.0253565
92 0.0253247
38 0.0718259
18 0.016935
72 0.0166895
37 0.0156281
71 0.0242947
32 0.101471
92 0.0475192
81 0.0426501
78 0.0425225
37 0.00644092
30 0.0277912
92 0.010101
61 0.0366909
82 0.0268542
73 0.0304073
85 0.12996
58 0.00284858
78 0.386986
40 0.241732
33 0.0336676
88 0.0464481
40 0.0212506
70 0.014811
40 0.0124902
75 0.305694
82 0.0362319
39 0.0143178
44 0.00347376
38 0.206626
61 0.0222821
93 0.116498
67 0.0162434
36 0.0188627
95 0.0326531
67 0.025308
49 0.333916
95 0.0228571
57 0.0163572
96 0.0227451
88 0.0322404
86 0.0307692
56 0.0134454
96 0.0342857
60 0.0220183
0 0.0764569
92 0.0309764
95 0.012549
36 0.0274988
40 0.011725
88 0.0350282
78 0.0312281
43 0.00737495
80 0.0218438
71 0.0261233
93 0.272247
52 0.134287
92 0.00768693
46 0.123495
72 0.021067
63 0.0156101
53 0.00763268
45 0.0234905
81 0.269565
66 0.0169674
77 0.0157211
68 0.0278167
37 0.0348929
82 0.219358
26 0.012805
61 0.0178262
71 0.0198537
63 0.0207727
76 0.257297
83 0.0311168
64 0.228485
95 0.0211765
44 0.0148137
36 0.272594
90 0.0290381
87 0.0112647
30 0.0182571
88 0.0256831
37 0.190219
46 0.0183862
55 0.0827824
51 0.114914
84 0.0293269
84 0.0197542
42 0.0308718
67 0.229696
62 0.0746826
75 0.039557
83 0.0335664
25 0.0690884
88 0.0367232
40 0.0888833
19 0.034027
31 0.0843527
57 0.0109445
48 0.246725
45 0.0160034
49 0.0232016
26 0.00879251
90 0.0131579
94 0.00980392
68 0.0387004
41 0.0182148
27 0.149779
60 0.027027
94 0.020362
85 0.0135198
54 0.0103737
37 0.0109354
56 0.0101125
51 0.0154684
87 0.0333157
87 0.0661026
53 0.0399852
94 0.00808081
84 0.0245192
63 0.010989
86 0.0243056
11 0.0131896
42 0.0189198
21 0.123291
44 0.25818
94 0.199216
23 0.131447
4 0.00224304
48 0.00568447
66 0.00773196
22 0.153441
87 0.0224044
28 0.0196624
31 0.0358438
20 0.013372
36 0.158698
34 0.217557
63 0.157815
49 0.019079
57 0.00471559
39 0.193731
42 0.0102983
33 0.277169
31 0.120746
91 0.0163339
73 0.016638
82 0.00786749
37 0.0767337
50 0.321351
71 0.0159352
68 0.0253946
37 0.0149254
62 0.0318059
0 0.50307
40 0.201808
52 0.341085
31 0.214126
23 0.157427
35 0.0269916
30 0.0211645
44 0.0256988
94 0.011181
67 0.0201327
13 0.0161837
65 0.0379303
84 0.0475524
86 0.0342262
89 0.0520164
82 0.0169772
69 0.0291448
37 0.0152209
49 0.0100889
36 0.0340481
32 0.0175928
75 0.021519
92 0.0609579
84 0.0172494
85 0.0214452
24 0.0272531
48 0.0968391
92 0.0882155
73 0.0172117
22 0.0859622
85 0.01875
93 0.0020202
92 0.0125313
51 0.00585959
50 0.0191161
36 0.0228068
97 0.0204082
55 0.0163934
73 0.0258176
56 0.0977836
34 0.12261
80 0.01592
35 0.040039
94 0.00698812
75 0.0110759
83 0.0200341
38 0.00348664
79 0.0281377
36 0.0210751
77 0.013653
37 0.0142786
29 0.015444
40 0.0188536
40 0.0135111
84 0.00746269
40 0.00360295
48 0.0198276
36 0.0111158
92 0.0142857
44 0.0187893
96 0.0114286
20 0.0142639
41 0.0853764
31 0.00961272
14 0.00414952
12 0.00379357
48 0.0170987
91 0.0211736
48 0.0102976
36 0.0763912
27 0.0117134
49 0.01818
66 0.00820534
55 0.0291288
38 0.0063565
68 0.0180737
74 0.0176315
65 0.0309278
78 0.0315789
78 0.00421053
73 0.0467235
71 0.0357508
56 0.00770308
13 0.019917
62 0.0223443
92 0.018797
54 0.0131613
56 0.0136364
82 0.01167
38 0.00927138
51 0.00846292
67 0.0217245
82 0.0175593
80 0.0273865
77 0.0280246
63 0.0110413
83 0.0474898
87 0.0290851
69 0.0388278
25 0.026572
53 0.00739416
87 0.026776
59 0.00947058
62 0.0261905
19 0.0645026
52 0.0112221
66 0.0105241
72 0.0128308
72 0.0235294
79 0.0244354
73 0.0281124
51 0.0113192
87 0.0185087
92 0.0181818
82 0.0332481
86 0.0193452
84 0.0115385
54 0.0209809
83 0.0417032
57 0.0312738
0 0.239812
78 0.00239234
72 0.228622
53 0.0136233
58 0.0406769
56 0.0966247
72 0.0183311
89 0.0355932
45 0.0149964
58 0.0237986
72 0.0142857
18 0.0529995
48 0.0150544
73 0.00430293
37 0.0122545
84 0.0230665
36 0.0306552
46 0.00755454
88 0.0186441
36 0.0255085
51 0.0134881
66 0.0131014
56 0.00528384
63 0.010829
59 0.0365274
72 0.0161423
84 0.0203528
44 0.0222826
60 0.0167076
37 0.00681592
0 0.015083
93 0.011611
85 0.0111888
43 0.0101939
37 0.00676617
62 0.0265123
76 0.0318079
87 0.0465362
25 0.0116495
64 0.0172277
43 0.0131304
91 0.00689223
81 0.03147
43 0.0140351
51 0.0139303
72 0.11331
86 0.0198413
49 0.184498
59 0.0175354
95 0.020362
41 0.016876
44 0.0161797
90 0.0145191
23 0.00926852
81 0.0161978
33 0.00748054
95 0.0285714
44 0.020264
88 0.019209
66 0.0143068
65 0.0184708
84 0.0247086
56 0.0168067
25 0.0247841
93 0.0356394
95 0.0391837
69 0.0112332
88 0.0290851
67 0.012766
35 0.0170165
83 0.0235188
87 0.0220174
94 0.0132774
56 0.0188705
86 0.0209933
64 0.0201903
58 0.0141876
83 0.0158299
92 0.0175439
77 0.014319
51 0.0106136
30 0.0064735
70 0.0169788
91 0.0137845
63 0.0125093
75 0.0185185
93 0.0209644
16 0.00761677
41 0.0143186
0 0.0518519
51 0.0121199
69 0.0200244
64 0.0153535
70 0.0294632
61 0.027861
59 0.0286358
19 0.0112446
93 0.0154882
93 0.0159652
25 0.0182614
10 0.0132226
25 0.0120861
35 0.0238285
42 0.0128205
90 0.0127042
86 0.0455709
74 0.0292081
33 0.00711898
93 0.030479
39 0.0212046
84 0.0125874
80 0.0676839
59 0.0199836
49 0.00928978
74 0.0203704
56 0.0210744
81 0.0454728
71 0.0141066
82 0.0302897
90 0.056391
87 0.0190375
38 0.0272142
95 0.0512821
81 0.00899844
96 0.0293878
58 0.00524738
86 0.0174091
43 0.0150037
82 0.0144928
93 0.00538721
39 0.0176528
92 0.0161616
34 0.0280675
91 0.0275689
71 0.0211173
49 0.0183798
65 0.0214601
79 0.0227027
70 0.0107448
32 0.0130516
85 0.0158654
97 0.00653061
44 0.0144893
93 0.00584416
89 0.0550514
94 0.0435414
19 0.00940794
72 0.0177839
90 0.031458
53 0.0157424
66 0.0122807
31 0.0445929
71 0.0138454
96 0.0318367
52 0.011913
88 0.0245902
51 0.014252
92 0.0233766
53 0.0110728
38 0.00766408
61 0.024158
92 0.0154882
93 0.0293501
73 0.0160643
47 0.0185235
72 0.0175103
54 0.0189206
85 0.0172494
45 0.0140912
39 0.0138332
56 0.0128099
72 0.0291317
63 0.0201789
37 0.0100995
89 0.024547
83 0.0197542
85 0.0352183
63 0.0190367
64 0.0147544
87 0.00716846
60 0.0144144
80 0.0066642
81 0.0289855
80 0.0211268
70 0.0299625
79 0.0214735
59 0.231057
80 0.01592
42 0.023323
91 0.0125313
54 0.0146032
58 0.0135904
56 0.00896359
54 0.033176
93 0.030479
86 0.0230415
92 0.0142857
58 0.0230885
61 0.0174801
37 0.0110553
65 0.0277719
63 0.0234152
91 0.0526316
95 0.0195918
24 0.0226685
94 0.0146751
54 0.00645161
27 0.0156379
81 0.0193159
64 0.0342574
84 0.024583
60 0.0372101
84 0.0122915
72 0.00656635
53 0.0163632
88 0.0231638
81 0.0193159
45 0.0175145
31 0.0270921
71 0.0372093
90 0.0266183
95 0.0122449
93 0.0242424
90 0.0134424
36 0.0122908
53 0.0121124
73 0.0128852
46 0.0782572
26 0.00655062
19 0.00924574
46 0.0168177
26 0.0123911
90 0.0200501
96 0.0122449
4 0.00292753
63 0.0159909
35 0.0176721
19 0.00826064
40 0.0187266
51 0.00222152
76 0.0178513
66 0.0139605
38 0.00638089
19 0.0126591
22 0.127059
23 0.0114546
7 0.00419916
20 0.00752249
14 0.0380902
42 0.0141316
44 0.0174833
26 0.0163765
43 0.0232306
73 0.00728291
45 0.00533397
91 0.0288221
67 0.0839866
70 0.0311542
95 0.0253061
89 0.00818235
65 0.00597815
90 0.0502117
35 0.0194538
74 0.00331226
53 0.0125492
79 0.0194595
30 0.00542937
86 0.0208333
54 0.115132
44 0.0075388
75 0.0216049
37 0.0164031
83 0.015735
28 0.016985
37 0.0303538
67 0.00526316
40 0.0473188
58 0.0195271
39 0.018489
84 0.016317
88 0.0220339
38 0.0337327
37 0.00999854
30 0.0197931
18 0.00481051
73 0.0252101
93 0.0135747
43 0.0133841
44 0.00433937
81 0.0238654
47 0.0292333
86 0.0213294
36 0.00589201
21 0.00728699
90 0.0169389
62 0.0112496
54 0.0175715
70 0.0188968
47 0.0135936
45 0.0132341
78 0.0164912
86 0.0158654
70 0.00699126
52 0.0139949
93 0.0301659
39 0.00807155
53 0.0206224
52 0.0133009
47 0.0128139
29 0.0190109
78 0.00615174
40 0.0111091
48 0.00727969
22 0.0108583
43 0.00719989
35 0.00584571
76 0.00899101
29 0.0112018
78 0.0147748
90 0.0163647
44 0.00825472
59 0.00316056
93 0.0224964
26 0.0104283
80 0.00722983
96 0.0146939
84 0.0135685
19 0.0042197
20 0.0072164
90 0.0122735
28 0.00804247
51 0.0137398
69 0.026862
90 0.0320629
81 0.0376812
59 0.00753481
29 0.0034421
81 0.013302
89 0.00874317
29 0.0104756
67 0.0235644
40 0.016946
51 0.0203919
67 0.00462866
48 0.0184777
39 0.00589005
56 0.00910364
93 0.022362
95 0.0159652
37 0.0100937
76 0.0116845
38 0.021815
28 0.0095121
73 0.0193947
82 0.00372671
82 0.0181087
79 0.0232116
31 0.0219591
82 0.0358056
93 0.0160727
80 0.0133181
50 0.0105858
59 0.020475
68 0.0702341
39 0.00220446
74 0.0314428
27 0.0553463
51 0.0296263
31 0.00826418
47 0.0106234
39 0.0155388
15 0.0713163
82 0.0179028
40 0.0345331
48 0.00708812
65 0.0135309
80 0.287559
85 0.0312354
24 0.0661072
81 0.0156942
34 0.0298231
38 0.0138123
36 0.193383
75 0.0487342
26 0.013131
51 0.00922761
43 0.0103167
73 0.0161622
32 0.201495
33 0.104012
82 0.266023
53 0.0136233
44 0.0113994
44 0.00828157
37 0.192339
36 0.115622
77 0.333684
62 0.0245421
93 0.498492
23 0.142581
42 0.0105263
49 0.140254
9 0.00460442
43 0.0189286
28 0.166834
12 0.00773942
50 0.301417
46 0.124956
65 0.296177
35 0.228976
27 0.0218066
82 0.026428
57 0.00987327
77 0.0345946
91 0.0188679
31 0.123007
35 0.00975165
83 0.108548
71 0.00882117
22 0.00725421
93 0.0202655
30 0.0152574
64 0.0249505
92 0.0803634
23 0.0133618
49 0.0130524
86 0.015873
19 0.00466936
60 0.242991
93 0.0118798
43 0.0184775
94 0.0294118
31 0.142691
31 0.0133543
39 0.012857
72 0.0204482
23 0.00970484
27 0.177171
55 0.261708
20 0.00936023
93 0.0251572
39 0.212738
0 0.689071
59 0.191493
47 0.019305
29 0.0115527
50 0.27705
46 0.0537496
22 0.113951
22 0.0658915
47 0.237819
49 0.153698
29 0.144414
59 0.0167676
32 0.0170934
29 0.215677
81 0.0225352
41 0.0120258
95 0.020362
25 0.0164334
16 0.0270096
58 0.0125095
84 0.0172494
37 0.242295
23 0.0275516
54 0.0106216
16 0.0107232
39 0.0140423
27 0.0140077
89 0.0260133
20 0.0145969
76 0.0236936
49 0.0162821
88 0.0310734
40 0.00417156
41 0.00699816
40 0.0218498
88 0.0214689
31 0.0612462
73 0.0228847
66 0.0223684
80 0.0164319
95 0.0236735
12 0.00560722
87 0.0179799
58 0.0159913
76 0.0136319
85 0.0344988
72 0.0200803
46 0.0119539
36 0.00838267
88 0.026776
72 0.0120383
84 0.0214452
82 0.0029838
40 0.1
92 0.0217707
66 0.018725
52 0.0154985
37 0.0141925
52 0.0151515
65 0.0313486
58 0.0077961
59 0.0130309
37 0.00769967
51 0.024474
63 0.0220314
90 0.0211736
94 0.020362
76 0.00551769
90 0.0538847
75 0.0177657
68 0.0324892
81 0.0861284
76 0.00357027
61 0.0778077
73 0.0299736
92 0.010101
53 0.0223722
91 0.269424
39 0.0124777
84 0.0257802
23 0.00666851
94 0.0329412
91 0.0162338
55 0.14888
39 0.0130527
49 0.00945533
83 0.0355575
58 0.0216498
33 0.0129485
63 0.118614
62 0.0184839
74 0.0141524
89 0.0111046
55 0.015987
21 0.014395
54 0.11828
82 0.0186335
37 0.164385
12 0.00774019
40 0.0896338
81 0.0148893
83 0.0144928
87 0.0433633
75 0.0237342
97 0.0122449
72 0.0633053
32 0.0216426
17 0.0141692
59 0.028129
90 0.0393224
84 0.020979
73 0.0123351
63 0.0106606
45 0.112215
51 0.357604
66 0.0151316
74 0.00679012
37 0.00353234
95 0.00603318
84 0.011655
37 0.0452191
60 0.0654206
35 0.00549942
91 0.0175439
45 0.0880503
84 0.0974359
57 0.193487
62 0.0225275
68 0.213651
38 0.0308682
79 0.0954955
37 0.0707578
54 0.0735238
72 0.262192
44 0.0435549
36 0.00750837
74 0.208951
48 0.0282475
91 0.119048
37 0.0170647
51 0.0121896
53 0.0229971
82 0.0124748
33 0.0182575
68 0.0231725
96 0.012549
37 0.0113433
65 0.0124132
45 0.0362232
36 0.00631735
53 0.0101744
67 0.0217245
79 0.0829528
33 0.00921779
72 0.0331053
34 0.0103158
41 0.0127839
61 0.0305061
94 0.0145138
29 0.0152955
38 0.00529071
55 0.0129819
92 0.0255892
52 0.00608071
69 0.0126984
73 0.0117647
91 0.0305195
34 0.0108759
90 0.0163339
59 0.0130309
59 0.0208597
37 0.00547739
83 0.0188762
81 0.021118
62 0.0115758
84 0.020979
44 0.0103007
62 0.0161172
57 0.00182073
60 0.0231057
88 0.0222105
70 0.00586081
82 0.00201207
18 0.0189345
91 0.0254083
59 0.011378
58 0.0210526
28 0.0205546
62 0.0104223
62 0.00860806
63 0.0159192
35 0.0150837
88 0.0224044
94 0.0130624
13 0.0070915
92 0.0314465
83 0.0085934
93 0.00606061
50 0.0654787
92 0.0127946
49 0.0202634
68 0.0243669
69 0.0136752
53 0.0109012
32 0.0159629
45 0.110077
48 0.0184182
40 0.0605897
40 0.0158287
30 0.0205896
89 0.019774
21 0.0090282
71 0.0195135
59 0.0254183
36 0.0972139
52 0.0187239
90 0.0134424
64 0.0326733
84 0.0144231
87 0.00512033
53 0.0219234
62 0.0227106
37 0.00729028
91 0.00689223
69 0.0357054
36 0.0043619
94 0.0101597
38 0.0172684
93 0.0356394
62 0.010989
85 0.0188492
73 0.018646
53 0.0111236
56 0.0365546
93 0.0103896
58 0.0150598
65 0.0134652
70 0.0182272
77 0.0109364
95 0.0187755
83 0.0615106
88 0.00765027
79 0.0140541
74 0.0177657
37 0.00709939
15 0.0101934
43 0.010479
66 0.0300439
52 0.0115091
56 0.017234
41 0.0201948
95 0.0165913
72 0.0331053
80 0.014867
30 0.0336574
57 0.0176964
89 0.0274693
32 0.00960891
67 0.0199328
53 0.0107037
92 0.0271493
80 0.0077749
41 0.00948052
64 0.010303
86 0.0337942
38 0.00757449
54 0.0465806
62 0.00549451
84 0.0298368
81 0.221686
51 0.0150376
91 0.0131579
68 0.0413745
91 0.0194236
83 0.0285338
23 0.0225762
39 0.0392328
88 0.0282486
75 0.0291139
80 0.0258216
95 0.0440816
51 0.129054
33 0.0474055
71 0.0734065
49 0.0272543
90 0.0205687
65 0.020202
76 0.00999001
66 0.016323
45 0.0400947
72 0.00882117
72 0.107258
37 0.00521588
65 0.0243249
51 0.148553
62 0.0208791
64 0.0115152
67 0.0107503
94 0.00754148
92 0.00324675
18 0.0150114
84 0.00745921
67 0.00935016
91 0.00814536
92 0.0222222
68 0.139752
71 0.271683
93 0.287843
61 0.195569
88 0.218586
46 0.12468
41 0.0994152
56 0.1507
27 0.0194488
41 0.0856345
62 0.0974359
74 0.113135
13 0.00208974
31 0.00713456
58 0.00683124
93 0.0139762
89 0.0146893
27 0.00604337
74 0.0222222
85 0.0372024
88 0.00734463
87 0.00634585
55 0.0228966
91 0.0125313
78 0.00526316
86 0.00744048
90 0.0198714
36 0.00864484
95 0.0220408
82 0.0119352
92 0.0148148
42 0.00666395
71 0.0235231
75 0.0113924
52 0.0159611
94 0.0233786
22 0.0103809
23 0.00857761
91 0.00665457
48 0.300869
34 0.010119
68 0.00668896
91 0.0156642
93 0.0174165
24 0.0130377
83 0.0122117
82 0.0260017
75 0.0164557
87 0.177596
28 0.00531188
37 0.0102951
75 0.0797468
59 0.0275184
92 0.0222222
74 0.0314815
86 0.0143369
48 0.0120435
63 0.0331239
42 0.0147581
31 0.0210948
53 0.125734
40 0.00760276
20 0.0509291
94 0.011611
50 0.18408
73 0.244505
89 0.0151958
39 0.00755029
95 0.0533333
96 0.00470588
81 0.21167
55 0.0800456
31 0.0412831
61 0.0074061
66 0.00472509
32 0.0115806
89 0.110103
85 0.0110577
40 0.0208482
87 0.0153358
88 0.0142077
51 0.0496016
79 0.109589
66 0.0421053
78 0.0230631
50 0.175272
91 0.0169173
91 0.0369026
92 0.259933
77 0.0239234
49 0.0146552
97 0.0171429
81 0.00643863
87 0.0237288
91 0.0228956
60 0.00573301
95 0.167347
63 0.02589
84 0.0153777
53 0.00566736
83 0.0226142
79 0.325509
85 0.0213294
59 0.0260746
93 0.0222222
73 0.00980392
93 0.0215488
85 0.0264423
44 0.00563159
83 0.012664
93 0.0174703
69 0.0296226
95 0.0158371
59 0.0293932
82 0.00402414
46 0.0692274
88 0.00793231
90 0.00907441
92 0.0195286
54 0.0086122
61 0.0248633
95 0.0211161
15 0.00653172
60 0.0115528
35 0.01082
51 0.00535429
51 0.00437661
49 0.122865
42 0.00891075
82 0.013214
63 0.0110413
93 0.00725689
72 0.0369357
54 0.0125714
75 0.0240182
62 0.00695971
81 0.0105634
84 0.00865385
75 0.010443
91 0.0106516
31 0.00812842
91 0.0146751
87 0.00665643
95 0.0196078
83 0.00263389
46 0.0103557
39 0.00784656
94 0.00978337
83 0.0171203
33 0.0334721
37 0.0318593
68 0.0226741
95 0.0109804
48 0.0439655
76 0.0123035
80 0.00570776
95 0.00377074
17 0.00516
21 0.00406343
70 0.00485189
91 0.00501253
79 0.00900901
15 0.0303362
83 0.00809889
93 0.0314465
63 0.0138968
46 0.0140762
40 0.0189568
95 0.137255
67 0.0732098
81 0.0559006
89 0.152542
48 0.184926
0 0.411073
72 0.445783
50 0.332007
66 0.0348684
59 0.387156
53 0.263903
53 0.0156231
89 0.0542373
49 0.0167815
72 0.170028
92 0.0719776
79 0.0353153
75 0.364557
66 0.35991
44 0.021586
56 0.32044
47 0.12107
53 0.353134
70 0.287095
66 0.379318
41 0.201237
57 0.131784
36 0.137588
86 0.0749008
29 0.0618876
82 0.212028
49 0.0616322
69 0.30232
0 0.573333
82 0.0318841
60 0.150532
56 0.0227611
88 0.015847
56 0.380342
76 0.133866
80 0.00837139
66 0.0178265
26 0.00869365
94 0.011181
58 0.0133433
70 0.0748212
86 0.0441468
88 0.0322581
39 0.0052907
72 0.0411765
39 0.0512592
74 0.19537
64 0.0121212
58 0.00929535
72 0.0794607
92 0.183838
93 0.0275762
91 0.0394737
68 0.425968
43 0.15942
72 0.0562249
71 0.0237487
92 0.272727
50 0.0144928
69 0.0363858
64 0.0274747
74 0.0299736
32 0.0172677
85 0.0302579
93 0.03367
41 0.0229163
82 0.046532
85 0.0248016
48 0.0165328
70 0.00774032
95 0.042449
75 0.0185005
86 0.16369
63 0.0138968
67 0.0591265
63 0.157057
0 0.497091
33 0.0138786
56 0.00977961
93 0.0348331
73 0.0349691
0 0.54
38 0.0138693
37 0.153342
95 0.0384314
81 0.0277666
74 0.0222824
58 0.0315789
45 0.0184699
85 0.114423
94 0.0195936
50 0.0224401
87 0.0133929
96 0.0122449
50 0.0868523
84 0.0699301
60 0.0170142
61 0.180234
60 0.129441
88 0.213559
84 0.0261072
45 0.00749819
92 0.0146751
89 0.0175141
92 0.0188312
54 0.0198007
73 0.0212278
81 0.00724346
72 0.145938
58 0.0140351
55 0.00485182
67 0.0210526
38 0.00924096
32 0.0126554
56 0.00991736
43 0.0225425
37 0.0135954
19 0.00517898
73 0.0111666
83 0.0108548
48 0.0172414
52 0.0102173
43 0.0217295
56 0.00980392
96 0.0155102
76 0.0164557
42 0.0101636
33 0.00737317
57 0.0238727
74 0.0205696
48 0.0167218
67 0.0109864
57 0.0094162
89 0.031694
59 0.0445624
83 0.027137
52 0.0524747
76 0.023369
28 0.00545028
49 0.0408308
88 0.0124294
50 0.0181953
56 0.00868347
74 0.0447531
75 0.0110759
71 0.00791624
89 0.0497175
39 0.0356379
78 0.00792793
86 0.0193452
94 0.0165913
94 0.00768693
48 0.0314685
91 0.0285714
93 0.0153739
79 0.0240652
96 0.0130612
37 0.0060199
54 0.0140952
77 0.012654
94 0.0300489
55 0.0102282
88 0.00874317
89 0.0140269
74 0.0274014
83 0.0503497
81 0.00190259
56 0.0129477
76 0.021645
56 0.0148459
82 0.0838455
87 0.0469945
94 0.0181422
42 0.0130224
42 0.0103359
48 0.0119036
26 0.0162877
93 0.0132774
47 0.021879
82 0.0084507
83 0.102216
37 0.00671642
91 0.0909091
82 0.0136084
80 0.0194064
88 0.0169492
72 0.0278256
80 0.0390342
83 0.00372671
43 0.0118155
55 0.0185612
85 0.0222105
68 0.021978
80 0.0156012
36 0.0246293
74 0.0135501
67 0.0144737
84 0.0085934
81 0.0241449
81 0.0187793
88 0.0474576
18 0.0179385
46 0.0140492
90 0.0162907
92 0.0154882
53 0.0231299
93 0.118099
94 0.0682353
93 0.00538721
90 0.0284332
56 0.029972
70 0.0183861
56 0.0106061
80 0.0191706
27 0.00752126
69 0.023221
33 0.0170801
87 0.020624
81 0.0144757
90 0.015124
44 0.0155242
93 0.00943396
68 0.00640586
80 0.0160966
42 0.00854326
51 0.0100218
95 0.0269388
36 0.0297512
88 0.0133091
40 0.00502793
66 0.0122423
81 0.0152207
91 0.037013
72 0.00614809
94 0.0137881
83 0.0235188
74 0.0111666
65 0.00762729
83 0.0122117
95 0.0109804
50 0.0065776
81 0.00993789
76 0.015651
91 0.025974
45 0.0480973
72 0.0120383
76 0.018315
87 0.0232681
55 0.111955
75 0.00401235
64 0.0315152
12 0.00559684
73 0.00766074
82 0.0240166
80 0.00592373
41 0.0323968
75 0.0259494
87 0.00687467
64 0.0164356
83 0.0230665
37 0.00857824
85 0.0211538
62 0.0123989
58 0.0216629
73 0.0176315
91 0.0075188
52 0.0249487
65 0.0133333
82 0.0165631
51 0.0173577
43 0.0259
67 0.0137268
44 0.0159812
81 0.0169772
37 0.0112918
94 0.0376471
73 0.0196885
47 0.00395597
46 0.0152788
94 0.00908456
94 0.0239478
54 0.024254
69 0.00537241
67 0.0466712
85 0.0153777
41 0.0552597
79 0.0209009
57 0.00501032
89 0.0570621
50 0.0200994
86 0.0163462
73 0.00631096
52 0.0168864
35 0.0126834
96 0.0133333
74 0.0262346
71 0.0278001
77 0.0345181
92 0.0142857
78 0.00956938
65 0.020202
35 0.0153689
83 0.00980392
81 0.0101721
58 0.00652073
95 0.0204082
82 0.0191816
90 0.0363409
62 0.0247978
94 0.00377074
43 0.0100281
74 0.0168624
71 0.0169631
88 0.0256831
84 0.022827
82 0.0247229
92 0.0114478
43 0.0733073
42 0.00418577
73 0.0358507
61 0.0140187
82 0.0111801
72 0.0109007
77 0.0252905
74 0.0123457
42 0.0187822
59 0.0202703
49 0.00459495
60 0.0191827
85 0.00865385
94 0.0113122
79 0.0148093
55 0.00957252
89 0.0181181
68 0.0148707
81 0.0199531
48 0.0149101
90 0.0241984
50 0.0202273
78 0.0164912
72 0.014702
52 0.0147009
45 0.00193502
85 0.0149184
96 0.0204082
75 0.0095679
85 0.00817308
38 0.00851151
90 0.0119048
69 0.0126984
68 0.0465171
86 0.014881
57 0.00767782
83 0.0085934
72 0.0154062
38 0.00353234
86 0.0128008
66 0.00679825
80 0.00370233
64 0.00552065
92 0.0025974
70 0.00919305
88 0.0289617
86 0.0218254
39 0.0109197
37 0.0040796
53 0.0211967
94 0.040724
80 0.0205479
62 0.0137363
73 0.0288515
73 0.00774527
56 0.0235009
88 0.0169389
80 0.0172144
62 0.0195971
79 0.0211033
53 0.0367587
87 0.0535519
72 0.0170868
75 0.0518987
79 0.0169369
27 0.0246255
73 0.00756303
89 0.0241984
40 0.0119801
90 0.0181181
52 0.0102529
59 0.0186615
55 0.0203252
61 0.015274
70 0.00893769
82 0.0256729
81 0.0125196
62 0.0260557
38 0.0160248
74 0.0192713
40 0.0189073
77 0.0369105
40 0.0122161
94 0.0226244
90 0.0114943
85 0.0288462
89 0.0426651
93 0.0118798
74 0.0145062
38 0.0113666
73 0.0126359
73 0.0210084
82 0.0132797
63 0.00274725
89 0.0514319
94 0.0431373
64 0.15505
86 0.0128968
40 0.0148922
41 0.00988701
93 0.0195936
46 0.0200378
77 0.0362269
93 0.0301659
82 0.046532
69 0.0172285
53 0.0110728
85 0.015873
70 0.0490296
89 0.00437158
54 0.0230789
93 0.0139762
69 0.0173382
52 0.0131853
45 0.0102699
45 0.00232919
85 0.00961538
64 0.00891089
45 0.0240217
30 0.0127219
73 0.0105789
61 0.0530771
38 0.00274526
46 0.04
83 0.0194482
80 0.0136933
87 0.0238095
77 0.245044
60 0.0134995
82 0.0399473
92 0.0538961
77 0.0198223
86 0.0133929
49 0.00191571
59 0.0163018
84 0.05
50 0.0220052
48 0.00888049
91 0.0275689
22 0.00990564
64 0.00851485
44 0.0148451
62 0.0175824
90 0.0241984
44 0.0118789
73 0.0243902
61 0.00986501
69 0.0100122
51 0.0160476
80 0.00456621
55 0.0139944
76 0.0167722
64 0.0135354
76 0.0146958
66 0.0201568
75 0.00895062
92 0.0451178
43 0.00709534
73 0.00286862
46 0.0113907
93 0.0161616
74 0.0226271
53 0.00434527
61 0.00366972
78 0.0306306
83 0.00895141
67 0.0257559
53 0.0221457
45 0.0126582
94 0.0174703
86 0.25542
85 0.0481151
92 0.0209644
71 0.0352665
96 0.0195918
94 0.0752941
89 0.0169492
88 0.026776
55 0.0110193
76 0.194122
49 0.0432624
69 0.0139194
61 0.0192108
33 0.0219444
80 0.00312989
81 0.00342466
73 0.0179272
61 0.0117227
53 0.0161171
93 0.0848485
43 0.0613772
48 0.0153831
80 0.106545
54 0.0194839
70 0.0367722
95 0.0195918
72 0.0125855
70 0.0349847
50 0.00976362
69 0.0137328
94 0.0203193
94 0.0174165
65 0.0169037
38 0.00777161
38 0.0141465
71 0.0211173
39 0.0143146
84 0.00497512
58 0.0158658
65 0.0179344
74 0.0198735
63 0.124636
73 0.0161622
59 0.0191441
79 0.0185117
84 0.0130536
35 0.0110514
72 0.00828655
65 0.0065222
71 0.0417973
81 0.0101721
81 0.0169772
82 0.0373134
26 0.0162542
88 0.0530055
83 0.0200466
92 0.00714286
75 0.00462963
83 0.0184372
64 0.0225743
74 0.0153568
50 0.0118861
65 0.0133333
94 0.0195936
71 0.0114943
74 0.0296296
71 0.00522466
74 0.0108401
94 0.027451
94 0.0236735
72 0.00820793
93 0.0158371
35 0.00917029
84 0.0253279
85 0.011655
74 0.0191358
86 0.0203373
86 0.0228175
85 0.0179211
89 0.0107345
64 0.0311111
75 0.0512346
69 0.0190476
94 0.0113122
86 0.0174091
90 0.0198714
74 0.00993677
47 0.00891832
84 0.032634
87 0.0117768
80 0.0232116
96 0.0462745
77 0.0105947
55 0.0148177
81 0.0128773
67 0.00592105
92 0.013468
57 0.0121686
90 0.0290381
88 0.015847
96 0.00897959
93 0.00808081
68 0.00668896
95 0.00489796
69 0.0275946
58 0.00976354
52 0.00684547
61 0.0126341
96 0.0188235
82 0.0285592
73 0.00146929
77 0.00888585
73 0.0255947
42 0.0123216
71 0.0140449
75 0.0225309
92 0.0103896
88 0.0191257
94 0.0141176
85 0.0149184
44 0.00737578
59 0.0137484
51 0.0113875
60 0.0250209
94 0.0301659
46 0.00314309
42 0.00360397
54 0.0227097
37 0.0129435
72 0.0117647
69 0.0161172
73 0.0273288
85 0.0149038
89 0.0116891
61 0.00899965
31 0.0115089
86 0.00819252
92 0.0114478
39 0.00403914
62 0.00299771
90 0.0294486
90 0.0102843
64 0.0121212
93 0.00978337
81 0.0244306
63 0.0177371
88 0.0114754
72 0.0165266
82 0.029838
49 0.0150051
79 0.022214
42 0.0157079
44 0.013587
33 0.00544857
38 0.0251055
42 0.00810577
95 0.0269388
52 0.0113917
79 0.0100901
86 0.0301428
83 0.0122915
83 0.0329236
46 0.00765394
63 0.0279557
88 0.0338798
29 0.0202685
68 0.011454
80 0.00114155
94 0.0135747
93 0.0123367
82 0.0374245
65 0.00504944
87 0.0269699
73 0.0437849
53 0.0213476
92 0.011181
55 0.0178838
94 0.0211161
56 0.00413223
78 0.0598198
72 0.00935579
92 0.00974026
93 0.0216632
77 0.00865801
92 0.0188552
58 0.0227307
95 0.164706
80 0.011796
81 0.0197183
63 0.198218
94 0.032656
50 0.0459425
39 0.0109252
65 0.0157795
83 0.0136084
93 0.0104822
70 0.0388151
66 0.0133162
95 0.0258824
89 0.1391
94 0.011611
42 0.00686795
48 0.0114621
78 0.0288288
97 0.0187755
64 0.149703
61 0.0183454
33 0.00748322
80 0.0103665
80 0.0171233
93 0.0209644
77 0.022977
91 0.0289562
54 0.00546032
80 0.0233247
37 0.0133151
89 0.0394737
59 0.00652073
73 0.00875513
84 0.00746269
62 0.0529304
89 0.0193587
90 0.00604961
51 0.0130459
96 0.0392157
73 0.0267411
78 0.085614
88 0.0124294
66 0.0125
58 0.00824588
69 0.0202686
39 0.00787764
68 0.0059483
54 0.00581395
70 0.237487
82 0.287724
88 0.0333333
85 0.128968
0 0.512403
91 0.0102843
67 0.00745614
47 0.0111258
63 0.0175504
94 0.0123367
81 0.0205231
83 0.0136402
90 0.00907441
71 0.015674
43 0.0090544
68 0.0082361
80 0.0152582
83 0.0140787
49 0.0568008
69 0.212484
90 0.27005
54 0.00888889
43 0.0166841
84 0.0377622
45 0.00930916
66 0.00336629
88 0.0152542
86 0.0133929
94 0.0173454
70 0.00898876
80 0.00720721
72 0.0157712
88 0.015847
95 0.00603318
88 0.0262295
84 0.0377622
49 0.0112025
91 0.0131579
62 0.0272591
84 0.0149184
94 0.00653061
91 0.0626263
86 0.0120192
85 0.00694444
93 0.0202655
81 0.0191706
84 0.0189959
81 0.0128773
37 0.00144279
54 0.0218723
39 0.00287505
84 0.0822115
70 0.0266458
73 0.00364146
84 0.0267857
73 0.0170438
82 0.0084507
63 0.0572704
87 0.00409626
95 0.0226244
41 0.103448
93 0.0137881
82 0.0221328
92 0.037037
81 0.0285714
81 0.0260017
79 0.00684685
88 0.0242938
95 0.00980392
81 0.0176056
37 0.00482856
77 0.018315
86 0.0204813
84 0.0226142
89 0.144944
92 0.0282828
81 0.00993789
60 0.0150696
82 0.0120083
66 0.00762729
95 0.0211765
77 0.0256323
85 0.0192308
37 0.0107035
56 0.026492
39 0.0122209
76 0.00681597
88 0.0290381
93 0.0195667
80 0.0901408
60 0.00850709
76 0.034965
58 0.0158921
44 0.0238038
62 0.0211603
70 0.0147316
84 0.0131694
73 0.0154062
44 0.0129433
95 0.0440816
36 0.00703532
94 0.0145138
89 0.0321449
55 0.012129
92 0.0141414
90 0.0175439
48 0.00919287
81 0.00743349
70 0.0255363
42 0.00712461
91 0.0238095
72 0.00560224
83 0.0131162
92 0.00673401
68 0.0208041
87 0.0243258
86 0.0228175
75 0.00555556
48 0.0138876
91 0.025974
64 0.0106775
85 0.0188492
74 0.00659782
91 0.0112782
85 0.0257937
96 0.00979592
91 0.0193587
90 0.0093985
80 0.0133181
62 0.00546641
68 0.0140946
92 0.0341074
95 0.0263952
89 0.0198714
72 0.0137255
91 0.0256892
92 0.00844156
95 0.0685714
73 0.0112045
84 0.0144731
90 0.00665457
78 0.014386
73 0.012605
97 0.0163265
93 0.00606061
76 0.033966
82 0.0157715
92 0.0202655
49 0.00827342
48 0.0181389
93 0.0128205
81 0.0113459
94 0.0166909
85 0.0373784
95 0.0522449
88 0.00601093
87 0.014849
38 0.00687285
77 0.0334928
95 0.0196078
94 0.0211161
92 0.0127946
96 0.0220408
84 0.00790167
92 0.0125786
82 0.0144869
91 0.0223835
87 0.00898995
92 0.0195286
87 0.014881
87 0.0251366
66 0.0118421
95 0.00943396
92 0.0350168
88 0.0562842
69 0.024128
0 0.0497959
56 0.0103306
81 0.0325956
92 0.0137845
69 0.00907788
93 0.0398323
74 0.0167499
88 0.0185792
93 0.0130624
60 0.0252683
97 0.0155102
37 0.0179972
85 0.0240385
92 0.107744
84 0.016369
61 0.107996
64 0.00613861
77 0.00786056
90 0.0134424
67 0.00372807
95 0.0101961
78 0.0287719
79 0.0118919
37 0.0068198
50 0.0145897
55 0.00986272
53 0.00775103
84 0.00316599
79 0.0273874
96 0.0188235
84 0.027972
95 0.0156863
88 0.0125683
66 0.0153509
94 0.0470588
96 0.0109804
94 0.0218703
97 0.0138776
90 0.00935126
87 0.0133129
0 0.0852459
90 0.0157802
82 0.00869565
35 0.00645134
86 0.000480769
92 0.0256892
93 0.0167715
87 0.00921659
93 0.0309764
74 0.00401606
94 0.00943396
80 0.0121766
86 0.0291859
94 0.0324284
40 0.0210428
82 0.00321932
62 0.0205128
96 0.0261224
76 0.01665
77 0.0160629
83 0.024144
88 0.0126917
87 0.0322404
93 0.0356394
83 0.00307287
58 0.0224888
47 0.00838852
74 0.0141975
81 0.0587525
96 0.00980392
86 0.015377
63 0.0178606
87 0.0237969
80 0.0106545
82 0.0191816
92 0.0167715
85 0.0326923
83 0.0109745
90 0.0169173
66 0.0208333
85 0.002331
46 0.00879765
67 0.0258772
86 0.0201923
38 0.00695396
95 0.0321569
96 0.0138776
92 0.0487013
84 0.0226142
80 0.021309
77 0.018797
68 0.0130405
38 0.00467662
89 0.00491803
78 0.0249123
82 0.0294118
36 0.00952113
96 0.00653061
88 0.0169223
50 0.0198257
93 0.0141414
53 0.00981105
90 0.00423472
85 0.0322115
79 0.0201802
81 0.0108652
82 0.0213129
90 0.0210403
81 0.0112676
87 0.0137493
63 0.00933532
39 0.00856765
72 0.0142271
80 0.0239726
54 0.00387452
38 0.00782448
91 0.0107744
79 0.0199926
71 0.0155039
62 0.0114618
93 0.00838574
71 0.0152366
93 0.0239478
89 0.00734463
82 0.0140665
74 0.0274691
65 0.0143434
81 0.0325956
88 0.0180791
88 0.00475939
52 0.00615174
90 0.0134424
67 0.0344905
60 0.013104
86 0.0287698
73 0.0137694
86 0.0396825
52 0.0244275
93 0.0300489
86 0.00769231
93 0.0300489
40 0.00527931
53 0.00810972
95 0.00904977
93 0.0195936
95 0.0165913
88 0.0125683
87 0.0377049
85 0.0129808
87 0.0137493
89 0.0225989
43 0.00309598
67 0.0320269
68 0.0193502
89 0.0210403
87 0.0026441
84 0.0212573
92 0.0311688
97 0.0106122
83 0.0158299
75 0.0123457
0 0.025
71 0.0023511
85 0.0197115
87 0.00634585
75 0.0179012
78 0.050722
84 0.0191142
94 0.0105581
93 0.0316742
48 0.00229822
88 0.0251366
91 0.0123377
86 0.0204813
95 0.0211161
56 0.00853994
79 0.00962606
89 0.0111046
94 0.0181422
82 0.00724346
81 0.00743349
68 0.012389
92 0.0207792
91 0.00877193
72 0.00507886
92 0.0142857
74 0.0201746
56 0.0148127
94 0.0218703
92 0.0824675
50 0.0167454
88 0.0271186
95 0.0258824
73 0.00355677
79 0.0140541
90 0.0087668
78 0.0273684
92 0.03367
92 0.00978337
60 0.0106756
58 0.0143928
50 0.010896
85 0.0027972
73 0.00355677
87 0.0433633
80 0.00342466
84 0.0316599
47 0.00558996
95 0.00908456
87 0.0191257
91 0.0142857
34 0.0108905
44 0.000704424
91 0.00665457
62 0.00652442
96 0.0106122
60 0.0296478
94 0.0328442
97 0.0204082
90 0.0163647
40 0.0118478
94 0.0166909
96 0.00784314
73 0.0100402
61 0.0188679
92 0.00908456
92 0.0136364
93 0.0166909
97 0.00979592
80 0.00962606
92 0.0253247
94 0.0209644
94 0.00784314
66 0.00673259
70 0.0040858
96 0.00163265
93 0.0025974
58 0.00962583
95 0.00829563
52 0.00971548
96 0.0261224
89 0.0141243
91 0.0181704
96 0.0179592
79 0.0299099
48 0.0239015
89 0.020339
83 0.00438982
96 0.0285714
89 0.0237288
90 0.00584454
82 0.0197183
96 0.00784314
82 0.02334
62 0.0102426
94 0.0026936
72 0.0140056
80 0.0107368
80 0.0086072
87 0.145426
86 0.000480769
61 0.0157494
84 0.00746269
85 0.01875
96 0.0228571
91 0.0229885
76 0.00899101
95 0.00784314
74 0.00602228
84 0.00307287
94 0.0188537
93 0.00870827
77 0.00486855
48 0.00404486
66 0.0120614
89 0.0136612
78 0.00546822
96 0.00313725
75 0.0085443
87 0.0102407
65 0.0222222
96 0.00816327
73 0.00756303
95 0.00392157
92 0.037037
88 0.0200952
88 0.00740349
95 0.0165913
91 0.0175439
93 0.0181818
72 0.0106923
94 0.0283019
74 0.0220394
66 0.00988849
88 0.0186441
86 0.0399386
93 0.0174703
93 0.0141414
53 0.00647698
91 0.0145191
53 0.00693963
94 0.00349406
83 0.0490196
91 0.0350877
94 0.00908456
84 0.00834065
75 0.0063234
66 0.00336629
94 0.00754148
68 0.00918253
89 0.00621469
62 0.00529007
36 0.00792646
71 0.0109718
75 0.00524691
86 0.0230415
78 0.00877193
94 0.00908456
78 0.00991114
83 0.0191816
74 0.010539
65 0.0393041
93 0.0118798
68 0.0148707
56 0.0103641
76 0.0129828
86 0.0216816
92 0.0237596
81 0.0152918
94 0.0101961
75 0.0158228
78 0.021982
81 0.0115942
77 0.024607
78 0.00936937
84 0.00542741
84 0.00438982
97 0.0155102
94 0.00362845
87 0.0179799
95 0.0241327
68 0.0100514
95 0.0113122
85 0.00576923
94 0.0173454
90 0.025974
91 0.00665457
97 0.00653061
96 0.00941176
87 0.00793231
96 0.0164706
94 0.00139762
