6 4.92308
7 5.30769
0 4.38462
3 5.92308
0 4.92308
274 3.07692
0 3.30769
8 3.53846
3 4.76923
0 5.46154
0 5.38462
0 4.92308
1 3.69231
0 4.92308
0 5.07692
15 4.30769
1 5.46154
1 5.53846
1 3.92308
1 4.69231
0 4.69231
4 5.07692
0 6.46154
0 4.84615
4 4.69231
6 4.23077
4 4.15385
1 4.15385
0 4.30769
0 5.46154
0 4.92308
3 3.07692
0 4.76923
0 4.69231
4 4.46154
2 4.76923
1 3.76923
0 3.46154
1 3.69231
0 5.07692
2 5.15385
4 3.23077
4 4.07692
3 4.46154
257 3.23077
0 4.61538
2 6.23077
2 4.15385
0 5
0 4.84615
0 6.84615
5 3.76923
1 6.23077
0 4.53846
3 5.30769
3 4.61538
0 4.53846
0 6.30769
0 4.92308
3 6
0 3.61538
0 5.23077
0 7.23077
2 4.69231
0 4.69231
253 2.61538
3 3.30769
14 4.46154
0 4.53846
1 5.07692
0 5
6 3.92308
2 4.53846
2 5.23077
0 4.69231
0 4.07692
1 6.38462
2 4.15385
0 3.69231
5 4.15385
0 5
0 4.53846
1 6
1 4.46154
0 5
10 3.92308
0 3.92308
3 4.07692
5 4.76923
5 5.15385
0 3.69231
5 4.30769
0 5.76923
1 4.23077
228 4.46154
1 4.84615
0 4.76923
273 3.23077
2 4.61538
0 3.76923
0 4.61538
8 4.30769
31 3.46154
176 2.84615
0 6.84615
2 2.92308
241 2.92308
0 5.76923
2 5.38462
5 3.53846
0 3.92308
0 3.69231
9 3.38462
0 3.69231
0 6
1 5
0 4.76923
278 3.07692
2 5.46154
76 4.15385
1 5.46154
7 2.92308
9 4.69231
1 5.15385
0 4.53846
0 5.61538
3 5
1 4.61538
0 8.76923
0 5
1 4.07692
0 4.30769
3 4.84615
5 4.46154
0 5.76923
1 5.46154
0 4.84615
1 3.69231
1 3.61538
2 3.46154
0 3.30769
4 5.07692
1 5.84615
1 4
0 3.69231
1 4.38462
1 3.07692
4 4.07692
1 6.76923
0 5.07692
5 3.46154
6 3.92308
0 3.76923
234 2.38462
0 4.15385
4 5.30769
1 4.84615
250 4
1 7.15385
0 5.92308
0 5.92308
3 4.53846
0 5.38462
4 3.76923
0 5.07692
0 5.46154
2 3.84615
1 4.07692
1 4.76923
5 4.46154
0 4.61538
8 4.15385
2 4.07692
1 3.92308
0 4.53846
1 5.76923
0 4.07692
0 4.92308
1 4.30769
4 4.46154
2 4.61538
0 5.84615
3 3.30769
0 4.07692
4 5.07692
0 5.84615
1 5.46154
13 4.15385
0 6.23077
14 3.23077
230 3.53846
1 4.38462
7 3.61538
2 3.69231
0 3.15385
1 4.76923
6 4.15385
0 5.07692
3 4.46154
0 5.53846
0 4.53846
18 5.61538
8 2.69231
0 4.30769
0 4
0 5.46154
0 4.15385
0 4
1 3.69231
0 4.61538
0 3.69231
0 4.23077
0 3.92308
1 4.30769
1 4.46154
7 4.30769
1 3.30769
2 3.15385
2 3.46154
0 5.07692
0 3.53846
1 4.38462
0 4.61538
78 3.15385
1 5.38462
0 4.30769
1 4.92308
258 3.69231
8 5.07692
1 5.23077
1 4.53846
1 7.23077
0 3.46154
1 4.69231
0 4
0 3.69231
9 3
0 5.38462
0 4.69231
11 5
54 3.61538
3 4.30769
0 3.84615
0 5.92308
0 5.23077
21 4.15385
0 4.69231
0 4.53846
0 4.84615
3 3.38462
279 3.30769
1 3.38462
0 7.46154
4 4
0 6.61538
2 4.84615
2 4.53846
0 4.30769
8 4
12 3.23077
1 5.92308
0 5.69231
4 3.92308
4 3.38462
3 4.38462
5 4.38462
2 3.46154
6 3.53846
0 4.53846
0 4.76923
2 4.53846
0 5.76923
0 3.46154
2 6.15385
0 5.30769
0 7.76923
0 5.38462
0 5.23077
2 4.76923
0 3.53846
1 7.76923
1 5.07692
0 4.46154
4 4.15385
2 3.92308
1 3.92308
5 3.53846
0 4.76923
1 5.84615
9 4.46154
0 4.15385
0 4.84615
0 5.07692
3 3.53846
0 5.69231
0 5
2 4.61538
0 4.76923
0 3.84615
0 4.38462
0 5.38462
1 3.15385
197 4
1 7.38462
1 5.61538
0 3.84615
0 4.61538
0 5.38462
0 4.76923
1 4.15385
0 4.69231
20 4.30769
0 3.76923
0 5.07692
0 5.38462
2 4.76923
2 5.07692
4 3.53846
1 5.07692
0 4.76923
1 4.30769
0 3.84615
0 3.84615
5 4
0 6.23077
0 3.76923
2 4.30769
0 4.23077
1 4.07692
0 4.38462
3 4.92308
1 5.38462
180 2.84615
0 4.53846
0 4.61538
6 2.92308
3 5
0 5.92308
19 6.23077
83 4.07692
6 4.07692
5 4.38462
1 4.38462
0 6.07692
2 5.30769
0 4.38462
0 5
1 4.23077
2 3.61538
0 6.15385
14 3.30769
4 4.30769
2 5.07692
5 4.38462
5 3.15385
1 4.84615
146 3.30769
1 3.69231
0 6.53846
2 5.30769
4 4.92308
0 3.69231
1 4.07692
1 5.23077
3 4.92308
0 3.61538
12 4.30769
0 5
0 4.53846
0 6.07692
0 4.69231
1 4.53846
0 4.23077
0 4.84615
68 3
1 4.30769
0 4.84615
1 5.15385
1 4.61538
3 3.92308
1 5.07692
2 3.30769
3 4.30769
34 4
0 3.92308
0 7.84615
2 6.07692
12 5
0 4.92308
0 3.84615
1 4.23077
1 5.53846
0 3.30769
0 5.23077
4 5.07692
90 2.69231
2 5.69231
0 5.30769
0 5.46154
2 3.53846
0 4
0 6.46154
0 6.07692
11 5.53846
0 4.76923
17 4.30769
0 5.07692
16 4.30769
0 3.61538
108 2.84615
0 4.23077
1 4.61538
3 3.76923
2 5.07692
0 6.30769
1 3.46154
0 4.92308
3 3.38462
0 4
2 7.84615
5 5.38462
1 7.46154
0 4.15385
3 4.07692
24 5.61538
0 5
14 5.61538
1 4.38462
268 2.46154
0 4.53846
2 3.69231
0 4.38462
264 2.92308
1 6.23077
0 4.92308
1 3.38462
282 2.92308
0 3.76923
0 5.76923
0 3.46154
0 4.46154
1 4.23077
0 4.46154
2 5.38462
10 6.23077
0 4.46154
1 4.38462
5 4.23077
0 4.53846
0 4.46154
0 4.69231
0 5.38462
1 3.23077
5 6.30769
7 2.76923
0 3.15385
0 5.15385
1 5.92308
4 3.23077
1 4.76923
0 7.84615
1 3.92308
4 4.38462
0 3.84615
1 5.07692
0 2.84615
0 4.30769
0 3.61538
77 2.46154
0 5
11 3.30769
39 3.92308
231 3.30769
0 3.76923
0 3.53846
0 5.38462
1 5.23077
7 3.38462
0 5.46154
112 3.23077
0 4.53846
0 4.69231
0 4.30769
2 4.53846
2 4.23077
0 4.30769
0 6.23077
0 5.23077
0 4.30769
0 3.92308
0 4.30769
1 4.07692
0 5.61538
0 7
0 4.46154
115 3.46154
4 4.92308
182 3.69231
1 7.23077
1 4.92308
5 3.61538
0 3.69231
0 3.69231
0 4.92308
1 4.23077
0 4.92308
0 4.84615
59 5
0 5.07692
0 3.69231
2 4.38462
0 4.07692
1 5.53846
1 4.69231
5 4.69231
1 3.23077
9 4.30769
0 3.92308
11 5.61538
0 4.84615
0 5.38462
0 4.07692
0 4.46154
168 3.15385
0 4
1 4.38462
0 5.07692
1 4.15385
157 4.23077
18 3.30769
0 5.69231
8 3.38462
6 4.69231
171 3.23077
0 4.38462
0 3.61538
1 4.61538
0 3.15385
1 4.46154
0 5.15385
1 3.53846
1 5.07692
0 4.61538
0 5.46154
0 5.61538
0 5.38462
2 3.84615
225 4.46154
3 4.15385
2 5.53846
0 4.92308
0 4.53846
2 7.46154
1 5.61538
1 4.30769
0 5.07692
14 5
8 3.53846
0 4.69231
11 4.07692
2 3.46154
1 5.23077
0 3.76923
1 6
24 4.07692
1 3.46154
0 3.15385
2 4.76923
0 5.07692
266 2.84615
20 6.23077
0 5.15385
16 6.23077
8 3.61538
0 4.38462
0 4.30769
0 4.53846
0 6.07692
0 4.84615
37 4.15385
1 4.76923
2 4.76923
0 4.38462
2 5
0 3.61538
4 3.69231
62 5.07692
1 4.30769
2 7.61538
4 4.61538
15 6.23077
0 6.53846
0 7.76923
88 3.92308
7 5.07692
26 5.61538
11 6.23077
0 5.38462
28 5.61538
0 5.07692
17 5.61538
1 5.30769
1 5.07692
0 5
16 3.46154
11 5.07692
0 4.53846
1 6.61538
0 5.07692
0 6.69231
0 3.69231
8 5.30769
4 3.92308
0 4.30769
0 4
0 5
10 3.69231
0 5.38462
74 3.38462
181 3.30769
0 4.69231
3 4.30769
1 5.38462
9 3.38462
0 3.69231
1 3.30769
16 3.61538
1 4.53846
0 4.38462
0 5.07692
3 5.38462
0 4.46154
2 6.30769
1 3.76923
0 5.84615
4 3.53846
1 5.46154
0 4.07692
1 4.30769
0 7.61538
0 4
2 4.61538
1 5.15385
0 4.92308
0 5.53846
6 4.38462
0 3.92308
0 6.30769
2 5
0 4.46154
0 4.15385
2 5.92308
1 3.92308
0 6
0 3.92308
0 3.84615
131 3.53846
0 5.07692
1 4.53846
1 6.76923
4 4.07692
0 4.92308
1 4.69231
1 3.92308
0 4.84615
5 4.15385
1 3.84615
0 4.76923
1 5.23077
2 6.92308
3 5.92308
4 3.76923
0 5.92308
277 3.30769
0 3.53846
1 4.30769
0 5.84615
1 4.30769
3 4.07692
2 4.23077
2 5.30769
190 2.61538
0 4.92308
0 4.84615
0 4.76923
1 4.84615
0 3.69231
4 4.69231
0 8.76923
0 5.69231
1 5.23077
0 4.38462
0 4.30769
3 5.76923
0 4.46154
0 4.46154
0 4.46154
0 4.84615
3 5.30769
2 4.38462
0 4.15385
0 3.92308
2 5.38462
3 4.15385
4 4.69231
8 3.69231
2 4.30769
20 4.38462
1 5.30769
1 6.69231
1 4.69231
0 5.38462
1 4.61538
0 5.61538
0 4.30769
0 3.61538
194 3.38462
3 4.15385
2 5.38462
1 5.76923
0 4.38462
0 4.69231
0 4.23077
2 4.38462
0 3.92308
0 5
3 4.61538
3 3.61538
0 8.76923
1 4.92308
0 5.15385
1 2.92308
2 4.53846
0 4.61538
3 5.15385
0 5.07692
2 3.69231
1 3.30769
10 4.46154
0 3.30769
9 3.84615
66 3.84615
212 3.92308
0 4.84615
1 3.84615
0 3.76923
202 2.92308
0 3.23077
4 3.84615
3 4.76923
121 3.38462
0 5.69231
0 4.30769
0 3.30769
1 6.84615
0 3.69231
0 4.46154
1 5
0 5.69231
0 6.15385
0 4.61538
0 4.38462
2 5.23077
9 4.23077
2 4.46154
1 3.46154
1 5.30769
13 4.69231
1 5.15385
1 4.69231
0 3.92308
0 4
3 3.92308
1 3.46154
1 5.46154
17 2.61538
8 3.15385
0 5.53846
21 4.30769
0 3.30769
0 4.15385
0 4.38462
3 3.61538
0 4.46154
2 3.69231
4 4.69231
0 5.61538
1 5.23077
0 5.38462
4 3.84615
4 5.23077
5 4.07692
9 3.69231
1 7.76923
0 3.69231
2 5.84615
32 5.61538
1 6.61538
0 6.84615
18 2.69231
1 5.76923
5 4.92308
0 4.76923
5 3.84615
0 3.76923
0 4.38462
6 3.30769
248 3.23077
0 5
0 4.07692
0 4.69231
0 4.69231
4 3.38462
0 4.61538
0 6.23077
0 4.76923
251 2.46154
0 4.23077
0 5.07692
0 4.76923
0 5.46154
0 4.69231
0 4.23077
16 5
5 4.76923
4 4.61538
0 6.76923
191 2.76923
0 4.92308
2 3.76923
1 3.76923
0 5.46154
8 5.61538
0 3.76923
0 2.92308
0 4
0 5.07692
0 4.46154
0 4.15385
5 3.76923
2 4.30769
4 4.76923
0 5.69231
0 4.38462
1 3.69231
2 5.76923
13 3.92308
0 4.61538
1 6
1 3.69231
3 5.61538
0 3.30769
0 3.69231
0 4
4 4.84615
0 5.38462
1 3.07692
1 3.69231
0 6.38462
1 4.30769
0 3.92308
3 4
0 5.23077
2 5.23077
9 4.38462
104 3.15385
210 2.69231
1 4.30769
1 5.46154
0 4.38462
1 4
0 6.38462
0 7.07692
2 6.84615
0 4.69231
0 6.15385
0 4.07692
9 3.07692
6 4.38462
0 5.53846
0 5.07692
0 5.38462
3 3.69231
0 4.53846
0 5.07692
11 3.69231
0 5.53846
0 5.23077
0 4.07692
0 3.84615
1 4.53846
2 3.61538
0 5.30769
0 6.07692
3 3.23077
0 5.69231
2 6.38462
1 5.76923
0 5.76923
0 5.84615
1 5.15385
1 3.69231
0 3.61538
3 5.07692
0 5
1 4
2 5.07692
3 4.23077
0 5.61538
5 3.92308
0 5
0 4.61538
2 5.46154
2 2.84615
2 2.76923
0 5.15385
0 6.38462
0 3.76923
0 3.15385
6 3.69231
1 4.23077
0 4.76923
3 3.23077
0 3.46154
0 4.69231
16 3
0 3.76923
2 6.07692
0 5.61538
0 3.38462
0 4.92308
3 3.92308
8 4.46154
0 4.38462
1 5.46154
0 5.61538
0 3.46154
1 5.61538
0 4.53846
177 4
0 5.76923
5 3.92308
4 3.30769
0 4.53846
0 5.07692
0 7.76923
0 5.30769
0 3.46154
1 4.46154
0 3.92308
2 4.69231
0 4
3 3.15385
1 3.92308
6 3.69231
0 4.07692
2 5
2 5.84615
0 6.53846
0 3.84615
0 5.30769
0 3.84615
8 5
0 4.46154
0 4.23077
1 6.07692
1 4.76923
0 5.23077
0 4.61538
4 4.76923
245 3.30769
8 3.38462
0 4.46154
152 3.38462
6 4.38462
135 2.92308
0 4.76923
2 4.30769
0 5.84615
101 3.84615
0 4.76923
2 3.53846
0 5.07692
0 4.15385
0 6.92308
2 3.92308
7 4.30769
0 5.23077
0 5.38462
0 4.38462
0 4.46154
0 6.07692
0 4.38462
0 2.92308
1 5
162 3.76923
0 4.30769
1 5.23077
1 3.69231
3 4
0 4.69231
0 6.92308
12 3.30769
4 4.23077
0 4.61538
0 4.53846
3 5
130 4.23077
0 3.84615
15 5.61538
0 5.30769
260 3.69231
0 5.07692
0 5.23077
19 5
2 5.07692
0 3.38462
0 6.61538
0 5.07692
0 6.23077
0 5.46154
0 6.76923
0 4.38462
5 4.61538
14 4.30769
0 3.53846
2 4.53846
1 3.92308
0 3.30769
0 4.92308
15 5
13 6.23077
0 3.76923
29 4.38462
6 4.69231
1 3.76923
2 5.30769
1 4.61538
2 4.15385
1 4.84615
0 6.30769
19 5.61538
1 4.15385
7 3.38462
8 3.76923
5 4.69231
2 6.76923
3 4.76923
52 4
1 4.69231
4 3.53846
12 5.61538
0 3.84615
1 5.38462
1 5.15385
0 4.07692
1 5
1 4.61538
0 5.38462
13 3.69231
1 4.92308
0 4.69231
5 3.76923
23 5.23077
284 2.92308
3 4.38462
2 7.30769
0 3.84615
0 5.53846
0 4.69231
0 5.23077
0 4.07692
3 4.46154
0 4.46154
1 5.07692
3 6.84615
0 4.38462
6 4.69231
259 2.15385
0 3.61538
0 4.76923
0 5.15385
6 5.15385
0 4.23077
3 4.23077
0 4.92308
5 3.92308
0 6.84615
0 4
0 4.46154
0 4.38462
243 3.53846
2 3.61538
0 4.92308
0 6.23077
2 5.92308
1 4
3 4.92308
1 3.46154
13 4.07692
1 3.92308
0 4.53846
0 3.30769
10 3.30769
0 4.15385
0 5.30769
4 4.61538
12 4.53846
2 5.61538
2 5.69231
1 4.38462
0 3.69231
0 5
0 5.61538
2 5.38462
2 5.23077
3 3.53846
13 4.46154
0 5.15385
1 4.30769
0 3.46154
0 4.15385
6 4.76923
0 5.15385
0 4.38462
0 4.61538
0 6.07692
1 4.69231
148 2.61538
3 2.69231
1 5.53846
3 4
123 3.15385
0 3.76923
235 3.07692
1 6.61538
0 5.23077
13 5
0 3.53846
0 3.30769
6 5.38462
1 5.15385
0 4.92308
0 4.76923
1 5.23077
1 4.84615
6 5.07692
3 6.07692
2 4.92308
0 8.46154
1 4
0 5
1 4.69231
1 4.07692
0 6.84615
2 4.30769
0 4.38462
0 5.61538
0 5.69231
0 5
18 6.23077
4 5.07692
0 5
0 4.23077
0 3.23077
4 2.69231
0 5.30769
138 4.07692
3 2.69231
25 4.30769
2 3.92308
0 3.23077
0 3.46154
2 4.38462
1 4.61538
1 5.23077
161 3.69231
6 4.23077
0 5.61538
0 5.38462
11 3.84615
0 5.53846
3 5.38462
3 3
0 4.30769
6 2.84615
2 4.30769
9 3.69231
10 3.15385
0 3.92308
0 4.69231
186 3.46154
30 4.23077
2 5
4 4.69231
2 4.15385
0 4.30769
0 3.53846
14 2.76923
3 4.61538
1 5
0 4.07692
0 3.23077
106 3.38462
2 6.61538
0 3.69231
0 4.76923
0 3.69231
2 5.15385
29 5.61538
5 3.53846
5 4.38462
1 6.84615
2 3.84615
0 4.15385
4 4.07692
0 3.92308
1 3.92308
0 5.38462
1 5.30769
0 6.15385
0 6.61538
0 5.23077
0 3.69231
11 3.30769
7 4.23077
24 4.30769
1 4.92308
4 4.38462
0 4.92308
34 4.61538
262 2.46154
0 5.38462
188 2.84615
0 4.38462
4 4.38462
6 3.15385
16 3.69231
0 3.76923
2 5.46154
0 5.23077
87 3.46154
1 4.53846
0 8.76923
2 3.92308
1 2.15385
1 5.92308
1 3.92308
5 3.84615
1 5.38462
133 3.38462
3 5.53846
0 5.84615
0 3.76923
1 4.84615
1 7.76923
2 4.69231
2 5.15385
1 4.84615
1 7.84615
10 3.53846
1 4.38462
0 3.46154
6 3.61538
10 2.23077
1 4.61538
22 3.07692
0 5.30769
164 3.30769
0 4.07692
0 5.23077
0 5.61538
1 5
0 6.84615
15 3.38462
0 3.61538
2 4.61538
0 3.69231
0 3.92308
1 5.84615
7 4.15385
1 5.07692
0 3.69231
1 5.61538
0 4.76923
1 4.07692
1 4.84615
3 4.46154
35 4
1 6.61538
3 4.15385
3 3.92308
3 4.23077
0 5.61538
0 4
8 5.15385
2 4.92308
0 5.53846
1 4.53846
2 6.76923
0 4.84615
0 5.30769
0 5
0 8.61538
0 4.15385
2 5
0 4.53846
1 4.84615
0 4.84615
1 3.15385
0 4.84615
0 5.30769
0 4.61538
0 4.38462
1 4.53846
0 3.46154
0 5.07692
9 3.23077
10 4.38462
1 3.46154
0 4.46154
1 4.76923
2 3.84615
0 3.69231
0 6.23077
0 4.69231
0 5.38462
3 4.38462
10 3.07692
6 4.69231
0 5
8 4.61538
0 6.23077
1 5.30769
1 3.46154
3 4.76923
0 5.61538
0 4.15385
1 5.23077
0 4.76923
0 4.15385
1 5
1 4.76923
3 3.84615
1 6.30769
0 4.61538
0 7.23077
2 5
13 5.61538
2 5.23077
0 5.23077
0 4.38462
0 3.92308
116 3.84615
2 3.92308
0 5.92308
1 3.15385
0 5.92308
0 3.76923
3 4.92308
0 5.15385
60 3.53846
0 4.84615
0 4.38462
2 5.84615
8 4.53846
0 3.69231
2 4.69231
1 3.07692
0 4.23077
5 4.07692
1 3.61538
4 4
0 5.61538
0 5
0 7.76923
189 3.23077
0 4.23077
1 4.30769
0 6.38462
0 4.61538
2 4.84615
2 4.38462
9 2.92308
2 4.38462
1 5.15385
1 4.38462
4 3.23077
0 5.23077
0 4.23077
5 3.69231
0 3.69231
4 4.69231
0 5
2 4.61538
0 7.61538
0 3.69231
1 4.76923
0 4.61538
1 4.84615
192 3.30769
2 4.53846
3 4.76923
0 6.15385
2 5.15385
4 4.23077
1 3.84615
13 4.38462
0 3.61538
5 2.69231
1 4.07692
3 7.30769
8 3.69231
0 4.69231
0 5.23077
0 7.30769
0 5
1 5.69231
0 4.69231
8 3.30769
0 4.76923
12 3.07692
0 4.69231
0 4.30769
1 7.76923
0 3.76923
0 4.07692
81 3.46154
0 7.38462
0 4.15385
0 5.61538
1 4.15385
0 5.30769
247 4.30769
0 6.07692
3 5.15385
9 5.15385
0 5.30769
8 4.76923
1 6.07692
2 4.76923
5 4.69231
10 4
3 5.84615
0 3.84615
1 4.38462
5 4.07692
0 4.61538
0 4.76923
0 4.30769
0 4.07692
2 3.69231
0 5.53846
232 2.46154
0 5.15385
1 4.30769
0 3.23077
0 4.92308
0 3.46154
0 4.53846
0 5.23077
3 4.30769
0 5.15385
0 5.76923
25 4.15385
0 4
1 4.69231
0 3.53846
10 5.15385
1 4.69231
1 4.38462
0 4.30769
12 2.69231
3 4.92308
21 6.23077
1 3.61538
6 4.76923
0 4.23077
0 5.84615
1 6.92308
0 5
0 4.76923
1 3.53846
3 3.53846
1 6.61538
3 4.30769
0 4.76923
1 3.84615
2 4.53846
2 5
0 4.92308
0 5
0 3.76923
3 3.30769
0 4.46154
1 3.23077
0 5.23077
0 4.76923
17 3.30769
1 4.46154
0 6.38462
0 6.30769
0 3.61538
0 4.46154
1 3.23077
4 4.07692
9 5.61538
8 4.30769
0 7.30769
4 5.38462
4 3.46154
2 5.23077
14 4.15385
213 2.92308
0 5.07692
0 4.30769
0 5.84615
0 4.30769
0 5
1 4
5 4
0 7.38462
0 4
3 3.23077
265 2.30769
1 5.84615
0 4.69231
2 4.30769
4 4.76923
1 6.69231
1 4.84615
14 3.76923
2 4.23077
1 3.30769
1 3.84615
23 4.30769
1 4.92308
205 3.84615
0 4.69231
0 3.61538
1 3.30769
1 5.15385
0 7.38462
3 3.69231
1 4.23077
0 4.30769
41 2.61538
1 6.84615
0 4.38462
2 3.84615
8 4.69231
1 4.15385
0 3.92308
28 3.07692
5 3.61538
4 2.61538
2 4.92308
1 5.92308
0 6
8 4.30769
0 3.38462
206 3.61538
0 4.69231
1 4.92308
0 6.61538
0 3.46154
2 3.38462
0 5.23077
0 4.30769
0 5.30769
4 4.53846
5 3.46154
94 4
0 4.30769
0 5.07692
1 5
1 5.46154
1 4.53846
0 6.38462
0 4.30769
0 5
0 4.84615
0 4.15385
0 5
0 5.38462
0 3.76923
0 4.15385
2 4.46154
4 4.76923
0 4.76923
0 4.38462
3 3.53846
1 3.84615
178 3.07692
4 4.61538
3 3.92308
8 3.30769
111 4.30769
0 4.76923
3 4.69231
160 3
0 4.69231
0 3.30769
0 3.53846
0 6.38462
0 5.92308
89 4.92308
126 3.07692
7 3.30769
0 3.23077
0 5.07692
2 3.84615
0 5.23077
2 3.69231
143 3
2 5.61538
29 4.07692
1 4.38462
0 4.76923
0 3.61538
0 4.92308
1 4.15385
5 4.53846
0 4.23077
1 6.30769
2 5.07692
0 4.07692
3 3.69231
1 7.23077
63 3.30769
1 4.69231
1 5.84615
0 4.30769
1 5.23077
0 4.92308
1 3.76923
2 4.92308
0 4.84615
2 4.84615
0 5
7 3.30769
6 3.69231
0 4.23077
73 3.61538
2 4.92308
0 6.15385
0 7.07692
2 5.38462
0 5.07692
0 5.69231
0 4.07692
0 3.76923
0 4.84615
7 4.23077
2 5.30769
3 4.76923
0 3.38462
1 3.15385
0 3.30769
2 4.61538
120 3.53846
3 4
3 3.15385
2 6.23077
1 3.92308
7 4.30769
1 3.84615
1 3.53846
0 6.76923
4 4.15385
0 4.30769
1 5
0 5.61538
0 6.07692
223 2.92308
3 5.23077
7 4.30769
252 2.84615
0 6.07692
0 4.38462
159 3.07692
0 5.92308
117 4
1 7.30769
0 5
0 3.76923
0 4.23077
0 4.92308
0 3.61538
61 3.76923
0 5.76923
0 3.69231
151 3.76923
2 5.23077
2 4.92308
0 6.69231
0 3.84615
3 3.61538
0 4.38462
0 6.69231
0 4.30769
0 4.30769
2 4.76923
1 4.61538
0 4
4 5.07692
0 5.46154
2 3.76923
7 4.38462
103 2.30769
2 3.53846
4 5.15385
0 5.76923
0 3.84615
124 3.38462
0 4.46154
0 6.69231
0 3.84615
5 3.69231
0 4.61538
4 4.92308
1 8
9 3
0 4
1 3
0 4.23077
1 6.23077
0 6.38462
1 4.76923
4 4.92308
0 3.38462
1 4.84615
4 4.92308
2 2.92308
1 3.84615
38 3.92308
4 4.15385
0 5.92308
1 5.53846
1 3.76923
0 4.61538
2 5.92308
0 6.07692
0 4.07692
3 3.69231
1 5.53846
2 3.23077
2 4.69231
6 3.46154
0 3.76923
0 4.92308
1 5.07692
2 5.23077
1 5.07692
2 6.07692
1 3.69231
0 5
3 3.69231
3 4.38462
42 3.15385
201 2.30769
6 3.38462
4 4.92308
8 4.46154
4 4.76923
1 4.53846
7 4.30769
3 4.76923
12 4
0 3.92308
0 3.69231
2 5
0 4.92308
11 4.15385
1 5.84615
5 5.30769
2 5.23077
15 3.69231
2 4.15385
3 4.61538
8 4.38462
0 4.69231
0 4.69231
9 3.30769
2 3.61538
0 3.84615
1 4
1 4.38462
2 4.76923
2 8.30769
1 6.38462
2 5.84615
8 4.38462
0 4.15385
0 4.15385
0 7.07692
9 4.46154
1 4.92308
0 3.84615
1 5.23077
4 4.07692
0 4.30769
0 4.46154
0 4.30769
0 3.61538
0 6
4 3.61538
0 6.53846
1 4.92308
0 4
0 7.76923
0 5.76923
0 4.46154
6 4
0 6.23077
3 4.23077
196 3.30769
0 4
4 3.61538
0 5.76923
0 4.15385
4 3.92308
0 4.30769
2 3.69231
216 2.84615
0 4.23077
1 3.46154
0 4.30769
7 4.30769
2 4.15385
2 5.30769
0 4.38462
1 4.30769
0 4.69231
1 5.07692
0 4.53846
3 5.30769
0 5.23077
1 5.30769
0 3.61538
4 4.84615
7 4
0 4.30769
0 4.38462
0 3.15385
1 4.23077
0 7.07692
2 3.92308
0 5.30769
0 4.53846
0 4.23077
1 5
0 5
0 3.61538
1 4.30769
0 3.69231
0 5.30769
0 4.92308
0 6.30769
0 6.23077
3 4.38462
0 5.92308
0 4
128 3.38462
2 4.38462
0 5.84615
0 4.61538
4 3
2 4.76923
1 4.07692
0 4.30769
0 5.30769
0 3.92308
14 6.23077
2 4.84615
0 4.69231
0 4.53846
4 3.84615
0 5.30769
9 3.38462
0 6.30769
6 4.30769
6 3.23077
6 3.30769
0 5.38462
0 7.76923
1 3.76923
0 5.30769
7 3.84615
1 6.38462
5 4
3 4.53846
1 3.15385
0 3.69231
0 4
0 5
0 4.76923
1 4.46154
0 5.38462
0 5.23077
6 4.23077
153 3.23077
4 7.30769
1 4.15385
1 4.61538
5 4.53846
0 5.38462
4 4.76923
1 4
10 4.69231
0 4.61538
0 4.76923
0 5.30769
0 4.84615
0 3.46154
0 4.30769
0 4.53846
1 4.92308
0 5.46154
1 5.53846
2 4.76923
139 2.69231
0 3.46154
286 2.92308
0 5.07692
0 5.61538
0 4.38462
1 3.92308
0 5.23077
0 3.23077
5 4.61538
1 4.76923
2 5.76923
1 5.53846
0 3.92308
22 6.23077
2 5.84615
155 4.53846
7 4.69231
82 4.84615
3 3.38462
0 3.92308
25 3.23077
0 3.61538
2 3.76923
26 4.30769
220 3.46154
0 5
0 7.15385
0 3.76923
45 3.61538
3 5.07692
2 3.92308
2 5
0 4.69231
0 5.76923
2 5.38462
0 8.46154
6 4.46154
0 3.38462
0 4.30769
1 6.30769
0 4.92308
0 6.07692
0 5.30769
1 5.92308
67 3.38462
11 3.76923
0 4
1 4.53846
0 4.46154
26 4.53846
2 3.53846
0 4
6 3.92308
0 4.38462
0 3.69231
0 5.15385
0 6.30769
0 4
0 3.84615
4 4.61538
1 5.15385
11 4.76923
6 5.46154
10 4.07692
4 3.69231
16 4.76923
2 4.30769
0 5.76923
0 6.15385
0 5
1 5.38462
0 4.07692
23 2.92308
4 4.53846
0 6.38462
0 3.69231
0 5.76923
10 5.61538
0 4.76923
0 3.84615
46 4.07692
0 4.69231
6 3.30769
0 3.61538
0 3.38462
1 5
0 4.84615
0 4.92308
0 4.38462
0 3.53846
2 3.07692
9 6.23077
0 7.76923
174 3.61538
0 2.92308
3 3.92308
1 4.15385
0 3.69231
5 3.69231
0 4.30769
199 2.61538
3 4.61538
0 4.23077
6 3.92308
3 5.07692
0 3.92308
0 6.38462
0 7
0 4.84615
10 3.53846
1 3.76923
5 4.76923
0 4.92308
55 3.46154
246 3.69231
3 6.46154
2 5.23077
40 3.53846
2 3.76923
1 5.84615
0 3.69231
40 3.23077
0 5.23077
5 4.53846
2 4.38462
7 3.92308
39 3.38462
237 2.76923
1 3.61538
2 5
2 4.92308
0 4.76923
0 3.84615
1 5.69231
4 4.38462
1 4.23077
0 4.76923
0 3.84615
0 3.53846
3 4.30769
1 5.23077
8 4
10 4.53846
1 6.38462
4 3.53846
7 3.53846
9 3.61538
15 4
0 4.53846
1 6.38462
0 4.84615
0 5.23077
169 5.15385
1 3.15385
4 3.84615
110 3.38462
0 4.30769
2 4.84615
0 4.61538
30 5.61538
0 4.84615
1 5.23077
0 6.23077
0 6.23077
0 6.76923
0 5.07692
0 4.15385
48 4.15385
0 5.30769
22 5.61538
0 4.07692
0 4.07692
203 2
179 3.07692
0 3.30769
0 4.84615
167 3
0 3.46154
0 4.15385
6 4.38462
0 5
3 4.07692
2 6.76923
3 5.76923
0 4.38462
0 6.84615
3 4.30769
9 4.76923
0 5.30769
0 4.23077
10 3.92308
2 5.07692
5 4.53846
0 4.23077
2 5.15385
1 5.61538
1 4
4 4.46154
0 4.92308
0 4.07692
2 3.69231
2 4
0 3.53846
7 3.15385
102 4.30769
2 5.38462
271 3.15385
132 3.46154
9 4.07692
0 5.30769
0 7
1 4.07692
1 3.30769
3 5.92308
0 4.61538
0 4.30769
272 3
1 5.30769
8 4
8 3.92308
0 6.30769
0 4.92308
53 3.69231
0 5.38462
2 4.84615
0 3.84615
4 4.15385
3 4.07692
1 4.23077
1 3.92308
0 3.92308
4 4.23077
2 3.92308
0 5.07692
1 3.53846
15 3.69231
1 5.23077
1 4.76923
3 3
1 4.38462
5 4
4 3.23077
140 3.76923
1 4.30769
0 6.07692
0 5.69231
33 5.61538
4 4.15385
0 6.15385
0 5.46154
2 4.46154
267 2.69231
2 4.53846
4 4.07692
1 6
1 5.30769
0 4.84615
1 5.30769
0 5.23077
3 5.07692
5 4.69231
1 3.53846
0 6.23077
0 3.53846
12 3.15385
1 4.61538
2 4.30769
0 4.69231
0 5.15385
2 4
25 5.61538
1 6.07692
0 4.30769
0 4.15385
9 5
0 5.46154
1 3.53846
98 3.92308
2 4.46154
8 2.92308
2 4.38462
7 4.23077
214 1.69231
2 4.76923
0 4.76923
0 5
0 5.61538
14 3.30769
4 4.30769
16 3.30769
0 4.07692
7 4.46154
0 3.61538
1 5.53846
1 4.53846
0 3.69231
0 5.07692
0 5.07692
254 3.53846
0 5.61538
0 5.30769
6 2.76923
0 5.69231
0 4.76923
1 5.38462
1 6.84615
6 3.07692
0 4.07692
1 2.76923
0 6.38462
0 4.53846
4 4.30769
2 5.46154
43 3.84615
0 4.53846
5 4.15385
6 5
1 5
0 4.76923
7 4.38462
2 4.30769
4 6.07692
0 4.84615
236 3.76923
0 5
28 4.30769
4 3.15385
0 4.30769
281 3.30769
8 6.23077
0 6.46154
1 3.53846
144 4.15385
0 5.84615
1 5.30769
1 4.30769
4 3.23077
1 4.69231
0 5.76923
3 5.46154
5 5.38462
227 3.46154
2 4.07692
1 4.38462
119 3.38462
3 2.53846
1 3.69231
0 5.76923
2 5.92308
4 5.53846
0 3.92308
2 4.07692
0 4.92308
0 4.07692
26 2.92308
5 4.69231
7 4.69231
0 7.84615
22 4.30769
10 3.84615
4 4.23077
1 4.92308
218 3.76923
2 4.61538
0 5
1 4.15385
1 4.07692
6 4.07692
3 5
27 5.61538
0 6.53846
1 3.23077
2 5.46154
0 6.92308
1 5.38462
1 4
1 5.30769
2 4.38462
0 4.84615
7 6.23077
0 4.30769
19 3.69231
0 4.84615
6 6.23077
0 5.53846
0 4.15385
0 4.46154
1 5.46154
1 5
1 5.92308
0 5.23077
0 5.23077
1 5
0 4.23077
0 4.76923
0 4.07692
1 4.84615
6 3.38462
280 3.69231
5 4.61538
1 6.76923
0 5.84615
0 3.69231
0 5.07692
0 4.15385
3 5
195 4.84615
0 3.92308
4 3.38462
0 3.84615
2 3.69231
1 4.07692
2 4.15385
0 4.15385
0 4.23077
1 4.61538
4 5.38462
1 4.07692
1 5.61538
6 4.92308
0 4.69231
1 4.76923
0 4.07692
6 4.23077
1 4.46154
0 3.84615
0 3.76923
4 6.46154
3 5.07692
1 3.69231
0 4.84615
0 3.76923
0 5.15385
2 3.69231
175 4.30769
7 4.61538
69 4.38462
0 5
0 4.46154
4 5.76923
2 6.23077
1 4.53846
0 6.53846
2 4.30769
1 3.53846
187 2.92308
2 4.46154
10 5
2 6.38462
5 4.53846
6 3.38462
2 3.84615
0 4.53846
0 5.84615
0 4.76923
0 3.76923
1 3.07692
6 4.30769
1 4.69231
0 7.23077
0 4.46154
0 4.15385
0 6.15385
0 3.69231
4 3.30769
0 4.84615
1 4.38462
0 4.84615
0 5
0 5
0 4.15385
1 4.76923
2 6.07692
4 4.76923
0 3.84615
1 5.61538
17 5
13 5
0 5.61538
1 4.61538
0 3.23077
3 4.38462
0 6.30769
17 3.76923
0 4.30769
2 4.69231
79 4.23077
0 6.61538
7 5
13 3.69231
1 4.53846
1 4.30769
2 4.30769
91 3.15385
1 4.30769
5 3.46154
0 5.69231
2 4.15385
1 5.38462
0 5.23077
0 6
1 5
0 5.07692
0 6.15385
0 3.69231
0 4.30769
6 3.07692
10 4.30769
2 4.30769
0 4.92308
3 4.69231
0 5.38462
1 5.15385
0 5.38462
2 5
5 3.53846
0 5.23077
0 5
1 4.23077
0 3.69231
0 5.53846
0 5.23077
0 4.53846
4 5.30769
17 6.23077
7 3.92308
1 4
0 5.07692
3 5.07692
4 3.23077
3 4.69231
3 2.69231
3 4.07692
1 3.61538
0 5.69231
125 3.15385
0 4.53846
1 5.61538
1 5.46154
0 4.61538
3 3.84615
0 4.46154
0 4.61538
0 5.92308
6 2.61538
1 5.38462
2 4.38462
0 5.15385
1 3.61538
2 7
2 4.23077
1 3.30769
0 4.61538
3 4.69231
49 2.53846
3 4.84615
0 6
2 3.69231
9 4.07692
2 4.38462
1 4.92308
10 3.46154
0 5.23077
0 4.46154
0 6
0 6.07692
0 5.92308
10 4.69231
0 5.23077
0 4.30769
1 4.69231
134 3.53846
0 3.69231
0 4.69231
3 4.69231
0 4.23077
3 4.92308
0 4.07692
0 4.92308
2 4.69231
6 2.76923
5 4.30769
1 4.53846
0 4.61538
0 3.61538
0 5.46154
0 5.23077
1 5.76923
2 3.46154
0 7.61538
0 3.84615
7 4.69231
10 3.76923
5 4.07692
242 3.30769
0 3.69231
211 3.30769
5 6.07692
7 5.30769
3 5.23077
7 4.07692
1 4.84615
0 4.15385
5 4.38462
1 6.38462
0 4.53846
0 5.46154
3 3.92308
1 8.61538
2 3.76923
3 6.76923
0 3.15385
1 5.30769
0 7.15385
2 4.61538
5 5.23077
0 5.23077
0 5.23077
0 5.61538
3 6.23077
1 5.23077
2 3.84615
1 5.23077
4 4.30769
0 4.15385
1 5.38462
3 5.30769
11 4.69231
24 3.23077
2 5.69231
1 3.92308
0 5.46154
0 3.92308
1 6.38462
5 4.07692
0 4
1 4.15385
0 4.23077
27 4.30769
2 4.76923
8 3.46154
0 4.23077
0 4.53846
38 3.46154
0 4.15385
1 3.53846
3 5.53846
0 7.07692
1 5.15385
1 3.38462
0 3.46154
1 4
0 4.30769
12 4.69231
6 2.92308
0 4.61538
0 4.69231
2 4.53846
0 5.15385
0 4.92308
2 4.30769
0 4.84615
1 5.61538
2 4.23077
0 4.46154
0 4.38462
2 4.30769
0 3.46154
0 6
0 5.84615
0 5.92308
3 3.61538
0 4.92308
1 4.30769
2 5.84615
1 6.30769
0 5
1 5.61538
1 4.46154
1 4.23077
0 3.38462
0 4.69231
2 4.15385
11 5.15385
0 5.30769
0 4.15385
0 6.23077
1 4.07692
1 4.30769
1 4.53846
5 4.46154
4 4.07692
2 4.92308
1 4.84615
1 5.07692
0 6.53846
0 6.07692
0 4.07692
0 3.38462
0 5.15385
0 3.84615
0 5.46154
0 4.53846
36 3.92308
4 4.69231
209 2.69231
3 4.92308
3 5.84615
0 5.15385
0 4.61538
1 4.69231
1 5.15385
4 5.15385
30 3.46154
1 5.30769
198 4.30769
4 4.30769
1 4.23077
5 3.07692
1 5
0 5.30769
113 4.30769
1 6.84615
7 4.46154
0 4.53846
0 4.69231
0 7.84615
1 5.38462
1 6.23077
0 4.92308
1 5.92308
0 4
5 4.76923
0 4
1 4.69231
4 5
2 3.69231
0 6.07692
0 5.92308
0 4.30769
0 5.92308
1 6.38462
64 4.61538
0 3.61538
0 4.38462
0 4.30769
0 3.69231
0 4.38462
0 4.38462
2 5.46154
3 4.92308
86 3.23077
1 3.76923
42 3.61538
0 4.61538
1 3.61538
1 6.76923
0 4.61538
6 3.92308
0 4.76923
0 4.07692
0 4.07692
0 4.30769
7 3.07692
0 3.61538
1 4.76923
0 4.38462
0 4.69231
0 5.07692
3 3.84615
0 4.15385
0 4.07692
0 6
0 4.23077
1 6.07692
0 4.15385
1 3.84615
0 4.76923
0 5.61538
9 2.84615
0 3.15385
0 4.07692
0 4.53846
0 4.84615
0 6.38462
0 5.38462
8 3.15385
145 3
1 3.92308
12 4.15385
0 4.46154
0 4.92308
0 5.15385
0 4.69231
0 5.61538
0 4.46154
0 4.69231
2 5.92308
75 3.38462
5 4.53846
0 4.76923
249 3.07692
1 5.30769
2 4.15385
0 5
0 4.76923
0 3.46154
2 5.46154
1 3.84615
7 4.84615
1 6
5 3.38462
2 4.38462
1 3.53846
3 5.38462
44 4.15385
0 5.23077
0 4.92308
0 4.69231
6 5
0 6.61538
0 4.30769
0 5
0 4.76923
0 4.76923
0 4.76923
0 4.84615
31 5.61538
0 3
3 4
165 3.23077
283 3.23077
4 4.38462
1 4.38462
8 4.61538
1 4.69231
0 4.76923
3 3.30769
84 3.61538
0 4.23077
9 4.84615
4 4
0 4
0 6
2 4.76923
15 4.46154
1 4.07692
0 6.92308
4 4.84615
2 3
0 4.38462
0 4.69231
1 3.76923
1 4.69231
19 4.30769
0 4.23077
1 4.69231
0 5.92308
4 5.61538
0 4.07692
21 5.61538
5 5.61538
0 4.07692
0 5.15385
0 4.15385
1 4.23077
0 7.76923
0 4
0 5.76923
1 4.38462
0 5.53846
1 4.38462
58 4.07692
1 4.30769
0 5.76923
1 5
28 4
0 6.61538
1 5.61538
0 3.61538
12 3.30769
0 5.07692
1 6.15385
0 3.84615
1 4.46154
0 5.61538
0 3
2 4.92308
1 3
1 2.76923
0 4.69231
4 3.92308
0 6.84615
0 4.92308
1 4.69231
0 4.07692
0 5
9 4.38462
1 5.38462
20 5.61538
0 3.30769
1 3.92308
2 4.92308
4 4
0 5
0 3.61538
1 4.76923
11 3.53846
0 4.84615
2 3.53846
1 6.38462
0 5.23077
12 3.61538
0 4.76923
1 6.30769
12 4.46154
0 4.92308
1 5.07692
0 4.84615
3 3.61538
9 4.69231
0 4.76923
149 3.23077
2 5.69231
8 4.46154
1 5.38462
0 4.46154
0 4.38462
1 3.61538
0 5.23077
1 3.84615
0 4.46154
0 3.76923
0 3.53846
5 3.69231
0 4.84615
2 4.53846
0 5.92308
1 5.23077
229 3.69231
2 5.07692
1 4.30769
6 4.92308
1 3.92308
3 4.46154
13 4.30769
0 4
0 4
0 4.69231
0 3.46154
0 4.92308
0 4.84615
0 3.30769
5 3.69231
72 3.46154
0 5.84615
1 4.30769
0 5.69231
1 5.69231
0 4
3 4.07692
2 4.38462
2 6.07692
2 5.07692
41 3.92308
4 3.69231
0 4.53846
0 5.23077
35 3.46154
0 7.84615
1 5.15385
2 4.30769
0 3.76923
0 8.23077
1 4.30769
18 5
2 4.38462
0 5.38462
0 4.76923
7 4.23077
1 3.84615
23 5.61538
0 4.30769
0 4.46154
33 3.76923
0 5.84615
0 3.46154
244 2.61538
2 4.38462
0 4.69231
1 2.84615
17 3.15385
1 3.38462
0 5.61538
0 4.07692
147 3.30769
6 3.92308
0 3.46154
0 5.07692
1 7.07692
0 5.30769
3 4.53846
0 4.30769
0 5.61538
5 4.38462
0 5.92308
1 4.15385
2 4.30769
0 4.92308
0 5
1 3.69231
0 3.69231
1 4.15385
0 4.69231
7 3.53846
0 3.69231
0 4.30769
0 5.84615
0 4.92308
3 5.07692
1 8.46154
3 4.23077
6 4.46154
0 3.84615
2 3.84615
1 3.76923
4 3.84615
0 6.30769
0 3.92308
1 5.23077
1 5.15385
222 2.92308
0 4
1 3.92308
1 4.38462
4 4.23077
0 3.76923
1 4.69231
0 4.30769
7 5.07692
0 3.61538
0 6.53846
6 3.53846
6 3.53846
1 3.61538
2 6.23077
3 5.30769
0 5.46154
32 3.76923
2 5.23077
0 4.92308
0 5.30769
0 4.76923
0 3.76923
0 6.23077
270 2.46154
0 4.15385
1 4.76923
6 5
1 4
0 5.84615
0 5.84615
17 3.30769
5 3.84615
2 3.69231
0 3.61538
0 5.84615
0 3.92308
1 5.38462
5 4.76923
5 3.69231
163 3.15385
0 4.38462
5 6.23077
2 4.46154
0 3.23077
5 5
3 3.15385
0 4.84615
0 4.76923
2 3
2 4.69231
0 7.23077
0 5.30769
0 3.23077
0 4.38462
3 3.92308
0 6.30769
11 4.84615
0 5.92308
1 3.69231
0 4.46154
0 4.61538
0 3.76923
1 5.92308
3 4
1 4.46154
0 3.69231
3 4.30769
4 4.61538
0 5.84615
1 4.23077
2 3.76923
0 4.30769
0 5.07692
1 4.30769
0 3.46154
2 4.30769
1 5.61538
1 4.07692
0 4.46154
1 5.53846
0 3.69231
0 4.84615
15 3.61538
1 4.46154
0 5.30769
0 4.23077
0 3.46154
1 3.69231
0 4.84615
2 4.15385
0 4.38462
1 4.76923
1 4.69231
0 3.92308
2 3.15385
0 3.84615
0 5.15385
1 3.69231
0 4.61538
0 3.53846
12 3.69231
0 7.61538
1 5.69231
0 5.38462
172 2.69231
2 4
1 5.53846
1 3.92308
2 4.53846
1 5.46154
18 3.23077
1 4.30769
0 5.23077
0 5.15385
0 3.92308
1 6.07692
0 5.30769
0 5.61538
1 3.76923
2 3.84615
44 3.30769
7 3.92308
0 4.61538
1 5.69231
0 4.38462
2 6.61538
0 4.46154
1 4.61538
0 6.07692
0 7.38462
0 3.07692
0 6.15385
1 4.38462
7 3.69231
1 4.15385
0 4.15385
0 3.69231
6 3.76923
1 4.15385
0 4.46154
2 5
9 4.30769
1 3.69231
0 4.30769
0 5.23077
0 6.38462
4 4.76923
2 6.84615
0 4.07692
1 4.23077
1 4.46154
0 5.61538
1 4.46154
0 4.53846
2 4.76923
0 4.46154
1 5.30769
12 5.15385
2 5.61538
0 4
1 4
0 6.84615
1 4.53846
3 4.30769
0 5.07692
1 3.61538
233 2.92308
0 5
0 5.15385
11 4.30769
6 4.07692
4 4.61538
4 5
7 5.15385
0 4.15385
1 5.53846
1 4.69231
0 6.07692
3 5.30769
0 4.23077
3 6.23077
3 3.84615
1 4.53846
0 4.53846
2 3.69231
0 4.61538
0 2.30769
0 6
6 4.46154
8 5.07692
0 4.76923
0 5.30769
1 3.76923
1 5.53846
0 5.30769
0 5.15385
0 3.69231
3 4.69231
0 4.46154
0 5
240 2.53846
12 3.76923
0 5.30769
3 4.53846
0 4.23077
1 4
1 4.46154
1 5.23077
0 5.46154
1 6.53846
1 4.84615
1 4.76923
0 3.84615
2 5.38462
18 4.30769
0 4.61538
2 4.53846
1 3.30769
4 4.38462
14 4.69231
7 3.30769
0 5.30769
2 6.07692
1 4
0 4.46154
5 4.38462
8 3.23077
2 6.38462
0 3.46154
4 4.53846
0 4.23077
0 5.23077
0 5.46154
0 4.53846
0 4.53846
2 3.61538
4 5
5 4.46154
7 4.38462
3 3.69231
0 6.92308
1 4.23077
1 4.69231
0 4.92308
0 4.15385
0 5.38462
0 6.38462
1 4.61538
1 3.53846
5 2.76923
0 4.92308
0 4.61538
5 3.30769
2 3.61538
1 3.38462
0 3.69231
1 3.76923
6 3.61538
0 5.92308
0 6
3 3.53846
1 4
0 4.07692
0 4.84615
3 5.15385
0 5.46154
1 3.61538
0 5.61538
3 3.69231
1 5.53846
0 4.30769
0 5.23077
0 5.23077
0 5.38462
1 3.76923
1 3.92308
1 6.84615
12 6.23077
0 4.69231
0 8.76923
1 5.23077
0 4.84615
0 6.30769
0 7.23077
2 4
0 5.30769
0 4.53846
1 4.30769
1 5.46154
0 4.69231
3 5.30769
0 4.92308
0 4.69231
0 4.23077
0 5.07692
0 4.61538
51 3.76923
0 4.92308
2 5
1 3.07692
0 3.69231
0 4.30769
1 3.76923
2 3.69231
0 6.07692
0 5.76923
239 3.15385
1 5.76923
0 6.84615
0 4.53846
261 2.69231
1 5.23077
0 5.23077
0 4.61538
0 5.92308
1 5.61538
0 5.30769
11 3.69231
0 4.53846
1 3.15385
0 4.07692
0 5
1 4.92308
0 5.23077
1 4.92308
0 4.92308
0 5.92308
0 4.30769
0 5.84615
2 3.30769
4 4.30769
1 6
0 5.30769
31 4.23077
9 4.30769
2 4.84615
3 3.15385
0 3.69231
0 5.07692
5 3.15385
0 4.92308
1 5.69231
0 4
13 3.30769
0 5.38462
0 3.69231
0 3.07692
0 5.30769
1 4.46154
1 4.53846
1 4.46154
1 4.38462
1 5.69231
2 4.76923
0 3.38462
0 5.76923
2 2.76923
1 4.92308
19 3
6 4.84615
0 4.61538
2 3.30769
0 5.30769
1 4.46154
4 3.69231
0 6.61538
1 5.92308
0 4.30769
2 4.53846
0 4.92308
0 5.30769
5 5.30769
1 3.69231
158 3.07692
0 5
0 4.92308
156 3.92308
0 5.15385
0 3.46154
3 3.84615
0 5.30769
1 4.30769
0 4.38462
4 4
2 3.92308
2 5.92308
0 4.92308
0 4.92308
1 6.92308
1 5.38462
0 4.38462
0 3.84615
0 5.69231
288 2.92308
0 4.53846
0 4.84615
0 3.92308
0 6
4 6.23077
0 5
0 4.76923
2 3.61538
3 5.84615
170 3.30769
95 4
0 3.92308
2 4.38462
0 8.07692
122 4.61538
2 5.61538
0 6.84615
0 4.46154
1 5.23077
0 5.61538
0 4.92308
1 4.30769
0 6.07692
0 3.69231
0 4.84615
3 4.15385
0 4
0 4.30769
0 4.53846
2 5.23077
0 4.30769
3 5.76923
1 6.84615
0 4.53846
0 4.38462
0 5.84615
2 5.61538
0 4.84615
6 4.38462
287 3.30769
3 4.30769
0 5
1 4.69231
1 6.23077
0 4.76923
0 3.30769
0 4.07692
2 3.61538
0 4.38462
2 3.76923
0 5.53846
0 4.30769
37 3.07692
3 5.92308
0 4
3 5.38462
3 6
0 4.38462
5 5.07692
185 3.38462
0 5.76923
3 4.76923
0 4.84615
2 7.76923
2 5
0 4.69231
0 5.07692
208 3.30769
2 3.92308
0 3.61538
27 3
1 3
0 4.23077
0 6.46154
0 4.61538
0 5.69231
0 5.30769
3 5
0 5
2 5.53846
0 4.23077
0 5.53846
1 3.61538
0 4.07692
0 5.76923
0 3.38462
0 6.30769
0 5.46154
0 6.23077
2 4.30769
1 6.23077
0 4.07692
0 6
2 6.07692
5 4.46154
0 4.15385
0 4.15385
1 5.23077
1 4.53846
6 4.38462
7 3.07692
0 4
0 4.15385
0 7.23077
0 6.15385
3 5.23077
0 3.76923
1 7.76923
1 6.30769
0 3
0 3.61538
1 3.38462
0 4.46154
1 5.76923
1 5.15385
1 4
0 4
6 3
0 5.53846
5 3.61538
0 4.38462
0 3.23077
0 5.92308
0 5.61538
1 4.38462
4 3.53846
0 5.38462
0 3.46154
3 5.15385
1 6.38462
0 4.84615
1 5.30769
0 5.84615
0 4.69231
3 4.76923
2 6.23077
3 4.23077
0 4.46154
1 4.38462
15 3.30769
2 4.69231
4 5.30769
2 3.46154
3 3.69231
1 4.46154
0 3.69231
107 3.46154
3 6.30769
0 5.53846
0 3.76923
0 3.84615
0 4.69231
3 4.23077
0 4.76923
136 4.23077
9 4
0 4.53846
1 6.07692
6 4.53846
0 5.38462
1 5.30769
0 5.38462
8 5.07692
109 4
0 6.38462
2 5.69231
92 3.23077
0 6.53846
3 4.23077
0 5.15385
1 4.69231
0 6.15385
70 4
0 4.38462
3 5.92308
1 4.69231
4 4.38462
1 8.30769
97 3.92308
1 3.92308
0 4.46154
217 2.30769
7 3.46154
2 4
0 4
0 8.84615
2 3.76923
2 6.23077
2 5.15385
0 4.15385
3 4.69231
1 5.46154
1 5.07692
8 4.07692
0 6.38462
0 5.07692
0 4.30769
0 7
105 3.69231
1 3.84615
2 4
0 5
1 3.69231
0 5.76923
0 5.30769
1 5.69231
2 5.23077
1 4.69231
3 4
7 5.61538
99 3.07692
6 2.76923
0 4.69231
0 3.76923
0 3.84615
1 5.61538
1 3.61538
0 4.76923
0 4.69231
0 6.30769
3 3
0 5.46154
0 6.92308
3 3.46154
1 3.92308
15 3.69231
7 3.46154
0 6.23077
0 4
0 4.69231
255 3.07692
1 4.61538
0 5.38462
0 4.76923
0 5.38462
0 3.69231
2 4.23077
0 6.07692
0 4.15385
2 4.15385
0 3.15385
1 3.23077
0 5.15385
3 4.61538
0 4.38462
80 4.61538
10 3.76923
0 3.76923
0 4.46154
127 2.84615
0 4.69231
5 3.92308
1 5.23077
184 2.84615
0 4.23077
18 3.61538
0 4.53846
0 4.23077
1 4.38462
0 4.84615
2 5.92308
0 4.69231
0 4
2 2.61538
0 7.38462
285 2.92308
1 4.92308
0 4.23077
1 4.15385
0 4.69231
0 4.30769
1 4.23077
0 3.92308
0 5.84615
0 5.46154
0 3.84615
0 4.15385
14 3.69231
0 5.53846
0 5.38462
0 5.53846
6 2.46154
0 4.30769
0 4.76923
0 4.69231
4 3.46154
1 2.92308
7 3.69231
0 3.46154
11 4.46154
4 3.69231
1 5.46154
0 4
8 4.76923
3 4.15385
1 5.53846
0 5.46154
0 3.76923
1 3.61538
1 4.76923
0 4.38462
0 4.69231
3 4.38462
141 4
5 4.92308
20 3.23077
0 6.61538
1 4.30769
0 5.15385
0 3.76923
0 3.30769
3 5.61538
9 5.07692
96 3.53846
0 5.07692
193 3.46154
3 4.46154
0 5.46154
0 6.38462
0 6.23077
0 3.92308
1 3.92308
0 4.07692
0 4.30769
0 5.07692
263 2.76923
11 4.07692
0 4.92308
0 5.23077
3 5.61538
0 4.61538
1 6.07692
0 4.30769
0 4.92308
0 4.38462
2 2.92308
3 4
9 3.76923
215 3.76923
0 5.07692
0 3.61538
0 5.61538
0 4
0 5.76923
0 4
6 4
0 3.53846
6 5.30769
0 4.38462
9 2.84615
3 4.38462
2 3.69231
0 7.30769
0 6.07692
1 3.84615
0 4.53846
0 4.46154
2 4.15385
0 6.46154
1 5
3 3.76923
0 5.15385
1 4.46154
0 5.30769
0 6
0 5.38462
43 2.92308
2 4
0 3.46154
0 3.76923
0 5.07692
0 4.61538
0 5.23077
0 5.23077
5 5.46154
71 2.53846
0 3.84615
2 3.61538
1 4.92308
6 3.61538
256 2.69231
0 4
0 4.23077
0 3
1 6.23077
100 3.38462
0 4.23077
0 4.15385
3 4.38462
0 6.23077
0 5.61538
0 4.30769
2 4.61538
4 4.46154
93 3.76923
219 3.38462
0 5.76923
1 2.69231
0 7.84615
1 7.84615
1 4.07692
0 6.53846
1 5.84615
0 3.46154
0 3.53846
6 5
6 4.76923
1 7.23077
1 6.61538
2 4.92308
3 4.15385
1 4
0 3.92308
1 4.53846
2 3.69231
2 4
14 3.76923
0 5.92308
4 3.23077
0 4.53846
2 3.61538
1 3.69231
238 3.76923
0 6.07692
0 4.15385
0 5
0 4.84615
0 3.76923
3 2.92308
118 2.30769
0 3.69231
0 7.23077
3 5.23077
0 5.84615
5 5.07692
8 4
0 4.69231
0 6.69231
1 3.84615
3 4.61538
173 2.23077
6 4.61538
0 5.23077
0 3.84615
3 3.69231
0 3.69231
3 4.30769
0 4.69231
0 5.92308
3 3.92308
0 4.53846
0 5.30769
85 3
0 8
0 8.76923
114 3.30769
0 3.92308
1 5.92308
0 4.69231
7 3.84615
5 3.23077
4 3.84615
1 5
0 6.84615
0 4.23077
5 4.15385
0 6.30769
3 4.76923
5 3.61538
1 5.23077
7 5
0 3.53846
3 3.15385
0 4.46154
0 4.15385
1 5.92308
7 4.76923
1 5.92308
0 4.92308
18 2.69231
0 3.92308
0 4.61538
0 3.46154
0 5.46154
47 3.61538
0 4.15385
3 3.23077
0 3.53846
0 4.38462
2 3.61538
0 7.23077
4 4
4 3.46154
0 3.53846
0 5
1 4.46154
226 3.69231
0 4.46154
4 4.61538
1 4.15385
1 3.07692
0 5.30769
0 3.84615
0 5
0 5.15385
4 3.38462
0 5.07692
0 4.38462
0 4.30769
0 4.61538
0 3.84615
0 3.61538
0 4.30769
2 5.30769
3 2.92308
0 5
0 5
1 5
0 4.53846
2 5
3 5.23077
0 4.38462
0 4.76923
4 3.46154
0 3.61538
0 4.84615
204 3.30769
6 5.07692
0 3.61538
50 4.46154
0 4.38462
3 4
0 6
221 3.07692
0 4
3 4.15385
1 4.84615
2 4.61538
3 4.23077
4 4.38462
0 4
1 4
0 4.30769
1 4.76923
0 4.84615
0 6.76923
16 5.61538
1 3.38462
0 4.23077
2 5.61538
15 4.84615
0 6.69231
0 4.61538
1 4.38462
1 5
224 2.84615
2 3.46154
1 4.30769
0 4.46154
0 4.46154
0 4.07692
0 4
0 3.92308
0 5.30769
0 5.07692
0 5
2 3.84615
6 5.61538
2 5
0 5
0 3.76923
207 3.38462
3 4.76923
5 4.76923
2 5.07692
0 6.61538
8 5.15385
269 4.46154
0 5.23077
0 5.92308
0 3.46154
0 4.38462
142 3.46154
1 3.84615
2 5.53846
13 5.38462
8 3.38462
8 5
183 4.61538
5 3.84615
3 4.23077
4 3.69231
1 3.92308
0 5.15385
1 4.92308
4 5.38462
2 3.69231
19 2.23077
7 3.76923
2 3.69231
0 4.38462
0 4.15385
1 4.30769
275 3.30769
0 4.23077
2 5.07692
5 5.76923
56 3.46154
200 4
3 5.92308
3 4.46154
2 3.46154
0 4.76923
0 4.84615
1 4.76923
0 5.30769
150 3
8 4.92308
2 7
0 4.61538
1 4.46154
2 2.84615
5 4.69231
1 6.23077
0 4.23077
0 5.38462
0 4.69231
1 5.15385
0 4.69231
0 3.23077
1 3.53846
0 3.15385
1 5.38462
7 4.38462
0 5.15385
0 5
0 4.92308
0 5
1 3.69231
5 3.46154
0 4.76923
0 3.15385
3 4.61538
2 3
0 7.84615
0 7.07692
0 4.84615
2 4.76923
0 3.61538
0 6.15385
0 4.53846
0 4.92308
0 5
4 4.07692
0 3.84615
166 3
0 4.07692
129 3.15385
7 4.76923
4 4.30769
2 2.61538
0 3.30769
0 4.84615
21 3
1 3.76923
0 3.53846
0 4.76923
11 3.53846
0 3.61538
1 3
0 4.46154
0 8.30769
10 2.92308
1 3.23077
0 4.53846
2 3.30769
0 3.07692
3 4
1 4.30769
0 5.30769
0 4.69231
0 5.23077
4 3.46154
0 4.15385
0 5.61538
2 4.46154
1 3.07692
1 5.30769
0 4.61538
65 3.84615
1 5.30769
0 3.92308
1 8.76923
1 5.46154
4 4.92308
0 4.38462
1 5
0 5
2 4
2 3.84615
1 3.61538
5 4.23077
0 6.30769
0 3.69231
2 4.76923
4 3.69231
0 4.07692
0 5
0 4.84615
0 5.61538
1 7.07692
0 3.30769
3 4.61538
0 5
0 4.92308
0 7.30769
0 7.84615
2 4.07692
1 6
1 4.84615
0 5.46154
1 6
0 4.46154
0 5.07692
0 4.23077
137 3.15385
0 4.38462
0 5.92308
0 5.76923
0 5.92308
3 4.92308
276 2.92308
36 4
2 5.23077
0 5.92308
0 4.92308
0 5.07692
1 6.92308
2 3.92308
0 6
0 4.61538
0 6.92308
1 5.92308
0 6.30769
0 5.76923
0 4
1 4.53846
0 4.23077
0 4.23077
0 4.38462
1 5.69231
0 6.07692
1 6.07692
3 4.38462
3 4.30769
0 3.92308
0 5.38462
7 3.76923
0 4.84615
3 3.76923
2 4.30769
7 3.38462
1 3.61538
1 4.38462
3 4.30769
2 3.30769
0 4.30769
0 5.23077
0 5
1 4.38462
1 3.30769
0 2.84615
57 3.53846
10 5.07692
3 5.30769
0 4.92308
1 4.61538
0 5.61538
1 5
0 3.92308
154 4.15385
1 5.61538
0 6.61538
0 4.30769
1 3.92308
3 6
1 5.15385
4 4.61538
1 4.46154
2 5.30769
3 3.61538
0 3.92308
27 4.07692
1 7
0 4.46154
0 3.92308
1 3.84615
1 4.38462
0 5.07692
1 5.92308
0 3.07692
0 5.15385
0 4
2 4.76923
1 4
1 3.92308
1 3.30769
3 4.61538
0 4.30769
1 5
