346 1.81863
150 1.96732
0 2.45588
8 2.28922
6 1.92974
0 2.12255
0 2.68627
1 2.14379
0 2.61111
51 2.19608
0 2.62745
263 1.91667
116 2.06209
78 2.11765
313 1.88235
3 2.48039
246 1.89379
0 2.89052
3 2.08007
123 1.96078
1 2.4232
2 2.54902
1 3.28922
288 1.96569
97 2.03922
218 1.94935
3 2.19935
2 2.33987
135 1.97549
302 1.89706
0 2.62908
1 2.2598
0 2.88235
271 1.92157
2 2.72712
6 2.13235
174 1.97059
0 2.79085
1 2.14706
284 1.89869
229 1.98203
37 2.25
107 2.03758
0 2.23203
4 2.01471
17 2.1732
2 2.06046
7 2.53758
3 2.4085
3 2.01797
2 2.06536
42 2.22712
0 2.38072
285 1.90359
166 2.03922
3 1.96895
130 2.06863
138 2.08987
71 2.18301
267 1.91503
6 2.06536
345 1.80719
0 2
0 2.3268
0 2.55392
0 2.77614
310 1.91503
163 2.06373
0 2.09804
63 2.0768
0 2.43301
0 3.05392
0 2.23366
244 1.96569
353 1.79085
115 2.0768
3 2.53105
215 1.96405
294 1.89052
219 1.96405
1 2.28431
364 1.77614
5 2.11601
0 2.74673
2 2.06863
59 2.08987
373 1.68301
0 2.21895
0 2.73366
134 1.97222
0 2.89379
151 1.96242
228 1.96078
7 2.42647
0 2.51797
0 3.28268
0 2.95098
236 1.96405
4 2.44935
4 1.98039
1 2.72876
4 2.13072
6 2.21895
1 2.56046
0 2.38562
8 2.22059
0 3.08497
0 2.22876
22 1.96569
25 1.89216
2 2.19444
358 1.78595
102 2.05392
127 2.11765
34 2.10131
265 1.99837
0 3.22712
0 2.23529
0 2.88399
2 2.52451
1 2.20098
67 2.03431
238 1.95915
27 2.46569
1 2.4281
105 1.95425
9 2.01634
338 1.86601
169 1.95098
0 2.54902
0 2.30556
50 2.05229
1 2.28431
2 2.15686
0 2.33007
0 2.13072
0 2.03431
300 1.91176
0 2.55392
165 2.07843
334 1.85131
280 1.9183
2 2.09804
185 2
1 2.4281
347 1.80229
349 1.78922
13 2.04902
255 1.96895
278 1.89379
197 1.96242
0 2.37908
299 1.86928
0 2.95425
73 2.06536
216 1.93627
77 2.08497
0 2.78268
6 2.14216
269 1.93954
18 2.00817
192 2.00817
120 2.14379
200 1.93137
160 2.05392
0 2.49183
3 2.21732
112 2.06536
262 1.89052
148 1.96242
4 2.12908
0 2.22059
0 2.06046
9 1.98529
1 2.8366
0 3.86275
2 2.01797
0 3.03922
4 2.31536
16 2.00163
72 2.08497
337 1.84804
6 2.54575
272 1.9281
8 2.07026
70 2.18954
1 2.86275
0 2.47549
226 1.98529
248 1.93791
14 1.97549
133 2.01307
128 2.12908
4 2.05882
0 2.37745
279 1.89052
162 2.02124
0 2.8219
178 1.98693
1 2.80556
0 2.74183
39 2.05392
0 2.14379
331 1.84314
49 2.13072
3 2.49837
66 2.06046
104 2.02124
0 2.26144
7 2.01961
1 2.12092
93 2.14542
1 2.2549
5 1.96078
0 3.46569
0 2.41176
372 1.72059
75 2.11438
9 2.37908
207 1.98529
0 2.10294
173 2.03922
161 1.98856
0 2.34477
0 2.50327
88 2.13399
0 2.48529
5 2.08987
4 2.31536
4 2.04902
1 2.76797
0 2.52614
95 2.06046
2 2.19608
98 2.12908
191 1.95588
196 2.00163
181 2.06863
152 1.98039
1 2.50817
15 2.15196
147 1.94935
283 1.88072
12 2.12418
306 1.85294
326 1.84477
23 1.99837
0 2.52941
325 1.85948
0 2.14379
370 1.73366
3 2.48203
43 2.14216
0 2.08987
157 2.01634
0 2.83007
167 1.98693
0 3.55229
350 1.80556
156 1.93791
45 2.11601
184 2.01144
0 3.02778
149 1.99837
4 2.13399
0 3.56536
0 2.30392
0 2.51471
333 1.83497
277 1.90196
1 2.23693
369 1.74183
341 1.81536
242 1.90523
7 2.16667
0 2.19118
1 1.96078
2 2.13725
136 2.05392
109 1.97876
0 2.11438
2 2.37418
1 2.15523
1 2.27451
170 1.98039
0 2.39052
1 2.07026
6 2.09314
159 1.93627
254 1.89542
0 3.4281
137 2.12418
0 2.31863
0 2.98203
12 1.92484
81 2.19935
3 2.34477
113 2.00327
141 2.03431
0 3.14869
76 2.09804
321 1.86111
86 1.99673
101 2.08333
0 2.4951
24 1.98693
2 2.14869
143 2.03431
100 2.06699
2 2.69118
0 2.94118
0 2.89379
13 2.11438
1 2.12092
259 1.96405
1 2.04575
247 1.89706
0 2.80556
198 1.95425
0 2.93791
1 2.55392
2 2.08333
5 2.70425
363 1.76797
5 2.29575
20 2.06209
13 2.00327
140 1.99673
266 1.91667
35 2.22549
0 2.55229
132 2.00817
327 1.89869
0 2.62745
231 1.96569
268 1.89869
80 2.02941
0 2.0915
17 2.16176
2 2.32843
0 2.76797
2 2.06699
0 2.60294
0 2.38889
0 2.6634
175 2.00163
10 2.16013
5 2.24346
360 1.78268
0 2.3219
3 2.2402
0 2.44771
0 2.23693
0 3.00817
305 1.87745
30 2.51471
0 3.12582
145 1.97222
64 2.12745
87 1.99346
144 2.09967
19 2.08497
32 2.22059
1 2.86275
3 2.02288
0 2.72059
357 1.80882
0 2.38399
308 1.91503
10 1.99183
359 1.77778
190 2.04575
0 2.16176
0 2.26471
214 1.94281
0 2.45588
281 1.89216
142 2.05065
36 2.20915
0 2.28105
1 2.55229
0 2.67484
206 1.98039
289 1.9134
2 2.21242
1 2.22222
124 2.04902
0 3.08987
125 1.98693
117 2.01307
0 2.56863
0 2.55882
4 2.37582
314 1.86438
0 3.86275
0 3.20261
0 2.51634
194 2.01961
0 2.23856
89 2.02288
2 2.13399
0 2.09967
10 2.21569
0 2.85948
1 2.52941
1 2.22549
241 1.94444
1 2.51144
320 1.86275
146 2.10621
0 2.16667
223 1.97222
1 2.10948
348 1.80392
291 1.9134
8 2.11275
108 2.05719
354 1.82353
11 1.98693
0 2.64869
6 2.16667
0 2.67157
256 1.95098
2 2.24346
243 1.9232
111 2.04412
187 1.97386
172 1.98856
5 2.23203
295 1.91667
1 2.05229
28 2.57843
222 1.94118
0 2.41176
119 1.97549
209 1.91503
309 1.86438
171 1.92974
139 2.03268
16 2.13072
19 2.01307
0 2.21242
33 2.19935
3 2.14542
14 2.19608
343 1.83007
154 1.97222
324 1.85621
0 2.96569
69 2.04085
83 2.05882
230 1.97059
84 2.05229
0 2.40523
41 2.15196
332 1.89379
0 2.41013
274 1.88235
0 2.27124
5 2.20425
38 2.10458
176 2.00654
0 2.43137
1 2.60458
0 2.03431
193 1.93954
0 3.35458
0 2.26961
155 1.93464
303 1.88235
1 2.21078
96 2.08824
4 2.14052
351 1.81536
212 1.95261
282 1.95098
336 1.83497
46 2.13235
3 2.02941
339 1.83007
1 2.15686
5 2.18464
204 1.96405
5 2.17647
0 2.44935
29 2.27288
317 1.84967
275 1.9085
0 2.34967
62 2.13889
316 1.91667
217 1.97549
15 2.16993
0 2.80556
319 1.87908
261 1.96078
0 2.81046
0 2.59804
0 2.47549
0 2.93627
56 2.13235
1 2.23856
5 2.11438
293 1.9232
189 1.94608
0 2.84641
340 1.83007
199 1.97549
312 1.84967
5 2.06046
0 2.22876
264 1.95588
11 2.07026
47 2.07843
106 2.08987
0 2.72549
292 1.88562
182 2.01634
245 1.92647
1 3.53105
168 2.10458
1 2.09477
57 2.12582
0 2.97386
361 1.80882
0 2.90686
276 1.89379
6 2.11111
0 2.76471
205 1.94935
304 1.85784
186 2.00654
0 2.9085
5 2.10294
0 2.98529
58 2.13399
251 1.95915
2 2.88562
0 2.32353
0 2.46732
1 2.56209
6 1.93301
270 1.90686
3 2.91013
158 1.98856
0 2.80882
234 1.92157
232 1.95752
118 2.10131
131 2.03431
65 2.03105
301 1.85948
121 1.97876
114 2.01471
235 2.00817
355 1.81046
0 2.24346
2 2.12255
0 2.81209
290 1.88889
1 2.2549
3 2.63072
328 1.87255
208 1.92974
1 2.61765
1 2.46242
257 1.91667
0 2.52124
233 1.98203
1 2.15686
287 1.89379
0 2.75817
1 2.28268
0 2.86438
7 2.03105
0 3.53758
3 2.10458
14 2.28268
11 2.22549
99 1.99346
0 2.14216
318 1.89379
322 1.86275
273 1.88399
335 1.86765
6 2.12745
1 2.56536
3 2.12418
1 2
0 3.01471
68 2.05719
0 2.40523
2 2.11111
7 2.05882
3 2.05719
0 2.31373
4 2.15359
211 2.02451
1 2.60948
18 2.14706
0 2.68464
210 1.91993
0 2.26471
2 2.15686
0 2.19444
0 2.45261
4 2.02941
344 1.82353
2 2.60458
0 2.20588
2 2.1732
85 2.02124
79 2.11765
221 1.94608
1 2.43137
367 1.76144
180 2.02124
323 1.88399
365 1.76797
0 2.42484
1 2.22386
0 3.53105
342 1.80719
352 1.81209
183 1.92647
0 2.92974
0 2.06373
0 2.59314
26 1.9902
2 2.19771
366 1.76961
5 2.39706
82 2.00654
201 1.96569
7 2.01797
3 2.1683
0 2.05392
61 2.11601
110 2.10948
260 2.07026
0 2.33987
220 1.94118
44 2.05392
227 1.95588
7 2.10294
54 2.21569
315 1.87908
5 2.41993
213 1.94608
249 1.95588
48 2.01471
250 1.96078
12 2.05229
0 2.38072
0 2.72059
0 2.31373
371 1.72549
52 2.12092
240 1.95098
6 2.31863
94 2.0719
1 2.06863
356 1.79248
3 2.04739
253 1.90523
4 2.64216
0 2.31536
5 2.06046
3 2.05719
12 2.15359
3 2.13072
330 1.86275
1 2.79902
0 2.4134
0 2.14706
4 2.23366
0 2.54739
4 2.09967
0 2.33007
368 1.74673
0 2.09477
203 1.93137
2 2.33007
311 1.84967
55 2.10131
0 2.81209
297 1.86601
60 2.09477
0 2.23203
103 2.04412
0 2.25163
2 2.14379
8 1.98366
1 2.16176
0 2.35621
0 2.50163
0 2.68301
239 1.97059
31 2.28431
122 2.00654
0 3.14216
374 1.60458
8 2.37908
1 2.26144
0 2.5719
0 2.88889
10 2.18954
307 1.9183
298 1.9183
129 1.98366
237 1.98856
164 1.95588
225 1.93301
1 2.40196
90 2.06863
0 2.44444
2 2.08497
0 2.42647
224 2.04085
0 2.27941
53 2.08987
0 2.3219
296 1.90359
1 2.77124
195 2
2 2.19281
0 2.35458
362 1.76471
21 1.96895
9 2.16503
179 1.98529
2 2.46078
0 2.77288
0 2.67484
126 2.06863
0 3.0866
0 3.52941
258 1.89542
177 1.95752
4 2.12255
286 1.99673
0 2.31209
0 1.90196
0 3.4085
1 2.14869
0 2.42157
202 2.04739
0 2.13235
252 2.00654
1 2.20425
4 2.12745
188 2.02124
74 2.16667
1 2.69608
40 2.10294
153 2.02124
11 2.12582
92 2.06863
0 2.31373
329 1.88725
91 2.04575
9 2.16667
