269 0 2
527 1 2
262 1 2
566 1 2
40 1 2
300 1 2
11 0 2
19 1 2
159 1 2
633 1 2
540 1 2
693 1 2
662 0 2
94 1 2
363 1 2
92 1 2
751 1 2
743 1 2
398 1 2
204 0 2
206 1 2
410 1 2
426 1 2
428 0 2
456 1 2
474 1 2
505 1 2
24 1 2
37 0 2
9 0 3
542 3 3
597 2 3
324 3 3
172 3 3
326 1 3
181 2 3
684 1 3
712 2 3
68 3 3
402 1 3
403 2 3
121 0 3
193 2 3
237 1 3
575 4 4
608 3 4
627 6 4
337 1 4
340 2 4
7 2 4
98 5 4
109 4 4
504 3 4
370 5 4
680 6 5
134 6 5
523 3 5
67 2 5
553 4 5
579 6 5
703 4 5
350 4 5
725 7 5
741 1 5
749 6 5
327 0 5
545 5 6
734 12 6
513 6 6
387 3 6
471 15 7
547 14 7
73 16 7
661 11 7
347 12 7
349 3 7
382 10 7
3 8 7
254 10 7
87 23 8
681 16 8
686 12 8
723 23 8
374 16 8
201 14 8
55 16 8
129 19 8
594 6 8
246 12 8
414 14 8
551 23 9
108 19 9
274 12 9
548 29 9
572 20 9
573 13 9
674 25 9
359 20 9
194 19 9
441 26 9
32 29 9
492 13 9
622 12 9
51 10 9
288 30 10
135 26 10
358 32 10
388 32 10
351 40 11
761 21 11
76 32 11
299 27 11
599 45 11
635 26 11
702 48 11
222 32 11
506 43 11
673 35 12
606 39 12
104 63 12
721 32 12
292 48 12
157 43 12
648 49 12
46 22 12
727 26 12
23 48 12
215 32 12
466 36 12
233 33 12
470 52 13
397 61 13
273 61 13
546 32 13
616 53 13
663 59 13
461 39 13
464 50 13
238 22 13
496 52 13
610 52 14
690 61 14
613 72 14
311 48 14
449 37 14
430 54 15
740 91 15
577 60 15
731 96 15
66 61 15
143 83 15
729 44 15
316 93 16
22 53 16
124 76 16
569 100 16
386 77 16
178 65 16
766 79 16
112 70 16
230 101 16
231 84 16
753 115 17
711 91 17
290 76 17
329 90 18
80 81 18
509 50 18
313 88 18
564 84 18
411 93 19
240 107 19
580 138 19
568 105 19
612 119 19
696 111 19
698 101 19
212 138 20
139 97 20
91 148 20
380 159 20
475 116 20
518 99 20
17 147 21
28 155 21
405 149 21
408 101 21
122 110 21
102 140 21
125 128 22
282 185 22
356 143 22
752 146 22
33 154 23
478 145 23
588 158 23
617 195 23
637 149 23
399 216 24
417 129 24
258 237 25
757 205 25
189 213 26
303 221 26
346 226 26
115 224 26
287 213 26
179 181 26
97 325 27
185 269 27
655 255 27
217 219 27
150 252 28
277 208 28
379 251 28
209 250 28
639 288 29
529 256 29
227 279 30
488 192 31
137 233 31
628 261 31
41 283 31
219 294 32
600 329 32
603 364 32
634 314 32
644 245 32
260 328 32
412 467 33
688 325 33
755 322 33
29 439 34
88 343 34
71 311 34
392 480 35
6 336 35
472 415 35
427 505 36
293 353 36
407 410 37
669 375 37
141 410 37
344 390 37
739 446 38
148 446 38
357 528 38
419 615 38
683 535 38
438 517 38
256 421 38
701 449 39
584 520 39
675 505 40
733 514 41
682 526 41
65 689 41
140 544 41
758 594 43
284 586 43
611 672 43
331 820 44
52 763 44
391 750 45
138 848 45
289 632 45
565 751 45
604 623 46
699 805 46
451 742 47
84 776 48
235 1057 50
271 984 50
320 1010 51
49 1118 52
50 1054 53
110 1326 52
225 1316 52
283 957 55
643 1064 56
164 1201 56
596 1078 57
747 1395 59
8 1370 59
618 1314 60
348 1286 61
435 1546 63
354 1675 63
724 1549 64
20 1743 64
177 1547 65
602 1743 66
183 1542 66
678 1674 67
322 1877 70
47 1981 71
750 1710 71
173 2034 75
53 2359 76
328 2492 77
103 2665 77
535 2585 79
486 2426 80
491 2989 83
107 2926 85
671 3374 85
667 2922 86
614 2865 86
467 3328 87
676 3200 87
409 3829 97
371 4033 97
510 4460 100
582 4397 100
86 4494 102
595 4452 102
58 4429 102
593 5398 107
236 5262 107
294 5384 109
685 5652 114
281 6423 121
200 6800 123
480 6703 125
216 7683 129
105 8550 136
642 8357 136
517 9346 138
220 8865 138
489 9324 141
63 8915 145
710 10203 146
234 9783 146
4 10207 150
764 10944 154
769 11685 154
191 11729 158
541 11747 159
38 12866 162
549 15862 186
601 16942 190
376 17841 194
422 19700 206
131 20372 206
5 20369 206
737 21199 207
714 21795 210
425 22323 212
652 22548 214
677 22869 218
250 36697 276
319 37675 275
452 37401 274
500 37128 273
186 36856 272
345 36790 272
166 36844 272
448 37079 273
700 37611 278
180 38465 278
353 38774 279
520 39263 281
301 39835 283
586 39361 284
660 39903 283
333 39621 282
153 40148 284
197 40470 285
585 51765 324
247 52003 323
447 51681 322
48 51360 321
607 51040 320
332 50721 319
368 50403 318
736 50086 317
113 49770 316
253 49767 316
312 49768 316
114 49769 316
636 50086 317
128 60031 347
439 59685 346
493 59340 345
706 58996 344
362 58653 343
369 58311 342
450 57970 341
336 57630 340
119 57291 339
44 56953 338
385 56616 337
208 56280 336
468 55945 335
462 55611 334
762 55278 333
54 54946 332
259 54615 331
267 54285 330
650 53956 329
485 53628 328
521 53301 327
658 52975 326
211 52650 325
136 52326 324
10 52003 323
665 51681 322
728 51360 321
653 51040 320
692 50721 319
508 50403 318
89 50086 317
695 49770 316
543 49455 315
530 49141 314
497 48828 313
645 48516 312
72 48205 311
213 47895 310
365 47586 309
558 47278 308
457 46971 307
598 46665 306
126 46360 305
192 46056 304
187 45753 303
160 45451 302
760 45150 301
61 44850 300
224 44551 299
307 44253 298
162 43956 297
15 43660 296
302 43365 295
343 43071 294
620 42778 293
619 42486 292
232 42195 291
458 41905 290
460 41616 289
366 41328 288
309 41041 287
640 40755 286
765 40470 285
406 40186 284
768 39903 283
722 39621 282
218 39340 281
668 39060 280
239 38781 279
479 38503 278
241 38226 277
587 37950 276
26 37675 275
697 37401 274
315 37128 273
45 36856 272
130 36585 271
214 36315 270
522 36046 269
310 35778 268
117 35511 267
423 35245 266
646 34980 265
174 34716 264
286 34453 263
432 34191 262
304 33930 261
561 33670 260
14 33411 259
79 33153 258
556 32896 257
442 32640 256
168 32385 255
560 32131 254
396 31878 253
707 31626 252
393 31375 251
395 31125 250
742 30876 249
21 30628 248
199 30381 247
118 30135 246
717 29890 245
59 29646 244
557 29403 243
446 29161 242
298 28920 241
285 28680 240
30 28441 239
198 28203 238
60 27966 237
338 27730 236
93 27495 235
384 27261 234
334 27028 233
305 26796 232
364 26565 231
416 26335 230
314 26106 229
367 25878 228
248 25651 227
176 25425 226
270 25200 225
95 24976 224
245 24753 223
2 24531 222
454 24310 221
763 24090 220
266 23871 219
261 23653 218
552 23436 217
203 23220 216
171 23005 215
229 22791 214
476 22578 213
295 22366 212
144 22155 211
719 21945 210
70 21736 209
57 21528 208
263 21321 207
528 21115 206
445 20910 205
291 20706 204
133 20503 203
746 20301 202
434 20100 201
205 19900 200
352 19701 199
39 19503 198
469 19306 197
228 19110 196
244 18915 195
738 18721 194
624 18528 193
525 18336 192
632 18145 191
149 17955 190
539 17766 189
759 17578 188
268 17391 187
433 17205 186
378 17020 185
512 16836 184
242 16653 183
167 16471 182
473 16290 181
404 16110 180
732 15931 179
243 15753 178
156 15576 177
325 15400 176
754 15225 175
170 15051 174
641 14878 173
515 14706 172
689 14535 171
537 14365 170
490 14196 169
389 14028 168
226 13861 167
571 13695 166
605 13530 165
609 13366 164
443 13203 163
482 13041 162
656 12880 161
381 12720 160
81 12561 159
83 12403 158
499 12246 157
161 12090 156
27 11935 155
726 11781 154
418 11628 153
651 11476 152
195 11325 151
720 11175 150
621 11026 149
649 10878 148
440 10731 147
43 10585 146
96 10440 145
555 10296 144
576 10153 143
554 10011 142
341 9870 141
459 9730 140
562 9591 139
718 9453 138
101 9316 137
666 9180 136
705 9045 135
127 8911 134
280 8778 133
413 8646 132
431 8515 131
526 8385 130
77 8256 129
18 8128 128
657 8001 127
323 7875 126
196 7750 125
659 7626 124
544 7503 123
296 7381 122
154 7260 121
672 7140 120
756 7021 119
429 6903 118
574 6786 117
745 6670 116
503 6555 115
175 6441 114
321 6328 113
647 6216 112
12 6105 111
519 5995 110
120 5886 109
62 5778 108
165 5671 107
335 5565 106
342 5460 105
36 5356 104
550 5253 103
190 5151 102
591 5050 101
465 4950 100
495 4851 99
534 4753 98
276 4656 97
155 4560 96
202 4465 95
146 4371 94
383 4278 93
483 4186 92
42 4095 91
249 4005 90
56 3916 89
748 3828 88
578 3741 87
25 3655 86
390 3570 85
567 3486 84
421 3403 83
524 3321 82
511 3240 81
82 3160 80
436 3081 79
730 3003 78
694 2926 77
716 2850 76
142 2775 75
158 2701 74
31 2628 73
559 2556 72
538 2485 71
477 2415 70
251 2346 69
361 2278 68
715 2211 67
375 2145 66
444 2080 65
69 2016 64
691 1953 63
516 1891 62
16 1830 61
498 1770 60
400 1711 59
654 1653 58
494 1596 57
589 1540 56
590 1485 55
502 1431 54
415 1378 53
308 1326 52
455 1275 51
625 1225 50
255 1176 49
252 1128 48
767 1081 47
339 1035 46
570 990 45
679 946 44
210 903 43
463 861 42
275 820 41
145 780 40
592 741 39
484 703 38
132 666 37
188 630 36
487 595 35
514 561 34
279 528 33
630 496 32
615 465 31
453 435 30
64 406 29
1 378 28
151 351 27
420 325 26
152 300 25
265 276 24
481 253 23
631 231 22
78 210 21
424 190 20
563 171 19
670 153 18
373 136 17
116 120 16
377 105 15
355 91 14
532 78 13
735 66 12
330 55 11
85 45 10
626 36 9
638 28 8
623 21 7
687 15 6
278 10 5
257 6 4
664 3 3
223 1 2
