1 1 2.1e-05 0 1 nan 25 1
2 5 4.6e-05 2 0.6 1.5 55.5556 2
3 10 0.000101 3 0.5 1.6 66.6667 3
4 28 0.000281 16 0.321429 1.42105 100 3
5 28 0.00028 16 0.321429 1.42105 100 3
6 28 0.000278 16 0.321429 1.42105 100 3
7 28 0.000278 16 0.321429 1.42105 100 3
8 28 0.000295 16 0.321429 1.42105 100 3
9 28 0.000281 16 0.321429 1.42105 100 3
10 28 0.000282 16 0.321429 1.42105 100 3
11 28 0.000301 16 0.321429 1.42105 100 3
12 28 0.000281 16 0.321429 1.42105 100 3
13 28 0.000335 16 0.321429 1.42105 100 3
14 28 0.000291 16 0.321429 1.42105 100 3
15 28 0.000279 16 0.321429 1.42105 100 3
16 28 0.000286 16 0.321429 1.42105 100 3
17 28 0.000277 16 0.321429 1.42105 100 3
18 28 0.000278 16 0.321429 1.42105 100 3
19 28 0.000278 16 0.321429 1.42105 100 3
20 28 0.00028 16 0.321429 1.42105 100 3
22 28 0.000289 16 0.321429 1.42105 100 3
24 28 0.000281 16 0.321429 1.42105 100 3
26 28 0.000304 16 0.321429 1.42105 100 3
28 28 0.000305 16 0.321429 1.42105 100 3
30 28 0.000298 16 0.321429 1.42105 100 3
33 28 0.000331 16 0.321429 1.42105 100 3
36 28 0.000293 16 0.321429 1.42105 100 3
39 28 0.00029 16 0.321429 1.42105 100 3
42 28 0.000295 16 0.321429 1.42105 100 3
46 28 0.00028 16 0.321429 1.42105 100 3
50 28 0.000286 16 0.321429 1.42105 100 3
