1 0 4e-05 0 -nan -nan 0 1
2 0 3.7e-05 0 -nan -nan 0 1
3 0 3.6e-05 0 -nan -nan 0 1
4 5 0.000138 1 0.8 1 17.2414 2
5 5 0.000152 1 0.8 1 17.2414 2
6 7 0.000261 1 0.714286 1 21.875 2
7 131 0.003347 5 0.648855 1.43478 35.4054 3
8 29162 0.692475 18 0.525684 1.57707 58.2622 5
9 73958 1.85802 19 0.507694 1.6167 66.594 5
10 112138 2.95949 23 0.502934 1.6608 72.0061 5
11 141329 3.89826 35 0.499904 1.69546 75.7581 5
12 163697 4.70033 36 0.498403 1.72609 78.4328 6
13 178631 5.28207 37 0.497758 1.75094 80.2923 6
14 190191 5.78472 37 0.497116 1.77024 81.6905 6
15 200260 6.31305 39 0.497214 1.79039 82.8558 6
16 208849 6.7997 39 0.496967 1.80449 83.7574 6
17 215472 7.15343 40 0.496956 1.81792 84.4939 6
18 220259 7.49483 40 0.496879 1.82952 85.0684 6
19 224754 7.87807 40 0.496725 1.83806 85.5661 6
20 228412 7.94042 41 0.496664 1.84591 85.9726 6
22 234578 8.49073 42 0.496773 1.86052 86.6753 6
24 240093 9.00109 54 0.496174 1.87062 87.2555 7
26 243678 9.54118 54 0.49622 1.88056 87.6672 7
28 246327 9.97616 54 0.496064 1.88734 87.979 7
30 248599 10.4744 54 0.496012 1.89337 88.2458 7
33 251423 11.0981 54 0.495854 1.9003 88.581 7
36 253423 11.7139 54 0.495768 1.90665 88.8502 7
39 254996 12.3081 54 0.495572 1.91179 89.0716 7
42 256432 12.8449 54 0.495582 1.91572 89.2375 7
46 257929 13.4739 59 0.495551 1.92055 89.4311 7
50 259320 14.1672 59 0.495558 1.92496 89.6169 7
55 260753 15.0656 59 0.495534 1.92875 89.7839 7
60 262242 16.0124 59 0.495695 1.93257 89.941 7
66 263310 16.9721 59 0.495549 1.93532 90.0809 7
72 264093 17.9265 60 0.495363 1.93751 90.1969 7
79 264964 18.9313 60 0.495362 1.94006 90.3066 7
86 265572 20.0801 60 0.495229 1.94161 90.3976 7
94 266136 21.3828 60 0.495175 1.94332 90.4831 7
103 266749 22.8382 60 0.495023 1.94445 90.5671 7
113 267326 24.3126 60 0.494924 1.94571 90.6399 7
124 267820 26.053 60 0.494847 1.94666 90.709 7
136 268388 28.1333 60 0.494825 1.94826 90.7833 7
149 268940 30.5639 64 0.49475 1.94931 90.8563 7
163 269254 32.0275 64 0.494685 1.94993 90.8969 7
179 269551 34.7846 64 0.494671 1.95103 90.9429 8
196 269863 37.4857 64 0.494636 1.9519 90.9895 8
200 269984 37.9706 64 0.4946 1.9519 91.0033 8
