1 1 5.6e-05 0 1 -nan 7.69231
2 1 5.1e-05 0 1 -nan 7.69231
3 1 3.9e-05 0 1 -nan 7.69231
4 1 4.2e-05 0 1 -nan 7.69231
5 1 4.2e-05 0 1 -nan 7.69231
6 1 4.1e-05 0 1 -nan 7.69231
7 1 4.1e-05 0 1 -nan 7.69231
8 1 4e-05 0 1 -nan 7.69231
9 1 5.2e-05 0 1 -nan 7.69231
10 1 4e-05 0 1 -nan 7.69231
11 15 0.000747 3 0.4 1 24.1935
12 14 0.000952 3 0.428571 1 20.2899
13 17 0.001332 4 0.352941 1 20.7317
14 17 0.001502 4 0.294118 1 23.2877
15 17 0.001432 4 0.294118 1 23.2877
16 27 0.002182 5 0.259259 1 25.7143
17 27 0.002153 5 0.259259 1 25.7143
18 33 0.003072 5 0.272727 1 24.0876
19 6 0.000832 4 0.333333 1 21.4286
20 6 0.001009 5 0.166667 1 21.4286
22 92 0.014337 11 0.228261 1 22.716
24 61 0.017291 7 0.42623 1 10.1498
26 206 0.07621 11 0.194175 1 23.7875
28 196 0.044422 25 0.112245 1.00575 27.2981
30 114 0.027887 28 0.105263 1.0098 34.1317
33 13 0.003928 12 0.0769231 1 26
36 39 0.018353 13 0.282051 1.03571 11.4706
39 15 0.005173 14 0.0666667 1 25.4237
42 15 0.004996 14 0.0666667 1 25.4237
46 566 0.260033 31 0.0936396 1 25.4725
50 891 0.554249 34 0.0920314 1 22.597
55 852 0.539298 45 0.0622066 1.0025 28.24
60 819 0.618758 42 0.0695971 1.00262 26.8349
66 388 0.49271 26 0.146907 1 10.4893
72 1569 1.57402 46 0.0478011 1.00134 30.0115
79 2212 3.18405 51 0.0886076 1.00149 15.1496
86 1532 2.96537 59 0.109008 1 11.0295
94 1062 1.92222 75 0.0659134 1.00202 16.8198
103 1858 3.50398 120 0.0376749 1.00112 26.9901
