1 0 0.000137 0 -nan -nan 0
2 4 9.3e-05 1 0.75 1 14.2857
3 5 0.000121 1 0.8 1 16.129
4 12 0.000308 1 0.833333 1 25
5 20 0.000475 1 0.8 1.5 28.5714
6 24 0.000507 1 0.833333 1.5 28.9157
7 33 0.000785 3 0.727273 1.66667 33
8 33 0.000684 3 0.727273 1.66667 33
9 34 0.00078 3 0.705882 1.7 31.4815
10 34 0.001822 3 0.705882 1.7 31.4815
11 134 0.005357 3 0.61194 1.5 30.1802
12 141 0.004305 3 0.609929 1.56364 31.2639
13 5241 0.193564 14 0.576417 1.62748 33.461
14 180390 7.68892 15 0.581856 1.63592 36.5989
15 375801 17.3453 18 0.58011 1.64527 40.294
16 549450 26.976 20 0.578134 1.65704 43.4207
17 695506 36.3111 20 0.576393 1.6674 45.8866
18 824205 47.3099 24 0.574517 1.67605 47.8391
19 933084 55.2909 26 0.5729 1.68391 49.4138
20 1029974 65.095 29 0.571359 1.69181 50.8054
22 1187022 82.5492 30 0.568397 1.70709 53.1357
24 1310035 99.3236 47 0.565512 1.72133 55.0533
26 1407328 117.05 47 0.5628 1.73474 56.6261
28 1488032 132.732 47 0.560539 1.74647 57.9396
30 1554655 150.352 47 0.558288 1.75794 59.0801
33 1634126 174.782 47 0.555344 1.77352 60.4586
36 1696070 199.318 57 0.552603 1.78743 61.5802
39 1746616 223.878 65 0.550037 1.80004 62.5058
42 1787192 244.947 65 0.548027 1.81146 63.2659
46 1832617 276.819 65 0.545529 1.82486 64.1303
50 1871100 306.628 68 0.543386 1.83677 64.8537
55 1909414 344.583 73 0.541093 1.84922 65.5898
60 1940332 381.924 83 0.539195 1.86053 66.2031
66 1971431 429.222 83 0.53726 1.87241 66.8035
72 1997619 474.48 90 0.535645 1.88273 67.3207
79 2022291 524.591 90 0.534167 1.89281 67.7907
86 2043954 578.02 104 0.532683 1.90102 68.2108
94 2063919 636.296 114 0.531406 1.90945 68.606
103 2082908 744.895 114 0.530218 1.91692 68.9672
113 2100335 866.012 114 0.5291 1.92449 69.3074
124 2116644 952.534 228 0.528128 1.93149 69.6221
136 2131202 1041.8 228 0.527248 1.93811 69.9046
149 2144375 1143.29 228 0.526459 1.94405 70.1627
163 2155722 1256.07 228 0.52588 1.94968 70.3813
179 2166558 1380.18 228 0.52522 1.95489 70.5893
196 2176889 1527.76 228 0.524559 1.95932 70.7894
200 2178985 1489.82 228 0.52445 1.96038 70.8311
