1 0 2.8e-05 0 nan nan 0
2 2 4.8e-05 0 1 nan 5.71429
3 3 5.7e-05 1 0.666667 1 8.57143
4 5 8.3e-05 1 0.6 1 14.2857
5 8 0.000144 1 0.75 1 21.0526
6 23 0.00051 9 0.434783 1 38.9831
7 14 0.000324 2 0.714286 1 27.451
8 28 0.000843 10 0.392857 1 43.0769
9 55 0.001843 15 0.290909 1.07692 57.8947
10 45 0.001474 17 0.244444 1.02941 56.962
11 55 0.002025 17 0.236364 1.04762 60.4396
12 50 0.001842 17 0.22 1.05128 57.4713
13 65 0.002717 17 0.261538 1.0625 58.5586
14 60 0.00263 18 0.2 1.04167 58.8235
15 68 0.003498 19 0.191176 1.03636 60.177
16 65 0.003168 19 0.184615 1.0566 61.3208
17 88 0.006238 20 0.181818 1.08333 67.6923
18 88 0.006006 20 0.170455 1.06849 67.6923
19 74 0.004498 22 0.175676 1.06557 63.2479
20 74 0.00443 22 0.175676 1.06557 63.2479
