1 0 2.6e-05 0 nan nan 0 1
2 0 1.4e-05 0 nan nan 0 1
3 0 1.7e-05 0 nan nan 0 1
4 0 1.8e-05 0 nan nan 0 1
5 0 2.4e-05 0 nan nan 0 1
6 84 0.00553 0 1 nan 31.5789 2
7 84 0.004745 0 1 nan 31.5789 2
8 81 0.00471 1 0.987654 1 30.7985 2
9 63 0.005559 1 0.873016 1 32.8125 2
10 34 0.003737 1 0.529412 1 28.3333 2
11 34 0.003508 1 0.529412 1 28.3333 2
12 34 0.003344 1 0.529412 1 28.3333 2
13 85 0.011804 2 0.341176 1 30.4659 2
14 66 0.017793 3 0.318182 1 29.7297 2
15 34 0.005055 3 0.294118 1 30.0885 2
16 63 0.008423 4 0.238095 1 28.2511 2
17 116 0.016806 5 0.258621 1.01163 35.5828 2
18 114 0.016174 5 0.236842 1 35.2941 2
19 68 0.016699 5 0.220588 1 30.7692 2
20 117 0.017957 6 0.188034 1 36.2229 2
22 55 0.011045 7 0.2 1 36.9128 2
24 119 0.021983 9 0.142857 1.0098 39.2739 2
26 85 0.019161 10 0.117647 1 37.9464 2
28 51 0.010686 11 0.137255 1 38.0597 2
30 75 0.017374 14 0.106667 1 38.8601 2
33 181 0.05474 24 0.0883978 1 47.013 2
36 204 0.069466 29 0.0882353 1.01613 52.5773 3
39 71 0.024791 29 0.056338 1 42.2619 2
42 200 0.094074 37 0.075 1.00541 51.1509 2
46 219 0.098694 40 0.0456621 1 55.0251 2
50 176 0.09716 49 0.0454545 1.00595 51.312 2
