1 0 3.9e-05 0 nan nan 0 1
2 0 3.2e-05 0 nan nan 0 1
3 0 3.3e-05 0 nan nan 0 1
4 5 0.000157 1 0.8 1 17.2414 2
5 5 0.000147 1 0.8 1 17.2414 2
6 7 0.000249 1 0.714286 1 21.875 2
7 131 0.003895 5 0.648855 1.43478 35.4054 3
8 29162 0.769451 18 0.525684 1.57707 58.2622 5
9 73958 2.12373 19 0.507694 1.6167 66.594 5
10 112138 3.36773 23 0.502934 1.6608 72.0061 5
11 141329 4.30659 35 0.499904 1.69546 75.7581 5
12 163697 5.19735 36 0.498403 1.72609 78.4328 6
13 178631 5.62421 37 0.497758 1.75094 80.2923 6
14 190191 6.10916 37 0.497116 1.77024 81.6905 6
15 200260 6.60065 39 0.497214 1.79039 82.8558 6
16 208849 7.05608 39 0.496967 1.80449 83.7574 6
17 215472 7.46916 40 0.496956 1.81792 84.4939 6
18 220259 7.82432 40 0.496879 1.82952 85.0684 6
19 224754 8.12793 40 0.496725 1.83806 85.5661 6
20 228412 8.42421 41 0.496664 1.84591 85.9726 6
22 234578 9.22546 42 0.496773 1.86052 86.6753 6
24 240093 9.53222 54 0.496174 1.87062 87.2555 7
26 243678 10.1079 54 0.49622 1.88056 87.6672 7
28 246327 10.4208 54 0.496064 1.88734 87.979 7
30 248599 10.9844 54 0.496012 1.89337 88.2458 7
33 251423 11.4442 54 0.495854 1.9003 88.581 7
36 253423 12.0244 54 0.495768 1.90665 88.8502 7
39 254996 12.9527 54 0.495572 1.91179 89.0716 7
42 256432 12.7368 54 0.495582 1.91572 89.2375 7
46 257929 13.1361 59 0.495551 1.92055 89.4311 7
50 259320 14.1306 59 0.495558 1.92496 89.6169 7
