1 1 2.1e-05 0 1 0
2 5 5.9e-05 2 3 1
3 10 0.000107 5 2 0
4 28 0.000452 23 2 1
5 28 0.000501 27 1 0
6 28 0.000403 27 1 0
7 28 0.000508 27 1 0
8 28 0.000527 27 1 0
9 28 0.0005 27 1 0
10 28 0.00057 27 1 0
11 28 0.000602 27 1 0
12 28 0.000465 27 1 0
13 28 0.000523 25 2 1
14 28 0.000489 27 1 0
15 28 0.000509 26 2 1
16 28 0.00049 27 1 0
17 28 0.000402 27 1 0
18 28 0.000584 27 1 0
19 28 0.000627 27 1 0
20 28 0.000615 27 1 0
22 28 0.00049 27 1 0
24 28 0.000754 27 1 0
26 28 0.000786 27 1 0
28 28 0.000487 27 1 0
30 28 0.000535 27 1 0
33 28 0.000413 27 1 0
36 28 0.000456 27 1 0
39 28 0.000483 27 1 0
42 28 0.000501 27 1 0
46 28 0.000519 27 1 0
50 28 0.000487 27 1 0
