1 0 3.7e-05 0 -nan -nan 0
2 0 3.5e-05 0 -nan -nan 0
3 0 4e-05 0 -nan -nan 0
4 5 0.000153 1 0.8 1 17.2414
5 5 0.000135 1 0.8 1 17.2414
6 7 0.000224 1 0.714286 1 21.875
7 131 0.003295 5 0.648855 1.43478 35.4054
8 29162 0.744217 18 0.525684 1.57707 58.2622
9 73958 1.91087 19 0.507694 1.6167 66.594
10 112138 3.06571 23 0.502934 1.6608 72.0061
11 141329 4.02591 35 0.499904 1.69546 75.7581
12 163697 4.82534 36 0.498403 1.72609 78.4328
13 178631 5.46177 37 0.497758 1.75094 80.2923
14 190191 6.02621 37 0.497116 1.77024 81.6905
15 200260 6.53683 39 0.497214 1.79039 82.8558
16 208849 6.95366 39 0.496967 1.80449 83.7574
17 215472 7.35952 40 0.496956 1.81792 84.4939
18 220259 7.72785 40 0.496879 1.82952 85.0684
19 224754 8.09194 40 0.496725 1.83806 85.5661
20 228412 8.33873 41 0.496664 1.84591 85.9726
22 234578 9.00645 42 0.496773 1.86052 86.6753
24 240093 9.52799 54 0.496174 1.87062 87.2555
26 243678 10.0946 54 0.49622 1.88056 87.6672
28 246327 10.5161 54 0.496064 1.88734 87.979
30 248599 11.0297 54 0.496012 1.89337 88.2458
33 251423 11.6444 54 0.495854 1.9003 88.581
36 253423 12.3559 54 0.495768 1.90665 88.8502
39 254996 13.0187 54 0.495572 1.91179 89.0716
42 256432 13.5601 54 0.495582 1.91572 89.2375
46 257929 14.2619 59 0.495551 1.92055 89.4311
50 259320 14.9655 59 0.495558 1.92496 89.6169
55 260753 15.7674 59 0.495534 1.92875 89.7839
60 262242 17.2615 59 0.495695 1.93257 89.941
66 263310 17.6626 59 0.495549 1.93532 90.0809
72 264093 18.8757 60 0.495363 1.93751 90.1969
79 264964 19.9586 60 0.495362 1.94006 90.3066
86 265572 21.0513 60 0.495229 1.94161 90.3976
94 266136 22.3209 60 0.495175 1.94332 90.4831
103 266749 23.9322 60 0.495023 1.94445 90.5671
113 267326 25.4003 60 0.494924 1.94571 90.6399
124 267820 27.2863 60 0.494847 1.94666 90.709
136 268388 29.3906 60 0.494825 1.94826 90.7833
149 268940 31.9248 64 0.49475 1.94931 90.8563
163 269254 33.3397 64 0.494685 1.94993 90.8969
179 269551 35.6069 64 0.494671 1.95103 90.9429
196 269863 38.7163 64 0.494636 1.9519 90.9895
200 269984 39.5811 64 0.4946 1.9519 91.0033
