1 0 3.8e-05 0 nan nan 0 1
2 0 2.8e-05 0 nan nan 0 1
3 0 2.9e-05 0 nan nan 0 1
4 5 0.000141 1 0.8 1 17.2414 2
5 5 0.000153 1 0.8 1 17.2414 2
6 13 0.000405 2 0.769231 1.33333 25 2
7 5 0.000232 1 0.6 1 21.7391 2
8 22 0.000917 7 0.272727 1 34.375 2
9 52 0.001991 11 0.25 1.02564 46.4286 2
10 170 0.007568 13 0.235294 1 43.1472 2
11 40 0.002098 6 0.225 1 40.404 2
12 6 0.000358 4 0.333333 1 30 2
13 407 0.026094 34 0.125307 1.00843 46.9435 3
14 56 0.004352 11 0.160714 1.02128 40.5797 2
15 900 0.066231 32 0.0922222 1.00367 50.5618 3
16 586 0.048247 26 0.105802 1.00954 50.1283 3
17 2374 0.194752 129 0.0716091 1.01044 58.3292 3
18 58 0.005066 13 0.0862069 1 43.609 2
19 348 0.031724 27 0.0689655 1 48.7395 2
20 1421 0.136258 69 0.0570021 1.00149 54.3819 3
22 3879 0.433377 58 0.0562001 1.00246 55.2485 3
24 2235 0.284047 61 0.055481 1.00663 54.9275 3
26 5844 0.935244 97 0.0393566 1.00303 58.9588 3
28 1454 0.267954 64 0.0378267 1.00357 56.5099 3
30 3401 0.792492 80 0.0346957 1.00518 59.6667 3
33 4122 0.947248 229 0.0298399 1.00375 59.2241 3
36 3091 0.781131 130 0.0268522 1.00465 62.1182 3
39 1639 0.51335 98 0.0317267 1.00567 55.241 3
42 8625 2.68109 142 0.0231884 1.00226 61.2354 3
46 13981 5.15781 183 0.0197411 1.00292 63.3829 3
50 7779 3.22007 239 0.0168402 1.00248 66.3511 3
