1 1 2.6e-05 0 1 0
2 5 5.5e-05 2 3 1
3 10 0.000118 3 5 3
4 28 0.000489 16 9 8
5 28 0.000512 16 9 8
6 28 0.000514 16 9 8
7 28 0.000405 16 9 8
8 28 0.00048 16 9 8
9 28 0.000329 16 9 8
10 28 0.000313 16 9 8
11 28 0.000382 16 9 8
12 28 0.000282 16 9 8
13 28 0.000352 16 9 8
14 28 0.000399 16 9 8
15 28 0.000376 16 9 8
16 28 0.000547 16 9 8
17 28 0.000426 16 9 8
18 28 0.000417 16 9 8
19 28 0.000404 16 9 8
20 28 0.000311 16 9 8
22 28 0.00051 16 9 8
24 28 0.000414 16 9 8
26 28 0.000471 16 9 8
28 28 0.000472 16 9 8
30 28 0.000423 16 9 8
33 28 0.000689 16 9 8
36 28 0.000286 16 9 8
39 28 0.000283 16 9 8
42 28 0.000527 16 9 8
46 28 0.000408 16 9 8
50 28 0.000446 16 9 8
