1 1
2 1
3 1
4 1
5 1
6 1
7 1
8 1
9 1
10 1
11 1
12 1683
13 2921
14 4654
15 7498
16 11360
17 27061
18 52855
19 85375
20 120367
22 196268
24 269265
26 336208
28 396363
30 449845
33 518622
36 576260
39 624829
42 665175
46 710238
50 748560
55 787410
60 819666
66 851580
72 877737
79 903292
86 924707
94 944936
103 964623
113 982501
124 998448
136 1013408
149 1027538
163 1039618
179 1050527
196 1060178
215 1069502
236 1078150
259 1085526
284 1091859
312 1098058
343 1103611
377 1108676
414 1112012
455 1115734
500 1118905
550 1121676
605 1124363
665 1126381
731 1128223
804 1130250
884 1132680
972 1135003
1000 1135478
