1 0 4.6e-05 0 -nan -nan 0
2 4 7.9e-05 1 0.75 1 14.2857
3 5 0.000105 1 0.8 1 16.129
4 12 0.000273 1 0.833333 1 25
5 15 0.000381 1 0.866667 1 25
6 24 0.000588 1 0.791667 1.4 29.6296
7 31 0.000846 5 0.580645 1 30.6931
8 21 0.000593 4 0.714286 1 30
9 22 0.001169 5 0.681818 1.14286 28.2051
10 22 0.000709 6 0.636364 1 28.2051
11 66 0.002242 7 0.484848 1.14706 34.7368
12 28 0.00136 7 0.571429 1 27.451
13 50 0.003251 8 0.4 1 29.7619
14 86 0.004806 11 0.27907 1.01613 37.3913
15 108 0.006891 9 0.398148 1 29.4278
16 56 0.004589 10 0.357143 1 26.9231
17 74 0.007964 12 0.337838 1 24.9158
18 59 0.005663 12 0.322034 1 27.4419
19 231 0.036567 21 0.21645 1 33.4783
20 179 0.029137 14 0.206704 1 30.4422
22 235 0.042117 17 0.195745 1.00529 29.597
24 118 0.017041 35 0.0762712 1.00917 39.8649
26 52 0.010944 13 0.115385 1 29.3785
28 11 0.003019 10 0.0909091 1 26.1905
30 12 0.003471 11 0.0833333 1 26.6667
33 536 0.134691 46 0.0839552 1.00407 33.1889
36 110 0.028634 34 0.0545455 1 39.5683
39 360 0.110308 55 0.0694444 1.00299 45.1128
42 21 0.008931 19 0.0952381 1 32.3077
46 4059 1.84836 66 0.0647943 1.00079 30.7453
50 107 0.049745 45 0.0280374 1 41.9608
55 171 0.104153 38 0.0584795 1 35.8491
60 19427 13.6337 89 0.0463273 1.00162 33.1706
66 2816 2.39658 100 0.0390625 1.00074 32.901
72 1197 1.12875 60 0.0325815 1 35.0923
79 54846 62.2319 114 0.0326551 1.00083 35.1275
86 23696 32.6247 253 0.0286546 1.00039 34.0088
94 18098 31.7426 169 0.0256382 1.00057 34.7457
103 32191 62.306 190 0.0230499 1.00079 36.1489
113 3664 7.87825 139 0.0191048 1.00028 37.3725
124 36450 99.2635 183 0.0180247 1.00045 37.5673
136 9340 29.7361 228 0.0158458 1.00022 36.3467
149 72954 282.647 202 0.015311 1.00028 37.3738
163 13617 60.2338 182 0.012925 1.00037 36.062
179 114169 593.468 347 0.0116932 1.00027 40.4903
196 50524 316.855 314 0.0101932 1.00032 39.018
200 75055 479.845 305 0.0101925 1.00031 40.4969
