1 0 3e-05 0 nan nan 0 1
2 0 2.1e-05 0 nan nan 0 1
3 0 1.9e-05 0 nan nan 0 1
4 0 2.2e-05 0 nan nan 0 1
5 1165 0.041063 0 1 nan 23.4171 2
6 1165 0.040782 0 1 nan 23.4171 2
7 1113 0.040524 1 0.992812 1 23.2553 2
8 1371 0.069839 1 0.500365 1 26.4417 2
9 1371 0.06945 1 0.500365 1 26.4417 2
10 1162 0.058826 2 0.498279 1 25.7421 2
11 1430 0.096805 2 0.334266 1 27.7347 2
12 1406 0.095944 3 0.332148 1 27.4288 2
13 1540 0.105506 3 0.333117 1 28.3244 2
14 1264 0.110305 3 0.25 1 27.4365 2
15 1832 0.16251 4 0.250546 1 29.7499 2
16 1639 0.142631 4 0.248322 1 29.1897 2
17 1601 0.174976 4 0.2005 1 29.1727 2
18 1509 0.160307 5 0.19947 1 28.8583 2
19 2403 0.25386 5 0.201831 1 32.6273 2
20 1536 0.202204 5 0.166667 1 29.196 2
22 1961 0.256483 7 0.165222 1 30.955 2
24 1753 0.270165 7 0.142042 1 30.141 2
26 1640 0.293432 7 0.125 1 29.8997 2
28 2254 0.410763 8 0.126442 1 32.577 2
30 2047 0.445719 9 0.110405 1 31.8748 2
33 2636 0.617334 10 0.103945 1 34.6113 2
36 1753 0.473565 11 0.0912721 1 30.6308 2
39 2022 0.61794 12 0.0835806 1 31.8526 2
42 2250 0.758438 13 0.0768889 1 32.967 2
46 2823 1.08521 15 0.0722635 1 35.6665 2
50 1668 0.766447 16 0.0623501 1 30.555 2
