1 0 3.4e-05 0 -nan -nan 0
2 0 3.7e-05 0 -nan -nan 0
3 0 3.5e-05 0 -nan -nan 0
4 5 0.000157 1 0.8 1 17.2414
5 5 0.000143 1 0.8 1 17.2414
6 13 0.000413 2 0.769231 1.33333 25
7 5 0.000255 1 0.6 1 21.7391
8 22 0.001069 7 0.272727 1 34.375
9 52 0.002003 11 0.25 1.02564 46.4286
10 170 0.010516 13 0.235294 1 43.1472
11 40 0.002286 6 0.225 1 40.404
12 6 0.000415 4 0.333333 1 30
13 407 0.024626 34 0.125307 1.00843 46.9435
14 56 0.004535 11 0.160714 1.02128 40.5797
15 900 0.070335 32 0.0922222 1.00367 50.5618
16 586 0.049377 26 0.105802 1.00954 50.1283
17 2374 0.202155 129 0.0716091 1.01044 58.3292
18 58 0.005745 13 0.0862069 1 43.609
19 348 0.035608 27 0.0689655 1 48.7395
20 1421 0.155679 69 0.0570021 1.00149 54.3819
22 3879 0.498404 58 0.0562001 1.00246 55.2485
24 2235 0.324443 61 0.055481 1.00663 54.9275
26 5844 0.955355 97 0.0393566 1.00303 58.9588
28 1454 0.261516 64 0.0378267 1.00357 56.5099
30 3401 0.698975 80 0.0346957 1.00518 59.6667
33 4122 1.0127 229 0.0298399 1.00375 59.2241
36 3091 0.835712 130 0.0268522 1.00465 62.1182
39 1639 0.531675 98 0.0317267 1.00567 55.241
42 8625 2.99324 142 0.0231884 1.00226 61.2354
46 13981 5.64886 183 0.0197411 1.00292 63.3829
50 7779 3.65308 239 0.0168402 1.00248 66.3511
55 30488 16.7828 251 0.0143991 1.00166 69.5612
60 22161 14.4158 315 0.0133568 1.00137 67.835
66 5542 4.46941 190 0.0138939 1.0011 60.861
72 6807 6.23054 198 0.0126341 1.00089 60.2443
79 1934 2.16193 159 0.0098242 1 58.1479
86 26007 32.8355 520 0.00992041 1.00155 67.7336
94 14411 22.0211 398 0.00874332 1.00126 66.2301
103 1483 2.68955 172 0.00876601 1.00068 60.4073
113 21422 46.8754 581 0.0066287 1.00052 67.0003
124 17120 42.5581 470 0.00712617 1.00129 66.6303
136 4880 15.0363 259 0.00614754 1.00021 60.0615
149 1975 7.4047 415 0.00556962 1 59.6857
163 14232 62.8747 553 0.00477797 1.00028 66.1861
179 12024 67.9328 939 0.00374251 1.00033 70.3364
196 17024 111.897 913 0.00417058 1.00035 68.227
200 39629 252.049 743 0.00426455 1.00071 70.5444
