1005
1 97 0.000479
2 141 0.000443
3 177 0.000414
4 209 0.000539
5 233 0.000551
6 259 0.000783
7 278 0.000685
8 296 0.000771
9 311 0.000834
10 324 0.00121
11 343 0.001566
12 356 0.001314
13 366 0.002107
14 377 0.001825
15 385 0.001435
16 390 0.000831
17 399 0.001772
18 411 0.003747
19 423 0.004683
20 430 0.001812
21 442 0.004472
22 448 0.002575
23 452 0.001628
24 458 0.003973
25 463 0.002891
26 466 0.001846
27 470 0.002289
28 480 0.00592
29 484 0.002278
30 487 0.001463
31 492 0.00344
32 494 0.001211
33 497 0.00197
34 503 0.004461
35 504 0.001076
36 505 0.000694
37 509 0.003154
38 512 0.003484
39 515 0.002492
40 518 0.002997
41 522 0.005953
42 524 0.001869
43 527 0.003565
44 531 0.00468
45 532 0.0015
46 537 0.00865
47 538 0.001582
49 539 0.001803
50 540 0.001561
51 541 0.001608
52 543 0.00401
53 547 0.006657
55 549 0.003207
56 550 0.001655
57 552 0.004296
58 554 0.00377
59 557 0.006319
60 560 0.00775
62 561 0.002484
64 562 0.003225
65 563 0.003132
66 566 0.007429
70 567 0.002502
72 568 0.004146
73 570 0.005051
74 575 0.013546
75 577 0.006179
78 578 0.003232
79 579 0.004533
80 582 0.010116
81 595 0.036696
82 596 0.003164
85 598 0.006046
86 599 0.003278
87 601 0.009006
89 602 0.003286
90 603 0.005403
93 604 0.004645
94 607 0.012919
95 609 0.00876
97 610 0.00621
