3997962
1 818745 4.87351
2 1273581 6.37854
3 1576227 5.12536
4 1796584 5.53317
5 1964308 6.51095
6 2095881 6.99059
7 2201970 7.57372
8 2288425 7.85473
9 2361244 8.56187
10 2422766 8.78144
11 2476054 9.08438
12 2521341 10.0243
13 2561012 8.2172
14 2595646 9.28396
15 2626319 9.51886
16 2653892 10.9512
17 2678794 10.7753
18 2701290 10.6373
19 2721827 11.5678
20 2740354 11.0022
21 2757059 11.5162
22 2772419 11.0399
23 2786613 11.4519
24 2800009 11.7102
25 2812209 11.7597
26 2823605 11.371
27 2834307 11.1792
28 2844164 11.1463
29 2853793 11.2284
30 2862777 11.486
31 2870933 11.3029
32 2878765 11.6182
33 2886160 11.1603
34 2893008 11.2035
35 2899490 11.6584
36 2905783 11.7208
37 2911863 11.676
38 2917241 11.3435
39 2922796 11.4746
40 2927943 11.5867
41 2932663 11.1494
42 2937426 11.5501
43 2942046 12.3319
44 2946274 12.2467
45 2950553 11.3469
46 2954431 11.0039
47 2958257 11.6115
48 2961950 11.7123
49 2965612 11.7959
50 2968841 11.0052
51 2972085 11.3227
52 2975371 11.6079
53 2978309 11.6251
54 2981301 12.4849
55 2984173 11.9178
56 2986851 12.1702
57 2989459 11.9552
58 2992177 12.1166
59 2994570 11.7945
60 2996784 11.5204
61 2999027 11.8907
62 3001202 10.8298
63 3003348 12.5665
64 3005528 11.3963
65 3007557 12.1642
66 3009465 11.7463
67 3011467 12.2867
68 3013405 12.0452
69 3015359 12.387
70 3017117 11.1397
71 3019028 12.6622
72 3020722 12.1385
73 3022241 10.8526
74 3023869 11.7829
75 3025340 11.7994
76 3026818 11.9528
77 3028274 11.93
78 3029677 10.6625
79 3031260 12.1548
80 3032610 11.1539
81 3033936 11.4691
82 3035321 11.6707
83 3036560 12.1613
84 3037827 11.9038
85 3038949 11.534
86 3040053 10.7723
87 3041247 11.5632
88 3042359 11.7846
89 3043429 11.2218
90 3044807 11.8386
91 3045819 11.2025
92 3047120 12.0155
93 3048099 12.1107
94 3049055 12.2823
95 3049944 11.6563
96 3050941 11.3055
97 3052062 11.8619
98 3052952 11.1871
99 3053851 11.9993
100 3054712 12.5125
101 3055534 11.885
102 3056367 11.3759
103 3057236 11.8667
104 3058055 11.0677
105 3058876 11.7807
106 3059603 11.9369
107 3060347 11.6381
108 3061164 11.5899
109 3061801 10.7058
110 3062539 12.4109
111 3063235 12.2393
112 3063880 11.663
113 3064571 11.9052
114 3065547 12.4803
115 3066322 12.9108
116 3066944 11.4743
117 3067640 9.24187
118 3068279 8.27741
119 3068898 7.95954
120 3069515 8.36007
121 3070124 8.50874
122 3070773 8.34052
123 3071352 8.21399
124 3071880 7.65232
125 3072520 8.83316
126 3073114 8.62741
127 3073626 8.00714
128 3074109 7.61849
129 3074811 8.3023
130 3075359 8.80828
131 3075870 8.21295
132 3076422 8.50048
133 3076900 8.08378
134 3077400 8.39145
135 3077878 8.16971
136 3078335 7.8942
137 3078779 7.71827
138 3079338 8.35894
139 3079774 7.77356
140 3080298 8.34763
141 3080809 8.4573
142 3081238 8.04724
143 3081644 7.67938
144 3082055 7.83016
145 3082439 7.57231
146 3082823 7.616
147 3083228 8.026
148 3083634 8.48778
149 3084029 8.34908
150 3084430 7.96592
151 3084817 8.35669
152 3085208 8.16267
153 3085591 8.01644
154 3086004 8.75985
155 3086350 7.62346
156 3086746 8.40437
157 3087138 8.64001
158 3087553 9.14009
159 3087908 8.24609
160 3088299 8.73626
161 3088669 8.32464
162 3089043 8.8015
163 3089429 17.3403
164 3089786 16.0939
165 3090071 13.6117
166 3090397 14.9394
167 3090715 14.1501
168 3091020 12.1287
169 3091307 11.0231
170 3091633 10.0457
171 3091932 10.1955
172 3092274 11.1413
173 3092780 11.3073
174 3093060 9.14128
175 3093327 8.67581
176 3093620 8.95691
177 3093908 8.50148
178 3094177 8.17348
179 3094457 8.36017
180 3094749 8.79116
181 3095050 12.0903
182 3095504 9.42624
183 3095984 9.38383
184 3096270 8.26392
185 3096493 6.9974
186 3096959 9.94977
187 3097250 9.14613
188 3097565 9.53938
189 3097806 7.57762
190 3098071 8.14488
191 3098324 7.84685
192 3098578 7.88296
193 3098845 7.74926
194 3099109 8.02459
195 3099329 7.309
196 3099566 7.90484
197 3099792 7.40501
198 3100021 7.61622
199 3100249 7.29345
200 3100477 7.67897
