1 28971 0.151255 0.032714 0.000203
2 72240 0.39437 0.069402 0.085108
3 128319 0.803058 0.144725 0.276459
4 190338 1.30011 0.247847 0.538087
5 244113 1.50463 0.255554 0.695825
6 261600 0.817328 0.114531 0.368797
7 271994 0.570579 0.06797 0.275817
8 278727 0.463496 0.048435 0.238556
9 283336 0.412455 0.038579 0.218758
10 286626 0.363657 0.031176 0.19777
11 289084 0.322672 0.025285 0.180958
12 291103 0.305386 0.022531 0.181112
13 292762 0.292391 0.02054 0.17911
14 294093 0.262428 0.01741 0.165211
15 295195 0.246872 0.015696 0.158743
16 296172 0.234059 0.01453 0.153911
17 297007 0.230224 0.013298 0.157507
18 297765 0.225 0.012853 0.156573
19 298387 0.200318 0.011173 0.139543
20 298919 0.189763 0.009789 0.134933
21 299487 0.208046 0.011223 0.153408
22 300000 0.204687 0.010812 0.15254
23 300445 0.193141 0.00975 0.144787
24 300786 0.168283 0.007555 0.125774
25 301164 0.18872 0.008852 0.14604
26 301517 0.193294 0.008742 0.152944
27 301818 0.174287 0.00764 0.137212
28 302079 0.17058 0.007191 0.134373
29 302345 0.174796 0.007498 0.140638
30 302578 0.164055 0.006695 0.131442
31 302779 0.158606 0.006319 0.127903
32 302966 0.151035 0.005702 0.12288
33 303157 0.164556 0.006253 0.135817
34 303320 0.144993 0.005573 0.118368
35 303501 0.161317 0.006086 0.135128
36 303641 0.134095 0.004886 0.110309
37 303800 0.163128 0.005804 0.138301
38 303978 0.181876 0.006589 0.156948
39 304094 0.134229 0.004427 0.113052
40 304233 0.163195 0.005526 0.140735
41 304368 0.159624 0.005468 0.137984
42 304508 0.167603 0.005852 0.1458
43 304613 0.138815 0.004534 0.119226
44 304733 0.164924 0.005509 0.143481
45 304837 0.14126 0.004675 0.123357
46 304925 0.13336 0.004161 0.115819
47 305031 0.165394 0.005222 0.146539
48 305135 0.16357 0.005237 0.144873
49 305224 0.140469 0.004473 0.123268
50 305291 0.121508 0.003648 0.105794
51 305374 0.141881 0.004292 0.125407
52 305450 0.144619 0.004264 0.1284
53 305530 0.147342 0.004422 0.131179
54 305628 0.181478 0.005914 0.163689
55 305708 0.152634 0.004547 0.136741
56 305775 0.133395 0.003865 0.119012
57 305826 0.11667 0.003206 0.103614
58 305887 0.136402 0.0038 0.122727
59 305956 0.150423 0.004552 0.135533
60 306013 0.136248 0.003836 0.122799
61 306067 0.13389 0.003992 0.120094
62 306121 0.131677 0.003744 0.119176
63 306172 0.138912 0.00356 0.125817
64 306229 0.154637 0.004163 0.141898
65 306276 0.13033 0.003269 0.118432
66 306324 0.134891 0.003521 0.122885
67 306383 0.171252 0.004406 0.157015
68 306421 0.115698 0.002999 0.105278
69 306464 0.134614 0.003432 0.122067
70 306489 0.087163 0.002027 0.077182
71 306523 0.120136 0.002757 0.110283
72 306587 0.196902 0.00493 0.183783
73 306622 0.123566 0.002953 0.112964
74 306664 0.134068 0.003343 0.12266
75 306707 0.163704 0.003958 0.152252
76 306740 0.116845 0.00268 0.106701
77 306779 0.144129 0.003385 0.133371
78 306810 0.116691 0.002759 0.107356
79 306845 0.142768 0.003182 0.132662
80 306888 0.152683 0.003683 0.141
81 306916 0.12566 0.002638 0.117309
82 306940 0.110938 0.002315 0.102285
83 306975 0.153683 0.003431 0.143127
84 307007 0.141636 0.003227 0.131902
85 307042 0.144776 0.003152 0.134481
86 307068 0.107867 0.002502 0.099593
87 307105 0.164995 0.003533 0.155231
88 307135 0.152709 0.003174 0.143472
89 307158 0.122836 0.002532 0.114465
90 307186 0.145213 0.003141 0.136055
91 307204 0.09693 0.002015 0.089392
92 307240 0.178842 0.003742 0.168669
93 307256 0.096627 0.002106 0.088766
94 307281 0.144904 0.002752 0.136499
95 307313 0.181895 0.003526 0.172432
96 307336 0.135593 0.0026 0.127005
97 307361 0.155719 0.002916 0.147918
98 307385 0.14097 0.002704 0.1326
99 307404 0.116058 0.002315 0.108508
100 307425 0.121186 0.00235 0.113805
101 307449 0.130717 0.002713 0.122709
102 307480 0.181934 0.003575 0.172836
103 307502 0.140233 0.002728 0.131854
104 307513 0.083187 0.001604 0.077606
105 307538 0.135479 0.003029 0.12746
106 307554 0.108982 0.002025 0.101728
107 307575 0.151908 0.00273 0.144243
108 307591 0.122762 0.002213 0.115377
109 307599 0.06375 0.001157 0.058676
110 307615 0.124039 0.002267 0.117127
111 307633 0.146684 0.002428 0.139444
112 307670 0.244855 0.004671 0.234191
113 307682 0.101545 0.001697 0.095754
114 307700 0.121871 0.002381 0.115466
115 307708 0.074798 0.001203 0.069254
116 307724 0.115073 0.002123 0.108648
117 307733 0.083179 0.001304 0.077605
118 307756 0.200191 0.00336 0.191884
119 307773 0.1409 0.002472 0.134084
120 307784 0.100933 0.001658 0.094905
121 307802 0.166153 0.002722 0.158522
122 307818 0.136014 0.002296 0.129887
123 307831 0.128545 0.002167 0.122152
124 307840 0.086682 0.00145 0.080213
125 307848 0.088072 0.001276 0.083956
126 307855 0.076696 0.001165 0.071191
127 307868 0.135937 0.002078 0.130672
128 307884 0.149524 0.002534 0.143144
129 307892 0.092179 0.001368 0.087063
130 307907 0.156081 0.002476 0.149349
131 307916 0.099333 0.001507 0.093842
132 307925 0.102938 0.001542 0.098077
133 307931 0.073259 0.001292 0.068403
134 307945 0.133159 0.002245 0.127048
135 307954 0.10702 0.001746 0.101831
136 307961 0.083974 0.001232 0.079211
137 307974 0.151966 0.002242 0.145897
138 307984 0.111935 0.001655 0.1051
139 307987 0.040249 0.000631 0.037853
140 307998 0.133107 0.001941 0.12798
141 308010 0.142542 0.002092 0.136617
142 308018 0.101082 0.001557 0.095876
143 308033 0.190733 0.002619 0.184969
144 308044 0.146025 0.001956 0.140236
145 308055 0.124195 0.002163 0.118196
146 308063 0.109477 0.001536 0.105041
147 308071 0.095452 0.001623 0.090479
148 308085 0.160338 0.002299 0.154446
149 308100 0.174874 0.002816 0.168347
150 308106 0.0849 0.00114 0.080604
151 308114 0.118804 0.001565 0.114271
152 308123 0.138752 0.001791 0.133238
153 308131 0.126137 0.001703 0.121654
154 308140 0.126671 0.001858 0.121466
155 308158 0.219492 0.003248 0.21267
156 308167 0.142524 0.001994 0.137292
157 308171 0.068936 0.001005 0.064392
158 308180 0.130181 0.001995 0.12549
159 308188 0.129818 0.001729 0.124131
160 308195 0.114178 0.001465 0.110602
161 308203 0.12477 0.001816 0.119283
162 308212 0.149764 0.001824 0.144655
163 308224 0.176274 0.002497 0.1707
164 308233 0.146169 0.001972 0.141019
165 308238 0.080372 0.001054 0.076482
166 308244 0.109047 0.001315 0.104739
167 308257 0.152605 0.002445 0.146951
168 308275 0.259722 0.003684 0.251787
169 308287 0.184908 0.002461 0.179472
170 308298 0.166132 0.00244 0.160538
171 308321 0.340867 0.004794 0.332366
172 308327 0.111354 0.001646 0.106859
173 308330 0.066333 0.000743 0.0629
174 308340 0.182223 0.002344 0.176946
175 308353 0.226238 0.002844 0.220326
176 308363 0.176413 0.002444 0.17047
177 308374 0.190053 0.002474 0.184289
178 308378 0.082701 0.001082 0.079805
179 308388 0.186695 0.002592 0.180783
180 308395 0.138268 0.001676 0.134071
181 308402 0.139607 0.001783 0.134814
182 308414 0.200368 0.002645 0.194366
183 308419 0.107411 0.001291 0.104162
184 308434 0.238464 0.003174 0.231761
185 308449 0.244649 0.003448 0.238114
186 308458 0.16914 0.002117 0.164213
187 308470 0.232257 0.003208 0.22607
188 308474 0.089079 0.001019 0.084075
189 308475 0.025866 0.000287 0.024531
190 308478 0.06169 0.0008 0.05826
191 308481 0.074886 0.000835 0.071947
192 308483 0.051052 0.000559 0.048274
193 308487 0.092724 0.001057 0.088746
194 308490 0.07317 0.000892 0.070598
195 308497 0.157776 0.002064 0.151953
196 308499 0.052089 0.000556 0.049742
197 308502 0.079139 0.000817 0.076159
198 308505 0.077385 0.000817 0.074394
199 308513 0.146545 0.002126 0.141769
200 308523 0.237228 0.002629 0.23111
