1 28971 0.129227
2 72240 0.37251
3 128319 0.752283
4 190338 1.24912
5 244113 1.49154
6 261600 0.690606
7 271994 0.562817
8 278727 0.485883
9 283336 0.443034
10 286626 0.386222
11 289084 0.340088
12 291103 0.331265
13 292762 0.292127
14 294093 0.274324
15 295195 0.263926
16 296172 0.250343
17 297007 0.247984
18 297765 0.233462
19 298387 0.210923
20 298919 0.195142
21 299487 0.210803
22 300000 0.199593
23 300445 0.19844
24 300786 0.183327
25 301164 0.190711
26 301517 0.197477
27 301818 0.18335
28 302079 0.167358
29 302345 0.176963
30 302578 0.171667
31 302779 0.151978
32 302966 0.15486
33 303157 0.162136
34 303320 0.150857
35 303501 0.171913
36 303641 0.140152
37 303800 0.171853
38 303978 0.19392
39 304094 0.132739
40 304233 0.168101
41 304368 0.170785
42 304508 0.181117
43 304613 0.148166
44 304733 0.174225
45 304837 0.145199
46 304925 0.14172
47 305031 0.158856
48 305135 0.180777
49 305224 0.149249
50 305291 0.129686
