10000
1 0 7e-06 0 nan nan 0 1
5 3046 0.116499 0 1 nan 30.46 2
7 3047 6.1e-05 1 0.999672 1 30.47 2
8 3991 0.073004 1 0.763217 1 39.91 2
10 3997 0.001015 1 0.762072 1.00631 39.97 3
11 4466 0.069924 2 0.682042 1.27817 44.66 3
13 4472 0.000949 2 0.681127 1.28191 44.72 3
14 4733 0.052897 3 0.643566 1.43509 47.33 3
15 4734 0.000291 3 0.643431 1.43602 47.34 3
16 4736 0.000497 3 0.643159 1.43728 47.36 3
17 4932 0.057499 3 0.617599 1.54666 49.32 3
19 4935 0.001076 3 0.617224 1.54791 49.35 3
20 5083 0.05874 3 0.599252 1.62003 50.83 3
22 5088 0.003158 3 0.598664 1.6239 50.88 3
23 5187 0.049579 4 0.587237 1.67492 51.87 4
25 5192 0.00275 4 0.586672 1.67801 51.92 4
26 5254 0.037203 4 0.579749 1.71286 52.54 4
28 5258 0.002494 4 0.579308 1.71474 52.58 4
29 5310 0.040856 4 0.573635 1.74382 53.1 4
31 5322 0.009774 4 0.572341 1.75088 53.22 4
32 5369 0.043004 4 0.567331 1.77658 53.69 4
34 5372 0.002874 4 0.567014 1.77773 53.72 4
35 5407 0.037511 4 0.563344 1.79543 54.07 4
37 5412 0.007274 4 0.562823 1.79882 54.12 4
38 5443 0.040036 4 0.559618 1.8156 54.43 4
39 5444 0.001293 4 0.559515 1.8161 54.44 4
40 5449 0.006822 4 0.559002 1.81814 54.49 4
41 5477 0.041661 4 0.556144 1.83258 54.77 4
43 5478 0.001708 4 0.556042 1.83306 54.78 4
44 5508 0.04862 4 0.553014 1.85215 55.08 4
45 5509 0.001856 4 0.552913 1.85343 55.09 4
47 5528 0.033537 5 0.551013 1.86301 55.28 4
49 5535 0.012466 5 0.550316 1.86661 55.35 4
50 5553 0.036277 5 0.548532 1.87555 55.53 4
51 5554 0.001973 5 0.548434 1.8756 55.54 4
52 5555 0.002134 5 0.548335 1.87565 55.55 4
53 5574 0.044312 5 0.546466 1.88449 55.74 4
55 5577 0.006798 5 0.546172 1.88582 55.77 4
56 5590 0.033474 5 0.544902 1.8923 55.9 4
57 5591 0.002435 5 0.544804 1.89273 55.91 4
58 5597 0.015592 5 0.54422 1.89534 55.97 4
59 5614 0.049627 5 0.542572 1.90343 56.14 4
61 5617 0.009106 5 0.542282 1.90471 56.17 4
62 5623 0.017902 5 0.541704 1.90648 56.23 4
63 5624 0.003754 5 0.541607 1.9069 56.24 4
64 5627 0.010219 5 0.541319 1.90895 56.27 4
65 5633 0.021977 5 0.540742 1.91264 56.33 4
67 5635 0.007357 5 0.54055 1.91309 56.35 5
68 5640 0.018801 5 0.540071 1.91557 56.4 5
69 5641 0.003761 5 0.539975 1.91599 56.41 5
70 5645 0.015654 5 0.539593 1.91843 56.45 5
71 5657 0.051676 5 0.538448 1.92417 56.57 5
72 5658 0.004266 5 0.538353 1.92458 56.58 5
73 5659 0.005803 5 0.538258 1.92499 56.59 5
74 5664 0.02717 5 0.537782 1.92781 56.64 5
75 5665 0.005589 5 0.537688 1.9286 56.65 5
76 5668 0.018717 5 0.537403 1.93021 56.68 5
77 5675 0.036789 5 0.53674 1.93534 56.75 5
78 5676 0.004391 5 0.536646 1.93574 56.76 5
79 5677 0.005448 5 0.536551 1.93615 56.77 5
80 5681 0.022493 5 0.536173 1.93776 56.81 5
81 5682 0.004531 5 0.536079 1.93816 56.82 5
82 5683 0.005581 5 0.535985 1.93895 56.83 5
83 5689 0.032567 5 0.535419 1.94211 56.89 5
84 5691 0.009992 5 0.535231 1.94291 56.91 5
85 5694 0.017747 5 0.534949 1.94411 56.94 5
86 5698 0.022439 5 0.534574 1.94646 56.98 5
88 5699 0.007114 5 0.53448 1.94685 56.99 5
89 5700 0.005776 5 0.534386 1.94725 57 5
90 5702 0.013014 5 0.534199 1.94767 57.02 5
91 5705 0.018786 5 0.533918 1.94923 57.05 5
92 5706 0.005946 5 0.533824 1.94962 57.06 5
93 5708 0.012525 6 0.533637 1.95041 57.08 5
94 5709 0.008594 6 0.533544 1.95156 57.09 5
95 5711 0.013367 6 0.533357 1.95235 57.11 5
96 5712 0.00713 6 0.533263 1.95274 57.12 5
97 5714 0.014857 6 0.533077 1.95315 57.14 5
98 5715 0.007932 6 0.532983 1.95354 57.15 5
100 5717 0.01666 6 0.532797 1.95432 57.17 5
101 5720 0.024755 6 0.532517 1.95587 57.2 5
103 5727 0.053607 6 0.531867 1.95897 57.27 5
104 5729 0.018367 6 0.531681 1.95975 57.29 5
105 5731 0.017262 6 0.531495 1.96089 57.31 5
106 5733 0.015418 6 0.53131 1.96204 57.33 5
107 5739 0.048425 6 0.530754 1.96509 57.39 5
108 5740 0.00908 6 0.530662 1.96511 57.4 5
109 5742 0.019478 6 0.530477 1.96625 57.42 5
110 5744 0.020711 6 0.530292 1.96775 57.44 5
111 5745 0.008833 6 0.5302 1.96814 57.45 5
112 5746 0.010491 6 0.530108 1.96852 57.46 5
113 5747 0.010387 6 0.530016 1.9689 57.47 5
114 5748 0.010125 6 0.529923 1.96928 57.48 5
115 5752 0.042579 6 0.529555 1.97191 57.52 5
116 5753 0.010193 6 0.529463 1.97229 57.53 5
117 5754 0.009823 6 0.529371 1.97267 57.54 5
118 5757 0.031744 6 0.529095 1.97455 57.57 5
119 5759 0.020919 6 0.528911 1.97567 57.59 5
121 5760 0.010975 6 0.528819 1.97605 57.6 5
122 5762 0.023055 6 0.528636 1.97717 57.62 5
124 5767 0.058424 6 0.528178 1.98089 57.67 5
125 5768 0.011385 6 0.528086 1.9809 57.68 5
127 5769 0.013367 6 0.527994 1.98164 57.69 5
129 5770 0.013326 6 0.527903 1.98201 57.7 5
131 5774 0.050018 6 0.527537 1.9835 57.74 5
133 5775 0.014273 6 0.527446 1.98388 57.75 5
135 5776 0.016347 6 0.527355 1.98462 57.76 5
136 5777 0.012851 6 0.527263 1.98462 57.77 5
138 5778 0.014433 6 0.527172 1.98536 57.78 5
139 5780 0.029402 6 0.52699 1.98647 57.8 5
140 5781 0.014973 6 0.526898 1.98684 57.81 5
142 5784 0.045111 6 0.526625 1.98758 57.84 5
143 5785 0.01603 6 0.526534 1.98795 57.85 5
145 5786 0.017439 6 0.526443 1.98869 57.86 5
148 5787 0.014286 6 0.526352 1.98906 57.87 5
149 5789 0.034057 6 0.52617 1.98979 57.89 5
151 5790 0.020502 6 0.526079 1.99089 57.9 5
152 5792 0.041287 6 0.525898 1.99235 57.92 5
154 5793 0.018983 6 0.525807 1.99272 57.93 5
155 5794 0.021012 6 0.525716 1.99345 57.94 5
157 5795 0.018689 6 0.525626 1.99418 57.95 5
158 5797 0.038678 6 0.525444 1.99491 57.97 5
161 5799 0.041983 6 0.525263 1.996 57.99 5
162 5800 0.019177 6 0.525172 1.99637 58 5
163 5801 0.02275 6 0.525082 1.9971 58.01 5
165 5803 0.038961 6 0.524901 1.99782 58.03 5
170 5804 0.02306 6 0.52481 1.99819 58.04 5
172 5805 0.021684 6 0.52472 1.99855 58.05 5
175 5807 0.044398 6 0.524539 1.99964 58.07 5
176 5808 0.01995 6 0.524449 1.99964 58.08 5
180 5810 0.04579 6 0.524269 2.00072 58.1 5
186 5811 0.023403 6 0.524178 2.00072 58.11 5
187 5813 0.05693 6 0.523998 2.00217 58.13 5
189 5814 0.026032 6 0.523908 2.00253 58.14 5
193 5815 0.02631 6 0.523818 2.00289 58.15 5
194 5816 0.025852 6 0.523728 2.00325 58.16 5
195 5817 0.028316 6 0.523638 2.00361 58.17 5
198 5818 0.027484 6 0.523548 2.00397 58.18 5
200 5819 0.030334 6 0.523458 2.00433 58.19 5
