3072441
1 67794 0.348959 1 0.999602 1.18519 2.20652
2 111467 0.438099 4 0.992599 1.08 3.62796
3 150048 0.641306 7 0.986564 1.08333 4.88367
4 187364 0.968822 7 0.981053 1.08676 6.09821
5 223455 1.3697 9 0.975915 1.09439 7.27288
6 259020 1.79285 9 0.970137 1.09709 8.43043
7 293979 2.34012 9 0.964926 1.10086 9.56826
8 328599 2.99156 10 0.958901 1.10011 10.695
9 361840 3.65027 10 0.953145 1.1008 11.777
10 394405 4.17908 10 0.94747 1.1046 12.8369
11 425774 4.76266 10 0.941227 1.10734 13.8578
12 455803 5.34848 10 0.935222 1.10936 14.8352
13 484517 5.92706 12 0.928665 1.11206 15.7698
14 511840 6.57053 12 0.92204 1.11616 16.6591
15 538003 7.13875 14 0.915605 1.11966 17.5106
16 562671 7.54659 14 0.909382 1.12285 18.3135
17 586313 8.11569 14 0.903052 1.12684 19.083
18 608600 8.56555 16 0.896802 1.1311 19.8084
19 629601 8.92506 16 0.890667 1.13505 20.4919
20 649614 9.34609 18 0.88421 1.13929 21.1433
21 668479 9.60373 18 0.878053 1.14451 21.7573
22 686383 10.2661 18 0.871993 1.15 22.34
23 703367 10.3654 23 0.866026 1.15477 22.8928
24 719626 10.8181 23 0.860212 1.15977 23.422
25 734772 10.6744 23 0.854592 1.1644 23.9149
26 749246 11.1903 23 0.848976 1.17004 24.386
27 762759 11.0835 23 0.84358 1.17508 24.8258
28 775813 11.5389 23 0.838163 1.18083 25.2507
29 788046 11.5897 23 0.833011 1.18596 25.6489
30 799893 12.0021 25 0.827896 1.19091 26.0344
31 811050 12.1235 26 0.822854 1.19631 26.3976
32 821751 12.3411 26 0.81805 1.20127 26.7459
33 831766 12.1952 26 0.813474 1.20673 27.0718
34 841382 12.3475 26 0.808851 1.21192 27.3848
35 850556 12.4163 26 0.804441 1.21681 27.6834
36 859353 12.6726 26 0.800276 1.22222 27.9697
37 867760 12.819 26 0.796134 1.22707 28.2433
38 875983 13.1121 26 0.792006 1.23215 28.511
39 883783 13.1436 26 0.788057 1.23752 28.7648
40 891284 13.3142 26 0.784193 1.24269 29.009
41 898410 13.0114 26 0.780449 1.24788 29.2409
42 905315 13.3196 26 0.776817 1.25273 29.4657
43 911963 13.3287 26 0.773296 1.25782 29.682
44 918345 13.3067 26 0.769837 1.26271 29.8898
45 924431 13.3322 26 0.76653 1.26744 30.0878
46 930405 13.9936 26 0.763246 1.27243 30.2823
47 936217 13.7703 26 0.760002 1.27757 30.4714
48 941772 13.7637 26 0.756892 1.28265 30.6522
49 947123 13.8266 26 0.753926 1.28737 30.8264
50 952242 13.7319 26 0.751086 1.29222 30.993
51 957173 29.949 26 0.748346 1.29686 31.1535
52 961924 36.5936 26 0.745693 1.30172 31.3081
53 966694 21.9013 26 0.743019 1.30636 31.4634
54 971162 18.5813 27 0.74047 1.31061 31.6088
55 975584 17.9392 27 0.737981 1.31505 31.7527
56 979837 17.3037 27 0.735558 1.3193 31.8912
57 983889 16.7585 27 0.733176 1.32347 32.023
58 987874 17.7172 27 0.730855 1.32782 32.1527
59 991859 17.2479 27 0.7285 1.33253 32.2824
60 995588 16.6469 27 0.726336 1.3367 32.4038
61 999256 16.6738 27 0.724191 1.34092 32.5232
62 1002806 16.5627 27 0.722122 1.34497 32.6387
63 1006168 16.1216 27 0.720168 1.34882 32.7482
64 1009496 16.3229 27 0.718224 1.35289 32.8565
65 1012767 16.4644 27 0.716276 1.35685 32.9629
66 1016047 16.9218 27 0.71437 1.36106 33.0697
67 1019064 16.0351 27 0.712585 1.36495 33.1679
68 1022048 16.2575 27 0.710821 1.36883 33.265
69 1024936 16.4987 27 0.70909 1.37255 33.359
70 1027797 16.6645 27 0.707406 1.37626 33.4521
71 1030545 16.4742 27 0.705793 1.37999 33.5416
72 1033283 16.908 27 0.704171 1.38375 33.6307
73 1035945 16.9246 27 0.70261 1.38746 33.7173
74 1038451 16.2199 27 0.701104 1.39103 33.7989
75 1040829 16.0354 27 0.699698 1.39441 33.8763
76 1043295 17.0782 27 0.698249 1.39775 33.9566
77 1045752 17.4694 27 0.696811 1.40142 34.0365
78 1048089 16.9973 27 0.695435 1.40479 34.1126
79 1050381 17.1189 27 0.694072 1.40832 34.1872
80 1052559 16.7053 27 0.692779 1.41159 34.2581
81 1054750 16.7254 27 0.691473 1.41475 34.3294
82 1056827 15.633 27 0.690253 1.41792 34.397
83 1058963 17.3607 27 0.688985 1.42137 34.4665
84 1061058 17.2665 27 0.687775 1.42467 34.5347
85 1063068 19.67 27 0.686592 1.4277 34.6001
86 1065073 17.8445 27 0.685382 1.4308 34.6654
87 1067071 17.745 27 0.68421 1.43399 34.7304
88 1068914 16.928 27 0.683114 1.43708 34.7904
89 1070772 17.4675 27 0.682028 1.44006 34.8509
90 1072569 16.6874 28 0.680981 1.4429 34.9093
91 1074361 17.1051 28 0.67994 1.44585 34.9677
92 1076073 16.4844 28 0.678934 1.44875 35.0234
93 1077789 16.9589 28 0.677916 1.45164 35.0792
94 1079432 16.6811 28 0.676941 1.4544 35.1327
95 1081053 16.7102 28 0.676001 1.45705 35.1855
96 1082618 16.3751 28 0.675094 1.45975 35.2364
97 1084201 19.0409 28 0.674167 1.46237 35.2879
98 1085774 31.9122 28 0.673241 1.46517 35.3391
99 1087302 22.9864 28 0.672351 1.46786 35.3889
100 1088796 20.0175 28 0.671485 1.47041 35.4375
101 1090363 21.2743 28 0.67057 1.47341 35.4885
102 1091800 20.4722 28 0.669722 1.47618 35.5353
103 1093238 16.191 28 0.66889 1.47873 35.5821
104 1094687 16.6347 28 0.668044 1.4814 35.6292
105 1096064 15.8695 28 0.667241 1.48388 35.674
106 1097387 15.3592 28 0.666475 1.48641 35.7171
107 1098677 15.549 28 0.665723 1.48881 35.7591
108 1099936 16.11 28 0.664991 1.49119 35.8001
109 1101218 20.4293 28 0.664246 1.49376 35.8418
110 1102492 20.2565 28 0.663509 1.49601 35.8833
111 1103748 19.6976 28 0.662773 1.49821 35.9241
112 1104935 16.1976 28 0.662092 1.50046 35.9628
113 1106160 16.771 28 0.661385 1.50312 36.0026
114 1107385 16.8786 28 0.660684 1.50545 36.0425
115 1108597 17.2439 28 0.659979 1.50782 36.082
116 1109748 16.9046 28 0.659316 1.50994 36.1194
117 1110842 16.1999 28 0.658691 1.5121 36.155
118 1111889 15.7022 28 0.658099 1.51424 36.1891
119 1113030 37.7698 28 0.65745 1.5165 36.2262
120 1114082 23.5369 28 0.656849 1.51851 36.2605
121 1115176 19.099 28 0.656223 1.52076 36.2961
122 1116189 18.0002 28 0.655641 1.52286 36.3291
123 1117204 18.1259 28 0.655061 1.52503 36.3621
124 1118243 18.7796 28 0.654473 1.5272 36.3959
125 1119251 18.5655 28 0.653902 1.52914 36.4287
126 1120235 18.3591 28 0.653336 1.53137 36.4607
127 1121175 17.5049 28 0.652799 1.53332 36.4913
128 1122124 18.6852 28 0.652263 1.53528 36.5222
129 1123029 18.4888 28 0.651753 1.53717 36.5517
130 1123949 19.165 28 0.651228 1.53901 36.5816
131 1124864 21.7775 28 0.650706 1.54089 36.6114
132 1125792 19.7742 28 0.650179 1.54277 36.6416
133 1126696 19.2273 29 0.64967 1.54462 36.671
134 1127644 20.0647 29 0.649136 1.54668 36.7019
135 1128533 19.29 29 0.648635 1.54866 36.7308
136 1129391 18.7069 29 0.648148 1.55047 36.7588
137 1130240 24.367 29 0.647672 1.55223 36.7864
138 1131105 20.9129 29 0.647185 1.55403 36.8145
139 1131938 17.7076 29 0.646717 1.55574 36.8417
140 1132796 19.0513 29 0.646233 1.55755 36.8696
141 1133600 18.5479 29 0.645787 1.55921 36.8957
142 1134387 17.3064 29 0.645342 1.56097 36.9214
143 1135147 18.0049 29 0.644915 1.56265 36.9461
144 1135943 22.8002 29 0.644472 1.56438 36.972
145 1136731 23.1861 29 0.644032 1.56608 36.9977
146 1137489 20.3016 29 0.643606 1.56776 37.0223
147 1138200 19.0816 29 0.643214 1.5693 37.0455
148 1138953 19.4325 29 0.642793 1.57094 37.07
149 1139705 19.2636 29 0.642373 1.57257 37.0944
150 1140417 21.5329 29 0.641977 1.57413 37.1176
151 1141093 17.3679 29 0.641599 1.57562 37.1396
152 1141784 17.71 29 0.641218 1.57707 37.1621
153 1142450 17.2048 29 0.64085 1.5786 37.1838
154 1143175 19.6618 29 0.640449 1.58022 37.2074
155 1143867 18.6014 29 0.640071 1.5817 37.2299
156 1144516 17.55 29 0.639714 1.58317 37.251
157 1145166 22.9979 29 0.639354 1.58466 37.2722
158 1145820 26.2431 29 0.638995 1.58615 37.2935
159 1146467 28.3447 29 0.63864 1.58758 37.3145
160 1147047 28.0351 29 0.638318 1.58892 37.3334
161 1147674 31.7754 29 0.637973 1.5904 37.3538
162 1148303 33.1367 29 0.637628 1.59187 37.3743
163 1148952 33.6188 29 0.637275 1.5934 37.3954
164 1149538 34.0991 29 0.636951 1.59481 37.4145
165 1150152 37.6567 29 0.636616 1.59624 37.4345
166 1150757 37.1017 29 0.636284 1.59762 37.4542
167 1151321 37.1507 29 0.635976 1.59883 37.4725
168 1151924 45.5729 29 0.635646 1.60025 37.4921
169 1152527 49.3873 29 0.635315 1.6016 37.5118
170 1153086 47.4751 29 0.635011 1.60294 37.53
171 1153682 54.9276 29 0.634684 1.60427 37.5494
172 1154233 54.266 29 0.634384 1.60551 37.5673
173 1154799 70.2816 29 0.634074 1.60686 37.5857
174 1155328 110.329 29 0.633785 1.60808 37.6029
175 1155844 152.163 29 0.633504 1.60929 37.6197
176 1156389 225.21 29 0.63321 1.61049 37.6375
177 1156932 257.963 29 0.632914 1.61185 37.6551
178 1157433 259.36 29 0.632641 1.61302 37.6714
179 1157928 283.333 29 0.632372 1.61402 37.6876
180 1158458 319.472 29 0.632082 1.61527 37.7048
