1 0 0 0 nan nan 0 1
10 2113 0.103457 0 1 nan 21.13 2
17 2135 0.000469 1 0.989696 1 21.35 2
18 2764 0.038333 1 0.764472 1 27.64 2
25 2784 0.001184 2 0.75898 1.02385 27.84 3
26 3091 0.057459 2 0.683598 1.25767 30.91 3
33 3105 0.002576 2 0.680515 1.27016 31.05 3
34 3279 0.052209 3 0.644404 1.40909 32.79 3
40 3280 0 3 0.644207 1.4096 32.8 3
41 3301 0.004679 3 0.640109 1.42508 33.01 3
42 3409 0.040273 3 0.61983 1.51698 34.09 3
47 3410 0 3 0.619648 1.51735 34.1 3
48 3412 0.000138 3 0.619285 1.51886 34.12 3
49 3427 0.00459 3 0.616574 1.53044 34.27 3
50 3496 0.030274 3 0.604405 1.58207 34.96 3
56 3499 0.000615 3 0.603887 1.58369 34.99 3
57 3513 0.005641 3 0.60148 1.59357 35.13 3
58 3571 0.026945 3 0.591711 1.63237 35.71 4
63 3572 0 3 0.591545 1.63468 35.72 4
65 3580 0.005164 3 0.590223 1.64145 35.8 4
66 3610 0.023409 3 0.585319 1.666 36.1 4
71 3611 0 3 0.585156 1.66622 36.11 4
72 3614 0.000571 3 0.584671 1.66889 36.14 4
73 3626 0.00616 4 0.582736 1.68209 36.26 4
74 3657 0.021388 4 0.577796 1.70855 36.57 4
79 3660 0.000166 4 0.577322 1.71041 36.6 4
80 3664 0.001711 4 0.576692 1.71244 36.64 4
81 3671 0.006924 4 0.575592 1.71951 36.71 4
82 3696 0.020299 4 0.571699 1.7391 36.96 4
86 3697 0 4 0.571544 1.7399 36.97 4
87 3700 0.00049 4 0.571081 1.74165 37 4
88 3703 0.002641 4 0.570618 1.74528 37.03 4
89 3711 0.005634 4 0.569388 1.75031 37.11 4
90 3723 0.013661 4 0.567553 1.75963 37.23 4
95 3724 0 4 0.567401 1.76102 37.24 4
96 3728 0.003506 4 0.566792 1.76471 37.28 4
97 3734 0.00841 4 0.565881 1.76804 37.34 4
98 3745 0.016058 4 0.564219 1.77757 37.45 4
102 3746 0 4 0.564068 1.77893 37.46 4
103 3747 0 4 0.563918 1.77968 37.47 4
104 3751 0.001393 4 0.563316 1.78266 37.51 4
105 3763 0.010446 5 0.56152 1.7903 37.63 4
106 3771 0.014117 5 0.560329 1.79674 37.71 4
110 3772 0 5 0.56018 1.79807 37.72 4
111 3773 0 5 0.560032 1.7988 37.73 4
112 3774 0 5 0.559883 1.80012 37.74 4
113 3779 0.010187 5 0.559143 1.80372 37.79 4
114 3788 0.008107 5 0.557814 1.81194 37.88 4
119 3790 0.000239 5 0.55752 1.81336 37.9 4
120 3792 0.000389 5 0.557226 1.81537 37.92 4
121 3798 0.007541 5 0.556345 1.81958 37.98 4
122 3800 0.001121 5 0.556053 1.82217 38 4
127 3803 0.001185 5 0.555614 1.82367 38.03 4
128 3807 0.002532 5 0.55503 1.82645 38.07 4
129 3809 0.005609 5 0.554739 1.82842 38.09 4
130 3813 0.004561 5 0.554157 1.83176 38.13 4
134 3814 0 5 0.554012 1.83304 38.14 4
135 3815 0 5 0.553866 1.83431 38.15 4
136 3821 0.006049 5 0.552997 1.83899 38.21 4
137 3824 0.004206 5 0.552563 1.84278 38.24 4
138 3827 0.003945 5 0.55213 1.84597 38.27 4
141 3828 0 5 0.551985 1.84665 38.28 4
142 3830 7.9e-05 5 0.551697 1.84916 38.3 4
143 3831 0 5 0.551553 1.85041 38.31 4
144 3834 0.001218 5 0.551122 1.85299 38.34 4
145 3840 0.007809 5 0.55026 1.85756 38.4 4
146 3842 0.001419 5 0.549974 1.85888 38.42 4
149 3843 0 5 0.549831 1.85954 38.43 4
150 3844 0 5 0.549688 1.8602 38.44 4
151 3849 0.003335 5 0.548974 1.8629 38.49 4
152 3852 0.004659 5 0.548546 1.86429 38.52 4
157 3853 0 5 0.548404 1.86494 38.53 4
158 3855 0.000188 5 0.548119 1.86682 38.55 4
159 3856 0 5 0.547977 1.86747 38.56 4
160 3858 0.00371 5 0.547693 1.87049 38.58 4
162 3859 0 5 0.547551 1.87171 38.59 4
166 3861 0.000394 5 0.547268 1.87357 38.61 4
167 3862 0 5 0.547126 1.87421 38.62 4
168 3863 0 5 0.546984 1.87543 38.63 4
169 3868 0.003834 5 0.546277 1.87977 38.68 4
170 3869 0 5 0.546136 1.88098 38.69 4
175 3870 0 5 0.545995 1.88162 38.7 4
176 3873 0.005071 5 0.545572 1.88466 38.73 4
177 3875 0.001331 5 0.54529 1.88706 38.75 4
178 3877 0.000315 5 0.545009 1.88946 38.77 4
182 3879 0.000624 5 0.544728 1.89015 38.79 4
184 3881 0.001486 5 0.544447 1.89027 38.81 5
185 3882 0 5 0.544307 1.89146 38.82 5
186 3884 0.000389 5 0.544027 1.89272 38.84 5
187 3885 0 5 0.543887 1.89334 38.85 5
188 3886 0 5 0.543747 1.89453 38.86 5
190 3887 0 5 0.543607 1.89459 38.87 5
191 3891 0.004351 5 0.543048 1.8982 38.91 5
193 3894 0.002565 5 0.54263 1.90118 38.94 5
194 3895 0 5 0.54249 1.9018 38.95 5
198 3897 0.001409 6 0.542212 1.90415 38.97 5
200 3898 5.8e-05 6 0.542073 1.90532 38.98 5
