1 785930 4.10848
2 1215438 1.95819
3 1509454 1.71577
4 1730945 1.449
5 1903567 1.40021
6 2042346 1.38015
7 2155979 1.31019
8 2249203 1.29899
9 2328026 1.33161
10 2394449 1.33532
11 2451527 1.40691
12 2500947 1.40224
13 2543033 1.38869
14 2579938 1.40369
15 2612251 1.41896
16 2641533 1.45067
17 2667436 1.48999
18 2690960 1.51859
19 2712201 1.47896
20 2731363 1.49949
21 2748980 1.51044
22 2764865 1.52312
23 2779530 1.53794
24 2793298 1.53518
25 2805741 1.56697
26 2817252 1.53171
27 2828078 1.56194
28 2838211 1.55804
29 2847551 1.5454
30 2856688 1.57822
31 2865204 1.59187
32 2873182 1.5896
33 2880627 1.56671
34 2887701 1.59455
35 2894578 1.67488
36 2901000 1.61064
37 2907166 1.60989
38 2912777 1.61647
39 2918216 1.58043
40 2923418 1.60385
41 2928402 1.59986
42 2933157 1.58171
43 2937603 1.57304
44 2942085 1.61939
45 2946395 1.577
46 2950465 1.58523
47 2954469 1.58972
48 2958262 1.63398
49 2961844 1.57404
50 2965222 1.6068
51 2968548 1.62675
52 2971803 1.59808
53 2974850 1.58326
54 2977841 1.59214
55 2980724 1.57913
56 2983602 1.55392
57 2986326 1.61798
58 2988889 1.53093
59 2991364 1.53309
60 2993857 1.55193
61 2996368 1.53767
62 2998657 1.55016
63 3000889 1.54713
64 3003077 1.54389
65 3005105 1.54449
66 3007171 1.55591
67 3009113 1.52843
68 3011014 1.49029
69 3012874 1.49334
70 3014600 1.53428
71 3016452 1.5131
72 3018234 1.52431
73 3019868 1.53301
74 3021430 1.47728
75 3022968 1.5044
76 3024466 1.51538
77 3026006 1.52095
78 3027433 1.50198
79 3028875 1.49102
80 3030276 1.46366
81 3031683 1.45933
82 3032981 1.47501
83 3034305 1.42974
84 3035615 1.52207
85 3036959 1.47729
86 3038187 1.48758
87 3039357 1.43406
88 3040584 1.44581
89 3041669 1.45317
90 3042782 1.44143
91 3043945 1.50461
92 3045090 1.43202
93 3046168 1.48123
94 3047281 1.46055
95 3048303 1.45022
96 3049346 1.47939
97 3050206 1.44688
98 3051123 1.46984
99 3052081 1.48736
100 3053043 1.44168
101 3053967 1.39657
102 3054880 1.41487
103 3055765 1.41983
104 3056654 1.44221
105 3057450 1.42264
106 3058239 1.43996
107 3059026 1.41606
108 3059861 1.39567
109 3060621 1.41927
110 3061437 1.40954
111 3062221 1.4112
112 3063006 1.42814
113 3063714 1.39749
114 3064472 1.38244
115 3065141 1.38289
116 3065915 1.40535
117 3066622 1.3697
118 3067284 1.39854
119 3067912 1.36618
120 3068573 1.40985
121 3069184 1.40976
122 3069770 1.38382
123 3070364 1.35798
124 3070923 1.35962
125 3071537 1.37092
126 3072139 1.36302
127 3072705 1.36892
128 3073263 1.31194
129 3073836 1.38829
130 3074413 1.34877
131 3074964 1.36753
132 3075449 1.35677
133 3075946 1.37031
134 3076479 1.34194
135 3077040 1.40588
136 3077501 1.33224
137 3078048 1.37394
138 3078597 1.358
139 3079111 1.3579
140 3079565 1.29097
141 3080019 1.31195
142 3080461 1.35364
143 3080906 1.3457
144 3081358 1.33221
145 3081791 1.31202
146 3082241 1.38189
147 3082664 1.27201
148 3083119 1.30426
149 3083592 1.31349
150 3084008 1.32906
151 3084413 1.28216
152 3084860 1.31554
153 3085276 1.27841
154 3085657 1.31036
155 3086006 1.2636
156 3086395 1.35019
157 3086744 1.30855
158 3087077 1.35296
159 3087442 1.30071
160 3087816 1.3355
161 3088188 1.35448
162 3088558 1.32989
163 3088909 1.28478
164 3089222 1.25031
165 3089525 1.28457
166 3089911 1.34952
167 3090225 1.27617
168 3090549 1.27792
169 3090848 1.28734
170 3091194 1.33213
171 3091531 1.29842
172 3091828 1.27613
173 3092147 1.33822
174 3092448 1.35296
175 3092769 1.36912
176 3093077 1.28525
177 3093375 1.22891
178 3093645 1.27974
179 3093894 1.27352
180 3094165 1.27568
181 3094463 1.34861
182 3094752 1.33632
183 3095044 1.30224
184 3095342 1.25961
185 3095645 1.31979
186 3095914 1.31678
187 3096208 1.26362
188 3096496 1.29754
189 3096795 1.38091
190 3097093 1.33523
191 3097356 1.25923
192 3097651 1.2642
193 3097950 1.3084
194 3098190 1.28229
195 3098438 1.30067
196 3098724 1.31724
197 3098981 1.31904
198 3099200 1.26145
199 3099444 1.27566
200 3099445 0.027735
