1 67767 1.14346
2 111021 0.221651
3 149300 0.236565
4 186462 0.218676
5 222480 0.257143
6 258008 0.281132
7 292962 0.280961
8 327584 0.301491
9 360973 0.330667
10 393610 0.358922
11 425007 0.397275
12 455176 0.414601
13 483930 0.435346
14 511319 0.472461
15 537520 0.50843
16 562247 0.545923
17 585931 0.603701
18 608272 0.63325
19 629289 0.694487
20 649339 0.723381
21 668216 0.744793
22 686186 0.799159
23 703166 0.839897
24 719445 0.934207
25 734603 0.94224
26 749125 0.972279
27 762631 0.983323
28 775705 1.05793
29 787943 1.09499
30 799805 1.13422
31 810974 1.18135
32 821662 1.23034
33 831692 1.25732
34 841336 1.3219
35 850491 1.35983
36 859294 1.40787
37 867703 1.46047
38 875942 1.50924
39 883754 1.53782
40 891242 1.58406
41 898371 1.63406
42 905303 1.66993
43 911949 1.66238
44 918305 1.74264
45 924402 1.73301
46 930392 1.78616
47 936189 1.84258
48 941746 1.87443
49 947103 1.90156
50 952225 1.90447
51 957154 1.9158
52 961890 2.02416
53 966669 2.05717
54 971149 2.03182
55 975572 2.03414
56 979831 2.10921
57 983869 2.12926
58 987849 2.21532
59 991831 2.22513
60 995548 2.2203
61 999223 2.25005
62 1002783 2.28517
63 1006141 2.32896
64 1009475 2.31097
65 1012735 2.33362
66 1016009 2.39708
67 1019026 2.39563
68 1021995 2.44488
69 1024886 2.42333
70 1027745 2.45965
71 1030506 2.48112
72 1033236 2.48029
73 1035905 2.52005
74 1038417 2.51372
75 1040805 2.59595
76 1043287 2.57804
77 1045762 2.57328
78 1048090 2.59515
79 1050375 2.68355
80 1052545 2.58454
81 1054727 2.60756
82 1056792 2.67468
83 1058923 2.69599
84 1061011 2.72582
85 1063024 2.73906
86 1065041 2.70179
87 1067045 2.7734
88 1068896 2.74382
89 1070773 2.7426
90 1072579 2.77403
91 1074367 2.80464
92 1076074 2.7518
93 1077798 2.76482
94 1079439 2.78743
95 1081048 2.81254
96 1082602 2.75568
97 1084185 2.76948
98 1085759 2.85381
99 1087280 2.78304
100 1088777 2.8358
101 1090346 2.87237
102 1091787 2.90096
103 1093216 2.84619
104 1094672 2.89952
105 1096058 2.92241
106 1097399 2.8485
107 1098696 2.88934
108 1099959 2.8711
109 1101261 2.92282
110 1102514 2.90693
111 1103782 2.87705
112 1104978 2.9914
113 1106206 2.9607
114 1107425 2.93796
115 1108632 2.92201
116 1109775 2.95293
117 1110877 2.95078
118 1111917 2.97106
119 1113049 2.96429
120 1114101 2.93384
121 1115211 2.93786
122 1116213 2.96312
123 1117234 2.98816
124 1118250 2.929
125 1119255 2.96867
126 1120229 2.97628
127 1121162 3.02055
128 1122102 2.94136
129 1123007 2.92698
130 1123939 3.0071
131 1124851 2.88954
132 1125789 2.90153
133 1126696 2.9827
134 1127628 2.98516
135 1128504 2.96359
136 1129356 2.95763
137 1130218 3.0188
138 1131091 2.92838
139 1131930 2.91959
140 1132787 2.93374
141 1133577 2.93442
142 1134361 2.98353
143 1135136 2.97455
144 1135939 3.01157
145 1136733 2.96066
146 1137487 2.99395
147 1138193 2.97992
148 1138936 2.98079
149 1139678 3.08285
150 1140398 2.95257
151 1141069 2.99491
152 1141741 2.98389
153 1142391 2.9692
154 1143124 3.04212
155 1143810 3.02477
156 1144475 2.9386
157 1145131 2.99331
158 1145792 2.98123
159 1146426 3.02179
160 1147005 2.91341
161 1147645 2.97381
162 1148278 2.92636
163 1148945 2.98647
164 1149536 2.90786
165 1150145 3.01081
166 1150749 2.93308
167 1151312 3.04035
168 1151920 2.96203
169 1152518 3.02503
170 1153070 2.94147
171 1153672 2.98544
172 1154222 2.97342
173 1154789 2.98619
174 1155327 3.04075
175 1155849 2.9953
176 1156399 2.89286
177 1156951 3.07093
178 1157452 3.02001
179 1157950 3.01929
180 1158479 2.89291
181 1158960 2.95324
182 1159442 2.93934
183 1159956 2.98019
184 1160453 2.95533
185 1160972 3.05922
186 1161459 2.95122
187 1161969 2.97377
188 1162450 2.9586
189 1162943 3.0004
190 1163425 2.99548
191 1163874 2.96662
192 1164326 2.94494
193 1164770 2.93814
194 1165191 2.94987
195 1165637 2.94107
196 1166090 2.99955
197 1166520 2.92788
198 1166978 2.87141
199 1167395 2.98834
200 1167396 0.022241
