1 25709 0.435016 0 1 0.999961 7.67747
2 63035 0.24319 3 0.921139 0.921123 18.8241
3 112521 0.359105 6 0.850135 0.850126 33.6021
4 169349 0.493976 6 0.7896 0.789594 50.5726
5 221187 0.59754 8 0.740283 0.740279 66.053
6 241076 0.405077 11 0.683141 0.683137 71.9924
7 255367 0.300242 13 0.645385 0.645381 76.2601
8 265684 0.253087 16 0.620387 0.620384 79.3411
9 273033 0.741865 19 0.603693 0.603689 81.5357
10 278611 0.187386 20 0.591606 0.591603 83.2015
11 282755 0.186582 22 0.582936 0.582932 84.439
12 286098 0.157669 23 0.576124 0.576121 85.4373
13 288687 0.128711 27 0.570957 0.570954 86.2105
14 290796 0.112658 28 0.566817 0.566813 86.8403
15 292512 0.103061 32 0.563491 0.563488 87.3527
16 293893 0.093131 34 0.560844 0.56084 87.7651
17 295063 0.088651 34 0.55862 0.558616 88.1145
18 296066 0.086099 36 0.556727 0.556724 88.4141
19 296924 0.076904 36 0.555118 0.555115 88.6703
20 297623 0.069469 37 0.553815 0.553811 88.879
21 298272 0.068955 37 0.55261 0.552606 89.0728
22 298883 0.069982 37 0.55148 0.551477 89.2553
23 299439 0.063539 38 0.550456 0.550453 89.4213
24 299880 0.059365 38 0.549647 0.549643 89.553
25 300313 0.059504 38 0.548854 0.548851 89.6823
26 300713 0.065188 38 0.548124 0.548121 89.8018
27 301059 0.062566 38 0.547494 0.547491 89.9051
28 301382 0.05511 38 0.546907 0.546904 90.0016
29 301672 0.050142 38 0.546382 0.546378 90.0882
30 301960 0.050144 38 0.54586 0.545857 90.1742
31 302221 0.045248 38 0.545389 0.545386 90.2521
32 302419 0.044386 39 0.545032 0.545029 90.3113
33 302650 0.045514 40 0.544616 0.544613 90.3802
34 302848 0.043012 40 0.54426 0.544257 90.4394
35 303072 0.04374 40 0.543858 0.543854 90.5063
36 303245 0.042189 40 0.543547 0.543544 90.5579
37 303410 0.04069 40 0.543252 0.543248 90.6072
38 303563 0.042101 40 0.542978 0.542975 90.6529
39 303690 0.040306 40 0.542751 0.542748 90.6908
40 303855 0.042862 40 0.542456 0.542453 90.7401
41 303976 0.038118 40 0.54224 0.542237 90.7762
42 304098 0.044973 40 0.542023 0.542019 90.8127
43 304224 0.043043 40 0.541798 0.541795 90.8503
44 304328 0.040676 40 0.541613 0.54161 90.8813
45 304434 0.0369 40 0.541424 0.541421 90.913
46 304540 0.03939 40 0.541236 0.541233 90.9447
47 304651 0.036059 40 0.541039 0.541035 90.9778
48 304736 0.040016 40 0.540888 0.540885 91.0032
49 304827 0.035963 40 0.540726 0.540723 91.0304
50 304828 3.1e-05 40 0.540725 0.540721 91.0307
