1 25709 0.4918
2 63035 0.137941
3 112521 0.229632
4 169349 0.33854
5 221187 0.391811
6 241076 0.264491
7 255367 0.246258
8 265684 0.217396
9 273033 0.188782
10 278611 0.166476
11 282755 0.148135
12 286098 0.134825
13 288687 0.12129
14 290796 0.114978
15 292512 0.102192
16 293893 0.09288
17 295063 0.088275
18 296066 0.08308
19 296924 0.078532
20 297623 0.070081
21 298272 0.073889
22 298883 0.072508
23 299439 0.070556
24 299880 0.064792
25 300313 0.063318
26 300713 0.058349
27 301059 0.061879
28 301382 0.057984
29 301672 0.057461
30 301960 0.058357
31 302221 0.050827
32 302419 0.051052
33 302650 0.048285
34 302848 0.048998
35 303072 0.050836
36 303245 0.04821
37 303410 0.045999
38 303563 0.048694
39 303690 0.04772
40 303855 0.047212
41 303976 0.045295
42 304098 0.048
43 304224 0.046616
44 304328 0.049712
45 304434 0.043579
46 304540 0.046584
47 304651 0.041194
48 304736 0.04475
49 304827 0.04198
50 304914 0.042803
51 305022 0.04269
52 305107 0.039223
53 305187 0.044846
54 305254 0.040142
55 305346 0.036292
56 305414 0.039488
57 305477 0.041252
58 305537 0.040844
59 305617 0.044814
60 305691 0.041989
61 305739 0.037255
62 305793 0.039188
63 305845 0.038857
64 305891 0.036319
65 305941 0.040363
66 305988 0.038011
67 306052 0.039704
68 306103 0.044749
69 306152 0.038553
70 306195 0.038326
71 306243 0.036377
72 306283 0.03813
73 306322 0.041815
74 306365 0.040475
75 306401 0.038156
76 306430 0.037526
77 306457 0.034892
78 306503 0.034745
79 306543 0.036394
80 306589 0.041719
81 306612 0.038381
82 306639 0.033706
83 306659 0.037824
84 306704 0.036388
85 306740 0.036234
86 306762 0.035289
87 306795 0.036797
88 306815 0.035574
89 306839 0.032729
90 306868 0.038544
91 306899 0.037882
92 306920 0.027294
93 306936 0.034584
94 306951 0.03702
95 306980 0.038678
96 307010 0.037326
97 307033 0.033738
98 307049 0.034156
99 307066 0.032893
100 307087 0.031921
101 307121 0.041763
102 307146 0.044424
103 307160 0.02429
104 307182 0.037166
105 307199 0.0377
106 307218 0.033415
107 307239 0.036591
108 307259 0.034831
109 307284 0.034441
110 307300 0.033466
111 307313 0.033007
112 307335 0.035005
113 307351 0.03374
114 307365 0.03659
115 307394 0.037089
116 307417 0.034133
117 307438 0.036331
118 307454 0.036699
119 307476 0.03127
120 307499 0.036956
121 307513 0.037235
122 307523 0.024576
123 307539 0.037441
124 307550 0.033155
125 307566 0.035385
126 307580 0.030971
127 307594 0.030667
128 307615 0.036698
129 307642 0.044209
130 307653 0.04847
131 307660 0.019477
132 307675 0.039754
133 307690 0.029691
134 307699 0.026514
135 307707 0.037768
136 307717 0.037928
137 307741 0.031858
138 307747 0.030712
139 307757 0.036938
140 307765 0.029877
141 307777 0.030849
142 307782 0.039242
143 307799 0.03308
144 307816 0.034088
145 307831 0.032354
146 307837 0.025974
147 307851 0.040756
148 307869 0.042571
149 307883 0.036269
150 307890 0.034808
151 307898 0.020844
152 307914 0.047658
153 307918 0.023808
154 307924 0.03775
155 307933 0.033259
156 307942 0.039968
157 307953 0.026368
158 307958 0.044165
159 307961 0.009318
160 307969 0.053448
161 307973 0.035767
162 307985 0.039452
163 307988 0.014196
164 307999 0.046734
165 308006 0.040222
166 308020 0.037811
167 308029 0.022606
168 308033 0.032328
169 308037 0.037839
170 308039 0.025429
171 308051 0.037971
172 308054 0.029352
173 308072 0.037771
174 308076 0.028938
175 308082 0.039592
176 308085 0.016253
177 308097 0.044488
178 308113 0.044383
179 308115 0.013664
180 308119 0.046683
181 308127 0.027597
182 308136 0.034805
183 308145 0.032485
184 308151 0.032923
185 308162 0.02882
186 308165 0.039522
187 308170 0.020156
188 308176 0.035055
189 308186 0.041112
190 308200 0.029303
191 308205 0.037848
192 308212 0.029321
193 308227 0.026865
194 308238 0.037356
195 308241 0.030271
196 308247 0.0295
197 308255 0.031465
198 308259 0.037783
199 308265 0.022367
200 308266 0.007911
