1 0 0 0 nan nan 0 1
6 160 0.002859 0 1 nan 40 2
9 165 5e-05 1 0.969697 1 41.25 2
10 175 0.000184 1 0.914286 1 43.75 2
14 190 0.000252 1 0.842105 1.5 47.5 3
17 192 3.9e-05 1 0.833333 1.71875 48 3
18 198 0.000418 1 0.808081 2.23684 49.5 3
20 205 0.000209 2 0.780488 2.48889 51.25 3
23 206 0 2 0.776699 2.52174 51.5 3
24 210 0.000263 2 0.761905 2.68 52.5 3
26 211 0 2 0.758294 2.70588 52.75 3
27 215 0.000143 3 0.744186 2.65455 53.75 3
28 218 0.000201 4 0.733945 2.63793 54.5 3
29 223 0.000397 5 0.717489 2.5873 55.75 4
35 226 9.7e-05 6 0.707965 2.59091 56.5 4
37 229 9.2e-05 6 0.69869 2.63768 57.25 4
42 233 0.000184 6 0.686695 2.71233 58.25 4
44 239 0.000147 12 0.669456 2.59494 59.75 4
45 244 0.000264 13 0.655738 2.57143 61 5
46 250 0.000326 14 0.64 2.53333 62.5 5
50 251 2.6e-05 15 0.63745 2.52747 62.75 5
