1 0 0 0 nan nan 0 1
3 3744 0.052678 2 0.999199 1 37.44 2
4 4959 0.032158 2 0.754386 1.00082 49.59 2
5 5620 0.028156 3 0.665658 1.30761 56.2 3
6 5994 0.014437 3 0.624124 1.46205 59.94 3
7 6247 0.010089 3 0.598847 1.56305 62.47 3
8 6431 0.009136 4 0.581714 1.63457 64.31 3
9 6577 0.008471 4 0.5688 1.69252 65.77 4
10 6679 0.006961 4 0.560114 1.73077 66.79 4
11 6748 0.005673 4 0.554386 1.75457 67.48 4
12 6836 0.005577 4 0.54725 1.78611 68.36 4
13 6896 0.00515 4 0.542488 1.80729 68.96 4
14 6939 0.004511 4 0.539127 1.8227 69.39 4
15 6982 0.00413 4 0.535806 1.83616 69.82 4
16 7025 0.004628 4 0.532527 1.85079 70.25 4
17 7052 0.003885 4 0.530488 1.85956 70.52 4
18 7075 0.003216 5 0.528763 1.86713 70.75 4
19 7106 0.003718 5 0.526457 1.87697 71.06 4
20 7126 0.003656 5 0.524979 1.8836 71.26 4
21 7151 0.003636 5 0.523144 1.8915 71.51 4
22 7171 0.002869 5 0.521685 1.89796 71.71 4
23 7190 0.002874 5 0.520306 1.90374 71.9 5
24 7202 0.003022 6 0.519439 1.90667 72.02 5
25 7216 0.002699 6 0.518431 1.91108 72.16 5
26 7223 0.002074 6 0.517929 1.91327 72.23 5
27 7235 0.003259 6 0.51707 1.917 72.35 5
28 7247 0.003419 6 0.516214 1.92071 72.47 5
29 7258 0.002152 6 0.515431 1.9238 72.58 5
30 7268 0.002617 6 0.514722 1.92685 72.68 5
31 7274 0.002188 6 0.514297 1.92867 72.74 5
32 7280 0.001828 6 0.513874 1.93021 72.8 5
33 7287 0.001867 6 0.51338 1.93232 72.87 5
34 7294 0.002307 6 0.512887 1.93442 72.94 5
35 7301 0.00232 6 0.512396 1.93596 73.01 5
36 7310 0.002041 6 0.511765 1.93836 73.1 5
37 7318 0.001987 6 0.511205 1.94045 73.18 5
38 7327 0.001861 6 0.510577 1.94311 73.27 5
39 7332 0.001776 6 0.510229 1.94458 73.32 5
40 7334 0.000909 6 0.51009 1.94489 73.34 5
41 7340 0.001962 6 0.509673 1.94665 73.4 5
42 7343 0.001326 6 0.509465 1.94753 73.43 5
43 7347 0.00181 6 0.509187 1.94842 73.47 5
44 7350 0.001136 6 0.50898 1.94929 73.5 5
45 7352 0.002241 6 0.508841 1.9496 73.52 5
46 7356 0.00187 6 0.508564 1.95076 73.56 5
47 7359 0.001324 6 0.508357 1.95135 73.59 5
48 7363 0.001093 6 0.508081 1.95251 73.63 5
49 7367 0.000962 6 0.507805 1.95367 73.67 5
50 7368 2.5e-05 6 0.507736 1.95396 73.68 5
