3072441
1 67767 0.360786
2 110959 0.240757
3 149046 0.229133
4 185900 0.237323
5 221607 0.253608
6 256597 0.269315
7 291300 0.277395
8 325274 0.304132
9 358263 0.325349
10 390526 0.347805
11 421409 0.373026
12 451260 0.385792
13 479481 0.410818
14 506492 0.456615
15 532544 0.475645
16 557137 0.51268
17 580531 0.589931
18 602751 0.595627
19 623639 0.630487
20 643313 0.666611
21 662250 0.689805
22 680092 0.73309
23 697048 0.775144
24 713303 0.810317
25 728568 0.845786
26 742951 0.891211
27 756616 0.908456
28 769587 0.976424
29 782057 1.04838
30 793888 1.08006
31 805080 1.10586
32 815931 1.1172
33 826144 1.21672
34 835751 1.1911
35 845127 1.26494
36 854122 1.30212
37 862582 1.38467
38 870797 1.39878
39 878752 1.43955
40 886348 1.45914
41 893581 1.50219
42 900581 1.53713
43 907316 1.54036
44 913770 1.61774
45 920020 1.65704
46 926000 1.632
47 931824 1.68091
48 937494 1.73265
49 942970 1.74574
50 948225 1.85098
51 953283 1.81315
52 958146 1.84888
53 962842 1.86908
54 967498 1.92572
55 972024 1.91934
56 976363 2.02161
57 980465 1.97438
58 984543 2.05471
59 988433 2.05612
60 992403 2.10707
61 996033 2.13658
62 999618 2.10223
63 1003142 2.14676
64 1006540 2.1439
65 1009820 2.24084
66 1013099 2.24624
67 1016274 2.23636
68 1019242 2.33527
69 1022207 2.27043
70 1025139 2.31036
71 1027934 2.33556
72 1030645 2.31973
73 1033355 2.36225
74 1035997 2.39053
75 1038530 2.37142
76 1040961 2.38985
77 1043437 2.45096
78 1045826 2.56375
79 1048129 2.81297
80 1050391 2.77794
81 1052597 2.81202
82 1054796 2.9742
83 1056867 2.99451
84 1059031 3.25844
85 1061092 3.12502
86 1063051 3.13592
87 1065083 3.12284
88 1067024 3.01856
89 1068904 3.04053
90 1070783 3.16369
91 1072600 2.91226
92 1074393 2.94734
93 1076077 2.85198
94 1077779 2.97055
95 1079423 2.88599
96 1081050 2.84859
97 1082629 2.83895
98 1084187 3.06153
99 1085742 2.90822
100 1087241 2.84946
101 1088779 2.93096
102 1090331 2.88544
103 1091804 2.91687
104 1093226 2.87199
105 1094672 2.90931
106 1096028 2.86932
107 1097347 2.8963
108 1098678 2.81748
109 1099930 2.96287
110 1101202 3.00087
111 1102438 2.83261
112 1103722 2.95919
113 1104916 2.92366
114 1106100 2.92927
115 1107291 2.91268
116 1108456 2.93835
117 1109593 2.99182
118 1110733 2.94832
119 1111826 2.95998
120 1112932 2.93613
121 1114000 2.96083
122 1115068 3.01256
123 1116102 2.91981
124 1117097 2.9462
125 1118129 2.84003
126 1119103 2.93407
127 1120088 2.98557
128 1121010 2.92151
129 1121998 2.98748
130 1122944 3.17179
131 1123871 2.90448
132 1124793 2.91201
133 1125698 2.96455
134 1126584 2.92798
135 1127525 3.14615
136 1128366 3.1023
137 1129230 3.63112
138 1130067 2.98163
139 1130951 2.90989
140 1131779 2.92967
141 1132668 2.98237
142 1133430 2.94802
143 1134221 2.921
144 1134955 3.02486
145 1135713 3.08403
146 1136497 2.93652
147 1137275 3.02519
148 1137961 2.95401
149 1138714 2.99298
150 1139506 2.91791
151 1140188 3.22399
152 1140869 2.96742
153 1141570 2.98449
154 1142253 3.29363
155 1142978 3.01213
156 1143657 2.8738
157 1144349 2.98788
158 1145013 2.99744
159 1145679 2.94748
160 1146345 2.94934
161 1146930 2.92511
162 1147557 2.94962
163 1148193 3.04502
164 1148847 2.93013
165 1149468 2.97691
166 1150041 2.89695
167 1150671 2.94056
168 1151248 2.99627
169 1151799 3.00894
170 1152422 2.94169
171 1152989 2.95813
172 1153596 2.95205
173 1154107 2.99082
174 1154657 3.22865
175 1155213 3.22605
176 1155752 2.91582
177 1156322 2.96396
178 1156846 2.93775
179 1157396 2.9936
180 1157892 2.94119
181 1158400 2.93638
182 1158912 2.97152
183 1159421 3.06699
184 1159900 3.0159
185 1160371 3.03191
186 1160887 2.96223
187 1161364 2.9967
188 1161865 2.96538
189 1162337 3.04193
190 1162865 2.98371
191 1163333 2.93985
192 1163812 2.96532
193 1164271 2.93202
194 1164726 2.93867
195 1165168 2.9228
196 1165638 2.93317
197 1166046 2.9206
198 1166469 3.28782
199 1166910 2.95437
200 1167333 2.97317
201 1167769 3.01665
202 1168185 2.92801
203 1168591 2.97894
204 1169027 2.93393
205 1169456 2.97145
206 1169861 2.88438
207 1170232 2.91542
208 1170623 2.83066
209 1171008 2.94491
210 1171360 2.92656
211 1171746 3.01801
212 1172164 2.98116
213 1172521 3.03023
214 1172852 2.88702
215 1173239 2.91612
216 1173640 3.02202
217 1173992 2.88095
218 1174376 2.9533
219 1174753 2.91713
220 1175085 3.03121
221 1175455 2.92405
222 1175833 3.12434
223 1176167 2.95668
224 1176553 2.94183
225 1176927 2.8954
226 1177253 2.85806
227 1177573 2.95823
228 1177929 2.9079
229 1178215 2.87352
230 1178551 3.00177
231 1178877 2.92074
232 1179218 2.93715
233 1179560 2.90998
234 1179897 2.90396
235 1180226 2.95976
236 1180555 2.89849
237 1180886 2.93956
238 1181206 2.91794
239 1181511 2.83289
240 1181815 2.97454
241 1182086 2.93801
242 1182399 2.99309
243 1182699 2.91491
244 1182997 2.97036
245 1183286 2.84536
246 1183618 2.97325
247 1183899 2.86424
248 1184163 2.94064
249 1184465 2.896
250 1184747 2.98844
251 1185026 2.8753
252 1185326 2.9605
253 1185650 2.96274
254 1185911 2.82252
255 1186182 2.84628
256 1186473 2.87836
257 1186763 3.01765
258 1187022 3.03891
259 1187256 2.99465
260 1187504 2.93036
261 1187764 2.91702
262 1188012 2.9678
263 1188271 2.9304
264 1188528 2.95003
265 1188794 2.92389
266 1189043 2.89475
267 1189282 2.87695
268 1189540 2.85847
269 1189776 2.90952
270 1190023 2.89739
271 1190253 2.81425
272 1190481 2.89194
273 1190718 2.82383
274 1190960 2.8337
275 1191187 2.83613
276 1191435 2.89414
277 1191662 2.98145
278 1191910 2.88956
279 1192137 2.90844
280 1192379 2.93766
281 1192643 2.9679
282 1192877 2.92464
283 1193097 2.89012
284 1193312 2.87787
285 1193530 2.89523
286 1193749 2.90072
287 1193973 2.85369
288 1194207 2.85852
289 1194421 2.87117
290 1194617 3.02265
291 1194842 2.88538
292 1195079 2.87675
293 1195287 3.00437
294 1195489 2.88985
295 1195707 2.86028
296 1195907 2.906
297 1196125 2.89592
298 1196376 2.95163
299 1196561 2.79593
300 1196784 2.83042
301 1196962 2.90914
302 1197168 2.84761
303 1197370 2.88639
304 1197581 2.90557
305 1197787 2.91115
306 1197950 2.88421
307 1198157 2.90968
308 1198361 2.95297
309 1198563 2.85244
310 1198744 2.8465
311 1198958 2.97775
312 1199152 6.84954
313 1199349 2.84143
314 1199521 2.92926
315 1199711 2.91743
316 1199888 2.85119
317 1200072 2.98983
318 1200256 2.8971
319 1200428 2.98866
320 1200639 2.90435
321 1200824 2.84012
322 1201006 2.89311
323 1201174 2.90461
324 1201361 2.94064
325 1201536 2.87884
326 1201710 2.89323
327 1201909 2.84057
328 1202081 2.92044
329 1202250 2.84538
330 1202435 2.89364
331 1202599 3.01248
332 1202777 2.85168
333 1202956 2.83831
334 1203140 2.95824
335 1203306 2.84706
336 1203442 3.0676
337 1203612 3.06034
338 1203767 2.92736
339 1203923 2.93467
340 1204085 3.0464
341 1204277 2.90488
342 1204451 3.01811
343 1204617 2.92357
344 1204774 2.76552
345 1204928 2.98546
346 1205081 2.96385
347 1205226 2.95693
348 1205393 2.91278
349 1205564 2.89506
350 1205734 2.92539
351 1205891 2.91183
352 1206038 2.96781
353 1206210 2.90032
354 1206371 2.96419
355 1206522 2.90677
356 1206658 2.9669
357 1206814 2.88967
358 1206939 2.93676
359 1207084 2.80213
360 1207204 3.43984
361 1207347 2.98142
362 1207495 2.94881
363 1207628 2.96468
364 1207774 2.91626
365 1207907 2.91042
366 1208068 2.91796
367 1208194 2.89763
368 1208333 2.91416
369 1208464 2.8433
370 1208613 2.85475
371 1208755 2.9113
372 1208892 2.90019
373 1209038 2.92758
374 1209175 2.89386
375 1209316 2.86978
376 1209464 2.92559
377 1209596 3.00881
378 1209739 2.87534
379 1209875 2.88223
380 1210031 2.82462
381 1210174 2.91762
382 1210306 2.81916
383 1210425 2.99442
384 1210544 2.88571
385 1210655 2.82997
386 1210777 2.81493
387 1210924 2.98276
388 1211059 2.91675
389 1211174 2.72602
390 1211302 2.8717
391 1211421 2.85195
392 1211526 2.82634
393 1211644 2.84435
394 1211757 2.91474
395 1211879 2.85046
396 1211991 2.93088
397 1212114 2.95312
398 1212242 2.88974
399 1212351 2.79757
400 1212458 2.84255
401 1212571 2.94364
402 1212678 2.90111
403 1212813 2.899
404 1212948 2.94004
405 1213080 2.8199
406 1213194 2.91673
407 1213319 2.75494
408 1213443 3.01927
409 1213565 2.96085
410 1213682 2.91545
411 1213811 3.03458
412 1213923 2.93819
413 1214015 2.97485
414 1214140 2.93721
415 1214265 2.93759
416 1214361 2.88728
417 1214454 2.95348
418 1214565 2.83845
419 1214673 2.84987
420 1214783 2.95487
421 1214883 2.88605
422 1214996 2.9607
423 1215092 3.03407
424 1215217 3.00268
425 1215341 2.95939
426 1215436 2.95778
427 1215547 2.85694
428 1215663 2.93923
429 1215764 2.94775
430 1215880 2.9752
431 1215975 2.95944
432 1216088 3.05103
433 1216180 2.79913
434 1216281 3.02417
435 1216378 3.0011
436 1216481 2.90345
437 1216581 2.81359
438 1216699 2.98109
439 1216795 2.95995
440 1216878 3.00131
441 1216981 3.10272
442 1217088 2.9788
443 1217176 3.06295
444 1217283 2.80814
445 1217373 2.84541
446 1217468 2.98953
447 1217559 3.01016
448 1217665 3.06662
449 1217764 2.93012
450 1217850 2.95099
451 1217954 2.8632
452 1218049 2.88557
453 1218140 2.87482
454 1218225 2.9288
455 1218318 2.88964
456 1218406 2.82383
457 1218504 2.96521
458 1218604 2.88689
459 1218706 2.89014
460 1218796 2.82893
461 1218892 2.99696
462 1218975 2.99376
463 1219062 2.92701
464 1219141 2.97238
465 1219233 2.95504
466 1219331 2.89255
467 1219414 3.10077
468 1219504 2.96555
469 1219598 2.97062
470 1219690 2.95044
471 1219787 2.80128
472 1219891 2.96982
473 1219968 2.82893
474 1220056 2.84964
475 1220136 2.92767
476 1220218 2.95448
477 1220307 2.90355
478 1220392 2.8952
479 1220470 2.90534
480 1220565 2.97784
481 1220658 2.9722
482 1220740 2.9245
483 1220830 2.91789
484 1220908 2.99521
485 1220986 3.06274
486 1221069 2.83962
487 1221152 2.96699
488 1221249 3.04936
489 1221335 2.86453
490 1221414 2.99508
491 1221482 3.08644
492 1221574 2.84028
493 1221672 2.97544
494 1221783 2.88019
495 1221863 2.90676
496 1221936 2.96882
497 1222015 2.91078
498 1222103 2.91799
499 1222176 2.95739
500 1222260 2.87126
501 1222344 3.06431
502 1222429 2.84921
503 1222511 2.98301
504 1222575 3.04822
505 1222654 2.96813
506 1222730 2.92204
507 1222799 2.72626
508 1222882 3.05599
509 1222960 2.79748
510 1223042 3.0549
511 1223118 2.94935
512 1223192 3.04769
513 1223261 2.85329
514 1223343 2.90293
515 1223416 2.96993
516 1223511 2.93297
517 1223608 2.96033
518 1223683 2.89663
519 1223760 2.95401
520 1223831 2.88178
521 1223883 2.92643
522 1223953 2.95609
523 1224030 2.86294
524 1224115 2.87499
525 1224188 2.89365
526 1224276 2.81283
527 1224339 2.88371
528 1224401 2.85445
529 1224471 2.98899
530 1224521 3.60159
531 1224589 3.98359
532 1224664 2.84454
533 1224735 2.90058
534 1224810 3.04406
535 1224877 2.83626
536 1224953 3.03108
537 1225022 2.78653
538 1225092 2.9927
539 1225159 2.76323
540 1225227 3.00892
541 1225302 3.00551
542 1225385 2.85822
543 1225461 3.02975
544 1225531 2.93671
545 1225591 2.77794
546 1225667 2.97051
547 1225731 2.98152
548 1225798 2.98862
549 1225872 2.77952
550 1225947 2.9477
551 1226030 2.90639
552 1226093 3.05831
553 1226161 2.91676
554 1226246 2.91358
555 1226312 2.85814
556 1226373 3.11128
557 1226430 2.82409
558 1226494 2.7784
559 1226562 2.90236
560 1226633 3.06585
561 1226695 3.12586
562 1226767 2.90094
563 1226813 2.98561
564 1226871 2.83319
565 1226940 2.99272
566 1227021 2.92949
567 1227082 2.91173
568 1227149 2.87474
569 1227213 3.00501
570 1227279 3.01938
571 1227343 2.90232
572 1227401 2.89353
573 1227476 3.20948
574 1227526 2.82477
575 1227595 2.89987
576 1227640 3.09288
577 1227702 2.94643
578 1227771 3.08336
579 1227821 3.05595
580 1227879 3.1022
581 1227943 3.07076
582 1227994 2.8314
583 1228047 3.15446
584 1228118 3.03802
585 1228181 2.92944
586 1228232 2.90738
587 1228293 2.85188
588 1228350 3.05163
589 1228394 2.67055
590 1228441 3.09594
591 1228505 3.02563
592 1228562 2.67023
593 1228615 3.0456
594 1228668 3.05443
595 1228715 2.86116
596 1228782 2.79425
597 1228832 2.93237
598 1228893 3.02283
599 1228949 3.14809
600 1229008 2.98394
601 1229053 2.97847
602 1229103 2.96353
603 1229175 3.00756
604 1229239 2.9495
605 1229293 3.03431
606 1229350 3.07527
607 1229396 3.1586
608 1229440 3.12818
609 1229503 2.94892
610 1229555 2.93201
611 1229620 3.10534
612 1229676 3.08861
613 1229733 2.9728
614 1229783 2.96653
615 1229841 2.86112
616 1229897 3.01429
617 1229953 3.04807
618 1230017 2.985
619 1230070 2.80603
620 1230141 2.87638
621 1230209 3.05062
622 1230273 3.11119
623 1230325 2.95927
624 1230370 3.08061
625 1230420 2.89669
626 1230473 2.95307
627 1230520 3.25545
628 1230572 3.05832
629 1230616 3.08786
630 1230665 3.00474
631 1230733 3.10319
632 1230785 2.94944
633 1230831 2.9208
634 1230896 2.85725
635 1230952 3.11904
636 1230986 2.90903
637 1231032 2.9738
638 1231085 2.98849
639 1231127 2.97316
640 1231170 2.97386
641 1231227 3.06738
642 1231267 2.93036
643 1231324 2.93972
644 1231361 2.79608
645 1231402 2.97597
646 1231456 2.93916
647 1231512 3.03042
648 1231570 3.14744
649 1231616 3.04325
650 1231654 3.01746
651 1231698 3.01792
652 1231755 3.15393
653 1231798 2.9677
654 1231847 2.9694
655 1231899 2.99072
656 1231957 3.1094
657 1232006 2.95838
658 1232045 3.0808
659 1232094 2.89418
660 1232150 3.10875
661 1232205 2.9816
662 1232257 3.02827
663 1232306 3.32185
664 1232350 3.08065
665 1232396 3.19166
666 1232452 2.93706
667 1232497 3.0221
668 1232542 2.99812
669 1232591 2.94642
670 1232626 3.21048
671 1232663 2.91472
672 1232707 3.12696
673 1232757 2.94332
674 1232805 3.12016
675 1232844 2.96761
676 1232889 3.0596
677 1232933 2.98073
678 1232977 2.8156
679 1233027 3.16366
680 1233068 3.87459
681 1233102 3.15553
682 1233142 3.02927
683 1233192 2.99463
684 1233236 3.0005
685 1233271 2.97923
686 1233316 3.17691
687 1233371 2.93827
688 1233404 3.27683
689 1233460 3.07556
690 1233503 2.8786
691 1233542 3.1257
692 1233582 3.02379
693 1233632 3.01602
694 1233677 3.22728
695 1233719 3.01375
696 1233771 3.31732
697 1233834 3.07406
698 1233876 3.02513
699 1233916 2.80775
700 1233968 3.10343
701 1234019 3.0652
702 1234056 2.7841
703 1234117 3.2926
704 1234161 3.14939
705 1234209 3.26994
706 1234256 2.9679
707 1234299 3.22768
708 1234336 3.08705
709 1234382 3.09739
710 1234428 3.13277
711 1234463 3.08329
712 1234498 2.94174
713 1234548 3.00317
714 1234577 2.9899
715 1234619 3.22945
716 1234661 3.086
717 1234700 3.07499
718 1234742 3.06298
719 1234781 3.15487
720 1234830 3.15413
721 1234861 3.16369
722 1234902 3.30303
723 1234941 3.2337
724 1234983 2.83987
725 1235028 3.39426
726 1235074 3.0576
727 1235115 3.02492
728 1235154 2.76485
729 1235205 3.37952
730 1235250 3.09207
731 1235290 2.92129
732 1235334 3.10596
733 1235378 3.11827
734 1235429 3.20969
735 1235458 3.06209
736 1235500 2.97704
737 1235540 3.1029
738 1235574 2.88778
739 1235617 3.25686
740 1235653 3.37395
741 1235697 3.26755
742 1235745 3.16826
743 1235797 3.03362
744 1235836 3.00149
745 1235875 3.20044
746 1235911 3.2128
747 1235948 2.94567
748 1235988 3.17938
749 1236031 2.84061
750 1236059 3.00925
751 1236094 3.30187
752 1236135 3.18647
753 1236171 3.20696
754 1236207 3.236
755 1236254 3.14111
756 1236287 3.09259
757 1236335 2.99207
758 1236373 3.62088
759 1236422 2.96127
760 1236452 3.20315
761 1236485 3.25556
762 1236526 3.18846
763 1236564 2.98829
764 1236614 3.13478
765 1236664 3.3394
766 1236699 2.96006
767 1236738 3.11211
768 1236776 3.07171
769 1236803 3.18887
770 1236832 3.12831
771 1236872 2.94785
772 1236909 3.22534
773 1236945 3.26185
774 1236979 3.2328
775 1237010 3.28588
776 1237041 2.82346
777 1237069 3.41929
778 1237110 3.27253
779 1237148 3.38035
780 1237179 3.33123
781 1237217 3.00569
782 1237254 3.28124
783 1237290 3.22091
784 1237334 3.15528
785 1237366 3.08448
786 1237396 3.25449
787 1237429 3.21888
788 1237474 3.11941
789 1237505 3.1963
790 1237534 3.03238
791 1237567 3.07299
792 1237600 3.19857
793 1237632 3.36125
794 1237664 3.20685
795 1237697 3.07532
796 1237734 3.22018
797 1237770 3.28917
798 1237809 3.17976
799 1237840 3.60618
800 1237878 3.08313
801 1237908 3.18629
802 1237941 3.3063
803 1237976 3.03381
804 1238009 3.3536
805 1238038 3.24157
806 1238076 3.12389
807 1238103 2.83251
808 1238142 3.14121
809 1238182 3.28748
810 1238211 3.04339
811 1238247 3.39641
812 1238288 3.15483
813 1238322 3.43217
814 1238361 2.9711
815 1238404 3.49406
816 1238449 3.23854
817 1238478 3.40579
818 1238523 3.02723
819 1238548 3.1039
820 1238589 3.17029
821 1238627 3.35311
822 1238663 3.44799
823 1238694 3.40177
824 1238728 2.97973
825 1238753 3.19543
826 1238784 3.29963
827 1238823 3.24151
828 1238851 3.29718
829 1238887 3.21289
830 1238914 3.13236
831 1238942 3.31415
832 1238976 3.03317
833 1239007 3.19871
834 1239034 3.25574
835 1239067 3.01158
836 1239097 3.18042
837 1239119 3.25284
838 1239157 3.20872
839 1239188 3.07161
840 1239212 3.12916
841 1239246 3.39914
842 1239276 3.07023
843 1239310 3.07665
844 1239334 3.28899
845 1239363 3.32372
846 1239397 3.05607
847 1239431 3.08703
848 1239456 3.50232
849 1239482 3.05781
850 1239513 3.18529
851 1239542 3.35118
852 1239565 2.76091
853 1239594 3.51517
854 1239620 3.47072
855 1239647 3.14573
856 1239668 3.09773
857 1239702 2.92814
858 1239733 3.29194
859 1239759 2.94858
860 1239794 3.38508
861 1239820 3.27786
862 1239844 3.32762
863 1239869 3.1753
864 1239897 3.1849
865 1239923 3.16705
866 1239948 3.09164
867 1239976 3.38156
868 1239997 3.29425
869 1240028 3.24142
870 1240055 3.07981
871 1240086 3.12477
872 1240110 3.46534
873 1240142 3.13684
874 1240171 3.00806
875 1240193 3.12429
876 1240223 3.29515
877 1240244 3.09906
878 1240265 3.4589
879 1240290 3.28087
880 1240324 3.09676
881 1240346 3.17209
882 1240371 3.29909
883 1240398 3.27537
884 1240435 2.91849
885 1240459 2.9597
886 1240488 3.12336
887 1240510 2.94146
888 1240544 3.27928
889 1240574 2.99428
890 1240605 3.35622
891 1240630 3.09589
892 1240661 3.37651
893 1240690 3.08051
894 1240716 2.98712
895 1240746 3.07312
896 1240773 2.89225
897 1240800 3.5297
898 1240825 3.61802
899 1240847 3.20655
900 1240875 3.3559
901 1240906 3.42031
902 1240935 3.18389
903 1240965 3.35719
904 1240979 2.9749
905 1241004 3.39503
906 1241029 3.20754
907 1241059 3.2585
908 1241088 3.46799
909 1241116 2.98394
910 1241141 3.24165
911 1241169 3.13443
912 1241206 3.08863
913 1241224 3.16202
914 1241249 2.93969
915 1241273 2.94714
916 1241300 3.1193
917 1241324 3.35507
918 1241352 3.17411
919 1241381 3.0588
920 1241403 3.02608
921 1241426 2.95555
922 1241450 3.26557
923 1241475 2.9273
924 1241508 3.02855
925 1241546 3.39147
926 1241570 2.9893
927 1241595 3.31015
928 1241623 3.11123
929 1241655 3.05147
930 1241684 3.20126
931 1241710 3.07983
932 1241738 3.256
933 1241767 2.94989
934 1241791 2.92425
935 1241816 3.03581
936 1241843 3.08089
937 1241875 3.00414
938 1241904 3.12585
939 1241927 2.96089
940 1241965 3.14611
941 1241986 2.91427
942 1242016 3.21633
943 1242045 3.16206
944 1242071 3.21101
945 1242092 2.95757
946 1242125 2.98784
947 1242148 2.87077
948 1242174 3.059
949 1242207 2.97394
950 1242233 3.08614
951 1242260 3.24398
952 1242282 3.24838
953 1242311 2.96947
954 1242327 2.92881
955 1242354 2.84235
956 1242372 2.9907
957 1242405 3.17721
958 1242423 2.81764
959 1242442 3.16128
960 1242461 2.92986
961 1242481 2.96191
962 1242498 3.13928
963 1242519 2.9281
964 1242548 3.14163
965 1242570 2.70289
966 1242585 3.12116
967 1242605 3.10192
968 1242626 3.12561
969 1242653 3.05236
970 1242676 3.05002
971 1242700 3.06989
972 1242724 3.05721
973 1242748 3.16066
974 1242785 3.10939
975 1242819 3.35714
976 1242843 3.0476
977 1242874 3.07268
978 1242905 2.96228
979 1242929 2.94035
980 1242953 2.84882
981 1242980 2.9292
982 1243002 3.11243
983 1243025 2.97565
984 1243045 3.076
985 1243067 3.20246
986 1243089 2.94657
987 1243116 3.48989
988 1243144 2.94792
989 1243163 3.14292
990 1243190 3.02745
991 1243215 2.98596
992 1243230 3.16592
993 1243259 3.41503
994 1243285 3.1805
995 1243305 3.11324
996 1243324 3.45492
997 1243355 2.95622
998 1243384 2.84833
999 1243407 3.41571
1000 1243408 1.33297
