2 11
4 11
0 12
5 10
143 11
6 11
30 10
0 12
1 11
5 11
4 12
265 10
61 11
10 11
0 12
6 10
233 10
4 11
0 12
8 11
251 9
0 10
0 10
146 10
115 10
8 10
1 10
210 10
0 10
0 10
0 10
232 9
126 10
63 10
3 10
1 10
49 10
6 10
0 10
0 10
172 10
261 10
3 10
5 10
221 10
224 10
0 10
2 9
166 10
10 10
1 10
0 11
0 11
262 10
10 10
2 11
0 11
1 11
0 11
0 10
2 11
3 11
9 10
2 11
0 10
0 10
2 11
253 10
176 10
4 11
17 10
3 11
284 10
259 9
15 11
2 11
14 11
28 10
1 10
19 11
17 11
222 10
12 11
11 11
10 11
2 11
1 11
0 11
3 10
204 10
5 11
7 10
243 11
0 11
0 11
60 11
128 11
1 10
38 11
3 11
44 10
288 10
255 10
285 10
219 11
2 12
267 10
0 11
0 11
77 10
0 11
1 11
2 10
0 11
0 11
1 11
16 11
191 10
1 11
0 11
2 11
6 10
106 11
0 11
0 11
3 11
4 11
0 11
0 11
0 11
4 10
0 11
2 11
165 11
0 11
1 11
1 11
0 10
0 11
2 11
0 11
92 10
0 11
12 11
203 9
214 9
189 10
31 11
9 11
0 11
9 11
0 11
213 10
0 11
6 10
0 11
1 11
26 10
187 10
13 11
3 11
12 11
0 11
5 10
0 10
134 11
1 11
4 11
0 11
5 11
0 11
0 12
3 11
1 11
2 10
140 10
0 12
0 12
2 11
4 11
0 11
0 11
0 11
1 11
264 11
8 11
1 12
5 12
39 12
8 11
0 11
5 12
5 12
1 12
6 12
5 12
0 12
1 12
0 12
6 12
7 12
10 12
53 11
1 11
0 11
254 10
0 12
6 11
2 12
1 11
7 11
118 10
173 10
3 10
0 12
1 12
0 12
4 12
1 12
52 11
3 12
0 12
6 11
112 11
104 10
10 11
186 11
87 11
237 10
7 10
3 11
0 14
2 13
1 14
111 12
0 13
5 12
64 12
18 10
241 10
7 10
6 10
268 10
8 10
0 10
0 11
0 10
39 11
8 10
9 10
249 10
244 10
158 10
1 10
256 10
0 11
216 10
274 10
0 10
273 10
278 10
279 10
14 10
282 10
11 10
18 10
0 11
277 10
1 10
0 10
0 11
12 10
10 10
22 10
8 10
42 10
9 10
286 10
25 10
2 11
23 10
6 10
16 10
281 10
4 10
2 10
283 10
3 10
17 10
7 10
5 10
2 10
13 10
287 10
27 10
15 10
4 11
20 10
43 10
275 10
21 10
276 10
1 10
0 10
41 10
1 10
3 10
0 10
0 10
0 10
0 10
0 10
3 10
19 9
150 10
0 11
1 11
5 11
6 11
0 11
239 11
0 11
74 10
16 10
0 11
0 11
0 10
0 11
0 11
0 11
1 11
207 10
2 11
0 10
0 11
1 11
3 11
0 11
5 11
4 11
1 11
242 11
3 11
35 11
263 10
4 11
0 11
102 12
212 11
1 13
161 11
55 11
1 12
6 11
0 11
0 13
0 11
56 11
1 12
0 11
1 11
258 10
0 11
252 11
7 11
0 12
0 11
246 10
218 11
2 11
1 12
1 10
156 11
238 11
181 11
1 10
4 11
0 12
5 10
1 12
0 12
0 12
8 11
1 11
0 12
14 11
9 11
0 12
184 10
7 12
1 11
0 11
7 11
0 11
235 10
188 10
223 11
167 11
4 11
17 11
4 11
2 11
1 11
0 11
0 11
0 12
4 11
0 12
135 11
0 12
139 10
1 12
0 12
0 12
0 13
183 12
228 12
197 11
0 12
1 13
2 13
0 13
0 12
82 12
1 13
0 12
0 13
4 12
3 13
3 12
1 12
10 11
8 12
1 11
3 10
6 12
2 12
0 11
11 11
0 12
0 12
0 13
1 13
7 12
0 12
247 11
1 12
175 11
3 12
1 12
0 12
1 12
11 11
0 11
8 11
0 12
2 12
2 12
7 11
9 11
236 10
0 11
198 11
6 11
1 12
4 11
0 11
0 12
136 11
0 11
3 12
0 11
0 12
0 12
0 11
2 12
1 12
1 13
0 11
1 11
5 10
0 11
0 11
0 11
1 11
12 11
129 11
0 10
0 10
160 10
5 10
1 11
6 10
164 10
9 10
6 10
7 10
4 10
125 9
209 10
75 10
3 10
2 10
1 10
0 10
2 11
0 10
3 10
2 11
2 11
68 10
2 11
10 11
0 11
0 11
1 11
0 11
148 10
15 11
257 10
3 11
14 10
7 11
1 11
0 11
3 11
0 11
231 10
171 10
0 11
0 11
1 10
0 11
206 10
2 11
1 11
179 10
0 11
229 10
6 11
270 10
1 11
193 10
6 10
0 11
2 11
0 11
0 11
1 11
1 11
3 11
0 11
0 11
185 11
0 11
1 11
0 11
0 11
0 11
2 11
0 11
0 12
2 12
1 11
7 10
2 10
2 10
3 10
1 11
0 11
103 10
0 11
272 11
170 10
0 11
0 11
3 11
85 11
0 10
0 11
1 11
0 12
5 11
182 11
3 12
0 12
2 12
1 12
13 12
0 12
0 12
0 12
0 12
10 12
3 10
2 11
0 11
0 11
1 11
0 11
1 11
199 10
0 11
0 11
0 11
133 10
0 11
2 10
1 10
14 11
24 10
1 10
0 10
0 10
1 11
8 11
1 11
2 11
100 10
0 12
2 12
1 12
109 11
34 11
0 12
11 11
5 12
0 12
1 11
1 11
4 11
2 10
108 10
15 11
0 10
1 10
4 11
1 12
3 10
2 11
145 10
1 11
0 12
0 12
0 10
8 10
0 10
266 10
3 10
0 10
1 11
1 11
2 11
4 11
5 10
0 10
3 11
38 11
2 11
0 11
2 11
4 11
0 11
0 11
178 10
0 10
0 11
0 11
0 11
17 10
1 11
1 11
37 10
0 11
194 10
12 10
3 11
0 12
20 12
5 11
8 11
3 11
6 11
0 11
0 12
0 12
3 10
47 11
4 12
1 12
3 12
3 12
0 12
121 11
0 12
1 12
2 11
1 11
3 12
0 12
105 12
99 11
0 12
5 10
0 11
2 13
1 13
0 13
3 12
0 12
0 13
0 13
2 12
79 11
1 13
4 12
0 13
0 13
3 12
0 12
40 10
0 12
11 12
3 12
0 11
0 11
0 11
0 11
1 11
0 11
1 11
1 11
0 11
4 10
1 10
227 11
0 11
42 10
163 10
0 11
0 11
3 10
2 10
7 11
2 11
0 11
205 11
157 11
1 11
3 11
0 12
0 12
0 10
0 12
0 12
0 12
6 11
1 12
0 12
0 12
0 12
4 12
4 11
89 11
2 12
195 11
0 12
0 12
2 12
0 12
0 12
3 12
3 12
1 12
1 12
0 12
0 12
0 11
30 11
0 11
0 12
31 11
5 11
0 12
0 12
2 12
0 12
0 12
4 12
1 12
0 12
0 13
4 11
4 11
0 11
45 10
1 10
2 11
0 12
0 12
1 12
0 12
0 12
3 11
0 12
50 11
0 12
5 11
0 12
1 11
4 12
0 12
168 11
0 12
1 10
0 12
0 11
1 10
0 10
2 10
2 10
1 10
1 10
0 10
0 10
0 10
1 10
7 10
2 14
2 13
0 14
1 13
5 11
0 11
0 10
217 10
1 10
78 11
90 10
1 11
0 10
0 11
3 10
0 11
6 11
5 11
0 11
6 9
5 11
0 11
4 10
2 10
0 10
3 11
0 12
0 11
0 11
0 11
1 12
1 11
1 11
16 11
0 11
8 11
1 12
0 13
6 11
9 12
94 12
8 11
6 11
5 11
3 11
0 12
5 11
0 12
0 12
0 13
2 12
1 13
0 13
1 13
0 13
3 11
0 11
1 11
0 12
0 11
76 12
1 13
1 12
2 12
1 13
9 11
0 11
6 13
1 13
0 13
4 12
151 11
2 12
2 12
86 11
1 12
3 11
1 12
0 13
0 13
141 12
0 12
1 12
9 12
2 12
4 11
8 11
0 12
1 11
1 11
0 12
11 12
12 11
0 11
2 12
0 12
0 12
4 11
3 12
137 10
11 11
0 11
3 11
9 11
0 11
0 11
2 11
1 11
0 11
0 11
0 11
208 11
7 11
0 11
0 10
2 10
0 11
2 11
2 11
1 11
4 11
0 11
3 10
0 11
1 11
200 10
0 11
0 11
9 11
48 10
5 11
6 11
44 10
2 11
1 11
1 11
25 10
132 11
2 11
0 11
6 10
51 10
3 11
1 12
1 11
190 10
0 12
7 11
2 11
5 11
0 11
0 12
0 12
153 10
0 11
0 11
5 11
0 12
9 10
2 11
0 11
1 11
1 11
0 11
0 11
0 11
159 10
0 11
201 9
0 11
1 10
0 11
2 10
57 10
3 10
1 11
162 11
0 11
0 11
0 11
2 10
3 11
0 11
147 10
0 11
2 10
120 11
3 11
66 11
248 10
1 11
0 12
73 10
6 10
271 10
2 10
6 10
215 10
2 11
2 11
6 11
3 11
1 11
0 11
0 11
0 11
0 12
0 12
0 12
2 11
0 12
0 12
0 12
154 11
3 11
1 11
0 11
84 10
1 11
0 11
1 11
0 11
1 10
234 9
3 10
12 10
180 10
202 10
3 10
0 10
4 10
9 10
110 10
6 10
0 10
0 10
19 10
2 10
71 10
18 10
1 10
2 10
123 10
1 11
0 11
240 10
7 11
1 11
245 11
152 11
6 11
0 11
3 11
0 11
0 11
3 11
2 11
2 11
0 11
0 11
9 10
1 12
0 12
0 12
3 12
0 11
2 12
5 11
5 11
0 12
1 12
4 12
0 12
1 12
3 10
4 10
5 10
36 10
1 11
2 10
0 10
0 11
0 11
0 11
0 10
0 11
0 11
0 11
1 11
88 11
0 11
1 11
0 11
1 11
46 10
0 11
0 11
1 11
0 11
0 11
0 11
81 11
4 11
1 10
0 11
10 11
0 12
0 12
0 11
0 12
7 11
6 11
5 12
11 13
2 12
12 12
3 13
4 13
13 13
0 12
4 13
0 13
2 14
0 14
0 14
4 12
1 14
3 12
4 11
0 11
6 11
10 11
2 12
7 12
3 12
9 11
1 12
1 10
0 12
0 12
0 12
0 12
0 12
1 12
0 13
1 13
0 12
0 13
0 13
2 11
3 13
4 12
0 13
0 14
1 12
5 12
0 13
0 13
3 12
4 11
2 13
0 12
0 12
1 12
5 12
2 13
4 12
130 11
2 12
0 12
3 13
1 12
0 13
0 14
1 14
5 12
2 12
0 12
0 12
0 12
13 11
2 12
3 11
1 12
4 11
1 12
0 13
0 11
0 12
8 11
10 11
5 12
0 11
1 12
0 12
2 12
0 12
0 12
7 12
6 12
0 12
2 11
1 12
1 11
3 11
0 12
0 12
0 12
1 12
0 12
15 11
20 11
12 11
17 11
16 11
2 11
21 11
0 12
14 11
25 11
24 11
2 12
3 11
23 11
8 11
29 11
26 11
4 12
4 11
28 11
22 11
280 11
5 12
7 12
10 11
27 11
19 11
13 11
33 10
32 10
1 11
1 12
11 11
18 11
0 12
9 11
0 11
3 12
6 12
1 11
269 11
0 12
2 12
1 12
2 11
0 11
3 11
4 11
1 11
0 12
1 12
0 12
93 11
0 12
1 11
0 10
0 11
196 10
10 12
2 12
5 11
3 12
0 12
4 12
1 12
0 11
1 12
0 12
2 12
7 11
4 12
6 11
0 12
1 12
2 11
0 12
3 11
1 12
0 12
0 12
1 12
0 11
8 12
0 12
0 12
2 12
1 13
3 12
0 14
1 12
2 11
98 11
0 12
2 12
0 11
107 11
0 11
2 11
0 12
4 12
1 11
2 12
4 12
0 12
3 10
7 12
211 10
2 10
1 10
0 11
0 11
1 11
0 11
91 10
0 11
2 11
0 10
3 10
0 10
0 10
1 10
1 10
0 10
1 10
0 10
0 10
2 10
0 10
1 10
3 10
2 11
0 12
3 11
1 12
177 11
0 11
0 11
1 11
0 11
0 11
1 11
0 11
6 9
0 11
0 12
7 11
0 12
0 12
2 12
0 12
2 12
1 12
1 11
0 12
1 12
2 12
0 11
1 13
0 11
2 10
0 10
5 10
0 10
1 10
0 11
0 11
0 12
0 12
3 12
0 12
4 11
2 11
1 11
3 11
0 11
5 11
0 12
4 12
0 12
0 13
0 13
5 11
0 13
0 12
1 13
6 12
0 14
0 13
7 11
1 13
2 12
1 12
0 13
0 12
0 11
0 11
0 11
2 11
1 11
0 11
0 11
0 12
0 12
0 12
1 11
83 11
0 11
29 11
0 11
0 11
1 11
5 12
0 12
3 12
0 12
1 12
8 11
4 12
0 12
6 12
0 12
0 12
0 11
0 11
5 11
2 12
6 12
0 12
0 12
0 12
2 13
0 13
0 13
0 12
0 13
1 13
4 11
0 11
1 11
2 11
1 12
0 12
8 12
0 12
0 12
0 12
220 10
9 11
7 12
6 12
0 12
1 12
0 12
1 10
8 10
3 11
6 11
0 11
0 10
0 11
1 11
7 10
3 10
0 11
2 11
9 11
0 11
0 11
1 10
95 10
0 11
0 11
1 10
0 12
1 11
0 11
4 12
2 11
1 12
4 12
0 12
0 12
0 11
149 10
0 11
1 11
3 10
0 12
10 12
2 11
6 11
0 12
0 12
131 11
0 12
12 12
0 12
0 12
4 12
0 12
1 12
5 12
0 11
7 12
3 12
0 12
1 12
2 12
0 12
0 12
0 12
1 11
3 12
1 12
14 11
114 10
0 11
2 12
2 11
1 9
3 10
3 10
2 10
0 10
4 10
1 12
0 12
1 12
7 12
4 12
119 10
0 10
1 11
1 11
2 12
1 13
3 11
0 13
3 12
0 13
2 12
1 12
3 12
0 12
0 13
1 10
0 11
0 10
0 11
7 12
8 12
10 11
6 12
11 10
4 11
0 11
0 11
0 11
7 10
1 11
3 12
0 12
0 12
6 12
0 12
5 12
1 12
7 11
4 12
0 12
0 12
0 12
0 12
15 11
0 12
1 12
0 12
0 12
0 12
1 12
3 12
0 12
0 13
4 11
0 12
1 12
0 12
0 13
0 13
3 11
1 12
1 12
0 12
0 12
2 12
0 11
1 11
1 16
2 15
0 16
1 16
1 16
0 16
3 14
0 16
1 11
2 11
2 11
1 11
1 11
0 11
0 11
0 11
0 11
18 11
5 11
1 11
4 11
0 11
0 11
0 11
0 11
0 11
0 11
0 11
0 11
2 11
0 11
0 10
6 10
9 10
0 10
2 10
1 10
0 10
0 11
2 11
0 12
0 11
2 12
117 12
43 11
2 11
1 11
0 11
1 13
3 12
3 12
1 11
0 12
0 12
2 12
0 12
1 12
174 10
0 11
260 10
2 11
1 11
7 10
0 11
0 11
0 11
8 11
4 11
0 11
0 11
3 13
5 11
2 14
1 14
0 14
0 12
97 10
2 11
3 11
1 11
0 11
0 11
0 11
3 14
2 15
1 15
4 13
0 14
0 15
0 15
0 15
1 14
0 11
1 11
2 11
4 12
1 11
0 12
0 12
3 13
0 13
1 13
0 13
1 13
0 13
5 12
2 13
1 13
0 13
0 14
6 11
0 11
0 11
1 11
113 11
0 11
7 11
1 11
5 11
4 11
1 11
1 11
0 11
0 11
3 11
7 11
0 11
2 11
72 11
0 11
0 11
124 10
0 12
1 11
0 12
2 12
0 12
0 11
192 10
5 10
4 10
3 11
4 13
0 15
1 15
4 11
0 11
0 11
3 11
67 11
1 11
127 10
142 11
0 12
0 11
0 11
1 11
0 11
4 12
1 12
3 12
0 12
0 13
7 13
0 13
2 12
0 12
0 14
0 13
0 12
1 13
0 13
0 13
0 13
0 12
16 12
1 13
0 13
4 13
1 13
2 12
1 12
3 11
0 12
4 12
0 13
0 13
3 13
0 13
7 12
0 13
0 12
3 12
2 12
1 12
0 11
0 12
1 12
0 12
1 11
0 11
0 11
1 12
0 12
6 10
0 11
4 11
0 11
26 11
1 11
2 10
2 11
0 12
1 12
0 12
2 11
5 11
1 11
0 11
1 11
0 11
3 11
4 10
1 11
1 11
0 11
0 11
0 11
0 11
138 11
0 11
5 10
4 10
0 11
0 11
0 11
3 11
4 11
14 11
5 11
9 11
10 11
13 11
0 11
7 11
15 11
12 11
8 11
6 11
2 11
1 11
18 10
11 11
10 10
8 10
11 10
13 10
9 10
16 10
6 10
15 10
0 10
5 10
12 10
7 10
4 10
3 10
1 10
14 10
2 10
0 11
1 11
0 12
0 12
1 12
1 12
3 12
4 10
0 11
1 11
1 11
0 12
2 11
1 11
0 11
1 12
1 12
0 12
0 12
0 12
0 11
0 13
2 13
0 12
0 12
2 11
0 11
0 11
0 11
1 11
1 11
1 11
0 11
0 13
1 13
0 12
0 13
4 11
0 13
0 11
2 10
101 11
3 11
0 11
1 11
2 13
1 13
3 12
0 12
1 11
0 13
0 13
0 14
0 14
1 11
230 11
0 12
0 11
0 12
6 12
1 12
1 12
0 12
3 11
1 12
4 12
7 11
3 12
0 12
1 12
0 12
8 11
2 12
4 10
2 11
225 11
0 12
5 12
0 13
6 11
1 12
0 12
1 12
0 11
3 12
1 11
0 11
3 11
3 11
0 10
7 12
8 12
0 12
0 11
0 11
0 12
0 11
0 12
2 12
0 12
0 12
2 11
13 11
1 12
0 12
226 10
3 11
1 12
0 12
1 12
0 12
0 11
3 12
1 12
0 12
0 12
0 12
1 12
0 13
0 13
2 12
0 12
1 12
2 12
0 12
1 13
3 13
0 12
0 13
0 12
1 12
0 12
0 12
0 13
0 13
1 13
0 13
0 13
2 12
0 13
11 12
0 12
1 10
0 11
0 11
1 11
1 11
1 11
1 11
2 11
0 11
0 11
0 11
1 11
0 12
0 12
5 11
0 11
0 12
2 11
1 11
0 12
8 11
0 13
69 11
0 13
3 11
0 12
14 10
6 11
0 12
6 11
65 10
0 11
1 12
2 12
1 12
0 12
0 11
1 12
0 11
0 12
0 12
1 11
40 10
0 11
1 11
0 11
0 13
1 12
2 12
0 13
1 13
2 12
0 14
0 14
1 13
0 13
0 13
0 12
0 11
1 11
0 12
9 10
0 12
1 11
3 10
0 12
54 11
0 12
7 11
0 12
0 11
0 10
0 11
0 11
0 11
2 11
1 11
2 11
0 11
59 11
1 11
4 11
0 12
3 11
0 12
0 12
0 12
0 11
0 11
0 11
1 11
0 12
0 12
2 12
8 12
0 13
0 12
0 12
0 11
0 12
0 11
1 12
0 12
0 12
0 12
0 12
0 12
23 12
0 12
0 12
0 12
2 12
1 12
2 11
0 12
2 11
1 11
0 12
96 11
0 12
0 11
4 11
1 11
0 11
0 11
3 11
0 11
1 11
9 11
0 12
0 12
2 12
2 12
1 12
1 12
0 12
5 13
0 13
0 11
0 12
0 12
0 11
24 10
2 11
4 11
1 11
0 11
0 11
0 11
1 12
2 12
1 12
0 12
0 13
0 12
5 11
116 11
0 11
41 10
0 11
0 12
0 12
28 10
27 11
1 12
0 12
0 12
1 12
0 12
0 12
1 12
1 12
0 13
4 11
0 12
1 13
2 13
0 13
0 14
0 13
3 12
4 11
2 12
1 12
0 12
0 12
2 11
0 11
0 12
0 12
0 12
3 12
9 11
1 12
1 12
0 12
2 12
5 11
0 12
0 12
0 11
0 12
0 12
1 12
1 11
1 11
0 11
0 11
2 11
0 11
0 11
0 10
1 10
0 10
1 10
0 10
0 12
1 12
2 12
4 11
0 12
0 12
1 12
0 12
0 13
4 12
1 13
2 13
0 14
0 14
2 12
3 11
2 13
0 13
1 13
0 13
0 14
0 12
0 11
0 12
0 12
0 11
5 11
1 11
1 11
0 11
0 11
0 10
0 10
0 10
0 10
0 10
1 10
0 10
2 11
1 11
0 12
3 11
1 11
4 11
0 11
1 11
0 11
1 11
0 11
2 11
0 11
0 10
1 16
3 15
0 17
2 16
62 13
0 13
1 12
1 12
4 13
0 14
3 14
0 11
2 11
1 11
3 11
5 12
0 11
0 11
0 11
1 11
1 11
0 11
80 11
0 14
0 12
0 12
0 12
0 12
3 11
0 11
0 12
0 12
2 12
3 12
1 12
6 11
5 12
0 12
0 12
0 14
3 13
2 14
1 14
0 12
0 14
4 11
4 11
4 10
1 10
0 11
0 11
1 12
0 12
0 11
0 12
2 11
1 12
0 12
2 11
0 12
0 11
0 11
4 11
144 11
1 11
70 11
1 12
0 12
0 13
1 13
0 13
1 11
0 12
2 11
1 12
0 13
1 13
3 12
0 12
1 12
6 11
2 12
0 13
3 11
0 12
2 12
1 12
0 12
1 16
2 15
0 17
1 15
3 14
0 11
2 11
0 11
0 11
0 11
1 11
4 11
0 10
0 11
4 12
5 12
58 12
0 12
0 12
0 13
2 13
8 11
0 12
1 13
0 13
4 11
8 11
11 12
3 11
0 12
1 12
6 11
6 11
4 11
0 11
3 11
0 11
3 11
2 11
1 11
0 11
0 11
0 11
1 11
2 11
0 11
1 11
1 11
2 11
1 11
0 11
5 11
7 11
2 11
2 12
0 11
2 12
0 13
0 13
0 13
0 13
1 13
5 11
6 11
0 12
122 11
0 11
0 11
0 11
0 11
0 11
0 12
0 12
0 13
0 13
1 13
0 13
0 10
0 11
2 11
0 11
1 11
0 11
2 11
1 11
0 11
6 11
0 11
0 11
0 11
3 13
0 12
1 12
0 12
0 12
1 11
0 11
1 11
0 11
3 11
4 11
2 11
0 11
1 11
4 14
6 13
0 14
5 14
0 15
1 15
0 13
0 12
0 13
7 12
5 12
1 13
6 11
1 13
0 14
2 12
0 14
3 12
8 12
0 12
0 13
10 12
6 11
5 11
1 13
0 12
1 12
1 11
0 11
2 11
5 11
3 11
6 11
13 11
8 11
3 11
9 11
10 11
1 11
1 11
11 11
0 11
4 11
12 11
7 11
0 11
0 11
1 11
0 11
0 13
2 12
0 12
3 12
1 12
0 12
0 13
0 13
0 12
2 12
4 11
1 12
3 12
1 12
0 13
1 12
2 11
0 13
0 12
0 13
3 11
0 12
0 11
1 12
0 13
0 13
0 13
0 11
0 11
4 10
0 11
0 11
2 11
1 11
0 12
0 12
4 11
0 12
0 12
5 12
0 11
2 12
0 13
1 13
2 13
0 13
0 12
0 12
8 10
4 12
2 13
0 13
3 13
1 13
1 12
4 12
0 16
2 15
0 16
0 16
1 16
3 12
0 12
1 12
0 12
3 12
2 12
0 12
4 12
7 11
1 12
0 12
2 12
1 11
0 12
0 12
0 11
1 12
1 12
1 12
2 11
0 11
11 11
13 11
1 11
0 11
1 11
0 11
0 11
2 12
0 12
1 12
0 12
0 12
0 12
0 13
0 12
0 11
1 10
3 11
2 13
0 13
1 13
0 14
3 12
0 12
1 12
2 12
0 12
2 12
155 11
0 12
0 12
0 12
1 12
0 11
1 11
0 11
1 11
2 11
1 11
0 12
1 12
0 13
1 12
0 12
1 12
2 12
0 12
3 14
2 14
1 14
1 14
0 14
0 14
3 14
0 14
0 14
0 13
1 13
0 13
0 13
3 13
0 13
1 13
0 12
0 12
4 12
0 11
0 11
0 11
0 11
0 11
0 11
2 11
4 12
4 12
0 12
1 12
1 12
3 12
0 12
0 12
0 12
0 12
3 11
0 11
2 10
0 11
0 11
1 11
0 11
0 11
0 11
0 11
1 11
2 11
3 10
1 11
0 11
0 11
1 11
0 11
0 11
0 11
0 11
0 11
0 11
0 11
4 12
8 11
0 12
5 11
0 11
0 11
1 11
0 11
0 11
0 11
0 11
0 13
3 12
1 12
0 12
2 11
0 12
1 12
0 12
0 11
0 11
0 10
0 12
1 12
1 11
0 11
0 11
35 11
4 11
0 11
0 11
3 11
2 11
0 11
1 12
0 12
0 11
36 11
0 13
7 12
0 11
0 11
0 11
1 13
2 13
0 14
1 13
0 13
0 11
0 14
0 12
3 12
1 12
2 12
1 12
0 12
3 12
0 12
0 12
2 12
1 12
0 11
0 16
2 11
1 14
0 14
0 14
0 14
3 13
1 14
1 14
2 14
1 14
0 14
0 15
0 11
4 11
0 12
0 12
0 11
1 11
2 11
0 15
0 15
4 13
2 13
1 13
3 13
0 13
0 13
5 13
1 13
1 11
2 11
0 11
0 12
3 12
3 12
0 14
1 13
2 13
1 11
0 12
0 12
1 12
3 11
0 13
8 11
1 11
0 11
0 11
2 11
0 11
0 12
1 12
0 17
1 17
0 16
7 11
0 11
0 11
0 11
1 11
0 13
0 11
4 11
4 11
0 11
2 11
6 11
0 11
3 11
0 11
1 11
1 11
1 11
3 11
5 11
0 11
0 11
0 11
0 17
0 14
1 14
1 12
0 11
0 11
0 12
0 12
0 12
0 11
0 11
0 12
0 12
0 11
2 11
0 11
0 11
1 11
0 11
2 11
12 11
0 14
2 12
0 13
1 13
0 12
0 12
0 12
4 11
0 11
3 12
0 12
0 12
250 11
0 11
0 11
0 11
1 11
4 11
0 11
1 11
0 11
0 12
0 12
1 12
0 12
1 11
1 11
0 11
2 12
0 13
1 13
3 11
0 11
2 11
2 11
0 11
1 11
1 11
0 11
0 11
0 11
1 12
0 12
0 12
1 12
1 12
0 12
3 11
0 11
34 11
0 12
1 12
2 11
6 11
0 12
0 12
1 12
2 12
0 12
1 11
0 12
5 12
1 12
0 12
0 12
7 12
2 13
4 12
5 12
6 13
3 12
1 13
0 13
0 11
2 15
3 14
4 14
1 15
0 15
5 13
0 14
1 12
0 12
0 11
0 11
1 11
0 11
0 11
0 11
0 12
2 12
2 12
0 11
0 11
0 11
1 11
0 11
1 12
0 13
0 11
2 11
1 11
5 11
4 11
1 11
0 12
0 12
0 12
1 12
0 12
0 12
0 13
0 13
0 13
2 13
1 13
3 12
37 11
0 12
0 13
1 12
1 12
0 12
0 11
0 12
1 12
0 12
0 11
0 11
0 12
1 11
0 12
0 12
2 11
4 11
3 12
2 12
0 12
1 12
0 12
0 12
0 12
1 12
0 12
1 12
0 12
0 12
0 13
1 13
0 13
2 13
0 13
1 13
0 13
0 11
0 11
1 12
0 12
0 12
1 11
0 11
0 12
0 12
0 12
0 13
1 13
1 13
5 12
1 12
0 14
10 11
8 11
9 11
1 11
0 11
1 13
0 14
0 12
15 11
1 11
0 11
0 12
3 12
5 12
0 12
0 12
0 12
0 14
0 11
0 11
1 11
1 11
0 15
1 11
0 11
1 13
0 12
0 11
0 13
1 13
0 11
0 12
1 11
0 11
0 11
2 12
0 12
0 12
1 12
0 12
0 12
0 12
1 11
4 11
2 11
2 11
0 11
1 13
0 14
0 13
0 13
0 12
1 13
0 14
0 11
0 12
0 12
3 13
1 13
0 12
2 13
0 12
0 12
0 13
1 13
0 13
3 12
2 13
1 13
1 13
0 12
0 13
2 13
1 13
0 13
0 13
0 13
0 14
1 13
1 12
2 11
0 13
2 11
0 11
1 11
0 11
0 13
1 11
0 11
3 11
2 11
0 11
1 11
1 14
0 14
0 14
0 13
0 13
0 13
0 13
0 13
0 13
2 12
0 13
0 12
0 11
3 12
1 13
2 12
0 12
0 13
0 13
1 13
1 12
2 12
0 13
0 11
0 11
4 11
3 12
2 12
0 12
0 12
0 12
1 12
1 13
0 13
1 12
0 12
0 12
4 11
5 11
0 13
0 13
0 13
0 12
0 12
1 12
0 12
1 12
0 12
2 12
1 12
0 12
0 12
0 12
2 12
0 12
1 11
0 12
1 12
1 11
0 12
2 13
1 14
0 14
0 11
0 12
3 11
1 11
0 11
1 11
0 11
0 11
0 11
3 12
0 12
0 12
1 12
2 12
0 12
0 12
0 12
0 12
2 10
0 10
21 10
1 11
0 11
0 11
0 10
0 11
0 11
6 11
0 10
3 10
0 10
0 11
0 12
0 12
1 12
2 12
1 12
0 12
0 12
3 12
1 11
3 13
0 13
0 14
2 14
0 14
8 12
0 14
1 13
0 12
5 11
5 11
0 12
2 12
0 12
1 12
0 12
0 12
0 12
2 13
0 13
0 13
1 13
5 11
2 11
1 11
3 11
0 11
4 11
5 12
6 12
4 12
3 12
1 12
2 12
0 12
5 12
0 12
3 12
2 12
4 12
1 12
1 12
0 12
0 12
0 17
0 17
0 17
0 11
0 13
1 13
0 12
1 11
0 11
0 11
2 11
1 11
0 11
2 11
1 11
1 11
1 11
0 11
0 11
0 11
4 12
1 12
15 12
0 13
0 12
0 12
4 12
1 12
11 12
0 12
0 12
3 12
7 12
8 12
9 12
5 12
6 12
2 12
10 12
0 12
0 12
2 12
0 13
0 13
0 13
1 12
0 12
2 12
1 12
0 12
3 12
0 12
1 13
1 13
0 13
0 13
0 12
1 11
0 12
1 13
0 13
2 13
4 12
1 12
0 13
3 12
0 13
0 13
0 14
1 14
0 15
1 13
0 13
0 13
0 13
0 13
0 13
1 13
0 13
5 12
1 12
4 12
6 12
2 12
2 12
7 12
3 12
3 12
0 12
0 12
0 12
1 12
8 12
0 12
0 12
1 11
0 11
3 11
2 12
0 12
0 11
1 12
1 12
0 13
1 12
0 12
1 12
0 12
2 12
1 13
2 13
0 13
1 11
2 13
1 13
0 13
0 12
0 12
2 14
0 11
0 11
0 11
0 12
1 11
0 11
0 11
1 11
2 11
0 11
0 14
0 11
5 11
0 11
0 12
0 12
0 12
1 12
1 13
0 13
0 13
19 12
6 13
169 12
11 12
12 12
14 12
1 12
16 12
15 12
9 12
3 12
10 12
17 12
13 12
7 12
0 12
6 12
0 12
18 12
5 12
4 12
0 13
1 12
2 12
0 12
8 12
1 13
0 13
0 12
0 12
1 12
0 13
0 13
3 11
1 12
0 13
1 12
0 12
0 12
0 12
1 12
0 13
4 12
3 13
0 13
1 13
0 12
2 14
0 14
1 14
0 14
0 12
1 12
1 12
0 12
2 12
8 12
2 12
0 12
19 13
10 13
0 13
20 13
16 13
15 13
11 13
13 13
18 13
21 13
14 13
22 13
9 13
8 13
7 13
6 13
17 13
5 13
3 13
12 13
4 13
2 13
1 13
1 11
0 11
2 11
0 12
0 12
2 12
1 12
0 12
0 11
1 11
0 11
2 13
1 13
0 13
0 13
0 13
0 13
1 13
0 13
0 12
2 12
0 12
2 12
1 12
0 11
3 11
0 11
2 11
1 11
1 11
0 11
0 11
0 12
2 12
0 12
2 11
0 12
0 12
0 12
1 12
1 11
0 12
0 12
0 13
2 13
1 12
1 13
0 13
0 11
0 11
0 11
5 11
1 12
0 12
0 12
0 12
0 12
0 14
0 12
3 12
0 12
0 14
0 13
0 13
0 15
0 13
3 13
2 13
1 13
0 13
0 12
0 11
0 11
1 13
0 13
2 12
3 12
0 12
0 12
0 13
1 13
0 12
0 12
0 12
2 15
0 16
0 16
3 14
4 14
1 16
0 12
0 11
1 11
0 11
1 11
0 11
0 11
1 11
2 12
1 12
1 11
0 11
0 11
0 13
2 13
3 13
5 12
1 13
8 12
2 13
7 12
1 13
0 13
1 11
0 11
0 11
0 11
0 12
18 12
24 12
14 12
11 12
26 12
28 12
17 12
32 12
8 12
15 12
19 12
12 12
0 12
29 12
13 12
9 12
10 12
30 12
22 12
33 12
25 12
27 12
31 12
4 12
21 12
5 12
20 12
23 12
7 12
3 12
16 12
2 12
6 12
1 12
0 13
2 13
1 13
0 13
0 13
0 12
0 13
3 12
0 13
1 13
0 14
0 16
1 12
0 12
0 13
2 13
1 13
0 14
2 12
0 12
0 12
0 11
0 11
0 12
0 12
1 12
1 12
0 12
0 12
1 13
0 13
0 13
1 13
0 13
1 12
0 12
0 12
0 14
0 13
0 13
0 11
0 12
3 12
2 12
1 12
0 12
0 13
3 12
1 13
2 13
0 12
0 13
9 12
0 13
2 13
2 12
8 12
0 13
0 12
1 12
1 13
3 13
0 13
1 13
1 14
0 14
0 12
0 12
1 11
0 12
0 12
0 12
1 12
0 11
1 11
0 11
0 12
0 12
1 12
0 12
0 13
4 12
0 13
2 13
0 13
0 13
1 13
0 12
0 13
0 11
0 13
0 13
6 13
0 13
1 13
2 14
3 14
1 13
2 12
0 13
0 14
1 14
0 12
0 12
0 12
1 13
0 13
2 13
0 12
2 12
1 12
5 12
3 12
0 13
0 12
0 14
2 12
0 12
2 12
0 12
0 12
0 12
1 12
0 12
0 14
0 12
0 12
2 12
1 12
0 12
3 11
1 12
0 12
2 12
0 12
1 12
0 12
4 13
0 14
0 13
1 13
0 14
1 12
0 13
0 11
0 12
0 12
0 12
1 13
2 13
0 13
0 14
0 13
0 12
0 12
1 12
0 12
2 12
1 12
0 13
0 12
0 12
1 11
0 12
1 15
0 15
1 14
0 12
1 12
0 12
0 12
2 12
0 13
1 13
0 13
5 13
3 13
4 13
2 13
0 13
1 13
0 11
4 13
0 13
3 13
0 14
2 13
1 13
1 14
9 12
1 13
0 13
0 11
2 13
1 13
1 13
0 13
0 14
0 12
0 12
1 12
0 12
3 12
0 12
1 13
1 12
0 13
0 11
2 12
0 13
1 12
1 13
0 13
0 12
0 12
0 13
0 12
3 12
4 12
5 12
0 14
1 14
0 11
3 11
2 12
0 12
0 12
0 12
0 12
0 12
1 12
0 12
0 12
0 13
0 13
0 13
0 12
2 11
0 11
0 12
1 11
0 11
0 12
0 12
0 12
1 14
0 14
2 13
0 14
0 12
0 12
0 12
0 12
0 14
0 12
0 12
0 12
0 12
0 13
0 12
0 13
0 11
0 15
0 12
0 13
0 13
1 13
1 13
2 13
0 11
1 11
0 14
0 13
0 12
0 13
0 14
2 13
0 14
0 14
1 14
9 12
6 12
13 12
4 12
8 12
3 12
5 12
0 12
7 12
10 12
11 12
12 12
14 12
2 12
1 12
0 12
1 12
0 12
0 12
0 13
0 13
0 13
0 13
0 11
0 13
0 13
0 12
0 12
0 12
2 13
1 13
0 13
0 12
0 12
1 12
4 12
2 12
1 12
0 12
3 12
0 11
0 12
0 12
2 12
0 13
0 14
0 14
0 13
1 13
2 13
0 12
0 12
0 13
0 13
1 12
0 13
2 13
1 14
0 14
0 13
1 13
0 13
0 13
6 12
0 12
1 12
0 13
2 12
1 12
0 12
1 12
0 12
0 14
0 14
0 13
1 13
0 12
0 12
1 12
0 13
0 15
1 13
0 13
1 15
0 15
0 15
0 13
1 12
0 13
0 13
0 11
0 12
0 12
0 12
0 13
0 12
1 13
5 13
2 12
5 12
6 12
0 12
3 12
8 12
9 12
4 12
1 12
7 12
4 12
1 12
2 12
3 12
0 12
0 13
1 13
1 14
0 14
0 13
0 13
1 13
0 15
1 15
0 15
0 13
1 12
0 12
0 12
0 13
1 13
0 13
0 13
0 13
0 13
2 15
0 16
1 16
0 12
0 13
1 12
0 12
2 12
0 13
0 13
0 14
0 15
1 15
0 13
7 12
4 12
1 12
5 12
3 12
0 13
6 12
2 12
1 13
0 13
0 13
1 13
2 13
0 13
0 13
1 13
0 12
0 13
0 12
0 13
1 13
0 14
0 14
0 14
1 14
0 12
0 13
2 13
1 13
0 11
0 11
0 12
0 14
0 11
0 13
0 13
0 12
0 12
0 13
