346 4
150 4
0 5
8 4
6 4
0 4
0 5
1 4
0 5
51 5
0 5
263 4
116 4
78 4
313 4
3 5
246 4
0 5
3 4
123 4
1 5
2 5
1 5
288 4
97 4
218 4
3 4
2 4
135 4
302 4
0 5
1 4
0 5
271 4
2 5
6 4
174 4
0 5
1 4
284 4
229 4
37 4
107 4
0 4
4 4
17 4
2 4
7 4
3 4
3 4
2 4
42 4
0 4
285 4
166 4
3 4
130 4
138 4
71 5
267 4
6 4
345 4
0 4
0 5
0 4
0 5
310 4
163 4
0 4
63 4
0 4
0 5
0 4
244 4
353 4
115 4
3 4
215 4
294 4
219 4
1 4
364 4
5 4
0 5
2 4
59 4
373 4
0 4
0 5
134 4
0 5
151 4
228 4
7 4
0 4
0 6
0 5
236 4
4 5
4 4
1 5
4 4
6 4
1 4
0 4
8 4
0 5
0 4
22 4
25 4
2 4
358 4
102 4
127 4
34 4
265 4
0 5
0 4
0 5
2 4
1 4
67 4
238 4
27 4
1 4
105 4
9 4
338 4
169 4
0 5
0 4
50 4
1 4
2 4
0 5
0 4
0 4
300 4
0 5
165 4
334 4
280 4
2 4
185 4
1 5
347 4
349 4
13 4
255 4
278 4
197 4
0 5
299 4
0 5
73 4
216 4
77 4
0 5
6 4
269 4
18 4
192 4
120 5
200 4
160 4
0 4
3 4
112 4
262 4
148 4
4 4
0 4
0 4
9 4
1 5
0 6
2 4
0 5
4 5
16 4
72 4
337 4
6 4
272 4
8 4
70 4
1 5
0 4
226 4
248 4
14 4
133 4
128 5
4 4
0 4
279 4
162 4
0 5
178 4
1 5
0 5
39 4
0 4
331 4
49 4
3 4
66 4
104 4
0 4
7 4
1 4
93 4
1 4
5 4
0 5
0 4
372 4
75 4
9 5
207 4
0 4
173 4
161 4
0 4
0 4
88 4
0 5
5 4
4 4
4 4
1 4
0 4
95 4
2 4
98 4
191 4
196 4
181 4
152 4
1 4
15 4
147 4
283 4
12 4
306 4
326 4
23 4
0 4
325 4
0 4
370 4
3 4
43 4
0 4
157 4
0 5
167 4
0 5
350 4
156 4
45 4
184 4
0 5
149 4
4 4
0 5
0 5
0 5
333 4
277 4
1 5
369 4
341 4
242 4
7 4
0 4
1 4
2 4
136 4
109 4
0 4
2 4
1 4
1 4
170 4
0 4
1 4
6 4
159 4
254 4
0 5
137 4
0 4
0 5
12 4
81 4
3 4
113 4
141 4
0 5
76 4
321 4
86 4
101 4
0 4
24 4
2 4
143 4
100 4
2 5
0 5
0 5
13 4
1 4
259 4
1 4
247 4
0 5
198 4
0 5
1 5
2 4
5 5
363 4
5 4
20 5
13 4
140 4
266 4
35 4
0 5
132 4
327 4
0 5
231 4
268 4
80 4
0 4
17 4
2 4
0 5
2 4
0 4
0 5
0 5
175 4
10 4
5 4
360 4
0 4
3 4
0 4
0 4
0 5
305 4
30 5
0 5
145 4
64 4
87 4
144 4
19 4
32 4
1 5
3 4
0 5
357 4
0 4
308 4
10 4
359 4
190 4
0 4
0 4
214 4
0 4
281 4
142 4
36 4
0 4
1 4
0 5
206 4
289 4
2 4
1 4
124 4
0 5
125 4
117 4
0 5
0 5
4 5
314 4
0 6
0 5
0 5
194 4
0 5
89 4
2 4
0 4
10 4
0 5
1 4
1 4
241 4
1 4
320 4
146 4
0 4
223 4
1 4
348 4
291 4
8 4
108 4
354 4
11 4
0 5
6 4
0 5
256 4
2 4
243 4
111 4
187 4
172 4
5 4
295 4
1 4
28 4
222 4
0 5
119 4
209 4
309 4
171 4
139 4
16 4
19 4
0 4
33 4
3 4
14 4
343 4
154 4
324 4
0 5
69 4
83 4
230 4
84 4
0 5
41 4
332 4
0 4
274 4
0 5
5 4
38 4
176 4
0 4
1 5
0 4
193 4
0 5
0 5
155 4
303 4
1 4
96 4
4 4
351 4
212 4
282 4
336 4
46 4
3 4
339 4
1 4
5 4
204 4
5 4
0 5
29 4
317 4
275 4
0 4
62 4
316 4
217 4
15 4
0 5
319 4
261 4
0 5
0 5
0 5
0 5
56 4
1 4
5 4
293 4
189 4
0 5
340 4
199 4
312 4
5 4
0 4
264 4
11 4
47 4
106 4
0 5
292 4
182 4
245 4
1 5
168 4
1 4
57 4
0 5
361 4
0 5
276 4
6 4
0 5
205 4
304 4
186 4
0 5
5 4
0 5
58 4
251 4
2 5
0 4
0 5
1 5
6 4
270 4
3 5
158 4
0 5
234 4
232 4
118 4
131 4
65 4
301 4
121 4
114 4
235 4
355 4
0 4
2 4
0 5
290 4
1 4
3 4
328 4
208 4
1 4
1 4
257 4
0 4
233 4
1 4
287 4
0 4
1 4
0 5
7 4
0 5
3 4
14 5
11 4
99 4
0 4
318 4
322 4
273 4
335 4
6 4
1 4
3 4
1 4
0 5
68 4
0 4
2 4
7 5
3 4
0 4
4 4
211 4
1 4
18 4
0 5
210 4
0 4
2 4
0 4
0 4
4 4
344 4
2 4
0 4
2 4
85 4
79 4
221 4
1 5
367 4
180 4
323 4
365 4
0 4
1 4
0 5
342 4
352 4
183 4
0 5
0 4
0 5
26 4
2 4
366 4
5 4
82 4
201 4
7 4
3 4
0 4
61 4
110 4
260 4
0 4
220 4
44 4
227 4
7 4
54 4
315 4
5 5
213 4
249 4
48 4
250 4
12 4
0 4
0 5
0 4
371 4
52 4
240 4
6 4
94 4
1 4
356 4
3 4
253 4
4 5
0 4
5 4
3 4
12 4
3 4
330 4
1 5
0 5
0 4
4 4
0 5
4 4
0 4
368 4
0 4
203 4
2 5
311 4
55 4
0 5
297 4
60 4
0 4
103 4
0 4
2 4
8 4
1 4
0 5
0 5
0 5
239 4
31 4
122 4
0 5
374 4
8 4
1 4
0 5
0 5
10 4
307 4
298 4
129 4
237 5
164 4
225 4
1 5
90 4
0 4
2 4
0 5
224 4
0 4
53 4
0 4
296 4
1 5
195 4
2 5
0 5
362 4
21 4
9 4
179 4
2 5
0 5
0 4
126 4
0 5
0 5
258 4
177 4
4 4
286 4
0 4
0 4
0 5
1 4
0 4
202 4
0 4
252 4
1 4
4 4
188 4
74 4
1 4
40 4
153 4
11 4
92 4
0 4
329 4
91 4
9 4
