2816 9
1190 10
1784 10
0 10
3105 9
1733 9
3400 9
1103 10
3360 9
0 10
1000 9
1 10
3611 9
0 10
1 10
2858 10
1405 10
3708 9
8 10
3507 9
18 10
3638 9
4 9
3051 9
6 10
3714 9
1986 10
3118 9
1 9
3584 9
0 10
2 10
4 10
1 10
2168 10
2619 9
3314 10
938 9
3550 9
1129 10
2482 9
0 10
3053 9
1989 9
2452 9
1 10
2064 10
3493 9
1683 9
6 10
1 10
1224 10
595 9
2009 9
2307 10
6 10
1825 10
2949 9
981 10
1 10
2467 9
926 10
692 9
3007 9
3432 9
3414 9
2970 9
2395 10
0 10
3319 9
622 10
16 10
3 9
0 10
1017 9
3487 9
6 10
1 10
2760 9
0 10
1293 10
0 10
571 10
6 10
2 10
3252 9
2857 9
3 10
0 10
0 10
246 10
3152 10
4 10
3150 9
0 10
5 10
2417 9
7 10
1 9
0 10
2017 10
3695 9
1603 10
1 10
2 10
5 8
3256 9
0 10
478 9
3599 9
948 10
2604 9
3694 9
773 10
1 10
3592 9
3720 9
3377 9
1345 10
3713 9
2186 9
0 10
7 10
3724 9
1081 9
3717 9
0 10
3092 9
205 10
3308 9
5 9
3652 9
3620 9
0 10
378 10
3213 9
80 9
1933 9
533 10
2770 9
4 10
0 9
3225 9
2 10
2663 9
1566 9
2160 9
3716 9
3528 10
699 10
1 10
887 9
3404 9
2511 9
5 9
3634 9
5 10
2596 9
2060 10
2617 9
0 10
3038 9
2 10
1 10
3723 9
3554 10
11 9
1209 10
6 10
0 10
2 10
3235 9
2588 9
7 10
3 9
1189 9
1134 9
964 9
0 10
4 8
1008 9
0 10
1 9
486 9
1047 9
593 10
3 9
5 9
2 9
0 10
3491 8
0 9
0 10
2 10
13 9
3041 9
1283 8
3465 9
355 9
6 10
789 10
3655 9
648 9
373 9
2246 9
8 10
1133 9
2330 9
215 10
1151 9
3605 9
2594 10
52 10
2 10
3365 9
1 10
3275 9
1 10
0 10
2773 9
950 9
0 10
3467 9
2364 10
8 10
2205 9
851 10
4 9
3081 10
1139 9
0 9
3 10
1552 10
1 10
2521 9
3516 10
3260 9
314 10
3111 9
24 9
3199 9
3 9
3321 9
1910 9
1694 10
1963 9
291 9
2496 9
3340 9
662 10
1509 10
1004 9
0 10
3661 9
2329 9
3727 9
3380 8
0 10
3648 9
5 10
2344 9
2591 9
4 9
0 9
7 9
2103 9
3423 9
3391 9
3394 9
1851 9
139 9
2244 9
3402 9
4 9
0 9
2797 9
2561 9
1 10
1177 9
2933 9
4 10
3353 9
3234 9
2774 9
3728 9
2409 9
0 9
2805 9
3663 9
3632 9
3215 9
3591 9
1 10
2783 9
2552 10
2790 9
2 10
2719 9
3733 9
0 9
1 9
3210 9
3085 9
3732 8
9 9
3687 9
3625 9
121 9
6 9
3298 9
2539 9
3249 9
3643 9
0 10
3534 9
2416 9
2958 9
3179 9
16 9
2227 9
3431 9
1 9
2714 10
3715 9
8 9
3734 9
1 9
2531 9
3455 9
1534 10
3 9
2924 9
3578 9
371 10
2 9
2315 9
3651 9
1 9
3539 9
3593 9
3021 9
3195 9
3033 9
1631 9
11 9
0 9
71 9
3580 9
3456 9
3503 9
2989 9
3396 9
2 9
2724 9
14 9
2 9
2350 9
2397 9
3603 9
3696 9
3558 9
2563 9
3131 9
25 9
3212 9
3425 8
12 9
3598 9
753 10
3699 9
0 9
3066 9
1824 9
4 10
3418 9
3153 9
3587 9
2143 9
1 9
2153 9
3453 9
3133 9
3596 9
3318 9
3082 9
1677 9
0 9
3684 9
12 9
3466 9
3543 9
3355 9
3305 9
21 9
3182 9
3251 9
3585 9
7 9
3702 9
1778 9
0 10
2936 9
3306 9
1 10
3512 9
3322 9
3419 9
2136 9
3142 9
15 9
2817 9
3145 9
3315 9
2112 9
3032 9
990 10
1545 9
7 9
2 9
2436 9
2923 9
3147 9
3027 9
2159 9
2564 9
0 9
0 10
2689 9
0 9
3438 9
1 10
1476 9
451 10
344 9
2786 8
2568 10
1546 9
2806 9
5 9
3399 9
2422 9
1728 8
2218 10
6 9
3191 9
1751 9
1 9
2694 9
4 9
1586 9
3471 9
1360 9
0 10
503 9
3059 9
2384 9
1027 9
1555 9
2576 9
852 9
2831 9
2241 9
3329 9
979 9
3046 9
1 9
1288 10
1798 10
2426 10
3 10
2 10
6 9
2 9
6 10
1132 10
2758 9
3216 9
4 10
3 10
4 10
0 9
2 10
3579 9
5 10
5 9
0 10
634 10
1 10
1506 9
10 10
2169 9
1128 10
1197 9
891 10
1717 10
2424 9
0 10
2523 10
1155 10
4 10
1841 10
0 10
2654 9
1 10
2951 10
1180 10
0 10
3083 9
90 10
7 9
1 10
15 9
0 11
1 11
0 11
2 10
0 11
1 11
1 10
0 11
348 10
0 11
0 11
1 11
4 10
0 11
1 10
245 9
0 11
2 10
2810 10
0 10
0 11
0 11
1302 10
0 10
1052 10
1 11
1510 10
5 10
1 11
0 11
0 11
267 10
1341 10
0 11
2430 10
0 10
3169 9
1 10
0 11
876 10
1515 10
1861 10
2040 10
3 10
2 10
2354 10
0 10
1 11
1 10
3 11
1 11
1780 10
1821 10
0 11
0 11
6 10
701 10
3264 10
1650 10
1314 9
4 10
2 11
4 10
7 10
9 10
6 11
2512 9
7 9
2312 9
3433 9
2147 9
2903 9
2438 9
3093 9
2275 9
2041 9
3300 9
2883 9
2954 10
2173 9
1647 9
2675 9
172 9
3307 9
620 9
3549 9
2733 9
1575 9
3409 9
0 9
12 9
3311 9
2611 9
0 10
0 10
133 9
40 9
2921 9
10 9
8 10
1608 9
1559 9
2894 9
2357 9
3498 9
1684 9
1580 9
3309 9
122 9
1059 10
3174 9
142 9
9 9
2812 9
1789 9
2221 9
2830 9
18 8
2905 9
3035 9
698 9
3143 9
847 10
3393 9
11 9
41 9
3568 9
2865 9
17 9
0 9
1 9
0 10
649 8
225 10
2 10
4 10
3 9
1554 8
0 9
5 10
1122 9
2625 9
15 9
1 10
18 9
0 11
2 10
2306 9
4 10
414 10
2 10
9 10
3367 9
3 9
608 9
0 10
1 10
8 9
669 9
63 10
11 10
0 10
0 10
0 10
2 10
0 10
1 10
1 9
0 10
1 10
281 10
1249 9
5 10
1 10
1512 9
0 10
0 10
1701 9
0 10
0 10
1 10
0 10
4 10
604 9
1 10
10 10
5 10
465 10
2057 9
1668 9
4 10
1500 8
62 10
0 10
3 10
2 10
1 10
3348 9
2 10
0 10
2 10
0 10
0 10
688 9
3 10
2 10
0 10
0 10
4 10
1 10
4 10
1 10
556 9
14 10
3219 9
3 10
48 10
1163 9
0 9
1676 9
2 9
7 9
1071 10
220 10
1895 9
318 9
917 9
805 9
5 9
1075 8
1 9
1315 9
0 9
3531 9
10 9
80 8
350 8
3 8
2425 9
2845 9
0 9
0 9
8 9
1154 9
1670 9
2 9
241 9
0 9
1929 9
1317 9
3345 9
0 9
603 9
2769 9
0 9
2802 9
3 10
0 10
1 8
446 9
2957 9
0 9
1 10
50 9
2909 9
86 9
655 9
9 10
6 9
79 9
2 10
5 9
454 9
0 10
2542 9
2 9
476 9
2 10
588 10
17 9
19 10
394 9
1 9
0 10
1016 9
4 9
15 9
1441 10
3588 9
2787 9
2164 9
18 9
2183 9
893 9
9 9
223 9
3029 9
1 10
898 9
2565 9
9 10
9 10
13 10
0 10
10 10
2 10
0 10
919 10
1847 10
0 11
2871 9
3385 9
107 9
3271 9
3607 9
0 10
0 10
86 10
2 9
2567 9
0 10
3517 9
3594 9
0 10
2339 9
3628 9
2 10
3653 10
3440 9
3341 9
3017 9
1447 10
3324 9
2158 9
3545 9
2453 10
3710 9
3 10
3665 9
1 10
3581 9
2 10
6 10
0 10
3688 9
2987 10
3560 9
3664 9
93 10
2240 9
1985 9
2996 9
1 10
3678 9
3087 9
3327 9
1112 10
0 10
2 10
2456 10
1906 9
2488 10
2121 10
5 10
3725 9
2167 10
3001 9
1 10
727 9
0 10
3697 9
3285 9
3448 9
1 10
8 9
2555 9
3709 9
3505 9
3427 9
2 10
0 10
3457 9
3454 10
57 10
0 10
1 10
152 10
3533 9
3649 9
3572 9
0 10
2048 10
2984 9
3677 9
3626 9
3475 9
2252 10
2082 10
0 10
1453 10
52 9
2674 10
154 9
17 10
3333 9
2659 10
3698 9
8 9
2777 10
3658 9
3597 9
3328 9
2499 10
3644 9
3439 9
3542 9
3 9
157 9
3112 9
3483 9
4 10
2527 10
47 9
45 10
156 9
51 9
3645 9
0 10
3122 9
53 9
3128 9
3 10
3 9
2 10
2914 10
2 10
2846 9
3622 9
0 10
2745 10
1 10
3511 9
3624 9
162 9
38 10
3616 9
0 10
1815 10
2349 9
0 10
161 9
3198 9
3522 9
16 10
3729 9
2854 9
3445 9
2434 9
3673 9
3510 9
3428 10
0 10
2665 10
54 9
0 10
2938 9
3551 9
1 10
9 10
2775 9
3621 9
71 9
2718 9
3614 9
153 9
3674 9
3589 9
0 10
3681 9
3372 10
0 10
3342 10
48 9
2 10
3411 9
50 9
49 9
46 9
2735 9
0 10
1730 9
2385 9
3221 10
1936 10
248 10
2297 9
0 10
1607 9
1551 10
349 10
2 10
2 10
1470 9
1 9
2836 9
1469 10
2725 9
611 10
0 10
2180 10
1 10
2685 10
2044 9
515 10
1764 10
2878 9
2 9
0 10
570 10
741 9
0 10
565 10
11 9
1203 9
0 10
2289 10
1446 10
141 9
724 10
2390 9
2998 8
1 10
13 10
1886 9
0 10
3 9
254 10
197 10
4 10
643 9
2 9
1178 9
1450 10
351 10
793 8
358 10
1 10
1282 9
4 10
60 10
3 11
1502 9
1233 10
0 10
4 10
6 9
0 11
0 10
0 10
1 10
1322 10
0 11
1479 9
993 10
3376 9
3016 9
4 10
3130 10
3417 10
1328 10
0 10
0 10
3703 9
3126 9
2320 9
8 10
3722 9
2863 9
17 10
2236 10
3065 10
3444 9
3104 10
2624 10
7 10
2644 10
1944 10
2971 9
0 10
3 11
0 10
0 10
0 11
0 10
43 10
3519 9
2199 10
2413 10
0 10
0 10
2 10
3468 9
4 10
3646 9
0 10
3098 10
2014 10
3556 9
2178 9
39 10
1 10
1 10
41 10
2945 10
3719 9
3521 9
8 10
42 10
38 10
44 10
2188 10
2508 10
40 10
3 10
0 10
0 10
0 10
1351 9
1070 10
2 10
4 8
3382 9
16 9
2941 10
2630 9
3612 9
3633 9
2265 9
2807 9
3415 9
2318 9
2324 10
59 9
1599 10
3359 9
0 10
1250 10
3379 9
2 9
1 10
1 10
2649 9
3656 9
3557 9
2901 10
2216 10
0 10
7 9
8 10
1883 9
3 10
2229 10
0 10
2791 9
2 10
3338 9
2535 10
9 10
0 10
3163 10
3233 10
3125 9
2825 9
2999 9
779 10
13 10
1 10
3067 9
0 11
702 9
3513 9
0 10
1875 10
2450 10
1713 10
3121 9
3178 9
2068 10
2519 10
77 9
70 10
3222 10
2968 9
3334 10
2 10
2618 9
0 10
2415 9
3566 9
0 10
3623 10
384 9
2837 9
3462 10
3253 10
1915 10
3 9
5 10
3667 10
294 9
1265 9
381 9
69 10
242 10
1693 9
498 9
2056 9
0 10
3461 9
3 10
3569 9
1418 9
3416 8
1 10
2 9
3 10
4 10
3617 9
0 10
3523 9
5 10
3535 9
2695 9
2302 9
1 10
0 10
531 10
0 10
875 9
1201 10
3 10
1 10
2940 9
76 10
3003 9
365 10
3705 9
3 10
2922 9
3042 9
2935 9
4 10
3446 9
0 9
1 10
6 10
5 10
994 9
2702 10
1169 9
1878 10
5 10
3214 9
1953 9
3384 9
16 9
1 10
3 10
4 9
1106 9
1 10
2959 9
19 9
2469 9
1979 10
3 10
11 9
1222 9
2396 9
2457 10
1 10
841 9
10 9
1894 9
1384 10
6 10
4 10
10 10
0 10
20 9
9 9
3 10
0 10
2 10
3 10
27 10
0 9
628 10
0 10
2441 10
1167 10
7 9
4 10
1 10
1645 10
2692 9
14 9
3117 10
21 9
2740 9
3094 9
15 10
8 9
2827 10
10 9
28 9
3217 9
0 10
0 10
4 10
1 10
2342 9
1741 10
7 10
15 9
998 10
13 9
0 10
2755 9
3060 9
0 10
8 9
23 9
1 10
287 10
663 8
2179 9
12 9
7 9
8 10
2 10
2 9
2472 10
7 10
0 10
795 10
1582 9
2 10
4 10
0 10
10 10
0 10
947 9
0 10
1785 9
2946 9
2 10
2623 9
9 10
2 10
2814 10
1 9
1301 9
12 9
1 10
1919 10
0 11
13 10
4 11
6 9
0 11
506 10
1 11
3004 9
1 11
0 11
0 11
846 10
0 11
0 10
0 10
3303 9
3464 10
0 10
7 10
0 10
21 10
2709 9
9 10
1625 9
3526 9
3387 9
15 10
44 10
3501 9
2742 10
16 10
1 10
1672 10
0 10
3054 10
3160 9
13 10
8 10
2907 10
2902 10
3089 9
2986 10
1771 10
2860 9
100 10
2988 9
3 10
1 10
3619 9
1984 9
1 9
3146 9
6 10
12 10
0 10
0 10
0 10
0 10
7 10
0 10
9 10
2067 10
11 10
5 10
1273 10
0 10
10 10
2 10
1573 10
5 10
1791 9
1 10
3504 9
2 10
3527 9
5 10
1 10
0 10
4 10
2767 9
3683 9
10 10
1 10
3095 9
2978 9
6 10
3162 10
2 10
3113 9
3470 9
3 10
1961 9
4 10
3157 10
11 10
3230 10
2345 10
0 10
2700 10
2881 9
2956 9
8 10
2220 10
12 10
3030 10
1403 10
2 10
1982 9
2263 10
0 10
807 10
2 10
1 10
3058 9
18 10
7 10
3 10
8 10
0 10
3268 9
14 10
2266 10
3463 10
2290 9
1976 9
1 10
3 10
3227 10
1 10
2476 10
1 10
2259 10
356 10
0 10
1754 10
2 10
1494 10
1808 9
2601 9
1033 10
0 10
6 10
4 10
1 10
1 11
0 11
0 11
0 12
0 12
0 12
0 12
2 12
3 11
1 12
4 10
1 11
0 10
0 10
2 11
61 10
0 10
0 10
0 10
2 10
0 11
234 10
2458 9
4 10
3 10
389 9
0 10
0 9
0 10
1 9
3101 9
1272 9
3 9
2 9
250 9
1 10
0 10
1921 9
0 11
0 11
4 11
1 10
1 9
0 10
1029 9
1 9
1385 10
9 10
942 9
0 10
1706 10
0 10
0 9
494 9
816 9
269 9
0 10
1867 10
11 9
1001 10
0 10
6 9
19 10
2 9
0 10
1 9
2486 9
2890 9
2139 9
1757 9
2157 9
3019 10
4 10
2541 10
2782 9
3553 9
2408 9
2679 10
1709 10
1688 9
2431 10
2145 9
3044 9
1560 9
3196 9
1871 10
2739 9
5 9
1922 9
2062 9
1092 9
2465 9
1 9
2 9
0 10
0 10
1939 9
2545 9
0 10
6 9
1522 9
1703 9
9 9
11 9
1662 9
0 9
1 9
584 9
239 10
575 8
0 10
2 10
1264 9
0 10
3 10
1769 9
17 8
2872 9
873 9
2944 8
3485 9
2505 9
22 9
0 10
3375 10
3134 9
3099 9
3610 9
1619 8
2948 10
2084 9
5 10
2037 9
3492 9
3091 9
3563 9
1397 10
3532 9
3482 9
3201 9
2149 8
1297 10
3635 9
3218 10
106 9
2370 9
3369 9
0 9
3515 9
0 10
3097 9
2699 9
0 10
2672 9
814 9
2203 9
675 9
22 9
3347 9
0 10
3 9
2 10
187 9
1427 9
0 9
7 9
0 9
1481 9
0 9
2 10
0 10
338 11
4 11
2873 10
402 10
5 11
580 10
3488 10
0 11
2 11
10 10
6 10
2 11
3 11
1 11
3 10
30 10
0 10
1 10
1692 10
0 10
1501 9
2 10
1 10
3176 9
3631 9
2762 9
3700 9
5 11
3343 9
0 10
1 10
1640 9
0 10
1 11
0 10
2 10
2974 9
3630 9
2 10
6 9
374 10
3500 9
3672 9
3406 10
16 10
3301 9
2468 10
3239 9
299 10
1597 9
1471 9
3 10
1937 9
2558 9
0 10
2473 9
2997 9
3 10
2293 9
1307 9
0 11
170 10
2 10
0 10
0 11
1940 9
45 9
2823 9
6 9
224 10
534 10
0 11
0 12
276 10
2789 10
1 11
4 10
0 10
0 11
1 10
2 11
1244 10
1123 10
770 10
1639 9
736 9
0 12
1 12
0 12
3577 9
676 9
2365 9
501 9
1790 9
99 10
8 10
264 10
1 9
1 10
1039 9
2 9
1598 9
7 10
650 9
3 10
1 10
0 9
558 10
3 10
1200 9
2 10
2 10
0 10
7 9
5 10
0 10
1 10
5 9
2876 10
969 8
2 9
0 10
0 10
2 9
491 10
2028 10
2 10
0 11
1 11
216 9
13 8
910 9
21 9
33 9
1457 9
1959 9
5 9
5 9
2269 9
0 9
36 9
1 9
1865 9
0 9
0 9
12 8
0 9
9 9
14 9
1818 9
1659 9
1 9
5 9
6 9
1654 9
35 9
31 9
4 9
1902 9
5 9
1949 9
2688 9
4 9
3005 9
7 9
3 9
1636 9
4 9
2 9
9 9
0 9
1 9
3 9
44 9
2 9
2575 9
6 9
3 9
7 9
2346 9
2931 9
5 9
30 9
3 9
1702 9
1 9
8 9
1 9
1827 9
1191 9
0 9
3480 9
0 9
34 9
32 9
1278 9
1868 8
0 9
1731 9
10 9
1 9
0 9
0 9
11 8
0 9
2 9
8 9
0 9
0 9
2559 8
17 9
1 9
0 9
0 9
3412 9
1729 9
1434 9
343 10
1394 9
1118 10
681 9
0 10
797 9
0 10
0 10
5 8
914 9
4 10
5 10
1 10
1507 10
4 10
1 10
1572 9
1007 9
3 10
0 10
3 10
0 11
0 11
0 10
0 10
0 11
13 9
0 10
2 9
11 10
247 9
7 9
460 9
0 10
0 9
23 9
3168 9
27 9
3469 9
29 9
3668 9
28 9
3208 9
3383 9
2821 9
34 9
81 9
3606 9
3171 9
30 9
26 9
3100 9
31 9
3481 9
2360 9
24 9
3555 9
33 9
36 9
25 9
3373 9
5 9
2072 9
3349 9
3565 9
2955 10
2736 9
3278 9
32 9
2444 9
2743 9
3441 9
3279 9
3023 9
3586 9
3679 9
2737 9
5 9
0 9
3206 9
3020 9
42 9
2094 9
2012 9
17 9
3102 9
3386 9
4 9
1 9
2687 9
1742 9
9 9
733 9
11 9
3 9
3675 9
22 9
0 10
2926 9
11 9
10 9
6 9
2080 9
3602 9
37 10
2000 9
12 9
2651 9
43 9
1 9
7 9
13 9
1 10
2248 9
1519 9
15 9
2058 9
14 9
7 9
3325 9
13 9
2137 9
1107 10
2668 9
3135 9
20 9
0 9
9 9
1444 9
2204 9
16 9
21 9
2880 9
4 9
2554 9
1594 9
0 10
10 9
10 9
19 9
3 9
2 9
18 9
1406 9
12 9
8 9
6 9
7 9
2 9
3119 9
2518 10
23 9
5 9
2351 10
0 10
3618 9
3405 9
15 9
3364 9
2963 10
33 10
6 10
3228 10
20 10
3650 9
4 10
3639 9
19 10
34 10
10 10
11 10
3 10
3552 10
38 10
31 10
36 10
35 10
3282 10
3289 9
2 10
16 10
3666 9
7 10
3537 9
41 10
3036 9
12 10
13 10
147 10
18 10
14 10
177 9
0 10
3132 9
3401 9
3263 9
2076 9
25 10
0 10
3676 9
3189 9
3331 9
28 10
3287 10
9 10
5 10
8 10
27 10
0 10
2 10
23 10
3726 9
17 10
3730 9
39 9
15 10
26 10
29 10
40 10
3490 9
3582 8
3231 10
21 10
32 10
3057 9
0 10
0 10
30 10
0 10
3583 9
1901 9
3637 9
3088 9
3312 9
22 10
3048 9
3236 10
1 10
3690 9
3435 9
3477 9
1 10
24 10
3662 9
13 10
19 9
0 10
12 10
3 10
10 10
7 10
2066 10
11 10
3524 10
6 10
8 10
1828 9
3 10
9 10
14 10
3034 10
0 10
2 10
2605 8
1 10
2255 10
5 10
4 10
158 10
2 10
3238 9
1 10
2102 10
0 9
0 10
0 10
0 10
3068 9
71 9
0 10
0 10
2832 9
0 10
7 10
1037 9
1 10
2991 9
2506 9
1 10
4 9
890 10
0 11
2184 10
6 11
0 11
1 11
0 11
0 11
3002 10
1 11
4 11
1182 10
10 10
1 11
2 11
0 11
11 10
2 10
2 11
1 11
1715 10
1759 10
0 11
2107 9
0 11
1775 10
4 10
192 10
0 11
3 10
7 10
4 9
2 10
8 10
1216 10
2171 9
0 9
6 10
1 10
15 9
143 9
1946 10
175 10
2493 10
2615 9
6 9
2 10
10 10
2070 9
0 10
2667 9
2660 9
900 10
1528 9
1 10
3193 9
14 9
2196 10
0 10
149 10
0 10
12 10
5 9
13 10
128 9
0 10
1485 10
2726 9
3573 8
3043 10
5 9
3424 9
3657 9
2741 9
3721 9
3430 9
2626 9
2703 9
8 9
10 9
3346 9
3689 9
3718 9
6 9
3 9
3704 9
3473 9
32 9
2 9
3559 9
3576 9
9 9
3731 9
41 9
3395 9
3429 9
3711 8
3600 9
0 10
4 9
3039 9
3693 9
3508 9
3257 9
7 9
0 9
1 9
3109 9
1 10
3494 9
0 10
2278 9
2528 9
2566 9
3707 9
2756 9
3075 9
3 10
3246 9
0 10
1065 10
2579 10
3 10
1 10
12 10
3108 9
0 11
0 11
0 10
1423 10
0 11
1 11
2 11
1367 9
8 10
0 10
2 10
3 10
2331 9
2222 9
307 10
407 10
1 11
0 10
0 10
4 11
1 12
2 12
0 12
1 11
0 12
3 12
0 10
0 12
855 9
1240 8
0 9
1411 8
0 9
1 9
750 8
2 8
651 8
1620 8
1 9
0 8
4 8
678 8
821 8
1 9
0 9
0 9
1 9
482 8
303 8
0 8
440 8
3 8
1156 8
5 8
0 9
1916 8
9 9
0 9
0 9
1 9
3 9
0 9
1137 9
927 9
180 9
4 10
2 11
1 10
0 10
1621 10
996 10
2 10
3 10
1 11
0 11
7 10
6 10
5 10
1912 10
0 11
0 10
8 10
3 11
0 11
0 10
1 10
1338 9
0 10
2633 9
0 10
0 10
0 10
3 10
12 9
15 9
16 9
18 9
14 9
8 9
24 8
7 9
11 9
6 9
25 9
0 9
4 9
5 9
13 9
3 9
2 9
9 9
1 9
1610 9
10 9
1339 8
0 9
0 9
437 8
563 8
0 8
0 9
2 9
0 9
1 9
0 9
0 9
3 9
4 9
2 9
5 9
1 9
4 8
2 9
6 8
2 9
6 9
2 9
235 8
4 9
292 8
0 9
2073 9
22 9
2785 9
5 10
1 10
40 10
1770 10
2419 9
0 10
7 10
12 10
14 10
5 10
2 10
83 9
2793 9
3613 9
0 10
19 10
3642 9
541 10
2835 9
0 10
10 10
6 10
3388 9
2373 10
3052 9
1253 10
2448 9
11 10
15 10
2838 9
4 10
1700 10
0 10
2886 9
9 10
13 10
0 9
2778 10
200 10
1 10
5 10
0 10
1 10
2917 10
1335 10
8 10
3014 10
3 10
0 10
3497 9
0 10
1914 9
3136 9
0 10
3660 9
1 10
0 10
0 10
2 9
2 10
0 10
0 8
1 10
1 10
27 9
0 10
1473 9
0 10
0 10
0 10
7 10
0 10
2798 9
3158 9
3010 10
2470 9
2250 8
2655 9
7 10
1826 10
0 10
2590 9
0 10
3115 9
5 10
12 10
2722 9
1 9
1823 9
709 9
0 10
2100 9
3242 9
3149 9
3 9
2796 9
8 10
2 10
1655 10
1853 9
1532 10
1 10
2 10
78 9
0 10
2 10
24 10
2682 8
1822 10
2368 9
2 10
2650 9
0 10
0 10
2152 10
2442 9
703 10
1819 9
3421 9
6 10
3232 8
2632 10
6 10
0 9
4 9
0 10
4 9
2383 9
3561 9
3392 9
0 10
3670 9
3299 9
3636 9
3237 9
3288 9
2369 9
2166 9
2603 9
3671 10
3609 9
3368 9
3 9
2979 9
15 8
1 9
2696 9
3358 9
2898 9
3548 9
2065 9
5 10
2 9
1 9
2050 9
8 9
1153 10
3188 8
1031 9
2844 9
3165 8
2973 9
2720 10
2021 9
2754 10
2 10
0 10
3564 9
2818 9
1 10
3615 9
1 10
0 10
0 10
0 10
1 10
3273 9
2686 9
3175 10
2086 9
1626 9
2683 9
835 10
2628 10
0 10
47 10
0 10
1436 10
3281 9
2194 9
3316 9
45 10
53 10
3015 9
3284 9
44 10
1271 10
3 10
2209 9
2993 9
3 10
2647 9
3407 10
3317 10
48 10
0 10
3608 9
2282 9
2610 10
2975 9
1088 10
0 11
1498 9
1 10
2532 9
2 10
0 10
670 10
1 10
1612 9
8 10
0 11
1641 10
2093 10
1 11
1073 10
1846 9
0 10
1435 10
0 10
2612 10
691 10
9 10
27 10
166 10
10 9
0 10
1710 10
1482 10
2800 9
1 10
1259 10
3 9
2047 10
0 10
2276 9
3 10
0 10
315 9
2 10
1 10
3 10
2 9
1 10
1 10
12 9
2 10
2 9
0 10
638 9
0 10
1697 10
2176 10
0 10
1421 10
511 10
3 10
0 10
1 10
0 10
0 10
8 10
0 11
1 11
2 10
1 9
0 9
85 9
2 10
3270 10
0 10
791 10
1 10
975 10
9 10
13 10
0 11
1 10
1 11
1074 10
4 10
1 10
1527 9
5 9
0 10
1120 10
2 10
1 11
2427 10
1 10
4 11
0 10
7 10
2 11
1 11
0 12
0 12
0 12
471 10
0 12
3 10
2 11
0 10
0 11
1 11
1 10
0 11
406 10
1 11
2 11
0 11
6 10
974 10
1 10
1055 10
335 10
2829 10
2249 10
1 10
2729 10
1 11
0 11
1 10
1344 9
11 10
1947 9
76 10
1262 9
1663 10
2181 10
0 11
2144 9
2212 10
277 10
3 10
4 10
1 11
2 11
4 11
0 10
2 10
3 10
1 10
1 10
1 11
4 10
2 11
0 11
2 11
372 10
5 11
1 11
3 11
3224 10
0 11
0 11
794 9
7 9
1 10
0 10
1138 9
0 10
2 10
6 9
0 10
457 9
592 10
0 10
2081 9
1430 9
9 10
2111 8
3 9
0 10
1305 10
0 10
2747 9
0 10
507 10
3452 9
0 10
82 9
2 10
3139 9
3518 9
1689 10
0 10
3680 9
3086 10
1366 10
3197 10
3062 10
1 10
6 10
0 10
2763 9
739 10
52 10
3173 9
3181 10
3640 9
2875 10
2577 10
2191 10
1398 9
301 10
0 10
317 10
1 9
645 10
0 10
1158 9
936 10
1 9
1 10
3047 9
1256 9
1419 10
11 9
1 10
2055 10
1231 9
632 9
1 10
295 10
2230 9
1365 9
0 10
988 10
934 9
1198 9
1885 8
5 10
12 9
2834 9
1493 8
2113 10
228 10
0 10
4 10
2994 9
2325 9
2524 9
2851 9
3006 10
4 10
5 9
1 10
5 10
2334 9
0 11
0 10
3151 10
5 10
2969 10
9 10
12 10
9 10
10 10
7 10
0 10
6 10
13 10
2 10
5 10
258 10
14 10
4 10
1 10
3 10
0 11
8 10
11 10
257 10
0 11
2 11
3 11
2 10
0 11
1 11
1 11
0 11
3 10
0 10
1539 9
1765 10
3574 9
2934 9
0 10
3071 9
1667 10
25 9
2 10
1 10
0 10
0 10
105 10
0 10
2238 9
824 10
2972 9
22 9
6 10
1 10
3378 9
1 9
0 10
1579 10
0 10
3 10
3458 9
2127 9
3 10
557 10
2140 10
4 10
0 9
0 9
1207 10
4 10
3 9
17 10
2489 9
5 10
7 10
1590 10
892 10
1 10
1941 9
2258 10
1873 9
259 10
4 9
1 10
477 9
0 10
391 9
1848 9
0 10
19 10
0 10
470 10
0 10
0 10
790 10
1329 8
0 10
3184 9
400 9
1 10
0 10
2553 9
0 10
18 10
2 10
0 10
0 9
489 8
0 9
0 9
1 9
517 8
0 9
47 8
0 9
48 8
0 9
0 9
1 9
3 9
1 9
756 9
0 9
0 9
1556 9
3381 9
3024 10
1893 10
2355 10
3530 9
553 10
2574 10
1 10
0 9
2599 9
2 10
1750 9
2053 10
2 10
0 10
2537 9
1644 9
0 10
2981 10
2283 10
0 10
0 10
2833 9
1609 10
0 10
2781 10
1232 10
652 10
0 10
467 9
1 10
1022 10
13 9
3437 9
3484 9
2910 9
630 10
8 9
1 10
2867 10
0 10
2691 10
13 9
940 9
2132 10
2753 10
3180 9
3293 9
660 9
4 10
2965 9
0 10
2676 9
1267 10
1063 10
982 9
1114 10
2378 10
2847 9
2680 10
1 10
1416 9
1927 10
2712 9
1716 10
497 10
1746 10
1 10
3241 9
1168 10
2105 10
0 10
2717 10
999 10
2 10
1443 10
1 10
20 10
7 10
61 10
1615 10
2445 10
2635 10
0 10
79 10
2242 10
0 11
0 10
9 9
687 10
2572 9
1 9
0 9
2 9
4 9
0 10
3 9
2849 9
1 10
0 10
0 10
0 10
1802 10
1229 10
2261 10
607 10
1219 9
2239 10
1380 10
3 10
1 10
1 10
0 10
1889 10
1 10
530 10
2 9
1839 9
3 10
2 9
1474 10
13 10
0 11
5 10
1699 10
2 10
0 10
2303 9
11 10
12 10
2859 10
2976 9
3436 9
2 10
1 11
2078 9
1743 10
0 10
112 10
3 10
10 10
0 11
1467 10
26 10
1 10
9 10
1 10
0 11
0 10
2507 10
66 10
2228 10
2869 10
1 10
2947 10
3 10
4 10
7 10
2657 10
6 10
962 10
4 10
0 11
3 11
8 11
4 11
7 10
548 10
5 11
1 11
2 11
6 11
1 11
2423 9
2 9
2163 9
3 9
3 9
2256 9
1756 9
836 9
0 9
353 9
3474 9
1 9
3267 9
6 9
3 9
0 9
2 9
2 9
1113 9
0 9
1932 9
1 9
219 9
7 9
3536 9
2245 9
3362 9
2 9
0 9
4 9
0 9
2746 9
1925 9
3 9
3028 9
659 10
6 9
12 9
2125 9
2 9
1 10
1738 9
4 10
0 11
0 11
0 11
2353 10
11 10
1269 10
1723 10
3 10
1 10
1 10
0 10
0 10
2850 9
1150 10
7 10
840 10
1744 10
1879 9
3397 9
2 10
2677 9
862 10
0 10
1 10
3 10
4 10
7 10
5 9
0 10
0 10
3 10
5 10
1724 10
1422 10
0 10
832 9
1 10
1 10
6 9
598 9
2 9
7 9
0 10
2 10
1 10
9 10
2 10
1 10
261 10
0 11
1 10
0 10
2 10
0 10
1 10
2 9
0 10
0 10
0 10
0 10
288 9
3297 9
21 10
3 10
1920 10
5 10
2713 10
1975 9
3283 9
1097 10
16 10
2608 9
2751 9
4 9
2621 9
1451 9
3 10
0 10
0 9
0 10
0 10
2235 9
3544 9
15 10
2 10
25 9
1026 10
3691 9
3460 9
1557 10
1 9
2 9
3280 9
3450 9
6 10
3595 9
2977 9
2757 10
1 10
3069 9
26 9
58 10
5 10
51 10
1348 10
2759 9
3031 9
2589 9
2 10
3502 9
14 10
171 9
138 10
3056 9
3276 9
17 10
18 10
7 10
0 10
3290 10
8 10
302 10
2704 10
3390 9
0 10
49 10
0 10
3022 10
1210 10
2808 10
27 9
2526 9
1 10
2874 9
2 9
1934 10
3274 9
3120 9
3 10
1 10
1661 10
1948 9
4 9
3590 9
3712 9
4 10
1226 10
3571 9
2 10
0 10
4 10
0 9
85 9
1 9
0 10
777 10
5 10
1523 10
1 11
5 9
0 11
1090 9
2 10
0 11
2 10
0 10
3486 9
0 10
5 9
3447 9
1 9
3525 9
0 10
1 10
1690 9
125 9
2953 9
2 10
2392 9
2386 9
2 10
2868 10
8 10
9 10
1707 10
1175 10
2 10
1 10
0 10
2820 10
882 10
2475 9
3 10
0 10
263 10
1911 9
1964 10
5 9
1050 10
2292 9
10 10
2900 9
3265 9
4 10
504 10
7 9
94 10
1185 10
5 11
3013 10
0 10
0 11
1900 10
4 10
399 10
602 10
0 11
203 10
6 10
7 10
0 11
3 10
8 10
15 10
18 10
2 11
3 10
2 10
4 11
7 10
1230 9
0 11
3 11
6 10
1 11
2 11
5 11
0 11
1 10
0 11
2 10
0 10
5 10
1753 9
2115 10
5 10
2 10
110 9
1463 10
2462 10
6 10
4 10
1 10
2366 9
3 10
0 10
1 10
2063 9
4 10
9 10
3 10
2335 10
5 10
2 10
5 10
864 10
4 10
1 10
2006 10
0 10
1 10
1388 10
0 10
3187 10
2142 9
2123 9
8 9
1761 9
1772 10
1 10
1807 10
4 10
11 10
473 10
7 10
19 10
2433 9
2748 9
126 10
3 10
0 10
8 10
2 10
8 10
2085 10
0 9
3 10
1290 9
5 9
283 10
0 10
487 10
0 10
2 10
444 9
806 10
210 10
3 11
2 11
0 11
208 10
1 11
834 9
0 10
1 11
416 10
6 10
3 10
0 11
0 10
79 10
1 9
1 11
5 10
0 11
8 10
6 10
0 11
0 11
186 11
1 10
196 11
0 11
0 11
2 11
0 10
1 10
0 10
1 10
0 10
2 10
1 10
0 10
0 10
1 10
1 9
1 9
93 9
0 9
3 10
2 9
0 10
0 10
7 9
4 10
405 9
978 9
334 10
1361 9
1 10
0 11
2862 9
0 11
509 10
1208 9
2 10
728 10
1 10
5 10
0 10
6 10
2294 10
0 10
0 10
1 10
2478 10
6 10
1 10
0 10
1564 10
7 10
1096 10
0 10
4 10
1634 10
2 10
102 10
2074 9
136 10
808 10
1529 9
3339 10
0 10
1705 10
6 10
178 10
0 10
368 10
1072 10
1767 9
2 10
1221 10
3155 10
3 10
0 10
0 10
1440 10
5 10
1796 9
2 10
1899 9
3 10
3110 10
0 10
1102 10
2693 9
1 10
0 10
146 9
906 10
462 10
924 9
2 10
130 9
1 10
0 10
1812 10
1658 9
0 10
2029 9
10 9
1 10
0 10
21 9
0 10
3 10
2011 9
2664 9
0 10
2893 10
2197 9
23 9
1 10
0 10
4 10
0 10
0 10
2673 9
1324 10
108 10
3313 9
19 10
1 10
2 9
3 10
1312 10
1 10
0 10
2311 10
2937 9
2804 9
1 10
3258 10
21 9
2 9
0 10
25 9
0 10
2 10
1 10
2870 9
0 10
3706 9
22 9
1739 9
2211 10
1968 10
0 10
0 10
1 10
2027 10
2885 10
0 10
542 10
2117 9
0 10
1 10
11 10
1 10
6 10
0 9
16 8
3026 9
173 9
3040 9
1660 9
1 9
4 9
944 9
2899 9
2267 9
5 10
1 9
28 9
2407 9
2471 9
0 10
6 9
3 9
0 9
0 9
1 9
52 9
706 9
5 9
11 9
4 9
2 9
0 9
0 9
33 9
1533 10
3 9
2803 9
2 9
1 9
0 9
2 9
427 9
3129 9
6 9
6 9
5 9
2952 9
1414 9
1 9
0 9
0 9
0 9
3 9
1 9
4 9
1 11
16 10
2 10
0 12
5 9
3408 9
2284 9
0 10
2356 9
3 9
1990 9
0 10
0 9
0 10
6 10
265 9
0 10
1268 9
2380 10
1316 9
0 10
1 10
2 9
11 9
104 9
3 10
0 10
2338 9
2671 9
1 9
3 9
2332 9
124 9
8 10
8 9
169 9
1 9
1 9
2233 10
2069 10
1 10
0 10
131 9
1 9
0 10
1121 9
3659 9
1852 10
0 9
1 10
4 9
393 9
7 10
1 10
1448 9
83 9
2215 9
2708 9
1 10
0 10
5 10
2214 10
1544 9
1691 10
2 9
1408 10
3000 9
15 10
472 9
1 9
1987 10
3 10
3398 9
2 9
4 9
20 10
0 10
0 10
0 10
260 10
4 10
0 10
10 10
3209 10
3449 9
316 9
3084 10
2895 10
4 9
3 10
3479 10
7 10
3138 9
2942 9
179 10
68 9
4 10
1856 10
23 10
0 10
5 9
0 10
2638 10
0 10
0 10
5 10
14 10
4 11
738 10
2036 10
0 10
3 10
0 10
2237 10
18 10
2109 10
0 8
3443 9
1 9
96 9
14 8
0 9
6 8
9 8
7 8
2498 8
2622 9
5 8
2514 9
0 9
4 8
9 9
10 9
8 8
3286 9
3 8
59 9
101 8
0 9
2 8
2141 9
8 9
0 9
16 8
12 8
1 9
0 9
9 9
5 9
1308 9
1 9
0 9
0 9
5 9
174 9
17 8
1541 9
11 8
1 9
10 8
1 8
939 9
719 9
0 10
0 10
995 9
3546 9
0 10
3063 9
0 10
0 10
6 10
3336 9
1 10
2801 9
4 10
3357 9
30 10
0 10
1 10
3682 9
2908 9
1795 10
1783 10
0 10
905 10
3686 9
3229 9
1 10
3366 9
1581 10
3 10
3294 9
3302 10
2174 10
9 10
3 10
2645 10
2321 10
2982 9
2 10
2864 9
1354 9
3472 10
2399 9
3296 10
3255 9
1347 10
3183 9
1776 10
2108 9
0 10
1 10
3 9
5 10
0 10
1086 9
0 10
0 10
4 10
0 10
2 10
0 10
1511 10
193 10
1 10
1 10
461 10
4 10
2119 10
0 10
0 10
1831 9
1 11
0 10
537 10
0 11
768 10
312 10
9 10
7 10
0 10
4 9
3354 9
0 10
3 10
2096 9
0 10
2455 10
597 10
2595 10
2 10
2826 9
2 10
1 10
0 10
1 10
0 10
1012 9
0 11
2 10
204 9
441 9
8 8
6 9
6 9
0 9
1 9
2 10
0 10
5 10
0 10
0 11
0 10
54 9
1 10
1 10
0 9
0 9
0 11
0 11
4 10
4 10
6 10
7 10
5 10
4 10
2631 9
2 10
2 9
0 10
2509 9
2761 9
0 9
3 9
2022 9
3272 9
1 10
3489 9
2562 9
3259 9
1 10
0 10
1561 9
3685 9
3 10
1 9
2925 9
3141 9
0 10
7 9
3669 8
105 10
1 10
2260 10
3 10
1236 10
1218 10
0 10
3 10
0 11
0 11
10 10
80 11
0 11
8 10
0 11
781 10
0 11
0 11
2 10
0 11
0 11
1044 10
2020 10
0 10
13 9
2352 9
0 10
500 10
0 10
624 10
1 10
26 10
8 10
0 10
0 10
0 10
9 9
2520 10
492 10
6 10
2721 10
0 10
0 10
0 10
1 10
0 10
6 10
5 10
0 10
0 10
0 11
1 11
0 10
145 10
0 10
1105 10
14 10
0 10
5 10
856 10
2 10
3070 9
1 10
0 10
8 10
1 10
3 10
1 10
1565 9
0 10
6 10
1032 9
627 10
758 10
744 10
11 10
1389 9
3123 9
3 10
0 10
0 10
5 10
3326 9
2439 10
903 10
1704 9
2 10
2616 10
2920 9
1466 10
715 10
0 10
1 10
0 10
2930 9
4 10
2 10
0 10
2517 10
2287 10
0 10
2087 9
1126 10
81 10
3 10
3247 9
3205 9
1866 10
0 10
0 10
0 10
0 9
0 10
9 9
2026 9
1 10
0 10
0 10
0 10
1 10
1 9
0 9
0 10
0 10
0 10
0 10
17 10
21 9
10 10
1 10
20 9
1 10
1 9
0 9
1 10
2728 9
1804 9
345 10
2 10
1 11
0 11
3 9
0 10
5 9
4 10
1187 9
2705 9
0 11
1013 10
67 9
0 9
1465 10
4 10
0 10
2 10
0 10
0 10
0 10
1 10
3 10
0 10
2291 9
1 10
6 10
0 10
12 10
3 10
1747 9
2 9
2323 9
2928 9
3604 9
3344 9
14 8
782 10
2429 10
0 10
2990 10
3701 9
2 10
44 9
54 9
1 10
3269 10
95 9
2992 9
1 9
0 9
3538 9
0 10
0 10
0 9
2463 10
3541 9
2658 9
2824 10
3629 9
1420 10
2316 9
7 10
2697 9
2861 9
10 10
3177 9
1 9
0 10
0 10
2734 9
2 10
1 10
2551 10
4 10
1569 10
554 10
5 10
0 10
5 10
1 9
0 10
0 10
1 10
0 10
2459 9
0 10
164 10
1 10
0 10
2492 9
2155 9
4 10
1570 10
2035 10
3061 10
1254 9
3 10
976 10
6 10
1 10
0 10
6 10
1 10
6 10
0 10
7 10
0 10
6 10
0 10
0 10
0 10
3 11
2 11
2092 10
2052 9
5 10
298 10
0 11
5 9
0 11
2 10
0 10
3 10
11 10
3 10
1 10
3567 9
3185 9
0 10
0 10
0 10
3137 9
4 10
3 10
29 10
2039 10
4 9
3207 9
1 10
0 10
866 10
2887 9
3072 9
1 10
8 10
3064 10
1241 10
2639 9
40 9
2701 10
24 9
3 10
6 10
2043 10
23 9
3223 9
1459 9
1881 10
2 10
5 9
10 10
2257 10
1967 10
1251 10
2 10
1 10
1 9
7 10
911 9
2405 10
25 9
1793 10
15 9
7 9
5 10
0 10
9 10
0 10
1 10
1648 10
5 10
0 10
0 10
2059 10
2723 9
0 10
2480 9
0 10
1666 9
6 10
1 10
1 10
0 9
1401 10
2 9
49 10
3127 9
2146 9
3244 10
9 10
1 10
0 10
3352 9
12 10
0 10
39 9
2842 9
2134 9
2 10
0 10
1 10
0 10
0 10
1600 10
3 10
0 10
1669 10
3240 10
1711 10
3351 9
2750 10
3107 9
155 10
3332 9
1752 9
909 10
1 10
0 10
1567 10
8 10
9 9
1838 10
2023 9
2494 9
0 10
8 10
2122 9
3096 10
0 10
792 9
1 10
2 10
1109 9
4 9
4 10
2 9
1 10
0 9
0 10
0 10
3 9
3 10
0 10
1 9
0 9
0 10
0 10
0 10
0 10
0 10
0 10
3 10
5 10
7 9
380 9
8 10
1 10
0 10
4 10
0 10
3 10
2 10
3506 9
2213 10
3547 9
1 10
3 9
759 10
1980 9
1 10
14 10
0 10
2 11
591 10
2 11
0 11
3 11
0 10
0 10
0 10
0 11
2 10
0 11
0 11
29 10
5 10
0 11
6 10
8 10
10 10
2556 10
2099 10
160 9
28 10
2698 10
15 10
20 10
1 11
14 10
26 10
2661 10
2662 10
3078 10
23 10
27 10
9 10
11 10
1811 10
17 10
4 10
0 10
16 10
19 10
2421 10
55 10
0 10
3 10
2678 10
24 10
25 10
2 11
12 10
21 10
56 10
18 10
13 10
2 10
22 10
7 10
1 10
2732 9
0 10
2 10
5 10
15 10
1763 9
2210 10
0 10
664 10
0 10
0 10
5 9
0 10
3 10
0 11
0 11
2 11
6 9
0 10
0 11
2 11
11 10
2 10
0 9
1 10
2 10
0 10
2 10
1 9
0 9
1340 9
0 9
2 9
0 9
1 9
1 9
1 9
0 9
0 9
0 9
0 9
268 9
1 9
5 9
2 9
1 10
0 10
4 10
2273 9
0 10
8 10
3 10
0 10
24 9
2382 9
2394 9
2225 9
1417 10
0 10
6 10
3601 9
0 10
0 10
1261 10
0 9
2106 10
7 9
6 9
0 10
4 9
1 10
9 9
1745 9
1678 9
3337 9
1 10
2534 9
2939 9
2161 9
2030 10
2 9
2636 9
5 9
0 10
0 10
0 10
714 10
3 9
2513 10
3540 9
1904 9
1 10
2054 9
1 9
1 9
1972 10
2319 9
2177 9
87 9
5 10
58 10
0 10
0 10
21 10
0 10
0 10
0 10
1 10
0 10
0 10
2 10
5 10
0 10
44 10
28 10
1 10
0 10
0 10
0 10
0 10
2550 9
20 10
1 10
31 10
33 10
29 10
0 10
29 10
18 10
889 10
0 10
3403 10
3 10
3 10
3335 9
4 10
0 10
11 10
1142 10
7 9
961 9
21 10
20 10
28 10
26 10
2765 9
2313 10
623 9
4 10
1 10
1 10
3 10
1077 10
3 10
1263 10
9 10
30 10
3 10
2 9
24 9
1950 10
1383 10
2795 10
30 10
25 10
3154 9
1 10
6 10
0 10
2 10
16 10
0 10
39 10
3 10
27 10
0 10
2 10
7 10
7 9
0 10
37 10
0 10
0 10
9 10
2208 9
3451 9
2401 10
0 10
2 10
24 10
14 10
0 10
955 10
3050 10
19 9
11 10
6 10
1 9
0 10
1452 9
2 10
3 9
3079 10
309 10
13 10
6 10
1 10
30 10
5 10
40 10
1 10
23 10
5 10
8 10
6 10
1449 10
31 10
2002 9
12 10
15 10
23 9
28 9
1740 10
0 9
3434 10
41 10
22 10
31 10
10 10
1 10
29 9
32 10
18 10
9 10
538 10
1116 10
8 10
1 10
4 10
5 9
0 10
2 10
2549 10
6 9
17 10
2600 9
1036 10
0 10
19 10
10 10
1 10
22 9
2 10
0 10
2 10
0 10
12 10
5 10
0 10
0 10
32 10
2 10
1038 10
0 10
6 10
1377 9
1872 9
2 9
518 9
0 9
0 9
0 10
0 9
2371 9
3520 9
3363 9
3575 8
19 9
5 9
2656 9
1 10
2280 9
15 9
3420 8
2892 9
3692 8
2402 8
4 9
0 9
2449 9
0 9
310 10
2 10
952 10
0 10
2251 9
0 10
1 10
3 10
4 9
2090 10
4 10
3 10
7 10
798 10
1 10
3 9
23 10
2967 9
1627 9
3202 10
2855 9
1952 9
3 10
2051 9
0 10
0 10
6 10
2033 10
0 10
0 10
3 10
2 10
1 10
1130 10
1 10
2652 10
0 10
0 10
2 10
3410 9
1521 10
1531 10
1762 9
2219 10
0 10
0 10
1144 10
4 10
0 10
1613 9
0 10
5 9
4 10
1675 10
1357 10
9 10
2582 9
0 10
0 10
1563 9
3374 10
1679 10
1956 10
3320 9
2768 10
1165 10
6 10
0 10
4 10
2262 10
2841 10
0 10
2 10
3 10
1 10
1 10
3 10
0 10
0 10
8 10
2005 9
0 10
2007 10
3156 10
0 10
9 10
920 10
4 10
2172 9
1146 10
8 10
949 10
0 10
7 10
84 10
1635 10
0 10
2490 9
2811 9
10 10
1 10
0 9
0 10
2400 10
0 10
1913 10
1926 9
0 10
1 10
2 9
1955 9
5 10
1 9
77 10
513 10
1996 10
6 10
2 9
2010 10
89 10
2627 9
551 10
0 10
13 10
3 10
5 10
6 10
1 10
2 10
3 10
6 10
546 10
2124 10
2 10
0 10
0 10
1 10
599 10
0 10
1593 10
972 9
1 10
14 10
3 10
4 10
1 10
1376 9
5 10
7 10
1306 10
4 10
0 10
6 10
480 10
0 10
1 10
9 10
2 10
1 10
1 10
3 10
2 10
4 10
2388 10
3570 9
4 10
377 9
0 10
8 10
1011 10
647 10
2 10
3499 9
0 10
1835 10
2 10
2034 9
2300 10
3292 9
1749 9
696 10
2 10
6 10
2 9
853 10
10 10
1246 10
0 10
1 9
1732 10
1220 9
3 10
9 10
2098 9
710 10
1722 10
6 9
429 10
778 10
1 10
2101 10
1320 9
5 10
2432 9
1391 9
11 10
3170 9
1 10
2336 9
6 10
0 10
1849 10
2 9
1966 10
1 10
2 10
0 10
0 10
0 10
1 10
3 10
0 9
1 10
8 10
8 9
3 10
5 10
2918 9
0 10
1 10
1 10
1104 10
3495 9
3350 9
2299 9
2813 9
1056 10
1 10
2598 10
5 10
1404 9
1587 9
730 10
2120 9
5 10
1971 10
1 10
1171 9
3045 10
18 9
3164 9
0 10
0 10
9 10
0 10
4 10
0 10
7 10
3248 9
3008 10
0 10
2358 9
18 10
2932 10
20 10
4 9
0 10
2 10
1998 10
13 10
5 10
1 10
7 10
9 10
4 10
14 10
2560 10
1896 10
3 10
19 10
10 10
1760 10
1869 10
11 10
69 10
74 9
8 10
28 10
12 10
84 10
21 10
6 10
0 10
4 10
1978 10
60 10
0 10
3 10
3250 10
1 10
1091 10
1257 10
1801 10
423 10
3009 10
0 10
2 10
16 10
1 10
3012 10
0 10
1617 9
2071 10
918 10
4 10
3 10
2 10
1898 10
9 10
3 10
0 10
1755 9
682 10
2 10
2198 9
3647 9
1908 10
3 10
9 10
0 10
2128 9
2593 9
2913 9
1 10
0 10
1 10
0 10
2286 10
0 10
0 10
1 10
6 10
214 9
319 9
3 10
0 10
0 10
2 10
2 10
41 10
10 9
0 9
1499 9
2202 10
4 10
2779 9
2792 9
0 10
342 10
1 10
2 10
5 10
0 9
1186 10
0 10
1 10
0 10
0 10
2 10
0 10
1396 9
2193 9
0 10
2906 9
1 10
1170 9
2544 9
0 10
1638 9
2648 9
1568 9
885 9
469 9
1850 10
2200 9
2731 8
2916 9
2 9
0 9
2477 9
904 9
2322 9
3361 9
14 9
568 9
1977 9
2 9
3 9
0 9
5 9
3509 9
1 9
1 9
2333 9
0 10
2288 9
3161 9
1 10
25 9
3 10
1714 8
2165 10
5 10
0 10
10 10
787 10
9 10
0 10
1674 9
1874 10
1969 9
2 10
2182 9
0 10
0 10
0 10
1 10
0 10
0 10
3 10
2 10
1558 9
0 10
0 10
2 9
1 10
2381 9
73 10
1 10
490 10
140 9
1 10
14 9
42 9
0 9
7 10
2131 9
1923 9
1516 9
1585 9
2548 9
0 10
0 10
9 9
4 10
2771 9
4 10
1829 9
2716 10
1 9
0 10
0 10
2031 9
1 10
3172 9
0 10
3 10
2367 9
1079 10
0 10
1525 9
0 10
3 10
2 10
1 10
5 10
1 10
0 10
646 10
695 9
3 9
12 10
22 10
2 10
0 10
0 10
21 10
0 10
2 10
1 10
0 10
2 9
1 10
6 10
69 10
1 10
0 9
4 10
3 10
2 11
3 11
2 11
1 11
3 11
0 11
2 11
1 11
0 11
0 11
0 11
1 11
1 11
0 11
2 10
3 10
833 10
1364 10
1395 10
0 11
1840 9
0 10
1 10
325 10
1358 10
1832 9
1837 10
1813 10
17 10
867 10
1330 10
2 10
0 11
1656 10
0 10
2130 10
0 10
2461 9
0 10
2446 9
2243 10
2856 9
2046 10
1 10
1046 10
9 10
0 10
783 10
6 10
3148 9
1242 10
2016 10
1792 10
2670 10
0 10
135 10
8 9
2019 10
7 10
3 10
2 10
0 9
2 10
3478 9
0 10
1604 10
4 10
5 10
168 10
0 10
0 9
0 10
2150 8
4 9
0 10
1 10
2 9
12 9
578 10
0 10
0 10
2642 9
0 10
20 10
609 10
238 10
0 11
0 11
23 10
1 11
0 11
9 10
12 10
15 10
17 10
10 10
8 10
7 10
6 10
16 10
11 10
13 10
5 10
18 10
14 10
4 10
2 10
0 10
3 10
1 10
188 10
7 11
408 9
0 11
0 11
1 10
363 10
2 10
4 10
2557 9
0 10
0 10
3 10
621 10
0 11
0 11
1 10
560 9
0 11
1002 9
1596 10
1 10
0 10
0 11
0 10
4 10
320 10
1 10
1942 9
2 10
2 10
1 10
0 10
0 10
0 10
0 10
0 10
566 10
3 10
0 10
1237 10
1 12
0 13
2 11
0 13
1 10
8 10
3 10
4 10
0 10
0 11
321 10
2 10
6 10
1 9
2247 9
1 10
0 11
1 11
3 11
2 11
0 10
0 11
1 11
0 11
1 10
0 11
552 9
0 10
0 10
0 11
7 9
0 11
226 10
0 10
1787 9
3 10
1622 10
1 10
6 10
0 10
1 10
0 10
2 10
0 11
0 10
1973 10
1 10
3 10
1076 10
0 10
2 10
0 10
2 10
3 10
3 9
4 9
0 9
6 9
2 9
5 9
1 9
1 10
2 10
722 9
207 9
654 10
879 9
1 10
3 10
0 10
11 10
3 10
2 10
0 10
1 10
26 9
1 11
0 11
0 11
0 11
0 11
1 11
0 11
1 11
1 11
2 11
0 11
0 11
16 10
4 10
6 10
1356 10
1 11
11 10
12 10
658 9
0 11
1 10
3 10
28 10
5 10
2 10
7 10
0 11
1223 9
13 10
0 11
1 10
0 10
2374 10
2 10
11 10
2727 9
1 10
0 10
1 9
0 10
1445 10
0 10
707 10
2 10
1 10
3 10
2915 9
721 10
1 11
7 10
11 10
2 11
0 11
896 10
1 10
0 10
0 10
0 10
0 10
4 9
5 9
4 10
1 10
1 9
0 10
4 10
2 9
5 10
2 10
0 10
1 10
0 9
3 10
4 9
0 10
0 10
2 10
0 10
1127 9
1779 10
1 10
1 10
1 10
0 10
0 10
2 10
2 9
0 10
0 10
0 10
3 10
0 10
5 10
7 10
4 10
0 10
7 10
1 10
0 10
7 10
2 10
3211 10
11 10
0 10
1 10
1 10
2882 9
843 10
0 10
1149 10
6 10
2 10
3 10
1 10
0 10
10 10
1331 9
1 10
2129 10
3 10
2 10
0 10
4 9
594 10
1 10
3226 9
1 10
431 10
243 10
0 11
1480 10
29 10
15 10
3090 10
27 10
2 10
2613 10
1227 10
6 10
11 10
1068 10
1805 10
1574 10
1455 10
1 10
2 10
14 10
0 10
0 11
1 10
774 10
2 10
0 10
3 10
2 10
2398 9
2 10
1 10
0 10
0 10
6 9
1 10
3 10
0 10
2359 10
2 10
4 10
1 9
0 10
1 10
0 10
845 10
2 10
2516 10
6 10
0 10
15 10
1943 9
117 10
4 10
2309 9
0 10
1876 10
3 10
672 10
0 10
1454 9
1 10
1892 9
0 10
0 10
2 9
1083 9
3025 9
0 9
2897 9
0 9
20 9
1696 9
8 9
3 10
1006 8
1 9
3 9
1 9
0 9
0 9
1184 9
1442 8
2206 9
0 9
336 9
2578 9
1857 9
1 9
0 9
13 8
1110 9
1 9
0 9
0 10
5 10
3 10
366 10
2 10
2 9
3 10
3 10
1737 10
2013 10
6 10
1 10
5 9
1562 10
0 10
1193 10
102 9
0 10
29 10
9 10
0 10
0 10
4 10
0 10
3371 9
2420 10
0 10
2 10
0 11
1 10
0 11
8 10
1 11
1 11
3 11
2 11
0 11
4 11
1304 10
1 11
7 10
5 11
0 11
6 10
0 11
0 11
4 10
3 10
2 10
3 10
1 10
7 10
6 10
1145 10
1214 10
5 10
0 10
14 10
2412 10
4 10
5 10
0 10
3 10
0 11
1 10
9 10
2 10
7 10
0 11
6 10
1161 10
2484 10
67 10
13 10
442 10
313 10
2 10
1319 10
459 10
516 10
0 10
1 10
3192 9
0 10
0 10
915 9
12 9
0 10
1726 9
3 10
1712 9
2 9
536 10
0 10
1461 9
1194 10
1962 9
0 10
0 10
0 10
1 10
2162 10
1199 10
2253 10
2 10
5 10
1 10
3 10
0 10
1890 10
4 10
7 10
6 10
275 10
8 10
0 10
514 10
20 10
2 10
1275 9
420 10
1 10
3 10
1 10
3 10
508 10
0 10
1 10
0 10
0 10
0 10
1487 10
4 10
2481 9
3167 9
12 10
3 9
5 10
0 10
2634 9
3144 9
2279 9
4 10
137 10
2569 10
0 10
2 10
0 10
2815 9
1 10
132 10
2038 10
0 10
1024 10
1719 9
127 10
2025 10
15 9
0 10
1524 10
3356 10
2232 10
2766 10
1051 10
1788 10
2839 9
2962 10
1 10
0 10
3200 10
0 10
3627 9
639 10
1844 9
3413 10
14 10
0 10
2 10
1284 10
0 10
3116 10
1633 9
4 10
2327 10
12 10
1860 10
3 10
5 9
742 10
6 9
6 10
1 10
923 10
6 10
0 10
3459 10
2077 9
433 10
0 10
1965 10
2983 10
23 10
8 10
1238 10
39 10
1535 10
3529 9
0 10
1 9
2 10
0 10
0 10
1931 9
1 9
854 10
3074 9
2 10
7 10
2587 9
3073 9
0 10
98 10
2 10
0 9
1286 9
2296 9
1 11
6 9
2 11
1 11
0 11
4 11
5 10
3 10
1 10
361 10
0 11
5 10
445 10
2 11
1 11
3 11
3076 10
0 11
475 10
1 11
3 10
43 10
4 10
0 10
2571 9
874 10
1 10
3 10
1 10
1266 9
0 11
0 11
9 10
943 10
5 10
3 10
3 10
11 10
0 10
0 10
12 10
14 10
1 10
13 10
29 10
0 10
0 10
1 10
7 10
1 9
5 10
61 10
2 10
16 9
4 10
0 10
17 10
8 10
0 9
9 10
1 10
10 10
6 10
1370 9
28 9
0 10
3 10
27 10
2 10
26 10
0 10
0 10
1 10
15 9
262 10
0 10
2 10
0 10
20 10
1152 10
585 9
1 10
0 10
0 10
5 10
3476 9
1 10
0 10
0 10
3 10
2 11
1 11
0 11
0 11
0 11
0 11
1 10
2 10
1159 10
456 10
1 10
2 9
0 10
0 10
0 10
520 10
7 10
723 10
5 10
1 11
0 11
0 11
1 10
0 10
694 9
1 10
0 10
1 10
0 10
0 10
0 10
2223 10
1884 10
55 10
10 10
1 10
0 10
6 9
0 10
0 10
2 10
5 10
0 10
0 10
1 10
0 10
1 10
2454 9
0 10
0 10
0 10
0 10
1 10
2 10
9 9
3 10
4 9
0 10
2 10
3 10
0 10
0 9
838 10
0 10
1583 10
1958 9
12 10
0 10
1458 10
1255 9
0 10
4 10
0 10
2224 9
640 8
2 10
3 10
902 9
13 10
1 10
1 10
2 10
10 10
5 10
2003 10
1 10
2 10
0 10
0 10
1413 10
176 10
2 10
2 10
7 10
1592 10
1108 10
2 10
0 10
1 10
1 10
3190 9
0 10
51 10
2570 10
0 10
2529 10
1066 10
0 10
0 10
0 10
3037 9
1438 9
12 10
1 10
0 10
0 10
1019 10
930 10
0 10
0 10
618 10
0 10
1 10
713 9
0 10
1 10
0 10
1907 9
438 10
1437 9
24 10
2376 9
3 10
0 10
4 9
1407 10
2912 9
2 10
0 10
1725 9
2270 9
0 10
3 10
1 10
2581 10
2730 10
0 10
2 10
167 10
1028 9
0 10
1 10
3641 10
25 10
980 10
3049 9
1486 10
0 10
815 10
2 10
6 9
2404 10
1069 10
1085 10
3 10
396 10
0 10
4 10
2710 9
1880 10
3 10
899 10
1 10
0 10
6 10
5 10
134 9
7 10
12 10
4 10
8 10
1478 10
2403 10
2 10
9 10
31 9
1 11
2 10
2 9
0 11
743 10
189 11
734 10
850 10
7 11
3 10
666 10
16 10
0 10
0 11
0 10
2 9
0 10
0 11
333 10
2 9
1 10
5 10
0 10
0 10
1 10
1643 10
0 10
928 10
0 9
1800 10
1 10
2891 9
0 9
6 10
1426 9
2 10
1 10
11 9
0 10
1296 9
0 10
3 10
1543 10
0 10
989 10
0 10
2525 10
0 10
2848 10
2301 10
2690 9
0 10
907 10
2460 10
7 9
1 10
954 10
0 10
3 10
2 10
1 10
1 10
2 10
13 10
3654 9
2 10
1 10
751 9
1206 10
1642 9
2018 9
1252 10
1951 10
4 10
2190 10
1492 10
6 10
2343 9
1 10
90 10
3 10
1 10
1 10
2711 9
2607 9
2 10
2114 10
3330 9
5 10
0 10
2 10
14 10
1517 10
367 10
341 10
5 10
0 11
8 10
0 10
1363 10
6 10
1292 10
2 10
1211 9
95 10
0 10
46 10
0 11
3 10
47 11
2 11
0 10
3 10
0 10
1 11
2 10
0 11
1 11
4 10
0 12
539 10
1 10
614 10
3 11
0 12
1 10
0 12
0 10
3 9
0 10
2 10
1 10
0 10
0 10
673 10
1 10
0 10
2 10
0 10
1 10
300 10
0 10
21 10
0 10
0 10
1 10
0 10
1806 9
67 9
0 9
2274 10
6 10
2 9
1300 10
49 10
11 10
1 10
0 10
0 10
4 9
4 10
6 10
8 10
10 10
5 9
1 10
0 10
2 10
2088 9
0 10
0 10
0 10
0 10
2 10
1 10
1 10
0 10
1 10
4 9
1099 10
5 10
6 10
7 10
1842 10
2487 9
1685 10
1135 10
2819 9
810 10
3 10
2 10
2497 10
849 10
1 10
1 10
0 10
0 10
11 10
0 10
0 10
3 10
4 10
1 10
12 10
1 10
1274 10
10 10
1794 10
1930 10
1505 9
8 10
0 10
2 10
0 10
1538 9
2684 9
1 10
3 10
2 10
0 10
15 10
4 10
1 10
14 10
1992 10
1 10
2 10
1833 10
2 10
16 10
17 10
2483 9
9 10
1540 10
0 10
2 10
0 10
2372 9
1 10
3277 9
9 10
3261 9
4 10
3140 10
7 10
1387 10
2281 10
1213 10
11 9
1 10
1584 10
2 10
0 10
0 10
1855 9
1518 10
0 10
2 10
0 10
1 10
0 10
2277 10
992 10
65 9
3 10
2 10
4 10
818 10
1 10
3245 9
66 9
7 9
5 10
0 10
535 10
2927 9
1 10
0 10
0 10
1 10
1618 9
0 10
0 10
4 10
3 10
0 10
2 10
1 10
1 10
1247 9
2794 9
1410 10
3 10
2 10
0 10
5 10
11 9
3 11
1 10
0 10
1897 10
0 10
0 10
684 10
6 10
72 10
5 10
2 11
0 10
1415 10
1 10
19 10
4 9
15 9
1957 10
1402 10
1 9
0 10
0 9
0 10
0 10
6 9
119 10
3 9
0 10
8 9
72 9
7 9
1125 10
0 10
2 9
971 9
10 9
1131 10
881 9
1 10
9 9
1 9
0 9
9 9
2 10
3 10
2 10
1 10
590 10
0 10
0 10
1 9
2 9
0 10
1 9
0 9
0 9
0 10
0 10
0 10
0 11
194 10
0 11
0 11
0 11
1 11
2 11
2 10
1 11
9 10
72 10
0 11
0 10
749 10
20 10
886 10
3 10
0 10
0 11
10 10
1243 10
0 11
1970 10
5 10
50 10
1310 9
1 10
0 10
10 10
1111 10
1606 9
2943 10
0 10
2809 10
0 10
1 10
103 9
2584 9
0 10
0 9
2980 9
6 9
0 10
1303 9
857 10
3 10
1727 10
3 9
2 10
2 10
0 10
0 10
4 9
4 9
0 10
1720 10
1 10
0 10
3 10
11 10
2 9
10 10
0 10
2 10
0 10
1 10
0 10
10 9
453 10
0 10
637 9
1991 9
1 10
0 10
0 10
5 10
1983 10
5 9
0 10
878 9
2 10
6 10
0 9
4 10
0 10
1217 10
2 10
1 11
1 10
868 10
5 10
0 10
0 11
3 10
10 10
2666 10
0 10
0 10
7 10
1025 10
6 10
2443 9
5 10
0 11
0 10
4 10
3 10
0 10
0 10
9 10
2 10
1 10
8 10
7 9
0 10
0 10
0 10
0 10
1591 10
0 10
2 10
10 9
2 9
3 10
4 10
2 10
2305 10
3 10
4 10
0 10
1 10
18 10
0 10
545 10
1477 10
2 10
0 10
3 10
2 10
1576 10
0 10
528 10
4 10
2083 10
1 10
0 11
3 11
1 11
2 11
3 10
827 9
0 10
0 10
3295 9
14 10
811 10
0 10
985 10
1462 9
2 9
1 10
6 10
0 10
0 10
0 10
1 10
27 9
7 9
35 9
97 9
30 9
32 9
2118 9
0 10
951 10
9 9
34 9
4 9
3159 9
3323 9
1 10
18 9
0 9
2 10
4 9
17 9
25 9
20 9
7 9
24 9
2609 9
2 10
29 9
23 9
3 10
3 9
1665 10
5 10
26 9
22 9
15 9
1 10
3304 9
19 9
21 9
5 9
8 9
2580 10
28 9
12 10
2 9
33 9
1 9
6 9
16 9
13 10
10 10
0 10
11 10
31 9
2485 10
6 10
8 10
3 10
7 10
9 10
1782 9
4 10
2004 10
0 9
0 11
8 10
5 10
16 10
0 10
0 11
9 10
2 10
10 10
1 10
0 10
7 10
1 10
3 10
4 10
25 9
11 10
3 10
0 10
12 10
13 10
14 10
6 10
3426 10
1 11
0 11
0 11
0 10
0 10
0 10
1 10
0 10
0 9
1 10
0 10
0 10
1 10
1 9
0 10
830 10
2 10
1 10
3 9
7 10
653 9
1 10
1 9
3077 9
198 9
0 9
0 10
0 10
0 11
0 11
1 10
0 11
0 10
0 10
0 10
0 10
5 10
1 10
1 10
7 10
436 9
916 10
2 10
953 10
0 10
253 10
1547 9
5 10
0 9
0 10
0 10
1 10
1 10
0 10
3 10
4 10
1 10
2 10
1 10
1513 10
2254 10
937 9
0 10
769 10
5 10
3 9
0 10
2 10
3 10
0 10
2 10
2 9
1 10
1903 10
1 10
1 10
0 10
4 9
0 10
0 10
3262 10
1 11
0 11
1 10
0 10
0 11
0 12
1 10
0 9
3 10
4 9
0 10
0 10
0 10
1 10
5 10
0 10
13 10
1 10
0 10
2 10
1 10
0 10
0 10
0 10
3 10
23 10
2406 9
1021 9
0 10
4 9
1553 9
2 10
3 10
5 9
6 9
47 10
0 10
62 10
11 10
1 10
7 9
0 10
0 10
0 10
0 10
0 10
0 9
6 10
0 11
0 11
443 10
3 10
9 10
0 10
2 10
2304 9
56 10
1 10
1067 10
0 11
0 10
1355 10
0 9
1 10
0 11
0 11
2 11
3 11
1 11
2 10
4 11
0 11
0 11
0 11
4 11
0 10
1 11
7 10
0 10
796 10
1289 10
1 11
2641 9
3 11
1 10
0 11
3 11
2 11
1686 10
2 10
0 11
0 11
2201 9
0 11
2 10
0 10
3 10
3 10
1 10
0 10
2 10
0 10
1 10
4 10
1649 10
0 10
0 10
0 10
735 9
0 10
0 10
0 10
2 10
7 10
679 9
0 10
0 11
3 10
7 10
0 10
4 10
1680 10
1 10
8 10
2 10
13 10
2 10
4 10
1166 10
1 10
0 10
0 10
1 9
760 10
3 10
0 11
0 11
0 10
0 11
1 10
4 10
3 10
0 10
496 9
0 10
2 10
2 10
1 10
4 10
0 11
1 10
842 10
0 11
0 11
0 10
1 11
0 10
1 11
2 10
1 11
3 10
0 11
0 10
0 11
3 10
10 10
2776 9
16 10
5 10
5 10
2772 10
2 10
10 9
2495 10
4 10
24 10
1 10
3 10
20 10
9 10
21 10
1 10
3 10
2 10
0 10
12 9
4 10
11 10
19 10
15 10
6 10
18 10
0 10
14 10
12 10
17 10
2822 10
8 10
2515 9
7 10
9 10
2614 9
22 10
13 10
11 9
2888 9
0 10
1 10
57 10
1373 10
0 10
2 10
1497 9
1 9
870 10
0 10
1148 8
1 10
1 9
0 10
1 9
0 10
0 10
2 10
0 10
3 9
0 11
1287 10
3 11
1015 10
0 11
4 10
1368 10
0 11
2363 10
8 10
0 11
398 10
0 10
667 10
0 10
0 10
0 10
2 10
613 10
3 10
387 10
10 10
0 10
0 10
1 10
2 10
0 10
6 10
2646 10
4 9
888 10
1346 10
2 10
201 10
0 10
0 10
519 10
0 10
2 10
1 10
0 9
2 9
1938 9
0 9
4 10
0 9
1588 9
1 9
2170 9
1 10
572 10
9 10
2 10
0 10
0 10
0 10
76 10
9 10
0 10
1412 9
0 10
1 10
2414 9
913 10
2133 10
9 10
1 10
1721 10
12 10
2 10
1 9
2964 10
1 10
1382 10
0 10
0 10
1332 10
1042 10
10 10
0 10
2 9
0 10
37 10
826 10
12 10
13 10
2 10
10 10
0 10
37 9
35 10
14 10
26 9
9 10
2788 9
7 10
8 10
9 9
159 9
150 9
3 9
8 9
0 10
1 10
7 9
4 10
23 9
28 9
20 10
3 10
2 10
15 10
29 9
5 10
0 10
0 10
1 9
3 10
2 9
3562 9
16 10
5 9
32 9
30 9
3204 10
36 10
17 10
27 9
4 9
11 10
24 9
33 10
6 10
21 9
0 10
10 9
18 10
1 10
19 10
11 9
2583 10
6 9
22 9
31 9
148 9
3389 10
25 9
34 10
3 9
0 10
1 10
0 10
877 10
0 9
3 9
1 10
967 9
0 10
0 10
2 9
64 10
63 10
70 10
1671 9
0 10
77 9
16 10
1 10
1 10
0 9
1836 10
4 10
11 10
10 10
13 9
2828 9
38 9
16 10
12 9
2 9
3496 10
12 10
21 9
19 10
20 10
19 9
22 10
1664 10
0 10
1429 10
20 10
2272 9
18 9
2877 9
0 10
1 10
1988 9
20 9
2 10
22 10
0 10
1834 9
2896 9
2295 10
1 11
0 10
4 10
2 11
0 11
35 10
3 10
644 9
0 9
0 9
0 9
1 9
0 9
1 9
3166 9
895 9
1392 9
2540 9
2706 9
0 10
1117 9
0 9
997 10
0 10
15 10
2 11
2 10
1864 10
2 10
13 10
6 10
3 10
2 10
0 10
14 10
0 11
3 10
481 10
0 10
4 10
0 10
26 10
0 10
432 10
6 10
1 10
4 10
0 10
1 10
1 11
1 10
0 10
485 10
2 9
1095 10
7 10
493 10
3 10
60 10
2 10
98 9
2653 9
412 10
5 10
1924 10
1918 9
8 10
5 10
4 10
1270 10
2 10
24 10
8 10
1195 10
685 10
1371 9
5 10
0 10
4 10
1 10
7 9
2 10
5 10
1062 9
0 10
2780 10
1488 10
4 10
1993 10
4 10
0 10
1 10
2389 8
1 10
677 10
0 10
1 10
0 10
1061 9
2 10
8 10
2715 9
2573 9
0 10
0 10
1 10
0 10
3 9
1311 10
1652 9
0 9
3 10
1 9
2393 9
85 9
2234 8
8 9
1 9
4 9
2543 9
2 9
2347 9
92 9
2546 9
0 9
0 9
1323 9
2840 9
2032 9
2744 9
2451 9
2911 9
9 9
2530 9
2268 9
0 9
1816 9
74 10
56 10
0 11
0 10
2 10
1 11
0 10
213 10
0 11
2 10
1 11
2 10
0 12
3 10
1 10
2 10
3 10
0 10
7 10
2 10
0 10
0 10
0 9
1 10
657 9
1245 9
1 9
419 10
0 10
945 9
1054 10
0 9
0 10
0 9
5 10
1 9
426 10
2 9
0 10
0 10
631 10
0 10
4 10
5 9
1 10
1870 10
2079 9
7 10
0 10
1390 9
0 10
6 10
1235 10
1205 10
693 9
0 9
66 9
2592 9
0 10
0 10
5 9
1 10
2 10
8 9
7 9
1 10
6 9
0 10
0 10
43 9
0 10
2 10
5 9
6 10
0 9
0 10
0 10
2 10
757 10
463 10
1777 9
2 10
5 10
5 10
0 10
10 10
6 10
5 10
11 10
3 10
7 10
4 10
828 10
2 10
1 10
0 10
8 10
729 10
1 10
3 10
1 10
0 10
8 10
3106 9
0 10
11 10
2 10
616 9
0 10
4 10
0 10
1082 9
883 9
4 9
0 9
1 9
689 8
0 9
1530 8
2 9
2 9
2428 9
16 8
0 9
0 9
1817 9
0 9
1 9
2 10
0 10
9 10
1589 10
1 10
6 10
0 10
3 10
0 10
0 10
7 10
1374 10
1484 10
2391 9
11 10
0 10
8 10
1 10
0 10
3 10
2 10
3 10
0 10
4 10
10 9
4 10
0 10
75 10
0 10
0 10
1718 10
1299 10
1 10
36 9
1 10
5 10
1 10
13 10
2314 9
5 10
304 10
752 10
84 10
0 10
0 10
1 10
0 10
2 10
0 10
564 10
4 10
0 10
0 10
1 10
99 10
0 10
1 10
1 10
10 10
6 10
2 10
388 9
1578 10
0 10
1 10
107 10
784 10
718 10
0 10
8 10
0 10
1508 10
5 10
244 10
5 9
2510 9
3 11
1616 10
0 11
1291 10
0 11
2884 9
2 11
0 10
1 10
1651 10
3422 10
2879 9
1 10
17 10
20 9
2479 10
14 9
2362 9
4 10
0 10
0 10
2 8
1 9
16 9
15 9
4 10
6 9
2 10
0 10
1359 10
2195 9
5 9
14 10
0 10
8 10
1179 9
0 9
661 9
0 9
1766 9
3 10
1 10
4 9
0 10
12 10
0 10
5 9
0 10
1058 10
0 10
0 10
0 10
0 10
1 11
0 11
6 10
2 10
1 10
0 11
0 11
1 10
2328 9
0 10
2 11
0 11
11 9
0 10
0 11
1 10
10 10
2501 9
0 10
1 10
3 10
5 10
0 10
2 10
2 10
17 10
0 10
0 10
1 10
0 10
7 10
1994 10
3 10
1999 10
1468 10
1520 10
908 10
2110 9
1 10
2 10
2447 10
5 10
2904 9
0 10
2681 10
4 10
2866 10
2538 10
2799 10
0 10
550 10
3220 10
0 10
0 10
1 9
0 10
813 10
4 10
2 10
0 10
3 10
3 10
0 10
0 10
1 10
966 10
1 10
6 10
1 10
1023 10
17 10
8 10
3 10
6 10
0 10
1 10
3 10
4 10
5 10
5 10
1 10
21 9
2 10
9 10
1372 10
6 10
4 10
9 10
7 10
15 10
8 10
2 10
19 10
13 10
12 10
14 10
7 10
16 10
10 10
0 10
18 10
20 10
48 10
11 10
10 10
0 9
0 9
3 9
3 9
1 9
0 9
0 9
1 10
0 10
3 9
0 10
2 10
2 10
3 10
0 10
3 10
1 10
249 10
0 10
0 10
55 10
15 10
6 9
7 9
2226 10
14 10
2 10
9 9
2310 10
2950 10
1 10
3 10
5 9
36 9
4 10
4 9
0 10
3254 9
1845 9
35 9
37 9
0 10
0 9
3 10
8 10
70 9
17 10
3 9
2440 10
0 10
2024 10
2738 10
0 10
1 10
7 10
574 10
690 8
3 10
1337 9
0 10
3 10
0 10
1 10
1035 9
0 10
2 10
1 10
0 10
0 10
2 10
3 9
1 10
0 10
1917 9
957 10
0 10
1786 9
1 10
6 10
0 10
0 10
2533 10
3 10
4 10
0 10
0 10
1 10
322 10
2985 9
2 10
0 10
2 10
963 10
0 10
1 10
5 10
0 10
1 10
1 10
91 9
2 10
1483 10
0 10
0 10
0 10
1974 10
0 10
1 10
5 10
73 10
1 10
0 10
2 10
941 9
0 10
0 10
0 9
4 9
3 9
2547 9
0 9
3 9
2154 9
2 9
2135 9
747 9
5 10
0 9
116 8
529 10
1 9
36 9
0 9
13 9
1 10
0 10
229 10
0 10
1 9
0 9
0 9
0 9
1 9
0 9
3 9
0 9
0 9
1 9
217 10
7 10
0 10
1 10
0 10
2 10
3 10
4 10
0 10
4 10
0 11
1 11
1 11
5 11
0 11
5 10
0 11
3 10
4 10
0 11
0 10
1 11
2 10
2 11
0 11
3 10
1 11
0 9
2 10
0 11
1 11
1098 10
762 10
1 10
11 10
0 10
2192 9
0 10
0 10
1 10
776 10
1 11
2 11
3 11
4 11
5 10
0 11
0 11
772 10
6 10
8 10
0 10
755 10
1 10
25 10
4 10
5 10
1204 10
7 10
2 10
12 10
1 10
0 10
3 10
1 10
0 11
382 10
0 11
2669 10
0 10
754 10
0 11
0 10
2602 9
18 9
921 10
1 11
3 10
0 11
2 10
1 10
5 10
7 10
42 10
0 11
0 11
746 10
5 11
2 11
2 11
0 10
1 10
0 10
3 11
1 11
0 10
0 10
46 10
286 10
0 10
2 10
0 10
1 10
2 10
0 10
1 10
0 10
2298 9
0 10
1 10
0 10
3 10
0 10
6 10
0 10
2 10
1 10
1 11
0 11
1 11
0 11
0 10
1 9
0 11
0 10
2 10
6 10
2 10
3 10
8 10
2 9
0 10
1 10
1 10
2 10
3 10
2 10
1 10
0 10
4 10
11 10
10 10
0 10
5 10
0 10
0 10
1 10
5 10
9 10
9 10
1 10
0 10
0 10
1 10
1 10
0 10
8 10
0 10
0 10
7 10
1 10
1 10
0 10
0 10
925 9
0 10
3 10
10 9
1 10
68 9
1495 9
1577 9
2 9
0 10
12 9
977 9
1571 9
15 10
42 9
4 10
2 10
1 10
3 9
4 9
0 9
324 9
863 9
5 9
0 9
1548 9
1 9
1 9
0 10
3 9
1758 9
0 9
7 9
767 9
0 9
2 9
0 9
1 9
0 9
9 10
1234 10
6 10
2464 9
6 9
0 10
0 9
0 9
1 9
0 9
4 10
1 10
0 10
1628 10
3370 9
2 9
0 10
1 9
1 10
2 10
0 10
0 10
4 9
901 10
0 10
1 9
2852 9
0 9
5 9
2491 9
0 9
1 9
0 9
0 10
2185 9
3 10
0 10
3203 9
1 9
1 9
839 9
2156 9
1381 9
3 9
1736 9
0 9
2 9
0 9
1 10
1202 10
2 9
2326 9
195 10
3 11
0 10
2637 9
1 10
0 11
1 10
0 10
1954 9
14 10
0 11
641 10
1 10
1 10
0 10
0 9
2375 9
2387 9
615 10
0 10
0 10
1 10
5 10
6 10
9 10
3 10
766 9
0 10
7 10
2 10
6 10
3 10
1 10
0 10
0 10
8 10
4 10
17 10
0 10
3194 10
0 10
1 10
0 10
1 10
2 10
2629 9
0 10
544 10
931 10
801 9
2 10
0 10
1 10
11 10
0 10
5 10
1 10
0 10
5 11
9 11
0 11
4 11
1 11
0 10
0 11
0 10
0 10
7 11
483 10
0 10
0 10
0 10
0 10
1 10
1 9
0 9
17 10
0 10
0 9
424 10
1 10
3 10
581 10
0 10
2 10
15 10
0 11
8 10
4 9
0 10
0 10
7 10
0 10
2 10
1 11
0 11
0 10
0 10
0 10
1 10
251 10
8 10
1 10
0 10
0 10
5 10
1 10
10 10
1623 10
1 10
1 10
3 9
1 10
0 10
3 10
0 10
0 10
4 10
717 10
0 10
0 10
1 10
1 10
2 10
0 10
266 10
1 10
0 10
0 9
0 10
1 9
0 10
430 10
1 10
7 10
479 10
12 10
13 10
337 10
1386 9
1143 9
0 10
2089 9
6 10
0 10
1 10
5 9
417 9
14 10
1 10
2 10
2008 10
0 10
0 10
0 10
0 10
1 10
0 10
1456 10
0 10
3 10
0 10
1362 10
1164 10
7 10
4 10
0 10
3 10
0 11
36 10
0 10
2308 10
0 10
0 10
12 10
1 10
0 10
3 10
0 10
4 10
0 10
4 10
0 11
0 10
1 10
2 10
1 10
0 10
2104 10
0 9
0 10
2435 9
0 9
0 10
0 11
0 11
0 10
14 9
612 9
0 10
0 10
0 10
1799 10
2 10
1 10
4 9
0 10
3 10
1 9
165 10
6 10
2138 9
3 11
4 10
0 10
0 11
1 10
1 11
0 10
0 10
1 10
0 10
3 10
3124 10
3266 9
0 10
2 10
16 10
1276 10
932 10
0 10
2843 9
0 9
1935 9
0 10
2500 9
1424 9
6 9
5 10
5 10
823 10
1 10
1681 10
1997 9
1773 9
2285 10
0 10
3080 10
2764 9
3 9
1882 10
0 11
577 10
421 10
0 11
4 10
3 10
0 10
4 10
1 10
2 9
0 10
1 10
5 9
2 10
2 10
0 10
0 10
0 11
0 10
0 10
1 10
13 10
2 10
3 10
6 10
2 10
3 10
0 10
1 10
1425 9
236 10
0 10
0 10
0 10
2 10
0 10
0 10
0 10
5 9
1049 9
0 11
383 10
1 10
14 9
18 9
10 9
1 10
19 9
17 9
7 9
9 9
24 9
15 9
0 10
31 9
32 9
5 9
16 9
20 9
6 9
13 10
21 9
29 9
30 9
3 9
33 9
2 9
26 9
0 9
25 9
4 9
0 9
27 9
0 10
1 10
28 9
1 9
8 9
0 10
4 10
9 10
7 10
0 10
8 10
569 9
6 10
10 10
11 10
12 10
3 10
2 10
5 10
1 10
3 10
2 10
0 10
0 10
2 10
1 10
0 10
1 10
4 10
22 9
38 9
8 9
23 9
6 9
0 9
5 9
9 9
7 9
3 9
2 9
4 9
1 9
0 10
3 10
0 10
0 10
10 9
0 10
1 10
2 10
0 9
1439 9
0 9
1624 9
11 10
1 10
1 9
2620 9
0 10
34 9
4 9
844 9
1 10
0 10
0 10
0 9
2 10
0 9
0 10
0 10
1653 9
0 10
1 10
0 10
0 10
1 10
3018 10
819 10
1147 10
1673 9
46 9
3 10
1 9
837 10
3243 9
2 9
1687 10
2 10
1 10
1629 10
0 10
3 10
1945 9
1859 10
0 10
0 10
0 10
0 9
8 10
12 10
2377 9
1877 10
6 10
0 10
1 10
1 10
2 9
0 10
87 9
2995 9
0 10
983 9
0 10
10 10
1428 9
1595 9
8 10
0 10
0 10
411 9
1 9
5 9
1034 9
1 10
1 10
0 10
0 10
0 10
0 10
5 9
1 12
0 13
0 13
3 11
0 13
0 13
2 11
0 13
0 11
0 10
2 10
3 10
1 10
704 10
0 10
0 10
1393 9
0 10
0 11
0 11
3 9
7 9
1 11
0 10
0 10
0 11
2 10
0 11
4 10
2474 10
2091 9
0 10
5 10
2466 9
3 10
2 10
4 10
7 10
0 10
1 10
8 10
0 10
0 10
52 10
19 10
1 10
0 10
0 10
0 10
1 10
1 9
0 10
9 10
0 9
1183 9
2 10
0 10
395 10
0 10
6 9
4 10
1 10
5 10
0 10
2 9
3 9
0 9
0 9
1 9
6 9
2 10
1 10
0 11
1 10
0 10
2 10
0 10
4 10
8 10
0 10
3 10
4 10
0 10
1 10
1281 10
3 9
0 10
1 10
1 10
0 11
397 9
2 10
6 10
1490 10
2 10
100 10
0 10
0 10
0 10
3 10
0 10
4 9
0 10
0 10
1 10
582 10
0 10
0 10
0 10
0 10
0 10
0 9
1 9
7 9
0 9
4 9
3 9
2 9
2 9
1 9
1172 9
0 9
11 9
2 9
4 9
8 9
2 9
5 9
1333 9
4 10
0 10
4 9
0 10
0 10
0 10
1 10
2 10
14 10
1 10
6 9
1 10
809 9
3 9
5 9
0 10
871 10
0 10
2 10
2 10
2 10
610 9
2 9
2 10
0 10
0 10
912 10
861 9
0 9
1 10
9 10
0 10
872 9
1 10
10 9
1 9
9 9
458 10
2361 10
1084 9
732 10
0 11
1542 10
404 10
0 11
3 10
10 10
2 10
1 10
0 10
0 11
0 11
8 10
1 11
5 10
1 10
1192 9
3 10
2960 10
0 10
991 9
2 10
4 9
4 10
7 11
2 11
4 11
5 11
1 10
3 11
8 10
6 11
0 11
0 10
1 11
0 11
1 11
2 11
3 11
0 11
1 11
0 11
1 9
0 9
0 9
1064 8
0 10
2 10
1 10
1020 10
2 10
1 10
0 10
4 10
3 10
14 10
0 10
1 10
0 10
0 10
7 10
2504 10
0 10
3 10
8 10
2 9
2 10
11 10
2 10
0 10
0 10
0 10
1 10
0 10
0 10
1 10
0 10
4 10
0 9
0 10
3 9
13 10
7 10
2 10
0 9
0 9
0 9
3 10
1 9
1409 9
1 9
0 10
7 10
0 10
0 10
1 10
6 10
6 10
0 10
5 10
4 10
3 10
2 10
4 10
3 10
686 9
2175 9
1888 9
0 10
0 11
0 10
583 10
1 10
0 10
1 10
9 9
1181 9
2 9
2 10
1 10
0 10
0 10
4 10
9 10
0 11
0 11
8 10
12 10
0 10
1504 9
0 10
17 10
3 10
5 10
6 10
16 10
3 10
2 10
1734 10
1 10
2 10
9 9
1 10
4 10
2 10
1 10
0 10
0 10
3 9
5 9
0 10
8 9
0 10
0 10
1 10
1295 9
897 9
0 10
0 9
968 9
0 10
0 10
0 9
3 9
831 9
0 11
326 10
0 11
5 10
0 11
7 10
0 11
6 10
4 10
0 11
3 10
3 10
0 10
0 11
0 11
0 11
0 11
2 10
2 11
4 9
4 11
1 11
1258 10
0 11
0 10
0 10
1 10
1 10
1 10
1094 10
0 10
0 10
1 10
8 10
2 10
2418 10
3 10
0 11
1 11
2 10
1928 10
0 10
1550 10
2 10
0 10
0 11
1 11
3103 9
2 10
3 10
1 10
5 10
6 10
4 10
2 10
0 11
0 10
447 10
0 11
1 10
4 10
0 10
0 10
0 10
0 10
0 11
0 10
0 10
0 10
0 9
2 9
0 9
19 10
1 9
237 10
0 9
1141 9
0 10
0 10
0 10
7 10
10 10
0 10
2 10
0 10
0 10
7 10
19 9
5 10
0 10
0 9
2 11
0 11
3 10
1 11
0 11
0 10
1 9
2 10
0 10
0 10
0 10
0 10
665 10
3 10
6 10
401 9
4 10
3 10
3 10
2 10
0 11
1 9
0 10
0 10
0 11
1 11
0 10
2 11
1 10
0 11
0 11
540 10
0 11
0 11
448 10
2752 9
0 9
0 10
1 10
17 9
4 10
271 10
1809 9
5 10
2411 9
5 10
0 11
6 10
10 9
5 10
16 10
11 10
4 10
2189 10
0 10
9 10
7 10
3 10
8 10
2 10
14 10
2207 10
1 10
1 9
0 11
4 11
2 11
3 11
0 10
2 10
1 10
5 10
0 10
8 10
4 10
0 10
0 10
3 10
6 10
1 11
0 11
2 11
0 10
1 11
1 11
0 10
1342 10
0 10
0 11
2 10
0 10
0 11
2 10
9 10
0 10
1057 9
290 10
1294 9
0 10
3 10
0 11
0 10
1 10
0 10
1 10
0 10
1 10
0 10
505 10
0 10
0 10
0 10
0 10
1630 10
2217 10
1 10
1 10
1 10
0 11
1 10
0 11
273 10
3 10
0 11
12 11
700 10
0 11
4 10
5 10
0 11
1 11
1 11
0 11
1 10
3 10
2 9
1 10
0 10
0 10
2 10
0 10
0 10
6 9
0 10
1 10
181 9
6 10
2 10
34 10
0 11
5 10
2966 9
0 11
2961 9
35 10
0 11
3310 10
0 10
0 10
0 10
0 10
0 10
0 10
2 9
4 10
5 9
7 10
576 10
1 10
0 10
0 10
761 9
17 10
1 10
3 10
2 10
0 10
2 10
6 10
9 10
8 10
1080 10
5 10
0 10
3 10
3 10
5 10
2 10
13 10
12 10
1 10
1350 10
2 10
2 10
1 10
0 10
7 10
4 10
4 10
11 10
1 9
3 10
4 9
0 10
87 10
2 10
5 10
1854 10
0 10
0 10
0 10
3 10
0 10
0 11
970 9
0 10
0 9
0 10
0 10
1708 9
1 10
4 10
293 10
0 10
0 10
3 9
1157 9
1160 9
1995 9
3 10
0 10
17 9
1 9
2148 9
2749 9
0 10
2410 9
0 10
0 9
2379 8
4 9
0 10
2095 9
0 10
1277 10
0 10
0 9
0 10
2 10
1 11
0 11
1 11
0 11
0 11
1 10
413 10
2 10
0 11
6 9
1 10
1 10
4 10
1353 9
2 10
0 10
0 9
5 9
3 10
2231 10
4 10
1 10
3 10
0 10
0 10
0 10
1 10
0 10
596 10
6 10
2 10
1 10
6 10
0 10
2 10
0 10
2 10
0 10
0 10
6 10
780 9
0 10
1 10
6 10
4 10
3 10
0 10
0 10
2 10
0 10
7 10
340 10
1375 9
2 10
3 10
2502 9
799 10
0 9
0 10
0 10
0 10
1 10
0 10
0 10
0 10
5 10
1 10
6 10
1 10
2597 9
0 10
15 9
3 9
4 10
0 9
2 10
1326 10
5 10
0 10
0 9
11 10
0 10
0 11
1 11
0 11
0 10
16 10
4 10
118 10
2 11
5 10
1045 10
0 11
0 10
0 10
2 10
1 10
4 10
0 10
1 10
1030 10
0 9
523 10
0 10
4 9
0 10
0 10
0 10
4 10
415 10
1 10
1 10
4 10
0 10
2075 10
1503 10
1475 10
101 10
1 10
0 10
0 10
9 10
0 10
82 10
1774 9
21 10
2 10
579 10
0 10
0 10
6 10
3 11
2 11
0 11
1 11
0 11
4 11
0 11
0 11
1 11
1 11
3 10
0 10
0 10
5 10
0 10
0 10
6 10
1 10
3 10
392 10
0 10
0 10
1 10
2042 10
894 9
0 10
2 11
0 11
6 10
0 10
0 10
18 10
5 10
19 10
7 10
1 10
3 10
5 10
0 10
2 10
0 11
0 10
4 10
1 10
1 11
0 11
3 11
0 13
1 10
0 10
0 10
0 10
731 10
3 10
0 10
0 10
674 10
14 10
4 10
0 10
764 10
15 10
0 10
13 10
2 10
1 10
0 10
0 10
1 10
7 9
2 10
4 10
0 10
2 10
1 10
0 10
1 9
11 9
12 9
113 8
0 9
0 9
1 9
0 9
0 9
958 9
2 9
5 9
0 10
0 10
1 10
0 10
0 10
0 11
0 10
449 9
6 10
984 10
1 10
0 10
1 10
74 10
0 10
3055 10
10 10
0 10
5 10
0 10
1 10
0 10
3114 10
0 10
1 10
8 10
5 10
1 10
7 10
1 10
4 10
0 10
2 10
3 10
0 10
6 10
0 10
0 10
0 10
0 9
0 10
1 9
3 9
0 11
1 11
10 10
5 10
0 10
3 10
7 10
6 10
1 10
6 10
2 10
4 10
2 10
2 10
1 10
0 11
7 10
450 10
284 10
1981 10
0 10
17 10
1136 10
410 10
2 11
0 11
3 11
92 10
0 10
543 10
16 11
1 11
8 11
0 10
2 10
0 11
5 10
0 10
3 10
1 10
1 11
2 10
5 10
1 10
880 10
0 10
1 11
0 11
1228 10
3 10
0 10
4 10
0 10
0 10
1 10
4 10
0 10
6 10
1115 10
359 10
81 10
2 10
3 10
2 10
0 10
0 10
0 10
1 10
0 10
2 10
0 10
2 10
0 10
4 10
586 10
3 10
0 11
1 11
2 11
0 11
163 10
1 11
4 10
10 10
0 10
3 9
0 10
0 10
5 9
2151 9
0 10
3 9
2 9
1 9
0 10
0 9
4 9
0 10
0 10
0 9
0 10
1 10
1 9
0 10
330 10
2 10
6 10
5 10
3 10
0 10
0 10
0 10
7 10
1 10
0 10
0 10
4 10
1 10
3 10
0 10
0 10
0 10
1 10
0 10
2 10
2 10
1 10
0 11
1863 10
6 10
3514 9
2889 9
16 9
17 9
23 10
22 10
27 9
3 10
0 11
151 10
20 10
0 10
15 10
19 9
30 9
1 10
5 10
0 10
3186 9
8 10
18 9
7 10
2 10
26 9
2919 10
31 9
4 10
28 9
3442 9
29 9
14 10
13 10
0 11
0 11
4 10
4 10
8 10
2340 10
0 10
1 10
0 10
0 11
1 11
0 11
0 12
5 10
4 10
46 9
45 9
3 10
1 10
9 10
0 10
10 9
8 10
1119 9
7 10
2 10
11 9
1 11
0 11
0 11
9 9
0 10
1 11
0 11
0 11
2 10
0 10
1 10
0 11
1 10
2 11
0 10
6 10
2 10
1 10
4 10
0 9
1 11
2 11
3 11
0 11
1 10
0 10
5 10
455 10
4 10
0 10
4 10
0 10
3 10
763 10
1089 10
2 10
2 10
1 10
562 10
8 10
0 10
1 10
17 10
1 10
7 10
1 9
1 10
0 10
0 9
0 10
7 10
1 10
3 10
0 10
0 10
0 10
1087 10
0 10
0 10
222 10
1 10
1 10
2437 9
0 10
0 10
1 10
0 10
0 10
7 10
1 10
1 10
94 10
0 10
2 10
1549 9
1 10
0 10
1682 10
1 10
606 9
10 10
0 10
0 10
1014 10
1 10
2 10
0 10
1 10
0 10
354 10
1 10
0 10
1 10
848 10
8 10
0 10
4 10
0 11
2 10
0 10
0 10
4 10
0 10
0 10
2 10
0 10
1 10
0 11
636 10
8 9
9 9
0 9
6 9
3 10
1043 10
0 9
9 9
0 9
9 9
8 9
3 9
5 9
7 9
2 9
1 9
0 9
0 11
2 11
1 11
0 11
1 10
0 11
6 10
1 11
379 10
0 11
1 11
986 10
0 11
1018 10
1 10
0 10
3 10
6 10
1 10
0 11
10 10
0 10
418 10
0 10
1 10
7 10
5 10
1 11
1040 10
0 10
0 11
0 10
2097 9
2 10
0 10
2 10
1 10
1 10
0 10
0 10
0 10
0 9
3 10
4 10
0 10
1 9
0 10
0 10
9 9
2503 9
14 9
7 9
2317 9
6 9
3 9
24 9
0 9
4 9
8 9
10 9
5 9
0 9
11 9
0 9
5 9
12 9
13 9
2 9
0 11
8 10
573 10
10 10
0 10
0 10
1 8
0 10
2 10
0 10
0 11
240 10
0 10
0 10
232 10
0 11
1 11
3 10
1 10
1 10
0 10
2 10
0 10
1 10
0 10
0 10
0 10
0 10
3 10
0 10
0 10
0 10
0 10
2 10
1060 10
2 10
4 10
1 10
5 10
0 10
6 10
973 10
3 10
0 10
2 10
1 10
1 12
0 12
1225 10
0 10
0 10
6 10
5 10
2 11
4 10
4 10
0 10
1 11
802 9
0 11
3 10
13 9
1 10
0 11
2187 9
3 10
0 11
1 11
0 10
1 11
1 10
1 10
0 11
0 10
0 10
0 10
0 10
0 10
6 10
0 12
1 12
2 11
4 11
5 11
3 10
51 9
0 10
50 9
182 10
4 10
1 10
2 10
0 10
106 10
7 9
0 10
68 10
1614 9
2 9
1 10
3 10
1 10
2 10
0 10
5 10
3 10
7 10
1 10
0 10
1768 10
1 10
3 10
2 10
1 10
7 10
8 10
103 10
5 10
0 11
4 10
2 10
0 10
0 10
1810 10
2 10
0 10
0 11
0 11
4 10
2 11
965 10
1 11
0 10
1399 10
9 10
5 10
0 10
2 10
3 10
0 11
3 11
3 10
0 10
1 10
0 10
1003 10
858 10
1 10
5 9
737 9
0 10
0 9
0 9
4 9
0 9
2 10
656 10
0 10
1 10
1176 10
327 10
339 10
0 10
0 10
0 10
1 10
1174 9
0 11
0 11
1698 10
2 10
1 10
1 10
308 10
0 11
9 10
10 10
0 10
1 11
0 11
2 10
0 11
5 11
1 11
0 11
3 11
0 9
0 9
2 9
0 9
0 9
1 9
0 9
1 8
0 9
0 10
0 10
1 10
1 10
1637 10
0 10
5 10
3 10
0 10
2 10
1 10
2 10
6 10
0 10
1 10
0 10
0 11
0 10
0 10
0 10
0 10
0 10
0 10
0 10
1 10
549 10
1041 10
0 10
4 10
0 10
464 9
2 10
5 10
0 11
0 11
0 10
0 10
0 10
0 9
3 10
4 10
1 10
5 10
0 10
2 9
7 10
1536 10
1 10
1 9
0 10
0 10
10 10
2 10
2 10
0 9
3 10
1212 10
211 10
6 10
1 10
289 10
0 10
1 10
4 10
2 10
1 10
7 10
3 10
0 10
9 9
8 10
364 10
1 10
5 10
0 10
0 10
0 10
4 10
5 10
0 10
111 9
0 9
0 10
2 11
15 10
6 10
1 11
0 11
0 11
4 10
3 11
0 11
1 11
3 11
1 11
0 10
346 10
0 12
6 10
0 11
0 10
822 10
0 10
82 9
1 10
0 10
2045 10
0 10
1 10
642 10
0 10
0 10
5 10
0 10
1400 10
1 10
0 10
2 10
1 10
1 10
0 10
3 10
0 10
1 10
2 10
1 10
0 10
0 10
1 10
1 10
0 10
1 10
0 10
0 10
4 10
2 10
1 10
3 10
0 10
1 10
1 9
0 10
0 10
0 10
1 10
0 10
0 9
1 10
1 10
0 10
0 10
0 10
0 10
2 9
0 10
2 10
0 10
803 10
1 9
6 10
0 10
0 10
1336 10
0 10
0 10
1378 10
2 10
1 10
4 10
1 10
5 10
3 10
5 10
0 10
2 10
5 10
6 10
3 10
0 10
8 10
3 10
1 10
0 9
0 10
0 10
2 10
2 10
1 10
2049 9
4 10
3 10
1 10
0 10
2 10
1 10
0 10
5 10
0 10
1 10
6 10
0 10
2 9
0 10
1 10
0 10
0 10
3 10
1 10
0 10
0 10
0 10
0 11
1 10
0 10
11 9
16 10
2 10
2 10
0 10
1 10
296 10
0 10
3 10
1 10
1 10
786 10
12 10
0 10
2 10
788 10
0 10
2536 10
0 10
0 10
78 10
0 11
2 10
2 10
0 11
0 10
1695 10
6 10
0 10
0 10
1 10
4 10
1830 10
1010 10
0 11
0 11
1260 10
1 11
0 10
0 10
0 11
0 11
0 10
0 10
0 10
15 10
1 10
2 10
0 10
0 11
0 10
1 10
2 10
959 9
5 10
9 10
1 10
2 10
625 10
1 10
0 10
1334 10
2 10
11 10
1 10
2 10
1 9
0 9
0 10
0 10
0 10
0 10
64 10
0 10
0 10
0 10
0 10
0 10
1352 9
2 10
1 11
1 10
2 10
0 11
0 10
1 11
2 10
0 11
0 10
0 10
1 10
0 10
0 10
0 11
0 11
3 10
1 11
1 10
0 10
0 10
428 9
2 10
5 9
2 10
1602 10
1496 10
1 10
8 9
1 10
184 10
1 10
1 10
1 9
825 9
2061 10
601 10
4 9
0 10
547 10
1 10
1053 10
0 9
0 9
2 10
1 10
3 10
0 10
439 10
0 10
4 10
2 10
0 10
0 10
0 10
1 10
4 9
7 10
1 10
1 11
13 10
1318 9
1349 9
0 10
4 10
0 11
0 11
0 10
0 11
0 10
3 10
0 11
3 10
1 11
1 10
1632 9
1248 10
0 10
1887 9
1 10
2 9
0 9
0 10
375 10
7 10
0 10
1 10
0 10
1 10
0 10
2 10
3 10
1 10
502 10
5 10
0 10
1 10
4 10
12 10
0 10
1 10
1379 10
7 10
0 10
0 10
1 10
0 10
0 10
3 10
0 10
5 10
2 10
1 10
4 10
7 10
6 10
0 10
1 10
0 10
1 10
1 10
1188 10
0 10
0 10
0 10
0 10
15 9
22 10
1 9
0 9
0 10
0 10
0 11
0 10
14 10
1 10
2 8
40 8
0 9
600 8
0 9
0 9
10 8
0 9
1 8
0 9
9 9
0 9
8 9
88 9
11 9
0 9
12 9
7 9
83 9
13 9
15 9
5 9
4 9
9 9
14 8
0 9
6 9
10 9
3 9
0 9
0 9
2 9
1 9
6 9
13 10
8 10
5 10
0 10
14 10
11 10
11 10
16 10
15 10
17 10
12 10
18 10
19 10
7 10
22 10
4 10
9 10
3 10
8 10
0 11
2 10
10 10
12 10
2 11
6 10
3 11
20 9
1 10
1 10
332 10
0 10
0 10
0 10
1 10
0 11
1 11
0 10
8 10
5 9
206 9
1 10
1 9
860 10
0 10
929 10
0 10
2640 10
1321 9
2 10
4 10
0 10
2 10
0 10
0 10
0 10
2 10
1 10
1820 10
0 10
0 9
0 10
4 10
9 10
8 10
6 10
711 10
7 10
0 10
51 10
12 10
5 10
1327 9
0 11
5 10
12 10
20 10
13 10
10 10
0 10
0 10
6 10
21 10
0 10
5 10
22 10
4 10
11 10
3 10
1 10
23 10
16 10
25 10
0 10
19 10
24 10
0 10
26 10
9 10
15 10
14 10
18 10
27 10
2 10
0 10
17 10
2 10
1 10
0 10
2001 10
7 10
0 10
33 10
8 10
28 10
2 10
4 10
0 10
0 10
1 10
0 9
2 9
1 9
0 9
3 10
1 10
0 10
0 9
7 9
8 9
1 9
0 10
0 9
1 10
0 10
2 10
3 10
0 10
1 10
6 11
362 10
1 11
0 11
2 11
0 11
0 11
2 10
0 11
3 10
1 12
2 11
0 12
0 11
2 11
2 11
0 11
1 11
0 11
0 10
2 10
5 10
0 10
4 10
2 10
0 10
3 10
1 10
0 10
0 10
1 10
3 11
5 10
6 10
0 11
0 11
1 11
5 10
0 10
617 10
1 10
0 10
1 10
0 10
0 10
0 9
8 9
1 9
0 9
9 9
37 9
34 9
35 9
36 9
0 9
0 10
0 10
0 11
0 10
0 10
0 10
0 10
671 10
2 10
4 10
0 11
0 11
0 11
1858 9
0 9
0 9
2 10
3 10
7 10
5 9
1 10
0 10
311 10
0 10
0 10
0 10
0 10
0 10
4 10
0 10
0 11
0 11
2 10
484 10
329 10
0 11
1 10
3 10
2 10
0 10
1343 10
2 9
0 10
114 9
13 9
12 9
2 9
0 9
0 10
1 9
0 10
0 10
0 9
1 10
1 10
1 10
0 10
0 10
0 10
0 10
0 10
1369 10
0 10
1 11
0 11
4 10
0 10
0 11
0 11
0 10
2 10
0 10
25 10
22 10
27 10
26 10
19 10
17 10
24 10
16 10
18 10
1 10
0 10
23 10
0 10
15 10
7 10
20 10
14 10
12 10
11 10
6 10
1 10
13 10
21 10
0 10
10 10
0 10
9 10
8 10
3 10
2 10
1 10
0 10
0 10
1 10
0 10
0 10
12 9
62 9
1 10
0 10
0 9
1 9
0 10
8 9
86 9
2 9
5 10
0 10
1 10
5 10
0 10
0 10
1140 10
6 10
0 10
376 9
0 10
2 10
1 10
0 10
0 10
0 10
1 10
4 10
0 10
0 11
1239 9
9 10
1 10
0 11
1 11
1 11
0 11
0 11
2 11
3 11
1 11
2 11
1 11
4 11
0 11
0 11
5 11
0 10
2606 10
0 10
2 10
0 10
24 10
1 10
2 10
29 10
2853 10
17 10
0 10
1 10
0 10
697 10
2 10
2 10
4 10
0 10
5 10
1 11
0 11
0 10
7 10
1 10
0 10
7 10
2 10
1 10
1 10
466 10
0 10
0 10
1093 10
1 10
0 10
5 9
0 10
0 11
3 11
0 11
2 11
0 12
0 12
0 12
1 12
0 12
1 12
2 12
2 11
4 11
0 11
0 11
3 11
1 11
0 12
1 12
0 12
2 10
0 11
1 11
1 10
0 11
0 11
0 11
0 10
2 10
0 10
1 10
3 10
13 10
0 10
4 10
0 10
2 10
0 10
1 10
2 10
3 10
6 10
0 11
1 10
7 10
3291 10
5 10
812 10
2 10
6 10
0 10
4 10
0 10
4 9
5 9
0 9
0 9
0 10
5 10
0 10
0 10
0 11
0 9
2 11
0 11
0 11
1 11
1 11
75 10
65 10
0 10
8 10
6 10
78 10
1325 10
0 10
5 10
4 10
1537 10
3 10
369 10
1960 10
4 10
1 9
0 9
0 9
1 9
0 9
1 10
0 10
3 10
2 10
3 10
7 10
5 10
6 10
0 10
0 10
9 10
8 10
5 10
0 10
0 10
0 10
0 11
1298 10
0 12
3 10
10 10
0 10
4 10
2 10
0 11
1 11
43 10
0 11
2 10
0 10
0 11
0 10
2348 10
1 10
1 10
0 10
0 10
1 10
0 11
15 10
1101 10
1 10
0 9
1 10
0 10
0 10
44 10
0 10
6 10
0 10
9 10
2 10
0 10
499 10
1843 10
720 10
745 10
6 9
3 10
0 10
0 9
0 9
4 10
0 10
0 10
1280 9
0 10
0 9
14 9
0 10
4 9
0 9
0 10
0 10
3 9
9 9
13 9
1 9
2 9
12 9
43 9
15 9
2 9
2 9
42 9
1 9
11 9
1814 9
8 9
4 10
0 9
0 10
3 9
1 9
41 9
10 9
0 9
5 10
2341 9
4 10
2 10
11 10
3 10
946 10
0 10
2 9
0 10
1 10
2 10
3 10
3 10
1 10
10 10
3 10
1 10
0 10
0 10
0 10
0 10
9 10
39 10
1 10
2264 9
2116 10
38 10
5 9
4 10
1 10
1 10
0 10
1 10
3 10
0 11
0 12
0 11
2 11
1 11
0 11
1 12
0 12
0 10
2 10
3 11
0 12
1 12
0 11
3 10
0 10
0 10
3 10
4 10
3 11
6 10
0 11
5 10
0 11
0 11
0 11
0 11
1 11
1 10
0 11
0 10
1 11
0 11
0 10
0 10
0 10
4 10
3 10
4 9
3 10
0 10
0 10
0 10
3 10
0 10
1 10
765 10
6 9
3 9
4 9
2 9
0 10
0 10
2 10
4 10
0 10
8 10
5 10
0 10
1 10
3 10
6 10
0 10
1 10
1 10
8 10
4 10
0 10
18 10
2784 9
0 10
6 10
11 10
9 10
10 10
13 10
2 10
14 10
2 10
0 10
1078 10
15 10
5 10
16 10
17 10
12 10
1100 10
0 10
3 10
7 10
1 10
0 10
0 10
1 10
0 10
230 10
0 10
0 10
1 10
422 10
0 10
5 10
0 10
0 10
6 9
1285 9
0 10
0 11
0 10
1 10
7 10
0 10
0 10
0 10
9 10
1 10
0 10
0 10
0 10
0 10
0 10
0 10
0 11
3 10
4 10
0 10
0 11
0 11
0 11
0 11
0 10
1 11
0 10
0 10
0 11
0 10
0 10
5 10
9 10
0 10
1 10
1 10
0 10
0 10
1 10
0 10
0 10
1 10
3 10
1 10
0 10
2 10
0 10
0 9
2 10
4 10
3011 10
0 10
4 10
35 10
1 10
0 10
357 10
0 10
0 10
64 10
0 10
1 10
2 10
2 10
10 10
115 10
11 10
0 10
6 10
4 10
8 10
2 10
9 10
5 10
3 10
7 10
1 10
0 10
0 10
0 10
1 8
1 9
0 9
1 8
7 8
3 8
2 10
0 10
1 10
2 10
0 10
1 10
3 10
0 10
7 10
1 10
0 10
0 10
0 10
0 9
0 9
0 10
6 9
4 9
8 9
3 9
5 9
0 10
7 9
0 10
0 11
0 11
5 10
0 11
0 11
474 10
13 10
3 10
12 10
32 10
0 10
0 10
1748 10
1 10
0 10
1 10
1 10
1 9
0 10
0 10
1 10
4 10
0 10
8 10
0 10
956 10
0 11
0 10
2 10
0 11
0 10
0 10
0 10
0 10
0 11
9 10
0 10
0 11
1 10
6 10
0 11
1 11
2 10
1 10
0 10
6 11
0 11
2 11
0 9
1 11
0 11
2 10
0 11
0 11
1 10
0 11
0 11
0 11
0 11
1 11
0 11
1 11
14 10
0 10
2 11
0 11
1 10
748 9
0 10
8 10
4 9
1 10
0 10
2 10
1 10
0 10
0 10
1 10
1 10
0 10
0 10
0 11
0 10
0 10
0 10
2 10
0 10
12 10
4 10
0 10
6 10
7 10
3 10
5 10
8 10
15 10
14 10
13 10
10 10
2 10
16 10
1 10
9 10
11 10
0 11
619 9
2 11
0 10
2 10
1 10
1 10
0 11
0 10
2 10
0 10
0 10
297 10
0 10
0 10
0 10
0 10
0 10
10 9
0 10
0 10
0 9
7 9
0 10
0 10
4 10
1 9
0 9
1 10
0 10
0 10
0 10
1 10
0 10
3 11
13 11
2586 10
2 11
1 11
2015 10
4 11
1526 10
0 12
0 11
15 10
0 11
0 10
2 10
3 10
0 10
3 10
0 10
2 10
1464 10
0 10
0 10
1 10
2 10
0 10
2126 10
144 10
3 10
4 10
3 10
2 10
1 10
7 10
6 10
5 10
4 10
0 10
0 10
0 10
3 10
23 10
8 10
9 10
5 10
1 10
10 10
2271 10
24 10
0 10
4 10
2 10
0 10
3 10
2 10
987 10
1735 10
1 10
8 10
2 10
7 10
0 10
1 10
0 10
4 10
3 10
2 11
0 11
2 10
1 10
4 10
0 10
1 11
0 11
1 11
2 9
1 10
0 10
0 10
6 9
2 10
1 11
0 11
0 11
0 11
0 11
1 11
0 11
1 11
0 11
9 10
5 10
6 10
0 10
0 10
1 10
0 9
1 10
0 10
0 10
0 10
1 10
11 10
0 10
9 9
14 9
0 10
9 10
10 10
0 10
7 10
4 10
3 10
1433 10
2 10
1 10
5 10
6 10
8 10
0 10
0 10
1 12
0 12
1 10
0 11
0 11
9 10
1 11
0 10
1 11
2 11
403 9
4 10
0 11
3 10
0 11
0 11
6 11
0 10
1 9
0 9
6 9
3 10
256 10
191 10
89 9
5 10
0 9
1 10
0 10
2 10
37 10
1 10
4 10
4 10
0 10
6 10
0 10
0 11
0 11
0 11
0 10
1 10
0 11
1 10
0 10
1472 9
740 9
2 10
2929 10
0 10
0 10
1657 10
1 10
5 9
4 10
0 10
2 10
0 10
3 10
0 10
1 9
9 9
2 9
4 10
1 10
0 9
123 9
0 10
0 10
1 10
29 10
1 10
0 10
0 11
0 11
3 10
1 10
0 10
0 10
0 10
0 10
0 10
8 10
2 10
97 10
4 10
452 9
2 10
5 10
0 10
3 10
1 10
7 10
0 10
1 11
0 11
0 11
2 11
0 11
4 10
2 11
3 11
1 11
1491 9
8 10
1 10
0 10
5 9
0 11
7 10
0 11
561 10
0 11
6 10
0 10
1 10
0 10
11 10
0 10
8 10
2 10
0 10
4 10
0 10
3 10
0 10
13 9
0 11
0 10
0 10
2 10
2 10
2 10
6 10
0 10
0 10
1 10
1 10
0 10
4 10
0 10
1 10
15 10
1 10
0 10
20 10
3 10
1 10
1 10
1 10
2337 10
0 10
2707 10
1 9
0 10
2 10
0 10
0 10
26 10
2 10
2 10
21 10
0 10
0 10
4 10
22 10
45 10
0 10
0 10
1 10
18 10
1 10
3 10
2 10
4 10
0 10
0 10
8 10
0 11
2643 10
1 10
4 10
2 10
0 10
1 10
0 10
0 10
3 10
6 10
2 10
0 10
3 10
0 10
0 10
0 10
12 10
1 10
0 10
0 10
3 10
4 10
2 10
5 10
0 10
3 10
1 10
2585 10
1 10
0 10
1 10
1 10
10 10
1 10
1 10
2 10
3 10
0 10
18 10
4 10
5 10
0 10
1 10
0 10
1 10
3 10
212 10
5 9
3 9
4 9
0 10
0 9
1 10
1 9
0 9
0 10
1 10
0 10
0 10
2 10
10 10
0 10
1 10
11 9
5 10
0 10
11 10
4 10
9 10
3 10
0 10
2 10
1 10
6 10
8 10
7 10
1 10
65 10
1 10
1048 10
0 9
5 10
252 9
6 10
1 10
0 9
0 10
1 10
0 10
4 9
0 10
1 10
0 10
0 10
0 11
2 11
1 11
0 11
0 10
0 10
0 10
2 10
0 10
5 10
3 10
17 10
1 10
0 10
0 10
1 11
0 11
0 11
3 10
4 10
11 10
1514 10
1 10
1 11
9 10
0 11
4 10
2 9
7 10
8 10
0 11
2 10
13 10
0 10
3 10
1 10
1 10
0 11
0 10
1489 10
3 10
2 11
0 11
1 11
8 11
0 11
10 11
1 11
2 11
0 11
0 11
1 10
1 11
3 11
7 10
0 10
4 11
9 11
7 11
4 10
3 11
0 11
2 11
0 10
1 11
0 10
1 10
2 10
0 10
1 10
2 10
2 10
12 10
2 11
0 11
1 11
1 11
0 11
0 11
0 11
0 11
2 11
4 11
3 11
0 11
1 11
0 10
0 10
2 10
8 10
0 10
4 10
0 10
1 10
1891 10
1 10
0 10
2 11
1 11
0 11
0 11
22 9
0 10
16 9
27 9
21 9
24 9
29 9
35 9
18 9
15 9
30 9
17 9
14 9
1 10
4 10
36 9
33 9
25 9
0 10
19 9
38 9
0 10
26 9
12 9
50 9
20 9
0 10
37 9
28 9
23 9
39 9
34 9
32 9
13 9
0 9
11 9
31 9
0 10
0 10
2 10
1 10
0 10
0 10
0 10
0 10
5 10
1 10
0 10
0 9
0 9
1 11
0 11
1 10
0 10
0 10
0 10
0 10
2 10
605 10
0 10
0 10
1 10
1 10
1 10
0 11
0 11
0 11
0 11
1 10
0 10
0 10
0 9
1 9
0 10
0 10
0 10
1 10
1 10
2 10
2 10
3 10
4 10
5 10
0 10
3 10
7 10
2 10
0 11
0 10
0 10
2 10
0 10
0 10
14 10
425 10
0 11
0 11
0 11
0 11
1 9
11 10
1 10
0 10
0 10
1 9
2 10
0 10
0 9
0 10
0 10
0 10
0 11
1 11
1 11
1 10
0 10
0 11
0 10
1 10
120 10
0 11
0 10
1 10
0 11
5 10
2 10
285 10
0 10
4 10
6 10
3 10
0 10
0 10
1 10
4 10
3 10
0 10
0 10
2 10
0 11
2 10
1 10
3 10
2 10
1 11
0 11
1 10
0 10
0 10
0 10
3 10
1 10
2 10
0 10
0 11
0 10
2 10
0 11
0 11
1 11
0 11
3 11
0 11
0 10
1 10
3 9
5 10
0 10
1 9
0 9
3 10
2 10
775 9
1 10
0 11
0 10
6 10
0 10
0 11
0 10
0 10
14 10
9 10
0 10
0 10
4 10
0 10
2522 10
0 10
1 10
0 10
0 9
0 10
0 10
0 10
2 10
5 9
0 10
0 10
1 10
0 11
0 10
0 10
0 10
0 10
6 10
2 10
0 10
8 10
1 10
0 10
5 10
7 10
1 10
0 10
0 10
0 11
5 11
4 11
0 11
3 11
2 11
1 11
1 11
3 11
2 11
3 10
63 10
22 10
0 10
0 10
2 10
0 10
0 10
0 10
0 10
0 10
0 10
0 10
0 10
0 10
0 10
0 10
0 10
0 10
0 10
0 10
0 10
1 10
0 10
0 10
3 10
1 10
0 10
2 10
4 10
0 10
0 10
10 10
231 10
11 10
0 10
0 10
0 10
2 10
1 10
1 10
0 11
0 11
0 10
0 10
1 10
0 11
0 10
0 11
0 10
1 11
0 12
0 11
0 11
1 11
0 10
1 10
0 10
0 10
1 10
1 10
0 10
0 10
0 11
0 11
0 10
11 10
3 10
0 11
7 10
6 10
9 10
0 10
3 10
1 11
8 10
2 10
1 10
5 10
4 10
0 11
1 11
0 10
0 11
1 10
0 10
1 10
0 11
0 10
0 12
1 12
2 11
1 11
0 10
0 11
4 9
0 12
1 12
0 10
5 9
2 10
0 10
705 10
0 10
1 10
2 10
0 10
1 10
0 10
0 10
0 10
12 10
2 10
0 10
0 11
1 11
0 11
0 9
0 10
0 10
0 10
0 10
2 10
0 10
0 10
0 9
1 9
0 9
0 10
668 10
0 10
1 10
0 10
0 10
3 10
0 10
0 10
1 10
0 10
2 10
0 10
820 10
9 9
1 10
1 10
1 10
0 10
1 10
0 10
0 11
0 10
1 10
0 10
0 10
0 11
1 9
183 9
0 9
2 9
0 10
0 10
0 9
3 9
2 10
7 9
1 10
3 9
0 10
1 9
1 10
2 10
0 10
0 11
435 10
0 10
0 10
8 10
1905 10
0 10
0 10
0 11
865 10
0 10
2 10
9 10
0 10
1 10
1196 10
0 11
0 10
1 10
1 10
1 10
0 11
1 10
13 10
0 11
0 10
587 10
1 12
0 12
2 12
6 10
0 12
0 12
1 12
2 12
0 11
1 10
0 11
0 11
1 11
0 10
0 11
1 11
0 11
0 11
3 11
88 10
0 11
2 10
1 10
0 10
0 10
0 11
0 10
0 11
2 10
0 11
53 10
1 11
0 11
4 11
0 10
0 11
0 10
0 11
0 10
0 11
0 11
0 12
6 11
3 12
4 12
5 12
2 12
1 12
0 12
0 11
0 10
0 11
1 10
0 10
1 10
2 10
1 10
1 10
0 10
2 10
0 10
3 10
1 10
0 10
0 10
0 10
0 10
1 10
1 10
2 10
1 10
0 9
0 10
0 10
0 11
2 10
2 10
0 10
1 11
0 11
0 10
1862 10
0 11
0 11
0 10
4 9
0 10
0 12
9 10
7 10
11 10
8 10
0 10
37 10
14 10
12 10
10 10
16 10
17 10
18 10
5 10
15 10
6 10
4 10
13 10
3 10
2 10
1 10
3 9
2 9
3 9
1 9
6 9
0 9
2 9
0 9
4 9
0 9
1 9
0 10
0 10
2 10
859 10
3 10
0 11
0 10
0 10
0 10
0 10
5 10
4 10
817 10
0 10
0 11
0 11
1 11
1 11
0 11
0 11
4 10
2 11
0 11
16 11
0 12
91 9
3 9
21 10
1 10
2 9
0 10
1 9
0 10
559 10
0 10
0 11
0 10
0 11
0 11
0 11
1 11
0 11
1279 10
1 11
1 10
209 10
3 10
0 11
2 11
2 10
0 11
0 10
14 10
6 10
9 10
1 11
0 11
0 11
10 10
13 10
8 10
0 10
3 10
1 10
2 10
12 10
1 10
4 10
11 10
5 10
0 10
7 10
15 10
2 11
3 11
4 10
0 10
1 10
0 10
2 10
3 10
0 10
1 10
0 10
0 10
1 10
2 10
0 11
0 11
0 10
0 9
0 10
9 10
1 10
8 10
0 10
360 10
2 10
0 10
0 10
3 10
1 10
0 10
1 10
1 10
0 10
1432 10
1 10
0 10
0 10
0 10
0 10
7 10
488 10
0 10
0 11
633 10
0 10
0 11
4 10
1 11
0 11
3 11
2 11
1 11
0 10
0 10
0 11
1 11
0 10
3 9
0 9
1 10
0 10
0 10
6 10
0 10
1 10
0 11
0 10
13 10
5 10
0 10
0 10
0 10
1 10
270 9
0 10
0 10
255 10
1 10
0 10
1 10
0 10
1 10
1 10
3 10
0 10
0 10
0 10
495 10
0 10
0 11
0 11
1 11
1 9
3 9
0 9
0 9
2 11
0 11
1 11
0 11
1 11
0 11
1 11
0 12
1 11
0 11
1 11
1 10
0 11
0 11
0 11
0 11
0 10
1 10
0 10
0 10
0 9
0 11
2 11
0 10
0 9
0 10
4 11
3 11
0 12
0 12
0 12
0 12
0 12
0 11
2 11
1 10
3 11
2 11
0 10
0 10
11 10
0 10
0 10
0 10
0 10
0 10
0 10
1 10
2 10
11 10
8 10
6 10
1 10
0 10
4 10
3 10
0 10
9 10
1 10
129 10
10 10
1 10
1 10
11 10
1646 10
7 10
1431 10
2 10
0 10
4 10
0 10
14 10
0 10
1 10
0 10
0 10
2 10
5 10
3 10
0 10
0 10
2 10
1 10
13 10
0 10
0 10
5 10
282 9
0 10
3 10
0 11
1 10
2 11
0 10
4 10
0 9
1 9
1 10
960 9
2 9
0 10
3 9
0 10
1 11
0 11
4 9
1 9
29 9
9 9
0 9
2 9
1 10
1 10
3 9
4 10
1 10
0 10
2 10
1 10
0 10
434 10
800 10
0 10
1 10
0 10
0 10
1 10
0 11
0 11
233 10
1 11
73 9
0 10
0 10
0 10
1 10
0 10
0 10
1781 10
0 10
2 10
0 10
0 11
3 9
4 9
1 10
0 11
1 10
0 11
0 10
0 11
0 11
0 11
0 9
1 10
0 11
0 10
1 10
16 10
0 11
0 10
0 10
0 11
0 11
2 10
2 10
3 11
0 11
0 10
3 10
0 10
0 10
635 10
2 11
0 11
1 11
1 10
1 10
0 11
0 10
0 11
305 10
0 10
0 10
0 10
0 11
8 9
1 10
0 11
1797 10
2 12
1 12
0 12
0 10
8 11
0 11
3 10
8 10
0 10
0 10
0 10
0 10
0 10
6 10
5 10
1 10
5 10
109 10
0 10
0 10
0 10
2 10
4 10
1 10
5 9
1 10
2 11
1 10
0 10
0 10
0 10
1 10
1309 10
0 10
0 10
0 10
4 10
1601 10
0 10
2 10
1 10
0 9
0 10
1 10
1 10
28 10
27 10
1 10
0 10
1 10
922 10
0 10
2 9
0 10
7 10
0 10
4 10
0 10
0 10
0 10
0 10
0 10
1 10
0 10
0 10
7 10
0 11
221 11
0 11
0 11
0 10
1 10
0 10
0 10
0 10
0 10
0 10
1 11
0 11
0 11
0 10
1 10
0 11
1 10
2 10
0 11
1 11
0 11
3 10
0 10
2 10
0 10
0 10
1 11
0 11
0 11
1 10
0 10
0 11
0 10
0 10
1 10
4 10
589 10
1 10
0 10
5 10
0 9
1 10
0 10
0 10
385 10
0 10
0 10
0 10
0 11
0 10
1 10
0 10
0 10
1 10
0 10
0 10
0 10
2 10
1 10
0 10
0 11
10 11
11 11
41 10
20 11
13 11
35 10
34 10
24 11
25 11
9 11
36 10
43 10
5 11
7 11
3 10
12 11
0 11
0 10
3 11
38 10
4 11
17 11
18 11
1 11
32 10
39 10
37 10
40 10
42 10
30 10
15 11
21 11
45 10
1 11
19 11
22 11
0 11
26 11
33 10
14 11
6 11
16 11
31 10
2 11
8 11
0 10
23 11
1 10
0 10
1 10
0 11
0 11
0 11
2 10
7 10
9 10
935 10
5 10
3 10
2 9
0 10
4 10
1 10
1 10
8 10
6 10
0 10
1 10
7 10
0 10
2 9
1 9
3 9
829 9
0 10
2 9
8 10
4 9
3 9
4 9
2 9
1 9
0 9
1 9
3 9
2 10
0 9
6 9
0 9
6 10
2 10
278 10
0 10
2 10
0 10
1 10
0 10
0 10
59 10
0 10
1 10
0 10
527 10
2 10
1 10
3 10
1 10
1 10
8 10
5 10
323 10
0 10
0 10
7 10
0 10
0 10
6 10
4 10
0 10
10 10
0 10
0 10
0 11
0 11
0 11
1 11
0 10
0 10
0 11
0 11
4 10
0 9
8 9
0 10
1 10
0 11
0 11
3 10
1 10
5 11
0 11
1 12
3 12
0 12
4 12
0 10
1 10
0 10
0 10
0 10
0 10
0 10
1 10
1 10
0 10
58 10
0 10
0 10
3 10
2 11
1 11
0 11
3 10
4 10
0 9
1 11
0 11
3 10
0 10
0 11
2 11
0 10
1 10
3 10
0 10
0 11
1 10
2 10
0 10
0 10
1 11
0 11
1 11
1 10
2 10
3 10
0 10
0 10
0 10
0 10
0 10
0 10
1 10
0 10
0 10
0 10
0 11
3 10
7 10
6 10
1 10
2 10
1124 10
19 10
1 10
0 10
0 9
218 9
0 10
0 9
0 9
0 10
1 10
0 10
0 11
0 10
0 11
0 10
331 10
0 10
0 10
0 10
0 10
0 10
0 11
0 10
2 11
0 10
0 10
0 10
0 10
2 11
0 11
0 11
1 11
1 11
3 11
0 10
0 11
1 10
0 10
2 10
0 12
0 11
0 11
0 11
1 10
0 10
0 10
0 10
1005 10
0 10
2 10
10 10
1 10
0 10
0 10
0 11
1 10
1 11
0 10
5 10
0 10
0 10
5 10
716 10
1 10
0 10
0 10
0 10
0 10
0 10
1 10
0 10
0 11
0 9
0 10
4 10
2 10
0 10
1 10
0 10
0 11
1 10
0 10
2 10
0 10
0 10
347 9
0 10
0 11
1 11
6 10
0 11
1 10
185 11
2 10
9 10
1 10
0 9
3 10
1 9
3 10
4 9
869 10
2 9
5 9
4 10
0 10
629 10
1 10
2 10
3 9
3 10
0 10
0 10
7 10
0 10
10 10
0 11
1 11
0 11
0 11
0 11
0 10
0 11
2 11
1 10
0 10
1 11
0 10
0 11
0 11
3 10
0 11
524 10
0 10
0 10
0 11
0 11
3 10
2 11
1 10
0 11
0 10
0 11
0 10
0 10
1 10
3 10
0 11
525 10
0 10
1 10
0 10
0 11
2 10
1 10
1 10
0 10
0 10
0 10
1 10
0 10
0 10
0 10
0 11
0 10
2 10
0 11
0 11
1 11
96 10
1 11
0 10
0 11
567 10
0 10
4 10
1 10
0 11
0 11
0 10
1 10
884 9
1 10
1009 9
0 10
3 9
0 10
1 10
0 11
0 11
1 11
1 10
3 10
0 11
0 11
0 10
3 10
725 10
1 10
0 10
0 10
54 10
1460 9
0 10
5 10
0 10
0 10
12 10
0 11
0 10
0 11
3 11
2 11
1 11
2 11
1 11
0 11
1 10
0 10
0 10
0 10
8 10
4 10
9 10
28 10
11 10
13 10
10 10
3 10
0 10
7 10
6 10
2 10
5 10
1 10
12 10
1 11
1 10
2 10
0 10
4 10
3 10
27 10
0 11
5 10
3 10
0 11
1 11
0 10
0 10
0 10
0 10
0 11
1 11
0 10
0 10
1 10
1 10
2 10
0 10
0 10
0 10
1 10
4 10
0 10
0 10
0 10
3 10
0 10
0 10
1 10
3 10
0 10
1 10
3 9
4 9
7 9
6 10
2 9
0 9
6 9
8 9
5 9
0 10
1 9
0 11
0 11
0 10
0 10
0 10
0 10
512 10
9 10
0 10
0 10
0 10
2 10
0 11
1 10
0 10
1 11
1 10
0 10
0 10
0 9
0 10
0 10
1 10
0 10
0 10
0 10
0 10
1 10
4 10
0 10
0 10
0 9
1 9
2 9
2 9
0 9
1 9
4 10
3 11
1 12
2 12
0 12
20 10
4 10
4 10
0 11
1 10
0 10
0 10
0 11
0 11
3 10
0 10
7 10
0 10
0 10
1 10
0 10
1 10
0 10
0 10
1 10
0 11
7 10
5 10
0 10
1 10
1 11
3 11
0 11
0 12
2 10
8 10
9 10
18 10
1 10
2 10
7 10
4 10
10 10
5 10
0 10
6 10
0 10
0 10
3 10
0 10
1 10
17 10
1 10
3 10
2 10
0 10
75 10
0 10
0 10
7 10
0 10
4 10
9 10
0 10
0 10
0 10
8 10
5 10
3 10
2 10
6 10
1 10
1 10
0 10
1 10
0 10
0 10
0 10
5 10
6 10
3 10
4 10
1 10
8 10
0 10
2 10
0 10
6 10
0 10
0 10
12 10
1 10
280 10
0 10
0 9
1 9
1 10
0 10
2 11
0 11
0 11
2 11
1 12
3 12
0 11
1 11
6 11
4 10
1 10
0 10
0 11
0 10
0 11
0 10
0 10
0 11
0 10
2 10
0 10
1 10
0 11
26 10
8 10
12 10
16 10
18 10
15 10
17 10
19 10
11 10
0 10
9 10
20 10
24 10
23 10
21 10
25 10
22 10
7 10
6 10
5 10
14 10
4 10
13 10
3 10
2 10
1 10
10 10
0 11
0 11
3 10
2 9
3 9
0 9
0 9
0 9
0 11
0 11
0 11
0 11
0 11
0 11
0 10
0 10
1 10
0 10
1 10
0 9
2 11
0 11
1 11
0 11
0 11
1 11
0 11
274 10
0 11
1 11
0 11
0 10
0 9
0 10
0 10
0 10
1 10
2 10
0 10
3 10
15 10
2 10
1 11
0 11
7 10
2 10
6 10
0 11
0 11
0 11
0 11
0 11
0 11
0 10
0 10
0 10
0 10
0 10
2 10
0 10
0 10
1 10
0 10
0 10
0 11
0 10
1 10
2 9
0 10
1 10
0 9
1 9
0 10
190 10
0 10
0 10
0 10
1 10
2 10
1 10
0 10
0 10
0 11
0 11
1 11
0 11
0 11
0 10
0 10
1 10
0 10
712 10
0 11
2 10
1 10
0 10
5 11
0 10
6 10
33 10
10 10
0 10
0 10
0 10
1 10
0 10
0 10
7 10
0 10
2 10
0 10
1 10
0 10
3 10
14 10
1 10
2 13
0 13
0 14
10 12
1 14
0 10
933 10
708 9
0 10
0 9
7 9
10 9
0 9
1 9
2 11
1 11
0 11
0 11
0 11
7 11
5 11
3 11
1 11
6 11
2 11
0 11
4 11
1 11
0 10
0 11
0 10
1 10
0 10
0 10
0 10
1 10
5 10
3 10
0 11
0 10
2 10
0 10
1 10
0 10
1 10
4 10
1 10
0 10
0 11
0 11
0 11
0 10
1 10
0 10
1 11
2 10
1 10
785 10
0 11
0 11
0 10
0 11
0 11
4 10
0 11
0 10
1 10
1 10
0 10
1 10
0 10
0 10
21 10
0 10
6 10
5 10
0 10
1 10
522 10
0 10
0 11
1 10
3 10
0 10
57 10
0 10
1 10
0 11
2 10
1 11
1 10
0 11
0 10
0 10
0 10
306 10
3 10
0 10
1 10
0 10
0 10
1 11
1 11
0 11
2 10
0 11
0 11
0 10
0 10
0 10
1 10
0 10
0 10
0 10
0 10
1 10
0 11
1 11
2 10
0 10
1 10
2 10
0 10
1 9
0 10
3 9
3 10
0 10
2 9
0 10
0 10
0 10
0 10
1 10
3 11
0 12
0 12
0 12
0 10
3 10
0 10
14 9
11 9
7 9
9 9
20 9
10 9
17 9
22 9
16 9
21 9
12 9
18 9
15 9
0 9
19 9
23 9
6 9
5 9
13 9
8 9
4 9
3 9
2 9
1 9
0 10
0 10
0 10
1162 9
1 10
0 10
2 10
3 10
0 11
0 10
1 11
2 11
0 11
8 10
3 11
4 10
0 12
0 11
3 11
0 11
1 11
2 11
10 10
0 10
1 10
1 10
5 10
0 11
0 11
2 10
0 11
1 11
4 10
0 10
0 10
0 11
0 10
3 11
2 11
1 11
0 12
2 10
0 11
1 11
0 11
0 11
0 10
1 10
1 10
0 11
7 10
4 10
18 10
0 10
16 10
15 10
1 10
1803 10
3 10
8 10
6 10
5 10
2 10
0 11
370 10
2 10
0 10
3 10
6 10
4 10
2 10
8 10
11 10
7 10
5 10
1 10
0 10
0 10
1 10
0 10
0 11
0 11
0 11
0 10
0 10
1 10
0 10
1 10
0 11
0 10
2 10
3 10
4 10
1 10
6 10
0 10
0 10
7 10
0 10
0 10
1 10
0 10
0 10
0 10
1 10
1 10
0 10
0 10
0 10
0 10
1 10
1 11
0 11
0 11
3 11
1 11
2 11
0 11
0 11
0 11
0 10
0 11
0 10
0 11
386 10
0 11
2 12
0 13
1 13
0 11
2 11
1 11
0 11
4 10
2 10
3 10
0 10
1 10
0 10
0 9
0 9
0 10
2 10
0 10
0 10
626 10
2 10
0 10
0 10
0 10
0 10
2 11
2 10
1 10
0 10
3 10
1 10
0 11
0 11
0 11
0 11
0 10
0 10
0 10
0 10
0 10
0 11
1 11
0 10
0 10
0 10
1 10
0 11
1 11
0 10
0 11
3 10
0 10
1 10
0 10
2 10
1 10
17 10
6 10
0 10
3 10
3 10
0 10
7 10
14 10
8 10
9 10
12 10
10 10
5 10
2 10
1 10
0 10
4 10
13 10
11 10
1 9
0 9
0 9
0 9
1 9
0 10
0 11
0 10
0 10
0 10
0 10
0 10
1 10
0 10
0 10
0 10
0 12
0 12
0 12
1 11
0 11
1 11
0 11
2 11
0 11
0 10
1 11
3 10
4 10
1 10
2 10
0 11
0 10
0 10
0 11
1 11
0 11
0 11
1 11
1 11
0 11
1 10
0 10
0 10
0 10
0 10
279 10
0 11
0 10
0 10
2 10
0 11
0 10
1 10
0 10
2 10
0 10
0 10
1 10
2 10
1 10
7 10
0 10
0 10
8 10
3 10
0 10
0 10
2 10
0 10
0 10
0 10
1 10
1 10
0 10
0 10
21 10
0 10
4 10
0 10
0 10
0 10
0 10
0 10
2 10
0 10
0 10
0 10
1 11
0 10
4 10
0 11
0 11
0 11
0 10
5 10
0 10
0 10
0 10
1 10
0 10
0 10
0 10
0 10
0 10
2 10
0 10
0 10
1 10
1 10
6 10
0 10
0 10
0 10
8 10
1 9
5 10
1 10
4 10
0 10
10 9
9 9
0 10
2 10
0 10
0 10
0 10
0 10
0 10
1 11
0 11
3 10
0 10
0 10
2 10
0 10
1 10
0 10
53 10
0 11
1 11
0 11
2 10
55 11
0 11
0 11
0 11
0 11
3 10
0 10
1 10
0 10
0 11
0 11
0 11
2 10
0 10
0 11
0 11
1 10
0 11
104 10
0 10
0 10
0 10
0 10
0 10
0 10
0 10
0 10
0 9
0 10
510 10
0 10
683 10
0 10
0 10
0 10
0 11
0 11
0 11
0 10
1 10
0 10
0 10
0 11
0 10
0 10
0 9
1 9
0 10
1 9
1 10
0 10
3 10
1 10
0 10
1 9
0 9
0 11
1 11
0 11
0 9
2 9
1 9
0 9
1 9
227 9
0 9
0 9
2 9
0 10
2 10
0 10
0 10
0 11
0 10
1 10
0 10
0 10
0 10
0 10
6 10
5 11
0 11
0 11
2 11
1 11
3 10
3 11
2 12
0 11
1 11
1 10
0 11
0 10
0 9
1 9
0 9
0 9
0 11
0 11
0 11
1 10
0 9
1 9
5 10
0 10
5 10
3 10
0 10
4 10
0 10
1 10
2 10
0 10
0 10
4 10
0 11
0 10
2 11
0 11
5 11
3 11
1 10
5 10
0 10
0 9
0 11
0 11
0 11
3 10
0 9
1 10
0 10
0 10
1 12
0 12
0 10
0 10
0 10
0 10
0 10
1 10
0 10
0 10
0 10
0 10
0 11
0 10
1 10
0 10
0 10
3 10
0 10
3 10
0 11
2 11
1 11
0 10
0 11
1 11
1 11
0 11
0 10
0 10
1 10
0 10
2 10
1 11
3 11
0 11
2 11
4 10
3 10
5 10
2 10
1 10
0 10
6 10
7 10
8 10
1 10
409 10
0 10
3 10
1 11
0 11
468 10
0 10
0 10
1 10
0 10
0 10
0 11
1 11
1 10
0 10
0 10
0 11
0 10
0 11
1 11
0 10
0 10
0 11
1 11
0 11
0 10
0 10
1 10
0 10
1 10
0 10
0 10
0 11
1 10
2 10
0 10
3 10
1 10
0 10
0 10
2 10
3 10
1 10
0 10
0 10
1 11
2 11
0 11
0 11
0 10
0 10
1 10
0 10
0 11
0 10
4 10
5 10
3 10
6 10
2 10
0 10
1 10
2 10
0 11
0 10
0 11
0 11
1 10
10 10
5 11
2 11
5 10
1 11
1 11
1 10
4 11
3 11
0 10
0 11
2 10
0 10
0 11
4 10
1 11
0 11
2 11
1 11
0 11
0 12
0 10
1 10
2 10
0 12
0 11
0 10
0 11
1 11
0 11
1 11
0 11
0 11
0 10
2 10
0 10
2 10
1 10
0 10
0 10
0 10
2 10
1 10
0 10
0 10
0 10
0 11
10 9
1 9
0 9
0 10
0 11
0 11
0 11
3 10
0 10
1 11
0 11
5 11
804 10
2 10
1 10
0 10
0 11
0 10
0 10
1 10
0 11
0 11
0 10
0 10
0 10
0 10
0 10
0 10
0 10
0 11
0 10
2 10
1 10
0 10
0 10
0 10
0 11
0 11
1 10
0 10
2 10
1 9
0 10
1 10
2 9
0 10
2 9
0 9
4 9
1 9
0 9
0 11
0 11
1 11
0 11
0 11
0 11
0 11
4 10
0 10
3 10
0 11
0 10
0 11
3 11
0 11
0 11
1 11
2 12
1 12
0 12
0 11
0 10
0 12
1 11
3 10
1 10
0 10
0 10
0 10
0 10
0 11
0 10
1 10
0 10
0 11
1 11
0 11
0 11
0 10
0 10
0 10
2 10
1 10
0 10
0 11
1 11
352 10
0 11
2 10
0 11
1 11
0 11
0 10
0 10
0 10
0 10
2 10
0 11
1 10
0 10
1 11
0 10
0 10
1 10
0 10
2 11
0 11
1 11
0 10
0 10
0 10
0 10
3 11
0 13
1 12
1 10
1 10
1 11
0 11
0 10
0 10
771 11
0 11
0 11
2 11
1 11
1 11
0 11
0 11
4 11
2 11
0 12
1 11
1 11
0 11
1 11
0 12
1 10
0 11
1 10
0 10
0 10
0 11
0 11
0 10
0 10
0 10
1 10
2 10
0 10
32 10
0 10
0 10
0 10
1 10
0 10
4 10
6 9
0 11
5 10
2 10
3 10
1 10
0 10
1 10
0 10
0 10
0 10
2 9
5 9
0 9
3 9
1 9
4 9
1 10
2 10
0 10
3 10
0 10
526 10
0 10
0 10
1 10
3 10
0 10
2 10
1 9
0 9
2 9
2 12
0 12
1 12
1 12
0 12
0 12
0 12
1 12
0 12
0 12
2 11
3 11
1 11
5 11
0 11
4 11
1 10
2 10
3 10
0 10
2 10
1 10
2 11
0 12
1 11
1 10
0 11
2 10
0 10
0 10
0 10
0 10
0 11
0 10
0 9
0 9
0 8
2 9
0 10
5 10
2 10
1 10
0 10
0 10
2 10
1 11
0 11
0 10
0 10
0 10
0 11
1 10
0 11
0 10
1 10
3 10
2 10
0 11
2 11
1 11
0 11
0 10
0 10
1 9
0 9
4 10
2 10
2 11
0 10
1 10
0 11
0 10
0 10
0 10
555 9
0 10
0 10
7 10
6 10
5 10
4 10
2 10
11 10
3 10
10 10
0 10
12 10
0 10
13 10
8 10
9 10
2 10
1 10
0 10
6 10
0 10
0 10
0 10
5 10
1 10
0 10
2 10
0 10
1 10
1 10
7 11
0 11
0 11
0 11
1 10
2 10
0 10
1 11
0 10
2 10
1 10
0 10
5 10
0 11
0 10
2 10
0 11
0 11
0 11
1 11
0 11
0 11
0 11
0 11
1 11
0 11
0 12
1 11
0 11
0 11
2 10
0 11
1 11
1 11
0 11
0 11
0 11
0 11
0 10
1 11
0 12
0 11
0 12
0 11
0 11
1 10
0 11
0 12
1 11
0 11
0 12
2 12
3 12
5 12
4 12
1 12
1 10
0 12
0 10
7 11
3 11
2 10
2 11
1 10
3 10
0 10
0 10
0 10
0 10
1 10
0 11
6 12
8 12
9 12
11 12
4 12
7 12
3 12
2 12
5 12
0 12
1 12
1 10
2 10
0 10
2 10
8 10
1 11
0 11
1 11
0 11
1 11
0 11
0 10
0 11
0 10
0 9
9 10
5 11
8 11
3 11
0 11
4 11
6 11
2 11
1 11
7 11
0 9
0 10
4 10
3 10
0 11
0 9
1 11
2 10
1 10
0 9
4 9
0 9
6 9
2 9
3 9
1 9
1 10
0 11
0 10
0 10
0 10
0 10
2 10
1 10
4 10
2 10
0 10
0 10
1 10
0 10
3 10
3 9
4 9
10 9
5 9
7 9
13 9
0 9
8 9
12 9
11 9
2 9
6 10
9 9
0 10
1 9
0 10
6 9
0 10
1 10
0 10
0 10
0 11
2 11
1 11
0 12
0 12
0 12
0 12
0 12
0 12
0 12
0 10
0 10
0 10
0 10
4 10
0 11
0 10
0 11
1 11
2 11
3 11
0 10
0 10
0 10
4 10
0 11
3 10
0 10
0 11
1 11
2 11
49 10
0 9
0 10
7 10
1605 10
1 10
0 10
0 10
2 11
0 10
1 10
1611 10
1173 10
1 11
0 10
0 11
0 11
1215 10
0 10
0 10
0 10
5 9
4 9
14 9
1 9
3 9
2 9
6 9
0 9
0 10
1 10
0 10
0 10
0 11
1 10
0 10
0 10
532 9
0 11
0 10
0 10
0 10
8 10
0 11
0 11
0 10
2 10
1 10
1 10
0 10
0 11
0 10
0 11
2 10
0 10
1 10
0 10
0 10
0 10
0 10
6 11
7 11
5 11
1 11
4 11
1 11
8 11
0 11
0 11
2 11
3 11
0 10
2 10
1 10
0 10
1 10
0 10
0 11
8 10
5 10
6 10
1 11
7 10
3 10
4 10
0 10
10 9
2 10
9 9
0 11
1 10
2 10
1 10
0 10
7 10
0 10
0 11
1 11
1 11
0 11
0 11
0 11
1 10
0 10
3 11
1 11
2 11
4 11
0 11
1 10
0 10
0 11
2 10
1 10
3 10
0 10
0 10
1 10
0 10
0 10
0 10
1 10
0 10
521 10
2 10
2 10
3 10
0 10
2 10
1 10
0 10
3 10
0 11
1 10
2 10
1 10
0 11
0 11
1 11
0 11
0 10
1 10
0 10
0 10
1 10
0 10
2 11
0 11
4 11
0 11
0 11
3 11
1 11
0 11
1 9
2 9
0 9
1 10
0 10
0 10
0 10
0 9
0 10
0 11
1 12
2 12
0 12
0 11
0 12
0 12
1 12
0 11
1 11
2 11
3 11
0 11
1 11
0 11
1 11
0 11
1 11
1 11
2 11
34 10
0 11
0 11
0 11
0 11
0 11
1 11
0 12
0 9
2 11
0 10
0 9
1 10
0 10
1 10
0 10
0 10
0 10
0 11
0 10
2 10
3 10
1 10
1 10
0 10
2 10
0 10
0 10
0 10
2 11
0 12
5 12
6 12
0 12
1 12
0 12
3 10
0 12
1 13
4 13
1 13
3 13
0 13
1 13
0 13
2 13
0 13
0 13
2 13
0 13
1 13
3 11
1 11
0 11
2 11
1 11
0 11
0 10
0 10
0 11
1 11
0 11
0 10
0 10
0 10
0 10
0 11
0 10
0 10
1 11
0 11
0 11
3 10
4 10
5 10
2 10
1 10
2 10
0 10
0 10
3 10
0 10
0 11
1 11
2 9
3 9
0 10
1 9
0 10
7 10
0 10
1 10
2 10
0 10
0 11
8 10
1 11
0 11
0 10
1 10
0 10
0 11
2 10
0 11
0 11
0 11
0 11
0 10
0 10
1 11
1 11
2 10
2 11
1 10
0 11
0 11
0 11
0 10
0 10
0 10
0 11
0 11
0 10
0 10
3 10
0 10
0 10
0 10
2 11
1 11
0 11
0 10
0 10
0 11
0 9
0 10
0 10
0 10
2 9
0 9
1 9
0 11
0 11
1 11
1 11
0 11
0 11
2 10
0 11
7 10
0 11
1 10
8 10
0 11
6 11
0 10
0 10
0 10
1 10
0 11
0 10
0 11
0 10
0 11
1 11
1 10
2 10
0 10
0 10
1 10
2 10
0 10
0 10
16 10
0 10
0 10
1 10
0 11
1 10
0 10
4 10
0 11
0 11
5 11
4 11
1 10
0 10
0 10
0 10
0 10
0 10
1 10
0 11
5 10
12 10
4 10
0 10
11 10
9 10
0 10
1 10
14 10
6 10
8 10
13 10
7 10
10 10
0 10
1 10
0 10
1 12
0 12
0 12
4 11
5 11
0 11
2 12
0 12
0 12
3 11
0 12
1 12
0 10
0 10
2 11
0 11
1 11
2 10
0 10
3 10
2 10
0 10
1 10
0 10
3 10
0 10
1 10
0 11
0 10
680 9
3 11
1 11
1 11
0 11
0 11
1 11
0 10
0 10
0 10
0 9
0 10
1 11
0 11
0 11
0 11
2 11
0 11
0 11
0 10
0 10
0 10
1 10
0 10
0 10
0 10
0 11
1 11
0 11
0 9
1 9
0 10
0 10
0 10
2 10
0 11
1 11
0 11
1 11
0 10
1 10
3 10
0 10
2 10
0 10
11 10
4 10
3 10
2 10
0 10
1909 10
5 10
1 10
0 11
0 10
0 10
1 9
0 9
0 10
1 11
2 10
3 10
0 10
1 10
0 9
0 9
0 11
0 10
2 10
1 10
0 10
0 10
1 11
0 11
2 10
1 10
0 10
0 11
0 11
2 10
3 10
0 10
1 10
0 11
0 11
3 10
0 10
0 10
2 11
0 10
0 10
0 10
0 10
0 11
0 11
2 11
0 10
1 10
7 10
2 10
2 10
0 10
2 10
0 10
2 10
1 10
4 10
3 10
726 10
2 11
3 11
0 11
1 11
0 10
1 10
2 10
0 10
1 11
0 11
2 10
0 10
0 11
0 9
0 10
0 10
0 10
0 10
0 11
0 11
3 9
2 9
0 9
1 10
0 10
0 10
1 10
2 10
1 10
0 10
0 10
0 11
1 11
0 11
5 10
1 10
2 10
0 10
6 10
3 10
4 10
0 10
3 10
2 10
1 10
0 10
0 11
0 11
0 11
1 10
1 10
0 9
0 9
1 10
0 11
1 11
0 10
0 10
1 10
0 10
0 11
1 11
1 11
2 10
0 11
3 11
1 11
2 11
0 10
0 11
0 10
0 10
0 10
1 11
1 10
0 10
0 10
1 10
0 10
0 11
0 11
2 10
0 10
1 10
3 10
1 10
0 10
0 10
4 10
9 10
3 10
7 10
2 10
5 10
1 10
8 10
6 10
0 10
2 10
3 10
0 10
0 11
0 11
1 11
2 11
0 9
0 9
1 11
0 11
0 11
4 11
12 10
0 11
0 10
3 11
10 10
13 10
15 10
2 10
5 10
14 10
8 10
11 10
7 10
6 10
2 10
9 10
1 10
0 11
4 10
0 10
3 10
1 10
0 10
1 11
8 10
7 11
6 11
5 11
3 11
4 11
0 11
2 11
1 11
0 11
0 10
0 10
1 10
0 11
0 10
3 10
0 10
0 11
0 10
0 10
1 11
0 11
0 12
1 10
0 10
2 10
0 10
1 10
0 11
1 11
0 11
0 11
0 11
0 10
2 10
0 11
1 10
1 10
2 10
0 10
1 11
1 11
1 10
0 10
272 10
6 10
0 10
328 10
0 11
1 11
0 11
0 11
0 9
1 9
0 10
0 10
5 10
0 10
0 11
1 11
0 10
0 11
0 11
0 11
0 11
4 10
5 10
8 10
0 10
0 10
6 10
7 10
3 10
2 10
1 10
0 11
1 11
2 10
0 11
0 10
4 11
2 11
1 10
3 11
1 10
0 10
0 10
0 11
0 11
0 11
0 10
2 11
0 12
1 12
0 12
0 10
1 10
0 10
0 11
0 11
0 10
0 11
2 10
0 10
0 10
0 10
0 10
1 10
0 11
0 10
0 11
0 10
0 10
0 10
0 10
0 10
0 10
1 10
0 10
0 10
2 10
3 10
1 10
0 10
0 10
0 10
1 9
0 9
0 11
0 10
2 11
1 11
0 11
0 11
2 10
0 10
1 10
0 11
1 11
0 10
0 10
0 10
0 10
0 11
1 11
2 11
0 11
2 10
3 10
0 10
1 10
6 9
3 11
1 11
2 11
0 11
0 11
0 11
0 10
0 11
0 11
0 12
1 10
0 11
0 11
0 10
2 11
4 11
0 11
0 11
1 11
0 11
4 11
2 10
2 12
1 12
0 12
3 12
1 11
0 10
1 10
0 11
2 10
3 11
0 10
0 11
0 10
1 10
6 10
3 10
2 11
0 11
1 11
0 10
5 10
2 10
4 10
3 10
6 10
1 10
2 9
0 9
2 9
1 9
0 9
0 9
1 9
0 10
5 10
0 10
1 10
0 10
0 10
1 11
2 11
0 11
0 10
1 10
0 10
0 10
0 10
0 10
0 10
0 11
0 10
0 11
0 10
0 11
0 11
0 10
0 10
0 11
0 11
1 11
0 10
0 10
0 11
1 10
0 10
3 10
1 10
0 10
2 10
0 10
1 10
0 10
0 11
0 11
0 11
1 11
0 10
1 11
0 11
0 11
1 11
0 11
3 10
0 11
0 10
0 11
1 11
3 10
2 10
6 10
2 11
0 10
1 10
10 10
8 10
7 10
5 10
0 11
3 11
0 11
1313 10
4 10
0 11
0 11
0 11
1 10
0 10
0 10
0 10
2 10
8 10
4 10
3 10
7 10
1 10
6 10
5 10
0 10
0 10
1 10
0 11
0 11
0 11
1 11
1 10
1 11
0 11
0 10
2 11
2 10
12 10
3 10
0 10
4 10
0 11
1 11
0 11
0 11
1 11
0 11
0 11
0 10
0 11
2 11
0 10
1 10
0 10
0 11
1 9
0 10
1 11
0 11
0 9
1 10
0 10
0 10
0 10
1 10
1 10
0 11
0 12
0 10
0 10
0 10
0 10
1 10
0 10
0 12
0 10
0 10
0 10
2 10
0 10
1 10
0 10
2 10
1 10
0 10
2 10
1 10
0 11
0 10
1 10
0 10
0 11
1 11
0 11
0 11
0 10
0 11
0 11
3 11
0 11
2 11
1 11
1 10
0 10
0 10
0 10
0 10
0 10
2 10
1 10
0 10
0 10
0 10
1 10
5 10
0 10
3 10
6 10
2 10
4 10
1 10
0 11
0 11
1 11
2 10
2 11
0 11
1 11
0 11
3 10
0 10
2 12
0 13
0 13
1 13
0 13
0 12
0 11
0 11
0 11
0 11
0 10
1 11
0 10
0 11
3 10
1 10
2 11
0 11
0 10
0 10
1 10
2 10
0 10
0 10
0 11
1 11
3 11
2 11
1 10
0 11
0 11
0 10
0 11
0 12
0 11
1 11
0 10
202 10
0 10
0 10
0 10
11 10
1 10
0 10
0 10
0 10
0 11
0 10
0 11
1 11
0 10
2 11
1 11
3 11
0 11
1 11
0 11
2 11
0 11
5 10
7 10
3 10
4 10
1 10
0 10
0 10
2 10
6 10
0 10
1 11
0 11
1 10
0 11
0 11
1 11
0 11
0 11
0 10
0 11
0 11
2 11
1 11
0 11
0 10
0 10
2 10
0 10
1 10
1 11
0 11
0 11
0 10
0 10
2 10
1 10
0 11
1 11
0 11
0 11
4 10
0 10
1 10
4 9
0 10
0 10
0 10
2 11
0 11
3 11
4 11
1 11
0 11
1 11
1 11
0 11
0 10
1 11
0 11
0 10
0 10
0 10
6 10
7 10
0 10
0 11
0 11
0 11
0 10
1 10
0 10
0 11
0 11
0 11
0 9
0 10
0 10
0 10
2 10
2 10
1 10
3 10
0 10
1 10
1 10
0 10
0 10
1 10
4 10
3 10
0 10
0 11
12 9
6 10
8 10
7 10
0 10
9 10
4 10
3 10
10 10
5 10
2 10
1 10
0 11
0 10
0 10
0 11
0 11
1 11
1 11
2 11
1 10
3 11
5 11
1 11
4 11
2 11
3 11
0 11
1 11
0 10
0 11
0 10
0 10
0 10
1 10
2 10
0 10
1 10
0 10
0 11
0 10
1 9
2 11
2 10
1 10
0 10
4 10
0 10
1 10
1 11
1 11
0 11
3 9
4 9
0 9
0 11
0 10
0 10
1 10
0 10
2 10
1 11
0 10
0 11
0 11
0 10
2 9
1 9
1 11
3 11
2 11
0 11
0 11
1 11
0 10
0 11
5 10
0 10
3 10
0 10
1 10
1 10
2 10
5 11
0 11
1 11
0 11
1 11
0 11
0 10
1 10
0 11
0 10
2 11
1 11
0 11
6 11
4 11
0 12
5 11
0 12
3 10
0 11
3 10
1 10
0 10
0 10
0 10
0 11
1 11
0 11
2 11
0 11
0 10
0 10
1 10
3 9
0 10
1 10
0 11
0 11
0 11
0 10
0 11
0 11
0 11
0 11
0 10
1 10
0 10
1 11
0 11
0 10
0 11
0 11
0 11
0 11
0 11
0 11
1 11
0 11
0 11
0 11
9 11
3 11
1 11
0 11
0 10
0 11
0 11
0 11
0 10
1 10
0 10
0 11
0 10
0 10
0 10
0 10
0 11
1 10
0 10
1 10
0 10
0 10
0 12
0 11
1 11
0 10
3 11
2 11
1 11
0 11
1 11
0 11
0 11
0 10
1 11
0 11
0 10
1 10
1 12
0 12
1 11
0 11
0 11
0 11
2 9
0 9
0 10
4 10
2 10
5 10
1 10
0 10
0 10
4 10
3 10
3 10
1 10
0 10
0 10
0 10
2 10
0 11
0 11
1 10
0 10
0 11
1 10
2 10
0 9
1 11
0 11
0 11
1 11
5 11
2 11
3 11
1 11
4 11
0 11
0 11
0 11
1 11
0 11
4 11
0 10
0 12
0 11
0 11
0 11
0 10
2 12
4 11
3 12
0 12
1 12
2 11
0 11
1 11
2 13
0 13
1 13
0 11
4 11
3 11
5 11
2 11
1 11
6 11
0 11
1 12
2 12
0 12
1 10
0 10
0 10
1 10
0 10
0 11
0 11
0 11
0 9
0 9
0 10
1 10
2 10
0 11
0 11
0 11
0 11
0 11
0 10
0 11
1 11
0 12
0 11
1 11
0 11
0 11
1 11
1 11
0 10
0 11
0 11
0 11
199 10
0 11
0 11
0 11
0 11
1 11
0 11
3 10
0 11
2 11
1 11
0 10
0 11
1 11
0 11
0 12
1 12
0 10
0 11
0 10
3 12
0 12
0 12
0 12
0 12
2 12
1 12
1 11
0 11
0 10
4 10
2 11
1 11
0 11
1 11
0 11
0 11
2 11
1 11
0 11
3 11
4 11
0 11
0 11
0 11
1 11
2 11
0 11
1 11
0 11
0 11
0 10
4 11
1 11
2 11
3 11
0 11
0 11
0 10
0 10
0 10
1 9
0 9
0 10
0 10
0 10
0 10
0 10
0 10
7 10
1 11
2 10
0 11
1 11
0 11
0 11
0 11
0 11
3 10
1 11
0 11
1 11
0 11
1 11
0 11
2 10
0 9
1 10
0 10
0 10
1 10
0 10
1 11
0 11
0 10
1 11
0 11
0 11
2 11
1 11
0 11
1 11
3 11
0 11
1 11
0 11
0 11
2 11
0 11
0 11
0 11
0 11
0 11
0 11
0 11
0 11
0 11
1 11
0 11
0 11
0 12
2 12
0 12
1 12
1 13
0 13
0 12
1 10
0 10
0 10
0 11
1 11
0 11
0 11
2 11
0 11
0 11
0 11
1 11
1 11
0 11
2 11
390 11
0 11
0 11
1 11
0 11
1 11
0 11
1 11
0 11
0 11
0 11
0 11
1 10
0 10
0 11
1 11
3 11
0 12
2 11
0 11
1 11
0 11
0 10
0 10
1 10
0 11
1 11
0 10
7 10
1 10
0 10
3 11
2 11
1 11
0 10
0 11
0 11
0 12
2 11
0 11
1 11
3 10
4 10
2 10
0 10
1 10
0 10
0 10
2 10
1 10
3 10
0 12
0 11
0 10
0 12
0 11
0 11
0 11
0 11
0 10
2 10
1 11
0 11
0 11
1 11
0 10
1 13
3 12
0 13
1 12
0 12
0 10
4 10
3 10
0 11
1 11
0 10
1 11
0 12
1 11
3 11
4 11
7 11
0 11
2 11
5 11
6 11
0 12
0 12
0 12
1 12
2 12
1 12
1 12
0 12
0 12
0 11
0 11
0 11
1 11
0 11
0 11
0 10
0 10
1 10
3 11
0 11
1 11
0 11
0 11
2 12
0 12
3 12
1 12
0 11
0 11
1 11
0 9
0 9
2 9
3 9
4 9
7 9
1 9
0 9
0 10
4 10
3 10
2 10
1 10
0 10
6 11
5 11
3 11
12 10
4 11
9 11
7 11
8 11
0 11
11 11
2 11
10 11
1 11
0 11
5 9
1 11
1 10
2 10
0 10
0 12
3 12
2 12
1 12
0 12
1 11
0 11
0 11
0 11
0 10
2 10
1 10
0 10
2 11
0 11
1 11
3 11
4 11
2 10
0 10
1 10
0 11
3 11
2 11
0 11
1 11
0 10
0 9
0 11
2 11
1 11
0 11
5 11
4 12
0 12
0 11
1 11
0 11
1 10
2 10
0 10
0 11
1 11
0 11
1 11
0 10
2 12
1 12
0 12
0 12
0 12
0 10
0 11
0 11
0 11
2 13
0 13
0 11
0 11
0 10
0 11
0 11
1 11
0 11
2 10
1 11
0 11
0 11
0 11
0 11
2 10
1 10
0 10
0 12
0 11
0 10
0 11
1 10
0 11
5 11
0 10
2 10
0 11
0 11
3 10
0 11
1 11
0 11
0 11
0 11
0 11
1 11
0 12
2 11
5 11
0 11
3 11
2 11
1 11
4 11
0 12
2 12
3 11
1 12
0 12
2 11
0 11
4 10
1 11
0 11
1 11
0 11
0 11
0 11
1 11
0 11
0 12
0 11
7 10
9 10
0 10
8 10
3 10
10 10
2 10
1 10
11 10
6 10
5 10
4 10
0 10
1 10
0 10
1 10
0 11
1 11
2 10
0 11
1 10
0 10
0 10
0 11
3 10
2 10
0 10
1 10
0 10
4 12
0 10
0 11
1 10
2 10
0 10
3 10
0 10
1 12
0 12
0 12
1 11
0 12
0 11
0 11
0 11
0 11
0 10
0 10
0 10
1 10
0 10
1 10
3 11
2 11
2 11
1 11
1 11
3 11
0 11
0 11
0 10
0 12
0 10
1 10
1 11
0 12
0 11
0 11
0 11
0 10
0 10
0 10
0 10
1 10
2 10
0 11
2 11
1 11
1 11
0 11
0 12
0 10
2 10
1 10
0 11
0 11
0 11
0 11
2 10
0 10
1 10
0 10
0 11
0 13
2 13
1 13
3 13
0 12
1 12
0 11
0 11
3 10
2 10
0 10
1 10
4 10
0 12
1 11
2 10
1 11
0 11
1 11
0 11
0 11
0 11
1 11
1 11
0 10
0 11
1 11
0 10
1 10
0 11
2 11
0 11
0 11
1 11
0 10
0 10
1 10
0 10
0 11
1 10
0 10
1 10
0 10
1 13
0 13
0 13
1 13
1 10
0 10
0 12
1 11
0 11
1 11
0 11
0 10
0 10
0 11
0 11
1 11
4 11
8 11
7 11
0 11
0 11
0 12
0 10
6 11
1 10
0 10
3 10
1 11
0 11
0 11
0 11
0 11
0 12
0 10
4 10
0 10
1 14
0 14
1 12
0 12
0 12
0 11
1 10
0 10
0 10
1 10
0 11
0 12
0 12
0 10
0 11
0 11
0 11
2 11
0 12
1 12
0 11
1 11
0 11
0 11
0 11
0 10
0 10
1 10
0 10
1 10
0 10
3 10
2 10
0 10
6 10
4 10
5 10
1 10
0 12
1 11
0 12
0 9
1 11
0 11
0 11
0 11
2 11
1 11
0 10
1 11
0 11
0 11
0 12
0 12
0 12
1 12
0 11
0 11
0 11
0 11
3 11
1 11
2 11
0 11
1 11
0 11
0 11
1 12
0 13
1 10
0 10
1 12
0 12
1 12
0 12
2 12
0 11
2 12
0 12
5 11
0 11
0 11
0 12
0 12
1 12
3 12
2 12
0 10
0 10
1 11
0 11
0 12
0 11
0 10
3 11
2 11
1 11
0 11
0 11
1 11
0 11
0 13
3 13
1 14
2 14
0 14
0 11
0 11
1 11
0 11
1 11
0 12
2 12
1 12
0 11
1 11
0 11
0 11
1 10
0 10
0 10
0 12
0 11
1 11
0 12
0 11
0 12
0 10
1 10
1 10
0 10
0 11
0 11
1 10
0 10
6 10
0 11
0 10
0 11
1 11
3 11
2 11
1 11
0 11
0 11
1 11
0 11
0 12
0 12
0 11
0 13
0 12
5 11
0 11
1 10
2 10
0 10
2 13
0 13
1 13
0 10
2 10
1 10
3 10
1 10
0 10
0 12
0 11
0 11
1 11
0 12
1 11
0 12
0 12
0 12
0 11
0 10
1 10
0 10
0 11
0 9
0 11
1 11
0 11
0 11
1 11
2 11
0 11
1 11
1 10
0 10
0 11
0 11
0 10
0 11
1 11
0 11
0 11
1 14
0 14
0 14
1 11
0 11
0 12
0 12
1 11
0 11
0 11
4 11
0 11
0 11
0 10
0 12
2 12
0 12
0 12
3 12
0 12
1 12
1 12
2 12
1 12
4 12
0 12
0 12
0 11
1 11
4 11
3 11
2 11
0 11
0 11
1 11
0 11
0 11
0 11
0 11
0 12
0 12
1 12
2 11
1 11
0 11
1 11
0 11
1 11
3 11
0 11
0 11
1 11
0 11
1 11
0 11
4 11
1 11
0 11
2 11
0 11
0 11
0 11
0 11
2 11
0 11
1 11
0 11
0 12
0 12
2 11
1 11
0 11
0 11
0 11
1 11
1 11
0 11
0 11
1 11
2 11
0 11
1 11
0 11
0 11
0 11
1 11
0 11
0 11
1 11
0 11
0 11
1 11
0 11
1 11
0 11
4 11
0 11
1 11
0 11
3 11
2 11
0 11
0 12
1 12
1 13
0 13
0 11
1 11
0 11
0 11
0 11
1 11
0 11
0 11
0 11
0 10
0 11
0 11
0 11
0 11
0 12
3 11
0 11
2 11
1 11
0 11
0 11
2 11
1 11
0 11
0 11
0 12
1 11
0 12
0 11
1 12
0 12
2 12
0 12
0 12
3 12
2 12
1 12
0 11
1 12
0 12
0 11
1 11
0 11
0 11
0 12
3 12
1 12
2 12
0 11
4 10
2 10
5 10
0 10
3 10
1 10
1 11
0 11
0 11
0 12
0 13
2 13
0 14
1 14
1 12
7 11
9 11
8 11
5 11
6 11
4 11
3 11
2 11
1 11
0 11
0 11
0 12
0 11
0 12
0 11
2 11
0 11
1 11
0 11
0 12
0 13
1 11
3 11
0 12
0 12
0 12
2 11
4 11
6 11
5 11
0 11
1 11
3 11
0 12
0 13
0 12
1 12
0 12
0 12
2 11
0 11
1 11
0 11
1 11
0 11
3 12
1 12
2 12
0 11
0 11
0 12
0 13
0 12
1 12
0 12
0 12
0 10
3 11
2 11
0 11
1 11
0 12
0 10
0 10
1 10
0 10
0 12
0 12
1 11
2 11
0 11
0 10
0 11
0 12
0 12
1 12
0 11
1 11
2 11
0 13
1 13
