43 2
2 1
12 3
1 0
2 0
1 0
10 2
1 0
80 1
5 2
9 1
22 1
23 4
4 1
3 1
5 2
19 0
29 2
6 2
7 0
10 1
70 1
44 1
18 1
4 1
5 2
35 3
7 1
45 2
10 0
22 1
1 0
7 0
13 2
107 1
1 0
5 1
31 1
1 0
9 0
8 1
3 0
36 2
21 0
46 1
3 0
12 1
10 0
3 0
5 0
1 0
17 0
6 1
23 2
4 0
1 0
10 3
4 0
1 0
12 4
8 0
17 1
2 0
13 1
9 1
26 2
45 1
12 1
55 1
29 2
17 1
34 2
2 0
5 1
3 0
3 0
4 1
3 0
124 1
42 0
45 1
60 2
43 1
5 1
2 1
1 0
2 1
41 1
3 2
4 0
13 1
19 2
7 0
71 1
5 1
72 1
32 2
3 0
70 1
6 1
2 0
6 2
2 0
22 1
6 1
14 0
5 1
54 3
23 1
11 0
3 0
26 1
12 1
1 0
12 1
18 1
2 0
31 1
3 0
21 1
3 0
5 1
5 0
17 2
113 3
1 0
3 0
4 0
5 1
6 3
10 1
1 0
36 1
2 0
7 1
2 0
2 0
19 2
3 2
9 2
8 1
30 1
3 0
53 1
17 1
5 0
3 0
57 1
28 1
5 0
21 1
10 1
66 1
33 2
137 1
20 2
8 0
13 5
38 1
5 0
6 1
33 2
3 1
2 0
6 1
4 1
12 0
4 1
1 0
6 1
10 1
62 3
362 10
4 0
4 1
6 0
5 1
2 0
8 2
3 1
1 0
6 0
4 1
2 0
5 0
3 0
23 1
134 1
2 0
20 1
8 2
31 1
4 1
3 0
47 1
3 0
8 1
15 2
9 0
3 0
49 1
24 1
5 1
6 1
30 1
28 2
4 1
122 3
34 3
10 2
12 1
28 1
36 1
24 2
5 0
6 0
1 0
10 0
5 0
4 0
71 1
1 0
12 2
7 2
26 1
4 0
19 4
2 0
5 2
6 0
6 0
3 0
6 0
2 0
49 3
32 2
4 0
6 2
2 1
4 0
8 0
11 1
11 2
17 0
50 2
7 0
2 0
29 2
27 1
24 1
24 1
3 0
73 2
43 2
56 0
48 1
115 1
85 1
3 1
2 0
37 3
79 2
126 1
57 1
5 1
3 0
4 1
4 0
19 2
36 1
12 2
3 1
3 0
45 1
34 1
4 1
18 1
17 2
7 1
22 2
10 0
2 0
14 2
11 0
87 1
2 0
10 1
1 0
108 1
29 1
36 1
4 1
6 0
8 0
26 1
8 1
18 2
9 1
12 2
12 5
7 0
126 1
32 1
5 1
6 1
3 0
46 0
5 1
11 1
2 1
115 1
4 0
13 1
3 0
6 1
7 0
41 1
1 0
3 0
8 2
26 3
3 1
7 1
17 1
7 0
10 1
30 3
15 1
7 0
14 0
29 1
5 0
1 0
9 1
15 1
2 0
3 0
17 2
2 0
2 0
30 4
11 1
45 2
15 0
4 1
68 2
19 2
18 4
12 2
98 1
142 1
18 2
3 0
81 1
5 1
4 0
1 0
116 2
2 0
68 1
1 0
18 7
60 1
16 0
8 1
1 0
80 1
33 1
93 1
6 0
37 1
1 0
11 1
80 1
2 0
12 1
6 1
10 1
3 0
4 0
1 0
7 0
15 1
16 1
3 0
18 1
41 2
22 1
4 2
18 1
2 1
25 2
9 1
12 3
2 1
3 0
13 2
120 4
6 0
47 1
5 0
85 1
24 1
6 1
12 1
16 2
5 2
3 1
11 0
48 1
144 1
6 0
2 1
5 1
4 2
23 1
2 0
4 1
47 4
28 1
4 1
13 3
4 0
2 0
48 1
2 1
5 1
28 1
71 3
7 1
2 0
8 0
12 1
2 0
84 2
4 2
32 3
2 0
2 1
10 0
10 2
3 0
14 2
27 2
4 0
11 0
6 0
2 1
3 1
61 1
2 0
2 0
12 2
14 5
2 0
43 2
1 0
1 0
3 0
4 1
2 0
7 0
9 1
25 1
1 0
2 0
1 0
8 0
2 0
1 0
24 1
11 1
8 0
12 1
55 1
17 0
18 1
10 0
28 1
8 1
2 0
9 1
20 1
34 3
2 0
1 0
8 3
23 0
5 1
3 0
58 1
3 0
6 0
3 1
18 2
5 1
16 1
4 0
2 0
12 3
9 0
20 0
27 0
103 1
57 1
4 2
27 2
123 1
6 0
3 0
8 1
4 0
6 1
2 0
13 1
68 1
5 2
3 0
22 3
8 1
18 1
10 1
5 0
13 2
4 1
25 1
4 0
8 1
16 1
1 0
5 1
2 1
2 1
12 0
40 1
4 1
12 1
27 1
6 1
15 1
3 1
3 0
22 3
15 1
10 2
5 1
47 1
9 2
41 1
6 2
1 0
2 0
4 0
44 1
4 0
128 2
1 0
30 3
12 0
34 2
20 2
48 2
1 0
4 0
3 1
2 0
1 0
22 1
8 1
20 1
1 0
13 1
23 2
6 0
1 0
6 0
10 0
32 2
54 2
6 0
11 2
4 0
12 5
4 1
58 1
10 1
5 1
8 1
7 1
10 1
7 0
6 0
53 1
13 2
14 1
6 0
8 1
9 1
45 2
30 1
1 0
10 2
2 0
3 0
11 1
11 2
10 2
14 0
4 0
8 0
22 2
10 4
7 1
3 1
16 3
46 1
39 1
17 0
11 1
13 1
2 0
16 3
17 1
73 1
3 0
73 2
7 0
47 1
4 0
6 2
21 1
3 1
14 2
5 1
5 0
8 1
124 1
17 3
12 1
3 2
50 1
74 1
2 0
2 0
74 4
4 0
2 0
26 1
8 2
19 1
2 0
9 0
19 1
12 1
41 3
3 0
7 0
5 0
62 1
174 1
3 1
3 0
72 1
3 0
5 0
5 1
6 0
8 1
3 0
1 0
4 1
2 0
6 0
5 2
5 1
5 1
2 0
8 0
2 1
5 1
3 1
1 0
16 2
11 1
5 1
6 2
37 2
4 1
12 1
27 1
9 1
1 0
2 1
5 0
27 1
58 2
39 2
13 0
10 0
7 1
35 1
6 0
43 2
4 0
1 0
9 0
7 1
18 2
63 1
3 1
12 1
2 0
2 0
2 0
40 2
50 1
2 0
1 0
4 0
48 1
11 2
12 2
12 3
2 0
5 0
4 1
5 1
2 0
9 1
21 1
120 3
105 2
11 2
1 0
1 0
8 1
47 2
32 4
35 3
1 0
5 1
48 1
157 1
12 1
3 1
4 0
2 0
6 0
1 0
1 0
41 1
53 2
11 1
69 1
23 3
1 0
4 2
14 2
5 0
6 0
5 1
5 0
9 0
47 1
27 1
2 0
1 0
3 0
29 1
9 2
2 0
5 1
18 3
19 1
73 1
8 3
14 3
2 0
23 3
12 1
10 2
71 1
94 1
42 1
3 0
23 1
24 3
22 1
2 0
2 0
52 1
2 0
17 4
8 1
14 1
5 0
27 1
8 1
23 1
10 2
8 1
25 2
20 1
16 1
21 4
14 0
9 0
55 2
26 0
10 1
3 0
15 1
42 2
7 2
24 2
77 2
34 1
7 1
2 0
81 1
5 0
2 0
20 1
28 1
6 0
11 1
16 2
2 0
7 0
9 3
154 2
3 0
70 1
8 1
4 1
3 0
5 2
38 2
4 1
1 0
1 0
7 2
2 0
28 1
1 0
5 1
65 2
32 1
66 2
26 1
9 2
22 5
7 1
1 0
28 2
23 1
2 0
3 0
5 1
23 1
20 2
23 2
2 0
22 1
3 0
20 2
6 1
4 0
1 0
5 0
10 0
6 0
33 2
23 1
19 2
1 0
4 1
7 2
31 1
5 0
1 0
51 1
12 0
1 0
11 1
115 1
1 0
79 1
10 0
4 0
4 0
66 1
3 2
72 1
19 2
18 1
23 1
2 0
5 1
2 0
15 2
14 1
2 0
4 0
2 0
21 2
7 1
2 0
3 1
40 1
43 1
5 0
58 1
2 0
7 0
6 0
8 0
1 0
3 0
4 0
42 1
1 0
17 4
30 1
1 0
10 0
4 0
19 1
66 2
9 2
15 2
6 0
64 1
26 0
2 0
2 0
7 0
82 2
9 0
23 0
7 0
21 3
9 2
39 1
90 1
3 0
4 0
3 0
1 0
16 0
24 1
6 0
38 2
11 3
2 0
32 4
21 2
5 1
80 1
10 2
10 2
3 0
41 1
8 1
42 4
123 1
34 2
146 1
4 0
5 1
3 0
61 1
7 0
4 0
3 0
59 1
4 1
50 1
69 1
2 0
24 1
15 3
42 1
6 1
17 0
23 1
19 2
30 2
3 0
6 0
1 0
27 1
4 0
1 0
17 2
6 0
1 0
22 0
2 0
37 2
52 1
108 2
19 1
2 0
7 2
7 2
22 0
27 1
8 2
28 1
52 1
6 2
2 0
4 0
15 1
2 0
9 1
26 0
3 0
1 0
7 0
11 2
16 2
5 1
10 1
15 2
12 2
2 1
15 2
10 1
32 2
7 1
6 1
13 1
14 4
30 1
90 1
1 0
2 1
74 1
4 1
13 1
139 1
17 2
43 2
8 1
9 2
6 1
14 4
13 1
1 0
9 1
1 0
96 1
7 1
40 1
15 1
3 1
6 1
16 6
2 0
14 2
85 1
14 1
17 1
6 0
15 0
17 1
2 0
27 4
24 2
12 1
10 0
7 1
4 0
56 1
52 2
27 1
2 0
2 0
116 1
73 1
24 2
3 1
13 3
38 1
1 0
8 1
20 2
12 1
36 1
3 0
139 1
18 0
29 1
4 0
34 1
4 0
174 2
7 1
34 1
19 1
22 2
5 1
76 1
42 3
24 2
51 1
50 2
1 0
57 3
8 0
12 1
6 1
1 0
3 1
1 0
6 2
6 0
8 1
1 0
89 1
10 1
44 1
41 3
75 1
3 2
3 0
9 0
1 0
42 1
5 1
24 2
1 0
6 0
15 1
19 2
1 0
7 5
9 0
10 3
6 0
2 0
2 1
16 1
35 4
1 0
7 0
3 1
35 2
1 0
3 1
31 1
12 1
9 2
3 1
51 1
3 0
3 0
12 0
145 1
47 1
41 1
9 2
1 0
12 1
6 1
46 1
20 0
1 0
19 1
2 1
9 1
4 1
27 2
1 0
2 0
3 1
15 4
2 0
47 1
21 1
3 1
99 1
14 1
1 0
40 3
2 0
1 0
148 1
12 2
3 1
51 1
5 1
5 0
23 1
3 1
14 0
17 3
2 0
22 0
57 1
4 1
5 0
45 1
148 1
3 1
80 1
1 0
20 0
37 3
56 1
85 2
4 0
17 2
1 0
18 4
2 0
14 2
51 1
4 1
5 2
2 0
29 0
10 2
16 7
27 4
2 0
4 1
4 0
4 0
8 1
1 0
4 0
11 1
2 0
3 2
9 1
15 1
8 2
5 1
3 0
29 2
3 1
4 0
4 0
1 0
51 1
121 1
14 2
13 0
43 1
70 2
48 2
10 1
2 0
56 2
8 2
2 0
31 2
9 2
3 1
21 1
3 0
5 0
19 4
1 0
10 2
132 1
16 0
6 2
53 2
22 0
11 2
2 1
5 1
10 1
47 1
7 0
10 0
117 1
40 1
2 0
50 1
2 0
7 2
4 0
81 1
49 1
63 1
99 1
6 0
7 1
5 0
65 3
1 0
7 1
3 0
3 0
4 1
9 2
46 1
66 1
49 1
8 0
11 0
42 1
3 0
2 1
18 6
5 2
107 1
14 5
35 4
10 6
92 2
21 1
3 0
6 1
28 2
7 1
81 1
10 1
30 2
46 1
3 1
26 5
10 1
33 3
3 0
8 1
17 1
3 1
3 0
3 0
25 1
18 2
2 1
21 2
9 1
2 0
35 1
11 2
7 1
3 1
6 2
4 1
18 1
4 1
3 0
75 1
8 0
14 2
10 1
45 1
36 1
51 1
6 1
3 0
27 1
12 1
15 2
15 0
9 2
32 2
3 1
33 1
10 1
31 1
27 0
18 1
6 1
3 1
1 0
17 2
2 0
22 1
9 2
86 2
2 0
5 0
2 0
27 2
28 3
4 0
8 2
7 1
5 1
6 1
2 0
14 1
44 1
22 1
10 2
5 1
19 1
5 0
44 1
4 1
6 0
12 2
63 1
37 1
47 1
5 0
14 2
7 0
6 0
1 0
32 2
61 5
9 1
3 0
19 1
6 1
5 0
26 5
7 2
9 3
4 1
78 2
4 1
7 2
19 1
3 0
5 0
68 2
2 0
2 0
4 0
21 1
3 0
20 1
4 2
27 1
12 3
5 1
3 0
40 2
7 0
11 1
65 1
18 0
15 2
6 0
46 1
8 1
19 3
7 5
1 0
2 0
51 2
5 0
8 1
2 0
1 0
44 1
12 2
20 7
4 1
1 0
1 0
69 2
2 0
6 1
10 1
3 1
3 0
11 1
11 1
30 3
1 0
42 2
12 3
10 1
3 0
19 1
17 1
16 0
34 5
2 0
26 2
20 4
133 1
8 0
48 1
112 1
8 1
57 2
32 3
7 0
7 1
117 1
3 0
46 1
2 0
78 1
6 2
86 1
98 1
10 1
118 1
31 1
3 1
1 0
13 1
38 3
19 5
9 1
18 6
1 0
2 0
8 0
3 0
7 1
1 0
26 1
35 1
2 1
30 4
10 2
20 3
35 2
25 1
2 0
4 1
38 3
63 1
5 0
56 2
6 0
17 2
83 1
6 0
16 4
36 1
220 1
26 1
35 2
6 1
5 1
8 2
13 1
4 0
16 3
27 1
3 0
24 2
30 2
4 0
2 0
15 0
6 0
14 1
2 0
16 2
33 1
62 1
16 2
19 5
49 2
116 1
3 0
5 0
7 1
31 1
9 0
5 0
15 0
27 1
7 1
22 1
6 1
11 1
2 0
6 0
121 1
118 2
10 0
20 3
19 2
3 0
7 1
61 1
138 1
12 3
7 0
70 1
50 1
3 0
24 2
56 1
28 2
45 1
6 1
7 1
2 0
100 1
2 0
7 2
79 1
9 2
13 1
2 0
19 1
136 1
10 4
17 0
1 0
2 0
9 1
5 1
6 1
12 1
7 1
17 2
39 1
9 1
4 0
29 1
116 1
9 0
9 0
59 1
1 0
3 0
23 4
18 1
21 1
15 2
48 1
8 1
4 2
20 1
14 1
5 0
3 0
14 3
7 0
94 2
200 1
111 1
9 2
5 0
34 1
5 0
7 1
81 1
5 1
59 2
3 1
52 1
3 0
4 0
6 2
14 1
20 3
14 2
28 3
7 0
38 2
36 1
9 0
10 0
25 5
28 1
41 1
26 1
24 2
6 1
28 1
17 1
31 1
6 0
3 1
3 0
2 0
2 0
10 0
10 1
2 1
4 0
119 1
4 0
4 1
1 0
31 2
1 0
17 0
4 0
12 3
25 2
6 0
2 0
44 1
7 0
19 2
18 2
6 0
28 1
26 2
54 1
8 0
17 3
24 1
1 0
74 1
53 1
1 0
5 0
22 1
3 0
68 1
26 2
4 1
10 1
25 3
4 1
42 1
6 1
15 0
2 0
17 3
13 1
7 0
16 4
1 0
37 1
6 1
12 1
1 0
5 1
18 3
19 3
18 1
3 0
8 1
6 0
20 0
5 0
81 1
32 1
31 1
20 2
4 0
16 3
31 1
27 1
7 0
6 0
1 0
15 2
64 1
5 0
5 0
31 1
16 1
25 1
94 1
3 0
12 0
4 0
3 0
6 1
1 0
29 5
35 0
7 0
24 2
45 3
5 0
4 0
27 1
65 1
56 1
44 3
7 0
2 0
5 1
7 1
42 1
1 0
8 0
16 8
10 3
42 1
18 2
39 1
12 1
46 1
4 0
3 0
1 0
156 2
2 0
56 3
1 0
3 0
28 1
1 0
7 0
14 2
2 0
4 1
27 1
1 0
5 0
2 0
111 1
18 1
1 0
30 1
42 2
17 1
29 1
4 1
8 0
46 1
19 2
42 1
37 2
41 1
61 1
3 0
5 1
4 1
2 0
14 1
22 2
10 2
15 1
5 1
16 1
54 2
56 1
2 1
4 1
9 3
4 2
19 2
4 0
56 2
35 4
7 1
2 0
23 4
99 2
17 1
43 2
213 1
64 1
11 2
5 1
7 0
32 1
4 1
3 0
2 0
11 1
46 1
20 2
21 6
22 0
12 0
3 0
4 0
5 1
4 0
9 0
5 0
4 0
2 0
14 0
26 2
3 0
29 5
48 1
1 0
12 2
7 1
179 1
2 0
1 0
2 0
2 0
10 1
93 1
30 0
41 2
37 1
2 0
14 1
5 0
100 1
1 0
69 1
12 1
4 1
93 1
2 0
20 1
125 1
2 0
8 0
11 1
43 2
81 2
2 0
2 0
5 0
34 1
43 1
11 1
148 1
6 2
13 2
18 1
14 0
16 2
2 0
30 1
64 1
12 0
19 0
153 1
133 1
87 1
4 0
7 0
41 2
8 0
7 0
1 0
3 0
11 0
24 2
18 2
7 0
66 1
47 1
2 0
12 0
11 0
39 1
2 0
9 0
8 0
9 1
30 1
3 1
29 2
46 1
35 1
5 0
18 1
12 1
17 2
9 1
19 2
45 1
6 0
2 0
19 2
6 1
44 1
8 0
7 1
30 2
54 1
2 0
3 0
93 1
7 1
5 0
4 1
32 3
14 3
16 0
3 0
11 2
22 3
24 2
45 1
47 2
11 2
7 0
106 1
55 1
54 1
12 0
2 0
52 2
15 0
11 0
12 6
24 2
2 0
10 2
31 0
14 4
7 1
12 2
29 5
23 2
2 0
12 1
53 1
4 0
17 1
3 0
3 0
18 2
72 1
118 2
20 1
4 0
5 0
3 0
12 0
36 1
8 2
15 1
9 1
13 5
39 0
112 1
7 1
4 2
107 1
62 1
2 0
2 0
1 0
16 2
4 0
9 1
1 0
2 0
32 2
3 0
24 1
1 0
11 0
8 3
31 10
19 0
6 0
12 1
3 0
8 2
45 1
6 2
4 0
3 0
5 0
85 1
1 0
129 1
2 1
19 1
21 1
46 1
33 1
20 1
3 1
12 1
3 0
7 1
35 2
5 1
20 3
3 0
3 1
3 1
4 0
7 1
14 1
13 1
36 3
10 1
24 2
36 1
6 0
1 0
79 2
8 1
30 1
2 0
3 1
4 1
59 1
3 0
8 2
9 1
13 1
6 2
33 1
73 1
2 0
9 2
25 2
37 1
17 1
75 2
9 1
31 1
1 0
36 3
30 1
15 0
21 0
5 1
7 1
5 1
10 1
20 6
19 2
5 0
2 1
8 2
10 1
10 1
44 1
3 1
26 2
1 0
76 1
48 4
29 1
68 2
7 1
2 1
10 1
4 1
49 1
116 1
15 1
5 1
13 1
11 1
26 4
9 0
7 1
17 1
34 2
6 1
72 1
23 1
49 2
7 2
99 2
2 0
4 1
1 0
22 1
30 1
72 1
4 0
56 1
1 0
41 2
40 1
27 0
2 0
9 2
2 0
3 1
2 1
17 2
13 0
11 1
1 0
30 2
29 0
29 0
1 0
3 1
25 1
8 0
9 0
3 0
13 2
42 1
10 1
3 1
2 0
60 1
137 1
22 4
17 2
109 1
5 0
15 1
5 1
6 0
21 3
20 3
1 0
13 0
10 0
53 1
13 1
3 0
3 1
7 1
14 0
5 1
62 2
3 0
11 0
35 1
28 2
34 2
32 1
29 3
31 3
2 0
2 1
5 0
3 0
41 1
6 1
4 1
7 0
34 2
2 0
23 0
6 1
2 0
8 1
4 0
5 0
9 0
3 1
19 3
2 0
32 1
32 1
74 3
45 3
20 1
2 0
65 1
30 1
4 0
5 0
3 0
5 0
5 1
3 0
40 1
9 2
5 1
13 0
19 3
7 3
56 1
8 1
9 2
21 3
3 0
2 1
29 1
23 2
6 1
58 3
5 1
7 1
63 2
2 0
117 3
3 1
10 3
3 0
33 1
15 2
29 3
19 1
14 1
25 2
8 1
5 1
29 1
11 0
6 1
3 1
9 5
11 1
2 1
19 2
2 0
1 0
2 0
37 1
5 1
69 1
4 2
4 2
3 0
125 1
11 2
17 1
11 1
8 0
11 0
9 0
4 1
16 1
3 1
2 0
34 1
2 0
4 1
9 1
12 2
3 0
65 1
72 1
69 1
11 0
21 1
19 2
3 0
51 1
6 1
7 1
1 0
42 2
2 0
13 1
31 1
96 1
63 1
6 0
159 1
1 0
5 1
17 2
18 5
7 3
18 4
5 0
1 0
23 1
72 2
23 3
3 1
5 1
3 1
3 1
7 1
3 0
4 0
10 2
7 1
11 1
33 2
26 1
1 0
52 1
6 0
6 0
9 3
12 1
132 2
55 1
66 2
2 0
1 0
27 1
4 1
1 0
38 2
3 1
3 2
5 0
26 1
5 1
57 1
3 2
29 4
7 1
72 2
25 3
9 1
35 1
17 1
5 1
23 2
26 2
19 1
39 1
15 1
35 2
3 0
16 2
3 0
42 1
92 1
3 0
64 1
26 2
13 1
1 0
1 0
5 0
31 2
73 1
7 2
41 1
125 1
114 1
63 4
2 0
18 1
3 0
1 0
25 1
1 0
8 3
45 1
12 1
8 3
17 3
14 2
9 1
4 0
6 1
76 1
3 0
2 0
11 1
8 1
23 1
1 0
5 0
28 2
13 1
80 1
17 1
4 1
3 0
32 1
50 1
5 0
3 1
40 1
5 0
15 1
6 1
34 1
1 0
7 0
16 3
3 1
52 1
23 1
7 0
114 1
58 1
5 1
15 1
53 1
4 0
12 1
14 3
4 0
73 1
2 1
8 2
4 0
38 1
15 1
15 1
5 0
6 0
329 1
2 0
11 1
2 0
4 1
38 1
35 2
4 0
13 2
19 1
16 1
2 1
11 1
4 1
2 0
192 1
2 0
7 1
2 0
25 2
12 0
17 1
6 0
3 1
22 1
29 1
2 0
3 0
14 3
5 0
2 1
23 1
4 0
20 1
5 2
58 2
9 3
16 1
27 0
6 1
2 0
102 1
69 1
30 1
27 1
5 0
3 0
3 0
30 0
31 2
120 1
26 1
17 1
38 1
24 1
11 2
4 0
17 0
7 3
6 1
2 0
23 2
8 1
174 1
1 0
79 2
6 0
3 0
5 0
25 1
14 1
16 3
34 2
2 0
11 1
91 1
15 2
3 0
5 0
15 5
52 2
30 3
49 1
1 0
3 0
29 1
1 0
47 1
123 1
3 0
2 0
8 0
13 1
51 1
3 0
22 1
15 2
8 1
165 1
56 1
5 0
1 0
5 0
28 3
49 2
30 1
14 1
7 1
5 0
152 1
4 1
1 0
26 3
113 1
2 0
9 3
3 0
19 3
112 1
27 2
2 0
5 0
5 1
8 1
51 1
7 1
1 0
3 0
40 2
7 0
16 2
17 0
14 1
4 0
1 0
3 0
4 1
1 0
6 1
10 2
6 0
3 0
6 2
11 1
1 0
20 1
3 0
3 0
57 1
51 1
10 1
14 2
10 1
17 1
19 2
66 1
19 2
5 0
40 1
59 1
52 2
2 0
30 1
8 1
51 1
8 2
19 2
4 1
129 1
47 2
46 1
38 3
61 1
2 0
5 1
3 0
9 1
5 1
98 1
51 1
19 2
4 0
2 0
3 0
17 1
2 0
2 0
107 1
12 1
2 0
28 1
5 1
16 2
17 1
12 3
4 0
62 1
66 3
2 0
2 1
24 2
14 2
3 1
6 1
9 0
18 1
2 0
92 1
16 4
3 0
22 1
51 1
67 1
71 1
14 2
8 2
73 1
18 0
1 0
52 1
28 2
30 2
3 0
51 1
57 1
43 3
12 1
6 1
5 1
1 0
14 1
4 0
3 0
2 0
6 1
3 0
2 0
11 1
7 2
4 1
11 2
1 0
5 0
23 1
18 1
11 1
13 3
3 1
8 2
100 2
1 0
39 1
44 1
21 2
16 2
9 1
3 0
172 1
23 2
7 0
29 1
2 0
13 1
6 1
18 2
5 1
10 2
40 1
8 0
5 1
7 1
33 3
53 1
12 1
5 0
14 1
4 1
21 1
14 2
4 1
40 1
3 0
12 2
11 0
108 1
11 2
3 0
56 1
6 1
2 0
26 1
2 1
13 3
10 1
12 1
4 0
35 2
3 0
3 1
11 1
2 0
1 0
3 0
2 1
3 1
3 0
3 0
2 0
2 0
14 2
4 0
4 0
6 0
5 0
1 0
6 2
8 2
24 1
8 2
11 0
23 2
1 0
1 0
20 0
2 0
1 0
2 0
2 0
6 0
5 1
2 1
4 0
2 0
23 1
61 1
9 1
55 1
37 1
47 1
5 2
4 1
11 2
2 0
13 0
4 0
4 1
6 0
2 0
44 1
5 0
13 1
9 0
3 0
42 1
2 0
4 0
101 1
3 0
22 1
24 2
2 0
21 1
11 2
10 1
6 1
58 2
28 4
44 1
3 0
37 3
23 1
12 1
1 0
5 1
45 1
4 0
4 0
10 0
14 1
40 1
73 1
9 1
10 0
5 0
2 0
2 0
4 0
19 0
21 0
94 1
4 1
91 1
8 0
12 1
39 3
16 2
4 0
23 1
34 3
21 3
4 2
5 0
41 1
41 1
3 2
9 3
12 1
6 0
1 0
1 0
4 0
8 0
5 1
32 1
1 0
3 0
2 0
18 1
60 1
27 1
6 0
5 0
32 1
3 0
5 0
14 1
9 1
26 2
4 1
4 0
33 2
14 1
30 1
28 1
3 2
2 0
16 0
2 1
34 2
2 0
21 2
87 1
51 1
8 0
18 1
113 1
1 0
55 2
1 0
4 0
2 0
2 0
19 1
39 2
48 1
50 2
4 0
16 2
4 0
2 0
45 1
100 1
7 0
1 0
5 0
2 0
8 3
6 2
369 1
60 1
19 0
32 1
26 2
22 3
38 1
4 0
22 1
1 0
4 0
8 2
9 0
82 1
9 2
18 2
30 5
17 0
74 1
69 1
20 0
6 2
39 3
11 0
7 2
4 0
1 0
64 2
6 0
2 0
16 1
11 1
8 1
85 2
4 0
88 1
43 2
8 2
13 1
10 1
10 1
74 1
4 0
8 1
58 2
2 0
9 2
25 3
42 1
20 1
40 1
25 1
76 1
4 0
4 0
2 0
26 3
55 2
8 4
7 1
22 1
10 0
19 2
1 0
14 2
17 2
2 0
2 1
8 3
16 1
12 2
81 7
1 0
30 1
6 2
3 0
7 1
67 1
196 2
6 1
4 0
7 2
48 3
17 1
7 1
35 1
3 0
5 1
29 2
12 3
9 1
43 3
92 2
2 0
48 1
4 1
66 1
4 0
4 0
28 1
15 1
8 0
3 1
4 0
142 1
2 0
1 0
68 1
3 0
80 1
11 1
3 0
7 1
71 1
26 0
10 1
4 1
4 1
17 2
13 2
46 3
2 0
193 1
87 2
13 2
3 0
2 0
4 1
1 0
33 1
3 1
38 1
4 0
5 1
11 0
26 1
6 1
7 0
18 1
40 1
2 0
33 1
6 1
43 2
9 0
26 0
2 0
81 1
4 0
15 1
22 1
158 1
39 2
7 1
35 1
5 1
4 1
4 0
5 0
4 0
15 0
5 0
43 1
2 0
6 0
2 0
31 2
7 1
16 1
49 1
18 1
12 1
9 1
18 2
3 0
6 1
7 2
36 2
22 2
2 0
43 1
12 1
19 4
149 1
26 1
19 0
5 1
11 0
15 2
4 0
7 2
26 2
7 1
4 2
41 2
33 1
49 2
8 1
39 1
139 1
4 2
3 0
3 0
2 0
27 2
25 2
45 1
7 0
17 3
7 0
9 1
18 0
34 1
1 0
58 1
43 1
16 0
7 0
32 1
17 1
3 0
9 2
18 1
15 0
39 1
10 2
9 5
2 0
16 1
3 0
51 1
9 0
7 1
23 3
12 0
1 0
26 2
5 0
24 4
7 0
4 1
14 2
13 2
4 0
10 0
19 2
36 1
18 1
10 1
20 1
48 1
5 0
3 1
8 0
5 1
3 1
323 1
25 4
5 1
115 1
33 2
2 1
2 0
3 0
3 0
54 2
7 0
3 0
18 1
4 0
57 1
15 2
17 2
18 1
37 4
36 2
16 2
20 1
33 3
2 0
136 1
52 2
62 2
1 0
7 1
11 2
4 0
16 0
87 1
24 1
4 0
8 0
59 1
1 0
18 1
46 1
80 1
2 0
67 1
8 2
72 1
3 0
24 1
11 2
2 0
59 1
107 2
34 1
36 7
112 1
11 3
6 1
7 2
12 1
3 0
3 0
11 3
5 0
91 1
47 1
3 0
20 2
22 1
2 0
5 1
18 2
6 1
3 1
1 0
22 4
34 1
9 2
1 0
85 2
6 1
17 1
1 0
3 1
11 0
15 1
14 1
62 1
4 1
23 3
3 0
19 1
3 0
20 1
10 0
17 1
17 1
15 2
13 2
114 1
16 1
16 0
9 1
2 0
29 2
3 1
8 1
46 3
30 4
29 1
22 2
20 2
68 2
23 1
74 1
34 1
19 3
13 1
2 0
30 2
31 2
19 1
9 1
70 1
4 1
39 1
62 1
11 1
3 0
35 2
3 0
71 1
2 0
40 0
2 1
28 2
13 1
6 0
11 1
37 1
44 1
7 0
39 1
2 0
2 0
1 0
28 1
20 1
6 0
2 0
20 2
34 1
6 1
5 0
166 1
16 3
8 2
2 0
8 0
7 2
3 0
6 0
3 0
31 2
2 0
5 0
9 4
10 1
1 0
158 1
58 1
14 1
16 1
1 0
3 0
1 0
14 2
16 1
5 0
3 0
3 1
8 2
2 0
19 2
9 0
4 0
4 0
8 1
10 1
11 1
3 0
12 1
3 0
14 2
1 0
3 0
6 0
1 0
113 1
18 2
15 1
63 1
13 2
2 0
7 0
31 1
29 0
36 2
17 2
9 6
10 2
2 0
24 3
8 3
94 1
2 0
3 0
1 0
1 0
15 1
4 0
10 0
14 1
3 0
6 0
32 4
18 1
48 1
6 0
3 0
14 3
11 1
13 1
1 0
37 3
8 0
26 3
39 4
4 1
18 1
23 1
8 0
13 0
14 2
3 0
35 1
49 2
11 1
88 1
3 0
40 2
6 0
28 1
14 1
8 0
52 2
17 1
11 0
18 3
27 1
16 1
8 1
1 0
11 1
2 0
105 1
13 1
2 0
29 1
33 1
9 0
4 0
73 1
1 0
14 1
12 0
7 0
1 0
6 0
4 0
30 2
10 0
54 1
52 1
7 1
74 2
63 1
18 1
28 3
5 1
15 0
17 2
3 2
45 1
6 1
4 2
23 1
4 2
2 0
15 0
3 1
20 0
2 0
5 0
26 2
9 2
2 0
4 0
5 1
6 0
4 1
1 0
16 2
46 3
3 0
5 1
61 1
36 1
14 3
14 1
12 0
79 2
16 0
17 2
7 2
6 1
32 2
1 0
108 1
34 2
161 1
12 1
21 4
37 1
61 1
156 2
36 2
4 1
2 0
9 0
6 1
8 4
23 3
24 1
52 2
44 3
8 0
22 2
3 0
5 0
23 1
48 2
6 0
17 1
5 0
18 2
3 0
8 0
8 0
30 3
10 0
7 0
18 1
4 0
4 0
1 0
1 0
85 1
7 1
8 0
30 1
40 1
43 4
6 0
4 0
5 1
7 1
3 0
2 0
18 2
12 0
37 2
3 1
12 1
12 3
33 0
2 0
1 0
6 2
23 2
4 0
22 0
98 1
11 2
29 1
8 1
27 3
3 0
3 0
2 0
24 5
65 2
16 0
4 0
51 2
33 1
3 0
2 0
2 0
43 2
42 1
51 1
4 0
14 1
13 1
35 3
2 0
3 0
4 0
30 2
33 1
5 1
1 0
4 1
28 1
23 2
15 0
1 0
5 0
3 0
6 1
5 0
2 0
4 0
9 2
29 3
5 0
16 1
12 2
7 0
7 2
1 0
1 0
4 0
2 0
16 1
51 1
28 2
2 0
15 3
8 1
4 0
32 1
76 1
46 2
6 0
2 0
5 0
11 1
2 0
75 2
79 1
19 2
35 1
2 0
27 3
5 0
10 1
3 0
6 1
31 1
51 2
6 0
7 0
37 0
93 1
28 0
27 1
6 0
3 0
6 2
4 2
7 0
4 1
47 2
37 1
6 1
47 1
8 1
1 0
22 0
8 1
5 0
13 0
27 1
8 2
51 1
84 1
28 2
23 2
4 0
34 1
1 0
4 0
15 2
7 0
15 2
4 0
3 0
37 0
8 2
25 3
6 1
54 1
43 2
30 3
19 1
3 0
6 2
1 0
3 0
2 0
4 0
2 0
5 0
13 0
61 1
2 0
2 0
16 2
24 2
11 1
10 1
23 2
3 1
12 1
8 2
188 1
20 1
20 1
3 0
7 0
143 1
10 0
7 1
6 0
3 0
22 1
37 3
14 2
2 0
34 2
10 4
25 2
8 0
4 1
77 2
5 1
4 0
30 3
8 0
11 1
23 3
2 0
4 1
2 0
24 2
8 0
9 0
20 2
8 0
20 1
166 1
3 0
1 0
9 1
25 2
3 1
17 0
3 0
4 0
19 1
42 2
65 1
3 1
4 1
99 1
46 1
74 2
7 1
4 0
4 0
22 4
18 0
21 0
4 0
12 1
4 0
5 0
2 0
7 0
3 0
1 0
4 0
4 0
13 4
5 2
18 2
15 1
5 0
12 0
116 1
14 1
3 0
12 2
21 1
36 2
85 1
43 1
3 0
22 1
7 1
3 0
2 0
4 1
10 0
28 2
44 1
39 1
80 1
11 2
12 1
6 0
271 1
4 2
25 2
2 0
7 0
1 0
30 3
33 1
9 0
5 1
6 0
9 1
55 2
1 0
91 2
1 0
85 3
1 0
67 1
71 2
11 1
27 2
19 2
2 0
11 1
12 1
4 0
6 2
5 1
4 0
22 3
90 1
9 1
10 1
53 1
3 0
4 2
5 0
7 0
1 0
12 1
5 0
1 0
23 1
35 3
39 1
3 0
20 1
5 2
37 1
2 0
9 0
8 0
3 0
12 2
7 2
3 0
17 1
2 0
4 0
4 0
24 2
32 1
13 2
3 0
4 0
41 2
4 0
45 1
17 1
7 3
3 0
15 4
69 1
4 0
2 1
10 2
1 0
40 2
14 2
7 1
63 1
3 0
4 0
4 2
2 0
5 0
1 0
3 1
5 0
10 2
45 1
53 1
2 0
1 0
8 2
1 0
12 1
24 3
20 2
17 3
5 0
15 1
18 1
13 0
12 0
13 0
95 1
8 0
45 1
61 2
5 0
1 0
72 2
4 0
6 0
30 0
44 1
2 0
11 1
3 0
5 0
7 1
2 0
7 2
3 0
18 3
9 1
9 0
44 2
12 3
7 2
7 2
34 2
13 0
10 0
42 1
4 1
66 1
14 0
51 1
25 6
69 3
4 0
102 1
17 1
7 0
18 1
3 0
3 0
22 2
1 0
16 5
70 1
2 0
9 0
8 1
22 2
152 1
13 0
17 3
7 1
7 2
2 0
31 1
7 0
3 0
77 1
8 0
79 1
8 0
7 0
2 0
7 0
6 0
43 1
6 0
17 0
6 0
1 0
4 0
30 3
1 0
24 3
1 0
20 1
50 1
3 1
38 1
1 0
11 1
13 3
12 2
12 1
3 0
2 0
5 0
55 0
24 1
41 1
5 0
11 4
3 0
18 2
3 0
22 1
3 1
2 0
4 0
30 3
44 1
7 1
1 0
10 1
32 1
12 2
12 1
7 0
5 0
4 0
3 0
22 2
5 1
5 0
2 0
26 2
6 1
82 1
51 1
1 0
10 2
5 0
7 1
31 3
13 0
31 2
11 1
17 1
2 0
68 1
91 1
2 0
4 0
4 0
22 3
10 0
10 5
9 1
7 1
2 0
3 0
9 0
57 1
9 2
4 1
31 1
12 0
2 0
3 0
13 2
77 1
9 1
22 1
35 4
42 1
13 1
32 2
12 1
3 0
5 0
4 1
10 2
4 1
9 1
24 2
1 0
20 1
50 3
3 1
39 1
8 1
47 1
3 1
2 1
35 1
5 1
49 3
3 2
16 1
8 2
73 1
2 0
1 0
11 2
4 1
1 0
1 0
20 3
7 0
64 2
3 1
1 0
3 1
3 1
11 5
64 1
24 2
12 1
17 1
71 2
3 0
29 1
2 0
3 1
84 1
21 2
40 1
6 1
2 0
2 0
4 1
32 3
1 0
6 1
2 0
4 0
7 1
79 1
53 2
7 1
19 3
93 2
14 1
36 3
10 2
9 1
2 0
1 0
22 5
1 0
136 1
4 1
8 0
11 1
1 0
9 1
9 2
15 3
1 0
1 0
6 1
13 0
95 1
137 2
44 2
2 0
7 0
2 0
2 0
29 2
1 0
21 2
5 1
9 1
10 1
5 1
46 1
1 0
3 0
18 1
46 1
9 2
3 0
15 2
21 0
5 1
17 4
5 1
3 0
49 2
10 3
39 3
26 1
4 1
7 1
10 2
2 0
3 0
57 1
35 1
76 1
6 1
11 0
5 0
2 0
3 0
21 2
6 1
9 1
82 1
11 1
2 0
4 0
4 1
2 0
87 1
48 2
27 3
2 0
27 1
5 1
3 0
3 1
29 1
3 0
11 3
7 2
3 0
5 1
62 1
43 1
2 0
6 1
6 0
41 1
15 3
39 1
8 2
210 1
8 0
29 2
35 2
19 0
55 1
55 1
45 1
3 0
49 1
25 4
7 2
12 1
6 1
2 0
24 1
14 1
5 0
4 0
67 1
10 1
13 1
4 1
166 1
8 1
6 1
5 1
28 1
5 0
7 1
7 0
76 1
1 0
2 0
39 1
4 0
6 1
8 1
14 2
4 1
2 0
3 0
26 1
2 0
4 0
8 3
33 1
11 2
4 1
4 0
43 1
4 1
7 1
8 0
25 2
5 0
20 2
14 2
8 1
14 1
4 0
48 1
11 0
22 6
8 1
29 3
3 0
6 1
81 1
7 2
22 2
1 0
15 2
7 1
82 1
4 0
4 0
5 1
69 1
4 1
9 1
23 0
2 0
9 1
8 0
4 0
21 1
30 2
10 3
13 1
11 2
1 0
4 1
3 0
2 0
2 0
1 0
2 0
11 1
52 1
14 1
7 0
2 1
43 2
3 1
12 1
6 1
1 0
8 2
36 2
26 3
1 0
11 2
54 1
85 1
31 3
4 1
2 0
10 1
1 0
3 1
16 5
2 0
1 0
1 0
4 0
8 2
1 0
41 1
11 1
3 1
37 4
6 2
4 0
1 0
74 1
3 1
45 1
128 3
25 2
9 1
6 1
7 1
14 1
1 0
4 1
2 0
5 1
13 1
73 2
5 0
18 1
10 1
2 1
5 0
1 0
7 1
21 1
17 2
13 1
22 1
6 1
2 0
27 2
7 0
2 1
25 1
36 2
5 2
3 1
73 1
257 2
5 0
85 1
40 1
32 3
9 3
20 2
11 1
34 1
10 0
1 0
3 0
7 2
70 1
8 1
6 2
50 2
21 2
2 1
2 1
2 0
15 2
1 0
3 0
4 0
87 2
176 1
45 1
48 1
24 3
7 2
34 2
3 0
14 1
54 1
6 0
1 0
4 0
18 2
158 1
7 2
5 2
3 0
5 2
53 1
15 1
55 2
14 0
3 0
2 1
23 0
64 1
4 1
33 2
4 0
6 2
9 2
4 1
9 1
8 4
11 0
65 1
18 4
1 0
5 0
8 0
20 1
6 1
30 1
12 2
22 1
27 1
12 1
23 2
16 0
60 1
42 4
2 0
11 1
59 3
8 2
5 1
5 0
74 1
3 0
23 1
5 0
2 0
75 1
2 0
13 1
25 1
4 1
21 0
17 1
11 3
9 2
6 1
2 0
5 1
126 1
72 1
9 0
7 0
87 1
51 2
5 0
7 3
12 1
8 0
6 1
2 0
22 1
114 1
1 0
3 1
23 3
46 1
39 2
5 3
7 1
45 2
3 0
2 0
8 1
12 2
139 2
6 3
3 0
4 0
17 1
7 1
7 1
88 1
19 1
3 0
13 3
72 1
23 2
8 1
23 1
141 1
7 0
39 2
155 1
3 0
18 1
7 1
24 1
9 0
3 0
14 1
6 0
13 2
48 1
5 1
4 0
48 2
15 2
2 0
12 2
336 1
83 1
67 1
52 1
5 1
43 1
20 3
5 1
4 0
9 2
33 1
13 2
8 1
71 1
4 0
5 0
82 1
4 1
5 1
1 0
2 0
5 0
1 0
6 0
15 0
11 1
10 1
38 2
80 1
24 1
45 2
10 3
4 0
24 3
5 0
71 2
29 1
10 2
4 1
10 1
42 2
2 0
59 2
119 1
13 4
14 2
21 2
10 2
13 1
50 1
4 0
13 3
14 1
10 3
2 0
8 1
5 1
6 2
31 3
6 1
3 0
32 1
32 2
28 5
3 0
4 0
13 2
2 0
4 1
11 0
427 1
4 0
3 1
13 2
3 2
14 0
20 0
3 1
13 1
7 1
72 1
41 1
59 1
24 2
53 1
139 1
3 0
14 3
11 0
3 0
43 2
5 1
6 2
19 0
233 1
4 2
40 2
3 0
3 0
15 1
7 2
15 4
21 1
18 1
4 0
53 1
7 1
28 1
9 1
40 1
77 1
3 0
5 0
4 1
18 2
24 0
2 0
30 1
5 0
3 0
20 3
5 0
156 1
9 0
59 1
7 1
7 1
2 0
3 0
3 0
30 1
9 1
148 1
1 0
61 1
10 0
12 3
16 1
20 1
2 0
12 1
2 1
1 0
3 1
9 1
1 0
10 2
2 0
35 2
16 1
31 2
94 1
45 1
45 1
3 1
1 0
5 0
9 1
15 1
3 1
28 1
1 0
88 1
9 1
5 1
1 0
7 1
5 1
25 3
11 2
21 0
11 0
40 1
2 0
8 3
11 2
20 1
5 0
23 2
7 0
5 0
24 0
2 1
97 1
10 0
49 1
6 1
2 0
18 2
36 1
5 0
27 1
105 1
4 1
51 1
8 6
56 2
6 2
1 0
13 0
3 0
58 1
86 1
4 0
19 1
2 0
15 1
18 1
9 1
12 3
18 1
19 1
1 0
28 1
102 1
10 1
19 1
2 0
11 0
5 1
8 2
6 0
31 1
12 0
3 1
38 2
13 0
17 1
26 1
52 1
5 0
4 1
68 1
59 2
5 0
23 2
101 1
30 4
106 2
4 0
12 1
6 0
39 0
30 1
23 1
6 1
23 1
110 1
2 0
7 0
68 1
98 1
11 1
28 1
3 0
3 1
1 0
5 1
2 0
68 1
297 2
5 1
8 3
93 1
4 0
17 0
6 0
6 1
136 1
70 1
12 1
2 0
4 1
64 1
2 0
29 1
8 0
33 1
36 4
35 5
3 0
9 4
22 1
3 0
2 1
88 2
76 1
11 0
34 1
9 1
4 0
48 1
4 0
16 1
3 1
4 0
4 0
23 2
22 2
6 0
1 0
7 0
14 0
39 2
31 1
8 2
6 0
1 0
23 4
42 1
118 1
224 1
7 1
18 2
26 3
9 2
5 0
19 1
6 0
1 0
51 1
3 0
2 0
8 2
143 2
4 1
4 1
18 1
86 1
11 1
11 1
3 0
19 2
77 1
6 1
15 2
3 0
21 2
8 3
76 2
4 0
5 1
15 1
1 0
4 0
46 1
29 2
4 0
6 2
2 1
12 1
10 1
10 4
3 1
82 1
3 0
1 0
5 1
9 1
11 1
124 1
2 0
13 1
38 1
35 2
6 2
1 0
4 0
5 0
15 1
38 1
4 0
48 2
3 0
6 1
2 0
3 0
4 1
13 1
12 1
420 2
4 0
216 1
93 1
5 0
11 0
25 2
25 1
16 3
4 0
3 1
4 2
3 0
18 1
24 2
12 2
8 3
3 1
76 1
15 2
6 0
3 0
12 3
7 0
26 1
2 0
26 1
8 1
4 1
33 1
7 1
33 1
44 1
11 1
12 1
36 2
3 0
9 1
28 1
20 2
26 2
3 0
1 0
5 0
56 1
41 0
3 0
14 1
8 2
111 1
9 2
2 0
3 0
9 1
7 3
10 0
23 1
5 1
2 0
11 1
36 1
3 0
70 1
15 1
11 1
12 1
12 2
6 1
15 2
46 2
50 1
7 1
19 1
8 0
1 0
5 0
1 0
3 1
31 1
16 2
4 1
26 2
33 2
18 1
1 0
25 2
10 1
9 1
111 1
3 0
8 2
6 2
22 1
2 0
5 1
26 0
16 2
28 2
7 1
5 1
19 3
1 0
8 1
50 3
83 1
11 1
11 1
56 1
4 0
14 1
6 1
36 2
69 1
6 1
3 0
125 1
25 2
5 1
40 1
10 1
2 0
33 2
3 2
42 4
1 0
89 1
5 0
213 1
4 0
38 1
11 1
29 3
9 2
6 1
23 1
12 1
3 0
2 0
75 1
24 2
41 1
7 0
12 2
37 1
4 1
25 1
13 1
5 0
6 1
2 1
27 2
11 3
7 1
1 0
40 3
9 1
25 4
4 0
31 1
15 3
12 1
50 1
3 1
12 1
12 1
5 0
13 1
18 2
7 0
36 1
8 1
12 3
3 0
6 0
9 3
59 2
57 4
113 1
8 5
13 2
2 1
5 0
5 0
5 1
12 0
1 0
4 0
6 1
42 1
5 0
9 1
3 1
9 1
4 0
6 1
12 2
19 4
17 4
12 3
2 1
2 0
4 0
7 0
8 1
9 2
7 1
2 0
2 0
6 0
8 2
27 3
19 4
11 1
39 1
1 0
7 1
134 1
1 0
10 2
9 1
2 1
16 2
8 1
5 1
127 1
5 0
1 0
5 0
2 1
4 0
51 2
1 0
152 1
163 1
27 3
2 1
13 1
36 1
2 0
2 0
39 1
5 0
5 1
10 4
69 1
7 1
5 1
1 0
62 1
50 1
53 1
2 0
12 2
60 1
15 1
8 0
19 1
30 2
9 1
11 3
6 1
38 1
3 0
42 1
30 1
3 0
4 1
2 0
6 0
6 2
3 1
2 0
3 0
12 1
2 0
4 1
1 0
33 2
14 1
8 3
6 0
6 1
16 1
21 1
25 2
40 1
14 0
11 1
3 2
7 2
40 3
8 0
1 0
25 3
69 1
234 1
42 2
5 1
80 1
85 1
12 1
5 1
2 0
1 0
16 1
73 1
3 0
2 0
111 1
12 2
6 0
1 0
13 2
71 1
32 2
31 1
9 2
2 0
11 4
2 0
11 1
3 0
16 2
4 0
55 1
5 0
6 2
8 1
5 0
17 2
4 0
12 0
9 0
3 0
24 2
3 1
25 1
34 2
14 1
29 3
7 1
4 0
180 1
2 0
4 0
7 0
17 2
4 1
4 0
54 1
107 1
29 0
54 1
37 1
2 0
19 2
25 2
4 1
10 4
11 0
7 0
2 0
38 1
22 1
8 2
73 1
2 1
33 3
30 2
1 0
20 2
3 0
7 0
3 0
14 0
7 1
31 2
2 1
2 0
2 0
22 2
4 1
5 1
22 2
2 0
5 1
3 0
3 1
1 0
27 1
1 0
1 0
6 1
10 1
10 1
7 1
84 2
49 3
2 0
26 2
22 2
39 1
12 1
112 1
4 0
190 1
27 1
4 0
41 1
40 1
4 0
22 2
16 1
3 0
6 1
57 1
65 1
25 0
5 1
74 1
5 1
25 1
4 1
2 0
15 1
36 0
4 1
38 2
74 2
11 1
75 1
2 0
22 3
3 0
2 0
5 0
5 1
32 0
88 1
1 0
24 0
10 1
123 2
1 0
3 0
6 1
50 1
26 1
17 2
4 0
12 2
6 0
12 1
9 0
1 0
10 3
6 0
20 1
2 0
8 2
55 3
1 0
1 0
75 1
2 0
17 1
1 0
6 2
40 1
107 1
7 1
51 1
5 1
5 0
153 2
60 1
5 0
33 1
5 0
26 2
69 1
1 0
140 1
7 0
4 1
11 0
1 0
13 1
7 1
57 1
9 0
60 1
8 1
39 1
2 0
5 1
1 0
65 1
22 4
40 1
7 2
48 1
5 1
7 1
12 0
2 0
4 0
33 3
84 1
4 0
45 2
2 0
10 3
1 0
7 2
25 2
23 1
2 0
28 2
8 1
39 1
2 0
42 1
8 1
18 1
3 1
4 1
1 0
8 3
49 1
1 0
110 2
6 1
15 1
130 1
10 2
10 6
8 2
8 0
4 1
7 0
10 6
18 1
59 1
13 1
7 0
2 0
83 1
17 2
10 0
1 0
8 0
41 1
20 2
24 2
3 0
29 2
18 1
3 0
26 1
6 1
8 2
2 0
1 0
3 0
3 0
16 1
8 1
9 2
9 1
4 0
7 1
25 1
8 0
1 0
12 2
4 1
8 2
46 2
4 1
64 1
51 1
9 0
16 2
11 2
2 1
16 1
23 0
4 1
50 1
2 1
14 0
68 1
20 1
14 3
63 1
7 2
45 1
32 3
27 2
8 1
16 1
64 1
4 0
9 1
63 1
102 1
2 0
7 2
20 3
5 0
8 0
5 0
4 1
18 2
5 1
7 1
30 1
8 1
22 1
4 1
21 1
13 1
4 0
2 0
27 2
3 0
6 0
15 2
36 1
17 2
13 1
12 1
4 1
12 2
10 2
9 1
7 1
18 2
33 1
1 0
4 1
20 1
7 2
5 0
19 1
11 2
19 1
15 1
30 2
19 1
4 1
9 0
49 1
35 1
19 1
32 2
2 0
24 2
106 1
52 1
1 0
50 3
57 1
5 1
10 1
8 1
6 1
16 2
12 1
72 3
108 1
3 0
6 1
31 2
2 0
4 0
1 0
4 0
8 0
3 1
15 0
45 5
7 1
6 1
63 1
2 0
4 0
65 2
12 1
90 2
14 3
29 3
4 0
35 3
5 0
2 0
214 1
18 1
9 1
105 1
24 2
4 0
83 4
3 0
1 0
6 0
9 2
21 1
87 1
11 0
18 1
4 0
3 0
66 1
10 2
21 3
42 1
2 0
3 0
3 0
15 3
48 2
13 1
23 1
11 4
52 3
18 1
7 0
86 1
51 1
173 3
38 1
12 1
4 0
17 3
1 0
23 1
3 0
2 0
2 0
30 2
21 3
3 1
31 1
22 1
2 0
39 1
2 0
3 0
20 1
56 1
18 1
12 2
2 0
30 1
32 1
4 0
8 0
12 1
65 2
19 2
21 2
173 1
25 1
5 1
37 1
23 2
13 4
2 0
11 1
3 0
44 1
4 0
4 0
155 1
47 3
26 1
6 1
25 1
12 2
22 2
9 0
12 2
65 2
4 1
39 1
33 1
1 0
18 0
6 0
1 0
33 1
49 3
30 1
7 2
29 1
12 2
61 5
21 1
4 0
37 1
139 1
5 1
9 1
6 0
60 1
32 1
7 1
68 2
52 1
11 1
107 1
129 1
39 1
3 0
4 0
19 3
6 2
8 1
6 1
15 2
12 1
48 1
46 2
5 1
19 2
7 2
124 1
41 1
36 1
3 0
22 1
24 2
6 0
37 2
51 1
2 0
8 5
4 0
18 1
12 2
4 0
313 1
3 0
23 1
1 0
6 2
67 1
15 3
13 1
16 2
18 2
5 1
5 1
3 0
1 0
6 0
44 1
10 0
6 1
26 1
5 0
29 1
24 1
141 1
36 1
13 1
6 0
6 0
2 1
11 1
6 1
7 0
162 1
5 1
9 2
4 1
2 0
21 6
74 2
3 0
2 0
53 2
2 0
1 0
4 1
7 1
1 0
171 1
16 1
8 3
49 2
5 1
4 0
1 0
15 1
2 0
4 1
67 2
12 2
28 2
4 2
9 1
10 0
3 1
34 1
44 1
1 0
174 1
7 1
5 0
4 0
8 1
111 1
41 1
4 2
14 1
36 1
31 1
17 1
5 0
2 0
3 0
21 1
27 3
4 0
8 1
5 0
86 1
21 1
11 0
45 1
10 1
18 1
5 0
4 0
2 0
23 5
6 1
66 1
6 0
42 2
13 1
8 0
13 1
19 3
67 1
3 0
46 1
2 0
107 2
7 0
16 0
3 2
13 0
2 0
21 3
2 0
169 2
3 1
4 0
57 2
13 0
24 1
8 2
3 0
6 1
14 2
43 1
7 0
11 3
14 2
43 2
5 0
38 4
1 0
17 1
4 1
8 0
36 1
2 0
15 1
4 0
7 1
44 1
8 2
13 1
17 1
4 0
28 1
11 1
109 3
75 2
10 1
61 1
68 1
12 2
23 1
4 0
4 0
1 0
5 0
13 4
44 1
47 1
2 0
39 2
18 1
32 2
19 1
16 1
3 1
105 1
31 2
5 0
4 1
40 1
45 1
1 0
3 1
79 1
168 1
22 1
4 0
22 1
5 2
22 1
1 0
14 3
1 0
4 1
5 1
13 1
15 2
8 2
3 1
4 1
4 0
16 1
26 2
2 0
15 6
5 1
11 3
5 1
11 0
4 1
6 0
21 1
29 1
20 0
18 1
2 1
3 0
56 1
1 0
3 0
3 0
9 1
21 1
8 1
1 0
4 0
6 1
2 0
58 1
7 3
26 3
108 1
7 1
1 0
4 2
40 4
23 1
21 1
19 1
11 1
124 2
2 0
15 1
13 1
17 1
1 0
12 1
5 0
8 1
10 4
93 1
5 2
1 0
93 1
10 1
16 1
16 2
17 3
20 1
5 2
1 0
8 1
37 2
10 1
1 0
22 3
11 0
25 2
4 1
42 2
4 0
2 0
15 1
2 0
46 1
12 0
5 1
35 1
1 0
12 0
4 1
40 1
40 1
10 1
62 1
3 1
10 1
1 0
45 1
41 1
8 1
46 1
3 0
25 1
68 1
26 3
9 0
12 1
5 0
31 2
7 0
4 0
3 1
81 1
2 0
88 2
30 1
1 0
6 0
2 0
175 1
33 2
2 0
28 1
23 4
6 2
59 1
3 0
11 2
21 2
41 5
2 0
12 2
54 2
4 0
3 1
10 2
15 4
21 2
3 1
56 2
13 1
52 2
4 0
48 1
18 0
61 1
9 1
6 0
50 1
29 1
82 1
4 0
24 6
4 0
9 1
17 1
28 2
8 2
3 0
8 0
80 1
3 0
10 2
10 5
13 0
4 1
5 1
28 1
5 0
19 1
29 1
18 2
1 0
4 1
12 2
21 3
10 2
1 0
17 0
2 1
64 2
26 1
5 0
46 2
11 3
3 0
21 1
50 1
39 1
8 0
14 2
22 2
43 2
13 1
22 1
7 2
1 0
2 0
1 0
1 0
69 1
73 1
16 1
11 4
6 0
13 6
10 1
14 0
24 0
41 3
24 1
59 1
23 5
3 0
53 1
16 2
2 0
12 1
2 0
4 0
1 0
5 2
1 0
18 1
6 0
10 1
52 1
5 1
36 1
87 1
2 0
8 0
6 0
1 0
3 0
7 1
3 0
25 1
2 0
26 1
101 3
67 1
10 2
49 1
13 0
48 2
10 0
52 3
2 0
12 1
162 1
21 0
55 2
23 2
16 2
3 0
36 1
2 0
21 1
6 1
5 0
15 0
3 0
105 1
274 1
23 1
47 1
27 1
8 1
7 0
54 2
1 0
11 2
6 2
40 4
2 0
60 1
8 0
22 3
18 1
4 1
91 1
2 0
10 0
6 1
9 1
40 2
46 1
3 0
20 1
19 1
54 1
8 0
236 1
25 1
16 2
13 1
4 0
3 0
13 0
1 0
4 0
15 2
6 0
6 1
42 1
10 2
53 2
20 0
4 0
29 5
4 2
19 2
6 0
57 2
7 0
30 1
7 1
30 1
30 2
12 3
2 0
22 1
7 1
4 0
2 1
5 1
29 1
95 1
3 0
27 2
2 0
10 2
3 0
2 0
6 0
17 1
7 0
27 1
7 1
29 0
41 3
1 0
5 1
91 2
46 2
47 1
11 1
10 1
3 1
2 0
38 1
47 1
53 1
27 0
44 2
93 1
48 1
2 0
13 0
1 0
4 0
54 1
50 1
14 0
16 0
2 0
7 1
11 1
12 0
4 1
1 0
15 2
3 0
3 0
97 1
4 0
2 0
131 1
11 1
24 3
69 1
1 0
58 1
62 2
4 0
4 0
5 0
132 1
16 1
4 1
38 1
3 1
5 1
3 1
13 1
19 4
15 2
2 1
125 1
4 1
8 0
20 1
4 1
20 3
2 0
5 0
90 1
39 1
8 1
52 1
1 0
41 1
6 0
35 1
271 1
7 4
56 1
2 0
10 1
5 1
5 1
10 2
20 1
2 0
33 4
16 2
3 0
84 1
8 0
46 1
4 2
6 0
6 0
17 3
61 1
12 3
2 0
29 1
4 0
4 1
6 1
9 1
48 1
6 0
13 1
4 1
48 1
10 1
2 0
10 1
31 1
2 0
1 0
6 1
17 1
249 1
25 1
31 3
7 0
50 2
75 1
38 1
3 0
3 0
3 1
2 1
141 1
3 1
15 2
51 1
67 3
12 2
29 1
3 0
14 1
15 5
2 0
15 2
61 1
16 3
44 1
15 4
25 1
11 1
18 1
2 0
8 1
10 2
53 4
43 1
31 1
10 2
15 1
11 3
4 0
3 1
28 3
7 1
13 0
52 1
3 0
59 2
23 1
7 1
78 1
2 1
3 0
4 0
1 0
6 1
80 1
26 2
4 0
11 2
35 1
19 2
91 2
5 0
23 1
80 1
11 2
6 1
19 3
10 0
6 0
7 0
33 2
5 1
10 1
2 0
15 0
5 0
4 0
4 0
26 1
35 0
33 0
1 0
26 1
3 0
10 0
14 2
2 0
69 1
25 2
98 1
5 0
2 0
35 1
64 1
22 1
2 1
55 2
61 1
21 4
22 2
20 2
11 2
22 3
8 0
2 0
3 0
52 1
1 0
78 1
1 0
12 4
1 0
3 0
2 1
2 0
29 2
1 0
3 0
15 1
2 0
13 1
4 0
7 1
3 0
7 0
19 4
10 1
16 2
11 2
87 1
48 1
43 1
4 0
80 1
5 0
34 2
125 1
12 0
25 3
12 1
42 1
53 1
5 1
23 2
27 1
7 0
5 1
20 1
4 1
18 1
15 5
88 1
39 1
93 1
9 0
17 1
3 0
39 3
43 1
16 2
22 2
16 2
49 1
58 1
42 1
4 0
2 0
2 0
1 0
4 0
3 0
53 1
1 0
22 1
2 1
29 2
2 0
5 1
8 1
3 1
4 1
95 1
37 1
50 1
1 0
269 1
4 0
4 1
1 0
25 1
150 1
41 2
10 0
46 1
40 2
2 0
13 1
2 0
23 1
1 0
50 3
9 2
1 0
6 0
49 1
4 0
28 1
39 4
2 0
2 0
13 2
2 0
4 0
3 0
44 1
12 0
24 1
2 0
1 0
64 1
4 0
15 0
45 1
9 3
14 1
2 0
5 0
1 0
11 2
15 1
32 2
15 1
11 2
20 3
12 2
14 1
40 1
9 1
2 0
35 3
12 0
8 1
15 2
2 0
10 1
54 6
22 3
145 1
9 1
20 1
9 1
35 1
1 0
50 1
1 0
19 0
138 1
1 0
74 1
61 1
75 1
5 0
1 0
18 1
16 1
3 0
3 0
15 3
16 1
4 1
11 0
2 0
1 0
7 0
6 0
15 2
22 2
6 0
123 1
23 1
7 2
2 0
11 2
3 0
73 1
9 2
31 2
3 1
16 1
13 2
23 3
20 0
69 1
86 1
24 1
46 1
55 1
41 1
11 1
5 1
14 1
8 1
31 2
12 1
2 0
54 2
24 2
19 1
17 2
1 0
13 3
134 1
101 1
6 0
112 1
15 3
4 1
13 0
57 1
129 1
15 1
28 1
17 3
69 1
23 1
7 1
25 1
21 2
12 1
7 1
13 1
1 0
3 0
11 0
3 0
125 2
10 1
20 1
2 1
35 1
32 1
8 2
6 4
3 1
5 1
25 3
2 0
2 0
4 0
4 1
1 0
53 1
12 0
5 0
7 2
65 1
19 4
17 1
2 0
83 1
2 0
13 1
15 1
39 2
10 1
31 2
7 1
8 1
28 2
9 1
7 0
10 0
24 2
4 0
20 2
60 3
3 0
3 1
80 1
4 0
19 1
19 2
7 2
31 1
5 0
94 2
17 1
30 2
8 0
1 0
4 2
5 3
7 1
44 1
70 1
27 1
2 0
17 1
14 1
46 1
3 0
54 1
6 0
2 0
44 1
1 0
4 1
6 2
3 0
16 1
69 2
1 0
8 2
3 0
3 0
3 0
20 1
9 2
12 3
281 1
4 0
22 2
38 1
18 1
58 3
9 2
5 0
1 0
7 0
20 1
18 3
18 4
1 0
32 1
11 3
4 0
3 0
45 1
5 0
2 0
81 1
72 2
23 2
16 2
74 1
3 1
55 1
2 0
10 0
23 2
8 0
24 2
3 0
1 0
18 2
15 0
4 0
3 0
8 2
2 0
9 1
36 1
9 2
90 1
81 1
32 2
4 0
35 3
9 1
17 3
10 1
17 2
9 2
19 2
52 1
17 1
504 1
7 1
6 0
36 2
23 2
4 1
2 0
7 0
3 0
3 0
18 1
28 4
165 3
13 3
10 0
16 1
1 0
19 3
1 0
4 1
8 0
7 1
1 0
7 3
2 0
1 0
32 2
1 0
4 1
7 1
51 1
4 0
65 1
58 2
63 1
15 2
41 1
18 2
3 0
29 2
2 0
21 1
1 0
68 1
39 1
3 0
3 0
3 0
8 0
1 0
25 1
32 1
4 0
11 2
10 1
9 3
12 5
3 0
4 1
5 0
3 0
14 3
5 0
1 0
34 1
4 0
7 1
1 0
3 0
5 0
4 0
13 0
3 0
7 1
4 0
12 2
2 0
8 0
45 1
2 0
4 0
46 1
35 1
16 1
14 1
70 4
20 1
15 4
12 2
6 0
3 0
4 0
3 0
7 2
4 1
15 1
3 0
7 1
99 1
4 1
8 1
32 1
21 2
4 0
9 1
11 1
1 0
6 0
15 1
36 2
5 0
5 1
15 0
20 0
20 1
47 1
1 0
105 1
2 1
2 1
12 3
2 0
4 0
1 0
28 1
20 2
1 0
4 0
31 1
22 1
1 0
2 0
14 2
12 1
2 0
2 0
71 1
1 0
2 0
3 0
1 0
27 2
38 1
16 1
2 1
1 0
2 0
4 0
3 0
91 2
3 0
32 1
74 1
33 1
6 1
3 0
1 0
5 1
1 0
6 0
12 0
2 0
2 0
7 2
2 0
2 1
24 1
7 1
6 1
2 0
3 0
9 1
36 2
67 1
4 1
1 0
13 1
5 0
2 0
31 1
11 2
4 0
12 0
35 1
30 1
142 1
14 1
11 1
11 1
22 2
3 0
2 0
6 0
36 2
8 3
11 0
2 0
29 3
19 1
6 1
4 0
2 0
16 2
53 1
2 0
6 0
33 0
15 1
32 2
9 0
2 0
3 0
8 3
2 0
1 0
2 0
3 1
7 1
10 1
2 0
1 0
6 0
21 1
106 2
2 1
25 6
3 0
3 2
2 0
3 1
3 0
3 0
3 0
53 1
21 2
57 1
17 0
3 1
7 1
4 0
12 0
10 0
36 1
10 3
48 0
3 0
42 1
3 1
2 0
46 1
8 0
189 1
138 1
24 1
6 0
96 1
12 1
75 1
31 1
6 1
105 4
12 2
19 1
96 1
10 2
53 2
11 0
5 0
44 1
41 1
20 2
5 0
2 1
26 1
12 2
28 1
7 0
49 3
35 2
7 0
51 1
18 1
8 1
6 0
11 0
5 1
37 1
2 0
1 0
12 2
2 0
3 0
1 0
2 0
28 1
64 1
18 1
1 0
1 0
26 2
5 0
4 0
96 4
26 1
3 0
5 0
16 3
13 1
22 1
16 2
2 0
17 2
35 1
4 0
12 1
2 0
4 1
3 0
75 3
14 1
2 0
7 1
74 1
6 1
3 0
12 6
24 3
5 0
12 1
3 0
2 1
14 1
61 1
10 1
35 2
13 1
5 0
18 2
3 1
3 0
2 0
17 1
56 1
3 0
1 0
16 0
8 0
6 0
7 0
7 1
7 0
30 3
105 1
9 0
17 1
5 1
43 2
6 1
12 1
16 0
3 0
8 0
9 3
7 1
3 0
34 1
2 0
2 1
3 0
18 1
4 1
12 1
1 0
18 1
2 0
8 2
83 1
149 1
2 1
2 1
29 1
5 0
3 0
34 2
19 2
13 1
1 0
3 0
15 5
1 0
6 0
3 1
9 1
5 2
1 0
31 1
30 2
2 0
28 1
8 1
8 2
8 1
9 2
4 0
52 1
120 1
22 2
10 0
67 1
2 0
4 0
40 0
144 2
11 1
15 2
9 1
18 2
1 0
3 1
9 1
3 0
2 0
2 0
42 1
4 0
74 2
3 0
33 1
1 0
5 0
51 1
2 0
49 3
3 0
2 0
37 1
18 1
7 1
2 0
126 1
3 0
3 2
8 1
5 0
58 1
5 2
10 0
12 1
36 3
18 0
4 0
16 0
3 0
6 0
7 2
13 2
46 1
6 1
30 0
24 2
1 0
18 1
52 2
18 1
14 2
9 0
33 3
2 1
11 0
6 0
8 0
15 3
14 3
11 0
2 0
19 1
2 0
1 0
2 0
64 2
40 1
2 0
8 1
23 2
4 1
21 2
40 2
9 2
54 1
172 1
9 2
61 2
15 1
69 2
38 2
18 4
27 3
4 1
3 0
3 1
39 3
7 0
4 0
3 0
11 1
15 1
1 0
6 0
63 1
24 1
98 1
132 1
6 2
22 1
24 7
2 1
61 2
38 1
4 1
36 1
11 1
38 3
86 1
6 0
16 2
19 3
1 0
25 1
8 0
8 1
21 4
45 1
24 3
40 1
8 2
21 1
45 1
22 2
2 0
14 2
27 5
10 1
27 1
36 4
4 1
19 1
12 1
5 3
9 3
36 1
6 2
32 2
2 0
1 0
6 0
44 1
4 0
11 1
30 1
40 1
13 2
2 1
1 0
35 2
2 0
11 0
90 1
48 2
48 1
3 0
9 0
12 0
5 0
4 0
9 1
7 1
7 1
2 1
18 1
10 2
30 2
15 2
2 0
25 2
11 0
7 3
2 0
2 0
5 0
2 0
23 1
26 1
131 2
53 1
178 1
145 1
47 1
10 2
11 3
4 0
9 0
35 1
3 0
2 0
6 1
5 2
8 0
2 0
25 1
2 0
2 0
2 0
105 1
14 1
32 0
14 5
34 1
5 0
153 1
50 2
12 2
17 0
6 2
98 1
39 2
37 1
2 0
39 1
2 0
70 1
32 1
20 2
6 1
26 1
3 0
13 0
14 4
4 0
7 2
3 0
2 0
8 0
8 2
13 0
2 0
32 2
12 6
10 0
13 2
7 0
14 3
22 1
51 1
33 1
32 2
35 1
11 1
9 3
18 0
8 2
37 2
19 0
47 1
19 2
15 2
10 3
132 2
3 1
26 1
27 1
2 0
37 1
40 1
6 1
3 0
82 1
4 1
4 0
9 3
3 0
10 1
48 2
26 1
9 2
18 0
25 5
4 0
5 1
6 1
9 1
48 3
3 0
8 5
7 3
27 2
8 2
2 0
6 0
6 1
94 2
15 1
58 2
10 0
12 0
19 1
2 0
18 1
10 2
1 0
12 3
1 0
21 3
15 3
4 1
18 5
9 0
2 1
2 0
13 2
7 0
10 0
3 0
4 0
4 0
16 1
10 1
5 1
7 1
2 0
5 0
2 0
4 0
5 0
17 1
33 2
65 1
15 0
9 0
21 2
3 0
28 0
33 1
10 2
6 0
4 0
20 1
4 0
3 0
87 1
53 1
35 2
84 1
9 0
7 0
54 2
173 1
82 1
75 2
10 0
7 0
23 1
3 0
7 1
2 0
6 0
64 1
47 1
62 2
2 0
74 2
9 2
10 2
17 2
27 1
6 1
86 3
36 2
6 1
4 1
1 0
13 0
9 3
19 7
54 1
22 2
29 1
18 2
62 1
8 0
5 1
1 0
22 1
22 1
22 1
22 1
4 0
38 1
20 2
28 0
50 1
74 1
14 2
12 1
6 0
35 1
12 4
5 2
3 0
158 1
18 0
53 1
1 0
65 2
6 0
1 0
19 2
3 0
26 1
36 1
24 1
26 2
69 1
69 1
4 2
18 1
11 1
2 0
4 0
8 1
5 0
6 2
31 3
7 0
18 1
24 0
28 3
11 0
8 1
31 0
32 4
18 2
50 1
22 0
17 3
16 2
15 0
32 5
4 0
45 1
1 0
19 1
10 2
19 0
20 1
60 2
24 1
8 0
45 1
8 1
39 2
5 0
3 0
27 1
1 0
24 1
73 1
30 1
15 1
27 1
23 1
25 2
46 1
5 0
8 0
1 0
2 0
1 0
21 1
50 1
36 2
7 3
19 2
10 0
5 0
8 1
1 0
21 3
49 2
6 0
14 0
120 1
20 2
7 1
52 1
26 2
9 3
45 1
32 2
7 1
4 1
10 2
2 0
2 0
5 0
24 4
57 2
6 0
8 0
4 1
9 2
17 4
1 0
31 3
3 0
3 0
57 1
4 0
3 0
69 1
8 1
9 0
2 0
4 0
1 0
2 0
15 2
53 1
4 0
7 0
33 1
4 0
10 1
6 0
29 1
1 0
24 2
14 1
5 0
1 0
1 0
3 1
22 0
3 0
10 2
9 1
1 0
10 3
3 1
35 1
7 2
5 2
24 0
2 0
4 0
10 2
1 0
26 0
3 0
3 0
39 2
7 2
1 0
6 2
4 1
13 2
5 2
10 2
4 1
5 1
5 0
2 0
1 0
22 4
6 0
46 1
35 0
143 1
5 2
21 2
12 1
15 2
9 1
4 0
82 1
4 0
51 2
1 0
9 4
29 1
1 0
10 1
26 2
4 0
39 1
55 2
19 1
91 1
20 1
12 0
107 1
4 0
6 0
109 1
9 3
110 1
16 2
27 2
24 1
2 0
55 2
70 1
59 1
38 1
1 0
85 1
1 0
23 0
2 0
80 1
50 2
5 0
1 0
11 0
38 1
14 1
36 0
44 1
15 2
51 1
19 4
35 1
91 1
3 0
2 0
10 1
9 0
19 1
14 1
10 0
35 1
12 3
19 3
4 1
12 2
15 1
63 1
148 1
4 0
2 0
5 0
1 0
17 0
26 1
1 0
26 4
33 1
3 0
28 0
72 1
25 1
27 0
2 0
6 0
149 1
29 0
2 1
3 0
13 1
10 0
10 1
8 1
25 3
28 1
33 2
1 0
41 1
9 0
56 1
63 2
29 1
4 0
24 1
3 0
3 0
16 2
4 2
15 1
3 0
11 1
31 1
9 2
30 1
40 2
12 1
2 0
3 1
1 0
4 0
5 0
11 4
7 0
4 0
16 2
7 0
7 0
3 0
13 0
15 2
12 1
10 1
8 0
13 1
3 0
24 1
62 1
21 1
5 0
94 1
24 1
16 3
9 2
3 0
11 3
3 0
2 1
53 2
25 0
12 0
2 0
3 1
9 1
7 0
1 0
166 3
5 0
14 2
148 1
19 2
1 0
3 0
20 3
96 2
30 2
61 1
4 0
2 0
46 0
139 2
133 1
2 0
17 2
20 2
40 2
10 0
174 1
3 0
37 1
5 1
2 0
4 0
36 2
33 2
14 0
6 0
18 2
27 1
1 0
34 1
17 1
3 0
63 3
4 0
30 1
57 2
2 0
4 0
4 0
2 0
48 1
1 0
2 1
10 0
15 1
99 1
28 1
9 2
22 1
12 1
3 0
12 3
3 0
9 2
1 0
21 0
4 0
21 1
67 3
3 0
4 1
1 0
5 0
31 1
11 2
26 1
4 0
51 1
18 1
4 0
5 0
9 2
57 1
35 1
8 1
11 1
5 0
5 0
68 2
58 2
3 0
12 2
34 2
8 3
32 2
13 2
1 0
1 0
11 2
15 2
3 0
11 0
9 0
31 0
8 1
15 0
9 1
60 1
3 0
14 1
5 1
5 1
7 1
4 0
8 3
16 1
4 0
3 0
7 0
3 0
11 1
39 1
30 2
37 1
17 2
12 2
41 1
4 0
8 0
10 0
4 0
3 0
12 5
43 1
5 0
2 1
56 2
5 0
33 1
2 0
6 0
2 1
5 1
3 1
59 1
18 2
18 1
9 2
2 0
40 1
2 0
9 1
42 3
46 1
6 1
3 1
9 3
29 1
6 1
6 1
6 1
4 0
32 1
2 0
14 0
9 0
2 0
2 0
11 2
2 1
45 1
2 1
37 1
14 2
8 1
4 1
4 1
4 1
1 0
3 1
7 2
74 1
31 2
2 0
26 3
38 1
2 0
46 1
21 2
12 1
10 3
1 0
1 0
7 2
15 1
12 2
5 0
27 2
12 0
3 0
45 1
68 1
10 1
14 2
3 0
16 1
5 0
16 0
7 1
52 1
37 2
90 2
57 1
2 0
25 1
8 0
1 0
7 1
36 1
5 1
1 0
50 1
19 1
2 1
3 1
2 0
12 2
45 0
1 0
83 1
38 1
16 5
14 3
23 1
1 0
68 1
6 0
1 0
39 2
4 0
47 1
22 1
4 2
35 2
8 1
8 1
2 0
4 0
12 1
5 1
10 1
7 0
22 1
22 1
22 1
3 1
418 1
7 1
30 1
13 2
30 1
13 1
18 1
1 0
3 1
9 0
2 0
56 1
12 3
36 1
38 2
16 1
2 0
85 1
18 1
17 2
5 1
2 0
7 2
11 0
2 0
70 2
18 3
7 2
19 1
6 0
83 1
1 0
40 1
13 2
5 0
13 0
11 1
68 1
12 2
2 0
5 1
1 0
2 0
4 1
8 4
1 0
15 1
42 1
37 1
22 1
3 1
1 0
7 2
27 1
7 2
27 2
49 1
13 1
17 1
1 0
3 1
30 1
2 0
92 1
2 1
19 0
6 1
6 1
4 0
3 1
4 1
17 1
4 1
121 1
21 1
6 0
13 1
27 3
5 2
73 1
7 0
7 0
67 1
5 1
14 2
3 0
26 4
3 0
88 1
28 2
74 1
18 1
4 0
2 0
2 0
43 1
17 1
108 2
20 1
49 1
3 0
13 2
3 1
17 1
10 1
3 1
7 1
7 1
2 1
2 0
2 0
49 3
8 2
91 1
15 0
4 1
7 1
1 0
2 0
3 1
20 3
75 2
5 0
3 1
18 1
10 1
2 0
5 1
20 1
118 1
4 0
8 0
51 1
11 1
22 2
3 1
27 4
6 1
3 0
9 2
7 2
4 2
49 1
4 1
2 0
36 1
47 1
2 1
3 1
2 1
5 1
6 1
3 1
2 0
18 1
2 1
8 1
43 2
4 1
84 2
35 1
3 0
1 0
17 2
3 1
21 1
31 1
3 1
6 1
292 1
21 2
8 0
3 1
6 1
9 1
10 1
5 1
7 3
18 1
4 1
27 2
4 0
3 1
16 2
4 0
21 1
10 1
7 2
2 0
8 0
4 0
2 1
25 1
39 2
30 1
20 3
7 1
4 1
37 2
42 1
5 1
11 0
30 2
5 1
6 1
1 0
9 1
19 0
53 1
5 1
20 5
53 1
7 1
1 0
9 0
28 1
33 1
11 3
19 1
4 0
7 1
1 0
3 1
16 1
12 2
87 1
14 2
2 0
7 0
80 1
42 1
4 0
8 2
17 2
19 2
69 1
4 0
5 1
13 4
61 1
10 0
39 1
17 2
3 1
10 1
142 1
2 0
2 1
6 1
1 0
16 1
9 1
8 2
30 1
13 1
17 3
33 2
1 0
8 1
4 0
3 1
2 1
2 1
7 3
4 1
3 0
2 0
3 0
22 4
7 0
7 1
8 1
15 1
10 0
20 1
8 1
7 0
11 1
20 1
2 1
10 2
8 1
8 1
16 2
2 0
6 1
14 1
2 0
9 0
9 1
40 1
27 1
7 1
25 1
21 1
4 1
23 1
20 1
4 1
18 2
49 1
15 1
4 1
2 0
29 1
58 1
8 2
27 0
21 0
3 1
9 1
96 1
26 1
19 2
6 3
53 1
19 1
64 2
14 3
9 0
8 1
34 1
18 1
35 2
37 2
8 3
2 1
138 1
7 1
1 0
12 1
12 2
16 3
28 2
9 1
6 0
2 0
6 1
30 1
16 0
5 1
6 1
19 1
6 0
30 1
3 1
3 1
3 0
1 0
4 1
5 1
10 1
8 1
10 1
3 0
42 2
19 0
214 1
30 1
83 3
6 1
14 3
70 2
1 0
23 3
35 2
20 2
42 1
8 1
5 0
4 1
5 0
13 0
5 0
2 0
20 3
11 2
22 3
1 0
19 1
18 1
18 1
9 2
6 2
9 3
5 0
21 2
48 2
10 0
10 1
5 1
10 1
3 1
7 0
62 1
3 1
9 2
15 1
28 1
14 1
12 1
1 0
29 1
15 2
11 0
75 1
10 0
11 1
65 1
128 1
18 2
8 1
14 2
51 1
35 2
25 1
22 4
5 1
4 1
6 1
22 1
3 1
37 1
25 2
7 2
8 1
83 1
28 2
10 3
5 1
79 1
13 0
58 1
2 1
30 4
20 1
16 1
11 2
19 1
38 1
6 1
5 1
12 0
4 0
7 0
14 1
5 0
27 2
57 1
24 1
31 3
7 2
7 1
7 1
50 2
1 0
7 1
38 1
2 0
1 0
7 0
6 1
20 2
6 1
11 3
7 1
99 1
3 0
3 0
30 1
52 1
30 1
48 1
3 0
15 1
4 1
5 0
39 2
17 1
14 1
23 1
15 3
29 1
31 1
53 1
18 2
1 0
5 0
82 1
33 1
5 0
83 1
48 1
23 1
40 1
35 1
31 2
15 3
3 1
7 2
19 1
10 2
6 0
12 0
7 1
10 1
3 0
10 0
103 1
58 1
46 1
4 1
11 1
32 1
41 1
27 1
36 1
48 1
7 1
1 0
13 2
76 1
2 1
18 3
3 1
10 0
6 0
30 3
2 0
15 1
18 1
7 1
6 1
52 3
6 0
15 1
6 1
34 3
36 2
4 0
3 1
8 0
54 2
1 0
4 1
5 1
36 1
10 1
40 1
7 1
85 1
9 0
27 1
23 2
2 0
3 1
2 1
10 2
13 1
19 0
17 1
3 0
43 1
26 1
70 2
99 1
44 3
22 1
4 0
3 0
90 5
14 1
130 2
1 0
78 3
8 0
60 2
5 0
1 0
60 1
33 1
2 0
45 1
4 0
7 1
4 0
20 3
4 0
3 0
18 1
4 1
1 0
27 3
5 1
24 1
4 0
16 4
37 1
23 1
55 1
12 2
45 1
5 1
12 1
162 1
41 2
74 1
7 0
9 1
6 1
5 0
41 1
7 1
2 0
143 1
175 1
4 0
3 0
86 1
43 1
2 0
2 1
61 2
9 1
10 2
35 1
5 2
53 1
21 2
6 1
7 1
5 1
4 0
111 1
15 1
10 0
5 0
76 1
3 0
22 2
6 4
10 1
5 1
38 1
2 0
7 0
24 1
4 1
23 6
5 0
140 1
3 1
1 0
4 0
9 3
2 0
3 0
18 1
45 1
41 1
2 1
28 0
24 2
5 1
23 0
2 0
12 2
56 1
2 0
28 1
16 2
3 1
14 3
6 2
39 4
13 4
3 0
45 1
69 1
6 1
91 1
27 0
30 2
1 0
12 1
31 1
3 0
13 0
6 0
5 2
5 2
2 0
7 1
5 1
4 1
2 0
6 0
7 0
5 1
29 2
5 0
37 1
21 3
3 1
12 1
10 2
24 3
2 0
173 1
4 0
7 0
25 1
10 1
7 1
5 1
13 2
12 0
9 2
2 0
2 0
36 1
133 1
12 2
4 0
66 2
92 1
24 2
7 0
12 1
6 1
6 0
38 1
1 0
3 0
19 2
13 1
9 0
13 2
5 1
36 1
3 0
10 3
153 1
23 2
64 1
25 2
7 1
29 3
26 2
5 1
3 0
24 0
6 0
7 1
8 2
2 0
5 2
65 1
3 1
2 0
1 0
6 0
41 1
53 2
181 1
25 2
3 0
26 1
131 1
2 0
34 1
5 0
3 1
5 1
26 1
4 1
7 0
14 2
36 1
12 3
5 0
12 0
11 1
2 0
1 0
14 2
5 1
45 2
2 0
3 0
31 1
10 1
3 0
13 2
6 1
4 1
23 2
19 3
7 1
59 3
3 1
69 1
4 1
19 3
1 0
40 2
33 3
40 1
25 1
8 2
27 5
5 2
6 2
15 1
4 0
20 2
9 1
36 2
2 0
7 2
13 1
2 1
9 1
1 0
28 1
132 1
35 1
4 1
11 1
38 1
3 1
30 4
2 0
11 0
21 2
10 4
12 2
4 0
16 1
3 1
25 1
26 2
7 2
6 1
102 1
5 1
25 1
3 0
2 0
4 2
10 2
24 2
4 1
53 1
10 2
8 1
40 1
13 1
3 0
48 1
14 1
3 0
18 2
35 1
4 1
15 2
34 3
2 0
3 0
7 1
17 2
4 0
19 1
14 2
6 0
24 0
1 0
3 0
4 0
16 1
1 0
2 1
10 2
8 2
4 1
5 0
5 2
13 2
6 1
4 1
9 1
4 1
13 4
85 2
5 1
19 1
1 0
10 2
7 1
36 1
5 1
6 1
8 1
118 2
13 1
2 0
1 0
2 0
46 1
18 2
3 0
9 1
3 0
18 1
4 0
96 2
15 2
6 0
16 2
32 1
3 0
1 0
18 0
9 2
13 1
48 1
2 1
2 0
12 1
22 4
3 1
1 0
13 2
62 6
8 0
17 1
21 5
15 2
12 1
100 2
4 0
8 4
32 1
39 1
3 2
8 1
35 1
3 0
8 1
5 1
12 2
21 3
2 0
8 1
8 2
2 0
7 1
9 1
13 1
8 0
3 2
67 2
51 1
34 4
3 1
5 2
47 2
27 1
32 2
52 2
6 0
72 1
4 1
19 1
7 1
2 0
48 5
12 0
2 0
6 1
5 1
1 0
1 0
5 1
24 2
43 1
19 1
2 0
51 1
15 3
8 0
3 1
3 0
9 2
44 1
1 0
48 1
4 0
55 1
2 0
2 0
6 0
7 0
8 1
3 0
5 2
4 0
92 1
15 3
8 0
3 1
56 1
83 1
4 1
1 0
26 5
111 1
25 1
31 1
30 1
23 2
6 1
3 0
1 0
2 0
28 2
27 2
2 0
3 0
8 2
14 0
4 0
4 1
30 1
37 1
8 2
14 3
11 2
6 1
11 1
63 2
88 1
2 0
2 0
3 0
21 1
67 1
7 1
4 0
65 2
18 0
28 2
5 1
6 2
12 2
5 0
22 2
12 2
6 2
14 3
2 0
4 2
3 1
2 0
7 0
13 2
10 1
29 2
2 0
6 0
27 1
24 2
11 1
5 2
13 3
3 0
3 1
3 1
6 0
4 1
134 1
6 0
4 1
7 1
81 1
1 0
21 1
75 1
4 0
96 1
43 2
11 0
2 0
2 0
15 2
66 1
12 2
144 1
35 1
12 2
4 3
36 1
8 1
3 1
6 1
5 1
5 1
3 1
91 1
5 0
7 0
2 0
16 2
4 0
12 2
15 3
1 0
17 1
7 1
103 2
8 2
2 1
2 0
16 3
9 0
17 1
6 1
30 1
6 0
1 0
7 0
17 6
28 1
2 0
55 3
4 2
25 1
30 1
2 0
3 0
4 1
38 5
11 1
22 1
1 0
91 1
64 3
19 0
53 3
5 0
64 1
76 1
20 2
3 0
19 2
3 0
13 1
27 1
1 0
5 0
10 1
13 1
5 1
5 1
80 1
8 2
10 1
2 0
3 2
5 0
32 1
3 0
26 2
20 4
26 3
5 0
3 0
37 1
45 2
35 2
3 1
34 3
3 0
17 1
3 0
2 0
3 0
1 0
6 0
14 1
6 1
1 0
3 0
19 3
59 1
4 4
8 0
35 3
44 2
85 1
66 1
12 2
5 1
43 1
5 2
108 1
104 1
18 0
22 2
3 1
48 1
78 1
2 0
5 0
4 0
6 3
9 3
1 0
40 2
47 1
38 3
20 5
41 1
28 1
5 1
46 2
61 3
47 1
20 1
3 1
7 0
55 2
40 2
117 1
21 3
30 2
12 0
16 1
8 0
6 2
5 0
4 2
41 2
2 0
4 1
66 1
55 1
5 1
36 1
30 2
9 0
80 1
38 4
43 3
7 0
17 3
1 0
2 1
2 0
17 1
2 1
3 0
2 0
2 0
27 0
5 0
13 3
16 2
28 0
3 0
3 0
44 1
15 1
3 0
79 1
3 1
9 0
2 0
28 1
19 0
40 1
5 0
105 1
7 1
25 1
1 0
1 0
9 3
12 3
3 0
15 1
21 0
37 1
3 0
2 0
7 1
5 1
5 0
21 1
3 0
1 0
7 2
9 2
4 0
11 1
2 0
47 1
23 3
50 1
31 1
5 1
96 1
16 2
5 2
7 2
71 5
30 2
5 1
8 3
18 1
19 1
10 1
10 1
3 1
9 1
70 1
5 0
2 0
9 1
23 1
6 2
3 1
29 2
43 1
5 1
38 2
1 0
21 2
4 1
59 2
169 1
3 0
52 2
61 1
32 1
14 2
35 0
83 1
30 0
19 1
25 1
18 2
12 0
10 1
1 0
9 1
24 2
44 0
4 0
9 1
16 1
57 1
7 2
29 1
43 1
3 1
60 2
11 2
5 1
4 0
2 0
8 0
41 1
90 1
11 0
3 0
55 1
17 1
28 0
19 1
32 3
12 0
36 1
24 1
4 0
3 1
2 0
11 1
16 2
3 1
36 2
12 2
3 0
3 1
3 0
7 2
13 1
1 0
10 1
25 1
78 3
46 1
29 2
38 3
3 0
11 1
53 1
16 0
3 0
2 0
10 1
4 0
3 1
7 4
59 2
25 5
38 1
42 2
1 0
4 0
3 0
8 2
1 0
18 0
8 2
86 1
4 1
24 2
3 0
135 2
9 0
51 2
42 2
4 1
5 0
9 0
39 1
197 1
23 2
42 3
8 1
10 2
7 1
29 1
5 0
31 1
19 2
6 0
4 0
2 0
21 3
43 1
1 0
11 4
2 1
32 4
108 1
66 1
38 2
1 0
4 2
2 0
1 0
25 1
9 1
16 0
90 3
14 3
4 1
9 3
22 1
68 1
25 1
5 0
4 1
4 1
97 1
41 2
12 1
16 1
2 0
2 0
10 2
1 0
52 1
36 1
17 1
13 3
4 0
4 0
19 3
3 0
11 0
3 0
57 1
3 1
2 1
4 1
12 2
2 1
14 1
4 0
11 1
4 1
26 1
41 2
18 0
8 1
11 1
29 0
31 1
39 1
2 0
6 0
21 1
51 1
2 0
6 1
3 0
2 1
3 0
29 1
53 1
74 1
7 1
2 0
2 1
8 0
25 3
5 1
3 1
18 1
14 1
56 1
114 1
45 4
3 0
9 1
57 1
82 1
194 1
3 0
163 1
4 0
3 0
11 2
14 2
36 1
38 1
16 3
3 1
12 1
123 2
4 1
11 1
8 0
24 3
3 1
23 1
72 1
26 3
119 1
42 3
3 0
43 1
48 1
10 0
2 0
5 1
40 1
4 0
2 0
11 2
31 3
51 1
7 1
2 1
28 3
5 1
2 1
3 0
4 1
2 1
6 2
53 2
2 0
8 0
22 4
85 1
4 0
69 1
8 2
37 3
11 1
4 1
4 1
21 1
7 1
8 0
1 0
1 0
48 1
5 0
7 2
7 2
17 1
10 1
8 2
45 2
2 0
3 0
3 0
4 0
29 1
30 1
66 1
41 1
16 1
19 0
10 2
73 1
9 1
15 2
32 1
76 1
6 1
270 1
7 1
3 0
3 0
2 0
19 2
66 1
16 2
2 0
3 1
58 1
6 0
17 1
138 1
72 1
4 1
8 4
61 2
27 1
34 1
111 1
8 2
6 1
18 6
3 0
23 1
5 0
6 2
4 0
4 1
7 0
3 0
96 1
25 3
17 1
54 2
18 1
1 0
80 2
13 4
11 1
3 0
3 0
103 1
46 1
80 1
3 2
5 1
13 4
91 1
3 0
149 1
45 1
6 2
40 1
4 1
8 2
4 1
30 2
4 0
6 0
21 1
3 1
194 1
11 2
4 1
8 0
5 1
10 2
4 1
5 0
26 0
39 1
230 1
41 1
14 5
19 1
26 1
44 1
41 1
2 0
4 0
94 1
37 1
16 5
74 1
9 0
49 1
29 1
16 0
116 1
42 2
31 0
57 1
26 2
12 2
53 1
12 1
157 1
4 1
16 1
6 0
42 2
47 1
28 1
77 2
32 2
3 0
5 1
30 2
69 1
76 1
25 1
2 1
14 1
7 1
6 0
2 1
110 2
40 3
7 0
60 3
5 0
10 3
19 1
2 1
48 1
48 5
18 2
66 1
7 0
29 1
3 0
39 1
8 1
2 0
86 2
8 1
14 6
26 1
6 0
3 0
39 1
10 0
17 2
1 0
7 1
2 0
14 1
30 1
3 0
1 0
68 1
8 0
10 2
126 1
3 0
45 1
133 1
4 0
1 0
8 1
27 4
2 0
2 0
79 1
13 1
2 0
83 1
6 1
14 1
49 1
48 1
4 2
40 2
9 2
7 0
12 1
6 1
10 0
72 1
6 0
3 0
43 2
6 0
51 2
5 0
17 0
2 0
4 1
4 0
11 2
10 1
12 0
4 1
16 2
40 1
40 1
2 0
44 1
10 1
117 1
47 2
12 1
64 1
5 2
61 1
4 0
10 1
17 2
87 1
3 0
33 1
26 4
101 1
9 2
1 0
3 0
22 1
58 1
71 1
80 3
45 1
5 2
4 1
15 1
8 0
7 1
1 0
3 0
8 0
25 1
27 1
3 1
103 1
40 2
8 1
18 1
27 1
5 0
7 0
39 1
35 1
22 4
8 1
11 0
18 1
133 1
48 1
12 0
62 1
5 1
31 1
17 1
188 1
33 2
2 1
27 1
4 0
5 2
11 1
9 1
1 0
74 2
3 0
3 0
1 0
1 0
10 0
11 0
10 2
20 3
17 0
66 1
11 1
25 1
5 0
25 1
3 1
8 0
17 0
7 0
3 1
330 1
36 1
33 1
31 1
14 2
11 1
3 1
1 0
4 0
119 1
14 1
16 1
3 1
9 0
5 1
18 1
7 2
2 0
9 0
8 0
27 1
5 1
4 1
11 1
21 0
10 2
19 2
12 1
9 1
46 2
9 2
2 0
3 0
3 1
8 2
1 0
140 1
12 1
46 2
4 0
6 0
7 2
2 0
3 1
55 1
11 2
4 0
9 0
27 1
43 1
14 0
7 1
48 1
41 2
23 1
39 1
38 1
13 1
39 1
21 1
15 1
3 0
3 0
4 0
50 3
89 1
48 2
7 2
2 0
4 2
3 0
16 2
1 0
28 1
2 0
7 2
2 0
3 2
28 2
133 1
52 3
2 0
24 3
46 1
14 4
4 0
2 0
52 2
11 2
11 0
1 0
2 0
9 0
1 0
16 1
11 1
27 2
3 1
5 0
14 1
4 1
1 0
7 1
2 0
48 1
54 1
1 0
4 0
6 1
2 0
1 0
1 0
7 0
4 1
2 0
14 2
17 1
14 3
15 2
19 1
3 0
5 1
2 0
49 1
21 2
123 1
10 0
8 0
32 2
4 0
9 3
2 0
4 0
4 1
8 1
6 2
13 1
114 1
4 1
41 1
26 1
21 1
7 1
27 0
15 2
39 1
24 1
18 1
52 1
3 0
34 5
3 0
5 0
1 0
41 1
3 0
6 0
12 1
10 1
10 2
3 0
2 0
2 1
5 1
46 2
3 0
66 1
10 0
11 4
19 2
4 1
15 1
75 1
8 1
18 2
56 1
13 2
9 0
29 2
5 0
85 1
3 0
3 0
5 1
7 0
5 1
14 1
44 1
5 1
40 1
4 1
45 1
3 0
35 2
3 0
2 0
70 1
72 1
7 0
33 1
22 3
3 0
39 1
48 1
19 4
3 1
8 1
20 2
1 0
35 3
3 0
5 1
3 0
7 1
2 1
6 0
4 1
4 1
3 1
42 1
1 0
6 1
3 0
4 1
31 2
11 2
2 1
19 1
14 3
18 1
3 1
2 0
2 0
44 1
6 2
6 0
5 0
21 0
51 4
7 0
79 1
9 1
14 2
14 2
108 2
1 0
5 2
61 1
20 4
20 3
4 1
4 0
6 1
56 1
4 2
4 0
3 0
2 0
3 0
37 1
31 1
1 0
9 1
2 0
7 1
9 1
3 1
5 0
132 1
51 1
4 2
3 1
3 0
16 2
8 0
10 3
17 1
32 1
52 3
54 1
3 0
7 1
52 2
107 1
19 1
49 1
49 1
12 2
6 0
64 2
25 1
12 0
9 2
20 3
2 0
5 0
6 0
3 0
33 1
6 1
4 1
6 0
67 1
3 0
35 1
8 0
32 1
7 1
45 1
38 2
3 0
52 1
77 1
34 1
12 1
5 0
5 1
9 1
3 0
3 0
4 1
8 0
29 1
4 1
35 2
161 1
19 0
2 1
6 0
6 1
4 0
3 0
6 0
7 2
22 3
41 2
30 1
109 1
45 1
41 2
54 1
49 1
8 1
9 3
12 1
1 0
7 1
7 1
11 2
39 2
9 2
12 0
22 2
5 2
4 0
2 1
5 1
8 1
5 1
3 0
22 0
11 1
44 1
1 0
12 2
47 1
12 0
6 0
2 0
4 1
14 1
16 1
28 1
4 0
3 1
41 1
45 2
1 0
75 1
3 1
5 1
3 0
11 1
1 0
3 0
73 1
27 1
58 1
3 1
41 2
3 1
18 2
5 1
25 2
61 1
20 1
16 1
16 1
3 0
144 1
4 1
4 0
2 0
29 3
2 1
2 0
53 1
9 0
22 2
3 1
34 1
6 1
72 1
12 0
7 0
14 2
8 1
30 2
52 1
2 0
10 1
52 1
58 1
26 1
26 2
2 0
5 0
9 2
4 1
5 0
37 1
4 3
4 0
11 1
12 2
4 1
11 0
3 0
69 1
106 1
19 3
13 4
9 4
8 3
47 3
25 2
9 0
45 2
2 1
155 1
3 0
69 1
212 1
29 2
52 1
8 1
3 0
3 0
42 2
23 2
4 0
20 3
5 0
7 0
113 1
25 1
4 0
4 1
51 1
37 2
14 3
2 0
19 1
19 1
21 1
6 1
5 0
33 5
2 0
3 0
6 2
27 0
15 1
1 0
4 2
2 1
9 0
47 2
20 1
9 1
12 1
78 1
4 0
3 0
1 0
59 1
44 1
8 0
16 2
3 0
2 0
67 1
1 0
12 1
56 2
1 0
5 1
2 0
17 1
18 2
14 3
4 0
11 0
3 0
9 1
20 4
9 0
4 0
2 0
2 0
6 2
13 1
30 3
32 1
4 0
4 0
2 0
61 1
21 3
2 0
4 0
10 1
5 0
34 2
8 2
5 1
5 1
32 1
45 1
61 1
8 0
7 2
2 0
1 0
4 0
7 2
3 0
3 0
2 1
16 3
146 1
123 1
17 2
35 1
2 0
19 2
51 1
14 2
51 1
45 1
8 0
11 4
41 4
54 1
4 1
51 1
11 0
2 0
6 2
5 0
47 2
3 0
19 2
17 2
51 1
2 0
1 0
34 1
6 0
4 3
1 0
22 2
2 0
9 1
38 1
17 1
36 1
28 1
101 1
5 0
38 1
1 0
14 1
85 1
6 1
4 1
26 4
88 2
80 1
83 1
11 1
14 2
9 1
7 1
17 1
51 1
6 0
15 1
14 1
15 2
7 0
20 1
6 0
65 2
6 1
6 1
7 0
5 1
31 1
11 2
4 2
9 3
7 1
5 1
15 3
75 1
68 1
61 1
1 0
80 2
59 1
23 1
8 1
2 0
17 1
3 0
23 1
77 1
14 2
20 2
44 1
2 0
85 1
3 0
58 1
2 0
3 0
51 1
4 0
3 0
75 1
2 0
4 0
5 0
16 5
43 1
6 2
10 1
11 0
36 1
11 1
4 0
2 0
3 1
1 0
77 1
2 0
68 2
74 3
47 1
29 1
22 1
26 1
4 1
4 2
37 3
25 1
9 1
1 0
155 1
1 0
4 0
6 0
12 1
5 1
2 1
27 2
20 1
17 1
2 0
3 0
10 1
1 0
2 0
7 1
8 0
63 1
2 0
14 1
10 2
3 0
13 2
16 2
3 0
3 0
24 1
5 0
34 1
22 3
5 0
14 3
16 2
1 0
9 1
19 1
39 2
6 0
38 2
2 0
9 1
69 2
46 1
1 0
2 1
47 1
3 1
2 1
10 0
23 2
7 0
54 2
7 1
21 1
3 1
14 1
48 1
5 1
2 0
3 1
3 0
67 1
3 0
5 1
112 1
7 0
1 0
75 2
3 0
20 1
22 1
5 0
19 1
36 1
43 1
7 1
1 0
3 1
26 1
66 1
26 1
21 2
46 1
47 1
1 0
84 1
38 0
39 1
31 1
54 1
22 1
6 2
72 1
35 0
2 0
73 1
21 1
3 0
34 1
13 0
86 1
175 1
11 0
13 1
41 1
3 1
14 2
2 0
17 1
51 1
2 1
1 0
27 1
5 1
13 2
16 2
7 0
53 1
75 1
13 1
12 1
14 1
18 1
50 1
4 0
4 1
10 0
24 2
35 1
5 0
132 1
8 1
21 1
6 1
13 2
3 0
35 1
2 0
129 1
7 1
5 0
32 1
108 1
3 0
2 0
3 0
4 0
39 1
2 1
5 0
9 2
81 1
5 0
9 1
35 3
56 1
6 1
25 0
4 0
4 1
4 0
29 1
3 0
2 0
5 0
21 2
17 1
4 0
2 0
50 1
28 2
1 0
3 1
6 1
10 2
3 0
73 1
31 2
3 0
20 1
4 1
63 1
10 2
12 4
21 1
3 1
6 1
5 1
9 1
18 1
24 2
1 0
82 2
7 0
15 1
39 1
7 2
4 1
19 1
2 0
29 2
7 1
9 1
22 2
15 1
2 0
6 0
8 2
5 0
9 2
222 2
19 2
10 1
2 0
5 1
12 2
1 0
4 2
12 1
47 1
6 1
38 1
15 2
7 1
3 0
34 1
1 0
6 1
3 1
33 1
11 1
4 1
59 3
1 0
66 1
3 0
22 3
8 1
18 1
1 0
39 1
6 1
9 0
7 1
76 1
6 1
3 0
1 0
3 1
75 1
3 0
113 1
28 1
2 0
26 1
42 5
6 2
4 1
11 3
10 1
17 2
18 1
38 1
1 0
2 0
1 0
7 1
1 0
4 1
6 0
6 1
8 2
25 1
43 1
18 2
2 0
2 1
45 1
5 0
46 3
18 1
34 1
4 0
3 0
4 0
9 1
44 1
52 2
2 0
3 0
49 2
4 0
46 1
2 0
6 1
4 1
51 1
12 2
1 0
15 1
5 2
7 3
13 1
45 1
3 1
3 0
7 0
5 0
6 1
1 0
12 1
11 3
57 1
3 0
61 1
89 3
7 0
12 1
54 1
29 1
3 0
30 1
40 2
4 1
22 2
5 0
19 3
2 0
28 1
56 2
96 1
4 1
6 1
3 0
37 1
2 0
2 0
45 1
61 2
2 0
7 1
41 1
7 1
3 0
77 2
23 1
2 0
6 0
10 1
252 1
2 0
15 5
3 0
3 0
15 1
50 1
99 1
107 1
2 1
47 1
5 0
62 1
45 1
32 4
5 2
83 1
4 0
10 1
4 0
29 1
41 2
15 3
10 1
169 1
1 0
22 1
3 0
9 0
2 1
26 2
60 1
2 0
49 1
39 1
6 1
19 1
1 0
1 0
29 5
3 1
16 3
1 0
1 0
3 0
6 0
13 0
3 0
7 1
3 0
83 1
213 1
20 4
11 1
202 1
9 1
47 2
4 0
8 1
52 1
3 1
9 2
4 0
12 1
3 1
44 2
16 1
8 1
57 2
11 1
24 2
14 6
1 0
4 0
12 2
7 1
8 1
1 0
7 1
4 0
4 0
2 1
25 1
3 1
3 0
3 0
7 1
6 0
7 2
87 1
2 0
3 1
3 0
3 0
105 1
6 2
5 0
17 1
2 0
2 0
3 0
4 1
15 3
10 2
2 0
12 1
14 1
76 1
69 1
4 0
9 1
98 1
40 2
5 0
15 1
32 3
5 1
78 1
2 1
20 1
4 1
17 2
94 1
3 0
3 1
6 0
3 2
49 1
2 0
10 0
13 1
5 1
6 1
55 1
1 0
2 1
11 1
81 1
2 0
7 0
8 2
9 1
49 3
4 1
19 1
34 1
3 0
1 0
20 1
3 0
11 2
11 0
10 1
15 3
9 1
24 1
30 1
23 1
7 0
10 2
51 1
18 1
7 1
8 1
144 1
2 0
4 2
68 1
2 0
20 1
6 0
44 1
30 1
1 0
18 2
32 2
43 2
3 0
19 4
12 0
4 0
9 0
37 1
26 1
54 1
24 3
14 1
63 1
14 1
64 1
77 1
2 1
29 4
10 0
6 1
44 1
4 0
16 2
20 1
2 0
41 2
43 2
20 1
4 1
28 1
32 1
3 0
3 0
6 0
29 2
21 1
22 3
30 1
7 2
6 2
1 0
39 1
2 1
1 0
3 0
15 1
4 0
25 2
47 1
1 0
5 2
3 0
13 1
5 1
2 0
59 1
5 0
1 0
65 1
53 2
1 0
36 3
7 1
12 1
9 2
2 0
18 3
35 1
23 1
37 2
4 0
5 1
37 2
32 2
27 1
22 1
2 0
7 0
1 0
7 1
2 0
47 2
41 1
20 1
26 1
1 0
40 1
9 3
94 2
4 0
25 3
4 0
2 0
4 1
8 0
2 0
3 0
22 2
17 3
1 0
28 1
17 1
2 0
5 1
1 0
42 2
8 1
7 0
43 2
1 0
22 3
27 2
9 1
6 0
23 2
30 1
13 2
5 0
4 1
11 5
4 0
16 2
32 0
8 0
74 1
29 1
2 0
40 1
69 1
23 1
5 1
27 1
5 1
13 2
35 2
5 1
86 1
11 2
8 1
27 2
5 0
9 1
3 0
1 0
19 2
113 1
4 1
1 0
129 1
7 1
31 1
76 1
17 1
33 2
92 1
34 1
3 0
5 0
12 1
2 0
15 0
41 1
2 0
31 1
14 1
3 0
44 1
37 2
22 2
11 1
1 0
2 1
3 0
3 0
2 0
3 1
58 1
11 0
1 0
14 1
14 1
66 1
29 1
6 1
67 1
10 1
51 1
4 2
9 0
2 1
34 1
53 1
17 2
2 0
6 0
69 1
3 0
31 0
10 1
1 0
4 0
79 1
19 0
2 0
69 1
11 0
38 1
33 2
15 2
55 1
3 0
29 1
25 2
4 1
2 0
18 1
3 1
1 0
5 1
99 1
2 1
9 1
5 0
1 0
53 4
28 1
4 0
1 0
2 1
45 1
42 1
80 1
17 3
2 0
6 1
5 1
19 2
8 1
1 0
3 1
6 1
31 2
49 3
3 0
12 1
85 1
67 2
5 1
42 1
1 0
63 1
7 4
13 1
5 0
3 0
162 1
2 0
14 0
4 0
1 0
11 2
15 2
9 1
60 1
6 1
3 1
10 2
70 1
28 1
4 0
17 1
5 1
32 1
6 1
4 0
3 0
5 1
20 1
14 2
5 0
33 1
9 1
137 1
9 1
9 1
5 0
24 3
7 0
25 2
17 2
3 0
2 0
3 0
14 0
145 1
4 1
3 0
19 1
4 0
9 2
2 1
133 1
63 2
9 1
5 0
6 1
19 1
43 3
7 0
4 1
4 0
2 0
2 0
24 1
30 1
11 2
43 1
29 3
7 1
50 1
120 1
8 1
6 2
5 1
7 1
5 1
5 2
67 1
3 1
1 0
31 2
11 1
59 1
1 0
17 1
2 0
22 0
13 2
25 1
2 0
52 2
7 0
30 4
5 2
2 0
27 0
2 0
4 0
91 1
112 1
36 2
25 1
7 0
8 0
2 0
10 0
5 0
33 2
3 0
23 2
6 0
33 2
33 1
3 0
4 1
5 1
10 1
56 1
13 3
15 1
9 1
59 2
8 0
12 3
84 1
2 0
2 0
14 9
3 0
28 3
3 0
16 1
64 1
24 2
7 0
4 0
7 2
23 1
1 0
14 2
6 1
9 2
5 0
19 1
3 0
7 1
72 2
9 1
4 0
14 0
2 0
2 0
32 2
53 1
17 5
1 0
12 2
2 0
18 1
6 0
21 2
8 1
7 1
3 2
8 0
8 3
20 2
54 1
30 2
3 0
79 1
2 0
10 0
8 4
2 0
37 1
12 1
6 2
23 1
12 0
42 2
4 0
28 1
21 2
5 1
16 4
2 0
3 1
2 0
2 0
13 1
5 1
1 0
9 0
8 0
30 3
80 1
114 1
7 1
5 1
84 1
32 3
37 1
35 1
5 0
25 1
3 0
18 1
5 0
27 1
81 2
9 0
129 1
3 1
6 0
6 0
12 2
32 2
46 1
87 1
9 3
2 0
30 1
11 1
98 1
2 0
46 2
6 1
2 1
43 1
5 0
18 3
10 3
2 0
9 2
3 0
3 0
7 1
12 1
26 1
65 1
61 2
351 1
3 0
6 1
22 2
9 0
54 1
36 1
11 1
41 4
1 0
3 1
45 1
1 0
31 2
5 0
68 1
52 1
21 1
17 0
40 1
2 0
1 0
12 1
6 0
47 1
12 2
8 0
18 2
20 1
6 0
91 3
43 1
21 1
15 2
4 0
1 0
5 1
4 1
122 1
2 1
20 3
6 1
9 4
17 2
17 0
3 0
5 0
36 2
96 1
19 2
58 2
1 0
42 1
8 2
2 0
23 2
3 1
12 1
4 0
5 1
2 0
6 1
2 1
2 0
3 1
12 1
17 2
8 0
3 1
9 0
20 2
50 2
3 0
2 1
13 2
12 1
39 1
5 0
69 1
85 2
5 2
30 1
5 0
27 1
37 1
12 2
4 0
13 1
3 0
2 0
7 1
10 1
3 0
50 1
25 1
6 0
4 1
323 1
18 1
26 0
13 2
1 0
9 0
81 1
55 1
86 1
5 0
1 0
4 1
9 0
12 0
2 0
16 2
51 1
3 1
13 3
26 2
1 0
48 1
4 0
83 1
2 0
21 2
16 3
11 2
60 1
137 1
5 1
8 1
32 2
13 2
9 1
10 2
1 0
19 0
41 1
38 1
56 2
24 1
33 3
219 1
24 1
9 1
4 0
2 0
4 0
3 0
4 0
1 0
48 1
6 2
7 1
2 0
14 1
3 1
19 2
3 0
3 1
68 2
47 1
19 1
2 0
2 0
2 0
8 2
5 0
3 0
2 0
2 0
24 1
2 0
60 1
12 3
44 2
18 2
1 0
31 2
3 1
11 2
5 1
4 1
2 1
76 1
6 0
1 0
2 0
13 1
53 1
14 1
3 0
4 1
3 1
3 0
35 1
22 2
56 2
4 1
3 0
3 0
26 2
96 1
34 1
48 2
12 1
54 1
2 0
12 1
19 1
48 2
10 1
12 4
1 0
15 1
16 1
16 0
9 1
44 1
3 0
4 0
4 0
5 0
3 0
4 2
4 1
7 1
1 0
19 1
16 5
1 0
5 1
7 1
1 0
46 1
3 0
2 0
14 5
32 2
3 0
2 0
8 2
4 1
17 1
136 3
21 0
12 1
1 0
8 0
61 2
6 0
3 1
5 0
64 1
34 2
21 1
47 2
9 1
43 3
4 0
38 1
38 1
14 1
2 0
219 1
10 2
37 2
43 1
4 0
7 1
6 1
7 0
11 1
20 1
2 0
9 1
15 2
9 1
2 0
28 1
15 2
5 0
15 3
5 1
1 0
4 1
4 1
1 0
13 1
27 1
15 0
6 0
83 1
2 1
12 0
38 3
29 1
8 2
4 1
31 1
6 1
30 1
2 0
95 1
18 1
17 1
5 1
2 0
66 2
10 2
5 2
2 0
2 0
3 0
60 1
5 0
9 2
35 1
25 0
19 2
4 0
13 3
8 0
3 1
30 1
2 0
22 3
9 3
63 1
5 0
3 0
43 3
49 1
37 2
6 1
12 2
64 2
2 0
3 0
42 2
13 1
59 1
18 3
5 1
3 1
5 2
30 1
5 0
15 2
9 1
31 1
2 0
3 0
93 1
2 0
4 1
3 0
11 2
21 3
1 0
10 0
23 3
37 6
3 0
38 0
36 1
45 1
21 2
6 1
3 0
18 1
38 1
17 2
13 1
11 5
3 0
62 1
60 1
104 2
18 2
5 1
14 2
4 0
38 3
106 1
20 1
15 2
7 1
23 1
11 0
32 1
12 1
5 1
15 1
13 1
5 0
5 0
44 1
8 1
2 0
8 2
41 1
53 1
42 2
11 0
1 0
13 0
77 1
1 0
1 0
15 0
5 1
68 1
19 1
23 1
3 0
6 1
14 1
16 4
49 1
12 1
60 1
7 0
383 1
1 0
88 1
16 1
12 3
29 1
10 2
13 1
7 0
6 0
52 1
5 1
9 0
5 1
5 0
96 1
8 0
2 0
36 1
43 1
5 1
10 3
13 6
6 0
9 1
3 0
5 3
4 1
35 2
1 0
61 1
115 1
3 0
28 1
21 0
3 0
103 1
4 0
3 0
1 0
35 2
32 1
6 1
2 1
4 0
35 2
37 2
2 0
7 1
3 0
8 0
9 0
2 0
35 2
6 0
23 0
18 1
6 1
3 0
36 4
25 2
32 1
4 0
32 1
5 2
3 0
153 1
1 0
18 0
4 1
6 0
44 2
3 0
27 2
8 0
19 1
26 3
3 0
2 0
6 2
5 0
94 1
29 2
3 0
3 0
9 4
5 0
11 1
31 3
23 1
7 0
5 1
17 2
1 0
66 1
387 1
3 0
4 0
3 0
27 2
1 0
4 1
1 0
4 0
54 1
41 1
23 1
4 1
61 1
32 2
11 2
8 0
3 0
3 0
4 0
37 3
4 0
25 1
3 0
21 0
74 1
34 1
1 0
29 0
2 0
110 1
18 0
15 0
11 1
31 1
8 2
14 1
29 1
6 1
21 2
1 0
1 0
15 3
4 1
18 2
6 1
124 1
30 1
6 1
6 0
18 2
5 0
4 0
41 1
13 1
5 1
5 1
2 0
6 0
16 2
2 0
1 0
3 0
6 0
38 1
2 0
10 0
13 0
2 0
39 1
31 1
17 5
4 0
43 2
3 1
3 1
44 1
3 0
1 0
45 1
11 1
1 0
4 0
12 1
48 1
81 5
9 0
2 0
2 0
2 0
333 1
58 1
7 1
35 3
3 0
25 1
15 1
7 0
12 1
16 1
5 0
14 2
6 1
3 0
10 1
2 0
1 0
28 1
3 1
3 0
61 1
52 2
76 1
12 1
10 1
3 0
44 1
36 1
3 0
12 0
6 1
8 0
20 1
7 0
2 0
15 2
17 2
7 0
20 0
1 0
2 0
6 0
23 1
2 0
22 1
27 1
33 3
4 0
13 2
6 2
21 2
21 2
5 2
29 1
2 0
4 0
6 2
23 1
2 0
5 0
4 1
24 4
6 0
130 1
50 2
6 2
14 1
3 0
1 0
1 0
5 0
25 1
72 1
3 0
49 3
4 1
20 3
3 0
23 2
20 2
17 1
12 2
23 1
3 0
4 0
21 1
9 3
19 3
6 0
13 1
1 0
4 0
38 1
23 1
75 2
50 2
19 2
8 1
5 2
3 0
7 0
12 2
12 1
2 0
12 3
1 0
2 0
18 2
3 0
33 2
4 0
2 0
8 0
41 1
100 2
9 1
2 0
5 2
12 4
22 7
28 1
54 4
6 0
11 0
7 2
2 0
5 0
6 0
13 1
43 2
229 1
1 0
19 2
33 1
23 2
20 2
9 1
2 0
4 0
25 2
29 3
23 1
13 2
4 0
5 0
76 1
6 0
32 1
6 1
15 1
59 4
21 2
2 0
63 2
7 0
5 0
11 0
4 2
30 0
1 0
10 1
9 1
20 1
6 2
3 1
42 2
3 0
1 0
115 1
28 2
1 0
22 3
4 0
18 2
22 2
15 1
21 3
11 2
21 0
5 1
58 1
5 1
21 1
61 1
9 1
8 0
15 0
7 0
6 0
4 0
2 0
5 0
75 1
3 0
47 4
5 0
13 2
40 2
7 0
2 1
10 4
6 1
1 0
35 1
26 1
14 1
32 3
20 2
15 1
7 3
18 1
36 1
2 0
6 1
124 1
2 0
5 1
66 1
31 1
58 2
3 2
143 1
3 0
11 0
7 1
10 0
5 0
5 0
2 0
1 0
2 0
6 0
26 1
12 0
93 1
28 2
2 0
1 0
3 0
66 1
6 1
5 1
36 2
5 0
2 0
87 1
48 6
61 3
13 0
9 0
21 0
67 1
2 0
2 0
1 0
35 1
16 0
27 1
38 1
59 2
39 1
17 1
10 0
65 2
2 0
32 1
1 0
3 0
10 3
5 0
40 1
39 2
25 2
4 0
3 1
56 1
1 0
11 0
1 0
26 1
48 1
22 1
3 0
1 0
14 2
2 0
5 1
26 1
21 1
18 1
3 1
4 0
74 2
1 0
30 0
49 1
35 1
5 2
3 1
22 1
29 2
4 0
66 2
3 0
43 1
2 0
39 1
10 2
2 0
20 2
15 1
10 1
5 0
80 1
5 2
4 0
76 1
38 1
1 0
42 1
30 1
17 1
3 0
27 3
70 1
7 2
5 0
2 0
5 1
33 2
2 0
78 3
11 2
25 1
23 1
29 3
29 1
127 1
5 0
6 0
39 1
28 1
2 0
1 0
27 1
1 0
22 2
8 2
44 1
71 1
5 0
3 0
5 0
71 1
20 1
106 1
15 1
2 0
3 0
27 1
3 0
54 1
7 1
18 1
7 1
2 1
8 1
12 2
16 2
7 2
6 1
2 1
6 1
17 1
16 1
19 2
7 1
4 0
14 2
4 0
19 3
2 1
2 0
2 0
4 0
6 1
4 0
26 1
19 1
11 2
4 0
27 1
12 3
21 3
2 0
22 3
77 1
48 1
35 1
87 3
7 2
3 0
31 2
3 0
10 1
51 4
1 0
19 3
4 1
31 0
6 0
2 0
195 1
135 1
54 2
35 1
21 1
68 1
1 0
17 1
9 1
50 1
5 0
3 0
6 1
21 1
3 0
52 1
1 0
51 1
8 1
26 1
11 1
13 2
37 3
6 0
20 0
13 2
2 0
3 0
2 0
4 1
2 0
7 0
54 2
1 0
2 0
1 0
15 3
7 1
1 0
32 6
11 1
1 0
10 2
5 0
28 1
93 2
7 2
1 0
1 0
12 1
1 0
7 2
21 1
1 0
2 0
2 0
5 0
3 0
6 1
31 3
28 3
2 1
2 0
6 1
132 1
4 1
8 3
2 0
6 1
5 1
11 3
3 1
6 2
7 1
8 2
4 0
16 2
21 3
2 0
2 1
15 4
22 1
4 1
1 0
38 2
18 1
32 2
1 0
75 1
2 0
42 2
10 1
5 0
5 1
20 1
14 1
4 0
11 3
12 0
3 0
3 0
4 1
48 3
16 0
41 1
19 1
3 0
2 0
10 1
7 3
1 0
36 1
13 2
7 4
5 0
6 2
55 1
17 1
42 1
2 0
20 1
18 1
5 1
5 1
87 1
12 1
13 1
4 2
44 1
19 4
8 0
4 0
6 0
38 6
29 2
9 1
19 1
12 1
6 0
5 0
22 5
9 1
4 1
44 2
70 1
22 1
8 0
29 1
10 1
5 1
33 1
18 4
9 0
18 2
62 1
48 1
3 1
28 1
4 0
9 1
26 0
18 0
3 0
11 0
9 0
3 0
4 0
65 3
28 2
17 3
8 0
42 2
7 0
18 1
16 1
8 2
21 4
10 3
84 1
17 2
5 0
30 1
24 2
4 0
8 1
29 1
28 1
103 2
56 2
1 0
13 1
17 0
91 1
13 3
48 2
5 2
12 1
45 1
28 2
8 2
2 0
20 1
2 1
4 0
84 2
4 1
13 2
6 2
4 0
4 0
6 1
28 1
11 1
6 0
7 2
2 0
18 5
21 2
11 0
22 1
11 1
16 0
7 1
11 2
7 1
9 2
49 1
19 1
18 1
4 0
3 0
82 1
32 2
43 1
10 1
17 1
8 3
1 0
4 1
14 0
46 1
4 0
5 2
7 0
3 0
3 0
29 1
33 2
41 1
12 0
4 0
120 1
5 0
29 1
13 0
5 0
122 1
123 1
6 0
13 1
36 1
24 1
15 0
22 1
47 1
5 1
4 0
27 1
2 0
1 0
52 1
48 2
20 4
7 2
93 1
8 1
3 0
19 1
62 2
4 1
2 0
3 0
17 2
149 1
16 2
12 2
100 1
41 0
8 1
10 1
55 1
44 2
81 1
7 2
120 1
4 0
54 1
1 0
2 0
18 1
31 1
27 1
11 2
14 3
5 0
1 0
13 1
8 1
11 2
9 1
3 0
3 0
13 0
10 0
10 5
5 0
11 3
8 0
22 2
49 1
5 1
69 2
39 1
14 1
6 0
4 0
14 1
1 0
1 0
5 0
35 6
16 2
4 0
2 0
2 1
1 0
23 2
81 2
104 1
45 1
46 1
27 2
1 0
15 2
7 2
24 2
10 1
27 2
1 0
77 3
12 1
14 2
93 1
8 2
38 1
3 0
8 0
2 0
6 0
14 4
27 1
7 2
4 2
15 1
17 2
54 1
50 1
17 0
66 1
3 0
130 1
7 1
8 1
8 2
20 2
22 1
105 6
85 1
9 1
10 3
4 1
17 0
8 0
41 2
30 3
12 1
11 4
9 1
71 2
61 1
6 0
16 1
29 1
8 2
4 0
29 3
4 0
45 1
3 1
79 1
13 1
11 3
11 0
4 0
5 0
4 2
4 0
20 1
27 0
5 0
3 0
72 1
95 1
20 0
9 0
2 0
151 1
10 3
9 2
16 1
18 1
28 2
9 2
8 0
83 1
4 1
2 0
3 1
2 0
9 1
9 2
3 0
30 2
52 1
3 1
1 0
11 2
9 0
6 0
3 1
41 2
3 0
46 3
4 0
31 1
16 2
10 0
19 2
2 0
1 0
42 1
36 1
13 2
3 0
7 0
3 0
6 1
5 0
1 0
63 2
139 1
1 0
41 1
9 0
34 1
11 0
6 0
2 0
4 0
1 0
22 3
85 1
37 1
38 1
2 0
5 1
16 2
6 1
21 4
4 1
40 1
4 1
39 1
11 2
22 2
40 2
147 1
1 0
54 1
2 0
20 1
10 0
21 3
42 2
2 0
17 0
11 2
1 0
9 0
81 1
29 1
4 0
141 1
9 1
31 1
6 0
4 1
17 2
36 1
14 0
8 0
1 0
38 3
20 1
47 2
48 1
5 1
4 0
43 1
1 0
8 0
19 2
70 1
34 0
4 0
58 1
10 0
15 2
2 0
6 0
142 1
2 0
6 0
18 1
24 2
1 0
1 0
39 5
1 0
6 1
7 1
28 3
11 1
9 1
23 1
1 0
3 0
2 0
30 1
2 0
12 1
14 2
22 1
66 1
7 1
27 1
5 0
14 1
7 1
17 1
35 0
6 0
11 1
10 2
2 0
6 0
9 3
21 2
7 2
22 4
15 3
2 0
19 3
11 0
4 1
5 1
18 1
4 1
3 0
5 0
5 1
3 0
5 0
134 1
11 0
3 0
56 2
8 0
10 0
12 2
1 0
15 2
16 0
8 3
16 0
7 0
24 5
18 1
4 0
3 0
14 3
2 0
67 1
2 0
12 2
1 0
3 0
2 0
10 0
1 0
40 1
11 2
71 2
62 1
24 2
27 2
30 1
3 0
55 1
5 0
6 0
6 0
4 0
34 3
25 1
70 2
2 0
41 1
22 1
1 0
7 2
7 1
3 1
41 2
26 2
28 2
2 0
27 2
12 1
2 0
13 2
5 0
33 2
6 2
113 1
9 1
5 0
55 1
105 1
105 1
9 0
7 3
17 1
28 2
10 2
6 0
3 1
10 2
24 2
3 0
8 1
3 0
14 3
17 2
1 0
76 1
38 2
3 1
2 1
3 0
2 1
37 2
6 0
4 0
5 1
45 1
9 1
7 2
2 0
9 1
7 0
21 3
23 1
18 0
26 2
7 1
3 0
10 3
1 0
29 1
76 2
81 1
3 0
8 0
84 1
3 1
27 2
107 1
13 1
18 1
70 1
6 1
21 2
2 0
1 0
4 0
20 6
2 1
11 1
13 2
11 1
18 1
15 1
3 0
36 1
3 0
192 1
36 2
49 1
8 2
3 0
22 1
12 1
31 1
4 1
1 0
2 0
3 0
6 1
3 0
2 0
36 2
17 2
8 0
4 0
7 3
35 1
21 1
27 3
39 3
9 2
7 2
25 2
16 1
6 2
3 0
1 0
21 4
3 1
3 1
1 0
3 0
3 0
6 2
3 1
5 3
21 3
26 1
4 0
3 0
8 0
2 0
4 2
16 1
3 0
2 0
9 2
1 0
14 6
6 2
4 2
2 0
97 1
15 0
24 3
52 1
4 0
8 1
17 2
41 1
8 2
4 0
4 1
58 3
37 1
6 1
62 1
4 0
2 0
17 1
12 2
35 2
5 1
3 0
3 0
18 2
4 0
3 0
11 1
5 0
5 0
7 0
56 2
68 1
4 0
2 0
16 1
2 0
10 0
121 1
5 0
28 2
3 0
23 1
23 1
8 3
1 0
14 2
9 3
13 3
6 0
77 1
4 0
28 1
3 0
43 2
2 0
4 0
10 3
7 1
27 2
11 1
1 0
12 1
7 0
12 2
5 0
70 1
9 0
3 0
5 0
2 0
56 1
4 1
54 2
1 0
95 1
3 0
4 1
20 2
25 4
125 1
33 1
39 1
2 1
47 1
13 1
12 2
4 1
12 1
2 0
2 0
4 1
3 1
2 0
103 1
22 1
2 1
1 0
44 1
2 0
73 1
28 1
14 4
6 1
35 1
22 1
23 2
24 1
69 2
2 0
6 0
117 1
40 1
20 5
1 0
1 0
2 0
4 0
14 3
8 1
2 0
11 1
3 0
4 0
8 2
16 1
4 0
16 0
14 3
21 1
105 1
108 1
5 1
13 0
2 1
16 3
55 2
23 2
69 1
24 6
42 2
53 1
5 0
78 2
14 1
43 1
6 0
36 2
97 1
1 0
53 1
11 0
73 1
10 1
16 2
46 1
42 1
30 1
6 1
4 0
21 3
6 0
2 0
48 1
20 2
8 2
4 2
6 0
2 0
55 1
23 0
3 0
3 0
18 2
12 1
5 0
3 1
2 0
1 0
19 2
22 2
17 2
48 2
8 2
68 1
3 0
8 0
12 0
3 0
15 0
34 3
41 1
6 0
2 0
9 1
1 0
2 0
1 0
2 0
87 2
2 0
7 1
3 0
46 1
2 0
3 0
76 1
2 0
10 1
2 0
2 0
7 1
80 1
3 0
4 0
3 0
3 0
51 1
3 0
12 1
12 4
13 1
17 1
6 0
10 1
15 1
14 1
13 1
92 1
8 0
3 1
4 0
16 1
2 1
4 0
13 1
5 1
4 2
17 0
16 3
3 0
9 1
4 0
3 1
2 0
5 0
4 0
60 2
5 0
3 1
6 2
9 0
5 1
16 0
78 1
11 0
34 6
8 3
5 0
8 0
4 0
2 0
8 0
8 0
6 0
3 0
26 2
21 0
1 0
30 1
13 3
2 0
22 2
34 1
5 1
24 4
6 1
48 1
4 0
47 1
11 0
17 3
2 0
7 3
7 1
33 2
3 0
22 1
79 1
5 1
19 1
86 3
29 1
1 0
57 4
18 1
2 0
9 1
6 0
32 2
162 1
120 1
1 0
34 1
1 0
5 2
12 1
3 0
4 0
4 2
8 1
3 0
39 1
1 0
23 1
6 0
25 2
18 0
149 3
7 2
77 1
66 1
7 0
16 2
1 0
85 1
56 3
4 0
5 1
39 1
18 0
5 1
6 0
104 1
3 0
22 2
53 1
6 0
82 2
2 0
22 1
20 1
1 0
1 0
13 0
28 2
39 4
48 1
51 1
3 0
2 0
54 1
36 1
12 2
23 1
113 1
7 2
17 1
100 3
5 0
5 1
22 4
1 0
28 3
12 1
38 0
10 2
3 0
3 0
25 1
10 2
3 0
61 2
45 1
30 1
5 1
5 0
27 2
18 0
2 0
32 3
30 1
18 2
9 0
5 0
5 0
17 6
13 0
27 1
3 0
53 1
3 1
86 1
65 1
1 0
42 4
31 2
23 2
33 2
10 1
15 1
3 0
26 4
51 2
153 3
10 2
15 0
5 0
1 0
22 1
3 2
22 2
67 1
8 1
4 1
7 0
16 1
33 0
1 0
32 2
47 1
16 1
12 1
34 1
19 2
20 4
87 1
4 0
4 0
5 2
5 0
15 1
51 1
3 1
27 4
37 1
5 2
4 1
6 0
18 1
11 2
12 0
32 1
56 1
1 0
4 0
5 1
45 2
82 1
51 1
3 0
6 1
20 1
2 0
58 1
7 0
22 1
24 1
28 1
8 2
4 0
114 1
59 1
2 1
39 7
2 0
11 2
31 1
17 1
2 0
4 2
35 1
3 2
5 1
185 1
42 1
2 0
8 1
17 1
37 1
10 0
4 0
4 0
11 1
9 1
10 0
19 1
70 2
22 2
16 1
12 2
19 0
23 1
5 0
22 1
3 0
30 1
252 1
24 1
60 2
47 1
42 1
82 2
9 2
18 4
12 1
1 0
9 1
3 0
2 0
10 2
5 0
6 0
78 1
7 1
4 0
11 1
6 0
12 2
1 0
7 2
4 0
4 1
30 2
16 2
14 2
109 1
4 0
44 1
4 2
6 0
2 0
24 1
35 0
77 1
33 4
4 0
7 2
9 2
6 1
3 0
6 1
42 3
2 0
1 0
2 0
3 0
8 1
16 3
6 0
12 0
14 1
5 0
3 0
1 0
12 2
56 1
11 0
44 2
26 1
10 1
4 0
15 2
2 0
71 1
30 1
5 0
15 1
8 1
64 1
5 1
66 1
10 1
1 0
6 3
3 2
4 1
16 0
2 0
3 0
3 0
1 0
31 1
19 2
2 0
6 1
31 1
31 1
4 0
22 1
12 2
5 1
4 0
48 1
6 0
3 0
18 4
15 1
39 2
40 3
15 2
10 1
3 0
2 0
25 2
6 0
23 2
8 2
4 1
2 0
7 0
3 0
90 1
3 0
3 0
4 2
11 1
88 1
10 1
17 3
10 0
3 0
6 1
9 2
51 1
40 1
13 3
18 3
4 0
3 0
26 2
17 3
63 1
10 2
5 0
19 3
3 0
5 0
4 1
31 2
46 3
93 1
62 1
1 0
109 1
8 1
11 0
27 0
3 0
80 1
31 1
33 2
34 2
29 1
15 1
22 0
38 1
18 2
6 0
10 2
4 0
3 0
29 2
46 0
1 0
31 1
8 2
13 4
7 2
5 1
2 0
1 0
2 0
55 1
5 0
4 0
10 0
1 0
6 0
14 3
12 2
4 1
2 0
47 3
5 0
3 0
4 0
8 1
19 3
2 0
22 1
12 0
2 1
14 2
22 0
45 1
5 0
12 2
3 0
3 0
59 3
15 0
88 1
64 1
159 1
5 1
25 2
2 0
18 0
5 1
41 1
51 1
14 4
3 0
9 2
23 0
127 1
55 1
126 1
6 1
3 0
5 0
4 1
2 0
2 0
1 0
12 1
16 2
5 0
7 1
7 2
3 0
5 1
2 0
31 1
12 1
11 1
4 1
1 0
3 0
44 2
2 0
22 1
6 0
13 0
5 0
6 2
28 1
2 0
74 1
74 1
22 1
3 1
3 0
119 1
15 2
8 4
41 1
34 1
19 1
1 0
3 0
3 1
18 1
2 0
6 2
2 0
16 1
10 0
7 1
6 2
18 4
13 2
16 5
67 1
4 0
13 1
10 0
6 0
61 1
3 0
1 0
13 0
51 2
7 1
26 2
2 0
3 1
42 3
11 4
7 0
3 0
10 1
3 0
3 1
50 3
6 0
1 0
10 1
14 3
4 0
3 1
2 0
28 5
8 0
3 0
35 2
6 2
1 0
64 2
31 1
3 0
3 0
36 2
11 3
40 1
41 1
9 2
1 0
62 1
35 1
17 0
11 0
8 2
20 1
2 0
8 0
16 1
20 1
6 0
95 2
36 2
7 3
1 0
67 1
4 1
42 1
3 0
15 1
34 2
23 2
12 3
6 0
24 1
7 0
39 2
1 0
10 0
1 0
3 0
15 1
3 0
47 3
20 3
1 0
5 0
1 0
66 1
31 1
7 2
10 0
63 1
45 1
1 0
3 0
4 0
2 0
42 1
20 2
7 2
23 0
22 1
53 1
25 1
12 0
16 2
7 1
2 0
2 0
3 0
2 0
14 2
2 0
17 2
68 1
41 1
3 0
15 3
9 1
20 1
12 1
2 0
35 1
19 2
7 1
34 1
20 1
25 2
25 2
23 1
3 0
3 2
19 2
66 2
2 0
31 1
3 0
2 0
6 0
1 0
44 1
6 0
4 1
4 0
95 1
4 0
3 0
45 1
53 0
7 0
2 0
51 1
6 1
4 1
37 2
53 1
64 1
1 0
1 0
52 2
51 2
10 2
18 3
5 2
47 1
58 1
3 0
11 1
16 2
4 0
3 0
22 3
40 2
15 4
3 0
2 0
8 0
4 1
22 0
45 1
1 0
47 1
2 0
5 2
14 4
16 3
10 2
15 0
5 0
5 0
15 2
3 0
140 1
17 1
18 1
22 2
3 0
7 1
2 0
4 0
30 1
3 0
3 0
32 1
1 0
29 1
2 0
6 0
4 2
5 0
33 3
45 1
3 0
29 2
3 0
37 2
7 0
17 3
6 0
1 0
63 1
5 0
1 0
1 0
2 0
1 0
79 1
4 0
5 0
4 0
9 1
18 1
25 0
16 2
6 3
37 2
10 1
15 3
45 1
59 3
3 1
2 0
4 1
2 1
5 0
25 1
21 1
2 0
1 0
3 0
3 0
7 3
3 0
61 1
19 1
14 3
128 1
23 0
4 0
85 1
17 1
28 3
12 1
49 1
40 1
28 1
11 1
1 0
68 1
4 1
2 0
3 0
3 0
2 1
3 0
62 1
22 1
4 1
13 1
5 0
8 0
16 4
3 0
36 1
1 0
4 0
21 2
2 0
2 0
2 0
5 2
3 0
6 1
4 1
50 1
4 0
80 1
3 0
21 2
6 0
12 1
16 1
52 0
2 0
5 0
5 0
11 0
1 0
69 1
2 0
47 2
2 0
16 1
3 1
49 2
46 2
6 1
6 1
22 1
13 2
21 1
2 0
27 2
1 0
4 0
8 3
4 1
3 0
5 0
5 1
6 0
3 0
3 0
2 0
24 1
39 0
49 2
13 1
5 2
10 1
11 0
18 0
2 0
1 0
6 0
14 0
2 0
26 1
2 0
45 1
4 0
29 5
4 0
3 0
2 0
8 0
3 1
2 1
6 0
28 1
11 0
16 3
13 2
1 0
10 0
36 1
15 1
30 2
4 1
10 1
11 2
5 2
1 0
32 1
51 2
3 0
1 0
72 1
3 0
6 0
5 0
5 0
23 2
13 2
2 0
10 0
10 1
9 2
5 0
19 1
25 2
40 2
13 0
3 0
2 0
16 2
3 1
1 0
20 0
4 0
41 1
7 2
172 1
74 1
32 2
26 1
5 1
1 0
17 2
91 1
45 1
1 0
35 0
80 1
34 2
6 1
1 0
134 1
46 2
58 4
350 2
18 1
60 2
72 1
75 1
136 1
24 3
16 1
73 1
79 1
166 1
213 1
3 2
54 2
31 1
18 1
52 1
1 0
25 1
1 0
151 2
31 1
57 2
66 1
23 2
33 4
3 0
3 0
3 1
6 0
8 0
4 0
45 2
40 2
9 2
38 4
81 2
7 2
9 0
5 1
2 0
8 2
19 1
3 0
2 0
79 3
2 0
2 0
1 0
6 3
1 0
61 2
28 1
38 1
25 2
31 2
3 0
13 0
128 1
20 1
62 1
9 1
7 3
53 3
32 2
5 0
9 0
8 1
5 1
10 3
46 3
12 1
4 0
21 4
14 3
15 2
1 0
91 1
100 1
6 2
1 0
14 1
4 0
19 1
5 0
2 0
86 1
20 1
2 0
65 1
1 0
15 2
1 0
3 0
44 1
6 1
6 0
9 3
27 1
11 0
5 0
64 2
23 2
14 0
1 0
50 1
13 1
11 0
10 1
10 1
4 0
47 2
2 0
3 0
6 0
3 1
6 1
1 0
50 1
141 1
30 1
1 0
3 0
44 1
27 4
2 0
6 0
5 1
5 0
5 0
2 0
9 2
61 1
3 0
36 2
1 0
34 1
1 0
11 1
6 0
2 0
4 1
3 0
10 1
5 0
19 1
8 2
3 1
2 0
22 1
63 3
18 0
29 1
20 2
4 0
1 0
2 0
7 0
5 1
31 1
5 1
2 0
5 0
4 0
25 1
25 1
9 1
30 1
4 1
4 0
12 1
4 0
18 2
6 0
2 0
52 1
92 1
50 1
10 1
46 1
16 1
1 0
11 2
31 1
18 0
2 0
80 1
1 0
9 0
109 2
2 0
42 1
32 2
3 1
35 2
12 4
9 1
1 0
19 0
5 0
50 1
9 2
2 0
42 1
112 1
15 0
4 0
68 2
32 3
16 2
3 1
2 0
5 0
16 0
4 0
9 2
5 0
25 2
41 2
16 1
16 1
47 1
29 3
28 2
108 1
3 0
1 0
57 3
28 2
43 1
14 1
29 1
14 2
17 3
5 3
10 1
4 1
2 0
55 1
6 0
4 1
23 1
28 0
60 1
79 1
7 0
3 0
14 0
36 2
12 2
23 0
8 1
62 1
44 1
4 0
4 2
40 2
12 2
7 0
46 2
9 1
12 0
93 1
34 2
17 1
84 1
13 2
29 3
6 0
19 2
16 1
3 0
20 1
23 1
7 0
4 1
45 1
29 2
36 2
24 2
24 1
2 0
39 3
40 1
8 0
9 0
14 0
15 5
10 0
39 1
64 1
33 2
22 1
16 2
2 0
1 0
2 0
57 1
25 3
87 1
5 0
3 0
16 3
104 1
3 0
81 1
2 0
1 0
84 1
3 1
8 1
57 2
16 2
132 1
6 0
12 1
6 0
50 1
3 0
3 1
29 3
7 0
16 1
7 2
2 0
49 2
24 1
51 1
23 2
13 1
7 2
27 4
10 0
14 2
4 0
95 1
9 1
24 1
11 0
3 1
17 2
8 1
21 2
5 2
6 0
4 0
5 1
6 0
6 3
37 2
36 1
46 1
2 0
2 0
142 1
5 0
1 0
20 2
20 1
8 2
6 0
29 1
1 0
4 0
5 1
9 2
7 0
5 0
3 0
3 1
1 0
37 1
18 0
10 2
14 1
6 0
3 0
10 1
3 0
33 2
22 4
7 1
6 1
12 1
102 1
45 1
23 2
36 1
5 0
12 1
14 0
196 1
25 3
55 1
2 0
22 1
13 2
57 1
32 1
5 1
11 1
3 1
78 1
53 2
4 0
7 1
2 0
7 1
12 0
37 1
12 2
24 1
117 1
3 0
10 0
8 1
11 1
51 1
9 1
56 1
7 2
16 1
17 1
30 1
4 1
26 1
6 2
19 1
4 1
3 0
7 0
2 0
4 0
3 0
9 1
2 0
12 0
13 2
30 4
28 1
14 2
1 0
74 1
8 0
29 1
73 1
32 1
34 1
11 1
4 0
33 2
5 0
22 0
47 1
10 0
3 0
28 3
2 1
90 1
2 0
19 1
4 0
4 1
8 0
22 1
4 0
32 1
4 0
8 1
51 1
10 1
4 1
2 0
10 2
9 1
51 2
28 0
4 1
41 1
4 3
178 1
17 3
8 0
7 1
3 1
9 1
47 1
3 1
19 2
16 2
1 0
35 1
18 0
10 0
2 0
2 0
5 0
13 2
3 0
1 0
2 0
2 0
73 3
24 0
1 0
95 1
37 2
6 1
39 2
3 0
1 0
37 2
27 1
15 1
3 0
4 0
6 0
7 0
150 1
9 2
3 0
3 0
6 0
8 0
31 1
37 1
2 0
4 2
3 0
44 1
5 0
35 3
4 0
4 1
32 0
70 1
2 0
3 0
31 4
2 0
9 3
8 2
3 0
2 0
19 4
20 0
5 1
4 2
6 0
34 1
31 1
13 1
1 0
2 0
12 0
7 0
8 0
4 1
2 0
6 2
6 0
62 1
53 1
36 1
3 0
1 0
1 0
14 0
6 0
22 2
9 0
6 0
152 1
45 1
14 1
19 1
6 0
54 1
14 4
1 0
16 2
2 0
9 2
109 1
1 0
7 1
33 2
7 0
12 1
5 1
3 0
6 1
8 0
235 1
104 2
8 1
9 1
22 1
12 0
1 0
6 0
44 2
43 2
4 0
11 2
3 0
31 1
31 1
4 0
12 3
1 0
3 0
1 0
7 0
5 1
10 1
6 2
48 1
4 0
7 1
2 0
18 0
3 0
31 3
18 0
211 1
8 2
44 1
22 1
1 0
1 0
3 0
41 2
10 1
51 1
1 0
2 0
11 0
72 1
6 0
38 1
7 0
30 1
15 0
7 0
47 1
15 1
42 1
12 3
5 0
94 1
4 0
38 1
9 1
15 2
70 1
47 1
3 1
2 0
2 0
1 0
124 1
4 0
7 0
9 0
17 0
3 0
1 0
14 2
4 0
5 1
5 0
4 0
10 2
9 1
1 0
143 1
79 1
7 1
10 2
32 1
6 0
81 1
17 1
10 0
11 2
91 1
105 1
5 0
15 1
2 0
27 2
19 3
1 0
3 0
20 4
13 4
51 0
3 0
47 1
61 2
2 0
4 0
4 0
2 0
50 2
59 1
15 4
49 1
7 0
23 5
4 1
150 1
11 3
3 0
19 2
9 2
40 1
59 1
2 0
4 1
4 0
14 4
37 1
32 0
3 1
5 0
15 1
2 0
13 2
10 3
5 0
2 0
38 1
45 1
7 1
12 1
20 2
6 2
6 0
14 2
169 1
20 3
4 0
4 0
126 1
11 0
6 0
13 1
6 0
22 2
44 1
10 0
47 2
6 0
74 1
11 1
19 0
37 1
1 0
34 1
42 2
7 0
29 1
56 1
10 1
10 3
6 0
15 2
3 0
6 1
6 0
2 0
38 1
3 0
4 0
25 1
2 0
5 0
17 0
8 2
4 0
11 1
19 0
5 0
31 1
19 1
19 0
80 1
2 0
2 0
6 1
48 1
12 2
63 1
47 1
17 2
20 1
22 4
60 1
62 1
16 1
1 0
8 2
16 1
1 0
3 0
46 1
17 0
5 0
6 1
122 3
16 1
21 2
77 1
41 1
4 0
22 2
3 0
5 0
6 0
1 0
5 1
211 2
4 0
15 0
36 0
2 0
4 1
11 2
17 1
3 1
20 2
9 1
3 0
14 2
12 1
2 0
9 0
32 2
2 0
18 5
15 0
88 1
12 0
3 0
1 0
9 2
29 1
5 0
27 1
6 1
5 1
2 0
11 1
6 1
7 1
5 1
20 5
192 2
5 0
108 3
38 0
64 1
26 1
88 2
10 1
53 1
98 1
21 1
68 1
5 0
5 0
66 1
6 0
7 0
4 0
3 0
3 0
3 1
11 0
10 1
48 1
2 0
1 0
7 0
9 1
6 0
1 0
29 3
2 0
2 0
3 1
34 2
32 1
16 0
111 1
4 1
12 1
8 0
4 0
47 1
10 0
2 0
6 0
5 0
25 1
13 1
77 1
3 0
19 2
2 0
2 0
14 0
3 0
40 3
4 0
42 1
13 0
11 0
25 4
3 0
100 1
17 1
2 1
91 1
10 0
10 1
51 1
31 1
7 0
6 0
23 1
86 1
11 2
11 0
23 2
9 0
52 1
12 1
45 3
118 1
68 1
9 2
12 2
5 0
5 0
1 0
5 0
13 1
5 1
26 4
5 0
9 2
8 0
101 1
1 0
18 1
8 0
5 0
28 1
56 1
3 0
7 0
5 3
28 1
54 1
9 2
1 0
5 0
2 0
12 1
6 1
15 2
69 1
9 0
4 0
10 2
38 2
6 0
10 2
7 0
2 0
13 1
5 0
9 1
1 0
18 3
8 0
12 1
26 1
7 0
29 1
25 2
2 0
6 1
14 3
24 2
25 2
6 1
1 0
4 1
5 1
66 1
3 0
19 1
10 0
9 0
4 1
8 1
8 0
14 3
19 1
26 2
13 2
64 3
11 1
52 3
5 0
10 0
17 1
16 1
5 0
39 1
33 1
157 1
60 1
5 0
29 1
108 1
17 2
52 1
80 3
13 1
18 1
2 0
5 0
49 2
9 0
8 0
1 0
6 0
5 0
4 0
16 2
20 3
44 2
3 1
4 0
4 0
67 1
11 1
75 1
2 0
12 1
9 1
19 1
3 0
47 2
11 2
3 0
6 1
18 1
2 0
1 0
8 2
10 0
2 0
4 0
22 0
15 1
9 2
82 1
5 1
55 2
7 0
6 1
3 0
16 2
6 1
2 0
7 1
1 0
4 0
68 4
3 0
1 0
7 0
23 2
13 0
12 3
15 2
4 1
2 0
21 2
4 0
30 2
17 0
20 1
3 0
68 4
13 3
95 2
5 0
7 2
33 2
3 0
11 3
43 3
7 1
4 0
17 1
25 1
48 1
8 0
3 0
1 0
3 0
6 0
5 0
41 1
56 1
13 2
9 0
42 0
44 0
49 2
5 1
8 0
4 1
1 0
56 1
6 0
7 4
21 0
6 1
19 2
1 0
21 1
55 1
114 1
6 2
8 3
27 1
17 3
8 0
14 0
15 2
26 1
2 0
3 0
21 2
6 2
2 0
14 1
64 1
10 2
6 0
36 3
5 0
32 1
10 0
3 0
2 0
3 0
2 0
3 0
135 1
2 0
11 1
3 0
7 0
2 0
40 2
2 0
14 0
80 1
35 1
9 2
5 0
4 0
7 2
18 1
29 2
49 1
5 2
7 0
5 0
5 1
31 1
3 0
69 2
9 1
8 0
7 0
13 1
27 3
32 2
1 0
15 1
27 2
3 0
37 1
6 0
7 0
57 4
6 0
4 1
101 1
46 1
10 3
5 1
7 0
20 3
2 0
1 0
31 2
51 1
39 3
1 0
36 1
53 1
9 1
4 0
14 1
3 0
18 2
4 0
1 0
52 1
6 1
18 2
59 1
3 0
17 0
14 1
9 1
14 1
39 1
17 0
60 1
15 1
12 0
16 1
4 1
7 1
5 1
46 1
23 1
18 1
13 1
10 1
7 0
109 1
4 0
3 0
2 0
37 3
2 0
5 0
12 1
34 1
6 0
3 0
60 6
40 2
3 0
2 0
4 0
214 1
18 3
3 0
23 1
43 2
3 0
38 0
5 1
4 0
53 3
45 1
5 2
10 1
50 2
15 2
11 2
6 0
83 1
13 0
7 0
6 0
24 2
4 0
56 1
3 0
2 0
8 3
120 1
11 2
7 0
14 1
20 2
9 0
61 1
3 0
128 1
6 1
7 1
9 1
1 0
14 3
10 0
46 1
65 1
1 0
3 0
42 1
3 1
5 2
33 0
2 0
7 2
4 1
3 0
4 0
2 0
22 0
5 0
1 0
2 0
3 0
1 0
28 2
3 0
5 2
7 3
5 1
2 0
4 0
5 0
21 1
47 1
9 1
10 0
12 4
15 1
18 2
44 1
1 0
47 1
64 1
10 3
16 0
69 1
12 0
101 1
9 2
3 0
3 0
2 0
8 2
17 2
7 0
110 1
21 3
1 0
51 1
15 2
4 0
22 1
11 0
49 1
25 2
4 0
4 0
15 0
16 3
3 0
42 0
105 1
52 2
23 2
17 3
6 1
1 0
2 0
94 1
3 0
5 3
3 0
8 1
65 2
19 2
6 0
1 0
2 0
17 2
2 0
27 0
54 2
25 2
178 2
4 0
14 0
95 1
52 2
32 2
27 1
10 1
11 0
2 0
29 1
14 1
3 0
15 2
22 3
9 3
7 2
6 1
3 0
5 1
4 0
4 0
7 0
23 2
29 0
6 0
56 1
3 1
2 0
6 0
2 0
91 1
19 1
5 0
28 2
1 0
1 0
8 1
11 1
71 1
3 0
3 0
21 1
4 0
28 1
48 1
1 0
47 1
88 1
6 0
29 1
10 1
50 2
17 2
50 2
2 0
14 3
29 1
8 2
22 1
2 0
34 4
31 1
3 0
16 3
9 0
2 0
6 0
2 0
3 0
21 1
2 0
9 1
85 1
6 1
29 1
15 3
2 0
30 2
11 0
20 1
6 0
4 0
78 1
22 2
17 3
3 1
2 0
8 1
25 1
3 0
3 0
9 4
36 2
13 1
13 2
2 1
34 1
2 1
6 0
86 1
53 1
2 0
21 2
3 1
18 1
2 1
13 1
45 0
15 2
13 2
6 1
3 1
4 1
123 2
8 1
47 1
8 2
6 0
6 0
11 0
2 0
2 0
14 3
7 1
1 0
7 2
2 0
6 1
50 1
2 1
3 0
2 0
59 1
4 0
7 1
1 0
21 2
1 0
3 0
17 1
5 2
92 1
61 2
16 3
40 1
1 0
10 3
1 0
3 0
39 1
16 2
34 2
2 0
5 1
45 2
18 2
6 0
2 0
8 1
18 1
10 1
21 2
3 1
10 1
1 0
9 0
10 1
25 3
5 0
26 1
33 1
2 1
21 2
7 0
3 0
3 0
23 1
2 0
14 0
26 2
3 0
28 2
82 2
7 0
12 1
12 0
2 0
4 0
58 1
7 1
6 1
9 2
42 3
23 2
4 1
30 3
4 1
3 1
4 0
2 0
2 0
18 1
20 0
7 2
111 1
53 2
9 0
13 2
17 0
7 0
46 1
2 1
15 1
6 0
34 1
5 1
2 0
11 1
17 1
36 0
11 2
21 0
13 0
56 1
3 1
6 0
21 1
17 1
6 0
3 1
32 2
1 0
3 0
4 0
11 1
2 1
5 2
3 0
25 1
3 1
7 1
2 0
25 1
27 2
12 1
3 0
5 1
91 2
4 1
39 1
5 1
10 1
1 0
46 1
34 3
2 0
39 1
3 0
26 1
4 0
1 0
4 1
26 2
2 0
22 3
4 0
2 0
29 2
4 0
4 1
4 0
4 0
6 1
48 1
85 1
2 0
9 2
7 0
5 0
25 6
3 0
23 1
3 0
3 1
75 2
1 0
49 1
2 0
1 0
4 1
10 1
20 1
7 0
15 2
8 0
5 1
5 0
18 2
4 0
6 1
10 2
12 2
10 1
8 1
59 4
22 1
5 1
18 2
4 1
3 0
70 1
47 1
4 1
40 3
15 1
5 1
3 1
4 0
3 1
10 3
3 0
18 1
12 0
10 1
28 3
3 0
10 1
23 0
8 1
28 1
43 2
20 2
18 2
12 0
1 0
5 0
3 1
20 2
7 1
13 2
16 3
2 0
1 0
17 2
8 1
105 1
18 0
48 1
83 1
3 0
23 1
23 1
16 3
22 1
28 1
4 0
13 1
4 0
5 0
6 1
51 2
11 4
5 0
161 1
7 1
4 1
1 0
15 3
1 0
51 1
5 1
1 0
4 0
11 1
4 0
1 0
75 2
1 0
3 0
21 1
67 1
13 0
1 0
23 1
21 2
118 1
4 0
2 1
114 1
12 2
2 0
34 1
24 1
30 3
4 1
20 2
27 1
4 0
2 0
3 0
14 2
32 5
51 1
38 1
17 0
130 1
20 2
2 0
43 1
3 1
38 1
7 3
48 1
21 1
3 0
3 0
3 0
4 0
17 1
40 2
18 1
8 1
3 1
22 3
9 1
17 1
89 1
18 1
6 2
5 1
1 0
52 1
48 1
7 1
15 1
3 0
23 1
6 0
25 1
10 1
4 0
9 3
3 0
48 1
28 2
3 1
8 1
2 0
3 0
2 0
81 1
5 0
43 1
46 1
1 0
9 1
2 0
19 4
5 2
6 2
15 1
22 2
4 0
7 1
30 3
16 1
9 1
19 1
73 3
224 1
5 0
8 1
4 1
27 2
59 1
28 3
28 1
2 0
1 0
3 0
4 1
9 3
14 2
3 0
2 0
15 2
3 0
3 0
31 1
4 1
3 1
8 1
3 0
24 1
4 1
23 2
41 2
6 2
9 3
12 1
19 6
7 1
75 2
3 1
3 0
5 2
28 1
64 1
80 1
256 1
29 1
13 0
24 1
43 1
31 1
51 1
4 0
9 3
7 0
2 0
3 0
6 1
2 1
9 1
18 1
11 2
7 0
6 3
12 0
5 1
17 2
2 0
42 2
29 1
29 1
38 4
11 4
8 1
8 1
1 0
31 1
4 2
3 1
4 1
10 1
104 1
185 1
28 2
17 0
3 1
15 1
8 1
25 1
7 0
65 1
35 4
2 0
8 1
16 1
25 1
3 1
2 1
5 0
18 2
4 0
84 1
42 1
2 1
28 1
13 1
5 1
5 0
10 1
19 1
25 5
3 1
72 1
18 1
4 0
4 0
2 0
8 1
1 0
22 1
46 4
4 0
4 1
2 0
10 1
22 3
9 2
93 1
17 4
5 1
31 1
1 0
16 2
108 1
3 0
13 2
1 0
3 0
3 1
70 1
102 1
31 1
8 1
2 0
48 3
18 2
86 1
24 1
10 3
12 0
2 0
25 1
41 2
19 3
1 0
4 1
1 0
3 1
2 1
3 0
11 2
133 3
47 1
51 1
11 2
12 2
37 1
2 0
18 2
5 0
19 4
45 3
85 1
4 1
36 3
110 3
2 1
7 1
14 2
28 3
1 0
32 1
39 1
7 0
43 1
8 1
5 1
4 0
26 2
32 1
100 1
45 1
2 0
7 0
5 0
32 2
63 2
6 1
10 1
47 2
18 1
5 2
19 2
36 1
2 1
26 2
11 1
7 2
2 0
2 0
102 1
2 1
2 0
84 1
6 1
7 3
10 3
4 1
65 1
1 0
44 3
7 1
8 1
68 1
81 1
39 1
3 1
3 1
2 0
1 0
1 0
6 0
31 4
11 2
9 1
9 1
10 2
6 1
40 1
67 2
10 1
42 2
46 1
28 2
22 3
6 1
2 0
3 1
6 0
17 1
18 3
9 1
1 0
6 0
12 0
35 1
68 3
4 0
17 3
6 1
29 0
150 1
5 0
106 1
47 2
12 1
4 0
92 1
3 0
22 0
16 2
9 0
8 3
59 1
6 0
24 3
8 0
35 0
69 1
16 1
127 2
3 1
9 3
5 0
2 0
37 1
2 1
6 0
1 0
7 0
11 0
3 0
12 2
10 1
11 1
4 1
4 0
46 2
67 1
8 3
15 1
35 3
7 1
26 2
11 1
2 0
125 2
2 1
23 0
11 1
5 0
13 1
8 1
46 2
9 2
11 2
4 1
43 1
14 3
2 0
38 1
9 0
15 1
7 0
14 0
2 1
3 1
14 1
5 1
2 0
78 1
37 2
50 1
2 0
4 1
12 0
10 1
6 0
9 0
2 0
3 1
11 0
39 4
33 1
5 0
3 0
52 1
3 1
3 1
13 1
3 0
8 1
15 2
2 0
2 0
23 1
3 0
5 2
21 1
13 3
72 1
8 0
12 2
4 0
3 0
62 2
8 1
9 0
28 2
61 1
3 1
6 1
28 1
8 2
5 1
17 1
12 2
65 1
55 3
44 1
3 0
119 1
147 3
12 0
57 1
26 2
2 0
6 2
6 0
1 0
20 3
15 0
19 1
8 0
22 1
19 2
2 0
4 1
8 2
12 1
1 0
6 0
2 0
5 1
36 4
21 1
7 2
4 0
57 3
1 0
8 0
2 0
16 1
22 4
6 2
37 1
9 1
3 0
9 1
2 0
2 0
5 0
2 1
1 0
4 1
53 1
10 1
46 1
14 0
80 1
34 2
3 1
1 0
16 0
12 1
222 1
72 2
21 1
7 1
11 1
18 4
22 1
28 1
10 3
1 0
7 0
3 0
44 1
3 0
6 2
29 1
23 2
2 0
11 1
42 2
208 1
34 2
5 1
15 2
46 1
37 3
66 2
7 2
62 1
37 2
1 0
6 1
2 1
13 1
30 1
9 1
100 2
2 1
112 1
5 1
13 4
6 1
9 1
23 1
4 1
59 1
19 2
105 1
21 0
52 1
13 1
5 0
23 4
80 1
5 1
32 1
36 1
8 1
6 1
22 1
13 1
14 2
26 1
47 1
35 1
7 0
19 1
61 1
82 1
19 3
26 1
18 1
7 0
59 2
55 1
76 1
119 3
52 1
112 1
75 1
27 1
21 2
2 1
52 1
17 1
2 1
76 1
3 0
10 1
5 1
80 2
3 1
12 1
7 2
14 1
45 1
5 1
9 1
19 2
41 2
4 1
32 2
4 0
3 0
3 0
1 0
4 1
21 1
3 0
2 0
9 1
2 0
2 0
50 1
9 1
24 1
4 1
48 1
18 1
4 0
13 2
11 1
2 0
47 2
6 1
9 1
3 0
12 1
7 0
6 1
11 1
9 1
7 1
34 3
12 2
1 0
36 1
24 1
13 2
35 1
16 1
29 2
2 1
13 0
15 1
29 1
17 1
32 2
2 0
24 1
9 2
109 1
7 1
3 1
1 0
37 3
13 4
46 1
6 1
12 2
48 1
3 0
14 0
53 2
9 1
4 0
3 0
2 0
21 2
82 1
4 1
5 1
31 1
3 1
13 3
2 0
10 0
10 2
34 2
53 1
19 2
51 1
55 3
93 1
4 1
4 1
138 1
28 2
18 0
1 0
4 1
56 2
3 0
4 0
11 1
7 1
1 0
7 1
15 2
85 1
6 2
5 1
1 0
10 1
82 1
65 2
4 3
52 1
3 1
13 4
40 1
45 2
34 2
30 3
1 0
75 1
58 1
13 0
2 0
69 1
20 1
4 1
2 0
16 1
7 0
78 1
53 1
77 1
13 3
43 1
99 1
8 2
5 1
1 0
17 1
34 1
22 1
4 2
2 0
28 1
13 1
11 1
1 0
3 1
7 1
10 2
1 0
42 2
1 0
1 0
18 1
12 1
5 0
10 1
43 1
15 1
4 0
11 1
88 1
1 0
1 0
30 1
7 2
3 1
1 0
22 3
6 1
3 0
8 2
32 1
17 1
2 0
2 0
49 1
4 1
4 0
31 2
34 2
13 1
23 3
45 1
2 0
17 2
91 2
3 0
6 0
22 1
40 1
30 1
28 1
3 1
65 1
2 0
2 0
19 4
60 1
4 1
1 0
37 3
41 1
2 0
19 2
2 1
23 1
2 0
1 0
7 0
4 1
8 1
37 1
17 3
71 1
48 1
41 1
29 1
13 3
1 0
2 0
53 2
19 4
29 1
70 1
117 1
22 2
12 1
40 2
19 1
23 2
30 2
44 2
5 1
35 2
41 1
46 1
18 1
2 0
4 0
35 2
5 0
44 1
4 0
4 1
39 1
14 3
32 1
105 1
76 1
5 1
8 2
12 1
45 2
5 0
5 1
112 1
3 0
7 2
1 0
2 1
7 1
51 3
53 1
2 1
2 0
3 0
8 3
17 1
4 1
3 0
4 0
7 1
62 1
1 0
30 1
3 0
48 1
41 1
5 0
7 0
28 2
29 1
3 0
3 1
4 1
2 0
5 2
2 0
105 1
47 1
28 1
26 3
10 2
1 0
7 0
5 0
9 0
3 0
2 1
12 1
1 0
258 1
1 0
43 1
26 1
38 4
92 1
17 1
99 1
23 3
129 3
124 1
3 0
3 1
6 2
4 1
69 1
71 2
29 2
76 1
47 1
3 1
3 0
3 0
3 0
85 2
3 0
65 1
7 1
26 2
35 3
34 2
4 0
48 1
10 2
49 1
12 3
5 1
18 1
57 1
42 2
4 1
2 1
6 1
3 0
17 1
2 1
7 0
3 1
17 2
17 1
8 1
2 0
4 0
3 0
7 0
37 1
12 1
78 1
40 1
7 1
8 1
3 0
36 2
1 0
5 2
1 0
76 2
27 2
5 0
4 1
12 1
2 0
32 2
4 1
8 0
32 2
8 1
33 4
6 1
6 1
6 1
5 1
11 3
5 1
15 1
4 0
5 1
59 1
28 1
16 1
18 1
7 1
2 0
41 0
12 1
4 0
3 0
28 2
24 2
4 0
3 0
2 0
20 2
147 1
12 2
50 1
27 1
4 1
4 0
182 1
2 0
32 2
15 1
23 1
21 3
1 0
5 0
5 1
29 1
2 0
1 0
102 2
8 2
43 1
37 1
13 3
22 3
23 1
14 1
5 1
2 0
27 2
18 1
10 1
34 1
55 1
3 0
2 0
1 0
13 2
79 4
2 1
3 1
12 1
5 1
1 0
24 4
73 4
31 1
60 1
21 3
3 1
3 0
2 1
11 1
3 1
49 2
31 1
3 0
2 1
43 2
7 0
2 0
30 0
29 2
38 2
4 1
2 0
24 1
7 1
11 1
17 1
4 0
5 0
3 0
21 0
2 0
13 1
9 2
132 1
2 0
45 2
112 1
59 3
6 1
3 0
13 4
36 3
36 3
66 2
10 3
45 1
2 0
3 1
7 0
1 0
5 1
9 0
19 1
22 1
7 1
1 0
5 0
118 1
9 2
85 1
2 1
6 3
4 0
4 0
3 0
5 0
39 2
10 0
2 0
38 2
8 2
4 1
13 2
2 0
6 3
2 0
17 0
6 1
3 0
39 1
33 2
4 1
48 1
8 1
1 0
62 2
16 1
3 0
8 3
2 0
2 0
33 1
26 1
26 1
2 0
11 1
3 1
5 1
42 0
6 0
80 1
11 2
49 2
31 2
2 0
27 1
3 0
3 0
1 0
5 0
37 2
4 0
6 1
2 0
10 2
11 1
5 1
7 0
26 2
6 1
42 5
70 2
1 0
5 0
2 1
1 0
4 0
77 2
3 1
10 1
6 1
4 1
32 1
47 2
5 1
8 2
15 1
6 0
3 0
5 0
18 2
4 0
3 1
29 2
42 1
72 1
15 3
5 1
35 3
9 1
20 3
7 0
8 2
66 1
46 1
6 1
2 0
9 1
