3 3 
4 5 
3 3 
3 3 
4 5 
3 4 
3 3 
3 3 
3 4 
6 6 
7 10 
3 3 
3 3 
3 4 
3 3 
3 4 
10 10 
3 3 
3 3 
4 4 
5 15 
4 6 
6 6 
3 3 
3 3 
3 3 
3 3 
3 3 
4 5 
3 3 
3 3 
4 4 
4 4 
3 3 
4 4 
3 3 
3 3 
4 4 
3 3 
4 4 
4 4 
10 10 
3 3 
3 3 
3 3 
3 3 
3 3 
3 3 
3 3 
3 4 
3 5 
8 11 
5 5 
3 3 
10 10 
3 3 
3 3 
4 4 
4 4 
10 11 
3 4 
4 4 
3 3 
4 5 
12 15 
11 17 
3 3 
4 5 
3 4 
3 3 
5 5 
4 4 
4 10 
3 3 
3 3 
3 3 
3 3 
3 3 
3 3 
3 3 
3 3 
3 3 
3 3 
3 3 
3 4 
3 3 
3 3 
3 3 
3 3 
4 4 
4 4 
3 3 
3 4 
3 3 
3 4 
3 5 
3 4 
4 4 
4 4 
3 4 
4 11 
5 5 
4 4 
3 3 
4 5 
4 5 
4 4 
6 6 
7 7 
4 5 
3 3 
6 6 
5 10 
5 7 
7 9 
8 12 
4 5 
4 8 
3 3 
4 5 
4 7 
4 6 
3 8 
3 3 
4 5 
4 5 
3 4 
5 5 
5 5 
6 10 
3 3 
4 4 
3 3 
3 3 
5 5 
5 11 
3 3 
3 3 
7 8 
3 3 
3 3 
3 3 
3 5 
4 5 
5 5 
3 3 
3 4 
5 7 
3 4 
3 4 
4 4 
3 4 
3 3 
3 3 
3 3 
7 8 
3 3 
3 3 
4 4 
4 4 
3 3 
3 3 
5 5 
4 4 
3 3 
4 4 
3 3 
4 4 
3 3 
5 7 
4 4 
3 3 
3 3 
3 4 
4 4 
6 9 
3 3 
3 3 
3 3 
3 3 
5 6 
3 3 
4 5 
6 7 
4 4 
5 5 
3 3 
3 3 
7 10 
7 10 
7 10 
7 10 
7 10 
3 3 
4 4 
3 3 
3 3 
3 3 
3 3 
3 3 
3 3 
6 6 
3 3 
3 3 
3 3 
4 4 
5 7 
3 4 
3 3 
3 3 
3 3 
3 4 
3 3 
3 5 
4 4 
3 3 
3 3 
4 4 
4 4 
4 4 
3 3 
3 3 
3 3 
3 3 
3 3 
3 3 
3 3 
3 3 
3 3 
3 3 
3 3 
5 9 
3 3 
6 7 
3 4 
3 3 
5 5 
3 3 
6 6 
6 6 
3 4 
3 4 
3 3 
3 3 
4 4 
4 4 
12 12 
10 10 
8 10 
5 9 
4 4 
4 5 
4 4 
4 4 
4 4 
3 4 
3 3 
