2 2 
2 2 
2 2 
2 2 
2 2 
4 4 
2 3 
4 4 
2 2 
2 2 
2 2 
2 2 
2 2 
2 2 
2 2 
2 2 
2 2 
2 2 
2 2 
2 2 
2 2 
2 2 
2 2 
2 2 
2 2 
2 2 
2 2 
2 2 
2 4 
2 2 
2 2 
2 2 
2 2 
2 2 
3 3 
2 2 
2 2 
2 2 
2 2 
2 2 
2 2 
2 2 
2 2 
2 2 
2 2 
2 2 
2 2 
2 2 
2 2 
2 2 
2 2 
2 2 
2 2 
2 3 
2 2 
2 2 
2 2 
2 2 
2 2 
3 3 
2 2 
2 2 
2 2 
2 2 
2 2 
2 2 
2 2 
4 4 
2 2 
2 2 
2 2 
2 2 
2 3 
3 3 
2 2 
2 2 
2 2 
2 2 
3 3 
2 2 
2 3 
2 2 
2 2 
2 2 
2 2 
2 2 
2 2 
2 2 
2 2 
2 2 
2 2 
3 4 
3 3 
2 2 
2 2 
2 2 
2 2 
2 2 
2 3 
2 2 
3 4 
2 2 
3 4 
3 3 
2 2 
2 2 
2 2 
2 2 
2 2 
2 2 
2 2 
2 2 
2 2 
2 2 
2 2 
2 2 
2 2 
2 2 
2 2 
2 2 
3 3 
2 2 
2 2 
2 2 
2 2 
2 2 
2 2 
2 2 
3 3 
3 3 
2 2 
2 2 
2 2 
2 4 
2 2 
2 2 
4 4 
3 3 
2 2 
3 3 
2 3 
2 2 
3 5 
3 4 
3 3 
2 2 
2 2 
2 2 
7 7 
2 2 
2 2 
2 2 
2 2 
2 2 
2 2 
2 2 
2 2 
2 2 
2 2 
2 2 
2 2 
3 3 
2 2 
3 4 
3 3 
2 3 
2 2 
2 2 
3 5 
2 2 
2 2 
3 4 
2 2 
3 3 
2 2 
2 2 
2 2 
2 2 
2 2 
2 2 
2 2 
2 2 
3 5 
3 3 
2 2 
2 2 
3 3 
2 2 
3 3 
3 3 
3 6 
2 2 
2 2 
3 3 
2 2 
3 3 
2 3 
2 2 
2 2 
2 2 
2 2 
2 2 
2 2 
2 2 
3 3 
2 2 
3 4 
3 3 
2 2 
2 2 
3 4 
2 2 
2 2 
5 5 
2 2 
2 2 
2 2 
2 2 
2 2 
7 8 
2 2 
2 2 
2 2 
3 3 
2 2 
2 2 
4 5 
2 4 
2 2 
2 2 
2 2 
4 4 
4 4 
2 3 
2 2 
2 3 
2 2 
2 2 
2 2 
4 5 
2 2 
3 4 
2 2 
5 5 
2 2 
3 3 
2 2 
3 3 
2 2 
3 3 
3 3 
3 5 
2 2 
2 2 
3 4 
2 2 
2 2 
3 3 
4 4 
2 2 
2 2 
2 2 
2 2 
2 2 
2 2 
2 2 
2 2 
3 3 
3 3 
2 2 
2 2 
9 9 
2 2 
2 2 
2 2 
2 2 
2 2 
2 2 
3 3 
2 2 
3 3 
2 2 
3 3 
3 3 
2 2 
2 3 
3 3 
3 3 
2 2 
2 2 
3 4 
3 3 
3 5 
2 2 
2 2 
2 2 
2 2 
3 5 
2 2 
2 4 
2 4 
2 2 
5 6 
2 2 
2 3 
3 5 
3 5 
2 2 
2 2 
2 2 
2 3 
3 3 
2 2 
2 2 
2 2 
2 2 
2 2 
2 2 
2 2 
2 2 
2 2 
2 2 
3 3 
2 2 
2 2 
2 2 
2 2 
2 2 
2 2 
2 2 
2 2 
4 4 
2 2 
2 2 
2 2 
4 4 
2 2 
3 3 
2 2 
2 2 
2 2 
2 2 
2 2 
3 4 
2 2 
2 2 
2 2 
2 2 
2 4 
2 4 
2 2 
2 3 
2 2 
4 4 
2 2 
2 3 
2 2 
2 2 
6 6 
2 2 
2 2 
3 3 
2 2 
2 2 
2 2 
2 2 
2 2 
2 3 
2 2 
2 2 
3 5 
2 2 
2 2 
2 2 
2 2 
2 2 
3 3 
2 2 
2 2 
2 2 
2 2 
3 3 
2 2 
2 2 
2 2 
3 3 
2 2 
2 2 
2 2 
2 2 
2 2 
2 2 
2 2 
2 2 
3 3 
2 2 
2 2 
3 3 
2 2 
4 5 
3 5 
2 2 
2 2 
2 3 
2 3 
3 3 
2 2 
2 2 
2 2 
3 4 
3 3 
2 2 
2 2 
2 2 
3 3 
2 2 
2 3 
2 2 
2 2 
4 4 
2 2 
2 2 
2 2 
2 2 
2 2 
2 2 
5 10 
3 3 
5 5 
2 2 
4 5 
2 2 
2 2 
2 2 
2 2 
2 3 
3 3 
2 2 
2 2 
2 2 
3 3 
2 2 
2 2 
2 2 
2 2 
3 4 
2 2 
3 4 
2 2 
2 2 
2 2 
2 3 
3 3 
2 2 
2 2 
2 2 
2 2 
2 2 
2 2 
2 2 
4 5 
2 2 
2 2 
2 2 
2 2 
2 2 
2 2 
2 2 
2 2 
3 3 
2 2 
2 2 
3 3 
11 13 
2 2 
2 2 
5 5 
2 3 
3 3 
2 2 
2 2 
2 2 
2 2 
3 3 
3 3 
3 3 
2 2 
2 4 
3 3 
2 2 
3 4 
2 2 
2 2 
2 8 
3 3 
2 2 
2 2 
4 4 
2 2 
2 2 
2 2 
2 2 
2 2 
3 4 
3 3 
2 3 
2 2 
2 2 
2 2 
2 2 
2 2 
2 2 
2 2 
2 2 
5 5 
3 3 
3 3 
2 2 
4 7 
4 4 
2 3 
4 4 
2 2 
3 3 
2 2 
3 4 
5 5 
2 2 
2 2 
2 2 
3 4 
2 2 
2 2 
2 2 
2 2 
2 2 
3 9 
2 3 
2 2 
2 2 
2 2 
2 2 
2 3 
2 2 
3 3 
2 2 
2 2 
7 7 
2 2 
2 2 
5 7 
3 3 
2 2 
3 8 
2 2 
2 2 
2 2 
2 2 
4 5 
5 6 
2 2 
3 5 
2 2 
2 2 
2 2 
2 3 
4 4 
3 3 
6 8 
2 2 
2 2 
3 3 
2 2 
3 4 
9 9 
2 2 
2 2 
2 2 
3 3 
2 2 
2 2 
2 2 
3 3 
2 4 
2 2 
3 3 
4 6 
2 2 
2 2 
2 2 
4 4 
2 3 
5 6 
2 2 
4 5 
4 4 
2 2 
2 2 
2 2 
2 2 
2 2 
3 4 
3 5 
4 8 
2 2 
3 4 
2 2 
2 2 
2 2 
2 2 
2 3 
2 2 
2 2 
2 2 
5 5 
5 5 
2 2 
2 2 
2 2 
2 2 
3 3 
2 2 
4 6 
2 2 
2 2 
2 2 
4 4 
2 2 
2 2 
3 5 
2 2 
3 3 
4 5 
2 2 
4 4 
2 2 
4 4 
2 2 
3 3 
2 2 
2 4 
3 3 
2 2 
2 2 
2 2 
3 5 
4 4 
5 5 
2 3 
2 2 
3 3 
2 2 
5 6 
2 2 
3 4 
2 2 
2 2 
2 2 
2 2 
2 2 
3 3 
2 2 
2 2 
2 2 
2 2 
2 2 
10 12 
7 9 
3 3 
2 2 
3 4 
6 7 
3 3 
4 4 
2 2 
2 2 
4 4 
2 2 
2 2 
2 2 
2 2 
3 3 
2 2 
2 2 
2 2 
3 3 
2 2 
2 2 
2 2 
2 2 
3 3 
3 5 
2 2 
3 3 
4 4 
2 2 
2 2 
4 5 
2 2 
3 3 
2 2 
3 3 
2 2 
26 28 
2 2 
4 8 
2 2 
2 2 
2 2 
2 2 
2 2 
2 2 
5 5 
3 3 
2 2 
2 2 
2 2 
2 2 
2 2 
2 2 
2 2 
4 4 
2 2 
2 2 
3 4 
2 3 
3 7 
2 2 
2 2 
2 2 
3 3 
2 3 
2 2 
2 2 
2 2 
2 2 
2 2 
2 3 
2 4 
5 6 
3 4 
3 5 
5 5 
2 4 
2 2 
2 2 
3 6 
2 3 
3 3 
2 2 
2 2 
4 7 
4 6 
2 2 
2 3 
4 4 
2 2 
3 6 
2 2 
2 2 
3 6 
2 2 
3 3 
5 6 
2 2 
2 2 
2 2 
3 3 
2 2 
3 5 
3 3 
2 2 
2 2 
3 3 
2 2 
3 3 
2 3 
2 2 
4 4 
3 4 
4 4 
3 3 
3 4 
2 2 
2 4 
4 5 
2 2 
2 2 
2 2 
2 2 
2 3 
2 2 
2 2 
6 6 
2 2 
2 3 
2 2 
2 2 
2 2 
2 2 
2 2 
2 2 
2 2 
2 3 
2 2 
2 2 
2 2 
2 3 
2 2 
2 2 
2 3 
2 2 
2 2 
2 3 
2 2 
2 2 
4 5 
2 2 
4 4 
2 2 
2 2 
3 3 
2 2 
2 2 
2 2 
2 2 
2 4 
3 5 
2 2 
3 3 
3 3 
6 11 
4 10 
2 2 
2 2 
2 3 
2 2 
2 2 
2 2 
7 8 
2 2 
2 2 
3 3 
5 5 
3 3 
2 2 
2 2 
2 2 
2 6 
2 2 
2 2 
3 6 
2 2 
2 4 
2 2 
2 2 
2 3 
3 3 
3 3 
3 3 
3 3 
2 2 
3 3 
2 2 
3 3 
2 2 
2 2 
2 4 
2 2 
2 2 
2 2 
2 2 
2 2 
2 3 
2 2 
2 2 
2 2 
3 3 
2 2 
2 2 
2 2 
2 2 
3 4 
2 2 
6 6 
2 2 
9 10 
2 2 
3 3 
2 2 
2 3 
5 7 
3 5 
2 2 
2 2 
3 3 
2 2 
2 2 
4 5 
2 2 
2 2 
2 2 
2 2 
2 2 
3 4 
2 2 
2 2 
3 3 
2 2 
3 3 
2 2 
2 2 
2 2 
3 3 
4 6 
3 3 
2 2 
3 3 
2 2 
9 9 
2 2 
3 4 
2 2 
2 4 
2 2 
2 2 
2 2 
2 2 
2 2 
7 8 
3 5 
2 2 
2 2 
3 3 
2 6 
2 2 
3 3 
2 2 
2 2 
3 3 
2 2 
2 2 
2 2 
2 2 
2 2 
2 2 
2 2 
2 2 
3 5 
2 2 
3 3 
3 3 
2 2 
2 2 
2 2 
2 5 
2 2 
2 2 
4 4 
2 3 
4 6 
2 2 
2 2 
2 2 
2 2 
2 2 
2 2 
3 3 
2 2 
2 3 
10 11 
2 2 
2 2 
2 2 
2 2 
7 7 
4 6 
3 3 
2 2 
2 2 
2 2 
2 2 
2 2 
2 2 
2 2 
5 6 
2 2 
2 2 
7 10 
2 2 
6 7 
4 6 
3 3 
4 4 
2 2 
4 4 
2 2 
2 2 
4 4 
2 2 
2 2 
3 3 
2 2 
2 2 
4 4 
2 2 
2 2 
2 2 
2 2 
3 5 
3 3 
2 2 
2 2 
2 2 
2 2 
2 2 
2 2 
3 3 
2 2 
2 2 
2 2 
3 4 
2 3 
2 2 
3 3 
2 2 
5 5 
3 4 
2 2 
2 2 
3 3 
2 2 
2 2 
2 2 
2 3 
3 3 
2 2 
2 2 
3 3 
2 2 
2 2 
3 4 
2 2 
2 2 
2 2 
2 2 
2 2 
4 4 
7 8 
5 5 
3 5 
2 2 
2 2 
4 4 
3 3 
2 2 
2 2 
2 2 
2 2 
5 5 
4 5 
2 2 
2 2 
2 2 
2 2 
2 2 
2 2 
2 2 
6 6 
4 4 
2 2 
7 7 
2 2 
2 2 
4 9 
3 3 
2 2 
2 2 
2 2 
3 4 
2 2 
2 2 
2 2 
2 2 
2 2 
3 3 
2 2 
2 3 
2 2 
2 2 
3 3 
3 3 
2 2 
2 2 
2 2 
3 3 
2 4 
7 9 
2 2 
4 5 
5 8 
3 3 
3 3 
2 2 
4 4 
2 2 
2 2 
2 2 
6 6 
6 11 
2 2 
3 4 
5 5 
3 3 
4 5 
2 3 
4 4 
3 3 
3 3 
2 2 
2 2 
3 3 
5 5 
3 3 
2 2 
2 2 
2 2 
3 3 
2 2 
3 3 
2 2 
2 2 
2 2 
2 2 
7 7 
3 3 
2 2 
3 3 
2 2 
2 2 
2 2 
2 2 
4 5 
2 2 
3 3 
2 2 
2 2 
4 4 
4 4 
4 4 
2 2 
2 2 
3 4 
3 3 
4 8 
4 4 
3 4 
2 2 
2 2 
4 4 
3 3 
2 2 
2 2 
3 4 
2 2 
5 5 
2 2 
2 2 
2 2 
3 3 
2 2 
3 6 
2 2 
2 2 
2 2 
2 2 
3 3 
2 2 
3 3 
5 5 
2 2 
2 2 
5 5 
5 6 
2 3 
2 2 
8 8 
2 2 
2 2 
5 6 
2 2 
3 3 
2 2 
2 2 
2 2 
2 2 
3 4 
4 4 
3 3 
4 7 
2 2 
2 2 
2 2 
4 5 
3 3 
3 4 
2 2 
3 3 
2 2 
2 2 
2 2 
2 2 
3 3 
2 2 
3 4 
2 2 
4 4 
2 2 
3 4 
2 2 
4 9 
3 3 
2 2 
2 3 
3 4 
4 4 
3 5 
3 3 
3 3 
2 2 
12 16 
2 2 
2 2 
2 2 
2 2 
2 2 
2 2 
3 3 
3 5 
2 2 
3 3 
2 2 
2 2 
2 2 
2 2 
3 3 
2 2 
4 6 
2 2 
2 2 
2 2 
2 2 
3 3 
2 2 
3 3 
2 2 
2 2 
2 2 
2 2 
2 2 
3 3 
2 2 
3 3 
2 2 
4 5 
2 2 
3 3 
2 3 
3 4 
2 2 
2 2 
2 2 
2 2 
2 2 
2 2 
2 2 
8 8 
3 3 
2 2 
3 7 
2 2 
2 4 
3 4 
2 2 
3 4 
3 6 
2 2 
2 2 
2 2 
2 2 
2 2 
2 2 
2 2 
2 2 
3 3 
3 4 
3 3 
2 2 
2 2 
3 3 
2 2 
2 2 
2 2 
7 7 
2 2 
3 3 
2 2 
2 2 
2 2 
2 2 
3 3 
2 2 
5 7 
2 2 
2 2 
2 2 
4 7 
2 2 
2 2 
2 2 
2 2 
2 2 
2 4 
2 2 
2 2 
2 2 
2 2 
2 2 
2 2 
4 4 
3 3 
2 2 
2 2 
3 3 
2 2 
2 2 
2 2 
2 2 
2 2 
3 3 
2 2 
2 3 
2 3 
2 3 
3 4 
3 3 
3 3 
2 2 
4 4 
2 2 
2 2 
2 2 
4 9 
2 2 
4 5 
3 3 
2 2 
3 4 
2 2 
2 2 
2 2 
2 2 
3 4 
5 6 
3 5 
2 2 
2 2 
9 10 
3 3 
3 3 
6 6 
2 3 
2 2 
2 2 
2 2 
3 3 
5 5 
2 2 
2 2 
2 2 
2 2 
3 5 
2 2 
3 3 
2 3 
2 2 
2 2 
5 5 
2 2 
11 12 
2 3 
2 2 
2 3 
3 3 
2 2 
3 4 
2 2 
3 4 
2 3 
3 3 
2 2 
2 2 
2 2 
3 3 
2 2 
2 2 
4 4 
3 3 
2 2 
3 3 
2 2 
4 5 
2 2 
2 2 
2 2 
2 2 
2 2 
2 3 
2 2 
2 5 
2 2 
4 5 
2 2 
3 3 
2 2 
3 5 
2 2 
2 2 
3 5 
4 4 
2 2 
2 2 
3 3 
2 2 
2 2 
6 6 
2 2 
4 4 
2 2 
3 5 
2 2 
3 3 
2 2 
2 2 
3 6 
2 2 
3 3 
3 3 
5 5 
2 2 
2 2 
8 9 
5 5 
2 3 
2 2 
3 3 
2 2 
2 2 
2 2 
2 3 
2 2 
2 2 
3 3 
2 2 
2 2 
3 3 
3 3 
3 4 
2 2 
2 2 
2 2 
2 2 
2 2 
2 3 
2 2 
2 2 
4 4 
5 5 
3 3 
5 10 
2 4 
2 2 
2 2 
2 2 
2 2 
2 2 
5 9 
4 8 
3 3 
2 2 
2 2 
3 3 
2 2 
2 2 
2 2 
2 2 
2 2 
5 5 
3 3 
2 2 
3 4 
2 2 
2 2 
2 3 
2 3 
2 3 
2 3 
2 3 
3 6 
2 2 
2 2 
2 2 
2 2 
3 4 
2 2 
2 2 
3 9 
3 6 
3 3 
9 11 
2 2 
2 2 
3 4 
3 3 
2 2 
2 2 
2 2 
2 2 
2 2 
2 2 
2 2 
3 4 
4 4 
3 4 
3 4 
3 4 
4 5 
3 4 
2 2 
3 4 
3 3 
3 3 
2 2 
2 2 
2 2 
6 6 
3 3 
3 3 
2 2 
2 2 
4 5 
3 3 
2 2 
2 2 
2 3 
3 3 
2 2 
2 2 
2 2 
3 3 
3 3 
2 2 
2 2 
2 2 
3 3 
4 4 
4 4 
7 7 
3 3 
4 7 
2 2 
3 3 
3 3 
2 2 
4 5 
2 2 
3 3 
2 2 
3 3 
2 2 
2 2 
2 2 
2 2 
4 4 
2 2 
3 3 
2 2 
8 9 
3 3 
2 2 
2 2 
2 2 
2 2 
4 4 
2 2 
2 2 
2 3 
2 2 
2 2 
7 9 
4 4 
3 4 
3 3 
5 5 
4 5 
3 5 
3 3 
2 2 
3 3 
3 7 
4 15 
3 3 
2 2 
3 3 
2 2 
3 3 
4 4 
4 4 
4 4 
2 2 
2 2 
2 2 
2 3 
3 5 
3 7 
3 3 
2 2 
3 3 
2 2 
5 7 
5 7 
3 4 
4 4 
3 3 
7 7 
4 5 
4 4 
2 2 
3 9 
2 2 
2 2 
2 2 
2 2 
2 2 
2 2 
2 2 
2 2 
2 2 
2 2 
3 5 
4 4 
4 4 
2 2 
2 2 
2 2 
2 3 
3 3 
2 2 
2 2 
2 2 
2 2 
2 4 
2 2 
2 2 
2 2 
4 4 
2 2 
2 2 
2 2 
3 3 
3 4 
3 3 
3 3 
2 2 
3 4 
3 3 
2 2 
5 5 
2 2 
2 2 
2 2 
2 2 
3 3 
2 2 
2 2 
2 2 
4 6 
3 3 
2 2 
2 2 
2 2 
2 2 
2 3 
2 2 
2 2 
2 2 
5 5 
3 3 
2 2 
2 2 
2 2 
2 2 
2 2 
2 2 
3 3 
3 3 
2 2 
5 9 
2 2 
5 5 
3 3 
3 4 
3 4 
4 4 
2 2 
4 4 
4 4 
2 2 
3 3 
2 2 
2 2 
2 2 
2 2 
3 3 
3 3 
2 2 
2 2 
3 3 
2 2 
3 3 
3 4 
2 2 
2 2 
3 4 
2 2 
2 4 
3 3 
2 3 
2 2 
2 2 
2 2 
3 3 
2 2 
2 2 
2 2 
2 2 
2 2 
2 2 
3 3 
2 2 
4 4 
2 2 
6 6 
3 3 
2 2 
2 2 
3 5 
2 2 
3 3 
2 2 
5 5 
5 5 
2 2 
2 2 
2 2 
2 2 
2 2 
20 22 
2 2 
2 2 
2 2 
13 16 
2 2 
2 2 
3 4 
2 2 
5 5 
3 3 
2 2 
2 2 
2 2 
2 2 
2 2 
3 4 
3 4 
4 4 
2 2 
2 2 
3 6 
3 3 
2 2 
2 2 
3 3 
3 3 
3 3 
2 2 
2 2 
3 4 
2 2 
2 3 
3 3 
2 2 
5 5 
6 6 
3 4 
2 2 
2 2 
2 2 
2 2 
2 2 
2 3 
5 6 
3 4 
5 6 
2 2 
2 3 
2 2 
3 3 
2 2 
3 5 
2 2 
2 2 
4 4 
2 2 
2 2 
4 4 
3 3 
2 2 
3 3 
2 2 
2 2 
2 2 
2 2 
2 2 
2 2 
2 2 
3 3 
2 2 
6 6 
2 2 
3 3 
4 4 
3 5 
2 2 
2 3 
2 2 
2 2 
2 2 
2 2 
2 2 
3 6 
2 3 
3 3 
2 2 
3 3 
2 2 
7 7 
3 3 
5 5 
2 2 
2 2 
2 2 
6 8 
6 9 
2 2 
3 3 
4 4 
2 3 
3 3 
2 2 
4 5 
4 4 
3 3 
2 2 
2 2 
3 3 
2 2 
2 2 
3 4 
2 2 
4 4 
5 6 
2 2 
2 3 
2 2 
2 2 
2 2 
2 2 
2 2 
3 4 
10 10 
5 6 
3 3 
2 2 
2 2 
5 5 
3 3 
2 2 
3 4 
2 2 
2 2 
2 2 
2 2 
4 4 
4 5 
2 2 
2 2 
2 2 
3 3 
2 2 
2 2 
2 2 
2 2 
2 2 
3 3 
3 5 
2 2 
2 2 
2 2 
2 4 
2 2 
2 2 
2 2 
3 3 
2 2 
5 8 
3 10 
2 2 
3 4 
2 2 
2 2 
3 4 
2 2 
3 5 
2 2 
2 3 
2 4 
2 2 
4 4 
4 4 
4 4 
3 3 
3 3 
2 3 
2 2 
2 2 
3 5 
2 2 
4 4 
3 4 
2 2 
2 2 
4 5 
2 2 
2 2 
2 4 
4 4 
2 2 
2 2 
2 2 
3 3 
4 5 
2 2 
2 2 
2 2 
2 2 
2 2 
2 2 
2 2 
2 2 
3 4 
5 6 
4 5 
2 2 
2 2 
3 4 
2 2 
2 2 
3 3 
2 2 
2 2 
2 2 
2 2 
2 2 
2 2 
2 3 
2 2 
8 11 
2 3 
4 4 
2 3 
4 6 
2 2 
4 6 
2 2 
6 6 
2 2 
2 2 
5 7 
2 2 
2 2 
2 4 
2 2 
2 2 
2 3 
2 2 
2 2 
2 2 
2 2 
2 2 
2 2 
3 3 
2 2 
2 3 
2 2 
2 2 
2 2 
2 2 
2 3 
2 2 
2 2 
2 2 
2 2 
4 4 
3 3 
2 2 
2 2 
2 2 
2 2 
4 4 
2 2 
3 3 
3 3 
2 2 
2 2 
2 2 
2 2 
2 2 
2 2 
2 2 
2 2 
2 2 
3 3 
2 2 
2 2 
2 2 
2 2 
2 2 
2 2 
3 3 
2 2 
2 2 
6 9 
2 2 
2 2 
2 2 
2 2 
2 3 
2 2 
2 3 
2 2 
3 5 
2 2 
2 2 
2 2 
3 3 
5 5 
3 3 
2 3 
5 5 
6 7 
2 2 
2 2 
2 2 
2 2 
2 2 
2 2 
2 2 
2 2 
2 2 
2 2 
3 3 
2 2 
2 2 
2 2 
2 3 
2 2 
2 2 
2 2 
2 2 
2 2 
2 2 
7 11 
2 2 
3 3 
2 2 
2 2 
2 2 
2 2 
2 2 
3 3 
4 4 
3 3 
2 2 
2 2 
2 2 
2 2 
2 4 
3 5 
2 2 
2 2 
4 4 
3 4 
3 3 
2 2 
2 2 
2 2 
2 2 
2 2 
3 3 
2 2 
2 2 
2 2 
3 3 
2 2 
4 5 
3 3 
3 3 
2 2 
2 2 
2 2 
2 2 
2 2 
2 2 
2 2 
3 3 
2 2 
3 3 
2 2 
2 2 
2 2 
3 3 
2 2 
4 4 
3 3 
4 5 
2 2 
2 2 
2 2 
2 2 
2 2 
2 2 
2 2 
2 2 
2 2 
2 2 
5 6 
3 3 
5 5 
5 5 
6 6 
3 4 
5 10 
3 3 
2 2 
2 2 
4 4 
3 3 
2 3 
2 5 
5 5 
3 3 
2 2 
2 2 
2 2 
2 2 
2 2 
3 3 
15 15 
2 2 
2 2 
2 2 
2 2 
2 2 
5 5 
7 7 
3 3 
