3 3 
3 3 
3 3 
3 5 
3 3 
3 3 
3 3 
3 3 
3 3 
3 3 
3 4 
3 3 
3 5 
3 3 
3 3 
3 3 
3 3 
3 3 
3 3 
3 3 
3 3 
3 4 
3 5 
3 3 
3 3 
3 3 
3 3 
3 3 
3 3 
3 3 
3 3 
3 3 
3 3 
3 4 
3 3 
3 3 
3 3 
3 3 
3 3 
3 3 
3 4 
3 3 
3 3 
3 3 
3 3 
3 3 
3 3 
3 4 
3 4 
3 3 
3 3 
3 3 
3 3 
3 3 
3 3 
3 3 
3 3 
3 4 
3 4 
3 3 
3 3 
3 3 
3 4 
3 3 
3 3 
3 3 
3 3 
3 3 
3 3 
3 3 
3 3 
3 3 
3 3 
3 3 
3 3 
3 3 
3 4 
3 4 
3 3 
3 3 
3 3 
3 3 
3 3 
3 3 
3 3 
3 3 
3 3 
3 3 
3 3 
3 3 
3 5 
3 3 
3 4 
3 3 
3 3 
3 3 
3 3 
3 4 
3 3 
3 3 
3 3 
3 3 
3 3 
3 3 
3 3 
3 3 
3 3 
3 3 
3 3 
3 3 
3 3 
3 3 
3 3 
3 3 
3 3 
3 4 
3 3 
3 3 
3 3 
3 3 
3 3 
3 3 
3 4 
3 3 
3 3 
3 3 
3 3 
3 3 
3 3 
3 3 
3 3 
3 5 
3 3 
3 5 
4 6 
4 4 
4 5 
4 4 
3 3 
4 4 
4 6 
3 3 
4 4 
4 4 
3 3 
4 4 
4 4 
4 4 
4 7 
4 4 
4 5 
4 4 
4 4 
3 3 
4 4 
4 4 
3 3 
4 5 
4 4 
4 4 
4 8 
4 4 
4 5 
4 4 
4 4 
4 4 
4 4 
4 4 
4 4 
4 4 
4 5 
4 5 
4 5 
4 4 
3 3 
4 4 
4 4 
3 3 
3 3 
4 4 
4 4 
4 4 
4 4 
4 5 
4 4 
4 7 
4 7 
4 7 
4 7 
4 7 
4 4 
4 5 
4 6 
4 4 
4 5 
4 4 
3 3 
4 4 
4 5 
4 7 
4 5 
4 5 
4 5 
4 4 
4 4 
3 3 
3 3 
4 4 
4 5 
4 5 
4 4 
4 4 
4 4 
4 6 
4 4 
3 3 
4 4 
4 4 
4 5 
3 4 
4 4 
4 4 
4 4 
4 5 
4 4 
4 4 
4 4 
4 5 
4 5 
4 4 
4 4 
3 3 
4 5 
4 4 
4 4 
4 4 
4 4 
4 4 
4 4 
4 4 
4 4 
4 4 
4 10 
4 6 
3 3 
4 4 
4 6 
4 4 
3 4 
4 4 
4 5 
4 4 
4 4 
4 4 
3 3 
4 4 
4 4 
4 4 
4 6 
4 4 
3 3 
4 4 
4 4 
4 4 
4 4 
4 5 
3 3 
4 5 
3 3 
4 5 
4 5 
3 3 
4 5 
4 5 
4 6 
4 4 
4 10 
4 5 
4 4 
4 5 
4 6 
4 4 
4 4 
4 4 
4 5 
3 3 
4 4 
4 4 
4 4 
4 4 
4 4 
4 5 
4 5 
4 4 
4 5 
3 3 
5 5 
5 8 
5 5 
4 5 
5 5 
5 6 
5 8 
5 8 
3 3 
5 6 
5 5 
5 5 
5 5 
5 6 
4 4 
5 5 
3 3 
4 5 
5 6 
4 4 
5 5 
5 10 
5 5 
4 4 
5 6 
5 6 
5 5 
5 5 
5 5 
5 5 
5 7 
5 5 
5 5 
4 4 
3 3 
4 4 
5 6 
5 5 
3 3 
5 5 
5 5 
5 6 
5 5 
5 7 
4 4 
5 6 
5 5 
5 5 
5 6 
5 5 
5 5 
5 7 
5 5 
5 5 
5 5 
5 19 
5 19 
3 3 
5 5 
5 6 
5 5 
5 6 
5 7 
3 3 
5 5 
5 5 
5 5 
5 5 
5 5 
3 3 
4 4 
5 5 
5 6 
5 8 
5 7 
4 4 
5 5 
5 6 
5 6 
5 5 
5 6 
3 3 
5 5 
5 6 
4 4 
5 5 
5 6 
5 14 
3 3 
5 5 
3 3 
5 7 
5 7 
5 5 
5 5 
5 5 
5 7 
5 6 
5 8 
5 6 
5 5 
3 3 
5 5 
4 4 
5 5 
5 5 
4 4 
4 4 
5 5 
5 6 
4 4 
4 4 
5 6 
5 5 
4 4 
5 5 
4 4 
5 5 
5 5 
5 8 
5 5 
4 4 
5 5 
5 5 
5 5 
3 3 
5 5 
3 4 
4 5 
5 6 
5 6 
3 3 
5 9 
5 6 
5 6 
4 4 
5 5 
5 5 
3 4 
5 6 
5 5 
5 7 
5 6 
5 5 
3 3 
3 3 
4 4 
5 6 
5 5 
4 5 
5 5 
5 5 
4 4 
5 5 
4 5 
5 5 
5 7 
4 4 
4 5 
4 4 
5 5 
4 4 
5 5 
5 6 
4 5 
5 5 
5 8 
5 6 
5 5 
5 6 
4 5 
4 6 
5 6 
5 5 
5 6 
4 4 
5 5 
5 6 
4 4 
6 6 
6 6 
6 8 
5 6 
6 6 
6 6 
5 5 
6 6 
6 15 
6 7 
6 6 
6 8 
6 7 
6 6 
6 6 
6 8 
6 6 
6 11 
6 6 
5 5 
5 8 
6 8 
6 6 
6 6 
6 9 
6 7 
6 6 
5 6 
5 5 
6 7 
6 8 
6 7 
6 6 
6 7 
6 6 
6 6 
6 6 
6 6 
4 4 
6 6 
6 6 
5 5 
6 7 
5 6 
5 6 
6 6 
6 6 
6 6 
6 6 
6 6 
5 5 
5 6 
4 4 
4 4 
6 6 
6 6 
6 6 
6 6 
6 7 
6 6 
3 4 
6 6 
6 7 
6 7 
6 8 
6 7 
5 6 
5 6 
5 8 
5 5 
6 7 
6 6 
6 7 
6 6 
6 7 
6 6 
6 7 
3 3 
3 3 
6 8 
4 4 
6 6 
6 7 
6 6 
6 6 
6 6 
6 6 
6 6 
6 7 
6 8 
6 6 
6 8 
6 6 
6 6 
6 6 
6 6 
5 5 
3 3 
5 5 
6 7 
6 6 
4 4 
6 8 
6 6 
4 4 
6 6 
6 6 
5 5 
6 6 
6 7 
6 7 
5 5 
6 9 
6 8 
6 6 
6 7 
6 9 
6 9 
5 5 
6 6 
6 7 
5 5 
6 6 
6 6 
6 6 
6 6 
4 4 
3 3 
6 7 
6 7 
6 20 
6 20 
6 6 
5 5 
3 3 
5 5 
6 6 
6 9 
6 7 
6 6 
6 8 
6 8 
7 8 
5 5 
7 7 
6 6 
7 7 
7 7 
7 7 
7 7 
7 8 
5 6 
4 5 
5 5 
7 7 
7 7 
7 7 
7 7 
7 7 
6 6 
7 7 
7 9 
5 6 
7 7 
7 7 
7 7 
4 4 
4 5 
7 7 
7 7 
7 8 
7 8 
7 9 
7 7 
7 7 
7 7 
5 6 
4 5 
7 7 
7 7 
6 6 
6 6 
7 7 
7 8 
7 8 
5 5 
7 7 
7 7 
5 6 
7 7 
6 6 
7 9 
5 5 
4 4 
7 8 
7 7 
7 7 
6 6 
7 27 
7 27 
6 7 
7 9 
5 5 
6 6 
6 9 
7 7 
7 11 
3 3 
7 7 
7 8 
7 7 
3 3 
7 8 
7 8 
7 9 
7 7 
7 14 
5 6 
7 8 
6 6 
7 11 
7 11 
7 11 
7 8 
7 7 
6 6 
7 7 
7 7 
7 7 
7 10 
7 7 
7 7 
5 9 
7 7 
7 9 
6 7 
6 6 
7 7 
7 7 
7 20 
3 3 
7 7 
7 8 
7 8 
7 15 
7 7 
7 9 
7 10 
7 8 
7 7 
7 7 
3 3 
4 4 
4 4 
4 4 
5 5 
7 8 
7 8 
7 10 
7 7 
7 8 
7 8 
7 10 
3 3 
4 4 
7 8 
7 8 
6 6 
7 7 
7 8 
7 7 
4 4 
7 7 
6 6 
7 8 
8 8 
8 8 
8 8 
4 4 
8 8 
8 9 
7 7 
6 6 
7 7 
8 11 
8 9 
8 8 
8 8 
8 8 
5 7 
6 6 
8 10 
8 8 
4 4 
7 7 
8 8 
8 8 
8 8 
8 8 
5 5 
8 11 
8 8 
8 9 
4 4 
8 8 
8 8 
8 9 
6 8 
8 8 
8 11 
8 8 
6 7 
8 9 
6 6 
8 9 
6 6 
8 9 
8 8 
7 7 
4 5 
5 5 
7 8 
8 10 
8 11 
3 3 
8 8 
7 7 
7 7 
8 8 
7 7 
6 6 
8 11 
8 11 
8 8 
7 7 
8 9 
8 11 
8 10 
8 8 
8 8 
7 7 
7 10 
8 8 
8 11 
8 8 
8 11 
7 8 
8 13 
8 9 
8 8 
7 8 
6 6 
8 9 
8 8 
8 8 
4 4 
3 3 
8 9 
8 19 
7 8 
8 8 
8 8 
8 12 
8 8 
5 6 
8 12 
6 6 
6 6 
8 10 
8 9 
8 8 
8 8 
4 5 
3 4 
8 8 
8 8 
8 8 
5 7 
4 4 
7 10 
3 3 
7 7 
8 9 
7 12 
8 8 
8 8 
6 6 
8 8 
8 17 
7 7 
8 8 
5 6 
6 6 
3 3 
7 7 
8 8 
8 8 
5 5 
6 7 
8 8 
7 11 
9 12 
8 8 
9 9 
9 11 
9 9 
9 9 
9 13 
7 7 
6 7 
8 11 
6 6 
9 9 
8 9 
8 10 
9 9 
8 9 
9 9 
8 8 
3 3 
9 9 
9 10 
9 9 
8 8 
8 8 
8 8 
8 8 
8 8 
9 11 
9 9 
9 9 
5 5 
9 9 
9 9 
9 9 
5 6 
9 9 
9 12 
8 8 
4 7 
8 13 
7 8 
9 10 
9 10 
8 9 
9 9 
3 3 
4 6 
9 9 
9 9 
4 4 
9 10 
6 6 
6 6 
5 6 
9 9 
9 11 
7 7 
9 10 
9 9 
9 9 
9 9 
8 8 
8 8 
7 8 
6 6 
8 9 
9 12 
7 8 
9 9 
3 3 
4 8 
7 9 
7 7 
9 12 
9 10 
9 9 
9 11 
8 8 
9 15 
8 10 
9 10 
8 8 
9 11 
8 9 
9 12 
9 12 
9 12 
9 9 
9 13 
9 10 
9 10 
8 12 
9 10 
7 13 
9 10 
6 7 
6 6 
9 11 
9 12 
9 9 
8 12 
9 12 
9 14 
9 10 
9 9 
9 10 
9 9 
9 9 
6 6 
7 7 
9 10 
7 8 
7 12 
8 8 
8 8 
9 19 
7 7 
8 9 
8 8 
9 12 
9 9 
9 9 
9 9 
9 9 
7 7 
9 9 
9 11 
9 32 
9 11 
8 8 
8 10 
9 9 
9 9 
8 8 
9 10 
9 12 
9 11 
9 17 
9 10 
9 9 
10 10 
10 14 
10 10 
7 8 
10 11 
10 11 
10 10 
10 12 
9 9 
10 10 
10 17 
10 11 
10 10 
10 10 
10 15 
10 15 
10 12 
9 9 
10 10 
10 12 
10 13 
10 10 
9 20 
10 11 
10 10 
10 10 
9 12 
8 9 
9 10 
7 9 
9 9 
10 11 
10 10 
10 10 
4 4 
10 10 
10 13 
8 8 
9 10 
9 12 
9 10 
10 11 
10 10 
10 10 
10 14 
10 13 
9 15 
10 19 
9 9 
10 12 
10 12 
10 10 
10 11 
9 9 
7 9 
10 11 
10 11 
7 24 
8 8 
10 13 
9 13 
4 4 
5 6 
10 10 
8 8 
10 11 
10 13 
8 15 
10 10 
10 13 
9 9 
10 11 
8 8 
8 8 
8 8 
10 10 
10 10 
10 10 
10 14 
10 20 
8 9 
10 11 
10 11 
10 10 
10 11 
10 12 
10 11 
10 11 
9 9 
10 12 
4 4 
9 10 
9 10 
8 8 
10 11 
7 24 
10 12 
10 16 
10 11 
5 6 
9 17 
10 11 
7 7 
9 9 
3 3 
10 12 
9 9 
10 11 
6 6 
9 9 
10 11 
7 8 
8 8 
8 9 
10 14 
11 15 
10 11 
4 4 
11 13 
11 13 
11 11 
11 19 
8 8 
11 11 
11 12 
11 16 
6 9 
11 13 
11 15 
11 12 
10 10 
9 14 
4 4 
8 10 
10 10 
7 8 
11 11 
11 11 
11 11 
11 12 
6 7 
8 8 
9 13 
11 16 
11 12 
7 7 
11 12 
11 12 
11 13 
10 13 
11 11 
10 10 
10 10 
11 11 
10 11 
11 11 
11 12 
10 10 
11 19 
9 9 
11 16 
10 10 
11 14 
11 11 
11 12 
9 10 
9 12 
11 14 
9 13 
11 11 
11 11 
11 14 
10 10 
8 8 
11 11 
11 15 
11 14 
8 12 
11 18 
11 18 
11 14 
8 8 
7 8 
11 11 
10 17 
11 11 
11 13 
11 14 
11 13 
11 12 
11 11 
8 8 
11 11 
11 13 
10 15 
10 16 
11 11 
11 11 
11 11 
10 10 
11 12 
11 11 
9 14 
11 11 
11 11 
7 8 
10 12 
10 22 
10 10 
11 11 
11 12 
11 17 
11 11 
11 12 
12 49 
12 15 
12 12 
11 12 
12 12 
12 13 
8 8 
11 11 
12 13 
12 13 
12 13 
12 13 
7 10 
12 13 
8 9 
7 7 
12 12 
12 12 
12 12 
12 12 
4 6 
12 15 
11 11 
11 11 
12 14 
11 12 
10 10 
12 14 
12 14 
12 13 
12 13 
12 14 
12 12 
12 12 
12 14 
12 12 
12 15 
9 10 
12 13 
12 17 
7 8 
9 9 
12 14 
12 13 
12 13 
12 13 
8 8 
12 15 
11 14 
12 26 
11 15 
10 14 
12 12 
9 10 
12 16 
12 13 
12 13 
12 13 
12 14 
12 14 
12 29 
12 13 
12 13 
12 12 
9 9 
11 13 
9 9 
9 9 
8 8 
12 15 
11 11 
12 22 
10 12 
12 16 
8 11 
9 10 
12 13 
6 6 
12 13 
9 11 
3 3 
11 11 
11 12 
12 14 
7 7 
12 12 
7 8 
12 13 
12 12 
9 10 
12 13 
6 7 
12 14 
11 12 
9 9 
11 17 
12 12 
3 4 
5 5 
10 10 
8 8 
12 12 
12 13 
12 12 
12 17 
7 8 
12 14 
12 12 
12 12 
10 10 
12 17 
12 17 
12 13 
4 4 
12 20 
12 19 
13 13 
11 13 
13 13 
13 13 
13 14 
13 18 
13 18 
13 16 
13 13 
12 14 
13 13 
13 13 
13 13 
12 13 
13 13 
11 11 
9 9 
13 13 
13 13 
9 9 
11 15 
11 13 
12 12 
13 14 
13 15 
13 14 
13 14 
13 16 
13 14 
12 12 
12 12 
13 15 
13 15 
10 11 
13 14 
3 3 
13 18 
13 13 
11 22 
12 12 
12 13 
12 17 
13 16 
13 13 
12 13 
9 9 
13 18 
13 18 
13 18 
9 9 
13 13 
13 19 
13 14 
13 14 
13 14 
13 14 
13 23 
12 14 
6 6 
12 13 
11 14 
13 20 
12 14 
12 20 
13 17 
13 13 
13 16 
6 6 
13 14 
12 13 
13 14 
11 11 
13 17 
11 12 
11 11 
12 13 
13 20 
13 14 
13 20 
13 19 
4 5 
13 14 
13 14 
13 13 
6 7 
9 9 
13 14 
12 27 
13 22 
13 14 
10 10 
13 13 
9 10 
8 8 
13 15 
10 11 
13 20 
13 22 
12 15 
13 27 
13 27 
13 13 
13 13 
13 13 
13 13 
13 13 
13 27 
13 13 
8 8 
12 12 
10 12 
10 10 
12 13 
13 13 
12 12 
12 18 
12 18 
14 24 
13 16 
14 14 
14 14 
3 3 
12 13 
14 14 
14 14 
11 19 
7 7 
13 13 
14 15 
14 17 
13 13 
14 14 
14 16 
4 4 
12 13 
14 15 
13 13 
14 14 
13 18 
13 13 
11 13 
13 18 
10 10 
14 15 
9 11 
12 13 
14 34 
11 13 
14 22 
13 13 
14 21 
12 12 
12 12 
14 16 
14 15 
14 16 
11 11 
14 53 
14 25 
10 10 
12 13 
14 14 
14 16 
4 4 
14 14 
14 14 
14 14 
14 14 
14 14 
14 15 
14 15 
13 13 
14 17 
14 14 
14 14 
14 14 
14 19 
11 11 
8 11 
14 22 
14 18 
14 14 
12 13 
14 30 
14 30 
14 15 
14 14 
13 17 
10 10 
14 17 
12 12 
12 17 
13 22 
14 14 
13 17 
14 17 
14 30 
13 13 
14 14 
14 19 
14 19 
10 11 
13 13 
14 66 
14 14 
14 14 
13 13 
14 20 
14 14 
15 18 
14 14 
15 15 
15 17 
14 14 
15 17 
15 17 
15 15 
15 21 
15 26 
13 14 
12 12 
13 14 
15 17 
13 15 
15 50 
15 17 
15 15 
13 13 
15 17 
15 17 
15 20 
14 20 
15 20 
15 15 
15 17 
13 15 
15 15 
14 15 
8 8 
15 17 
15 18 
6 6 
15 27 
15 20 
13 13 
13 13 
15 16 
15 20 
15 17 
6 6 
11 15 
15 16 
15 21 
15 16 
15 16 
15 25 
15 15 
15 16 
15 16 
15 15 
12 12 
15 21 
13 33 
15 15 
15 16 
15 17 
15 16 
15 15 
15 20 
14 14 
14 16 
13 22 
15 15 
7 7 
15 18 
15 16 
15 17 
15 17 
16 42 
13 15 
15 27 
6 6 
15 18 
16 16 
16 19 
16 16 
16 16 
16 16 
15 16 
15 15 
16 120 
16 18 
16 51 
16 18 
16 19 
14 17 
11 11 
14 17 
14 14 
9 9 
16 25 
16 17 
16 18 
13 13 
16 16 
16 16 
16 18 
15 16 
16 17 
16 16 
16 17 
16 17 
16 20 
15 32 
16 27 
14 14 
14 22 
16 16 
4 4 
15 19 
16 22 
12 12 
16 73 
16 21 
16 16 
16 24 
16 20 
16 16 
16 16 
16 17 
12 15 
13 14 
13 14 
15 17 
11 12 
4 4 
16 19 
16 34 
16 47 
16 35 
16 22 
15 23 
10 26 
15 23 
14 24 
15 18 
15 18 
14 15 
13 13 
16 19 
15 27 
10 10 
10 12 
12 12 
15 15 
15 15 
15 21 
16 16 
16 16 
15 15 
16 28 
16 28 
17 18 
17 17 
13 81 
16 39 
4 4 
16 18 
17 29 
7 8 
17 34 
17 17 
17 58 
17 19 
17 18 
17 20 
15 16 
17 19 
17 21 
4 4 
17 23 
17 17 
12 13 
17 30 
13 17 
17 17 
16 18 
17 17 
16 18 
17 18 
16 18 
17 19 
15 15 
17 18 
17 23 
17 41 
16 16 
17 18 
17 17 
17 17 
17 17 
16 16 
14 20 
17 37 
17 17 
16 16 
17 19 
16 20 
15 16 
17 61 
17 22 
16 16 
16 16 
16 17 
16 18 
15 19 
17 20 
17 40 
3 5 
16 19 
17 33 
15 15 
17 22 
14 14 
10 11 
15 18 
18 18 
18 18 
18 68 
18 18 
18 22 
17 18 
18 20 
17 21 
11 13 
17 18 
8 8 
17 17 
17 17 
18 22 
18 73 
18 18 
18 18 
17 21 
18 23 
15 44 
18 36 
18 19 
18 26 
17 69 
18 18 
18 32 
3 4 
16 20 
18 25 
11 13 
18 19 
8 8 
18 22 
15 15 
13 13 
18 58 
18 27 
18 18 
17 33 
16 16 
13 14 
18 19 
17 17 
18 20 
15 16 
18 18 
18 32 
18 19 
18 34 
18 20 
13 13 
8 8 
16 17 
18 20 
15 19 
18 19 
3 3 
16 23 
16 18 
19 19 
19 19 
19 27 
18 19 
19 27 
19 19 
15 15 
19 35 
16 42 
19 20 
15 17 
19 25 
17 45 
19 22 
13 20 
13 20 
19 37 
18 54 
15 23 
19 62 
18 19 
19 19 
14 15 
17 17 
19 19 
19 19 
16 17 
4 4 
19 41 
19 20 
19 20 
17 21 
14 16 
14 15 
19 30 
18 19 
18 20 
19 21 
19 20 
19 20 
19 19 
15 15 
19 20 
19 35 
19 35 
18 21 
19 22 
19 29 
19 23 
18 21 
19 55 
19 30 
18 18 
19 19 
19 67 
19 20 
13 18 
19 19 
19 19 
15 27 
18 23 
19 19 
16 28 
20 20 
20 25 
19 20 
18 19 
20 22 
20 20 
20 20 
18 37 
20 40 
20 20 
20 23 
19 22 
20 22 
20 23 
17 21 
16 18 
18 19 
20 20 
20 20 
20 24 
15 15 
20 26 
20 29 
20 36 
19 38 
20 20 
18 19 
20 28 
19 21 
19 19 
20 29 
13 18 
15 16 
20 20 
20 33 
19 27 
19 28 
20 20 
20 24 
19 32 
17 18 
18 18 
18 23 
20 20 
20 25 
13 14 
20 20 
19 26 
17 17 
21 47 
21 35 
19 24 
16 18 
21 36 
21 43 
21 34 
19 31 
21 26 
18 19 
20 21 
19 19 
19 19 
21 23 
20 29 
19 19 
20 21 
19 20 
20 20 
21 22 
21 21 
11 14 
14 16 
19 34 
21 36 
21 28 
6 6 
5 7 
21 27 
21 24 
20 22 
19 21 
21 25 
21 21 
16 16 
20 20 
20 35 
21 21 
20 20 
20 24 
21 22 
21 36 
14 17 
21 21 
17 25 
21 23 
21 22 
18 22 
21 26 
20 63 
21 22 
21 21 
21 21 
21 22 
17 30 
21 21 
10 12 
21 21 
20 27 
21 21 
22 24 
21 26 
22 24 
22 24 
22 42 
20 22 
22 23 
22 23 
9 9 
16 19 
16 16 
21 31 
22 28 
22 52 
22 28 
19 19 
21 23 
22 65 
21 35 
20 34 
19 107 
22 38 
16 16 
16 23 
22 22 
22 22 
22 27 
22 23 
22 39 
21 27 
22 36 
21 31 
21 22 
21 34 
22 30 
22 24 
22 24 
16 17 
22 23 
22 24 
20 28 
22 23 
22 23 
22 23 
21 28 
17 19 
23 23 
23 23 
23 26 
23 102 
23 102 
22 24 
23 41 
23 102 
23 102 
23 33 
23 24 
23 34 
23 52 
23 27 
20 22 
23 24 
22 23 
23 26 
22 25 
23 25 
23 31 
23 26 
21 23 
23 26 
19 24 
15 15 
23 26 
23 27 
21 21 
21 21 
23 24 
23 23 
23 23 
23 23 
18 18 
23 39 
23 23 
23 51 
23 26 
20 26 
23 45 
23 28 
23 28 
11 13 
23 42 
24 33 
24 25 
24 35 
3 3 
24 28 
17 17 
23 23 
24 36 
23 29 
24 24 
22 23 
23 25 
24 44 
9 9 
24 25 
22 26 
24 43 
24 29 
24 40 
24 52 
21 28 
21 29 
23 23 
24 27 
24 25 
24 25 
24 41 
15 15 
24 40 
24 37 
24 24 
24 25 
23 25 
23 24 
21 21 
20 20 
24 27 
23 24 
20 107 
24 25 
24 25 
19 42 
17 17 
10 10 
10 10 
24 24 
24 58 
23 23 
23 23 
24 24 
22 34 
24 43 
25 26 
25 36 
25 44 
25 26 
24 46 
25 85 
24 32 
13 21 
21 21 
25 32 
17 19 
25 27 
25 27 
25 45 
25 26 
25 26 
25 41 
25 25 
22 43 
20 31 
25 25 
25 79 
25 27 
23 29 
14 23 
21 41 
20 20 
15 15 
21 30 
25 25 
25 25 
25 30 
25 26 
24 29 
19 30 
25 63 
17 25 
25 35 
24 40 
21 21 
19 20 
22 23 
24 30 
24 38 
24 24 
24 25 
24 32 
24 66 
23 28 
21 26 
15 16 
24 24 
25 25 
24 24 
5 5 
26 28 
26 26 
26 26 
26 26 
26 26 
12 15 
26 39 
26 30 
26 27 
26 63 
26 35 
26 92 
26 45 
26 45 
26 45 
26 26 
26 36 
26 34 
26 26 
25 34 
9 9 
22 23 
26 30 
26 26 
25 31 
24 58 
26 26 
26 26 
26 30 
26 38 
25 33 
26 64 
22 22 
27 32 
25 34 
22 28 
27 29 
25 27 
24 32 
27 31 
27 42 
27 41 
27 27 
22 24 
22 23 
25 27 
16 20 
27 43 
27 83 
19 20 
27 33 
27 29 
27 32 
27 63 
27 64 
27 29 
27 28 
27 57 
27 43 
27 28 
28 48 
28 83 
28 29 
23 56 
28 36 
26 26 
28 37 
28 59 
26 26 
26 27 
28 35 
28 35 
28 35 
28 35 
28 120 
20 23 
28 43 
25 30 
28 31 
23 27 
28 28 
23 27 
26 27 
28 32 
28 44 
26 26 
28 56 
28 45 
28 31 
24 24 
28 33 
29 34 
29 43 
29 30 
28 32 
29 63 
29 36 
23 43 
28 52 
26 30 
29 32 
29 32 
29 31 
28 33 
3 3 
29 48 
29 55 
29 124 
29 57 
27 28 
28 30 
24 25 
29 31 
28 29 
29 30 
28 32 
21 25 
29 32 
29 31 
28 30 
29 31 
29 29 
29 40 
29 31 
25 25 
28 44 
30 37 
28 31 
21 21 
24 24 
25 53 
28 35 
28 30 
30 36 
30 31 
29 30 
27 27 
28 28 
30 34 
30 124 
29 31 
18 23 
30 124 
30 124 
30 36 
30 44 
30 42 
31 122 
28 30 
31 38 
29 122 
31 60 
28 28 
31 33 
31 32 
24 25 
30 36 
31 40 
31 33 
31 32 
24 24 
31 31 
31 42 
31 34 
31 31 
32 32 
32 32 
29 122 
3 4 
32 124 
32 34 
32 47 
31 48 
28 29 
3 5 
22 23 
32 34 
32 33 
28 37 
27 31 
32 80 
32 37 
32 43 
3 3 
32 34 
24 28 
28 29 
32 66 
32 35 
32 34 
32 36 
32 124 
30 30 
32 40 
32 38 
30 35 
13 19 
30 33 
32 33 
33 48 
33 53 
33 39 
27 32 
27 28 
33 64 
33 34 
33 48 
33 40 
32 32 
33 33 
33 39 
30 30 
33 34 
33 34 
33 35 
30 32 
33 33 
34 48 
32 33 
34 47 
4 4 
18 48 
14 21 
29 29 
33 35 
33 44 
32 33 
32 33 
34 48 
35 35 
35 51 
3 4 
33 36 
33 44 
26 29 
35 52 
33 33 
35 35 
35 37 
35 35 
35 35 
35 36 
35 35 
35 36 
35 35 
32 38 
35 49 
29 30 
3 4 
35 92 
35 35 
35 36 
35 48 
34 36 
4 4 
32 38 
36 38 
36 47 
35 38 
36 38 
35 43 
36 48 
36 46 
35 41 
36 40 
32 40 
36 41 
33 35 
37 37 
37 41 
36 37 
37 47 
37 46 
37 40 
37 41 
36 38 
30 49 
37 41 
36 37 
31 39 
38 38 
38 38 
38 47 
38 45 
26 33 
36 42 
38 51 
38 57 
39 42 
27 35 
39 50 
7 18 
39 40 
39 40 
39 44 
3 3 
39 40 
39 43 
40 44 
40 40 
40 49 
40 48 
40 47 
40 44 
35 35 
40 44 
40 41 
19 32 
41 44 
41 48 
35 36 
41 41 
41 41 
41 44 
39 40 
27 35 
38 51 
40 42 
36 38 
41 54 
5 6 
42 72 
42 44 
42 42 
42 51 
42 45 
42 46 
40 51 
42 47 
42 62 
40 47 
33 51 
35 36 
42 69 
37 48 
41 41 
40 40 
43 62 
43 47 
43 116 
3 3 
44 70 
40 42 
44 49 
39 42 
43 65 
43 51 
43 51 
34 48 
43 74 
34 62 
45 53 
40 45 
45 61 
44 54 
45 83 
45 83 
46 46 
45 51 
41 41 
4 4 
46 48 
46 46 
32 44 
27 45 
46 46 
46 47 
43 43 
42 43 
47 47 
48 59 
47 48 
47 54 
48 51 
10 10 
49 71 
49 73 
49 60 
41 43 
49 59 
45 53 
35 36 
45 67 
48 51 
50 50 
50 52 
46 59 
50 60 
50 54 
48 59 
48 59 
42 47 
50 53 
44 46 
50 54 
45 68 
50 50 
50 50 
49 51 
45 45 
42 42 
51 52 
5 7 
49 59 
50 53 
52 58 
50 50 
46 46 
51 64 
21 22 
53 75 
54 54 
53 62 
44 51 
23 25 
55 72 
51 60 
55 82 
17 38 
55 71 
54 55 
55 55 
3 3 
56 57 
56 57 
4 4 
56 57 
53 57 
56 57 
3 3 
56 74 
3 3 
46 51 
57 70 
50 50 
57 68 
57 65 
57 57 
57 57 
57 62 
55 55 
58 109 
3 3 
58 62 
3 5 
60 60 
61 79 
35 44 
26 30 
58 61 
62 65 
63 65 
44 44 
55 59 
61 61 
64 64 
64 65 
6 6 
65 111 
65 65 
43 45 
67 111 
62 67 
68 84 
69 111 
69 111 
69 111 
69 156 
69 110 
53 53 
71 72 
3 4 
71 72 
72 74 
56 58 
71 72 
76 89 
79 82 
79 81 
3 3 
85 91 
85 88 
3 3 
87 93 
86 119 
87 89 
76 81 
88 92 
16 25 
21 61 
13 17 
91 92 
91 92 
3 4 
85 97 
17 18 
98 99 
103 152 
102 141 
3 4 
3 3 
117 117 
117 117 
4 4 
33 33 
3 3 
3 3 
3 3 
4 8 
3 3 
3 3 
3 3 
3 6 
3 3 
3 4 
3 4 
4 4 
3 3 
4 4 
3 3 
3 3 
3 3 
3 3 
3 4 
3 3 
3 3 
3 3 
3 3 
3 4 
5 5 
5 5 
3 3 
5 5 
4 4 
4 6 
3 3 
3 3 
3 3 
3 3 
3 3 
3 4 
4 6 
3 3 
3 3 
10 10 
3 4 
28 120 
27 48 
4 4 
4 5 
16 30 
3 3 
4 4 
3 3 
3 4 
3 3 
4 4 
4 5 
3 3 
3 3 
3 4 
3 3 
6 7 
3 3 
3 3 
4 4 
4 4 
3 3 
3 3 
4 7 
3 3 
3 4 
3 4 
3 3 
4 4 
3 3 
3 3 
4 6 
3 3 
3 3 
3 3 
3 4 
10 14 
3 3 
4 4 
4 4 
3 3 
3 3 
3 3 
4 5 
5 6 
3 3 
3 4 
3 3 
3 3 
4 4 
3 4 
3 4 
3 3 
4 8 
3 3 
3 3 
3 3 
3 3 
3 3 
3 3 
6 8 
3 3 
3 3 
3 4 
4 4 
4 4 
3 4 
4 4 
3 3 
3 3 
3 4 
3 3 
3 3 
3 3 
3 3 
3 3 
3 3 
3 3 
3 8 
3 3 
3 3 
4 4 
5 6 
3 4 
3 3 
3 3 
3 3 
4 7 
3 4 
4 4 
3 3 
3 3 
3 3 
3 3 
3 3 
3 3 
3 3 
3 3 
3 3 
4 4 
3 3 
3 4 
3 3 
5 7 
4 4 
3 4 
6 7 
6 7 
3 3 
3 3 
3 3 
3 3 
3 5 
11 13 
5 6 
4 4 
3 8 
3 3 
3 3 
3 4 
48 65 
31 94 
17 75 
4 5 
