64 1726 
19 904 
2 2 
2 2 
2 2 
2 2 
12 1118 
136 2621 
2 2 
4 630 
25 384 
35 1203 
4 177 
2 3 
4 1024 
2 2 
3 3 
2 2 
51 1424 
86 2099 
2 2 
2 2 
2 2 
2 2 
497 4047 
2 2 
2 219 
2 2 
2 2 
8 403 
535 4066 
2 2 
2 2 
2 2 
2 2 
2 2 
2 2 
2 2 
344 3109 
3 3 
438 3857 
2 2 
2 2 
2 2 
2 2 
2217 9268 
3 3 
2 2 
2 144 
2 2 
2 2 
2 2 
2 2 
2 2 
2 2 
228 2857 
205 2413 
282 1942 
3 280 
2 2 
2 2 
2 182 
2 2 
40 1365 
4 78 
3 3 
3 4 
2 2 
2 259 
2 2 
2 2 
2 2 
2 2 
2 2 
2 82 
2 2 
2 2 
2 2 
2 2 
2 2 
2 2 
2 2 
2 113 
2 2 
2 2 
2 2 
7 238 
4 70 
2 2 
8 1252 
18 1413 
15 1676 
231 2720 
135 2119 
251 2508 
35 1652 
21 1140 
9 517 
143 1640 
2 182 
100 1554 
70 1287 
288 3432 
427 4139 
4 347 
3 3 
3 3 
2 2 
2 2 
2 2 
2 2 
2 2 
99 2355 
2 2 
279 3059 
3 120 
3 3 
2 2 
2 2 
27 1417 
28 523 
293 1721 
4 111 
3 277 
2 2 
2 2 
2 2 
5 350 
2 2 
2 2 
2 2 
28 507 
75 1424 
3 3 
39 283 
6 106 
5 112 
2 2 
7 392 
9 1076 
31 864 
16 475 
2 2 
7 458 
11 1576 
13 1635 
82 1679 
3 3 
11 1019 
33 1011 
2 191 
11 771 
19 1674 
2 2 
46 2023 
5 376 
3 3 
2 2 
7 171 
2 58 
2 3 
2 2 
678 3416 
7 173 
2 2 
2 2 
450 3947 
3 3 
2 957 
2 2 
2 2 
2 2 
2 2 
2 2 
2 2 
2 2 
4 316 
3 153 
3 3 
3 72 
2 2 
2 2 
14 1214 
3 3 
3 3 
2 2 
7 716 
2 2 
2 2 
2 2 
2 2 
2 2 
272 3239 
2 2 
2 2 
65 1726 
5 68 
2 67 
2 2 
32 1330 
4 4 
3 6 
2 2 
349 3520 
5 105 
5 244 
5 242 
4 71 
3 75 
3 3 
3 3 
2 2 
2 2 
2 2 
2 2 
2 2 
2 2 
2 2 
2 2 
2 2 
2 2 
2 2 
2 2 
2 2 
404 3470 
2 2 
2 2 
2 2 
202 2890 
3 26 
3 4 
2 2 
2 2 
2 149 
2 2 
2 2 
2 2 
2 2 
1900 8442 
3 3 
3 3 
3 3 
2 2 
2 2 
2 2 
2 144 
2 119 
824 5177 
190 2304 
125 1979 
2 2 
17 118 
4 4 
3 285 
2 2 
94 2358 
3 3 
5 407 
151 2230 
103 2017 
13 903 
21 1085 
46 1965 
92 1610 
29 1322 
4 60 
75 1582 
31 1578 
2 2 
18 578 
2 2 
41 1825 
23 605 
33 1343 
49 1794 
142 2048 
30 1297 
512 4324 
5 227 
3 5 
3 27 
467 3886 
38 1180 
6 238 
284 3384 
211 2980 
64 1308 
3 3 
2 2 
2 2 
7 953 
4 100 
3 3 
2 2 
7 7 
2 2 
2 2 
467 3931 
2 2 
2 2 
2 2 
1098 6201 
3 3 
2 2 
2 2 
2 2 
2 2 
2 2 
207 2928 
9 1352 
3 252 
10 1333 
3 252 
310 3364 
2 2 
9 411 
2 2 
2 2 
43 1617 
2 2 
2 2 
43 1490 
27 1697 
70 1378 
58 1295 
3 3 
2 2 
122 1974 
3 807 
3 3 
2 3 
2 2 
2 2 
3 4 
2 2 
2 2 
36 434 
3 3 
2 159 
35 1288 
17 1244 
11 1534 
18 1322 
42 1873 
44 1770 
25 1436 
47 1573 
3 3 
2 2 
2 2 
9 305 
263 2377 
2 2 
101 1903 
62 1416 
2 2 
2 2 
2 2 
208 1465 
2 2 
64 1450 
7 146 
2 2 
52 459 
67 2110 
2 97 
93 2350 
2 2 
194 2007 
3 47 
3 35 
2 2 
2 2 
30 772 
30 794 
8 504 
24 816 
116 1361 
22 1192 
254 1903 
91 1078 
34 1624 
4 4 
7 242 
4 228 
10 1191 
27 1140 
6 443 
4 1006 
25 1296 
2 2 
4 1006 
4 1020 
7 1022 
17 1232 
3 3 
44 1171 
3 3 
84 632 
2 2 
76 1679 
7 1105 
55 1501 
12 1102 
3 3 
86 1997 
40 1174 
3 3 
3 3 
2 2 
2 2 
88 1341 
33 852 
57 772 
27 496 
3 3 
2 2 
32 1323 
3 3 
2 4 
2 2 
40 350 
2 2 
20 556 
53 1942 
2 2 
7 296 
24 1281 
3 3 
5 1051 
12 1135 
38 1400 
10 1226 
22 1289 
2 2 
2 2 
4 255 
10 299 
2 2 
11 844 
13 502 
6 388 
32 952 
2 2 
14 1297 
18 1214 
34 1511 
25 1270 
5 138 
5 36 
41 222 
8 947 
10 419 
2 2 
2 2 
12 1079 
3 4 
2 372 
3 20 
2 2 
3 3 
57 1974 
75 1325 
3 3 
41 1418 
2 2 
2 2 
21 1208 
3 172 
2 2 
44 1828 
3 108 
2 2 
5 6 
162 2822 
165 2729 
46 1408 
7 324 
2 2 
2 2 
50 1465 
187 2617 
2 2 
2 2 
2 2 
52 1435 
146 2315 
11 280 
7 44 
2 2 
2 2 
27 1220 
2 2 
11 1126 
3 3 
2 157 
22 1082 
2 157 
15 1549 
6 6 
22 1203 
62 1461 
2 2 
4 4 
2 155 
5 110 
5 1102 
7 1099 
119 2305 
2 2 
29 772 
2 2 
2 2 
2 2 
2 2 
4 376 
4 4 
105 2363 
2 3 
2 2 
2 2 
15 1102 
2 68 
2 2 
5 280 
33 1382 
7 987 
4 794 
43 1077 
8 1154 
2 106 
3 106 
2 2 
9 1019 
10 1078 
2 2 
4 5 
2 2 
3 3 
2 2 
100 1789 
102 2184 
5 5 
312 3426 
26 1982 
20 1810 
39 1919 
181 2796 
24 1808 
63 2121 
3 32 
17 1740 
7 118 
19 1574 
24 1830 
20 1822 
43 2021 
20 1790 
22 1768 
59 2100 
8 1405 
8 1527 
47 1873 
8 1592 
18 1789 
128 2454 
40 1488 
117 1886 
2 500 
3 3 
14 1295 
2 2 
42 1526 
3 3 
8 220 
8 366 
28 1782 
2 2 
5 1155 
16 1062 
13 1525 
93 2338 
9 1194 
3 26 
53 1289 
3 3 
3 140 
5 292 
44 1542 
30 1371 
3 131 
14 1232 
5 1101 
169 2193 
8 279 
16 1188 
28 1321 
6 310 
2 2 
34 1492 
6 382 
8 93 
133 1607 
17 395 
2 2 
88 1214 
3 3 
3 152 
2 2 
2 2 
92 2310 
12 1176 
110 2363 
5 314 
11 1217 
17 1320 
16 1383 
5 1097 
5 1097 
6 1098 
5 915 
11 1122 
11 1686 
7 1028 
17 451 
39 1072 
89 2416 
27 1839 
3 3 
118 2417 
4 4 
48 1855 
21 1849 
102 2212 
58 1968 
2 2 
82 2052 
2 2 
16 923 
26 1647 
46 1995 
12 390 
47 561 
43 646 
32 933 
15 442 
15 431 
8 296 
16 392 
26 478 
25 989 
4 137 
2 2 
2 2 
14 393 
4 17 
101 1718 
2 2 
5 38 
3 3 
5 62 
2 2 
25 1229 
21 1003 
20 1804 
26 1233 
4 5 
8 1639 
39 1779 
34 1995 
20 1878 
12 1747 
2 2 
6 1669 
16 1744 
2 2 
33 1887 
55 2117 
10 1448 
6 692 
3 3 
4 92 
20 1009 
3 153 
79 2242 
6 385 
6 185 
3 3 
3 3 
13 303 
12 466 
15 493 
6 298 
7 415 
44 1229 
38 401 
9 443 
51 1888 
12 1538 
18 1624 
21 1784 
19 1512 
8 898 
11 166 
23 606 
64 2074 
14 1712 
12 1634 
2 2 
199 2980 
3 136 
49 2028 
47 1920 
11 1600 
57 2115 
13 153 
4 315 
2 2 
8 347 
17 476 
2 2 
11 728 
15 1653 
48 1931 
10 1564 
54 1626 
8 1241 
23 309 
24 886 
9 9 
28 1260 
3 3 
31 1103 
9 333 
15 479 
3 755 
14 156 
2 2 
2 374 
2 2 
82 1843 
2 2 
2 2 
14 1546 
2 2 
18 473 
8 319 
2 2 
32 1732 
24 795 
3 1020 
2 2 
13 962 
7 325 
3 3 
8 219 
2 2 
59 1564 
30 1228 
20 1292 
4 107 
20 1218 
162 1915 
25 572 
58 1850 
3 3 
3 3 
2 2 
2 2 
2 2 
38 1388 
16 1062 
23 1309 
3 3 
3 3 
4 26 
2 2 
7 408 
23 1359 
15 1079 
2 2 
3 3 
3 97 
3 65 
3 155 
2 2 
2 2 
2 2 
5 867 
6 333 
21 1185 
35 1836 
6 1630 
12 1698 
27 1852 
8 1555 
4 1604 
4 306 
9 350 
42 1436 
8 789 
11 787 
74 1650 
5 202 
2 2 
6 175 
2 2 
26 1792 
6 60 
3 5 
18 1348 
166 2071 
109 2219 
9 1648 
4 221 
639 3333 
67 2175 
46 891 
6 134 
24 1166 
3 44 
4 1132 
2 248 
22 569 
7 229 
42 622 
85 867 
27 887 
6 152 
10 820 
23 1626 
2 2 
38 1942 
7 1156 
700 3641 
2 144 
2 2 
17 1177 
5 5 
5 347 
2 2 
2 3 
190 3017 
106 2111 
3 3 
205 2197 
2 2 
13 1191 
3 3 
4 128 
2 2 
11 408 
8 671 
8 279 
16 852 
2 2 
2 2 
2 2 
2 2 
43 176 
9 120 
25 1308 
3 3 
14 444 
7 770 
17 1299 
11 871 
87 2326 
2 2 
54 2064 
10 414 
2 2 
47 1863 
32 1721 
13 1507 
84 2257 
35 1751 
39 1834 
12 1658 
17 1758 
79 2190 
139 2566 
104 2295 
2 2 
2 2 
9 1558 
2 2 
25 1699 
24 643 
56 1966 
9 1664 
29 1768 
5 5 
2 2 
5 5 
41 1879 
20 1698 
11 1779 
21 1690 
12 1283 
14 1344 
11 1280 
11 1286 
5 1202 
13 921 
21 1704 
21 1701 
10 227 
30 392 
2 2 
2 2 
37 993 
20 1392 
9 1285 
14 1650 
26 1846 
14 519 
46 1810 
15 246 
31 1724 
2 2 
16 350 
2 2 
31 579 
19 250 
3 25 
9 350 
11 380 
8 412 
2 2 
42 2057 
6 856 
10 1237 
2 2 
2 2 
15 1517 
16 1639 
7 1444 
23 1838 
57 1793 
2 2 
36 1758 
38 1481 
75 1915 
5 5 
13 1218 
17 467 
4 5 
2 341 
2 2 
664 3212 
2 2 
2 151 
2 2 
4 4 
2 2 
2 2 
14 145 
2 2 
26 900 
19 546 
4 54 
11 388 
125 1789 
30 883 
21 458 
2 2 
3 3 
2 2 
20 987 
6 114 
5 71 
6 143 
2 2 
31 291 
198 1557 
2 2 
2 2 
2 2 
2 2 
5 741 
3 3 
14 133 
2 2 
2 2 
2 2 
13 229 
13 333 
12 1068 
2 2 
2 155 
2 155 
2 2 
180 2011 
9 578 
46 835 
8 301 
60 329 
38 527 
2 2 
2 2 
10 151 
64 1034 
127 1385 
12 618 
61 1252 
4 4 
26 743 
2 298 
2 3 
10 508 
2 2 
17 826 
31 762 
57 1819 
14 1360 
2 2 
22 1187 
20 693 
28 1170 
3 3 
17 1322 
7 422 
12 174 
6 137 
6 6 
7 8 
27 440 
17 889 
55 1004 
7 1101 
33 1385 
5 1138 
11 1136 
2 2 
14 96 
2 2 
52 766 
3 3 
102 1029 
52 943 
22 914 
19 237 
2 2 
2 2 
2 2 
53 2064 
13 1625 
13 1545 
166 2040 
2 2 
4 309 
11 1701 
36 1769 
31 1813 
16 927 
12 855 
10 659 
2 2 
6 289 
70 894 
64 2219 
56 1939 
39 1266 
7 1684 
15 1578 
45 1938 
34 1159 
29 1864 
33 1907 
9 186 
21 1868 
2 3 
58 1848 
2 2 
25 1777 
30 1800 
17 1752 
13 1654 
35 1126 
2 2 
8 1483 
16 1774 
9 1398 
4 1189 
54 2055 
3 362 
14 1064 
19 616 
5 198 
8 678 
43 1841 
8 309 
100 2348 
87 2324 
59 1950 
5 403 
41 1701 
33 2032 
15 1676 
23 1874 
116 2311 
34 1681 
16 1332 
13 1315 
2 2 
6 184 
31 410 
9 867 
10 1454 
103 2295 
7 1294 
5 706 
12 1163 
5 764 
7 1453 
2 2 
7 187 
8 1487 
9 700 
16 1644 
2 2 
18 1675 
11 1565 
11 1681 
6 1393 
4 192 
2 2 
18 1550 
64 2073 
2 2 
9 773 
3 74 
32 575 
241 3107 
20 452 
2 2 
2 2 
2 2 
39 1777 
60 2140 
13 1686 
8 627 
2 2 
3 275 
3 3 
10 956 
21 1182 
2 2 
2 2 
38 1341 
2 2 
57 1965 
2 114 
3 3 
5 60 
5 353 
27 995 
2 2 
5 58 
60 1445 
2 2 
4 88 
19 1616 
2 2 
72 511 
2 195 
346 2033 
2 136 
2 2 
319 1954 
2 2 
8 506 
46 934 
156 1344 
6 194 
2 2 
17 386 
12 1245 
16 905 
14 1224 
3 3 
30 1899 
2 2 
19 1615 
20 1085 
5 688 
34 1335 
5 5 
4 863 
39 1787 
2 2 
19 1554 
31 1695 
36 1934 
13 1594 
8 858 
13 977 
5 696 
3 3 
8 1619 
7 331 
14 1558 
8 156 
5 5 
5 5 
3 97 
4 5 
6 1499 
4 332 
2 2 
12 215 
42 1516 
32 1365 
69 1757 
4 25 
24 1259 
21 727 
14 1664 
8 996 
6 185 
4 82 
15 1589 
8 1008 
52 1938 
14 1634 
10 1086 
7 872 
19 1656 
16 1473 
6 649 
22 1650 
7 839 
4 344 
21 1583 
3 3 
32 1929 
16 613 
23 1278 
2 2 
598 3832 
69 1726 
55 1655 
110 2259 
49 1789 
2 2 
43 1588 
88 1999 
31 437 
2 3 
2 3 
26 1119 
10 454 
51 1746 
2 3 
99 1964 
30 1524 
25 1481 
39 1041 
72 1655 
3 3 
41 1539 
17 1246 
48 1396 
54 1715 
67 1361 
12 326 
9 377 
2 2 
29 1392 
6 518 
4 384 
50 1755 
2 2 
7 353 
2 2 
19 903 
63 1376 
229 2266 
77 1521 
125 1972 
4 153 
3 54 
3 8 
8 989 
5 405 
5 165 
12 896 
20 1070 
516 2848 
3 241 
2 2 
9 305 
13 1387 
36 1406 
155 2312 
57 1431 
7 1352 
3 297 
14 855 
5 1211 
67 2012 
9 296 
2 2 
2 2 
5 400 
16 1424 
8 1274 
2 2 
13 1237 
3 3 
2 2 
2 2 
6 1117 
12 1118 
7 795 
9 447 
75 1799 
66 1519 
27 1741 
49 1317 
6 917 
5 336 
9 347 
2 2 
13 1354 
38 1228 
9 1043 
44 1599 
2 2 
12 1221 
3 293 
4 272 
46 1914 
4 150 
46 1840 
2 2 
16 1456 
17 1717 
15 1612 
10 173 
4 211 
9 733 
2 2 
18 340 
28 1257 
2 2 
6 292 
2 2 
2 2 
16 1342 
382 2139 
2 2 
2 2 
187 1630 
5 241 
24 1794 
16 1646 
27 1874 
12 1598 
16 1473 
9 1626 
23 1749 
3 760 
6 154 
6 400 
37 1803 
5 91 
64 2148 
4 1534 
2 81 
18 1847 
40 2060 
8 1427 
4 121 
2 2 
2 2 
2 2 
11 1616 
8 1406 
28 1866 
7 1629 
25 1767 
11 1480 
2 2 
8 1666 
11 1463 
5 1260 
2 604 
10 1553 
3 235 
4 542 
11 1570 
2 2 
2 2 
4 95 
23 844 
71 1066 
6 6 
24 1493 
2 2 
61 1425 
3 41 
5 6 
5 318 
3 102 
2 2 
16 1293 
2 2 
39 1874 
13 1166 
9 1168 
2 2 
2 106 
12 1174 
7 1190 
4 4 
2 2 
62 2194 
8 359 
23 697 
7 216 
3 3 
6 329 
35 1228 
6 49 
26 645 
39 2009 
11 238 
29 1912 
26 572 
14 499 
7 474 
7 461 
5 443 
6 788 
20 1196 
8 984 
16 1086 
3 3 
4 149 
11 726 
7 813 
3 128 
3 202 
8 394 
4 194 
7 962 
3 295 
20 941 
3 88 
18 1600 
13 1542 
2 2 
10 1427 
21 1680 
6 1238 
7 149 
19 1074 
8 182 
17 1038 
11 943 
7 1528 
5 925 
5 867 
6 1511 
2 2 
59 2051 
2 2 
9 123 
3 130 
2 2 
2 2 
7 32 
2 2 
8 394 
93 1376 
2 2 
54 495 
17 975 
14 967 
13 1005 
15 1011 
5 703 
2 2 
3 3 
2 1252 
2 292 
31 1869 
21 400 
2 2 
2 2 
20 443 
2 2 
2 15 
2 2 
3 3 
4 177 
2 2 
37 899 
2 2 
29 1232 
31 79 
4 255 
21 824 
6 97 
2 2 
2 2 
21 636 
2 2 
2 2 
61 876 
23 965 
5 6 
2 2 
2 2 
9 92 
2 2 
63 1874 
2 2 
11 430 
17 1235 
23 1069 
28 1278 
49 1393 
2 2 
3 5 
2 2 
10 178 
19 996 
49 1984 
3 246 
4 213 
2 2 
8 866 
3 100 
6 769 
6 794 
2 1020 
9 1735 
17 1613 
3 3 
11 1105 
12 1204 
5 312 
13 417 
29 958 
25 749 
17 577 
17 651 
80 1079 
4 4 
12 601 
29 484 
4 356 
5 53 
12 1121 
12 14 
16 470 
15 425 
31 818 
11 326 
2 2 
2 2 
15 699 
129 1284 
33 853 
20 551 
9 570 
17 439 
8 126 
25 1261 
23 1105 
48 986 
53 1202 
9 454 
18 127 
5 264 
2 2 
12 911 
5 39 
3 4 
2 2 
7 125 
2 2 
26 1072 
3 3 
2 67 
13 463 
2 2 
3 3 
16 390 
3 3 
3 3 
2 2 
19 390 
2 3 
3 3 
2 112 
5 330 
3 33 
2 2 
2 2 
2 2 
3 3 
14 1767 
2 2 
2 2 
2 2 
27 478 
11 439 
4 4 
74 606 
21 289 
2 2 
2 2 
6 33 
2 2 
2 2 
114 1181 
2 221 
90 1159 
4 42 
3 4 
3 3 
2 6 
2 2 
2 2 
13 156 
2 2 
2 2 
147 1415 
46 195 
24 286 
2 2 
119 518 
33 472 
19 532 
5 156 
2 2 
3 3 
19 797 
60 1002 
2 2 
22 200 
2 2 
8 755 
46 994 
2 2 
17 796 
2 2 
14 112 
14 118 
12 979 
2 2 
99 1030 
8 28 
11 400 
2 2 
37 902 
5 199 
3 4 
9 253 
3 100 
3 3 
17 365 
7 93 
3 3 
10 180 
5 631 
2 2 
8 783 
2 2 
2 2 
11 53 
16 642 
4 307 
6 270 
3 3 
9 917 
22 953 
4 4 
2 2 
12 402 
4 403 
9 458 
4 107 
30 208 
34 1393 
12 411 
8 187 
35 890 
6 369 
6 152 
8 184 
12 906 
37 1149 
90 540 
2 2 
3 3 
2 2 
16 297 
2 2 
3 349 
5 238 
2 2 
2 2 
11 114 
2 2 
3 3 
2 2 
12 587 
2 2 
9 647 
2 2 
34 1624 
6 19 
18 1596 
2 2 
12 373 
2 2 
11 600 
5 668 
8 875 
36 1222 
3 94 
3 5 
57 1605 
16 1136 
10 1217 
28 671 
13 363 
2 2 
7 156 
15 448 
2 349 
30 1140 
19 492 
25 824 
2 2 
2 2 
17 177 
4 732 
90 1063 
17 595 
6 368 
10 524 
2 2 
2 2 
2 2 
3 4 
10 654 
6 254 
9 414 
11 669 
5 166 
7 399 
10 378 
28 1785 
2 2 
2 2 
7 186 
3 145 
2 2 
11 215 
2 2 
5 165 
8 353 
5 107 
20 559 
24 510 
8 972 
5 76 
3 3 
15 267 
6 132 
3 789 
18 1203 
7 313 
37 1904 
12 1636 
22 1630 
13 1567 
6 1019 
7 1462 
4 325 
16 182 
18 465 
2 2 
12 1499 
3 119 
3 68 
57 578 
26 1691 
19 1661 
12 1342 
17 960 
24 1159 
9 1719 
4 21 
38 1841 
38 1903 
13 1491 
5 550 
4 214 
10 1477 
7 1496 
2 2 
9 1732 
12 1804 
2 2 
16 1761 
9 1588 
23 1861 
9 262 
2 2 
3 92 
3 73 
2 2 
4 300 
3 3 
7 7 
16 823 
3 3 
46 1854 
5 6 
6 353 
5 110 
2 2 
7 1446 
3 5 
2 2 
5 1055 
3 41 
2 2 
2 2 
2 2 
6 271 
5 1339 
2 2 
21 1609 
4 136 
3 3 
9 1084 
36 591 
2 2 
2 2 
2 2 
22 1759 
35 1801 
10 804 
6 136 
4 4 
30 1647 
3 3 
31 1329 
14 467 
5 164 
6 249 
35 1160 
2 2 
2 2 
8 295 
4 158 
19 460 
4 285 
3 3 
12 1621 
6 434 
2 2 
6 152 
24 852 
3 161 
9 9 
2 2 
2 51 
4 658 
35 175 
2 2 
42 1271 
4 4 
3 69 
2 2 
2 2 
2 2 
8 1113 
3 3 
3 3 
23 1046 
4 69 
3 4 
7 326 
2 155 
3 3 
49 2027 
2 2 
9 1489 
9 1505 
2 303 
3 136 
4 265 
3 72 
14 1649 
7 1471 
5 1108 
14 1423 
8 1452 
45 1822 
2 2 
24 1200 
4 4 
2 2 
21 872 
162 1421 
22 593 
2 2 
14 1049 
14 432 
4 172 
2 3 
14 1611 
5 102 
14 383 
7 290 
15 499 
2 2 
4 5 
49 1490 
5 141 
10 1729 
9 115 
4 66 
2 2 
6 734 
4 323 
11 992 
30 1081 
28 1904 
7 373 
8 1649 
8 1710 
2 2 
6 20 
11 1498 
12 1686 
7 702 
2 2 
4 87 
5 95 
2 269 
4 51 
2 2 
6 102 
16 679 
13 13 
5 296 
11 449 
6 985 
5 265 
13 220 
31 1019 
13 1624 
12 1452 
4 46 
4 657 
3 656 
4 1174 
7 398 
11 782 
11 1464 
22 1869 
9 1490 
22 1849 
3 167 
5 547 
3 4 
4 100 
21 1243 
10 1644 
10 1667 
5 410 
17 1508 
5 1325 
7 1668 
5 1464 
4 119 
18 1446 
2 2 
3 65 
4 1321 
7 1384 
7 1400 
4 1398 
12 1688 
22 1568 
17 1535 
13 938 
2 2 
21 881 
19 1850 
14 1594 
5 157 
27 1752 
8 830 
32 2036 
203 2918 
10 1505 
54 1766 
9 1553 
27 1825 
17 1692 
5 1392 
8 1309 
16 1602 
13 884 
8 301 
7 1399 
31 628 
4 207 
5 429 
13 1630 
13 669 
2 2 
5 403 
4 322 
10 290 
4 299 
8 190 
8 309 
2 2 
4 454 
7 473 
4 228 
6 660 
2 292 
2 2 
2 292 
6 6 
2 3 
9 474 
2 2 
11 449 
19 237 
7 397 
2 2 
3 209 
7 397 
11 402 
2 2 
2 2 
2 2 
5 46 
5 907 
4 870 
5 5 
6 700 
6 694 
42 1933 
5 180 
5 5 
2 2 
3 373 
6 198 
21 625 
2 2 
44 1387 
14 415 
42 617 
2 2 
6 209 
7 242 
10 326 
6 115 
5 8 
4 59 
2 2 
3 3 
23 884 
2 2 
17 832 
4 113 
2 2 
3 3 
4 108 
31 883 
35 1146 
8 14 
2 2 
21 425 
8 139 
10 568 
13 571 
2 2 
4 4 
2 2 
2 2 
20 634 
4 4 
310 1777 
25 1168 
4 49 
3 283 
3 333 
4 48 
14 489 
12 663 
2 2 
3 3 
4 4 
14 1225 
6 363 
22 970 
2 2 
9 824 
7 225 
22 441 
33 926 
4 225 
4 93 
25 1588 
5 5 
2 2 
6 577 
4 92 
12 1653 
7 1633 
2 2 
10 1543 
11 1439 
35 1970 
10 298 
6 116 
36 1155 
9 71 
65 1820 
8 77 
10 85 
5 75 
2 2 
22 719 
2 2 
3 3 
12 360 
6 42 
2 89 
9 829 
12 1422 
9 1789 
8 231 
20 851 
2 155 
3 3 
2 322 
2 2 
2 2 
3 164 
2 2 
4 4 
6 194 
5 5 
2 2 
7 871 
2 2 
3 3 
3 3 
37 1065 
2 2 
3 3 
20 1090 
5 6 
7 188 
2 2 
5 1041 
3 41 
8 794 
2 2 
7 173 
20 202 
48 269 
63 325 
2 2 
59 285 
48 264 
55 282 
22 211 
20 175 
2 2 
52 286 
2 2 
2 2 
3 3 
3 1271 
15 1574 
14 1760 
4 124 
2 2 
8 126 
15 1094 
18 457 
2 2 
7 355 
2 2 
6 340 
21 1632 
3 108 
6 355 
2 2 
3 3 
7 1356 
15 671 
11 109 
4 4 
28 671 
9 198 
6 19 
6 126 
4 308 
2 69 
2 2 
28 915 
9 142 
10 990 
2 2 
11 905 
3 3 
20 827 
22 872 
19 851 
30 959 
10 925 
18 873 
17 847 
21 216 
5 119 
2 2 
7 99 
11 427 
2 2 
10 112 
7 109 
3 3 
3 672 
2 2 
3 4 
11 432 
19 453 
33 537 
6 6 
4 4 
2 2 
3 3 
15 205 
4 4 
12 384 
2 2 
2 2 
8 1565 
4 4 
5 267 
18 500 
10 365 
12 355 
9 465 
2 2 
5 210 
9 820 
7 190 
2 2 
5 653 
2 2 
11 445 
2 2 
4 300 
3 3 
2 2 
15 83 
17 421 
2 158 
9 350 
13 600 
2 2 
8 325 
3 140 
3 145 
3 141 
3 691 
2 2 
11 353 
2 2 
2 2 
4 269 
13 1006 
2 2 
9 1058 
5 194 
2 2 
10 304 
2 2 
3 3 
12 349 
4 196 
3 195 
3 512 
3 333 
8 1121 
14 1221 
8 104 
13 1746 
19 873 
2 2 
10 223 
3 3 
2 2 
4 80 
6 406 
3 212 
2 2 
4 4 
2 2 
7 279 
11 382 
4 145 
2 2 
4 1234 
8 1477 
11 1603 
2 2 
11 1614 
16 1570 
10 1464 
9 1616 
4 138 
8 70 
34 1174 
10 1467 
3 3 
2 2 
5 395 
3 3 
4 768 
11 129 
2 2 
4 85 
23 452 
11 425 
18 399 
3 5 
2 2 
10 392 
5 5 
2 2 
26 97 
2 2 
6 89 
4 5 
3 3 
2 2 
5 143 
5 80 
13 1783 
2 2 
16 1022 
2 2 
5 342 
4 167 
6 109 
2 2 
2 2 
2 2 
20 845 
33 1890 
9 989 
18 1787 
2 2 
19 1625 
9 1769 
13 159 
5 122 
4 4 
6 6 
5 522 
3 3 
3 318 
2 2 
2 2 
2 2 
2 2 
2 2 
2 2 
2 2 
2 2 
4 49 
4 4 
12 652 
15 407 
9 394 
15 214 
2 2 
4 4 
3 30 
2 1112 
4 605 
16 1729 
16 1819 
9 1470 
13 1565 
7 1569 
71 2167 
13 1500 
7 1506 
3 3 
16 1612 
3 917 
22 931 
8 365 
13 296 
2 380 
13 463 
11 879 
6 364 
12 1623 
30 1813 
11 1586 
27 1657 
13 1053 
3 104 
10 1549 
20 1585 
6 81 
6 314 
7 772 
19 1506 
14 1695 
6 258 
2 2 
5 5 
9 745 
7 714 
6 825 
6 631 
3 165 
11 336 
14 1186 
2 2 
2 2 
3 187 
6 852 
24 1796 
10 1468 
8 1294 
7 1670 
9 1408 
8 393 
23 1834 
11 1586 
10 1282 
4 91 
3 3 
6 55 
2 2 
8 1470 
2 2 
2 363 
2 2 
2 332 
2 88 
5 96 
2 2 
2 2 
19 1803 
2 159 
8 1683 
8 1172 
2 3 
5 151 
3 4 
3 3 
9 1576 
18 1683 
11 1490 
14 864 
14 226 
4 268 
3 3 
5 136 
7 95 
32 531 
2 37 
4 355 
5 335 
2 4 
2 2 
10 174 
89 2360 
6 115 
9 1480 
61 2080 
5 382 
2 115 
6 432 
3 56 
7 361 
2 65 
3 3 
4 4 
7 7 
2 479 
17 1130 
9 1076 
2 284 
17 1626 
10 1428 
32 1727 
4 120 
11 1555 
7 1446 
12 1556 
6 111 
6 47 
8 1361 
4 5 
2 312 
2 2 
47 356 
4 4 
20 1871 
10 1040 
23 1090 
11 390 
2 2 
5 271 
3 330 
2 2 
8 273 
2 42 
2 2 
24 359 
3 4 
6 360 
5 739 
10 1385 
2 2 
14 932 
11 209 
6 112 
3 3 
19 988 
6 817 
5 260 
5 127 
9 457 
2 2 
2 2 
13 491 
6 1460 
2 2 
7 1586 
2 2 
5 49 
7 205 
7 194 
5 157 
3 3 
2 2 
3 5 
6 332 
3 87 
3 110 
6 963 
2 2 
8 274 
4 162 
2 2 
15 811 
3 3 
2 34 
28 802 
3 3 
2 2 
2 2 
7 1638 
4 4 
25 376 
8 899 
3 41 
6 536 
4 278 
3 3 
3 849 
2 2 
11 488 
2 129 
4 355 
12 400 
6 823 
4 279 
2 2 
2 2 
2 16 
2 2 
6 586 
29 1649 
2 3 
5 1455 
13 1726 
2 2 
2 2 
15 924 
6 6 
8 497 
10 218 
2 903 
3 58 
3 3 
2 3 
12 328 
17 1855 
9 1690 
6 149 
2 2 
4 4 
7 55 
2 2 
2 6 
2 2 
2 2 
21 445 
2 2 
10 829 
12 274 
2 2 
7 151 
2 2 
4 180 
6 324 
3 136 
11 891 
8 31 
2 4 
5 120 
2 2 
2 2 
11 428 
11 507 
2 2 
7 301 
5 223 
11 275 
2 3 
9 327 
7 102 
5 762 
2 2 
235 1223 
3 207 
2 17 
5 251 
10 387 
5 203 
45 747 
10 275 
2 2 
2 3 
2 2 
16 998 
17 1167 
8 93 
2 529 
10 1478 
2 3 
2 2 
13 1481 
2 325 
3 33 
12 449 
4 730 
2 2 
8 1478 
9 1389 
11 1505 
14 1729 
14 884 
11 906 
4 120 
5 17 
8 203 
2 2 
5 1401 
4 892 
3 3 
37 492 
4 146 
4 543 
14 169 
6 66 
4 610 
3 82 
17 1616 
2 2 
10 907 
4 260 
8 875 
21 1606 
25 1116 
20 1636 
16 1226 
4 60 
3 4 
15 1034 
21 1143 
6 1005 
6 313 
10 1387 
10 1446 
11 1491 
2 2 
12 1763 
7 1391 
5 87 
5 87 
3 314 
7 922 
9 851 
3 69 
5 228 
11 346 
11 209 
6 243 
8 1289 
4 4 
10 1427 
9 741 
2 2 
2 311 
2 2 
2 2 
2 5 
10 538 
6 747 
6 332 
5 257 
13 466 
9 1525 
3 3 
23 519 
17 1116 
12 1098 
21 501 
5 5 
2 2 
4 5 
3 95 
3 84 
10 345 
9 198 
3 3 
4 108 
6 7 
4 148 
17 1195 
4 4 
24 68 
2 2 
2 2 
2 24 
2 2 
2 2 
2 2 
2 2 
2 2 
7 127 
3 337 
2 2 
2 194 
3 3 
5 1024 
3 138 
2 147 
12 102 
2 2 
2 2 
2 2 
6 165 
2 2 
7 1455 
6 1410 
2 117 
2 2 
4 365 
2 2 
8 1359 
8 1395 
7 1381 
27 1387 
7 1432 
10 634 
7 797 
9 588 
6 373 
10 1502 
3 3 
11 1337 
6 1257 
4 1457 
10 1432 
10 831 
9 870 
7 1532 
16 142 
12 137 
10 1566 
10 1344 
15 1384 
10 1223 
5 1238 
6 1251 
10 1215 
14 1461 
8 1440 
5 581 
8 770 
8 865 
11 925 
9 1446 
8 787 
3 243 
27 1636 
4 1482 
10 1050 
8 835 
6 686 
6 1351 
5 580 
8 1571 
8 1420 
10 398 
5 311 
7 1290 
6 1244 
24 1154 
3 85 
13 1743 
6 1319 
15 1847 
2 2 
3 193 
2 2 
23 1718 
2 252 
13 1487 
16 1644 
8 1265 
9 1491 
8 677 
9 1500 
2 2 
2 2 
5 873 
8 306 
6 1192 
6 1271 
9 1470 
3 3 
6 950 
6 1356 
7 803 
2 3 
17 1510 
23 1042 
3 359 
10 940 
3 299 
8 728 
6 874 
13 1556 
7 706 
5 294 
3 3 
4 240 
7 397 
3 3 
10 418 
2 281 
4 264 
3 254 
2 2 
3 85 
10 1085 
2 2 
2 2 
7 1325 
9 1469 
6 991 
3 262 
4 1441 
10 845 
12 577 
4 336 
6 435 
2 58 
2 2 
3 611 
4 289 
8 312 
4 1091 
4 694 
8 423 
2 2 
8 565 
2 2 
5 197 
7 1395 
8 341 
2 2 
8 760 
10 747 
2 2 
2 2 
8 805 
6 789 
2 3 
4 320 
7 367 
5 917 
6 545 
2 2 
10 290 
2 2 
2 2 
17 1442 
5 167 
4 1295 
9 710 
13 866 
6 1441 
10 1121 
3 3 
3 3 
2 2 
2 2 
5 9 
12 441 
2 2 
5 364 
4 7 
2 2 
10 1083 
15 1156 
6 174 
13 851 
3 3 
7 1209 
2 2 
7 1562 
5 774 
9 1551 
2 2 
57 372 
2 2 
6 133 
2 2 
15 928 
4 333 
6 311 
4 272 
5 390 
9 10 
2 2 
102 605 
3 3 
5 5 
2 2 
15 495 
2 2 
5 311 
4 4 
2 184 
5 108 
3 50 
4 214 
3 5 
2 317 
2 2 
3 3 
5 5 
4 7 
5 6 
11 413 
4 327 
4 327 
4 327 
5 396 
4 327 
4 327 
4 327 
2 2 
2 2 
4 4 
2 112 
2 2 
2 2 
2 2 
4 244 
7 64 
6 193 
4 373 
2 2 
2 2 
2 97 
2 117 
3 93 
4 4 
19 1268 
3 42 
3 3 
5 282 
12 831 
2 2 
2 2 
3 4 
13 330 
18 971 
5 5 
9 881 
2 2 
2 2 
2 2 
9 546 
3 3 
2 3 
5 283 
2 2 
15 260 
2 93 
10 400 
2 2 
3 3 
4 115 
3 4 
9 904 
4 4 
3 92 
2 4 
3 3 
2 2 
9 9 
2 2 
2 2 
3 330 
6 284 
4 4 
3 98 
14 176 
3 3 
2 2 
2 263 
2 2 
2 2 
2 2 
2 2 
2 666 
2 2 
5 120 
3 3 
2 239 
5 232 
7 7 
5 658 
3 351 
3 5 
3 3 
2 2 
2 2 
2 32 
2 3 
6 368 
2 2 
3 166 
2 110 
2 2 
2 2 
4 373 
3 3 
6 146 
2 83 
11 84 
2 2 
12 105 
10 14 
5 335 
2 2 
3 196 
10 421 
7 143 
2 2 
3 3 
2 2 
2 652 
2 2 
5 191 
2 2 
8 787 
12 513 
2 2 
25 745 
6 340 
3 3 
2 2 
10 160 
9 252 
2 2 
3 3 
2 2 
7 906 
3 3 
2 176 
2 2 
5 302 
3 3 
26 244 
5 6 
2 2 
4 376 
5 5 
6 122 
3 141 
4 71 
2 2 
6 483 
6 458 
5 1472 
2 2 
2 274 
2 2 
25 636 
2 2 
2 59 
13 186 
2 2 
4 4 
6 186 
2 539 
4 864 
2 259 
10 240 
11 238 
8 236 
2 38 
5 1124 
9 426 
2 2 
3 7 
3 7 
4 65 
2 117 
2 2 
6 130 
7 335 
2 2 
2 2 
3 3 
2 27 
2 2 
2 2 
10 10 
4 109 
2 2 
2 2 
5 314 
2 156 
6 71 
2 2 
7 247 
4 319 
7 7 
4 7 
3 3 
3 3 
2 2 
3 211 
2 2 
7 316 
12 419 
7 358 
2 2 
14 412 
2 2 
2 2 
5 120 
2 2 
2 2 
2 180 
5 6 
11 60 
2 842 
2 2 
3 3 
4 329 
7 279 
3 407 
7 9 
6 406 
2 2 
2 2 
6 377 
4 375 
3 119 
3 3 
206 755 
4 4 
7 296 
2 730 
6 702 
6 98 
5 54 
4 336 
4 298 
2 3 
2 2 
2 2 
14 199 
4 4 
7 447 
2 2 
9 341 
10 384 
16 274 
2 86 
3 3 
3 28 
9 362 
2 2 
2 2 
4 155 
16 397 
11 379 
30 355 
16 313 
2 2 
2 2 
2 2 
5 292 
4 4 
2 2 
4 121 
4 397 
3 16 
3 3 
4 869 
2 2 
2 309 
2 309 
2 309 
4 182 
2 309 
2 2 
5 81 
3 3 
3 41 
2 312 
11 189 
6 6 
12 298 
2 2 
2 2 
3 5 
2 103 
3 3 
3 99 
3 38 
2 2 
8 213 
3 110 
5 106 
4 111 
3 88 
7 290 
2 2 
5 117 
2 2 
5 104 
3 150 
4 160 
4 336 
11 1161 
7 1031 
9 1048 
2 2 
2 2 
2 2 
3 3 
2 2 
2 2 
2 2 
2 6 
10 68 
2 104 
16 506 
3 3 
2 2 
8 424 
8 455 
5 470 
8 424 
4 176 
4 184 
5 266 
71 484 
8 341 
12 767 
7 344 
22 398 
7 538 
9 647 
2 65 
3 56 
2 2 
6 297 
13 462 
2 2 
4 304 
3 3 
3 270 
4 1534 
9 1509 
13 398 
2 2 
8 350 
2 2 
2 2 
6 333 
12 339 
2 2 
11 337 
3 147 
10 373 
12 271 
2 2 
2 2 
5 300 
11 407 
4 97 
4 4 
12 1102 
5 244 
3 243 
7 693 
7 825 
5 591 
4 589 
7 763 
4 1232 
7 1625 
5 271 
6 313 
21 1049 
5 667 
3 3 
7 386 
3 147 
2 14 
2 2 
4 4 
4 147 
3 107 
3 302 
5 6 
12 82 
2 2 
4 99 
3 3 
2 2 
2 2 
2 2 
3 3 
5 5 
6 293 
4 657 
2 2 
6 201 
3 201 
2 2 
4 131 
2 2 
5 339 
10 234 
5 98 
2 2 
2 2 
2 2 
9 346 
2 2 
6 575 
8 659 
7 776 
7 766 
7 290 
7 443 
6 6 
5 669 
6 388 
6 297 
4 4 
2 2 
5 98 
7 153 
11 119 
15 718 
2 2 
2 2 
4 40 
7 88 
2 2 
3 3 
2 2 
5 147 
2 2 
2 2 
6 6 
3 39 
2 2 
2 2 
2 2 
2 2 
2 2 
3 3 
5 6 
5 389 
6 45 
15 1093 
13 1036 
4 298 
3 66 
2 2 
4 204 
2 3 
20 87 
4 144 
5 294 
4 102 
8 373 
3 46 
7 212 
6 150 
8 903 
5 14 
14 25 
8 292 
5 270 
3 3 
6 882 
4 4 
2 2 
5 84 
2 2 
3 192 
3 3 
6 298 
4 629 
10 716 
5 101 
8 407 
58 490 
3 3 
4 317 
2 2 
2 2 
8 1042 
2 2 
3 137 
5 6 
2 88 
7 9 
9 374 
2 2 
9 416 
6 114 
4 96 
5 120 
3 3 
3 3 
4 4 
9 331 
2 2 
4 4 
4 62 
3 3 
2 2 
2 2 
2 2 
2 2 
6 6 
9 357 
6 326 
6 321 
2 2 
3 45 
4 4 
5 943 
2 2 
3 3 
4 4 
6 290 
4 287 
5 277 
2 3 
7 66 
4 4 
4 377 
8 124 
3 3 
5 290 
6 335 
3 3 
2 2 
3 304 
2 2 
2 2 
3 3 
5 58 
3 95 
2 2 
2 2 
2 2 
2 2 
8 339 
8 356 
20 45 
4 278 
4 7 
3 862 
2 2 
3 3 
7 335 
13 152 
3 3 
5 6 
2 2 
5 5 
2 2 
2 2 
8 215 
6 6 
10 66 
14 447 
6 113 
2 2 
7 7 
3 3 
2 2 
2 2 
3 320 
3 118 
3 3 
2 2 
2 2 
2 2 
2 2 
4 4 
2 2 
3 730 
2 444 
2 444 
5 62 
4 172 
4 5 
6 125 
4 31 
2 2 
2 2 
17 428 
8 102 
4 266 
3 827 
3 3 
4 295 
4 60 
3 3 
5 348 
2 2 
3 374 
2 2 
4 6 
4 4 
3 3 
4 132 
5 188 
3 3 
2 2 
2 2 
13 452 
3 32 
2 2 
4 258 
5 1051 
2 2 
2 2 
2 2 
3 3 
3 3 
2 2 
3 3 
4 111 
2 2 
6 120 
13 20 
11 394 
2 2 
2 2 
3 84 
2 2 
15 385 
4 638 
3 8 
4 100 
3 3 
2 2 
3 72 
4 4 
24 96 
5 5 
20 365 
2 2 
23 200 
4 107 
2 2 
9 74 
17 296 
6 203 
15 528 
2 2 
5 74 
5 65 
2 172 
3 3 
2 632 
8 8 
2 2 
6 110 
8 368 
2 2 
5 5 
2 2 
3 3 
4 144 
5 294 
2 2 
2 2 
2 2 
2 2 
3 3 
4 4 
8 384 
7 447 
5 78 
4 255 
6 98 
3 314 
15 415 
8 224 
4 987 
2 2 
2 2 
7 32 
6 86 
2 2 
2 2 
5 134 
35 286 
7 103 
8 410 
3 3 
6 61 
4 307 
3 113 
5 194 
4 4 
10 454 
3 3 
3 261 
3 149 
8 311 
2 2 
3 3 
8 396 
2 2 
2 2 
2 2 
2 2 
3 3 
11 228 
6 84 
2 1042 
3 4 
3 3 
5 97 
2 2 
13 279 
4 6 
2 2 
3 5 
2 2 
3 3 
2 64 
2 64 
24 444 
3 204 
4 129 
3 3 
2 2 
8 138 
3 6 
5 402 
2 3 
14 102 
3 3 
4 4 
3 3 
2 2 
6 250 
8 749 
15 473 
3 102 
4 184 
3 296 
2 2 
2 2 
3 185 
2 151 
12 209 
2 2 
2 129 
4 6 
2 2 
8 117 
2 2 
2 2 
14 460 
2 2 
7 305 
3 32 
5 399 
3 3 
2 2 
3 3 
2 2 
2 2 
2 2 
2 2 
2 2 
3 3 
2 2 
4 5 
2 2 
2 2 
11 366 
3 101 
3 101 
2 2 
2 2 
3 3 
2 2 
3 3 
5 144 
2 2 
2 2 
2 2 
2 2 
2 2 
2 2 
3 3 
2 2 
3 155 
3 3 
2 2 
3 371 
3 141 
3 102 
4 598 
4 71 
2 2 
6 284 
4 323 
6 177 
3 3 
2 2 
5 161 
2 2 
4 35 
7 117 
3 114 
2 2 
2 2 
17 876 
2 27 
5 41 
2 2 
13 142 
5 399 
2 2 
2 2 
5 74 
7 95 
2 2 
2 2 
8 188 
5 632 
8 76 
3 3 
2 2 
3 6 
6 98 
6 12 
8 420 
2 2 
4 193 
2 2 
5 266 
3 3 
5 5 
3 290 
2 2 
12 241 
8 400 
11 308 
3 3 
3 3 
5 150 
5 52 
3 1487 
6 6 
2 2 
2 2 
10 509 
7 124 
2 2 
40 473 
2 2 
12 461 
3 3 
3 114 
2 2 
2 2 
5 113 
8 424 
10 186 
2 2 
5 282 
3 3 
4 251 
2 2 
3 3 
3 3 
7 302 
3 3 
8 75 
2 2 
2 2 
11 816 
3 3 
2 2 
8 435 
2 2 
2 2 
5 156 
6 149 
7 7 
2 2 
6 99 
3 35 
8 210 
4 113 
2 2 
5 81 
2 2 
2 2 
2 2 
3 763 
4 99 
67 734 
5 686 
2 2 
7 234 
5 377 
3 3 
2 2 
5 118 
8 581 
2 2 
2 2 
4 52 
9 258 
7 61 
3 199 
2 2 
9 364 
6 530 
6 442 
10 263 
2 2 
5 338 
2 2 
3 3 
3 171 
4 203 
4 257 
7 246 
2 2 
2 2 
2 2 
2 2 
2 2 
2 4 
2 2 
2 2 
2 2 
2 2 
2 2 
2 2 
3 215 
4 123 
9 280 
5 254 
4 4 
7 334 
3 3 
2 2 
2 2 
4 4 
4 101 
10 328 
5 5 
21 186 
5 167 
3 3 
14 68 
3 33 
10 151 
2 2 
2 2 
2 98 
2 2 
2 175 
3 3 
2 2 
2 2 
5 152 
5 171 
2 2 
2 2 
5 332 
7 102 
19 118 
3 192 
2 2 
2 192 
2 192 
2 192 
3 3 
3 3 
3 20 
4 230 
5 7 
2 2 
3 712 
4 4 
2 2 
5 91 
2 2 
2 2 
7 233 
5 5 
4 4 
3 316 
2 2 
4 4 
3 3 
2 2 
3 117 
3 3 
2 2 
2 3 
3 3 
4 35 
2 391 
2 2 
3 168 
3 5 
5 120 
5 251 
3 3 
2 2 
13 15 
2 2 
9 292 
2 2 
6 124 
3 3 
3 3 
6 6 
5 61 
2 3 
5 6 
5 147 
4 197 
13 98 
2 2 
2 2 
2 2 
3 115 
5 5 
2 2 
2 2 
3 3 
2 2 
3 3 
8 391 
2 2 
3 3 
10 93 
2 2 
3 295 
2 2 
2 2 
11 11 
2 2 
2 2 
5 5 
6 49 
2 2 
2 2 
4 17 
11 11 
2 137 
2 2 
2 3 
3 333 
2 2 
6 477 
3 250 
2 2 
3 342 
2 3 
3 3 
2 103 
2 2 
2 2 
3 3 
2 2 
6 353 
2 2 
4 108 
3 5 
2 2 
2 2 
3 3 
5 5 
9 468 
2 2 
4 4 
2 2 
2 2 
2 2 
2 2 
4 418 
3 3 
2 2 
2 3 
2 2 
2 3 
2 1314 
4 4 
2 2 
2 2 
3 352 
8 52 
2 2 
2 2 
4 4 
3 3 
2 127 
2 2 
3 6 
4 4 
2 926 
2 2 
4 157 
5 331 
3 3 
18 163 
2 2 
2 2 
6 6 
2 2 
2 2 
4 4 
2 2 
3 39 
2 2 
3 256 
2 2 
2 2 
7 30 
3 119 
2 2 
3 3 
3 163 
5 5 
2 2 
2 2 
3 7 
8 8 
5 5 
2 3 
6 109 
2 2 
3 119 
4 133 
3 3 
2 2 
2 2 
3 4 
11 142 
2 2 
2 2 
2 2 
3 3 
2 2 
8 73 
121 533 
3 236 
2 2 
2 2 
3 3 
3 3 
3 1189 
2 2 
2 2 
2 2 
2 154 
2 2 
3 118 
4 199 
2 2 
2 2 
2 2 
4 4 
2 2 
5 5 
4 325 
3 3 
5 64 
2 89 
2 2 
2 2 
2 2 
2 2 
5 72 
2 2 
2 2 
5 9 
4 9 
4 4 
3 3 
5 10 
6 45 
2 2 
4 189 
2 2 
4 4 
3 3 
2 2 
2 2 
2 2 
2 2 
2 2 
2 2 
10 32 
3 224 
5 5 
3 3 
2 2 
3 3 
2 2 
2 2 
2 3 
2 3 
2 3 
2 3 
2 3 
3 3 
2 2 
2 2 
2 2 
2 2 
3 106 
2 2 
2 2 
3 94 
3 3 
3 3 
9 19 
2 2 
2 2 
3 4 
2 2 
3 75 
3 153 
2 2 
2 2 
2 2 
2 2 
2 2 
4 266 
3 69 
5 249 
2 2 
2 2 
2 2 
3 4 
4 4 
3 4 
3 4 
3 4 
4 70 
3 3 
3 238 
2 2 
3 351 
3 181 
5 6 
3 3 
5 109 
3 3 
2 2 
2 2 
2 2 
6 128 
3 3 
3 3 
3 3 
2 17 
2 2 
4 5 
2 2 
3 3 
2 2 
2 2 
2 2 
3 3 
2 2 
3 3 
2 2 
2 2 
2 119 
3 3 
3 3 
2 2 
2 2 
5 374 
2 2 
3 3 
4 4 
4 4 
4 4 
7 7 
3 18 
3 3 
2 179 
3 5 
4 7 
2 42 
4 6 
3 3 
2 2 
3 3 
4 5 
2 83 
8 158 
3 3 
2 2 
4 99 
2 2 
3 94 
2 2 
3 3 
3 6 
2 38 
2 2 
2 111 
2 2 
2 199 
13 255 
3 3 
5 104 
4 4 
4 4 
2 2 
3 3 
6 148 
2 2 
8 8 
3 83 
2 2 
6 7 
2 2 
2 2 
2 2 
2 2 
2 2 
4 96 
2 2 
2 2 
2 2 
2 2 
2 790 
7 81 
4 4 
2 2 
3 98 
3 3 
5 22 
4 4 
3 4 
3 3 
4 4 
2 2 
3 3 
3 56 
4 156 
3 3 
2 2 
2 2 
3 3 
2 2 
3 3 
4 4 
4 4 
4 4 
2 2 
2 2 
2 2 
2 2 
3 3 
6 385 
3 56 
3 373 
3 3 
2 2 
6 380 
3 3 
4 95 
3 3 
2 26 
4 301 
2 2 
8 365 
6 144 
5 143 
5 258 
5 258 
3 270 
4 103 
3 254 
3 3 
2 2 
7 7 
26 250 
4 6 
4 4 
2 2 
3 235 
2 2 
5 5 
2 2 
2 2 
2 2 
2 188 
2 2 
3 3 
2 276 
3 3 
2 2 
2 2 
2 2 
3 153 
4 5 
2 2 
3 6 
4 84 
4 4 
2 2 
2 2 
2 2 
2 2 
3 3 
2 2 
2 2 
2 2 
2 2 
2 3 
2 2 
2 227 
2 2 
4 4 
4 99 
4 4 
6 6 
2 2 
2 2 
2 2 
3 3 
6 6 
7 8 
3 3 
3 3 
3 3 
3 3 
2 2 
4 4 
3 331 
3 136 
3 3 
2 2 
4 57 
5 6 
4 56 
2 144 
5 34 
2 2 
2 2 
2 2 
3 4 
2 2 
2 2 
3 3 
2 2 
2 2 
4 323 
3 3 
2 2 
2 2 
3 3 
2 2 
2 2 
4 4 
2 604 
2 2 
2 2 
2 2 
5 47 
3 3 
2 2 
2 3 
2 2 
2 2 
2 2 
2 2 
5 7 
3 3 
2 2 
3 3 
2 2 
5 126 
2 219 
5 5 
3 3 
3 90 
3 3 
4 4 
6 7 
2 2 
4 4 
3 3 
4 4 
2 2 
12 308 
3 3 
2 2 
2 2 
2 2 
2 2 
3 3 
3 3 
2 2 
3 92 
2 2 
3 145 
2 2 
3 3 
3 5 
2 2 
2 91 
3 3 
3 157 
2 2 
3 3 
2 2 
3 31 
2 176 
4 30 
2 2 
2 2 
2 2 
3 117 
9 164 
2 2 
6 61 
2 2 
2 2 
2 2 
2 2 
2 2 
3 3 
2 2 
4 4 
2 267 
6 1628 
3 291 
2 2 
2 2 
3 34 
4 64 
2 2 
3 3 
2 99 
4 79 
5 5 
5 5 
2 2 
2 2 
2 2 
2 2 
2 2 
2 2 
20 20 
2 2 
2 104 
2 2 
13 16 
2 2 
2 2 
9 106 
3 112 
2 2 
5 22 
3 3 
2 2 
2 2 
2 2 
2 2 
2 2 
2 2 
5 5 
2 2 
3 3 
3 3 
4 43 
2 2 
2 2 
2 2 
2 2 
2 2 
3 3 
3 3 
2 2 
2 2 
3 3 
3 3 
3 3 
2 2 
2 2 
3 4 
6 54 
2 2 
2 2 
3 3 
2 2 
5 5 
6 6 
3 4 
2 2 
2 2 
2 2 
2 2 
2 2 
2 3 
5 81 
3 19 
2 2 
2 2 
5 5 
2 2 
2 15 
2 2 
4 4 
3 3 
2 51 
3 3 
2 2 
2 2 
4 4 
2 2 
2 2 
4 1318 
3 3 
2 141 
3 3 
16 16 
3 3 
2 2 
2 2 
2 2 
2 2 
2 2 
2 3 
2 3 
2 2 
4 91 
7 52 
3 3 
2 2 
6 6 
2 2 
3 3 
4 4 
3 5 
2 2 
2 90 
4 121 
2 96 
2 2 
2 2 
2 2 
2 2 
2 2 
3 3 
2 2 
3 3 
2 2 
3 3 
2 2 
7 7 
3 3 
7 7 
4 4 
5 700 
2 85 
2 85 
2 2 
6 6 
6 10 
2 2 
3 3 
2 2 
4 4 
4 60 
2 2 
2 2 
3 40 
2 2 
4 5 
5 7 
4 4 
3 3 
2 2 
2 2 
3 3 
3 3 
2 2 
2 2 
3 4 
2 308 
4 124 
5 8 
2 2 
2 3 
2 2 
2 2 
2 2 
2 2 
2 2 
3 3 
10 10 
3 3 
5 5 
3 3 
2 2 
2 2 
5 5 
2 2 
3 3 
2 2 
3 175 
2 2 
2 2 
2 2 
2 2 
4 168 
4 5 
2 2 
4 5 
2 2 
2 2 
3 23 
2 23 
2 2 
2 2 
2 2 
2 2 
3 3 
3 118 
2 2 
2 2 
2 2 
2 4 
2 5 
2 2 
2 2 
3 3 
2 2 
5 5 
2 2 
3 8 
2 2 
3 3 
2 2 
2 309 
3 3 
2 2 
3 3 
2 2 
2 2 
2 144 
2 2 
4 4 
4 4 
4 4 
3 3 
3 3 
2 2 
2 2 
2 2 
3 3 
2 2 
4 4 
3 4 
2 2 
2 2 
2 2 
4 8 
2 153 
2 2 
2 234 
4 4 
2 2 
2 2 
2 2 
2 2 
2 2 
3 3 
4 5 
2 2 
2 2 
2 2 
2 2 
2 2 
2 2 
2 124 
2 2 
3 3 
5 6 
20 179 
8 8 
4 191 
2 2 
2 2 
3 4 
2 2 
2 2 
3 99 
2 2 
2 2 
2 309 
2 309 
2 309 
2 309 
2 3 
2 3 
2 2 
8 12 
2 2 
3 89 
4 4 
2 2 
4 5 
2 2 
4 4 
2 2 
6 7 
2 2 
2 2 
5 5 
2 2 
2 191 
2 128 
2 2 
2 2 
2 2 
2 2 
2 2 
2 2 
2 2 
2 2 
2 2 
3 3 
2 2 
2 3 
2 2 
2 2 
2 2 
2 2 
2 2 
2 2 
2 2 
2 2 
2 2 
4 4 
3 3 
2 2 
4 161 
2 2 
2 2 
2 2 
4 4 
3 91 
2 2 
3 3 
3 3 
2 2 
2 2 
2 2 
2 2 
2 2 
2 2 
2 2 
2 2 
2 2 
3 131 
2 2 
2 2 
2 85 
2 2 
2 2 
2 2 
3 3 
2 2 
2 2 
6 106 
2 2 
2 2 
2 172 
2 2 
2 2 
2 3 
2 2 
2 2 
2 2 
3 5 
2 1039 
2 2 
2 2 
3 3 
5 5 
3 3 
2 2 
5 5 
4 86 
3 85 
6 7 
2 2 
2 2 
2 2 
2 2 
4 4 
2 358 
2 2 
2 2 
2 294 
2 2 
2 2 
3 3 
2 2 
2 2 
2 2 
2 40 
2 2 
2 2 
2 2 
2 2 
2 2 
2 2 
7 10 
2 2 
3 3 
2 2 
2 2 
2 2 
2 2 
2 2 
3 3 
4 4 
3 3 
2 2 
2 2 
2 2 
2 2 
2 2 
3 4 
2 2 
2 2 
4 4 
3 60 
3 3 
2 2 
2 2 
2 2 
2 2 
2 2 
3 3 
2 2 
2 46 
2 2 
3 45 
2 2 
4 5 
3 53 
3 3 
2 2 
2 2 
2 2 
2 747 
2 2 
2 2 
2 2 
3 3 
2 2 
3 3 
2 2 
2 2 
2 2 
3 3 
2 91 
4 4 
3 403 
4 1008 
2 2 
2 2 
6 6 
2 2 
2 2 
2 2 
3 295 
2 2 
2 2 
2 2 
2 2 
2 2 
5 336 
3 349 
5 5 
5 5 
6 6 
3 6 
5 10 
3 3 
2 2 
2 2 
4 4 
3 3 
2 2 
2 4 
5 5 
3 3 
2 2 
2 2 
2 2 
2 2 
2 2 
3 314 
15 15 
2 2 
2 2 
2 2 
2 2 
4 30 
2 2 
5 97 
7 8 
3 5 
