3 3 
3 3 
5 14 
4 4 
3 3 
4 4 
4 4 
5 5 
3 3 
5 5 
5 5 
4 4 
4 4 
4 4 
4 4 
4 4 
5 5 
5 5 
4 4 
6 6 
4 4 
5 24 
6 6 
6 6 
6 6 
6 6 
6 6 
6 6 
4 4 
4 4 
6 6 
6 6 
5 5 
6 6 
7 7 
7 7 
6 6 
7 7 
7 7 
6 6 
7 7 
5 5 
5 5 
5 5 
7 7 
7 7 
7 7 
7 7 
7 7 
4 4 
4 4 
7 7 
6 6 
6 6 
6 6 
6 6 
6 6 
7 7 
6 6 
7 7 
8 8 
5 5 
4 4 
4 4 
4 4 
4 4 
3 3 
6 6 
4 4 
7 7 
7 7 
7 7 
7 7 
7 7 
6 6 
8 13 
6 6 
8 8 
5 5 
8 8 
6 6 
7 7 
9 9 
9 9 
8 8 
4 4 
9 9 
8 8 
8 8 
9 9 
9 10 
4 4 
4 4 
8 8 
10 10 
9 9 
6 6 
6 6 
8 8 
7 7 
10 10 
9 9 
9 9 
10 10 
9 9 
10 10 
6 6 
10 10 
9 10 
9 9 
6 6 
10 38 
4 4 
4 4 
6 6 
8 8 
10 10 
10 10 
9 10 
11 11 
6 6 
5 5 
8 8 
10 10 
7 7 
11 11 
10 10 
10 10 
5 5 
5 5 
11 11 
9 9 
10 10 
10 10 
8 103 
7 7 
11 28 
4 4 
8 8 
10 10 
6 6 
10 10 
9 38 
8 10 
8 10 
12 12 
6 6 
11 11 
5 5 
8 10 
12 12 
12 12 
11 11 
11 11 
12 12 
12 12 
11 30 
12 12 
12 33 
9 9 
6 6 
7 7 
13 13 
10 10 
12 12 
13 13 
13 13 
12 12 
13 13 
13 13 
5 5 
5 5 
13 13 
12 12 
8 8 
11 11 
8 8 
10 35 
9 9 
3 3 
10 35 
11 11 
13 13 
14 14 
14 14 
6 6 
13 13 
6 6 
14 14 
10 10 
14 16 
11 11 
13 14 
13 14 
14 14 
11 26 
4 4 
3 3 
12 23 
14 23 
14 14 
14 14 
15 15 
4 4 
14 14 
12 12 
15 15 
12 12 
15 15 
12 12 
4 4 
12 12 
15 15 
6 6 
15 15 
3 3 
3 3 
15 65 
8 9 
8 9 
8 9 
8 8 
7 7 
16 128 
6 6 
6 6 
16 16 
16 56 
16 56 
16 16 
13 14 
5 5 
14 14 
7 7 
16 16 
7 7 
6 6 
15 15 
16 17 
7 7 
16 16 
17 50 
8 8 
17 73 
17 17 
6 6 
7 7 
16 16 
13 14 
7 7 
17 17 
11 78 
18 18 
17 18 
18 18 
13 14 
17 17 
14 14 
3 3 
9 9 
8 8 
16 16 
11 26 
18 18 
19 19 
3 3 
8 8 
6 6 
15 15 
15 17 
7 7 
4 4 
19 19 
3 3 
3 3 
18 21 
3 3 
8 8 
18 18 
16 52 
13 14 
11 11 
19 19 
8 8 
12 12 
20 20 
17 17 
4 4 
4 4 
20 20 
8 8 
5 5 
7 7 
14 14 
17 32 
12 12 
16 16 
8 8 
4 4 
8 8 
16 17 
16 17 
13 13 
19 26 
7 7 
4 4 
14 14 
9 30 
18 19 
18 18 
14 14 
21 21 
12 12 
9 9 
23 36 
23 23 
13 13 
15 15 
12 12 
13 14 
20 20 
7 7 
18 18 
21 22 
8 8 
20 20 
18 25 
24 25 
25 88 
21 21 
20 108 
25 40 
6 6 
15 15 
15 15 
20 20 
20 20 
6 6 
16 16 
14 14 
9 9 
11 11 
7 7 
19 19 
26 26 
24 26 
19 19 
25 25 
8 8 
23 23 
26 26 
5 5 
11 11 
25 25 
25 25 
25 25 
25 25 
19 19 
26 26 
25 35 
27 27 
25 25 
23 32 
7 7 
8 8 
22 22 
22 22 
7 7 
8 8 
27 27 
8 8 
7 7 
13 13 
25 25 
23 123 
3 3 
3 3 
3 3 
8 8 
4 4 
27 27 
6 6 
14 43 
15 15 
25 25 
25 25 
27 27 
8 8 
11 26 
14 14 
11 26 
25 25 
14 14 
16 16 
8 8 
27 60 
30 43 
5 5 
12 12 
10 10 
26 47 
26 47 
30 30 
25 25 
30 30 
21 21 
3 3 
29 29 
15 15 
14 14 
8 8 
31 31 
3 3 
11 11 
32 32 
17 17 
10 10 
7 21 
26 26 
29 30 
7 7 
27 48 
27 27 
28 28 
25 25 
25 25 
3 3 
22 35 
19 20 
34 159 
32 118 
33 36 
17 44 
31 125 
3 3 
33 85 
4 4 
4 4 
33 33 
28 28 
25 25 
34 159 
33 33 
33 33 
9 9 
12 12 
13 13 
13 13 
32 32 
36 37 
33 33 
22 42 
22 42 
22 42 
22 22 
22 22 
35 70 
35 70 
33 34 
36 83 
11 26 
22 27 
11 26 
6 6 
31 31 
31 31 
25 25 
18 18 
26 63 
22 42 
36 36 
11 26 
6 6 
7 7 
22 42 
30 30 
6 6 
37 47 
37 47 
33 33 
22 42 
38 38 
22 42 
22 42 
22 42 
6 6 
6 6 
3 3 
3 3 
3 3 
3 3 
3 3 
3 3 
8 8 
4 4 
36 36 
19 19 
19 19 
43 44 
27 28 
6 6 
3 3 
19 19 
15 15 
19 19 
19 26 
19 19 
8 8 
8 8 
10 10 
6 6 
9 9 
19 19 
9 9 
7 7 
19 19 
11 11 
12 12 
36 40 
9 9 
44 46 
47 47 
20 20 
20 20 
28 28 
27 27 
12 12 
42 42 
47 47 
47 63 
39 69 
9 14 
22 42 
44 137 
45 46 
45 45 
45 45 
42 42 
45 46 
10 10 
25 25 
5 5 
35 77 
22 27 
13 43 
3 3 
35 77 
28 28 
45 46 
45 46 
28 28 
5 5 
42 42 
36 40 
52 52 
41 42 
41 42 
41 41 
16 16 
22 42 
3 3 
6 6 
5 5 
3 3 
5 5 
3 3 
46 47 
46 47 
23 41 
11 11 
22 27 
22 42 
8 8 
8 8 
4 4 
50 50 
50 50 
50 50 
24 42 
22 42 
3 3 
5 5 
22 42 
42 42 
11 11 
24 42 
56 67 
10 10 
55 56 
42 42 
4 4 
41 41 
52 52 
6 6 
13 13 
13 14 
22 42 
42 42 
61 62 
9 9 
10 10 
17 32 
16 16 
12 12 
3 3 
20 20 
34 37 
42 42 
12 12 
27 27 
7 7 
33 33 
42 42 
6 6 
6 6 
32 34 
13 13 
12 12 
8 8 
42 42 
42 42 
9 9 
51 61 
42 42 
5 5 
66 79 
6 6 
23 37 
22 42 
14 14 
11 11 
14 14 
11 11 
23 23 
7 7 
62 63 
22 27 
62 63 
3 3 
5 5 
5 5 
13 14 
32 34 
32 34 
14 14 
4 4 
21 21 
42 42 
66 66 
66 66 
32 34 
66 161 
55 56 
23 37 
3 3 
42 42 
7 20 
6 6 
42 42 
3 3 
6 6 
42 42 
12 12 
4 4 
42 42 
11 11 
10 10 
10 10 
7 7 
7 7 
7 7 
11 11 
6 6 
11 11 
7 7 
73 74 
74 75 
70 71 
42 42 
9 14 
71 71 
10 10 
24 25 
27 28 
12 12 
9 16 
72 72 
46 47 
13 13 
9 19 
11 11 
9 9 
47 47 
47 47 
28 28 
9 19 
60 60 
60 60 
18 40 
18 40 
3 3 
3 3 
15 30 
6 6 
32 32 
83 85 
26 141 
83 85 
4 4 
3 3 
3 3 
11 11 
52 52 
7 7 
71 187 
8 8 
6 6 
36 37 
52 52 
7 7 
11 11 
11 11 
5 5 
3 3 
39 69 
17 32 
11 11 
3 3 
19 19 
10 10 
47 63 
94 94 
10 10 
8 8 
10 10 
8 8 
3 3 
3 3 
36 36 
30 63 
10 10 
6 6 
6 6 
9 9 
9 9 
42 42 
13 13 
12 12 
3 3 
3 3 
9 9 
9 9 
18 25 
83 85 
3 3 
3 3 
4 4 
6 6 
33 33 
4 4 
4 4 
91 95 
91 95 
11 11 
24 42 
4 4 
4 4 
4 4 
18 40 
8 8 
90 90 
15 15 
4 4 
4 4 
4 4 
50 50 
15 15 
13 13 
11 78 
11 11 
3 3 
7 7 
17 32 
12 12 
3 3 
11 11 
11 11 
4 4 
117 123 
7 7 
4 4 
4 4 
4 4 
4 4 
4 4 
4 4 
13 13 
11 11 
46 46 
9 9 
46 46 
46 46 
31 31 
25 88 
23 32 
9 9 
25 35 
9 9 
7 7 
4 4 
9 9 
6 6 
46 46 
15 15 
6 6 
8 8 
19 19 
3 3 
46 46 
11 26 
3 3 
8 8 
47 47 
9 9 
46 46 
3 3 
33 33 
17 17 
16 16 
11 11 
9 9 
6 6 
4 4 
4 4 
6 6 
6 6 
74 193 
13 14 
10 10 
5 5 
34 37 
18 40 
46 46 
3 3 
4 4 
30 30 
20 108 
5 5 
46 46 
13 14 
7 7 
7 7 
7 7 
7 7 
7 7 
7 7 
13 23 
5 5 
104 120 
23 23 
23 23 
41 41 
14 43 
7 7 
46 46 
12 12 
25 25 
22 42 
3 3 
23 30 
12 12 
8 12 
4 4 
31 125 
41 99 
10 10 
4 4 
4 4 
5 5 
4 4 
46 46 
5 5 
11 11 
11 11 
11 11 
7 7 
7 7 
4 4 
4 4 
4 4 
113 124 
138 241 
138 241 
10 10 
10 10 
5 5 
7 7 
7 7 
12 12 
7 7 
15 17 
3 3 
13 13 
16 52 
16 52 
4 4 
4 4 
3 3 
28 108 
54 54 
35 35 
13 13 
9 9 
8 8 
7 7 
4 4 
10 10 
10 10 
10 10 
10 10 
10 10 
10 10 
28 32 
10 10 
8 8 
4 4 
17 17 
14 14 
25 25 
47 47 
9 9 
3 3 
52 52 
7 7 
16 16 
10 38 
11 11 
8 8 
3 3 
9 9 
3 3 
18 18 
6 6 
8 8 
4 4 
3 3 
22 42 
3 3 
6 6 
6 6 
3 3 
4 4 
7 7 
7 7 
7 7 
3 3 
29 29 
27 27 
12 13 
6 6 
9 9 
5 14 
4 4 
46 46 
16 16 
16 16 
4 4 
12 33 
7 7 
6 6 
7 7 
7 7 
12 12 
7 7 
7 7 
7 7 
8 8 
3 3 
23 30 
12 12 
7 7 
57 82 
21 21 
9 9 
12 22 
6 6 
4 4 
11 11 
4 4 
91 119 
4 4 
7 7 
7 7 
11 11 
5 5 
4 4 
30 33 
9 9 
9 9 
11 11 
3 3 
11 11 
6 6 
6 6 
19 19 
12 12 
7 7 
4 4 
7 7 
31 31 
29 30 
4 4 
4 4 
4 4 
4 4 
4 4 
4 4 
4 4 
9 9 
3 3 
7 7 
9 9 
5 5 
5 5 
13 13 
7 7 
30 43 
7 7 
119 168 
13 13 
9 9 
4 4 
4 4 
15 15 
7 7 
5 5 
13 13 
9 9 
6 13 
11 30 
51 66 
3 3 
6 6 
5 5 
8 8 
4 4 
42 46 
42 46 
3 3 
9 9 
8 9 
8 9 
7 7 
18 18 
13 50 
51 66 
5 5 
3 3 
11 30 
47 47 
90 93 
32 118 
6 6 
6 6 
7 7 
104 120 
48 48 
7 7 
7 7 
16 16 
4 4 
11 11 
6 6 
3 3 
8 8 
3 3 
4 4 
17 17 
4 4 
44 170 
4 4 
3 3 
44 170 
5 5 
3 3 
34 134 
9 9 
7 109 
4 4 
3 3 
3 3 
3 3 
50 52 
41 46 
6 6 
46 47 
21 21 
18 18 
11 11 
14 14 
6 6 
31 33 
31 33 
4 4 
4 4 
4 4 
28 32 
10 10 
8 8 
4 4 
26 26 
4 4 
4 4 
19 19 
14 28 
4 4 
4 4 
20 20 
18 18 
42 42 
13 14 
9 9 
7 7 
7 7 
47 47 
4 4 
3 3 
19 19 
14 28 
14 14 
3 3 
8 8 
51 61 
19 20 
8 8 
7 7 
3 3 
13 13 
13 13 
42 42 
12 12 
11 123 
13 70 
13 13 
3 3 
11 11 
5 5 
46 65 
13 13 
3 3 
33 33 
3 3 
3 3 
17 17 
8 9 
5 24 
66 66 
45 45 
25 25 
11 11 
9 9 
8 8 
9 68 
9 68 
8 8 
6 6 
9 19 
3 3 
61 62 
28 28 
17 44 
12 12 
10 10 
18 18 
4 4 
32 32 
24 26 
15 15 
33 33 
23 37 
16 16 
5 5 
6 6 
35 43 
12 12 
9 9 
6 6 
5 5 
52 52 
45 46 
34 34 
8 8 
6 6 
52 52 
45 46 
34 34 
8 8 
6 6 
9 9 
10 10 
9 9 
12 12 
4 4 
3 3 
9 9 
6 6 
4 4 
5 5 
3 3 
25 40 
12 23 
25 25 
14 14 
12 12 
11 11 
14 14 
8 9 
4 4 
8 8 
3 3 
9 10 
9 10 
25 25 
9 9 
7 7 
6 6 
5 5 
8 8 
12 12 
12 12 
5 5 
8 10 
8 10 
14 15 
10 10 
4 4 
3 3 
7 7 
11 21 
17 17 
11 11 
9 9 
51 66 
11 11 
11 11 
9 9 
27 27 
23 23 
10 10 
9 9 
5 5 
5 5 
31 31 
31 37 
18 18 
22 42 
6 6 
8 8 
7 7 
8 8 
7 7 
22 42 
9 19 
3 3 
12 12 
11 11 
6 6 
5 5 
74 75 
28 28 
3 3 
8 8 
7 7 
6 6 
6 6 
3 3 
3 3 
23 23 
8 8 
11 11 
21 21 
6 102 
6 6 
34 159 
11 11 
11 11 
11 11 
11 11 
11 11 
6 6 
43 44 
28 28 
27 27 
23 36 
9 9 
8 8 
7 7 
3 3 
18 19 
5 5 
12 12 
41 99 
18 40 
11 11 
8 8 
3 3 
14 23 
7 7 
11 11 
18 18 
17 17 
5 5 
4 4 
3 3 
7 7 
16 16 
6 6 
47 47 
30 30 
15 17 
42 42 
12 12 
4 4 
34 40 
18 18 
6 9 
4 4 
20 20 
20 20 
20 20 
8 8 
8 8 
26 26 
7 23 
6 6 
4 4 
4 4 
3 3 
91 95 
27 60 
10 10 
12 12 
17 17 
3 3 
3 3 
9 28 
3 3 
17 17 
11 11 
22 22 
11 11 
21 21 
17 17 
14 15 
17 17 
5 5 
32 34 
13 43 
32 34 
13 43 
8 8 
3 3 
6 6 
3 3 
11 11 
9 9 
9 9 
5 5 
4 4 
4 4 
7 7 
6 6 
39 116 
11 11 
3 3 
9 68 
9 68 
8 8 
5 5 
6 6 
90 90 
16 16 
26 26 
25 25 
10 10 
9 9 
8 8 
9 9 
4 4 
4 4 
3 3 
34 134 
9 9 
8 8 
22 42 
8 8 
3 3 
3 3 
21 21 
14 14 
25 25 
4 4 
25 25 
25 25 
22 42 
4 4 
56 56 
14 14 
33 33 
14 14 
9 9 
7 7 
33 34 
20 20 
6 6 
6 6 
41 41 
20 20 
18 40 
9 9 
5 5 
9 9 
4 4 
11 11 
10 10 
10 10 
14 14 
3 3 
5 5 
25 25 
22 42 
6 6 
3 3 
8 8 
6 6 
5 5 
23 123 
9 38 
8 43 
8 43 
8 43 
8 43 
8 43 
8 43 
8 43 
8 43 
8 43 
6 6 
36 36 
30 63 
15 15 
13 13 
10 10 
54 54 
35 35 
9 9 
45 45 
11 11 
8 8 
7 7 
11 11 
11 11 
12 12 
6 6 
10 10 
9 9 
42 42 
13 13 
12 12 
8 8 
8 8 
7 7 
4 4 
6 6 
117 123 
19 19 
18 21 
10 10 
31 31 
4 4 
3 3 
15 65 
7 7 
8 8 
7 7 
4 4 
7 7 
5 5 
6 6 
3 3 
20 20 
17 17 
16 17 
16 56 
8 10 
5 5 
4 4 
3 3 
3 3 
44 46 
30 66 
27 27 
16 27 
16 16 
32 34 
6 6 
6 6 
15 15 
28 108 
17 25 
3 3 
3 3 
5 5 
20 20 
18 18 
16 16 
3 3 
4 4 
10 10 
52 52 
7 7 
52 52 
7 7 
25 25 
22 42 
30 31 
6 6 
13 13 
12 12 
10 10 
8 8 
8 8 
7 7 
4 4 
13 13 
12 12 
10 10 
8 8 
8 8 
7 7 
4 4 
4 4 
7 7 
3 3 
8 9 
6 6 
9 28 
3 3 
3 3 
42 42 
13 14 
12 12 
7 7 
9 9 
3 3 
8 8 
3 3 
7 7 
3 3 
42 42 
13 13 
12 12 
9 9 
8 8 
4 4 
15 15 
3 3 
10 10 
10 10 
7 7 
19 19 
6 6 
5 5 
3 3 
8 8 
4 4 
10 10 
11 11 
8 8 
8 8 
22 22 
16 17 
8 12 
18 18 
52 52 
45 46 
34 34 
8 8 
7 7 
7 7 
6 6 
66 79 
35 70 
6 6 
34 40 
18 18 
4 4 
8 8 
7 17 
8 8 
7 17 
3 3 
4 4 
16 31 
10 10 
9 9 
7 7 
6 6 
5 5 
4 4 
4 4 
7 7 
52 52 
41 42 
26 47 
14 14 
12 12 
11 28 
7 7 
5 5 
9 9 
6 6 
5 5 
4 4 
6 6 
6 6 
6 6 
138 241 
72 72 
47 47 
20 20 
14 14 
10 10 
3 3 
3 3 
6 6 
24 24 
14 14 
9 9 
5 5 
13 14 
10 10 
7 7 
5 5 
3 3 
3 3 
29 29 
27 27 
12 13 
8 8 
6 6 
9 9 
6 6 
5 5 
7 7 
6 6 
5 5 
33 33 
3 3 
7 7 
7 7 
6 6 
6 6 
62 62 
24 25 
19 20 
8 8 
8 8 
5 5 
33 34 
7 7 
3 3 
8 8 
8 8 
6 38 
24 25 
37 109 
12 12 
9 9 
6 6 
6 6 
5 5 
71 187 
21 21 
11 11 
9 9 
7 7 
6 6 
3 3 
7 7 
4 4 
7 7 
4 4 
3 3 
28 108 
17 25 
9 9 
19 19 
14 28 
6 6 
5 5 
18 18 
6 6 
3 3 
27 27 
17 18 
14 14 
9 9 
7 7 
33 85 
16 128 
10 10 
8 8 
8 8 
12 12 
20 20 
20 20 
9 9 
6 6 
5 5 
4 4 
3 3 
3 3 
20 20 
20 20 
13 14 
12 12 
7 7 
42 42 
12 12 
7 7 
7 7 
25 25 
34 34 
11 11 
3 3 
8 57 
3 3 
25 25 
22 42 
6 6 
35 35 
26 27 
24 24 
14 14 
9 9 
5 5 
9 9 
9 9 
8 8 
7 7 
6 7 
6 21 
14 16 
13 43 
7 7 
4 4 
36 83 
20 20 
7 7 
3 3 
6 21 
5 5 
5 5 
3 3 
16 16 
14 14 
11 11 
9 9 
9 9 
8 8 
7 7 
6 6 
5 5 
3 3 
3 3 
25 25 
22 42 
8 43 
8 43 
8 43 
9 9 
9 9 
9 10 
9 9 
9 10 
7 7 
7 7 
4 4 
3 3 
18 18 
15 15 
4 4 
26 141 
4 4 
3 3 
6 6 
4 4 
3 3 
26 42 
18 18 
16 16 
12 12 
12 12 
11 11 
8 8 
6 6 
4 4 
3 3 
6 30 
5 5 
6 30 
5 5 
15 15 
47 47 
28 108 
5 5 
3 3 
10 35 
3 3 
3 3 
10 35 
3 3 
3 3 
17 17 
4 4 
17 17 
3 3 
23 23 
19 20 
14 14 
10 10 
9 9 
6 6 
14 15 
9 19 
6 7 
34 40 
27 27 
17 17 
31 32 
14 15 
3 3 
11 30 
11 30 
15 15 
12 12 
10 10 
3 3 
34 34 
5 5 
6 6 
3 3 
3 3 
4 4 
13 13 
3 3 
3 3 
3 3 
3 3 
4 4 
4 4 
13 13 
11 11 
9 9 
4 4 
3 3 
3 3 
13 13 
6 6 
6 13 
5 5 
4 4 
4 4 
3 3 
3 3 
52 52 
34 34 
25 25 
8 8 
7 7 
3 3 
3 3 
11 26 
14 28 
10 10 
7 7 
15 15 
4 4 
3 3 
58 60 
12 12 
6 6 
8 8 
8 8 
47 47 
7 7 
3 3 
8 8 
3 3 
7 7 
5 5 
4 4 
52 52 
43 46 
37 37 
7 7 
7 7 
6 6 
3 3 
31 32 
21 25 
14 15 
3 3 
11 11 
32 34 
8 8 
32 34 
8 8 
4 4 
6 6 
6 6 
11 11 
6 6 
94 94 
66 161 
32 32 
24 25 
17 50 
11 11 
9 9 
8 8 
13 70 
3 3 
7 7 
3 3 
7 7 
3 3 
6 6 
3 3 
3 3 
26 27 
10 10 
8 9 
11 36 
6 6 
7 7 
3 3 
8 8 
4 4 
4 4 
14 14 
8 9 
15 15 
6 6 
29 29 
27 27 
12 13 
8 8 
6 6 
10 10 
8 8 
7 7 
8 8 
7 7 
25 25 
22 42 
8 57 
14 15 
10 10 
13 13 
12 12 
11 123 
8 8 
6 6 
3 3 
31 36 
19 19 
16 52 
11 26 
11 30 
8 8 
12 12 
4 4 
4 4 
11 11 
13 13 
11 11 
11 11 
10 23 
8 8 
8 8 
7 7 
6 6 
6 6 
5 5 
4 4 
3 3 
3 3 
6 6 
6 6 
20 20 
12 12 
7 7 
6 6 
3 3 
43 45 
10 10 
51 66 
13 14 
11 123 
4 4 
14 14 
11 100 
8 8 
7 7 
3 3 
17 32 
16 16 
14 14 
10 15 
9 9 
7 7 
20 20 
19 19 
11 11 
7 7 
20 20 
19 19 
11 11 
3 3 
3 3 
3 3 
3 3 
3 3 
3 3 
3 3 
3 3 
3 3 
17 17 
16 16 
7 7 
7 7 
7 7 
6 6 
6 25 
3 3 
6 6 
3 3 
5 5 
6 6 
4 4 
4 4 
5 5 
6 6 
5 5 
3 3 
5 5 
3 3 
9 9 
3 3 
20 20 
10 10 
8 8 
4 4 
4 4 
20 20 
10 10 
8 8 
4 4 
6 6 
7 7 
6 6 
36 51 
11 11 
26 42 
12 12 
11 11 
10 10 
8 8 
7 45 
7 7 
41 47 
7 7 
6 6 
3 3 
3 3 
6 6 
4 4 
3 3 
60 100 
21 21 
3 3 
27 27 
23 23 
7 7 
6 12 
9 10 
4 4 
3 3 
3 3 
3 3 
3 3 
10 10 
10 10 
10 10 
10 10 
10 10 
10 10 
23 23 
18 18 
14 14 
8 103 
8 8 
20 20 
19 19 
11 11 
3 3 
3 3 
8 8 
8 8 
3 3 
6 6 
3 3 
5 5 
4 4 
20 20 
19 19 
11 11 
14 14 
6 6 
28 28 
36 36 
14 16 
11 30 
8 8 
6 6 
6 6 
3 3 
3 3 
7 7 
9 9 
7 7 
6 6 
3 3 
3 3 
3 3 
3 3 
14 14 
7 7 
5 5 
3 3 
5 5 
6 6 
9 9 
4 4 
4 4 
8 8 
5 5 
12 22 
12 12 
10 10 
9 10 
14 14 
10 10 
10 10 
20 20 
10 10 
20 20 
10 10 
10 10 
6 6 
7 7 
3 3 
8 8 
3 3 
3 3 
7 7 
8 8 
8 8 
18 18 
12 12 
11 11 
5 5 
3 3 
13 13 
13 14 
12 12 
12 12 
8 8 
4 4 
14 15 
14 14 
11 11 
11 11 
3 3 
3 3 
5 5 
3 3 
27 88 
26 26 
8 8 
7 7 
7 7 
6 6 
6 6 
5 5 
4 4 
4 4 
3 3 
3 3 
3 3 
5 5 
3 3 
14 14 
3 3 
15 15 
7 7 
25 25 
3 3 
8 8 
5 5 
4 4 
3 3 
3 3 
3 3 
3 3 
18 18 
12 12 
11 11 
5 5 
3 3 
6 6 
3 3 
3 3 
3 3 
3 3 
17 73 
13 23 
14 14 
7 7 
5 5 
9 9 
3 3 
3 3 
34 159 
46 46 
32 48 
18 18 
5 5 
3 3 
3 3 
6 6 
6 6 
6 6 
6 6 
5 5 
8 8 
3 3 
9 28 
3 3 
3 3 
9 10 
6 6 
3 3 
4 4 
4 4 
32 34 
5 5 
8 8 
7 7 
6 6 
5 5 
96 112 
13 14 
7 7 
4 4 
4 4 
3 3 
7 7 
11 11 
8 8 
7 7 
69 81 
25 25 
22 22 
16 16 
12 12 
10 10 
9 9 
7 7 
6 25 
4 4 
3 3 
3 3 
3 3 
6 6 
17 17 
5 5 
3 3 
28 43 
21 90 
9 14 
3 3 
52 52 
45 46 
37 37 
25 25 
7 7 
7 7 
6 6 
3 3 
25 25 
13 13 
8 8 
3 3 
3 3 
3 3 
3 3 
3 3 
11 11 
8 8 
7 7 
6 6 
11 11 
4 4 
6 6 
62 63 
55 56 
4 4 
6 6 
3 3 
3 3 
47 63 
27 27 
15 15 
14 14 
11 11 
11 11 
4 4 
22 35 
13 13 
13 14 
12 12 
4 4 
3 3 
7 7 
5 5 
3 3 
4 4 
3 3 
7 7 
3 3 
6 6 
3 3 
3 3 
3 3 
5 5 
51 52 
12 12 
4 4 
15 15 
7 7 
3 3 
7 7 
11 11 
4 4 
3 3 
49 58 
27 27 
25 25 
16 16 
14 14 
10 10 
7 7 
3 3 
154 163 
118 124 
81 81 
35 35 
30 63 
25 25 
21 21 
21 21 
18 18 
10 10 
10 10 
16 16 
14 14 
11 11 
9 9 
9 9 
8 8 
7 7 
6 6 
5 5 
4 4 
7 7 
20 20 
16 16 
14 19 
12 12 
12 12 
11 11 
7 7 
4 4 
8 8 
5 5 
39 49 
36 41 
36 52 
19 19 
6 6 
9 28 
7 7 
3 3 
3 3 
9 17 
3 3 
11 11 
7 7 
4 4 
68 68 
25 26 
19 19 
17 17 
7 7 
4 4 
25 45 
7 7 
6 6 
6 6 
5 5 
5 5 
5 5 
3 3 
52 52 
11 11 
7 7 
13 13 
12 12 
11 11 
10 23 
9 9 
9 9 
8 8 
8 8 
8 8 
7 7 
6 6 
6 6 
6 6 
6 6 
5 5 
5 5 
5 5 
4 4 
3 3 
9 9 
7 7 
3 3 
8 8 
10 10 
3 3 
7 7 
3 3 
3 3 
11 26 
83 85 
55 56 
16 16 
3 3 
3 3 
6 6 
7 7 
10 10 
5 5 
4 4 
4 4 
10 10 
5 5 
4 4 
4 4 
3 3 
41 43 
25 26 
23 23 
11 11 
15 15 
21 21 
3 3 
108 152 
32 44 
17 17 
9 9 
8 8 
7 7 
8 8 
5 5 
3 3 
3 3 
3 3 
3 3 
3 3 
34 34 
4 4 
3 3 
6 6 
3 3 
3 3 
13 13 
11 11 
11 11 
10 23 
9 9 
9 9 
8 8 
8 8 
8 8 
7 7 
6 6 
6 6 
6 6 
6 6 
6 6 
5 5 
5 5 
4 4 
3 3 
3 3 
33 35 
20 20 
20 20 
16 16 
13 13 
13 13 
11 123 
11 11 
11 30 
10 10 
5 5 
5 5 
4 4 
36 36 
35 77 
33 36 
32 34 
30 30 
19 19 
14 16 
13 43 
11 30 
11 29 
8 8 
6 6 
21 21 
3 3 
6 6 
6 7 
5 5 
3 3 
18 18 
11 11 
18 18 
4 4 
11 11 
10 10 
6 6 
5 5 
5 5 
5 5 
4 4 
4 4 
3 3 
4 4 
4 4 
52 52 
7 7 
68 68 
25 25 
25 26 
19 19 
17 17 
10 10 
8 8 
7 7 
4 4 
10 10 
9 9 
6 6 
5 5 
4 4 
3 3 
3 3 
4 4 
3 3 
31 31 
11 11 
6 9 
3 3 
4 4 
43 44 
7 7 
9 9 
8 8 
7 17 
4 4 
4 4 
3 3 
3 3 
6 6 
6 6 
6 6 
6 6 
6 6 
6 6 
7 7 
5 5 
5 5 
4 4 
3 3 
3 3 
9 9 
25 25 
3 3 
27 29 
3 3 
21 21 
12 12 
6 6 
9 38 
43 44 
13 13 
12 12 
10 10 
3 3 
6 6 
27 29 
3 3 
113 124 
94 94 
32 32 
24 25 
17 50 
12 12 
9 9 
8 8 
8 8 
3 3 
3 3 
4 4 
19 19 
10 10 
7 7 
3 3 
6 6 
6 6 
6 6 
7 109 
7 7 
3 3 
28 32 
9 9 
7 7 
6 6 
6 6 
5 5 
3 3 
3 3 
4 4 
26 62 
7 7 
6 6 
5 5 
5 5 
5 5 
4 4 
3 3 
21 21 
12 12 
6 6 
3 3 
3 3 
3 3 
3 3 
3 3 
3 3 
6 6 
3 3 
3 3 
69 81 
25 25 
17 41 
12 12 
9 9 
7 7 
6 25 
4 4 
3 3 
3 3 
3 3 
34 159 
6 6 
3 3 
3 3 
3 3 
6 6 
5 5 
8 8 
8 8 
6 6 
3 3 
3 3 
6 6 
3 3 
3 3 
3 3 
4 4 
4 4 
3 3 
3 3 
3 3 
5 5 
4 4 
10 11 
8 8 
8 8 
6 6 
3 3 
3 3 
6 6 
143 144 
97 105 
32 32 
15 15 
13 13 
12 12 
10 10 
9 9 
9 9 
9 9 
8 8 
7 9 
7 7 
6 6 
6 6 
17 17 
3 3 
6 6 
3 3 
6 6 
3 3 
8 8 
4 4 
32 32 
28 28 
8 8 
3 3 
3 3 
7 7 
3 3 
7 7 
3 3 
85 87 
60 61 
55 56 
9 9 
4 4 
14 14 
13 13 
10 10 
10 10 
10 10 
8 8 
7 7 
7 7 
6 6 
6 6 
4 4 
3 3 
3 3 
3 3 
3 3 
3 3 
23 30 
13 70 
12 12 
11 11 
6 6 
5 5 
3 3 
69 81 
25 25 
17 41 
12 12 
10 10 
9 9 
9 16 
7 7 
6 25 
3 3 
3 3 
3 3 
3 3 
3 3 
3 3 
3 3 
4 4 
76 195 
27 27 
9 9 
4 4 
6 71 
107 107 
13 14 
8 8 
7 7 
107 107 
13 14 
8 8 
7 7 
19 19 
10 10 
7 8 
7 7 
3 3 
37 42 
36 52 
20 20 
11 30 
10 10 
6 6 
6 6 
3 3 
3 3 
6 12 
4 4 
4 4 
6 30 
5 5 
6 30 
5 5 
6 6 
6 6 
6 6 
16 92 
13 13 
12 12 
11 11 
10 10 
6 6 
4 4 
3 3 
3 3 
13 14 
13 13 
10 23 
8 8 
7 7 
7 7 
6 6 
6 6 
6 6 
5 5 
4 4 
4 4 
4 4 
3 3 
3 3 
17 17 
16 16 
10 10 
9 9 
9 9 
8 8 
6 6 
5 5 
5 5 
3 3 
3 3 
3 3 
3 3 
10 10 
10 10 
5 5 
14 14 
15 15 
5 5 
4 4 
9 38 
11 11 
8 8 
6 6 
5 5 
3 3 
3 3 
3 3 
3 3 
3 3 
6 6 
9 55 
5 5 
3 3 
3 3 
5 5 
3 3 
3 3 
3 3 
14 14 
6 6 
49 50 
43 43 
41 42 
11 11 
9 9 
8 8 
66 88 
45 126 
41 42 
21 38 
21 21 
10 10 
7 7 
4 4 
4 4 
3 3 
62 62 
24 25 
11 11 
8 8 
6 6 
5 5 
4 4 
3 3 
3 3 
8 8 
8 8 
4 4 
4 4 
4 4 
3 3 
18 18 
6 6 
26 26 
3 3 
28 29 
17 17 
15 26 
11 12 
6 6 
6 6 
7 7 
4 4 
28 73 
25 25 
13 13 
11 11 
10 10 
8 8 
7 7 
6 6 
28 73 
25 25 
13 13 
11 11 
10 10 
8 8 
7 7 
6 6 
36 39 
8 8 
11 11 
10 10 
8 8 
5 5 
10 11 
3 3 
11 11 
10 10 
8 8 
7 23 
6 6 
6 6 
5 5 
5 5 
4 4 
4 4 
4 4 
4 4 
3 3 
21 21 
3 3 
34 34 
16 27 
16 16 
14 36 
13 13 
13 47 
11 11 
10 10 
8 8 
8 8 
6 7 
6 6 
5 5 
4 4 
4 4 
3 3 
3 3 
7 7 
3 3 
9 9 
4 4 
3 3 
26 141 
49 58 
47 47 
35 35 
34 34 
27 27 
27 27 
25 25 
17 17 
14 14 
10 10 
5 5 
16 16 
13 13 
11 11 
10 10 
7 45 
7 7 
6 6 
4 4 
3 3 
3 3 
29 29 
27 27 
20 20 
12 13 
11 30 
10 10 
8 8 
8 8 
6 6 
4 4 
39 40 
34 38 
20 20 
20 20 
16 16 
14 19 
13 13 
11 123 
11 11 
11 30 
5 5 
5 5 
4 4 
9 9 
5 5 
4 4 
4 4 
4 4 
4 4 
3 3 
3 3 
11 11 
5 5 
8 8 
4 4 
7 7 
14 14 
6 21 
11 26 
8 8 
3 3 
15 15 
4 4 
8 8 
4 4 
8 8 
6 6 
6 6 
10 11 
8 8 
7 7 
6 6 
6 6 
3 3 
25 43 
7 7 
7 7 
3 3 
3 3 
7 7 
10 11 
3 3 
11 11 
34 34 
31 47 
14 14 
8 8 
3 3 
3 3 
46 58 
21 21 
11 11 
10 10 
6 6 
16 16 
4 4 
8 8 
4 4 
4 4 
4 4 
3 3 
32 34 
11 26 
5 5 
4 4 
4 4 
28 32 
13 13 
10 10 
8 8 
8 13 
7 19 
6 6 
6 13 
6 6 
5 5 
5 5 
4 4 
4 4 
4 4 
3 3 
3 3 
3 3 
10 10 
5 5 
3 3 
139 242 
96 109 
72 72 
61 62 
50 50 
47 47 
45 45 
33 33 
30 30 
28 28 
28 28 
27 27 
26 26 
25 25 
23 23 
21 21 
20 108 
19 26 
17 44 
17 17 
15 17 
15 15 
14 14 
13 13 
12 12 
11 11 
10 10 
10 10 
10 10 
10 10 
10 10 
10 10 
9 9 
9 9 
8 8 
4 4 
26 26 
10 10 
5 5 
5 5 
4 4 
3 3 
6 6 
25 25 
17 17 
16 16 
14 14 
13 13 
10 10 
9 9 
9 9 
8 8 
6 6 
6 6 
5 5 
5 5 
4 4 
3 3 
3 3 
3 3 
3 3 
23 23 
14 15 
12 12 
8 8 
6 6 
5 5 
3 3 
34 34 
17 23 
10 10 
8 8 
5 5 
4 4 
3 3 
11 11 
7 7 
5 5 
5 5 
4 4 
3 3 
3 3 
3 3 
3 3 
3 3 
16 16 
15 15 
8 8 
6 6 
5 5 
4 4 
133 141 
46 47 
41 41 
36 40 
33 33 
23 37 
22 22 
21 21 
20 20 
19 19 
18 18 
18 40 
18 18 
18 21 
16 16 
13 13 
12 22 
12 12 
11 11 
10 10 
10 10 
9 10 
9 14 
11 26 
5 5 
23 46 
17 17 
11 11 
10 10 
8 8 
7 7 
3 3 
3 3 
8 8 
7 7 
5 5 
4 4 
9 9 
264 288 
83 85 
49 49 
30 30 
17 17 
16 27 
15 31 
6 6 
11 11 
7 7 
38 43 
21 22 
20 21 
12 12 
6 6 
4 4 
14 14 
27 27 
18 18 
10 10 
10 15 
5 5 
3 3 
3 3 
6 6 
6 6 
4 4 
22 22 
9 16 
11 11 
7 7 
7 7 
5 5 
5 5 
5 5 
4 4 
4 4 
3 3 
3 3 
3 3 
6 6 
22 22 
16 16 
14 14 
9 16 
7 7 
6 6 
4 4 
3 3 
4 4 
3 3 
13 13 
5 5 
3 3 
11 11 
9 9 
7 7 
6 6 
6 6 
4 4 
5 5 
63 98 
58 148 
58 59 
28 28 
25 25 
18 18 
16 17 
11 16 
11 11 
9 10 
7 7 
6 6 
5 5 
57 118 
37 42 
32 34 
21 21 
14 16 
12 12 
11 30 
8 8 
6 6 
6 6 
6 6 
5 5 
4 4 
4 4 
4 4 
3 3 
3 3 
10 10 
6 6 
4 4 
3 3 
26 42 
26 26 
12 12 
11 11 
10 10 
10 10 
8 8 
7 45 
7 7 
5 5 
5 5 
4 4 
3 3 
24 24 
22 23 
16 16 
14 14 
10 10 
4 4 
52 52 
10 10 
7 7 
3 3 
3 3 
3 3 
3 3 
7 7 
6 6 
34 34 
17 23 
10 10 
9 9 
8 8 
7 7 
7 7 
6 6 
4 4 
3 3 
3 3 
14 14 
4 4 
3 3 
7 7 
3 3 
7 7 
3 3 
7 7 
3 3 
7 7 
3 3 
7 7 
3 3 
15 15 
3 3 
6 30 
5 5 
6 30 
5 5 
51 61 
44 53 
43 44 
33 34 
32 45 
31 31 
29 30 
27 27 
25 88 
23 36 
22 22 
19 20 
16 16 
12 33 
9 9 
6 6 
6 30 
5 5 
7 7 
32 34 
15 15 
8 8 
8 8 
4 4 
3 3 
3 3 
3 3 
3 3 
3 3 
3 3 
26 28 
19 19 
14 28 
10 10 
10 10 
6 6 
4 4 
3 3 
6 6 
3 3 
13 14 
13 13 
11 11 
11 11 
10 23 
8 8 
8 8 
7 7 
7 7 
6 6 
6 6 
6 6 
5 5 
5 5 
5 5 
5 5 
4 4 
4 4 
4 4 
3 3 
3 3 
46 47 
34 120 
27 60 
25 40 
21 21 
20 20 
17 24 
17 18 
14 14 
8 8 
5 14 
5 5 
4 4 
21 21 
18 18 
18 18 
3 3 
29 30 
16 16 
13 13 
11 11 
10 10 
9 9 
7 45 
7 7 
6 6 
5 5 
5 5 
4 4 
3 3 
22 27 
6 6 
6 6 
6 6 
6 6 
4 4 
3 3 
4 4 
4 4 
3 3 
3 3 
5 5 
52 52 
45 46 
10 10 
7 7 
6 6 
3 3 
22 27 
8 8 
6 6 
6 6 
9 9 
6 6 
5 5 
5 5 
5 5 
4 4 
9 9 
6 6 
5 5 
5 5 
5 5 
4 4 
20 20 
12 12 
9 10 
8 8 
8 8 
7 7 
6 6 
4 4 
4 4 
20 20 
12 12 
9 10 
8 8 
8 8 
7 7 
6 6 
4 4 
4 4 
20 20 
12 12 
9 10 
8 8 
8 8 
7 7 
6 6 
4 4 
4 4 
6 6 
27 27 
20 20 
11 30 
10 10 
8 8 
8 8 
8 8 
7 7 
6 6 
4 4 
58 118 
47 63 
20 21 
14 14 
11 11 
11 11 
7 7 
5 5 
5 5 
4 4 
31 31 
23 46 
11 11 
10 10 
8 8 
8 8 
4 4 
4 4 
3 3 
3 3 
7 7 
5 5 
4 4 
16 16 
14 14 
10 15 
9 9 
9 9 
9 9 
8 8 
7 7 
7 7 
7 7 
6 7 
20 20 
3 3 
3 3 
154 163 
133 141 
83 83 
68 89 
58 60 
50 131 
42 43 
42 45 
35 35 
30 63 
21 38 
21 21 
21 21 
21 21 
18 18 
14 14 
10 10 
10 10 
10 10 
9 9 
7 7 
4 4 
3 3 
37 52 
12 12 
11 11 
6 6 
6 6 
6 6 
5 5 
4 4 
4 4 
3 3 
3 3 
3 3 
22 27 
11 26 
4 4 
11 11 
5 5 
3 3 
32 34 
11 26 
69 81 
40 157 
31 31 
28 32 
25 26 
25 25 
16 16 
14 15 
11 21 
11 11 
10 10 
10 10 
10 10 
10 10 
8 8 
8 8 
8 13 
7 7 
6 6 
6 6 
6 25 
6 7 
6 6 
5 5 
5 5 
4 4 
4 4 
4 4 
3 3 
3 3 
9 9 
4 4 
3 3 
152 160 
120 120 
33 33 
28 28 
23 30 
8 8 
7 7 
6 6 
3 3 
3 3 
37 37 
27 27 
24 24 
23 23 
21 35 
17 17 
16 44 
15 90 
13 14 
11 11 
11 11 
9 9 
5 5 
4 4 
4 4 
4 4 
13 13 
9 9 
6 6 
6 6 
3 3 
18 18 
14 14 
11 11 
8 8 
6 6 
3 3 
18 18 
14 14 
11 11 
8 8 
6 6 
3 3 
96 109 
61 61 
44 44 
33 33 
30 31 
25 25 
23 23 
23 23 
22 23 
20 21 
17 44 
16 16 
14 14 
11 12 
11 11 
10 10 
10 10 
10 10 
9 9 
8 8 
5 5 
6 6 
3 3 
3 3 
3 3 
3 3 
3 3 
3 3 
15 15 
3 3 
3 3 
7 7 
4 4 
3 3 
3 3 
26 26 
23 23 
19 19 
14 14 
7 37 
5 5 
3 3 
3 3 
4 4 
25 25 
8 8 
7 7 
6 6 
6 6 
3 3 
3 3 
25 25 
22 42 
3 3 
25 25 
8 8 
7 7 
6 6 
6 6 
3 3 
25 25 
8 8 
7 7 
6 6 
6 6 
3 3 
9 91 
8 8 
8 8 
3 3 
3 3 
26 26 
22 22 
17 97 
15 15 
10 10 
10 10 
10 10 
9 9 
8 8 
8 8 
7 7 
6 25 
6 6 
5 5 
5 5 
5 5 
5 5 
4 4 
4 4 
4 4 
3 3 
3 3 
60 60 
41 41 
31 32 
17 17 
16 16 
9 9 
8 8 
6 6 
5 5 
3 3 
16 16 
10 10 
5 5 
5 5 
4 4 
4 4 
16 16 
10 10 
5 5 
5 5 
4 4 
4 4 
3 3 
3 3 
3 3 
3 3 
31 31 
4 4 
50 51 
46 46 
41 42 
40 40 
34 34 
28 28 
27 28 
19 19 
17 18 
11 11 
10 10 
9 9 
9 9 
8 8 
5 5 
16 16 
10 10 
33 33 
33 85 
23 123 
23 23 
18 18 
16 128 
14 14 
12 12 
12 12 
10 10 
9 9 
9 9 
8 103 
8 8 
8 8 
5 5 
4 4 
9 55 
8 8 
7 7 
7 7 
5 5 
5 5 
4 4 
4 4 
3 3 
3 3 
3 3 
90 90 
54 54 
44 46 
41 41 
35 35 
30 63 
15 15 
14 14 
13 23 
13 13 
13 13 
11 11 
10 10 
9 9 
9 9 
9 9 
8 8 
7 7 
7 7 
4 4 
18 18 
3 3 
101 116 
22 35 
14 19 
13 149 
13 14 
12 12 
8 8 
4 4 
3 3 
3 3 
3 3 
312 348 
49 49 
41 123 
30 30 
25 40 
20 46 
15 31 
6 6 
4 4 
3 3 
21 21 
12 87 
11 11 
10 10 
10 10 
8 8 
4 4 
4 4 
4 4 
3 3 
3 3 
3 3 
3 3 
3 3 
3 3 
3 3 
16 31 
10 10 
9 9 
6 6 
5 5 
3 3 
3 3 
12 79 
5 5 
4 4 
3 3 
6 6 
129 129 
100 110 
65 100 
62 62 
59 149 
58 59 
54 65 
49 50 
46 46 
39 39 
35 36 
33 33 
33 33 
33 99 
30 31 
30 30 
28 28 
27 27 
27 27 
26 40 
25 25 
23 23 
23 23 
22 23 
21 21 
19 26 
19 19 
17 44 
17 17 
17 17 
15 15 
12 12 
11 11 
11 11 
10 10 
10 10 
9 10 
9 9 
9 9 
9 9 
8 8 
7 7 
5 5 
5 5 
5 5 
19 19 
14 14 
11 11 
9 9 
6 6 
19 19 
14 14 
11 11 
9 9 
6 6 
11 11 
10 10 
8 43 
6 6 
4 4 
4 4 
3 3 
11 11 
10 10 
8 43 
6 6 
4 4 
4 4 
3 3 
11 11 
10 10 
8 43 
6 6 
4 4 
4 4 
3 3 
3 3 
3 3 
11 11 
10 10 
8 43 
6 6 
4 4 
4 4 
3 3 
8 8 
7 7 
15 16 
5 5 
4 4 
8 8 
8 8 
8 8 
6 6 
4 4 
4 4 
3 3 
3 3 
3 3 
9 9 
8 8 
7 7 
24 42 
22 22 
17 17 
14 14 
11 11 
11 11 
10 10 
6 12 
5 5 
4 4 
4 4 
4 4 
4 4 
3 3 
3 3 
3 3 
3 3 
20 20 
3 3 
3 3 
3 3 
3 3 
11 11 
10 10 
8 43 
6 6 
4 4 
4 4 
3 3 
37 37 
14 14 
9 33 
9 9 
7 7 
6 6 
4 4 
8 10 
4 4 
3 3 
18 18 
6 6 
4 4 
19 19 
11 11 
9 9 
7 7 
6 6 
5 5 
4 4 
4 4 
4 4 
3 3 
3 3 
3 3 
3 3 
8 10 
4 4 
3 3 
26 26 
19 19 
14 14 
11 11 
8 8 
7 37 
7 7 
5 5 
4 4 
3 3 
3 3 
3 3 
69 81 
40 157 
25 25 
24 24 
17 41 
17 17 
15 16 
14 14 
13 13 
12 12 
11 11 
11 21 
10 10 
10 10 
10 10 
9 93 
9 9 
8 8 
7 7 
6 25 
6 7 
6 6 
6 6 
6 6 
5 5 
5 5 
5 5 
5 5 
4 4 
4 4 
4 4 
3 3 
3 3 
3 3 
3 3 
5 5 
47 47 
32 48 
28 108 
26 26 
25 25 
25 26 
22 102 
19 19 
16 16 
15 15 
14 14 
14 14 
12 12 
12 12 
11 11 
11 11 
11 11 
11 11 
10 10 
10 10 
10 10 
9 9 
8 8 
7 7 
7 7 
7 7 
6 6 
6 6 
6 6 
5 5 
5 5 
5 5 
5 5 
5 5 
4 4 
4 4 
4 4 
4 4 
4 4 
4 4 
3 3 
3 3 
3 3 
3 3 
3 3 
3 3 
3 3 
9 9 
4 4 
9 9 
4 4 
21 22 
18 18 
15 15 
9 9 
8 8 
4 4 
6 6 
3 3 
17 23 
15 15 
5 5 
3 3 
32 34 
16 16 
16 16 
15 15 
8 8 
6 6 
6 6 
6 6 
6 6 
4 4 
3 3 
3 3 
140 144 
42 43 
35 35 
28 29 
21 38 
21 21 
21 90 
20 21 
19 19 
15 71 
14 14 
14 14 
9 9 
9 14 
7 7 
7 7 
5 5 
4 4 
3 3 
3 3 
6 6 
28 73 
26 26 
26 26 
25 25 
17 17 
16 27 
16 16 
16 16 
14 14 
13 13 
13 47 
11 11 
11 11 
10 10 
10 10 
10 10 
8 8 
8 8 
8 8 
7 7 
7 7 
7 7 
7 7 
6 6 
6 6 
6 7 
6 6 
6 6 
5 5 
4 4 
4 4 
4 4 
4 4 
4 4 
3 3 
3 3 
3 3 
3 3 
3 3 
3 3 
3 3 
4 4 
4 4 
3 3 
18 124 
7 7 
4 4 
3 3 
3 3 
3 3 
3 3 
3 3 
3 3 
3 3 
14 15 
34 34 
31 47 
17 17 
14 14 
11 36 
7 7 
6 21 
6 6 
4 4 
3 3 
3 3 
3 3 
3 3 
3 3 
23 30 
19 19 
12 12 
76 195 
28 28 
10 10 
10 10 
9 28 
9 9 
9 38 
6 6 
5 5 
4 4 
52 52 
37 37 
25 25 
11 11 
9 33 
7 7 
6 6 
6 6 
3 3 
3 3 
3 3 
3 3 
3 3 
52 52 
37 37 
25 25 
10 13 
9 33 
7 7 
6 6 
6 6 
3 3 
3 3 
3 3 
3 3 
3 3 
52 52 
37 37 
25 25 
10 13 
9 33 
7 7 
6 6 
6 6 
3 3 
3 3 
3 3 
3 3 
3 3 
15 16 
10 10 
8 8 
7 7 
5 5 
4 4 
3 3 
3 3 
52 52 
37 37 
25 25 
10 13 
9 33 
7 7 
6 6 
6 6 
3 3 
3 3 
3 3 
3 3 
3 3 
9 9 
4 4 
3 3 
3 3 
8 9 
6 6 
4 4 
3 3 
3 3 
3 3 
61 121 
37 42 
34 38 
32 34 
25 43 
21 21 
21 21 
20 20 
16 16 
16 16 
14 19 
14 16 
11 11 
11 30 
8 8 
8 8 
7 7 
6 6 
6 6 
6 6 
5 5 
5 5 
4 4 
3 3 
3 3 
3 3 
6 6 
3 3 
61 121 
37 42 
34 38 
32 34 
25 43 
21 21 
21 21 
20 20 
16 16 
16 16 
14 19 
14 16 
11 11 
11 30 
8 8 
8 8 
7 7 
6 6 
6 6 
6 6 
5 5 
5 5 
4 4 
3 3 
3 3 
3 3 
8 8 
6 6 
6 6 
6 6 
9 9 
4 4 
4 4 
3 3 
3 3 
8 8 
6 6 
3 3 
3 3 
20 20 
19 19 
14 14 
12 12 
11 11 
11 11 
10 10 
9 9 
9 10 
8 43 
8 8 
7 7 
6 6 
6 6 
6 6 
6 6 
5 5 
4 4 
4 4 
4 4 
3 3 
20 20 
19 19 
14 14 
12 12 
11 11 
11 11 
10 10 
9 9 
9 10 
8 43 
8 8 
7 7 
6 6 
6 6 
6 6 
6 6 
5 5 
4 4 
4 4 
4 4 
3 3 
8 8 
6 6 
3 3 
3 3 
62 62 
13 13 
10 10 
9 9 
9 28 
8 8 
8 13 
7 7 
7 19 
7 7 
7 7 
7 7 
6 6 
6 6 
6 6 
6 6 
6 6 
6 13 
6 6 
6 6 
5 5 
5 5 
5 5 
5 5 
5 5 
5 5 
5 5 
5 5 
4 4 
4 4 
4 4 
4 4 
4 4 
4 4 
4 4 
4 4 
4 4 
4 4 
4 4 
4 4 
4 4 
3 3 
3 3 
3 3 
3 3 
3 3 
3 3 
3 3 
3 3 
3 3 
3 3 
3 3 
3 3 
3 3 
22 22 
12 12 
10 10 
3 3 
3 3 
3 3 
3 3 
3 3 
11 11 
11 11 
10 10 
9 9 
8 43 
8 10 
7 7 
7 7 
6 6 
6 6 
5 5 
4 4 
4 4 
4 4 
4 4 
4 4 
4 4 
3 3 
3 3 
3 3 
3 3 
3 3 
3 3 
11 11 
11 11 
10 10 
9 9 
8 43 
8 10 
7 7 
7 7 
6 6 
6 6 
5 5 
4 4 
4 4 
4 4 
4 4 
4 4 
4 4 
3 3 
3 3 
3 3 
3 3 
3 3 
3 3 
18 18 
8 8 
6 6 
3 3 
3 3 
3 3 
3 3 
62 62 
13 13 
10 10 
9 9 
9 28 
8 8 
8 8 
8 8 
8 13 
7 37 
7 7 
7 7 
7 7 
7 19 
7 7 
7 7 
7 7 
7 7 
6 6 
6 6 
6 6 
6 6 
6 6 
6 13 
6 6 
6 6 
5 5 
5 5 
5 5 
5 5 
5 5 
5 5 
5 5 
5 5 
4 4 
4 4 
4 4 
4 4 
4 4 
4 4 
4 4 
4 4 
4 4 
4 4 
4 4 
4 4 
4 4 
4 4 
4 4 
3 3 
3 3 
3 3 
3 3 
3 3 
3 3 
3 3 
3 3 
3 3 
3 3 
3 3 
3 3 
3 3 
3 3 
3 3 
18 18 
9 55 
6 6 
4 4 
3 3 
3 3 
51 53 
41 41 
34 34 
32 32 
28 28 
22 22 
20 22 
20 20 
18 18 
18 18 
11 15 
10 10 
9 9 
9 9 
9 9 
8 8 
7 7 
7 7 
6 6 
6 6 
5 5 
5 5 
114 157 
26 120 
22 22 
17 17 
16 31 
12 13 
10 10 
9 9 
6 6 
6 6 
5 5 
5 5 
5 5 
4 4 
4 4 
3 3 
3 3 
49 49 
42 128 
42 42 
37 131 
27 27 
26 26 
25 43 
24 25 
21 21 
20 20 
18 18 
16 16 
16 16 
12 12 
10 34 
8 8 
8 8 
7 7 
7 7 
6 6 
6 6 
6 6 
5 5 
4 4 
3 3 
3 3 
3 3 
3 3 
3 3 
113 124 
42 43 
22 23 
21 38 
21 90 
20 20 
18 18 
17 17 
15 58 
14 14 
11 11 
10 10 
10 10 
10 137 
9 9 
9 14 
7 7 
7 7 
6 6 
6 6 
6 6 
5 5 
4 4 
4 4 
3 3 
3 3 
31 31 
9 9 
4 4 
3 3 
328 360 
48 48 
20 20 
19 19 
18 18 
14 14 
11 11 
11 11 
11 11 
10 10 
9 9 
9 9 
9 10 
8 43 
8 8 
8 8 
8 10 
7 7 
7 7 
7 7 
6 6 
6 6 
6 6 
6 6 
6 6 
5 5 
5 5 
4 4 
4 4 
4 4 
4 4 
4 4 
4 4 
3 3 
3 3 
3 3 
3 3 
3 3 
3 3 
3 3 
3 3 
3 3 
3 3 
328 360 
48 48 
20 20 
19 19 
18 18 
14 14 
11 11 
11 11 
11 11 
10 10 
9 9 
9 9 
9 10 
8 43 
8 8 
8 8 
8 10 
7 7 
7 7 
7 7 
6 6 
6 6 
6 6 
6 6 
6 6 
5 5 
5 5 
4 4 
4 4 
4 4 
4 4 
4 4 
4 4 
3 3 
3 3 
3 3 
3 3 
3 3 
3 3 
3 3 
3 3 
3 3 
3 3 
41 42 
34 34 
17 41 
16 16 
15 15 
15 16 
14 14 
14 14 
13 14 
12 12 
11 11 
11 11 
10 23 
10 10 
10 10 
9 9 
9 9 
9 9 
9 16 
9 9 
8 8 
7 7 
6 7 
6 6 
6 6 
6 6 
6 6 
5 5 
5 5 
4 4 
4 4 
4 4 
3 3 
3 3 
3 3 
3 3 
3 3 
3 3 
3 3 
3 3 
3 3 
3 3 
41 42 
35 35 
17 41 
16 16 
15 16 
14 14 
14 14 
13 14 
12 12 
12 12 
11 11 
11 11 
10 23 
10 10 
10 10 
9 9 
9 9 
9 9 
9 16 
9 9 
8 8 
7 19 
6 7 
6 6 
6 6 
6 6 
5 5 
5 5 
4 4 
4 4 
4 4 
3 3 
3 3 
3 3 
3 3 
3 3 
3 3 
3 3 
3 3 
3 3 
