3 3 
3 3 
5 5 
4 4 
3 3 
4 4 
4 4 
5 5 
3 3 
5 5 
5 5 
4 4 
4 4 
4 4 
4 4 
4 4 
5 5 
5 5 
4 4 
6 6 
4 4 
5 5 
6 6 
6 6 
6 6 
6 6 
6 6 
6 6 
4 4 
4 4 
6 6 
6 6 
5 5 
6 7 
7 7 
7 7 
6 17 
7 7 
6 17 
5 5 
5 5 
5 5 
7 7 
7 7 
7 7 
7 7 
7 7 
4 4 
4 4 
7 7 
6 6 
6 6 
6 6 
6 6 
6 6 
7 7 
6 6 
7 7 
8 8 
5 5 
4 4 
4 4 
4 4 
4 4 
3 3 
6 6 
4 4 
7 7 
7 7 
7 7 
7 7 
7 7 
6 6 
8 8 
6 6 
8 8 
5 5 
8 8 
6 6 
7 7 
9 9 
9 12 
8 8 
4 4 
9 9 
8 8 
8 8 
9 9 
9 10 
4 4 
4 4 
8 8 
10 10 
9 9 
6 6 
6 6 
8 8 
7 7 
10 13 
9 9 
9 9 
10 10 
9 9 
10 10 
6 6 
10 11 
9 10 
9 9 
6 6 
10 10 
4 4 
4 4 
6 6 
8 8 
10 10 
9 9 
11 11 
6 6 
5 5 
8 8 
10 10 
7 7 
11 11 
10 10 
10 10 
5 5 
5 5 
11 11 
9 9 
10 10 
10 10 
8 8 
7 7 
11 11 
4 4 
8 8 
10 10 
6 6 
10 10 
9 9 
8 8 
8 8 
12 17 
6 6 
11 16 
5 5 
8 8 
12 12 
12 12 
11 11 
11 11 
12 12 
11 12 
12 12 
12 12 
9 9 
6 6 
7 7 
13 13 
10 10 
12 27 
12 12 
13 13 
13 13 
5 5 
5 5 
12 12 
8 8 
11 11 
8 8 
10 10 
9 9 
3 3 
10 10 
11 11 
13 13 
6 6 
13 13 
6 6 
14 15 
10 10 
14 16 
11 11 
13 14 
13 14 
14 14 
11 11 
4 4 
3 3 
12 18 
14 16 
14 14 
14 14 
15 15 
4 4 
12 12 
15 15 
12 12 
15 15 
4 4 
15 15 
6 6 
3 3 
3 3 
15 15 
8 9 
8 9 
8 9 
8 8 
7 7 
16 16 
6 6 
6 6 
16 16 
16 16 
13 14 
5 5 
14 14 
7 7 
7 7 
6 6 
15 15 
16 17 
7 7 
17 17 
8 8 
17 17 
17 17 
6 6 
16 16 
13 14 
7 7 
17 17 
11 11 
18 18 
17 17 
18 18 
13 14 
3 3 
9 9 
8 8 
16 16 
11 11 
18 19 
19 20 
3 3 
8 8 
6 6 
15 15 
15 16 
7 7 
4 4 
19 19 
3 3 
3 3 
18 20 
3 3 
8 8 
18 18 
16 16 
13 14 
11 11 
19 19 
8 9 
12 12 
20 20 
17 17 
4 4 
4 4 
20 20 
8 8 
5 5 
7 7 
14 14 
17 17 
12 12 
8 9 
4 4 
8 8 
16 16 
16 16 
13 13 
19 19 
7 7 
4 4 
14 14 
9 9 
18 19 
14 14 
21 21 
12 12 
9 9 
23 23 
13 13 
12 12 
13 14 
7 7 
21 22 
8 8 
20 20 
18 19 
25 27 
21 21 
20 20 
25 25 
6 6 
15 15 
15 15 
20 20 
20 20 
6 6 
16 16 
14 14 
9 11 
11 11 
7 7 
19 20 
26 26 
24 24 
19 20 
25 25 
8 9 
23 26 
26 27 
5 5 
11 11 
25 25 
25 25 
25 25 
25 25 
19 20 
25 27 
27 27 
25 25 
7 7 
8 9 
22 22 
22 24 
7 7 
8 8 
27 27 
8 8 
7 7 
13 13 
25 25 
23 26 
3 3 
3 3 
3 3 
8 9 
4 4 
6 6 
15 15 
25 25 
25 25 
8 9 
11 11 
14 14 
11 11 
25 25 
14 14 
16 16 
8 8 
27 28 
30 30 
5 5 
12 12 
10 18 
26 26 
26 26 
30 30 
25 25 
3 3 
29 33 
15 15 
14 14 
8 8 
31 31 
3 3 
11 11 
32 44 
17 17 
10 10 
7 7 
26 26 
7 7 
27 27 
28 28 
25 25 
25 25 
3 3 
22 23 
19 20 
32 34 
33 35 
17 18 
31 33 
3 3 
33 35 
4 4 
4 4 
25 25 
33 33 
33 33 
9 9 
12 12 
13 13 
13 13 
32 32 
22 23 
22 23 
22 23 
22 22 
22 22 
35 35 
35 35 
11 11 
22 26 
11 11 
6 6 
31 31 
31 31 
25 25 
18 18 
26 35 
22 23 
36 37 
11 11 
6 7 
7 7 
22 23 
30 30 
6 6 
37 46 
37 46 
33 33 
22 23 
38 39 
22 23 
22 23 
22 23 
6 6 
6 6 
3 3 
3 3 
3 3 
3 3 
3 3 
3 3 
8 8 
4 4 
36 36 
19 20 
19 20 
43 44 
6 6 
3 3 
19 20 
15 20 
19 20 
19 19 
19 20 
8 8 
8 8 
10 10 
6 6 
9 9 
19 20 
9 9 
7 7 
19 20 
11 12 
12 12 
36 38 
9 9 
44 46 
20 20 
20 20 
28 28 
27 28 
12 12 
42 42 
47 50 
39 39 
9 10 
22 23 
45 46 
45 45 
45 45 
42 42 
45 46 
10 10 
25 25 
5 5 
35 38 
22 26 
13 14 
3 3 
35 38 
28 28 
45 47 
45 47 
28 28 
5 5 
42 42 
36 38 
52 52 
16 16 
22 23 
3 3 
6 6 
5 5 
3 3 
5 5 
3 3 
46 47 
46 47 
23 23 
22 26 
22 23 
8 8 
8 8 
4 4 
50 50 
50 50 
50 50 
24 24 
22 23 
3 3 
5 5 
22 23 
42 42 
11 13 
24 24 
56 59 
10 10 
55 57 
42 42 
4 4 
52 52 
6 6 
13 13 
13 14 
22 23 
42 42 
61 62 
10 10 
17 17 
16 16 
12 12 
3 3 
20 28 
34 34 
42 42 
12 12 
7 7 
33 33 
42 42 
6 6 
6 6 
32 32 
13 13 
12 12 
8 8 
42 42 
42 42 
9 9 
42 42 
5 5 
66 67 
6 6 
23 23 
22 23 
14 14 
11 11 
14 14 
11 11 
7 7 
62 62 
22 26 
62 62 
3 3 
5 5 
5 5 
13 14 
32 32 
32 32 
14 15 
4 4 
21 21 
42 42 
66 66 
66 66 
32 32 
55 57 
23 23 
3 3 
42 42 
7 7 
6 6 
42 42 
3 3 
6 6 
42 42 
12 12 
4 4 
42 42 
11 11 
10 18 
10 11 
7 7 
7 7 
7 7 
11 11 
6 6 
11 11 
7 7 
73 74 
74 75 
42 42 
9 10 
71 73 
24 24 
27 28 
12 12 
9 9 
72 74 
46 47 
13 13 
9 9 
9 10 
47 47 
47 47 
28 28 
9 9 
18 18 
18 18 
3 3 
3 3 
15 15 
6 6 
32 32 
83 84 
26 27 
83 84 
4 4 
3 3 
3 3 
52 52 
7 7 
8 8 
6 6 
52 52 
7 7 
11 11 
11 11 
5 5 
3 3 
39 39 
17 17 
11 11 
3 3 
19 20 
10 10 
47 50 
10 11 
8 8 
10 11 
8 8 
3 3 
3 3 
30 30 
10 10 
6 6 
6 6 
9 9 
9 9 
42 42 
13 13 
12 12 
3 3 
3 3 
9 9 
9 9 
18 19 
83 84 
3 3 
3 3 
4 4 
6 6 
4 4 
4 4 
91 97 
91 97 
11 11 
24 24 
4 4 
4 4 
4 4 
18 18 
8 8 
90 90 
15 15 
4 4 
4 4 
4 4 
50 50 
15 15 
13 13 
11 11 
11 11 
3 3 
7 7 
17 17 
12 12 
3 3 
11 11 
4 4 
117 118 
7 7 
4 4 
4 4 
4 4 
4 4 
4 4 
4 4 
13 13 
11 11 
46 46 
9 10 
46 46 
46 46 
31 31 
25 27 
9 9 
25 27 
9 9 
7 7 
4 4 
9 9 
6 6 
46 46 
15 15 
6 7 
8 8 
19 20 
3 3 
46 46 
11 11 
3 3 
8 9 
47 47 
9 9 
46 46 
3 3 
33 33 
17 17 
16 16 
11 14 
9 10 
6 6 
4 4 
4 4 
6 6 
6 6 
74 81 
13 14 
10 10 
5 5 
34 34 
18 18 
46 46 
3 3 
4 4 
30 30 
20 20 
5 5 
46 46 
13 14 
7 7 
7 7 
7 7 
7 7 
7 7 
7 7 
13 13 
5 5 
104 108 
7 7 
46 46 
12 12 
25 25 
22 23 
3 3 
23 23 
12 12 
8 8 
4 4 
31 33 
10 13 
4 4 
4 4 
5 5 
4 4 
46 46 
5 5 
11 11 
11 11 
11 11 
7 7 
7 7 
4 4 
4 4 
4 4 
113 113 
10 10 
10 10 
5 5 
7 7 
7 7 
12 12 
7 7 
15 16 
3 3 
13 13 
16 16 
16 16 
4 4 
4 4 
3 3 
28 28 
54 54 
35 37 
13 13 
9 9 
8 8 
7 7 
4 4 
10 11 
10 11 
10 11 
10 11 
10 11 
10 11 
28 29 
10 10 
8 8 
4 4 
17 17 
14 14 
25 25 
47 47 
9 9 
3 3 
52 52 
7 7 
10 10 
11 13 
8 8 
3 3 
9 9 
3 3 
18 18 
6 6 
8 8 
4 4 
3 3 
22 23 
3 3 
6 6 
6 7 
3 3 
4 4 
7 7 
7 7 
7 7 
3 3 
27 27 
12 13 
6 6 
9 10 
5 5 
4 4 
46 46 
16 16 
16 16 
4 4 
12 12 
7 7 
6 6 
7 7 
7 7 
12 12 
7 7 
7 7 
7 7 
8 8 
3 3 
23 23 
12 12 
7 7 
57 69 
21 21 
9 9 
12 12 
6 6 
4 4 
4 4 
91 94 
4 4 
7 7 
7 7 
5 5 
4 4 
30 30 
9 9 
9 10 
11 11 
3 3 
11 11 
6 6 
6 6 
19 20 
12 27 
7 7 
4 4 
7 7 
31 31 
4 4 
4 4 
4 4 
4 4 
4 4 
4 4 
4 4 
9 9 
3 3 
7 7 
9 9 
5 5 
5 5 
13 13 
7 7 
30 30 
7 7 
119 119 
13 13 
9 9 
4 4 
4 4 
15 15 
7 7 
5 5 
13 15 
9 9 
6 6 
11 12 
51 61 
3 3 
6 6 
5 5 
8 8 
4 4 
42 46 
42 46 
3 3 
9 12 
8 9 
8 9 
7 7 
18 18 
13 13 
51 61 
5 5 
3 3 
11 12 
47 47 
90 93 
32 34 
6 6 
6 6 
7 7 
104 108 
48 48 
7 7 
7 7 
16 16 
4 4 
11 13 
6 6 
3 3 
8 8 
3 3 
4 4 
17 18 
4 4 
44 45 
4 4 
3 3 
44 45 
5 5 
3 3 
34 34 
9 9 
7 8 
4 4 
3 3 
3 3 
3 3 
50 52 
41 45 
6 6 
46 47 
21 21 
18 19 
11 11 
6 6 
31 34 
31 34 
4 4 
4 4 
4 4 
28 29 
10 10 
8 8 
4 4 
26 27 
4 4 
4 4 
19 19 
14 14 
4 4 
4 4 
20 20 
18 18 
42 42 
13 14 
9 9 
7 7 
7 7 
47 47 
4 4 
3 3 
19 19 
14 14 
14 14 
3 3 
8 8 
19 20 
8 8 
7 7 
3 3 
13 13 
42 42 
12 12 
11 11 
13 15 
13 13 
3 3 
11 11 
5 5 
46 49 
13 13 
3 3 
33 33 
3 3 
3 3 
17 17 
8 9 
5 5 
66 66 
45 45 
25 25 
11 11 
9 9 
8 8 
9 9 
9 9 
8 8 
6 6 
9 9 
3 3 
61 62 
28 28 
17 18 
12 12 
10 10 
18 18 
4 4 
32 44 
24 24 
15 15 
33 33 
23 23 
5 5 
6 6 
35 38 
12 12 
9 9 
6 6 
5 5 
52 52 
45 47 
34 34 
8 8 
6 6 
52 52 
45 47 
34 34 
8 8 
6 6 
9 9 
10 11 
9 9 
12 13 
4 4 
3 3 
9 9 
6 6 
4 4 
5 5 
3 3 
25 25 
12 18 
14 14 
12 12 
11 11 
14 14 
8 9 
4 4 
8 8 
3 3 
9 9 
9 9 
25 25 
9 9 
7 7 
6 6 
5 5 
8 8 
12 17 
5 5 
8 8 
8 8 
10 10 
4 4 
3 3 
7 7 
11 11 
17 17 
11 11 
9 9 
51 61 
11 11 
11 11 
9 9 
27 27 
23 23 
10 10 
9 9 
5 5 
5 5 
31 31 
31 33 
18 18 
22 23 
6 6 
8 8 
7 7 
8 8 
7 7 
22 23 
9 9 
3 3 
12 12 
11 11 
6 6 
5 5 
74 75 
28 28 
3 3 
8 9 
6 6 
6 6 
3 3 
3 3 
8 9 
11 11 
6 6 
6 6 
11 11 
11 11 
11 11 
11 11 
11 11 
6 6 
43 44 
27 27 
8 8 
7 7 
3 3 
18 19 
5 5 
12 13 
18 18 
11 11 
8 8 
3 3 
14 16 
7 7 
11 11 
18 18 
17 18 
5 5 
4 4 
3 3 
7 7 
16 16 
6 6 
47 47 
30 30 
15 16 
42 42 
12 12 
4 4 
34 35 
18 18 
6 6 
4 4 
20 20 
20 20 
20 20 
8 8 
8 8 
7 7 
6 6 
4 4 
4 4 
3 3 
91 97 
27 28 
10 10 
12 18 
17 17 
3 3 
3 3 
9 10 
3 3 
17 17 
11 11 
22 22 
11 11 
21 21 
17 17 
17 17 
5 5 
32 32 
13 14 
32 32 
13 14 
8 8 
3 3 
6 6 
3 3 
11 11 
9 9 
9 9 
5 5 
4 4 
4 4 
7 8 
6 6 
39 40 
11 11 
3 3 
9 9 
9 9 
8 8 
5 5 
6 6 
90 90 
26 26 
25 25 
10 10 
9 9 
8 8 
9 9 
4 4 
4 4 
3 3 
34 34 
9 9 
8 8 
22 23 
8 8 
3 3 
3 3 
14 14 
25 25 
4 4 
25 25 
25 25 
22 23 
4 4 
56 56 
14 14 
33 33 
14 14 
9 11 
7 7 
6 6 
6 6 
20 20 
18 18 
9 9 
5 5 
9 9 
4 4 
11 11 
10 10 
10 11 
14 14 
3 3 
5 5 
25 25 
22 23 
6 6 
3 3 
8 8 
6 6 
5 5 
23 26 
9 9 
8 8 
8 8 
8 8 
8 8 
8 8 
8 8 
8 8 
8 8 
8 8 
6 6 
30 30 
13 13 
10 10 
54 54 
35 37 
9 9 
45 46 
11 13 
8 8 
7 7 
11 11 
11 11 
12 12 
6 6 
10 10 
9 9 
42 42 
13 13 
12 12 
8 9 
8 8 
7 7 
4 4 
6 6 
117 118 
19 19 
18 20 
10 10 
31 31 
4 4 
3 3 
15 15 
7 7 
8 8 
7 7 
4 4 
7 7 
5 5 
6 6 
3 3 
20 20 
17 17 
16 16 
8 8 
5 5 
4 4 
3 3 
3 3 
44 46 
27 27 
16 16 
16 16 
32 32 
6 6 
6 6 
15 15 
28 28 
17 17 
3 3 
3 3 
5 5 
20 21 
18 18 
16 16 
3 3 
4 4 
10 10 
52 52 
7 7 
52 52 
7 7 
25 25 
22 23 
30 31 
6 6 
13 13 
12 12 
10 11 
8 9 
8 8 
7 7 
4 4 
13 13 
12 12 
10 11 
8 9 
8 8 
7 7 
4 4 
4 4 
7 7 
3 3 
8 9 
6 6 
9 10 
3 3 
3 3 
42 42 
13 14 
12 12 
7 7 
9 9 
3 3 
8 8 
3 3 
7 7 
3 3 
42 42 
13 13 
12 12 
9 9 
8 8 
4 4 
15 16 
3 3 
10 10 
10 10 
7 9 
19 19 
6 6 
5 5 
3 3 
8 8 
4 4 
10 10 
11 11 
8 8 
8 8 
22 24 
16 17 
8 8 
18 18 
52 52 
45 47 
34 34 
8 8 
7 7 
7 7 
6 6 
66 67 
35 35 
6 6 
34 35 
18 18 
4 4 
8 8 
7 7 
8 8 
7 7 
3 3 
4 4 
16 17 
10 10 
9 9 
7 7 
6 6 
5 5 
4 4 
4 4 
7 7 
52 52 
26 26 
11 11 
5 5 
9 9 
6 6 
5 5 
4 4 
6 6 
6 6 
6 6 
72 74 
47 47 
20 20 
14 14 
10 10 
3 3 
3 3 
6 6 
24 25 
14 14 
9 9 
5 5 
13 14 
10 10 
7 7 
5 5 
3 3 
3 3 
27 27 
12 13 
8 9 
6 6 
9 9 
6 6 
5 5 
7 7 
6 6 
5 5 
3 3 
7 7 
7 8 
6 6 
6 6 
24 26 
19 19 
8 8 
8 8 
5 5 
33 34 
7 7 
3 3 
8 8 
8 8 
6 6 
24 24 
37 41 
12 12 
9 9 
6 6 
6 6 
5 5 
21 21 
11 11 
9 9 
7 7 
6 6 
3 3 
7 7 
4 4 
7 7 
4 4 
3 3 
28 28 
17 17 
9 10 
19 19 
14 14 
6 6 
5 5 
18 18 
6 6 
3 3 
27 29 
17 17 
14 14 
9 9 
7 7 
33 35 
16 16 
10 10 
8 8 
8 8 
12 12 
20 20 
20 20 
9 9 
6 6 
5 5 
4 4 
3 3 
3 3 
20 20 
20 20 
13 14 
12 12 
7 7 
42 42 
12 12 
7 7 
7 7 
25 25 
34 34 
11 11 
3 3 
8 8 
3 3 
25 25 
22 23 
6 6 
35 35 
24 25 
14 14 
9 9 
5 5 
9 9 
9 9 
8 8 
7 7 
6 6 
6 6 
14 16 
13 14 
7 7 
4 4 
20 20 
7 7 
3 3 
6 6 
5 5 
5 5 
3 3 
16 16 
14 16 
11 11 
9 9 
9 9 
8 8 
7 7 
6 6 
5 5 
3 3 
3 3 
25 25 
22 23 
8 8 
8 8 
8 8 
9 9 
9 9 
9 9 
9 9 
9 9 
7 7 
7 7 
4 4 
3 3 
4 4 
26 27 
4 4 
3 3 
6 6 
4 4 
3 3 
18 18 
16 16 
12 13 
12 12 
11 12 
6 6 
4 4 
3 3 
6 6 
5 5 
6 6 
5 5 
15 15 
47 47 
28 28 
5 5 
3 3 
10 10 
3 3 
3 3 
10 10 
3 3 
3 3 
17 20 
4 4 
17 17 
3 3 
23 23 
19 19 
14 14 
10 10 
9 9 
6 6 
14 14 
9 10 
6 6 
34 35 
27 27 
17 17 
31 32 
3 3 
11 12 
11 12 
15 15 
12 13 
10 10 
3 3 
34 34 
5 5 
6 6 
3 3 
3 3 
4 4 
13 13 
3 3 
3 3 
3 3 
3 3 
4 4 
4 4 
13 15 
11 11 
9 9 
4 4 
3 3 
3 3 
13 15 
6 6 
6 6 
5 5 
4 4 
4 4 
3 3 
3 3 
52 52 
34 34 
25 25 
8 8 
7 7 
3 3 
3 3 
11 11 
14 14 
10 10 
7 8 
15 15 
4 4 
3 3 
58 59 
12 12 
6 7 
8 8 
8 8 
47 48 
7 7 
3 3 
8 8 
3 3 
7 7 
5 5 
4 4 
52 52 
43 46 
37 37 
7 7 
7 7 
6 6 
3 3 
31 32 
21 23 
3 3 
11 11 
32 32 
8 8 
32 32 
8 8 
4 4 
6 6 
6 6 
6 6 
32 32 
17 17 
11 12 
9 9 
8 8 
13 15 
3 3 
7 7 
3 3 
7 7 
3 3 
6 6 
3 3 
3 3 
26 27 
8 9 
11 11 
6 6 
7 7 
3 3 
8 8 
4 4 
4 4 
14 14 
8 9 
15 15 
6 6 
27 27 
12 13 
8 9 
6 6 
10 10 
8 8 
7 7 
8 8 
7 7 
25 25 
22 23 
8 8 
14 15 
10 10 
13 13 
12 12 
11 11 
8 8 
6 6 
3 3 
19 20 
16 16 
11 11 
11 12 
8 8 
12 12 
4 4 
4 4 
11 11 
13 13 
11 11 
11 11 
10 10 
8 8 
8 8 
7 7 
6 6 
6 6 
5 5 
4 4 
3 3 
3 3 
6 6 
6 6 
20 20 
12 12 
7 7 
6 6 
3 3 
43 46 
10 10 
51 61 
13 14 
11 11 
4 4 
14 14 
11 12 
8 8 
7 7 
3 3 
17 17 
16 16 
14 14 
10 11 
9 9 
7 7 
20 20 
19 21 
11 11 
7 7 
20 20 
19 21 
11 11 
3 3 
3 3 
3 3 
3 3 
3 3 
3 3 
3 3 
3 3 
3 3 
17 17 
16 16 
7 7 
7 7 
7 7 
6 6 
6 6 
3 3 
6 6 
3 3 
5 5 
6 6 
4 4 
4 4 
5 5 
6 7 
5 5 
3 3 
5 5 
3 3 
9 9 
3 3 
20 22 
10 10 
8 8 
4 4 
4 4 
20 22 
10 10 
8 8 
4 4 
6 6 
7 7 
6 6 
36 39 
11 11 
12 13 
11 11 
10 10 
8 8 
7 7 
41 42 
7 7 
6 6 
3 3 
3 3 
6 6 
4 4 
3 3 
60 66 
21 21 
3 3 
23 23 
7 7 
6 6 
9 9 
4 4 
3 3 
3 3 
3 3 
3 3 
10 11 
10 11 
10 11 
10 11 
10 11 
10 11 
23 26 
18 18 
8 8 
8 8 
20 20 
19 21 
11 11 
3 3 
3 3 
8 9 
8 9 
3 3 
6 6 
3 3 
5 5 
4 4 
20 20 
19 21 
11 11 
6 6 
28 28 
36 36 
14 16 
11 12 
8 8 
6 6 
6 6 
3 3 
3 3 
7 7 
9 9 
7 7 
6 6 
3 3 
3 3 
3 3 
3 3 
14 14 
7 7 
5 5 
3 3 
5 5 
6 6 
9 9 
4 4 
4 4 
8 8 
5 5 
12 12 
12 12 
10 10 
9 10 
10 11 
10 11 
20 20 
10 10 
20 20 
10 10 
10 11 
6 6 
7 7 
3 3 
8 8 
3 3 
3 3 
7 7 
8 9 
8 9 
18 18 
12 12 
11 11 
5 5 
3 3 
13 13 
13 14 
12 12 
12 12 
8 8 
4 4 
14 15 
14 14 
11 11 
11 11 
3 3 
3 3 
5 5 
3 3 
27 27 
26 27 
8 8 
7 7 
6 7 
6 6 
5 5 
4 4 
4 4 
3 3 
3 3 
3 3 
5 5 
3 3 
14 14 
3 3 
15 15 
7 7 
25 25 
3 3 
8 8 
5 5 
4 4 
3 3 
3 3 
3 3 
3 3 
18 18 
12 12 
11 11 
5 5 
3 3 
6 6 
3 3 
3 3 
3 3 
3 3 
17 17 
13 13 
14 14 
7 7 
5 5 
9 9 
3 3 
3 3 
46 47 
32 33 
18 18 
5 5 
3 3 
3 3 
6 6 
6 6 
6 6 
6 6 
5 5 
8 8 
3 3 
9 10 
3 3 
3 3 
9 9 
6 6 
3 3 
4 4 
4 4 
32 32 
5 5 
8 8 
7 7 
6 6 
5 5 
96 100 
13 14 
7 7 
4 4 
4 4 
3 3 
7 7 
11 11 
8 8 
7 7 
69 71 
25 25 
22 22 
16 16 
12 12 
10 10 
9 9 
7 7 
6 6 
4 4 
3 3 
3 3 
3 3 
6 6 
17 17 
5 5 
3 3 
28 28 
21 21 
9 10 
3 3 
52 52 
45 47 
37 37 
25 25 
7 7 
7 7 
6 6 
3 3 
25 25 
13 13 
8 8 
3 3 
3 3 
3 3 
3 3 
3 3 
11 11 
8 8 
7 7 
6 6 
11 11 
4 4 
6 6 
62 63 
55 57 
4 4 
6 6 
3 3 
3 3 
47 50 
15 15 
14 15 
11 11 
11 11 
4 4 
22 23 
13 13 
13 14 
12 12 
4 4 
3 3 
7 7 
5 5 
3 3 
4 4 
3 3 
7 7 
3 3 
6 6 
3 3 
3 3 
3 3 
5 5 
51 51 
12 12 
4 4 
15 16 
7 7 
3 3 
7 7 
11 11 
4 4 
3 3 
49 49 
25 26 
16 17 
14 14 
10 11 
7 7 
3 3 
118 119 
35 37 
30 30 
25 25 
21 21 
21 21 
18 18 
10 10 
10 10 
16 16 
14 16 
11 11 
9 9 
9 9 
8 8 
7 7 
6 6 
5 5 
4 4 
7 7 
20 20 
16 16 
14 14 
12 12 
12 12 
11 11 
7 7 
4 4 
8 8 
5 5 
39 40 
36 40 
36 40 
19 20 
6 6 
9 10 
7 7 
3 3 
3 3 
9 9 
3 3 
11 11 
7 7 
4 4 
25 27 
19 19 
17 17 
7 7 
4 4 
25 29 
7 7 
6 6 
6 6 
5 5 
5 5 
5 5 
3 3 
52 52 
11 11 
7 7 
13 13 
12 12 
11 11 
10 10 
9 9 
9 9 
8 8 
8 8 
8 8 
7 7 
6 6 
6 6 
6 6 
6 6 
5 5 
5 5 
5 5 
4 4 
3 3 
9 9 
7 7 
3 3 
8 8 
10 10 
3 3 
7 7 
3 3 
3 3 
11 11 
83 84 
55 57 
16 16 
3 3 
3 3 
6 6 
7 7 
10 10 
5 5 
4 4 
4 4 
10 10 
5 5 
4 4 
4 4 
3 3 
41 43 
25 25 
23 23 
11 11 
15 15 
21 21 
3 3 
108 110 
32 33 
17 17 
9 9 
8 8 
7 7 
8 8 
5 5 
3 3 
3 3 
3 3 
3 3 
3 3 
4 4 
3 3 
6 6 
3 3 
3 3 
13 13 
11 13 
11 11 
10 10 
9 9 
9 9 
8 8 
8 8 
8 8 
7 7 
6 6 
6 6 
6 6 
6 6 
6 6 
5 5 
5 5 
4 4 
3 3 
3 3 
33 36 
20 20 
20 20 
16 16 
13 13 
13 13 
11 11 
11 11 
11 12 
10 11 
5 5 
5 5 
4 4 
36 36 
35 38 
33 35 
32 32 
19 20 
14 16 
13 14 
11 12 
11 11 
8 8 
6 6 
21 21 
3 3 
6 6 
6 6 
5 5 
3 3 
18 18 
11 11 
18 21 
4 4 
11 11 
10 10 
6 6 
5 5 
5 5 
5 5 
4 4 
4 4 
3 3 
4 4 
4 4 
52 52 
7 7 
25 25 
25 27 
19 19 
17 17 
10 10 
8 8 
7 7 
4 4 
10 11 
9 9 
6 6 
5 5 
4 4 
3 3 
3 3 
4 4 
3 3 
31 31 
11 11 
6 6 
3 3 
4 4 
43 45 
7 7 
9 9 
8 8 
7 7 
4 4 
4 4 
3 3 
3 3 
6 6 
6 6 
6 6 
6 6 
6 6 
6 6 
7 7 
5 5 
5 5 
4 4 
3 3 
3 3 
9 9 
25 25 
3 3 
27 29 
3 3 
21 21 
12 27 
6 7 
9 9 
43 45 
13 13 
12 12 
10 10 
3 3 
6 6 
27 29 
3 3 
113 113 
32 32 
17 17 
12 12 
9 9 
8 8 
8 8 
3 3 
3 3 
4 4 
19 19 
10 10 
7 7 
3 3 
6 6 
6 6 
6 6 
7 8 
7 7 
3 3 
28 29 
9 9 
7 7 
6 6 
6 6 
5 5 
3 3 
3 3 
4 4 
7 7 
6 6 
5 5 
5 5 
5 5 
4 4 
3 3 
21 21 
12 27 
6 7 
3 3 
3 3 
3 3 
3 3 
3 3 
3 3 
6 6 
3 3 
3 3 
69 71 
25 25 
17 18 
12 12 
9 9 
7 7 
6 6 
4 4 
3 3 
3 3 
3 3 
6 6 
3 3 
3 3 
3 3 
6 6 
5 5 
8 8 
8 8 
6 6 
3 3 
3 3 
6 6 
3 3 
3 3 
3 3 
4 4 
4 4 
3 3 
3 3 
3 3 
5 5 
4 4 
10 11 
8 8 
8 8 
6 6 
3 3 
3 3 
6 6 
143 145 
97 100 
32 44 
15 15 
13 13 
12 27 
10 13 
9 9 
9 9 
9 9 
8 8 
7 8 
7 7 
6 7 
6 6 
17 17 
3 3 
6 6 
3 3 
6 6 
3 3 
8 8 
4 4 
32 32 
8 8 
3 3 
3 3 
7 7 
3 3 
7 7 
3 3 
85 86 
60 61 
55 57 
9 9 
4 4 
14 14 
13 13 
10 10 
10 10 
10 10 
8 8 
7 7 
7 7 
6 6 
6 6 
4 4 
3 3 
3 3 
3 3 
3 3 
3 3 
23 23 
13 15 
12 12 
11 11 
6 6 
5 5 
3 3 
69 71 
25 25 
17 18 
12 12 
10 10 
9 9 
9 9 
7 7 
6 6 
3 3 
3 3 
3 3 
3 3 
3 3 
3 3 
3 3 
4 4 
76 81 
27 28 
9 9 
4 4 
6 6 
107 108 
13 13 
8 8 
7 7 
107 108 
13 13 
8 8 
7 7 
19 19 
10 10 
7 7 
7 7 
3 3 
37 41 
36 40 
20 20 
11 12 
10 10 
6 6 
6 6 
3 3 
3 3 
6 6 
4 4 
4 4 
6 6 
5 5 
6 6 
5 5 
6 6 
6 6 
6 6 
16 16 
13 13 
12 12 
11 11 
10 10 
6 6 
4 4 
3 3 
3 3 
13 14 
13 13 
10 10 
8 8 
7 7 
7 7 
6 6 
6 6 
6 6 
5 5 
4 4 
4 4 
4 4 
3 3 
3 3 
16 16 
10 10 
9 9 
9 9 
8 8 
6 6 
5 5 
5 5 
3 3 
3 3 
3 3 
3 3 
10 11 
10 10 
5 5 
15 20 
5 5 
4 4 
9 9 
11 11 
8 8 
6 6 
5 5 
3 3 
3 3 
3 3 
3 3 
3 3 
6 6 
9 9 
5 5 
3 3 
3 3 
5 5 
3 3 
3 3 
3 3 
14 14 
6 6 
49 50 
43 43 
41 42 
11 12 
9 9 
8 8 
66 70 
41 44 
21 22 
21 21 
10 10 
7 7 
4 4 
4 4 
3 3 
24 26 
8 8 
6 6 
5 5 
4 4 
3 3 
3 3 
8 8 
8 8 
4 4 
4 4 
4 4 
3 3 
18 18 
6 6 
26 26 
3 3 
28 29 
17 18 
15 20 
11 12 
6 6 
6 6 
7 7 
4 4 
28 28 
13 13 
11 11 
10 11 
8 8 
28 28 
13 13 
11 11 
10 11 
8 8 
36 36 
8 8 
11 11 
10 11 
8 8 
5 5 
10 11 
3 3 
11 11 
10 10 
8 8 
7 7 
6 6 
6 6 
5 5 
5 5 
4 4 
4 4 
4 4 
4 4 
3 3 
21 21 
3 3 
34 35 
16 16 
16 16 
14 14 
13 13 
13 13 
11 11 
10 10 
8 8 
8 8 
6 6 
6 6 
5 5 
4 4 
4 4 
3 3 
3 3 
7 7 
3 3 
9 9 
4 4 
3 3 
26 27 
49 49 
47 48 
35 35 
34 34 
27 27 
25 26 
17 17 
14 14 
10 11 
5 5 
16 16 
13 13 
11 11 
10 11 
7 7 
7 7 
4 4 
3 3 
3 3 
27 27 
20 22 
12 13 
11 12 
10 10 
8 9 
8 8 
6 6 
4 4 
39 41 
34 37 
20 20 
20 20 
16 16 
14 14 
13 13 
11 11 
11 11 
11 12 
5 5 
5 5 
4 4 
9 9 
5 5 
4 4 
4 4 
4 4 
4 4 
3 3 
3 3 
11 11 
5 5 
8 8 
4 4 
7 7 
14 14 
6 6 
11 11 
8 9 
3 3 
15 15 
4 4 
8 8 
4 4 
8 8 
6 6 
6 6 
10 11 
8 8 
7 7 
6 6 
6 6 
3 3 
25 25 
7 7 
7 7 
3 3 
3 3 
7 7 
10 11 
3 3 
11 11 
34 34 
14 14 
8 8 
3 3 
3 3 
46 51 
21 21 
11 11 
10 11 
6 6 
16 16 
4 4 
8 8 
4 4 
4 4 
4 4 
3 3 
32 32 
11 11 
5 5 
4 4 
4 4 
28 29 
13 15 
10 10 
8 8 
8 11 
7 9 
6 6 
6 6 
6 6 
5 5 
5 5 
4 4 
4 4 
4 4 
3 3 
3 3 
3 3 
10 10 
5 5 
3 3 
96 106 
72 74 
61 62 
50 50 
47 47 
45 45 
33 33 
30 30 
28 28 
28 28 
27 27 
26 27 
25 25 
23 23 
21 21 
20 20 
19 19 
17 18 
17 17 
15 16 
15 15 
14 14 
13 13 
12 12 
11 11 
10 10 
10 10 
10 10 
10 10 
10 10 
9 9 
9 9 
8 8 
4 4 
26 26 
10 11 
5 5 
5 5 
4 4 
3 3 
6 6 
25 25 
16 16 
14 14 
13 13 
10 10 
9 9 
9 9 
8 8 
6 6 
6 6 
5 5 
5 5 
4 4 
3 3 
3 3 
3 3 
3 3 
23 23 
14 14 
12 12 
8 8 
6 6 
5 5 
3 3 
34 35 
17 17 
10 10 
8 8 
5 5 
4 4 
3 3 
7 7 
5 5 
5 5 
4 4 
3 3 
3 3 
3 3 
3 3 
3 3 
16 16 
15 15 
8 8 
6 6 
5 5 
4 4 
133 136 
46 47 
36 38 
33 33 
23 23 
22 22 
21 21 
20 20 
19 19 
18 18 
18 18 
18 19 
18 20 
13 13 
12 12 
12 12 
11 11 
10 10 
10 10 
9 10 
9 10 
11 11 
5 5 
17 17 
11 11 
10 10 
8 8 
7 7 
3 3 
3 3 
8 8 
7 7 
5 5 
4 4 
9 9 
264 265 
83 86 
49 50 
30 30 
17 18 
16 21 
15 17 
6 6 
11 11 
7 7 
38 39 
21 22 
20 22 
12 27 
6 7 
4 4 
14 14 
27 27 
18 18 
10 10 
10 10 
5 5 
3 3 
3 3 
6 6 
6 6 
4 4 
22 23 
9 9 
7 7 
7 7 
5 5 
5 5 
5 5 
4 4 
4 4 
3 3 
3 3 
3 3 
6 6 
22 23 
16 22 
14 14 
9 9 
7 7 
6 6 
4 4 
3 3 
4 4 
3 3 
13 13 
5 5 
3 3 
11 11 
9 9 
7 7 
6 6 
6 6 
4 4 
5 5 
63 63 
58 58 
58 58 
28 28 
25 25 
18 18 
16 17 
11 12 
11 11 
9 9 
7 7 
6 6 
5 5 
57 60 
37 41 
32 32 
21 22 
14 16 
12 12 
11 12 
8 8 
6 6 
6 6 
6 6 
5 5 
4 4 
4 4 
4 4 
3 3 
3 3 
10 10 
6 6 
4 4 
3 3 
26 26 
12 13 
11 11 
10 10 
10 11 
8 8 
7 7 
5 5 
5 5 
4 4 
3 3 
24 25 
22 23 
16 16 
14 14 
10 10 
4 4 
52 52 
10 10 
7 7 
3 3 
3 3 
3 3 
3 3 
7 7 
6 6 
34 35 
17 17 
10 10 
9 9 
8 8 
7 7 
7 8 
6 6 
4 4 
3 3 
3 3 
14 14 
4 4 
3 3 
7 7 
3 3 
7 7 
3 3 
7 7 
3 3 
7 7 
3 3 
7 7 
3 3 
15 15 
3 3 
6 6 
5 5 
6 6 
5 5 
43 44 
32 34 
31 31 
27 27 
25 27 
22 24 
19 20 
16 16 
12 12 
6 6 
6 6 
5 5 
7 7 
32 32 
15 15 
8 8 
8 9 
4 4 
3 3 
3 3 
3 3 
3 3 
3 3 
3 3 
26 26 
19 19 
14 14 
10 10 
10 10 
6 6 
4 4 
3 3 
6 6 
3 3 
13 14 
13 13 
11 13 
11 12 
10 10 
8 8 
8 8 
7 7 
7 7 
6 6 
6 6 
6 6 
5 5 
5 5 
5 5 
5 5 
4 4 
4 4 
4 4 
3 3 
3 3 
46 47 
34 36 
27 28 
25 25 
21 21 
20 20 
17 17 
17 17 
14 14 
8 9 
5 5 
5 5 
4 4 
21 22 
18 18 
18 18 
3 3 
29 30 
16 16 
13 13 
11 11 
10 11 
9 9 
7 7 
7 7 
5 5 
5 5 
4 4 
3 3 
22 26 
6 6 
6 6 
6 6 
6 6 
4 4 
3 3 
4 4 
4 4 
3 3 
3 3 
5 5 
52 52 
45 47 
10 10 
7 7 
6 6 
3 3 
22 26 
8 9 
6 6 
6 6 
9 9 
6 6 
5 5 
5 5 
5 5 
4 4 
9 9 
6 6 
5 5 
5 5 
5 5 
4 4 
20 20 
12 12 
9 9 
8 9 
8 8 
7 7 
6 6 
4 4 
4 4 
20 20 
12 12 
9 9 
8 9 
8 8 
7 7 
6 6 
4 4 
4 4 
20 20 
12 12 
9 9 
8 9 
8 8 
7 7 
6 6 
4 4 
4 4 
6 6 
27 27 
20 22 
11 12 
10 10 
8 9 
8 8 
8 8 
7 7 
6 6 
4 4 
58 61 
47 50 
20 22 
14 14 
11 11 
11 11 
7 7 
5 5 
5 5 
4 4 
31 31 
11 11 
10 10 
8 8 
8 8 
4 4 
4 4 
3 3 
3 3 
7 7 
5 5 
4 4 
16 16 
14 14 
10 11 
9 9 
9 9 
9 9 
8 8 
7 7 
7 7 
7 7 
6 6 
20 20 
3 3 
3 3 
133 136 
68 71 
58 59 
42 45 
42 44 
35 37 
30 30 
21 22 
21 21 
21 21 
21 21 
18 18 
14 14 
10 10 
10 10 
10 10 
9 9 
7 7 
4 4 
3 3 
37 40 
12 12 
11 11 
6 6 
6 6 
6 6 
5 5 
4 4 
4 4 
3 3 
3 3 
3 3 
22 26 
11 11 
4 4 
11 11 
5 5 
3 3 
32 32 
11 11 
69 71 
31 32 
28 29 
25 26 
25 25 
16 16 
14 14 
11 15 
11 11 
10 10 
10 10 
10 10 
10 10 
8 8 
8 8 
8 11 
7 7 
6 6 
6 6 
6 6 
6 6 
6 6 
5 5 
5 5 
4 4 
4 4 
4 4 
3 3 
3 3 
9 9 
4 4 
3 3 
152 157 
120 120 
33 33 
28 28 
23 23 
8 8 
7 7 
6 7 
3 3 
3 3 
37 37 
27 27 
24 25 
23 23 
21 23 
17 17 
16 18 
15 17 
13 14 
11 11 
11 11 
5 5 
4 4 
4 4 
4 4 
9 9 
6 6 
6 6 
3 3 
18 19 
14 14 
11 11 
8 8 
6 6 
3 3 
18 19 
14 14 
11 11 
8 8 
6 6 
3 3 
96 106 
61 61 
44 44 
33 33 
30 30 
25 25 
23 23 
23 23 
22 23 
20 20 
17 18 
16 16 
14 14 
11 12 
11 11 
10 10 
10 10 
9 9 
8 8 
5 5 
6 6 
3 3 
3 3 
3 3 
3 3 
3 3 
3 3 
15 15 
3 3 
3 3 
7 7 
4 4 
3 3 
3 3 
26 26 
23 23 
19 21 
14 14 
7 7 
5 5 
3 3 
3 3 
4 4 
25 25 
8 8 
7 7 
6 6 
6 6 
3 3 
3 3 
25 25 
22 23 
3 3 
25 25 
8 8 
7 7 
6 6 
6 6 
3 3 
25 25 
8 8 
7 7 
6 6 
6 6 
3 3 
9 9 
8 8 
8 8 
3 3 
3 3 
26 26 
22 22 
17 17 
15 16 
10 10 
10 10 
10 10 
9 9 
8 8 
7 7 
6 6 
6 6 
5 5 
5 5 
5 5 
5 5 
4 4 
4 4 
4 4 
3 3 
3 3 
60 62 
31 32 
17 17 
9 9 
8 8 
6 6 
5 5 
3 3 
10 10 
5 5 
5 5 
4 4 
4 4 
10 10 
5 5 
5 5 
4 4 
4 4 
3 3 
3 3 
3 3 
3 3 
31 31 
4 4 
50 51 
46 46 
41 42 
40 40 
34 34 
28 28 
27 29 
19 19 
17 18 
11 12 
10 10 
9 9 
9 9 
8 8 
5 5 
16 16 
10 10 
33 35 
23 26 
23 26 
18 18 
16 16 
12 12 
10 10 
9 9 
9 12 
8 8 
8 8 
8 8 
5 5 
4 4 
9 9 
8 8 
7 7 
7 7 
5 5 
5 5 
4 4 
4 4 
3 3 
3 3 
3 3 
90 90 
54 54 
44 46 
35 37 
30 30 
14 14 
13 13 
13 13 
13 13 
11 11 
10 10 
9 9 
9 9 
9 9 
8 8 
7 7 
7 7 
4 4 
18 18 
3 3 
101 104 
22 23 
14 14 
13 14 
13 14 
12 12 
8 9 
4 4 
3 3 
3 3 
3 3 
49 50 
41 42 
30 30 
25 25 
20 20 
15 17 
6 6 
4 4 
3 3 
21 21 
12 12 
11 11 
10 10 
10 11 
8 8 
4 4 
4 4 
4 4 
3 3 
3 3 
3 3 
3 3 
3 3 
3 3 
3 3 
16 16 
10 10 
9 10 
6 6 
5 5 
3 3 
3 3 
12 12 
5 5 
4 4 
3 3 
6 7 
129 131 
100 111 
65 65 
62 62 
59 59 
58 58 
54 54 
49 52 
46 46 
39 39 
35 36 
33 33 
33 33 
33 33 
30 30 
30 30 
28 28 
27 27 
27 27 
26 27 
25 25 
23 23 
23 23 
22 23 
21 21 
19 19 
19 19 
17 18 
17 17 
17 17 
15 15 
12 12 
11 11 
11 11 
10 10 
9 9 
9 9 
9 9 
9 9 
8 8 
7 7 
5 5 
5 5 
5 5 
19 20 
14 14 
11 11 
9 10 
6 6 
19 20 
14 14 
11 11 
9 10 
6 6 
11 11 
10 10 
8 8 
6 6 
4 4 
4 4 
3 3 
11 11 
10 10 
8 8 
6 6 
4 4 
4 4 
3 3 
11 11 
10 10 
8 8 
6 6 
4 4 
4 4 
3 3 
3 3 
3 3 
11 11 
10 10 
8 8 
6 6 
4 4 
4 4 
3 3 
8 8 
7 7 
5 5 
4 4 
8 8 
8 8 
8 8 
6 6 
4 4 
4 4 
3 3 
3 3 
3 3 
9 9 
8 8 
7 7 
22 22 
17 17 
14 14 
11 11 
11 11 
10 11 
6 6 
5 5 
4 4 
4 4 
4 4 
4 4 
3 3 
3 3 
3 3 
3 3 
20 20 
3 3 
3 3 
3 3 
3 3 
11 11 
10 10 
8 8 
6 6 
4 4 
4 4 
3 3 
37 37 
14 14 
9 9 
9 9 
7 7 
6 6 
4 4 
8 8 
4 4 
3 3 
18 19 
6 6 
4 4 
19 21 
11 11 
9 9 
7 7 
6 6 
5 5 
4 4 
4 4 
4 4 
3 3 
3 3 
3 3 
3 3 
8 8 
4 4 
3 3 
26 26 
19 21 
14 14 
11 11 
8 9 
7 7 
7 7 
5 5 
4 4 
3 3 
3 3 
3 3 
69 71 
25 25 
24 24 
17 18 
15 16 
14 14 
13 13 
12 12 
11 11 
11 15 
10 10 
10 10 
10 10 
9 10 
9 9 
8 8 
6 6 
6 6 
6 6 
6 6 
6 6 
5 5 
5 5 
5 5 
5 5 
4 4 
4 4 
4 4 
3 3 
3 3 
3 3 
3 3 
5 5 
47 47 
28 28 
26 26 
25 25 
25 27 
19 19 
16 16 
15 16 
14 14 
14 14 
12 12 
12 12 
11 11 
11 11 
11 12 
11 11 
10 10 
10 10 
10 10 
9 10 
8 8 
7 7 
7 7 
7 7 
6 6 
6 6 
6 6 
5 5 
5 5 
5 5 
5 5 
5 5 
4 4 
4 4 
4 4 
4 4 
4 4 
4 4 
3 3 
3 3 
3 3 
3 3 
3 3 
3 3 
3 3 
9 9 
4 4 
9 9 
4 4 
21 22 
18 21 
15 15 
9 9 
8 8 
4 4 
6 6 
3 3 
17 17 
15 15 
5 5 
3 3 
32 32 
16 16 
16 16 
15 15 
8 9 
6 6 
6 6 
6 6 
6 6 
4 4 
3 3 
3 3 
140 145 
42 45 
35 37 
28 29 
21 22 
21 21 
21 21 
20 22 
19 19 
15 16 
14 14 
9 9 
9 10 
7 7 
7 7 
5 5 
4 4 
3 3 
3 3 
6 6 
28 28 
26 26 
26 27 
17 17 
16 16 
16 16 
16 16 
14 14 
13 13 
13 13 
11 11 
11 11 
10 10 
10 10 
10 11 
8 8 
8 8 
8 8 
7 7 
7 7 
7 7 
7 7 
6 7 
6 6 
6 6 
6 6 
5 5 
4 4 
4 4 
4 4 
4 4 
4 4 
3 3 
3 3 
3 3 
3 3 
3 3 
3 3 
3 3 
4 4 
4 4 
3 3 
18 19 
7 7 
4 4 
3 3 
3 3 
3 3 
3 3 
3 3 
3 3 
3 3 
14 15 
34 34 
17 17 
14 14 
11 11 
7 7 
6 6 
6 6 
4 4 
3 3 
3 3 
3 3 
3 3 
3 3 
23 23 
19 19 
12 12 
76 81 
28 28 
10 11 
10 10 
9 9 
9 9 
9 9 
6 6 
5 5 
4 4 
52 52 
37 37 
25 25 
11 11 
9 9 
7 7 
6 6 
6 6 
3 3 
3 3 
3 3 
3 3 
3 3 
52 52 
37 37 
25 25 
10 10 
9 9 
7 7 
6 6 
6 6 
3 3 
3 3 
3 3 
3 3 
3 3 
52 52 
37 37 
25 25 
10 10 
9 9 
7 7 
6 6 
6 6 
3 3 
3 3 
3 3 
3 3 
3 3 
10 10 
8 8 
7 7 
5 5 
4 4 
3 3 
3 3 
52 52 
37 37 
25 25 
10 10 
9 9 
7 7 
6 6 
6 6 
3 3 
3 3 
3 3 
3 3 
3 3 
9 9 
4 4 
3 3 
3 3 
8 8 
6 6 
4 4 
3 3 
3 3 
3 3 
61 63 
37 41 
34 37 
32 32 
25 25 
21 21 
21 22 
20 20 
16 16 
16 16 
14 14 
14 16 
11 11 
11 12 
8 8 
8 8 
7 7 
6 6 
6 6 
6 6 
5 5 
5 5 
4 4 
3 3 
3 3 
3 3 
6 6 
3 3 
61 63 
37 41 
34 37 
32 32 
25 25 
21 21 
21 22 
20 20 
16 16 
16 16 
14 14 
14 16 
11 11 
11 12 
8 8 
8 8 
7 7 
6 6 
6 6 
6 6 
5 5 
5 5 
4 4 
3 3 
3 3 
3 3 
8 8 
6 6 
6 6 
6 6 
9 9 
4 4 
4 4 
3 3 
3 3 
8 8 
6 6 
3 3 
3 3 
20 20 
19 20 
14 14 
12 12 
11 11 
11 11 
10 10 
9 10 
9 9 
8 8 
8 8 
7 7 
6 6 
6 6 
6 6 
6 6 
5 5 
4 4 
4 4 
4 4 
3 3 
20 20 
19 20 
14 14 
12 12 
11 11 
11 11 
10 10 
9 10 
9 9 
8 8 
8 8 
7 7 
6 6 
6 6 
6 6 
6 6 
5 5 
4 4 
4 4 
4 4 
3 3 
8 8 
6 6 
3 3 
3 3 
13 15 
10 10 
9 9 
9 10 
8 8 
8 11 
7 7 
7 9 
7 7 
7 7 
7 7 
6 6 
6 6 
6 6 
6 6 
6 6 
6 6 
6 6 
6 6 
5 5 
5 5 
5 5 
5 5 
5 5 
5 5 
5 5 
5 5 
4 4 
4 4 
4 4 
4 4 
4 4 
4 4 
4 4 
4 4 
4 4 
4 4 
4 4 
4 4 
4 4 
3 3 
3 3 
3 3 
3 3 
3 3 
3 3 
3 3 
3 3 
3 3 
3 3 
3 3 
3 3 
3 3 
22 22 
10 10 
3 3 
3 3 
3 3 
3 3 
3 3 
11 11 
11 11 
10 10 
9 9 
8 8 
8 8 
7 7 
7 7 
6 6 
6 6 
5 5 
4 4 
4 4 
4 4 
4 4 
4 4 
4 4 
3 3 
3 3 
3 3 
3 3 
3 3 
3 3 
11 11 
11 11 
10 10 
9 9 
8 8 
8 8 
7 7 
7 7 
6 6 
6 6 
5 5 
4 4 
4 4 
4 4 
4 4 
4 4 
4 4 
3 3 
3 3 
3 3 
3 3 
3 3 
3 3 
18 18 
8 8 
6 6 
3 3 
3 3 
3 3 
3 3 
13 15 
10 10 
9 9 
9 10 
8 8 
8 8 
8 8 
8 11 
7 7 
7 7 
7 7 
7 9 
7 7 
7 7 
7 7 
7 7 
6 6 
6 6 
6 6 
6 6 
6 6 
6 6 
6 6 
6 6 
5 5 
5 5 
5 5 
5 5 
5 5 
5 5 
5 5 
5 5 
4 4 
4 4 
4 4 
4 4 
4 4 
4 4 
4 4 
4 4 
4 4 
4 4 
4 4 
4 4 
4 4 
4 4 
4 4 
3 3 
3 3 
3 3 
3 3 
3 3 
3 3 
3 3 
3 3 
3 3 
3 3 
3 3 
3 3 
3 3 
3 3 
3 3 
18 19 
9 9 
6 6 
4 4 
3 3 
3 3 
51 54 
41 41 
34 34 
32 32 
28 28 
22 23 
20 21 
20 20 
18 18 
11 14 
10 10 
9 9 
9 9 
9 9 
8 8 
7 7 
7 7 
6 6 
6 6 
5 5 
5 5 
114 114 
26 27 
22 24 
17 17 
16 16 
12 12 
10 10 
9 9 
6 6 
6 6 
5 5 
5 5 
5 5 
4 4 
4 4 
3 3 
3 3 
49 49 
42 42 
42 43 
37 40 
27 27 
26 26 
25 25 
24 25 
21 21 
20 20 
18 19 
16 16 
16 16 
12 12 
10 10 
8 8 
8 8 
7 7 
7 7 
6 6 
6 6 
6 6 
5 5 
4 4 
3 3 
3 3 
3 3 
3 3 
3 3 
113 113 
42 45 
22 24 
21 22 
21 21 
20 20 
18 18 
17 17 
15 15 
14 14 
11 11 
10 10 
10 11 
10 11 
9 9 
9 10 
7 7 
7 7 
6 6 
6 7 
6 6 
5 5 
4 4 
4 4 
3 3 
3 3 
31 31 
9 9 
4 4 
3 3 
328 344 
48 48 
20 20 
19 20 
18 18 
14 14 
11 11 
11 11 
11 11 
10 10 
9 9 
9 10 
9 9 
8 8 
8 8 
8 8 
8 8 
7 7 
7 7 
7 7 
6 6 
6 6 
6 6 
6 6 
6 6 
5 5 
5 5 
4 4 
4 4 
4 4 
4 4 
4 4 
4 4 
3 3 
3 3 
3 3 
3 3 
3 3 
3 3 
3 3 
3 3 
3 3 
3 3 
328 344 
48 48 
20 20 
19 20 
18 18 
14 14 
11 11 
11 11 
11 11 
10 10 
9 9 
9 10 
9 9 
8 8 
8 8 
8 8 
8 8 
7 7 
7 7 
7 7 
6 6 
6 6 
6 6 
6 6 
6 6 
5 5 
5 5 
4 4 
4 4 
4 4 
4 4 
4 4 
4 4 
3 3 
3 3 
3 3 
3 3 
3 3 
3 3 
3 3 
3 3 
3 3 
3 3 
41 42 
34 35 
17 18 
16 22 
15 15 
15 16 
14 14 
14 14 
13 14 
12 12 
11 11 
11 11 
10 10 
10 10 
10 11 
9 9 
9 9 
9 9 
9 9 
9 9 
8 8 
7 7 
6 6 
6 6 
6 6 
6 6 
6 6 
5 5 
5 5 
4 4 
4 4 
4 4 
3 3 
3 3 
3 3 
3 3 
3 3 
3 3 
3 3 
3 3 
3 3 
3 3 
41 42 
35 36 
17 18 
16 22 
15 16 
14 14 
14 14 
13 14 
12 12 
12 12 
11 11 
11 11 
10 10 
10 10 
10 11 
9 9 
9 9 
9 9 
9 9 
9 9 
8 8 
7 9 
6 6 
6 6 
6 6 
6 6 
5 5 
5 5 
4 4 
4 4 
4 4 
3 3 
3 3 
3 3 
3 3 
3 3 
3 3 
3 3 
3 3 
3 3 
