7 7 
6 6 
7 8 
6 6 
6 6 
8 9 
6 6 
13 17 
6 6 
6 6 
19 26 
6 6 
6 6 
8 9 
7 8 
8 8 
11 11 
6 6 
6 7 
7 7 
6 6 
9 10 
8 8 
6 6 
7 12 
12 19 
10 11 
6 6 
6 6 
7 7 
6 8 
7 7 
14 14 
8 10 
6 6 
15 15 
6 6 
6 7 
7 7 
6 6 
6 6 
7 7 
6 7 
7 7 
6 6 
6 6 
6 6 
6 6 
6 6 
7 7 
9 9 
6 7 
9 12 
6 10 
6 6 
6 6 
6 6 
7 7 
6 9 
6 6 
8 11 
6 7 
10 10 
6 6 
6 6 
6 6 
17 17 
6 6 
7 7 
9 11 
6 6 
8 8 
10 13 
6 6 
8 8 
7 7 
6 6 
8 8 
8 8 
8 8 
7 7 
7 8 
8 8 
8 8 
6 6 
6 8 
6 6 
6 6 
9 9 
9 9 
14 17 
6 7 
6 8 
7 12 
8 8 
7 7 
7 7 
7 8 
6 11 
6 8 
8 11 
6 7 
9 9 
8 8 
8 8 
12 15 
6 6 
6 9 
11 11 
6 6 
7 7 
6 6 
6 6 
6 6 
8 9 
8 8 
6 9 
6 6 
7 9 
6 6 
8 8 
16 16 
12 12 
6 7 
6 6 
6 6 
7 7 
6 7 
9 9 
9 9 
8 10 
6 7 
7 7 
10 12 
6 6 
6 6 
10 10 
8 10 
6 6 
6 6 
8 8 
7 7 
7 7 
6 6 
6 6 
6 9 
7 7 
7 7 
6 6 
6 6 
8 9 
9 9 
8 8 
6 6 
9 9 
6 6 
7 7 
6 6 
6 6 
7 7 
6 6 
6 6 
7 7 
6 7 
6 6 
6 6 
6 6 
6 6 
6 6 
6 6 
11 11 
7 7 
6 6 
6 7 
6 7 
13 13 
8 8 
6 6 
6 6 
8 8 
6 6 
6 7 
6 6 
6 6 
6 6 
6 6 
6 6 
6 6 
6 11 
9 9 
7 7 
10 11 
15 19 
7 7 
6 6 
7 7 
7 7 
8 9 
7 7 
7 9 
7 10 
6 6 
7 8 
6 11 
8 8 
6 6 
7 9 
8 8 
12 15 
10 10 
6 7 
12 14 
10 10 
7 9 
6 6 
11 12 
7 7 
6 9 
6 6 
6 7 
6 6 
8 8 
7 9 
6 6 
7 7 
6 6 
10 10 
6 6 
8 8 
7 7 
8 10 
6 6 
6 6 
6 6 
8 9 
7 11 
7 12 
9 9 
6 6 
7 7 
15 16 
17 17 
7 7 
8 8 
7 7 
6 6 
8 8 
7 7 
7 7 
6 10 
9 9 
7 7 
7 7 
11 11 
6 7 
8 8 
8 8 
7 7 
7 7 
9 9 
7 7 
7 7 
12 16 
9 9 
6 6 
13 13 
12 16 
6 6 
6 6 
8 8 
11 14 
6 6 
7 7 
6 9 
7 7 
6 6 
6 6 
7 7 
7 7 
6 10 
7 7 
7 8 
7 8 
7 8 
6 6 
6 6 
7 7 
7 10 
6 6 
12 13 
6 8 
8 9 
6 7 
6 9 
10 10 
6 6 
13 13 
8 13 
6 6 
10 13 
6 11 
21 28 
9 9 
6 9 
6 6 
6 6 
13 16 
12 12 
7 7 
7 7 
7 7 
8 11 
7 7 
7 7 
6 6 
10 10 
6 6 
9 10 
8 8 
6 6 
6 6 
7 8 
6 6 
10 12 
7 7 
7 7 
7 8 
7 8 
7 10 
6 6 
6 6 
6 6 
6 6 
14 17 
6 6 
6 9 
10 11 
6 7 
6 6 
15 18 
8 10 
7 11 
6 6 
6 6 
6 6 
8 11 
6 6 
6 6 
8 8 
6 6 
6 6 
7 7 
7 7 
7 9 
7 8 
22 23 
13 16 
13 13 
7 7 
8 8 
7 7 
6 6 
6 10 
8 8 
8 8 
7 7 
7 8 
12 13 
10 12 
8 8 
7 7 
7 7 
6 6 
10 11 
6 6 
9 11 
8 9 
7 7 
7 7 
7 9 
6 6 
6 6 
6 6 
7 7 
18 19 
8 8 
6 6 
11 11 
9 11 
8 8 
7 7 
6 7 
6 6 
6 6 
6 11 
9 11 
7 7 
6 6 
8 8 
8 10 
6 6 
6 6 
6 6 
13 17 
11 13 
6 6 
11 11 
7 7 
7 7 
6 6 
12 13 
8 8 
7 8 
8 8 
7 8 
7 7 
6 6 
6 6 
8 9 
7 8 
6 7 
6 6 
6 8 
10 10 
9 9 
9 9 
9 9 
9 16 
8 8 
8 8 
7 7 
7 7 
6 6 
6 7 
6 6 
12 12 
6 6 
10 10 
6 6 
13 17 
6 10 
6 6 
12 13 
9 10 
10 14 
13 14 
10 10 
14 24 
8 8 
9 9 
9 11 
7 7 
6 6 
15 15 
9 9 
9 10 
16 22 
7 7 
6 6 
8 10 
7 7 
10 12 
6 9 
6 6 
8 9 
7 8 
12 14 
6 7 
32 32 
8 8 
7 7 
8 11 
8 8 
7 9 
6 6 
6 6 
6 6 
6 6 
11 13 
6 10 
8 8 
7 11 
6 6 
9 9 
6 6 
8 8 
8 11 
9 13 
6 6 
6 6 
7 9 
6 9 
6 7 
10 13 
8 10 
7 7 
7 8 
7 7 
6 9 
15 18 
11 11 
9 9 
7 9 
6 6 
6 6 
12 14 
6 6 
8 8 
8 8 
11 12 
7 7 
10 10 
14 15 
13 13 
11 13 
7 7 
7 7 
6 6 
6 6 
6 6 
22 22 
9 9 
6 6 
6 6 
6 6 
14 18 
6 6 
6 6 
6 6 
6 6 
6 6 
7 8 
6 6 
7 8 
6 6 
7 11 
11 15 
7 8 
6 7 
6 6 
6 6 
8 8 
10 12 
6 6 
6 6 
7 7 
6 7 
6 6 
7 15 
6 6 
6 6 
6 7 
7 7 
14 14 
7 12 
7 7 
6 6 
7 7 
6 6 
6 6 
11 11 
7 9 
13 21 
6 6 
13 13 
9 12 
8 8 
6 8 
9 13 
7 7 
6 11 
6 6 
8 8 
8 8 
8 8 
6 8 
10 18 
8 8 
8 8 
13 13 
8 8 
6 7 
6 6 
36 36 
12 12 
10 10 
6 6 
8 11 
10 10 
6 6 
10 13 
10 16 
8 8 
6 6 
6 6 
7 7 
9 9 
7 7 
9 9 
7 7 
6 6 
23 23 
9 9 
8 8 
8 8 
7 7 
21 22 
21 30 
19 19 
8 8 
7 9 
7 7 
6 6 
7 7 
6 9 
8 8 
10 11 
6 6 
8 8 
7 7 
6 7 
13 13 
10 12 
7 7 
7 7 
7 7 
7 12 
8 8 
8 8 
7 10 
13 13 
6 6 
15 15 
8 8 
9 15 
6 7 
6 7 
10 12 
6 6 
19 19 
12 17 
7 7 
7 7 
6 7 
6 6 
7 7 
7 8 
18 23 
6 6 
6 6 
6 6 
6 8 
6 7 
6 6 
10 14 
9 10 
8 8 
8 8 
6 6 
6 9 
13 13 
6 6 
6 6 
8 8 
8 8 
7 7 
6 6 
10 10 
7 7 
6 11 
6 6 
6 6 
6 6 
6 6 
6 10 
9 11 
7 7 
9 9 
7 7 
7 7 
6 6 
6 6 
10 10 
8 8 
6 6 
18 19 
7 10 
6 6 
6 6 
9 13 
9 10 
7 8 
7 7 
6 9 
7 7 
9 9 
7 7 
6 6 
6 6 
6 6 
6 13 
6 6 
8 8 
6 7 
9 10 
8 12 
7 8 
6 6 
6 8 
6 6 
8 8 
7 7 
12 12 
11 13 
6 6 
6 6 
10 11 
9 9 
7 7 
6 7 
6 7 
6 7 
8 8 
6 6 
6 6 
6 6 
13 13 
9 9 
8 10 
7 7 
9 9 
7 7 
9 9 
8 10 
6 6 
9 11 
8 11 
7 7 
7 7 
8 8 
7 11 
6 7 
6 6 
6 6 
10 10 
7 8 
18 19 
16 17 
16 16 
15 16 
14 14 
13 13 
12 12 
11 11 
9 9 
8 8 
8 8 
7 7 
8 8 
6 8 
6 6 
9 10 
6 6 
8 9 
7 7 
7 9 
8 10 
7 7 
10 12 
7 8 
17 17 
7 7 
6 6 
8 8 
7 7 
6 6 
7 7 
11 14 
9 14 
8 8 
6 6 
6 7 
6 6 
6 7 
7 7 
6 6 
8 8 
7 7 
8 17 
8 11 
7 14 
7 16 
6 7 
6 10 
6 6 
6 10 
6 6 
14 18 
13 17 
11 18 
10 22 
10 11 
6 6 
6 7 
6 6 
6 6 
7 7 
6 6 
6 6 
20 27 
10 12 
7 8 
6 8 
6 7 
6 6 
6 6 
6 7 
6 7 
7 7 
8 8 
7 7 
7 8 
6 7 
6 8 
7 8 
9 9 
6 10 
6 8 
6 6 
9 9 
7 9 
6 6 
6 11 
6 11 
8 9 
6 6 
6 6 
6 6 
8 10 
6 6 
8 8 
6 8 
6 7 
10 10 
10 11 
9 12 
6 6 
6 6 
6 6 
6 7 
6 6 
9 9 
12 13 
7 7 
18 18 
8 8 
6 6 
6 6 
11 16 
10 10 
9 9 
9 9 
26 29 
19 19 
17 19 
11 11 
10 10 
9 10 
8 8 
7 7 
7 7 
6 6 
6 8 
6 6 
6 11 
6 6 
14 14 
12 20 
9 9 
6 6 
6 6 
7 7 
7 7 
6 7 
8 8 
8 8 
7 7 
7 7 
7 7 
7 9 
6 6 
7 7 
7 12 
8 8 
6 6 
6 6 
6 7 
6 6 
6 6 
6 6 
6 6 
6 6 
7 7 
6 6 
9 10 
8 8 
7 9 
6 6 
7 7 
6 6 
6 6 
7 15 
14 15 
10 10 
8 10 
7 7 
6 6 
6 7 
6 8 
9 11 
9 12 
6 9 
6 6 
6 6 
6 6 
6 6 
6 10 
6 6 
6 7 
18 18 
12 13 
8 8 
8 8 
7 10 
7 7 
6 6 
6 6 
6 6 
6 8 
7 7 
7 8 
7 7 
6 6 
6 7 
9 9 
13 13 
9 9 
8 8 
7 12 
6 6 
6 6 
8 8 
6 6 
10 10 
10 15 
7 7 
9 9 
8 9 
7 9 
7 7 
7 7 
6 6 
6 6 
6 10 
7 7 
7 7 
6 6 
10 10 
7 7 
6 6 
6 6 
7 8 
6 8 
6 7 
12 12 
8 8 
7 8 
6 7 
6 10 
6 6 
14 16 
7 8 
17 17 
12 12 
11 11 
9 9 
6 6 
6 6 
7 7 
10 10 
6 6 
6 6 
7 7 
10 10 
7 7 
7 7 
6 6 
6 7 
11 14 
6 6 
6 6 
8 8 
7 7 
12 12 
11 11 
8 9 
7 7 
7 7 
6 6 
8 8 
8 11 
6 7 
6 7 
6 9 
18 19 
10 10 
9 16 
9 9 
9 13 
6 7 
12 16 
8 8 
6 11 
6 6 
11 17 
7 10 
6 6 
6 7 
6 6 
6 13 
7 7 
6 6 
6 6 
11 12 
9 10 
7 15 
7 9 
6 6 
8 11 
7 7 
6 9 
6 6 
6 6 
7 7 
6 7 
6 6 
12 15 
8 10 
6 10 
6 6 
6 6 
6 6 
6 12 
7 7 
6 6 
6 6 
7 7 
8 11 
8 12 
6 6 
17 17 
13 19 
11 13 
10 10 
9 9 
8 8 
8 8 
6 6 
6 6 
6 6 
6 6 
6 9 
6 6 
6 6 
6 11 
6 6 
6 6 
6 6 
6 6 
7 7 
7 7 
7 7 
7 11 
6 6 
6 6 
9 9 
8 8 
8 8 
6 13 
8 8 
6 6 
8 8 
6 11 
7 13 
16 16 
15 19 
7 7 
8 8 
6 6 
6 6 
6 6 
6 7 
22 22 
20 20 
9 13 
8 8 
7 7 
7 7 
6 10 
6 8 
6 6 
6 7 
8 9 
6 6 
6 6 
6 7 
11 12 
6 6 
9 9 
6 6 
8 9 
7 7 
6 6 
11 11 
9 11 
8 8 
7 9 
6 6 
6 6 
6 6 
6 6 
11 12 
9 9 
9 9 
8 8 
8 9 
7 7 
7 7 
7 7 
7 7 
6 6 
6 6 
6 6 
6 6 
14 14 
12 13 
9 9 
8 8 
6 6 
6 6 
6 6 
6 6 
6 6 
10 10 
8 10 
6 6 
14 22 
10 11 
6 6 
7 10 
6 6 
11 14 
8 8 
7 7 
7 7 
6 6 
7 7 
7 11 
6 6 
33 33 
11 11 
10 10 
9 9 
9 9 
6 6 
14 15 
9 11 
8 8 
8 8 
8 9 
8 8 
7 7 
7 7 
7 7 
7 7 
6 6 
6 6 
6 7 
6 6 
6 6 
6 6 
6 7 
6 9 
6 9 
6 6 
12 12 
11 11 
7 7 
7 7 
7 12 
6 9 
6 8 
6 6 
6 6 
7 7 
7 7 
6 6 
6 6 
7 7 
7 7 
6 8 
6 10 
6 6 
10 10 
7 8 
6 6 
10 10 
8 10 
7 10 
6 6 
6 6 
6 6 
6 8 
22 27 
14 20 
10 11 
10 10 
10 12 
8 8 
7 7 
7 7 
7 7 
6 6 
6 6 
6 6 
10 15 
6 9 
9 12 
8 9 
7 9 
6 6 
6 8 
10 11 
9 14 
8 8 
7 7 
7 8 
6 10 
6 6 
6 6 
6 6 
8 8 
8 8 
9 10 
8 8 
8 9 
8 10 
7 7 
7 7 
7 7 
6 6 
6 6 
6 7 
6 7 
6 6 
6 6 
6 6 
6 6 
10 12 
9 9 
9 10 
8 9 
8 8 
7 10 
7 7 
7 7 
6 9 
6 6 
6 6 
6 6 
23 23 
7 7 
7 7 
6 6 
23 28 
9 9 
8 10 
7 7 
7 7 
7 8 
6 8 
6 6 
11 15 
6 6 
6 6 
12 12 
8 10 
7 7 
8 8 
9 12 
7 7 
6 6 
6 6 
16 20 
14 14 
8 10 
7 8 
7 8 
7 7 
6 6 
6 7 
8 8 
8 8 
6 11 
6 7 
10 10 
6 8 
7 7 
7 7 
10 13 
7 7 
7 9 
7 7 
6 9 
8 10 
8 8 
8 8 
6 8 
6 6 
8 8 
11 12 
11 11 
10 10 
7 7 
6 8 
7 7 
21 21 
13 13 
10 10 
8 8 
8 9 
7 7 
7 7 
7 7 
6 6 
6 6 
6 6 
6 6 
6 6 
10 10 
7 7 
6 7 
6 6 
6 6 
9 9 
7 7 
7 7 
6 6 
6 6 
6 6 
6 7 
8 8 
7 7 
6 6 
8 8 
6 6 
6 6 
6 6 
10 11 
8 8 
7 7 
6 7 
6 7 
23 28 
12 12 
12 12 
11 11 
10 10 
8 8 
8 8 
7 8 
6 6 
6 9 
6 6 
6 6 
6 6 
6 6 
8 8 
6 6 
6 9 
6 7 
22 22 
18 24 
10 10 
9 9 
9 9 
9 9 
8 8 
8 11 
8 8 
8 8 
8 8 
8 8 
8 8 
7 7 
7 7 
7 7 
7 7 
7 14 
6 6 
6 7 
6 6 
6 6 
6 6 
9 13 
8 8 
6 6 
7 7 
7 7 
6 6 
6 6 
7 9 
6 9 
6 7 
27 27 
11 12 
10 14 
8 8 
6 7 
6 6 
6 10 
6 6 
6 6 
6 6 
6 10 
6 7 
10 12 
10 17 
8 8 
8 8 
7 7 
7 7 
7 12 
6 6 
9 9 
7 7 
6 6 
6 6 
14 14 
6 7 
6 8 
10 10 
10 10 
9 10 
9 10 
9 10 
8 8 
8 9 
8 8 
8 8 
8 10 
7 7 
7 8 
7 7 
6 10 
6 6 
6 6 
15 15 
12 16 
10 10 
10 12 
10 14 
9 11 
9 9 
8 8 
7 7 
7 7 
6 6 
13 13 
11 12 
10 13 
9 9 
8 8 
7 7 
7 8 
6 6 
6 6 
6 6 
6 6 
6 8 
11 11 
10 18 
9 11 
7 7 
7 8 
6 6 
6 11 
6 7 
7 7 
19 19 
17 20 
15 15 
11 12 
7 7 
8 13 
7 9 
6 6 
9 11 
8 9 
7 9 
7 7 
6 6 
6 6 
6 8 
6 6 
6 6 
25 28 
15 17 
8 9 
8 8 
7 7 
7 7 
7 7 
6 6 
6 6 
6 9 
6 7 
6 6 
6 6 
6 6 
12 13 
7 8 
10 10 
7 7 
6 6 
6 6 
9 10 
8 8 
6 6 
9 12 
6 6 
6 6 
6 6 
6 6 
6 6 
6 6 
6 9 
8 8 
7 11 
7 7 
6 7 
6 6 
6 6 
6 7 
11 17 
9 9 
7 7 
6 7 
9 9 
8 8 
7 7 
6 6 
6 6 
6 6 
15 17 
10 10 
7 7 
7 7 
6 6 
6 8 
8 8 
7 7 
7 11 
7 7 
6 6 
6 6 
16 16 
6 6 
14 14 
13 17 
10 13 
10 10 
8 8 
8 8 
8 8 
7 7 
7 7 
7 7 
7 7 
6 6 
6 6 
6 9 
6 6 
6 6 
11 13 
9 10 
11 11 
11 11 
6 6 
6 6 
7 10 
7 7 
6 6 
6 6 
7 7 
7 7 
16 16 
12 12 
11 11 
7 8 
7 7 
8 8 
7 7 
7 7 
11 12 
10 10 
9 9 
6 6 
6 6 
6 6 
19 20 
6 6 
6 7 
29 32 
16 16 
15 15 
11 11 
8 8 
7 9 
7 7 
6 6 
6 6 
10 13 
8 8 
7 7 
7 7 
6 6 
6 6 
6 6 
7 7 
6 6 
14 16 
13 13 
13 25 
11 11 
8 11 
7 12 
7 8 
7 7 
7 7 
6 6 
9 9 
7 8 
7 7 
6 7 
6 6 
9 9 
8 8 
8 11 
7 7 
6 6 
6 8 
6 6 
6 7 
27 32 
16 16 
11 12 
11 11 
10 10 
9 9 
8 8 
6 6 
6 7 
6 6 
6 6 
6 6 
6 6 
13 13 
11 11 
10 10 
7 7 
7 7 
7 8 
7 7 
6 6 
6 14 
6 6 
6 6 
6 6 
6 8 
6 7 
13 17 
8 8 
7 7 
6 6 
6 6 
6 7 
6 7 
6 6 
6 6 
6 7 
10 10 
6 6 
6 7 
6 7 
6 6 
17 21 
10 12 
10 10 
7 8 
6 6 
6 6 
12 13 
11 11 
9 10 
8 10 
8 8 
7 8 
7 7 
6 7 
6 6 
6 7 
6 6 
6 6 
6 6 
6 7 
6 6 
20 20 
11 11 
11 11 
10 12 
9 9 
9 11 
8 8 
7 7 
6 6 
6 6 
14 16 
14 17 
12 12 
11 11 
11 11 
10 10 
10 10 
10 10 
10 13 
9 9 
9 9 
7 7 
7 7 
7 9 
6 6 
6 6 
6 6 
6 7 
6 8 
7 7 
7 7 
6 6 
6 7 
6 6 
6 6 
6 6 
6 6 
7 13 
7 7 
6 7 
6 6 
6 7 
15 21 
12 13 
11 11 
10 12 
9 9 
8 10 
8 9 
8 8 
7 7 
6 6 
6 6 
6 7 
6 6 
6 6 
6 8 
6 6 
6 9 
7 10 
6 9 
25 29 
23 29 
19 19 
16 16 
15 16 
13 13 
12 17 
12 12 
12 12 
11 11 
11 14 
10 11 
10 10 
10 14 
9 9 
8 8 
8 8 
8 8 
8 8 
8 8 
7 7 
7 7 
7 9 
7 7 
6 7 
6 6 
6 6 
6 7 
6 6 
6 6 
6 6 
6 6 
18 24 
16 16 
16 16 
16 18 
13 14 
12 12 
12 12 
11 12 
8 8 
8 11 
7 7 
7 8 
7 7 
7 7 
7 7 
7 7 
6 10 
6 6 
6 7 
6 6 
6 6 
6 6 
6 6 
6 7 
6 6 
6 6 
6 6 
7 7 
7 8 
8 8 
7 7 
6 6 
6 6 
21 21 
19 20 
14 16 
13 17 
11 11 
9 13 
9 10 
8 8 
7 8 
7 10 
7 14 
7 8 
7 7 
7 7 
7 7 
6 6 
6 6 
6 6 
19 20 
16 16 
13 13 
12 12 
12 12 
11 12 
9 10 
9 9 
9 9 
9 9 
8 8 
8 8 
8 8 
7 7 
7 7 
7 7 
6 6 
6 6 
6 6 
6 6 
6 6 
19 20 
14 14 
14 16 
13 13 
12 12 
12 16 
11 11 
10 13 
9 9 
9 9 
9 11 
7 7 
7 7 
6 6 
6 6 
6 6 
6 6 
7 7 
7 7 
11 11 
8 8 
7 11 
6 6 
6 11 
6 6 
15 15 
15 21 
14 14 
11 11 
11 11 
10 10 
9 9 
9 9 
9 11 
7 7 
7 7 
7 7 
7 11 
7 7 
7 7 
6 6 
6 6 
6 6 
6 6 
6 6 
10 15 
7 8 
6 6 
12 14 
10 10 
8 8 
8 8 
7 7 
6 7 
6 7 
7 8 
6 6 
6 6 
16 17 
12 12 
9 9 
9 9 
8 10 
8 8 
8 8 
7 7 
7 7 
7 7 
7 8 
7 7 
7 7 
6 6 
6 6 
6 6 
6 6 
6 6 
11 11 
11 11 
10 10 
10 10 
9 10 
9 9 
9 9 
8 10 
7 7 
6 6 
6 8 
6 6 
6 6 
12 12 
10 10 
10 10 
9 9 
8 8 
8 8 
8 8 
7 7 
6 6 
6 6 
6 6 
6 6 
6 6 
6 6 
11 14 
11 11 
10 10 
8 9 
7 9 
6 6 
26 26 
20 20 
14 14 
13 13 
13 14 
11 11 
10 10 
9 9 
9 9 
9 9 
8 8 
8 9 
8 8 
8 8 
7 7 
6 6 
6 6 
6 6 
6 6 
6 6 
6 6 
6 6 
6 6 
7 7 
15 15 
14 14 
13 13 
13 15 
10 10 
9 9 
9 9 
8 8 
8 8 
8 8 
7 7 
7 7 
7 7 
6 6 
6 6 
6 6 
6 6 
6 6 
6 6 
6 6 
7 7 
7 7 
7 7 
6 8 
6 6 
8 8 
17 17 
12 18 
10 12 
9 11 
8 8 
8 9 
7 7 
7 7 
6 6 
6 7 
6 6 
6 6 
6 6 
6 6 
6 6 
10 10 
9 9 
9 10 
8 8 
8 8 
7 10 
6 6 
6 11 
6 6 
6 6 
6 6 
6 6 
14 17 
8 8 
7 9 
7 8 
7 11 
6 8 
6 6 
8 8 
8 14 
8 8 
8 8 
8 8 
7 7 
7 7 
7 7 
6 6 
6 6 
14 19 
10 10 
10 10 
8 9 
7 7 
7 8 
7 7 
7 7 
6 6 
6 6 
6 6 
6 6 
6 9 
6 7 
7 8 
7 8 
6 6 
6 7 
6 6 
16 17 
12 13 
10 11 
10 11 
10 11 
9 9 
9 9 
9 16 
8 8 
7 11 
7 8 
7 8 
6 6 
6 6 
6 7 
6 6 
6 6 
6 12 
6 6 
6 6 
9 9 
9 12 
6 6 
6 6 
10 10 
7 7 
6 6 
6 6 
13 14 
6 6 
13 13 
8 8 
8 8 
8 10 
7 7 
7 9 
7 7 
7 7 
6 7 
6 7 
6 9 
10 10 
10 10 
8 8 
8 9 
7 7 
6 6 
6 7 
15 23 
8 8 
6 6 
6 6 
6 6 
16 16 
10 10 
8 8 
8 8 
7 8 
7 7 
7 10 
7 13 
7 8 
7 7 
6 6 
6 6 
33 33 
11 12 
10 10 
10 10 
10 10 
8 8 
8 11 
8 9 
8 8 
7 8 
7 7 
7 8 
7 7 
7 7 
6 6 
6 6 
6 6 
6 6 
6 6 
6 6 
6 6 
9 13 
9 9 
7 7 
8 9 
7 7 
7 7 
7 7 
7 7 
6 7 
15 15 
12 12 
8 8 
8 10 
8 8 
7 8 
7 12 
6 6 
6 6 
6 10 
6 6 
6 9 
18 18 
17 17 
16 18 
16 17 
16 16 
14 17 
12 15 
11 12 
11 11 
10 13 
9 9 
9 9 
9 9 
9 9 
9 9 
9 9 
8 9 
7 7 
7 8 
7 7 
7 7 
6 6 
6 6 
6 6 
6 6 
20 20 
17 17 
15 15 
14 21 
12 14 
12 12 
12 12 
11 15 
11 11 
11 11 
10 10 
10 12 
9 9 
9 9 
9 9 
9 9 
8 8 
8 14 
8 8 
7 8 
7 7 
7 7 
7 7 
7 8 
7 7 
7 7 
7 7 
7 7 
7 7 
7 7 
6 6 
6 6 
6 6 
6 7 
6 6 
6 6 
6 6 
6 6 
6 6 
6 6 
7 7 
6 6 
6 7 
6 6 
28 28 
27 27 
18 18 
18 20 
17 17 
14 14 
13 13 
13 17 
13 13 
13 13 
12 12 
12 12 
11 11 
11 11 
11 11 
10 10 
10 12 
10 10 
10 10 
10 10 
10 10 
10 10 
10 10 
10 10 
10 10 
9 9 
9 9 
9 10 
9 9 
9 9 
8 9 
8 8 
8 8 
8 8 
8 8 
8 8 
8 10 
8 11 
8 8 
8 9 
8 8 
8 8 
7 7 
7 7 
7 7 
7 7 
7 7 
7 7 
7 7 
7 7 
7 10 
7 7 
7 7 
7 7 
7 7 
6 6 
6 6 
6 6 
6 6 
6 6 
6 6 
6 6 
6 6 
6 6 
6 6 
6 6 
6 6 
6 6 
6 6 
6 6 
6 6 
6 6 
6 6 
6 6 
6 6 
6 6 
6 6 
31 39 
26 39 
12 12 
12 12 
12 20 
12 13 
11 11 
11 11 
11 11 
9 11 
9 12 
8 8 
8 10 
8 10 
8 10 
7 7 
6 6 
6 6 
6 8 
6 7 
