6 0.00228987
4 0.000481116
5 0
4 0
1 0
49 0.00147309
42 0
7 0.00316449
7 0.000831825
2 0
1 0
1 0
4 0.000396964
2 0
2 0
42 3.65737e-05
5 0.000564527
2 0.000481116
4 0.00289274
4 0.000481116
1 0
8 0.00182245
1 0
2 0
4 0.000114086
11 0.00263018
6 0.000864208
4 0
2 0
2 0
2 0
8 0.00140056
3 0
1 0
17 0
4 0.00100469
4 0
3 0
2 0
2 0
14 0
6 0.00225923
7 0.0021729
17 0
30 0.0122725
1 0
4 0.000962001
7 0.000339339
2 0
1 0
3 0
5 0.00189317
3 5.78821e-08
3 0
6 2.31528e-08
8 0.00174169
2 0
1 0
2 0
5 0.000855597
2 0
2 0
1 0
6 2.94174e-05
2 0
30 0.00771297
13 0.000403654
17 0
3 0
4 0
2 0
4 0.000209579
5 0
5 0.000160353
1 0
2 0.000353219
3 0
6 0.000115408
1 0
4 0.00119776
1 0
1 0
2 0.000481116
3 0
1 0
30 0.00995234
1 0
13 0.00565137
11 0.00143138
14 0
4 0
8 0.000509685
2 0
2 0.000481116
24 0.00686534
2 0.000481116
5 0
48 0.00443076
4 0.000638292
2 0
2 0
16 0.00241786
18 0.00571014
17 0.00690025
1 0
7 0.00071307
26 0.0156196
2 0
4 0.00111225
6 0.00283129
1 0
2 0
9 0.00221612
1 0
1 0
2 0
1 0
55 0.0015075
3 0
9 0.00434386
2 0.000481116
13 0.000664947
15 0
3 0
3 0
2 0
6 0.00220534
4 0.000470189
1 0
1 0
2 0
5 0
3 1.73646e-07
4 0.000166479
2 0
3 0
2 0
6 0
5 2.54888e-05
5 9.73208e-05
3 9.17711e-05
7 0
2 0
2 0.000103298
2 0
5 0.000481116
7 0.00123752
5 0.000555316
2 0
1 0
9 0.000478931
7 0.00102526
3 0
25 0.0231411
2 0
8 0
4 0
29 0.00501678
2 0
1 0
2 0
7 0.00144265
2 0
8 0.001307
1 0
3 0
9 0.00163466
3 0
3 0.000962117
17 0
1 0
5 0.000178027
6 9.40346e-05
3 0
3 0
2 0
2 3.97934e-05
1 0
3 0
9 0.00388765
7 0.00136359
1 0
9 0.00407693
3 0
13 0
1 0
3 0
8 0.00288468
2 0
17 0.0015833
24 0.0106649
7 0.00179099
7 0.00362469
3 0.000248005
3 0.000185726
4 0.000337822
10 2.45612e-05
4 0
8 0.00185223
2 0
3 0
34 0
11 0.0024199
3 0
4 0.000532739
2 0
2 0
1 0
5 5.57912e-05
4 0.000730784
2 0
1 0
1 0
4 2.05221e-05
4 0.00040015
5 0.00309531
2 0.000481116
3 0.000580703
7 0.00230477
4 0
2 0
6 0.000125441
3 0
9 0.00146145
2 0.000481116
2 0
3 9.09817e-06
31 0.0262986
11 0.000534494
2 0.000481116
3 0
2 0
3 0
3 0.000481116
3 0
6 0
14 0.00762128
3 0
1 0
23 5.14508e-08
19 0.0119261
5 0.00188234
1 0
1 0
2 0
5 6.77475e-05
2 0.000499926
3 0
4 0
7 0.00247672
56 0.00409081
6 0.00175213
2 0
9 0.000969914
2 0
4 4.0074e-05
6 0.000335032
1 0
9 0.00211417
10 0.00175588
2 0
4 0
8 0.00326916
7 0.0044623
4 0
6 0.00116474
3 0.000962001
8 0.00349833
4 0
2 0
3 0.000962001
2 0
2 0
5 0.00144289
3 0
1 0
1 0
2 0
6 1.15764e-07
3 0
2 0
2 0
2 0
9 0
5 0
6 0
8 0.00171283
2 0
2 0
17 0
2 0
1 0
1 0
10 0.00213297
1 0
1 0
8 0.00336374
2 0
2 0
4 0
1 0
7 0.000604221
19 0.00992813
2 0
2 0.000422586
2 0
3 0
1 0
3 0
2 0.000481116
1 0
42 3.65737e-05
8 0
3 0
2 0
6 5.04605e-05
3 0
17 0.00571865
4 0
4 0
2 0
2 0
1 0
16 0.00782447
3 0
2 0
3 0
2 0
2 0.000481116
1 0
4 0.000242043
6 2.17413e-06
17 0.0123327
1 0
1 0
12 7.52406e-05
5 0.000481116
1 0
23 0
10 0.00562358
13 0.00449287
5 0.00122162
5 0.000315376
3 0
8 0
4 0
6 1.37181e-05
4 0.000241268
4 0
1 0
47 0.000157261
4 0.00260479
7 0
8 0
17 0
5 0.00067791
14 0.00591512
3 0.000280756
1 0
6 6.47408e-05
4 0.000548873
2 0
3 0
3 0.000481116
7 0.000593118
2 0
42 3.65737e-05
3 0
2 0
3 0
1 0
2 0
1 0
1 0
9 0.00390538
3 0
2 0
3 0
5 0.00203967
8 0.000538022
13 0
5 0.00192342
13 0.00198102
34 0.0012731
2 0
1 0
5 0
23 5.14508e-08
1 0
4 0.00107312
3 0.000481116
3 0
2 0
1 0
5 0.000476635
10 0.00378009
3 0.000962001
2 0
3 0
5 0.000697579
3 0
1 0
3 0
6 0.000115675
2 0
42 3.65737e-05
1 0
42 3.65737e-05
4 0
11 0.0138218
2 0
3 0
9 0
4 0
1 0
3 0.000481116
5 7.71762e-08
6 0.00193301
2 0
3 0
11 0.000264148
2 0
2 0
8 0.00390362
34 0
1 0
34 0
5 0.000481116
38 0.0270183
1 0
7 0.000240505
1 0
33 0.0355355
2 0
3 0
3 0.000481116
65 0.00932468
1 0
1 0
4 0.000290847
4 0.000682348
4 0.000153945
4 0
5 0
23 0
2 0
5 0.000898646
8 0.00367482
1 0
2 0
2 0
3 0
4 0
5 0.00288322
16 0.00793546
2 0
2 0
2 0
11 0.00213007
3 2.66571e-05
1 0
2 0
18 0.00752043
3 0.000141225
2 0
3 0.000791804
2 5.18793e-05
1 0
9 0.00576835
1 0
45 2.22462e-07
10 0.00149933
24 0.00173389
3 0
2 0.000129881
5 0
3 0.0002405
10 0.00363006
2 0
12 0.00372506
3 0
2 0
2 8.31496e-05
5 0.00199198
5 0.000721559
1 0
23 0
3 0
2 0
3 0
3 0
6 0.00140819
1 0
1 0
4 6.45909e-05
12 0.00345224
5 0.000252596
17 0.00663598
2 0
4 0.000481116
6 0.000176538
1 0
1 0
1 0
5 9.60672e-05
1 0
1 0
7 0.000940198
1 0
3 0
6 9.58756e-05
1 0
2 0
6 0.00205153
15 2.31528e-07
3 0.000759057
9 0.00781103
2 0
34 0
3 0
3 9.67502e-06
1 0
2 0
16 0.00871375
3 0
2 0.000481116
3 0
5 0.000690482
15 0.0031797
49 0.000112123
1 0
11 0.0055067
15 0
16 0.00118661
3 0
3 0
5 0.000760923
3 0.000664945
5 0.00193912
1 0
6 0.00226814
7 0
2 0
2 0
1 0
2 0
8 0.00272657
23 0.0110719
9 0
3 0.0002405
1 0
2 0
5 0.00144289
2 0.000481116
2 0
1 0
23 5.14508e-08
13 0.0118807
2 0
9 0.00349988
6 0.00174634
4 0
4 0
2 0.000481116
13 0.00297933
8 0.00139114
1 0
4 0
2 0
35 0.0095119
23 0
3 0
23 0
12 0.00462417
3 0.000252818
3 0
1 0
2 0
2 0
13 0.00349297
2 0
11 0
2 0
4 0.000208713
3 7.51705e-05
9 0
8 0.00501179
3 0
3 0.000962001
7 0.00364415
23 0
1 0
1 0
10 0.010652
11 0.000534494
34 0
23 0
1 0
34 0
1 0
34 0
2 0
2 0
3 0
15 0.00261416
19 0.00146435
1 0
3 0.000962117
1 0
1 0
1 0
4 0.00168107
8 0.00182283
2 0
1 0
3 0
20 0
3 0
9 0.00333083
17 0.00880068
1 0
8 0.000351416
3 0
10 0.00695304
2 0
4 0.000176902
18 0.00311161
3 1.21322e-05
1 0
2 0
4 0.00288322
3 0
3 0
2 0
2 0
7 0.00110187
2 0
1 0
3 0
1 0
3 0
5 0.00192365
3 0.000481116
1 0
1 0
10 0.00381219
2 0
2 0
3 0.000162102
1 0
2 0
3 0
3 0.00103467
2 0
1 0
1 0
13 0.00258463
1 0
4 7.60587e-05
3 0
9 0.000361024
3 0
4 0
5 7.71762e-08
2 0
5 0.000971454
5 0.00107022
2 3.74518e-05
4 0
4 1.15764e-07
5 6.91647e-05
13 0.000148326
2 0
54 0.00688905
6 0.00285505
3 0
1 0
2 0.000481116
5 0.000441782
9 0.000693337
3 0.000962001
18 0.015053
2 0
3 0
2 0
3 0
5 0
8 1.15764e-07
1 0
3 0
3 0
3 0
4 0
5 0.00144265
3 0
2 0
2 0
1 0
3 0.000286302
4 0.000962059
2 0
4 0
3 0.0002405
9 0.00780743
6 0.000801459
20 0
31 0
33 0.0127082
6 0.000775757
2 0
4 0.000278104
4 0
3 2.62969e-05
2 0
1 0
1 0
19 0.00722036
8 0.000983621
5 0.00144289
2 0
3 0
4 0
2 0
10 0.00234051
4 0
2 0
10 0.000136992
6 0.000526191
1 0
2 0
1 0
4 0.00198656
7 0.000105769
2 0
9 0.000617886
4 0
5 0.000102883
45 0.000149842
17 0
43 0
8 0.00107127
8 0.00417408
21 0.0108096
3 0.00111412
2 0.000481116
2 0
19 0.00549999
1 0
3 0.000540361
6 0.00131009
12 0.00850544
1 0
3 0
12 0
3 0
2 0
1 0
19 0
3 0
2 0
1 0
2 0.000550481
3 0
10 0.00434067
5 0.00264728
2 0
2 0
15 0
3 0
11 0
3 0
1 0
5 0
4 0.00066548
4 0.000962117
25 0.00772861
19 0.000167617
2 0
42 3.65737e-05
3 0
2 0
2 0
7 0.000996415
2 0
6 0.000118027
15 2.31528e-07
4 0
2 0
3 0.000106902
7 0
7 0.00123353
6 0.00107793
10 0.0016446
2 0.000481116
2 0
6 0.00144289
36 0.000962001
2 0
1 0
22 0.00363226
3 0
6 0.00179495
3 0
3 0.00384245
3 0
2 0
10 0.00643484
28 0.0218009
1 0
2 0
3 0
2 0
5 0.00102547
2 0
3 0
4 0
29 0.0388218
1 0
2 0
2 0
1 0
1 0
1 0
23 5.14508e-08
16 1.38274e-06
8 0.00477785
2 0
18 0.0183002
2 0
5 0.000560067
3 0.000283324
4 0
34 0
7 9.39247e-06
2 0
2 0
7 0
4 0
3 0.000431898
10 0.00760099
6 0.000880783
4 0.00575811
2 0
3 0
5 0.00154331
3 0.000962001
12 0.00512138
33 0
3 5.74235e-06
2 0
6 0.00432484
3 0
2 0.000644425
2 0
6 0.00442651
1 0
3 0.000534246
6 0.000118027
2 0
5 0.000128448
1 0
6 0.00106886
3 0
4 1.15764e-07
10 0.00278889
11 0.00828521
20 0.0175016
4 5.61586e-06
4 0
2 0
2 0.000481116
1 0
1 0
4 0.000481116
1 0
2 0
4 0
13 0.00767155
8 0.000354597
3 0
1 0
1 0
9 0
2 0
3 0
20 0
1 0
3 0
1 0
4 7.579e-06
3 0
8 0.00010664
2 0
2 0
6 0.00177014
3 0
3 0
2 0.000481116
2 0
2 0
3 0.000481116
5 0.000481116
3 0
4 0.00336434
3 0
7 0.00148531
6 0.00172509
4 0.00144265
2 0
6 0.00202912
1 0
3 0
3 0
8 0.00161964
10 0.00325936
3 0
3 0
7 0
1 0
12 0.0038468
2 0.000481116
2 0
10 0.00282897
2 0
4 0
22 0.0016925
2 0
4 0.00144289
2 0
2 9.80951e-05
1 0
7 6.27494e-05
8 0.000965354
4 0
3 0
1 0
2 0
4 0
1 0
17 0.00355433
1 0
14 0.00332953
9 0.00276684
3 0
1 0
1 0
4 0
1 0
4 0.000937694
2 0
7 0
4 0
8 0.00350805
3 5.55251e-06
9 0.00605046
2 0
8 0.000283971
4 0.00108974
1 0
1 0
1 0
2 0
6 0.00147073
2 0.000114935
2 0
3 0.000481116
4 0.00173983
3 0
3 0
6 0.00103843
27 0.0200534
17 0.00828336
3 0
14 0.00462407
14 1.38917e-06
13 0.00633136
3 0
4 0
2 0
11 0.00313411
2 0
4 0.00140521
2 0
6 0
1 0
10 0.00165743
6 0.000137755
2 0
6 0
8 0
1 0
2 0
1 0
4 0.000790723
3 0
15 0.00573251
4 0
4 0
3 0
6 0.000435302
3 0
2 0
46 0.000481339
5 0.0024033
1 0
1 0
4 0
13 0.0103243
3 0
34 0
2 0
32 0.0158669
1 0
3 0
30 0.000494973
5 0.00155774
6 0
2 0
13 0
2 3.14128e-05
5 0
1 0
4 0
10 0.00186739
42 3.65737e-05
3 0
6 0.000624978
5 0.000113391
2 0
1 0
23 5.14508e-08
23 0
1 0
12 0.00321728
15 2.31528e-07
6 2.19793e-05
6 0.00240419
2 0
6 0.00108462
7 0.000647948
1 0
34 0
5 0.000114338
6 0.00387593
13 0.00422397
7 0.000463329
5 0.00336469
4 0.00109473
49 0.0028319
2 0
6 0.00343823
34 0
1 0
5 0
3 0
3 0
3 0
3 0
5 0
20 0
3 0.000481116
4 0
11 0.00358815
25 0.0110071
68 0.0202937
8 0
3 0
3 0
1 0
1 0
3 0
2 0.000791736
6 0.00240396
1 0
3 0
5 0.00192342
3 0
10 0.000962232
31 0.0108071
1 0
3 0
3 0
14 0
3 0
8 0.00255024
1 0
7 0.00035688
2 0
1 0
3 0
2 0
27 0.00350719
7 0.00168012
2 0
2 0
4 0
3 0
5 0.00101178
3 9.31059e-05
21 0.00568139
5 0
2 0
1 0
45 2.22462e-07
1 0
1 0
7 0.00239814
10 0.0036734
3 0
3 0
2 0
2 0
2 0
34 0
3 0.00144289
3 0.0002405
7 0.000594525
17 0
1 0
4 0
4 0.000157273
2 0
16 1.38274e-06
3 0
1 0
4 0
1 0
3 0
14 0.00704597
5 0.000944795
2 0
4 0
12 0.00262441
4 0.00122503
25 0.0241781
3 0.000481116
1 0
18 0.00245874
2 0
3 0
10 0.000604341
3 0
1 0
2 0
3 0
4 0.000108723
10 0.0033976
6 0
6 0.00112158
1 0
4 0.00111504
3 0
3 0
11 0.00296792
2 0
5 9.69504e-05
3 0
2 0
1 0
2 0
23 0
3 0.000601689
1 0
2 0
5 0
10 0.00141236
2 0
13 0.0118328
12 0.00312192
42 3.65737e-05
6 0.000606228
1 0
3 1.53569e-06
8 0.00144573
2 0
3 0
15 0.00472627
9 0.00144098
1 0
1 0
26 0.0206808
1 0
6 0
7 0.000559329
4 0.000733725
19 0.0124815
8 0.000271641
20 0
13 0.00618165
2 0
2 0
18 0.0115982
28 0.00151066
4 0.000481116
15 0
3 0.000863109
4 0
1 0
12 0.00787897
6 0.00194275
6 0.000362445
3 6.21484e-05
3 0
11 0.00359216
3 0.0002405
2 0
2 0
4 4.39829e-05
7 0
34 0
8 0.000942778
8 0.000354597
4 0.000962117
7 0.00285151
1 0
5 0.000364376
2 0
3 0.000481116
3 0
3 0.000481116
1 0
2 0
2 0
2 0
7 0.00376288
6 0.000706422
42 3.65737e-05
2 0
6 0.00164487
2 0
37 0.018592
32 0.0396934
1 0
18 0.00551978
2 0
8 0
17 0
20 0
6 0.000721804
5 0
3 0
10 0.00780222
2 0
1 0
4 6.96935e-05
6 0.00270213
4 0
2 0.00015641
4 0.00168246
4 0.000962117
13 0.00183911
6 0.000272216
2 0
1 0
2 0.000481116
2 0
4 0
8 0.000886211
3 0
2 0.000481116
9 0.00262392
2 0.000481116
5 0.000656305
10 0.0020974
9 0.00668645
4 7.52053e-05
56 0.00190314
2 0
15 0.0107556
4 0
1 0
2 0
4 3.22076e-05
1 0
15 0.00725924
2 0.000650502
3 0
8 0
3 0
2 0
5 0.00245557
3 0
5 0
2 0.000481116
11 0
3 0.00256064
4 4.0074e-05
3 0.000203822
20 0.0112804
2 0
3 0.00108906
5 0.000502968
6 0.000643103
3 0
2 0
14 0
5 7.93885e-05
1 0
4 1.49559e-05
7 0.00336503
2 0
1 0
4 0
2 0
1 0
4 0.000962001
3 0.000169251
2 0
1 0
3 0.000516067
2 0
3 0
3 0
2 0
4 0.000171033
6 6.68676e-05
1 0
13 0.0039352
18 7.80726e-05
5 6.51154e-05
17 0
3 0
5 0.00261009
1 0
2 0
3 0
1 0
7 0.000481116
9 0.00616135
5 0.000127211
2 6.99151e-05
12 0.00187345
1 0
4 0
3 0
11 0
3 0
1 0
4 2.70117e-07
2 0
4 2.36872e-06
3 0.000481116
5 2.52013e-05
8 0.000654004
2 0
1 0
2 0
4 0.000962001
34 0
3 0
1 0
2 0
2 0
12 0.00885591
4 0
1 0
14 0.00409303
1 0
2 0
8 0.00125134
2 0
7 0.000262794
2 0
2 5.23936e-05
3 0.0002405
8 0.0013295
4 2.65947e-05
11 0
5 0.000564255
1 0
5 0.000569696
7 0.000136172
6 0.000435302
3 0
3 0
2 0
18 0.0075765
1 0
7 4.88945e-05
2 0
1 0
5 0.000721327
3 0
9 0.00585241
8 0
2 0.000481116
5 3.39373e-05
10 0.0043937
1 0
2 0
4 0.000103182
2 0
8 0.000267074
2 0
33 0
2 0
3 0
3 0
2 0
3 0.000103409
18 0.00336236
7 0.00149837
6 0.00106116
1 0
4 1.15764e-07
4 0.000398836
2 0.000481116
24 0.00203523
2 0
11 0.00455226
5 0.000962117
4 0.000240384
7 0.00137635
4 0
1 0
1 0
2 0
3 0.000481319
1 0
45 2.22462e-07
3 0
11 0.00384195
1 0
1 0
3 0.000481116
1 0
1 0
10 0.00853597
1 0
4 0.000351537
1 0
2 0.000481116
4 0
28 0.0092833
3 0
14 0
14 0
1 0
16 1.38274e-06
5 0
4 0.000962001
10 0.00329479
7 0.000826291
4 0.000962001
2 0
6 0.00271035
10 0.00402575
3 0.000168658
1 0
1 0
2 0
9 0
2 0
24 0.0114774
2 0
3 0
4 0
2 0
1 0
1 0
1 0
7 0.000383233
3 0
1 0
21 0.00743732
3 2.87266e-05
2 0.000227525
5 3.19342e-05
14 0
2 0
3 0
2 0
13 0.00776223
5 0.000846924
23 0
4 0.000152933
5 0.00575811
1 0
1 0
3 0
2 0
2 9.9712e-05
7 0.00328179
11 0.00501681
3 0.0002405
31 0
1 0
2 0
7 0.00103294
4 0.000962001
1 0
1 0
4 0
10 0.00675657
1 0
3 0
2 0
2 0
23 0.0017979
2 0
2 6.63897e-05
3 0
2 7.30143e-05
1 0
3 0.000962117
5 0.000855904
34 0
6 0.000137755
1 0
10 0.000214456
5 0.000184202
3 0
24 0.00965635
21 0.00664655
2 0
2 0
1 0
1 0
4 5.73846e-05
2 0
6 0.000572431
1 0
2 0
5 0.00353155
34 0.0408354
4 0.000481116
1 0
8 0.00133884
12 0.00243
2 0
3 5.78821e-08
31 0.00483641
4 6.13935e-05
5 9.10271e-07
4 3.12367e-05
42 3.65737e-05
5 0.000390488
20 0.00771116
2 5.78395e-05
2 0
2 0.000481116
14 0
2 0
4 8.01289e-05
4 0.000668494
4 0
31 0.00746837
3 0.000481116
1 0
4 0.000325405
15 0
3 0
2 0
68 0.011533
9 0.000855706
15 0.00759483
7 0.00254351
2 0
1 0
41 3.00663e-05
3 0
20 0.0120853
1 0
6 0
1 0
1 0
10 0.00104783
2 0.000135551
2 0
1 0
5 5.82226e-06
7 6.49851e-05
11 0.000471174
1 0
2 0
4 0.000165984
3 0
4 0.000481116
1 0
2 0
1 0
3 0
1 0
1 0
2 0
4 0.000203435
1 0
5 0.00156251
4 0.00240327
5 1.02978e-05
2 0
11 0.00192167
6 2.31528e-08
17 0.0096958
7 0.000954976
5 0.00192342
18 0.00821015
12 0.00172434
1 0
15 0
15 0.0098926
4 0.000193073
1 0
2 0
1 0
1 0
10 0.00290274
13 0.00325733
14 0.00227076
1 0
1 0
5 2.54706e-05
2 0
7 0.00235717
13 0.0139226
5 0.000240732
43 0.00108134
3 0
1 0
1 0
3 0
5 6.68876e-05
9 0.00182722
4 0
2 0.000481116
3 0
2 0
7 0.00104358
2 0
8 0.00399961
3 9.91927e-05
2 0
3 0
2 0.000481116
1 0
9 0.00458544
7 0.000481116
2 0
3 0.000962001
1 0
4 0.00261518
20 0
1 0
9 0.00348055
7 0.000384962
1 0
1 0
4 0
2 0
2 0
3 0
2 0
1 0
11 0.00162056
4 0.00100218
6 0.000500631
4 6.08898e-05
4 0
1 0
6 0.000983869
12 0.00601624
7 0.00157719
6 0.0018725
6 0.00144289
2 0
8 0.000248763
3 0.000292368
6 0.000536156
2 0
5 0.000578108
3 0
4 0
2 0
2 0
23 0.0119426
4 0.00144265
7 0.00166644
30 0.0272338
1 0
6 0
15 0.00727951
2 0
12 0.00395802
3 0
2 0
4 0
2 0
2 0
2 0
7 0.00430333
3 0
1 0
14 0.00429511
5 0.000499518
3 0
2 0
1 0
8 0.00287922
1 0
2 0
2 0
3 0
3 0.0002405
3 3.85787e-05
2 0
6 0.0019225
3 0
9 0
10 0.00351899
11 0.00521481
6 0.00195374
6 0.000584365
2 0
2 0
12 0.00480321
1 0
1 0
1 0
4 0.000851723
2 0
7 1.9294e-07
2 0
22 0.00295843
1 0
6 0.00156105
2 0.00192308
3 0
1 0
4 0.000962117
6 0.00450946
6 0
3 0.000618695
14 0.00613539
12 0.00179005
2 0.000481116
5 0.00323401
8 0.00217823
1 0
2 0
4 0.000481116
3 0
4 0
1 0
3 0
7 0.000481179
5 0.000166895
10 0.000106817
3 0
9 0.000675013
4 0.000784656
3 0
3 0
6 0.0010528
4 0
3 0.00144289
4 0.000536706
3 0.000257802
6 0.00386817
8 0
49 0.00194339
19 0.0157822
4 0.0024855
13 0.00481376
11 0.00189997
6 0.000613049
4 0.000292072
17 0.00462299
8 0.000626858
18 0.0120617
2 0
4 0
4 0
2 0
7 0.00154108
3 0.000962117
5 0.000600242
3 0.000409546
20 0
4 0.00131635
6 0.00109106
14 3.19277e-05
2 0
2 0
45 2.22462e-07
5 0.00144289
3 0
3 0
3 4.46295e-05
7 0.000789845
4 1.15764e-07
2 0.000481116
4 0.00384441
15 0.00637409
1 0
3 1.12589e-05
1 0
8 0.00190164
4 0.000389683
5 0
4 0
8 0.00124833
3 0
2 0
2 0
3 0
1 0
7 0.00162288
2 0
3 1.90611e-05
5 0
2 0
2 0
2 0.000200419
8 0.002019
2 0
7 0.000551211
19 0.00556476
1 0
12 0.0049821
1 0
1 0
13 0.00235591
3 0
7 0.00212482
21 0.0158116
3 0
3 0.000481116
3 0
11 0.00332402
2 0.000962001
6 2.31528e-08
2 0
2 0
2 0
3 0
1 0
8 0
3 0
6 2.31528e-08
1 0
3 0.00336295
17 0.0058934
2 0
1 0
3 0.000231226
5 0.000108448
1 0
4 0.000962117
1 0
1 0
1 0
4 0.000962117
3 0
2 7.49924e-05
4 0.00113406
1 0
1 0
3 0
1 0
1 0
3 0.00111697
2 0
3 0.000139559
13 0.003429
4 0.000962001
1 0
3 0.000165963
7 0.00172671
5 0.000393997
5 0.00153517
2 0
1 0
3 0
23 0
4 0.000962001
2 0
1 0
3 0.000240327
8 0
10 0.0033495
2 0
6 0.000123353
9 0.000952109
12 0.00664937
2 0
2 0
3 0.000295245
2 0
15 0.000438178
2 0
11 0.00539445
6 0.00336411
5 0.000957908
3 0
3 0
1 0
3 0
3 0
4 0
3 0
10 0.00537034
15 0.00405231
6 0.00120204
5 0.00096221
2 0
5 5.82226e-06
1 0
9 4.39836e-05
7 3.59877e-07
10 0.00228322
3 0
1 0
3 0
2 0
3 0
4 0
5 2.1967e-05
3 0
3 0
3 0.000481116
5 0.000344102
13 0.00820546
2 0
77 0.0178502
2 0
3 0
2 0
3 0.000962117
5 0
2 0
10 0.00107648
3 1.19928e-05
4 0.000210662
3 0.0002405
3 0
23 0
4 0.00192308
15 0.00662735
11 0.00369724
10 0.0039039
15 0.0097916
5 0
48 0.00125283
2 0.000879765
9 1.74278e-05
42 3.65737e-05
22 0.0231031
1 0
2 0
9 0
15 0.00857869
7 0.000523568
7 0.00160037
5 0.000459184
4 0
3 0
6 0
2 0
15 0.00175774
3 0.00364193
2 0
3 0
1 0
1 0
1 0
3 0
8 0.00271427
9 0.00193293
4 0
2 0.000481116
1 0
9 0.0015951
4 0.00118302
2 0
11 0.00576817
3 0
2 0
3 0
1 0
4 0
2 0
33 0
3 0.000481116
13 0.00226562
7 0.000850552
10 0.00261891
5 0.00159212
7 0.00155404
4 0.000464234
2 0
1 0
1 0
3 0.0002405
2 0
57 0.00936134
6 0.000524846
3 0
20 0
2 0
34 0
2 0
6 0.00414805
15 0.00468806
3 0
45 2.22462e-07
1 0
3 0
3 0
1 0
3 0
1 0
6 0.000266608
9 0.00153941
23 0
1 0
16 0.011786
11 0
8 9.32514e-06
10 0.002639
1 0
8 0.000492835
1 0
19 0.00762808
4 0.000366632
1 0
4 0.000635451
3 0.00192308
2 0
2 0
3 0
1 0
10 0.00581622
9 1.44705e-08
6 0.000317497
1 0
22 0.0265127
28 0.0252219
3 0.000960843
4 0.000240249
13 0.00134335
4 0.000114868
2 0
3 0
11 0.0106146
1 0
4 0.00120642
5 0.00148493
5 0.000937507
11 0.00153978
26 0.0216945
5 0.000115149
4 0
3 0
1 0
2 0
2 0
3 0.0022228
4 0
1 0
1 0
4 0
8 0.0014942
5 0
13 0.00851366
8 0.00278883
3 0.000590893
8 0.00106599
9 0.00338996
4 0.000691313
16 0.00566506
1 0
2 0
2 0
1 0
16 0.00343034
8 0.000234648
7 0.00480271
12 0.00596298
2 0
6 0.00156347
1 0
34 0
1 0
3 0
3 0
2 0
1 0
1 0
2 0
16 0.0100292
1 0
34 0
2 0
1 0
20 0.0188041
17 0.0099615
2 0
1 0
16 0.00893026
3 0
1 0
6 0.000636567
2 0
5 0.000900731
3 0
4 0.00528255
2 0
1 0
6 0.000997818
16 1.38274e-06
2 0
1 0
8 0.00690961
5 0.000962001
7 0.0019675
1 0
3 0
3 0
3 0
6 0.000564578
2 0
1 0
4 0.00170959
7 0
2 0
17 0
11 0.00281259
4 0.00175414
45 0.0588586
13 0.00662948
16 0.00186508
1 0
1 0
5 0
7 0.00187277
8 0.00240384
3 0
1 0
45 0.0391881
3 5.78821e-08
12 0.00203104
8 0.00378511
1 0
2 0
10 0.00574123
2 0
4 0
5 0
4 0.000422412
6 0.00230616
2 0
4 0.000328778
3 0.000798894
5 0.00384441
6 0.0012481
1 0
6 0.00198652
9 0.0018892
5 0.0002518
3 0
5 0.00158143
8 0
5 0.00250207
7 0.00181362
13 0.00423601
4 3.28942e-05
5 0
1 0
37 0.00144265
8 0.00183771
2 0
2 0
10 0.00800351
37 0.0313646
3 0.000334853
7 0.000916472
3 0.000743959
2 0
3 0
2 0.000481116
2 0
9 0.00263163
15 0
3 0.000241098
1 0
1 0
9 0.00294836
4 7.39218e-06
10 0.00017632
15 0
1 0
4 0
34 0
4 0
1 0
3 0
23 5.14508e-08
2 0
3 0
11 0.00243466
2 0.000962001
14 0.000324711
5 0.000156158
15 0.0052039
21 0.0373601
2 0.000962001
3 0
1 0
2 0
14 0.00209903
12 0.00247875
46 0.000592132
2 0
17 0
1 0
2 0
5 0
2 0
2 0
1 0
30 0.0405166
1 0
2 0
10 0.00861297
2 0
1 0
2 0
2 0
5 0.00147059
2 0
5 0.00285121
1 0
4 0
31 0
3 0
13 0.00352243
1 0
8 0.00142277
8 0.00293217
3 0
1 0
8 0.000450178
6 3.80056e-05
6 0
1 0
25 0.0257126
3 0
42 3.65737e-05
17 0
2 0
60 0.00472408
23 0
1 0
5 0.000409173
14 0.00597788
1 0
3 0
3 0.000481116
10 0.00349948
4 0
1 0
5 0
10 0.000993619
23 0.0181078
6 7.37867e-05
4 0
12 0.00492085
5 0.00211513
7 1.88255e-07
2 0
3 0
6 0.000272216
2 0
4 0
1 0
2 0
62 0.00529199
8 0.000267074
15 0
1 0
42 3.65737e-05
21 0.00592091
4 0.000272098
3 0
22 0.0144884
3 0.000962001
3 2.37847e-05
9 0
2 0
13 0.00710914
21 0
34 0
1 0
4 0.000288976
3 0
2 0
6 0
3 0
4 0
4 0
1 0
23 0
3 0
13 0.00251684
1 0
23 0
1 0
2 0
2 0
3 0
2 0
2 0
1 0
1 0
4 3.85881e-08
1 0
2 0
3 2.99673e-05
4 0
8 0.00362016
59 0.014791
33 0
2 0
2 0
1 0
1 0
1 0
6 1.84939e-05
19 0.00678241
2 0
6 0.00192308
1 0
5 0.000937984
3 4.13792e-05
5 0.00201648
4 2.55997e-07
3 0
4 0.000962117
9 0.00100997
5 0.000481116
3 0
10 0.00114681
3 0.000229607
4 0
2 0
12 0.00293418
3 0.000481116
1 0
2 0
5 0.00192284
13 0
2 0
1 0
1 0
2 0
14 0.00434252
17 0.0054125
34 4.16751e-08
9 0.0104002
1 0
3 0
4 0.00168026
5 0.00123741
2 0
1 0
4 0.000962001
14 0.00389935
18 0.00785257
5 0.00288415
23 5.14508e-08
6 0.00144289
6 0.000293301
7 7.68229e-05
7 0
5 0
2 0
3 0
3 0
6 0.00099432
7 0.000279539
3 0
1 0
3 0
1 0
1 0
2 0
45 2.22462e-07
1 0
4 0
1 0
3 0
3 0
3 0
9 4.39836e-05
6 0
10 0
2 0
3 0.000240384
23 5.14508e-08
23 5.14508e-08
1 0
3 0
1 0
5 0.00192342
1 0
11 0.00120238
2 0
5 0.00170747
9 0.00504322
1 0
23 5.14508e-08
12 0.00535981
4 0
4 0.000481116
4 0.000542408
10 0.00221407
5 0.000416002
9 0.00454095
1 0
5 0.000114338
3 0.000481116
1 0
1 0
4 0.000208713
2 0
1 0
4 9.14096e-05
2 0
10 0.00477851
41 3.00663e-05
5 0.000481116
3 2.20545e-05
5 0.00192308
1 0
2 0
1 0
5 0.000962001
9 0.00395913
2 0
1 0
5 0.0019656
1 0
2 0
2 0
1 0
6 0.000872102
23 0
17 0.00324412
6 6.52322e-05
1 0
4 0.000480537
7 0.00296324
8 0.000267074
16 0.011279
7 0.00240396
4 0
2 0
12 0.00586364
1 0
2 0
2 0
1 0
10 0.00286294
1 0
1 0
3 0
10 0.00656493
4 0
4 2.86617e-05
1 0
2 0
3 0
6 2.40273e-05
5 0.00132701
4 2.97911e-05
4 0
18 0.0250184
8 0.00192354
1 0
4 0.00123097
6 0.00327571
4 0.000248818
3 0.000105304
13 0.00405602
3 0
1 0
2 0
2 0
1 0
15 0
2 0
2 0
2 0
13 0.00321878
1 0
1 0
7 0
2 0
7 0.000240056
5 6.8972e-05
3 0
4 0
17 0.0161325
7 0.00302805
3 0.000170352
3 0
1 0
3 0
1 0
2 0
8 0.00138212
1 0
1 0
15 2.31528e-07
10 0.000639866
11 0.00582845
26 0.00588133
4 0
21 0.0075521
6 0
6 0.000786398
5 0.000160353
19 0.00297008
2 0
2 0
11 0.00275876
2 0
2 0
2 0
6 0.000164622
2 0
4 0.000647297
5 0.00288334
3 0
4 0.000706251
1 0
4 0.00101598
8 0.00267549
2 0
4 0
1 0
4 3.47293e-07
4 0
4 0.000749513
4 0.000160256
6 0.00473639
1 0
4 2.71522e-06
5 0.000552223
15 0
19 0.000213919
4 0.00144289
4 0.000704461
3 0
6 0
3 0
7 0.00179613
1 0
3 0.00209822
3 0
42 3.65737e-05
3 0
13 0.00292955
1 0
2 0
9 0.00103187
2 0
4 0.000381264
7 0.000451151
2 0
2 0
7 0
3 0
7 0
1 0
15 0
7 0.00411478
1 0
3 0
5 0.000962001
3 0
1 0
6 0.000151264
3 0
2 0
4 0.00157425
3 0
3 0
8 0.000769498
2 0
1 0
1 0
3 0
9 0.000681782
2 0
3 0
2 0.000962001
2 0
1 0
3 0
3 0
3 0.000481116
7 0
3 0
9 0
14 0
4 0
1 0
1 0
4 0.00277994
3 0
4 0.00108921
12 0.00104607
8 0.00528232
3 0.000168379
2 0
3 0
1 0
1 0
3 0
3 8.16928e-06
3 0
1 0
2 0
1 0
8 0.0017675
11 0.0025267
20 0.0172472
6 0.000227214
4 0.00240327
2 0
1 0
2 0
2 0.000481116
14 0
17 0.0154498
3 0
19 0.00739864
10 0.0027469
4 0.000481116
6 0.00117869
2 0
1 0
12 0.0052665
2 0
5 0.00216033
2 0
1 0
1 0
5 2.55077e-05
3 0
2 0
3 0
3 0.000156384
9 4.39836e-05
2 0
4 0
6 0.00528394
3 0
6 0
3 0
2 0
2 0
3 0
8 0.000647229
1 0
1 0
1 0
5 0.00152027
4 0
1 0
3 0
5 0.00144265
10 0.00308251
2 0
12 0.00672107
2 0
4 0
2 0.000481116
2 0
6 0.00224162
3 0.00109439
1 0
5 0
1 0
9 0.00334985
4 0.000864251
5 7.56148e-05
2 0
1 0
3 0
6 0.00257803
4 0
2 0
1 0
2 0
3 0.000481116
4 0
4 0.000543259
2 0
1 0
17 0.00145365
1 0
2 0.000368068
1 0
1 0
2 0
4 0
9 0.00275842
14 0.00549699
3 0
18 0.00329874
3 0
3 0
3 0
1 0
1 0
1 0
1 0
4 1.15764e-07
9 0.00327135
8 0.00499133
2 0
29 0.00463397
2 0
6 0.000772939
1 0
2 0
3 0
3 0
7 0
13 0.005267
2 0
10 0.00638236
6 0
4 0.000794785
4 0
13 0.00253593
1 0
1 0
4 0
23 5.14508e-08
1 0
6 0
21 0
1 0
2 0
2 0
2 0
34 0
4 0.000134522
9 0.00466895
16 0.00693316
66 0.0286106
7 0.000221185
4 2.86617e-05
7 0.00141671
4 0
5 8.04427e-05
45 2.22462e-07
10 0.00511396
2 0.000270221
7 0.00194629
8 0.0102651
3 0
2 0
6 0.00133484
17 0
2 0.000481116
2 0
7 0.000154992
5 0.000573885
5 0.000167062
1 0
3 0.00293108
3 5.78821e-08
42 3.65737e-05
4 0
3 0.00112063
3 0
34 0
2 0
34 0
34 0
3 0
1 0
9 0
5 5.1281e-05
1 0
1 0
2 0
3 0.000481116
2 0
4 0
6 0.000998582
3 0
2 0
2 0
14 0.00390806
2 0.00144265
4 1.35018e-05
1 0
11 0.00367963
1 0
2 0
1 0
3 3.4355e-05
1 0
2 0
5 9.84724e-05
6 0.00073941
5 0.000854553
2 0
6 0.000416224
1 0
1 0
3 0.000432494
2 0
2 0
14 3.19277e-05
3 9.2525e-06
34 0
2 0
4 0.000481116
6 0.000227214
9 0.00168935
1 0
3 0
4 1.73646e-07
10 0.00357314
3 0
8 0.00154259
3 0
1 0
8 0.00172501
3 0
2 0.000481116
17 0
1 0
4 0
2 0
5 0.00073953
13 0.00259747
3 0
14 0.0128023
3 0
17 0
2 0
1 0
1 0
3 0.000187658
1 0
3 0
1 0
4 0
3 0.000774481
20 0
1 0
5 0.00103804
2 0
3 0
24 0.0189941
3 0
3 0
11 0.00370248
4 0.000172695
4 0.00144265
42 3.65737e-05
4 0.00117441
3 1.40958e-05
3 0
1 0
1 0
3 0
2 0
9 0.000837334
9 0.00248174
1 0
4 0
1 0
3 0
3 0
7 0.001155
6 0.00158658
5 7.71762e-08
9 0.00169753
12 0.00499979
9 0.000837334
1 0
1 0
14 0.00985366
1 0
4 0.000365074
4 0.000962001
1 0
1 0
4 0
24 7.69738e-05
8 0
3 0
1 0
10 0.0138409
4 0.000962117
34 0
1 0
2 0
36 0.00252058
1 0
1 0
27 0.00842268
4 0
1 0
9 0.0019658
9 0.000523383
3 0.0001723
1 0
2 0
14 0.0110299
8 0.00242461
1 0
2 0
2 0.000481116
1 0
13 0.00270343
2 0
1 0
6 0.000636567
1 0
4 0
5 0.00144289
2 0.000476661
1 0
4 0.00191252
1 0
4 8.64917e-05
4 0
9 0.00274469
2 0
1 0
2 0
1 0
7 0
2 0
4 0.00012514
17 0
2 0
3 0.000962001
9 0
9 0.00244504
2 0
3 0.000501
3 0.000481116
7 0
22 0.00215268
3 0
4 0.000481116
3 0
11 0.00237365
4 0.000420075
7 0
1 0
13 0
3 0
2 0
8 0.00226357
8 0.00309215
3 0
3 0
7 9.94524e-05
1 0
34 0.0015756
5 0.000327442
2 0
1 0
4 0.000406784
2 0
2 0
44 0.0239694
1 0
5 0
8 0.00180144
4 0
2 0
2 0
47 0.0019172
5 0.00125951
5 0.000559426
2 0
1 0
2 0
3 1.73646e-07
6 0.00274197
8 0.00117949
15 0.0100582
2 0
23 0
17 0
1 0
23 5.14508e-08
17 0
1 0
3 0
4 0.000716044
4 0
2 0
5 0
2 0
1 0
6 0.00129337
1 0
12 0.00375957
1 0
6 0.00240697
1 0
3 7.79408e-05
3 1.16897e-05
4 0
5 0.0028838
5 1.71717e-06
3 0
5 0.00219931
5 0.00204463
1 0
6 0.000686287
5 0.000266183
1 0
2 0
31 0
1 0
7 0.00207321
3 0
4 0
3 0
2 0
1 0
4 0
6 0.000562918
4 0.000481116
4 0.000222798
1 0
3 0
7 0.000936782
2 0
11 0.00149656
3 3.80536e-06
3 0
4 0
2 0
17 0
2 0.000142925
1 0
3 5.78821e-08
1 0
1 0
20 0
1 0
3 0
1 0
16 0.0110258
3 0
2 0.000481116
4 0
4 7.60587e-05
3 0
11 0.00246173
3 0.000962117
4 0
1 0
1 0
2 0
1 0
3 0
4 0.000481116
6 0.00058513
63 0.0112775
8 0.00206477
1 0
3 0.000481116
4 0.000411912
3 0
1 0
33 0
2 0
1 0
3 0
1 0
5 0.000156158
20 0
2 0
2 0
3 0
16 0.00657072
5 7.05593e-05
1 0
4 9.00977e-05
8 0.00568975
3 0
4 0.000317966
3 0
1 0
11 0
3 0.000962001
2 0
7 0.00073089
4 7.90731e-05
1 0
17 0
1 0
4 0.000481116
1 0
2 0
14 0
4 0
2 0
4 4.85067e-05
2 0
2 0
6 0.000151264
3 0
4 0.000506716
25 0.0114142
2 0
2 0
42 3.65737e-05
10 0.004352
16 0.000403881
23 5.14508e-08
14 0
4 0.000223698
3 0
3 0
4 0
6 0.000804913
3 6.21669e-05
23 0
7 0
3 0
1 0
5 0.000554397
3 0
5 0.00307833
2 0
5 0.00216033
8 0.00250449
1 0
2 0
5 0.00106453
3 0.000962117
1 0
2 0
2 0
11 0
3 0
2 0
26 0.0269819
21 0.00242793
2 0
5 0.0028845
1 0
6 0.00116481
4 0.00270799
4 0.000618589
1 0
2 0
5 0.000721327
10 0
1 0
4 0.000598803
42 3.65737e-05
2 0
5 7.46346e-06
6 0.000108398
8 0
15 0
45 2.22462e-07
2 0
5 3.47293e-07
4 0.00156753
3 0
8 0
15 0.00365244
3 0
1 0
5 0.00116678
1 0
4 0
4 0
3 0
2 0
6 0.00118655
7 0.00078096
4 1.10117e-05
8 0.000450053
7 0.00257954
1 0
7 0.00305844
4 0.000135211
2 0
2 0
1 0
3 0
2 0.000481116
3 0.00162441
12 0.00713169
1 0
2 0
45 2.22462e-07
7 0.0015941
5 0.000368424
4 0.00515029
6 0.00089987
12 0.00738132
2 0
2 0
10 0.00627489
2 0
2 0
1 0
7 0.00254785
4 0
3 2.32844e-05
2 0
10 0.00330888
2 0
3 0
2 0
1 0
3 0
3 0.000481116
4 0.000962117
2 0.000481116
23 0
2 0
1 0
3 2.97787e-05
2 0
1 0
2 0
10 0.00286038
5 0
2 0
4 0.00148705
5 0
1 0
10 0.00272805
1 0
3 0
1 0
3 0
2 0
25 0.0137596
4 0
5 6.81522e-05
7 0.00474696
3 0.00128216
4 0
4 0.000177013
5 0.00144271
2 0
2 0
26 0.0165331
2 0
2 0
2 0
32 0.0171043
3 0
1 0
3 5.39769e-05
3 0
2 0.000481116
1 0
20 0.00220763
3 0
17 0
2 0
2 0
3 0
1 0
4 1.15764e-07
2 0
1 0
1 0
2 0
45 2.22462e-07
11 0.00513314
2 0
3 0
37 0.00231482
41 3.00663e-05
6 3.66026e-06
9 0.0103966
2 0
3 0
10 0.00392862
2 0
3 0.000481116
1 0
47 0.000158935
2 0
2 0
6 5.02453e-05
2 0
3 0.000686002
2 0.000481116
4 0.00116876
7 0
3 0
10 0
1 0
1 0
7 0.000950555
3 0.000481116
28 0.0171995
18 0.0147552
3 0
15 3.19441e-05
1 0
2 0
20 0
2 0
3 0
3 0
6 0.000126697
3 0
2 0
8 0
8 0.00970787
15 0.00410273
6 0
2 0
15 0.00902619
2 0
2 0
4 0.00192342
2 0
4 0.000549174
1 0
8 0.00256503
5 0.000614185
6 0.00214954
3 0
3 0.000262317
3 5.78821e-08
3 0
2 0
1 0
1 0
81 0.0185177
1 0
1 0
2 0.000748086
1 0
23 0
2 0
3 0
6 0.00329245
4 0.00192308
16 0.00794451
11 0.00296546
3 0
6 0.000510736
1 0
12 0.0050406
5 0.00144289
1 0
2 0
3 5.78821e-08
2 0
2 0
3 1.42356e-05
1 0
3 0
1 0
5 0.000927432
2 0
2 0
1 0
3 0.000962001
31 0
3 0.00384245
2 0.000481116
1 0
4 0
2 0
4 0.000481116
3 0
11 0.00397839
79 0.0153282
8 0.000983723
2 0
2 0.000481116
2 0.000481116
1 0
1 0
2 0
6 0.000251531
1 0
5 0.000731124
2 0
3 0
22 0.00936285
5 2.12234e-07
2 0
4 0.00144265
2 0.00144265
6 0.000611658
6 2.3817e-05
18 0.0088249
2 0
9 4.39836e-05
1 0
5 0.000962117
6 0.00157134
3 0
3 0
20 0.00811239
5 0.000586935
3 0
67 0.00513123
7 0.00216402
1 0
1 0
3 0
1 0
2 0
4 0
1 0
3 0
2 0
2 0
2 0
4 0.000197882
2 0
3 0
1 0
3 0
1 0
9 0.00250244
3 0.000481174
2 0
1 0
6 0.000324893
7 0.000435887
2 0
1 0
2 0
3 0
9 0.0014101
7 0.00176973
3 0.000222875
1 0
1 0
1 0
2 0.00192308
4 0
4 0.001443
2 0
3 1.69879e-06
3 0.0007026
3 0
3 0
2 0
6 0.000839449
5 0.00284935
2 0
12 0.00735397
1 0
7 0.011372
3 0
5 0.0028007
2 0
3 0
3 0
8 0.000870856
2 0
4 0
6 0.00285461
2 0.000481116
2 0
8 0
2 0
3 9.91927e-05
10 0
23 0
3 0.00144265
3 0
8 0
48 0.000113294
15 0
5 0.000672585
8 0.00170772
20 0
3 1.28498e-06
1 0
11 0.00955046
4 0.00144265
3 0
2 0
7 0
11 0
13 0.00322145
4 0
13 0.00606288
17 0.00376131
2 0
4 0.000481116
8 0.00156799
1 0
5 0.000481116
1 0
13 0
11 0.00558678
2 0
5 0.0003899
10 0.00837988
2 0
5 0.00131469
7 0
3 0
1 0
9 0.00393141
2 0.000122023
5 1.73646e-07
2 0
3 0.00354148
3 0
11 0.0122513
6 0.00069732
1 0
21 0.0121583
7 0.00264337
8 2.69794e-06
2 0
1 0
4 0.000271225
3 0.00144289
5 0.00192365
2 0
7 0.000411239
3 0
2 0
10 0.00150985
1 0
1 0
3 0
1 0
11 0.00436237
4 0.00280805
6 0.0016583
3 7.58275e-05
20 0
1 0
2 0
4 3.45783e-06
3 8.4806e-05
15 0
7 0
34 0
11 0.00422277
19 0.0087356
11 0
1 0
2 0
3 5.78821e-08
4 0
3 0
2 0
1 0
5 0.000800613
2 0
3 0
12 0.00378345
6 5.55259e-05
16 0.00719243
6 0.00225806
3 0
2 0
3 0
30 0.0199475
4 0.000499694
4 0
3 0
4 0
7 0.00295068
8 0.00224196
2 0
3 0
7 0.00282099
4 0
3 0.000481116
2 0
33 0
3 0
10 0.00136282
25 0.00553609
2 0
2 0
13 0.00480437
2 0
9 0.00231746
2 0
18 0.0109639
2 0
37 0.00553045
2 0
3 6.97141e-06
4 0
2 0
4 0.000450074
2 0.00118226
3 0
12 0.00892896
1 0
77 0.015541
3 0
2 0
6 0.00141872
3 0
2 0
4 0.000240442
3 0
2 0
1 0
3 0
3 1.21759e-05
20 0
3 0
2 0
2 0
11 0.00264492
2 0
1 0
1 0
10 0.00402746
11 0
8 0.0024415
2 0
17 0
6 0.00735813
5 0.00048129
2 0
10 0.00040373
5 0.000664094
2 0.000481116
3 0
2 0
6 0.000166683
3 0.0002405
7 0
3 0
2 0.00192308
13 0.00624574
5 0.0030843
47 0.00179024
1 0
3 0.000481116
2 0
5 0.000186746
1 0
34 0
15 0.000159474
11 0.00489848
1 0
18 0.00132515
8 0.0028313
2 0
3 0
3 0
4 0
5 6.29143e-05
4 2.3355e-05
5 0.000410203
1 0
33 0.0252809
8 0.00191933
2 0
1 0
3 0.00192308
3 0.000189431
6 0
3 0
1 0
2 0
9 0.0032981
8 1.53427e-05
14 0.00678399
21 0.011243
1 0
2 0
1 0
3 7.35894e-05
8 0
4 0.00012449
10 0.00204108
2 0
4 0.00168107
3 0
6 0.00108595
12 0.00227023
4 0.00144289
3 0
2 0
3 0.00079086
3 0
1 0
8 0.000172067
1 0
21 0
6 0.000321681
1 0
5 0.000266079
1 0
2 0
1 0
53 0.0112661
5 0.000977044
2 0
1 0
4 0
3 0
3 0
1 0
4 0.00384245
9 0.00665247
1 0
9 0.000269855
3 0.000481116
10 0.000663913
30 0.0138495
7 0
1 0
2 0
6 0.000481753
11 0.000874718
2 0
1 0
4 0
1 0
1 0
1 0
5 0.000420903
4 0.000926014
11 0.00161723
22 0.00192212
1 0
4 0.000646951
1 0
3 0
6 0.000250813
2 0
3 0.0002405
2 0
5 0
6 0.000751175
9 4.39836e-05
2 0.000481116
3 0
8 0.00089006
5 0.00290711
3 1.3586e-05
4 0
4 3.85881e-08
20 0
9 0.00220808
14 0.00119715
4 0
4 0.00192308
3 0
4 0.000962001
9 0
26 0.0180889
1 0
4 0.000187141
1 0
2 0
6 0
10 0.00275933
12 0.00807379
9 0
1 0
12 0.00434645
2 0
13 0
6 0.000321939
3 0
1 0
3 0
9 0.000196505
16 0.0203881
34 4.16751e-08
4 0
2 0
6 0.000146638
3 0
8 0.000424061
1 0
3 0
5 0.000960645
4 0.000288378
2 0
10 0.00796876
2 0
2 0
12 0.00512275
3 0
4 1.25112e-05
2 0
15 0.00393218
10 0.00647858
8 0.00540723
4 0
1 0
2 0.000220485
9 0
1 0
5 0.000431255
7 0.00242601
4 0.000159347
15 0.00107715
2 0
5 0.000489791
1 0
1 0
3 0
9 4.39836e-05
4 3.85881e-08
3 0
17 0.0110421
4 0
1 0
3 0
2 0
15 0.0176998
2 0
7 0.00287863
1 0
3 0
6 0.000682463
1 0
9 0.00240486
9 0.000587895
5 5.09537e-05
2 0
3 7.3759e-06
23 0.0206735
3 3.39816e-05
10 0.00767847
5 4.86417e-05
7 0.00175982
1 0
1 0
4 1.12085e-05
1 0
6 0.00108461
1 0
1 0
3 0.000186559
1 0
2 0
2 0
3 0
7 0.000889491
6 0.00130981
2 0
3 0
4 0.000202737
2 9.85082e-05
4 0
8 0.00121053
2 0
1 0
7 0.000712373
4 0
3 3.84489e-05
20 0.00735544
13 0
4 0
20 0.00535586
3 0
3 0.00165435
1 0
22 0.018177
1 0
11 0.000560637
5 0.000565841
5 0.000962001
9 0.00387279
8 0.00192528
3 0
5 0.000304887
3 0
3 0
1 0
3 0
34 0
3 0
7 0.00073089
34 0
7 0.00245455
1 0
1 0
2 0
3 2.1806e-06
23 0.017736
8 0.00160583
4 0.000184767
2 0
1 0
1 0
4 0.000136322
3 0
4 0
2 0
4 0
7 0.00133094
34 0
21 0
19 0
3 0.000442142
20 0.0161767
4 0.00219233
7 0.00026096
13 0
3 0
6 0.00271203
40 0.00300533
4 0
4 0
1 0
3 0
13 0.00643661
4 0.00158342
5 0.000962001
10 0.00258898
21 0.00874693
23 5.14508e-08
17 0.00473182
8 0.000393559
8 0.00336446
8 0.000240746
4 0.000526864
14 0
4 7.72727e-05
8 0.00162818
7 0.000973268
22 0.0182128
5 0.00671456
3 0.00170725
2 0
1 0
2 0
51 0.000746927
1 0
4 0
6 0.00264226
22 0.0207966
19 0.0132112
5 0.000792572
8 0.000432612
9 0.00045245
2 0.000619808
2 0
11 0
2 0.00192308
14 0.00142419
10 1.27341e-06
3 0.000962001
1 0
3 0
7 0.00246667
10 0.000962117
23 0
5 0.000754328
1 0
1 0
4 0.000659104
2 0
2 0.000141009
2 0.000481116
3 0.00178405
4 0
8 0.00435343
1 0
1 0
2 0
1 0
4 0.000481116
13 0.000760629
1 0
17 0
6 0.000397131
5 0.00192354
1 0
1 0
2 0
3 0.00210635
5 0
1 0
3 0
1 0
3 0
7 0.00122734
2 0
16 0.0064065
1 0
13 0.00326572
16 1.38274e-06
4 0.000708951
6 0.00194466
1 0
2 0
56 0.00337057
4 0.000237577
2 0
10 0
11 0.00688242
2 0
3 3.03044e-05
1 0
3 0
23 0.00490372
7 0.000425704
2 0
4 0.000962001
5 0.000201273
6 0.00192308
3 0
1 0
7 0
2 0
8 0.00238749
1 0
2 0
7 0.00122158
7 0.000590145
3 0.000766704
2 0
8 0.00206289
2 0
3 0
2 0
3 0.000481116
8 0.00240373
8 0
4 0
4 0
5 0.000962001
5 2.40305e-05
4 0.000965479
10 0.0022043
1 0
2 0
9 4.39836e-05
9 0.00288415
4 0
3 0
3 0
2 0
2 0
1 0
8 0.00210197
4 0
2 0
3 0
3 0
6 7.66809e-05
2 0
5 0.000159114
3 0
2 0
1 0
1 0
3 0.000790475
13 0.00663994
3 0.000550745
3 0
1 0
2 0
4 0.00109584
51 0.0131895
8 0.00124248
7 0.00013739
2 0
6 0
2 5.92806e-05
3 0
8 9.42161e-06
2 0
1 0
3 0
2 0
2 0
1 0
1 0
2 0
1 0
1 0
1 0
4 0
2 0
2 0
7 0.00216883
9 0.00224922
1 0
1 0
12 8.17506e-05
2 0
10 0.00430289
3 0
10 0.00245087
2 0.000481116
6 9.58756e-05
2 0.00288322
4 0.000327431
1 0
2 0
2 0
6 0
2 0
2 0
5 0.000435594
15 0.000159474
7 0.000754318
1 0
3 0.00043567
2 0
2 0
3 0
15 0.00847109
34 0
1 0
1 0
2 0.000481116
5 0.00144265
3 0
9 0.00353993
2 0
8 0.00144801
6 0.0014051
2 0
8 0.00145801
3 0
2 0
4 0
2 0
3 0
2 0
3 0
2 0.000204781
1 0
2 0
5 1.97299e-05
4 0
4 0
5 0.00093277
5 0.000450508
2 0
7 1.52618e-05
