3 26
1 2
2 5
1 1
1 1
1 1
2 4
1 1
3 39
2 6
3 7
1 3
2 7
1 4
1 2
2 4
1 1
2 3
3 6
1 1
2 8
4 31
2 15
2 12
1 4
2 3
9 1359
2 4
2 6
1 1
1 3
1 1
1 1
2 7
9 3425
1 1
2 4
9 1299
1 1
1 1
1 2
1 1
2 16
1 1
1 6
1 1
1 3
1 1
1 1
1 1
1 1
1 1
1 2
2 17
1 1
1 1
2 6
1 1
1 1
2 6
1 1
2 5
1 1
1 2
1 2
3 12
9 1999
1 8
1 8
9 1117
9 508
4 12
1 1
1 2
1 1
1 1
1 2
1 1
9 3463
1 1
2 20
9 2451
1 4
1 2
1 2
1 1
1 2
2 18
2 3
1 1
1 7
9 593
1 1
9 2690
1 2
9 2773
3 6
1 1
9 2842
3 4
1 1
2 3
1 1
1 10
1 2
1 1
1 2
9 2320
1 18
1 1
1 1
9 933
8 61
1 1
1 2
1 4
1 1
1 2
1 1
9 584
1 1
1 2
1 1
9 456
9 3543
1 1
1 1
1 1
1 2
2 6
1 5
1 1
1 11
1 1
2 2
1 1
1 1
4 13
2 3
2 5
1 4
9 1172
1 1
1 13
9 482
1 1
1 1
9 2401
1 4
1 1
4 21
1 4
9 2667
2 23
9 3519
2 4
1 1
9 307
2 23
1 1
1 4
2 4
1 2
1 1
1 2
1 2
1 1
1 3
1 1
1 4
9 265
5 40
9 4236
1 1
1 2
1 1
1 2
1 1
2 5
1 2
1 1
1 1
1 3
1 1
1 1
1 1
9 694
9 3577
1 1
1 13
2 4
3 9
1 2
1 1
1 6
1 1
1 4
9 363
1 1
1 1
9 2069
1 2
1 2
1 3
9 1188
2 11
1 2
9 3483
2 6
2 7
9 297
9 998
2 6
9 800
1 1
1 1
1 1
1 1
1 1
1 1
9 2780
1 1
8 59
2 4
1 2
1 1
4 15
1 1
2 3
1 1
1 1
1 1
1 1
1 1
9 2059
4 12
1 1
2 3
1 2
1 1
1 1
2 5
2 6
1 1
9 2166
1 1
1 1
9 1105
9 974
9 850
9 815
1 1
9 2895
9 1869
1 1
1 11
9 3537
9 3173
1 3
1 1
3 10
9 2991
9 3515
2 6
1 2
1 1
1 2
1 1
9 542
1 17
2 3
1 2
1 1
9 1981
9 1400
1 2
2 2
9 423
1 2
9 679
1 1
1 1
9 360
1 1
8 129
1 1
2 6
1 1
9 3364
1 15
9 1515
1 2
1 1
1 1
9 812
3 4
2 5
1 2
2 5
2 9
1 1
9 3513
9 1311
1 3
1 3
1 1
1 1
1 2
2 6
1 2
9 3446
1 1
1 5
1 1
1 2
1 1
2 12
1 1
1 1
2 4
9 949
1 2
1 3
2 8
1 1
1 3
9 1192
1 2
1 1
1 1
9 1050
1 1
1 1
2 5
1 3
1 1
1 1
9 504
1 1
1 1
3 22
1 3
9 1986
1 1
1 2
9 2780
2 5
3 13
2 3
9 3279
9 3610
3 13
1 1
9 3064
2 3
1 1
1 1
9 3489
1 1
9 2666
1 1
7 38
9 2450
1 1
2 5
1 1
9 2943
9 1362
9 3225
1 1
9 1534
1 1
1 2
3 42
1 1
2 5
1 3
1 2
1 1
1 1
1 1
1 1
2 6
1 4
1 1
9 521
9 1609
1 13
2 5
1 5
1 2
2 5
1 4
2 6
1 2
1 1
2 4
8 108
1 1
2 26
1 1
9 3081
1 3
1 2
1 5
9 493
2 5
2 2
1 1
9 2039
9 3597
1 1
1 2
1 3
2 3
1 9
1 1
1 2
5 17
3 11
1 2
7 30
1 1
1 1
9 1937
1 2
1 2
9 1042
9 2770
3 4
1 1
1 1
2 5
1 1
9 3000
2 3
4 15
1 1
1 2
1 1
2 3
1 1
2 12
2 4
1 1
1 1
1 1
1 2
1 2
9 2551
1 1
1 1
3 11
2 9
1 1
9 1781
1 1
1 1
1 1
2 3
1 1
1 1
3 5
9 863
1 1
1 1
1 1
1 1
1 1
1 1
2 7
2 5
1 1
1 4
9 2335
1 1
1 2
1 1
9 1010
1 7
1 1
1 2
2 10
9 1309
1 1
1 1
2 4
1 1
1 3
1 1
9 2485
1 1
1 1
2 2
2 5
1 2
9 296
1 1
1 1
2 5
1 1
1 1
1 1
9 3364
9 2338
2 3
8 71
9 3540
1 1
1 1
1 2
1 1
1 3
1 1
2 5
9 2720
2 4
1 1
3 6
1 3
1 9
1 6
1 1
9 307
1 2
9 811
1 1
1 3
1 6
1 1
1 2
1 2
1 2
1 1
1 8
1 2
1 5
1 2
1 2
1 2
1 2
1 1
4 12
2 10
3 6
1 2
2 11
2 7
9 1635
2 3
1 1
1 1
1 1
2 16
1 1
9 3628
1 1
3 12
1 1
7 52
9 632
3 23
1 1
1 1
1 2
1 1
1 1
1 2
1 4
2 7
1 1
1 6
9 838
1 1
1 1
1 1
1 1
5 26
4 50
1 1
4 15
1 1
3 8
1 2
9 2483
1 3
1 2
1 2
1 4
1 3
1 1
1 1
9 2324
9 278
1 2
1 1
1 2
1 2
9 1859
9 1156
1 1
2 5
1 1
1 1
2 4
3 5
2 6
1 1
1 1
1 1
9 783
2 8
1 4
1 2
2 4
2 27
1 2
1 1
1 3
1 4
1 1
3 5
1 7
9 2875
1 1
5 47
1 1
9 2023
1 1
2 4
9 621
1 2
2 6
1 2
1 1
1 2
9 3529
8 38
1 2
2 3
9 2168
9 2872
1 1
1 1
4 53
1 1
1 1
1 6
2 3
9 573
1 1
1 1
1 2
2 7
2 10
1 1
1 1
1 1
9 2437
9 3781
1 2
1 1
9 2858
1 1
1 1
1 4
1 1
1 2
1 1
1 1
1 2
1 1
1 1
2 3
1 2
1 2
1 1
1 1
1 2
1 4
1 2
1 1
2 12
1 6
1 4
2 3
9 1516
1 3
1 4
9 909
1 4
1 1
1 2
1 1
9 962
9 2392
6 25
1 1
1 1
1 2
9 1342
1 1
9 1840
1 1
1 1
1 1
1 3
2 5
3 18
1 3
1 4
1 1
1 1
1 1
3 20
9 2104
1 1
1 1
1 1
1 12
2 3
4 8
2 4
1 1
1 1
1 2
1 4
1 1
1 3
1 3
9 3575
9 3358
2 4
1 1
1 1
1 2
9 2022
2 11
2 14
1 1
1 3
9 2082
9 3768
1 10
1 2
1 1
1 1
1 1
1 1
1 1
2 23
9 2268
1 7
9 2740
9 835
1 1
2 3
2 3
1 1
1 1
1 2
1 1
1 1
9 2001
1 8
1 1
1 1
1 1
1 12
2 6
1 1
1 2
9 510
1 15
9 2773
2 5
2 4
1 1
2 4
1 4
2 8
9 2823
9 3272
9 1763
1 1
1 3
9 817
9 722
1 1
1 1
9 2196
1 1
2 9
1 2
1 6
1 1
9 1005
9 267
1 6
2 3
1 4
3 14
1 3
1 2
2 6
1 1
1 1
9 2333
1 1
1 2
1 1
3 8
9 1750
2 4
2 12
4 26
2 10
1 2
1 1
4 46
1 1
1 1
9 552
7 32
1 1
1 2
9 483
1 1
1 1
2 5
9 3749
1 1
9 2824
9 225
1 3
1 1
2 3
2 10
1 2
1 1
1 1
3 7
1 1
2 12
1 1
1 3
8 170
1 6
5 35
2 12
2 3
3 7
1 2
1 1
9 1018
1 2
1 1
1 1
1 3
1 9
2 7
2 10
1 1
9 636
1 1
2 16
1 3
1 1
1 1
1 1
1 1
1 1
2 19
1 5
3 11
1 1
1 2
2 3
9 1249
1 1
1 1
9 2233
1 1
1 1
1 8
9 3479
1 1
9 2972
1 1
1 1
1 1
3 28
2 3
9 2839
9 632
1 11
1 7
1 1
3 3
1 1
9 457
1 2
1 1
1 1
1 1
2 10
1 3
1 1
1 2
9 1728
9 1842
1 1
9 2285
1 1
1 1
1 1
1 1
1 1
1 1
1 1
9 1734
1 1
9 358
1 10
1 1
1 1
1 1
1 11
9 2652
2 7
3 7
1 1
9 2614
1 1
1 1
1 1
1 1
9 3040
1 1
1 1
1 1
2 6
2 3
2 11
9 3254
1 1
1 1
1 1
1 1
1 1
9 760
1 1
2 22
4 14
1 1
9 1328
3 10
1 2
9 3027
2 10
2 7
1 1
2 17
1 3
9 1739
9 3527
9 1422
9 3724
1 1
1 3
1 1
9 2536
1 1
1 1
1 1
9 2395
1 2
2 5
9 2768
1 1
2 18
2 5
8 59
1 4
1 1
2 13
3 11
9 1104
1 1
1 1
1 1
1 7
1 1
1 1
2 5
1 1
1 1
1 1
1 1
9 1583
4 46
4 30
9 643
1 1
2 4
2 4
1 1
1 10
2 5
1 2
9 2344
2 3
1 1
1 1
9 365
1 1
1 3
1 1
1 1
1 1
1 1
2 5
3 9
1 4
1 4
2 13
2 10
1 2
9 360
1 2
3 8
1 2
1 3
1 2
3 11
1 8
9 3175
1 1
1 2
9 2911
1 3
2 11
9 3685
3 7
4 41
1 2
3 7
1 3
9 357
1 2
1 1
2 3
1 1
9 3302
1 6
9 1553
1 6
1 2
1 2
2 9
1 1
2 8
3 60
2 10
1 2
1 1
1 1
1 3
1 1
4 16
4 18
1 2
1 1
1 2
1 1
9 2401
3 8
2 13
1 1
1 1
9 3521
8 140
2 8
1 3
3 10
9 1625
1 1
1 2
5 18
1 2
9 1422
1 1
9 3602
1 1
1 3
1 1
9 1397
1 1
9 3781
1 3
9 1340
9 590
2 3
1 3
9 2887
9 1711
3 16
9 2078
9 2042
1 1
9 2386
1 1
1 3
1 2
1 1
1 3
1 1
2 3
1 1
2 4
1 1
9 3258
1 7
1 3
9 1759
8 75
2 3
1 1
1 1
1 1
9 1819
1 2
3 8
1 1
1 1
1 5
2 4
1 1
2 6
1 1
2 4
1 1
1 1
1 2
3 6
3 11
1 1
1 1
1 2
9 1506
1 1
1 2
9 1196
2 7
2 3
1 2
6 55
1 1
1 1
1 1
9 3695
8 109
2 20
2 4
1 1
1 7
1 2
1 7
1 1
1 1
2 4
1 2
2 9
1 4
3 9
1 1
1 1
1 2
3 7
1 1
2 30
1 6
1 2
9 3345
1 5
1 1
2 18
1 1
1 1
9 3708
2 6
1 3
9 2132
1 2
1 1
9 773
1 2
1 1
9 458
1 1
1 1
9 2341
1 3
1 1
9 1910
9 3643
1 2
9 3044
1 1
1 1
5 25
9 2274
3 60
1 1
2 7
1 1
2 6
1 1
2 5
9 2117
1 3
2 3
1 1
1 1
2 5
3 18
9 939
1 1
1 2
1 1
1 1
1 3
1 1
1 1
9 314
1 1
2 3
9 270
1 4
2 7
1 2
1 1
9 1175
1 2
1 1
1 1
1 1
3 43
9 3541
3 8
1 1
2 18
9 2779
2 3
3 2
1 1
9 2347
2 4
1 1
9 1253
2 6
1 2
1 7
1 1
1 1
3 10
1 1
2 5
9 3454
1 1
2 3
9 2321
1 1
3 5
1 2
1 2
1 4
2 28
1 1
1 1
9 3459
1 7
1 1
6 54
1 1
2 6
1 1
9 3041
9 2152
9 2530
9 3197
1 1
1 2
1 1
9 2674
1 1
1 2
1 1
1 1
1 2
2 3
9 1974
9 2696
9 2124
1 1
1 1
9 1814
1 1
1 2
2 8
2 4
9 3364
2 6
3 12
2 9
9 3224
8 46
1 1
2 2
2 7
1 2
5 25
1 3
3 5
9 1948
1 2
3 9
1 6
2 29
1 1
1 3
9 518
1 2
1 1
1 1
9 895
3 10
1 2
2 5
1 3
1 1
1 12
3 3
1 5
1 2
2 5
1 2
9 512
1 2
1 1
9 2889
1 1
2 6
1 3
9 1917
1 6
1 7
1 3
1 1
9 960
1 6
9 429
1 1
2 4
2 24
1 2
9 1257
1 3
1 2
1 1
1 6
1 5
1 2
1 1
3 10
1 1
1 13
2 3
9 3168
1 1
1 1
1 1
3 17
3 24
1 1
2 3
1 2
1 2
1 3
1 1
1 2
9 1827
8 54
2 5
1 2
2 12
1 1
9 1875
1 2
1 1
2 5
9 2592
1 2
2 31
1 1
2 11
1 1
1 1
1 1
9 1305
9 2620
2 3
1 1
1 2
1 3
1 1
3 11
2 3
2 6
1 3
9 2989
1 3
2 4
1 3
1 1
1 1
3 18
1 1
1 1
1 1
1 8
1 1
1 2
2 3
9 987
2 5
1 3
1 1
9 1734
1 1
1 6
2 14
1 1
2 11
1 1
1 9
1 3
3 7
2 7
1 1
1 1
9 2243
1 1
1 2
1 1
1 1
9 1788
2 7
9 685
1 2
1 1
1 1
9 2772
1 1
1 5
1 3
1 2
1 1
2 3
1 2
5 23
1 1
9 1794
3 7
1 4
1 1
2 6
1 10
1 1
9 1443
1 1
9 982
2 5
9 3610
1 1
1 21
9 3419
1 2
2 7
4 18
1 1
1 2
9 3476
1 1
1 5
1 1
9 3001
3 6
9 3002
9 3373
1 6
9 3534
1 9
1 2
1 1
2 2
3 7
3 20
1 2
2 8
1 1
1 1
1 1
1 1
1 2
1 1
9 870
9 1375
1 2
9 1214
2 4
9 615
2 12
9 887
1 1
1 2
9 1564
9 2601
1 1
9 2401
1 1
3 5
9 3018
1 1
2 7
9 1452
9 3874
9 964
9 1378
1 4
1 4
3 4
1 3
1 1
2 5
1 9
1 1
9 847
9 1124
1 1
1 1
1 1
1 1
9 351
1 1
2 11
9 1299
9 2438
2 15
2 8
3 6
9 3501
1 1
1 1
1 2
1 2
1 1
1 1
1 1
9 975
1 3
1 2
1 2
1 3
1 1
1 1
9 3497
9 3564
1 1
2 4
2 9
1 1
1 3
9 2558
9 3647
2 5
1 1
9 2793
2 40
1 1
9 800
9 2228
6 20
8 54
1 2
1 3
1 1
9 3291
1 1
2 5
9 3029
2 4
1 3
1 1
1 8
9 3667
2 8
1 1
1 1
1 1
1 2
1 3
2 3
8 91
1 7
2 5
9 1646
1 2
1 1
1 14
9 3527
1 1
1 1
9 2518
1 1
1 1
3 9
9 556
9 580
4 13
1 14
2 4
2 4
1 7
1 2
1 1
1 1
2 11
1 1
9 3230
9 3760
9 3428
2 4
1 1
9 1394
1 1
1 2
4 48
1 3
9 2450
1 2
4 40
1 1
1 1
3 7
2 9
3 7
2 3
2 10
1 1
2 5
9 1498
1 1
1 1
2 9
9 1025
2 14
1 7
3 11
1 4
2 14
9 384
9 1211
1 1
1 2
1 1
1 1
1 1
1 1
1 6
1 2
1 1
9 3577
1 1
1 2
1 1
2 6
1 1
1 1
1 1
2 7
9 788
1 1
1 1
9 1894
1 1
2 5
9 556
1 1
9 1043
9 939
9 2288
1 1
3 19
2 9
1 1
9 2885
9 2213
1 1
1 1
1 2
1 1
2 27
9 893
1 2
1 3
4 11
1 2
9 1819
1 2
1 1
1 1
3 7
1 7
1 1
2 7
1 1
9 1566
1 2
1 2
1 1
1 2
2 8
2 8
9 451
1 1
1 3
1 1
1 1
1 1
9 3097
2 12
8 76
2 6
1 1
3 11
1 13
1 6
1 1
1 1
1 1
2 5
9 2599
1 1
1 1
9 1236
3 13
9 836
9 3297
1 1
1 1
1 1
1 1
1 2
1 1
3 10
1 1
1 1
9 748
5 11
1 1
1 1
2 14
9 2521
9 2410
4 12
1 1
1 1
1 2
1 2
9 1734
1 1
1 1
3 13
2 5
3 17
9 519
7 59
1 2
1 11
1 1
1 1
1 1
9 3747
1 1
3 16
1 1
1 1
1 2
1 1
1 1
2 3
1 1
1 2
9 965
1 1
1 1
1 1
9 3330
1 3
1 1
2 13
4 22
1 4
1 9
1 2
1 1
9 1998
2 16
5 30
5 25
7 34
9 2560
1 1
1 3
1 2
1 1
1 2
3 6
2 6
1 2
1 2
1 3
8 143
9 2367
1 2
1 2
2 6
2 3
2 6
1 1
9 2482
9 1488
1 3
1 1
2 7
9 3389
1 4
9 1840
9 3860
9 2498
2 4
1 2
1 1
8 87
1 2
1 1
1 1
2 5
9 1978
2 8
2 9
1 1
1 1
1 1
1 1
1 2
1 1
1 1
1 1
1 1
1 1
1 1
2 9
1 1
9 1151
2 6
1 1
9 296
1 4
9 3778
1 1
1 1
1 1
1 1
2 5
3 30
1 1
9 1735
9 1530
1 1
1 2
1 1
9 3371
1 1
8 86
2 9
1 2
9 3145
1 1
2 6
9 3606
1 1
1 1
1 3
9 1727
7 48
1 1
1 1
1 1
9 1379
1 5
1 2
9 3604
3 4
2 3
1 6
1 1
2 10
1 1
1 12
9 2562
1 1
1 1
9 3698
9 3642
9 3203
1 1
1 1
2 5
1 1
1 1
1 1
1 1
1 1
3 11
2 6
1 1
9 2651
3 16
1 1
1 1
1 1
9 1638
1 1
1 1
1 1
2 4
9 1214
1 2
5 24
3 30
9 1418
1 1
1 12
1 8
9 461
1 2
3 16
3 19
1 1
1 1
9 627
1 2
9 1850
1 1
1 2
2 3
9 2361
1 1
1 1
9 3257
1 4
1 1
1 2
9 1261
4 11
1 1
1 1
2 4
9 692
9 862
9 1944
9 2027
2 4
1 1
9 3424
9 2227
8 133
1 1
1 1
2 19
1 1
1 1
4 14
2 17
1 1
2 3
1 1
2 7
1 2
5 13
3 10
3 10
1 1
1 2
9 2226
1 1
2 4
1 1
1 1
9 549
9 2785
9 3460
1 5
1 1
1 1
1 1
1 1
2 10
2 4
1 2
1 2
3 10
1 1
9 3448
1 2
2 3
9 3354
9 2575
1 1
1 1
1 1
2 6
1 1
2 9
1 1
1 1
2 15
1 1
2 18
1 1
1 1
2 4
3 18
1 1
1 1
5 26
1 1
2 8
2 19
2 3
1 1
1 1
1 1
9 3130
1 1
9 3465
1 2
1 3
2 11
3 5
1 4
1 5
1 2
1 4
1 1
1 2
3 29
1 2
3 21
1 1
1 2
1 2
1 1
1 2
8 57
1 2
9 1449
1 3
9 865
9 1405
1 1
1 1
9 2929
2 6
9 1207
1 1
1 2
2 2
9 2447
1 1
2 4
3 4
9 266
2 3
9 1300
3 22
1 1
2 7
2 5
9 1537
1 2
9 2910
1 4
7 20
1 1
2 15
9 1134
1 1
1 1
1 3
1 2
1 2
1 4
3 18
3 16
1 1
1 2
2 5
1 3
1 2
8 123
1 2
2 6
1 1
9 2903
9 2172
1 8
5 39
1 4
1 2
1 2
1 3
9 2128
9 3498
1 2
1 2
1 7
1 2
2 7
1 1
1 3
1 5
9 1433
1 3
9 2878
1 5
9 2111
2 4
9 3200
1 1
1 2
1 1
9 702
9 1212
9 2852
1 1
9 2391
1 1
2 6
9 1662
1 1
1 1
2 4
1 1
1 2
1 2
2 3
1 1
2 4
1 1
3 13
1 1
1 1
1 1
1 3
9 838
1 1
1 1
1 1
3 8
8 60
1 2
1 2
1 1
9 2446
9 3636
2 6
2 3
9 3340
1 1
1 2
1 3
1 1
3 10
2 4
1 1
1 1
1 1
9 2216
1 2
1 1
1 2
1 2
1 1
1 2
3 30
1 1
1 1
9 1374
2 4
4 28
9 1261
2 6
9 1209
1 1
1 2
1 1
1 1
2 11
1 2
1 2
1 1
2 6
1 1
1 1
1 2
1 1
1 2
1 1
1 1
1 1
1 3
3 15
1 1
1 20
1 7
9 2846
9 1965
1 9
1 1
9 2621
9 1115
1 1
1 1
1 1
1 1
1 2
1 1
1 6
2 3
1 2
1 1
3 9
2 7
9 2390
1 2
2 4
2 4
1 1
1 2
1 6
9 785
1 4
3 9
1 2
1 2
9 2555
1 1
9 3480
1 2
2 4
1 1
9 1305
2 5
2 5
1 5
1 9
9 956
1 2
1 3
8 82
1 1
1 2
1 2
2 7
1 4
1 2
2 4
1 1
1 1
1 1
1 3
1 2
9 2806
2 3
2 3
1 1
9 3546
2 6
1 9
1 2
1 1
1 1
1 1
1 2
9 439
1 3
1 1
1 2
1 1
1 2
1 2
9 191
1 1
9 2588
9 2678
9 2779
1 1
2 5
3 7
1 1
9 2168
1 2
1 3
1 1
9 1780
1 1
1 4
9 1090
9 3325
9 2506
1 1
9 3674
1 1
1 2
3 9
2 6
2 5
9 526
1 1
1 1
1 7
9 2754
9 683
1 3
1 5
1 2
1 2
1 2
1 1
1 1
2 4
1 4
1 3
2 12
1 4
1 1
4 39
1 1
1 1
2 4
9 308
9 3595
4 13
9 2724
1 1
1 1
2 10
1 4
1 1
9 1574
1 2
2 3
1 1
1 8
1 2
9 2423
2 3
3 8
1 2
9 2782
2 6
1 2
9 1330
1 3
1 2
9 705
9 932
1 8
9 1659
1 3
9 1499
1 1
2 4
1 1
9 1772
9 3226
1 1
9 2627
3 18
1 3
1 1
1 1
1 1
9 1225
9 2755
2 3
9 1771
3 52
9 3496
8 79
1 1
1 3
1 1
1 1
2 8
1 1
2 4
9 1935
1 2
2 8
2 6
2 3
1 3
1 1
1 2
9 2878
1 1
1 1
1 4
1 2
3 12
1 1
1 1
6 13
9 312
9 3055
1 6
1 3
1 1
1 2
2 35
1 1
1 2
2 13
1 1
9 329
1 2
9 1405
1 1
1 1
2 9
1 2
9 2244
1 4
1 1
9 3430
9 2387
1 4
9 360
9 2310
1 1
1 4
2 8
1 1
9 2780
1 2
2 3
1 1
1 5
1 2
1 4
1 1
1 1
9 3947
1 1
2 7
1 1
1 2
7 31
2 6
1 1
2 7
9 597
9 373
1 2
1 3
1 2
1 1
9 3746
1 1
1 5
1 1
9 859
1 1
1 2
1 1
1 2
1 2
1 10
1 1
1 1
2 6
1 1
1 2
1 8
1 1
1 4
2 4
3 19
2 4
1 5
1 1
1 2
1 1
3 38
9 2742
9 1145
9 999
1 1
1 1
1 1
1 1
3 23
9 3535
9 918
2 7
1 10
9 905
2 4
1 1
1 1
2 4
1 5
1 1
2 6
2 3
9 3832
1 1
9 3022
1 1
1 1
1 1
9 874
2 5
9 428
2 5
1 1
1 3
9 3275
3 5
1 1
1 1
2 9
4 25
4 12
2 26
1 1
1 1
1 21
1 1
9 2103
9 3518
1 1
1 1
1 1
1 2
1 5
1 1
9 740
2 7
1 2
9 3754
9 2354
1 1
1 1
1 1
9 1082
9 2137
3 21
1 2
1 2
1 1
9 3707
1 3
1 1
9 996
9 3437
1 1
4 14
1 1
9 608
9 3411
2 8
1 1
1 1
1 2
9 261
3 35
1 6
1 1
1 1
3 16
1 1
3 8
1 1
1 5
1 1
1 1
1 1
2 4
1 1
1 2
2 4
1 1
1 1
3 8
1 2
1 1
2 3
1 1
1 1
9 2353
3 34
1 2
2 3
1 4
1 2
2 4
9 2715
7 28
1 1
9 1648
3 20
9 2173
1 1
9 1166
1 3
3 42
3 5
2 10
1 2
9 3624
8 139
1 4
9 1618
9 2570
1 1
1 2
1 1
1 4
1 2
9 3340
3 40
3 4
1 1
1 1
1 1
9 441
1 1
1 1
9 3402
1 3
1 1
1 3
1 3
2 4
1 3
2 6
1 1
9 2535
4 27
1 1
1 2
2 6
4 16
1 2
1 3
1 1
1 8
1 1
9 3198
4 11
1 1
1 2
9 2141
9 2721
9 2814
8 56
9 193
9 2853
1 1
1 1
9 2124
9 1099
9 1160
1 1
4 24
9 2264
9 1890
1 3
1 2
1 4
1 1
9 333
1 1
1 1
1 1
1 2
1 1
1 1
1 2
2 6
1 2
9 269
1 1
1 1
1 2
2 14
2 2
2 5
1 3
2 4
9 3361
1 1
1 3
9 1849
2 5
9 318
1 2
1 1
9 3803
2 4
1 1
1 11
1 1
9 336
1 3
9 511
1 2
2 4
9 1674
1 1
1 2
1 4
2 6
1 14
1 2
1 1
1 3
1 3
1 3
2 5
1 2
9 1629
1 1
2 7
1 1
9 3444
2 4
1 1
9 2416
1 5
1 1
2 18
1 2
4 16
1 4
1 2
1 1
9 1377
1 1
1 2
1 2
1 1
1 1
1 1
1 2
1 2
1 1
1 1
1 1
1 1
3 10
1 1
1 1
1 1
1 1
1 1
2 3
2 5
2 5
3 5
1 1
2 4
1 1
1 1
1 1
1 1
1 1
1 1
1 1
1 1
1 2
1 2
1 1
1 1
1 7
3 27
1 8
9 2359
9 1463
9 1954
2 3
1 3
2 5
1 1
1 1
1 1
2 2
1 1
1 1
9 1863
1 1
1 3
1 1
1 1
9 1724
1 1
1 1
9 3439
1 1
9 766
2 5
1 1
9 554
9 277
1 6
1 5
9 2354
7 31
9 1786
1 1
9 1551
9 765
1 3
1 1
1 2
2 36
1 1
1 1
1 1
9 353
9 1620
9 2838
1 8
1 1
1 1
1 1
1 1
1 1
1 1
1 1
9 3192
1 4
9 3163
1 1
1 5
2 10
2 6
1 1
2 7
2 4
9 721
2 3
1 1
2 13
2 10
2 3
2 7
1 5
1 1
1 1
1 1
1 1
1 1
1 2
9 1134
1 1
1 1
1 1
1 2
9 2445
6 28
1 1
1 1
9 1232
1 1
1 1
1 10
1 2
9 953
1 2
1 1
2 9
1 5
1 9
9 998
2 3
1 1
1 1
1 2
3 14
1 1
9 650
9 3119
9 2088
1 1
1 14
8 197
1 1
9 2298
1 1
1 1
1 1
1 1
2 8
5 38
9 2034
9 2156
1 1
2 12
1 1
1 1
9 1952
9 3343
1 1
1 1
1 1
1 1
2 6
2 5
9 4021
9 2452
1 1
9 1287
2 7
2 9
2 6
1 1
2 4
1 1
1 1
3 9
1 1
9 2935
3 5
3 10
5 35
1 1
4 72
9 2624
1 1
2 3
4 21
1 1
2 3
1 1
1 1
9 2628
1 1
1 1
9 434
2 5
1 2
9 3070
1 1
9 3224
9 1847
3 5
1 3
2 3
9 289
9 2887
1 1
2 3
9 2474
1 1
2 3
3 7
9 1822
2 5
9 1648
1 2
9 2895
1 1
1 1
1 1
9 1026
3 15
3 7
1 3
9 762
1 1
2 14
1 1
3 9
3 12
1 1
1 2
2 4
9 480
3 6
9 3111
1 1
9 1184
2 4
1 1
1 2
9 2676
9 4010
1 2
1 1
2 6
3 31
1 5
1 2
9 1428
1 1
1 2
2 20
2 8
1 3
9 1896
9 3272
1 1
9 2047
1 3
9 2592
1 1
1 1
9 1084
1 2
1 1
1 2
1 1
9 3704
1 1
1 1
9 2685
1 1
9 3023
1 2
1 1
1 3
9 2828
1 1
1 2
1 2
1 2
2 5
2 3
9 1974
1 1
9 3804
9 3256
9 361
1 1
1 1
1 2
1 1
9 1301
1 2
9 1458
1 1
1 3
1 1
2 12
1 2
1 1
1 7
1 5
1 1
9 1352
1 3
9 1829
1 1
1 1
1 1
9 2913
1 1
1 2
1 4
9 3690
9 1562
1 3
9 1445
1 2
1 2
1 1
1 1
1 1
1 1
1 1
9 1781
1 1
1 1
1 1
4 14
1 2
1 4
2 27
9 441
1 6
1 2
9 549
1 1
1 2
2 5
2 14
2 3
1 1
9 1869
2 4
2 6
9 3674
2 16
1 1
1 2
1 1
9 266
1 1
2 5
2 23
1 3
2 3
9 1743
9 1434
5 22
1 2
9 1611
9 3707
2 3
1 1
1 1
1 1
3 9
9 772
9 1964
1 1
3 7
1 1
1 2
1 1
9 1405
1 1
9 2433
2 17
1 1
1 1
2 11
1 4
1 1
2 4
1 3
1 1
9 1636
2 5
3 10
1 1
1 2
1 1
4 39
1 1
2 3
2 9
1 1
1 1
9 937
1 1
3 9
1 1
1 3
2 6
3 8
1 1
1 1
3 12
2 16
1 13
1 3
1 4
1 10
1 1
1 2
1 1
1 5
1 3
9 3977
2 6
1 2
9 3538
2 6
1 2
1 1
1 1
1 1
5 22
1 1
1 1
1 2
1 1
9 2358
9 394
2 4
1 6
4 19
9 1448
2 3
1 5
8 90
1 1
9 3620
9 2260
3 32
1 1
1 2
2 5
1 1
1 1
9 3190
9 763
1 1
1 1
9 2406
1 1
1 7
5 31
9 3026
1 1
9 2679
2 5
3 45
1 1
1 2
8 87
1 1
9 2469
9 3466
2 14
3 16
9 3500
2 6
1 3
2 4
9 238
1 1
1 1
2 4
1 1
9 3231
2 29
1 1
9 607
1 15
1 1
1 2
2 5
1 3
1 2
1 1
2 8
9 1311
2 6
1 1
9 3190
1 2
9 525
1 1
1 2
1 1
1 7
2 6
9 2584
1 2
2 6
1 1
1 2
1 1
9 638
1 1
1 11
1 8
2 6
2 3
9 3451
1 2
1 1
1 2
1 1
2 10
1 2
1 2
2 16
3 12
1 18
2 4
3 8
2 30
1 2
9 2906
1 3
2 4
2 4
1 1
2 3
9 1197
9 577
1 2
9 2747
1 2
9 1605
9 2605
1 2
1 1
2 7
1 1
9 2841
1 1
1 1
1 2
4 22
1 3
1 1
1 4
1 7
9 1876
1 1
9 1619
1 1
1 1
1 1
1 10
9 689
1 1
1 1
2 5
9 1381
1 2
1 1
9 3709
2 10
3 7
1 1
1 1
2 4
1 1
1 1
1 1
8 106
1 1
1 1
2 6
1 2
1 1
9 3809
9 2465
9 304
1 5
1 1
1 1
1 1
2 4
9 431
1 1
1 1
1 2
2 4
1 1
2 8
1 1
1 1
1 1
1 2
1 9
1 2
1 1
1 2
1 1
5 16
1 1
1 1
1 1
1 1
9 3481
2 4
9 343
9 2635
2 6
1 1
1 1
1 17
1 1
9 1446
2 3
3 10
2 4
1 1
3 5
9 250
9 3178
1 1
1 1
1 1
1 1
1 6
1 1
1 1
1 2
1 1
1 1
2 7
3 14
2 17
1 1
1 1
7 29
9 207
1 8
1 1
9 1483
1 1
9 871
3 9
1 3
1 8
1 6
1 1
1 1
2 9
1 1
9 1374
9 2149
1 2
9 3104
1 1
4 30
1 1
9 1063
2 4
1 1
9 2264
9 499
1 1
9 583
1 4
2 11
1 5
1 1
1 6
1 1
9 3377
1 2
1 1
1 23
1 3
1 1
1 1
9 2803
1 1
1 3
1 1
1 1
1 1
1 1
1 1
9 1084
1 1
9 2276
4 41
1 6
9 2803
9 2563
9 480
9 957
1 4
1 1
4 11
2 3
1 8
1 2
2 3
2 11
2 3
1 1
1 1
1 3
1 1
1 1
1 1
2 7
3 4
1 1
1 1
1 2
1 1
1 2
1 1
2 6
9 1994
1 1
1 4
9 2482
1 5
2 5
2 9
1 1
9 2905
1 1
2 3
2 3
1 4
2 22
1 1
9 3390
9 1447
9 3816
1 2
9 628
9 1446
9 2524
9 3730
9 1460
1 3
1 1
1 1
1 2
3 8
9 829
2 20
3 26
3 34
1 1
2 3
1 1
1 1
8 52
2 11
1 1
9 497
1 1
9 471
1 1
1 1
1 1
3 14
1 1
1 1
1 6
1 1
1 1
1 1
1 1
3 61
1 2
1 1
9 1195
3 27
7 36
1 1
1 1
1 2
1 6
1 1
1 1
9 473
1 1
2 6
1 2
1 3
3 8
1 1
1 1
1 1
2 5
9 816
1 1
1 1
9 3260
2 6
9 1068
1 2
2 4
1 1
1 1
1 1
9 784
9 2653
1 1
1 1
9 2181
1 2
1 1
1 1
1 1
9 1819
1 3
1 11
1 1
1 8
1 2
2 9
1 1
1 1
1 1
3 7
9 1347
1 2
1 1
1 3
9 1038
2 4
1 1
1 1
1 1
1 1
2 4
1 1
1 1
1 1
2 4
9 1144
1 1
1 2
2 4
1 1
2 6
1 1
1 1
1 1
1 1
9 429
1 12
4 12
1 1
3 9
1 2
1 1
9 1205
3 29
9 1900
1 1
1 1
1 1
2 3
1 1
9 2874
9 2990
2 5
9 1474
1 1
3 7
1 1
1 4
1 1
1 3
9 1259
9 2231
1 1
1 1
1 1
9 3273
1 1
9 950
1 1
1 1
2 3
2 3
1 1
1 2
9 1987
3 26
1 2
1 7
1 3
1 1
1 1
1 2
1 1
1 1
1 4
2 3
1 4
9 3079
2 3
9 757
1 1
3 15
1 1
1 1
2 3
1 1
2 9
1 1
1 1
1 1
2 5
9 881
1 2
8 114
3 10
4 10
8 39
1 1
2 7
1 1
1 1
1 1
1 1
1 1
1 1
1 1
9 2555
1 1
1 1
3 8
9 813
1 2
1 4
3 21
1 2
1 4
3 9
9 3830
2 11
2 10
1 1
1 1
9 3651
1 1
1 2
1 1
1 1
1 16
2 6
2 4
1 1
9 1376
2 10
9 857
1 1
1 3
9 2965
1 2
1 1
9 1205
1 1
1 7
2 7
1 1
1 3
1 1
9 795
1 1
1 1
9 589
1 1
1 7
9 3813
1 1
1 1
1 2
2 4
1 2
1 1
1 1
1 1
9 558
9 1775
9 2635
1 2
1 4
9 3250
9 1867
9 2885
1 5
1 1
1 1
3 11
1 1
1 1
1 1
1 3
1 1
1 1
1 1
1 1
1 1
1 1
1 1
1 1
3 12
2 3
2 3
9 365
1 1
1 1
9 3374
1 2
1 1
3 6
1 8
9 1466
9 3124
3 19
1 1
1 9
1 2
1 1
1 1
2 2
1 1
9 931
9 1873
1 14
3 46
2 7
1 5
1 1
9 3962
2 4
3 7
1 1
1 1
1 1
3 7
1 2
1 1
1 3
1 1
1 3
3 13
1 1
4 34
1 1
9 3168
1 1
9 2577
9 2774
1 2
9 1017
2 4
1 1
2 2
1 5
1 1
2 4
1 2
1 1
2 4
9 3042
1 3
1 4
9 2259
1 1
2 3
1 1
1 1
1 1
1 2
1 1
1 1
1 5
4 10
1 6
1 1
9 669
2 5
9 1501
1 1
1 1
1 1
1 1
3 13
2 4
1 1
9 469
1 1
1 1
1 1
9 802
9 1261
2 11
1 1
1 1
3 14
1 1
9 1956
9 485
2 5
1 1
4 8
9 2762
1 1
1 2
2 4
1 1
9 1639
2 3
1 3
9 2470
1 1
1 1
2 3
1 1
1 1
1 1
1 2
1 1
2 3
2 24
9 2301
1 1
1 1
2 7
1 1
1 8
5 19
2 6
9 529
1 1
1 4
1 7
1 1
1 1
1 1
9 3192
1 1
9 1929
4 25
1 1
1 1
4 6
1 1
1 1
1 1
9 1887
1 1
1 3
1 1
1 1
1 2
1 1
3 5
1 1
2 5
1 3
1 1
9 1909
2 4
2 3
2 4
5 24
1 1
1 1
9 1836
1 2
9 2711
1 1
3 44
9 904
9 2715
1 1
9 3352
9 372
1 1
3 8
1 1
1 1
2 8
1 1
3 14
9 2704
1 1
1 1
2 6
3 9
9 3725
1 1
4 13
1 2
2 6
1 1
9 1204
1 1
1 1
9 2993
1 1
9 2945
1 1
1 1
1 1
1 1
1 1
9 1847
1 1
1 1
1 1
1 1
1 1
4 18
1 1
9 901
1 1
1 7
9 2151
1 3
1 7
1 1
2 2
2 4
2 3
1 4
1 1
1 1
1 1
1 1
9 858
9 1716
1 1
3 8
1 1
2 14
1 1
1 6
1 2
1 1
1 1
3 13
9 1883
1 3
1 1
9 278
9 1285
3 3
1 7
1 1
1 1
1 1
1 1
9 737
1 2
1 1
1 1
9 874
1 2
3 56
3 39
1 1
2 3
1 1
2 3
2 4
1 1
2 9
1 5
2 10
1 1
2 14
9 3250
1 1
1 1
1 1
3 7
1 1
3 9
1 2
1 3
1 1
1 1
1 1
9 2396
2 5
1 2
1 4
1 1
1 1
1 1
2 5
9 2939
1 2
9 706
9 1522
9 1699
1 3
9 1284
1 3
1 1
1 1
1 2
9 280
1 2
1 2
2 6
1 1
9 689
2 5
1 2
9 1619
1 2
9 2040
1 2
1 2
2 16
1 3
3 30
2 3
9 427
2 3
9 2903
1 1
1 1
3 12
1 3
1 1
1 1
9 668
1 1
9 2618
1 3
1 1
1 2
1 2
4 8
9 2656
3 4
1 2
1 5
9 2842
1 1
1 17
1 1
1 2
9 3112
8 63
9 1544
1 2
1 1
1 1
1 2
9 1270
1 1
1 3
1 1
1 1
1 2
9 2980
9 2211
1 2
2 4
9 3277
1 2
3 15
2 4
2 4
1 1
1 1
9 742
1 1
9 3636
1 2
1 1
1 2
1 1
1 2
2 4
9 325
1 1
1 1
1 2
1 1
9 3198
9 3605
9 1852
1 1
1 1
1 1
1 1
8 151
1 1
9 666
1 2
1 2
1 5
1 3
9 2010
1 1
1 1
1 4
9 1970
2 3
1 1
2 4
1 1
1 2
2 8
1 3
1 1
9 2088
2 5
9 1580
9 912
1 2
2 3
2 6
1 1
1 1
9 2403
9 1396
6 16
1 3
1 1
1 1
1 1
1 1
2 3
1 3
1 2
9 3069
1 2
1 1
1 1
1 2
1 1
9 3153
2 16
3 6
1 1
9 1018
1 3
1 1
1 2
1 6
1 1
8 138
3 9
1 1
1 2
9 2532
9 1880
1 1
1 3
1 1
9 1673
9 462
9 1660
2 3
9 3810
1 1
9 1107
8 85
1 1
2 16
1 5
2 21
1 1
9 2099
2 11
2 3
1 3
1 2
1 1
2 11
1 2
1 1
1 1
9 2702
1 3
1 2
1 2
9 3761
1 2
1 2
1 2
1 7
1 1
1 2
1 1
3 28
1 1
1 1
9 1691
1 1
1 2
1 4
2 6
1 2
1 1
1 1
1 4
1 1
1 1
2 6
9 1320
2 3
1 2
1 1
9 1924
1 2
1 2
1 1
2 6
1 1
2 7
9 264
1 2
1 2
1 1
2 16
1 1
9 711
1 5
9 1095
1 1
1 4
8 134
2 3
2 7
1 1
2 4
9 125
9 2931
1 1
1 1
1 2
9 2707
1 2
1 3
1 1
1 1
2 5
1 1
1 1
1 2
5 19
2 5
9 285
3 5
1 1
1 2
1 1
1 1
1 1
1 1
1 1
9 162
9 2125
2 8
1 1
1 2
2 15
1 2
1 2
2 5
1 1
2 7
9 1452
2 4
1 1
3 7
9 2292
3 63
4 9
1 2
1 1
1 7
1 1
1 2
2 7
1 1
1 1
1 1
1 1
2 4
1 1
9 1710
1 5
1 2
3 9
2 3
1 1
1 1
9 2895
1 2
2 26
9 3599
3 11
1 2
1 2
1 5
1 2
1 1
1 2
1 1
1 2
1 5
9 2928
1 1
1 5
1 2
1 2
1 1
1 1
1 2
9 595
2 7
1 2
2 5
1 3
1 1
9 1041
1 1
1 2
3 14
2 5
2 3
1 2
9 2870
9 3929
1 1
3 62
9 1712
9 1243
2 6
2 4
1 4
9 1353
1 1
1 1
1 1
2 7
4 68
1 2
2 3
9 2195
2 3
1 2
1 2
1 1
2 4
1 1
1 1
1 1
9 3217
9 3830
2 25
1 6
2 5
2 3
9 1434
1 1
1 9
9 2319
1 1
1 1
1 1
9 496
9 3741
2 6
2 3
1 1
2 5
9 2292
2 2
9 2337
1 1
1 1
1 2
1 1
9 2623
1 3
2 13
1 1
2 3
2 6
1 2
1 3
3 9
1 1
2 20
3 16
1 1
1 1
1 1
1 6
1 3
9 1037
3 5
1 8
1 3
1 2
9 712
1 1
9 2475
5 11
1 1
1 5
3 13
3 6
1 4
1 1
9 2922
1 1
1 12
1 1
1 1
9 2921
1 1
1 2
2 11
1 3
1 1
1 6
2 8
2 7
2 2
1 1
1 2
3 57
2 17
1 1
1 1
9 3172
2 44
1 1
2 5
1 4
1 1
1 2
1 1
9 600
9 3507
1 1
1 2
2 4
9 1971
9 1628
2 5
1 4
6 14
1 1
1 1
1 2
2 5
9 3712
9 210
1 1
1 1
9 524
1 2
1 2
9 3214
1 2
1 1
2 7
9 2754
3 8
1 3
1 4
9 3714
1 1
9 1703
9 3734
1 1
1 2
1 2
1 2
1 1
1 1
1 2
1 1
2 10
8 155
1 2
1 1
6 39
3 5
1 1
2 5
9 3988
9 3003
9 2821
4 13
1 2
9 1751
2 15
1 4
1 1
2 7
8 91
3 7
1 2
9 2810
1 1
1 1
9 3049
1 2
1 2
1 1
1 1
1 1
1 1
1 1
1 1
1 4
1 2
3 12
3 37
9 834
3 13
2 8
1 1
2 4
1 1
9 2793
2 11
2 6
1 2
1 4
9 1831
1 1
4 13
9 3530
3 8
2 11
2 3
2 3
1 4
3 30
1 1
2 4
1 4
2 4
1 1
1 3
1 2
2 3
9 1186
1 3
1 1
9 1271
9 1165
4 12
1 1
1 1
2 10
1 1
1 4
1 1
9 3997
1 1
1 2
2 4
2 3
1 1
1 1
1 2
8 40
1 4
9 2789
9 1725
9 2445
2 3
8 59
8 116
1 1
2 8
1 1
1 1
9 1672
1 2
2 7
1 1
9 3851
2 4
9 1722
1 1
1 1
1 3
3 7
2 8
1 3
1 2
1 1
9 2319
1 4
3 11
1 2
1 2
9 2925
1 1
1 1
1 3
2 3
1 1
1 1
9 1075
1 1
1 1
4 17
1 1
9 3743
1 1
9 2554
1 2
1 2
1 1
1 1
1 1
9 1152
1 2
9 3647
1 1
9 2432
1 1
2 5
1 2
9 652
1 1
1 3
1 2
1 1
1 2
1 2
1 1
2 4
1 1
6 16
1 7
2 9
9 3311
2 18
2 16
1 2
1 1
1 1
1 2
1 2
1 2
1 6
1 1
9 3186
2 2
1 2
1 1
1 2
1 3
9 932
2 3
1 1
1 1
9 1559
1 1
2 7
3 12
9 622
1 1
2 5
1 1
1 1
1 1
1 2
9 3303
1 1
9 2083
1 5
1 1
2 6
2 15
1 1
9 969
9 3345
1 2
9 2101
2 7
9 2373
2 3
1 1
1 1
1 1
9 2405
9 3009
1 1
1 2
1 1
1 5
1 4
1 2
2 5
3 9
8 77
1 1
1 2
9 3381
1 3
9 563
1 1
1 1
1 3
2 3
1 1
1 19
1 1
1 2
9 1535
1 1
2 4
2 10
2 31
1 1
1 2
9 2695
8 149
1 1
9 735
9 3362
3 12
9 3396
1 1
1 9
1 1
1 1
9 1160
2 2
1 4
1 10
9 3483
1 1
1 1
9 2696
9 3296
1 4
1 2
1 1
1 2
1 1
1 3
1 1
9 2672
9 3989
1 2
2 8
9 3285
1 1
1 1
1 1
1 2
9 3661
5 27
1 2
1 1
1 3
9 2645
1 1
9 1185
1 1
8 90
2 9
9 1397
1 1
2 5
1 8
1 1
1 2
9 3168
9 2989
1 1
2 14
1 3
1 1
1 8
1 1
1 10
1 3
1 1
1 1
2 9
8 44
1 1
1 1
1 1
1 1
2 5
2 13
2 7
1 1
1 1
3 10
5 29
9 3526
9 3887
2 5
2 3
9 1018
3 6
1 1
2 3
1 1
1 1
1 3
1 1
1 1
2 5
9 3690
2 4
1 3
1 2
9 3157
1 4
1 3
1 1
3 8
9 2929
1 2
9 344
1 1
7 36
2 4
9 2917
1 1
1 2
2 7
1 1
1 1
9 1901
9 1060
1 1
2 3
1 2
2 8
1 3
3 6
1 2
9 2988
1 1
1 1
1 2
2 3
1 2
9 3424
1 1
2 4
9 1447
9 1371
2 5
1 1
1 1
1 1
1 5
5 30
1 1
9 2097
1 1
1 5
1 1
1 1
1 2
1 3
1 2
9 4009
1 1
9 3813
9 3192
1 1
1 1
2 4
9 934
3 10
1 1
1 2
2 3
1 1
1 14
9 854
3 5
2 6
1 2
3 31
2 7
1 1
1 1
3 8
1 1
9 896
1 1
1 4
1 2
1 3
1 8
2 4
1 7
2 13
1 3
9 301
9 1420
1 1
1 3
1 3
5 21
3 24
1 1
1 1
1 1
9 2305
1 1
1 1
1 7
8 64
9 3455
2 6
1 1
1 1
2 5
2 6
1 1
1 6
1 3
1 1
1 3
9 1497
1 1
9 2788
1 4
1 4
1 2
2 3
1 2
2 3
3 27
2 41
1 5
3 17
1 1
1 1
1 1
1 1
1 2
2 5
2 3
1 2
2 8
9 1311
1 6
1 1
9 878
1 2
1 2
9 3430
1 1
2 3
2 4
1 4
1 1
1 3
1 1
3 12
2 10
2 3
1 3
2 5
1 1
1 4
9 2181
9 3082
1 2
1 5
9 2297
1 1
9 370
1 3
4 27
4 47
1 4
1 1
3 52
2 5
1 2
1 12
2 4
1 1
5 34
2 3
3 10
1 1
9 3170
1 1
9 3831
1 1
1 3
1 3
4 11
2 5
1 2
1 2
1 3
1 1
1 1
9 2952
2 5
9 1752
1 1
3 8
9 1403
1 4
9 744
1 2
1 1
1 2
1 2
9 987
2 4
1 2
1 1
9 1718
1 3
3 10
1 1
1 8
2 5
1 4
2 38
1 3
1 5
1 6
1 1
1 9
9 526
1 1
1 21
1 3
3 9
1 1
1 1
2 6
5 25
3 10
9 3528
3 12
4 11
1 2
1 1
1 1
1 2
1 1
1 1
1 1
1 3
9 1814
1 1
1 2
1 2
1 2
1 1
1 2
9 247
4 15
3 11
3 12
1 2
1 1
1 1
1 1
1 2
2 3
1 2
1 1
1 1
1 1
3 6
2 6
2 11
2 6
3 25
1 1
1 2
9 3593
1 1
3 9
1 3
1 2
2 10
1 2
1 3
9 3603
1 1
1 1
1 1
1 2
1 1
4 19
1 1
9 3751
9 3767
9 1048
1 2
2 6
2 8
1 1
1 1
9 1586
1 1
1 3
2 5
9 2803
1 2
1 2
1 1
9 2525
3 29
3 19
1 1
9 327
9 2489
1 2
1 1
9 558
2 5
1 2
2 5
1 2
3 20
1 1
1 2
9 1090
1 1
1 2
1 1
1 1
2 3
1 2
1 1
1 1
1 2
1 1
1 2
1 1
9 1343
1 3
2 6
1 1
1 3
1 2
1 2
9 824
1 4
1 1
9 282
2 3
2 3
9 1716
1 1
1 1
9 887
9 2778
9 3922
4 39
1 3
3 36
9 3087
1 3
1 4
1 1
1 1
8 67
9 2827
1 1
1 1
9 3469
7 31
1 1
1 1
2 5
9 2851
2 23
1 16
2 4
1 1
3 8
1 1
1 2
1 1
3 12
1 1
9 2390
1 1
2 3
1 5
1 1
2 5
1 1
1 1
1 1
1 1
3 18
1 2
2 11
2 7
2 8
2 8
1 2
1 1
9 3830
1 1
1 1
1 1
2 5
1 4
1 1
9 2322
9 3387
1 1
2 20
1 4
1 1
4 14
2 3
1 2
2 6
1 1
1 1
1 1
8 90
9 748
2 4
4 67
1 2
9 1291
9 1026
1 1
6 21
1 1
1 1
1 1
1 1
1 2
3 6
1 2
1 1
1 1
2 4
1 4
1 3
3 20
1 1
1 3
1 1
1 2
1 1
1 2
1 1
1 1
1 2
1 3
2 4
1 3
3 54
9 2144
1 1
2 25
2 7
9 1636
1 6
9 3428
1 1
9 3842
8 69
1 1
2 5
9 1590
1 1
9 800
9 472
1 1
1 2
9 2369
2 19
1 1
1 2
9 2865
1 2
2 8
1 2
1 1
1 2
1 1
1 2
7 36
9 2885
1 4
9 2843
1 1
2 5
1 1
1 1
1 1
1 2
1 1
9 3134
1 1
1 1
1 7
9 3585
1 1
1 1
1 6
9 2095
9 993
2 3
1 1
2 10
1 1
1 4
1 1
1 1
3 9
1 1
9 615
1 1
2 3
4 36
1 1
1 1
3 29
1 1
1 7
1 1
2 4
9 1665
9 3364
1 2
1 8
1 2
1 1
9 3731
9 2456
1 1
9 1312
1 1
2 8
9 2789
1 1
9 3661
1 1
1 3
1 1
1 1
1 2
1 2
9 2461
1 1
9 2471
9 293
1 2
1 1
1 2
1 1
9 2661
9 640
8 118
2 3
9 2070
1 2
1 4
1 1
1 1
1 1
2 4
3 48
1 1
9 1951
1 1
4 7
1 1
2 5
3 14
1 3
1 1
2 3
1 2
9 1651
1 1
9 1732
1 4
1 9
1 2
1 3
1 1
3 5
3 26
1 1
9 3390
1 2
1 3
9 3566
2 3
2 8
2 4
1 1
1 2
1 1
3 8
1 5
3 21
1 10
1 1
1 1
9 3082
2 16
1 1
1 1
1 1
9 1773
2 5
2 10
1 1
8 132
1 5
1 1
2 7
1 2
2 5
1 1
1 1
1 1
1 1
1 6
1 8
2 3
1 3
1 1
1 3
9 845
1 1
1 1
2 4
1 4
2 6
3 7
1 3
9 2575
3 41
1 1
2 3
3 8
1 2
2 6
1 1
1 3
3 15
1 2
1 1
9 2688
9 657
9 330
9 2547
9 225
9 1943
3 11
4 14
1 5
1 4
9 2488
1 1
9 231
9 2537
9 3210
1 1
2 3
2 5
1 1
1 1
1 1
1 2
2 5
1 3
1 3
1 15
1 7
1 2
1 2
9 685
1 2
1 1
1 1
5 24
1 1
1 1
2 3
9 1497
9 350
2 3
1 4
1 2
3 8
2 5
1 2
1 2
2 6
9 1362
1 1
1 2
1 2
2 5
1 1
9 580
2 6
1 2
9 371
2 5
9 459
1 3
1 1
9 2105
9 1368
1 2
4 44
1 1
9 848
9 3288
9 2191
1 1
2 5
8 65
1 2
1 3
1 2
1 3
8 65
1 11
9 2892
9 3423
1 1
1 2
4 17
1 1
1 1
1 1
1 1
1 1
1 2
1 1
2 8
2 3
1 3
9 2581
1 1
1 1
5 51
2 5
9 3147
9 325
9 1074
1 1
9 1396
1 1
1 1
9 3835
1 4
1 5
9 3440
5 21
1 1
9 3151
1 1
1 1
1 1
2 5
2 11
9 3135
1 1
9 495
1 1
1 1
9 2699
2 4
4 9
9 1832
1 1
1 1
1 1
4 11
9 2095
1 4
1 11
2 5
3 18
2 9
1 1
9 3115
1 13
9 3824
1 6
1 3
1 1
3 8
1 1
9 796
1 1
1 1
1 1
8 152
2 5
1 3
3 27
1 18
1 1
2 10
1 1
1 1
1 11
9 2379
1 3
2 6
1 1
9 1192
2 3
1 1
1 1
1 6
9 2623
3 5
2 4
9 3806
9 856
1 2
9 1488
2 10
2 5
1 1
1 3
1 1
9 1833
1 1
1 1
9 3581
9 2071
1 5
1 2
2 3
2 5
2 6
1 1
9 256
9 2688
1 2
1 8
8 40
1 1
1 1
1 1
1 1
9 1210
2 7
9 1166
3 7
9 1037
2 4
8 76
1 3
1 1
8 45
9 3695
1 4
1 2
1 1
9 2513
9 1195
1 3
4 29
3 31
1 2
9 3343
9 3620
1 3
1 1
1 1
4 16
3 4
1 2
1 2
3 8
1 2
9 2034
9 2002
1 2
2 7
3 5
9 3536
9 1740
9 1452
1 1
1 3
9 782
1 1
3 18
1 14
1 1
2 6
1 1
1 6
2 5
1 1
9 3979
1 1
8 94
1 1
2 3
8 159
2 9
9 328
9 437
2 12
1 4
1 3
1 1
1 1
1 1
9 1888
1 1
1 4
1 12
1 1
1 15
2 17
9 3649
9 1486
1 4
1 1
1 1
1 2
1 2
1 2
1 1
9 3758
2 3
2 7
1 2
1 1
4 11
9 2884
1 1
1 1
8 109
1 1
1 1
1 2
1 2
1 1
9 3802
1 5
2 5
3 11
1 3
1 1
1 1
1 3
1 1
1 2
9 2746
2 4
2 5
2 3
1 6
1 1
1 3
9 1310
3 11
1 1
9 3767
1 2
1 1
1 1
1 2
5 85
9 1586
2 4
1 2
9 1480
1 18
9 428
1 1
1 1
1 1
2 6
2 6
1 1
1 2
1 1
9 3162
1 4
1 1
9 1983
1 4
1 2
1 1
1 1
1 1
9 760
1 2
9 2659
1 1
9 1802
3 9
1 1
1 5
2 4
9 2655
1 1
9 2039
1 1
9 3358
1 1
1 1
2 3
1 1
1 1
2 9
1 1
9 3690
1 2
1 1
2 4
1 1
1 3
2 3
1 1
1 3
2 8
9 1762
1 1
2 4
2 3
3 42
1 1
2 7
1 1
1 2
1 3
1 1
9 1423
1 1
1 2
1 1
1 3
9 1910
2 3
1 2
1 10
1 1
2 4
1 4
9 3443
9 2915
1 2
9 2534
9 2711
2 7
1 4
1 1
1 1
1 1
1 1
3 8
9 1834
9 2047
1 1
9 1621
1 4
3 9
1 2
1 3
1 2
9 3308
2 13
1 1
1 2
1 11
9 1975
1 1
1 2
9 2911
9 3794
1 2
1 1
1 3
2 3
1 3
1 1
9 345
1 1
1 2
1 2
1 5
4 14
2 4
1 3
1 3
1 1
1 8
6 26
1 1
3 10
1 2
2 9
1 2
1 1
1 3
1 1
1 4
9 1150
1 1
1 5
1 2
1 1
9 2439
1 1
1 1
1 1
1 3
1 5
1 5
1 1
1 1
1 2
1 1
2 7
2 5
4 13
9 3445
1 4
1 1
2 3
9 1690
2 14
1 2
1 2
1 5
9 3533
1 1
9 335
1 4
9 460
1 1
1 2
1 1
1 5
2 7
9 3198
3 5
1 1
8 133
1 10
2 4
3 8
2 5
2 2
2 3
1 1
1 5
2 4
1 9
1 1
2 4
1 1
9 909
1 4
9 1775
1 1
1 1
1 2
1 1
9 1993
1 1
1 2
9 1405
1 1
1 1
1 3
9 1690
9 1701
1 2
8 32
1 2
1 2
1 1
2 23
1 7
1 2
1 2
1 1
9 818
9 2723
3 11
1 1
1 4
1 1
2 3
1 1
1 1
1 2
9 2998
1 1
6 54
1 13
1 1
1 1
1 1
9 3798
2 10
1 1
9 1020
9 805
3 8
9 2314
1 1
2 3
9 625
3 12
1 1
2 3
9 2271
1 1
1 3
2 8
2 6
9 720
1 2
9 2349
1 2
2 10
1 1
1 13
1 1
9 2495
1 2
1 1
9 2123
1 22
9 3015
1 1
3 11
1 1
1 3
9 530
2 3
2 3
1 1
1 1
9 2889
1 1
3 8
2 6
1 1
1 2
1 2
9 986
1 1
1 3
1 13
2 5
1 1
1 2
5 16
3 15
2 3
1 1
1 1
1 2
7 28
2 12
1 1
3 34
3 6
1 1
9 659
9 2140
1 10
1 1
6 25
9 780
4 8
2 4
9 623
2 6
1 1
1 1
1 1
1 1
3 27
3 32
1 2
2 6
1 1
3 10
1 2
1 1
1 1
9 1706
9 851
3 22
9 687
1 1
9 2115
2 3
1 1
2 5
1 1
1 1
1 1
2 3
1 1
9 416
1 1
1 8
9 2169
1 2
9 1368
9 3185
1 1
1 1
1 1
1 1
1 1
1 2
1 1
9 890
1 1
9 917
9 3321
9 2656
2 3
9 2051
1 1
2 6
1 1
9 2298
1 1
1 2
9 3763
1 1
9 2332
9 669
2 4
1 1
1 10
1 1
1 2
1 2
1 1
1 1
1 1
9 3378
9 3944
9 677
9 2086
1 7
1 2
1 1
3 23
1 1
2 4
2 3
2 8
1 1
2 12
1 1
2 9
1 2
1 3
9 3202
1 1
1 1
1 2
1 2
9 1656
3 45
1 1
8 56
1 3
9 2126
1 1
9 3921
1 6
3 14
1 2
1 1
1 1
1 1
1 1
1 1
2 3
1 1
1 2
9 1795
2 3
3 19
1 1
1 1
3 10
2 3
2 6
1 1
9 2460
1 1
9 1037
1 2
9 1093
9 1215
2 12
1 1
1 12
1 3
1 1
1 2
1 2
1 12
9 3318
1 1
2 11
1 1
2 3
1 1
1 1
1 1
1 3
1 1
9 914
9 213
1 1
9 1728
1 1
1 2
9 3055
9 1950
4 22
1 6
2 4
1 2
1 1
9 1545
2 9
1 11
1 1
9 1869
2 59
9 2005
1 1
1 1
1 1
1 1
9 2382
9 2138
1 1
1 1
1 1
1 2
1 3
1 1
1 2
1 1
2 8
1 1
1 1
9 3298
1 1
1 1
9 3594
1 2
3 11
9 2796
1 1
9 2446
9 2544
1 1
1 1
1 1
9 3605
1 2
1 3
1 5
1 2
1 2
1 2
1 8
4 8
9 426
1 2
9 3432
1 3
1 1
1 14
1 2
2 10
1 1
1 1
9 3102
9 1583
1 2
1 4
1 1
3 22
1 1
1 8
9 3897
2 7
9 2253
1 1
1 2
1 3
2 3
2 3
1 2
1 1
4 13
3 4
1 1
9 3112
1 1
1 3
2 3
1 1
1 1
5 17
1 5
2 4
1 1
9 1078
1 1
1 2
1 2
1 2
3 45
1 1
1 2
1 2
9 2083
1 2
1 1
1 2
2 11
1 1
1 1
1 2
1 12
9 3893
3 9
9 1274
1 1
3 31
9 2946
1 8
1 1
1 1
1 3
1 2
9 3615
1 2
2 7
9 2126
9 2667
2 5
1 19
1 1
1 2
5 14
1 1
2 3
9 2427
3 9
9 1839
9 437
1 9
1 2
1 2
1 1
1 2
2 4
4 15
2 16
9 1082
3 9
1 2
3 8
1 1
1 2
3 7
1 3
1 1
5 17
1 1
5 52
1 14
1 2
9 2983
1 2
1 1
1 1
1 1
1 2
3 41
3 9
1 1
4 12
9 1363
3 15
9 3262
1 1
1 2
3 35
2 8
1 3
3 9
1 1
1 1
1 1
9 1282
1 3
1 2
1 1
1 1
1 1
1 1
1 1
2 8
1 1
1 1
1 1
9 901
1 1
1 1
2 4
1 1
9 2753
3 6
9 3345
1 1
1 1
9 1403
9 2575
2 8
1 2
9 2275
9 2522
3 9
2 4
2 3
3 12
2 4
1 1
1 1
1 1
9 2171
1 1
2 44
1 1
2 6
1 1
1 1
1 2
1 1
9 965
1 1
1 1
1 8
1 1
1 4
1 1
1 4
1 1
1 1
3 10
2 3
4 8
2 6
9 3158
9 2094
9 1810
1 1
9 2946
1 1
8 108
3 54
1 1
9 889
1 3
9 1668
3 20
1 2
9 756
2 7
1 1
1 2
1 4
1 2
1 4
2 9
9 3204
1 5
9 3264
1 1
9 431
1 1
3 17
9 1820
2 4
4 9
2 4
9 2142
9 2370
9 1704
1 1
1 1
1 1
1 1
1 1
1 1
1 15
1 1
9 674
1 2
2 5
1 1
1 2
1 3
1 2
1 3
9 3334
9 1556
9 2021
1 1
9 3945
1 1
1 2
1 1
9 882
9 3717
9 1732
1 1
1 10
9 1743
1 1
1 2
1 1
9 731
1 1
9 2183
3 6
1 1
1 1
9 2063
1 1
9 994
9 1632
1 1
1 1
3 9
1 1
1 1
1 1
9 1946
1 1
9 837
1 1
1 1
9 2573
1 1
1 1
2 15
2 6
1 4
1 1
1 1
1 1
2 3
1 2
9 1321
1 7
2 3
3 7
3 9
1 3
9 1695
1 2
1 1
2 22
1 1
1 3
9 331
1 1
1 2
9 2288
5 16
9 3681
1 6
1 6
1 6
9 1436
1 1
9 2024
1 1
1 1
9 3707
1 1
9 2896
9 2492
9 2925
1 1
1 1
1 2
2 5
1 1
1 1
9 297
3 12
1 2
1 1
1 1
1 1
1 1
1 1
2 3
3 22
1 1
9 3569
1 2
2 4
1 1
2 3
1 1
9 2882
2 3
2 5
1 3
1 3
3 4
3 5
1 1
2 41
4 26
1 7
1 4
1 4
9 1707
2 3
2 3
1 3
1 2
9 1162
1 3
1 1
9 2245
9 791
9 621
2 4
1 1
2 5
9 3642
9 3311
1 1
9 3443
3 9
1 2
1 1
9 2249
9 3588
1 3
8 56
2 7
2 15
1 4
1 2
2 12
9 652
1 12
1 2
1 6
1 1
1 1
1 1
1 1
9 3554
1 2
6 21
1 2
1 6
9 1269
2 3
2 6
1 2
1 5
9 896
1 1
1 1
1 1
1 3
1 1
1 10
1 1
1 1
2 4
9 2674
3 9
9 457
1 1
9 2972
1 1
1 3
1 10
2 23
1 3
3 18
1 2
1 2
3 9
1 4
1 1
1 1
2 5
1 1
2 11
9 2444
1 1
1 2
9 2992
1 1
9 617
9 618
2 3
1 7
1 1
3 45
9 473
4 9
1 1
1 1
2 3
2 5
1 3
9 1926
9 2790
9 901
1 1
1 14
2 3
1 12
1 1
9 2178
1 1
1 1
9 1843
1 1
1 2
2 3
1 1
3 10
9 2760
1 1
2 7
1 1
1 1
1 1
1 3
2 7
2 6
9 3911
1 1
9 689
3 21
1 2
5 19
2 4
1 1
1 1
1 1
9 597
3 6
2 8
1 1
9 1272
5 16
1 1
1 1
2 17
1 1
1 1
9 3054
9 2901
2 4
9 404
9 2830
1 2
9 2363
1 1
1 1
2 3
1 1
9 769
1 1
1 1
4 10
1 1
1 1
1 1
2 4
1 1
1 7
1 2
2 3
9 3286
9 2962
3 9
1 1
9 1429
1 2
3 9
1 2
3 12
2 3
9 489
1 3
9 402
9 4092
1 2
1 1
2 5
9 735
1 2
1 1
1 1
1 1
1 1
1 9
3 10
9 3819
2 4
1 1
1 3
1 1
2 5
1 1
1 2
1 1
1 2
1 1
2 5
1 1
1 1
2 5
1 1
1 2
1 2
9 2129
1 1
2 18
3 24
7 28
2 3
2 21
2 4
1 1
9 1204
1 1
4 22
1 1
9 2703
1 2
1 1
1 1
1 1
1 1
1 1
1 3
3 9
1 1
2 3
1 3
2 5
2 7
1 1
1 2
1 1
1 1
3 7
1 1
1 1
9 1396
1 1
1 2
1 1
1 1
1 1
1 1
1 1
1 1
1 2
1 1
2 3
1 1
1 1
9 1979
1 1
1 1
3 31
9 1483
9 494
1 6
8 85
2 11
4 12
2 4
1 1
1 1
1 1
1 1
2 3
1 3
1 2
1 1
1 2
9 3303
1 2
2 5
3 15
9 637
1 1
1 4
1 2
1 1
1 1
9 427
3 18
1 1
1 3
1 1
1 1
2 2
2 27
1 1
9 3343
1 2
1 2
2 4
1 1
1 1
1 1
1 7
2 4
1 1
1 1
1 9
3 15
1 1
1 1
2 7
1 4
1 1
1 1
9 2849
1 1
1 1
1 1
1 1
2 9
9 1464
2 4
1 2
1 1
1 1
1 1
1 1
9 3233
1 1
8 92
9 2868
9 1321
1 5
1 1
1 1
1 2
1 1
1 1
1 1
1 1
1 1
2 3
1 1
1 2
2 6
1 2
2 4
1 1
1 1
1 3
4 25
9 2717
1 2
1 1
1 6
1 1
1 1
3 24
2 4
1 1
1 1
9 1448
1 11
9 3698
1 7
1 2
1 5
9 712
1 1
1 1
1 1
9 1355
3 8
1 1
1 1
4 15
1 8
1 2
1 1
1 1
3 9
1 8
1 1
1 1
1 1
1 3
4 12
1 1
1 1
1 1
2 5
1 1
1 1
1 1
1 2
1 3
1 3
1 1
1 1
1 1
9 706
9 3400
1 2
4 19
1 1
2 3
1 1
1 2
1 1
1 1
1 1
1 9
2 13
9 2333
1 1
1 2
2 5
1 1
1 1
1 1
1 4
2 10
1 1
1 1
9 1776
1 3
1 1
9 2036
1 1
9 3843
9 3707
1 3
1 1
9 3310
2 3
3 25
1 20
2 5
9 3387
2 3
1 2
9 3161
2 7
9 2135
1 1
1 1
9 1885
1 6
4 16
1 1
1 2
9 813
2 4
1 5
1 1
3 12
9 1417
1 1
9 2152
2 5
1 2
1 1
1 1
1 3
9 1511
1 1
1 1
2 5
1 1
1 1
1 1
1 1
1 2
9 2588
1 13
1 1
1 1
3 10
1 1
1 1
8 107
9 1000
1 1
1 1
2 5
1 2
1 7
3 9
1 1
2 9
1 6
1 1
1 3
1 1
1 3
1 1
8 90
9 376
1 1
1 2
9 2926
1 4
1 1
3 16
3 10
1 1
1 3
1 1
1 2
1 3
9 2401
1 3
9 1328
1 4
1 1
2 4
1 2
1 1
1 1
1 11
9 2379
1 1
1 1
1 1
1 1
1 1
1 1
1 2
1 1
8 64
9 3373
1 1
1 5
1 3
3 8
1 2
1 7
1 1
1 1
1 1
2 4
1 2
1 1
8 111
1 1
1 2
1 1
1 2
1 2
1 9
1 1
2 11
1 1
2 3
8 145
9 3691
1 2
1 2
1 17
1 1
1 1
9 1416
4 21
9 241
1 1
1 1
9 371
1 1
1 1
1 3
1 2
2 3
1 1
2 12
9 1115
1 1
1 11
2 4
2 6
1 2
3 6
1 1
9 2175
9 3529
2 12
1 1
9 2736
1 1
1 1
1 1
9 3668
9 250
3 5
1 2
2 5
1 1
1 3
1 3
1 1
1 1
1 1
9 1820
1 1
9 2888
1 1
9 1384
1 1
1 1
3 38
1 1
9 2172
1 1
1 1
1 5
9 450
1 2
1 1
9 3557
1 1
2 3
1 2
1 1
9 2443
2 3
1 1
1 3
2 10
1 1
1 1
1 1
1 1
1 1
2 4
3 8
9 2025
1 2
1 1
9 797
1 1
1 3
3 43
1 8
6 16
1 1
2 5
1 2
1 1
1 1
1 1
2 8
3 10
1 1
1 1
9 495
1 1
1 1
1 1
4 13
9 1673
1 1
1 6
3 12
1 2
4 20
5 19
2 5
9 2281
9 3838
2 4
4 12
1 2
9 2720
9 1668
2 8
3 6
1 2
1 1
1 2
2 5
1 1
1 1
1 1
1 4
9 385
1 1
1 1
9 2665
9 769
9 3322
9 3666
2 4
8 72
2 8
1 2
9 2553
9 1572
1 2
9 1417
1 2
9 1564
9 3030
1 1
3 8
2 5
1 1
9 827
1 1
1 2
2 8
1 5
9 812
9 1657
2 4
1 2
8 103
9 634
1 1
3 8
9 990
1 2
9 928
4 10
1 2
8 54
1 2
3 7
2 4
1 3
2 5
3 24
1 1
1 1
1 1
8 135
1 1
1 2
9 1132
1 13
7 34
1 2
1 1
3 11
1 1
1 1
8 149
2 19
3 25
1 1
1 1
1 1
1 1
1 1
1 6
2 2
1 2
1 2
1 10
2 3
4 8
2 3
1 1
9 884
1 1
2 6
1 1
1 1
1 1
1 1
8 69
9 914
9 3643
9 2216
9 3767
4 75
2 8
2 4
3 6
1 1
1 1
2 12
1 1
1 1
1 3
2 5
1 1
1 1
9 839
1 1
1 1
1 1
9 3254
9 329
1 1
3 10
9 1399
1 1
9 3693
9 2097
2 4
1 1
2 4
8 206
9 1606
9 1404
1 1
2 10
1 1
8 184
1 4
3 9
1 2
9 921
1 1
1 1
2 10
1 1
2 6
1 1
1 1
1 1
8 48
1 1
1 1
9 1267
2 11
1 1
2 12
1 1
3 6
9 752
1 15
9 1244
5 18
2 11
1 4
2 4
1 1
2 3
2 18
1 1
4 20
3 11
2 8
2 4
9 3717
1 2
9 903
9 918
1 1
9 1499
1 15
2 6
1 1
9 3021
1 2
1 1
2 9
1 1
9 274
8 109
8 43
2 3
1 1
5 17
1 1
1 2
2 3
2 5
2 6
1 1
4 15
2 4
2 8
3 5
1 1
1 1
1 2
9 3203
1 2
9 2481
1 1
1 1
1 10
1 1
1 2
2 3
1 1
2 9
1 1
3 13
2 6
1 3
3 15
1 1
1 2
1 1
2 10
1 1
1 1
1 1
1 1
1 1
1 2
1 9
2 4
1 3
1 1
1 1
1 1
1 1
1 1
1 4
2 3
9 2669
1 1
1 1
2 9
1 1
1 1
1 6
2 5
1 1
1 1
1 6
1 1
1 1
9 3012
1 2
9 1417
9 3039
1 1
1 1
8 71
9 3770
9 3042
9 2944
1 1
1 1
9 776
1 1
1 2
1 1
1 1
3 25
2 5
8 91
1 1
8 173
2 5
2 3
2 8
9 967
1 2
9 3122
3 8
2 3
1 2
1 1
1 1
3 8
9 574
9 2268
5 22
9 1070
2 4
9 2546
1 1
1 4
1 1
1 11
1 9
1 8
1 7
1 1
1 3
3 10
1 1
9 2161
4 43
2 6
1 2
1 1
2 10
2 5
2 4
1 1
9 3752
1 1
1 5
1 1
9 2585
1 1
1 1
2 15
1 1
1 8
9 1503
9 733
3 6
2 38
2 43
2 3
9 555
2 3
1 1
1 1
1 2
1 1
2 3
9 1163
1 1
2 5
1 1
2 13
1 1
1 2
1 1
5 18
2 4
9 2187
1 1
3 10
9 442
1 1
3 9
1 1
4 23
1 1
1 4
2 3
1 1
9 669
9 2524
9 788
1 1
2 22
1 2
2 5
1 1
1 1
9 979
1 1
2 7
9 2848
2 3
9 390
1 10
1 10
2 6
6 16
1 1
1 1
1 1
1 1
1 1
1 9
9 2082
3 12
2 4
2 6
1 1
1 1
1 2
1 1
8 75
9 1981
1 1
1 1
9 3389
3 6
1 3
9 2270
9 882
8 34
9 1901
9 1299
1 3
1 3
2 4
1 1
1 1
1 1
2 7
9 2432
1 1
1 1
1 2
2 4
2 7
1 1
3 7
1 1
1 1
9 2392
1 1
1 1
3 27
2 2
1 1
1 1
1 1
1 1
1 1
2 6
9 2204
1 1
1 1
8 88
1 1
1 3
1 1
8 48
1 1
2 3
1 2
1 1
1 1
1 1
1 2
1 1
1 1
2 5
1 2
1 1
2 5
1 2
2 17
2 5
2 3
1 1
1 1
1 1
2 5
1 1
1 1
1 1
1 1
9 1505
2 7
1 1
2 3
1 2
2 6
2 3
3 9
1 2
1 2
1 1
1 1
1 1
9 724
1 1
1 5
1 1
9 3643
2 3
2 16
1 2
3 15
1 4
1 1
9 3017
1 1
9 2030
1 1
2 6
1 16
1 1
1 3
2 5
1 1
3 15
2 11
1 2
9 3243
9 594
1 1
4 48
1 1
1 1
9 3422
2 5
9 3452
3 4
9 1010
9 910
1 1
4 18
9 2633
9 2500
9 1529
1 1
9 3156
1 1
1 1
1 1
9 3008
9 2085
1 1
1 1
1 1
9 1467
1 2
1 1
9 1938
2 4
8 113
2 6
9 1383
9 3182
1 1
1 1
1 5
1 1
2 14
1 2
1 1
9 1383
3 5
2 7
1 2
2 4
9 256
8 77
9 3687
1 1
1 1
1 1
1 1
1 1
9 952
1 1
9 949
9 1310
1 1
1 1
9 2896
1 7
1 1
1 1
1 1
9 3643
1 1
1 2
1 1
2 7
1 1
1 2
1 4
3 21
2 22
9 1366
1 1
2 4
1 1
1 4
2 31
1 16
1 1
9 817
1 1
1 1
2 12
2 3
9 345
1 1
1 2
9 1221
2 7
2 9
9 1646
1 9
1 1
1 2
1 1
1 1
1 1
3 12
1 1
1 1
2 5
1 1
1 1
1 1
1 1
2 13
1 2
1 2
1 1
1 2
1 1
9 781
9 2620
1 4
1 1
4 35
9 696
2 8
2 3
1 1
3 8
1 1
1 2
3 18
1 1
1 1
1 1
1 2
1 4
1 1
1 1
9 3808
1 1
2 6
9 3703
2 11
1 1
1 1
9 682
9 3367
3 14
9 2581
1 1
1 1
1 1
9 3558
9 3622
1 1
2 10
2 3
3 13
1 1
9 3841
1 1
9 1556
1 2
1 1
1 1
2 10
9 1329
1 1
1 1
2 8
9 856
1 1
9 1404
1 2
1 1
4 18
1 1
1 17
9 2469
1 1
1 1
1 1
1 1
2 18
1 1
1 2
1 1
9 342
9 3329
1 2
2 3
9 720
1 2
1 1
2 4
1 1
3 4
1 1
1 1
1 1
2 3
9 2626
1 1
1 3
1 1
1 1
1 12
2 3
9 900
1 1
9 2200
2 7
1 1
1 1
2 3
9 2405
9 1358
1 2
1 4
1 1
1 1
9 2782
9 2431
1 1
2 3
9 1355
3 7
6 26
2 4
1 1
1 1
2 9
2 3
1 1
1 1
1 1
1 1
2 3
1 1
1 2
9 2370
1 1
9 347
2 4
1 2
1 5
1 1
2 6
9 402
1 1
1 1
1 1
1 1
1 5
9 1586
9 1259
9 1534
4 5
9 291
2 15
1 1
1 1
1 1
1 1
1 1
5 26
9 1728
1 1
1 2
3 8
1 1
8 83
1 1
1 1
1 2
1 4
1 2
3 14
3 4
1 2
3 4
1 1
2 8
1 1
1 3
3 7
9 2029
1 3
1 2
2 5
1 18
1 2
1 3
1 2
1 1
9 1230
1 1
1 1
1 1
1 1
1 1
9 275
1 2
9 1925
1 2
9 1424
3 11
1 2
1 4
1 3
1 2
1 1
1 2
2 3
9 2910
4 16
1 1
2 5
1 4
1 1
9 1929
2 4
1 2
2 7
1 1
1 1
2 3
1 2
3 6
1 1
5 15
1 1
1 1
1 3
9 2691
1 6
9 275
1 1
1 3
1 1
1 1
1 3
9 2273
5 22
9 3176
9 2334
1 1
1 2
1 1
1 1
1 4
2 17
1 2
1 1
2 43
9 529
1 2
1 3
1 1
2 4
1 1
1 1
9 2924
1 2
2 10
7 22
1 15
1 1
9 2588
1 1
1 1
8 37
1 1
9 2040
1 17
2 3
2 14
1 3
1 2
1 1
1 1
1 3
1 4
1 7
1 1
1 12
1 14
1 6
1 2
9 4020
2 4
9 1155
5 18
2 2
1 6
1 2
1 1
1 2
1 1
1 1
1 3
2 4
1 3
5 29
2 5
1 1
9 3183
1 5
2 7
1 2
1 1
2 3
1 1
1 1
9 2759
7 40
2 6
1 9
1 1
9 2991
1 1
9 1716
2 8
1 1
1 1
1 2
9 2705
2 3
1 1
1 5
1 1
1 1
1 4
3 7
1 1
1 2
9 1788
9 1489
1 5
1 2
1 1
2 3
1 11
2 3
9 1053
9 2155
1 4
1 3
1 1
1 3
9 1238
1 1
9 3172
1 2
1 1
1 2
1 2
1 1
1 2
1 2
1 2
1 3
3 53
9 644
1 1
1 2
3 8
2 4
9 2913
1 1
1 1
9 2733
1 2
3 11
1 1
8 48
1 1
9 3115
4 13
7 26
1 4
1 1
1 1
1 1
9 1806
9 378
9 3471
9 604
9 2072
1 1
2 4
1 2
9 530
1 5
1 2
1 3
1 3
1 2
1 1
1 1
2 36
2 3
9 3133
1 1
1 2
1 2
1 1
1 1
1 3
9 507
4 31
1 1
1 2
3 13
1 4
1 1
1 3
2 10
9 3529
1 1
1 1
6 44
1 4
2 8
1 2
2 8
2 3
1 1
2 3
2 4
2 4
9 2127
1 2
1 1
1 12
3 9
1 2
1 2
1 2
1 2
2 6
1 3
1 1
2 5
1 2
1 3
9 1848
2 2
9 3021
9 1362
1 1
1 1
2 4
1 2
1 2
1 10
1 2
1 3
9 3977
2 5
1 1
1 2
1 2
9 245
2 4
1 2
2 6
1 3
1 2
9 972
1 1
1 3
2 4
1 1
9 631
2 3
2 3
1 1
1 1
1 1
1 2
2 4
2 6
9 1170
2 7
1 2
1 2
9 1548
9 1708
1 2
1 1
9 1182
1 2
1 2
1 1
9 151
1 1
1 3
1 2
5 15
1 16
1 3
1 1
1 1
9 930
9 1195
2 7
1 6
1 1
1 2
1 1
1 2
2 7
2 3
9 3024
2 8
1 1
1 1
9 2946
9 1836
1 1
2 4
2 4
2 14
2 44
1 1
1 2
3 10
4 33
1 1
9 1588
9 540
1 2
1 3
9 3704
1 1
1 2
1 6
1 1
2 16
1 7
2 4
1 18
2 5
4 20
2 17
1 1
1 2
1 1
1 2
1 2
1 2
2 4
1 2
1 1
1 1
1 1
2 8
1 1
1 2
1 4
1 4
1 1
1 15
1 2
1 1
1 2
1 4
1 2
2 3
1 5
1 2
2 9
1 1
1 3
1 2
1 1
1 1
1 2
9 1746
9 995
1 2
9 848
9 650
1 2
1 3
1 2
1 2
3 8
9 2124
1 4
1 2
1 1
1 20
9 2443
2 3
1 1
1 1
1 2
9 223
9 3237
9 892
3 7
2 4
1 6
1 2
8 47
3 6
1 1
1 2
9 1278
1 2
9 1461
9 1579
2 6
1 2
9 3625
1 4
1 1
1 2
2 3
9 395
3 15
2 4
1 1
1 1
2 5
9 1091
1 1
1 2
1 2
1 2
1 1
9 1160
1 2
1 2
1 1
1 1
1 2
1 4
1 2
1 2
1 3
1 1
2 22
1 1
9 3858
9 1189
4 41
1 2
3 11
9 2899
1 1
2 17
3 18
2 5
9 1864
1 2
1 1
1 2
1 1
1 1
1 1
1 1
2 11
2 4
2 7
1 1
1 2
1 5
1 3
2 3
2 4
2 4
1 1
4 21
9 2077
1 1
1 3
1 3
1 5
1 2
1 1
9 2426
1 2
2 3
1 2
2 11
9 396
1 3
1 1
1 24
2 3
1 1
3 28
1 1
9 259
9 2634
9 3589
2 3
1 3
2 3
9 2252
4 16
9 816
9 788
1 2
1 2
1 3
1 7
1 2
1 3
2 12
2 4
1 2
5 32
2 4
2 5
1 3
9 3002
1 1
9 2429
1 2
2 6
1 9
1 6
2 4
2 5
9 1533
1 2
1 2
1 1
1 1
1 1
1 11
1 1
8 87
9 2373
9 794
4 13
2 4
1 5
2 3
2 21
1 1
1 2
9 1534
1 1
1 1
1 1
1 5
2 6
2 3
2 4
1 2
9 3408
1 1
1 1
9 1158
9 2186
9 1164
9 2090
1 1
1 2
2 4
1 1
9 1575
9 508
2 4
9 791
4 22
1 7
1 21
9 2114
9 565
1 1
1 1
9 3001
1 5
1 1
9 3025
2 8
9 769
9 1671
9 1425
2 13
2 5
1 3
3 6
2 8
8 29
1 1
1 1
1 2
1 2
1 1
1 1
9 3394
9 2385
1 6
1 4
1 2
2 3
8 37
1 3
1 20
9 2094
1 2
1 1
2 3
9 2933
1 2
9 593
1 2
1 1
1 1
8 111
1 1
1 2
3 4
1 3
1 3
9 2240
1 1
1 2
1 2
2 9
8 104
1 1
1 3
1 1
9 2338
1 1
1 3
1 3
1 16
1 5
4 31
1 3
9 3042
1 1
9 929
2 11
1 1
1 2
1 2
2 3
1 2
1 1
1 2
1 1
9 1857
9 918
8 80
9 3223
9 1995
9 671
1 1
1 1
9 3278
1 12
9 3643
1 1
9 3003
1 1
9 2534
1 1
1 1
9 2541
9 1377
1 1
9 1987
1 1
1 2
1 1
8 138
1 1
1 1
1 12
1 2
1 1
2 5
1 4
9 841
1 1
2 8
9 1525
9 803
9 2319
2 6
9 1900
1 2
1 5
9 3728
6 25
9 2895
1 1
2 4
2 4
1 1
1 2
1 2
1 1
9 3701
9 3808
1 1
1 1
9 3122
9 1924
1 1
1 2
9 2523
1 2
3 8
9 1453
2 5
9 2279
9 668
1 5
1 3
1 3
1 1
9 3459
1 2
1 1
1 1
9 2958
1 1
2 3
2 7
1 2
1 2
9 1541
1 1
1 1
1 2
1 3
4 17
1 1
9 3657
1 3
1 1
1 1
2 6
1 1
1 1
1 7
2 14
2 22
1 2
1 1
9 850
1 2
1 1
1 1
2 6
9 2358
1 1
1 8
2 7
1 2
3 9
2 3
9 1700
3 6
1 1
3 21
9 2719
1 4
3 29
1 1
4 11
1 1
1 5
9 1147
1 1
1 1
1 1
2 3
2 5
1 1
1 3
1 2
1 3
1 1
1 1
1 1
1 2
3 11
1 1
9 1578
3 9
1 2
1 7
2 3
3 9
1 1
9 3804
1 1
1 1
1 2
9 264
2 4
1 2
2 5
1 1
2 3
1 1
1 1
1 7
9 3623
2 4
1 1
9 2722
9 3238
3 6
1 1
1 4
1 2
1 1
2 11
1 1
1 1
9 631
1 2
1 1
2 4
1 2
9 1476
1 1
2 7
9 3706
9 707
9 2613
9 889
1 2
4 12
9 935
1 2
1 1
1 1
1 1
1 2
2 3
1 1
2 4
9 2681
1 2
1 1
1 1
1 1
9 1729
9 2339
9 3811
9 964
1 1
9 912
9 3646
1 1
9 1338
1 1
1 2
1 2
9 943
1 2
1 1
2 6
1 19
4 11
1 1
1 1
9 235
1 1
1 1
2 10
2 4
9 1942
1 1
1 1
9 1104
1 2
1 1
9 321
1 3
1 2
3 13
8 42
1 3
9 2455
1 2
9 2694
1 2
2 9
1 1
4 24
9 1182
7 38
2 13
2 4
3 17
2 3
2 4
1 5
1 1
8 75
1 5
9 1434
1 1
2 3
1 2
1 2
2 3
1 1
1 8
9 3544
1 5
2 4
1 2
1 3
1 2
2 9
1 1
1 1
3 8
3 7
2 4
1 1
1 2
1 2
2 14
2 18
2 3
2 5
9 3333
1 2
1 7
1 1
1 1
2 3
4 6
3 6
1 2
9 2249
2 5
1 2
9 1727
8 60
1 1
9 2044
1 4
1 1
2 8
9 1432
1 2
2 9
3 16
1 1
1 1
1 2
2 4
1 1
1 4
3 7
1 1
1 1
1 1
1 1
1 1
3 6
1 1
1 2
2 3
2 3
1 2
1 1
2 4
2 8
1 2
1 2
1 2
1 2
2 6
9 3130
1 2
9 500
1 1
2 4
9 262
1 15
1 2
1 2
1 2
9 3552
9 334
1 1
1 1
1 1
9 2007
2 8
1 1
2 5
1 1
1 4
1 1
9 3326
2 3
1 1
2 3
9 1348
1 1
1 1
1 1
2 4
1 2
1 4
1 2
1 1
1 5
2 10
1 2
1 1
2 3
9 2588
1 1
1 2
2 6
3 16
1 3
5 90
1 1
2 6
2 4
2 9
2 3
1 2
1 2
1 1
1 3
1 4
2 3
2 9
1 1
2 4
2 3
1 1
1 2
1 2
2 2
1 1
2 3
4 20
9 2152
9 1361
1 2
2 5
8 101
2 14
9 1284
9 2082
1 1
9 2794
1 2
9 591
2 3
1 1
3 14
1 1
1 1
1 2
1 2
1 1
1 1
1 2
9 784
9 1939
9 539
1 1
9 2168
2 5
1 1
1 3
1 1
2 7
9 1792
1 1
8 123
1 1
9 2343
1 1
1 1
1 1
1 1
1 2
1 1
2 4
1 1
9 3201
3 12
1 1
1 3
1 2
9 2998
1 3
1 1
3 16
9 3462
1 4
9 1176
9 1216
2 5
1 3
1 1
1 1
1 1
9 1008
3 13
1 1
1 1
2 3
1 1
1 1
1 2
9 1123
9 1560
2 5
2 7
7 31
1 2
1 2
9 2547
9 3071
1 1
1 1
1 1
9 650
9 2708
1 2
1 1
9 2649
1 1
8 56
1 3
2 3
2 3
1 1
6 23
3 7
2 3
3 12
1 1
2 3
1 2
1 1
1 1
2 7
2 4
2 5
1 1
1 1
9 965
3 11
1 3
3 5
2 7
1 1
1 2
1 2
1 1
1 2
9 3570
1 1
1 2
2 3
9 3041
1 1
1 9
9 2949
1 1
9 3332
3 15
1 1
1 1
1 1
2 9
9 2683
2 3
9 3674
8 103
2 5
2 4
1 13
3 2
1 2
1 2
1 3
1 3
1 2
9 3263
1 1
1 1
1 1
2 4
1 1
2 4
9 435
1 1
1 2
1 2
9 3318
2 3
1 2
1 1
2 8
1 1
1 3
1 2
9 1267
1 1
1 1
1 1
3 8
9 995
1 1
9 2389
2 3
1 2
9 1179
1 1
1 1
1 2
9 1609
1 3
1 6
1 1
9 3169
7 33
1 1
3 13
1 1
9 2573
9 2969
2 15
1 1
2 4
1 1
9 302
1 2
1 1
1 1
3 3
1 2
1 2
1 2
9 3027
2 6
1 2
1 1
2 3
1 1
9 1220
1 1
5 14
3 15
2 12
1 1
1 1
9 1501
9 1960
9 1372
1 2
3 9
1 1
1 2
1 1
1 1
1 1
1 1
1 1
1 13
1 2
1 1
1 1
3 12
8 70
2 7
1 1
3 6
2 6
9 3051
9 2722
2 6
2 3
9 1833
2 4
8 185
9 3367
1 1
2 5
1 3
8 37
9 2967
1 1
1 1
1 1
2 4
2 6
1 1
9 1681
2 6
2 6
3 7
9 1726
1 4
1 4
3 35
4 23
2 10
2 9
1 2
1 1
9 2220
4 18
9 3523
3 12
2 4
1 1
1 3
1 1
2 4
1 1
2 4
9 1682
1 1
1 2
3 31
9 2284
1 2
2 18
2 3
1 1
3 38
9 1540
3 11
1 1
3 19
1 1
1 2
1 1
3 2
1 2
1 1
1 1
1 1
1 1
1 1
2 4
2 5
1 1
1 1
1 1
9 1983
1 2
1 1
3 26
1 2
1 1
1 1
1 5
1 1
9 1675
1 1
9 3406
1 3
9 855
1 1
1 1
3 8
2 4
1 1
1 6
1 1
9 1500
1 1
1 1
1 3
1 2
1 1
2 12
1 1
1 1
2 4
3 8
1 1
1 2
1 1
2 28
4 14
9 2139
9 1204
2 3
9 3281
2 9
2 3
2 4
4 23
2 3
1 2
2 4
9 504
1 4
1 2
9 251
1 3
1 4
3 41
1 1
1 1
1 3
1 5
2 5
1 2
9 1008
9 1788
1 2
6 28
1 1
2 11
1 2
9 2386
9 3792
1 1
3 8
9 2451
1 2
2 3
1 1
4 77
1 1
1 2
9 781
3 4
1 1
1 2
1 1
1 3
2 3
1 1
1 1
2 8
1 3
9 2339
2 5
9 1115
9 1758
1 3
9 2565
2 6
1 2
1 1
1 1
1 1
3 11
9 3151
1 1
1 1
3 18
3 10
1 1
1 8
6 31
1 1
9 1427
9 797
1 1
1 2
1 1
1 7
2 6
1 2
2 7
9 293
1 1
1 2
1 1
2 5
9 306
1 1
1 2
2 15
9 2961
1 4
2 4
9 1626
1 1
1 2
9 2214
1 1
1 1
1 1
2 6
1 1
1 2
2 6
3 18
3 11
9 1568
9 1799
1 1
1 1
1 1
2 5
1 1
1 1
2 4
9 3180
1 2
3 9
1 1
9 3639
1 1
8 54
9 1825
1 3
1 1
1 1
1 4
9 3816
3 5
3 15
1 2
2 3
1 2
1 13
1 1
1 25
2 7
1 1
1 1
1 1
3 10
4 34
1 1
2 7
1 2
2 7
9 3438
9 2718
9 1526
1 1
2 3
1 1
1 1
2 10
1 5
1 1
8 113
2 4
1 2
4 7
9 647
9 2742
9 839
1 1
1 2
1 2
9 3199
9 1696
1 10
1 2
1 1
1 1
2 4
1 1
4 43
9 1470
1 2
2 4
1 1
1 1
8 71
1 1
1 1
1 1
9 2392
1 2
1 2
1 3
9 330
1 2
2 7
1 1
1 2
1 2
1 3
9 1701
1 1
1 2
2 3
1 1
3 17
9 1614
1 1
1 1
9 651
3 37
1 1
2 3
1 1
1 2
1 1
1 2
9 2294
9 2854
1 3
1 1
1 2
1 1
3 17
1 2
1 2
1 8
2 8
8 53
9 3471
3 11
1 1
1 2
9 2402
9 3074
9 3834
1 1
9 3698
1 1
1 1
2 3
2 3
9 1419
1 7
3 10
1 3
1 2
9 3581
1 2
1 3
1 1
2 10
1 3
2 9
9 2854
3 12
9 3589
9 1770
1 1
9 1895
9 2054
1 1
1 1
1 2
2 11
1 1
1 1
2 7
2 6
9 2152
1 2
1 2
9 1012
1 5
1 2
1 1
1 2
1 2
2 4
3 27
1 1
1 1
2 11
9 3129
1 1
9 2718
2 6
3 15
1 2
1 2
1 4
9 654
1 2
1 1
1 1
1 1
1 5
1 1
2 3
2 4
1 3
1 3
2 3
8 114
1 1
1 1
1 1
1 1
9 1117
9 1112
9 2663
2 8
9 420
1 1
2 3
8 167
1 3
2 4
1 2
9 2868
1 2
9 3862
1 2
1 1
1 1
1 1
2 9
2 24
9 509
1 1
1 3
9 2371
1 1
1 6
9 3639
9 2758
1 2
2 8
2 22
1 6
9 1330
9 3433
2 3
1 2
2 13
1 1
1 3
1 1
2 5
1 1
1 2
1 1
1 1
9 3244
9 939
1 2
4 14
1 4
1 1
9 3066
3 10
1 6
1 1
1 1
9 3371
1 2
3 34
2 3
1 3
3 8
9 3235
1 1
9 3713
9 1998
2 3
9 1659
1 2
2 3
1 2
9 1169
1 1
1 1
8 84
1 2
9 3826
3 12
1 2
1 1
1 4
3 8
1 2
1 1
1 1
9 1648
8 259
1 5
2 8
1 2
9 940
2 14
1 4
1 1
1 1
9 3315
9 1501
3 10
9 2934
1 1
3 39
1 19
1 1
9 3493
3 19
1 1
9 2291
9 840
2 7
1 4
1 3
9 3711
1 3
1 3
1 1
9 1849
9 2059
9 1114
9 3008
2 3
1 1
1 2
8 57
9 2712
9 2933
9 864
1 2
9 354
1 2
1 1
1 2
9 3462
3 9
1 1
2 6
1 1
4 12
9 643
1 2
1 18
3 11
9 494
3 27
1 1
1 20
1 1
9 1546
1 2
1 1
3 38
1 3
2 11
2 13
1 1
1 1
9 1653
1 1
2 4
1 1
1 3
1 1
1 2
9 1128
1 1
1 1
9 2722
1 1
9 284
9 3579
1 1
9 1955
9 3484
1 1
1 1
1 2
9 1103
1 1
1 1
9 3004
1 5
1 1
9 2994
1 2
1 2
9 2045
2 14
2 3
4 21
2 6
1 1
1 2
1 2
1 1
9 2812
1 1
1 1
6 32
1 1
9 2197
1 1
1 1
1 1
1 4
1 1
2 6
1 2
1 1
1 2
3 7
8 68
9 1654
1 1
9 1864
2 5
9 3536
9 2054
2 8
9 2491
2 3
9 2547
1 1
1 2
3 5
9 3192
1 1
3 25
2 6
9 3258
2 3
1 1
1 1
1 6
9 2350
9 2806
8 175
2 19
2 4
1 2
1 2
1 1
1 2
1 1
1 1
1 1
2 10
1 3
1 2
9 3249
2 4
1 2
9 450
1 2
1 1
1 1
3 6
1 3
2 11
1 3
1 1
9 530
9 3649
1 19
1 1
9 2555
1 2
9 1190
1 2
9 3665
9 1315
1 2
2 12
1 1
2 4
1 4
1 3
1 1
3 47
1 1
1 1
1 1
1 1
1 1
1 1
2 3
3 8
1 1
9 2675
1 2
1 2
1 1
9 800
1 2
1 1
1 1
1 1
1 2
9 3974
1 18
9 1240
9 1275
2 8
1 3
1 3
1 1
1 1
9 3531
1 3
1 3
1 2
1 1
1 3
9 457
2 3
1 1
1 1
1 1
9 967
1 2
1 3
1 7
1 1
2 5
3 10
1 3
1 3
3 20
3 3
1 1
1 1
1 2
2 3
1 1
9 3684
1 6
9 1988
1 1
1 1
2 5
1 1
1 2
8 81
2 3
1 1
1 1
1 5
9 1839
1 1
1 2
9 2050
3 7
1 16
9 1491
9 1580
1 3
1 11
2 8
1 3
1 1
1 1
1 1
9 2172
9 3193
4 29
2 4
1 1
2 3
1 1
2 6
1 1
9 1161
1 1
2 4
1 1
2 3
9 1057
9 3650
9 2191
1 1
4 17
9 1930
2 6
1 1
1 1
9 2275
9 327
1 1
1 1
1 1
1 1
1 1
9 475
2 8
2 3
1 2
1 1
1 2
1 3
1 1
1 2
1 1
9 2019
9 2282
1 1
1 1
1 4
1 1
1 1
1 1
1 1
1 2
1 1
3 6
1 2
2 6
3 9
9 533
1 1
1 2
1 1
9 2134
3 9
9 3565
1 1
1 1
2 9
1 1
2 4
1 1
1 1
1 2
1 4
2 3
1 3
9 3489
1 2
9 1672
1 4
1 3
1 2
1 1
2 3
9 1599
9 864
2 3
9 2267
1 1
9 1325
1 1
1 1
1 1
1 2
1 1
1 1
2 3
1 2
2 3
1 1
1 1
1 2
1 3
9 1971
1 1
9 2683
1 1
3 6
2 5
1 2
1 4
9 2850
1 2
2 4
9 2385
2 4
1 1
9 1102
1 1
9 3066
1 1
1 1
1 2
1 1
1 2
9 354
9 1920
1 3
2 23
1 2
9 1972
1 1
4 18
1 1
1 1
9 2802
3 47
1 1
9 1350
2 4
1 1
9 1601
1 2
3 10
1 2
1 2
3 14
1 1
4 9
1 1
1 3
1 1
1 2
1 2
1 1
1 2
1 2
1 2
9 1791
1 1
1 2
1 1
1 2
4 10
2 5
1 2
1 5
3 8
2 9
1 2
1 1
1 1
9 1827
2 3
1 1
1 1
1 1
2 10
1 1
9 3024
2 3
2 5
6 38
9 3413
1 1
2 4
9 2395
6 25
9 597
1 2
1 1
1 2
6 57
2 4
1 1
1 1
1 1
1 1
1 3
9 1146
1 1
1 6
1 1
1 2
2 8
1 2
1 1
9 3596
3 36
2 4
1 2
1 1
2 4
1 1
2 5
2 3
9 1164
9 2103
9 2202
1 1
1 2
4 12
9 3443
2 8
5 26
9 2190
3 8
1 1
3 41
9 874
1 1
2 4
9 644
1 1
1 1
1 1
1 1
9 1308
1 2
1 2
1 1
3 32
1 1
1 3
1 1
1 3
1 3
2 13
3 14
1 1
4 37
9 2973
9 1458
1 3
1 1
1 2
1 2
1 1
1 1
1 2
1 1
1 8
1 3
5 25
9 3749
1 1
1 2
1 1
1 2
1 1
1 1
1 1
2 5
3 7
2 4
9 1178
9 3515
3 20
9 1794
9 2318
3 27
8 39
2 8
1 7
1 1
1 2
1 4
2 6
3 27
2 6
1 1
9 598
2 3
1 1
1 2
1 2
1 2
1 2
1 1
1 1
9 327
9 1839
1 1
2 4
2 29
1 1
1 1
1 1
2 3
9 331
2 4
8 83
1 1
1 2
9 1665
2 20
1 1
9 2888
1 2
1 2
1 1
1 2
1 1
1 1
9 2845
9 1010
9 2372
1 2
9 1661
1 2
2 5
1 2
2 4
9 2505
2 5
9 355
1 4
1 1
9 3689
1 3
1 1
1 1
7 24
1 2
1 1
1 17
1 1
3 20
1 2
9 1321
1 3
9 2866
1 1
1 1
3 5
1 2
3 25
4 44
1 1
1 3
4 42
9 2395
9 965
2 7
1 1
1 1
2 5
1 2
1 1
9 1547
2 4
1 1
2 3
2 4
1 2
1 1
1 1
9 2613
9 3360
9 573
2 6
3 7
2 9
9 2100
3 21
1 1
6 40
1 2
9 3768
1 1
9 2761
9 3783
9 1097
4 45
1 2
1 1
1 1
9 1843
4 15
1 1
9 681
1 1
1 1
9 3474
9 944
1 1
1 2
1 10
9 1548
4 17
1 1
2 13
9 500
9 623
1 2
1 1
4 16
1 1
1 1
2 4
1 1
1 4
1 1
2 3
1 2
1 1
8 168
9 655
1 2
1 3
9 2930
1 1
1 1
1 1
9 2389
9 1897
1 1
2 10
1 1
1 1
4 25
1 1
1 8
9 2346
1 1
2 3
1 1
1 3
3 12
3 7
1 1
1 1
1 1
1 2
3 17
1 1
1 1
1 1
1 1
2 3
1 4
2 12
8 87
1 1
1 1
1 1
2 13
2 14
1 1
1 1
1 2
1 1
2 4
2 4
1 2
2 5
9 1182
9 1985
9 2559
1 1
2 6
1 1
1 1
1 1
2 4
1 1
1 1
1 2
2 5
9 3732
9 3543
2 5
1 9
1 1
9 567
3 41
4 10
3 42
2 11
1 1
2 5
3 6
9 2235
1 3
1 6
1 1
1 1
2 6
1 1
2 5
1 1
9 592
4 14
7 37
1 1
1 1
2 21
1 1
2 4
1 1
2 3
1 1
2 8
9 1568
1 8
1 9
9 1059
9 3356
1 1
9 1595
1 1
2 7
9 3116
1 2
1 3
3 10
9 3127
9 3043
3 28
1 2
2 11
1 3
1 4
1 2
1 9
1 1
1 3
1 2
2 7
1 1
9 601
1 1
3 25
1 3
1 2
1 1
1 5
9 1216
2 6
2 3
3 6
1 3
1 2
2 9
9 2828
9 2704
9 2521
1 1
9 3011
9 2339
9 670
1 2
1 1
1 7
1 1
9 716
3 66
9 329
4 9
9 1866
1 1
4 80
1 1
9 2491
1 1
1 1
3 11
1 1
1 1
9 2929
1 1
1 1
1 1
2 8
9 1710
2 4
2 5
1 1
1 2
1 7
1 1
1 1
1 2
1 1
9 2983
1 1
4 46
3 24
2 31
1 6
1 5
9 942
1 2
2 4
4 19
9 850
1 3
1 1
9 3754
1 1
1 1
1 1
1 2
1 2
1 2
3 5
9 625
9 494
1 1
1 1
1 2
1 1
1 1
1 2
1 1
9 2471
1 1
1 5
2 4
1 1
3 6
9 449
1 1
1 1
2 20
1 1
1 2
9 661
1 1
2 10
8 34
1 1
1 2
2 6
9 1671
1 1
9 1560
1 1
1 5
3 20
1 2
1 1
1 2
9 1953
1 2
1 2
1 1
9 723
1 1
9 2303
1 5
9 609
1 2
1 2
8 181
1 3
1 1
1 2
1 1
9 2675
1 1
1 3
9 3407
1 1
1 1
4 30
1 1
1 9
1 2
1 1
1 7
9 1534
9 1842
1 2
1 1
1 2
1 5
9 2699
9 920
9 706
9 1886
9 2063
1 1
9 3042
1 1
9 1671
9 1231
9 2241
9 700
3 5
3 45
1 1
1 1
3 34
9 617
1 1
2 7
1 1
9 3127
8 213
1 1
8 62
2 16
1 2
2 3
1 1
9 505
9 2073
1 2
1 1
9 972
1 2
2 5
2 5
1 1
8 111
6 43
1 3
2 3
1 3
1 3
9 2146
1 1
1 2
1 1
9 772
9 1284
1 1
9 3641
1 5
2 15
1 2
3 10
1 1
9 1406
1 1
9 3608
1 3
1 1
1 10
9 3294
1 1
1 1
1 1
1 1
9 1574
1 2
1 1
2 4
9 2999
1 1
1 3
4 17
9 2359
1 2
1 1
1 1
1 3
1 1
1 4
1 1
1 1
1 1
3 8
9 518
1 1
1 1
9 2094
2 3
1 1
1 2
1 2
2 3
1 1
2 48
3 14
1 1
3 5
1 2
9 2447
5 22
2 7
2 10
1 2
1 3
1 2
1 3
1 4
2 3
1 1
9 3027
1 1
1 2
9 1653
2 4
1 2
9 569
1 1
9 1147
1 2
1 2
4 19
9 377
1 1
1 1
4 13
1 1
2 6
9 3840
3 8
1 7
1 1
1 2
3 6
1 1
2 3
1 3
2 12
1 2
2 7
5 17
1 3
1 1
4 29
1 1
1 4
1 2
9 1190
1 2
1 2
9 2473
1 1
4 27
1 1
9 707
1 4
1 3
1 1
9 1560
1 2
1 1
1 3
3 30
2 3
1 1
1 1
1 2
9 2945
1 1
9 3341
1 4
1 1
1 3
3 30
3 8
1 2
2 8
1 4
2 10
1 2
1 2
1 1
1 1
1 1
1 2
1 1
2 4
1 1
1 3
2 5
9 829
9 1894
9 498
1 1
1 2
9 1874
1 1
9 2003
1 4
9 1364
1 1
1 1
1 1
3 8
2 19
4 17
1 1
1 1
9 2186
1 1
9 2020
1 1
1 5
1 4
3 36
2 5
1 1
1 2
2 4
3 6
1 2
9 2018
1 2
1 1
1 1
1 1
1 2
1 1
1 7
2 6
9 2441
1 1
9 2535
9 3221
1 1
1 6
2 11
9 1081
1 1
8 81
3 24
1 3
4 14
1 1
3 13
1 1
9 1049
9 2317
9 3302
1 2
1 2
1 1
9 1538
1 1
1 1
2 10
9 2432
1 1
1 2
9 1693
1 4
1 1
4 28
1 5
1 1
1 1
1 2
9 3997
1 1
2 7
1 1
1 1
1 4
6 33
9 3325
9 3376
1 2
9 1920
1 1
9 2574
9 1964
4 16
2 4
9 3058
1 1
1 2
1 1
9 1075
9 1708
3 9
1 2
9 3690
1 1
2 10
1 1
1 1
1 2
9 947
9 2418
1 1
3 27
9 1658
1 3
2 9
1 1
1 1
3 21
1 2
3 10
1 1
1 1
1 1
1 1
1 1
1 1
1 2
1 1
9 3005
9 3871
3 6
1 2
9 3874
1 2
8 103
1 1
1 3
9 2160
1 2
2 9
1 1
1 2
1 2
4 18
1 3
1 2
3 20
1 6
9 799
2 10
1 1
1 1
2 6
1 2
1 3
1 1
1 2
1 1
1 1
1 2
1 4
1 2
1 1
1 1
1 2
1 1
2 3
9 3011
1 1
1 2
1 1
1 1
9 3392
2 4
1 1
2 9
1 1
1 1
1 1
1 2
3 8
3 6
1 1
1 2
1 4
4 48
2 45
1 1
1 2
9 3309
6 29
1 1
1 2
2 11
1 3
2 45
1 2
1 5
1 4
5 16
4 36
1 1
1 2
1 1
2 3
3 28
1 1
1 1
1 3
1 2
1 2
4 14
1 1
1 2
2 10
9 2974
1 1
1 1
2 3
1 4
3 9
1 2
9 547
1 2
1 1
1 1
2 6
1 1
2 6
1 1
1 2
2 4
1 2
2 8
9 1180
1 5
1 1
3 7
3 45
1 6
2 4
1 2
9 3695
1 1
2 3
9 2693
1 1
1 12
1 1
9 1882
9 1142
1 1
7 33
3 11
9 1847
1 1
4 21
1 1
1 1
1 1
9 1565
5 31
9 2321
3 10
1 3
9 2609
1 3
9 2678
9 2977
1 2
9 1081
1 1
1 2
9 1878
1 1
2 3
1 8
1 1
3 8
9 1806
2 7
1 2
2 14
1 5
1 1
1 1
1 1
2 8
9 665
3 15
1 19
2 3
2 6
1 1
9 1675
1 2
1 1
1 1
1 3
1 1
3 13
2 25
1 1
2 3
1 1
1 3
1 2
1 1
4 15
1 1
1 1
9 2622
9 2197
1 1
3 7
1 4
9 321
2 4
1 1
3 12
1 4
1 16
2 4
1 1
1 3
9 1577
3 34
2 15
8 80
1 1
1 1
1 1
1 3
1 1
6 57
9 1713
1 7
9 959
1 1
9 1672
3 6
9 3278
1 1
2 4
1 1
1 1
1 2
1 1
1 1
1 1
3 10
3 8
1 1
9 1034
9 455
1 1
1 2
1 1
9 1802
1 3
1 1
8 53
1 1
2 4
9 988
1 3
1 1
9 769
9 1186
5 11
1 1
1 3
2 6
1 1
2 13
1 1
1 1
9 2922
1 5
1 1
1 2
9 2780
2 6
1 2
9 950
1 4
3 4
3 15
1 2
9 3090
2 7
1 3
9 985
1 1
1 2
1 1
1 1
2 3
9 3438
1 3
1 1
9 3544
1 2
1 24
9 2859
2 8
9 1304
9 3186
9 1365
1 1
1 1
1 2
1 1
1 1
3 9
1 1
9 1203
2 2
1 1
2 9
9 1539
9 712
1 4
1 1
1 2
1 1
1 1
1 1
1 2
9 2433
1 1
1 1
1 2
8 46
9 2665
1 10
1 2
4 45
1 3
1 15
2 3
1 1
1 2
1 3
1 18
2 5
1 1
1 1
2 42
1 1
1 1
1 2
1 1
1 1
9 2874
1 1
1 1
9 2660
1 1
9 1548
3 15
2 6
9 2294
1 1
1 4
3 6
1 3
1 1
1 3
1 2
1 1
1 2
9 3179
1 2
1 2
1 1
1 1
4 12
1 8
1 1
1 1
1 2
6 41
9 1819
9 3007
4 17
1 1
1 2
1 3
9 519
1 4
1 1
1 2
1 3
9 1246
9 2106
1 1
1 8
9 3087
9 2800
1 3
9 1692
1 1
9 2614
2 5
9 306
1 1
1 1
9 3762
1 1
1 1
1 1
1 1
2 4
2 4
1 2
9 2425
1 2
1 2
3 7
9 2695
1 9
1 1
3 10
1 2
9 1216
1 3
1 1
1 1
1 2
1 2
2 4
1 1
2 7
1 5
9 3631
9 236
1 2
1 1
4 17
1 1
4 12
3 9
1 1
1 1
1 1
1 1
9 3641
1 2
1 1
1 5
1 1
2 6
1 2
9 3578
9 2565
1 3
1 1
1 3
9 676
6 24
1 1
1 2
1 1
1 1
1 1
7 31
3 23
2 4
9 1826
3 10
1 3
3 41
9 3479
1 3
2 3
1 3
2 7
1 2
2 4
9 2677
1 2
1 1
9 1246
1 2
9 2413
1 1
2 6
1 1
1 1
2 4
1 3
1 1
2 30
1 1
3 6
2 3
1 1
1 1
1 1
1 1
9 3161
9 3310
2 13
1 6
1 1
1 1
1 1
1 1
1 1
3 21
1 1
9 760
1 1
2 6
9 1343
1 1
2 3
1 2
2 8
9 2263
2 7
2 6
2 4
3 12
1 1
2 5
9 3152
1 1
1 1
3 14
1 1
3 13
1 1
1 3
9 2499
2 13
1 1
1 1
2 4
1 2
1 1
2 4
1 2
2 3
1 1
1 2
1 1
1 2
9 2788
3 4
1 1
1 1
1 1
1 1
2 7
1 12
3 12
1 1
3 6
1 1
1 10
1 1
2 4
9 298
1 2
2 3
1 1
2 4
3 18
9 2246
9 1018
1 1
9 2941
1 1
1 1
2 5
1 1
2 7
1 3
2 5
1 6
1 1
3 36
1 1
1 6
2 14
1 2
9 431
1 1
1 2
1 1
1 1
1 2
1 4
1 1
1 1
1 1
8 87
3 33
9 3537
1 3
1 2
9 3063
9 1292
9 1391
1 10
1 1
2 10
1 1
9 525
1 1
9 1070
9 3019
1 1
9 3524
1 2
1 1
1 1
7 23
2 5
9 1860
9 3178
3 6
1 1
9 1117
2 7
9 3316
1 1
4 17
1 2
1 2
9 1767
1 1
3 10
9 149
1 1
3 6
1 1
1 1
1 2
1 3
1 2
9 2519
3 33
9 3938
1 1
1 2
4 17
1 1
2 21
1 8
1 2
8 117
1 1
1 2
1 9
1 1
9 1266
1 1
4 64
9 2199
9 653
1 1
9 1571
1 1
1 1
1 9
1 1
9 1979
3 7
1 1
3 8
9 581
1 1
4 23
1 3
1 3
2 8
1 1
1 1
1 2
1 2
9 3556
1 2
9 611
1 3
2 5
4 14
1 1
1 1
1 1
2 19
9 3141
3 13
2 8
1 1
9 1720
2 4
1 1
2 3
1 2
1 3
1 1
1 2
1 1
1 3
1 2
1 1
1 2
9 289
2 8
1 1
1 3
1 1
3 7
3 20
1 1
1 2
3 6
1 3
9 1549
1 1
9 2709
4 16
2 3
9 1130
1 1
9 1093
1 6
3 9
1 1
1 4
1 1
1 1
1 3
1 2
1 1
2 42
1 2
1 1
1 2
9 3947
1 4
1 1
2 3
1 1
1 1
9 3020
1 6
9 3134
1 1
1 1
1 2
1 1
1 1
1 1
2 15
3 32
1 2
2 8
3 16
1 1
9 2129
1 1
9 3129
1 1
2 5
4 13
2 7
9 2518
9 3640
1 2
1 2
9 1272
3 12
1 3
2 8
1 1
1 1
9 1651
1 2
9 2401
1 3
3 8
9 3883
3 11
2 5
1 1
1 1
1 1
1 1
1 1
1 1
9 2089
3 5
1 2
1 1
9 328
1 2
3 4
1 1
1 3
2 26
2 30
1 2
1 1
1 1
1 1
3 3
1 1
1 1
1 1
1 1
9 832
1 1
9 2455
2 6
3 19
9 511
1 1
3 19
1 2
2 6
1 3
1 3
1 2
9 2905
1 1
1 1
1 1
9 332
9 2234
1 4
1 1
1 2
1 2
1 1
1 2
3 11
9 2441
1 2
1 1
1 1
2 7
9 3285
3 23
3 7
1 3
5 30
1 1
1 2
9 500
3 25
1 8
2 7
1 1
2 4
1 3
1 1
1 2
9 1999
1 1
1 1
1 1
1 1
1 1
2 3
2 3
1 2
1 1
9 563
4 14
1 1
1 2
1 3
1 1
9 2038
1 1
1 1
3 14
3 17
1 1
1 1
2 3
1 2
2 6
9 3655
1 1
1 2
1 1
1 1
9 2509
1 1
1 2
1 1
9 2583
2 9
1 2
9 2045
1 2
4 8
1 1
9 1555
2 10
9 287
1 1
9 3843
2 3
3 14
9 1860
1 1
1 2
1 4
1 1
1 2
1 10
1 1
1 2
3 9
1 2
1 1
9 950
2 7
1 1
2 6
1 2
1 1
1 2
1 2
1 1
1 3
1 3
1 1
1 1
9 3124
2 2
1 1
8 101
9 1141
2 4
1 2
9 1143
1 2
2 15
1 1
9 3254
9 448
9 452
2 2
1 1
9 2702
9 234
2 3
1 1
1 1
1 1
9 2407
1 1
2 8
9 1392
1 1
2 7
1 1
5 20
1 1
1 2
1 6
1 1
5 18
2 7
9 2582
1 1
1 1
3 6
9 2038
3 13
1 2
3 9
5 17
1 1
1 1
5 17
1 5
3 19
2 12
2 3
1 2
2 3
1 16
1 1
2 9
1 5
1 3
1 1
1 1
9 3235
1 1
1 4
1 1
9 312
9 649
1 1
1 1
2 5
3 16
1 1
1 1
9 1457
1 6
3 9
1 2
1 1
2 15
1 2
2 6
1 2
3 8
1 1
9 2561
9 2430
9 3321
3 6
1 2
2 6
1 1
3 6
9 3227
1 3
2 6
1 2
3 5
1 1
9 1203
2 6
1 2
9 367
1 3
1 1
1 1
6 34
1 2
1 1
2 3
9 1770
9 2221
9 1831
1 1
1 1
1 1
9 2938
1 1
1 1
1 1
2 4
9 2659
1 6
1 20
1 1
1 2
9 377
9 460
2 6
1 4
9 2553
1 1
9 3982
1 1
9 3209
9 311
2 5
1 3
9 144
2 5
1 1
1 1
9 2290
1 2
1 1
1 2
1 1
9 3280
1 1
1 1
9 1390
1 2
1 2
2 4
2 7
1 1
1 5
1 1
2 5
1 2
9 1391
1 1
9 2463
9 3521
1 1
1 3
1 1
1 1
9 3395
1 1
1 1
1 1
4 12
9 1221
1 2
1 2
1 1
2 15
9 1534
1 1
1 2
1 1
1 1
1 1
1 1
4 7
1 1
1 1
1 9
2 3
1 1
3 13
3 4
9 1212
1 1
9 1279
2 3
1 1
9 3723
1 1
1 1
1 3
1 1
9 1909
1 1
2 4
1 1
2 6
3 8
1 1
1 1
2 3
1 1
9 3407
2 11
1 1
1 1
3 10
1 1
2 3
6 35
9 765
1 1
1 2
2 4
1 1
2 23
9 3960
1 1
1 1
1 1
6 27
1 1
2 2
1 1
1 1
8 117
2 19
1 14
1 3
9 2457
6 32
2 5
1 1
1 1
1 1
1 1
9 1543
1 1
2 5
1 1
1 1
3 62
2 14
1 1
1 1
1 1
9 3414
1 1
1 1
9 289
9 1186
2 5
9 341
9 1089
1 2
2 3
1 1
1 1
2 8
1 2
2 5
1 2
9 3604
9 1152
1 2
1 1
7 34
1 1
1 1
9 1727
9 334
1 2
1 2
1 1
1 1
2 3
1 1
1 1
1 1
1 1
9 1629
1 1
1 1
1 1
1 1
9 1585
9 1254
2 11
1 1
9 1871
1 2
1 3
9 1917
1 1
1 1
9 1891
1 2
1 1
1 1
1 2
9 1998
9 3107
1 1
1 1
1 1
1 1
9 3923
3 26
2 5
2 11
1 1
3 5
1 3
1 1
2 3
1 2
1 1
3 10
1 2
1 1
2 4
1 1
1 1
9 1005
1 2
1 1
9 2394
4 35
9 2843
1 3
1 2
1 1
4 41
9 1476
1 1
1 1
1 2
1 1
1 3
1 1
1 1
4 11
2 4
1 1
1 1
1 1
1 1
1 1
1 13
1 1
9 770
9 1004
9 1310
1 1
2 3
2 6
3 9
2 7
9 218
9 1106
1 1
1 1
2 3
1 17
1 1
1 1
1 3
9 770
1 1
9 3589
9 2152
2 4
2 7
1 1
1 1
1 1
1 1
1 8
9 2710
1 1
9 2089
2 4
2 4
1 1
9 749
3 16
1 4
2 6
1 18
1 1
1 1
1 2
2 6
3 8
1 1
1 2
1 1
1 1
1 2
9 693
9 2926
3 11
3 12
1 2
2 3
1 1
1 1
9 335
9 300
1 1
2 5
1 1
1 1
2 5
1 1
9 1356
1 1
1 1
1 1
1 2
9 3330
1 2
1 1
2 4
2 7
4 17
1 3
2 19
1 1
1 1
2 3
1 1
1 1
1 1
1 2
9 1828
9 3910
1 1
2 9
9 1283
3 11
9 616
1 2
1 1
1 1
9 914
2 12
9 635
8 61
1 1
1 1
9 2895
1 1
9 1339
1 2
1 2
9 2491
5 20
1 1
2 13
1 1
1 1
1 1
2 4
1 1
1 1
9 311
1 2
1 4
2 3
1 2
9 1792
1 1
1 1
9 3489
9 1067
1 1
9 696
1 1
4 9
9 728
1 3
9 668
2 4
1 1
1 2
9 2363
1 4
9 607
9 2595
1 2
1 1
1 1
1 1
1 1
1 1
1 1
1 1
9 2802
1 1
2 7
1 1
2 5
9 1732
1 1
1 2
2 7
1 3
1 1
1 11
9 976
1 2
6 18
9 641
1 2
3 6
1 11
9 1413
1 1
1 2
9 3502
1 1
1 2
9 2540
1 22
9 2360
2 3
9 3617
1 1
1 1
1 2
1 1
1 1
1 1
1 1
1 1
1 1
1 1
2 12
1 1
9 3199
3 10
1 1
1 1
1 1
3 30
1 2
1 2
2 4
1 1
1 1
9 3171
4 29
9 2474
1 1
1 1
1 1
9 2653
1 1
1 1
1 1
9 1502
1 1
9 1023
1 5
9 2429
9 1629
1 2
1 1
9 2632
1 1
9 1141
1 1
1 1
2 6
1 1
9 1656
9 1573
2 5
1 1
1 2
9 2376
1 1
1 1
1 1
1 3
1 16
1 14
1 1
1 1
5 14
1 1
1 3
1 2
8 77
9 486
1 2
1 1
5 30
1 1
1 1
9 2067
1 7
2 3
1 2
3 16
3 6
1 1
9 2771
1 1
9 1777
1 1
1 12
2 5
1 1
2 9
1 9
1 2
1 1
3 40
2 4
1 1
9 2814
9 1542
1 1
9 1780
9 1134
9 433
1 1
9 924
9 2761
2 7
1 1
1 1
1 4
3 14
1 1
9 2951
2 3
9 917
2 11
9 1185
9 1098
9 3568
1 1
1 1
3 27
1 2
1 1
1 1
8 49
1 1
5 10
2 3
9 1811
3 43
1 1
1 1
1 1
9 2831
1 3
9 3361
1 3
1 1
1 1
9 941
1 1
9 2323
1 2
1 2
2 4
1 2
1 2
9 179
2 5
2 4
1 2
1 2
1 2
2 4
9 467
9 572
1 2
1 1
3 8
1 1
2 7
1 2
1 1
1 1
1 1
1 2
1 1
1 2
9 540
3 7
1 1
9 1001
2 5
2 5
1 1
9 764
3 50
2 7
9 1443
9 3043
2 5
1 1
2 4
1 1
2 3
9 2244
1 1
2 5
1 2
1 1
1 1
1 1
9 3753
9 3580
9 2305
9 1411
1 2
9 2720
1 1
1 5
1 2
9 2107
1 1
1 1
1 3
2 6
1 1
2 18
1 1
2 14
1 2
1 3
1 9
2 3
4 16
1 1
1 1
3 7
1 1
1 1
1 1
1 2
1 1
1 1
9 2266
1 1
1 1
1 1
9 282
2 4
1 1
9 1322
1 3
1 1
2 5
1 1
9 1105
4 79
2 3
1 1
1 1
1 4
1 1
2 4
2 14
1 1
1 1
1 1
1 1
1 1
1 2
2 26
3 7
1 2
1 1
1 2
9 3544
1 2
2 6
1 1
1 3
1 2
2 7
1 3
2 3
2 6
2 5
1 1
2 14
4 24
1 1
1 2
2 8
1 4
1 3
1 1
4 28
3 5
4 26
1 1
9 2858
1 1
9 1705
1 2
1 1
1 2
9 640
1 2
1 1
2 5
1 1
1 1
1 1
1 2
9 2097
1 1
9 1678
1 7
1 1
1 1
1 2
2 5
1 1
9 1486
2 4
4 11
1 1
2 3
9 2325
8 58
9 1765
1 1
1 2
2 7
1 3
1 2
9 3125
1 6
1 6
2 3
9 1810
9 609
1 1
1 1
1 1
9 1553
2 4
1 3
9 580
1 4
1 1
1 1
3 10
1 2
1 3
9 1938
4 30
1 4
1 1
1 14
1 2
1 2
9 1292
3 10
1 1
2 11
9 2520
4 41
1 2
9 952
1 1
1 2
1 1
1 1
1 1
1 1
1 1
1 1
1 1
9 2703
4 9
3 12
1 1
2 10
1 1
2 9
9 414
2 5
2 9
2 6
9 3101
2 5
1 1
3 22
2 21
1 1
1 3
1 9
1 4
9 3381
9 2338
1 1
1 3
1 1
9 3149
2 7
2 13
2 4
1 3
1 4
3 16
2 6
1 1
1 8
1 2
1 1
9 3152
1 4
2 5
2 4
1 1
1 1
1 2
1 6
2 3
1 1
2 3
1 1
9 422
3 13
1 1
1 6
1 2
1 1
1 2
2 4
1 3
2 3
9 2148
9 541
3 7
1 1
1 1
9 3021
9 1261
9 1888
1 2
1 2
2 5
1 1
1 2
1 1
1 3
1 1
2 4
1 1
1 1
1 1
1 4
9 1296
9 1739
1 1
1 1
9 3527
1 1
9 1118
1 1
1 1
9 3565
9 3513
1 1
1 5
9 1457
1 2
1 1
3 5
9 2002
1 2
1 1
1 8
1 1
1 1
9 2223
9 2047
8 90
2 3
9 3196
1 2
1 1
2 3
3 15
1 2
1 1
1 1
6 21
9 3719
2 3
4 14
9 3326
1 1
1 2
3 6
1 3
9 1846
4 47
2 3
9 3543
1 1
9 2172
1 1
1 1
2 6
1 6
1 9
3 6
2 5
1 1
1 1
1 3
1 2
2 9
1 2
1 1
1 1
1 1
1 1
4 12
1 1
4 14
1 1
9 732
9 2144
1 3
9 2691
9 1574
3 10
1 1
1 1
1 3
1 1
1 1
1 1
2 14
9 395
1 1
1 1
1 2
1 1
3 12
9 3037
9 3371
1 3
9 1983
9 959
1 1
2 8
2 7
9 844
1 2
3 19
1 1
4 29
2 3
3 9
9 3109
2 3
2 20
1 1
1 1
1 1
1 1
2 5
9 941
3 4
2 3
9 361
9 393
9 2218
2 44
1 1
3 29
1 1
9 3606
1 5
1 3
2 3
2 4
8 68
8 107
5 37
1 5
2 6
1 2
1 1
1 1
9 1780
4 11
1 4
3 6
1 2
9 2756
9 2401
1 1
9 345
1 5
2 4
1 1
9 1123
1 1
9 1991
1 3
9 2909
1 4
2 6
1 1
1 1
1 1
2 3
1 1
9 634
1 1
1 1
1 1
9 2831
9 3328
1 1
1 1
1 1
9 3689
2 7
2 6
2 6
1 3
9 1027
2 5
1 1
9 3056
1 2
1 1
1 2
1 1
1 2
2 10
1 1
3 9
9 2146
1 2
1 1
3 9
1 1
1 1
1 2
9 1817
1 1
4 19
1 1
2 3
3 4
1 1
2 4
1 1
1 1
9 1715
9 1432
9 297
1 1
1 1
1 1
1 6
1 1
1 1
3 30
9 3653
1 1
1 2
1 1
9 1347
1 1
1 1
1 1
1 1
1 1
2 6
3 59
2 6
2 7
1 1
1 3
2 6
9 141
2 7
1 2
1 14
1 2
9 1700
2 3
3 12
2 24
9 3784
1 1
9 2268
1 1
1 3
1 1
2 8
5 27
1 1
1 1
2 5
1 1
1 1
9 2949
9 991
1 1
9 3546
1 2
9 1186
1 1
1 3
2 4
1 14
1 1
1 1
1 1
9 1518
2 3
9 2023
1 22
1 2
1 1
9 1858
1 1
1 1
3 8
9 2771
1 1
1 1
9 2384
1 1
2 8
1 1
1 1
9 3609
1 1
1 1
1 4
3 10
1 1
1 1
3 13
1 1
1 2
1 4
3 8
2 5
1 2
9 734
1 1
1 1
1 1
9 1088
1 1
1 4
2 8
1 2
9 2757
1 2
1 5
1 1
1 3
1 2
1 3
1 1
1 1
1 4
2 3
1 1
1 1
2 4
9 617
2 4
2 7
4 12
1 1
2 16
1 1
1 2
1 2
2 9
1 3
1 1
1 1
1 4
1 1
1 1
9 3592
1 1
1 1
4 36
1 1
1 1
2 4
1 1
2 8
1 1
4 10
1 1
1 1
2 7
9 498
1 1
1 1
3 4
1 1
9 2622
1 1
2 6
1 1
1 1
1 1
1 1
1 1
1 9
2 3
5 37
9 2445
3 6
2 10
9 1235
1 1
1 2
1 1
1 1
1 1
1 1
3 17
1 2
4 68
1 1
9 1728
1 2
1 1
2 3
2 4
1 2
3 27
2 3
2 7
1 1
2 3
1 3
1 1
2 4
1 1
9 1307
2 4
9 3467
1 3
1 1
1 7
3 38
9 3410
1 1
2 4
1 2
9 1026
2 5
1 1
1 2
2 3
2 19
1 1
1 2
1 1
2 6
2 7
1 1
3 27
2 9
1 2
1 2
1 1
1 2
9 1598
1 1
1 1
2 3
9 1962
1 2
2 3
1 1
2 3
1 1
2 4
1 13
1 1
3 5
1 2
1 1
2 5
1 1
1 3
9 2865
9 2987
1 1
1 1
9 3134
1 2
2 3
9 3402
1 2
1 3
8 170
1 3
2 6
1 1
1 1
1 1
2 8
1 2
9 306
2 4
1 2
1 2
1 2
1 1
1 4
1 1
9 3803
3 11
2 13
2 6
1 1
9 670
1 2
1 5
1 2
1 1
1 1
1 1
1 3
1 1
1 1
9 1469
9 496
1 1
1 1
2 4
2 10
1 2
3 8
4 16
3 6
2 3
2 12
9 379
2 3
1 1
1 1
9 661
1 2
1 3
1 1
1 1
1 1
2 4
1 2
2 4
3 7
9 1000
1 1
1 1
1 1
1 1
2 3
1 2
1 1
1 1
2 3
1 1
9 334
2 5
2 4
1 1
9 3176
1 1
2 4
9 2204
1 1
1 2
2 3
9 1749
2 3
1 1
1 2
3 19
1 2
1 2
9 2568
1 1
1 1
1 3
2 4
9 1405
1 2
1 1
1 1
2 5
1 1
1 1
1 2
1 1
1 1
1 1
9 2318
9 2729
1 1
1 1
9 422
1 1
1 1
9 3566
1 1
9 1042
1 1
1 15
1 8
9 214
1 1
8 62
2 6
9 288
1 1
9 3022
1 1
2 5
1 1
9 1791
1 1
1 1
2 5
1 2
2 4
1 2
1 1
2 2
1 1
2 5
1 1
9 2756
1 1
1 1
1 1
1 1
9 2307
1 2
9 2254
1 1
9 3308
1 1
1 2
5 32
3 7
9 3588
9 1319
2 7
1 2
2 30
9 318
3 8
1 2
1 2
1 1
1 1
2 2
1 2
1 1
9 3213
2 12
1 2
1 1
9 1807
1 1
9 2729
9 999
3 15
1 3
1 4
1 15
2 4
9 910
2 20
1 1
1 1
9 3453
9 1624
8 80
1 1
1 1
1 1
1 1
2 7
1 2
1 1
1 3
1 1
1 1
4 13
1 2
1 1
1 1
2 6
2 15
4 57
9 3435
1 2
1 1
1 2
3 14
9 2310
3 18
2 39
2 16
3 14
8 48
1 1
2 42
9 321
4 12
1 1
7 28
8 201
1 1
1 7
1 1
3 33
1 5
2 4
9 1945
8 73
9 1068
1 2
1 1
4 16
1 1
1 1
1 20
2 6
2 4
2 3
1 1
1 1
9 2210
1 1
1 1
1 1
4 8
1 5
1 1
1 3
1 1
1 1
8 51
4 14
2 14
9 2152
2 3
9 2712
1 1
1 1
1 1
1 1
1 1
2 7
9 1815
1 1
1 1
1 2
1 1
1 1
1 1
1 1
9 3136
1 1
1 2
1 1
4 38
1 1
1 1
3 24
1 1
2 6
1 1
1 1
1 2
9 2857
1 1
1 1
1 1
1 1
2 15
1 1
1 3
7 32
1 4
1 3
1 1
1 2
9 424
1 6
2 4
9 3260
1 1
2 2
1 1
1 2
1 2
1 1
1 2
1 2
2 4
1 1
3 8
1 1
1 2
1 1
1 2
1 1
1 1
1 1
3 22
1 1
2 2
2 6
1 1
1 2
1 1
9 2898
1 1
2 13
2 5
1 1
1 1
1 1
1 1
1 1
1 1
1 1
1 1
2 3
1 1
1 1
9 1150
2 5
1 1
9 602
9 1373
1 4
3 5
2 5
1 23
1 1
2 32
1 1
2 6
1 1
2 4
1 4
9 1300
1 1
1 5
9 2931
1 2
1 3
9 3198
9 1029
1 1
9 2439
9 496
1 1
2 4
1 1
9 1272
9 3772
9 3530
1 1
9 1507
1 1
2 4
1 2
1 1
1 1
2 3
1 3
1 1
3 26
1 1
1 17
1 1
4 11
1 1
9 3798
3 3
9 2820
2 33
1 1
3 10
1 1
9 3111
9 2406
1 1
1 3
9 1673
1 1
1 3
1 1
8 76
1 1
7 44
9 2238
1 1
9 3013
1 1
1 3
2 9
1 1
1 1
1 1
9 1009
9 1536
9 2054
9 2198
1 1
1 1
9 2300
9 1410
2 7
2 7
9 3469
2 5
1 4
9 3268
1 1
1 3
3 12
1 1
3 18
1 5
1 1
3 11
1 1
1 1
1 5
2 4
1 1
6 28
9 1812
1 2
1 3
1 1
2 4
1 1
1 1
9 1286
2 7
2 13
1 1
1 1
1 1
5 22
1 1
2 13
1 1
9 2227
1 3
9 3124
2 21
1 1
3 25
4 15
9 731
2 8
2 5
1 2
1 1
2 7
9 2204
9 3734
9 258
1 1
1 1
1 1
9 646
2 3
9 726
9 2731
1 4
1 2
1 1
9 339
1 1
1 1
9 1152
9 2000
1 2
1 2
9 1345
2 4
3 7
9 3179
1 1
1 1
2 4
1 1
1 2
2 12
1 2
9 996
9 1522
2 3
1 2
1 1
1 2
2 7
1 1
9 1232
9 2327
1 1
1 1
1 4
9 1906
9 3077
9 2199
1 1
1 3
1 5
1 1
9 2489
1 1
3 15
2 19
1 3
3 4
1 1
9 3474
9 2477
1 2
9 1674
1 1
3 8
9 1208
1 2
1 1
2 3
1 3
2 3
1 2
9 3783
9 1771
1 1
1 2
1 6
9 1600
1 1
1 1
1 1
2 7
1 2
1 1
9 569
9 2774
3 18
1 2
2 9
1 1
9 825
1 1
1 3
1 1
1 7
9 3913
2 9
9 2446
9 1999
1 2
9 3122
3 4
2 7
1 3
1 1
1 2
1 1
1 1
2 4
1 1
1 1
9 3009
1 2
1 1
1 2
1 1
2 9
1 1
2 3
1 1
1 2
3 20
4 13
9 399
9 3439
1 1
9 1857
2 3
1 1
1 1
9 825
1 1
3 52
9 1358
1 1
3 6
3 7
1 2
1 1
1 2
3 8
1 1
1 1
1 1
1 1
1 2
2 4
1 1
1 1
1 6
1 1
1 1
1 1
2 6
8 83
1 1
9 1911
2 11
1 2
1 1
9 363
1 1
9 2794
8 74
1 1
1 7
2 4
9 2644
1 2
9 2715
1 2
1 1
2 4
2 3
1 2
1 1
1 1
1 1
1 1
1 1
1 4
2 7
1 1
1 2
1 26
1 23
1 1
2 11
2 10
1 3
1 1
9 2011
1 1
1 1
9 616
2 3
4 15
9 1649
2 7
2 3
1 1
1 1
2 9
1 1
9 752
2 4
2 3
1 1
1 1
1 1
9 3239
1 1
1 1
2 4
9 288
9 3243
2 4
9 471
1 1
1 1
1 2
2 5
9 2210
9 1732
2 5
9 489
1 1
1 1
9 941
3 12
9 2651
3 6
1 1
3 12
1 1
1 1
1 3
2 3
2 5
9 3199
6 74
1 1
9 3448
1 2
1 1
1 1
1 1
9 3020
9 1160
2 3
2 9
9 1038
2 2
1 1
2 6
3 15
1 1
6 17
1 1
1 1
2 4
1 1
1 1
9 1259
2 5
4 17
2 3
1 2
1 1
1 1
1 1
8 75
1 1
1 1
1 1
1 1
1 1
2 10
2 5
1 2
1 1
9 2054
1 1
1 1
1 1
1 2
3 12
1 1
1 10
1 1
1 2
2 8
1 1
9 1867
1 1
2 3
1 1
1 1
9 2504
1 1
9 3188
9 2479
9 3740
1 2
3 17
1 1
1 1
1 2
9 1788
9 2228
9 413
1 1
2 4
1 1
9 3612
9 2281
3 55
1 2
1 1
1 1
1 3
1 1
1 1
1 1
2 7
9 456
1 1
1 2
3 6
1 1
1 2
1 1
1 8
2 7
9 283
1 2
1 1
1 1
2 12
1 1
2 7
1 1
1 1
1 1
2 3
1 3
1 1
5 31
5 32
1 2
1 2
1 1
9 3514
2 3
2 6
9 1724
2 17
2 3
1 1
1 1
1 2
2 3
1 1
2 3
1 1
9 417
1 1
1 2
2 3
2 5
2 6
3 13
9 2722
1 1
1 4
1 1
1 1
9 2538
1 1
1 1
1 1
2 7
1 2
2 6
1 1
1 2
3 20
3 7
1 1
1 1
2 4
1 1
1 2
9 2123
1 1
1 1
1 3
2 6
1 1
2 3
1 1
9 1110
1 1
1 1
9 1333
2 4
1 1
9 2616
9 1164
1 1
1 1
9 1510
2 4
9 1703
9 1739
2 4
1 1
9 2434
9 1506
1 1
1 1
2 3
1 5
1 1
1 1
1 3
1 2
1 1
9 3267
2 6
2 7
1 1
9 2727
1 2
9 1746
1 1
1 2
3 27
9 753
2 6
1 1
3 15
1 1
9 1563
1 1
1 1
1 1
1 1
1 2
1 1
3 10
2 4
1 1
1 1
1 1
9 2612
2 10
2 5
1 1
9 2593
2 12
1 1
1 1
1 1
1 1
9 1719
3 7
2 4
1 1
1 2
9 2217
2 9
1 1
2 4
1 2
1 1
1 1
1 1
1 1
2 7
1 1
3 11
9 2713
9 1728
1 1
3 13
9 214
2 8
9 285
1 1
9 1450
9 569
1 5
9 1359
9 593
3 9
9 931
1 3
1 1
2 3
9 445
9 2518
1 1
2 4
1 1
1 1
1 1
1 1
2 18
1 1
1 2
1 1
9 3149
1 1
1 1
9 1907
1 1
1 1
1 1
2 13
1 2
1 2
2 14
1 19
9 2622
1 1
1 1
3 19
2 10
2 5
6 24
2 3
9 2098
2 8
1 1
1 2
2 11
1 1
1 1
3 7
2 13
3 10
1 1
1 1
1 1
1 2
1 1
2 20
1 1
9 2016
1 1
2 3
3 9
3 9
2 4
1 1
1 1
1 1
3 11
1 1
9 3696
1 3
1 2
5 20
1 1
1 4
1 1
1 1
1 5
1 1
1 1
3 12
1 1
1 2
1 1
1 1
2 3
1 1
3 7
1 7
1 1
9 1098
1 1
9 1493
1 1
2 10
1 1
1 1
9 2545
1 1
1 1
1 1
1 1
1 1
9 2990
1 1
1 1
1 1
1 3
1 3
1 1
2 3
2 5
9 1624
1 2
2 9
1 3
9 2506
1 3
1 1
1 2
1 2
1 1
9 835
9 669
1 1
1 1
1 1
1 1
2 4
1 1
9 2449
2 8
2 5
9 3668
1 1
1 1
9 3081
1 4
9 1057
1 2
9 2127
1 10
8 77
1 6
1 1
9 2781
1 2
1 1
1 1
1 1
1 2
1 1
9 2494
9 719
1 2
1 2
1 1
1 1
2 5
1 1
9 1530
1 1
1 1
4 10
1 1
1 1
1 1
2 3
1 1
1 2
1 2
3 30
1 1
8 126
1 1
9 655
1 1
1 5
9 324
1 1
1 1
1 1
1 1
1 1
1 1
9 2758
1 1
2 14
1 1
2 11
1 2
3 24
5 18
1 2
1 3
1 4
3 10
2 13
1 1
7 32
1 1
1 1
2 4
1 2
1 1
1 1
1 2
1 1
1 1
1 1
1 1
9 820
1 1
3 33
1 2
2 5
1 3
1 1
1 1
1 1
1 1
1 1
1 1
1 1
3 15
1 1
9 1969
1 1
3 14
1 1
1 1
1 1
1 1
1 2
1 2
1 1
1 2
1 1
2 5
2 4
1 1
1 1
9 1486
1 4
8 152
1 2
1 3
2 6
2 3
1 1
9 1249
9 2161
1 1
1 1
9 2809
1 1
1 1
1 1
1 1
2 8
3 7
1 1
1 1
1 2
3 4
1 1
1 2
9 898
3 15
1 1
1 1
1 1
9 439
1 2
1 1
1 1
1 1
9 1684
2 3
9 3772
9 2851
2 5
1 3
1 2
1 1
2 5
9 3167
9 1915
1 1
1 1
9 2997
9 1375
1 3
1 1
9 3695
9 1967
8 167
9 4044
1 2
8 78
9 2855
9 2838
9 3639
2 8
9 398
9 2810
9 2861
9 3756
9 3910
2 3
8 134
9 1214
1 3
1 2
1 1
1 4
1 1
9 3731
1 3
2 10
9 2711
4 13
9 1340
1 1
1 1
1 2
1 1
1 1
1 1
2 18
4 19
2 6
2 8
4 45
2 6
1 1
1 3
1 1
2 5
2 6
1 1
1 1
5 27
1 1
1 1
1 1
2 4
1 1
4 13
1 2
9 1577
3 12
2 16
1 1
1 1
9 3504
1 9
9 2563
1 2
2 5
9 2261
2 14
1 1
1 1
1 2
1 2
2 6
9 1998
1 2
1 1
9 642
3 9
2 4
1 1
9 3121
5 91
2 5
1 1
9 394
1 1
1 3
1 1
1 1
9 3134
1 2
1 1
9 2619
1 1
2 3
1 1
1 1
3 32
1 6
1 1
2 4
1 3
1 1
1 1
9 2570
9 756
1 1
1 1
2 21
1 2
1 1
1 5
1 4
1 1
2 15
1 1
1 1
1 1
1 2
1 2
1 1
9 2104
9 3667
1 14
1 1
1 1
2 17
2 7
1 1
1 1
1 2
1 1
1 1
1 1
2 3
9 2464
1 1
6 24
1 1
9 1285
1 1
8 32
1 1
1 1
1 4
1 1
1 2
1 1
2 5
2 5
1 3
1 1
9 701
9 2602
1 1
1 2
2 3
1 1
1 1
1 1
1 1
1 2
9 1194
1 3
1 1
1 1
1 1
2 9
9 795
2 3
1 4
1 2
1 1
2 8
1 1
2 4
1 1
1 1
9 2245
9 3239
2 39
1 3
1 7
9 319
1 1
2 7
1 7
1 1
1 1
9 3044
1 1
1 1
9 3463
1 1
8 97
4 26
1 2
3 11
3 12
1 4
1 1
1 1
1 1
2 37
2 5
1 1
8 114
9 3495
1 1
1 1
4 36
2 6
2 3
1 2
1 1
1 1
1 1
1 1
3 8
1 1
9 827
3 28
1 9
1 2
9 2042
9 1114
9 1077
9 3383
1 1
1 1
2 4
2 21
9 1877
9 315
9 1028
2 5
9 465
2 5
1 2
1 2
1 1
3 18
1 1
1 3
9 664
1 1
9 2371
9 3013
1 1
1 1
1 1
9 1465
2 3
1 1
1 4
9 2517
9 1819
1 1
2 3
4 13
2 3
1 1
4 37
1 2
1 1
9 3245
9 1437
1 3
9 3079
2 5
9 1135
1 1
9 563
9 364
1 1
1 6
1 2
1 1
1 2
1 2
2 8
9 1462
2 3
9 731
1 1
8 52
9 1682
1 1
1 1
1 1
9 399
1 1
9 1640
9 2475
8 86
9 683
2 3
1 1
1 1
1 1
9 2344
9 798
9 3166
1 1
1 1
3 14
9 3280
1 1
9 3077
1 1
1 1
9 3088
1 2
1 2
9 2445
9 474
9 3629
1 1
1 5
1 1
9 2179
1 1
1 2
9 998
1 1
9 372
2 3
1 1
6 16
2 7
3 33
9 808
1 2
3 6
2 8
1 1
9 217
1 1
9 3304
1 4
9 869
1 1
1 2
3 13
2 3
9 671
2 3
1 1
1 1
1 2
1 1
2 4
9 1471
9 1496
9 2046
1 1
1 1
9 3686
1 1
1 1
3 7
1 4
2 5
1 1
1 11
1 1
1 1
1 2
3 4
1 1
1 1
1 1
1 2
1 1
3 9
1 1
2 4
1 2
1 1
1 1
1 5
1 1
9 1341
3 15
1 2
1 2
1 5
9 3383
3 18
9 801
9 1416
1 1
1 5
1 1
9 3835
9 936
9 2296
1 1
1 5
2 3
9 2330
1 4
1 3
1 2
1 2
9 2975
8 61
1 1
1 4
1 1
1 2
1 1
9 1564
8 52
9 701
9 3425
1 1
1 1
1 2
1 2
2 10
1 2
9 2354
2 3
2 8
9 440
1 3
1 2
2 18
2 4
2 10
1 2
1 1
1 1
1 1
1 1
1 1
1 3
1 1
1 1
2 5
2 6
1 3
3 9
1 1
9 2755
1 1
9 1203
9 2860
1 5
9 1360
1 3
1 1
9 1296
1 1
1 1
9 2019
1 1
1 1
2 6
1 2
9 3092
1 1
1 7
1 1
1 2
1 1
1 4
1 1
1 6
1 1
1 2
9 2164
1 2
1 2
1 1
2 5
1 2
4 20
1 1
1 2
2 9
2 4
9 3838
2 7
1 1
1 4
1 2
1 5
2 24
1 2
2 5
2 3
1 1
9 1455
1 1
1 1
1 1
1 1
1 1
3 7
1 1
1 1
1 1
1 1
9 2888
1 1
1 1
9 3270
9 1545
1 2
9 1664
1 1
1 1
9 1484
1 4
1 2
1 1
1 1
1 1
1 1
9 3736
2 5
1 1
1 1
1 1
1 1
1 6
9 1519
1 1
2 4
1 1
9 1854
1 1
5 18
1 1
1 2
1 1
9 2738
1 1
1 1
3 9
1 1
4 10
2 5
1 1
1 1
2 7
1 1
1 3
2 3
1 1
9 1261
1 15
1 3
1 1
1 1
1 1
1 1
1 1
1 2
1 1
2 3
1 1
9 2605
1 20
9 1404
1 1
1 1
1 1
1 1
1 1
9 758
1 1
1 1
9 3651
2 9
1 2
2 11
1 1
4 15
3 9
1 1
2 4
1 1
9 241
9 3425
1 1
1 3
2 6
1 1
9 278
1 5
1 1
1 2
1 1
9 3873
9 3380
1 2
2 3
1 3
1 1
1 1
1 1
5 21
9 1853
1 1
2 5
1 1
1 5
1 14
1 1
2 6
1 1
1 1
1 1
1 1
1 2
1 2
2 3
2 12
1 1
1 3
1 1
1 1
1 1
7 35
1 1
9 3799
2 4
9 1961
1 3
1 1
1 1
1 1
2 4
3 7
2 35
1 1
1 1
1 1
4 40
1 1
9 1547
1 1
9 1153
1 1
1 1
2 13
3 12
4 14
3 8
1 1
9 3280
1 1
1 9
1 2
3 9
9 2658
9 2078
1 2
1 1
1 1
1 1
9 3527
1 1
1 1
1 1
1 1
1 1
1 1
2 5
1 1
1 4
1 1
1 1
2 5
1 2
1 1
9 3712
9 2952
1 2
9 249
2 7
1 1
9 2940
1 2
1 1
3 9
9 3262
9 3361
1 1
1 2
1 1
2 6
2 9
1 1
1 1
4 9
6 22
1 1
1 1
9 1971
9 2540
1 1
1 1
1 1
1 1
9 2181
8 124
2 6
2 28
1 1
9 792
1 2
9 3741
2 7
1 1
9 538
3 11
9 1550
3 21
1 1
1 2
1 1
4 9
9 1506
1 1
1 2
1 1
1 6
1 1
3 8
2 4
1 1
1 1
1 2
9 2019
1 3
1 2
8 69
2 4
1 1
2 5
9 3809
2 5
1 1
1 1
9 3595
1 1
1 1
1 2
1 1
2 13
1 2
1 1
5 42
1 1
9 2761
1 2
1 1
2 14
1 1
9 1346
8 60
1 1
9 1082
8 138
1 2
3 6
1 1
2 4
1 1
2 4
1 1
1 1
1 6
1 1
1 1
1 3
1 1
1 1
1 1
2 4
1 1
1 5
1 1
1 1
9 1272
9 478
1 1
9 2995
1 1
1 1
1 2
3 15
3 5
9 2611
2 33
3 10
1 2
9 717
9 2441
9 2508
9 503
1 1
2 5
1 7
1 1
1 1
1 3
1 1
1 1
1 2
9 3580
1 2
7 37
4 49
1 3
1 1
3 19
1 1
1 1
1 1
1 1
1 3
9 3867
1 1
1 1
1 1
1 1
1 2
2 5
9 483
1 2
3 7
1 4
1 1
2 3
1 2
1 1
1 1
5 32
1 1
9 542
1 1
9 3172
1 1
1 1
1 1
2 5
3 18
1 1
3 21
1 2
1 2
1 1
1 3
2 6
1 2
1 2
3 16
9 3839
1 1
9 3464
1 1
3 31
2 9
9 3231
1 2
8 77
9 3344
9 663
9 2745
1 1
1 1
9 2642
1 1
1 1
1 1
1 1
1 1
1 2
1 1
1 2
9 2123
1 1
1 1
1 1
1 2
1 1
1 1
3 11
1 1
1 1
1 3
2 15
9 1212
1 1
9 3499
1 3
2 7
1 1
1 1
9 2005
1 1
1 1
1 1
1 1
9 905
1 5
9 2924
1 1
2 4
1 1
1 1
1 1
1 1
3 17
1 1
9 1829
1 1
1 1
3 14
1 1
9 3344
9 543
1 2
9 3234
1 1
1 2
9 2085
1 4
1 1
1 1
2 3
9 3141
2 4
1 1
2 5
1 1
4 38
1 2
9 1973
9 3582
9 2758
3 9
9 209
1 1
1 1
1 1
1 1
1 2
1 3
2 6
1 1
2 5
1 1
9 3330
1 1
1 2
1 1
1 1
9 1017
9 2321
1 1
1 1
2 4
9 1009
9 2165
2 3
1 1
1 1
1 1
9 288
1 2
3 8
9 2760
1 1
1 1
2 4
3 13
1 1
3 7
1 1
1 1
9 291
1 1
1 2
1 1
9 562
1 1
1 2
2 9
1 1
9 1024
4 16
1 1
1 3
4 13
4 17
3 19
1 2
1 1
1 2
1 2
9 2678
1 1
2 4
1 1
1 1
1 2
1 2
1 1
2 5
9 645
3 5
3 11
9 2591
9 250
4 38
1 1
1 1
2 6
9 454
1 1
9 1637
9 1273
9 3834
9 2512
1 1
9 1098
9 3426
2 10
8 110
9 2986
1 2
3 13
1 1
1 1
2 6
1 1
1 1
1 1
1 1
1 1
1 1
3 9
2 7
2 8
1 2
1 1
1 1
9 2724
9 172
9 2854
1 1
2 6
1 2
2 4
1 1
9 2021
2 7
1 1
1 3
2 15
1 1
1 1
2 4
1 1
1 1
1 1
1 1
1 3
2 4
9 3073
1 2
9 2275
1 1
2 4
1 1
2 3
1 4
1 1
1 2
1 1
1 1
3 13
1 1
1 1
1 1
2 7
1 1
2 6
3 8
1 2
1 1
9 652
1 1
3 7
1 1
1 2
1 1
3 14
2 6
9 3220
1 1
2 5
5 16
1 1
2 7
9 1893
1 3
1 1
1 3
9 855
1 15
1 1
1 1
1 1
1 1
1 1
1 1
9 1716
9 2282
9 320
1 1
1 1
1 1
2 5
1 2
1 1
1 2
1 1
9 2255
1 1
2 5
1 1
1 2
2 6
1 1
1 5
9 2301
9 3422
2 6
4 12
2 11
3 11
1 1
1 1
3 10
1 5
1 1
1 1
3 12
2 3
1 1
1 2
9 2527
2 3
1 1
5 35
1 1
9 1339
1 1
1 1
1 1
1 1
1 1
1 1
9 3629
1 1
1 2
1 1
1 1
1 1
4 26
1 1
1 1
9 2882
2 9
3 12
1 1
1 1
2 3
9 532
3 15
9 2099
2 3
1 1
1 1
1 2
4 13
1 1
3 52
1 4
1 1
1 1
2 6
9 897
9 1301
1 1
9 329
9 970
1 1
2 6
1 1
1 1
9 2449
1 1
1 2
9 3280
9 1910
2 7
1 3
1 1
9 599
1 1
1 1
2 5
1 2
9 1704
1 1
1 2
9 2277
2 5
1 1
1 3
1 1
3 16
1 1
1 1
9 2096
1 3
8 63
9 2469
1 1
1 1
1 2
2 3
2 6
9 1599
1 1
9 2513
1 4
1 1
4 11
1 4
1 2
1 4
8 44
1 3
1 3
2 3
2 6
1 1
9 3403
1 1
1 1
1 1
9 1587
1 1
1 1
2 3
9 1434
1 1
1 1
3 13
9 1696
1 1
1 1
1 1
9 3898
3 7
1 1
8 134
2 5
1 1
1 1
1 2
1 1
3 10
9 1920
4 10
1 2
9 2082
3 10
2 3
1 1
9 2986
1 1
1 1
1 1
9 816
1 1
2 13
1 1
1 1
2 4
9 3388
2 3
1 1
1 3
2 5
1 1
9 2477
1 1
9 3605
2 6
1 4
1 2
1 1
2 4
1 1
9 2056
9 2685
1 1
1 1
9 1734
1 2
2 3
1 1
1 1
2 5
1 3
1 1
1 1
1 1
1 1
1 1
1 1
1 1
1 1
1 1
2 8
1 1
2 4
2 6
1 2
1 1
1 1
1 1
9 699
2 7
2 3
1 1
9 209
1 2
2 5
9 1796
1 1
2 14
9 2543
2 7
1 1
2 37
1 1
9 3321
2 3
1 1
1 1
1 1
2 4
3 16
1 1
9 3427
2 8
1 1
9 2202
2 5
1 1
9 746
1 1
9 2130
2 7
1 1
1 1
1 1
2 6
1 1
1 1
9 3410
4 19
2 11
2 12
1 2
1 1
1 1
9 3294
1 1
2 4
1 1
1 3
9 2637
3 11
1 1
1 1
1 1
2 3
1 1
1 1
9 2324
2 7
9 3865
1 1
1 1
9 3257
9 2170
9 1361
9 1015
1 2
1 1
1 1
3 17
8 66
1 1
2 8
2 6
3 8
2 4
1 3
1 1
1 3
1 1
1 1
1 1
9 753
1 1
1 1
9 2392
1 2
1 1
1 1
1 1
9 3140
1 2
1 1
2 6
1 1
1 1
1 2
1 4
2 46
1 1
1 1
2 11
1 1
2 10
9 2025
1 1
2 23
9 3157
1 1
1 7
1 3
3 21
2 8
9 2172
1 1
2 4
1 5
3 7
9 684
1 1
3 10
1 3
1 1
3 7
1 1
1 1
1 1
1 1
1 1
9 603
1 1
1 2
9 3140
1 4
9 1041
2 10
1 1
9 1174
1 1
2 6
1 1
1 1
9 2975
2 7
9 510
1 2
1 1
1 2
2 3
1 1
1 1
4 29
6 27
1 2
2 6
1 2
5 15
1 2
1 1
9 3139
9 2136
1 1
2 9
1 2
1 6
1 2
9 292
1 1
3 7
3 10
1 2
1 2
1 2
9 3493
1 2
2 15
2 3
1 1
1 1
1 1
1 1
1 1
3 7
1 3
1 1
2 3
1 1
1 2
6 34
1 2
1 1
1 1
9 2408
1 1
2 4
1 1
9 673
1 1
1 1
1 2
2 3
9 3135
3 52
9 406
1 3
1 1
2 7
1 1
1 1
2 8
3 5
2 7
1 1
1 3
5 13
2 11
1 1
1 1
1 2
9 547
1 2
3 8
1 2
2 6
1 1
1 1
1 9
2 4
1 1
3 8
2 11
1 2
4 18
1 1
1 1
1 1
9 663
1 1
1 1
2 11
1 1
9 1066
9 3036
1 1
9 298
1 1
1 1
1 1
9 2482
1 2
1 4
2 5
2 16
2 11
1 2
3 17
1 2
1 2
1 1
1 1
1 1
1 2
1 1
2 4
9 3392
9 2271
1 1
3 5
1 1
1 1
2 17
1 2
1 6
1 1
9 1407
1 3
1 1
1 3
1 3
1 1
2 3
1 1
1 1
9 2315
1 3
1 1
1 3
1 2
1 1
1 2
3 19
1 1
1 1
1 1
1 2
1 2
2 4
1 1
1 5
1 3
1 2
1 1
1 2
9 945
1 2
1 1
1 2
3 34
1 2
1 9
1 2
1 2
1 1
9 1971
2 5
1 1
5 21
1 1
1 2
1 1
1 1
1 2
9 938
1 1
4 17
1 1
1 1
9 1075
1 1
1 2
1 1
1 1
1 4
1 7
9 3044
1 1
2 3
1 1
1 1
5 33
1 1
1 2
1 1
1 2
9 2930
1 1
3 25
1 1
1 1
1 3
1 2
1 2
1 1
9 294
1 1
1 3
1 1
3 8
1 1
1 2
2 3
2 3
1 8
2 5
9 2498
1 4
1 3
2 9
1 2
1 1
9 2839
9 1979
1 2
4 9
1 4
2 5
1 2
1 1
1 2
3 9
1 1
9 576
1 1
1 2
9 1009
1 1
1 2
1 1
2 5
1 4
9 1809
9 580
3 7
1 1
1 1
1 1
1 2
2 4
1 4
3 10
2 4
1 1
1 1
2 6
1 2
9 3262
1 1
9 2034
7 37
1 1
1 4
1 8
2 5
9 685
1 2
1 1
1 2
1 1
1 1
1 2
2 9
2 5
1 1
9 3751
2 4
1 2
1 1
9 337
1 1
2 11
1 2
1 1
1 1
1 2
1 1
1 1
9 2927
1 1
1 1
1 2
9 2563
1 1
1 1
1 19
9 614
9 3530
1 1
1 2
9 3419
2 5
1 1
9 1386
9 885
2 7
1 3
3 10
1 2
1 1
1 1
1 1
9 325
2 10
3 40
1 4
1 1
9 3529
5 14
1 1
9 1864
1 2
9 1601
2 7
1 17
1 2
1 1
1 1
1 1
1 1
1 5
9 1721
3 14
1 2
1 2
2 8
3 8
9 483
9 3135
1 7
2 4
1 2
1 1
4 36
1 3
1 2
9 408
1 1
2 18
1 1
1 21
1 2
1 1
2 7
1 1
1 9
4 22
1 2
1 3
1 1
1 1
1 1
9 3068
1 1
9 1868
1 5
1 1
1 2
1 1
4 18
2 3
2 6
1 2
3 12
1 1
1 2
9 1213
1 5
1 2
9 562
4 10
9 3896
1 1
1 5
1 4
3 5
9 2446
2 4
1 3
1 1
1 1
1 1
1 2
3 7
3 11
1 1
1 1
2 4
1 1
1 1
1 2
1 2
1 2
1 3
1 1
1 2
1 2
4 17
2 7
2 4
2 6
1 2
4 19
1 2
4 76
1 2
1 1
2 4
1 7
3 37
9 2943
9 3883
8 33
1 1
1 2
9 1872
1 2
9 2161
1 1
2 6
1 1
1 1
1 1
1 2
1 2
1 2
1 3
6 23
1 1
2 4
1 1
1 2
2 4
1 1
9 1687
9 1099
1 4
9 1576
3 9
1 6
1 7
1 1
1 2
2 5
1 2
1 2
1 2
9 3354
9 3829
9 997
1 1
1 2
1 8
1 3
9 884
1 1
8 87
3 7
1 1
1 5
9 452
1 2
1 2
1 2
1 1
2 4
1 1
9 3075
9 1769
1 2
9 1072
1 2
1 2
1 1
1 3
9 537
3 14
1 2
9 2774
9 580
1 1
1 1
1 1
1 2
1 1
1 10
9 1945
1 1
1 2
1 1
1 2
3 12
2 4
9 3242
4 16
1 4
1 2
1 1
2 3
9 3482
1 1
4 16
1 1
1 1
1 2
9 2801
9 3292
1 11
1 4
1 1
9 2116
2 5
9 3147
1 2
8 55
1 1
1 1
9 928
2 6
9 600
1 1
1 2
1 1
1 2
1 2
1 1
3 6
9 3671
2 31
9 2235
2 7
2 4
9 1611
1 1
2 5
1 1
2 12
9 1930
9 3123
1 2
9 1497
9 3475
1 2
1 3
2 5
9 1038
1 1
1 6
9 1531
1 1
5 31
1 2
1 2
1 1
2 6
9 1260
9 3285
2 8
1 1
1 1
1 1
9 1361
5 33
1 2
1 2
2 4
1 2
2 3
9 540
9 1397
1 2
4 23
1 6
2 3
1 1
1 1
4 40
1 2
1 1
9 3152
1 2
2 4
2 5
1 2
9 2733
1 1
3 14
1 2
1 3
9 2672
9 3061
1 13
1 2
1 2
1 1
1 1
1 1
1 1
9 1216
2 4
1 2
1 2
2 8
1 4
1 2
9 2712
1 2
9 1862
9 1994
8 52
2 5
1 2
1 1
1 2
1 1
1 13
4 26
1 2
1 1
1 1
1 1
2 22
9 2707
1 1
2 4
1 2
1 1
9 3705
1 1
9 3426
9 1996
1 3
1 1
9 3265
1 1
1 1
3 13
1 1
2 4
9 2478
1 1
2 6
1 1
1 1
9 2773
9 479
9 3579
1 2
2 7
1 1
1 1
4 16
1 2
1 1
1 1
1 1
1 1
1 1
9 288
1 3
1 2
1 2
1 1
9 2001
9 2570
4 16
1 2
3 9
1 3
7 24
1 3
1 1
9 3521
1 2
1 1
1 2
1 1
1 2
2 2
2 9
2 3
2 3
1 2
1 2
3 8
1 1
9 1604
1 1
1 2
1 1
1 1
1 2
1 2
2 10
1 2
1 1
9 2984
9 1581
9 2194
1 1
1 2
1 1
1 2
1 1
1 1
1 1
1 2
1 1
9 1548
9 1282
1 1
1 1
9 2115
1 3
1 2
2 5
1 1
1 2
3 6
1 1
1 1
1 4
1 1
2 4
8 87
2 4
9 2835
1 1
2 3
1 1
1 1
9 2522
1 2
1 1
2 5
9 2496
1 2
1 2
2 7
2 3
1 2
1 9
3 3
9 2613
9 2335
9 1921
1 1
9 3525
9 3716
1 1
9 2404
9 911
1 1
2 3
1 1
1 1
3 8
1 1
9 521
1 1
1 3
3 9
1 1
1 2
2 6
1 4
1 1
1 1
1 1
1 2
2 9
1 2
2 4
1 1
8 77
1 1
1 1
1 1
1 7
9 758
2 3
2 19
1 3
1 1
1 2
1 1
1 1
1 1
1 2
1 1
1 3
9 2344
2 6
1 8
1 1
9 2983
6 31
1 2
1 1
1 1
9 306
9 3875
9 2823
9 743
1 2
1 3
3 8
1 2
9 1049
2 8
1 1
1 1
1 1
1 2
1 1
2 4
9 1137
2 3
1 1
2 5
9 1749
9 3828
2 24
1 2
2 5
1 2
3 18
3 24
2 3
8 133
2 5
1 1
1 2
1 2
1 4
1 6
1 2
9 3397
1 2
9 3338
1 2
2 6
1 2
1 2
1 2
1 2
9 2463
2 6
9 3411
1 1
9 2200
1 4
1 1
2 6
9 3044
1 2
9 1221
9 1429
1 4
1 2
1 9
1 2
2 4
1 2
9 2116
1 2
1 1
2 7
9 2475
9 3031
4 9
9 922
1 2
1 1
9 2490
9 2304
9 2957
9 3566
9 2228
9 3482
9 2870
9 981
2 3
1 2
2 19
1 2
1 2
9 2889
1 1
2 3
1 2
4 28
1 2
1 2
2 3
1 3
9 1945
1 2
1 2
2 4
9 1752
1 2
3 14
1 1
1 1
1 1
1 1
1 2
9 702
1 1
1 1
1 3
1 1
1 1
9 2123
1 2
1 2
1 2
9 2098
1 12
1 1
2 6
1 5
1 1
9 1992
1 2
1 2
1 1
1 2
1 1
1 2
1 3
1 2
1 3
9 1326
2 6
1 1
2 16
6 21
4 11
9 1456
1 3
2 12
1 2
1 1
9 404
1 3
2 3
2 4
1 1
2 16
2 3
9 3405
1 2
1 2
1 1
5 26
3 6
9 1974
2 3
3 8
9 2018
1 1
1 1
9 2245
1 2
1 1
1 1
1 1
2 4
9 3061
1 2
1 2
9 1192
1 2
2 5
1 1
1 1
2 3
3 19
9 2275
8 89
9 2153
4 26
9 3241
1 2
1 2
9 3655
3 12
1 1
1 1
1 2
9 2348
1 1
1 1
1 2
1 2
1 1
1 2
2 7
9 3159
2 4
1 3
1 1
1 4
9 3060
9 2614
2 4
9 2242
1 2
2 6
9 1647
4 22
2 8
9 1136
1 1
9 2919
9 2378
1 1
1 1
9 2761
1 2
1 2
1 1
2 3
1 1
9 2816
9 2211
9 2993
3 12
1 2
9 3358
2 3
1 2
1 1
1 2
9 1258
1 11
2 4
1 1
9 930
1 2
1 2
1 1
1 2
2 4
2 5
1 1
8 64
1 1
1 1
9 492
1 3
1 1
1 2
8 118
1 5
1 1
1 4
9 3163
1 1
1 1
1 2
4 11
1 2
1 1
3 14
1 2
1 1
2 3
9 1251
1 2
1 1
1 1
9 2145
1 2
1 1
4 8
9 1249
2 4
9 778
9 1906
1 1
2 6
9 3114
1 1
1 1
1 2
1 4
9 1153
1 5
1 2
9 2514
1 1
1 1
3 8
9 2431
1 2
1 1
2 5
1 2
1 1
2 7
1 2
1 12
1 1
1 1
1 1
1 2
1 2
2 6
3 11
9 2662
9 1960
1 8
1 2
2 7
1 1
1 1
3 46
2 10
9 1173
8 179
9 3497
4 17
1 3
3 8
1 2
2 7
9 1146
9 1929
1 2
2 4
1 9
9 1974
9 423
1 1
1 1
2 8
1 1
9 1826
1 1
2 4
1 7
9 362
9 1229
4 43
4 46
1 2
2 4
1 2
2 7
1 1
1 2
9 3428
1 1
2 5
1 1
1 2
1 2
9 2160
9 2152
1 2
1 1
1 1
2 5
9 403
1 2
1 1
1 1
1 2
9 2475
1 1
1 2
1 1
5 32
9 1754
1 1
1 1
9 962
9 1039
1 1
1 2
1 2
1 1
2 3
1 1
4 42
2 32
9 1121
9 928
3 10
1 1
1 1
1 1
1 1
1 1
1 2
9 186
1 1
9 3878
1 1
9 1885
1 3
5 17
9 3153
1 7
9 3302
2 4
8 265
9 3552
1 1
1 2
2 4
1 3
2 40
9 2834
9 1084
4 47
2 34
1 2
1 1
1 1
1 1
4 24
1 1
9 2644
1 3
9 945
5 31
9 1334
1 1
9 2103
2 7
9 2116
8 85
1 2
9 546
9 2271
5 12
1 2
1 2
1 3
1 1
1 4
1 2
1 1
1 2
2 4
9 416
1 3
1 1
1 1
1 1
1 1
9 1445
1 2
2 43
8 116
1 2
1 2
1 1
4 14
1 1
2 4
1 1
9 2955
9 970
1 1
1 2
1 4
1 1
9 1273
1 2
1 1
2 7
1 3
9 1379
1 2
1 2
1 5
1 3
2 7
1 3
9 399
1 1
1 2
9 2443
1 9
9 359
1 2
1 2
1 1
1 1
1 2
1 1
1 1
9 972
8 142
1 1
1 1
1 1
2 11
9 3705
3 8
2 36
9 974
1 2
1 1
9 3797
1 1
9 1272
1 2
9 744
3 11
1 1
1 1
1 2
1 2
1 1
1 1
9 3199
2 4
9 1889
9 1497
8 40
3 14
1 11
1 2
1 3
1 1
2 17
1 7
1 2
2 5
9 2349
1 1
1 1
1 1
9 270
9 2852
1 2
1 2
1 3
1 2
1 1
9 864
9 2902
9 1131
9 2356
3 8
1 2
1 1
1 2
1 2
1 3
2 25
9 1257
1 1
1 2
9 1926
1 1
1 1
1 1
9 1128
9 1471
1 2
1 1
9 788
1 2
9 231
9 462
1 1
1 1
1 1
1 1
1 1
1 2
4 13
9 3660
1 1
9 1974
9 3479
8 91
1 2
1 1
2 5
9 1493
9 1444
5 14
2 6
9 1988
1 1
1 3
1 1
1 1
1 2
1 1
2 5
1 7
1 2
1 1
1 1
9 3404
2 3
9 2994
1 2
2 5
1 1
1 1
1 1
1 1
2 12
1 1
1 1
3 14
2 4
1 2
2 3
1 1
2 5
1 1
1 1
1 2
1 1
9 1614
2 6
1 4
9 1958
2 5
1 1
9 2546
2 13
1 1
2 5
1 1
1 1
9 1321
1 2
1 6
1 1
1 2
1 2
1 2
1 1
1 1
9 3065
2 5
3 16
2 12
1 1
2 3
1 1
1 1
1 1
1 1
9 1544
1 1
1 2
1 1
3 10
1 2
1 2
1 1
2 17
1 2
5 17
9 2669
1 1
1 1
1 2
1 1
1 1
9 2954
1 2
1 2
1 2
1 3
9 1167
8 79
1 2
2 3
9 356
1 1
1 1
1 1
2 6
1 1
1 2
8 154
9 1844
9 2782
2 6
1 2
3 22
1 2
9 572
1 1
2 4
3 26
9 1875
1 3
1 1
1 5
