23 11
28 18
48 13
36 21
23 11
83 12
29 12
25 10
27 21
19 12
36 16
22 14
21 8
26 12
15 12
43 14
24 17
27 12
31 12
37 13
28 13
36 19
9 7
40 15
24 14
25 12
25 10
20 11
18 10
55 13
23 11
36 14
35 14
16 11
21 14
15 10
23 13
19 11
21 12
74 14
28 13
35 14
18 16
49 18
8 8
8 10
33 12
24 11
24 9
25 13
38 17
22 13
56 16
16 9
23 13
32 15
39 12
15 10
27 11
16 8
29 15
25 15
11 10
3 10
14 15
26 9
22 12
16 11
19 11
32 10
18 11
25 15
26 14
15 11
28 15
25 9
19 12
2 9
11 7
12 11
19 10
10 9
40 14
35 10
19 11
17 13
9 12
23 8
23 13
18 13
17 10
22 10
19 13
28 17
19 12
33 18
21 11
43 20
22 10
13 15
19 10
39 21
18 10
31 13
27 12
11 7
25 11
20 12
36 14
49 14
20 8
14 13
10 11
19 8
32 18
29 18
35 12
16 8
20 12
16 9
79 12
18 12
10 13
11 10
26 10
14 14
14 13
59 15
7 8
24 12
20 10
19 10
52 12
25 11
19 12
21 12
10 9
15 11
16 8
32 12
28 14
14 12
15 7
20 11
38 12
11 11
12 15
40 13
41 13
28 12
9 11
29 15
7 7
17 10
22 15
30 17
27 15
2 13
20 10
27 13
29 17
33 18
15 12
22 10
24 12
54 19
14 13
13 12
9 14
25 10
16 11
33 9
14 10
39 24
27 10
33 14
39 18
23 8
6 9
14 11
12 9
26 15
24 9
22 4
28 14
19 15
21 11
34 11
17 9
30 15
26 16
45 14
19 8
21 16
53 14
10 10
26 15
10 19
13 10
25 12
23 10
25 14
26 15
17 10
9 11
18 10
23 12
60 16
44 15
48 21
102 15
13 11
10 11
25 10
19 9
29 13
43 16
22 11
29 10
18 17
4 8
13 12
16 10
18 11
27 12
86 18
27 17
22 11
21 13
66 10
19 11
8 13
35 17
34 17
43 13
38 23
11 11
16 8
17 12
18 5
18 8
21 10
9 11
19 15
16 10
34 14
17 17
12 10
10 10
18 13
13 14
43 13
30 11
24 14
39 15
23 8
35 12
24 10
22 12
2 9
9 11
41 11
22 9
35 14
43 9
36 25
18 10
15 11
25 10
23 15
21 12
20 10
43 11
26 14
42 14
18 10
20 11
16 10
11 8
13 8
21 13
24 12
23 12
21 14
18 12
40 9
25 13
18 14
46 16
15 15
19 12
22 7
23 15
29 13
62 16
13 5
21 14
35 12
7 9
19 13
22 8
24 11
16 9
13 12
34 16
17 9
23 11
28 9
28 15
22 10
86 12
27 11
26 11
17 13
26 12
9 12
4 12
13 12
54 18
34 16
27 13
24 13
16 10
18 11
46 20
51 22
11 7
17 14
23 15
19 12
24 14
21 7
24 10
20 11
33 10
24 14
40 12
31 17
25 12
18 9
23 13
10 13
20 18
29 10
15 9
25 9
15 10
23 12
40 13
24 11
27 9
30 9
30 13
30 22
8 10
51 13
35 12
35 12
30 13
84 15
38 21
21 10
11 11
15 9
7 14
23 12
18 11
47 15
15 8
18 7
26 14
26 9
8 12
26 10
39 12
12 14
29 13
12 11
23 11
23 9
43 10
25 11
32 13
23 16
40 14
16 11
34 10
23 10
21 13
13 12
29 10
24 12
26 8
22 14
19 9
23 12
21 10
35 14
23 8
16 18
38 13
11 7
30 14
32 12
13 10
3 9
43 16
13 17
25 12
21 11
18 13
20 16
13 10
32 11
14 12
21 9
15 11
38 15
25 15
18 12
21 10
29 12
24 12
21 10
14 14
21 11
29 16
31 14
25 13
14 8
33 16
19 16
27 13
31 14
35 18
19 12
77 14
33 13
29 15
21 13
27 11
26 11
22 12
43 11
41 21
35 16
38 13
30 11
29 11
23 16
31 8
35 24
16 9
24 21
10 10
12 14
22 12
14 9
20 11
21 15
16 12
36 21
15 11
11 12
26 10
25 7
13 10
23 13
31 11
27 14
71 17
15 13
21 12
22 15
32 15
10 11
21 18
30 17
28 8
24 10
8 14
56 11
21 14
19 12
2 9
25 14
15 9
17 10
7 13
13 9
9 10
40 11
18 11
11 12
24 18
36 12
22 15
32 11
11 7
24 15
31 18
19 14
14 13
32 15
24 9
23 12
11 12
22 19
23 8
30 12
22 5
23 8
17 17
17 13
16 12
30 18
12 9
30 17
9 12
38 11
15 9
30 15
33 11
42 15
32 14
34 13
16 10
15 12
28 11
8 9
14 9
18 10
21 10
30 13
24 17
16 6
13 12
28 14
12 12
6 10
10 13
19 14
31 8
21 12
13 22
65 12
19 12
31 13
18 12
26 18
9 11
17 10
23 12
25 11
41 13
29 9
29 23
14 14
2 8
27 14
9 14
10 13
27 11
28 14
17 7
20 12
30 15
34 12
22 11
28 17
19 13
33 12
10 13
27 12
31 13
15 14
23 11
30 13
25 13
12 11
32 17
10 7
31 11
23 9
7 14
24 16
2 11
27 18
21 13
40 14
23 14
23 10
15 15
5 9
24 11
19 10
12 9
15 9
22 17
12 14
23 13
27 16
22 16
31 21
11 8
11 11
41 17
20 12
4 14
28 12
39 16
16 9
23 15
32 10
18 7
25 11
23 12
38 13
48 12
23 9
50 11
52 15
23 6
8 8
30 9
31 10
32 10
21 9
17 7
44 12
19 11
15 13
17 13
10 8
25 13
11 9
15 8
24 9
20 11
16 11
19 12
21 11
20 8
24 12
13 10
37 12
27 13
37 18
26 7
65 16
40 12
36 13
35 14
31 13
29 14
28 13
44 18
28 12
14 11
18 9
11 9
14 11
63 10
47 15
18 12
52 12
7 10
25 12
12 9
18 7
17 9
35 13
40 11
3 10
21 12
22 14
25 15
25 14
15 10
21 12
8 11
29 12
19 9
15 9
17 11
26 13
18 9
30 9
22 13
30 15
41 15
9 12
18 9
11 9
19 14
15 11
11 16
25 10
22 11
2 11
26 13
37 15
19 15
29 16
16 11
22 12
21 9
26 9
24 12
48 20
25 14
19 13
18 17
23 14
22 13
28 11
20 11
13 10
14 7
13 11
18 10
28 18
28 11
14 13
9 6
15 11
7 7
25 13
30 15
24 14
42 11
10 11
22 7
14 11
28 14
17 10
29 14
20 12
23 17
18 12
20 12
31 15
65 16
23 13
25 15
33 16
35 15
17 12
32 11
24 13
17 15
24 15
29 9
31 11
17 12
10 10
19 12
15 9
51 21
33 10
17 10
15 10
17 12
3 10
31 12
2 11
23 14
61 17
17 14
17 13
39 15
26 12
2 7
16 7
10 12
20 5
23 12
35 16
19 13
28 9
25 9
18 11
30 13
41 17
23 16
60 21
26 9
24 14
26 11
21 13
2 9
20 12
34 14
50 18
16 15
12 7
21 11
18 9
29 16
18 14
30 20
17 9
19 13
16 10
35 11
29 12
34 12
37 15
31 9
30 10
23 11
31 15
19 17
28 15
11 8
3 7
27 16
37 15
26 19
8 10
60 7
19 6
18 12
16 8
44 22
67 15
17 11
17 14
50 14
8 8
26 11
55 14
9 9
27 14
18 13
25 12
57 13
33 11
29 15
12 10
27 12
12 11
18 13
28 13
21 10
34 12
23 12
34 15
20 16
8 7
24 10
35 12
27 14
18 12
13 8
24 14
14 14
20 11
14 12
2 9
23 15
53 15
14 14
52 19
28 14
20 10
21 12
19 8
21 13
34 15
17 13
13 8
23 12
15 12
15 7
13 9
17 12
20 12
14 7
31 12
18 11
25 10
57 14
38 12
12 12
4 11
28 10
20 12
34 14
27 9
35 8
43 17
25 12
36 15
16 12
20 11
31 10
24 18
48 16
33 10
32 11
19 14
28 10
16 13
29 13
27 10
24 16
18 8
33 11
20 8
17 9
27 9
67 14
52 10
6 8
19 9
17 16
25 15
18 13
19 18
22 6
23 11
19 9
14 14
21 11
17 8
20 10
20 14
14 10
24 14
41 10
20 11
8 14
24 7
45 16
13 12
16 11
10 11
20 10
15 10
31 14
23 10
20 9
26 17
33 14
33 12
23 16
24 14
28 8
12 14
46 19
17 11
47 11
19 13
46 12
38 18
17 12
42 14
25 16
23 14
35 15
32 11
18 9
23 13
21 12
54 13
16 18
10 13
9 11
20 15
34 19
18 13
20 13
2 9
26 13
22 11
23 9
20 9
19 4
34 19
25 10
15 9
22 8
30 15
27 14
18 11
7 8
12 11
38 19
15 9
8 10
25 9
23 7
28 14
29 13
16 9
28 15
9 8
23 14
12 11
