206 0.00147342
347 0.00539588
347 0.00179526
347 0.00224551
347 0.00146929
347 0.00169331
347 0.000225958
145 0.000389083
347 0.0293415
347 0.000689027
347 0.00198651
324 0.00297475
347 0.0140874
347 0.000999404
347 0.00502982
20 4.97331e-05
41 0.000152438
347 0.00229296
347 0.00429273
347 0.00181167
347 0.0107827
284 0.000454616
347 0.00153973
347 0.00183505
347 0.00131776
347 0.00234262
347 0.000439821
347 0.00451099
347 0.00175067
347 0.00128545
285 0.00108596
347 0.000362352
347 0.002237
347 0.000918992
347 0.0433668
347 0.000356746
146 0.00025493
107 0.000534246
347 0.00298994
347 0.00255362
347 0.0127207
347 0.00605874
347 0.0128555
347 0.00067348
347 0.00114671
347 0.000725168
347 0.000929357
347 0.00489538
43 0.000994299
347 0.00299622
347 0.00114409
347 0.000472718
347 0.0011434
324 0.000616012
347 0.000471036
347 0.00161578
347 0.0136576
347 0.00146581
347 0.00148585
347 0.00108572
37 0.000214003
347 0.000753764
279 0.000240231
347 0.00436093
347 0.00134799
347 0.0129385
347 0.00193307
347 0.00774717
347 0.000852103
347 0.00091338
347 0.00530401
347 0.00664138
347 0.00242021
347 0.00207258
347 0.00344232
347 0.00261338
20 4.75007e-05
347 0.00658895
347 0.000673297
347 0.00665339
347 0.00142574
347 0.00542788
347 0.00481432
347 0.00097798
347 0.00292145
347 0.00145334
347 0.00218246
138 0.00031012
281 0.000917303
347 0.00945584
79 0.00175427
347 0.00240289
347 0.00572407
347 0.00305442
347 0.0045237
347 0.00459649
347 0.00150135
347 0.00247799
347 0.00761978
9 0.00060888
347 0.00980964
347 0.0141049
347 0.00550635
347 0.0186861
347 0.000861122
214 0.00198496
347 0.00434412
347 0.00245751
347 0.0186329
347 0.000941361
347 0.000992796
87 0.000256068
41 0.000261137
114 0.000404225
347 0.000170444
347 0.00319702
46 0.000332078
39 0.000184999
347 0.0479495
347 0.0017999
347 0.0218449
347 0.000793041
347 0.000681281
347 0.0011542
154 0.000398118
347 0.000807529
347 0.000955117
347 0.00168198
347 0.000368594
347 0.0145388
347 0.00559268
347 0.00141948
347 0.00039361
347 0.00216859
324 0.00268433
347 0.0179982
347 0.0309545
347 0.00219053
55 0.000682393
347 0.00219603
324 0.00514899
347 0.0050309
347 0.0222886
9 7.75345e-06
347 0.00190011
347 0.0043332
347 0.000862834
347 0.000991008
347 0.0101557
347 0.00321622
38 0.000184531
347 0.0017441
347 0.0113576
347 0.000797355
347 0.000638183
347 0.000983884
347 0.00211104
347 0.00974699
347 0.00490335
347 0.00155595
347 0.00756461
347 0.00179945
347 0.00253435
324 0.00284569
57 0.000406599
347 0.00126714
347 0.0129249
347 0.0027584
347 0.00744048
7 1.22917e-05
97 0.000994891
347 0.00157838
347 0.00568935
347 0.00279608
347 0.00368171
150 0.00023623
347 0.000777021
7 1.74063e-05
26 0.000130696
347 0.00357352
347 0.00498631
100 0.000341715
12 2.96053e-05
347 0.0100114
347 0.00316558
37 0.000228992
347 0.00178729
347 0.00524686
347 0.00224408
347 0.00360834
347 0.00194957
347 0.000983665
347 0.00902447
278 0.0014919
347 0.00138975
347 0.000445015
347 0.00511455
347 0.000574708
347 0.00283036
347 0.00162701
13 9.0292e-06
283 0.0026599
347 0.00850599
23 0.000742422
141 0.000150554
347 0.000432894
347 0.000399963
347 0.0016108
347 0.00108132
347 0.00112996
347 0.000537417
66 0.000162493
347 0.00652727
347 0.00119788
347 0.0143007
347 0.005276
35 0.000156115
347 0.00417375
76 0.000267771
347 0.000838523
347 0.00086117
347 0.00699969
347 0.0017579
276 0.000498477
123 0.000294683
347 0.00314346
347 0.000864275
347 0.000313819
347 0.00385816
347 0.00152394
347 0.00870334
347 0.00121486
276 0.000287866
347 0.00459237
347 0.00108995
85 0.000261366
347 0.00506016
347 0.000639553
347 0.00060366
347 0.0105532
4 1.76091e-05
347 0.0030147
347 0.00149852
347 0.00213048
59 0.000185823
347 0.00436173
347 0.000846153
12 1.71175e-05
347 0.000370087
347 0.00374281
347 0.000518688
347 0.00887961
347 0.00472752
190 0.000752394
347 0.00634556
278 0.000875714
347 0.00214451
347 0.00453476
347 0.00278173
347 0.00263485
347 0.00333522
347 0.00146165
3 3.62615e-06
347 0.000267056
347 0.0010504
21 0.000433932
347 0.000766013
347 0.000961723
53 0.000575129
347 0.000827781
347 0.00565839
70 0.000522933
347 0.000419931
29 0.000248196
16 0.000145249
15 8.98912e-05
347 0.00040319
27 0.000368364
14 4.05978e-05
13 6.26674e-06
2 2.00746e-07
44 0.000611152
347 0.000323711
347 0.0037834
347 0.000348449
27 0.000154116
347 0.000935794
19 0.000133063
347 0.000418278
194 0.000501281
347 0.000988403
347 0.00103103
276 0.000853626
347 0.00480921
87 0.000479672
347 0.00102902
347 0.00101602
347 0.00391559
347 0.00256897
102 0.000327404
347 0.00119215
347 0.000661149
11 2.24773e-06
347 0.00556474
347 0.000786509
347 0.00252764
347 0.00474978
347 0.000976909
347 0.00180779
28 7.8668e-05
347 0.00125426
2 0
347 0.00156692
61 0.000356943
347 0.00146847
347 0.00113845
21 5.52521e-05
347 0.0136698
347 0.00428206
347 0.0022937
347 0.00718997
347 0.00192502
12 2.50426e-05
347 0.000176555
41 0.000285743
347 0.00118196
347 0.000458848
22 3.04553e-05
347 0.00120132
347 0.00429524
347 0.000424211
33 3.38805e-05
347 0.00141242
347 0.00278321
347 0.00228544
347 0.00860788
347 0.0010683
347 0.0048803
347 0.00579761
33 0.000152817
59 0.000159327
21 0.000147585
347 0.0104065
347 0.00201714
71 0.00113247
324 0.00264478
158 0.00064314
2 3.54045e-07
32 0.000119089
284 0.00117801
347 0.000442305
20 1.36868e-05
45 0.000170773
24 0.000219693
38 5.71445e-05
212 0.000453819
13 4.13191e-05
347 0.000304957
35 0.000224488
347 0.00117674
347 0.00805843
23 8.85122e-05
347 0.0011621
32 0.000276626
67 0.000259129
347 0.0001757
64 0.00287423
324 0.00124925
347 0.000571847
154 0.000210347
53 0.00298797
347 0.00697561
12 1.36326e-05
53 0.000698546
347 0.00380839
10 8.07165e-05
97 0.000445282
36 0.0011139
347 0.0037157
29 0.000380555
2 0
347 0.00192506
347 0.00246121
347 0.0011534
77 0.000466033
347 0.000681747
347 0.000778992
276 0.00406647
3 0.000120004
347 0.000726308
347 0.00148767
347 0.000555759
1 0
19 0.00328019
347 0.0064054
347 0.00127974
18 0.000285115
347 0.000753267
13 6.23519e-05
347 0.000735316
13 9.41732e-05
14 2.67867e-05
347 0.000432812
347 0.000539366
23 0.00146133
347 0.000834639
347 0.00410188
71 0.00144445
25 0.000254853
347 0.00207762
64 0.000311296
102 0.00029159
26 0.000117561
347 0.00266683
347 0.000369919
347 0.00127376
38 0.000221001
276 0.00022568
51 0.000214495
276 0.00030595
347 0.000833585
276 0.000201563
347 0.00144326
347 0.000867468
210 0.000143246
347 0.000918257
207 0.000421403
347 0.000444188
347 0.00111972
21 0.000146125
16 7.01012e-05
206 0.000850292
138 0.000989535
347 0.00258545
9 4.59535e-05
17 3.74217e-05
347 0.000773694
16 6.64171e-05
9 2.60782e-05
347 0.00359138
347 0.000359696
347 0.000584412
347 0.000330032
12 0.000223914
3 0.00262869
25 2.73709e-05
347 0.000732755
86 0.000169427
38 0.000166905
2 0.000656542
2 1.47354e-05
9 0.00482751
2 0
162 0.000316275
102 0.000916203
12 7.82669e-05
77 0.000323064
159 0.000285288
347 0.00155342
347 0.00388113
14 1.76471e-05
347 0.000908681
347 0.000602088
34 0.00016065
347 0.00518784
12 1.85532e-05
347 0.00186688
19 4.55225e-05
32 0.000194379
347 0.00154564
347 0.000300537
347 0.00313997
12 6.66485e-05
16 2.42141e-05
56 0.000434013
26 0.000113227
12 4.0495e-05
347 0.000652185
347 0.000737677
83 0.000198752
347 0.00044493
347 0.00032325
32 0.000121729
86 0.000386126
347 0.000768352
19 0.00011561
41 0.000717345
21 0.000271806
27 0.000223388
9 4.11077e-05
11 3.06606e-05
324 0.0010204
40 0.000891375
14 0.000133541
34 0.000131851
15 1.24484e-05
129 0.000782988
16 2.2469e-05
347 0.000898208
109 0.0004521
347 4.99428e-05
16 0.00012121
347 0.000712977
85 0.000305673
347 0.000546693
14 2.41527e-05
22 6.77448e-05
37 0.000273284
347 0.00099809
347 0.00119119
347 0.00323034
31 9.19745e-05
347 0.000826241
347 0.00118964
75 0.000195783
66 0.000337834
347 0.000230496
347 0.000118899
30 0.000134143
347 0.000782033
45 0.000152101
28 6.06079e-05
347 0.00417887
347 0.00121445
347 0.000760544
186 0.00132333
31 0.000248968
347 0.000303802
56 0.000135089
9 2.37126e-06
50 0.00035831
26 0.000153233
63 0.000169755
38 0.000139935
19 0.000126939
23 6.63266e-05
347 0.000898073
100 9.70885e-05
107 0.000377803
43 0.000146384
1 0
16 2.28432e-05
347 0.000827023
276 0.000150547
347 0.000485563
22 0.00271614
37 0.000366944
32 7.97368e-05
347 0.00133946
5 3.08101e-06
2 0
324 0.000319863
31 0.00032973
136 0.000251629
347 0.000552773
7 4.44009e-06
324 0.00079748
9 7.9512e-05
347 0.0012359
18 0.00223526
19 4.1306e-05
146 0.0024202
15 0.00016927
43 0.00026952
9 4.31979e-05
284 0.000597844
347 0.0004902
22 0.000117082
347 0.000420739
28 0.000228525
347 0.000260172
12 2.09624e-05
11 1.32917e-05
38 0.000107469
324 0.000395706
347 0.00190453
24 0.000203481
4 2.38432e-06
20 0.000166022
16 4.59256e-05
6 0.00351536
32 0.000188994
14 7.51413e-05
19 6.09739e-05
12 0.000130731
52 0.000186563
26 5.72769e-05
324 0.00052744
218 0.000217336
347 0.000594792
8 9.55025e-06
16 0.000115873
1 0
11 0.000104712
65 0.000663786
48 8.40129e-05
347 0.00126886
4 0.00269092
347 0.000925262
39 0.000298119
8 2.51018e-05
1 0
80 0.000525556
347 0.00246585
9 3.53788e-06
7 1.5337e-06
12 1.06539e-05
284 0.000552413
347 0.000184478
28 0.0001003
4 2.23432e-06
47 0.00026177
324 0.00231733
347 0.00211148
20 3.64422e-05
50 0.000181517
11 0.000100131
44 6.46242e-05
206 0.000322252
31 0.000209626
33 0.000142797
3 7.18987e-07
136 0.00152784
15 4.78919e-05
5 3.19999e-05
3 0
125 0.000255281
347 0.000691426
46 0.000499712
5 1.5541e-05
7 5.46204e-06
1 0
11 4.24904e-05
16 2.92862e-05
36 0.000422198
10 1.60774e-05
8 7.11242e-06
3 2.96852e-05
18 0.00819375
5 0.00142015
3 5.07708e-05
2 0
2 0
2 0
10 1.68292e-05
121 0.000245897
21 9.27136e-05
34 0.000371859
13 1.30128e-05
2 0
4 0
8 1.68007e-05
347 0.000808048
8 5.2978e-06
4 2.35719e-06
5 4.51539e-05
15 0.00116723
15 9.42103e-05
7 4.54766e-05
3 1.09174e-06
8 2.46993e-05
1 0
20 3.83658e-05
2 0
27 0.000558649
26 0.000341342
6 8.48193e-05
6 7.50855e-05
8 0.00274721
4 1.99192e-07
1 0
1 0
18 0.000104737
1 0
10 2.0003e-05
5 4.99899e-06
23 5.17917e-05
9 4.25232e-05
17 1.41713e-05
8 0.00263693
45 7.30639e-05
7 8.37218e-06
35 5.00893e-05
2 0
13 3.62518e-05
60 0.000169758
13 8.21919e-06
5 1.97529e-06
6 1.58431e-06
7 0.000100098
3 0
10 0.00153869
5 0.000238265
63 0.000297939
1 0
13 8.5691e-05
1 0
1 0
11 1.78226e-05
11 0.00028635
45 0.000162618
3 0
38 0.00213153
2 8.01021e-06
18 0.000133622
4 2.62398e-05
9 9.69896e-06
9 2.78115e-05
11 4.2307e-05
2 0
4 3.92812e-06
2 0
1 0
1 0
1 0
17 6.25822e-05
3 4.19506e-05
2 8.3954e-05
1 0
9 5.92658e-05
8 2.95396e-05
2 0
2 0
1 0
8 0.000460567
1 0
2 0
5 1.75507e-05
8 0.000569066
2 0
12 0.000329371
2 0
5 5.22889e-06
1 0
2 0
1 0
2 5.7231e-07
1 0
4 1.04633e-05
5 2.71498e-06
3 2.5433e-06
2 0
1 0
7 3.34311e-05
1 0
3 0
2 0
2 0
3 8.33104e-07
1 0
2 0
5 6.07988e-06
2 0
2 0
1 0
1 0
3 8.66338e-07
1 0
1 0
1 0
1 0
1 0
