13 0.00228987
12 0.000481116
11 0
13 0
12 0
10 0.00147309
10 0
11 0.00316449
12 0.000831825
13 0
13 0
13 0
11 0.000396964
13 0
11 0
11 3.65737e-05
12 0.000564527
13 0.000481116
12 0.00289274
11 0.000481116
12 0
11 0.00182245
14 0
12 0
12 0.000114086
10 0.00263018
11 0.000864208
12 0
11 0
12 0
12 0
10 0.00140056
12 0
12 0
11 0
12 0.00100469
11 0
10 0
11 0
13 0
11 0
11 0.00225923
12 0.0021729
11 0
10 0.0122725
11 0
13 0.000962001
11 0.000339339
12 0
12 0
13 0
12 0.00189317
13 5.78821e-08
12 0
12 2.31528e-08
11 0.00174169
12 0
13 0
12 0
13 0.000855597
11 0
12 0
14 0
12 2.94174e-05
12 0
10 0.00771297
11 0.000403654
11 0
11 0
12 0
12 0
11 0.000209579
11 0
13 0.000160353
12 0
10 0.000353219
13 0
10 0.000115408
11 0
12 0.00119776
11 0
12 0
12 0.000481116
12 0
13 0
11 0.00995234
11 0
12 0.00565137
12 0.00143138
11 0
11 0
11 0.000509685
13 0
12 0.000481116
12 0.00686534
12 0.000481116
12 0
10 0.00443076
10 0.000638292
11 0
12 0
12 0.00241786
11 0.00571014
10 0.00690025
13 0
10 0.00071307
10 0.0156196
13 0
12 0.00111225
11 0.00283129
11 0
11 0
11 0.00221612
11 0
13 0
11 0
12 0
10 0.0015075
12 0
12 0.00434386
13 0.000481116
10 0.000664947
12 0
12 0
12 0
13 0
11 0.00220534
11 0.000470189
17 0
11 0
11 0
11 0
12 1.73646e-07
12 0.000166479
13 0
13 0
12 0
11 0
12 2.54888e-05
11 9.73208e-05
10 9.17711e-05
12 0
13 0
11 0.000103298
11 0
11 0.000481116
10 0.00123752
11 0.000555316
14 0
13 0
11 0.000478931
11 0.00102526
12 0
9 0.0231411
12 0
13 0
12 0
11 0.00501678
15 0
12 0
12 0
12 0.00144265
12 0
11 0.001307
13 0
12 0
11 0.00163466
11 0
12 0.000962117
11 0
11 0
12 0.000178027
11 9.40346e-05
12 0
11 0
13 0
12 3.97934e-05
12 0
11 0
12 0.00388765
12 0.00136359
12 0
10 0.00407693
11 0
12 0
12 0
13 0
12 0.00288468
13 0
10 0.0015833
11 0.0106649
11 0.00179099
11 0.00362469
11 0.000248005
10 0.000185726
13 0.000337822
11 2.45612e-05
12 0
11 0.00185223
13 0
11 0
12 0
10 0.0024199
11 0
10 0.000532739
13 0
10 0
12 0
11 5.57912e-05
11 0.000730784
11 0
12 0
12 0
11 2.05221e-05
11 0.00040015
11 0.00309531
11 0.000481116
10 0.000580703
11 0.00230477
12 0
11 0
11 0.000125441
11 0
11 0.00146145
12 0.000481116
10 0
11 9.09817e-06
10 0.0262986
12 0.000534494
13 0.000481116
12 0
14 0
11 0
12 0.000481116
11 0
11 0
10 0.00762128
12 0
12 0
12 5.14508e-08
11 0.0119261
12 0.00188234
11 0
14 0
12 0
10 6.77475e-05
11 0.000499926
12 0
12 0
11 0.00247672
10 0.00409081
10 0.00175213
15 0
11 0.000969914
13 0
12 4.0074e-05
11 0.000335032
11 0
10 0.00211417
10 0.00175588
12 0
13 0
12 0.00326916
11 0.0044623
12 0
11 0.00116474
10 0.000962001
11 0.00349833
11 0
12 0
12 0.000962001
13 0
10 0
14 0.00144289
12 0
16 0
12 0
12 0
12 1.15764e-07
11 0
16 0
13 0
12 0
11 0
11 0
11 0
11 0.00171283
12 0
13 0
11 0
11 0
12 0
11 0
10 0.00213297
12 0
13 0
11 0.00336374
12 0
11 0
11 0
13 0
10 0.000604221
11 0.00992813
15 0
12 0.000422586
12 0
12 0
12 0
12 0
11 0.000481116
11 0
11 3.65737e-05
11 0
12 0
12 0
12 5.04605e-05
12 0
10 0.00571865
11 0
13 0
11 0
11 0
11 0
10 0.00782447
14 0
11 0
11 0
11 0
11 0.000481116
12 0
12 0.000242043
13 2.17413e-06
10 0.0123327
12 0
13 0
10 7.52406e-05
12 0.000481116
13 0
13 0
11 0.00562358
12 0.00449287
11 0.00122162
11 0.000315376
11 0
13 0
11 0
12 1.37181e-05
11 0.000241268
11 0
13 0
10 0.000157261
11 0.00260479
12 0
12 0
10 0
12 0.00067791
10 0.00591512
11 0.000280756
13 0
13 6.47408e-05
12 0.000548873
11 0
12 0
13 0.000481116
12 0.000593118
11 0
11 3.65737e-05
12 0
12 0
13 0
12 0
12 0
12 0
12 0
10 0.00390538
12 0
12 0
12 0
12 0.00203967
11 0.000538022
12 0
11 0.00192342
11 0.00198102
11 0.0012731
11 0
14 0
13 0
12 5.14508e-08
11 0
11 0.00107312
11 0.000481116
12 0
11 0
12 0
12 0.000476635
10 0.00378009
12 0.000962001
12 0
13 0
11 0.000697579
11 0
14 0
13 0
13 0.000115675
12 0
11 3.65737e-05
12 0
11 3.65737e-05
11 0
10 0.0138218
11 0
12 0
11 0
12 0
13 0
10 0.000481116
12 7.71762e-08
11 0.00193301
12 0
14 0
12 0.000264148
15 0
12 0
11 0.00390362
12 0
12 0
12 0
12 0.000481116
10 0.0270183
12 0
11 0.000240505
12 0
11 0.0355355
13 0
11 0
10 0.000481116
10 0.00932468
11 0
13 0
11 0.000290847
11 0.000682348
11 0.000153945
12 0
12 0
13 0
12 0
12 0.000898646
11 0.00367482
11 0
12 0
12 0
12 0
11 0
13 0.00288322
10 0.00793546
10 0
13 0
13 0
11 0.00213007
12 2.66571e-05
16 0
11 0
11 0.00752043
12 0.000141225
12 0
10 0.000791804
11 5.18793e-05
11 0
10 0.00576835
12 0
10 2.22462e-07
12 0.00149933
10 0.00173389
11 0
11 0.000129881
13 0
12 0.0002405
11 0.00363006
12 0
11 0.00372506
12 0
11 0
12 8.31496e-05
12 0.00199198
11 0.000721559
12 0
13 0
12 0
11 0
12 0
11 0
11 0.00140819
12 0
14 0
11 6.45909e-05
10 0.00345224
12 0.000252596
11 0.00663598
13 0
12 0.000481116
11 0.000176538
11 0
11 0
13 0
11 9.60672e-05
12 0
12 0
11 0.000940198
11 0
11 0
12 9.58756e-05
11 0
12 0
12 0.00205153
12 2.31528e-07
11 0.000759057
10 0.00781103
11 0
12 0
12 0
11 9.67502e-06
11 0
12 0
11 0.00871375
12 0
12 0.000481116
12 0
11 0.000690482
11 0.0031797
10 0.000112123
12 0
10 0.0055067
12 0
10 0.00118661
12 0
12 0
12 0.000760923
10 0.000664945
11 0.00193912
11 0
11 0.00226814
12 0
12 0
12 0
13 0
12 0
11 0.00272657
11 0.0110719
11 0
13 0.0002405
12 0
12 0
15 0.00144289
12 0.000481116
12 0
11 0
12 5.14508e-08
11 0.0118807
12 0
11 0.00349988
10 0.00174634
12 0
11 0
13 0.000481116
10 0.00297933
11 0.00139114
10 0
13 0
12 0
10 0.0095119
13 0
12 0
13 0
11 0.00462417
12 0.000252818
11 0
11 0
12 0
12 0
11 0.00349297
12 0
12 0
11 0
13 0.000208713
11 7.51705e-05
11 0
13 0.00501179
11 0
15 0.000962001
12 0.00364415
13 0
12 0
16 0
11 0.010652
12 0.000534494
12 0
13 0
12 0
12 0
13 0
12 0
12 0
12 0
12 0
11 0.00261416
12 0.00146435
11 0
14 0.000962117
12 0
14 0
11 0
12 0.00168107
11 0.00182283
11 0
11 0
12 0
10 0
13 0
10 0.00333083
11 0.00880068
13 0
11 0.000351416
13 0
11 0.00695304
11 0
11 0.000176902
11 0.00311161
12 1.21322e-05
11 0
12 0
13 0.00288322
12 0
13 0
11 0
13 0
11 0.00110187
13 0
11 0
11 0
15 0
11 0
11 0.00192365
12 0.000481116
12 0
12 0
11 0.00381219
11 0
13 0
13 0.000162102
11 0
11 0
13 0
11 0.00103467
14 0
11 0
11 0
11 0.00258463
12 0
11 7.60587e-05
13 0
11 0.000361024
11 0
11 0
11 7.71762e-08
12 0
11 0.000971454
11 0.00107022
11 3.74518e-05
12 0
15 1.15764e-07
14 6.91647e-05
11 0.000148326
13 0
10 0.00688905
11 0.00285505
11 0
12 0
11 0.000481116
11 0.000441782
12 0.000693337
12 0.000962001
10 0.015053
12 0
13 0
12 0
13 0
11 0
11 1.15764e-07
17 0
13 0
12 0
12 0
11 0
12 0.00144265
11 0
12 0
11 0
13 0
13 0.000286302
11 0.000962059
12 0
12 0
13 0.0002405
10 0.00780743
12 0.000801459
10 0
11 0
12 0.0127082
11 0.000775757
14 0
12 0.000278104
13 0
11 2.62969e-05
12 0
11 0
11 0
10 0.00722036
11 0.000983621
12 0.00144289
13 0
12 0
11 0
11 0
11 0.00234051
11 0
12 0
12 0.000136992
10 0.000526191
17 0
12 0
13 0
10 0.00198656
11 0.000105769
12 0
12 0.000617886
11 0
11 0.000102883
10 0.000149842
11 0
10 0
11 0.00107127
11 0.00417408
11 0.0108096
12 0.00111412
11 0.000481116
11 0
10 0.00549999
10 0
12 0.000540361
12 0.00131009
11 0.00850544
13 0
11 0
11 0
13 0
11 0
11 0
12 0
12 0
12 0
12 0
11 0.000550481
12 0
11 0.00434067
11 0.00264728
10 0
13 0
12 0
12 0
12 0
11 0
11 0
11 0
11 0.00066548
13 0.000962117
10 0.00772861
10 0.000167617
13 0
11 3.65737e-05
10 0
11 0
11 0
11 0.000996415
12 0
11 0.000118027
12 2.31528e-07
12 0
13 0
12 0.000106902
11 0
12 0.00123353
12 0.00107793
12 0.0016446
16 0.000481116
11 0
12 0.00144289
12 0.000962001
13 0
13 0
10 0.00363226
13 0
12 0.00179495
12 0
12 0.00384245
12 0
12 0
10 0.00643484
10 0.0218009
12 0
11 0
10 0
11 0
11 0.00102547
12 0
13 0
12 0
9 0.0388218
12 0
13 0
12 0
12 0
12 0
11 0
12 5.14508e-08
12 1.38274e-06
12 0.00477785
14 0
10 0.0183002
12 0
11 0.000560067
11 0.000283324
12 0
12 0
11 9.39247e-06
10 0
12 0
12 0
12 0
11 0.000431898
12 0.00760099
12 0.000880783
13 0.00575811
12 0
12 0
11 0.00154331
13 0.000962001
11 0.00512138
12 0
14 5.74235e-06
11 0
13 0.00432484
11 0
11 0.000644425
12 0
11 0.00442651
12 0
10 0.000534246
11 0.000118027
14 0
11 0.000128448
11 0
11 0.00106886
12 0
12 1.15764e-07
11 0.00278889
10 0.00828521
10 0.0175016
11 5.61586e-06
12 0
12 0
11 0.000481116
13 0
14 0
13 0.000481116
12 0
14 0
11 0
10 0.00767155
12 0.000354597
12 0
11 0
13 0
11 0
12 0
12 0
10 0
12 0
13 0
12 0
11 7.579e-06
12 0
12 0.00010664
13 0
12 0
10 0.00177014
12 0
14 0
13 0.000481116
13 0
13 0
13 0.000481116
12 0.000481116
11 0
12 0.00336434
13 0
11 0.00148531
12 0.00172509
12 0.00144265
12 0
12 0.00202912
12 0
12 0
13 0
10 0.00161964
10 0.00325936
12 0
14 0
11 0
10 0
11 0.0038468
12 0.000481116
12 0
10 0.00282897
10 0
11 0
10 0.0016925
11 0
13 0.00144289
12 0
10 9.80951e-05
12 0
11 6.27494e-05
12 0.000965354
12 0
13 0
12 0
10 0
12 0
12 0
11 0.00355433
13 0
11 0.00332953
11 0.00276684
12 0
12 0
16 0
12 0
10 0
12 0.000937694
11 0
11 0
11 0
10 0.00350805
12 5.55251e-06
12 0.00605046
11 0
12 0.000283971
12 0.00108974
13 0
11 0
12 0
11 0
11 0.00147073
12 0.000114935
12 0
13 0.000481116
12 0.00173983
12 0
11 0
11 0.00103843
11 0.0200534
11 0.00828336
11 0
11 0.00462407
12 1.38917e-06
11 0.00633136
12 0
11 0
12 0
11 0.00313411
12 0
11 0.00140521
12 0
12 0
13 0
11 0.00165743
12 0.000137755
12 0
13 0
12 0
11 0
13 0
12 0
10 0.000790723
12 0
11 0.00573251
11 0
12 0
11 0
11 0.000435302
11 0
13 0
10 0.000481339
12 0.0024033
12 0
11 0
13 0
11 0.0103243
11 0
12 0
12 0
10 0.0158669
13 0
12 0
12 0.000494973
11 0.00155774
10 0
14 0
12 0
13 3.14128e-05
13 0
15 0
12 0
11 0.00186739
11 3.65737e-05
10 0
12 0.000624978
11 0.000113391
10 0
11 0
12 5.14508e-08
13 0
11 0
11 0.00321728
12 2.31528e-07
11 2.19793e-05
12 0.00240419
12 0
12 0.00108462
12 0.000647948
14 0
12 0
11 0.000114338
11 0.00387593
11 0.00422397
12 0.000463329
15 0.00336469
12 0.00109473
11 0.0028319
12 0
10 0.00343823
12 0
11 0
12 0
11 0
12 0
12 0
11 0
12 0
10 0
12 0.000481116
12 0
12 0.00358815
12 0.0110071
10 0.0202937
12 0
14 0
11 0
13 0
12 0
12 0
11 0.000791736
12 0.00240396
12 0
12 0
13 0.00192342
11 0
11 0.000962232
9 0.0108071
11 0
12 0
11 0
11 0
11 0
12 0.00255024
13 0
11 0.00035688
13 0
12 0
12 0
10 0
11 0.00350719
11 0.00168012
12 0
13 0
14 0
12 0
13 0.00101178
11 9.31059e-05
11 0.00568139
11 0
12 0
11 0
10 2.22462e-07
12 0
13 0
11 0.00239814
12 0.0036734
13 0
13 0
12 0
11 0
12 0
12 0
13 0.00144289
12 0.0002405
10 0.000594525
11 0
12 0
11 0
11 0.000157273
11 0
12 1.38274e-06
11 0
11 0
11 0
13 0
12 0
10 0.00704597
10 0.000944795
12 0
11 0
10 0.00262441
11 0.00122503
10 0.0241781
14 0.000481116
12 0
11 0.00245874
11 0
11 0
13 0.000604341
11 0
13 0
12 0
13 0
12 0.000108723
12 0.0033976
13 0
13 0.00112158
16 0
11 0.00111504
11 0
11 0
11 0.00296792
13 0
12 9.69504e-05
12 0
13 0
13 0
12 0
13 0
13 0.000601689
12 0
12 0
11 0
10 0.00141236
12 0
11 0.0118328
10 0.00312192
11 3.65737e-05
11 0.000606228
10 0
11 1.53569e-06
12 0.00144573
12 0
13 0
11 0.00472627
11 0.00144098
12 0
13 0
11 0.0206808
12 0
13 0
10 0.000559329
11 0.000733725
10 0.0124815
11 0.000271641
10 0
11 0.00618165
11 0
11 0
11 0.0115982
11 0.00151066
12 0.000481116
12 0
12 0.000863109
11 0
11 0
11 0.00787897
11 0.00194275
12 0.000362445
11 6.21484e-05
10 0
11 0.00359216
14 0.0002405
11 0
12 0
11 4.39829e-05
13 0
12 0
10 0.000942778
12 0.000354597
13 0.000962117
11 0.00285151
10 0
11 0.000364376
11 0
12 0.000481116
12 0
12 0.000481116
13 0
13 0
12 0
11 0
11 0.00376288
10 0.000706422
11 3.65737e-05
12 0
12 0.00164487
12 0
11 0.018592
10 0.0396934
12 0
10 0.00551978
11 0
12 0
10 0
10 0
11 0.000721804
13 0
13 0
11 0.00780222
12 0
17 0
11 6.96935e-05
9 0.00270213
14 0
11 0.00015641
11 0.00168246
12 0.000962117
10 0.00183911
13 0.000272216
14 0
11 0
12 0.000481116
16 0
12 0
12 0.000886211
13 0
16 0.000481116
11 0.00262392
11 0.000481116
10 0.000656305
11 0.0020974
10 0.00668645
11 7.52053e-05
10 0.00190314
12 0
10 0.0107556
11 0
12 0
13 0
12 3.22076e-05
13 0
11 0.00725924
10 0.000650502
12 0
11 0
11 0
12 0
11 0.00245557
12 0
11 0
13 0.000481116
12 0
11 0.00256064
12 4.0074e-05
12 0.000203822
11 0.0112804
13 0
11 0.00108906
11 0.000502968
11 0.000643103
13 0
11 0
11 0
12 7.93885e-05
12 0
12 1.49559e-05
15 0.00336503
12 0
12 0
12 0
16 0
10 0
11 0.000962001
11 0.000169251
13 0
12 0
11 0.000516067
12 0
12 0
11 0
11 0
12 0.000171033
10 6.68676e-05
12 0
11 0.0039352
11 7.80726e-05
11 6.51154e-05
11 0
12 0
11 0.00261009
11 0
13 0
12 0
12 0
12 0.000481116
11 0.00616135
12 0.000127211
12 6.99151e-05
11 0.00187345
13 0
13 0
11 0
12 0
11 0
11 0
12 2.70117e-07
12 0
12 2.36872e-06
13 0.000481116
12 2.52013e-05
12 0.000654004
13 0
11 0
14 0
12 0.000962001
12 0
12 0
12 0
12 0
12 0
11 0.00885591
12 0
13 0
10 0.00409303
14 0
12 0
12 0.00125134
12 0
11 0.000262794
11 0
12 5.23936e-05
12 0.0002405
12 0.0013295
11 2.65947e-05
12 0
10 0.000564255
12 0
10 0.000569696
11 0.000136172
11 0.000435302
13 0
12 0
16 0
10 0.0075765
12 0
12 4.88945e-05
14 0
12 0
12 0.000721327
12 0
10 0.00585241
12 0
12 0.000481116
11 3.39373e-05
11 0.0043937
12 0
12 0
11 0.000103182
11 0
12 0.000267074
13 0
12 0
15 0
11 0
11 0
11 0
13 0.000103409
10 0.00336236
11 0.00149837
12 0.00106116
14 0
12 1.15764e-07
11 0.000398836
11 0.000481116
11 0.00203523
11 0
10 0.00455226
12 0.000962117
14 0.000240384
11 0.00137635
12 0
12 0
14 0
13 0
12 0.000481319
13 0
10 2.22462e-07
11 0
11 0.00384195
11 0
11 0
16 0.000481116
11 0
12 0
11 0.00853597
15 0
11 0.000351537
12 0
12 0.000481116
12 0
11 0.0092833
13 0
11 0
11 0
12 0
12 1.38274e-06
13 0
12 0.000962001
12 0.00329479
11 0.000826291
12 0.000962001
12 0
11 0.00271035
11 0.00402575
12 0.000168658
12 0
11 0
11 0
11 0
13 0
9 0.0114774
12 0
11 0
11 0
11 0
11 0
11 0
13 0
10 0.000383233
11 0
13 0
10 0.00743732
11 2.87266e-05
11 0.000227525
11 3.19342e-05
11 0
12 0
11 0
12 0
10 0.00776223
11 0.000846924
13 0
11 0.000152933
13 0.00575811
12 0
13 0
15 0
13 0
12 9.9712e-05
10 0.00328179
10 0.00501681
14 0.0002405
11 0
12 0
11 0
12 0.00103294
13 0.000962001
12 0
12 0
11 0
10 0.00675657
12 0
10 0
12 0
12 0
10 0.0017979
12 0
13 6.63897e-05
13 0
11 7.30143e-05
12 0
10 0.000962117
11 0.000855904
12 0
12 0.000137755
14 0
12 0.000214456
11 0.000184202
13 0
10 0.00965635
10 0.00664655
13 0
11 0
12 0
11 0
13 5.73846e-05
11 0
11 0.000572431
15 0
12 0
11 0.00353155
10 0.0408354
12 0.000481116
12 0
12 0.00133884
12 0.00243
13 0
12 5.78821e-08
11 0.00483641
12 6.13935e-05
11 9.10271e-07
12 3.12367e-05
11 3.65737e-05
12 0.000390488
11 0.00771116
13 5.78395e-05
11 0
11 0.000481116
11 0
15 0
11 8.01289e-05
10 0.000668494
11 0
10 0.00746837
15 0.000481116
12 0
11 0.000325405
12 0
11 0
11 0
10 0.011533
11 0.000855706
10 0.00759483
12 0.00254351
13 0
14 0
11 3.00663e-05
10 0
10 0.0120853
11 0
12 0
14 0
11 0
11 0.00104783
11 0.000135551
11 0
12 0
12 5.82226e-06
10 6.49851e-05
12 0.000471174
12 0
11 0
13 0.000165984
12 0
12 0.000481116
13 0
11 0
12 0
12 0
11 0
13 0
13 0
11 0.000203435
12 0
12 0.00156251
11 0.00240327
12 1.02978e-05
12 0
11 0.00192167
11 2.31528e-08
10 0.0096958
12 0.000954976
11 0.00192342
11 0.00821015
12 0.00172434
12 0
12 0
10 0.0098926
12 0.000193073
11 0
10 0
14 0
13 0
11 0.00290274
10 0.00325733
10 0.00227076
10 0
12 0
12 2.54706e-05
12 0
11 0.00235717
11 0.0139226
13 0.000240732
11 0.00108134
11 0
11 0
11 0
12 0
11 6.68876e-05
10 0.00182722
11 0
13 0.000481116
12 0
11 0
11 0.00104358
14 0
10 0.00399961
11 9.91927e-05
13 0
11 0
12 0.000481116
12 0
11 0.00458544
12 0.000481116
12 0
12 0.000962001
13 0
11 0.00261518
10 0
11 0
10 0.00348055
11 0.000384962
13 0
14 0
12 0
12 0
13 0
11 0
11 0
12 0
12 0.00162056
12 0.00100218
13 0.000500631
11 6.08898e-05
10 0
10 0
11 0.000983869
11 0.00601624
12 0.00157719
10 0.0018725
13 0.00144289
12 0
11 0.000248763
11 0.000292368
11 0.000536156
15 0
11 0.000578108
11 0
13 0
13 0
13 0
11 0.0119426
12 0.00144265
12 0.00166644
11 0.0272338
13 0
12 0
10 0.00727951
14 0
12 0.00395802
14 0
13 0
11 0
11 0
12 0
11 0
11 0.00430333
13 0
11 0
11 0.00429511
12 0.000499518
13 0
14 0
11 0
10 0.00287922
12 0
13 0
12 0
11 0
11 0.0002405
12 3.85787e-05
11 0
12 0.0019225
13 0
11 0
12 0.00351899
10 0.00521481
11 0.00195374
12 0.000584365
13 0
11 0
10 0.00480321
12 0
13 0
11 0
11 0.000851723
12 0
12 1.9294e-07
14 0
10 0.00295843
11 0
10 0.00156105
11 0.00192308
13 0
13 0
12 0.000962117
13 0.00450946
11 0
12 0.000618695
11 0.00613539
10 0.00179005
11 0.000481116
11 0.00323401
10 0.00217823
13 0
13 0
11 0.000481116
12 0
13 0
13 0
11 0
11 0.000481179
12 0.000166895
10 0.000106817
11 0
10 0.000675013
11 0.000784656
13 0
12 0
12 0.0010528
12 0
13 0.00144289
11 0.000536706
11 0.000257802
11 0.00386817
12 0
10 0.00194339
9 0.0157822
11 0.0024855
13 0.00481376
11 0.00189997
11 0.000613049
12 0.000292072
12 0.00462299
13 0.000626858
12 0.0120617
12 0
11 0
13 0
13 0
12 0.00154108
12 0.000962117
13 0.000600242
12 0.000409546
10 0
11 0.00131635
11 0.00109106
11 3.19277e-05
12 0
12 0
10 2.22462e-07
11 0.00144289
12 0
12 0
11 4.46295e-05
12 0.000789845
15 1.15764e-07
14 0.000481116
12 0.00384441
11 0.00637409
11 0
11 1.12589e-05
14 0
11 0.00190164
12 0.000389683
11 0
12 0
11 0.00124833
11 0
11 0
11 0
11 0
14 0
11 0.00162288
14 0
13 1.90611e-05
12 0
16 0
12 0
12 0.000200419
11 0.002019
13 0
12 0.000551211
10 0.00556476
12 0
12 0.0049821
13 0
11 0
12 0.00235591
12 0
11 0.00212482
10 0.0158116
12 0
11 0.000481116
12 0
11 0.00332402
11 0.000962001
12 2.31528e-08
11 0
11 0
12 0
12 0
12 0
13 0
13 0
12 2.31528e-08
11 0
13 0.00336295
11 0.0058934
11 0
12 0
10 0.000231226
12 0.000108448
14 0
11 0.000962117
12 0
12 0
11 0
13 0.000962117
12 0
11 7.49924e-05
12 0.00113406
11 0
12 0
13 0
13 0
14 0
12 0.00111697
13 0
12 0.000139559
11 0.003429
12 0.000962001
13 0
12 0.000165963
10 0.00172671
13 0.000393997
11 0.00153517
11 0
12 0
12 0
13 0
12 0.000962001
13 0
11 0
11 0.000240327
13 0
10 0.0033495
13 0
11 0.000123353
10 0.000952109
10 0.00664937
12 0
16 0
10 0.000295245
12 0
12 0.000438178
14 0
12 0.00539445
11 0.00336411
10 0.000957908
11 0
12 0
12 0
12 0
11 0
12 0
13 0
11 0.00537034
10 0.00405231
14 0.00120204
11 0.00096221
12 0
12 5.82226e-06
12 0
12 4.39836e-05
12 3.59877e-07
12 0.00228322
11 0
12 0
13 0
13 0
10 0
12 0
11 2.1967e-05
11 0
13 0
12 0.000481116
12 0.000344102
10 0.00820546
10 0
10 0.0178502
12 0
12 0
12 0
11 0.000962117
13 0
11 0
12 0.00107648
12 1.19928e-05
14 0.000210662
13 0.0002405
11 0
13 0
12 0.00192308
11 0.00662735
11 0.00369724
12 0.0039039
11 0.0097916
11 0
10 0.00125283
11 0.000879765
11 1.74278e-05
11 3.65737e-05
10 0.0231031
13 0
15 0
11 0
10 0.00857869
13 0.000523568
11 0.00160037
11 0.000459184
12 0
14 0
13 0
16 0
12 0.00175774
10 0.00364193
11 0
13 0
12 0
14 0
13 0
14 0
11 0.00271427
12 0.00193293
11 0
12 0.000481116
12 0
11 0.0015951
11 0.00118302
11 0
11 0.00576817
11 0
11 0
12 0
12 0
11 0
11 0
12 0
13 0.000481116
12 0.00226562
12 0.000850552
12 0.00261891
12 0.00159212
12 0.00155404
11 0.000464234
12 0
14 0
12 0
13 0.0002405
12 0
10 0.00936134
11 0.000524846
13 0
10 0
14 0
12 0
12 0
11 0.00414805
10 0.00468806
11 0
10 2.22462e-07
11 0
11 0
12 0
12 0
13 0
11 0
11 0.000266608
10 0.00153941
13 0
16 0
10 0.011786
10 0
11 9.32514e-06
11 0.002639
11 0
11 0.000492835
11 0
10 0.00762808
11 0.000366632
11 0
12 0.000635451
12 0.00192308
11 0
14 0
13 0
11 0
11 0.00581622
11 1.44705e-08
11 0.000317497
12 0
11 0.0265127
10 0.0252219
14 0.000960843
12 0.000240249
10 0.00134335
11 0.000114868
13 0
11 0
10 0.0106146
11 0
11 0.00120642
10 0.00148493
12 0.000937507
11 0.00153978
10 0.0216945
11 0.000115149
12 0
12 0
12 0
11 0
12 0
12 0.0022228
11 0
12 0
11 0
11 0
11 0.0014942
13 0
10 0.00851366
12 0.00278883
14 0.000590893
11 0.00106599
11 0.00338996
11 0.000691313
11 0.00566506
12 0
13 0
12 0
12 0
12 0.00343034
10 0.000234648
11 0.00480271
10 0.00596298
11 0
12 0.00156347
11 0
12 0
12 0
12 0
13 0
13 0
14 0
12 0
11 0
10 0.0100292
13 0
12 0
11 0
12 0
9 0.0188041
10 0.0099615
11 0
12 0
11 0.00893026
11 0
12 0
11 0.000636567
11 0
11 0.000900731
13 0
14 0.00528255
11 0
13 0
12 0.000997818
12 1.38274e-06
13 0
11 0
12 0.00690961
13 0.000962001
11 0.0019675
12 0
12 0
13 0
11 0
12 0.000564578
13 0
11 0
11 0.00170959
11 0
11 0
10 0
12 0.00281259
13 0.00175414
10 0.0588586
11 0.00662948
11 0.00186508
12 0
13 0
11 0
11 0.00187277
14 0.00240384
11 0
11 0
11 0.0391881
13 5.78821e-08
11 0.00203104
11 0.00378511
13 0
12 0
11 0.00574123
13 0
12 0
11 0
11 0.000422412
11 0.00230616
11 0
11 0.000328778
11 0.000798894
11 0.00384441
11 0.0012481
13 0
11 0.00198652
11 0.0018892
12 0.0002518
12 0
10 0.00158143
12 0
12 0.00250207
11 0.00181362
10 0.00423601
12 3.28942e-05
13 0
13 0
12 0.00144265
11 0.00183771
13 0
13 0
12 0.00800351
10 0.0313646
12 0.000334853
11 0.000916472
13 0.000743959
12 0
12 0
13 0.000481116
12 0
12 0.00263163
12 0
11 0.000241098
13 0
11 0
11 0.00294836
11 7.39218e-06
11 0.00017632
12 0
13 0
11 0
12 0
13 0
11 0
10 0
12 5.14508e-08
12 0
11 0
11 0.00243466
12 0.000962001
10 0.000324711
11 0.000156158
11 0.0052039
9 0.0373601
12 0.000962001
13 0
11 0
13 0
11 0.00209903
11 0.00247875
10 0.000592132
11 0
11 0
11 0
13 0
11 0
11 0
12 0
12 0
10 0.0405166
12 0
12 0
11 0.00861297
14 0
13 0
13 0
13 0
11 0.00147059
11 0
10 0.00285121
13 0
10 0
11 0
12 0
11 0.00352243
11 0
12 0.00142277
12 0.00293217
12 0
12 0
12 0.000450178
11 3.80056e-05
13 0
12 0
10 0.0257126
12 0
11 3.65737e-05
10 0
11 0
10 0.00472408
13 0
14 0
11 0.000409173
11 0.00597788
12 0
13 0
12 0.000481116
11 0.00349948
12 0
12 0
13 0
12 0.000993619
11 0.0181078
11 7.37867e-05
11 0
10 0.00492085
10 0.00211513
11 1.88255e-07
14 0
12 0
13 0.000272216
12 0
11 0
12 0
11 0
10 0.00529199
12 0.000267074
12 0
14 0
11 3.65737e-05
11 0.00592091
12 0.000272098
13 0
11 0.0144884
12 0.000962001
12 2.37847e-05
11 0
11 0
11 0.00710914
12 0
12 0
13 0
10 0.000288976
13 0
13 0
13 0
11 0
12 0
12 0
12 0
13 0
12 0
11 0.00251684
12 0
13 0
13 0
11 0
12 0
13 0
13 0
12 0
12 0
12 0
12 3.85881e-08
11 0
12 0
12 2.99673e-05
12 0
11 0.00362016
11 0.014791
12 0
15 0
12 0
11 0
12 0
11 0
11 1.84939e-05
11 0.00678241
12 0
11 0.00192308
11 0
10 0.000937984
11 4.13792e-05
11 0.00201648
11 2.55997e-07
11 0
12 0.000962117
13 0.00100997
11 0.000481116
13 0
13 0.00114681
12 0.000229607
13 0
11 0
11 0.00293418
12 0.000481116
11 0
11 0
14 0.00192284
12 0
11 0
12 0
11 0
12 0
10 0.00434252
11 0.0054125
12 4.16751e-08
11 0.0104002
12 0
11 0
14 0.00168026
12 0.00123741
12 0
14 0
11 0.000962001
10 0.00389935
10 0.00785257
12 0.00288415
12 5.14508e-08
14 0.00144289
12 0.000293301
11 7.68229e-05
11 0
11 0
12 0
12 0
11 0
10 0.00099432
11 0.000279539
11 0
14 0
12 0
12 0
13 0
11 0
10 2.22462e-07
12 0
12 0
12 0
12 0
12 0
11 0
12 4.39836e-05
13 0
12 0
11 0
13 0.000240384
12 5.14508e-08
12 5.14508e-08
12 0
12 0
11 0
12 0.00192342
13 0
11 0.00120238
12 0
12 0.00170747
11 0.00504322
13 0
12 5.14508e-08
11 0.00535981
11 0
11 0.000481116
12 0.000542408
10 0.00221407
11 0.000416002
10 0.00454095
13 0
11 0.000114338
12 0.000481116
12 0
13 0
13 0.000208713
12 0
13 0
11 9.14096e-05
12 0
11 0.00477851
11 3.00663e-05
12 0.000481116
12 2.20545e-05
12 0.00192308
12 0
12 0
13 0
11 0.000962001
11 0.00395913
12 0
13 0
11 0.0019656
11 0
12 0
12 0
12 0
11 0.000872102
13 0
12 0.00324412
11 6.52322e-05
12 0
12 0.000480537
10 0.00296324
12 0.000267074
10 0.011279
11 0.00240396
11 0
13 0
9 0.00586364
11 0
12 0
13 0
11 0
11 0.00286294
11 0
11 0
14 0
10 0.00656493
13 0
12 2.86617e-05
11 0
11 0
13 0
11 2.40273e-05
10 0.00132701
11 2.97911e-05
12 0
10 0.0250184
12 0.00192354
13 0
10 0.00123097
11 0.00327571
12 0.000248818
11 0.000105304
11 0.00405602
11 0
12 0
12 0
12 0
13 0
12 0
12 0
11 0
12 0
11 0.00321878
11 0
11 0
11 0
11 0
12 0.000240056
11 6.8972e-05
12 0
12 0
10 0.0161325
11 0.00302805
12 0.000170352
11 0
11 0
13 0
11 0
13 0
11 0.00138212
15 0
11 0
12 2.31528e-07
12 0.000639866
11 0.00582845
11 0.00588133
11 0
10 0.0075521
13 0
13 0.000786398
13 0.000160353
11 0.00297008
12 0
11 0
12 0.00275876
14 0
11 0
12 0
12 0.000164622
16 0
11 0.000647297
15 0.00288334
11 0
13 0.000706251
15 0
12 0.00101598
12 0.00267549
12 0
12 0
12 0
13 3.47293e-07
12 0
11 0.000749513
13 0.000160256
12 0.00473639
10 0
13 2.71522e-06
12 0.000552223
12 0
10 0.000213919
13 0.00144289
11 0.000704461
12 0
11 0
14 0
11 0.00179613
11 0
11 0.00209822
11 0
11 3.65737e-05
11 0
11 0.00292955
11 0
12 0
11 0.00103187
11 0
11 0.000381264
12 0.000451151
14 0
11 0
10 0
10 0
11 0
11 0
12 0
10 0.00411478
11 0
11 0
12 0.000962001
12 0
12 0
11 0.000151264
12 0
12 0
11 0.00157425
11 0
11 0
12 0.000769498
10 0
13 0
13 0
14 0
11 0.000681782
12 0
12 0
12 0.000962001
13 0
11 0
12 0
11 0
11 0.000481116
10 0
12 0
11 0
11 0
13 0
10 0
14 0
11 0.00277994
11 0
11 0.00108921
11 0.00104607
11 0.00528232
13 0.000168379
12 0
13 0
14 0
13 0
11 0
10 8.16928e-06
12 0
11 0
13 0
11 0
10 0.0017675
12 0.0025267
10 0.0172472
11 0.000227214
14 0.00240327
11 0
11 0
12 0
13 0.000481116
11 0
10 0.0154498
12 0
11 0.00739864
11 0.0027469
12 0.000481116
11 0.00117869
13 0
13 0
11 0.0052665
13 0
12 0.00216033
12 0
12 0
14 0
12 2.55077e-05
13 0
12 0
14 0
11 0.000156384
12 4.39836e-05
12 0
12 0
11 0.00528394
11 0
13 0
12 0
10 0
12 0
14 0
12 0.000647229
11 0
11 0
11 0
11 0.00152027
11 0
12 0
13 0
12 0.00144265
11 0.00308251
10 0
10 0.00672107
11 0
11 0
15 0.000481116
12 0
12 0.00224162
13 0.00109439
12 0
11 0
11 0
10 0.00334985
11 0.000864251
12 7.56148e-05
11 0
12 0
12 0
11 0.00257803
12 0
11 0
14 0
12 0
12 0.000481116
11 0
11 0.000543259
12 0
13 0
10 0.00145365
10 0
12 0.000368068
12 0
12 0
13 0
12 0
11 0.00275842
10 0.00549699
12 0
11 0.00329874
11 0
12 0
11 0
12 0
13 0
12 0
11 0
12 1.15764e-07
10 0.00327135
11 0.00499133
13 0
10 0.00463397
12 0
12 0.000772939
12 0
12 0
11 0
13 0
11 0
11 0.005267
12 0
10 0.00638236
12 0
11 0.000794785
12 0
10 0.00253593
12 0
12 0
12 0
12 5.14508e-08
13 0
12 0
12 0
12 0
12 0
12 0
11 0
12 0
10 0.000134522
11 0.00466895
11 0.00693316
10 0.0286106
12 0.000221185
12 2.86617e-05
12 0.00141671
12 0
12 8.04427e-05
10 2.22462e-07
10 0.00511396
11 0.000270221
12 0.00194629
10 0.0102651
12 0
12 0
11 0.00133484
11 0
11 0.000481116
15 0
12 0.000154992
10 0.000573885
12 0.000167062
11 0
11 0.00293108
12 5.78821e-08
11 3.65737e-05
12 0
13 0.00112063
13 0
12 0
11 0
12 0
12 0
11 0
11 0
11 0
10 5.1281e-05
16 0
11 0
13 0
11 0.000481116
12 0
12 0
12 0.000998582
11 0
12 0
11 0
10 0.00390806
14 0.00144265
13 1.35018e-05
11 0
11 0.00367963
11 0
12 0
11 0
11 3.4355e-05
13 0
10 0
12 9.84724e-05
10 0.00073941
10 0.000854553
11 0
10 0.000416224
13 0
12 0
13 0.000432494
12 0
11 0
11 3.19277e-05
12 9.2525e-06
12 0
10 0
11 0.000481116
11 0.000227214
11 0.00168935
11 0
11 0
12 1.73646e-07
11 0.00357314
12 0
11 0.00154259
13 0
12 0
11 0.00172501
13 0
13 0.000481116
11 0
13 0
12 0
12 0
11 0.00073953
12 0.00259747
12 0
10 0.0128023
12 0
11 0
12 0
12 0
11 0
11 0.000187658
12 0
11 0
11 0
11 0
11 0.000774481
10 0
12 0
12 0.00103804
12 0
12 0
10 0.0189941
12 0
11 0
11 0.00370248
11 0.000172695
12 0.00144265
11 3.65737e-05
11 0.00117441
12 1.40958e-05
11 0
10 0
12 0
13 0
10 0
11 0.000837334
11 0.00248174
12 0
12 0
13 0
13 0
11 0
11 0.001155
12 0.00158658
13 7.71762e-08
11 0.00169753
10 0.00499979
11 0.000837334
12 0
12 0
11 0.00985366
14 0
11 0.000365074
11 0.000962001
11 0
15 0
11 0
12 7.69738e-05
12 0
13 0
12 0
11 0.0138409
11 0.000962117
12 0
11 0
12 0
10 0.00252058
13 0
11 0
10 0.00842268
12 0
12 0
10 0.0019658
11 0.000523383
10 0.0001723
13 0
11 0
10 0.0110299
11 0.00242461
10 0
12 0
14 0.000481116
13 0
11 0.00270343
11 0
13 0
11 0.000636567
13 0
11 0
11 0.00144289
13 0.000476661
12 0
11 0.00191252
11 0
12 8.64917e-05
12 0
11 0.00274469
11 0
11 0
13 0
12 0
12 0
16 0
11 0.00012514
11 0
11 0
11 0.000962001
11 0
11 0.00244504
13 0
11 0.000501
12 0.000481116
13 0
10 0.00215268
12 0
11 0.000481116
11 0
10 0.00237365
11 0.000420075
11 0
11 0
12 0
11 0
14 0
11 0.00226357
11 0.00309215
11 0
13 0
13 9.94524e-05
13 0
10 0.0015756
12 0.000327442
12 0
13 0
12 0.000406784
11 0
13 0
10 0.0239694
11 0
12 0
11 0.00180144
11 0
12 0
13 0
10 0.0019172
11 0.00125951
11 0.000559426
11 0
12 0
11 0
13 1.73646e-07
12 0.00274197
11 0.00117949
10 0.0100582
11 0
13 0
11 0
10 0
12 5.14508e-08
10 0
12 0
11 0
10 0.000716044
11 0
13 0
12 0
10 0
11 0
12 0.00129337
14 0
12 0.00375957
12 0
11 0.00240697
12 0
11 7.79408e-05
11 1.16897e-05
13 0
12 0.0028838
11 1.71717e-06
11 0
11 0.00219931
11 0.00204463
13 0
12 0.000686287
11 0.000266183
12 0
12 0
11 0
11 0
11 0.00207321
13 0
11 0
12 0
13 0
11 0
12 0
11 0.000562918
12 0.000481116
12 0.000222798
11 0
10 0
12 0.000936782
12 0
11 0.00149656
11 3.80536e-06
11 0
12 0
11 0
10 0
11 0.000142925
12 0
11 5.78821e-08
13 0
11 0
10 0
15 0
12 0
13 0
10 0.0110258
11 0
13 0.000481116
11 0
11 7.60587e-05
13 0
11 0.00246173
12 0.000962117
12 0
13 0
11 0
13 0
13 0
13 0
10 0.000481116
11 0.00058513
10 0.0112775
10 0.00206477
11 0
13 0.000481116
11 0.000411912
13 0
12 0
12 0
12 0
15 0
11 0
14 0
11 0.000156158
10 0
11 0
11 0
11 0
11 0.00657072
10 7.05593e-05
12 0
12 9.00977e-05
11 0.00568975
11 0
11 0.000317966
12 0
13 0
12 0
15 0.000962001
12 0
11 0.00073089
11 7.90731e-05
12 0
11 0
12 0
11 0.000481116
11 0
12 0
11 0
12 0
12 0
11 4.85067e-05
13 0
12 0
11 0.000151264
13 0
11 0.000506716
10 0.0114142
11 0
12 0
11 3.65737e-05
10 0.004352
12 0.000403881
12 5.14508e-08
11 0
11 0.000223698
13 0
11 0
13 0
12 0.000804913
11 6.21669e-05
13 0
11 0
11 0
12 0
11 0.000554397
13 0
10 0.00307833
12 0
12 0.00216033
12 0.00250449
11 0
13 0
11 0.00106453
12 0.000962117
12 0
12 0
11 0
12 0
11 0
12 0
10 0.0269819
11 0.00242793
12 0
12 0.0028845
11 0
12 0.00116481
11 0.00270799
12 0.000618589
13 0
13 0
12 0.000721327
12 0
11 0
12 0.000598803
11 3.65737e-05
11 0
10 7.46346e-06
11 0.000108398
12 0
12 0
10 2.22462e-07
12 0
13 3.47293e-07
12 0.00156753
12 0
12 0
11 0.00365244
13 0
11 0
11 0.00116678
11 0
12 0
12 0
11 0
12 0
10 0.00118655
12 0.00078096
11 1.10117e-05
12 0.000450053
11 0.00257954
15 0
11 0.00305844
11 0.000135211
11 0
12 0
12 0
13 0
11 0.000481116
11 0.00162441
10 0.00713169
12 0
12 0
10 2.22462e-07
11 0.0015941
10 0.000368424
11 0.00515029
11 0.00089987
11 0.00738132
12 0
14 0
10 0.00627489
12 0
11 0
12 0
12 0.00254785
12 0
11 2.32844e-05
13 0
10 0.00330888
12 0
11 0
13 0
13 0
13 0
11 0.000481116
11 0.000962117
13 0.000481116
13 0
12 0
17 0
12 2.97787e-05
12 0
13 0
14 0
11 0.00286038
12 0
12 0
11 0.00148705
13 0
12 0
12 0.00272805
11 0
11 0
12 0
12 0
12 0
10 0.0137596
12 0
11 6.81522e-05
11 0.00474696
11 0.00128216
12 0
11 0.000177013
11 0.00144271
12 0
13 0
11 0.0165331
13 0
13 0
12 0
10 0.0171043
13 0
13 0
12 5.39769e-05
12 0
13 0.000481116
13 0
11 0.00220763
11 0
10 0
11 0
11 0
12 0
13 0
12 1.15764e-07
12 0
14 0
11 0
13 0
10 2.22462e-07
11 0.00513314
12 0
13 0
11 0.00231482
11 3.00663e-05
12 3.66026e-06
10 0.0103966
11 0
12 0
10 0.00392862
12 0
13 0.000481116
11 0
10 0.000158935
12 0
11 0
10 5.02453e-05
12 0
12 0.000686002
11 0.000481116
11 0.00116876
11 0
12 0
12 0
10 0
13 0
10 0.000950555
12 0.000481116
10 0.0171995
11 0.0147552
12 0
11 3.19441e-05
12 0
11 0
10 0
14 0
13 0
12 0
12 0.000126697
12 0
11 0
13 0
10 0.00970787
10 0.00410273
12 0
13 0
11 0.00902619
11 0
10 0
11 0.00192342
12 0
11 0.000549174
12 0
11 0.00256503
12 0.000614185
12 0.00214954
12 0
11 0.000262317
13 5.78821e-08
12 0
11 0
11 0
13 0
10 0.0185177
12 0
13 0
11 0.000748086
14 0
13 0
12 0
12 0
11 0.00329245
12 0.00192308
10 0.00794451
10 0.00296546
11 0
11 0.000510736
15 0
11 0.0050406
12 0.00144289
13 0
12 0
12 5.78821e-08
13 0
12 0
11 1.42356e-05
13 0
11 0
12 0
11 0.000927432
11 0
12 0
12 0
12 0.000962001
11 0
14 0.00384245
13 0.000481116
12 0
12 0
12 0
13 0.000481116
13 0
11 0.00397839
10 0.0153282
12 0.000983723
12 0
12 0.000481116
13 0.000481116
12 0
11 0
11 0
11 0.000251531
12 0
12 0.000731124
12 0
12 0
10 0.00936285
12 2.12234e-07
10 0
12 0.00144265
12 0.00144265
12 0.000611658
12 2.3817e-05
11 0.0088249
13 0
12 4.39836e-05
12 0
16 0.000962117
13 0.00157134
13 0
12 0
11 0.00811239
11 0.000586935
11 0
10 0.00513123
11 0.00216402
12 0
13 0
11 0
12 0
13 0
12 0
13 0
13 0
12 0
13 0
11 0
11 0.000197882
14 0
11 0
13 0
12 0
13 0
12 0.00250244
13 0.000481174
11 0
13 0
13 0.000324893
11 0.000435887
11 0
12 0
12 0
12 0
11 0.0014101
10 0.00176973
11 0.000222875
11 0
14 0
12 0
12 0.00192308
12 0
16 0.001443
13 0
10 1.69879e-06
11 0.0007026
11 0
12 0
12 0
12 0.000839449
11 0.00284935
11 0
10 0.00735397
13 0
11 0.011372
11 0
10 0.0028007
14 0
13 0
12 0
11 0.000870856
12 0
11 0
13 0.00285461
13 0.000481116
12 0
13 0
13 0
11 9.91927e-05
12 0
13 0
11 0.00144265
12 0
12 0
10 0.000113294
12 0
13 0.000672585
11 0.00170772
10 0
12 1.28498e-06
11 0
11 0.00955046
13 0.00144265
12 0
10 0
11 0
12 0
10 0.00322145
12 0
11 0.00606288
12 0.00376131
12 0
13 0.000481116
11 0.00156799
13 0
12 0.000481116
12 0
12 0
11 0.00558678
13 0
14 0.0003899
10 0.00837988
14 0
11 0.00131469
13 0
11 0
12 0
11 0.00393141
11 0.000122023
14 1.73646e-07
11 0
12 0.00354148
15 0
10 0.0122513
10 0.00069732
12 0
10 0.0121583
11 0.00264337
12 2.69794e-06
12 0
17 0
11 0.000271225
13 0.00144289
11 0.00192365
10 0
12 0.000411239
12 0
12 0
11 0.00150985
14 0
12 0
11 0
14 0
12 0.00436237
11 0.00280805
10 0.0016583
11 7.58275e-05
10 0
13 0
12 0
12 3.45783e-06
12 8.4806e-05
12 0
11 0
12 0
11 0.00422277
9 0.0087356
12 0
11 0
11 0
13 5.78821e-08
11 0
11 0
12 0
12 0
11 0.000800613
13 0
15 0
11 0.00378345
11 5.55259e-05
11 0.00719243
11 0.00225806
13 0
11 0
12 0
10 0.0199475
12 0.000499694
13 0
12 0
12 0
11 0.00295068
12 0.00224196
14 0
11 0
11 0.00282099
10 0
11 0.000481116
12 0
12 0
11 0
11 0.00136282
11 0.00553609
11 0
12 0
10 0.00480437
12 0
11 0.00231746
12 0
10 0.0109639
11 0
10 0.00553045
11 0
12 6.97141e-06
12 0
12 0
14 0.000450074
11 0.00118226
12 0
10 0.00892896
14 0
10 0.015541
13 0
11 0
11 0.00141872
11 0
12 0
11 0.000240442
11 0
13 0
13 0
12 0
11 1.21759e-05
10 0
13 0
12 0
12 0
9 0.00264492
11 0
12 0
12 0
11 0.00402746
10 0
11 0.0024415
11 0
11 0
11 0.00735813
13 0.00048129
12 0
12 0.00040373
11 0.000664094
11 0.000481116
13 0
11 0
11 0.000166683
11 0.0002405
11 0
11 0
12 0.00192308
12 0.00624574
11 0.0030843
10 0.00179024
14 0
11 0.000481116
12 0
12 0.000186746
11 0
12 0
12 0.000159474
11 0.00489848
12 0
10 0.00132515
12 0.0028313
13 0
14 0
13 0
11 0
11 6.29143e-05
11 2.3355e-05
11 0.000410203
12 0
10 0.0252809
11 0.00191933
13 0
13 0
13 0.00192308
12 0.000189431
13 0
11 0
12 0
12 0
10 0.0032981
12 1.53427e-05
11 0.00678399
10 0.011243
12 0
11 0
12 0
10 7.35894e-05
13 0
11 0.00012449
11 0.00204108
10 0
12 0.00168107
10 0
10 0.00108595
11 0.00227023
11 0.00144289
14 0
13 0
10 0.00079086
11 0
12 0
12 0.000172067
14 0
12 0
12 0.000321681
12 0
11 0.000266079
12 0
14 0
12 0
10 0.0112661
11 0.000977044
10 0
11 0
12 0
11 0
12 0
12 0
13 0.00384245
10 0.00665247
11 0
11 0.000269855
12 0.000481116
10 0.000663913
10 0.0138495
11 0
12 0
10 0
13 0.000481753
10 0.000874718
11 0
11 0
12 0
13 0
13 0
11 0
12 0.000420903
11 0.000926014
11 0.00161723
11 0.00192212
13 0
10 0.000646951
14 0
14 0
12 0.000250813
13 0
12 0.0002405
11 0
10 0
13 0.000751175
12 4.39836e-05
14 0.000481116
13 0
12 0.00089006
10 0.00290711
12 1.3586e-05
11 0
11 3.85881e-08
10 0
10 0.00220808
11 0.00119715
14 0
11 0.00192308
12 0
11 0.000962001
11 0
11 0.0180889
13 0
10 0.000187141
13 0
12 0
11 0
11 0.00275933
10 0.00807379
11 0
14 0
12 0.00434645
12 0
12 0
11 0.000321939
11 0
14 0
11 0
12 0.000196505
10 0.0203881
12 4.16751e-08
12 0
11 0
11 0.000146638
11 0
11 0.000424061
12 0
13 0
11 0.000960645
12 0.000288378
11 0
11 0.00796876
14 0
17 0
10 0.00512275
11 0
13 1.25112e-05
12 0
12 0.00393218
11 0.00647858
11 0.00540723
12 0
13 0
11 0.000220485
11 0
12 0
12 0.000431255
10 0.00242601
12 0.000159347
12 0.00107715
11 0
10 0.000489791
11 0
12 0
12 0
12 4.39836e-05
12 3.85881e-08
13 0
10 0.0110421
12 0
11 0
10 0
13 0
11 0.0176998
11 0
10 0.00287863
11 0
11 0
11 0.000682463
14 0
12 0.00240486
10 0.000587895
11 5.09537e-05
11 0
11 7.3759e-06
10 0.0206735
12 3.39816e-05
12 0.00767847
12 4.86417e-05
11 0.00175982
12 0
11 0
13 1.12085e-05
12 0
10 0.00108461
11 0
12 0
12 0.000186559
12 0
11 0
11 0
11 0
11 0.000889491
10 0.00130981
12 0
12 0
12 0.000202737
12 9.85082e-05
12 0
12 0.00121053
12 0
12 0
10 0.000712373
11 0
12 3.84489e-05
10 0.00735544
12 0
11 0
11 0.00535586
11 0
11 0.00165435
13 0
10 0.018177
12 0
12 0.000560637
11 0.000565841
11 0.000962001
11 0.00387279
12 0.00192528
12 0
11 0.000304887
11 0
13 0
12 0
13 0
12 0
10 0
11 0.00073089
12 0
12 0.00245455
14 0
11 0
12 0
12 2.1806e-06
10 0.017736
10 0.00160583
11 0.000184767
12 0
12 0
11 0
11 0.000136322
11 0
13 0
12 0
12 0
11 0.00133094
12 0
12 0
12 0
11 0.000442142
10 0.0161767
12 0.00219233
12 0.00026096
12 0
13 0
12 0.00271203
11 0.00300533
12 0
13 0
10 0
12 0
11 0.00643661
11 0.00158342
12 0.000962001
13 0.00258898
11 0.00874693
12 5.14508e-08
12 0.00473182
11 0.000393559
11 0.00336446
11 0.000240746
11 0.000526864
11 0
11 7.72727e-05
12 0.00162818
11 0.000973268
9 0.0182128
12 0.00671456
11 0.00170725
12 0
11 0
11 0
10 0.000746927
12 0
12 0
14 0.00264226
11 0.0207966
10 0.0132112
14 0.000792572
12 0.000432612
11 0.00045245
12 0.000619808
13 0
12 0
12 0.00192308
10 0.00142419
12 1.27341e-06
13 0.000962001
12 0
12 0
9 0.00246667
11 0.000962117
13 0
11 0.000754328
13 0
12 0
13 0.000659104
12 0
10 0.000141009
11 0.000481116
10 0.00178405
12 0
11 0.00435343
13 0
12 0
12 0
13 0
11 0.000481116
11 0.000760629
12 0
10 0
12 0.000397131
10 0.00192354
14 0
13 0
11 0
12 0.00210635
11 0
14 0
12 0
12 0
12 0
12 0.00122734
11 0
10 0.0064065
11 0
11 0.00326572
12 1.38274e-06
12 0.000708951
10 0.00194466
11 0
12 0
10 0.00337057
11 0.000237577
11 0
12 0
10 0.00688242
11 0
10 3.03044e-05
12 0
15 0
10 0.00490372
10 0.000425704
12 0
11 0.000962001
10 0.000201273
11 0.00192308
11 0
12 0
11 0
12 0
11 0.00238749
11 0
13 0
12 0.00122158
10 0.000590145
12 0.000766704
12 0
10 0.00206289
12 0
11 0
17 0
12 0.000481116
12 0.00240373
12 0
12 0
12 0
12 0.000962001
11 2.40305e-05
10 0.000965479
12 0.0022043
14 0
11 0
12 4.39836e-05
11 0.00288415
11 0
12 0
12 0
13 0
14 0
11 0
11 0.00210197
13 0
13 0
14 0
14 0
11 7.66809e-05
13 0
12 0.000159114
12 0
14 0
12 0
12 0
11 0.000790475
10 0.00663994
12 0.000550745
14 0
14 0
13 0
11 0.00109584
10 0.0131895
11 0.00124248
13 0.00013739
13 0
12 0
13 5.92806e-05
15 0
11 9.42161e-06
13 0
12 0
15 0
14 0
13 0
13 0
12 0
12 0
12 0
12 0
12 0
13 0
13 0
14 0
11 0.00216883
11 0.00224922
12 0
12 0
11 8.17506e-05
12 0
10 0.00430289
11 0
10 0.00245087
11 0.000481116
12 9.58756e-05
11 0.00288322
10 0.000327431
12 0
13 0
12 0
12 0
11 0
10 0
10 0.000435594
12 0.000159474
11 0.000754318
12 0
11 0.00043567
13 0
11 0
12 0
11 0.00847109
12 0
14 0
11 0
12 0.000481116
12 0.00144265
12 0
12 0.00353993
12 0
12 0.00144801
10 0.0014051
12 0
11 0.00145801
13 0
11 0
11 0
11 0
12 0
12 0
14 0
10 0.000204781
11 0
11 0
11 1.97299e-05
11 0
12 0
11 0.00093277
12 0.000450508
12 0
12 1.52618e-05
