4 0.00539588
4 0.000955117
5 1.22917e-05
4 0.00023623
4 0.00147342
4 0.000156115
5 1.76091e-05
4 0.000185823
5 3.62615e-06
5 0.0010504
5 2.00746e-07
4 0.00178729
4 0.00213048
4 0.000176555
4 0.00524686
5 0.000147585
4 0.0104065
5 0
4 0.000311296
4 0.00111972
5 6.64171e-05
5 0.000223914
5 1.47354e-05
4 0.00436173
4 0.000602088
4 0.00201714
4 0.000271806
4 0.000131851
4 0.000807529
4 0.00179526
5 2.37126e-06
4 6.63266e-05
5 0
4 0.00224551
5 0.000656542
4 0.000316275
4 0.00146929
5 0
4 0.00032973
4 0.00417375
4 0.00169331
4 0.000267056
4 0.00168198
4 6.66485e-05
4 0.00113247
4 0.000319863
4 0.000186563
4 0.00298797
4 0.00482751
4 0.000611152
4 0.000267771
4 0.00192506
4 2.51018e-05
4 0.00224408
4 0.00323034
4 0.000916203
4 0.000846153
4 0.000712977
5 0.000225958
4 0.00246121
4 0.000389083
4 0.00697561
4 0.000285743
5 4.78919e-05
4 3.19999e-05
5 0
4 0.00360834
4 0.000838523
4 0.00016065
4 0.000323711
4 5.46204e-06
5 0
4 4.24904e-05
4 0.00118196
4 0.0105532
4 0.000368594
4 0.00819375
4 0.00194957
4 0.00474978
4 0.0037834
4 8.40129e-05
4 0.0145388
4 0.00029159
5 9.55025e-06
4 0.000371859
4 0.0004902
4 0.0293415
4 3.83658e-05
5 0
4 0.0011534
5 0
4 0.000976909
4 0.000689027
4 0.000558649
4 1.99192e-07
6 0
5 0
4 0.00198651
5 0.000433932
4 0.000466033
5 1.36326e-05
4 0.000251629
4 0.000305673
4 4.31979e-05
4 2.35719e-06
4 0.000698546
5 0
4 2.42141e-05
4 0.00264478
4 0.00297475
4 0.000117561
4 0.0140874
4 0.000681747
4 0.000348449
4 0.00211148
4 0.000999404
5 2.96852e-05
4 0.000146125
5 0
4 7.01012e-05
4 0.000117082
4 0.000766013
4 0.000983665
4 0.0030147
4 0.00263693
4 0.00368171
4 0.000850292
4 0.00502982
4 0.00086117
5 4.51539e-05
4 1.68292e-05
4 0.000778992
4 9.19745e-05
4 7.30639e-05
5 4.97331e-05
4 0.000152438
4 0.000366944
4 0.00229296
5 1.24484e-05
4 0.000826241
4 0.00429273
4 0.00181167
4 0.00213153
4 0.00180779
5 7.8668e-05
4 0.0107827
4 0.00699969
4 0.000454616
4 0.00153973
4 0.00183505
4 0.00118964
5 1.71175e-05
4 0.00902447
5 0
4 0.000961723
4 0.00559268
4 0.000777021
5 0
4 0.000434013
4 0.00131776
4 0.00406647
4 0.00266683
5 0.000370087
4 0.00141948
4 0.00518784
4 0
4 0.000195783
4 0.00125426
4 0.0017579
4 0.00234262
4 0.000663786
4 2.28432e-05
4 0.000113227
4 0.0014919
5 4.19506e-05
6 0
4 0.000337834
5 0
5 0.000223388
4 0.000498477
4 0.000439821
4 0.00451099
4 0.000341342
4 0.00175067
4 0.00064314
4 0.000230496
5 0.00262869
4 2.60782e-05
4 0.00138975
4 0.00128545
4 0.00108596
4 0.000362352
5 0.000445015
4 0.000294683
4 2.95396e-05
4 0.00374281
4 0.000518688
5 3.54045e-07
4 0.002237
5 0
5 0
4 0.000420739
4 0.0001003
4 0.00511455
4 0.000118899
4 3.64422e-05
4 0.00039361
4 0.000918992
4 4.0495e-05
4 0.000782988
4 0.000154116
4 0.000546693
4 0.000188994
4 0.000989535
5 0
4 1.78226e-05
4 0.0433668
4 0.000356746
5 0.000575129
4 0.00216859
4 0.000134143
4 0.000827781
4 0.000935794
4 2.2469e-05
4 2.92862e-05
4 0.000574708
5 7.82669e-05
4 0.00025493
4 0.000181517
4 0.000534246
4 0.000120004
4 8.5691e-05
4 0.000898208
4 0.000133063
4 0.000369919
4 0.00127376
4 0.00298994
4 0.000458848
4 0.00126886
4 0.000569066
4 0.000395706
4 0.000827023
4 0.00255362
4 0.000150547
4 0.00314346
4 0.0127207
4 0.00268433
4 1.74063e-05
4 0.00605874
4 0.000221001
4 0.0128555
4 2.73709e-05
4 0.00283036
4 0.000119089
4 0.00067348
5 0
4 0.00162701
5 0
4 0.0179982
4 0.00114671
4 0.000726308
4 0.000725168
5 8.01021e-06
4 0.000929357
4 0.00035831
5 0
5 9.0292e-06
5 7.9512e-05
4 0.00887961
4 0.00258545
5 0.000228525
4 0.0309545
4 0.00489538
4 0.00219053
4 0.000245897
4 3.04553e-05
4 0.000682393
4 0.000994299
4 0.000782033
4 0.0012359
4 5.72769e-05
4 0.00153869
4 0.000152101
4 6.25822e-05
4 0.00148767
4 1.85532e-05
4 0.000422198
4 0.0004521
4 0.00190453
4 0.00299622
5 0
4 0.00114409
4 0.000100131
5 0
4 0.0026599
4 0.00149852
4 0.000130696
4 0.000552773
4 0.000472718
5 0
4 0.000555759
4 0.00565839
4 0.0011434
4 0.00156692
4 2.41527e-05
4 0.000616012
4 0.00223526
4 0.000864275
4 0.000471036
5 0.000115873
5 0
5 0
4 0.00022568
4 0.000214495
4 0.00161578
4 0.000522933
4 0.00219603
5 0
4 0.00246585
5 2.5433e-06
5 0.00142015
4 0.000323064
5 0.000133622
4 0.0136576
4 6.46242e-05
5 0.00514899
4 0.00117801
4 0.000313819
4 0.00146581
4 0.00148585
5 1.04633e-05
4 0.000442305
4 0.0050309
5 2.23432e-06
4 0.00108572
4 0.00385816
4 0.000418278
4 0.000214003
4 0.00030595
4 0.000153233
5 4.44009e-06
4 0.000356943
4 0.000100098
5 5.22889e-06
5 4.11077e-05
4 0.000753764
4 0.000240231
4 0.000169755
4 0.0222886
4 6.77448e-05
4 0.000139935
4 1.60774e-05
4 7.75345e-06
5 0
4 0.00436093
5 0.000419931
5 0
4 0.00146847
4 0.00134799
4 0.00190011
4 0.00380839
4 0.00079748
4 0.00133946
5 0.00269092
4 0.000994891
5 0
4 0.0129385
4 7.11242e-06
4 0.00193307
4 0.000501281
4 0.00774717
4 0.00120132
4 6.06079e-05
4 1.36868e-05
4 0.000852103
4 8.37218e-06
4 0.0043332
4 0.000652185
4 0.000988403
4 4.59256e-05
4 0.00351536
5 8.07165e-05
4 0.00359138
4 0.00429524
4 0.000170773
4 5.00893e-05
4 0.000424211
5 0
4 0.00186688
4 0.000862834
5 2.0003e-05
5 0
5 0.000219693
4 0.00850599
6 0
5 5.07708e-05
5 7.18987e-07
4 0.00113845
5 5.52521e-05
4 0.000991008
4 0.000273284
4 9.27136e-05
4 0.000445282
5 0
4 0.00328019
4 3.38805e-05
4 0.00091338
4 0.000460567
4 0.00530401
4 0.00157838
4 0.000203481
4 0.00141242
4 5.71445e-05
4 0.0101557
4 0.00278321
4 0.000322252
4 0.00103103
4 0.00664138
4 0.000453819
5 0
4 0.0011139
5 5.7231e-07
4 0.0136698
4 0.00116723
4 0.00242021
4 0.00321622
4 0.00428206
4 0.000833585
4 0.000297939
4 0.00207258
4 0.000184531
4 4.99428e-05
4 0.0064054
5 3.53788e-06
4 0.0017441
4 0.00152394
4 0.00870334
4 0.00357352
4 0.000737677
4 0.00052744
4 0.000853626
4 7.51413e-05
4 0.000260172
4 0.00026177
4 0.000201563
4 0.0113576
4 0.00099809
4 0.00344232
5 0
4 0.000797355
4 0.000898073
4 0.00480921
4 0.000638183
5 4.13191e-05
4 0.000304957
4 0.00261338
4 3.62518e-05
4 0.00228544
5 2.09624e-05
4 0.000479672
4 0.00146165
4 0.00119119
4 4.59535e-05
5 3.34311e-05
4 0.000224488
4 0.0022937
5 0
5 4.75007e-05
4 0.00127974
4 0.00658895
4 0.000742422
4 0.000673297
4 0.000255281
4 0.00665339
4 0.00121486
4 0.00142574
4 0.00542788
4 0.000691426
4 0.000525556
4 0.00481432
4 0.000209626
4 0.000150554
4 0.00097798
4 0.000198752
5 2.78115e-05
4 0.00044493
4 0.00718997
4 0.00144326
4 1.30128e-05
4 0.000359696
4 0.00292145
4 0.00102902
4 0.000287866
5 0
4 0.00472752
4 0.00145334
5 2.38432e-06
5 0
5 1.32917e-05
5 0
4 0.000584412
4 0.000285115
4 9.70885e-05
4 0.00218246
4 0.000983884
5 8.48193e-05
4 0.00860788
4 0.00117674
4 0.00459237
4 0.00031012
4 0.000166022
4 0.00211104
4 0.000917303
4 0.00032325
4 0.00974699
5 1.75507e-05
4 0.00417887
4 0.00101602
4 0.00121445
5 0
4 0.000432894
4 0.000248196
4 0.000753267
5 0
4 0.00945584
5 0
4 0.00490335
4 0.00175427
5 0
4 0.00155595
4 0.00756461
4 0.000760544
5 0
4 0.000285288
5 0
4 0.000399963
4 0.0016108
5 7.50855e-05
4 6.23519e-05
5 1.5337e-06
5 3.06606e-05
4 0.00132333
4 0.00568935
5 5.92658e-05
4 0.00240289
5 4.99899e-06
4 0.00179945
4 0.00498631
4 0.000732755
4 0.000735316
4 0.000925262
4 0.00391559
4 0.00253435
4 0.00155342
4 0.0010683
4 0.00572407
4 0.000104737
4 0.000162618
5 0
4 0.00805843
4 0.000126939
4 0.000145249
4 0.0048803
4 0.00108132
4 1.41713e-05
4 9.41732e-05
4 0.00108995
4 2.62398e-05
4 0.00112996
4 9.42103e-05
4 0.00305442
4 6.07988e-06
4 4.55225e-05
5 0
4 0.000341715
5 0
4 0.000298119
5 0.00284569
4 0.000597844
4 0.00388113
4 8.85122e-05
4 0.0045237
4 0.00579761
4 0.00256897
4 0.00459649
4 0.000377803
4 0.00274721
4 0.000327404
4 0.000406599
5 8.33104e-07
4 0.000537417
4 0.000104712
4 0.000121729
5 0.000752394
4 0.000162493
4 7.97368e-05
4 0.000499712
4 0.00150135
4 2.96053e-05
4 0.0010204
5 3.92812e-06
4 0.00247799
4 1.76471e-05
4 0.000146384
4 4.1306e-05
4 2.67867e-05
4 0.000386126
4 0.00761978
4 8.98912e-05
4 5.17917e-05
4 0.000169758
4 0.000432812
4 0.000539366
4 0.0037157
5 0.00060888
4 0.00980964
4 0.0011621
4 0.0100114
4 0.0141049
4 0
4 0.000248968
5 0
4 0.00652727
4 0.00550635
4 0.00126714
5 0
4 0.000194379
5 4.2307e-05
4 0.00231733
4 0.00146133
4 0.0186861
4 0.000380555
4 0.000303802
4 0.000861122
4 0.00152784
4 0.000135089
4 0.000276626
4 0.000867468
4 0.00040319
4 0.00119788
4 1.06539e-05
4 0.00316558
4 0.000834639
4 0.00154564
4 0.00198496
4 0.000300537
4 0.00434412
5 0.000368364
4 0.00192502
4 0.00279608
4 0.000768352
4 0.00245751
4 0.000552413
4 4.54766e-05
5 8.3954e-05
4 8.21919e-06
4 0.0186329
4 0.00119215
4 0.000941361
4 0.000169427
4 0.000992796
4 0.000228992
4 0.0129249
4 0.000261366
4 0.0027584
5 0.000329371
4 9.69896e-06
4 0.000891375
4 0.000256068
4 0.000217336
4 0.000259129
4 0.00634556
5 0.000238265
5 1.68007e-05
4 0.000261137
4 0.000166905
5 1.09174e-06
4 0.000404225
4 2.46993e-05
4 0.0143007
4 0.000152817
4 0.00744048
5 0.000133541
4 0.00506016
4 0.000170444
5 0
4 0.00319702
4 0.000485563
4 0.00011561
4 0.000661149
4 6.09739e-05
4 0.000332078
4 0.000875714
4 0.000184999
5 2.24773e-06
5 3.08101e-06
5 0
4 0.00214451
4 0.000330032
4 0.000908681
5 0
4 0.0479495
4 0.0024202
4 3.74217e-05
5 8.66338e-07
5 0
4 0.000143246
4 0.00453476
4 0.00556474
4 0.000918257
5 0.00278173
4 0.000786509
4 0.00313997
5 0.000130731
4 0.0001757
4 5.2978e-06
4 0.00287423
5 1.97529e-06
4 0.000639553
4 2.50426e-05
4 0.000184478
4 0.00016927
4 0.00410188
5 4.05978e-05
4 0.0017999
5 0.000717345
5 1.58431e-06
4 0.0218449
4 0.00124925
4 0.000421403
4 0.000793041
5 0.000107469
5 6.26674e-06
4 1.5541e-05
4 0.000571847
5 0
5 0
4 0.00252764
4 0.00263485
4 0.000159327
4 0.00333522
4 2.71498e-06
4 0.00144445
5 0
4 0.00271614
4 4.25232e-05
4 0.000681281
4 0.000142797
4 0.0011542
4 0.000254853
4 0.00026952
4 0.00207762
4 0.000808048
4 0.00028635
4 0.000773694
4 0.00060366
4 0.000210347
4 0.000594792
4 0.00012121
4 0.005276
4 0.000444188
4 0.000398118
