19 6
10 4
1 5
4 4
1 1
4131 49
1 42
35 7
5 7
1 2
1 1
1 1
2 4
1 2
1 2
21 42
3 5
2 2
2 4
2 4
1 1
11 8
1 1
1 2
9 4
34 11
11 6
2 4
1 2
1 2
1 2
7 8
1 3
1 1
5 17
3 4
2 4
1 3
2 2
1 2
3 14
10 6
9 7
4 17
4052 30
1 1
3 4
5 7
1 2
1 1
1 3
13 5
2 3
1 3
5 6
12 8
1 2
1 1
1 2
7 5
1 2
1 2
1 1
7 6
1 2
4030 30
6 13
15 17
1 3
2 4
1 2
15 4
3 5
4 5
1 1
1 2
2 3
4 6
1 1
13 4
1 1
1 1
2 2
2 3
1 1
67 30
1 1
17 13
20 11
6 14
1 4
12 8
1 2
2 2
3954 24
2 2
1 5
4130 48
5 4
1 2
1 2
26 16
728 18
3769 17
1 1
5 7
4004 26
1 2
4 4
17 6
1 1
1 2
31 9
1 1
1 1
2 2
1 1
4138 55
3 3
3428 9
2 2
16 13
10 15
2 3
1 3
1 2
9 6
3 4
1 1
1 1
2 2
1 5
4 3
6 4
1 2
2 3
1 2
2 6
2 5
4 5
1 3
5 7
2 2
2 2
1 2
3 5
3 7
19 5
2 2
1 1
7 9
20 7
1 3
3986 25
1 2
5 8
2 4
4023 29
2 2
1 1
1 2
4 7
1 2
16 8
1 1
1 3
4 9
2 3
3 3
6 17
1 1
13 5
4 6
2 3
1 3
2 2
1 2
1 1
2 3
7 9
3 7
1 1
9 9
1 3
5 13
1 1
2 3
190 8
1 2
159 17
3969 24
2 7
24 7
3 3
1 3
2 4
8 10
1 4
6 8
1 2
1 3
19 34
26 11
1 3
1 4
1 2
1 2
1 1
2 5
1 4
1 2
1 1
1 1
2 4
3 4
25 5
2 2
3 3
3 7
1 4
1 2
2 6
1 3
3432 9
2 2
1 2
2 3
4067 31
28 11
2 2
2 3
2 2
1 3
2 3
1 3
1 6
97 14
1 3
1 1
14 23
1348 19
9 5
1 1
1 1
1 2
150 5
1 2
1 3
1 4
6 7
4143 56
3 6
1 2
7 9
1 2
3 4
4 6
1 1
60 9
79 10
2 2
1 4
10 8
8 7
4 4
10 6
3 3
31 8
1 4
1 2
3 3
1 2
1 2
5 5
1 3
1 1
1 1
1 2
4 6
1 3
2 2
2 2
1 2
5 9
3 5
2 6
14 8
1 2
2 2
10 17
1 2
1 1
1 1
7 10
1 1
1 1
8 8
1 2
1 2
1 4
1 1
3 7
3839 19
2 2
2 2
1 2
1 3
1 1
1 3
2 2
1 1
26 42
1 8
1 3
1 2
5 6
3 3
16 17
2 4
1 4
2 2
1 2
1 1
22 16
1 3
1 2
3 3
1 2
2 2
1 1
4 4
3 6
3785 17
1 1
1 1
15 12
5 5
1 1
20 23
3441 10
37 13
10 5
2 5
1 3
3 8
1 4
1 6
2 4
3 4
1 1
21 47
7 4
3 7
6 8
6 17
4 5
3655 14
2 3
1 1
4 6
6 4
1 2
2 3
2 3
6 7
1 2
18 42
1 3
1 2
1 3
1 1
2 2
1 1
1 1
3413 9
2 3
1 2
2 3
2 5
5 8
2 13
5 5
9 13
154 34
1 2
1 1
3 5
15 23
1 1
1 4
2 3
2 3
1 2
1 1
14 5
3464 10
3 3
1 2
1 3
7 5
1 3
1 1
1 3
37 6
1 2
23 42
1 1
22 42
1 4
3525 11
1 2
2 3
4 9
3 4
1 1
3 3
1 5
6 6
1 2
3 3
14 11
2 2
1 2
6 8
25 34
1 1
15 34
2 5
4118 38
1 1
5 7
1 1
4085 33
2 2
1 3
2 3
4146 65
1 1
1 1
1 4
1 4
2 4
1 4
3 5
11 23
1 2
3 5
26 8
1 1
1 2
1 2
1 3
2 4
7 5
35 16
1 2
1 2
2 2
12 11
2 3
1 1
2 2
26 18
1 3
2 2
1 3
1 2
1 1
3429 9
1 1
15 45
1273 10
3971 24
1 3
1 2
1 5
2 3
40 10
1 2
3532 12
1 3
1 2
1 2
6 5
5 5
1 1
1 23
1 3
1 2
1 3
1 3
3 6
1 1
1 1
1 4
3538 12
5 5
3787 17
2 2
2 4
15 6
1 1
1 1
1 1
2 5
1 1
1 1
3402 7
1 1
1 3
3 6
1 1
2 2
4 6
7 15
2 3
56 9
1 2
12 34
1 3
1 3
1 1
1 2
3737 16
1 3
2 2
1 3
2 5
3702 15
42 49
1 1
47 11
7 15
3744 16
1 3
1 3
3 5
1 3
2 5
1 1
4 6
2 7
1 2
1 2
1 1
1 2
4 8
3941 23
4 9
3 3
1 1
1 2
4 5
2 2
2 2
1 1
17 23
22 13
1 2
103 9
6 6
2 4
1 4
2 2
105 13
3 8
1 1
3 4
1 2
4100 35
21 23
1 3
17 23
69 12
1 3
1 3
1 1
1 2
1 2
542 13
2 2
3 11
1 2
3 4
1 3
5 9
3406 8
2 3
4 3
10 7
16 23
1 1
1 1
3462 10
27 11
27 34
12 23
1 1
29 34
1 1
18 34
2 2
2 2
1 3
78 15
17 19
1 1
3 3
1 1
1 1
1 1
11 4
7 8
1 2
1 1
1 3
11 20
1 3
3422 9
3786 17
1 1
10 8
2 3
93 10
1 2
2 4
17 18
2 3
1 1
1 2
7 4
1 3
3 3
2 2
1 2
14 7
2 2
1 1
2 3
1 1
1 3
5 5
3 3
1 1
1 1
32 10
1 2
1 2
3 3
1 1
1 2
3 3
2 3
1 2
1 1
1 1
3599 13
1 1
2 4
2 3
12 9
1 3
2 4
3 5
1 2
8 5
2 5
1 2
2 4
4 4
8 5
7 13
1 2
4137 54
1 6
2 3
1 1
2 2
6 5
6 9
4 3
3817 18
1 2
1 3
1 2
2 3
1 5
6 8
1 1
1 3
2 3
1 3
1 4
5 5
1 3
1 2
1 2
1 1
7 3
5 4
1 2
1 4
3 3
8 9
8 6
9 20
3 31
93 33
3 6
2 2
2 4
1 4
2 3
1 2
1 1
1 1
3829 19
7 8
4 5
2 2
1 3
1 4
1 2
6 10
1 4
1 2
8 10
5 6
1 1
2 2
1 1
3 4
5 7
1 2
5 9
1 4
4 5
4 45
11 17
1 43
34 8
3411 8
3902 21
1 3
2 2
1 2
3867 19
1 1
8 3
5 6
3560 12
1 1
1 3
1 12
2 3
1 2
1 1
2 19
1 3
1 2
1 1
1 2
3 3
138 10
4 5
2 2
2 2
14 15
2 3
2 11
1 3
1 1
4 5
2 4
4 4
59 25
9 19
1 2
27 42
1 3
1 2
1 2
8 7
1 2
4 6
6 15
1 4
2 2
1 3
5 7
13 7
13 6
20 10
2 2
1 2
6 6
35 36
2 2
1 1
118 22
2 3
25 6
1 3
9 3
1 3
1 2
19 10
4020 28
1 1
1 2
1 3
1 2
14 5
1 2
1 3
1 4
4028 29
1 1
1 2
1 2
1 1
1 1
1 1
19 23
11 16
15 8
1 2
3818 18
1 2
6 5
2 3
1 4
9 34
1 7
1 2
1 2
1 7
1 4
1 3
19 10
4 6
15 4
1 2
1 3
3 5
3 3
134 12
1 33
2 3
2 2
10 6
1 3
1 2
1 2
13 6
1 1
2 3
3 6
1 2
2 5
1 1
6 6
1 3
4 4
59 10
3500 11
3899 20
2 4
2 4
1 2
2 2
1 1
1 1
4 4
1 1
1 2
1 4
37 13
11 8
1 3
1 1
1 1
4 9
1 2
1 3
12 20
1 1
1 3
1 1
1 4
2 3
5 8
1 2
1 2
6 6
1 3
3 3
2 2
1 2
1 2
2 3
2 5
1 3
8 4
1 3
3 7
5 6
4 4
1 2
12 6
1 1
1 3
3 3
3 8
4 10
1 3
1 3
1 7
1 1
25 12
2 2
1 2
8 10
1 2
1 4
43 22
1 2
4 4
1 2
1 2
1 1
4 7
17 8
1 4
2 3
1 1
1 2
2 4
1 1
3772 17
1 1
24 14
13 9
1 3
1 1
1 1
1 4
1 1
2 4
1 2
3 7
1 4
6 8
2 3
20 9
1 2
6 8
5 4
1 1
1 1
1 1
1 2
28 6
1 2
1 2
3 3
2 4
1 3
1 3
9 6
4011 27
40 17
1 3
3686 14
13 14
3616 13
1 3
3 4
1 2
3494 11
1 2
3 4
1 2
1 6
1 1
5 10
18 6
1 2
1 6
1 8
1 1
1 2
1 1
1 4
2 3
3721 15
1 4
2 4
2 3
4 6
1 3
1 2
17 46
6 5
1 1
1 1
4 4
3597 13
1 3
16 34
1 2
4072 32
1 1
1 3
92 30
6 5
1 6
1 2
1 13
1 2
1 5
1 1
1 4
17 10
20 42
1 3
4 6
3 5
1 2
1 1
18 23
14 23
1 1
679 12
8 15
3 6
6 6
2 2
3 6
3 7
1 1
20 34
2 5
21 6
50 13
7 7
8 5
5 4
1325 49
2 2
17 6
13 34
1 1
2 5
2 3
1 3
2 3
2 3
1 5
14 20
3 3
1 4
12 11
90 25
4151 68
4 8
3 3
1 3
1 1
1 1
1 3
1 2
6 6
1 1
2 3
9 5
1 3
12 10
4070 31
1 1
1 3
1 3
7 14
1 3
14 8
1 1
9 7
1 2
1 1
1 3
1 2
4006 27
7 7
1 2
1 2
3 4
2 3
6 5
2 3
63 21
2 5
1 2
1 1
14 45
1 1
1 1
16 7
38 10
3 3
3 3
2 2
1 2
1 2
1 34
4 3
3 3
4 7
14 17
1 1
2 4
1 4
1 2
12 16
1 3
1 1
1 4
1 1
2 3
3668 14
6 5
2 2
4 4
3564 12
1 4
3988 25
3 3
1 1
15 18
1 2
1 3
16 10
2 3
1 1
1 2
2 3
2 4
10 10
4 6
4 6
1 1
2 4
1 3
2 3
6 11
1 2
3 5
1 3
1 2
1 1
1 2
19 23
10 3
1 1
1 2
1 5
22 10
1 2
3627 13
9 12
31 42
4 6
1 1
1 3
5 8
2 2
2 3
3716 15
19 9
1 1
1 1
185 26
1 1
4 6
12 7
1 4
21 19
5 8
10 20
103 13
1 2
1 2
3803 18
96 28
4 4
5 15
3 3
1 4
1 1
218 12
8 6
2 6
1 3
1 3
3507 11
3 3
1 2
1 2
1 4
3 7
30 34
11 8
10 8
4 4
5 7
1 1
7 5
1 2
2 3
1 3
2 3
1 1
1 2
1 2
1 2
71 7
39 6
30 42
2 2
14 6
1 2
158 37
4079 32
1 1
3810 18
1 2
5 8
7 17
17 20
1 6
3 5
1 3
3453 10
2 2
1 1
4 4
3 6
2 4
2 2
6 4
3 4
3602 13
5 6
1 2
1 1
2 2
2 2
3 4
8 8
2 3
2 2
45 9
2 2
1 5
34 10
34 9
2 4
253 56
1 2
3728 15
1 4
1 1
1 2
2 4
1 1
51 15
1 2
3 3
1 8
1 3
2 2
60 5
2 3
1 5
2 2
1 11
2 3
2 4
5 3
224 20
2 2
4 3
7 5
6 6
1 3
1 2
9 14
3 5
1 1
2 4
8 7
1 2
1 1
1 4
1 2
1 1
3 4
1 3
2 2
1 1
2 3
1 2
1 3
1 3
1 2
2 4
1 6
1 1
37 13
15 18
3 5
1 17
2 3
6 5
1 1
1 2
1 3
1 1
5 7
29 9
11 5
1 2
39 12
1 1
2 4
2 3
4 11
1 3
1 1
3 4
1 2
1 4
2 3
2 5
8 8
2 2
1 1
1 2
3 4
14 34
3 3
1 1
1 2
1 2
3541 12
3 4
1 1
5 14
1 1
1 2
7 8
1 2
3403 7
1 2
1 2
3 3
19 8
1 4
3 11
2 5
1 1
20 5
4 7
5 6
1 3
1 3
1 2
3814 18
1 1
3 7
1 2
1 1
5 5
3 3
42 9
3 8
2 2
2 5
13 10
1 1
1 2
8 4
1 2
5 8
1 2
3 33
1 2
1 3
2 3
1 2
3 3
3821 18
5 7
9 6
1 1
4 4
5 4
2 2
41 24
1 2
19 11
3 5
5 4
19 7
1 4
1 1
1 1
1 2
2 3
1 1
12 45
1 3
244 11
1 1
1 1
2 3
1 1
1 1
3437 10
1 1
1 4
1 1
2 2
1 4
4015 28
1 3
4 14
10 14
1 1
14 16
2 5
3 4
31 10
119 7
8 4
1 2
3 6
10 10
1 3
1 1
1 1
1 2
3 9
1 2
3983 24
1 2
2 3
1 4
1 2
1 1
1 1
1 1
5 7
1 3
1 1
171 21
1 3
2 2
1 5
11 14
2 2
2 3
1 2
305 13
7 5
22 23
2 4
14 5
1 1
1 1
2 3
1 2
1 2
2 7
11 11
2 3
4 31
1 1
2 2
3 7
5 4
1 1
1 1
1 4
7 10
1 1
2 3
1 2
1 2
20 23
2 2
1 2
1 3
1 2
1 1
3 3
14 5
10 34
19 6
1 1
12 10
10 5
3 3
32 24
3903 21
1 2
1 2
1 1
1 1
1 4
2 2
10 6
1 1
1 2
10 5
4096 34
2 4
1 1
6 8
17 12
2 2
3 3
42 31
3 4
3 5
2 4
29 42
3 5
3877 20
1 2
1 2
2 2
2 14
1 2
6 4
2 4
1 4
863 31
2 3
1 1
3 4
9 15
2 3
1 2
498 68
17 9
25 15
6 7
2 2
1 1
14 41
1 3
3878 20
1 1
2 6
1 1
1 1
7 10
1 2
1 2
1 1
5 5
9 7
3474 11
1 1
1 2
2 4
2 3
3 4
1 1
1 2
1 1
1 3
1 1
1 1
1 2
1 4
1 1
3 5
6 4
1 5
1 2
12 11
2 6
3777 17
8 7
5 5
74 18
3530 12
1 1
4 15
3714 15
1 4
1 1
1 2
1 1
1 1
3463 10
3576 13
20 14
1 1
1 1
5 5
1 2
7 7
3648 13
5 5
35 43
2 3
1 1
1 1
1 3
2 5
21 9
1 4
2 2
3 3
1 2
6 7
2 2
3407 8
2 3
2 2
1 3
2 2
1 1
6 9
4 7
1 2
3 3
1 1
11 4
7 20
1 1
3420 9
3 7
1 1
1 1
3 4
1 2
1 2
1 3
1 2
1 1
13 11
3 4
6 6
1 4
2 4
1 1
3 6
3550 12
5 7
7 6
9 6
2 2
15 8
2 3
2 6
1 2
9 5
1 3
2 4
1 2
1 2
3930 23
5 4
30 7
4029 30
1 1
1 6
3713 15
1 2
3544 12
2 3
1 2
1 4
1 2
1 2
1 2
3404 7
1 3
1 1
3685 14
6 5
3 3
1 2
1 1
7 8
1 1
1 2
1 2
1 3
3 3
2 3
1 2
7 6
1 3
3 9
76 10
3498 11
5 6
12 6
1 2
1 2
3568 12
1 1
1 1
1 1
9 4
1 2
10 7
2 2
11 22
1 1
4 6
1 2
2 3
1 1
3 4
10 6
1 6
2 3
17 14
3 12
2 2
1271 5
11 8
1 1
2 2
2 4
1 3
3 4
1 1
1 3
7 7
4 5
3 10
3 3
13 9
1 4
1 3
2 3
7 6
2 4
4 3
3 4
1 3
4 6
4 8
864 49
3864 19
10 4
17 13
47 11
6 6
2 4
21 17
8 8
117 18
1 2
1 4
3 4
1 2
276 7
3 3
14 5
3 3
16 20
3 4
6 6
13 14
1 2
1 2
13 45
5 5
1 3
2 3
2 3
6 7
3 4
2 2
4 4
57 15
1 1
1 3
1 1
66 8
2 4
1 5
2 4
9 8
1 3
1 2
1 2
1 3
1 1
6 7
1 2
2 3
1 5
1 2
1 2
1 2
13 8
1 2
8 7
3836 19
1 1
13 12
1 1
1 1
22 13
1 3
5 7
3911 21
1 3
2 3
1 3
58 11
3 2
4 6
1 2
2 2
1 2
2 3
1 1
4 8
1 3
3 6
1 1
8 3
57 17
1 2
1 1
1 3
3 5
1 1
6 4
1 1
1 1
1 1
3 4
1 3
1 2
2 4
1 1
1 1
1 3
1 1
1 1
4 3
1 2
1 3
3589 13
4 4
1 1
1 3
11 7
4 5
3 5
1 2
1 1
1 3
15 23
3 4
1 2
1 1
5 3
1 8
37 10
1 2
13 6
7 9
24 12
1 2
1 2
2 3
1 2
16 15
2 2
30 11
8 6
2 5
1 3
1 3
1 1
1 3
2 3
1 4
1 3
25 10
3688 15
6 6
2 5
2 2
6 5
1 1
5 9
2 7
53 10
1 3
1 1
1 3
1 2
1 3
1 4
1 5
2 3
1 3
2 3
4 5
3628 13
1 2
4153 77
1 2
1 3
1 2
3 3
1 5
1 2
10 10
2 3
4 4
2 3
1 3
23 23
5 4
3697 15
23 11
3440 10
14 15
1 5
490 48
1 2
3 9
32 42
3922 22
1 1
1 2
1 9
1305 15
6 7
7 7
4 5
1 4
1 3
3 6
1 2
12 15
1 3
1 2
2 3
1 1
1 1
1 1
2 3
3412 8
84 9
1 4
2 2
1 1
241 9
4 4
1 2
30 11
1 3
1 2
1 3
1 1
1 4
1 2
5 33
2 3
87 13
31 7
64 10
10 5
1116 7
3 4
1 2
1 1
1 1
2 3
1 2
256 57
11 6
1 3
1 20
1 2
11 34
1 2
1 6
1312 15
1 3
10 45
1 1
1 3
2 3
1 1
1 3
1 1
1 6
9 9
10 23
1 1
3765 16
1 11
8 8
5 10
1 1
11 8
1 1
3859 19
6 4
1 1
12 4
5 3
1 2
1 2
1 3
1 1
38 10
2 9
9 6
1 1
1361 22
4013 28
5 3
3 4
858 13
4 4
2 2
1 3
1283 11
1 1
10 4
3 5
20 5
857 11
3993 26
2 5
3 4
3 3
1 1
1 2
2 2
10 3
2 4
1 1
1 1
1 4
11 8
2 5
58 13
98 8
2 3
11 8
38 9
14 4
578 16
1 1
2 2
1 2
1 1
3739 16
2 8
11 7
3529 12
1 2
6 6
1 1
31 34
1 1
2 3
1 3
1 2
1 1
1 1
1 2
1319 16
1 1
23 34
1 2
1 1
3869 20
3778 17
1 2
1 1
3736 16
1 3
1 1
9 6
1 2
7 5
3 3
12 4
1 2
1 1
7 6
15 16
1 2
1 1
141 8
5 5
15 7
1 1
3 3
2 3
2 3
7 6
1 2
1 1
3 4
3 7
1 2
8 17
3497 11
5 4
4124 45
3600 13
47 16
1 1
1 1
2 5
2 7
8 8
1 3
1 1
4128 45
3 3
134 12
23 8
1 1
1 2
1346 10
1 2
3 4
1 5
11 4
4 6
2 2
2 4
1 3
9 5
3 6
1 1
4 6
527 9
3 5
2 3
4 5
2 8
19 5
9 7
3633 13
2 4
1 5
1 1
39 37
15 8
1 2
1 2
4 10
4117 37
5 3
8 7
2 3
2 2
1 3
2 2
1 2
12 9
6 15
2 3
1 1
1 1
87 9
2 4
6 10
1 15
1 1
3 4
26 34
2 4
1 1
1 3
12 23
1 2
2 3
3484 11
3 2
18 14
4 5
46 15
3904 21
3 2
1 3
1 1
1 2
68 14
17 12
32 46
1 2
8 17
1 1
2 2
2 5
1 2
1 2
1 1
4040 30
1 1
1 2
14 10
1 2
1 1
2 2
2 2
14 5
1 2
2 5
1 1
1 4
5 31
3 3
1292 13
1 1
11 8
24 8
2 3
1 1
13 8
3 6
5 6
1 1
3992 25
1 3
34 42
5 17
1 2
4145 60
9 23
1 1
2 5
3650 14
1 1
2 3
2 3
10 10
2 4
1 1
4 5
11 10
3946 23
3 6
2 4
3549 12
6 5
3 7
1 2
3 3
6 6
1 2
3 4
1 1
1 2
492 62
6 8
8 15
1 1
28 42
56 21
6 4
2 3
3918 22
3 3
1 3
2 9
2 2
33 13
4 21
28 34
1 1
2 4
3 3
1 2
2 6
2 3
2 4
3 4
1 1
8 23
1 3
232 13
1 1
7 23
1 1
1 2
1 2
2 3
2 2
2 2
1 1
1 1
3 4
1 1
1 2
1 3
2 4
13 8
4144 59
6 33
2 2
1 2
1 1
1 1
1 1
10 6
3833 19
1 2
5 6
1 1
3 5
2 3
3 5
1 4
1 3
4 4
9 9
2 5
2 3
9 10
1 3
2 4
1 2
29 12
2 3
1 1
1 2
8 5
4 13
2 2
1 1
1 1
1 2
8 14
3768 17
8 34
3415 9
1 1
1 3
9 4
5 5
2 2
1 1
4 4
5 14
3806 18
7 5
13 23
6 6
21 6
16 7
3 7
1 5
1 2
1 3
1 3
2 6
45 7
2 3
1 1
1 3
1 1
1 1
1 2
8 45
1 1
2 4
1 1
1 3
1 3
1 3
2 9
3 6
5 10
1 2
2 3
20 23
16 23
1 1
2 3
1 1
6 5
1 1
100 11
1 2
5 5
3433 9
1 1
10 23
126 12
2 4
2 4
3 4
3466 10
2 5
20 9
1 1
3 5
2 3
1 1
1 1
2 4
1 2
1 1
1 4
1 2
42 10
16 41
4 5
1 3
7 5
1 1
2 2
1 1
4 5
21 9
1 2
1 1
3 5
1 1
1 2
1 2
1 1
14 6
18 23
51 17
3 6
1 1
6 4
5 7
4 8
10 16
7 7
2 4
1 2
3573 12
1 1
2 2
2 2
1 1
7 10
1 1
1 1
1 3
22 10
2 4
3 4
1 1
2 2
3 3
5 6
2 5
1 4
4 4
1320 18
8 8
1 1
3 4
25 6
3 4
2 3
81 13
1 3
1 1
1 2
1 2
1 1
11 15
1 2
1 2
2 2
3614 13
1 1
1 1
4 7
1 2
7 7
1 5
1 3
3 4
23 17
21 7
2 3
1 3
1 1
1 3
1 1
2 2
6 8
1 1
1 1
9 15
78 10
22 11
4005 26
1 4
3900 21
6 6
52 6
5 5
39 19
2 2
1 2
10 11
2 2
1 2
1 2
5 6
2 2
4 4
7 5
1 3
2 4
1 1
4 4
14 8
1 2
1 4
1 1
5 4
2 4
4 4
2 4
15 6
1 1
2 4
6 5
12 15
489 19
4 4
3 4
1 3
1 6
2 3
18 7
1 1
2 3
1 3
33 42
3 3
24 13
1 1
1 2
854 9
1 2
2 4
6 7
1 2
2 2
2 7
1 3
2 7
1 1
13 15
28 7
1 1
1 3
4 5
1 3
1 1
4 6
1 3
2 2
5 4
1 3
1 3
3 8
1 2
1 1
1 1
1 3
9 9
1 2
2 3
3 2
2 2
1 1
2 3
2 3
2 3
1 7
1 3
3 9
12 14
1 4
1 1
1 1
2 4
2 3
2 4
20 12
14 8
3 3
2 2
2 3
1 1
1 1
1 3
1 3
1 3
1 1
1 2
1 1
537 8
10 11
3891 20
5 6
7 4
1 2
1 1
2 2
2 2
5 14
691 17
2 3
3846 19
18 10
2 4
12 6
2 2
1 1
3534 12
2 2
12 5
1 2
1 1
1 1
3 5
2 3
1 2
2 3
1 3
6 9
1 2
2 4
12 6
3 3
1 6
1 3
1 2
1 2
2 3
3408 8
1 1
1 1
1 1
1 5
1 4
1 1
3 3
5 5
3447 10
2 2
1291 12
1 2
2 4
2 2
1 2
8 6
1 3
1 1
1 5
1 1
19 9
1 4
2 5
1 2
1 1
1 3
7 6
1 4
1 2
1 1
1 2
3 3
1 4
2 4
1 2
1 1
36 17
1 1
1 2
1 1
1 1
1 2
1 4
42 9
3653 14
2 3
23 18
1 3
1 3
1 3
1 1
1 1
1 1
1 1
4 4
3425 9
17 8
1 2
4021 29
2 2
5 6
1 1
1 2
1 3
3 3
2 7
62 13
2 2
16 10
3 6
2 4
4 4
1293 13
1 1
1 1
1 4
9 23
1 1
1 6
1 21
1 1
1 2
1 2
1 2
32 34
1 4
10 9
3730 16
4148 66
9 7
2 4
41 7
2 4
1 5
7 45
3445 10
1 2
55 7
10 8
1 3
1 2
4 6
16 17
2 2
1 2
9 7
5 5
1 5
1 1
2 3
3 3
25 42
1 4
2 3
1 3
5 34
1 2
22 34
6 34
1 3
1 1
1 9
2 5
1 1
1 1
1 2
2 3
1 2
2 4
3400 6
2 3
1 2
2 2
396 14
1 2
2 4
1 1
88 11
1 1
2 2
1 1
2 3
1 1
1 2
4 5
3 6
2 5
1 2
19 6
1 1
1 1
2 3
1 2
1 2
14 14
2 3
21 34
1 2
2 4
4 6
13 9
1 1
1 3
3 4
48 10
1 3
7 8
2 3
1 1
137 8
1 3
2 2
13 17
1 1
2 4
1 2
9 5
24 13
1 3
3671 14
3 3
9 17
2 2
1 1
1 1
2 3
1 1
2 3
1 1
1 4
1 3
6 20
1 1
3 5
1 2
2 3
3961 24
3 3
2 3
38 11
3 4
4 4
19 42
1 4
1 3
1 3
1 1
1 1
1 3
1 2
12 9
3419 9
1 1
2 4
1 1
2 3
1 3
5 7
5 6
4 5
8 9
1285 12
11 9
1 1
1 1
260 14
1 1
3 4
4 4
1 1
1 1
2 4
22 24
3 8
1 3
1 1
21 10
3 4
24 34
1 1
1 2
143 36
1 1
1 1
4009 27
3 4
1 1
4 9
1131 9
2 3
1 1
1 2
3656 14
11 8
1 1
1 2
2 2
1 1
13 13
1 2
1 1
8 6
1 1
2 4
5 5
1 2
1 1
2 4
1 1
2 4
1 4
10 9
1 2
1 1
1 2
1 1
4 7
2 2
4 4
7 17
1 2
4 3
2 9
10 9
1 2
1 3
2 3
2 7
3925 22
1 3
3 4
2 3
9 11
1 4
2 7
1 1
8 13
1 3
1 2
8 8
29 8
2 3
3 3
7 7
1 1
140 34
4 5
1 2
1 1
1 4
1 2
1 2
4120 44
1 1
2 5
12 8
2 4
1 2
1 2
34 47
18 5
3 5
1 2
1 1
1 2
2 3
16 6
8 8
3725 15
1 2
6 23
3 17
1 1
8 23
4 17
1 1
1 3
4 4
3 4
1 2
1 5
1 2
1 1
4 6
1 1
237 12
1 1
3 6
1 1
1 3
1 3
2 4
7 5
2 5
1 3
8 5
15 5
1 1
3 6
4 5
1 1
1 2
2 31
1 1
6 7
2 3
2 4
1 3
2 2
1 1
1 4
281 6
3 4
1 4
1 1
1 3
3 7
1 2
8 11
1 3
2 3
2 4
1 2
3 17
1 2
1 1
3 3
1 1
1 1
13 20
1 1
2 3
1 1
3750 16
3 3
2 2
2 4
3 4
2 3
1133 11
3 3
1 4
1 1
1 1
2 2
1 1
1 3
2 4
4 6
877 63
54 8
1 1
2 3
1 4
3 3
1 1
2 33
1 2
1 1
1 3
1 1
3 5
8 20
2 2
1 2
1 3
23 16
2 5
1 1
4 4
13 8
2 3
1 4
1 3
1 1
5 11
5 3
1 2
2 7
2 4
1 1
2 17
1 1
4 4
1 1
2 2
13 14
3 4
1 2
2 4
1 2
2 2
5 6
1 3
3 4
3984 25
1 2
1 2
17 42
31 10
15 16
7 23
8 14
1 4
2 3
2 3
1 4
8 6
1 3
4 23
4 7
2 3
1 1
3 5
1 3
1 5
1 2
11 5
43 8
1 1
1 2
2 5
3 3
1 1
1 2
1 2
4 11
1 3
1 2
4003 26
36 21
1 2
7 5
1 1
4 6
2 4
2 4
1 1
2 2
4 5
2 10
1 1
3 4
24 42
1 2
3 5
2 6
5 8
15 15
11 45
1 2
5 5
2 4
1 3
6 8
31 15
3 3
1 1
8 5
1 1
1 4
1 4
1 3
1 2
3 6
12 7
12 4
50 8
6 7
1 1
3 7
3 4
1 2
1 2
1 1
1 3
2 2
2 3
17 12
1 1
1 2
9 45
3 7
3 5
1 4
5 6
27 12
1 2
1 2
10 10
2 2
1 2
1 1
8 7
1 4
2 3
1 2
6 10
2 2
1 3
1 2
1 1
1 3
2 3
3 4
2 2
13 23
1 2
1 1
2 3
1 2
1 1
1 2
7 10
1 5
1 2
2 4
2 5
1 1
12 10
1 1
1 3
1 1
1 3
1 2
1324 25
1 4
3 5
2 7
1 3
1 4
2 4
5 5
1 2
1 2
3998 26
2 2
1 2
1 2
4073 32
2 3
1 1
1 3
1 3
2 2
1 1
35 20
1 3
2 17
1 2
1 2
2 3
1 1
2 4
1 2
1 1
1 1
1 2
6 45
22 11
2 2
1 3
97 37
15 41
5 6
5 9
1 2
1 3
8 10
1 2
2 3
1 1
18 47
1 2
1 2
1 6
1 2
2 3
2 2
3 4
2 7
2 3
3 10
1 1
1 1
7 7
2 3
57 28
47 18
1 3
4 15
1 1
2 2
5 20
1 2
2 3
1 3
3 6
1 3
1 2
6 8
2 8
3704 15
1 6
1 2
3698 15
1 2
1 2
6 4
1 2
2 4
1 1
8 8
4 5
6 6
1 3
1 3
3 3
2 3
1 2
1 1
1 1
4158 81
1 1
1 1
1 2
1 1
5 23
1 2
1 3
6 6
5 4
3743 16
3477 11
1 3
4 6
1 1
3562 12
4 5
1 1
1 2
3 3
1 2
1 2
2 3
1 1
1 3
1 1
4 5
1 2
1 2
1 1
3 3
1 31
9 3
2 2
1 1
1 4
1 2
4 4
1 3
44 11
4157 79
10 8
1 2
2 2
2 2
1 1
1 1
1 2
3 6
1 1
4 5
1 2
1 3
354 22
6 5
1 2
4 4
4 2
1 6
13 6
3796 18
1 2
4 9
1 1
6 5
5 6
1 3
1 3
3882 20
3 5
1 3
497 67
5 7
1 1
1 1
1 3
1 1
1 2
4 4
1 1
3 3
1 2
1 2
2 2
1 4
1 2
1 3
1 1
1 3
1 1
6 9
2 3
1 2
1 1
7 6
15 7
1 2
1 1
2 2
2 3
22 9
18 7
1 3
1 1
1 1
1 1
5 2
1 4
4 4
2 2
1 3
1 3
2 3
1 3
2 2
3 6
2 5
1 2
26 12
1 1
22 7
1 3
1 5
1 2
1 3
2 3
9 8
1 2
1 4
9 6
2 2
1 2
2 8
1 2
1 3
4 10
3 23
4 3
1 3
2 8
25 48
3 15
8 5
3 8
4 20
2 3
1 1
3512 11
5 4
1 3
1 2
1 7
1 11
14 13
1 4
3619 13
79 17
1 2
3 4
16 8
1 1
3 5
1 1
9 13
3528 11
1 2
5 5
3472 10
1 2
6 5
1 7
2 3
1 1
3416 9
1 2
5 5
2 2
8 3
2 3
3481 11
2 6
1 1
3912 21
44 7
4 8
1 2
1 1
3 4
4 3
5 5
1 2
6 7
2 3
2 2
62 10
1 1
1 1
1 3
1 1
3501 11
2 4
5 6
1 3
2 20
1 1
1 2
3 4
4 3
2 15
4 7
8 34
3488 11
42 19
1 11
1 1
1 2
3 3
2 4
1 3
1 2
1 1
8 5
1 2
1 3
10 12
2 6
26 16
10 6
1 3
1 2
1 3
4041 30
2 4
1 4
1 3
1 4
1 7
7 8
1 2
1 3
6 7
1 4
2 3
1 2
4 33
1 3
3436 10
19 25
1 2
1 2
3588 13
1 2
20 9
2 2
3794 18
1 2
38 37
1 2
1 3
2 4
1 2
3 4
1 2
1 3
6 12
1 1
4152 77
2 3
1 2
2 6
1 3
1 2
3 4
1 3
1 2
1 1
1 3
1 3
15 20
1 3
1 2
1 2
60 11
1 2
1 1
1 1
14 10
2 11
14 8
1 2
12 17
7 6
4 5
1 2
10 10
13 5
2 2
1 3
1 2
2 6
2 3
1 7
1 3
5 2
3636 13
12 5
100 47
1 1
3 3
1 2
1 5
1 1
4 34
15 15
3478 11
1 1
3823 18
7 8
1 2
1 3
1 3
1 4
2 5
1 4
1 5
1 1
4080 33
118 8
1 2
1 1
6 3
1 3
2 6
1 3
1 1
1 2
3 9
6 8
26 14
3908 21
1 1
1 2
1 1
1 3
1 8
1 4
18 10
1 2
8 4
1 3
33 6
10 12
4 4
1 3
1 2
2 3
1 3
1 1
4 8
1 1
2 21
5 6
1 1
2 5
1 1
1 2
1 1
865 53
4 5
1 2
1 1
1 4
1 3
1 3
1 1
9 4
3417 9
1 1
4 9
3 3
18 10
4042 30
1 7
1 1
1 2
5 6
3489 11
1 2
1 1
4 4
1 1
1 1
1 1
6 5
9 4
3473 11
3919 22
1 1
3 4
1 1
2 3
3 6
1 2
2 3
1 2
1 5
20 6
7 9
2 2
2 3
6 8
10 5
2 3
1 4
3 4
3 20
7 9
332 14
1 4
5 4
1 3
3 4
2 9
3995 26
1 1
1 4
1 1
1 2
1 6
7 10
3547 12
1 9
1 1
13 12
1 2
6 13
53 6
1 3
1 1
2 3
7 9
3752 16
7 34
1 4
1 2
6 6
1 3
5 8
1 1
1 3
4 5
1 4
1 2
3446 10
1 2
1 2
3536 12
1 3
3 4
1 2
34 15
13 10
15 8
2 4
1 1
1 2
6 9
1 1
10 5
13 7
3 4
25 15
1 2
6 5
1 1
1 1
2 3
8 9
2 4
1 3
152 17
1 4
1 1
1 3
1 2
1313 15
1 2
7 7
1 1
1 3
5 6
1 1
14 9
10 9
1 5
1 2
2 3
3943 23
1 3
19 10
2 5
2 7
1 1
1 1
1 4
1 1
8 6
1 1
1 1
1 3
1 1
1 2
1 2
1 3
6 7
10 6
1 2
1 3
3 4
1 2
3 4
8 8
1 2
1 1
7 7
1 4
1 3
3873 20
7 13
1 4
1321 20
1 3
4 3
1 1
3923 22
1 1
9 11
2 5
4 5
11 9
10 8
1 3
2 5
1 3
2 3
1 1
1 3
17 34
2 3
1 7
3 34
151 7
1 1
1 1
2 2
2 3
3937 23
6 8
2 4
1 2
1 1
1 1
1 4
1 3
1 4
1 2
1 4
4 7
7 34
3 21
1 19
1 3
3880 20
7 4
17 7
3 13
1 3
32 6
4119 40
1 4
1 4
1 1
1 3
3638 13
2 4
5 5
75 10
22 21
11 23
3792 17
10 8
8 8
8 8
3 4
1 14
2 4
14 8
5 7
1150 22
16 5
3 3
1 2
1 1
2 2
4132 51
1 1
3 4
12 6
1371 22
3862 19
9 5
6 8
4 9
1 2
1 2
2 11
1 2
3683 14
28 10
3 3
1 1
2 3
4 7
9 10
2 23
1 5
1 1
1 1
2 4
1 2
1 2
2 2
1 3
2 4
45 8
1 1
1 1
1 2
1 1
2 4
6 13
1 1
1 17
7 6
5 5
1 1
1 1
1 2
3 3
1 5
1 1
1 3
1 1
1 3
12 7
1 2
3735 16
1 1
3596 13
13 16
10 4
6 6
1 1
1 2
252 56
3 4
1 2
1 10
71 11
1 2
2 3
1 1
1 3
15 23
2 7
1 2
3 4
1 5
6 6
2 3
1 1
1 7
1 2
5 8
1 1
1 2
5 7
4 7
2 3
1 2
3409 8
2 2
1 3
2 2
3 3
6 8
1 8
2 4
1 4
3 5
4 5
3 4
19 10
1 1
1 2
3 9
7 9
1 4
1 3
1 3
1 2
2 2
1 1
7 8
1 4
1 2
1 3
1 3
5 6
2 2
2 5
1 3
2 2
1 1
1 1
1 3
3624 13
1 3
1 3
1 1
1 2
5 4
4133 51
231 8
5 7
1 2
1 6
1 2
2 3
7 8
1 2
1 1
1 3
2 2
1 2
1 1
1 1
2 2
1 1
1 1
1 1
2 4
1 2
2 2
10 7
11 9
1 1
1 1
11 12
1 2
8 10
3 3
22 10
2 2
2 6
7 2
4 4
1 1
1 2
1 2
2 6
2 2
1 2
2522 5
16 15
9 7
1 1
2 3
1 2
2 2
1 3
3695 15
2 34
1 1
1 1
2 2
5 5
2 3
13 9
2 2
4 8
7 6
1 2
392 8
2 3
1 2
1 4
2 2
2 3
1 2
2 3
1 2
1 1
1 2
3 5
2 4
2 4
2 5
8 5
1 2
2 7
