724 124
503 54
1 7
26 15
26 81
1 35
1 4
3 37
1 3
390 33
1 2
630 79
466 47
417 40
685 102
6 17
612 75
1 2
6 43
474 49
2 11
3 12
2 3
657 87
439 44
581 67
4 18
5 22
487 51
672 96
1 9
2 17
1 1
640 81
3 3
23 44
531 59
1 2
2 30
653 85
593 69
372 28
451 45
1 12
17 30
189 38
4 32
17 20
4 11
6 28
5 42
379 30
1 8
654 86
521 57
9 56
482 50
490 51
410 39
634 80
24 47
723 124
1 41
1 15
1 5
1 3
682 100
517 57
1 34
402 37
1 7
1 1
1 11
609 75
733 137
464 47
12 11
577 67
664 92
582 67
3 34
748 156
16 33
1 8
3 29
398 35
761 203
1 20
1 2
486 51
1 2
504 54
592 69
12 14
1 4
1 1
1 1
600 72
5 22
7 45
2 11
16 34
11 21
2 7
1 4
18 25
1 1
1 16
196 63
202 86
3 25
739 143
444 45
478 49
368 23
632 80
1 3
1 21
1 1
3 11
2 14
406 38
602 73
292 14
2 9
448 45
71 45
715 117
525 58
1 5
1 10
389 33
2 25
3 28
1 20
1 41
1 37
670 95
1 15
519 57
711 114
649 84
5 22
544 61
2 22
725 126
727 132
65 40
621 77
647 84
557 64
1 12
669 95
1 2
412 39
579 67
416 40
1 1
8 30
637 80
84 57
552 62
470 48
560 64
514 56
1 3
6 26
460 46
629 79
501 53
9 38
1 16
1 26
58 71
2 3
1 1
3 49
1 1
6 18
81 62
411 39
714 117
11 9
641 81
24 50
409 38
2 4
1 9
590 68
614 76
67 61
485 51
479 49
13 50
1 8
648 84
516 56
1 2
537 59
2 2
1 1
375 29
1 28
708 109
388 33
4 12
405 37
447 45
1 12
17 39
2 26
434 42
3 18
14 54
1 1
1 11
759 194
414 39
19 24
569 65
1 30
530 59
515 56
1 16
1 16
429 41
1 12
13 30
10 26
12 60
2 4
1 13
436 43
3 14
440 44
551 62
556 63
540 60
505 54
2 9
186 27
500 53
652 85
77 33
677 98
701 107
199 54
1 7
699 106
1 38
756 172
5 18
381 30
1 32
510 56
1 2
523 58
1 1
730 132
509 56
384 30
543 61
1 2
502 54
5 31
1 1
1 13
1 9
710 113
646 83
2 27
755 171
718 120
606 74
25 25
1 22
2 48
3 24
488 51
454 46
1 26
3 9
2 31
2 15
526 58
1 12
2 33
14 39
512 56
620 77
1 1
489 51
1 11
1 2
64 89
420 40
4 15
462 47
493 52
1 1
415 39
694 104
426 41
443 45
1 14
200 57
3 17
495 53
442 45
5 10
1 1
1 1
78 36
2 40
626 79
4 45
613 76
1 3
558 64
1 3
2 6
5 45
8 6
747 153
8 24
194 47
115 62
492 52
633 80
369 23
1 4
484 51
704 108
1 4
595 70
636 80
419 40
1 37
82 38
3 20
1 7
4 30
1 7
1 5
1 9
532 59
59 35
7 27
742 144
1 22
4 23
1 10
1 9
1 1
676 98
362 19
1 2
498 53
403 37
428 41
497 53
191 47
366 22
3 6
11 63
1 1
737 142
1 8
679 99
41 48
740 144
550 62
1 28
1 20
576 67
1 7
650 84
494 52
371 28
1 16
4 8
1 10
568 65
658 88
3 26
2 24
475 49
1 1
476 49
467 48
1 10
1 2
7 20
687 102
1 1
1 3
1 3
554 63
1 21
430 42
3 34
1 21
28 22
1 2
4 12
3 22
605 74
2 9
693 104
499 53
1 24
587 68
2 28
726 132
661 88
50 40
453 46
734 138
53 41
1 2
9 24
1 2
623 79
3 11
608 75
458 46
547 61
529 59
7 21
665 92
2 32
293 16
586 68
1 9
469 48
571 66
681 100
528 58
491 51
188 35
85 52
1 14
367 22
8 23
79 39
720 121
507 55
698 105
1 2
408 38
423 41
594 70
424 41
1 13
378 30
709 110
1 13
643 82
1 12
13 25
374 29
533 59
1 9
2 6
1 35
553 63
1 2
1 20
508 56
674 97
2 22
438 44
10 27
731 135
574 66
651 85
713 115
385 31
6 40
716 119
2 24
12 28
565 65
9 24
1 9
361 18
690 103
644 82
1 13
401 36
689 102
580 67
80 41
1 2
692 104
628 79
1 4
1 2
1 11
1 1
395 35
2 16
26 28
663 90
549 62
1 6
717 119
559 64
684 100
17 47
1 20
631 80
61 55
386 32
450 45
1 5
662 89
541 61
610 75
2 2
524 58
2 28
396 35
1 1
743 150
1 1
645 82
10 34
1 1
566 65
675 97
545 61
1 2
21 44
1 3
397 35
617 76
3 6
1 13
1 7
2 9
23 67
639 81
5 6
511 56
1 5
598 70
596 70
468 48
483 50
404 37
671 96
472 48
463 47
599 71
735 138
1 18
3 31
1 2
660 88
2 18
4 15
705 108
570 65
3 9
2 9
624 79
1 4
597 70
2 14
656 86
1 5
2 16
1 1
13 44
1 1
5 32
185 26
113 22
441 44
1 23
691 103
695 104
642 82
712 115
27 30
2 9
8 38
2 43
1 3
407 38
1 11
3 26
26 62
4 40
1 32
7 29
573 66
2 9
190 39
1 4
572 66
1 14
4 26
1 19
1 14
12 33
721 121
3 13
1 23
8 20
425 41
418 40
584 68
2 10
751 160
539 60
697 105
749 156
1 4
2 27
1 2
719 120
732 136
542 61
1 2
1 32
1 11
204 46
4 23
750 157
8 20
421 41
561 64
40 35
7 23
1 32
400 36
455 46
627 79
1 12
583 68
382 30
591 68
29 45
393 34
688 102
6 20
575 66
615 76
387 32
616 76
114 31
1 7
1 2
1 13
757 184
391 33
604 73
19 18
435 43
2 35
736 141
6 43
619 77
6 7
1 9
7 28
6 39
67 27
4 44
707 109
2 4
1 8
1 41
6 30
1 3
8 48
1 8
752 160
1 33
564 65
3 14
683 100
394 34
1 2
667 94
399 35
1 19
446 45
1 19
3 30
56 59
2 30
1 11
1 5
1 1
603 73
364 19
473 48
1 1
762 248
53 15
2 13
1 3
1 1
52 36
678 99
668 95
480 50
601 72
518 57
589 68
2 11
431 42
1 8
4 40
1 5
588 68
1 12
392 34
1 15
666 93
2 14
555 63
7 22
1 6
746 152
195 55
51 35
538 60
6 14
1 13
1 5
477 49
1 2
1 1
625 79
536 59
7 29
655 86
1 5
1 71
1 2
2 23
1 9
563 64
1 33
618 77
3 19
5 23
548 61
413 39
4 9
377 30
506 55
42 23
433 42
1 16
706 108
432 42
28 40
