57 43
2 2
7 12
1 1
1 2
1 1
6 10
1 1
43 80
11 5
16 9
3 22
9 23
4 4
3 3
4 5
1 19
3 29
17 6
1 7
8 10
103 70
18 44
19 18
4 4
3 5
14513 35
4 7
9 45
1 10
3 22
1 1
1 7
10 13
17358 107
1 1
7 5
14225 31
1 1
1 9
2 8
1 3
17 36
1 21
6 46
1 3
3 12
1 10
1 3
1 5
1 1
1 17
2 6
17 23
1 4
1 1
11 10
1 4
1 1
8 12
1 8
14 17
1 2
2 13
2 9
40 26
15403 45
8 12
8 55
13945 29
12667 17
94 34
1 2
2 5
1 3
1 3
2 4
1 3
17545 124
1 42
22 45
16195 60
4 43
2 5
2 2
1 1
2 2
30 41
3 3
1 4
7 13
12911 19
1 7
16601 71
2 5
16616 72
22 32
1 3
16574 70
18 6
1 2
3 6
1 2
10 22
2 6
1 14
2 5
15907 54
18 23
1 11
1 3
13706 26
2704 12
1 1
3 12
4 18
1 2
2 31
1 3
13135 21
1 3
2 5
1 5
12630 17
17445 113
1 1
1 3
1 4
2 5
6 6
5 10
1 1
11 36
1 2
6 7
1 2
1 2
72 19
3 3
6 9
4 8
14086 30
1 3
13 53
12631 17
1 5
1 3
16062 57
4 28
1 5
75 21
4 10
16443 66
24 33
17639 137
4 20
1 8
12358 13
24 38
1 5
4 6
11 33
2 3
1 2
2 6
2 4
1 12
3 4
1 1
4 6
12228 10
230 62
17895 362
1 4
2 4
1 6
2 5
1 2
5 8
2 3
1 1
1 6
3 4
1 2
1 5
1 3
13271 23
17622 134
1 2
13 20
4 8
16 31
2 4
1 3
6 47
1 3
4 8
12524 15
1 9
1 3
15630 49
2 24
2 5
3 6
14109 30
12 28
3 4
17523 122
7 34
7 10
12296 12
13866 28
6 36
13425 24
1 5
1 6
1 1
1 10
1 5
1 4
16587 71
1 1
4787 12
6 7
2 26
1 4
59 19
1 2
3 5
1 6
1 6
1 3
1 6
1 2
15636 49
33 32
1 4
6 6
2 2
1 4
1 8
5 11
6 11
1 17
15711 50
1 7
1 2
14034 29
13813 27
13446 24
13417 24
1 3
16673 73
15254 43
1 56
11 48
17462 115
17003 85
3 3
1 2
21 37
16833 79
17563 126
6 57
2 5
1 3
2 4
1 4
12860 19
17 36
3 12
2 3
1 3
15398 45
14448 34
2 4
7 18
12640 17
2 7
13164 22
1 10
1 2
12417 14
1 11
4345 87
1 2
6 10
1 1
17366 108
15 29
14616 36
2 4
1 6
1 8
13654 26
9 8
12 18
2 9
6 12
24 12
1 7
17560 126
14263 32
3 5
3 6
1 3
1 46
2 5
6 11
2 2
17461 115
1 4
5 13
1 3
2 6
1 7
24 41
1 1
1 3
14 8
13648 26
2 3
3 7
8 17
1 7
3 10
14099 30
2 15
1 7
1 14
13974 29
1 5
1 1
5 9
3 15
1 2
1 3
12711 17
1 2
1 2
25 30
3 11
15380 45
1 15
2 4
16494 68
11 19
13 18
3 12
17230 98
17669 142
18 18
1 3
16901 81
9 5
1 4
1 1
17467 116
1 2
16490 68
1 1
1433 18
16176 60
1 16
7 8
1 1
16878 80
14399 33
17175 93
1 6
14688 37
1 1
2 11
46 80
1 2
5 12
3 6
2 10
1 3
1 4
1 1
1 7
6 15
4 16
1 3
12818 18
15071 41
13 22
5 4
5 18
2 2
5 25
4 9
6 12
2 2
1 3
4 13
4395 120
1 6
27 47
1 5
16998 85
3 24
2 6
5 12
12626 16
5 5
4 3
1 11
15587 48
17686 144
1 6
2 2
3 5
3 4
9 23
1 2
2 4
362 47
25 28
2 4
1217 13
1 4
1 2
15552 48
2 2
2 5
13931 28
16614 71
14 7
1 2
1 8
8 12
1 2
16987 84
3 4
140 32
1 2
2 2
1 10
3 10
1 3
12 14
4 27
1 4
1 11
1 6
2 2
2 3
16265 61
1 2
1 2
17 12
16 14
1 2
15270 43
1 1
1 1
1 3
6 4
1 2
1 7
13 9
13564 25
1 1
1 2
1 1
1 8
1 2
1 1
9 24
10 11
1 8
4 12
15944 55
1 17
2 18
1 10
13876 28
7 8
1 2
2 9
10 20
14433 34
1 2
1 1
11 8
1 23
3 5
1 3
16104 58
1 3
1 6
5 3
5 18
2 5
12543 16
1 4
1 2
5 12
1 9
1 20
1 27
17306 103
16039 57
3 4
2731 27
17530 123
1 6
1 3
2 8
1 4
3 6
1 2
9 13
16503 68
5 5
1 3
43 22
3 8
9 18
6 10
1 5
12327 13
2 4
13607 25
1 4
3 8
6 16
1 1
2 5
2 2
2 2
1 12
8 40
2 4
5 12
2 27
2 6
2 15
2 3
1 3
45 22
12 15
14 10
2 5
11 47
7 9
15099 41
5 6
1 1
1 2
1 4
19 44
1 4
17572 128
1 1
29 30
1 12
2069 34
12995 20
43 48
1 1
1 4
2 3
1 2
1 1
2 22
4 8
7 20
1 1
6 13
13379 23
1 6
1 1
1 6
1 10
235 32
151 54
1 6
51 11
1 4
47 12
2 4
16109 58
3 10
2 5
2 8
4 7
3 10
1 7
1 6
15844 53
12337 13
2 14
1 6
2 8
2 9
15358 45
14077 30
1 1
5 10
1 2
1 3
8 11
34 11
13 10
1 14
1 4
1 8
13245 22
9 10
4 7
2 3
17 16
35 46
2 39
1 17
3 11
4 13
1 2
13 16
7 17
16685 73
1 3
413 73
1 7
15528 47
1 4
7 6
13054 21
2 3
6 14
2 5
1 5
2 8
17542 124
2860 17
2 12
3 3
15713 50
16692 74
1 2
1 2
268 74
1 4
1 2
6 26
3 8
12893 19
1 2
1 9
2 19
11 12
10 41
1 3
1 7
1 5
16269 62
17795 174
4 3
1 3
16639 72
1 3
1 5
4 5
1 6
2 8
1 3
1 1
2 4
1 2
1 6
3 5
2 5
2 5
1 2
1 8
2 2
4 5
2 3
1 1
12 16
6 11
4 5
4 6
14692 37
3 4
4 12
13729 27
4 9
1 1
2 2
1 5
13764 27
16096 58
545 39
1 13
1 10
2 7
14578 35
1 6
15221 43
1 4
1 1
1 9
3 7
11 18
36 63
3 3
4 12
1 2
1 2
1 2
26 40
15709 50
1 2
1 1
1 4
12 48
3 11
45 12
4 12
1 2
1 5
2 4
4 5
1 2
3 9
3 21
17508 120
17329 105
4 11
1 1
1 1
2 8
15498 47
13 32
15 35
1 1
3 5
15574 48
17745 157
10 12
2 3
1 4
1 2
1 6
1 1
1 1
35 41
15859 53
7 11
16548 69
13384 23
1 1
3 4
3 14
1 5
1 6
3 5
1 5
1 9
15500 47
8 27
1 2
1 1
1 3
12 29
9 9
1 2
2 5
12774 18
15 19
16664 73
5 8
6 14
1 2
5 23
4 12
9 10
16611 71
17186 94
15138 42
1 3
3 23
13504 24
13257 22
1 2
1 2
15792 52
1 2
14 17
2 8
6 14
1 5
13765 27
12194 8
6 23
6 10
4 8
29 25
3 20
2 16
10 21
1 14
1 9
15965 55
1 26
2 10
1 3
28 15
15127 42
5 7
15 24
104 77
10 34
2 7
1 2
81 81
1 5
1 2
13009 20
1223 28
1 6
2 11
12622 16
1 2
1 7
5 9
17735 154
1 3
16561 70
12193 8
3 4
1 3
3 5
13 38
2 4
1 1
1 1
9 7
1 2
12 28
1 1
3 5
4955 65
6 32
461 66
24 26
7 9
12 22
2 7
1 1
13883 28
2 23
1 2
1 3
3 5
9 23
13 20
16 23
1 2
13252 22
1 3
23 20
3 6
1 4
1 1
1 5
1 10
1 6
28 33
5 23
21 19
1 1
2 4
3 7
14192 31
1 5
1 1
15744 51
1 12
1 1
8 11
17457 115
1 1
16847 79
1 10
1 4
1 4
41 66
3 3
16629 72
12940 19
11 18
7 23
1 2
16 5
1 2
12528 15
4 14
1 2
1 4
1 2
11 21
3 7
1 2
2 3
14994 40
15252 43
1 5
16083 58
1 2
1 7
1 6
1 8
1 1
1 3
1 4
15108 42
1 1
12638 17
10 30
1 1
1 10
1 4
11 19
16426 66
9 9
18 15
1 6
16366 64
1 26
1 2
1 2
1 7
16928 82
1 9
1 23
1 7
6 21
3 9
14 39
17113 90
1 3
1 4
1 3
1 1
1 16
13395 24
1 6
23 38
130 11
1 2
14242 32
15 21
2 5
16882 80
10 10
10 10
1 3
29 41
3 8
15169 42
17537 123
14480 34
17692 146
1 4
3 5
1 3
16217 61
1 7
1 4
1 3
16154 59
3 4
8 50
16519 69
1 2
18 24
6 15
4326 42
4 6
1 17
16 23
38 19
14056 30
1 3
1 6
1 1
7 27
1 4
1 1
5 17
1 6
1 1
1 22
1 2
14764 37
147 52
88 108
12894 19
1 2
4 7
4 7
1 22
10 27
5 8
2 28
15813 52
3 6
1 2
1 4
12478 15
1 2
3 9
1 26
1 3
1 1
1 7
5 11
12 16
4 5
4 10
15 15
10 12
2 2
12521 15
2 10
19 32
2 7
3 6
2 13
21 14
8 30
17110 90
1 1
2 2
16709 74
3 4
11 13
17651 139
20 17
116 43
2 8
17 9
3 6
12442 14
2 13
1 1
10 9
1 1
17207 96
6 7
14966 40
6 15
2 3
2 6
9 16
1 2
9 14
65 85
10 14
2 17
1 6
1 15
3 17
1 2
57 27
159 24
2 12
1 10
2 7
1 4
16010 56
25 52
13 27
1 2
1 2
17468 116
4900 73
8 24
3 3
24 13
14821 38
1 1
2 8
197 20
2 12
14655 36
1 3
17655 139
1 18
3 29
1 4
14476 34
1 4
17797 174
3 7
14450 34
12914 19
5 22
3 5
16762 76
15153 42
44 24
15727 51
15708 50
1 1
16043 57
1 8
3 12
2 6
1 1
3 3
1 1
3 6
1 6
6 8
1 1
17089 89
7 10
3 44
15051 41
2203 75
5 3
1 3
1 9
1 1
15200 42
2 5
13 24
1 1
1 6
5 15
4 19
1 1
6 7
1 9
5 10
1 6
1 2
2 2
24 16
26 35
1 1
1 7
2 3
14591 35
1 1
2 3
14216 31
7 12
3 9
2 3
715 51
1 3
1 3
1 12
17689 145
4329 47
32 41
11 9
1 1
7 12
2 6
7 46
1 20
1 1
9 19
2 2
9 9
4 4
32 27
1 1
1 2
2 3
26 15
1 2
38 47
6 21
2 3
17244 99
5 14
1 1
18 40
1 2
1 1
17700 148
6 12
3 3
15741 51
2 5
1 5
13352 23
2 3
1 14
12656 17
1 2
1 22
16052 57
3 4
1 5
15375 45
17699 148
2 3
16877 80
1 1
1 20
363 37
15982 56
72 85
1 4
7 17
1 1
18 18
1 2
5 14
15726 51
4 4
5 5
1 2
1 29
5 10
54 16
13791 27
1 2
2 4
1 4
1 4
3 8
1 1
1 4
12256 11
1 2
3 3
12204 9
4 15
7 8
2 5
1 3
14044 29
2 3
1 4
1 4
1 1
44 51
17515 121
12 14
1 13
18 43
16569 70
4 48
15 10
1 2
16001 56
4 8
1 2
14201 31
6 9
2 3
7 21
1 3
1 5
12 19
1 1
5 10
17598 132
1 16
3 6
15862 53
1 22
9 11
2 2
2 5
4 10
36 47
1 7
1 10
17473 117
7 40
1 2
714 50
1 2
6 7
1 4
16900 81
15622 49
16309 63
17238 99
1 6
2 7
1 5
16393 65
1 1
2 7
1 3
1 3
2 4
3 9
15489 46
16440 66
15632 49
1 8
1 11
15158 42
1 3
2 2
8 18
4 5
17363 107
8 14
30 35
11 10
17152 92
2875 21
1 3
11 6
7 28
2 7
121 81
3 10
9 30
15437 46
2 3
39 26
6 10
29 33
1 3
3 8
12690 17
2 3
1 3
1 3
13585 25
23 18
2 2
6 21
3 9
1 2
12 35
8 11
5 7
2 3
11 6
2 4
12832 18
2 4
1 3
16728 75
1 8
6 14
3 10
15354 45
6 36
7 51
3 6
1 3
13794 27
6 12
12485 15
1 15
4 9
28 32
2 3
14386 33
3 10
3 31
1 27
6 18
5 6
2 3
1 1
27 17
1 2
13 22
3 9
17028 86
1 2
1 5
1 2
26 27
40 28
1 4
3 8
2 7
3 5
3 6
1 2
2 14
15308 44
4306 22
5 10
2 5
12 19
1 5
15315 44
2 4
1 6
5 12
16307 63
2 37
37 47
1 5
12 14
1 7
1 6
1 1
14262 32
16250 61
7 9
1 3
2 19
3 6
1 5
50 26
3 7
11 9
3 4
16802 78
3 4
4 7
3 19
1 3
1 5
60 68
1 2
1 2
1 4
8 21
1 3
2 20
3 4
13762 27
7 12
3 5
1 3
14998 40
1 7
6 11
14 65
1 18
13 15
1 6
9 46
3 8
16 19
12 7
1 1
1 2
15771 51
1 5
2 8
1 2
1 1
15329 44
12 12
13021 20
2 4
1 1
1 1
16536 69
1 2
5 6
3 10
2 3
1 3
7 11
2 11
140 30
1 1
15147 42
25 12
4 10
1 3
9 19
10 17
1 16
14487 34
1 2
13715 26
5 20
17616 133
1 8
21 48
17432 112
2 8
10 57
141 32
1 7
2 7
17478 117
1 3
5 46
1 2
16819 78
14 6
17019 86
17233 98
6 10
17484 118
9 31
2 3
1 1
4 13
47 38
36 19
2 9
19 18
1 1
1 2
1 8
1 3
2 7
1 1
13631 26
14509 35
2 2
14132 30
5 10
13007 20
12 35
13606 25
1 2
2 4
14804 38
16316 63
1 5
16022 56
1 6
56 17
16958 83
1 6
14 16
14667 36
17846 220
13673 26
14577 35
4 6
4 5
10 8
3 13
1 4
6 16
9 27
1 3
13442 24
14051 30
1 4
1 2
1 15
1 6
12391 14
1 2
12 16
14387 33
16291 62
23 16
11 19
19 49
17465 116
1 3
1 5
2 7
2 31
1 9
1 5
1 15
13834 27
3 7
2 22
2 6
3 11
1 2
1 6
17516 121
17490 118
1 10
8 20
9 19
1 3
3 7
16216 61
17647 138
10 12
1 7
16575 70
43 50
1 3
13434 24
15974 56
859 28
2715 45
2 6
3 7
1 2
17257 100
1 2
5 7
16850 79
6 9
3 13
1 2
8 19
17637 136
9 10
1 17
1 1
1 2
2 9
3 5
5 6
4366 12
7 7
8 17
14930 39
2 9
1 4
14 29
17469 116
1 9
1 9
16137 59
1 1
1 3
23 23
12820 18
13069 21
55 15
14 48
5 8
4 4
7 20
2 14
1 5
1 3
11 14
1 7
17179 94
17828 200
17414 111
4 9
1 5
14493 34
1 5
2 7
83 81
3 5
16148 59
2 3
141 52
1 3
1 4
13 6
9 14
15 20
3 14
12 28
1 7
6 38
14671 36
1 9
1 10
9 25
13921 28
26 41
7 26
22 24
4 6
14 28
12696 17
14217 31
1 6
2 3
1 3
1 2
1 2
1 10
6 10
2 2
1 4
17496 119
1 4
2 4
1 1
9 31
1 1
1 17
1 4
14 12
13577 25
1 6
1 2
15340 44
1 7
7 19
12798 18
1 6
13864 28
13699 26
15896 54
1 8
37 17
15 24
1 1
16708 74
15827 53
1 1
1 5
2 22
1 3
27 68
13639 26
2 4
3 10
91 25
2 4
15192 42
2 6
1 15
1 2
58 17
7 13
1 7
7 16
1 1
14719 37
2 6
2 12
1 1
2 5
10 18
9 19
12796 18
1 3
3 8
1 6
1 20
1 5
16916 81
12 32
4834 31
11 20
1 4
16 16
13 31
6 27
1 7
1 6
1 1
5 15
16348 64
1 5
1 5
14165 31
33 16
13520 25
17187 94
1 3
1 12
1 4
1 3
2 6
1 1
44 29
1 35
1 7
13389 24
97 45
1 5
1 4
14 27
16404 65
15992 56
57 44
1 7
1 2
2 5
2 7
15106 42
1 1
1 8
19 16
10 10
34 42
12839 18
1215 39
2 12
11 46
1 4
1 3
1 1
17741 156
1 2
35 56
1 1
1 3
2 28
1 1
1 7
3 14
1 2
4 4
13730 27
1 1
1 5
1 2
17411 111
3 18
1 1
15 30
61 42
4 17
9 29
2 4
1 8
15479 46
22 19
409 42
113 37
1211 41
16258 61
1 3
3 5
2 4
1 2
2 14
13 22
8 10
2 15
3 5
3 16
4886 54
15995 56
2 2
2 4
7 9
3 4
9 19
1 4
16031 56
14529 35
3 7
1 2
8 23
17247 99
4 17
15229 43
17838 213
16367 64
4 11
2 5
1 7
4838 32
2 4
1 3
1 2
11 11
15464 46
13 20
12 21
1 22
1 12
1 3
1 4
2 5
1 4
1 9
1 5
1 4
1 2
1 14
10 26
1 3
14025 29
6 48
1 1
12304 12
4 7
17806 179
1 2
1 1
1 2
1 2
5 10
64 93
1 30
15091 41
14757 37
1 2
2 14
1 5
17258 100
1 1
4344 69
9 12
4 4
17176 93
1 2
9 20
17558 125
1 2
1 8
3 11
15203 43
1900 81
1 2
1 2
1 5
14481 34
5 43
2 11
17701 148
7 6
8 13
6 18
1 14
11 16
1 2
12 30
16334 64
1 12
1 19
17725 153
17618 133
17062 87
1 4
1 7
5 41
1 8
1 7
1 1
1 3
1 11
30 24
6 18
1 7
16424 66
29 47
1 2
1 12
1 11
14918 39
1 2
1 9
1 8
6 9
14135 30
2 3
281 29
58 46
14514 35
1 5
12 18
8 12
12698 17
2 9
27 19
26 45
1 6
1 2
12913 19
2 6
15320 44
1 8
2 7
8 30
15910 54
1 2
1 3
17167 93
4 7
1 5
2 4
14284 32
57 14
1 16
1 3
5 11
13171 22
13483 24
15355 45
15524 47
4 11
1 7
17341 106
15929 55
4887 54
1 12
1 2
25 52
1 15
1 11
68 12
17 24
1 2
12 10
1 31
7 14
2 7
158 12
38 29
15 23
1 2
2 12
15829 53
1 4
6 17
1 3
1 3
12825 18
16621 72
17487 118
5 20
1 4
1 5
1 3
1 12
11 36
4 8
2 15
2 9
40 13
1 39
17420 112
3 7
3 4
17356 107
16290 62
1 2
1 2
1 1
6 16
1 4
11 9
1 1
1 2
18 32
1 3
18 24
1 1
1 11
6 8
38 31
1 19
1 6
114 12
1 3
11 8
21 45
3 6
1 4
1 3
1 5
16993 85
1 1
17579 129
2 2
3 19
16 21
12 46
4 33
5 20
2 3
4 12
1 3
2 7
35 35
3 5
35 20
1 3
2 3
2 3
1 4
2 7
4794 14
2 13
14666 36
3 10
13461 24
14602 36
1 6
1 1
16830 79
6 8
14133 30
1 2
2 3
5 4
16115 59
1 3
5 8
8 9
12325 13
3 6
14412 33
37 73
1 2
7 9
7 25
14699 37
2 17
16735 75
4 9
1408 31
1 1
15 36
14075 30
1 15
1 21
3 5
2 7
2 5
4 10
25 20
28 19
1 5
2 2
6 8
3 10
2 10
4872 44
2 3
10 26
1 1
16770 76
15597 48
8 29
120 68
4 7
2 2
2 10
3 4
15612 49
17463 116
2 15
2 5
7 13
2 11
10 26
1 9
3 7
5 17
14490 34
3 6
16643 72
5 23
15620 49
4 7
17241 99
1 2
2 4
1 1
13188 22
14147 30
16637 72
1 4
16018 56
1 1
7 41
15030 40
1 27
1 2
5 9
1 2
2 3
2 2
4 17
1 13
6 11
1 1
22 30
1 29
1 29
1 1
3 3
13517 25
1 8
1 9
1 3
12 13
4325 42
2 10
2 3
1 2
16183 60
17640 137
7 22
3 17
17392 109
1 5
2 15
3 5
1 6
14 21
7 20
1 1
1 13
1 10
15865 53
2 13
1 3
2 3
2 7
1 14
2 5
32 62
1 3
1 11
14532 35
6 28
137 34
14258 32
9 29
14195 31
1 2
2 2
1 5
1 3
23 41
2 6
2 4
1 7
7 34
1 2
1 23
2 6
1 2
2 8
1 4
1 5
1 9
3 3
64 19
1 2
20 32
7 32
16703 74
15391 45
9 20
1 2
16381 65
14084 30
1 4
1 5
1 3
1 5
2 5
1 3
6 40
3 9
2 5
1 13
33 19
10 7
15979 56
2 8
4 9
4 21
1 3
2 2
6 29
13377 23
4 6
13 58
2 5
2 7
16315 63
1 2
17476 117
2 3
10 10
1 3
14384 33
6 15
9 29
5 19
9 14
13627 25
2 8
3 5
4828 29
1 11
2 6
2 3
7 9
4 11
2 2
10 19
1 2
1 1
1 2
3 37
2 5
16549 69
3 4
3 4
1 3
17553 125
6 11
9 17
2 11
1 8
1 11
1 9
2 4
12560 16
3 3
1 2
2 34
1 2
2 4
2 9
12295 12
1 3
16373 65
16620 72
16546 69
1 11
8 21
24 19
1 3
15739 51
2 6
3 7
1 1
15187 42
1 2
4 13
14159 31
17211 96
16319 63
1 6
17753 159
1 1
2 5
17 17
7 18
5 7
12786 18
1 5
1 1
7 23
16651 72
13341 23
3 3
5 5
2 3
2 3
2 7
1 3
1 4
4 10
4 7
3 11
15 33
4 26
1 1
140 52
1 6
1 6
4 9
12280 12
17600 132
92 55
16446 66
1 2
1 1
11 27
4 4
1 1
14808 38
2 3
3 3
1 5
8 26
2 5
16063 57
3 3
16 29
2 7
16636 72
13 25
2 9
14573 35
3 17
2 5
13345 23
13670 26
8 19
14891 39
4 15
14565 35
1 3
5 16
1 3
15148 42
17144 92
1 3
16358 64
42 26
3 13
1 1
1 1
1 5
14205 31
16667 73
6 7
15072 41
66 125
17448 114
2745 63
1 2
3 18
1 3
1 1
10 25
1 1
6 8
15397 45
2 12
9 8
12 17
3 14
3 9
1 4
2 6
16765 76
1 3
1 2
4 11
2 8
20 23
1 1
1 5
357 28
12344 13
16883 80
6 17
3 4
1 3
2 32
38 50
1 5
2 3
14 40
1 5
12486 15
2 6
14447 34
1 1
1 7
12 16
2 3
15797 52
4 23
1 7
17456 114
16093 58
4 5
12449 15
15870 53
1 4
4 12
17 14
1 4
16684 73
2 2
4 8
1 4
5 38
2 15
4 15
1 5
1 6
17879 329
1 2
8 11
1 2
2 4
1442 38
7 35
1 4
8 13
12904 19
12542 16
2 2
3 11
2 4
1 2
17817 192
1 2
5 7
1 2
13629 25
1 12
2 17
1 6
2 3
3 22
10 29
1 2
1 3
12 14
1 5
3 2
8 23
1 4
4 20
5 5
19 58
4 9
5 16
1 27
2 6
1 2
65 102
16532 69
14087 30
13812 27
1 5
1 3
1 3
1 30
62 31
17509 120
13692 26
11 17
10 38
13506 24
9 11
1 4
1 17
6 7
5 6
1 2
6 23
5 8
17798 174
1 1
16828 79
1 6
1 3
1 5
13586 25
16 14
12612 16
9 34
1 2
3 11
17116 91
35 15
1 3
1 5
9 15
69 52
56 30
33 49
1 1
1 3
21 29
1 1
15531 47
17527 123
1 3
1 2
1 8
2 13
5 51
1 3
13189 22
7 15
2 8
17764 165
16017 56
1 5
1 1
1 5
13912 28
15639 49
22 30
2 14
2 7
1 5
17723 152
3 4
1 1
13676 26
17436 113
1 2
83 9
1 3
12920 19
17429 112
8 27
1 2
1 5
2 5
12195 8
36 51
6 7
1 1
1 3
32 40
1 7
15 16
1 17
5 14
1 4
1 1
1 3
4 4
1 1
2 6
14 10
1 6
1 3
39 6
3 11
1 1
4 20
1 3
1 3
16037 57
35 51
2 10
4 14
4 10
2 17
4 19
16434 66
998 19
1 5
14996 40
35 59
15778 52
1 2
14090 30
3 8
43 51
19 8
17 19
2 4
17585 129
4935 47
4 46
14820 38
16256 61
1 2
2 5
1 3
4 9
2 5
17231 98
41 51
11 19
1 4
1 2
1 3
12633 17
1 2
1 2
17353 107
3 12
1 2
3 28
3 5
4 16
3 17
9 12
1 4
16302 62
74 66
1 2
2 2
6 24
60 14
2 3
3 6
1 9
8 18
1 2
17148 92
104 16
1 3
2 22
15721 51
16466 67
16605 71
4799 14
12172 8
16656 73
1 18
1 1
15812 52
13889 28
14062 30
1 3
114 51
16040 57
15276 43
3 12
2 6
4 5
1 1
12392 14
1 4
1 3
1 2
2 6
1 3
1 2
3 11
12 7
3 4
12237 11
1 1
1 5
2 23
21 18
4 11
8 13
3 3
6 8
17278 100
1 1
3 39
15321 44
9 21
12566 16
5 9
1 3
17784 172
4 23
1 7
11 29
1 2
12343 13
3 6
12782 18
2 5
4 10
15019 40
1 8
2 5
4 7
12 33
14 53
2 12
1 5
3 14
3 4
3 21
11 14
2 4
14983 40
1 3
10 12
1 11
17370 108
4 11
1 3
16014 56
5 6
1 2
19 26
2 2
112 13
4 10
2 12
1 4
14520 35
1 3
2 3
2 11
1 2
1 1
1 3
2 2
2 3
1 3
1 3
1 2
1 2
31 14
1 4
1 4
1 6
1 5
1 1
3 6
10 8
6 24
21 8
1 11
4 23
1 1
1 1
1 20
1 2
1 1
1 2
1 2
1 6
2 5
2 2
1 4
1 2
7 23
27 61
8 9
15954 55
14683 37
15499 47
3 5
3 4
9 11
1 2
1 13
1 4
5 4
1 6
1 2
15348 44
1 5
3 13
1 9
1 3
15196 42
1 2
1 4
17287 101
1 3
13256 22
5 24
1 2
13084 21
12264 11
6 10
5 6
16088 58
1222 28
15296 44
1 3
14703 37
13351 23
3 12
1 1
5 5
48 45
1 4
1 4
1 10
12428 14
14962 40
16669 73
8 9
1 10
1 5
1 2
1 2
1 4
1 19
1 21
17182 94
4 4
17124 91
1 8
5 12
10 39
6 16
1 4
7 23
4 34
13093 21
3 4
1 5
25 41
22 41
3 3
9 9
5 12
1 6
1 1
1 1
1 4
1 8
2 5
14244 32
1 1
1 3
1 2
2 18
16190 60
592 27
1 6
1 5
14246 32
1 3
1 5
10 14
2 9
13702 26
3 4
1 4
13 33
5 14
9 30
13839 28
3 3
1 2
1 16
2 2
37 34
1 2
13097 21
17042 87
15751 51
1 8
14 18
4908 113
1 1
15949 55
1 1
1 4
1 2
1 2
9 19
152 39
15556 48
15697 50
1 4
13 16
1 4
1 2
15365 45
17276 100
1 7
1 1
1 5
1 2
6 8
10 6
17896 369
16179 60
1 19
14303 32
10 26
13 22
7 38
1 4
6 22
1 1
1 4
28 8
1 9
16921 82
14 9
31 18
171 30
1 17
154 74
16528 69
1 20
3 6
57 39
1 11
4 7
1 4
1 1
16345 64
1 6
1 2
12616 16
8 11
2 8
17006 85
1 4
17086 88
15208 43
16 8
3 13
4 10
12223 10
16711 74
1 4
4 8
16098 58
1 2
3 9
11 25
15197 42
6 20
14967 40
2 25
16771 76
1 4
1 4
1 2
13713 26
21 55
13 8
3 7
13265 22
1 10
21 19
1 1
21 14
23 17
1 2
2 2
4 8
12594 16
9 12
16898 81
1 1
14046 30
6 6
1 3
2 7
16477 67
17826 196
2 6
1 4
8 7
45 48
5 17
2 7
14589 35
1 3
2 5
21 29
8 12
3 9
15263 43
17155 92
1 2
15586 48
3 4
16412 66
1 4
1 4
13913 28
2 15
1 8
2 3
1 4
17672 142
1 2
1 1
16496 68
1 3
16884 80
2 11
1 3
3 7
16610 71
1 26
2 10
2 4
2 4
5 17
6 13
15472 46
1 2
17820 193
17060 87
12346 13
1 3
1 2
2 4
1 1
14382 33
2 3
14767 38
1 4
3 5
1 11
12 26
2 6
1 7
7 18
5 40
1 2
14359 33
3 6
15257 43
1 9
1 26
1 2
16911 81
1 4
2 15
4 22
17750 158
14863 39
3 7
14557 35
2 5
2 4
1 4
1 5
1 4
1 15
1 5
15209 43
1 2
1 6
1 2
73 31
2 7
4 16
34 49
12822 18
6 12
2 9
12830 18
1 3
2 6
5 7
14 36
3 22
1 2
15238 43
5 12
7 19
17709 149
19 26
1 19
4 5
1 11
12473 15
1 4
7 7
24 26
3 7
4 4
15047 41
14389 33
305 49
2 8
14869 39
17652 139
3 4
1 3
1 3
1 2
11 27
13547 25
15412 45
1 7
13 17
1 7
3 9
1 18
14451 34
1 1
16110 58
17 43
1 16
1 7
21 32
4 17
1 3
6 9
3 18
1 15
14890 39
7 10
27 9
1 2
2 16
1 3
178 51
1 9
6 7
11 23
1 12
1 1
13668 26
1 5
19 24
1 7
3 4
7 14
15 13
1 4
1 10
27 19
16 36
13 18
3 10
4 20
10 48
1 5
2 3
1 8
5 5
3 3
17878 323
10 25
2 5
17458 115
9 33
2 2
1 2
1 3
1 3
195 54
1 7
1 3
2 18
1 4
16077 57
12499 15
6 17
6 18
139 37
14648 36
3 16
5 20
4846 33
1 2
17638 136
15807 52
47 62
1 1
3 7
6 11
1 4
1 16
17054 87
13489 24
1 4
1 8
16134 59
1 1
7 18
215 46
16875 80
1 2
16467 67
13 8
55 72
1 3
2 24
4365 11
1 2
16155 59
17362 107
17 34
37 36
17430 112
6 11
3 6
4 7
12265 12
1 3
1 3
5 11
1 5
17139 91
37 47
1 3
13043 20
15 22
1 2
2 5
5 18
3 6
2 3
1 1
8 22
14457 34
12 9
1 1
16997 85
2 6
12702 17
1 1
2 3
1 11
7 15
9 14
16301 62
2 4
9 23
1 3
2 19
1 3
12997 20
1 10
11 17
8 17
6 15
3 13
17447 114
2 16
1 16
2 9
1 2
10 29
2 3
2 8
16 46
50 30
18 29
6 22
49 20
31 68
2 23
16704 74
3 34
6 19
7 13
1 2
3 30
14157 31
12929 19
2 9
16557 70
2 4
14947 39
16299 62
2 11
1 3
11 35
1 3
16609 71
1 2
1 40
2 2
97 28
3 13
1 6
4 11
7 37
15330 44
1 7
14946 39
1 2
1 2
1 1
10 28
13008 20
1 6
1 2
10 20
14474 34
2 6
1 5
17770 166
12 16
18 8
1 2
1 8
4 7
1 3
1 6
1 3
4836 31
1 2
1 5
10 9
2 10
1 1
17749 158
16111 58
12370 14
5 16
1 1
1 3
1 1
5 14
12604 16
1 5
1 3
2 3
8 8
1 2
8 19
1 9
1 4
1 4
2 8
9 10
2 11
1 3
2 12
1 3
224 14
1 1
1 3
1 6
1 1
17439 113
4 18
12475 15
16323 63
7 13
1 2
1 7
17 31
1 29
14644 36
5 17
18 9
4 10
1 2
34 24
12175 8
17177 94
1 2
1 3
1 1
1 1
6 15
1 4
1 10
2 14
1 3
1 6
7 32
30 18
19 48
1 6
1 3
2060 14
12235 11
8 13
1 1
14687 37
1 8
13634 26
12 39
3 4
8 18
6 23
1 8
1 13
10 14
1 3
14524 35
15641 49
2 11
17079 88
1 3
175 40
1 6
13920 28
6 14
1 8
15804 52
12712 17
1 11
12793 18
4 27
11 16
5 8
1 1
6 11
1 2
17331 105
2 13
1 2
23 29
3 33
1 9
1 4
16657 73
1 1
3 14
1 12
1 7
1 1
1 6
1 4
14049 30
1 10
15912 54
142 52
6 7
16687 74
16321 63
12721 18
13880 28
4 5
1 15
77 17
3 3
8 45
3 6
3 4
14 23
3 4
1 2
1 15
3 3
1 20
1 2
1 5
14 26
10 9
1 2
1 4
2 5
1 6
2 4
1 1
12 16
15436 46
1 3
4 5
16253 61
5 36
5 14
9 14
1 12
16824 79
1 16
4 17
3 7
4 6
22 32
1 1
17380 108
14499 34
17755 161
2 12
13068 21
14755 37
16261 61
17743 156
14638 36
3 4
1 2
1 9
2 6
19 8
13336 23
20 24
31 52
67 44
1 8
3 22
1 3
1 5
4308 23
11 48
1 6
12658 17
1 5
12735 18
1 3
1 8
1 8
54 30
1 10
1 7
6 18
1 4
1 4
1 1
1 1
66 85
2 7
1 8
14136 30
36 40
1898 43
1 6
1 4
2 5
6 7
1 3
1 2
12778 18
1 12
6 37
2 3
3 12
18 12
1 33
1 2
1 1
5 6
13386 23
1 4
1 22
17232 98
9 11
13989 29
2 8
6 27
1 3
1 3
1 2
13404 24
16396 65
1 16
1 4
15725 51
2 33
1 3
1 2
1 2
15205 43
3 42
11 51
1 4
8 14
2 13
13 35
1 2
1 3
1 4
20 30
14373 33
2 5
1 1
3 4
13916 28
4 23
1 15
1 1
1 5
1 3
9 6
1 5
1 2
1 4
5 9
13977 29
1 5
2 16
5 12
1 7
6 7
1 1
1 1
1 4
1 2
12623 16
12 51
46 28
1 2
13 15
2 8
1 4
14238 32
34 76
15484 46
1 6
1 2
1 5
4 11
1 2
16742 75
16851 79
5 19
14571 35
1 2
23 27
1 5
4 10
1 3
3 6
14166 31
15762 51
1 6
1 7
1 37
17164 93
1 28
13770 27
1 6
1 3
3 6
3 4
1 7
2 4
15522 47
43 37
2 6
7 47
3 8
1 1
1 22
2 8
1 5
1 13
4 27
3 8
4 51
16974 84
9 28
13343 23
1 4
38 34
1 1
1 4
3 15
1 7
12 15
1 4
1 3
1 37
5 8
13560 25
2 6
4891 54
23 43
124 30
4280 19
1 3
13 6
1 1
1 3
1 2
1 4
1 2
1 5
1 13
16264 61
1 2
1 2
16 16
13455 24
2 11
4 10
32 23
2 3
4 12
50 8
17812 188
11 20
10 20
1 3
1 7
17675 143
1 10
2 7
1 6
1 3
16 22
9 37
4 14
1 2
14463 34
10 10
13592 25
1 8
3 4
16788 77
2 5
1 4
14140 30
1 8
7 11
8 23
1 2
3 4
1 2
13459 24
1 8
1 9
12958 20
1 8
7 20
17776 166
1 3
1 1
2 9
4 25
2 3
1 17
1 3
1 4
12898 19
15150 42
16401 65
2 3
4 4
17239 99
15454 46
16699 74
5 7
1 4
1 4
27 22
1 18
1 21
1 4
3 12
1 4
1 5
1 2
1 7
1 3
1 1
1 4
1 4
30 13
3 5
3 18
12539 15
1 5
1 12
17464 116
2 14
1 3
18 12
8 21
14614 36
16990 85
35 43
1 3
9 22
2 7
1 3
1 2
7 4
1 10
13857 28
15339 44
14 39
72 80
7 11
5 12
1 6
17868 271
4 4
16 25
1 2
1 7
1 1
32 30
2 33
1 9
3 5
1 6
3 9
22 55
1 1
128 91
1 1
17011 85
1 1
16472 67
16590 71
2 11
13823 27
7 19
1 2
4 11
5 12
1 4
4 6
3 5
1 4
5 22
17100 90
3 9
4 10
15846 53
1 3
3 4
1 5
1 7
1 1
2 12
1 5
1 1
5 23
111 35
6 39
1 3
12996 20
8 5
14711 37
1 2
1 9
1 8
1 3
33 12
4 7
1 3
12650 17
1 2
1 4
1 4
13463 24
14323 32
11 13
1 3
1 4
34 41
1 4
15402 45
12646 17
10 7
1 3
70 15
16545 69
1 4
2 2
4 10
1 1
15002 40
5 14
3 7
16324 63
1 3
1 4
3 4
1 2
1 5
1 1
2 3
1 5
3 10
32 45
15854 53
1 2
1 1
7 8
1 1
8 12
179 24
7 20
12675 17
1 5
4 15
7 18
1 13
1 12
1 13
17197 95
1 8
15408 45
54 61
1 5
1 1
52 72
1 4
1 6
1 30
15351 44
1 2
3 11
1 3
1 5
2 7
1 2
12 7
1 3
6 18
3 9
1 9
15327 44
4 12
5 7
4 7
225 34
1 13
1 10
15142 42
2 4
16429 66
1 14
45 51
13603 25
16531 69
1 4
17298 102
12660 17
1 7
41 18
1 3
1 3
9 22
1 1
25 16
16562 70
1 2
1 9
6 8
27 22
17722 152
1 13
120 17
2 7
6 7
1 2
14191 31
1 7
1 3
16782 77
1 8
16835 79
1 8
1 7
1 2
1 7
1 6
15225 43
1 6
1 17
1 6
1 1
1 4
111 30
1 1
13513 24
1 1
7 20
15693 50
3 3
7 38
1 1
10 11
4 13
4 12
4 12
1 3
1 2
1 5
1 55
13456 24
15095 41
1 5
38 11
1 3
17 18
1 3
6 22
2 3
1 2
1 4
50 30
15294 44
3 7
1 1
12216 10
14328 32
20 12
7 12
1 7
1 5
1 4
1 3
13196 22
2 5
1 5
1 2
13666 26
2 6
63 82
40 51
1 1
3 10
1 5
4 7
4 31
1 13
9 31
5 11
10 17
1 2
15 68
17143 91
1 2
1 4
1 4
19 22
1 10
30 10
2 9
3 7
1 2
1 3
1 9
16075 57
5 9
2 4
4 31
1 12
1 2
1 3
5 13
16781 77
2 9
13251 22
14598 35
15145 42
3 13
14250 32
3 12
1 3
1 5
2 4
12222 10
2 4
2 9
8 24
1 1
13033 20
14 50
2 3
14850 39
2 8
15529 47
2 3
2 2
16 35
3 5
65 49
3 3
12613 16
3 8
16683 73
1 2
1 1
23 11
3 4
1 1
1 1
13051 20
1 7
16355 64
3 3
1 1
2 3
2 3
42 11
16368 64
9 24
3 12
5 17
16607 71
1 3
17 29
1 2
2 3
16977 84
4302 21
14965 40
2 6
1 2
1 2
2 4
14235 32
1 1
3 6
1 2
1 4
2 7
16846 79
15834 53
2 7
6 19
17171 93
2 14
34 36
4 10
6 9
1 2
1 1
13218 22
1 1
17632 136
2 4
1 8
2 11
1 1
2 9
4 9
12457 15
1 1
1 1
2 6
1 13
17196 95
17644 137
15304 44
1 2
1 7
1 2
1 2
4988 29
1 1
13112 21
2 5
2 9
5 10
3 5
15476 46
1 1
1 3
4 18
15463 46
3 9
1 3
6 15
1 21
2 5
9 17
3 5
1 3
15665 49
12 10
14861 39
13672 26
2 4
10 7
9 10
1 2
1 3
16076 57
14566 35
588 76
3 6
1 11
1 5
1 2
1 3
3 21
3 6
2 9
16945 82
2 11
1 2
1 4
2 4
1 2
17058 87
18 48
14 27
1 2
13766 27
3 5
1 3
2 3
6 29
1 3
4914 11
15 7
1 3
2 5
16274 62
15279 43
1 2
3 6
1 6
15037 41
12538 15
14873 39
3 8
17831 210
1 8
13948 29
4853 35
1 19
16 55
5 55
29 45
1 3
15633 49
11 25
4 7
3 12
2 6
1 2
12 24
2 14
1 5
1 4
16481 67
3 10
2 13
2 4
17775 166
2 8
2 6
2 5
7 28
1 5
2 7
1 7
33 76
1 1
1 2
14919 39
1 4
2 6
4 8
8 14
2 4
1 2
1 3
4 26
1 2
1 4
8 8
14406 33
3 11
2 4
1 4
15259 43
2 4
2 7
1 8
8 25
1 5
13 20
12437 14
2 8
2 14
1 4
16 48
1 11
13153 22
5 8
13998 29
1 3
4 6
4902 81
3 7
7 22
1 1
6 15
12161 7
16934 82
1 4
1 4
2 5
16526 69
2 4
3 9
1 23
1 2
5 9
1 8
1 4
2 21
102 30
5 10
12318 13
14 11
1 1
2 4
1 3
1 2
1 2
1 1
1 2
12243 11
15793 52
8 14
1 7
2 2
15 43
2 3
2 12
5 6
1 1
13 8
14608 36
6 26
1 1
15 11
15913 54
68 85
117 31
4 4
1 2
7 10
1 1
2 3
7 16
1 2
1 1
1 1
1 4
8 8
1 1
15042 41
5 11
2 3
22 37
4 6
1 4
1 1
16691 74
2 3
34 45
17578 128
37 25
2 9
2 6
5 7
2 14
1 1
2 4
1 2
2 5
5 13
16682 73
1 5
5 18
2 10
2 2
1 5
1 1
2 7
13100 21
10 17
2 13
6 22
3 6
1 2
13803 27
1 7
2 2
28 25
5 36
4 5
2 3
16678 73
17863 257
1 5
67 85
14972 40
14296 32
7 9
4 20
4 11
14443 34
1 10
1 1
1 3
7 7
149 70
2 8
3 6
15717 50
7 21
2 2
2 2
1 2
4 15
1 1
1 3
1 4
17064 87
17801 176
33 45
6 48
7 24
3 7
14497 34
1 3
9 14
15895 54
1 6
1 1
1 4
12720 18
17748 158
8 7
3 5
1 3
5 5
15863 53
8 15
15951 55
1 14
1 3
2 2
1 23
16350 64
3 4
14 33
1 4
3 6
6 9
2 4
3 9
12 8
1 11
21 65
26 18
1 1
1 5
1 8
6 20
3 6
14089 30
24 12
8 22
3 27
2 12
13283 23
1 16
16205 60
119 42
1 2
5 11
34 59
36 8
4 5
1 5
16712 74
1 3
12 23
1 5
1 2
16737 75
1 2
2 13
13 25
3 4
1 21
6 17
8 11
15 9
6 6
1 2
2 5
71 126
17 72
1 9
1 7
17065 87
49 51
1 5
5 7
4 12
1 8
2 6
1 2
13193 22
17451 114
1 1
2 3
4 23
15451 46
14899 39
5 5
4 7
560 45
1 3
1 2
3 8
5 12
17658 139
12158 6
1 3
1 4
12692 17
2 7
2 7
17085 88
2 19
1 3
7 13
16631 72
25 23
3 8
4 23
17667 141
1 7
14916 39
17738 155
1 3
2 18
2 7
2 24
1 9
1 3
2 14
1 6
10 13
4936 48
2 5
1 4
713 48
8 15
1 2
7 12
17882 336
16960 83
16480 67
91 52
2 5
15284 43
18 20
4 5
1 4
7 9
4323 33
11 13
2 8
16608 71
1 4
1 5
16919 82
2 4
2 5
1 1
1 2
1 5
1 1
1 6
1 15
4 11
2 10
17 38
41 80
13485 24
18 45
8 10
1 4
5 24
1 5
16586 71
14 29
6 10
2 4
4 10
15165 42
1 2
62 59
17497 119
26 13
13 14
3 21
3 10
4 13
53 50
1 4
7 13
4 14
8 10
1 2
3 8
2 5
3 6
14173 31
3 6
1 3
14268 32
14273 32
49 28
1 3
1 4
10 13
1 2
4 4
1 11
17902 427
1 4
2 3
5 13
3 3
1 14
1 20
2 3
2839 13
4 7
16652 72
15060 41
16159 59
3 24
2718 53
2740 139
1 3
11 14
1 11
1 3
15234 43
2 5
11 6
1 19
17854 233
4 4
14992 40
1 3
1 3
3 15
14 7
10 15
3 21
2 18
1 4
15856 53
4 7
15 28
2 9
2 40
16799 77
1 3
1 5
3 4
9 18
1 24
1 2
14052 30
1 5
1 3
139 20
1 5
17744 156
1 9
16161 59
2 7
2 7
1 2
1 3
1 3
14066 30
2 9
17702 148
1 1
16244 61
1 10
6 12
2 16
13001 20
1 2
3 12
2 2
1 1
2 3
2 9
1 1
10 10
1 2
306 35
7 16
9 31
17191 94
26 45
24 45
2 3
1 1
1 5
2 9
2 15
3 3
6 28
1 1
17082 88
7 9
2 5
1 1
4 7
3 5
13571 25
3 11
1 21
1 11
15000 40
1 2
7 8
40 11
13048 20
1 5
21 23
1 7
1 5
1 24
2 2
17226 97
1 10
15621 49
5 6
1 2
6 18
15 36
1 5
13783 27
17340 105
2 4
15722 51
8 8
15981 56
7 6
1 1
1 13
1 3
16092 58
17032 86
1 4
2 19
1 2
5 15
4 18
2 9
5 12
22 18
4807 19
1 1
2 28
17295 102
3 10
12849 19
1 2
1 11
3 5
6 8
1 6
19 31
1 12
2 3
14823 38
1 13
6 17
10 26
39 52
1 5
2 4
16511 68
4952 59
1 5
13268 23
17288 101
47 30
17349 106
1 4
9 12
1 6
1 39
14148 30
6 23
4 6
10 23
17409 110
1 2
1 7
16512 68
17234 98
4 11
2 28
1 3
2 3
1 1
3 5
1 2
16509 68
17875 297
2 5
11 8
17165 93
1 4
1 17
1 6
2 6
17631 136
196 70
2 12
1 2
3 4
16346 64
1 2
14040 29
1 8
4843 33
10 36
14544 35
1 3
5 9
8 22
1 3
2 2
17081 88
16778 76
1 11
14 34
3 9
1 4
8 48
1 4
10 16
3 3
1 4
1 4
16 23
2862 22
1 6
1 1
1 7
1 14
7 39
13 31
8 8
1 6
1 1
16 23
408 42
17483 118
17852 224
5 7
9 18
13691 26
14 9
1 5
15 19
1 6
1 1
3 51
1 3
1 2
5 8
17677 143
4 4
3 4
2 18
17022 86
4 11
3 11
1 3
16 19
16783 77
3 6
12451 15
1 3
1440 21
4 8
16760 76
1 4
2 5
8 15
1 1
1 4
15488 46
13939 29
1 4
8 6
2 2
18 12
3 10
21 10
2 3
16925 82
1 3
1 1
2 5
8 9
2 11
17539 124
1 2
6 13
14769 38
14501 35
5 6
1 1
1 4
1 5
5 15
302 38
1 4
15564 48
1 3
5 6
1 2
1 3
2 4
3 13
2 12
17901 420
1 4
17843 216
17160 93
1 5
1 11
5 25
13561 25
44 16
1 4
2 3
3 4
1 3
14 18
13444 24
45 12
6 8
2 3
36 76
12 15
1 6
1 3
19 12
1 7
13655 26
1 2
4 26
2 8
3 4
8 33
5 7
7 33
16 44
3 11
12275 12
14636 36
1 3
3 9
3 28
186 20
51 26
1 3
1 1
1 5
16011 56
1 41
1 3
7 14
4785 8
17417 111
6 9
1 2
1 3
5 9
6 7
1 10
6 23
3 5
1 2
3 11
14650 36
1 3
16566 70
4 15
4 11
2 12
3 12
2 6
8 15
38 46
44 50
5 7
23 19
1 8
1 1
1 5
1 1
2 3
5 31
3 16
2 4
9 26
14414 33
6 18
1 1
13575 25
2 10
3 9
17412 111
1 3
3 8
4 6
4 22
1 2
3 5
1 26
32 16
19 28
6 7
3 5
7 19
1 1
4 8
15703 50
16964 83
2 11
5 11
15986 56
1 4
12367 14
3 6
85 36
150 69
4 6
1 3
67 125
5 25
2 5
12 40
5 10
1 2
298 33
3 3
36 42
1 1
17088 89
1 5
17839 213
1 4
3 38
3 11
51 29
5 9
2 6
2 23
3 12
1 3
1 2
16756 75
6 24
15048 41
1 7
25 12
14710 37
4 4
13518 25
2 13
1 5
2 6
2 2
13779 27
4 11
2 7
1 1
15027 40
3 9
19 25
1 4
8 31
6 15
4 12
41 50
3 3
5 12
6 12
1 5
9 13
12725 18
1 7
21 36
3 8
42 12
1 3
1 6
7 9
225 59
25 57
17446 113
58 8
87 13
2 2
1 5
1 5
2 5
1 12
1 1
1 4
3 6
15130 42
1 5
2 9
2 3
2 9
1 4
2 6
12287 12
71 19
26 17
40 12
2 2
1 2
1 4
1 7
2 8
3 9
2 7
1 2
1 2
1 6
9 8
6 27
17 19
16 11
64 39
1 1
2 7
17624 134
1 1
17 10
3 9
2 2
10 16
2 8
3 5
17566 127
1 5
1 1
1 5
2 2
1 4
52 51
1 1
17721 152
17763 163
13807 27
2 2
6 13
10 36
1 2
1 2
14886 39
1 5
3 5
7 10
16554 69
2 7
2 5
1 1
16297 62
31 50
36 53
1 2
12292 12
16178 60
2 15
1 8
12907 19
10 30
2 9
5 11
2 6
34 38
1 3
2 42
14058 30
1 3
2 4
1 2
1 6
5 6
2 3
1 2
1 3
2 12
1 2
2 4
1 1
14408 33
3 14
6 8
1 6
3 6
2 16
2 21
13580 25
4 40
1 14
12233 11
3 3
3 7
14990 40
1 8
1 1
13583 25
16538 69
17855 234
96 42
3 5
40 80
16994 85
3 12
4 5
1 2
1 1
4802 16
16674 73
1 3
1 2
17419 111
1894 12
1 6
1 1
6 13
16600 71
29 32
16 31
7 9
1 2
14 11
1 2
2 11
1 3
34 16
1 4
15962 55
1 5
3 6
5 8
1 5
6 17
1 4
1 12
1 9
1 3
40 24
2 3
11 25
10 34
8 14
8 29
2 7
1 4
17807 180
1 2
1 4
1 7
5 17
4 4
1 4
15916 54
17355 107
1 29
20 54
4 37
1 2
52 19
5 25
2 4
6 10
1 11
1 7
1 2
4856 38
13224 22
4 8
247 73
2 2
14343 33
14071 30
1 1
411 20
1 3
1 7
1 3
1 14
2 7
19 31
2 2
1 2
1 2
8 22
4 4
3 5
52 22
1 2
3 5
1 3
2 3
1 1
2 27
1 1
1 1
4 6
3 10
6 10
3 7
71 84
15629 49
1 2
41 26
11 22
14887 39
6 12
17422 112
1 4
17815 190
4823 27
1 4
6 41
14959 40
1 4
13255 22
12576 16
1 3
2 6
16068 57
20 65
1 25
2 5
16700 74
2 5
8 25
2 4
1 2
2 15
1 36
2 4
1184 38
16717 74
4 11
16745 75
1 2
18 22
1 3
1 2
1 5
2 5
1 32
17072 88
1 1
1 24
7 10
17535 123
1 1
1 3
6 6
15669 50
13682 26
3 17
1 4
11 12
1 6
4 12
1 9
1 1
20 10
1 6
13029 20
1 2
3 8
129 55
1 1
1 1
63 75
1 2
7 17
1 1
4 6
14999 40
17359 107
2 7
8 51
2 5
1 5
17732 153
16193 60
1 5
14344 33
1 5
8 26
16542 69
1 1
17660 140
1 7
3 4
1 11
1 1
2 13
2 7
16072 57
1 9
16180 60
12196 8
2 39
1 2
2 5
1 1
16374 65
13243 22
4861 40
6 7
15558 48
2 5
4 7
1 12
1 2
1 4
4 33
60 84
1 4
15371 45
1 2
45 10
1 1
8 7
24 25
3 23
1 2
6 28
2 8
14877 39
1 2
15129 42
4 8
9 18
2 3
3 4
1 1
8 8
50 49
1 1
17401 110
2 6
4 15
17590 130
3 10
12 10
4 8
1 8
2 4
1 7
15 10
5 18
36 59
10 13
1 7
1 2
16962 83
20 17
1 10
1 1
1 8
15094 41
12 20
10 24
1 3
4924 29
5 18
1 3
7 26
2 6
5 8
1 2
1 1
1 3
1 3
6 16
8 8
3 9
3 9
1 4
3 7
13604 25
1 8
1 1
4 12
4 4
6 8
12 46
3 4
16352 64
42 51
1 9
5 16
16 11
2 2
6 16
1 23
3 4
25 50
2 2
1 14
16499 68
12952 20
12427 14
16306 63
12168 7
15407 45
27 32
102 27
5 8
4 16
16357 64
1 4
12205 9
16304 63
17297 102
1 2
5 7
6 20
1 5
1 8
1 5
2 4
5 18
3 5
3 7
15 30
7 8
2 22
2 4
13071 21
2 13
1 4
1 2
171 27
1 3
1 6
7 15
14642 36
12644 17
6 13
4 12
2 4
16 12
13 10
5 9
2 7
8 18
14360 33
1 1
2 4
2 20
5 7
1 5
12899 19
7 11
2 19
12508 15
6 30
12848 19
3 4
1 9
15614 49
14523 35
3 19
246 32
1 2
13415 24
17344 106
15823 52
1 1
7 50
2723 57
2 5
3 10
2 8
3 6
4801 16
11 12
16649 72
17371 108
1 3
2 6
46 31
1 2
1 4
1 1
1 4
1 8
2 3
1 15
12 45
5 7
3 6
16303 63
1 2
1 4
288 65
5 12
17103 90
12411 14
13943 29
1 4
14538 35
1 5
1 2
17841 214
4 18
5 9
17333 105
241 24
1 4
16955 83
1 3
1 1
1 6
8 9
11 21
17043 87
1 11
12823 18
1 4
1 3
16438 66
4 10
95 21
15154 42
1 2
1 3
1 3
50 15
15590 48
4 13
11 23
6 11
29 52
11 18
1 7
17018 86
13 51
17791 173
6 38
3 12
1 4
23 17
1 1
13309 23
1 3
1 2
1 2
4929 30
9 21
3 3
41 31
18 22
1 2
10 39
1 2
1 3
11 20
15994 56
3 18
6 12
1 2
14122 30
8 32
1 4
1 8
6 12
16388 65
14 19
17 21
17788 173
13568 25
2 5
14693 37
13 23
7 13
1 2
3 11
1 3
15290 44
1 4
1 4
17737 155
15547 47
5 26
2 6
12 25
5 12
6 22
1 9
12279 12
16409 65
2 4
8 39
2711 33
1 1
1 18
1 6
1 1
14340 33
11 49
14074 30
11 7
13937 29
4 12
2750 61
3 21
1 4
2204 37
17656 139
4 5
2 9
1 6
16187 60
14236 32
3 7
109 68
54 52
2 11
17365 107
17584 129
3 39
1 3
1 4
69 19
13 6
2 8
3 6
18 15
2 12
15580 48
15478 46
2 5
8 19
23 7
17538 124
15077 41
14645 36
1 3
3 22
13420 24
1 6
33 37
14 51
1 2
8 8
1 4
6 18
5 12
1 4
17876 313
1 3
4309 23
1 1
5 6
4895 67
11 15
12359 13
12568 16
13 18
4 5
3 5
1 3
1 1
1 6
15316 44
1 10
4 6
12 26
1 5
15 29
17 24
17665 141
14678 36
4 13
1 6
1 6
2 2
2 11
3 6
1 7
17757 162
10 5
7 9
2 4
1 2
47 21
16694 74
1 3
1 2
4883 53
1 2
1 1
2 4
2 7
1 1
17783 171
5 16
14 8
21 49
3 5
1 4
1 1
3 15
1 2
2 4
16458 67
4 12
9 28
5 4
6 9
1 10
3 3
14428 34
24 44
1 1
17793 174
2 7
1 5
1 4
2 8
414 111
15036 41
4 4
2 14
14649 36
18 31
12641 17
1 5
1 2
1 3
9 21
6 27
1 4
2 8
1 5
17039 86
4 21
1 11
15392 45
4 10
2 18
1 5
1 4
1 2
13328 23
2 6
16419 66
1 6
15136 42
48 13
1 8
5 13
4 19
16474 67
1 3
15480 46
1 2
17352 107
1 7
1 16
3 3
1 13
1 2
9 21
1 2
17781 169
2 3
1 4
4 57
1 13
3 24
5 8
1 3
3 6
10 14
15278 43
1 7
4 11
3 14
83 43
1 5
11 38
1 1
2 17
3 4
1 8
14639 36
1 2
2 15
1 4
3 7
15322 44
5 8
2 13
10 17
1 4
9 28
4 11
17395 109
16751 75
2 10
16237 61
16504 68
10 12
4 23
1 4
1 4
1 1
1 5
23 13
15291 44
15534 47
1 2
14949 39
4 18
15 32
2 19
3 16
2 3
17330 105
16 31
1 5
2 4
11 40
15399 45
1 1
2 3
16826 79
17777 168
2 22
1 4
3 22
3 5
3 22
1 1
12374 14
1 1
2 4
2 5
5 13
96 15
4 8
3 3
3 4
1 4
8 16
760 26
1 2
15 15
3 5
10 11
2 5
1 11
3 4
1 6
4 21
14007 29
1 20
5 18
2 2
1 3
16019 56
1 1
1 3
1 3
3 9
5 21
5 8
1 1
1 4
2 6
1 2
11 58
5 7
79 26
17376 108
4 7
1 1
3 4
15014 40
15 23
2 21
2 19
5 11
17550 124
1 2
12471 15
4 13
12665 17
1 1
2 12
1 5
5 8
7 10
17162 93
15 5
1 1
4905 93
10 10
6 16
35 16
5 17
9 20
3 5
1 1
5 8
4 37
9 10
1 1
4 22
1 11
13563 25
4 4
15134 42
1 4
1 2
2 15
1 2
15473 46
1 12
2 5
14572 35
1 1
1 12
3 4
15021 40
14993 40
2 10
2202 62
2 3
2 10
1 1
31 45
7 41
2 8
2 46
1 3
13516 25
16484 68
20 26
1 9
4 12
1 5
3 31
1 7
1 4
2 3
16905 81
1 2
664 88
13 30
1 1
1 6
1 2
17800 175
14 33
1 2
13881 28
13277 23
25 6
16118 59
1 3
5 11
13060 21
27 41
1 2
4 12
15894 54
1 4
3 3
8 10
13 15
13123 21
2 3
16024 56
2 13
10 52
1 4
13 48
1 18
16207 61
2 9
1 6
15720 50
22 29
16920 82
1 4
31 24
1 4
3 9
12703 17
3 28
3 8
1 3
1 8
16856 80
1 3
13 10
6 10
1 13
2 4
2 5
13836 28
1 5
3 19
13 29
6 18
1 1
2 4
180 12
23 21
3 10
1 1
1 17
2 2
1221 64
12 26
1 5
48 46
18 11
1 3
13099 21
15699 50
10 39
1 8
768 14
13220 22
51 43
7 13
13197 22
6 7
1 1
1 2
1 1
1 1
31 69
32 73
2 16
6 11
1 6
28 13
2 10
1 14
1 24
15065 41
13490 24
37 59
13292 23
1 3
15839 53
3 16
1 2
7 12
1 2
1 4
1 1
3 5
1 1
12787 18
1 6
8 10
15808 52
2 5
14646 36
17067 87
1 2
1 8
1 6
1 1
1 3
2 7
1 3
13630 25
1 2
13677 26
17286 101
16447 67
3 10
15615 49
1 13
16 48
1 10
15817 52
1 2
2 12
17758 162
1 21
15968 55
13285 23
4 16
1 3
10 36
1 2
2 21
3 6
1 5
1 15
1 3
17338 105
17869 274
13380 23
15539 47
7 27
2 8
1 7
31 54
1 1
7 11
3 6
13 40
1 2
12 60
1 8
9 22
2 18
3 4
17132 91
1 2
1 10
2 6
2 9
14982 40
84 46
1 3
4290 20
3 19
15886 54
1 8
17857 236
6 25
41 16
2 13
1 4
1 3
1 13
1 1
1 4
3 15
1 6
2 6
15144 42
6 10
26 53
1 20
1 4
27 29
5 4
6 19
1 6
16035 57
1 7
14064 30
2 7
14054 30
14119 30
12 12
1 2
12 22
3 7
1 4
2 2
2 5
12 29
17201 95
1 3
12 27
1 2
3 10
1 3
1 2
1 6
3 17
1 7
13782 27
12160 7
1 29
15040 41
1 1
2 5
17121 91
15439 46
98 47
6 11
9 10
2 3
1 2
14785 38
9 47
11 53
1 27
15300 44
61 93
15557 48
1 2
1 13
1 1
1 4
15911 54
15691 50
1 14
1 16
1 2
2 7
3 11
1 12
2 4
1 1
8 15
1 3
1 3
17224 97
1 4
1 2
17596 131
2 11
35 24
16547 69
1 1
16079 58
16277 62
1 4
1 4
1 5
17607 132
2 16
3 4
5 38
2 3
2 5
2 3
8 13
29 19
12488 15
2 2
17554 125
3 4
1 8
14 20
2 4
11 20
1 2
1 5
17114 90
14868 39
2 8
4 52
1 1
69 41
1 6
8 35
17867 271
7 7
15999 56
1 2
2 10
3 5
4 5
11 10
2 20
1 2
37 33
24 16
1 3
16981 84
1 8
3 46
3 4
1 6
1 6
215 17
5 61
5 12
1 2
13946 29
1 4
4 4
2 6
2 9
58 48
1 6
2 13
2 4
15565 48
2 10
1 2
2 10
11 31
1 2
1 1
2 6
12 17
17858 249
16 25
14189 31
1 7
47 50
16752 75
8 38
1 3
1 3
3 3
2 2
17668 141
2 3
12 15
15728 51
16455 67
9 12
19 29
1 3
2 14
158 15
1 2
3 15
16242 61
11 16
15352 44
12533 15
9 25
2 11
2 18
1 2
2 8
9 10
156 53
16 43
14150 31
30 10
4 15
14 11
1 4
2 3
16 28
3 7
1 13
139 52
1 3
360 59
14 23
2 7
16820 78
2 2
1 3
1 4
1 1
2 6
45 80
23 26
1 4
49 11
14587 35
34 19
17128 91
1 5
2 23
39 80
8 11
3 6
18 19
1 10
1 6
1 7
14358 33
3 5
2 10
1 2
1 15
1 5
1 4
1 4
8 26
1 35
1 33
1 1
13637 26
1 3
1 10
4 14
1 2
16544 69
9 25
17235 98
1 5
1 2
14515 35
16363 64
8 22
2 2
15942 55
16240 61
27 21
4 22
3 20
28 11
4 22
1 8
1 2
1 3
15798 52
1 1
59 78
1 1
8 12
1 1
1 3
2 2
1 2
13950 29
1 1
1 3
8 15
1 2
4 13
1 4
4 7
1 3
1 7
45 19
4 10
65 16
6 11
17055 87
15566 48
15265 43
1 4
16865 80
1 5
4849 34
68 125
1 12
13535 25
3 12
15125 42
37 53
2 5
13313 23
7 27
1 7
2 5
4 20
2 4
4 18
19 15
17087 88
5 39
17173 93
1 9
12657 17
1 3
55 39
15272 43
10 16
47 22
5 16
15637 49
16086 58
15131 42
1 4
1 2
1 2
1 1
1 4
1 3
15 53
1 1
13155 22
2 2
8 29
1 2
2 5
3 8
2 3
3 4
17200 95
14754 37
15706 50
1 1
17865 269
1 4
2 4
1 1
13543 25
17714 150
15056 41
1 10
10 46
15018 40
1 2
3 13
1 2
13286 23
1 1
15673 50
9 9
1 1
1 6
15625 49
1 4
13835 28
14905 39
1 2
1 2
32 13
1 2
1 4
1 3
15345 44
1 12
13487 24
1 2
1 1
16338 64
1 4
1 15
23 45
6 9
4 14
1 2
1 5
1 1
4 11
2 15
14267 32
7 15
3 11
17 20
30 12
3 14
14969 40
2 9
1 2
23 35
1 12
3 8
12448 15
1 2
2 10
15903 54
213 22
17688 145
6 9
6 20
6 9
14569 35
1 1
15674 50
1 1
1 19
17645 138
1 1
16707 74
16231 61
16736 75
1 5
1 1
2 18
7 16
1 3
1 3
12483 15
20 16
2 4
1 11
1 2
1 1
1 7
1 6
3 15
53 22
1 6
17528 123
2 23
6 7
1 2
4 11
1 3
16668 73
3 9
13 31
3 3
5 16
16 13
23 23
1 20
42 69
116 86
7 24
4 46
4 55
15058 41
6 11
5 5
3 14
2 8
14203 31
3 12
1 2
15873 54
13451 24
12941 19
4 17
1 1
8 13
17623 134
17281 101
1 6
17427 112
63 15
2 4
1 13
16038 57
17583 129
3 15
4312 28
8 17
16 69
4 23
2 7
14 25
13102 21
12 12
2 7
6 13
1 1
1 3
1 11
1 3
17557 125
2 10
412 20
2 2
6 35
14322 32
3 8
7 6
2 3
5 5
13538 25
1 2
1 2
1 4
3 4
1 1
10 53
1 12
1 5
4 7
16410 65
31 19
12666 17
1 2
16968 83
1 2
3 13
10 15
23 39
3 10
32 31
2 7
2 8
18 28
4 9
1 7
1 10
5 24
1 4
11 20
16171 60
1 3
2 3
16864 80
1 4
12870 19
12903 19
3 7
7 31
1 5
49 94
12645 17
108 30
1 8
1 1
3 4
8 5
3 7
15342 44
16576 70
13793 27
1 2
14 17
8 14
12 46
1 3
15879 54
1 6
1 2
15289 44
1 1
2 4
3 6
1 3
24 16
16523 69
1 1
8 8
1 3
1 3
1 3
3 20
8 9
6 12
17870 281
1 4
13187 22
35 38
2 18
222 58
4 9
1 5
1 1
1 7
13044 20
11 18
8 18
1 1
14297 32
151 11
1 4
1 3
25 45
1 5
1 2
16913 81
16633 72
4 23
12559 16
16690 74
2 3
15969 55
1 2
1 10
3 23
1 8
13407 24
1 3
1 1
32 18
1 15
1 4
1 3
5 8
1 2
7 9
2 36
3 9
17115 90
16887 81
23 32
1 4
14581 35
2 9
14 17
2 10
29 17
7 9
12847 19
3 52
12659 17
17903 504
2 7
1 6
5 36
13315 23
2 4
1 2
1 7
1 3
1 3
9 18
20 28
17769 165
4 13
1 10
3 16
1 1
10 19
1 1
2 4
1 8
2 7
1 1
6 7
1 2
1 1
5 32
1 1
2 4
2 7
15723 51
1 4
19 65
26 58
999 63
6 15
33 41
4 18
1 3
13993 29
1 2
76 21
1 1
16486 68
2 39
1 3
1 3
1 3
1 8
1 1
3 25
41 32
1 4
3 11
3 10
5 9
10 12
1 3
2 4
1 5
1 3
21 14
1 5
1 1
14452 34
1 4
2 7
1 1
1 3
1 5
1 4
1 13
1 3
3 7
1 4
5 12
1 2
1 8
15405 45
1 2
1 4
59 46
14588 35
12597 16
6 14
2772 70
11 20
79 15
4 12
1 6
1 3
1 4
1 3
3 7
3 4
2 15
1 3
2 7
17237 99
2 4
7 8
51 32
13121 21
1 4
4 9
2 11
1 1
1 6
12507 15
46 36
1 5
3 5
1 15
1 20
9 20
28 47
1 1
17326 105
2 2
2 2
4 12
1 2
1 4
1 1
7 28
4 20
1 1
1 4
9 31
31 22
1 1
1 2
7 14
4 12
1 2
1 2
16602 71
1 1
1 2
1 3
1 1
10 27
14813 38
4 16
2 2
1 1
1 2
1 4
1 3
17138 91
1 3
4370 32
16689 74
14356 33
5 6
1 3
1 1
2 5
1 1
1 6
1 12
1 2
1 2
3 7
1 2
2 2
7 24
2 7
12 6
1 2
1 3
3 9
88 36
16449 67
2 4
1 1
6 13
1 5
1 2
63 31
5 11
1 4
1 12
14539 35
11 30
17670 142
7 14
2 11
5 11
13202 22
1 3
1 2
1 6
14626 36
17 8
1 11
1 2
35 29
8 19
2 6
1 4
1 2
28 16
8 53
1 2
1 6
1 33
3 15
53 32
1 9
1 2
1 3
6 8
1 2
1 1
1 2
2 3
3 7
3 10
1 2
1 1
1 6
13138 21
17347 106
2 2
94 25
1 3
3 3
1 2
2 3
1 3
1 3
1 3
9 53
13 21
16046 57
1 17
2 3
5 7
1 4
1 12
1 10
4 36
10 10
1 48
1 3
15139 42
3 3
1 2
15466 46
1 8
17814 189
17646 138
3 24
1 6
17214 96
9 12
37 75
20 31
5 6
17323 105
8 12
2 19
17221 96
11 10
15831 53
1 11
1 5
15331 44
6 41
94 20
1 5
2 2
13694 26
4 12
5 28
1 7
22 49
14559 35
1 7
15764 51
5 18
2 8
1 6
1 11
3 5
14733 37
1 2
1 1
5 12
1 2
1 3
1 1
1 2
2 28
16343 64
13 18
1 1
1 1
29 26
1 5
1 4
2768 96
13661 26
1 3
1 5
6 16
3 13
7 22
39 16
1 2
9 17
6 35
1 4
3 12
1 2
3 4
1 3
2739 75
12412 14
1 2
2 7
16713 74
4 6
1 3
51 12
51 24
1 5
3 12
1 3
2 2
3 14
16208 61
3 10
14585 35
4 13
1 5
4 18
2 3
1 3
1 2
11 17
15998 56
1 3
1 1
1 16
1 8
1 6
1 7
2 7
1 7
4318 30
17324 105
1 9
5 17
3 5
31 43
2 6
7 12
1 16
1 3
1 8
4 9
5 7
1 3
4850 34
1 2
2 2
1 3
2 18
2 4
9 12
1 1
14 18
1 2
3 8
4903 83
17711 149
2 2
2 2
17 29
1 5
1 3
14459 34
80 19
12339 13
1 1
1 3
12504 15
1 1
1 6
3 3
2 9
3 5
1 1
12 31
14073 30
1 2
11 28
4 8
6 8
2 8
16 9
1 4
15790 52
17503 120
12 22
1 10
16482 67
1 2
1 4
1 40
17684 144
12259 11
30 15
2 9
5 18
1 1
3 3
3 9
1 3
1 2
1 2
15188 42
1 4
16696 74
1 3
14405 33
1 1
1 5
39 51
1 2
15653 49
1 3
1 2
5 37
12815 18
2 7
1 2
17561 126
1 3
3 3
3 8
1 5
16094 58
4 5
1 10
3 12
12 36
1 18
1 4
1 16
1 3
1 6
4 7
10 13
15461 46
3 6
1 30
13410 24
1 1
3 18
74 52
8 18
280 14
1 9
5 33
2 2
1 11
1 6
1 8
14 15
29 14
1 11
1 2
12936 19
1 2
1 1
1 2
109 64
15016 40
1 2
6 8
36 23
2 4
74 21
191 40
9 9
15909 54
17786 172
5 9
33 61
2 15
16525 69
14837 38
10 18
14 27
2 4
1 3
2 3
5 39
1 7
1 4
1 3
5 11
12509 15
1 1
1 6
16328 63
13394 24
17229 98
17602 132
5 6
4307 22
8 24
2 2
16252 61
14834 38
2 4
14599 36
3 11
14827 38
17029 86
1 6
30 16
9 19
1 1
13539 25
1 8
2 8
8 21
5 45
13477 24
15022 40
5 8
2 21
4873 45
13228 22
1 2
16 14
13800 27
2 10
13811 27
67 36
2 4
2728 19
2 12
15 5
4 9
3 36
10 6
27 32
1 2
1 1
1 6
4871 44
1 4
2 11
14076 30
13 40
1402 13
2 2
1 1
37 35
1 2
1 11
4904 90
22 48
29 48
1 3
1 9
1 12
1 5
1 4
6 9
7 7
2 7
2 2
10 18
3 10
63 30
3 15
1 2
13529 25
1 11
7 7
1 2
1 2
1 5
1 2
2729 23
13688 26
17594 131
15849 53
17802 178
120 145
8 47
4 10
20 11
1 4
1 9
12 35
1 3
1 2
3 6
8 5
1 8
1 2
13541 25
1 2
1 2
1 2
17327 105
12378 14
1 32
38 14
14460 34
1 5
17726 153
15683 50
5 12
1 17
4 6
4907 98
14872 39
14709 37
1 2
12 39
1 2
4898 70
4 32
31 20
2 6
13695 26
1 3
1 13
10 14
1 4
7 7
1 3
1 2
1 8
2702 8
1 13
1 2
14286 32
14 12
1 10
13 13
1 7
17 14
13162 22
15 51
14411 33
120 32
11 35
4 11
4 9
1 18
3 8
18 37
1 19
97 47
30 19
8 15
5 10
17606 132
2 3
13635 26
13804 27
1 2
14700 37
15 40
6 6
1 3
16946 82
2 4
1 4
9 9
1 3
12220 10
4880 48
2705 26
9 9
1 18
207 25
1 4
2 5
14 6
5 9
7 48
1 3
82 8
4 7
8 27
8 8
1 2
1 6
2 6
17190 94
2 15
16103 58
1 10
1 12
10 19
1 2
4 18
3 10
1 1
11 12
1 1
29 21
8 15
3 4
35 18
1 9
2 2
1 2
10 13
1 7
1 10
1 3
1 4
1 4
3 16
9 10
5 5
3 7
1 2
1 5
1 2
1 4
1 5
4 17
5 33
16397 65
1 15
1 9
9 21
1 3
1 28
6 33
5 10
1 6
1 4
6 20
1 4
1 3
17053 87
2 53
14594 35
16985 84
1 9
1 7
4337 54
17792 173
16943 82
16747 75
1 10
1 7
13310 23
1 3
2 7
1 2
1 6
38 64
5 47
4384 62
1 2
4958 74
8 9
4 10
9 17
13769 27
2 6
17038 86
24 36
4 6
2 4
1 1
1 13
13 9
12882 19
15924 54
213 22
14035 29
6 18
16270 62
1 8
4 5
1 1
11 22
9 22
8 22
7 22
1 4
3 38
16 20
1 28
15684 50
102 74
10 14
2 12
1 6
10 35
5 12
4 5
1 3
17751 158
1 18
5 53
1 1
16380 65
1 6
1 1
27 19
1 3
8 26
14617 36
13422 24
17 26
39 69
44 69
3 4
12833 18
7 11
1 2
1 4
2 8
1 5
3 6
14214 31
1 7
10 18
1 24
13 28
1 11
2 8
1 31
205 32
4 18
15712 50
1 22
29 17
12601 16
1 15
34 32
1 4
128 45
1 1
4 19
6 10
1 19
13053 20
16199 60
13416 24
1 8
30 45
2 8
5 39
1 5
1 3
13724 27
1 1
7 24
16665 73
6 30
12469 15
10 27
10 23
11 25
302 46
1 5
1 8
1 1
1 2
1 1
9 21
15670 50
35 36
4 7
6 19
1 10
1 5
2 8
1 1
4305 21
15611 49
1 6
1 14
17505 120
23 20
3 7
15822 52
13643 26
2837 9
15401 45
14291 32
3 7
3 4
4 10
1 2
1 2
1 5
17 24
16074 57
1 6
1 8
2 4
4 9
11 17
1 1
35 31
1 3
1 3
16047 57
1 4
1 3
61 69
8 8
1 9
1 2
1 4
1 1
1 2
6 15
15860 53
1 4
1 7
4842 33
1 4
3 10
1 6
2710 29
1 1
3 24
2 14
1 5
1 1
1 1
2 3
1 22
1 3
6 10
2 9
1 1
6 10
2 3
17 35
5 7
3 5
1 24
1 2
1 4
5 10
1 1
1 26
1 3
1 3
14881 39
7 7
1 1
4 6
2 4
7 13
3 5
10 10
2 4
2 5
1 5
1 2
1 1
13237 22
1 6
5 46
1 35
17679 143
4 5
16 21
2 12
52 15
4 9
1 4
16933 82
1 4
15730 51
1 1
8 9
16 29
1 1
3 10
5 26
1 4
33 39
11 55
2 19
17133 91
13000 20
1 12
129 107
1 4
1 6
17396 109
12 9
17408 110
19 16
13723 27
13481 24
1 2
58 55
16560 70
16150 59
14833 38
1 1
17004 85
1 1
1 23
1 2
16873 80
15677 50
1 5
1 1
1 11
14814 38
2 14
1 36
15338 44
4 15
4881 51
6 19
14567 35
17142 91
1 3
1 2
5 10
1 9
14 19
2 14
1 10
14531 35
16 12
10 19
2 4
5 12
12452 15
4343 63
17698 148
1 4
1 2
1 5
1 1
1 17
13653 26
1 1
13652 26
14378 33
1 3
1 28
16642 72
7 25
1 27
1 2
1 6
17708 149
1 29
2 2
1 3
16 13
1 10
2 10
4 8
27 25
26 28
14381 33
1 1
5 41
1 9
4 56
36 63
16 29
1 4
13457 24
1 3
1 3
23 16
3 4
12453 15
1 3
2 11
14207 31
9 9
13 30
14961 40
9 12
1 2
2 3
1 1
1 4
1 5
30 11
1 7
1 4
5 16
1 7
1 7
1 3
1 13
15 15
2 12
2 10
1 8
2 13
1 3
13387 24
16293 62
4 21
1 5
101 94
13411 24
17 16
4 9
1 3
13 11
1 3
2 2
35 53
1 25
1 12
1 2
2 3
4 9
1 7
1 1
17774 166
1 5
7 14
17703 148
14 19
1 1
1 3
13047 20
17220 96
42 30
16241 61
1 4
1 2
1 46
17654 139
17611 133
1 2
11 17
3 20
37 40
1 10
17794 174
1 3
14753 37
2 5
1 2
1 4
12 36
14395 33
1 14
1 6
8 18
13727 27
1 1
14492 34
2 17
1 3
74 63
1 4
17 30
16054 57
1 2
1 4
1 4
1 2
20 48
1 1
2 2
1 10
12476 15
17251 99
2 28
6 9
13199 22
2 12
1 3
5 12
1 3
43 9
1 1
1 21
1 4
8 21
16464 67
1 3
3 4
1 1
1 5
12 31
3 11
13703 26
1 4
15736 51
13 18
1 4
1 5
4 9
16055 57
14561 35
2 8
4 11
1 5
1 5
16515 68
16106 58
1 3
3 12
14455 34
32 8
386 32
4 13
1 1
1 1
9 11
7 15
1 3
1 11
1 9
1 31
10 8
1 15
2 9
16184 60
1 3
12377 14
4 5
2 5
5 7
1 4
8 8
12547 16
1 4
1 3
1 7
1 3
5 11
14888 39
14115 30
14720 37
45 17
12308 12
27 41
1 4
1 8
1 10
1 4
1 3
113 12
15268 43
1 5
2 2
25 56
1 5
4847 33
1 2
1 6
2 2
4 5
2 3
35 59
13 18
2 18
12 9
1 2
9 40
1 2
3 9
25 42
15453 46
3 6
2 3
7 9
18 29
2 6
3 6
2 6
1 4
14248 32
1 2
1 14
1 9
1 2
1 2
12255 11
2 2
15353 45
2 2
14684 37
18 14
2 8
4 4
3 4
2 4
1 1
2 3
3 7
16710 74
36 31
1 2
8 26
4 38
1 2
15444 46
13 21
2 12
10 10
1 1
1 1
3 7
2 15
20 12
1 5
108 27
1 12
1 3
3 45
16492 68
6 10
12446 14
1 3
3 16
1 5
1 16
3 7
15810 52
203 37
17099 90
16050 57
1 2
2 25
1 8
1 1
4 7
18 36
2 5
1 1
46 50
12840 19
2 2
3 3
1 2
4 12
1 45
1 1
16966 83
2 38
10 16
1330 14
15 23
1 1
16487 68
1 6
1 1
2713 39
1 4
15508 47
17 22
3 4
18 35
3 8
2 8
1 2
1 4
3 12
4 5
7 10
1 7
12 22
14 22
6 22
2 3
17899 418
4 7
14110 30
97 13
8 30
6 13
2 18
1 1
2 3
1 9
1 2
3 56
4 12
3 36
301 38
5 16
1 2
16995 85
5 18
7 17
2 5
1 2
3 7
1 11
1 2
16583 70
2067 18
6 7
9 19
1 6
16959 83
1 1
15023 40
8 13
1 5
1 13
2 11
16488 68
4 12
1 2
5 5
1 1
1 2
4 4
40 8
1 1
2 15
15132 42
14690 37
5 22
2 3
1 1
4 7
11 27
3 7
13816 27
15656 49
4 13
3 17
1 1
3 3
14121 30
1 2
17146 92
2 2
1 19
2 6
2 6
1 4
2 3
2 4
2 17
3 4
70 121
13113 21
1 6
2 13
21 27
4 5
16680 73
1 7
1 7
16473 67
4 5
14 14
1 3
2709 26
1 3
17073 88
49 28
1212 74
4 18
1 4
1 2
1 2
15218 43
12695 17
17382 108
13052 20
15624 49
1 3
15 13
2 3
12691 17
5 10
2 3
3 7
3 7
2 2
1 2
1 2
37 49
4 8
17125 91
1 15
2 4
4 7
1 1
1 2
3 3
12956 20
100 75
1 5
2 3
29 18
4 10
1 2
3 5
11 20
17485 118
1 4
1 8
626 51
4 11
8 22
2 3
10 27
4 6
1 3
3 9
6 7
4 4
15643 49
2 4
1 2
12 36
30 47
2 2
2 3
2 2
2 5
6 6
3 3
1 2
5 18
2 2
3 8
15217 43
4 4
16970 84
14510 35
1 3
1 1
4 17
2 3
2 21
10 31
2 3
3 6
17871 292
6 21
1 8
2 3
2 6
12201 9
11 10
2 5
8 7
3 18
2 4
13773 27
1 4
3 3
4 16
1 4
13098 21
4 10
3 7
1 2
1 8
1 4
2 2
5 25
6 39
14125 30
8 20
2 7
2 4
14714 37
15199 42
2 5
1 11
14144 30
2 5
2 6
1 1
12202 9
1 19
3 53
2 5
166 20
16 53
3 7
1 1
1 9
13850 28
14329 33
11 11
6 19
1 4
4 7
1 1
2 3
9 16
3 12
17061 87
11 14
1 2
1 7
16863 80
15176 42
1 4
5 8
4 17
15 19
45 69
1 4
2 5
21 13
99 61
1 10
14895 39
12669 17
2 3
3 10
17673 142
1 2
2 2
6 6
1 1
17 16
7 9
10 8
18 30
6 13
93 17
19 33
1 1
2 8
1 4
2 3
2 2
2 2
4 7
2 4
1 3
1 2
1 3
8 22
1 7
2 7
4 8
4 15
1 10
15 20
2 8
1 7
2 11
4 20
2 2
3 10
5 8
4 8
13 16
1 2
3 6
2 14
1 2
1 9
2 9
15024 40
13808 27
2 7
13530 25
13103 21
2 4
3 23
2 20
2 4
21 18
15602 49
4 15
2 4
1 2
20 29
16107 58
3 8
1 27
1 21
2 3
12203 9
17213 96
13636 26
11 19
4 6
6 53
2 19
2854 64
51 14
1 9
2 8
14436 34
2 18
14553 35
14708 37
6 8
2 2
17649 138
4 7
1 1
2 12
3 12
12554 16
21 28
9 9
1 6
1 2
5 6
14124 30
1 16
2 5
2 6
2 19
1 6
14113 30
2 3
2 3
1 3
1 1
2 4
4 5
2 10
2 8
3 10
1 3
23 42
1 19
17840 214
14116 30
137 83
2 6
15 14
16578 70
1 1
20 23
37 35
12 20
15198 42
2 8
1 5
2 4
1 5
1 13
1 5
1 2
17 20
4 11
12 22
1 1
2 19
5 18
3 18
9 9
4 6
4 9
1 5
55 21
15579 48
1 10
3 10
3 5
5 10
2 3
1 7
16273 62
2 3
3 9
2 15
11 28
12403 14
3 12
1 1
24 29
4 15
1 11
62 75
1 10
12232 11
16405 65
17575 128
3 18
3 8
3 14
15752 51
60 35
13515 25
13264 22
2 5
2 4
3 6
7 22
2 3
3 37
13 25
4 7
2 8
197 83
7 28
5 10
3 5
16843 79
1 13
16113 58
2 2
7 30
9 20
6 16
13 11
14 19
14829 38
2 6
2 5
1 12
1 4
1 7
11 14
1 5
4825 27
16044 57
13412 24
167 31
4 7
5 7
4 7
25 50
1 1
2 7
14768 38
1 2
1 1
1 7
5 6
11 20
4 6
15 11
2 7
17248 99
1 3
1 3
14123 30
15775 52
14088 30
15575 48
1 3
2 15
11 4
1 5
14866 39
12704 17
7 14
13316 23
171 15
7 29
21 31
15828 53
12817 18
1 1
1 5
16935 82
5 33
1 5
16956 83
8 48
13371 23
15029 40
14556 35
13 31
8 15
3 3
26 7
8 19
2199 10
1 6
1 12
2 7
2 10
1 3
1 10
17308 103
16108 58
6 46
4 4
2 11
4 32
2201 41
3 27
20 36
15576 48
2 7
1 1
3 13
16768 76
2 2
12836 18
2 3
1 10
1 6
4832 30
1 2
2 15
18 18
3 7
3 6
15820 52
1 6
2 15
2 6
11 34
4855 36
1 4
3 3
1 8
15923 54
1 1
3 4
3 5
16 36
5 10
176 40
3 7
16988 85
1 9
13716 27
14 23
1 2
2 3
2 2
3 10
2 13
1 19
2 17
1 3
15247 43
13660 26
2734 70
17249 99
15336 44
13168 22
1 4
1 3
17109 90
12 14
17587 130
1 1
16811 78
1 8
16201 60
1 5
1 1
16192 60
14377 33
1 2
15413 45
1 4
3 7
1 4
4917 20
1 4
1 3
12 18
2 4
1 1
8 27
4 5
13464 24
1 4
11 16
14694 37
13355 23
15943 55
6 12
15381 45
2 5
5 12
17760 162
495 41
16697 74
1 7
7 9
9 6
1 5
2 41
2 7
1 2
17680 143
17799 175
1 4
1 3
17034 86
15280 43
1 2
2 2
16227 61
2 9
21 10
14568 35
5 5
15840 53
13077 21
5 6
3 7
3 5
1 4
17410 111
2 15
1 10
1 5
16767 76
1 3
13 22
16 6
2 10
2 5
14809 38
1 2
1 7
2 24
3 4
67 23
1 5
17662 140
3 3
1 1
1 4
7 9
1 2
1 3
7 18
22 45
34 41
2 2
1 28
13467 24
2 5
1 23
1 2
7 12
15972 56
1 2
8 28
9 16
2 3
22 14
4 6
14945 39
16 13
1 3
28 45
16521 69
4 6
42 91
1 27
35 30
1 1
5 12
14152 31
1 3
1 13
1 6
3 5
5 5
1 2
3 7
2 5
3 4
1 2
1 6
1 7
2 5
23 29
1 5
14737 37
30 21
2 3
7 12
3 10
21 24
1 2
17787 173
1 4
1 7
2 25
12213 10
5 7
2 5
5 13
1 12
3 9
1 2
1 2
7 36
17617 133
7 12
1 4
16421 66
17153 92
21 24
1 7
4 12
2 6
1 6
12 38
1 1
1 3
12897 19
2 13
1 9
7 13
2 5
14663 36
1 3
10 10
17724 153
13370 23
16332 64
13524 25
2 7
138 29
13705 26
2 5
1 3
1 24
1 6
2 7
3 8
1 2
4 5
16403 65
2 3
1 2
1 1
1 6
15073 41
15869 53
17808 181
13596 25
1 3
13671 26
17595 131
1 2
14439 34
1 5
2 3
2 5
13678 26
2 4
1 7
6 14
19 36
40 12
1 5
1 12
12258 11
1 2
1 1
10 14
6 5
15364 45
1 2
1 3
14190 31
2 10
1 3
12341 13
3 6
2 4
14 23
4287 19
3 7
16124 59
2 3
16553 69
3 4
9 19
1 1
90 40
14333 33
1185 40
15 25
4 8
31 27
4 5
4 6
5 15
1 4
4813 20
5 9
14662 36
1 2
3 7
2 13
2 2
4 9
1 1
8 28
17603 132
5 35
4 4
2 11
3 38
2 3
9 30
1 2
1 11
25 21
34 10
5 12
1 4
2 16
2 3
16 25
21 26
3 7
5 6
17291 102
2 5
7 25
1 3
1 2
3 4
39 10
25 24
2 4
15837 53
5 10
2 8
15010 40
4279 13
1 3
15584 48
4 14
1 3
9 18
14582 35
2 4
12 15
22 34
1 2
1 3
2 7
4 17
1 4
4 19
31 14
1 6
1 24
1 1
1 3
1 4
27 16
1 1
2 2
3 10
3 8
2 4
1 5
6 5
9 13
2 6
2 4
2 9
3 4
9 13
17000 85
2 5
12890 19
1 1
4 10
12169 7
15 36
2 5
2 6
2 8
17492 118
12317 13
1 2
1 1
1 2
15469 46
8 18
1 3
12 9
1 3
4 18
1 4
17210 96
3 15
1 6
6 16
14300 32
1 3
1 1
1 18
8 9
2 13
4 48
2 2
1 2
5 12
13 22
2 3
1 1
3 13
16286 62
1 8
2 17
9 21
46 15
3 12
452 100
1 4
6 8
9 32
9 39
3 3
2 8
2 35
1 3
3 8
4 5
5 12
11 21
1 2
5 8
3 8
1 2
2 7
2 9
4 13
1 8
3 3
110 67
15742 51
14473 34
2 3
5 5
4877 47
23 27
14299 32
15785 52
1 6
16627 72
2 4
12864 19
4 7
1 2
101 48
1 12
1 2
2 6
2 5
1 1
1 1
2 5
13398 24
15264 43
12868 19
1 2
15750 51
7 15
1 8
3 3
1 3
10 9
15312 44
1 1
4878 48
1 4
15961 55
1 2
1 2
1 6
1 7
2 8
1 3
5 5
1 4
17149 92
34 15
1 8
3 3
2 56
16961 83
3 4
1 1
29 26
17415 111
4 25
14151 31
14112 30
5 23
3 6
1 3
1 1
1 2
13861 28
54 27
1 2
1 3
3 8
1 14
1 4
2 4
14101 30
14731 37
5 8
7 14
1444 11
2 6
2 11
16318 63
17075 88
1 2
1 2
1 3
13094 21
16461 67
2 7
1 4
16383 65
1 18
2877 28
3 5
3 6
3 12
1 5
409 22
21 12
7 6
20 14
1 2
3 4
2 3
1 2
1 7
10 13
5 10
9 29
1 2
1 6
13792 27
14 24
3 11
12 5
8 13
1 3
2 3
2 3
1 6
2 4
17621 134
1 6
2 4
6 7
16899 81
1 1
9 21
16755 75
1 4
17218 96
27 43
1 11
1 2
1 2
10 15
16430 66
3 12
17685 144
4851 35
9 12
4 4
13 36
17 8
2 3
2 6
3 5
3 5
2 3
17134 91
1 5
1 7
1 2
4 16
1 4
4 12
12497 15
1 1
2 17
2 7
17311 103
3 8
2 2
1 2
8 16
1 9
3 17
2 6
14141 30
1 6
1 1
1 7
36 17
13853 28
1 2
15959 55
3 4
2 25
14111 30
1 2
1 3
2 4
14778 38
3 11
6 22
1 1
17140 91
1016 64
1 19
30 53
1 5
16333 64
16773 76
15 20
1 3
4 19
1 3
12342 13
2 27
1 1
1 5
15 10
2 13
2 5
2 5
16870 80
10 8
2 10
1 2
3 3
1 5
14243 32
1 3
204 26
47 20
14 26
1 5
1 3
14756 37
15368 45
14508 35
2 3
24 34
1 3
2 17
1 3
1 2
1 3
1 1
1 6
13 14
2 6
1 1
1 3
39 19
2724 59
12 4
1 8
28 35
12 44
17015 85
16439 66
6 12
4 5
15214 43
5 5
4962 108
17317 104
1 18
10 22
3 3
2849 48
16818 78
1 2
1 5
1 4
4 6
7 9
1 1
15007 40
6 47
7 38
24 20
15083 41
4 28
4 5
46 46
99 61
10 47
9 20
2 3
1 7
15947 55
68 40
17479 117
44 21
8 30
1 12
3 16
1 8
4 6
1 5
4 4
15045 41
1 2
2 4
44 66
15955 55
2 5
19 36
4 30
1 9
42 80
14797 38
59 43
1 7
24 17
1 1
2 2
1 2
29 17
2 2
1 3
1 2
1 2
1 27
1 5
4 13
11 16
1 28
1 3
1 3
15341 44
2 15
1 3
38 79
2 3
1 9
1 2
5 28
1 19
15028 40
1 5
17339 105
3 7
13540 25
1 1
1 1
10 9
4 12
1 3
6 15
1 21
14698 37
1 3
1 2
3 7
2 5
1 5
12 21
1 3
1 1
4 7
37 9
1 4
2 11
1 2
29 47
115 23
15689 50
14153 31
7 5
17217 96
13 16
5 5
6 7
73 71
4 30
2 5
5 8
12776 18
4 19
2 10
12217 10
3 3
4 9
57 70
1 5
1 2
3 9
5 23
7 6
2 3
14030 29
15235 43
2 5
709 38
1 1
16 21
2 4
16121 59
17778 169
1 3
16 52
16229 61
2 32
9 14
1 35
248 83
1 30
4 19
13572 25
20 18
1 12
2 10
1 1
3 9
4 24
1 44
1 4
10 9
3 16
16060 57
10 7
14028 29
15283 43
3 3
16186 60
8 11
2 5
1 4
1 2
1 8
24 41
17111 90
1 11
1 3
21 55
18 17
1 28
8 19
705 32
1 12
14654 36
13468 24
1 4
2 3
1 2
7 11
10 16
2 3
9 36
12306 12
1 3
2 3
1 3
5 7
12312 13
1 1
2 10
17 25
16807 78
4 46
5 29
14847 38
1 3
2 11
15855 53
1 16
1 3
1 2
8 10
1 4
2 3
6 7
33 59
26 25
14839 38
15124 42
1 1
1 4
1 3
7 8
1 1
1 18
4 8
17041 86
2 4
18 24
1 3
17629 135
1 9
2717 51
15191 42
3 4
1 5
1 9
4 39
17827 197
26 23
28 42
2 8
3 10
8 7
13 29
1 5
25 31
11 19
1 6
1 4
1 2
27 21
177 43
1 1
7 11
2 2
9 32
17384 108
16427 66
14831 38
1 1
3 4
1 2
1 1
10 25
5 9
1 16
4348 90
4 14
2 4
49 9
13154 22
16500 68
13519 25
1 5
2 4
2 4
17225 97
15080 41
10 12
2 16
1 2
1 2
4 10
1 1
144 52
14675 36
2 17
13 13
1 4
1 4
4811 19
1 3
1 11
1 3
16036 57
2 3
2 2
3 4
12299 12
2 2
12 14
1 4
3 11
2 4
3 26
15085 41
1 18
2 8
4 11
1 29
35 31
14920 39
1 2
1 6
13108 21
38 51
1 2
5 6
1 3
2 2
1 3
2 29
15867 53
16706 74
3 7
1 2
2 2
1 8
25 25
2 5
2 3
8 18
12 14
2722 56
17454 114
34 45
1 3
2 9
16049 57
16940 82
17822 194
1 3
17762 163
1 4
1 3
3 11
6 14
14615 36
7 38
25 16
3 3
2 12
17526 123
2 4
3 11
1 8
15 24
3 3
11 23
16644 72
55 26
17494 119
15114 42
1 3
15244 43
15585 48
1 10
1 2
2 5
11 40
1 4
1 2
17 11
6 31
15743 51
2 7
2 2
13844 28
5 5
2 2
1 3
2 4
2 2
4 6
47 53
1 2
1 8
15 22
17013 85
1 4
16551 69
7 8
29 37
2 11
2 4
4 4
13078 21
2 7
1 8
1 1
1 1
5 48
1 5
3 7
4 7
3 17
3 10
3 8
4372 45
1 2
1 3
1 3
1 4
13961 29
14063 30
16423 66
20 41
12577 16
1 19
3 10
4899 73
3 9
7 15
2 32
16772 76
2 6
17866 270
2 7
1 3
1 3
1 2
15 19
24 66
12591 16
1 2
3 3
16085 58
1 6
6 17
17648 138
16618 72
2 4
8 8
30 61
6 27
14461 34
17413 111
3 8
2 6
21 18
1 3
3 23
1 5
12 6
1 4
2 4
1 7
1 3
17212 96
13567 25
2 17
99 54
4 18
1 1
16881 80
30 13
6 11
1 3
1 3
17300 103
2 46
38 80
3 3
3 5
24 13
17126 91
1 3
17710 149
15400 45
3 6
14968 40
2 4
3 8
2 4
14146 30
1 4
1 6
4820 21
2 3
17821 194
43 11
2 4
1 8
4 5
9 10
2 4
1 5
1 26
14958 39
4910 230
5 41
8 14
2 19
13710 26
17 44
4 41
1 2
1 4
17185 94
14680 37
17 16
16718 74
1 9
47 49
19 29
1 16
17470 116
44 42
1 31
16078 57
13684 26
8 12
4 53
3 12
17747 157
3 4
3 16
1 6
15173 42
15544 47
13929 28
16798 77
5 32
1 3
2 5
4314 30
16537 69
16774 76
13584 25
2 2
12369 14
2 7
1 6
2 2
17407 110
94 40
1 7
13 60
1 5
145 10
12906 19
2 2
18 48
40 48
12732 18
40 66
1 7
20 29
1 3
14879 39
2 8
1 2
53 86
3 8
11 14
15 26
1 6
1 3
14900 39
1 10
6 17
1 1
3 7
1 2
2 14
14047 30
1 3
1 1
16501 68
1 8
12215 10
17562 126
1 3
15362 45
17620 133
1 4
1 1
2 8
13833 27
1 2
1 2
16834 79
5 13
1 2
16963 83
2 6
2 14
15600 49
17 48
3 4
88 40
6 9
1 7
2 12
2 6
1 10
16619 72
1 6
1 3
587 43
1 6
15758 51
1 5
1 17
1 2
4 4
1 4
8 11
2 10
1 12
2 4
11 16
4324 40
15015 40
1 2
15347 44
5 10
17480 117
15511 47
8 12
16362 64
3 5
16239 61
1 4
4 10
16 17
17066 87
1 3
25 33
6 26
17289 101
3 9
1 1
1 3
6 22
16099 58
16599 71
4961 80
27 45
4 5
2 4
2 15
1 8
2 7
1 1
1 3
1 8
12 25
3 27
2 3
17304 103
4 40
2 8
12819 18
2 27
1 5
1 7
69 39
3 35
11 22
3 8
1 11
12831 18
17619 133
19 48
1 12
16296 62
2 5
14197 31
2 17
17813 188
14337 33
2 2
12 27
1 4
4 5
4 11
3 9
1 1
81 74
1 3
1 3
1 1
1 1
1 10
1 11
4 10
11 20
1 17
16431 66
2 11
3 25
1 5
13522 25
2 3
1 8
1 17
1 7
2 3
17880 330
18 36
14335 33
14219 31
8 14
3 11
3 3
1 1
1 4
17498 119
6 14
3 16
2 3
1 9
3 5
12826 18
3 7
1 2
1 9
1 8
13824 27
2 5
3 4
7 11
1 21
5 10
23 19
3 12
3 9
29 46
11 9
1 2
1 3
2 3
3 8
1 1
17661 140
6 12
15487 46
1 4
1 6
5 7
1 2
2 3
4338 55
6 11
1 4
1 9
5 27
15248 43
1 14
2 7
15560 48
11 41
16 23
14870 39
14815 38
3 13
11 39
8 21
3 15
1 3
1 3
1 4
15681 50
17090 89
75 48
5 7
1 2
4 4
1 3
7 16
1 1
13932 28
1 2
7 7
1 2
3 3
13863 28
17615 133
15782 52
1 2
63 24
15416 46
13 14
1 4
1 2
15796 52
12247 11
1 11
1 1
1 2
1 9
1 1
12627 16
8 11
6 27
2 3
1 5
2 14
3 4
1 1
2 7
1 2
15555 48
15908 54
1 1
1 4
4 6
1 2
1 1
1 1
1 7
2 4
1 2
12 14
2 17
6 14
21 15
12905 19
1 3
2 5
1 2
15666 49
24 21
17536 123
1 10
1 8
10 32
1 4
4 9
1 2
1 4
2 4
4 8
3 6
3 13
17449 114
2 4
15089 41
4 26
3 21
2 7
1 27
3 15
14914 39
13505 24
5 18
15802 52
1 3
14419 34
1 3
1 5
1 1
2 41
1 3
1 6
12 12
2 10
3 10
1 3
1 2
2 2
3 5
15460 46
1 3
16428 66
1 10
9 11
7 19
2 4
4 15
16743 75
2 8
4 18
16015 56
12 13
1 9
13954 29
1 5
16989 85
1 3
1 3
2 5
1 7
2 5
12434 14
15332 44
3 5
25 40
2 4
15359 45
1 3
113 35
1 3
1 2
16564 70
60 72
1 7
14363 33
4 22
1 3
14893 39
2 48
21 19
2 3
2 8
36 20
1 1
66 35
1 3
3 5
1 3
2 7
2 2
1 6
2 4
2 4
2 3
15170 42
1 1
3 6
1 3
2 4
61 31
20 11
2 2
5 19
16 14
11 18
2 3
1 2
1 2
15301 44
3 6
1 6
1 5
1 21
12 51
1 7
16841 79
7 9
5 14
717 14
17374 108
1 1
4 5
16214 61
653 20
13037 20
2 4
1 4
2 6
761 56
5 4
1 4
1 3
1 2
1 3
3 37
14164 31
1 1
6 9
1 2
2 7
10 9
2 3
1 5
17597 132
60 51
9 4
2 3
1 3
4 16
1 8
8 10
7 17
14259 32
15789 52
15925 54
1 3
2 7
90 52
17364 107
15 19
346 49
15655 49
27 12
1 6
59 64
13613 25
1 12
14 9
13004 20
1 2
1 5
1 6
1 3
14388 33
2 6
3 4
1 6
45 67
1 3
3 35
1 8
3 32
3 7
21 45
32 38
1 3
138 52
16790 77
14491 34
3 12
1 5
2 5
2 9
1 3
1 3
2 4
1 8
8 29
3 4
214 35
17754 161
1 19
2 2
1 6
2 6
1 4
1 3
1 6
5 7
22 22
4 41
14117 30
17397 109
27 45
15097 41
15892 54
30 49
2703 8
22 9
7 12
1 1
2 7
4 7
15 11
35 39
10 9
1 12
13175 22
3 5
1 4
2 2
2 5
2 8
2 5
1 3
1 22
12260 11
15293 44
1 1
5 12
30 47
1 12
1 6
1 2
6 4
12393 14
4 16
4827 28
1 4
2 3
15093 41
23 45
1 1
16738 75
2 3
2 5
1 3
2 11
1 1
1 3
16658 73
13814 27
16089 58
2 3
15104 41
2 3
15 18
2 5
4 25
16233 61
5 20
12544 16
4 16
1 3
17687 144
3 4
1 4
1 2
670 29
2 2
1 2
17 53
1 9
27 22
2 3
14420 34
3 6
16653 72
1 12
1 7
47 14
2 8
41 30
145 52
1 2
3 10
143 52
16090 58
13697 26
13 26
1 2
1 5
14 9
2 4
1 5
14695 37
4 4
1 4
4 11
9 12
2 4
1 11
1 3
16520 69
17345 106
12888 19
17 13
12 9
12 8
15538 47
26 25
1 9
323 45
2 2
17736 155
1 3
16541 69
17835 212
14039 29
146 52
2 8
1 3
1 3
15181 42
91 23
1 4
13032 20
1 5
1 7
17433 113
13605 25
1 4
2 4
10 51
14743 37
99 14
1 2
13 19
12850 19
13070 21
2 6
1 5
46 33
1 2
1 3
4 6
1 27
4 15
1 1
3 4
2 2
1 9
4933 47
13012 20
2 9
3 12
16813 78
1 4
1 3
1 1
16117 59
15302 44
1 8
10 16
1 3
1 2
100 67
1 1
8 12
15991 56
1 1
8 5
1 2
3 17
28 18
11 14
1 4
1 11
1 3
2 9
26 20
1 9
1 4
1 2
1 2
3 6
4 13
14 30
4837 32
1 4
1 4
1 2
18 61
18 21
1 2
1 4
2 10
1 5
8 34
4 8
2 5
5 5
14324 32
15394 45
16263 61
1 8
7 7
1 2
1 1
1 4
5 7
1 3
1 3
2 2
5 16
17691 146
17531 123
16 17
9 35
1 2
12867 19
69 51
67 14
70 51
19 45
1 8
6 11
20 41
15878 54
3 4
6 51
1 11
1 2
6 6
1 5
5 47
1 3
12872 19
105 17
1441 51
1 2
1 1
22 34
1 6
8 4
1 1
6 22
1 2
8 9
14824 38
8 17
9 36
13930 28
17283 101
1 5
14832 38
1 1
7 14
16992 85
2 6
3 4
20 26
17071 88
16867 80
40 83
2 11
14 14
3 9
4 7
2 17
9 51
1 6
3 15
2 14
7 15
1 7
12953 20
1 6
30 65
3 6
2 6
1 7
5 5
14162 31
6 11
3 4
33 9
3 7
2 5
12 15
16724 75
16510 68
16218 61
1 1
16859 80
16160 59
13356 23
2 8
1 2
7 17
1 3
13270 23
80 77
12376 14
47 20
15350 44
1 2
249 85
1 3
16112 58
1 2
1 3
22 51
1 4
1 3
16744 75
1 2
1 4
1 5
18 16
15213 43
4 6
17 10
1 11
2 36
7 11
1 4
1 2
2 3
1 1
16789 77
1 2
149 68
36 74
32 47
6 29
5 22
13659 26
2 4
5 4
125 37
13544 25
3 9
1 1
17739 155
1 1
1 4
1 6
2 12
2 5
2 2
30 27
13024 20
12699 17
1 2
1 3
2 10
1 1
1 2
2 7
1 8
16322 63
1 2
5 14
6 10
1 3
10 13
12563 16
1 3
1 3
20 24
1 5
2 34
13167 22
1 5
10 14
2846 16
1 1
2 9
15 19
14922 39
1 6
14844 38
1 2
5 9
31 69
2 46
1 1
2 2
15490 47
2 3
2 2
1 10
13281 23
1 7
15915 54
5 7
13055 21
2 3
2 14
4967 48
3 5
1 2
3 3
1 3
16460 67
1 3
3 5
17425 112
1 7
1 1
79 75
1 3
9 20
2 22
1 5
7 19
14679 36
15215 43
2 7
1 1
2 3
5 26
16432 66
13696 26
13106 21
15445 46
15520 47
1 1
16971 84
1 38
14956 39
14155 31
15887 54
13223 22
15 6
59 72
1 35
1 2
34 73
13104 21
1 3
8 34
1 13
17040 86
4909 175
1 11
4793 13
28 41
2 3
3 14
1 2
12701 17
15769 51
2 2
1 1
13810 27
2 5
5 13
5 16
1 7
4884 53
876 75
3 13
7 12
3 14
3 18
15704 50
1 4
2 4
1 10
13496 24
14516 35
1 5
17608 132
5 8
15 21
2 6
13 13
1 3
14533 35
1 2
17582 129
3 7
1 5
10 32
17367 108
1 3
1 2
1 3
1 4
14882 39
2 2
1 5
4 9
16891 81
1 5
3 9
55 35
15983 56
2 6
1 25
1 4
3 4
1 4
4 29
1 3
1 2
1 5
24 21
12700 17
1 4
1 2
15692 50
3 28
1 1
2 3
2 6
3 10
1 3
48 73
21 31
1 3
21 20
2 4
16305 63
183 10
9 12
10 21
2 3
3 6
2 5
3 9
4 18
3 24
1 1
16924 82
1 7
2 15
14896 39
4 7
2 4
12856 19
1 2
14037 29
2 7
2 9
96 22
12540 15
1 2
1 6
105 8
1 5
6 9
17850 222
36 19
7 10
1 2
2 5
12 12
1 1
8 4
3 12
12 47
2 6
8 38
117 15
3 7
1 3
138 34
1 1
4 6
2 3
14338 33
2 11
2 4
16164 59
1 1
101 66
1 3
13143 22
4 8
3 18
1 1
14867 39
2 6
1 9
3 7
35 76
11 6
1 3
1 1
2 3
16725 75
1 3
17435 113
4 28
1 2
3 26
52 42
14 6
2 4
10 11
4 10
11 17
2 18
2 38
1 1
1 2
1 1
2 7
1 1
7 4
1 6
3 6
5 8
13531 25
15286 43
12771 18
1 2
2 2
15361 45
1 5
15443 46
4 18
14456 34
1 4
1 3
1 4
15 9
19 44
46 52
1 2
1 3
15660 49
1 4
15432 46
1 2
5 6
4 4
37 51
11 12
1 1
2 15
14 5
13 7
2 13
15410 45
2 3
1 3
1 7
1 5
2 6
1 1
7 12
6 11
16051 57
1 3
16206 61
17094 89
1 7
6 12
11 54
13956 29
1 3
4833 30
35 40
3 4
109 22
1 5
33 19
1 2
13890 28
15976 56
17222 96
2 4
2 6
1 3
14712 37
1 2
1 2
18 45
16235 61
1 2
2 7
15041 41
4 7
1 3
106 77
5 23
1 2
1 6
2 10
17860 252
1 2
8 15
1 3
1 3
4 15
387 50
17242 99
17357 107
2 2
15505 47
1 5
16294 62
15387 45
45 32
6 5
16947 83
1 4
2 10
1 4
13991 29
15088 41
16 15
2 10
17779 169
1 1
14 22
1 3
1 9
2 2
13708 26
16175 60
1 2
51 49
14892 39
3 6
9 19
1 1
1 1
77 29
3 3
29 16
1 1
1 1
1 3
1 6
1 13
1 3
2 7
1 3
16948 83
17837 213
10 20
2 11
17829 202
2 9
4875 47
1 4
3 8
15801 52
2 3
11 9
1 4
2 12
2 3
52 44
3 16
2 8
26 57
6 11
13509 24
11 14
1 1
1 4
6 12
3 7
3 8
1 1
2 7
1 4
1 4
2 2
4 25
2 3
1 3
1 3
2 7
1 6
3 7
17044 87
1 2
2 3
1 3
1 3
17334 105
4 6
1 5
9 17
1 2
1 2
1 3
2 4
11 15
21 10
1 2
2 12
4 14
105 76
46 69
1 4
2 9
17228 98
809 40
1 5
2 15
11 32
3 5
60 78
2 2
5 20
4 4
349 17
102 94
1 3
2 3
1 6
3 3
52 49
1 2
1 10
3 13
2 5
2 6
93 55
1 1
2 2
10 11
16902 81
1 2
1 7
3 8
4 9
20 49
2 4
12841 19
2 34
1 3
1 1
6 20
1 3
6 11
1 11
2 10
4 15
2 9
9 24
14085 30
5 23
1 7
24 10
46 51
6 18
6 7
2 8
17682 144
1 2
3 4
16498 68
1 2
12 20
1 6
15346 44
14149 30
1 1
694 18
34 32
15223 43
1 3
85 19
1 12
1 4
1 9
14721 37
231 26
15882 54
16 24
3 14
16330 63
3 14
16356 64
16794 77
2 2
13973 29
1 10
2 6
15333 44
1 4
5 16
8 20
1 2
21 41
15267 43
13 20
2 4
20 28
5 32
1 3
1 3
1 6
8 29
13133 21
24 22
19 30
3 7
12 6
1 1
14878 39
2 2
1 1
1 3
3 15
1 4
21 25
26 47
1 1
3 5
1 3
3 13
2 5
1 2
94 59
1 5
1 1
16384 65
15851 53
1 1
17 36
4 7
12297 12
4 9
1 2
47 18
4 35
16 23
4 37
1 4
3 5
14723 37
102 32
15 27
4822 22
1 2
1 7
1 1
3 7
1 2
625 47
15034 41
7 20
13693 26
1 1
15004 40
13 9
17181 94
1 4
15 25
1 4
1 2
2 4
1 8
1 2
1 3
18 22
16 17
1 1
13865 28
12664 17
1 2
2 5
1 1
15122 42
3 8
1 7
2874 43
1 1
5 22
13768 27
3 9
1 6
13354 23
14120 30
141 13
1 5
3 4
6 11
1 4
13 16
1 32
1 8
16719 74
5 29
1 2
2 40
16550 69
8 23
2 5
13761 27
4 5
16 13
56 35
2 5
17020 86
11 11
3 8
13777 27
1 5
2 9
1 3
1 1
4 19
17437 113
3 4
1 1
17581 129
2 7
24 31
16761 76
8 17
14410 33
17145 92
14434 34
1 3
1 5
2 12
1 2
1 15
22 41
1 2
14199 31
4 14
1 3
9 44
14750 37
13226 22
4 11
1 1
2 2
1 3
1 3
1 2
2 3
16080 58
1 11
1 1
2 14
2856 14
16417 66
10 29
2 6
100 67
3 10
15 51
3 4
1 9
2 2
3 34
18 53
6 17
1 2
1 6
43 69
1 3
1 31
2 10
1 1
1 4
16848 79
1 19
1 2
16540 69
1 11
14828 38
21 33
7 15
15927 55
1 3
4 29
12 25
3 4
1 2
3 18
2 3
1 1
2 5
17243 99
2 2
2 9
1 5
1 1
70 53
8 28
1 4
1 1
2 2
324 45
15143 42
16862 80
77 17
1 2
2 6
3 5
12945 19
4 8
1 1
2 3
3 6
14161 31
15606 49
1 3
8 12
17016 85
16471 67
3 5
15182 42
1 1
16308 63
6 7
12324 13
1 5
1 3
17761 162
1 2
1 14
1 4
1 1
4 11
6 15
2 9
16173 60
2 6
2 3
43 10
16567 70
9 28
1 4
40 17
2 5
14245 32
3 6
1 4
1 3
2 5
2 20
4 14
1 5
10 33
5 9
17642 137
12197 9
2 9
1 5
42 24
1 7
38 25
18 17
1 3
1 2
1 3
1 14
17690 145
2 4
1 3
5 19
1 4
6 9
2 2
17610 133
16312 63
3 9
1 5
3 6
12935 19
816 43
1 7
2 4
1 4
1 2
1 2
1407 24
24 30
4 11
15210 43
19 29
3 7
48 50
17512 120
3 8
3 6
3 5
12 7
2 5
10 5
16465 67
2 3
1 1
14210 31
2 11
16127 59
1 1
10 17
1 2
1 22
4 13
3 25
1 2
38 52
1 7
25 30
4 5
1 2
1 27
1 2
1 4
17122 91
17426 112
16 36
6 25
1 7
1 8
1 2
1 10
1 5
68 33
1 3
13366 23
1 6
7 33
14374 33
1 3
9 4
2 5
14 10
16016 56
7 13
8 15
6 9
28 59
1 8
18 12
16980 84
1 2
1 2
19 14
1 3
30 28
1 3
3 16
16347 64
17 24
1 7
1 4
5 7
2 23
1 1
7 14
2 6
5 9
1 5
2 19
1 3
2 7
16626 72
14 9
1 4
1 14
1 2
1 2
7 32
12 53
55 17
1 1
9 12
1 2
10 18
1 6
8 21
12170 8
2 7
6 3
1 8
4 8
40 20
15885 54
14068 30
1 3
16831 79
1 2
1 10
7 8
1 2
8 37
3 12
10 6
6 23
1 12
57 42
1 4
6 28
15 21
2 5
12587 16
1 2
2 3
1 2
1 2
2 13
4 5
1 1
1 9
1 8
4322 30
37 80
17452 114
3 7
2 5
16982 84
14281 32
14689 37
10 35
1 5
12 25
1 3
12794 18
1 5
13826 27
16890 81
1 9
17580 129
2 3
1 6
1 6
1007 12
9 32
15417 46
17056 87
32 9
1 2
14069 30
8 11
17236 98
1 2
38 46
2 6
2 2
15285 43
1 5
28 18
12209 10
1 2
7 9
1 3
1 3
2 7
3 12
2 26
16370 65
55 61
17885 351
1 3
2 6
84 22
1 9
21 54
8 36
2 11
4867 41
1 1
2 3
9 45
1 1
14168 31
1 5
148 68
15811 52
13115 21
1 17
15003 40
1 2
1 1
9 12
1 6
15502 47
20 12
1 8
22 18
12951 20
1 6
84 91
6 43
3 21
8 15
1 4
1 1
2 5
2 4
17517 122
2 2
13041 20
3 6
5 9
74 17
1 17
1 3
1 5
20 36
17216 96
28 19
8 58
1 1
15115 42
6 8
1 2
3 23
2 3
3 12
1 4
2 5
1 2
3 6
2 2
1 2
2 3
12309 12
9 17
1 8
3 3
1 9
20 20
35 50
1 3
2 2
15 13
3 12
14950 39
1 5
16543 69
37 85
3 5
14065 30
1 5
13801 27
6 37
18 12
1 4
4 13
1 3
1 2
3 7
2 10
1 3
45 50
2 25
1 6
2 4
17877 323
4 18
1 26
4 13
1 1
1 9
16917 81
6 55
17021 86
1 5
1 1
2 4
1 9
1 12
1 2
16 16
33 51
2 3
9 13
35 26
1 1
15570 48
1 4
16965 83
1 2
6 21
88 16
9 11
16203 60
17641 137
2 5
3 8
14252 32
15 13
3 9
8 10
1 1
1 19
15032 41
2 38
16028 56
3 24
24 33
17844 219
19 24
5 9
1 4
1 2
1 4
1 3
1 4
1 1
15548 48
17 6
2 7
1 2
12402 14
2 3
18 19
1 3
3 3
26 68
36 47
2 19
1 2
1 2
1 2
10 8
1 5
1 3
1 2
1 2
13421 24
1 2
16172 60
12 12
24 44
12780 18
1 1
45 31
2 3
6 11
3 5
3 4
2 2
16766 76
1 6
1 1
1 2
12328 13
15853 53
4 14
1 3
2 4
2 3
1 3
2 35
40 22
16033 56
2 4
1 3
1 3
7 26
17208 96
50 34
23 48
3 12
193 54
1 2
2 12
12892 19
59 48
8 10
7 12
1 1
4 15
4 16
1 16
2 9
15337 44
1 3
1 4
1 4
1 5
1 3
3 4
5 4
2 7
1 1
12855 19
65 16
1 1
2 5
3 7
1 1
15465 46
1 3
1 2
37 14
68 32
1 3
1 2
3 8
2 4
6 17
17636 136
1 21
2 12
1 1
1 8
16260 61
1 6
2 3
1 5
16364 64
10 34
2 21
15527 47
2 9
66 43
1 4
14812 38
11 38
12371 14
1 2
17845 219
3 10
22 37
15224 43
1 4
2 7
4 6
1 7
2 11
10 20
1 2
2 9
13 15
2 9
1 2
13884 28
7 15
1 5
7 15
2 5
1 1
2 4
2 4
1 1
3 13
3 27
1 15
1 6
16949 83
4 2
1 12
4859 38
14005 29
5 8
2 4
14220 31
2 6
29 30
1 2
17195 95
12769 18
12694 17
10 5
1 2
16437 66
12231 10
3 5
1 2
1 2
1 3
16191 60
1 5
8 9
14525 35
1 25
7 19
1 4
365 13
1 8
2 3
6 30
1 2
269 22
7 9
16310 63
1 5
1 3
48 43
15601 49
39 37
2 6
36 12
308 64
1 2
1 3
345 42
5 13
34 59
18 18
5 5
2 3
3 5
16 30
1 5
9 15
5 9
3 31
1 2
1 3
17174 93
1 2
4 4
1 3
12242 11
13118 21
1 1
1 10
5 23
47 37
1 3
1 38
14660 36
6 45
21 21
2 6
1 3
18 18
2 38
6 17
2 13
18 11
1 3
16295 62
16174 60
17313 104
28 18
2 5
10 14
1 4
12 38
17342 106
3 20
9 15
2 7
81 23
1 11
14232 32
7 12
2 5
12522 15
3 13
1 5
1 5
422 44
2 8
1 2
3 8
15086 41
15857 53
15179 42
1 11
1 1
1 13
16780 77
1 1
1 1
1 15
4 5
16483 68
6 19
20 23
1 3
2 6
12390 14
12574 16
6 49
4 12
16204 60
1 7
17897 383
1 1
17083 88
12555 16
6 12
3 29
12212 10
5 13
1 7
1 6
15799 52
2 5
1 9
2 5
1 5
17215 96
1 8
1 2
14656 36
2 43
2 5
4 10
7 13
1 6
5 9
1 3
5 5
2 4
14518 35
1 1
16257 61
17459 115
1 3
3 28
1 21
1 3
17305 103
1 4
1 3
1 1
139 35
14237 32
2 6
2 2
1 4
20 35
14697 37
1 2
2 7
1 3
1 8
1 9
1 2
23 35
1 6
1 23
9 18
8 6
1 3
19 36
24 25
14269 32
1 4
14231 32
3 5
1 3
17733 153
1 1
1 18
3 4
1 6
15307 44
1 3
8 27
1 8
6 19
35 26
1 3
1 2
3 6
1 5
17188 94
11 29
1 3
1 3
28 9
1 5
7 11
769 31
13346 23
1 7
2 5
5 17
1 1
23 66
17898 387
1 3
1 4
1 3
591 27
1 1
6 4
1 1
1 4
4890 54
31 41
14 23
3 4
16238 61
384 32
14 11
1 8
1 3
1 3
1 4
14736 37
1 4
6 25
1 3
1 21
79 74
16 34
1 1
1 29
1 2
17398 110
1 18
1 15
12248 11
14158 31
5 8
12418 14
13963 29
2 6
3 21
1 1
1 1
11 15
2 4
5 18
2 6
17543 124
14108 30
2 6
1 6
1229 18
1 5
1 4
15057 41
12319 13
2 5
2 5
1 2
1 6
4 16
1 2
1 1
1 3
1 6
14840 38
1 2
1 10
1 13
1 2
14889 39
14218 31
30 17
1 4
15227 43
2 3
3 3
15328 44
1 3
1 1
15388 45
2 11
1 1
1 4
2 12
15553 48
16910 81
1 9
1 2
1 2
1 2
17881 333
73 58
5 7
13 35
1 3
25 25
3 15
1 7
8 12
2 16
1 5
25 14
2 6
1 3
5 10
1 2
1 1
13851 28
2 3
1 3
16228 61
136 52
16758 76
3 12
2 10
1 3
97 44
14627 36
1 3
1 12
2 6
1 8
3 20
1 7
1 2
44 15
4 17
1 7
1 20
1 1
1 2
1 6
13 23
1 2
13221 22
13809 27
14372 33
1 4
3 13
10 6
18 21
13 21
9384 5
13988 29
1 2
1 4
3 6
17 23
1 2
1 5
3 4
13393 24
1 6
17589 130
15695 50
4 6
7 14
1 3
1 1
1 1
1 5
8 25
16640 72
1 3
15618 49
4 4
7 20
1 3
13308 23
19 20
4 17
7 12
18 23
1 3
1 4
2 21
10 9
18 19
1 6
2 13
1 1
1 4
2 38
13269 23
16722 75
22 50
23 19
2 8
3 5
1 3
1 7
12301 12
12268 12
1 2
5 12
1 1
1 2
13 18
1 3
14376 33
1 4
1 2
1 8
3 41
17260 100
2 9
1 2
4 5
10 12
75 22
3 28
19 54
1 6
1 11
3 7
1 2
1 5
1 6
2 13
15237 43
17853 229
1 1
13 19
14334 33
28 23
13011 20
2 9
1 2
1 4
13594 25
12 29
13266 23
4278 13
1 4
1 5
16777 76
1 6
14327 32
2 6
2 15
16146 59
359 21
1 2
13 63
1 7
1 5
1 11
4 4
1 30
1 1
12229 10
2 9
4 20
5 6
2 3
15175 42
1 3
1 1
17460 115
13838 28
1 1
13161 22
1 4
45 18
13231 22
3 15
13083 21
5 11
1 21
2 5
16084 58
4 5
13056 21
16262 61
2 9
1 8
1 15
1 7
1 6
1 4
1 2
1 5
16720 75
1 3
11 47
1 5
6 13
14974 40
1 7
2 2
9 10
3 6
1 1
11 35
13658 26
2 14
421 32
13023 20
2 15
18 7
11 18
14600 36
1 2
2 6
17544 124
1 2
2 5
16411 66
22 31
16082 58
3 3
17678 143
1 3
1 11
2 7
1 10
1 5
1 5
1 2
1 1
1 2
1 6
21 26
1 12
17172 93
32 28
1 2
1 1
1 3
43 66
2 6
2 5
4 36
1 5
1 2
17057 87
92 48
16213 61
1 13
1 9
1 21
16456 67
1 2
1 2
1 1
14555 35
1 16
13775 27
5 38
16131 59
14929 39
2 17
1 10
16376 65
1 2
14256 32
1 1
1 3
6 10
1 5
14984 40
14884 39
9 25
1 4
2 3
16006 56
1 1
1 11
1 1
3 26
16 48
14 22
1 3
1 1
217 14
1 2
3 5
2 26
4299 21
12722 18
2 3
1 4
118 74
1 1
1 30
15613 49
7 35
3 5
2 3
32 22
11 29
1 4
16442 66
1 3
15260 43
1 2
12 39
8 10
1 2
10 20
9 15
2 10
1 5
44 80
4 5
1 4
16757 76
14779 38
1 1
15195 42
14100 30
12647 17
1 3
13734 27
16559 70
9 7
1 5
1 2
4 5
16 33
1 2
16817 78
3 11
13590 25
18 23
13987 29
13999 29
17569 127
1 5
1 6
66 39
2 28
1 2
1 1
2847 27
1 1
144 22
3 8
15305 44
58 71
1 5
1 3
1 5
16615 71
3 20
17350 106
3 15
1 2
1 3
13728 27
1 3
15904 54
2 7
2 18
6 7
2 2
2 8
12277 12
5 16
6 7
2 6
2 2
2 6
7 17
12619 16
12854 19
2 7
1 4
13 14
1 4
10 19
2 2
1 2
1 2
1 4
2 6
1 4
2 26
12857 19
29 11
1 4
13763 27
7 12
13 21
1 2
13250 22
61 77
7 48
14583 35
17052 87
5 7
1 3
5 31
1 3
4 10
15768 51
1 1
5 19
2 4
1 31
1 6
1 2
17823 195
17627 135
15881 54
14554 35
2 21
16502 68
1 1
5 17
2 9
15678 50
1 5
1 3
3 6
6 21
1 3
28 52
1 1
14 51
2 8
3 26
9 11
3 13
77 37
1 6
1 20
23 13
1 2
1 3
1 2
2 4
1 2
1 7
15890 54
1 1
1 2
1 1
12494 15
6 7
1 1
14321 32
3 11
1 1
13 10
1 5
13928 28
169 93
7 7
1 1
1 1
4 12
1 1
4 7
14 21
1 1
1 2
1 2
1 5
1 3
2 6
27 31
28 28
2 2
1 2
2 6
17604 132
3 4
6 8
1 2
3 6
2 5
8 11
3 3
3 6
8 7
5 8
1 4
24 16
99 21
1 2
2 2
8 15
4 22
3 4
1 1
135 38
14 18
93 32
1 1
16748 75
1 2
15110 42
2 10
1 5
2 5
12999 20
2 14
1 4
7 11
1 12
1 3
1 3
2 4
15569 48
1 16
15031 41
7 19
1 3
1 2
2 10
7 7
1 1
14653 36
5 13
83 7
1 5
3 6
15953 55
4803 17
15137 42
1 2
2 20
10 18
3 5
2 5
17049 87
6 12
6 13
10 4
15292 44
12934 19
1 8
1 4
1 6
14793 38
7 29
3 9
12921 19
4 12
1 6
1 5
33 22
2 9
3 4
15311 44
102 70
4 22
1 8
14 29
2 10
2 5
14339 33
53 18
1 9
12 18
16268 62
69 48
2 3
13903 28
1 4
2 9
1 26
1 18
1 3
1 11
1 9
1 3
1 4
16400 65
68 28
23 17
1 8
15 42
1 7
9 18
12598 16
5 8
14 21
6 10
16983 84
5 17
1 5
23 30
25 24
1 4
3 8
9 29
4 28
17303 103
15997 56
1 1
3 13
1 17
17119 91
7 13
16 48
5 5
3 12
4 45
44 28
6 8
1 2
8 20
2 2
1 4
16979 84
4 4
5 13
4 6
1 4
1 4
2 6
6 28
4 11
1 6
3 7
1 2
12761 18
23 21
1 11
6 22
2 11
1 16
2 7
5 11
3 7
3 9
15645 49
12869 19
30 18
1 4
1 3
16918 82
14228 32
15287 43
2 10
2 17
6 8
1 1
2 4
1 14
3 46
1 4
4 5
1 7
1 3
1 3
4 29
14351 33
15092 41
1 12
1 4
17510 120
1 5
14031 29
1 13
1 5
17524 122
17529 123
1 6
5 13
14652 36
2 24
1 15
28 22
15503 47
2 5
1 4
8 27
1 2
1 1
15772 52
15550 48
4818 20
3 7
17169 93
2 8
1 3
8 19
31 62
2 4
1 2
1 3
614 17
17712 149
7 16
82 12
17261 100
1 41
2 8
13 10
3 55
15298 44
82 81
3 7
17513 120
1 4
15877 54
1 1
1 2
12 18
6 31
9 27
12 11
7 14
1 5
1 1
3 13
2 8
9 11
2 9
1 3
1 3
1 13
1 10
37 10
1 5
118 11
1 8
13192 22
15654 49
3 5
16518 69
14856 39
13 14
1 6
1 4
3 14
1 1
1 1
1 5
25 35
12593 16
1 4
1 2
2 2
1 1
40 23
16915 81
17318 104
3 45
15424 46
13781 27
1 1
10 15
10 7
13427 24
3 10
49 27
1 1
163 77
4 12
21 14
17168 93
3 8
21 38
1 3
1 8
1 2
1 6
10 14
13721 27
15 7
3 4
12477 15
12672 17
15874 54
47 50
1 17
42 66
1 3
17591 130
5 7
3 8
4 8
12 20
4821 22
4391 105
128 85
5 9
6 10
2 4
1 17
1 8
15075 41
70 30
4 12
18 11
2 9
16598 71
16243 61
1 6
12628 16
5 29
6 8
1 4
13982 29
1 4
15411 45
3 3
16822 79
4 13
6 11
1 11
1 4
1 5
3 4
1 4
12998 20
1 27
1 5
1 3
16638 72
17202 95
1 20
1 9
1 2
17717 151
7 10
6 9
8 16
3 18
13887 28
6 9
1 8
16967 83
2 4
1 2
2 3
1 2
2 9
15 9
1 3
18 30
15786 52
2 3
1 1
56 11
1 9
1 6
2 3
15062 41
1 3
145 46
1 4
5 31
14 16
1 10
4 19
1 2
1 1
15105 42
14609 36
12323 13
1 3
1 7
1 3
6 6
1 5
1 1
34 63
17659 139
1 1
2 41
1 9
14438 34
1 11
1 6
1 2
1 4
1 1
6 22
64 85
7 37
8 38
1 2
3 5
6 16
12159 6
7 21
2 4
14 40
2 4
14957 39
3 11
20 22
25 40
17697 147
1 1
15888 54
1 2
3 20
1 10
8 21
407 42
1 2
1 17
9 11
1 1
1 9
16888 81
13962 29
1 4
17664 141
2 9
14170 31
1 6
3 4
21 17
14 36
1 14
1 8
1 1
14801 38
13 20
15513 47
22 48
2 5
1 4
15277 43
1 1
1 8
40 19
16555 70
1 34
1 4
16114 58
1 10
10 15
1 2
1 6
17674 142
1 2
1 6
4 18
13 24
1 1
1 1
23 39
1 1
2 6
4 7
25 28
9 11
3 9
13287 23
1 1
1 3
1 2
14057 30
1 2
4 12
10 14
2 22
16433 66
2 7
5 27
1 5
3 14
2 7
3 17
1 35
1 6
4 11
3 10
1 2
1 6
4 9
13058 21
4 7
14 22
51 15
1 2
20 19
1 11
2 4
2 5
11 18
3 4
1 3
1 5
4 5
1 3
1 5
17625 134
1 11
1 3
214 56
1 8
1 10
4 12
1 1
19 15
1 16
68 8
1 16
1 7
13 24
12827 18
1 4
1 3
14 14
1 2
16450 67
1 2
6 12
1 1
1 3
1 2
1 10
1 1
9 40
3 11
127 71
16292 62
13 24
18 27
14137 30
1 3
2 55
1 5
1 6
1 6
1 4
25 34
2 25
153 70
1 2
15066 41
2 22
1 1
3 7
7 7
2 3
44 41
3 26
7 28
1 2
3 27
3 12
1 2
4 13
1 5
14353 33
7 6
17434 113
3 9
1 5
7 55
41 105
17336 105
1 9
6 7
2 17
13875 28
5 10
1 6
2 3
3 10
19 24
1 3
2 8
1 3
15 14
10 17
1 1
32 76
9 38
2 3
2 2
1 3
2 2
14730 37
1 6
1 4
13 5
15396 45
2 9
12 7
1 2
4 9
1 7
8 21
13 23
1 18
20 26
2 7
1 3
15 10
1 1
3 29
16776 76
16912 81
1 3
1 8
16972 84
2 3
3 27
17354 107
2 13
3 18
4897 70
3 6
7 21
1 2
1 1
1 4
13 20
2 2
12244 11
4 13
2 11
2 18
2 15
1 3
4 36
1 3
17816 192
34 36
13 49
8 8
1 3
13172 22
2 12
5 31
2 4
1 1
1 2
1 3
3 6
1 3
1 2
14605 36
12649 17
1 8
1 4
4 7
11 35
2 21
11 27
51 39
12 9
3 7
13 25
12541 16
3 6
1 3
1 1
13129 21
2 3
3 3
1 1
1 3
1 3
5 6
3 3
4 5
16 21
13709 26
1 4
1 3
1 8
1 2
8 4
2 16
1 3
1 2
4 9
1 1
12389 14
8 6
4 4
1 2
17223 97
1 15
9 24
15800 52
1 4
2 8
3 17
15076 41
3 8
1 4
2 4
74 58
2 37
2 6
16278 62
1 4
1 2
3 17
4 12
14522 35
2 5
1 3
1 3
5 18
1 4
1 3
2 11
1 5
1 5
1 7
16009 56
16508 68
1 4
1 2
12580 16
1 2
1 10
17514 121
1 5
13923 28
1 3
15 23
8 23
12192 8
1 1
4797 14
6 9
12316 13
1 6
16796 77
1 4
13 28
1 3
15212 43
1 2
1 4
5 10
2 7
10 27
2 11
1 1
4 12
1 7
6 12
1 5
16563 70
1 9
1 3
1 5
1 2
15978 56
2 4
15876 54
1 1
17192 95
1 3
2 4
230 20
63 25
17559 125
14385 33
8 39
2 2
31 47
12349 13
34 12
2 4
2 12
1 2
1 2
7 4
2 3
1 2
17307 103
14 22
2 2
1 1
15323 44
1 2
16670 73
13841 28
19 14
3 6
4 35
15 22
4 23
13488 24
33 69
1 2
1 6
17472 117
14964 40
4298 20
1 1
1 1
1 2
1 4
10 14
2 8
1 2
3 11
1 3
1 4
48 8
2 16
1 4
1 16
6 14
16 21
104 105
17375 108
2 5
1 13
2 2
38 16
15940 55
28 23
40 69
22 24
23 42
2719 53
1 5
57 78
12368 14
140 43
1 6
1191 36
4906 97
1 1
7 53
1 11
33 73
5 10
11 16
15475 46
2714 42
14091 30
2 6
1 4
115 21
1 6
1 2
20 48
7 20
4 8
3 4
1 6
1 2
15930 55
1 23
1 3
1 3
22 18
5 12
1 5
3 3
1 2
1 1
2884 19
70 22
14 17
15573 48
3 8
16495 68
1 3
1 8
1 12
1 3
1 15
7 34
15098 41
1 6
1 2
2 9
1 1
1 2
1 1
1 2
17046 87
1 2
2 7
1 3
68 46
1 2
1 3
39 76
1 2
10 10
1 2
1 2
2 7
16860 80
1 3
1 4
1 3
1 3
15 51
1 3
3 12
1406 12
4 13
3 17
1 6
2 10
12474 15
6 14
11 13
17147 92
1 8
7 3
1 4
2 16
2 2
1 4
2 13
2 5
4 4
1 17
14 16
1 3
2 9
1 4
2 3
1 2
1 5
1 4
42 60
1 5
4 3
8 6
1 9
2 5
1 16
16808 78
1 11
17 34
8 8
1 5
1 8
1 4
1 2
1 8
1 8
1 6
1 3
3 26
1 21
1 1
14078 30
5 13
1 2
13179 22
14442 34
4 5
11 24
9 6
23 48
1 4
33 47
1 11
7 17
1 2
4 7
4 7
14362 33
1 3
5 22
16849 79
2 5
3 19
17025 86
13936 29
1 1
16067 57
12763 18
1 2
4 9
1 6
14293 32
17759 162
17504 120
1 1
14488 34
1 1
5 5
4 12
1 3
1 4
3 4
3 8
1 3
65 39
1 1
17 23
1 6
47 25
1 18
17707 149
14 7
16793 77
37 66
1 7
19 16
1 1
17012 85
16004 56
1 4
3 5
14894 39
1 18
3 5
1 6
2855 104
1 3
1217 22
15848 53
1 6
16931 82
1 2
3 22
10 20
1 1
1 1
1 13
13900 28
14928 39
15561 48
15735 51
1 3
1 2
15891 54
14603 36
7 12
14 23
17438 113
5 7
4 17
17275 100
1 5
3 5
39 22
1 1
55 28
5 12
1 38
52 10
1 3
1 3
5 25
8 10
1 3
875 61
15360 45
3 30
3 5
1 5
5 27
1 18
1 2
14278 32
14 30
13 18
1 9
1 5
1 5
233 17
1 13
13 27
1 3
15838 53
3 3
17017 86
22 65
1 1
49 42
75 31
13295 23
8 33
5 10
2 15
1 3
8 26
15748 51
17729 153
12227 10
1 15
1 5
1 1
13144 22
3 3
13259 22
16459 67
4 8
2 4
1 7
12548 16
1 33
1 1
14254 32
15532 47
2 16
2 12
14437 34
9 19
20 20
17048 87
1 4
1 4
7 5
1 5
4 15
12 51
2 3
13720 27
14745 37
3 5
2 4
1 6
2 18
7 11
1 12
14230 32
16007 56
1 1
1 4
4 5
15373 45
16932 82
15763 51
1 3
3 6
5 20
1 2
16101 58
1 7
19 22
19 24
3 28
9 8
1 4
17450 114
16136 59
2 2
14913 39
1 2
13 11
14206 31
2 17
1 2
3 4
3 35
3 3
2 5
17810 185
15141 42
1 2
2 8
6 17
14765 37
1 10
1 4
1 4
7 11
2 9
1 10
12891 19
16573 70
51 22
2 16
10 12
1 19
13372 23
1 5
3 22
1 3
7 30
17859 252
10 24
16166 60
15515 47
2 42
16938 82
18 9
8 18
3 12
1 1
2 9
1 3
1 2
11 10
1 5
1 6
16812 78
2 7
1 4
2 11
1 6
9 12
1 1
3 7
1 4
2 4
53 30
55 16
12401 14
17386 109
1 4
15349 44
3 4
1 6
1 2
13445 24
1 35
62 77
14393 33
1 4
21 7
10 9
2 6
1 3
2 6
16 42
1 2
1 1
1 2
1 3
3 8
4 16
1 6
1 12
6 14
1 5
1 3
1 1
6 12
2721 56
1 11
15318 44
11 26
2 10
1 4
12490 15
1 2
16584 71
4319 30
1 5
7 15
5 8
16365 64
2 5
16444 66
2 10
1 1
4 6
3 3
3 4
1 16
1 2
1 3
1 3
1 1
4 31
9 19
1 2
2 6
26 31
23 31
1 4
13 22
11 12
3 5
1 4
15591 48
1 6
1 3
12806 18
7 15
44 39
14978 40
10 15
4 10
1 3
1 2
11 25
1 6
13338 23
6 8
4 4
1 2
1 7
1 3
17112 90
1 3
1 3
6 4
12257 11
17069 88
7 10
12689 17
1 10
1 3
2 6
5 9
15731 51
14995 40
6 13
12753 18
1 4
1 3
13687 26
18 17
16320 63
22 10
1 5
26 19
1 3
1 5
3 4
3 31
6 46
17159 93
718 62
1 1
17390 109
2 8
1 11
1 27
1 3
16869 80
14154 31
3 33
10 34
13940 29
4 15
1 22
12 38
40 18
1 6
251 10
1 4
1 3
5 29
1 46
1 1
14163 31
5 8
79 13
3 7
2 5
1 2
1 1
1 2
2720 55
1 5
1 4
1 10
1 1
1 6
20 14
5 12
2 4
1 2
15543 47
1 5
1 3
1 4
3 8
48 19
1 2
10 22
1 12
2 2
8 14
1 22
15415 45
1 5
9 12
1 3
1 3
16158 59
1 15
17076 88
16349 64
17752 159
2 5
34 25
1 2
1 18
2 5
15101 41
15746 51
12433 14
1 3
5 9
1 23
17565 127
15966 55
69 126
2 6
1 3
1 5
3 4
1 2
1 2
1 1
14 12
12615 16
1 5
2 7
12 7
1 3
2 5
1 2
8 31
7 12
12238 11
2 4
1 1
1 3
15 44
1 2
7 22
1 6
1 13
1 5
3 6
3 28
1 2
119 74
120 74
2 22
2 3
1 3
17495 119
3 15
8 8
15035 41
20 34
5 19
1 1
1 3
2 3
5 18
1 2
3 6
1 2
12564 16
1 10
4 7
3 6
5 18
8 13
38 16
16469 67
1 4
4 13
1 10
1 6
16230 61
1 3
1 1
1 13
17 51
2 7
6 26
1 2
2 3
30 42
15 11
1 7
1 3
9 10
1 3
2 3
15688 50
1 6
1 1
3 10
9 14
1 4
6 3
1 2
13909 28
1 8
1 3
14503 35
4 6
1 1
16341 64
14169 31
1 3
1 3
14669 36
7 11
15020 40
15078 41
13 9
1 1
16287 62
14586 35
1 17
1 11
3 8
5 20
1 2
1 8
3 16
2 20
1 6
17194 95
6 36
7 7
1 1
16479 67
2 4
15159 42
1 3
2 15
39 34
13279 23
7 12
1 6
24 24
1 7
14875 39
1 1
1 10
1 1
1 3
2 15
1 3
20 47
4 20
1 1
1 5
1 1
16418 66
10 31
7 7
1 10
16313 63
20 45
1 1
1 3
1 4
1 2
15107 42
9 20
4 7
1 23
2 22
15845 53
11 25
1 12
7 16
2 7
1 2
1 2
1 3
1 2
7 14
1 2
38 17
16497 68
15059 41
1 3
20 15
12198 9
8 20
12266 12
1 2
14570 35
12863 19
5 7
14430 34
12946 20
12 25
13612 25
3 23
1 3
3 3
12845 19
16415 66
1 2
7 31
1 3
1 2
1 6
1 1
21 44
1 6
2 4
1 4
17203 95
1 4
1 3
15414 45
1 53
1 7
1 2
13 51
2 6
2 4
14 37
19 53
16351 64
1 1
1 1
40 52
23 51
12 10
419 18
5 5
15533 47
12 58
1 3
2 11
11 16
1 4
1 3
24 22
13 40
31 15
1 3
1 2
1 8
2 4
1 22
28 45
1 1
15516 47
1 2
6 5
12 14
17 16
4 10
1 15
1 5
1 5
33 15
1 3
17663 140
3 17
2 18
357 22
1 3
5 7
1 2
1 4
5 30
1 3
1 3
35 32
1 1
2 29
1 2
1 6
3 4
1 5
21 33
7 45
1 3
14027 29
1 3
14716 37
1 7
12 17
1 6
1 1
16331 63
1 5
1 1
1 1
1 2
1 1
16842 79
1 4
1 5
1 4
3 9
3 18
1 25
4 16
6 6
14762 37
2 10
12 15
3 45
16153 59
3 3
1 2
3 4
2 2
1 5
13514 25
13107 21
1 2
1 1
1 3
1 3
4 7
1 3
16209 61
9 19
6 14
17573 128
1 23
1 4
17001 85
4 17
13897 28
2 12
15599 49
10 40
4826 28
6 11
1 1
16516 68
3 4
1 2
1 3
1 3
2 2
1 3
16267 62
13198 22
2 4
2 13
1 5
1 8
18 16
1 3
14677 36
1 1
1 4
68 21
1 2
1 2
1 2
3 5
1 3
2 6
2 4
32 50
1 4
4901 80
1 3
13132 21
1 6
5 12
12557 16
1 52
1 2
1 5
1 5
1 11
1 1
16533 69
1 2
14 47
1 2
13 16
2 3
48 49
98 46
2 6
3 6
4 22
28 13
13 21
1 2
1214 27
1 1
1 4
4 8
3 4
1 3
1 5
2 5
1 6
1 3
1 3
1 2
13480 24
1 39
44 49
2 13
6 5
3 10
1 11
1 18
1 2
1 1
1 6
1 14
1 2
29 26
1 2
15409 45
1 4
27 29
1 4
1 3
1 2
1 8
2 3
2 2
1 6
2 28
1 11
21 16
11 13
1 1
1 10
14670 36
4 15
4931 30
2 4
3 10
6 11
5 5
1 1
14255 32
15754 51
1 3
1 1
16622 72
1 3
1 6
1 5
1 5
31 23
9 13
1 2
1 10
2 10
16 9
1 5
2 19
13589 25
43 40
1 13
1 3
1 2
12618 16
2 3
1 1
1 20
1 4
15033 41
3 7
17785 172
16714 74
5 32
3 26
2 5
1 1
5 17
17129 91
15369 45
1 1
1 35
16874 80
14446 34
3 6
1 1
17626 134
15422 46
4950 58
17884 350
2 18
2726 60
16630 72
16740 75
17633 136
9 24
12556 16
16666 73
16825 79
17771 166
17836 213
3 3
4889 54
14196 31
3 18
2 52
1 1
4 25
1 1
17719 151
3 31
10 57
16435 66
86 23
14369 33
1 3
1 3
2 3
1 6
1 8
1 4
20 45
80 40
6 9
11 38
80 81
6 7
1 9
3 5
1 2
5 8
7 19
1 3
1 2
201 79
1 2
1 2
1 1
4 6
1 1
69 61
2 28
14848 38
21 25
24 31
1 3
1 13
17574 128
9 20
16289 62
2 9
7 7
15826 53
19 32
1 5
1 9
3 8
2 5
9 10
15449 46
2 12
1 4
13075 21
29 14
4 15
1 1
17117 91
453 100
8 6
1 1
12443 14
1 4
3 19
1 5
1 2
17030 86
2 20
1 2
16406 65
1 1
4 15
1 1
1 3
67 44
6 6
1 6
4 9
3 27
1 11
1 5
16337 64
13350 23
1 14
1 1
23 50
2 13
1 11
5 10
4 10
1 4
16 47
1 2
1 3
1 6
2 3
2 6
1 1
15690 50
17666 141
14 30
1 1
1 3
20 44
12 27
1 2
1 6
2 5
1 5
1 5
1 2
3 9
16236 61
1 3
301 36
1 1
14477 34
1 1
2838 11
1 6
1 2
4 4
1 3
2 10
1 5
6 19
9 8
3 3
1 2
13222 22
16327 63
1 18
2 29
3 20
1 4
1 1
1 2
1 7
2 5
14208 31
3 5
1 2
1 5
1 4
9 25
13597 25
6 9
4 30
2 4
1 4
8 12
1 4
9 18
1 6
1 2
15821 52
17157 92
42 50
3 10
7 46
12545 16
1 1
8 11
7 31
1 18
1 2
16871 80
1 1
1 9
17388 109
1 2
4869 42
133 32
2 3
28 35
17 12
4 9
1 1
1 19
1 5
40 50
5 9
1 2
4868 42
17431 112
1 15
1 4
163 68
6 32
3 16
2 3
1 2
1 5
1 16
1 4
19 9
1 5
13526 25
32 41
9 16
2 16
15504 47
14003 29
13919 28
17368 108
1 3
1 1
5 57
25 28
15271 43
12364 14
13955 29
5 14
12663 17
6 5
2 10
2 4
1 2
38 55
1 6
3 4
13329 23
1 28
16181 60
16844 79
1 7
1 3
1 14
14612 36
3 12
1 23
4 8
16288 62
15288 44
1 4
3 4
76 40
3 12
1 7
67 46
2 9
1 12
17166 93
14469 34
3 17
16975 84
6 13
14017 29
1 6
12901 19
12546 16
1 3
6 20
2 23
1 7
2 4
2 45
11 29
14641 36
3 24
13486 24
1 2
2872 39
14970 40
1 8
1 9
1 14
12519 15
1 10
14917 39
16342 64
4841 33
13232 22
3 16
1 2
1 1
1 2
16045 57
13616 25
17047 87
1 5
1 3
24 16
17319 104
1 3
16904 81
1 2
1 1
16976 84
2 3
2 8
16070 57
12596 16
17609 132
1 6
5 12
1 6
15698 50
1 3
2 3
14013 29
1 7
12578 16
3 7
1 2
311 49
7 24
34 51
13322 23
2 13
13 7
11 27
1 10
12363 14
1 4
17204 95
4 9
13510 24
1 11
2 3
28 17
4 8
13088 21
3 5
1 6
1 4
3 5
1 6
4 6
14682 37
14651 36
15467 46
1 2
1 2
17671 142
1 5
1 1
13 20
4 20
5 8
1 6
11 29
1 1
1 4
2 5
16 9
1 7
1 5
1 3
2 3
1 1
48 37
1 18
4 10
2 14
1 6
1 3
5 10
1 3
14355 33
26 22
2 7
2 6
5 12
17299 102
25 45
13348 23
14601 36
1 5
5 12
1 14
17824 196
13610 25
15952 55
1 2
5 22
3 13
16061 57
4 32
3 5
2 11
2 3
16803 78
2852 53
1 4
4 7
1 2
2 7
1 12
14766 37
4792 12
13408 24
17477 117
1 3
1 10
2 8
2 11
10 51
2 9
15984 56
3 7
8 16
12642 17
3 30
2 4
19 26
5 6
10 19
2 4
1 3
1 7
1 2
1 4
1 3
3 9
1 2
1 12
5 13
7 30
3 28
18 14
1 1
16688 74
1 8
14045 29
16679 73
5 32
14453 34
3 11
1 4
14397 33
1 5
1 22
15530 47
1 10
1 3
6 28
2 2
17096 90
1 2
7 19
1 4
2 4
1 8
4 22
1 4
6 32
1 4
2 8
15737 51
2 10
2 4
1 2
6 10
3 9
278 51
1 28
2 4
21 41
4 4
17805 178
17 17
1 8
4 7
2 3
5 9
25 47
2 3
5 19
4 16
1 1
14560 35
1 18
1 10
1 2
1 2
1 5
35 13
1 3
1 1
1 2
1 2
16677 73
1 24
1 1
17206 95
14725 37
2 6
14952 39
1 3
1 1
14705 37
4 27
2 15
1 3
1 4
1 6
1 7
17715 150
7 9
1 3
1 3
1 6
1 8
6 31
14718 37
1 2
4 4
1 3
15295 44
1 5
160 35
1 4
2 4
1 32
16558 70
1 2
1 3
26 31
1 2
62 9
5 8
1 3
1 2
7 19
1 20
3 5
3 4
1 6
14444 34
15 31
3 13
1 1
1 2
1 12
1 7
1 8
2 4
1 2
3 6
1 6
16300 62
20 53
14610 36
1 3
1 1
1 1
1 14
1 6
13247 22
1 9
1 6
17720 152
17 45
2 14
11 19
1 6
100 54
19 14
1 1
4 16
1 2
12200 9
17385 109
1 1
3 7
7 33
1 7
12293 12
5 5
1 3
2 6
1 8
17856 235
17316 104
2 8
5 9
3 22
1 12
1 1
1 6
372 44
15246 43
1 4
5 11
1 3
5 31
14 31
1 4
8 12
1 1
1 3
1 1
1 7
2 5
2 10
3 6
12 48
1 4
3 7
1 2
1 18
1 3
1257 31
1 18
17832 211
7 8
15324 44
3 22
1 1
1 1
1 3
4 41
20 10
36 51
1 1
1 2
1 11
101 72
1 6
14849 38
1 7
14053 30
1 15
1 7
13 47
14 15
36 42
30 12
1 5
17183 94
1 4
9 38
2 9
26 15
16556 70
15514 47
2 3
1 2
1 2
1 1
17540 124
1 4
1 7
1 9
1 17
1 3
1 1
6 14
1 4
4 5
1 5
1 4
6 10
2 9
1 1
17681 143
16845 79
2 7
12219 10
14 32
1 6
16886 81
2 17
1 10
20 11
17141 91
17325 105
1 5
2 15
1 2
6 27
10 19
1 1
1 3
52 20
446 13
1 51
1 3
15491 47
16255 61
1 2
1 4
1 4
1 2
15719 50
4893 59
7 15
35 49
1 7
13306 23
2 4
17713 150
7 11
1 3
12852 19
63 9
14971 40
27 59
1 2
2 4
1 4
97 14
14744 37
1 32
2 3
1 5
6 15
1 2
35 13
4 10
1 5
1 2
2 38
15406 45
3 7
2 12
4289 20
4 6
1 6
14 14
17782 169
5 20
1 4
1 4
17564 126
1 11
1 6
2 13
1 6
18 22
2 44
1 10
347 47
1 6
16705 74
2 11
1 19
15 37
1 1
14475 34
2759 42
1 7
13964 29
4892 56
2 10
10 10
1 6
6 15
1 3
13 6
1 6
1 2
6 38
1 3
1 4
3 25
1 2
1 5
1 17
4 8
1 4
5 11
1 19
1 5
14198 31
12908 19
1 19
16868 80
1 2
1 2
2 6
23 48
7 12
16329 63
34 47
20 17
3 20
13211 22
16189 60
16298 62
12602 16
1 1
8 8
7 16
1 1
1 3
3 46
1 17
1 5
2 6
17520 122
2 16
1214 21
106 77
3 41
1 4
25 22
1 3
1 5
1 6
1 1
3 5
17834 211
1 4
1 15
1 36
1 2
2 4
5 11
12670 17
2 3
21 20
4 9
1 3
5 14
2 12
1 2
1 9
217 32
1 2
12814 18
1 15
17084 88
1 12
1 3
1 1
7 9
35 29
1 5
22 27
2 6
2 5
1 2
3 11
8 6
2 7
2 5
45 20
17819 192
1 5
17379 108
1 38
35 64
10 26
17078 88
2 10
4334 53
17227 98
13095 21
16485 68
1 5
1 5
16416 66
1 6
1 7
1 4
1 3
1 3
2 3
1 11
2 10
15598 48
1 2
1 1
1 7
2 9
1 6
1 1
25 29
1 2
1 2
3 3
24 34
14229 32
1 16
17416 111
3 4
7 12
1 8
1 4
15501 47
1 10
1 2
1 6
1 5
13578 25
5 13
16784 77
1 3
5 19
1 2
1 2
1 14
1 3
19 40
1 4
15189 42
1 13
1 11
43 25
1 3
17279 100
12713 17
2 2
17123 91
1 10
2 10
15755 51
4 31
1 7
1 6
4 23
17033 86
4 11
1 11
10 23
1 9
139 52
2 12
15378 45
17481 118
16489 68
20 9
12290 12
1 5
1 5
1 1
1 5
2 13
3 5
13 26
1 5
6 9
1 8
17282 101
1 1
2 18
1 8
1 5
13904 28
15973 56
1 3
1 7
6 5
13852 28
15871 54
3 9
1 1
1 5
1 2
12267 12
2 6
14 15
16527 69
1 9
1 4
4 10
27 38
1 6
24 10
1 7
1 2
12338 13
1 5
2 9
1 1
12768 18
1 8
2 12
9 26
1 7
13951 29
48 25
1 2
3 6
156 14
132 24
21 25
2 6
1 1
2 4
2 5
16422 66
1 3
6 19
1 10
1 9
2 4
3 8
1 8
6 14
12922 19
9 26
14 13
16361 64
12245 11
95 52
1 5
1 10
6 17
12588 16
1 5
14885 39
14398 33
17746 157
16188 60
1 5
13952 29
17369 108
19 17
4333 52
16855 80
2 13
21 18
1 2
1 5
6 49
1 9
1 8
1 1
1 6
1 5
1 4
16 16
14 20
8 44
2 3
1 4
1 4
16478 67
12239 11
16749 75
1 2
6 12
2 9
4 19
1 3
15507 47
7 11
1 3
3 6
20 18
1 2
1 1
4 8
1 10
1 2
1 4
1 22
3 15
7 9
16922 82
2 5
15971 55
1 7
5 6
1 3
5 16
4 6
1 2
3 7
1 1
1 4
55 68
1 3
1 1
1 7
17 23
1 13
7 12
40 15
2 4
1 2
13086 21
1 4
14 30
1 17
2 20
1 3
35 68
7 13
17199 95
1 5
7 7
191 33
1 3
7 11
15242 43
3 7
1 4
3 17
13521 25
15 48
1 8
1 3
1 1
1 3
1 6
1 5
15100 41
15985 56
12348 13
1 9
1 42
1 44
5 49
2 5
1 8
2 4
1 1
15977 56
1 6
9 7
1 21
2 6
6 19
1 1
5 21
15926 55
17453 114
6 6
98 8
11 27
14 17
1 8
1 14
21 15
5 26
1 2
1 3
40 21
3 6
1 2
2 14
16339 64
6 10
1 6
139 36
1 5
14312 32
1 10
1 3
1 2
1 3
1 2
1 3
17630 135
1 2
2 11
1 3
1 7
1 2
57 40
1 2
1 14
16866 80
9 35
25 9
1 5
1 4
3 7
12821 18
20 29
15642 49
8 5
1 7
1 5
2 5
50 31
1 3
70 69
4 9
1 8
1 7
8 13
13760 27
14306 32
1 1
12459 15
13787 27
1 3
9 37
1 6
1 7
16059 57
1 6
2 4
17280 101
15462 46
8 10
3 5
1 7
13028 20
1 2
1 1
5 31
2 51
14955 39
1 1
2 36
15832 53
6 9
1 4
3 14
1 3
25 18
1 4
1 1
15791 52
3 6
4806 18
16138 59
1 3
1 17
2 14
6 9
16 14
14906 39
1 17
16182 60
4 15
1 12
68 16
4 4
2 7
4 5
2848 46
3 23
3 18
6 13
6 10
1 7
17391 109
1 4
1 3
1 2
14760 37
1 2
1 5
4 12
14478 34
1 6
1 3
27 60
14987 40
1 3
1 2
1 4
17842 214
10 18
1 3
4918 23
12 43
1 3
1 38
2 5
1 4
57 53
15404 45
84 5
2 10
15668 50
26 15
3 11
1 6
16957 83
1 13
1 7
1 6
13479 24
1 4
13 56
1 3
1 2
4 8
17511 120
3 11
1 7
3 14
7 20
1 9
16219 61
1 3
17570 128
6 6
4 7
2 9
1 1
5 14
1 10
15452 46
16389 65
1 1
1 3
15128 42
2 3
6 5
1 33
1 2
13 7
3 4
1 3
1 4
1 2
1 22
1 5
1 1
1 2
1 3
1 1
11 28
1 3
10 5
6 7
2 5
1 2
1 4
1 5
13109 21
7 47
4 9
1 10
12284 12
3 15
5 18
15314 44
1 1
14 47
16353 64
8 10
1 16
38 69
1 12
17290 101
3 9
1 3
1 3
1 2
4 8
54 17
1 7
17402 110
11 21
1 1
15749 51
13 15
1 4
13233 22
1 11
15644 49
18 25
1 4
1 4
1 15
6 16
1 3
1 42
17337 105
85 52
11 23
14 17
2 6
1 1
1 2
17184 94
1 3
4 5
1 3
3 8
16378 65
20 19
1 6
1 1
1 2
3 17
1 2
1 27
15884 54
10 25
17804 178
1 4
1 14
17205 95
15774 52
14302 32
13825 27
2 10
1 11
1 2
21 29
4795 14
1 3
8 15
7 22
21 9
4 7
3 6
1 3
3 5
1 4
1 4
1 7
13332 23
1 29
1 6
16005 56
3 3
1 2
1 6
1 2
17118 91
3 19
1 5
6 28
1 1
1 1
2 8
4 11
47 71
1 3
1 3
12 21
1 4
18 28
15551 48
1 1
24 47
17074 88
1 6
7 29
3 10
27 50
10 17
15715 50
1 2
7 14
5 29
18 8
13180 22
1 2
43 34
3 31
1 3
15 16
1 9
1 2
1 6
1 2
1 3
13139 21
1 2
2 9
17002 85
4 6
13965 29
10 15
1 2
14103 30
1 11
8 20
1 6
1 4
16800 78
7 22
12716 17
2 3
1 2
2 8
8 25
1 3
1 3
179 9
511 36
2 13
6 13
2 2
121 34
2 2
1 6
17026 86
15866 53
1 2
9 21
2 3
6 18
2 2
12320 13
1 45
13 15
25 13
2 6
2 3
2 4
17533 123
2 8
15 47
9 8
1 6
1 6
1 11
1 2
1 2
12 14
3 7
1 1
11 7
1 2
2 6
810 50
2 2
1 3
1 2
16116 59
1 4
4 7
1 1
13137 21
1 1
1 3
2 17
4 5
17158 92
78 61
12551 16
3 40
1 1
16 10
1 1
1 3
8 39
12 16
10 34
1 2
3 5
138 45
18 18
1 6
1 2
2 8
12762 18
2 10
29 21
2 3
12 10
1 1
1 9
9 10
4 25
1 5
17 26
12 33
2 2
126 21
1 7
1 3
1 3
13333 23
1 2
1 14
20 26
1 3
13846 28
16942 82
1 7
12288 12
1 12
1 2
1 4
16091 58
2 7
4 6
6 9
21 42
11 23
2 4
45 30
2 4
2 3
1 4
1 2
1 2
2 18
1 20
4 7
17418 111
15842 53
1 9
16 13
1 17
1 7
17 46
2 2
6 15
1 6
14449 34
3 5
1 2
3 11
3 17
1 36
3 11
1 21
1 13
15993 56
3 3
1 6
3 21
2 17
1 6
2 3
71 32
1 1
1 3
1 4
2 11
2 2
4 5
1 3
5 25
3 3
2 7
1 2
2 25
13726 27
2 12
1 3
2 5
46 91
2 4
9 39
2 5
2 10
1 1
15468 46
9 34
1 2
192 39
1 3
2 26
1 4
1 1
2 4
13657 26
1 2
93 22
1 4
1 2
13935 29
1 4
2 4
1 4
1 4
4 6
7 48
16991 85
1 2
3 9
1 7
1 5
356 25
1 3
2 23
1 3
2 3
16727 75
1 1
49 49
1 2
1 1
3 4
2 10
2 20
1 7
12506 15
1 8
3 5
1 5
23 18
1 4
2 6
7 10
8 12
8 10
10 8
16142 59
4 22
3 5
9 18
2 4
1 3
16565 70
15525 47
2 4
102 40
4 15
5 5
2 3
1 4
2 3
30 10
1 3
12775 18
1 12
2 10
13872 28
1 3
2 10
1 23
5 8
5 28
15250 43
12969 20
19 18
1 12
1 1
1 5
2 3
5 20
4 7
18 13
5 16
1 2
1 1
14 17
2 8
17335 105
1 18
15592 48
1017 83
1 3
4 23
8 23
8 16
13176 22
2 28
1 4
2 13
1 4
1 5
2 6
9 51
8 11
1 5
17756 161
4 7
2 4
1 1
12468 15
1 1
11 51
2 5
1 1
1 4
2 11
1 4
1 1
16754 75
1 1
1 3
2 21
16448 67
1 13
1 1
19 23
13080 21
17493 118
1 4
2 2
17455 114
5 12
1 2
14435 34
13484 24
8 30
3 4
30 20
2 27
1 4
1 2
1 3
12366 14
18 32
68 51
4 38
1 17
17588 130
90 20
1 2
15255 43
2 3
14816 38
8 7
17 48
2 21
1 3
1 3
1 3
1 4
5 17
15009 40
22 18
2 8
2 3
9 22
16 9
12676 17
17095 89
7 18
6 6
2 5
1 1
137 52
3 48
2 7
12470 15
1 3
18 23
1 6
21 25
2 10
1 4
9 9
1 3
9 48
87 28
3 3
3 8
1 2
1 3
1 2
16903 81
1 5
15251 43
5 46
1 1
2 9
1 2
66 19
3 5
7 6
2 15
27 22
1 4
2 7
14083 30
5 16
2 9
12889 19
38 73
17851 224
1 5
5 8
4 4
26 27
16149 59
7 28
3 28
1 2
1 1
1 3
2 4
32 9
19 14
1 3
1 2
6 15
1 3
1 3
2 31
2 4
2 3
3 8
1 3
2 24
3 4
78 23
19 41
16 6
8 9
2 12
64 19
2 7
227 75
2 3
1 3
4 5
7 28
56 64
16861 80
17861 256
2200 29
1 13
2 24
15243 43
2 31
15740 51
1 4
7 9
1 7
1 2
1 3
2 6
2 2
2 9
3 18
560 11
1 7
7 6
1 12
3 5
4 17
1 2
15117 42
14004 29
4 29
14784 38
30 11
6 8
7 8
1 1
2 31
6 4
2 3
2 4
2 10
17314 104
17811 185
13849 28
1 17
2 3
8 15
3 8
13542 25
1 7
2727 65
23 35
1 2
5 8
12575 16
2 25
2 3
2 2
1 5
4 18
1 4
16973 84
15140 42
2 2
13873 28
2 13
2 5
1 5
3 10
12865 19
26 25
2 3
16641 72
12828 18
1 4
1 4
1 2
2 8
1 1
10 22
15431 46
1 4
2 4
1 2
3 10
19 22
5 9
17161 93
62 17
4 5
2 31
1 1
3 16
17383 108
1 3
82 13
1 1
1 3
2 3
16570 70
17296 102
11 31
4 8
1 2
15583 48
6 18
17031 86
2 24
4275 10
1 12
1 2
13587 25
9 41
12928 19
1 1
2 4
1 1
2 3
2 2
1 3
19 11
17614 133
39 47
15738 51
10 11
5 12
14746 37
1 2
12 18
1 5
14 19
15386 45
17014 85
2 4
14674 36
17405 110
2 2
3 7
5 14
13869 28
1 1
6 32
14857 39
1 7
242 43
2 8
2 5
1 4
24 26
14311 32
17256 100
16 45
1 2
1 7
1 5
14326 32
317 63
2 6
2 10
4 47
2 18
3 5
12924 19
14676 36
2 2
58 26
6 11
5 7
1 2
1 2
117 102
2 2
1 2
16984 84
2 6
4 7
5 10
2 4
16369 65
1 1
67 44
2 7
3 8
16491 68
16885 81
13 39
2 3
2 3
1 2
1 1
1 1
1 6
14224 31
6 11
2 9
2 9
8 10
4 6
2 40
16476 67
2 10
15194 42
15474 46
4311 28
5 22
2 6
1 2
2 3
1 6
13 17
144 18
2 9
1 1
1 6
1 12
34 35
16507 68
1 4
7 17
2 6
1 29
17716 150
1 5
17343 106
15519 47
3 12
1 4
17156 92
1 3
1 22
58 16
1 9
4 8
16126 59
1 6
6 24
1 8
1 35
16552 69
12579 16
17568 127
2 3
10 9
1 5
1 2
133 37
2 2
1 6
1 1
1 7
1 11
1 3
12274 12
3 10
2 11
3 4
1 4
15427 46
16468 67
129 8
2 15
34 35
3 7
1210 26
3 11
1 2
17552 125
2 2
1 23
2 11
1 5
2 13
8 8
12 46
3 9
3 11
2 4
2 43
19 14
1 2
14838 38
1 9
2 15
1 7
1 14
2 2
2 3
10 14
2 5
1 2
16821 78
14748 37
15700 50
1 2
2 4
1 12
2 10
1 6
1 9
1 2
2 3
1 11
14855 39
14330 33
1 5
1 3
15779 52
3 3
2 3
7 13
1 3
2 8
17 15
1 2
1 2
4 23
1 3
5 5
4819 21
7 13
16628 72
1 8
3 12
1 4
1 3
16272 62
2 8
1 9
6 28
16215 61
2 3
2 6
7 28
3 8
2 5
9 17
10 12
16402 65
15933 55
15319 44
1 3
17502 119
17696 147
1 12
16048 57
13645 26
1 2
3 6
1 6
1 1
15 20
1 15
12842 19
1 8
3 22
14 19
1 2
2 4
6 8
4 12
1 1
1 6
1 2
2 5
9 36
2 21
4 7
1 4
2757 57
1 1
1 8
1 2
7 16
13206 22
4 6
20 37
3 9
1 3
2 9
1 2
1 2
1 5
2 2
1 1
3 4
15864 53
6 10
8 46
1 14
16872 80
636 34
2 3
1 1
1 16
12302 12
17847 222
16655 72
13134 21
2 7
3 11
14 18
2 22
13915 28
12 10
1 1
1 7
1 3
2 44
1 3
4 6
14018 29
4 23
1 2
7 11
15157 42
17830 208
33 34
2 5
9 15
2 46
46 37
40 66
4 7
4894 62
5 37
1 1
2 6
2 2
4 13
6 30
3 9
17255 100
2 2
17428 112
2 5
6 13
2 6
2 9
2 23
2 4
16125 59
7 19
17332 105
1 21
15776 52
4 13
1 5
8 23
16876 80
2 5
14257 32
14618 36
4 8
3 6
9 22
2 13
4 14
2 26
15540 47
2 35
1 7
7 19
16232 61
16936 82
51 19
13700 26
2 18
1 7
16133 59
15928 55
16769 76
17501 119
15814 52
17421 112
16739 75
13771 27
5 21
2 2
29 52
2 17
2 2
16779 76
1 3
7 10
2 5
66 80
2 3
2 12
3 7
3 14
15374 45
2 5
2 9
7 19
15082 41
2 4
16 32
1 4
1 3
1 3
1 1
2 4
13114 21
1 3
1 2
3 9
1 2
1 2
15705 50
2 9
2 24
2 4
15593 48
12 18
1 4
14 13
5 11
1 2
15495 47
2 6
2 9
1 3
2 12
1 7
2 6
3 11
2 9
3 7
14424 34
10 12
1 1
17 36
413 24
53 13
14530 35
3 16
12 29
2 2
1 13
12454 15
3 29
5 17
5 32
1 2
16 24
6 9
17389 109
2 7
2 3
1 1
175 37
29 13
15446 46
5 6
46 12
15554 48
1 3
1 14
15836 53
6 9
1 4
1 3
1 2
4 21
16944 82
2 4
2 5
14215 31
2 3
5 13
1 2
1 10
4 10
23 34
15847 53
4369 19
15745 51
64 55
17163 93
2 4
2 4
17650 138
22 28
1 18
1 1
2 4
16013 56
1 3
1 4
2 11
2 7
1 1
2 7
9 15
17007 85
4 6
3 5
1 1
4 10
16939 82
16372 65
6 4
15809 52
2 3
13 13
14963 40
127 45
8 34
14107 30
1 1
16723 75
16100 58
1 13
1 2
16539 69
2 20
2 4
1 2
4 16
1 7
16804 78
15843 53
16795 77
27 13
2 43
17250 99
3 8
2 5
1 1
2 17
14429 34
11 22
4 4
1 2
13840 28
2 13
2 11
1 1
2 3
6 7
9 10
1 1
4328 42
1 1
1 1
12764 18
4 12
1 5
2 10
4870 43
5 15
1 4
4 11
17068 88
1 1
1 1
3 30
60 7
2 3
1 1
21 22
2 6
1 3
4 8
14307 32
2 17
1 2
1 2
15631 49
2 4
1 4
53 31
14427 34
11 13
13319 23
15395 45
1 2
7 17
17131 91
1 3
1 6
2 22
4 40
14134 30
5 28
2 3
16407 65
1 2
1 2
14 19
16177 60
2 4
1 1
5 37
2 41
1 2
8 19
2 2
12 23
1 2
1 1
1 7
2 4
2 8
6 37
32 17
16588 71
15559 48
8 41
2 29
11 13
1 1
1 2
62 53
14 19
13990 29
4896 70
17471 117
72 22
3 12
22 40
2 19
9 23
14080 30
15344 44
2 5
7 35
9 41
15423 46
12733 18
1 2
1 4
9 35
1 5
15313 44
1 4
4 4
7 39
12415 14
14260 32
119 105
103 76
2 5
12 8
2 12
15 45
1 5
2 5
17423 112
1 3
5 7
1 1
2 2
2 7
15734 51
15852 53
2 2
1 2
1 3
14 8
12717 17
2 4
1 3
1 4
5 7
16266 62
1 1
2 30
1 3
303 48
15052 41
1 5
1 7
13927 28
14006 29
1 3
2 3
2 4
1 2
3 5
1 2
118 105
40 47
13914 28
13681 26
16 10
1 1
1 7
1 5
1 9
1 3
2 2
12285 12
1 1
17864 258
1 1
15258 43
3 26
131 38
17150 92
7 17
17245 99
5 23
4966 129
17541 124
1 3
2 3
4 6
3 4
41 69
16604 71
13968 29
104 76
35 47
2 3
1 3
1 3
1 3
115 85
1 3
16385 65
4 7
13663 26
185 35
14441 34
1 4
15571 48
7 10
15623 49
4381 12
2 5
12795 18
16071 57
129 42
2 4
2 2
3 6
1 3
4 17
2 2
1 7
2 3
12 17
12632 17
3 8
1 2
1 4
1 3
1 7
14732 37
2 12
58 78
4860 40
2 7
2 8
1 3
96 36
1 1
4 5
1 1
16764 76
13785 27
1 5
2 4
4 12
1 2
14265 32
2 4
1 8
7 32
3 8
14404 33
2 6
2 6
5 6
3 5
7 11
3 5
12525 15
1 4
2 5
16135 59
9 28
12603 16
2 18
2 7
1 2
1 41
2 12
1 4
1 3
13902 28
4921 24
1 4
1 3
1 2
11 20
17693 147
8 12
39 50
13774 27
2 4
1 4
17809 182
1 2
14310 32
2 15
13311 23
45 21
1 1
1 5
2 5
2 29
1 2
1 1
17294 102
8 8
15273 43
14717 37
2844 13
17 22
11 23
2 14
3 5
1 2
17 27
7 18
2 10
11 34
15960 55
1 3
1 2
1 1
12311 13
16840 79
2 2
2 3
3 12
2 5
1 1
13440 24
16663 73
14175 31
16202 60
15 21
2 3
1 3
2 2
2 11
3 3
32 49
14174 31
1 3
2 2
15282 43
1 7
1 2
1 30
13960 29
14811 38
2 4
1 2
13447 24
2 7
12234 11
12693 17
1 4
1 5
1 3
1 21
1 2
2 13
49 9
17601 132
1 2
15383 45
17424 112
4342 59
2 6
1 3
5 13
14659 36
14634 36
203 66
15 10
15393 45
1 2
3 3
1 7
1 1
2 5
1 9
6 19
7 22
2 7
1 1
1 5
17482 118
3 9
17008 85
2 2
5 6
1 4
1 4
1 3
1 5
14 39
1 10
1 2
21 38
4 8
2 4
5 13
1 2
10 6
1 2
1 17
2 6
1 3
14876 39
8 33
4 4
15562 48
6 8
1 1
16280 62
13 16
1 3
9 8
1 2
1 2
14383 33
2 26
6 26
1 2
2 11
2 3
2 5
1 42
1 6
16879 80
5 11
33 49
12 31
1 2
4 27
1 3
1 3
1 1
1 5
14752 37
1 4
2 6
1 2
44 10
2 11
2 5
1 7
19 26
2 6
194 42
16580 70
1 1
1 5
2 2
1 1
1 4
16792 77
2 3
2 10
2 6
3 4
14247 32
4332 47
2 5
3 8
12458 15
1 6
1 3
1 5
6 18
1 4
2 3
4926 29
15177 42
16617 72
20 15
2 5
30 35
2 9
12950 20
1 7
4 8
39 66
15450 46
3 6
1 2
5 9
