26 43
2 2
5 12
1 1
1 2
1 1
4 10
1 1
39 80
6 5
7 9
3 22
7 23
4 4
2 3
4 5
1 19
3 29
6 6
1 7
8 10
31 70
15 44
12 18
4 4
3 5
1359 35
4 7
6 45
1 10
3 22
1 1
1 7
7 13
3425 107
1 1
4 5
1299 31
1 1
1 9
2 8
1 3
16 36
1 21
6 46
1 3
3 12
1 10
1 3
1 5
1 1
1 17
2 6
17 23
1 4
1 1
6 10
1 4
1 1
6 12
1 8
5 17
1 2
2 13
2 9
12 26
1999 45
8 12
8 55
1117 29
508 17
12 34
1 2
2 5
1 3
1 3
2 4
1 3
3463 124
1 42
20 45
2451 60
4 43
2 5
2 2
1 1
2 2
18 41
3 3
1 4
7 13
593 19
1 7
2690 71
2 5
2773 72
6 32
1 3
2842 70
4 6
1 2
3 6
1 2
10 22
2 6
1 14
2 5
2320 54
18 23
1 11
1 3
933 26
61 12
1 1
2 12
4 18
1 2
2 31
1 3
584 21
1 3
2 5
1 5
456 17
3543 113
1 1
1 3
1 4
2 5
6 6
5 10
1 1
11 36
1 2
2 7
1 2
1 2
13 19
3 3
5 9
4 8
1172 30
1 3
13 53
482 17
1 5
1 3
2401 57
4 28
1 5
21 21
4 10
2667 66
23 33
3519 137
4 20
1 8
307 13
23 38
1 5
4 6
4 33
2 3
1 2
2 6
2 4
1 12
3 4
1 1
4 6
265 10
40 62
4236 362
1 4
2 4
1 6
2 5
1 2
5 8
2 3
1 1
1 6
3 4
1 2
1 5
1 3
694 23
3577 134
1 2
13 20
4 8
9 31
2 4
1 3
6 47
1 3
4 8
363 15
1 9
1 3
2069 49
2 24
2 5
3 6
1188 30
11 28
2 4
3483 122
6 34
7 10
297 12
998 28
6 36
800 24
1 5
1 6
1 1
1 10
1 5
1 4
2780 71
1 1
59 12
4 7
2 26
1 4
15 19
1 2
3 5
1 6
1 6
1 3
1 6
1 2
2059 49
12 32
1 4
3 6
2 2
1 4
1 8
5 11
6 11
1 17
2166 50
1 7
1 2
1105 29
974 27
850 24
815 24
1 3
2895 73
1869 43
1 56
11 48
3537 115
3173 85
3 3
1 2
10 37
2991 79
3515 126
6 57
2 5
1 3
2 4
1 4
542 19
17 36
3 12
2 3
1 3
1981 45
1400 34
2 4
2 18
423 17
2 7
679 22
1 10
1 2
360 14
1 11
129 87
1 2
6 10
1 1
3364 108
15 29
1515 36
2 4
1 6
1 8
812 26
4 8
5 18
2 9
5 12
9 12
1 7
3513 126
1311 32
3 5
3 6
1 3
1 46
2 5
6 11
2 2
3446 115
1 4
5 13
1 3
2 6
1 7
12 41
1 1
1 3
4 8
949 26
2 3
3 7
8 17
1 7
3 10
1192 30
2 15
1 7
1 14
1050 29
1 5
1 1
5 9
3 15
1 2
1 3
504 17
1 2
1 2
22 30
3 11
1986 45
1 15
2 4
2780 68
5 19
13 18
3 12
3279 98
3610 142
13 18
1 3
3064 81
3 5
1 4
1 1
3489 116
1 2
2666 68
1 1
38 18
2450 60
1 16
5 8
1 1
2943 80
1362 33
3225 93
1 6
1534 37
1 1
2 11
42 80
1 2
5 12
3 6
2 10
1 3
1 4
1 1
1 7
6 15
4 16
1 3
521 18
1609 41
13 22
5 4
5 18
2 2
5 25
4 9
6 12
2 2
1 3
4 13
108 120
1 6
26 47
1 5
3081 85
3 24
2 6
5 12
493 16
5 5
2 3
1 11
2039 48
3597 144
1 6
2 2
3 5
3 4
9 23
1 2
2 4
17 47
11 28
2 4
30 13
1 4
1 2
1937 48
2 2
2 5
1042 28
2770 71
4 7
1 2
1 8
5 12
1 2
3000 84
3 4
15 32
1 2
2 2
1 10
3 10
1 3
12 14
4 27
1 4
1 11
1 6
2 2
2 3
2551 61
1 2
1 2
11 12
9 14
1 2
1781 43
1 1
1 1
1 3
3 4
1 2
1 7
5 9
863 25
1 1
1 2
1 1
1 8
1 2
1 1
7 24
5 11
1 8
4 12
2335 55
1 17
2 18
1 10
1010 28
7 8
1 2
2 9
10 20
1309 34
1 2
1 1
4 8
1 23
3 5
1 3
2485 58
1 3
1 6
2 3
5 18
2 5
296 16
1 4
1 2
5 12
1 9
1 20
1 27
3364 103
2338 57
3 4
71 27
3540 123
1 6
1 3
2 8
1 4
3 6
1 2
5 13
2720 68
4 5
1 3
6 22
3 8
9 18
6 10
1 5
307 13
2 4
811 25
1 4
3 8
6 16
1 1
2 5
2 2
2 2
1 12
8 40
2 4
5 12
2 27
2 6
2 15
2 3
1 3
12 22
10 15
6 10
2 5
11 47
7 9
1635 41
3 6
1 1
1 2
1 4
16 44
1 4
3628 128
1 1
12 30
1 12
52 34
632 20
23 48
1 1
1 4
2 3
1 2
1 1
2 22
4 8
7 20
1 1
6 13
838 23
1 6
1 1
1 6
1 10
26 32
50 54
1 6
15 11
1 4
8 12
2 4
2483 58
3 10
2 5
2 8
4 7
3 10
1 7
1 6
2324 53
278 13
2 14
1 6
2 8
2 9
1859 45
1156 30
1 1
5 10
1 2
1 3
4 11
5 11
6 10
1 14
1 4
1 8
783 22
8 10
4 7
2 3
4 16
27 46
2 39
1 17
3 11
4 13
1 2
5 16
7 17
2875 73
1 3
47 73
1 7
2023 47
1 4
4 6
621 21
2 3
6 14
2 5
1 5
2 8
3529 124
38 17
2 12
3 3
2168 50
2872 74
1 2
1 2
53 74
1 4
1 2
6 26
3 8
573 19
1 2
1 9
2 19
7 12
10 41
1 3
1 7
1 5
2437 62
3781 174
2 3
1 3
2858 72
1 3
1 5
4 5
1 6
2 8
1 3
1 1
2 4
1 2
1 6
3 5
2 5
2 5
1 2
1 8
2 2
4 5
2 3
1 1
12 16
6 11
4 5
3 6
1516 37
3 4
4 12
909 27
4 9
1 1
2 2
1 5
962 27
2392 58
25 39
1 13
1 10
2 7
1342 35
1 6
1840 43
1 4
1 1
1 9
3 7
5 18
18 63
3 3
4 12
1 2
1 2
1 2
20 40
2104 50
1 2
1 1
1 4
12 48
3 11
8 12
4 12
1 2
1 5
2 4
4 5
1 2
3 9
3 21
3575 120
3358 105
4 11
1 1
1 1
2 8
2022 47
11 32
14 35
1 1
3 5
2082 48
3768 157
10 12
2 3
1 4
1 2
1 6
1 1
1 1
23 41
2268 53
7 11
2740 69
835 23
1 1
3 4
3 14
1 5
1 6
2 5
1 5
1 9
2001 47
8 27
1 2
1 1
1 3
12 29
6 9
1 2
2 5
510 18
15 19
2773 73
5 8
4 14
1 2
4 23
4 12
8 10
2823 71
3272 94
1763 42
1 3
3 23
817 24
722 22
1 2
1 2
2196 52
1 2
9 17
2 8
6 14
1 5
1005 27
267 8
6 23
3 10
4 8
14 25
3 20
2 16
6 21
1 14
1 9
2333 55
1 26
2 10
1 3
8 15
1750 42
4 7
12 24
26 77
10 34
2 7
1 2
46 81
1 5
1 2
552 20
32 28
1 6
2 11
483 16
1 2
1 7
5 9
3749 154
1 3
2824 70
225 8
3 4
1 3
3 5
10 38
2 4
1 1
1 1
7 7
1 2
12 28
1 1
3 5
170 65
6 32
35 66
12 26
3 9
7 22
2 7
1 1
1018 28
2 23
1 2
1 3
3 5
9 23
7 20
10 23
1 2
636 22
1 3
16 20
3 6
1 4
1 1
1 5
1 10
1 6
19 33
5 23
11 19
1 1
2 4
3 7
1249 31
1 5
1 1
2233 51
1 12
1 1
8 11
3479 115
1 1
2972 79
1 10
1 4
1 4
28 66
3 3
2839 72
632 19
11 18
7 23
1 2
3 5
1 2
457 15
2 14
1 2
1 4
1 2
10 21
3 7
1 2
2 3
1728 40
1842 43
1 5
2285 58
1 2
1 7
1 6
1 8
1 1
1 3
1 4
1734 42
1 1
358 17
10 30
1 1
1 10
1 4
11 19
2652 66
7 9
7 15
1 6
2614 64
1 26
1 2
1 2
1 7
3040 82
1 9
1 23
1 7
6 21
3 9
11 39
3254 90
1 3
1 4
1 3
1 1
1 16
760 24
1 6
22 38
14 11
1 2
1328 32
10 21
2 5
3027 80
10 10
7 10
1 3
17 41
3 8
1739 42
3527 123
1422 34
3724 146
1 4
3 5
1 3
2536 61
1 7
1 4
1 3
2395 59
2 4
5 50
2768 69
1 2
18 24
5 15
59 42
4 6
1 17
13 23
11 19
1104 30
1 3
1 6
1 1
7 27
1 4
1 1
5 17
1 6
1 1
1 22
1 2
1583 37
46 52
30 108
643 19
1 2
4 7
4 7
1 22
10 27
5 8
2 28
2344 52
3 6
1 2
1 4
365 15
1 2
3 9
1 26
1 3
1 1
1 7
5 11
9 16
4 5
4 10
13 15
10 12
2 2
360 15
2 10
8 32
2 7
3 6
2 13
11 14
8 30
3175 90
1 1
2 2
2911 74
3 4
11 13
3685 139
7 17
41 43
2 8
7 9
3 6
357 14
2 13
1 1
3 9
1 1
3302 96
6 7
1553 40
6 15
2 3
2 6
9 16
1 2
8 14
60 85
10 14
2 17
1 6
1 15
3 17
1 2
16 27
18 24
2 12
1 10
2 7
1 4
2401 56
8 52
13 27
1 2
1 2
3521 116
140 73
8 24
3 3
10 13
1625 38
1 1
2 8
18 20
2 12
1422 36
1 3
3602 139
1 18
3 29
1 4
1397 34
1 4
3781 174
3 7
1340 34
590 19
3 22
3 5
2887 76
1711 42
16 24
2078 51
2042 50
1 1
2386 57
1 8
3 12
2 6
1 1
3 3
1 1
3 6
1 6
4 8
1 1
3258 89
7 10
3 44
1759 41
75 75
3 3
1 3
1 9
1 1
1819 42
2 5
8 24
1 1
1 6
5 15
4 19
1 1
6 7
1 9
4 10
1 6
1 2
2 2
6 16
11 35
1 1
1 7
2 3
1506 35
1 1
2 3
1196 31
7 12
3 9
2 3
55 51
1 3
1 3
1 12
3695 145
109 47
20 41
4 9
1 1
7 12
2 6
7 46
1 20
1 1
4 19
2 2
9 9
4 4
9 27
1 1
1 2
2 3
7 15
1 2
30 47
6 21
2 3
3345 99
5 14
1 1
18 40
1 2
1 1
3708 148
6 12
3 3
2132 51
2 5
1 5
773 23
2 3
1 14
458 17
1 2
1 22
2341 57
3 4
1 5
1910 45
3643 148
2 3
3044 80
1 1
1 20
25 37
2274 56
60 85
1 4
7 17
1 1
6 18
1 2
5 14
2117 51
3 4
3 5
1 2
1 29
5 10
18 16
939 27
1 2
2 4
1 4
1 4
3 8
1 1
1 4
314 11
1 2
3 3
270 9
4 15
7 8
2 5
1 3
1175 29
2 3
1 4
1 4
1 1
43 51
3541 121
8 14
1 13
18 43
2779 70
3 48
2 10
1 2
2347 56
4 8
1 2
1253 31
6 9
2 3
7 21
1 3
1 5
10 19
1 1
5 10
3454 132
1 16
3 6
2321 53
1 22
5 11
2 2
2 5
4 10
28 47
1 7
1 10
3459 117
7 40
1 2
54 50
1 2
6 7
1 4
3041 81
2152 49
2530 63
3197 99
1 6
2 7
1 5
2674 65
1 1
2 7
1 3
1 3
2 4
3 9
1974 46
2696 66
2124 49
1 8
1 11
1814 42
1 3
2 2
8 18
4 5
3364 107
6 14
12 35
9 10
3224 92
46 21
1 3
2 6
7 28
2 7
25 81
3 10
5 30
1948 46
2 3
9 26
6 10
29 33
1 3
3 8
518 17
2 3
1 3
1 3
895 25
10 18
2 2
5 21
3 9
1 2
12 35
3 11
5 7
2 3
5 6
2 4
512 18
2 4
1 3
2889 75
1 8
6 14
3 10
1917 45
6 36
7 51
3 6
1 3
960 27
6 12
429 15
1 15
4 9
24 32
2 3
1257 33
3 10
2 31
1 27
6 18
5 6
2 3
1 1
10 17
1 2
13 22
3 9
3168 86
1 2
1 5
1 2
17 27
24 28
1 4
3 8
2 7
2 5
3 6
1 2
2 14
1827 44
54 22
5 10
2 5
12 19
1 5
1875 44
2 4
1 6
5 12
2592 63
2 37
31 47
1 5
11 14
1 7
1 6
1 1
1305 32
2620 61
3 9
1 3
2 19
3 6
1 5
11 26
3 7
6 9
3 4
2989 78
3 4
4 7
3 19
1 3
1 5
18 68
1 2
1 2
1 4
8 21
1 3
2 20
3 4
987 27
5 12
3 5
1 3
1734 40
1 7
6 11
14 65
1 18
11 15
1 6
9 46
3 8
7 19
7 7
1 1
1 2
2243 51
1 5
2 8
1 2
1 1
1788 44
7 12
685 20
2 4
1 1
1 1
2772 69
1 2
5 6
3 10
2 3
1 3
3 11
2 11
23 30
1 1
1794 42
7 12
4 10
1 3
6 19
10 17
1 16
1443 34
1 2
982 26
5 20
3610 133
1 8
21 48
3419 112
2 8
7 57
18 32
1 7
2 7
3476 117
1 3
5 46
1 2
3001 78
6 6
3002 86
3373 98
6 10
3534 118
9 31
2 3
1 1
2 13
7 38
20 19
2 9
8 18
1 1
1 2
1 8
1 3
2 7
1 1
870 26
1375 35
2 2
1214 30
4 10
615 20
12 35
887 25
1 2
2 4
1564 38
2601 63
1 5
2401 56
1 6
5 17
3018 83
1 6
7 16
1452 36
3874 220
964 26
1378 35
4 6
4 5
4 8
3 13
1 4
5 16
9 27
1 3
847 24
1124 30
1 4
1 2
1 15
1 6
351 14
1 2
11 16
1299 33
2438 62
15 16
8 19
6 49
3501 116
1 3
1 5
2 7
2 31
1 9
1 5
1 15
975 27
3 7
2 22
2 6
3 11
1 2
1 6
3497 121
3564 118
1 10
4 20
9 19
1 3
3 7
2558 61
3647 138
5 12
1 7
2793 70
40 50
1 3
800 24
2228 56
20 28
54 45
2 6
3 7
1 2
3291 100
1 2
5 7
3029 79
4 9
3 13
1 2
8 19
3667 136
8 10
1 17
1 1
1 2
2 9
3 5
3 6
91 12
7 7
5 17
1646 39
2 9
1 4
14 29
3527 116
1 9
1 9
2518 59
1 1
1 3
9 23
556 18
580 21
13 15
14 48
4 8
4 4
7 20
2 14
1 5
1 3
11 14
1 7
3230 94
3760 200
3428 111
4 9
1 5
1394 34
1 5
2 7
48 81
3 5
2450 59
2 3
40 52
1 3
1 4
7 6
9 14
7 20
3 14
10 28
1 7
5 38
1498 36
1 9
1 10
9 25
1025 28
14 41
7 26
11 24
4 6
14 28
384 17
1211 31
1 6
2 3
1 3
1 2
1 2
1 10
6 10
2 2
1 4
3577 119
1 4
2 4
1 1
6 31
1 1
1 17
1 4
7 12
788 25
1 6
1 2
1894 44
1 7
5 19
556 18
1 6
1043 28
939 26
2288 54
1 8
19 17
9 24
1 1
2885 74
2213 53
1 1
1 5
2 22
1 3
27 68
893 26
2 4
3 10
11 25
2 4
1819 42
2 6
1 15
1 2
7 17
7 13
1 7
7 16
1 1
1566 37
2 6
2 12
1 1
2 5
8 18
8 19
451 18
1 3
3 8
1 6
1 20
1 5
3097 81
12 32
76 31
6 20
1 4
11 16
13 31
6 27
1 7
1 6
1 1
5 15
2599 64
1 5
1 5
1236 31
13 16
836 25
3297 94
1 3
1 12
1 4
1 3
2 6
1 1
10 29
1 35
1 7
748 24
11 45
1 5
1 4
14 27
2521 65
2410 56
12 44
1 7
1 2
2 5
2 7
1734 42
1 1
1 8
13 16
5 10
17 42
519 18
59 39
2 12
11 46
1 4
1 3
1 1
3747 156
1 2
16 56
1 1
1 3
2 28
1 1
1 7
3 14
1 2
2 4
965 27
1 1
1 5
1 2
3330 111
3 18
1 1
13 30
22 42
4 17
9 29
2 4
1 8
1998 46
16 19
30 42
25 37
34 41
2560 61
1 3
3 5
2 4
1 2
2 14
6 22
6 10
2 15
2 5
3 16
143 54
2367 56
2 2
2 4
6 9
3 4
6 19
1 4
2482 56
1488 35
3 7
1 2
7 23
3389 99
4 17
1840 43
3860 213
2498 64
4 11
2 5
1 7
87 32
2 4
1 3
1 2
5 11
1978 46
8 20
9 21
1 22
1 12
1 3
1 4
2 5
1 4
1 9
1 5
1 4
1 2
1 14
9 26
1 3
1151 29
6 48
1 1
296 12
4 7
3778 179
1 2
1 1
1 2
1 2
5 10
30 93
1 30
1735 41
1530 37
1 2
2 14
1 5
3371 100
1 1
86 69
9 12
2 4
3145 93
1 2
6 20
3606 125
1 2
1 8
3 11
1727 43
48 81
1 2
1 2
1 5
1379 34
5 43
2 11
3604 148
4 6
3 13
6 18
1 14
10 16
1 2
12 30
2562 64
1 12
1 19
3698 153
3642 133
3203 87
1 4
1 7
5 41
1 8
1 7
1 1
1 3
1 11
11 24
6 18
1 7
2651 66
16 47
1 2
1 12
1 11
1638 39
1 2
1 9
1 8
4 9
1214 30
2 3
24 29
30 46
1418 35
1 5
12 18
8 12
461 17
2 9
16 19
19 45
1 6
1 2
627 19
2 6
1850 44
1 8
2 7
3 30
2361 54
1 2
1 3
3257 93
4 7
1 5
2 4
1261 32
11 14
1 16
1 3
4 11
692 22
862 24
1944 45
2027 47
4 11
1 7
3424 106
2227 55
133 54
1 12
1 2
19 52
1 15
1 11
14 12
17 24
1 2
3 10
1 31
7 14
2 7
13 12
10 29
10 23
1 2
2 12
2226 53
1 4
4 17
1 3
1 3
549 18
2785 72
3460 118
5 20
1 4
1 5
1 3
1 12
10 36
4 8
2 15
2 9
10 13
1 39
3448 112
2 7
3 4
3354 107
2575 62
1 2
1 2
1 1
6 16
1 4
9 9
1 1
1 2
15 32
1 3
18 24
1 1
1 11
4 8
18 31
1 19
1 6
26 12
1 3
8 8
19 45
3 6
1 4
1 3
1 5
3130 85
1 1
3465 129
2 2
3 19
11 21
5 46
4 33
5 20
2 3
4 12
1 3
2 7
29 35
2 5
21 20
1 3
2 3
2 3
1 4
2 7
57 14
2 13
1449 36
3 10
865 24
1405 36
1 6
1 1
2929 79
6 8
1207 30
1 2
2 3
2 4
2447 59
1 3
4 8
4 9
266 13
3 6
1300 33
22 73
1 2
7 9
5 25
1537 37
2 17
2910 75
4 9
20 31
1 1
15 36
1134 30
1 15
1 21
3 5
2 7
2 5
4 10
18 20
16 19
1 5
2 2
5 8
3 10
2 10
123 44
2 3
6 26
1 1
2903 76
2172 48
8 29
39 68
4 7
2 2
2 10
3 4
2128 49
3498 116
2 15
2 5
7 13
2 11
7 26
1 9
3 7
5 17
1433 34
3 6
2878 72
5 23
2111 49
4 7
3200 99
1 2
2 4
1 1
702 22
1212 30
2852 72
1 4
2391 56
1 1
6 41
1662 40
1 27
1 2
4 9
1 2
2 3
2 2
3 17
1 13
4 11
1 1
13 30
1 29
1 29
1 1
3 3
838 25
1 8
1 9
1 3
8 13
60 42
2 10
2 3
1 2
2446 60
3636 137
6 22
3 17
3340 109
1 5
2 15
3 5
1 6
10 21
4 20
1 1
1 13
1 10
2216 53
2 13
1 3
2 3
2 7
1 14
2 5
30 62
1 3
1 11
1374 35
4 28
28 34
1261 32
6 29
1209 31
1 2
2 2
1 5
1 3
11 41
2 6
2 4
1 7
6 34
1 2
1 23
2 6
1 2
2 8
1 4
1 5
1 9
3 3
15 19
1 2
20 32
7 32
2846 74
1965 45
9 20
1 2
2621 65
1115 30
1 4
1 5
1 3
1 5
2 5
1 3
6 40
3 9
2 5
1 13
9 19
7 7
2390 56
2 8
4 9
4 21
1 3
2 2
6 29
785 23
4 6
9 58
2 5
2 7
2555 63
1 2
3480 117
2 3
4 10
1 3
1305 33
5 15
5 29
5 19
9 14
956 25
2 8
3 5
82 29
1 11
2 6
2 3
7 9
4 11
2 2
4 19
1 2
1 1
1 2
3 37
2 5
2806 69
3 4
3 4
1 3
3546 125
6 11
9 17
2 11
1 8
1 11
1 9
2 4
439 16
3 3
1 2
2 34
1 2
2 4
2 9
191 12
1 3
2588 65
2678 72
2779 69
1 11
5 21
7 19
1 3
2168 51
2 6
3 7
1 1
1780 42
1 2
4 13
1090 31
3325 96
2506 63
1 6
3674 159
1 1
2 5
9 17
6 18
5 7
526 18
1 5
1 1
7 23
2754 72
683 23
3 3
5 5
2 3
2 3
2 7
1 3
1 4
4 10
4 7
3 11
12 33
4 26
1 1
39 52
1 6
1 6
4 9
308 12
3595 132
13 55
2724 66
1 2
1 1
10 27
4 4
1 1
1574 38
2 3
3 3
1 5
8 26
2 5
2423 57
3 3
8 29
2 7
2782 72
6 25
2 9
1330 35
3 17
2 5
705 23
932 26
8 19
1659 39
3 15
1499 35
1 3
4 16
1 3
1772 42
3226 92
1 3
2627 64
18 26
3 13
1 1
1 1
1 5
1225 31
2755 73
3 7
1771 41
52 125
3496 114
79 63
1 2
3 18
1 3
1 1
8 25
1 1
4 8
1935 45
2 12
8 8
6 17
3 14
3 9
1 4
2 6
2878 76
1 3
1 2
4 11
2 8
12 23
1 1
1 5
13 28
312 13
3055 80
6 17
3 4
1 3
2 32
35 50
1 5
2 3
13 40
1 5
329 15
2 6
1405 34
1 1
1 7
9 16
2 3
2244 52
4 23
1 7
3430 114
2387 58
4 5
360 15
2310 53
1 4
4 12
8 14
1 4
2780 73
2 2
3 8
1 4
5 38
2 15
4 15
1 5
1 6
3947 329
1 2
7 11
1 2
2 4
31 38
6 35
1 4
7 13
597 19
373 16
2 2
3 11
2 4
1 2
3746 192
1 2
5 7
1 2
859 25
1 12
2 17
1 6
2 3
2 22
10 29
1 2
1 3
6 14
1 5
2 2
8 23
1 4
4 20
4 5
19 58
4 9
5 16
1 27
2 6
1 2
38 102
2742 69
1145 30
999 27
1 5
1 3
1 3
1 30
23 31
3535 120
918 26
7 17
10 38
905 24
4 11
1 4
1 17
4 7
5 6
1 2
6 23
3 8
3832 174
1 1
3022 79
1 6
1 3
1 5
874 25
5 14
428 16
5 34
1 2
3 11
3275 91
5 15
1 3
1 5
9 15
25 52
12 30
26 49
1 1
1 3
21 29
1 1
2103 47
3518 123
1 3
1 2
1 8
2 13
5 51
1 3
740 22
7 15
2 8
3754 165
2354 56
1 5
1 1
1 5
1082 28
2137 49
21 30
2 14
2 7
1 5
3707 152
3 4
1 1
996 26
3437 113
1 2
14 9
1 3
608 19
3411 112
8 27
1 2
1 5
2 5
261 8
35 51
6 7
1 1
1 3
16 40
1 7
8 16
1 17
5 14
1 4
1 1
1 3
4 4
1 1
2 6
4 10
1 6
1 3
8 6
2 11
1 1
3 20
1 3
1 3
2353 57
34 51
2 10
3 14
4 10
2 17
4 19
2715 66
28 19
1 5
1648 40
20 59
2173 52
1 2
1166 30
3 8
42 51
5 8
10 19
2 4
3624 129
139 47
4 46
1618 38
2570 61
1 2
2 5
1 3
4 9
2 5
3340 98
40 51
4 19
1 4
1 2
1 3
441 17
1 2
1 2
3402 107
3 12
1 2
3 28
3 5
4 16
3 17
6 12
1 4
2535 62
27 66
1 2
2 2
6 24
16 14
2 3
3 6
1 9
8 18
1 2
3198 92
11 16
1 3
2 22
2141 51
2721 67
2814 71
56 14
193 8
2853 73
1 18
1 1
2124 52
1099 28
1160 30
1 3
24 51
2264 57
1890 43
3 12
2 6
4 5
1 1
333 14
1 4
1 3
1 2
2 6
1 3
1 2
2 11
6 7
2 4
269 11
1 1
1 5
2 23
14 18
2 11
5 13
3 3
4 8
3361 100
1 1
3 39
1849 44
5 21
318 16
2 9
1 3
3803 172
4 23
1 7
11 29
1 2
336 13
3 6
511 18
2 5
4 10
1674 40
1 8
2 5
4 7
6 33
14 53
2 12
1 5
3 14
3 4
3 21
5 14
2 4
1629 40
1 3
7 12
1 11
3444 108
4 11
1 3
2416 56
5 6
1 2
18 26
2 2
16 13
4 10
2 12
1 4
1377 35
1 3
2 3
2 11
1 2
1 1
1 3
2 2
2 3
1 3
1 3
1 2
1 2
10 14
1 4
1 4
1 6
1 5
1 1
3 6
5 8
5 24
5 8
1 11
4 23
1 1
1 1
1 20
1 2
1 1
1 2
1 2
1 6
2 5
2 2
1 4
1 2
7 23
27 61
8 9
2359 55
1463 37
1954 47
3 5
3 4
5 11
1 2
1 13
1 4
2 4
1 6
1 2
1863 44
1 5
3 13
1 9
1 3
1724 42
1 2
1 4
3439 101
1 3
766 22
5 24
1 2
554 21
277 11
6 10
5 6
2354 58
31 28
1786 44
1 3
1551 37
765 23
3 12
1 1
2 5
36 45
1 4
1 4
1 10
353 14
1620 40
2838 73
8 9
1 10
1 5
1 2
1 2
1 4
1 19
1 21
3192 94
4 4
3163 91
1 8
5 12
10 39
6 16
1 4
7 23
4 34
721 21
3 4
1 5
13 41
10 41
3 3
7 9
5 12
1 6
1 1
1 1
1 4
1 8
2 5
1134 32
1 1
1 3
1 2
2 18
2445 60
28 27
1 6
1 5
1232 32
1 3
1 5
10 14
2 9
953 26
2 4
1 4
9 33
5 14
9 30
998 28
3 3
1 2
1 16
2 2
14 34
1 2
650 21
3119 87
2088 51
1 8
14 18
197 113
1 1
2298 55
1 1
1 4
1 2
1 2
8 19
38 39
2034 48
2156 50
1 4
12 16
1 4
1 2
1952 45
3343 100
1 7
1 1
1 5
1 2
6 8
5 6
4021 369
2452 60
1 19
1287 32
7 26
9 22
6 38
1 4
4 22
1 1
1 4
9 8
1 9
2935 82
5 9
10 18
35 30
1 17
72 74
2624 69
1 20
3 6
21 39
1 11
3 7
1 4
1 1
2628 64
1 6
1 2
434 16
5 11
2 8
3070 85
1 4
3224 88
1847 43
5 8
3 13
3 10
289 10
2887 74
1 4
3 8
2474 58
1 2
3 9
7 25
1822 42
5 20
1648 40
2 25
2895 76
1 4
1 4
1 2
1026 26
15 55
7 8
3 7
762 22
1 10
14 19
1 1
9 14
12 17
1 2
2 2
4 8
480 16
6 12
3111 81
1 1
1184 30
4 6
1 3
2 7
2676 67
4010 196
2 6
1 4
6 7
31 48
5 17
2 7
1428 35
1 3
2 5
20 29
8 12
3 9
1896 43
3272 92
1 2
2047 48
3 4
2592 66
1 4
1 4
1084 28
2 15
1 8
2 3
1 4
3704 142
1 2
1 1
2685 68
1 3
3023 80
2 11
1 3
3 7
2828 71
1 26
2 10
2 4
2 4
5 17
3 13
1974 46
1 2
3804 193
3256 87
361 13
1 3
1 2
2 4
1 1
1301 33
2 3
1458 38
1 4
3 5
1 11
12 26
2 6
1 7
7 18
5 40
1 2
1352 33
3 6
1829 43
1 9
1 26
1 2
2913 81
1 4
2 15
4 22
3690 158
1562 39
3 7
1445 35
2 5
2 4
1 4
1 5
1 4
1 15
1 5
1781 43
1 2
1 6
1 2
14 31
2 7
4 16
27 49
441 18
6 12
2 9
549 18
1 3
2 6
5 7
14 36
3 22
1 2
1869 43
4 12
6 19
3674 149
16 26
1 19
2 5
1 11
266 15
1 4
5 7
23 26
3 7
3 4
1743 41
1434 33
22 49
2 8
1611 39
3707 139
3 4
1 3
1 3
1 2
9 27
772 25
1964 45
1 7
7 17
1 7
2 9
1 18
1405 34
1 1
2433 58
17 43
1 16
1 7
11 32
4 17
1 3
4 9
3 18
1 15
1636 39
5 10
10 9
1 2
2 16
1 3
39 51
1 9
3 7
9 23
1 12
1 1
937 26
1 5
9 24
1 7
3 4
6 14
8 13
1 4
1 10
12 19
16 36
13 18
3 10
4 20
10 48
1 5
2 3
1 8
5 5
3 3
3977 323
6 25
2 5
3538 115
6 33
2 2
1 2
1 3
1 3
22 54
1 7
1 3
2 18
1 4
2358 57
394 15
4 17
6 18
19 37
1448 36
3 16
5 20
90 33
1 2
3620 136
2260 52
32 62
1 1
2 7
5 11
1 4
1 16
3190 87
763 24
1 4
1 8
2406 59
1 1
7 18
31 46
3026 80
1 2
2679 67
5 8
45 72
1 3
2 24
87 11
1 2
2469 59
3466 107
14 34
16 36
3500 112
6 11
3 6
4 7
238 12
1 3
1 3
4 11
1 5
3231 91
29 47
1 3
607 20
15 22
1 2
2 5
5 18
3 6
2 3
1 1
8 22
1311 34
6 9
1 1
3190 85
2 6
525 17
1 1
2 3
1 11
7 15
6 14
2584 62
2 4
6 23
1 3
2 19
1 3
638 20
1 10
11 17
8 17
6 15
3 13
3451 114
2 16
1 16
2 9
1 2
10 29
2 3
2 8
16 46
12 30
18 29
4 22
8 20
30 68
2 23
2906 74
3 34
4 19
4 13
1 2
3 30
1197 31
577 19
2 9
2747 70
2 4
1605 39
2605 62
2 11
1 3
7 35
1 3
2841 71
1 2
1 40
2 2
22 28
3 13
1 6
4 11
7 37
1876 44
1 7
1619 39
1 2
1 2
1 1
10 28
689 20
1 6
1 2
5 20
1381 34
2 6
1 5
3709 166
10 16
7 8
1 2
1 8
4 7
1 3
1 6
1 3
106 31
1 2
1 5
6 9
2 10
1 1
3809 158
2465 58
304 14
5 16
1 1
1 3
1 1
4 14
431 16
1 5
1 3
2 3
4 8
1 2
8 19
1 9
1 4
1 4
2 8
9 10
2 11
1 3
2 12
1 3
16 14
1 1
1 3
1 6
1 1
3481 113
4 18
343 15
2635 63
6 13
1 2
1 7
17 31
1 29
1446 36
3 17
10 9
4 10
1 2
5 24
250 8
3178 94
1 2
1 3
1 1
1 1
6 15
1 4
1 10
2 14
1 3
1 6
7 32
14 18
17 48
1 6
1 3
29 14
207 11
8 13
1 1
1483 37
1 8
871 26
9 39
3 4
8 18
6 23
1 8
1 13
9 14
1 3
1374 35
2149 49
2 11
3104 88
1 3
30 40
1 6
1063 28
4 14
1 8
2264 52
499 17
1 11
583 18
4 27
11 16
5 8
1 1
6 11
1 2
3377 105
2 13
1 2
23 29
3 33
1 9
1 4
2803 73
1 1
3 14
1 12
1 7
1 1
1 6
1 4
1084 30
1 10
2276 54
41 52
6 7
2803 74
2563 63
480 18
957 28
4 5
1 15
11 17
3 3
8 45
2 6
3 4
11 23
3 4
1 2
1 15
3 3
1 20
1 2
1 5
7 26
4 9
1 2
1 4
2 5
1 6
2 4
1 1
6 16
1994 46
1 3
4 5
2482 61
5 36
5 14
9 14
1 12
2905 79
1 16
3 17
3 7
4 6
22 32
1 1
3390 108
1447 34
3816 161
2 12
628 21
1446 37
2524 61
3730 156
1460 36
3 4
1 2
1 9
2 6
8 8
829 23
20 24
26 52
34 44
1 8
3 22
1 3
1 5
52 23
11 48
1 6
497 17
1 5
471 18
1 3
1 8
1 8
14 30
1 10
1 7
6 18
1 4
1 4
1 1
1 1
61 85
2 7
1 8
1195 30
27 40
36 43
1 6
1 4
2 5
6 7
1 3
1 2
473 18
1 12
6 37
2 3
3 12
8 12
1 33
1 2
1 1
5 6
816 23
1 4
1 22
3260 98
6 11
1068 29
2 8
4 27
1 3
1 3
1 2
784 24
2653 65
1 16
1 4
2181 51
2 33
1 3
1 2
1 2
1819 43
3 42
11 51
1 4
8 14
2 13
9 35
1 2
1 3
1 4
7 30
1347 33
2 5
1 1
3 4
1038 28
4 23
1 15
1 1
1 5
1 3
4 6
1 5
1 2
1 4
4 9
1144 29
1 5
2 16
4 12
1 7
6 7
1 1
1 1
1 4
1 2
429 16
12 51
12 28
1 2
9 15
2 8
1 4
1205 32
29 76
1900 46
1 6
1 2
1 5
3 11
1 2
2874 75
2990 79
5 19
1474 35
1 2
7 27
1 5
4 10
1 3
3 6
1259 31
2231 51
1 6
1 7
1 37
3273 93
1 28
950 27
1 6
1 3
3 6
3 4
1 7
2 4
1987 47
26 37
2 6
7 47
3 8
1 1
1 22
2 8
1 5
1 13
4 27
3 8
4 51
3079 84
3 28
757 23
1 4
15 34
1 1
1 4
3 15
1 7
9 15
1 4
1 3
1 37
5 8
881 25
2 6
114 54
10 43
10 30
39 19
1 3
7 6
1 1
1 3
1 2
1 4
1 2
1 5
1 13
2555 61
1 2
1 2
8 16
813 24
2 11
4 10
21 23
2 3
4 12
9 8
3830 188
11 20
10 20
1 3
1 7
3651 143
1 10
2 7
1 6
1 3
16 22
6 37
4 14
1 2
1376 34
10 10
857 25
1 8
3 4
2965 77
2 5
1 4
1205 30
1 8
7 11
7 23
1 2
3 4
1 2
795 24
1 8
1 9
589 20
1 8
7 20
3813 166
1 3
1 1
2 9
4 25
2 3
1 17
1 3
1 4
558 19
1775 42
2635 65
2 3
4 4
3250 99
1867 46
2885 74
5 7
1 4
1 4
11 22
1 18
1 21
1 4
3 12
1 4
1 5
1 2
1 7
1 3
1 1
1 4
1 4
12 13
3 5
3 18
365 15
1 5
1 12
3374 116
2 14
1 3
6 12
8 21
1466 36
3124 85
19 43
1 3
9 22
2 7
1 3
1 2
2 4
1 10
931 28
1873 44
14 39
46 80
7 11
5 12
1 6
3962 271
4 4
7 25
1 2
1 7
1 1
7 30
2 33
1 9
3 5
1 6
3 9
13 55
1 1
34 91
1 1
3168 85
1 1
2577 67
2774 71
2 11
1017 27
4 19
1 2
2 11
5 12
1 4
4 6
2 5
1 4
4 22
3042 90
3 9
4 10
2259 53
1 3
3 4
1 5
1 7
1 1
2 12
1 5
1 1
5 23
10 35
6 39
1 3
669 20
5 5
1501 37
1 2
1 9
1 8
1 3
13 12
4 7
1 3
469 17
1 2
1 4
1 4
802 24
1261 32
11 13
1 3
1 4
14 41
1 4
1956 45
485 17
5 7
1 3
8 15
2762 69
1 4
2 2
4 10
1 1
1639 40
3 14
3 7
2470 63
1 3
1 4
3 4
1 2
1 5
1 1
2 3
1 5
3 10
24 45
2301 53
1 2
1 1
7 8
1 1
8 12
19 24
6 20
529 17
1 5
4 15
7 18
1 13
1 12
1 13
3192 95
1 8
1929 45
25 61
1 5
1 1
6 72
1 4
1 6
1 30
1887 44
1 2
3 11
1 3
1 5
2 7
1 2
5 7
1 3
5 18
3 9
1 9
1909 44
4 12
3 7
4 7
24 34
1 13
1 10
1836 42
2 4
2711 66
1 14
44 51
904 25
2715 69
1 4
3352 102
372 17
1 7
8 18
1 3
1 3
8 22
1 1
14 16
2704 70
1 2
1 9
6 8
9 22
3725 152
1 13
13 17
2 7
6 7
1 2
1204 31
1 7
1 3
2993 77
1 8
2945 79
1 8
1 7
1 2
1 7
1 6
1847 43
1 6
1 17
1 6
1 1
1 4
18 30
1 1
901 24
1 1
7 20
2151 50
3 3
7 38
1 1
2 11
4 13
3 12
4 12
1 3
1 2
1 5
1 55
858 24
1716 41
1 5
8 11
1 3
14 18
1 3
6 22
2 3
1 2
1 4
13 30
1883 44
3 7
1 1
278 10
1285 32
3 12
7 12
1 7
1 5
1 4
1 3
737 22
2 5
1 5
1 2
874 26
2 6
56 82
39 51
1 1
3 10
1 5
3 7
4 31
1 13
9 31
5 11
10 17
1 2
14 68
3250 91
1 2
1 4
1 4
7 22
1 10
9 10
2 9
3 7
1 2
1 3
1 9
2396 57
5 9
2 4
4 31
1 12
1 2
1 3
5 13
2939 77
2 9
706 22
1522 35
1699 42
3 13
1284 32
3 12
1 3
1 5
2 4
280 10
2 4
2 9
6 24
1 1
689 20
5 50
2 3
1619 39
2 8
2040 47
2 3
2 2
16 35
3 5
30 49
3 3
427 16
3 8
2903 73
1 2
1 1
12 11
3 4
1 1
1 1
668 20
1 7
2618 64
3 3
1 1
2 3
2 3
8 11
2656 64
4 24
2 12
5 17
2842 71
1 3
17 29
1 2
2 3
3112 84
63 21
1544 40
2 6
1 2
1 2
2 4
1270 32
1 1
3 6
1 2
1 4
2 7
2980 79
2211 53
2 7
4 19
3277 93
2 14
15 36
4 10
4 9
1 2
1 1
742 22
1 1
3636 136
2 4
1 8
2 11
1 1
2 9
4 9
325 15
1 1
1 1
2 6
1 13
3198 95
3605 137
1852 44
1 2
1 7
1 2
1 2
151 29
1 1
666 21
2 5
2 9
5 10
3 5
2010 46
1 1
1 3
4 18
1970 46
3 9
1 3
4 15
1 21
2 5
8 17
3 5
1 3
2088 49
5 10
1580 39
912 26
2 4
3 7
6 10
1 2
1 3
2403 57
1396 35
16 76
3 6
1 11
1 5
1 2
1 3
3 21
3 6
2 9
3069 82
2 11
1 2
1 4
2 4
1 2
3153 87
16 48
6 27
1 2
1018 27
3 5
1 3
2 3
6 29
1 3
138 11
9 7
1 3
2 5
2532 62
1880 43
1 2
3 6
1 6
1673 41
462 15
1660 39
3 8
3810 210
1 8
1107 29
85 35
1 19
16 55
5 55
21 45
1 3
2099 49
11 25
3 7
3 12
2 6
1 2
11 24
2 14
1 5
1 4
2702 67
3 10
2 13
2 4
3761 166
2 8
2 6
2 5
7 28
1 5
2 7
1 7
28 76
1 1
1 2
1691 39
1 4
2 6
4 8
6 14
2 4
1 2
1 3
4 26
1 2
1 4
6 8
1320 33
3 11
2 4
1 4
1924 43
2 4
2 7
1 8
6 25
1 5
7 20
264 14
2 8
2 14
1 4
16 48
1 11
711 22
5 8
1095 29
1 3
4 6
134 81
3 7
7 22
1 1
4 15
125 7
2931 82
1 4
1 4
2 5
2707 69
2 4
3 9
1 23
1 2
5 9
1 8
1 4
2 21
19 30
5 10
285 13
5 11
1 1
2 4
1 3
1 2
1 2
1 1
1 2
162 11
2125 52
8 14
1 7
2 2
15 43
2 3
2 12
5 6
1 1
7 8
1452 36
4 26
1 1
7 11
2292 54
63 85
9 31
2 4
1 2
7 10
1 1
2 3
7 16
1 2
1 1
1 1
1 4
4 8
1 1
1710 41
5 11
2 3
9 37
3 6
1 4
1 1
2895 74
2 3
26 45
3599 128
11 25
2 9
2 6
5 7
2 14
1 1
2 4
1 2
2 5
5 13
2928 73
1 5
5 18
2 10
2 2
1 5
1 1
2 7
595 21
7 17
2 13
5 22
3 6
1 2
1041 27
1 7
2 2
14 25
5 36
3 5
2 3
2870 73
3929 257
1 5
62 85
1712 40
1243 32
6 9
4 20
4 11
1353 34
1 10
1 1
1 3
7 7
68 70
2 8
3 6
2195 50
3 21
2 2
2 2
1 2
4 15
1 1
1 3
1 4
3217 87
3830 176
25 45
6 48
5 24
3 7
1434 34
1 3
9 14
2319 54
1 6
1 1
1 4
496 18
3741 158
6 7
3 5
1 3
5 5
2292 53
2 15
2337 55
1 14
1 3
2 2
1 23
2623 64
3 4
13 33
1 4
3 6
6 9
2 4
3 9
9 8
1 11
20 65
16 18
1 1
1 5
1 8
6 20
3 6
1037 30
5 12
8 22
3 27
2 12
712 23
1 16
2475 60
11 42
1 2
5 11
13 59
6 8
4 5
1 5
2922 74
1 3
12 23
1 5
1 2
2921 75
1 2
2 13
11 25
3 4
1 21
6 17
8 11
7 9
2 6
1 2
2 5
57 126
17 72
1 9
1 7
3172 87
44 51
1 5
5 7
4 12
1 8
2 6
1 2
600 22
3507 114
1 1
2 3
4 23
1971 46
1628 39
5 5
4 7
14 45
1 3
1 2
2 8
5 12
3712 139
210 6
1 3
1 4
524 17
2 7
2 7
3214 88
2 19
1 3
7 13
2754 72
8 23
3 8
4 23
3714 141
1 7
1703 39
3734 155
1 3
2 18
2 7
2 24
1 9
1 3
2 14
1 6
10 13
155 48
2 5
1 4
39 48
5 15
1 2
5 12
3988 336
3003 83
2821 67
13 52
2 5
1751 43
15 20
4 5
1 4
7 9
91 33
7 13
2 8
2810 71
1 4
1 5
3049 82
2 4
2 5
1 1
1 2
1 5
1 1
1 6
1 15
4 11
2 10
12 38
37 80
834 24
13 45
8 10
1 4
4 24
1 5
2793 71
11 29
6 10
2 4
4 10
1831 42
1 2
13 59
3530 119
8 13
11 14
3 21
3 10
4 13
30 50
1 4
4 13
4 14
4 10
1 2
3 8
2 5
3 6
1186 31
3 6
1 3
1271 32
1165 32
12 28
1 3
1 4
10 13
1 2
4 4
1 11
3997 427
1 4
2 3
4 13
3 3
1 14
1 20
2 3
40 13
4 7
2789 72
1725 41
2445 59
3 24
59 53
116 139
1 3
8 14
1 11
1 3
1672 43
2 5
7 6
1 19
3851 233
4 4
1722 40
1 3
1 3
3 15
7 7
8 15
3 21
2 18
1 4
2319 53
4 7
11 28
2 9
2 40
2925 77
1 3
1 5
3 4
3 18
1 24
1 2
1075 30
1 5
1 3
17 20
1 5
3743 156
1 9
2554 59
2 7
2 7
1 2
1 3
1 3
1152 30
2 9
3647 148
1 1
2432 61
1 10
5 12
2 16
652 20
1 2
3 12
2 2
1 1
2 3
2 9
1 1
4 10
1 2
16 35
7 16
9 31
3311 94
18 45
16 45
2 3
1 1
1 5
2 9
2 15
2 3
6 28
1 1
3186 88
2 9
2 5
1 1
2 7
3 5
932 25
3 11
1 21
1 11
1559 40
1 2
7 8
12 11
622 20
1 5
5 23
1 7
1 5
1 24
2 2
3303 97
1 10
2083 49
5 6
1 2
6 18
15 36
1 5
969 27
3345 105
2 4
2101 51
7 8
2373 56
3 6
1 1
1 13
1 3
2405 58
3009 86
1 4
2 19
1 2
5 15
4 18
2 9
5 12
9 18
77 19
1 1
2 28
3381 102
3 10
563 19
1 2
1 11
3 5
3 8
1 6
19 31
1 12
2 3
1535 38
1 13
4 17
10 26
31 52
1 5
2 4
2695 68
149 59
1 5
735 23
3362 101
12 30
3396 106
1 4
9 12
1 6
1 39
1160 30
2 23
4 6
10 23
3483 110
1 2
1 7
2696 68
3296 98
4 11
2 28
1 3
2 3
1 1
3 5
1 2
2672 68
3989 297
2 5
8 8
3285 93
1 4
1 17
1 6
2 6
3661 136
27 70
2 12
1 2
3 4
2645 64
1 2
1185 29
1 8
90 33
9 36
1397 35
1 3
5 9
8 22
1 3
2 2
3168 88
2989 76
1 11
14 34
3 9
1 4
8 48
1 4
10 16
3 3
1 4
1 4
9 23
44 22
1 6
1 1
1 7
1 14
5 39
13 31
7 8
1 6
1 1
10 23
29 42
3526 118
3887 224
5 7
3 18
1018 26
6 9
1 5
3 19
1 6
1 1
3 51
1 3
1 2
5 8
3690 143
4 4
3 4
2 18
3157 86
4 11
3 11
1 3
8 19
2929 77
2 6
344 15
1 3
36 21
4 8
2917 76
1 4
2 5
7 15
1 1
1 4
1901 46
1060 29
1 4
3 6
2 2
8 12
3 10
6 10
2 3
2988 82
1 3
1 1
2 5
3 9
2 11
3424 124
1 2
4 13
1447 38
1371 35
5 6
1 1
1 4
1 5
5 15
30 38
1 4
2097 48
1 3
5 6
1 2
1 3
2 4
3 13
2 12
4009 420
1 4
3813 216
3192 93
1 5
1 11
4 25
934 25
10 16
1 4
2 3
3 4
1 3
14 18
854 24
5 12
6 8
2 3
31 76
7 15
1 6
1 3
8 12
1 7
896 26
1 2
4 26
2 8
3 4
8 33
4 7
7 33
13 44
3 11
301 12
1420 36
1 3
3 9
3 28
21 20
24 26
1 3
1 1
1 5
2305 56
1 41
1 3
7 14
64 8
3455 111
6 9
1 2
1 3
5 9
6 7
1 10
6 23
3 5
1 2
3 11
1497 36
1 3
2788 70
4 15
4 11
2 12
3 12
2 6
3 15
27 46
41 50
5 7
17 19
1 8
1 1
1 5
1 1
2 3
5 31
3 16
2 4
8 26
1311 33
6 18
1 1
878 25
2 10
2 9
3430 111
1 3
3 8
4 6
4 22
1 2
3 5
1 26
12 16
10 28
3 7
3 5
5 19
1 1
4 8
2181 50
3082 83
2 11
5 11
2297 56
1 4
370 14
3 6
27 36
47 69
4 6
1 3
52 125
5 25
2 5
12 40
4 10
1 2
34 33
3 3
10 42
1 1
3170 89
1 5
3831 213
1 4
3 38
3 11
11 29
5 9
2 6
2 23
3 12
1 3
1 2
2952 75
5 24
1752 41
1 7
8 12
1403 37
4 4
744 25
2 13
1 5
2 6
2 2
987 27
4 11
2 7
1 1
1718 40
3 9
10 25
1 4
8 31
5 15
4 12
38 50
3 3
5 12
6 12
1 5
9 13
526 18
1 7
21 36
3 8
9 12
1 3
1 6
6 9
25 59
10 57
3528 113
12 8
11 13
2 2
1 5
1 5
2 5
1 12
1 1
1 4
3 6
1814 42
1 5
2 9
2 3
2 9
1 4
2 6
247 12
15 19
11 17
12 12
2 2
1 2
1 4
1 7
2 8
3 9
2 7
1 2
1 2
1 6
6 8
6 27
11 19
6 11
25 39
1 1
2 7
3593 134
1 1
9 10
3 9
2 2
10 16
2 8
3 5
3603 127
1 5
1 1
1 5
2 2
1 4
19 51
1 1
3751 152
3767 163
1048 27
2 2
6 13
8 36
1 2
1 2
1586 39
1 5
3 5
5 10
2803 69
2 7
2 5
1 1
2525 62
29 50
19 53
1 2
327 12
2489 60
2 15
1 8
558 19
5 30
2 9
5 11
2 6
20 38
1 3
2 42
1090 30
1 3
2 4
1 2
1 6
3 6
2 3
1 2
1 3
2 12
1 2
2 4
1 1
1343 33
3 14
6 8
1 6
3 6
2 16
2 21
824 25
4 40
1 14
282 11
3 3
3 7
1716 40
1 8
1 1
887 25
2778 69
3922 234
39 42
3 5
36 80
3087 85
3 12
4 5
1 2
1 1
67 16
2827 73
1 3
1 2
3469 111
31 12
1 6
1 1
5 13
2851 71
23 32
16 31
4 9
1 2
8 11
1 2
2 11
1 3
12 16
1 4
2390 55
1 5
3 6
5 8
1 5
5 17
1 4
1 12
1 9
1 3
18 24
2 3
11 25
7 34
8 14
8 29
2 7
1 4
3830 180
1 2
1 4
1 7
5 17
4 4
1 4
2322 54
3387 107
1 29
20 54
4 37
1 2
14 19
3 25
2 4
6 10
1 11
1 7
1 2
90 38
748 22
4 8
67 73
2 2
1291 33
1026 30
1 1
21 20
1 3
1 7
1 3
1 14
2 7
6 31
2 2
1 2
1 2
4 22
4 4
3 5
20 22
1 2
3 5
1 3
2 3
1 1
2 27
1 1
1 1
2 6
3 10
4 10
3 7
54 84
2144 49
1 2
25 26
7 22
1636 39
6 12
3428 112
1 4
3842 190
69 27
1 4
5 41
1590 40
1 4
800 22
472 16
1 3
2 6
2369 57
19 65
1 25
2 5
2865 74
2 5
8 25
2 4
1 2
2 15
1 36
2 4
36 38
2885 74
4 11
2843 75
1 2
5 22
1 3
1 2
1 5
2 5
1 32
3134 88
1 1
1 24
7 10
3585 123
1 1
1 3
6 6
2095 50
993 26
3 17
1 4
10 12
1 6
4 12
1 9
1 1
9 10
1 6
615 20
1 2
3 8
36 55
1 1
1 1
29 75
1 2
7 17
1 1
4 6
1665 40
3364 107
2 7
8 51
2 5
1 5
3731 153
2456 60
1 5
1312 33
1 5
8 26
2789 69
1 1
3661 140
1 7
3 4
1 11
1 1
2 13
2 7
2461 57
1 9
2471 60
293 8
2 39
1 2
2 5
1 1
2661 65
640 22
118 40
3 7
2070 48
2 5
4 7
1 12
1 2
1 4
4 33
48 84
1 4
1951 45
1 2
7 10
1 1
5 7
14 25
3 23
1 2
3 28
2 8
1651 39
1 2
1732 42
4 8
9 18
2 3
3 4
1 1
5 8
26 49
1 1
3390 110
2 6
3 15
3566 130
3 10
8 10
4 8
1 8
2 4
1 7
8 10
5 18
21 59
10 13
1 7
1 2
3082 83
16 17
1 10
1 1
1 8
1773 41
5 20
10 24
1 3
132 29
5 18
1 3
7 26
2 6
5 8
1 2
1 1
1 3
1 3
6 16
8 8
3 9
3 9
1 4
3 7
845 25
1 8
1 1
4 12
4 4
6 8
7 46
3 4
2575 64
41 51
1 9
3 16
8 11
2 2
6 16
1 23
3 4
15 50
2 2
1 14
2688 68
657 20
330 14
2547 63
225 7
1943 45
11 32
14 27
5 8
4 16
2488 64
1 4
231 9
2537 63
3210 102
1 2
3 7
5 20
1 5
1 8
1 5
2 4
5 18
3 5
3 7
15 30
7 8
2 22
2 4
685 21
2 13
1 4
1 2
24 27
1 3
1 6
3 15
1497 36
350 17
3 13
4 12
2 4
8 12
5 10
2 9
2 7
6 18
1362 33
1 1
2 4
2 20
5 7
1 5
580 19
6 11
2 19
371 15
5 30
459 19
3 4
1 9
2105 49
1368 35
2 19
44 32
1 2
848 24
3288 106
2191 52
1 1
5 50
65 57
2 5
3 10
2 8
3 6
65 16
11 12
2892 72
3423 108
1 3
2 6
17 31
1 2
1 4
1 1
1 4
1 8
2 3
1 15
8 45
3 7
3 6
2581 63
1 2
1 4
51 65
5 12
3147 90
325 14
1074 29
1 4
1396 35
1 5
1 2
3835 214
4 18
5 9
3440 105
21 24
1 4
3151 83
1 3
1 1
1 6
5 9
11 21
3135 87
1 11
495 18
1 4
1 3
2699 66
4 10
9 21
1832 42
1 2
1 3
1 3
11 15
2095 48
4 13
11 23
5 11
18 52
9 18
1 7
3115 86
13 51
3824 173
6 38
3 12
1 4
8 17
1 1
796 23
1 3
1 2
1 2
152 30
5 21
3 3
27 31
18 22
1 2
10 39
1 2
1 3
11 20
2379 56
3 18
6 12
1 2
1192 30
3 32
1 4
1 8
6 12
2623 65
5 19
4 21
3806 173
856 25
2 5
1488 37
10 23
5 13
1 2
3 11
1 3
1833 44
1 4
1 4
3581 155
2071 47
5 26
2 6
3 25
5 12
6 22
1 9
256 12
2688 65
2 4
8 39
40 33
1 1
1 18
1 6
1 1
1210 33
7 49
1166 30
7 7
1037 29
4 12
76 61
3 21
1 4
45 37
3695 139
4 5
2 9
1 6
2513 60
1195 32
3 7
29 68
31 52
2 11
3343 107
3620 129
3 39
1 3
1 4
16 19
4 6
2 8
2 6
8 15
2 12
2034 48
2002 46
2 5
7 19
5 7
3536 124
1740 41
1452 36
1 3
3 22
782 24
1 6
18 37
14 51
1 2
6 8
1 4
6 18
5 12
1 4
3979 313
1 3
94 23
1 1
3 6
159 67
9 15
328 13
437 16
12 18
4 5
3 5
1 3
1 1
1 6
1888 44
1 10
4 6
12 26
1 5
15 29
17 24
3649 141
1486 36
4 13
1 6
1 6
2 2
2 11
2 6
1 7
3758 162
3 5
7 9
2 4
1 2
11 21
2884 74
1 3
1 2
109 53
1 2
1 1
2 4
2 7
1 1
3802 171
5 16
5 8
11 49
3 5
1 4
1 1
3 15
1 2
2 4
2746 67
4 12
5 28
3 4
6 9
1 10
3 3
1310 34
11 44
1 1
3767 174
2 7
1 5
1 4
2 8
85 111
1586 41
4 4
2 14
1480 36
18 31
428 17
1 5
1 2
1 3
6 21
6 27
1 4
2 8
1 5
3162 86
4 21
1 11
1983 45
4 10
2 18
1 5
1 4
1 2
760 23
2 6
2659 66
1 6
1802 42
9 13
1 8
5 13
4 19
2655 67
1 3
2039 46
1 2
3358 107
1 7
1 16
3 3
1 13
1 2
9 21
1 2
3690 169
2 3
1 4
4 57
1 13
3 24
3 8
1 3
3 6
8 14
1762 43
1 7
4 11
3 14
42 43
1 5
7 38
1 1
2 17
3 4
1 8
1423 36
1 2
2 15
1 4
3 7
1910 44
3 8
2 13
10 17
1 4
4 28
4 11
3443 109
2915 75
2 10
2534 61
2711 68
7 12
4 23
1 4
1 4
1 1
1 5
8 13
1834 44
2047 47
1 2
1621 39
4 18
9 32
2 19
3 16
2 3
3308 105
13 31
1 5
2 4
11 40
1975 45
1 1
2 3
2911 79
3794 168
2 22
1 4
3 22
3 5
3 22
1 1
345 14
1 1
2 4
2 5
5 13
14 15
4 8
3 3
3 4
1 4
8 16
26 26
1 2
10 15
2 5
9 11
2 5
1 11
3 4
1 6
4 21
1150 29
1 20
5 18
2 2
1 3
2439 56
1 1
1 3
1 3
3 9
5 21
5 8
1 1
1 4
2 6
1 2
7 58
5 7
13 26
3445 108
4 7
1 1
3 4
1690 40
14 23
2 21
2 19
5 11
3533 124
1 2
335 15
4 13
460 17
1 1
2 12
1 5
5 8
7 10
3198 93
5 5
1 1
133 93
10 10
4 16
8 16
5 17
2 20
3 5
1 1
5 8
4 37
9 10
1 1
4 22
1 11
909 25
4 4
1775 42
1 4
1 2
2 15
1 2
1993 46
1 12
2 5
1405 35
1 1
1 12
3 4
1690 40
1701 40
2 10
32 62
2 3
2 10
1 1
23 45
7 41
2 8
2 46
1 3
818 25
2723 68
11 26
1 9
4 12
1 5
3 31
1 7
1 4
2 3
2998 81
1 2
54 88
13 30
1 1
1 6
1 2
3798 175
10 33
1 2
1020 28
805 23
8 6
2314 59
1 3
3 11
625 21
12 41
1 2
3 12
2271 54
1 4
3 3
8 10
6 15
720 21
2 3
2349 56
2 13
10 52
1 4
13 48
1 18
2495 61
2 9
1 6
2123 50
22 29
3015 82
1 4
11 24
1 4
3 9
530 17
3 28
3 8
1 3
1 8
2889 80
1 3
8 10
6 10
1 13
2 4
2 5
986 28
1 5
3 19
13 29
5 18
1 1
2 4
16 12
15 21
3 10
1 1
1 17
2 2
28 64
12 26
1 5
34 46
6 11
1 3
659 21
2140 50
10 39
1 8
25 14
780 22
8 43
4 13
623 22
6 7
1 1
1 2
1 1
1 1
27 69
32 73
2 16
6 11
1 6
10 13
2 10
1 14
1 24
1706 41
851 24
22 59
687 23
1 3
2115 53
3 16
1 2
5 12
1 2
1 4
1 1
3 5
1 1
416 18
1 6
8 10
2169 52
2 5
1368 36
3185 87
1 2
1 8
1 6
1 1
1 3
2 7
1 3
890 25
1 2
917 26
3321 101
2656 67
3 10
2051 49
1 13
6 48
1 10
2298 52
1 2
2 12
3763 162
1 21
2332 55
669 23
4 16
1 3
10 36
1 2
2 21
2 6
1 5
1 15
1 3
3378 105
3944 274
677 23
2086 47
7 27
2 8
1 7
23 54
1 1
4 11
3 6
8 40
1 2
12 60
1 8
9 22
2 18
3 4
3202 91
1 2
1 10
2 6
2 9
1656 40
45 46
1 3
56 20
3 19
2126 54
1 8
3921 236
6 25
14 16
2 13
1 4
1 3
1 13
1 1
1 4
3 15
1 6
2 6
1795 42
3 10
19 53
1 20
1 4
10 29
3 4
6 19
1 6
2460 57
1 7
1037 30
2 7
1093 30
1215 30
12 12
1 2
12 22
3 7
1 4
2 2
2 5
12 29
3318 95
1 3
11 27
1 2
3 10
1 3
1 2
1 6
3 17
1 7
914 27
213 7
1 29
1728 41
1 1
2 5
3055 91
1950 46
22 47
6 11
4 10
2 3
1 2
1545 38
9 47
11 53
1 27
1869 44
59 93
2005 48
1 2
1 13
1 1
1 4
2382 54
2138 50
1 14
1 16
1 2
2 7
3 11
1 12
2 4
1 1
8 15
1 3
1 3
3298 97
1 4
1 2
3594 131
2 11
11 24
2796 69
1 1
2446 58
2544 62
1 4
1 4
1 5
3605 132
2 16
3 4
5 38
2 3
2 5
2 3
8 13
8 19
426 15
2 2
3432 125
3 4
1 8
14 20
2 4
10 20
1 2
1 5
3102 90
1583 39
2 8
4 52
1 1
22 41
1 6
8 35
3897 271
7 7
2253 56
1 2
2 10
3 5
3 5
3 10
2 20
1 2
13 33
4 16
1 3
3112 84
1 8
3 46
3 4
1 6
1 6
17 17
5 61
4 12
1 2
1078 29
1 4
2 4
2 6
2 9
45 48
1 6
2 13
2 4
2083 48
2 10
1 2
2 10
11 31
1 2
1 1
2 6
12 17
3893 249
9 25
1274 31
1 7
31 50
2946 75
8 38
1 3
1 3
3 3
2 2
3615 141
2 3
7 15
2126 51
2667 67
5 12
19 29
1 3
2 14
14 15
1 2
3 15
2427 61
9 16
1839 44
437 15
9 25
2 11
2 18
1 2
2 8
4 10
15 53
16 43
1082 31
9 10
2 15
8 11
1 4
2 3
7 28
3 7
1 13
17 52
1 3
52 59
14 23
2 7
2983 78
2 2
1 3
1 4
1 1
2 6
41 80
9 26
1 4
12 11
1363 35
15 19
3262 91
1 5
2 23
35 80
8 11
3 6
9 19
1 10
1 6
1 7
1282 33
3 5
2 10
1 2
1 15
1 5
1 4
1 4
8 26
1 35
1 33
1 1
901 26
1 3
1 10
4 14
1 2
2753 69
6 25
3345 98
1 5
1 2
1403 35
2575 64
8 22
2 2
2275 55
2522 61
9 21
4 22
3 20
12 11
4 22
1 8
1 2
1 3
2171 52
1 1
44 78
1 1
6 12
1 1
1 3
2 2
1 2
965 29
1 1
1 3
8 15
1 2
4 13
1 4
4 7
1 3
1 7
10 19
3 10
8 16
6 11
3158 87
2094 48
1810 43
1 4
2946 80
1 5
108 34
54 125
1 12
889 25
3 12
1668 42
20 53
2 5
756 23
7 27
1 7
2 5
4 20
2 4
4 18
9 15
3204 88
5 39
3264 93
1 9
431 17
1 3
17 39
1820 43
4 16
9 22
4 16
2142 49
2370 58
1704 42
1 4
1 2
1 2
1 1
1 4
1 3
15 53
1 1
674 22
2 2
5 29
1 2
2 5
3 8
2 3
3 4
3334 95
1556 37
2021 50
1 1
3945 269
1 4
2 4
1 1
882 25
3717 150
1732 41
1 10
10 46
1743 40
1 2
2 13
1 2
731 23
1 1
2183 50
6 9
1 1
1 6
2063 49
1 4
994 28
1632 39
1 2
1 2
9 13
1 2
1 4
1 3
1946 44
1 12
837 24
1 2
1 1
2573 64
1 4
1 15
15 45
6 9
4 14
1 2
1 5
1 1
3 11
2 15
1321 32
7 15
3 11
7 20
9 12
3 14
1695 40
2 9
1 2
22 35
1 12
3 8
331 15
1 2
2 10
2288 54
16 22
3681 145
6 9
6 20
6 9
1436 35
1 1
2024 50
1 1
1 19
3707 138
1 1
2896 74
2492 61
2925 75
1 5
1 1
2 18
5 16
1 3
1 3
297 15
12 16
2 4
1 11
1 2
1 1
1 7
1 6
3 15
22 22
1 6
3569 123
2 23
4 7
1 2
3 11
1 3
2882 73
3 9
5 31
3 3
3 16
4 13
5 23
1 20
41 69
26 86
7 24
4 46
4 55
1707 41
3 11
3 5
3 14
2 8
1162 31
3 12
1 2
2245 54
791 24
621 19
4 17
1 1
5 13
3642 134
3311 101
1 6
3443 112
9 15
2 4
1 13
2249 57
3588 129
3 15
56 28
7 17
15 69
4 23
2 7
12 25
652 21
12 12
2 7
6 13
1 1
1 3
1 11
1 3
3554 125
2 10
21 20
2 2
6 35
1269 32
3 8
6 6
2 3
5 5
896 25
1 2
1 2
1 4
3 4
1 1
10 53
1 12
1 5
4 7
2674 65
9 19
457 17
1 2
2972 83
1 2
3 13
10 15
23 39
3 10
18 31
2 7
2 8
9 28
4 9
1 7
1 10
5 24
1 4
11 20
2444 60
1 3
2 3
2992 80
1 4
617 19
618 19
3 7
7 31
1 5
45 94
473 17
9 30
1 8
1 1
3 4
5 5
3 7
1926 44
2790 70
901 27
1 2
14 17
3 14
12 46
1 3
2178 54
1 6
1 2
1843 44
1 1
2 4
3 6
1 3
10 16
2760 69
1 1
7 8
1 3
1 3
1 3
3 20
7 9
6 12
3911 281
1 4
689 22
21 38
2 18
19 58
4 9
1 5
1 1
1 7
597 20
6 18
8 18
1 1
1272 32
16 11
1 4
1 3
17 45
1 5
1 2
3054 81
2901 72
4 23
404 16
2830 74
2 3
2363 55
1 2
1 10
3 23
1 8
769 24
1 3
1 1
10 18
1 15
1 4
1 3
4 8
1 2
7 9
2 36
3 9
3286 90
2962 81
9 32
1 4
1429 35
2 9
9 17
2 10
12 17
3 9
489 19
3 52
402 17
4092 504
2 7
1 6
5 36
735 23
2 4
1 2
1 7
1 3
1 3
9 18
10 28
3819 165
4 13
1 10
3 16
1 1
5 19
1 1
2 4
1 8
2 7
1 1
5 7
1 2
1 1
5 32
1 1
2 4
2 7
2129 51
1 4
18 65
24 58
28 63
3 15
21 41
4 18
1 3
1204 29
1 2
22 21
1 1
2703 68
2 39
1 3
1 3
1 3
1 8
1 1
3 25
9 32
1 4
3 11
3 10
5 9
7 12
1 3
2 4
1 5
1 3
7 14
1 5
1 1
1396 34
1 4
2 7
1 1
1 3
1 5
1 4
1 13
1 3
2 7
1 4
3 12
1 2
1 8
1979 45
1 2
1 4
31 46
1483 35
494 16
6 14
85 70
11 20
12 15
4 12
1 6
1 3
1 4
1 3
3 7
3 4
2 15
1 3
2 7
3303 99
2 4
5 8
15 32
637 21
1 4
4 9
2 11
1 1
1 6
427 15
18 36
1 5
3 5
1 15
1 20
2 20
27 47
1 1
3343 105
2 2
2 2
4 12
1 2
1 4
1 1
7 28
4 20
1 1
1 4
9 31
15 22
1 1
1 2
7 14
4 12
1 2
1 2
2849 71
1 1
1 2
1 3
1 1
9 27
1464 38
4 16
2 2
1 1
1 2
1 4
1 3
3233 91
1 3
92 32
2868 74
1321 33
5 6
1 3
1 1
2 5
1 1
1 6
1 12
1 2
1 2
3 7
1 2
2 2
6 24
2 7
4 6
1 2
1 3
3 9
25 36
2717 67
2 4
1 1
6 13
1 5
1 2
24 31
4 11
1 4
1 12
1448 35
11 30
3698 142
7 14
2 11
5 11
712 22
1 3
1 2
1 6
1355 36
8 8
1 11
1 2
15 29
8 19
2 6
1 4
1 2
9 16
8 53
1 2
1 6
1 33
3 15
12 32
1 9
1 2
1 3
5 8
1 2
1 1
1 2
2 3
3 7
3 10
1 2
1 1
1 6
706 21
3400 106
2 2
19 25
1 3
3 3
1 2
2 3
1 3
1 3
1 3
9 53
13 21
2333 57
1 17
2 3
5 7
1 4
1 12
1 10
4 36
10 10
1 48
1 3
1776 42
3 3
1 2
2036 46
1 8
3843 189
3707 138
3 24
1 6
3310 96
3 12
25 75
20 31
5 6
3387 105
3 12
2 19
3161 96
7 10
2135 53
1 11
1 5
1885 44
6 41
16 20
1 5
2 2
813 26
4 12
5 28
1 7
12 49
1417 35
1 7
2152 51
5 18
2 8
1 6
1 11
3 5
1511 37
1 2
1 1
5 12
1 2
1 3
1 1
1 2
2 28
2588 64
13 18
1 1
1 1
10 26
1 5
1 4
107 96
1000 26
1 3
1 5
5 16
2 13
7 22
9 16
1 2
9 17
6 35
1 4
3 12
1 2
3 4
1 3
90 75
376 14
1 2
2 7
2926 74
4 6
1 3
16 12
10 24
1 5
3 12
1 3
2 2
3 14
2401 61
3 10
1328 35
4 13
1 5
4 18
2 3
1 3
1 2
11 17
2379 56
1 3
1 1
1 16
1 8
1 6
1 7
2 7
1 7
64 30
3373 105
1 9
5 17
3 5
8 43
2 6
7 12
1 16
1 3
1 8
4 9
2 7
1 3
111 34
1 2
2 2
1 3
2 18
2 4
9 12
1 1
11 18
1 2
3 8
145 83
3691 149
2 2
2 2
17 29
1 5
1 3
1416 34
21 19
241 13
1 1
1 3
371 15
1 1
1 6
3 3
2 9
3 5
1 1
12 31
1115 30
1 2
11 28
4 8
6 8
2 8
6 9
1 4
2175 52
3529 120
12 22
1 10
2736 67
1 2
1 4
1 40
3668 144
250 11
5 15
2 9
5 18
1 1
3 3
3 9
1 3
1 2
1 2
1820 42
1 4
2888 74
1 3
1384 33
1 1
1 5
38 51
1 2
2172 49
1 3
1 2
5 37
450 18
2 7
1 2
3557 126
1 3
3 3
2 8
1 5
2443 58
3 5
1 10
3 12
10 36
1 18
1 4
1 16
1 3
1 6
4 7
8 13
2025 46
2 6
1 30
797 24
1 1
3 18
43 52
8 18
16 14
1 9
5 33
2 2
1 11
1 6
1 8
8 15
10 14
1 11
1 2
495 19
1 2
1 1
1 2
13 64
1673 40
1 2
6 8
12 23
2 4
20 21
19 40
5 9
2281 54
3838 172
4 9
12 61
2 15
2720 69
1668 38
8 18
6 27
2 4
1 3
2 3
5 39
1 7
1 4
1 3
4 11
385 15
1 1
1 6
2665 63
769 24
3322 98
3666 132
4 6
72 22
8 24
2 2
2553 61
1572 38
2 4
1417 36
2 11
1564 38
3030 86
1 6
8 16
5 19
1 1
827 25
1 8
2 8
8 21
5 45
812 24
1657 40
4 8
2 21
103 45
634 22
1 2
8 14
990 27
2 10
928 27
10 36
2 4
54 19
2 12
7 5
4 9
3 36
5 6
24 32
1 2
1 1
1 6
135 44
1 4
2 11
1132 30
13 40
34 13
2 2
1 1
11 35
1 2
1 11
149 90
19 48
25 48
1 3
1 9
1 12
1 5
1 4
6 9
2 7
2 7
2 2
10 18
3 10
8 30
3 15
1 2
884 25
1 11
6 7
1 2
1 2
1 5
1 2
69 23
914 26
3643 131
2216 53
3767 178
75 145
8 47
4 10
6 11
1 4
1 9
12 35
1 3
1 2
3 6
5 5
1 8
1 2
839 25
1 2
1 2
1 2
3254 105
329 14
1 32
10 14
1399 34
1 5
3693 153
2097 50
4 12
1 17
4 6
206 98
1606 39
1404 37
1 2
10 39
1 2
184 70
4 32
9 20
2 6
921 26
1 3
1 13
10 14
1 4
6 7
1 3
1 2
1 8
48 8
1 13
1 2
1267 32
11 12
1 10
12 13
1 7
6 14
752 22
15 51
1244 33
18 32
11 35
4 11
4 9
1 18
3 8
18 37
1 19
20 47
11 19
8 15
4 10
3717 132
2 3
903 26
918 27
1 2
1499 37
15 40
6 6
1 3
3021 82
2 4
1 4
9 9
1 3
274 10
109 48
43 26
3 9
1 18
17 25
1 4
2 5
3 6
5 9
6 48
1 3
15 8
4 7
8 27
5 8
1 2
1 6
2 6
3203 94
2 15
2481 58
1 10
1 12
10 19
1 2
2 18
3 10
1 1
9 12
1 1
13 21
6 15
3 4
15 18
1 9
2 2
1 2
10 13
1 7
1 10
1 3
1 4
1 4
2 16
9 10
4 5
3 7
1 2
1 5
1 2
1 4
1 5
4 17
3 33
2669 65
1 15
1 9
9 21
1 3
1 28
6 33
5 10
1 6
1 4
6 20
1 4
1 3
3012 87
2 53
1417 35
3039 84
1 9
1 7
71 54
3770 173
3042 82
2944 75
1 10
1 7
776 23
1 3
2 7
1 2
1 6
25 64
5 47
91 62
1 2
173 74
5 9
3 10
8 17
967 27
2 6
3122 86
8 36
3 6
2 4
1 1
1 13
8 9
574 19
2268 54
22 22
1070 29
4 18
2546 62
1 8
4 5
1 1
11 22
9 22
8 22
7 22
1 4
3 38
10 20
1 28
2161 50
43 74
6 14
2 12
1 6
10 35
5 12
4 5
1 3
3752 158
1 18
5 53
1 1
2585 65
1 6
1 1
15 19
1 3
8 26
1503 36
733 24
6 26
38 69
43 69
3 4
555 18
3 11
1 2
1 4
2 8
1 5
3 6
1163 31
1 7
5 18
1 24
13 28
1 11
2 8
1 31
18 32
4 18
2187 50
1 22
10 17
442 16
1 15
9 32
1 4
23 45
1 1
4 19
3 10
1 19
669 20
2524 60
788 24
1 8
22 45
2 8
5 39
1 5
1 3
979 27
1 1
7 24
2848 73
3 30
390 15
10 27
10 23
6 25
16 46
1 5
1 8
1 1
1 2
1 1
9 21
2082 50
12 36
4 7
6 19
1 10
1 5
2 8
1 1
75 21
1981 49
1 6
1 14
3389 120
6 20
3 7
2270 52
882 26
34 9
1901 45
1299 32
3 7
3 4
4 10
1 2
1 2
1 5
7 24
2432 57
1 6
1 8
2 4
4 9
7 17
1 1
7 31
1 3
1 3
2392 57
1 4
1 3
27 69
2 8
1 9
1 2
1 4
1 1
1 2
6 15
2204 53
1 4
1 7
88 33
1 4
3 10
1 6
48 29
1 1
3 24
2 14
1 5
1 1
1 1
2 3
1 22
1 3
5 10
2 9
1 1
5 10
2 3
17 35
5 7
3 5
1 24
1 2
1 4
5 10
1 1
1 26
1 3
1 3
1505 39
7 7
1 1
3 6
2 4
6 13
3 5
9 10
2 4
2 5
1 5
1 2
1 1
724 22
1 6
5 46
1 35
3643 143
3 5
16 21
2 12
15 15
4 9
1 4
3017 82
1 4
2030 51
1 1
6 9
16 29
1 1
3 10
5 26
1 4
15 39
11 55
2 19
3243 91
594 20
1 12
48 107
1 4
1 6
3422 109
5 9
3452 110
4 16
1010 27
910 24
1 2
18 55
2633 70
2500 59
1529 38
1 1
3156 85
1 1
1 23
1 2
3008 80
2085 50
1 5
1 1
1 11
1467 38
2 14
1 36
1938 44
4 15
113 51
6 19
1383 35
3182 91
1 3
1 2
5 10
1 9
14 19
2 14
1 10
1383 35
5 12
7 19
2 4
4 12
256 15
77 63
3687 148
1 4
1 2
1 5
1 1
1 17
952 26
1 1
949 26
1310 33
1 3
1 28
2896 72
7 25
1 27
1 2
1 6
3643 149
1 29
2 2
1 3
7 13
1 10
2 10
4 8
21 25
22 28
1366 33
1 1
4 41
1 9
4 56
31 63
16 29
1 4
817 24
1 3
1 3
12 16
3 4
345 15
1 3
2 11
1221 31
7 9
9 30
1646 40
9 12
1 2
2 3
1 1
1 4
1 5
12 11
1 7
1 4
5 16
1 7
1 7
1 3
1 13
13 15
2 12
2 10
1 8
2 13
1 3
781 24
2620 62
4 21
1 5
35 94
696 24
8 16
3 9
1 3
8 11
1 3
2 2
18 53
1 25
1 12
1 2
2 3
4 9
1 7
1 1
3808 166
1 5
6 14
3703 148
11 19
1 1
1 3
682 20
3367 96
14 30
2581 61
1 4
1 2
1 46
3558 139
3622 133
1 2
10 17
3 20
13 40
1 10
3841 174
1 3
1556 37
2 5
1 2
1 4
10 36
1329 33
1 14
1 6
8 18
856 27
1 1
1404 34
2 17
1 3
18 63
1 4
17 30
2469 57
1 2
1 4
1 4
1 2
18 48
1 1
2 2
1 10
342 15
3329 99
2 28
3 9
720 22
2 12
1 3
4 12
1 3
4 9
1 1
1 21
1 4
3 21
2626 67
1 3
3 4
1 1
1 5
12 31
3 11
900 26
1 4
2200 51
7 18
1 4
1 5
3 9
2405 57
1358 35
2 8
4 11
1 5
1 5
2782 68
2431 58
1 3
3 12
1355 34
7 8
26 32
4 13
1 1
1 1
9 11
3 15
1 3
1 11
1 9
1 31
3 8
1 15
2 9
2370 60
1 3
347 14
4 5
2 5
5 7
1 4
6 8
402 16
1 4
1 3
1 7
1 3
5 11
1586 39
1259 30
1534 37
5 17
291 12
15 41
1 4
1 8
1 10
1 4
1 3
26 12
1728 43
1 5
2 2
8 56
1 5
83 33
1 2
1 6
2 2
4 5
2 3
14 59
4 18
2 18
4 9
1 2
8 40
1 2
3 9
7 42
2029 46
3 6
2 3
5 9
18 29
2 6
3 6
2 6
1 4
1230 32
1 2
1 14
1 9
1 2
1 2
275 11
2 2
1925 45
2 2
1424 37
11 14
2 8
4 4
3 4
2 4
1 1
2 3
3 7
2910 74
16 31
1 2
5 26
4 38
1 2
1929 46
4 21
2 12
7 10
1 1
1 1
3 7
2 15
6 12
1 5
15 27
1 12
1 3
3 45
2691 68
6 10
275 14
1 3
3 16
1 5
1 16
3 7
2273 52
22 37
3176 90
2334 57
1 2
2 25
1 8
1 1
4 7
17 36
2 5
1 1
43 50
529 19
2 2
3 3
1 2
4 12
1 45
1 1
2924 83
2 38
10 16
22 14
15 23
1 1
2588 68
1 6
1 1
37 39
1 4
2040 47
17 22
3 4
14 35
3 8
2 8
1 2
1 4
3 12
4 5
7 10
1 7
12 22
14 22
6 22
2 3
4020 418
4 7
1155 30
18 13
2 30
6 13
2 18
1 1
2 3
1 9
1 2
3 56
4 12
3 36
29 38
5 16
1 2
3183 85
5 18
7 17
2 5
1 2
3 7
1 11
1 2
2759 70
40 18
6 7
9 19
1 6
2991 83
1 1
1716 40
8 13
1 5
1 13
2 11
2705 68
3 12
1 2
5 5
1 1
1 2
4 4
7 8
1 1
2 15
1788 42
1489 37
5 22
2 3
1 1
3 7
11 27
3 7
1053 27
2155 49
4 13
3 17
1 1
3 3
1238 30
1 2
3172 92
2 2
1 19
2 6
2 6
1 4
2 3
2 4
2 17
3 4
53 121
644 21
1 6
2 13
8 27
4 5
2913 73
1 7
1 7
2733 67
2 5
11 14
1 3
48 26
1 3
3115 88
13 28
26 74
4 18
1 4
1 2
1 2
1806 43
378 17
3471 108
604 20
2072 49
1 3
4 13
2 3
530 17
5 10
2 3
3 7
3 7
2 2
1 2
1 2
36 49
3 8
3133 91
1 15
2 4
2 7
1 1
1 2
3 3
507 20
31 75
1 5
2 3
13 18
4 10
1 2
3 5
10 20
3529 118
1 4
1 8
44 51
4 11
8 22
2 3
8 27
3 6
1 3
3 9
4 7
4 4
2127 49
2 4
1 2
12 36
9 47
2 2
2 3
2 2
2 5
6 6
3 3
1 2
5 18
2 2
3 8
1848 43
2 4
3021 84
1362 35
1 3
1 1
4 17
2 3
2 21
10 31
2 3
3 6
3977 292
5 21
1 8
2 3
2 6
245 9
4 10
2 5
6 7
3 18
2 4
972 27
1 4
3 3
4 16
1 4
631 21
3 10
3 7
1 2
1 8
1 4
2 2
4 25
6 39
1170 30
7 20
2 7
2 4
1548 37
1708 42
2 5
1 11
1182 30
2 5
2 6
1 1
151 9
1 19
3 53
2 5
15 20
16 53
3 7
1 1
1 9
930 28
1195 33
7 11
6 19
1 4
2 7
1 1
2 3
7 16
3 12
3024 87
8 14
1 2
1 7
2946 80
1836 42
1 4
4 8
4 17
14 19
44 69
1 4
2 5
10 13
33 61
1 10
1588 39
540 17
2 3
3 10
3704 142
1 2
2 2
6 6
1 1
16 16
7 9
4 8
18 30
5 13
20 17
17 33
1 1
2 8
1 4
2 3
2 2
2 2
4 7
2 4
1 3
1 2
1 3
8 22
1 7
2 7
4 8
4 15
1 10
15 20
2 8
1 7
2 11
4 20
2 2
3 10
5 8
2 8
9 16
1 2
3 6
2 14
1 2
1 9
2 9
1746 40
995 27
2 7
848 25
650 21
2 4
3 23
2 20
2 4
8 18
2124 49
4 15
2 4
1 2
20 29
2443 58
3 8
1 27
1 21
2 3
223 9
3237 96
892 26
7 19
4 6
6 53
2 19
47 64
6 14
1 9
2 8
1278 34
2 18
1461 35
1579 37
6 8
2 2
3625 138
4 7
1 1
2 12
3 12
395 16
15 28
4 9
1 6
1 2
5 6
1091 30
1 16
2 5
2 6
2 19
1 6
1160 30
2 3
2 3
1 3
1 1
2 4
4 5
2 10
2 8
3 10
1 3
22 42
1 19
3858 214
1189 30
41 83
2 6
11 14
2899 70
1 1
17 23
18 35
5 20
1864 42
2 8
1 5
2 4
1 5
1 13
1 5
1 2
11 20
4 11
7 22
1 1
2 19
5 18
3 18
3 9
4 6
4 9
1 5
21 21
2077 48
1 10
3 10
3 5
5 10
2 3
1 7
2426 62
2 3
3 9
2 15
11 28
396 14
3 12
1 1
24 29
3 15
1 11
28 75
1 10
259 11
2634 65
3589 128
3 18
3 8
3 14
2252 51
16 35
816 25
788 22
2 5
2 4
3 6
7 22
2 3
3 37
12 25
4 7
2 8
32 83
4 28
5 10
3 5
3002 79
1 13
2429 58
2 2
6 30
9 20
6 16
4 11
5 19
1533 38
2 6
2 5
1 12
1 4
1 7
11 14
1 5
87 27
2373 57
794 24
13 31
4 7
5 7
3 7
21 50
1 1
2 7
1534 38
1 2
1 1
1 7
5 6
6 20
3 6
4 11
2 7
3408 99
1 3
1 3
1158 30
2186 52
1164 30
2090 48
1 3
2 15
4 4
1 5
1575 39
508 17
4 14
791 23
22 15
7 29
21 31
2114 53
565 18
1 1
1 5
3001 82
5 33
1 5
3025 83
8 48
769 23
1671 40
1425 35
13 31
5 15
3 3
6 7
8 19
29 10
1 6
1 12
2 7
2 10
1 3
1 10
3394 103
2385 58
6 46
4 4
2 11
3 32
37 41
3 27
20 36
2094 48
2 7
1 1
3 13
2933 76
2 2
593 18
2 3
1 10
1 6
111 30
1 2
2 15
4 18
3 7
3 6
2240 52
1 6
2 15
2 6
9 34
104 36
1 4
3 3
1 8
2338 54
1 1
3 4
3 5
16 36
5 10
31 40
3 7
3042 85
1 9
929 27
11 23
1 2
2 3
2 2
3 10
2 13
1 19
2 17
1 3
1857 43
918 26
80 70
3223 99
1995 44
671 22
1 4
1 3
3278 90
12 14
3643 130
1 1
3003 78
1 8
2534 60
1 5
1 1
2541 60
1377 33
1 2
1987 45
1 4
2 7
1 4
138 20
1 4
1 3
12 18
2 4
1 1
5 27
4 5
841 24
1 4
8 16
1525 37
803 23
2319 55
6 12
1900 45
2 5
5 12
3728 162
25 41
2895 74
1 7
4 9
4 6
1 5
2 41
2 7
1 2
3701 143
3808 175
1 4
1 3
3122 86
1924 43
1 2
2 2
2523 61
2 9
8 10
1453 35
5 5
2279 53
668 21
5 6
3 7
3 5
1 4
3459 111
2 15
1 10
1 5
2958 76
1 3
3 22
7 6
2 10
2 5
1541 38
1 2
1 7
2 24
3 4
17 23
1 5
3657 140
3 3
1 1
1 4
6 9
1 2
1 3
7 18
14 45
22 41
2 2
1 28
850 24
2 5
1 23
1 2
6 12
2358 56
1 2
8 28
7 16
2 3
9 14
3 6
1700 39
6 13
1 3
21 45
2719 69
4 6
29 91
1 27
11 30
1 1
5 12
1147 31
1 3
1 13
1 6
3 5
5 5
1 2
3 7
2 5
3 4
1 2
1 6
1 7
2 5
11 29
1 5
1578 37
9 21
2 3
7 12
3 10
9 24
1 2
3804 173
1 4
1 7
2 25
264 10
4 7
2 5
5 13
1 12
3 9
1 2
1 2
7 36
3623 133
4 12
1 4
2722 66
3238 92
6 24
1 7
4 12
2 6
1 6
11 38
1 1
1 3
631 19
2 13
1 9
4 13
2 5
1476 36
1 3
7 10
3706 153
707 23
2613 64
889 25
2 7
12 29
935 26
2 5
1 3
1 24
1 6
2 7
3 8
1 2
4 5
2681 65
2 3
1 2
1 1
1 6
1729 41
2339 53
3811 181
964 25
1 3
912 26
3646 131
1 2
1338 34
1 5
2 3
2 5
943 26
2 4
1 7
6 14
19 36
11 12
1 5
1 12
235 11
1 2
1 1
10 14
4 5
1942 45
1 2
1 3
1104 31
2 10
1 3
321 13
3 6
2 4
13 23
42 19
3 7
2455 59
2 3
2694 69
2 4
9 19
1 1
24 40
1182 33
38 40
13 25
4 8
17 27
3 5
4 6
5 15
1 4
75 20
5 9
1434 36
1 2
3 7
2 13
2 2
3 9
1 1
8 28
3544 132
5 35
4 4
2 11
3 38
2 3
9 30
1 2
1 11
8 21
7 10
4 12
1 4
2 16
2 3
14 25
18 26
3 7
5 6
3333 102
2 5
7 25
1 3
1 2
3 4
6 10
6 24
2 4
2249 53
5 10
2 8
1727 40
60 13
1 3
2044 48
4 14
1 3
8 18
1432 35
2 4
9 15
16 34
1 2
1 3
2 7
4 17
1 4
4 19
7 14
1 6
1 24
1 1
1 3
1 4
6 16
1 1
2 2
3 10
3 8
2 4
1 5
4 5
8 13
2 6
2 4
2 9
2 4
6 13
3130 85
2 5
500 19
1 1
4 10
262 7
15 36
2 5
2 6
2 8
3552 118
334 13
1 2
1 1
1 2
2007 46
8 18
1 3
5 9
1 3
4 18
1 4
3326 96
3 15
1 6
3 16
1348 32
1 3
1 1
1 18
4 9
2 13
4 48
2 2
1 2
5 12
10 22
2 3
1 1
3 13
2588 62
1 8
2 17
6 21
16 15
3 12
90 100
1 4
6 8
4 32
9 39
3 3
2 8
2 35
1 3
3 8
4 5
3 12
9 21
1 2
4 8
3 8
1 2
2 7
2 9
2 13
1 8
3 3
20 67
2152 51
1361 34
2 3
5 5
101 47
14 27
1284 32
2082 52
1 6
2794 72
2 4
591 19
3 7
1 2
14 48
1 12
1 2
2 6
2 5
1 1
1 1
2 5
784 24
1939 43
539 19
1 2
2168 51
5 15
1 8
3 3
1 3
7 9
1792 44
1 1
123 48
1 4
2343 55
1 2
1 2
1 6
1 7
2 8
1 3
4 5
1 4
3201 92
12 15
1 8
3 3
2 56
2998 83
3 4
1 1
16 26
3462 111
4 25
1176 31
1216 30
5 23
3 6
1 3
1 1
1 2
1008 28
13 27
1 2
1 3
3 8
1 14
1 4
2 4
1123 30
1560 37
5 8
7 14
31 11
2 6
2 11
2547 63
3071 88
1 2
1 2
1 3
650 21
2708 67
2 7
1 4
2649 65
1 18
56 28
3 5
3 6
3 12
1 5
23 22
7 12
3 6
12 14
1 2
3 4
2 3
1 2
1 7
7 13
4 10
5 29
1 2
1 6
965 27
11 24
3 11
5 5
7 13
1 3
2 3
2 3
1 6
2 4
3570 134
1 6
2 4
3 7
3041 81
1 1
9 21
2949 75
1 4
3332 96
15 43
1 11
1 2
1 2
9 15
2683 66
3 12
3674 144
103 35
5 12
4 4
13 36
2 8
2 3
2 6
3 5
3 5
2 3
3263 91
1 5
1 7
1 2
4 16
1 4
4 12
435 15
1 1
2 17
2 7
3318 103
3 8
2 2
1 2
8 16
1 9
3 17
2 6
1267 30
1 6
1 1
1 7
8 17
995 28
1 2
2389 55
3 4
2 25
1179 30
1 2
1 3
2 4
1609 38
3 11
6 22
1 1
3169 91
33 64
1 19
13 53
1 5
2573 64
2969 76
15 20
1 3
4 19
1 3
302 13
2 27
1 1
1 5
3 10
2 13
2 5
2 5
3027 80
6 8
2 10
1 2
3 3
1 5
1220 32
1 3
14 26
15 20
12 26
1 5
1 3
1501 37
1960 45
1372 35
2 3
9 34
1 3
2 17
1 3
1 2
1 3
1 1
1 6
13 14
2 6
1 1
1 3
12 19
70 59
7 4
1 8
6 35
6 44
3051 85
2722 66
6 12
3 5
1833 43
4 5
185 108
3367 104
1 18
5 22
3 3
37 48
2967 78
1 2
1 5
1 4
4 6
6 9
1 1
1681 40
6 47
6 38
7 20
1726 41
4 28
4 5
35 46
23 61
10 47
9 20
2 3
1 7
2220 55
18 40
3523 117
12 21
4 30
1 12
3 16
1 8
4 6
1 5
4 4
1682 41
1 2
2 4
31 66
2284 55
2 5
18 36
3 30
1 9
38 80
1540 38
11 43
1 7
19 17
1 1
2 2
1 2
2 17
2 2
1 3
1 2
1 2
1 27
1 5
4 13
5 16
1 28
1 3
1 3
1983 44
2 15
1 3
26 79
2 3
1 9
1 2
5 28
1 19
1675 40
1 5
3406 105
3 7
855 25
1 1
1 1
8 9
4 12
1 3
6 15
1 21
1500 37
1 3
1 2
3 7
2 5
1 5
12 21
1 3
1 1
4 7
8 9
1 4
2 11
1 2
28 47
14 23
2139 50
1204 31
3 5
3281 96
9 16
3 5
4 7
23 71
3 30
2 5
4 8
504 18
4 19
2 10
251 10
3 3
4 9
41 70
1 5
1 2
3 9
5 23
5 6
2 3
1008 29
1788 43
2 5
28 38
1 1
11 21
2 4
2386 59
3792 169
1 3
8 52
2451 61
2 32
3 14
1 35
77 83
1 30
2 19
781 25
4 18
1 12
2 10
1 1
3 9
3 24
1 44
1 4
8 9
3 16
2339 57
5 7
1115 29
1758 43
3 3
2565 60
6 11
2 5
1 4
1 2
1 8
11 41
3151 90
1 11
1 3
18 55
10 17
1 28
8 19
31 32
1 12
1427 36
797 24
1 4
2 3
1 2
7 11
6 16
2 3
7 36
293 12
1 3
2 3
1 3
5 7
306 13
1 1
2 10
15 25
2961 78
4 46
4 29
1626 38
1 3
2 11
2214 53
1 16
1 3
1 2
6 10
1 4
2 3
6 7
18 59
11 25
1568 38
1799 42
1 1
1 4
1 3
5 8
1 1
1 18
4 8
3180 86
2 4
9 24
1 3
3639 135
1 9
54 51
1825 42
3 4
1 5
1 9
4 39
3816 197
5 23
15 42
2 8
3 10
2 7
13 29
1 5
25 31
7 19
1 6
1 4
1 2
10 21
34 43
1 1
7 11
2 2
7 32
3438 108
2718 66
1526 38
1 1
3 4
1 2
1 1
10 25
5 9
1 16
113 90
4 14
2 4
7 9
647 22
2742 68
839 25
1 5
2 4
2 4
3199 97
1696 41
10 12
2 16
1 2
1 2
4 10
1 1
43 52
1470 36
2 17
4 13
1 4
1 4
71 19
1 3
1 11
1 3
2392 57
2 3
2 2
3 4
330 12
2 2
7 14
1 4
2 11
2 4
3 26
1701 41
1 18
2 8
3 11
1 29
17 31
1614 39
1 2
1 6
651 21
37 51
1 2
3 6
1 3
2 2
1 3
2 29
2294 53
2854 74
3 7
1 2
2 2
1 8
17 25
2 5
2 3
8 18
8 14
53 56
3471 114
11 45
1 3
2 9
2402 57
3074 82
3834 194
1 3
3698 163
1 4
1 3
3 11
3 14
1419 36
7 38
10 16
3 3
2 12
3581 123
2 4
3 11
1 8
10 24
3 3
9 23
2854 72
12 26
3589 119
1770 42
1 3
1895 43
2054 48
1 10
1 2
2 5
11 40
1 4
1 2
7 11
6 31
2152 51
2 7
2 2
1012 28
5 5
2 2
1 3
2 4
2 2
4 6
27 53
1 2
1 8
11 22
3129 85
1 4
2718 69
6 8
15 37
2 11
2 4
4 4
654 21
2 7
1 8
1 1
1 1
5 48
1 5
3 7
4 7
3 17
3 10
3 8
114 45
1 2
1 3
1 3
1 4
1117 29
1112 30
2663 66
8 41
420 16
1 19
3 10
167 73
3 9
4 15
2 32
2868 76
2 6
3862 270
2 7
1 3
1 3
1 2
9 19
24 66
509 16
1 2
3 3
2371 58
1 6
6 17
3639 138
2758 72
2 4
8 8
22 61
6 27
1330 34
3433 111
3 8
2 6
13 18
1 3
3 23
1 5
5 6
1 4
2 4
1 7
1 3
3244 96
939 25
2 17
14 54
4 18
1 1
3066 80
10 13
6 11
1 3
1 3
3371 103
2 46
34 80
3 3
3 5
8 13
3235 91
1 3
3713 149
1998 45
3 6
1659 40
2 4
3 8
2 4
1169 30
1 4
1 6
84 21
2 3
3826 194
12 11
2 4
1 8
4 5
8 10
2 4
1 5
1 26
1648 39
259 230
5 41
8 14
2 19
940 26
14 44
4 41
1 2
1 4
3315 94
1501 37
10 16
2934 74
1 9
39 49
19 29
1 16
3493 116
19 42
1 31
2291 57
840 26
7 12
4 53
3 12
3711 157
3 4
3 16
1 6
1849 42
2059 47
1114 28
3008 77
3 32
1 3
2 5
57 30
2712 69
2933 76
864 25
2 2
354 14
2 7
1 6
2 2
3462 110
9 40
1 7
6 60
1 5
12 10
643 19
2 2
18 48
11 48
494 18
27 66
1 7
20 29
1 3
1546 39
2 8
1 2
38 86
3 8
11 14
13 26
1 6
1 3
1653 39
1 10
4 17
1 1
3 7
1 2
2 14
1128 30
1 3
1 1
2722 68
1 8
284 10
3579 126
1 3
1955 45
3484 133
1 4
1 1
2 8
1103 27
1 2
1 2
3004 79
5 13
1 2
2994 83
2 6
2 14
2045 49
14 48
3 4
21 40
6 9
1 7
2 12
2 6
1 10
2812 72
1 6
1 3
32 43
1 6
2197 51
1 5
1 17
1 2
4 4
1 4
6 11
2 10
1 12
2 4
7 16
68 40
1654 40
1 2
1864 44
5 10
3536 117
2054 47
8 12
2491 64
3 5
2547 61
1 4
2 10
5 17
3192 87
1 3
25 33
6 26
3258 101
3 9
1 1
1 3
6 22
2350 58
2806 71
175 80
19 45
4 5
2 4
2 15
1 8
2 7
1 1
1 3
1 8
10 25
3 27
2 3
3249 103
4 40
2 8
450 18
2 27
1 5
1 7
6 39
3 35
11 22
3 8
1 11
530 18
3649 133
19 48
1 12
2555 62
2 5
1190 31
2 17
3665 188
1315 33
2 2
12 27
1 4
4 5
4 11
3 9
1 1
47 74
1 3
1 3
1 1
1 1
1 10
1 11
3 10
8 20
1 17
2675 66
2 11
2 25
1 5
800 25
2 3
1 8
1 17
1 7
2 3
3974 330
18 36
1240 33
1275 31
8 14
3 11
3 3
1 1
1 4
3531 119
3 14
3 16
2 3
1 9
3 5
457 18
3 7
1 2
1 9
1 8
967 27
2 5
3 4
7 11
1 21
5 10
10 19
3 12
3 9
20 46
3 9
1 2
1 3
2 3
3 8
1 1
3684 140
6 12
1988 46
1 4
1 6
5 7
1 2
2 3
81 55
3 11
1 4
1 9
5 27
1839 43
1 14
2 7
2050 48
7 41
16 23
1491 39
1580 38
3 13
11 39
8 21
3 15
1 3
1 3
1 4
2172 50
3193 89
29 48
4 7
1 2
3 4
1 3
6 16
1 1
1161 28
1 2
4 7
1 2
3 3
1057 28
3650 133
2191 52
1 2
17 24
1930 46
6 14
1 4
1 2
2275 52
327 11
1 11
1 1
1 2
1 9
1 1
475 16
8 11
3 27
2 3
1 5
2 14
3 4
1 1
2 7
1 2
2019 48
2282 54
1 1
1 4
4 6
1 2
1 1
1 1
1 7
2 4
1 2
6 14
2 17
6 14
9 15
533 19
1 3
2 5
1 2
2134 49
9 21
3565 123
1 10
1 8
9 32
1 4
4 9
1 2
1 4
2 4
4 8
3 6
3 13
3489 114
2 4
1672 41
4 26
3 21
2 7
1 27
3 15
1599 39
864 24
3 18
2267 52
1 3
1325 34
1 3
1 5
1 1
2 41
1 3
1 6
3 12
2 10
3 10
1 3
1 2
2 2
3 5
1971 46
1 3
2683 66
1 10
6 11
5 19
2 4
4 15
2850 75
2 8
4 18
2385 56
4 13
1 9
1102 29
1 5
3066 85
1 3
1 3
2 5
1 7
2 5
354 14
1920 44
3 5
23 40
2 4
1972 45
1 3
18 35
1 3
1 2
2802 70
47 72
1 7
1350 33
4 22
1 3
1601 39
2 48
10 19
2 3
2 8
14 20
1 1
9 35
1 3
3 5
1 3
2 7
2 2
1 6
2 4
2 4
2 3
1791 42
1 1
2 6
1 3
2 4
10 31
5 11
2 2
5 19
8 14
9 18
2 3
1 2
1 2
1827 44
3 6
1 6
1 5
1 21
10 51
1 7
3024 79
3 9
5 14
38 14
3413 108
1 1
4 5
2395 61
25 20
597 20
2 4
1 4
2 6
57 56
4 4
1 4
1 3
1 2
1 3
3 37
1146 31
1 1
6 9
1 2
2 7
8 9
2 3
1 5
3596 132
36 51
4 4
2 3
1 3
4 16
1 8
5 10
3 17
1164 32
2103 52
2202 54
1 3
2 7
12 52
3443 107
8 19
26 49
2190 49
8 12
1 6
41 64
874 25
1 12
4 9
644 20
1 2
1 5
1 6
1 3
1308 33
2 6
2 4
1 6
32 67
1 3
3 35
1 8
3 32
3 7
13 45
14 38
1 3
37 52
2973 77
1458 34
3 12
1 5
2 5
2 9
1 3
1 3
2 4
1 8
8 29
3 4
25 35
3749 161
1 19
2 2
1 6
2 6
1 4
1 3
1 6
5 7
7 22
4 41
1178 30
3515 109
20 45
1794 41
2318 54
27 49
39 8
8 9
7 12
1 1
2 7
4 7
6 11
27 39
6 9
1 12
598 22
3 5
1 4
2 2
2 5
2 8
2 5
1 3
1 22
327 11
1839 44
1 1
4 12
29 47
1 12
1 6
1 2
3 4
331 14
4 16
83 28
1 4
2 3
1665 41
20 45
1 1
2888 75
2 3
2 5
1 3
2 11
1 1
1 3
2845 73
1010 27
2372 58
2 3
1661 41
2 3
5 18
2 5
4 25
2505 61
5 20
355 16
4 16
1 3
3689 144
3 4
1 4
1 2
24 29
2 2
1 2
17 53
1 9
20 22
2 3
1321 34
3 6
2866 72
1 12
1 7
5 14
2 8
25 30
44 52
1 2
3 10
42 52
2395 58
965 26
7 26
1 2
1 5
5 9
2 4
1 5
1547 37
4 4
1 4
3 11
4 12
2 4
1 11
1 3
2613 69
3360 106
573 19
6 13
7 9
9 8
2100 47
21 25
1 9
40 45
2 2
3768 155
1 3
2761 69
3783 212
1097 29
45 52
2 8
1 3
1 3
1843 42
15 23
1 4
681 20
1 5
1 7
3474 113
944 25
1 4
2 4
10 51
1548 37
17 14
1 2
13 19
500 19
623 21
2 6
1 5
16 33
1 2
1 3
4 6
1 27
4 15
1 1
3 4
2 2
1 9
168 47
655 20
2 9
3 12
2930 78
1 4
1 3
1 1
2389 59
1897 44
1 8
10 16
1 3
1 2
25 67
1 1
8 12
2346 56
1 1
3 5
1 2
3 17
12 18
7 14
1 4
1 11
1 3
2 9
17 20
1 9
1 4
1 2
1 2
3 6
4 13
12 30
87 32
1 4
1 4
1 2
13 61
14 21
1 2
1 4
2 10
1 5
4 34
4 8
2 5
5 5
1182 32
1985 45
2559 61
1 8
6 7
1 2
1 1
1 4
4 7
1 3
1 3
2 2
5 16
3732 146
3543 123
5 17
9 35
1 2
567 19
41 51
10 14
42 51
11 45
1 8
5 11
6 41
2235 54
3 4
6 51
1 11
1 2
6 6
1 5
5 47
1 3
592 19
14 17
37 51
1 2
1 1
21 34
1 6
4 4
1 1
3 22
1 2
8 9
1568 38
8 17
9 36
1059 28
3356 101
1 5
1595 38
1 1
7 14
3116 85
2 6
3 4
10 26
3127 88
3043 80
28 83
2 11
11 14
3 9
4 7
2 17
9 51
1 6
3 15
2 14
7 15
1 7
601 20
1 6
25 65
3 6
2 6
1 7
5 5
1216 31
6 11
3 4
6 9
3 7
2 5
9 15
2828 75
2704 68
2521 61
1 1
3011 80
2339 59
670 23
2 8
1 2
7 17
1 3
716 23
66 77
329 14
9 20
1866 44
1 2
80 85
1 3
2491 58
1 2
1 3
11 51
1 4
1 3
2929 75
1 2
1 4
1 5
8 16
1710 43
4 6
5 10
1 11
2 36
7 11
1 4
1 2
2 3
1 1
2983 77
1 2
46 68
24 74
31 47
6 29
5 22
942 26
2 4
4 4
19 37
850 25
3 9
1 1
3754 155
1 1
1 4
1 6
2 12
2 5
2 2
5 27
625 20
494 17
1 2
1 3
2 10
1 1
1 2
2 7
1 8
2471 63
1 2
5 14
4 10
1 3
6 13
449 16
1 3
1 3
20 24
1 5
2 34
661 22
1 5
10 14
34 16
1 1
2 9
6 19
1671 39
1 6
1560 38
1 2
5 9
20 69
2 46
1 1
2 2
1953 47
2 3
2 2
1 10
723 23
1 7
2303 54
5 7
609 21
2 3
2 14
181 48
3 5
1 2
2 3
1 3
2675 67
1 3
3 5
3407 112
1 7
1 1
30 75
1 3
9 20
2 22
1 5
7 19
1534 36
1842 43
2 7
1 1
2 3
5 26
2699 66
920 26
706 21
1886 46
2063 47
1 1
3042 84
1 38
1671 39
1231 31
2241 54
700 22
5 6
45 72
1 35
1 2
34 73
617 21
1 3
7 34
1 13
3127 86
213 175
1 11
62 13
16 41
2 3
3 14
1 2
505 17
2073 51
2 2
1 1
972 27
2 5
5 13
5 16
1 7
111 53
43 75
3 13
3 12
3 14
3 18
2146 50
1 4
2 4
1 10
772 24
1284 35
1 5
3641 132
5 8
15 21
2 6
10 13
1 3
1406 35
1 2
3608 129
3 7
1 5
10 32
3294 108
1 3
1 2
1 3
1 4
1574 39
2 2
1 5
4 9
2999 81
1 5
3 9
17 35
2359 56
2 6
1 25
1 4
3 4
1 4
4 29
1 3
1 2
1 5
8 21
518 17
1 4
1 2
2094 50
3 28
1 1
2 3
2 6
3 10
1 3
48 73
14 31
1 3
5 20
2 4
2447 63
22 10
7 12
10 21
2 3
3 6
2 5
3 9
4 18
3 24
1 1
3027 82
1 7
2 15
1653 39
4 7
2 4
569 19
1 2
1147 29
2 7
2 9
19 22
377 15
1 2
1 6
13 8
1 5
6 9
3840 222
8 19
7 10
1 2
2 5
6 12
1 1
3 4
3 12
12 47
2 6
7 38
17 15
3 7
1 3
29 34
1 1
4 6
2 3
1190 33
2 11
2 4
2473 59
1 1
27 66
1 3
707 22
4 8
3 18
1 1
1560 39
2 6
1 9
3 7
30 76
3 6
1 3
1 1
2 3
2945 75
1 3
3341 113
4 28
1 2
3 26
30 42
8 6
2 4
8 11
4 10
10 17
2 18
2 38
1 1
1 2
1 1
2 7
1 1
4 4
1 6
3 6
5 8
829 25
1894 43
498 18
1 2
2 2
1874 45
1 5
2003 46
4 18
1364 34
1 4
1 3
1 4
8 9
19 44
17 52
1 2
1 3
2186 49
1 4
2020 46
1 2
5 6
4 4
36 51
5 12
1 1
2 15
4 5
6 7
2 13
2018 45
2 3
1 3
1 7
1 5
2 6
1 1
7 12
6 11
2441 57
1 3
2535 61
3221 89
1 7
6 12
11 54
1081 29
1 3
81 30
24 40
3 4
14 22
1 5
13 19
1 2
1049 28
2317 56
3302 96
2 4
2 6
1 3
1538 37
1 2
1 2
10 45
2432 61
1 2
2 7
1693 41
4 7
1 3
28 77
5 23
1 2
1 6
2 10
3997 252
1 2
7 15
1 3
1 3
4 15
33 50
3325 99
3376 107
2 2
1920 47
1 5
2574 62
1964 45
16 32
4 5
3058 83
1 4
2 10
1 4
1075 29
1708 41
9 15
2 10
3690 169
1 1
10 22
1 3
1 9
2 2
947 26
2418 60
1 2
27 49
1658 39
3 6
9 19
1 1
1 1
21 29
2 3
10 16
1 1
1 1
1 3
1 6
1 13
1 3
2 7
1 3
3005 83
3871 213
6 20
2 11
3874 202
2 9
103 47
1 4
3 8
2160 52
2 3
9 9
1 4
2 12
2 3
18 44
3 16
2 8
20 57
6 11
799 24
10 14
1 1
1 4
6 12
2 7
3 8
1 1
2 7
1 4
1 4
2 2
4 25
2 3
1 3
1 3
2 7
1 6
3 7
3011 87
1 2
2 3
1 3
1 3
3392 105
4 6
1 5
9 17
1 2
1 2
1 3
2 4
8 15
6 10
1 2
2 12
4 14
48 76
45 69
1 4
2 9
3309 98
29 40
1 5
2 15
11 32
3 5
45 78
2 2
5 20
4 4
16 17
36 94
1 3
2 3
1 6
3 3
28 49
1 2
1 10
3 13
2 5
2 6
14 55
1 1
2 2
10 11
2974 81
1 2
1 7
3 8
4 9
9 49
2 4
547 19
2 34
1 3
1 1
6 20
1 3
6 11
1 11
2 10
4 15
2 9
8 24
1180 30
5 23
1 7
7 10
45 51
6 18
4 7
2 8
3695 144
1 2
3 4
2693 68
1 2
12 20
1 6
1882 44
1142 30
1 1
33 18
11 32
1847 43
1 3
21 19
1 12
1 4
1 9
1565 37
31 26
2321 54
10 24
3 14
2609 63
3 14
2678 64
2977 77
2 2
1081 29
1 10
2 6
1878 44
1 4
3 16
8 20
1 2
8 41
1806 43
7 20
2 4
14 28
5 32
1 3
1 3
1 6
8 29
665 21
15 22
19 30
3 7
6 6
1 1
1675 39
2 2
1 1
1 3
3 15
1 4
13 25
25 47
1 1
3 5
1 3
3 13
2 5
1 2
15 59
1 5
1 1
2622 65
2197 53
1 1
7 36
4 7
321 12
4 9
1 2
12 18
4 35
16 23
4 37
1 4
3 5
1577 37
34 32
15 27
80 22
1 2
1 7
1 1
3 7
1 2
57 47
1713 41
7 20
959 26
1 1
1672 40
6 9
3278 94
1 4
4 25
1 4
1 2
2 4
1 8
1 2
1 3
10 22
8 17
1 1
1034 28
455 17
1 2
2 5
1 1
1802 42
3 8
1 7
53 43
1 1
4 22
988 27
3 9
1 6
769 23
1186 30
11 13
1 5
3 4
6 11
1 4
13 16
1 32
1 8
2922 74
5 29
1 2
2 40
2780 69
6 23
2 5
950 27
4 5
4 13
15 35
2 5
3090 86
7 11
3 8
985 27
1 5
2 9
1 3
1 1
3 19
3438 113
3 4
1 1
3544 129
2 7
24 31
2859 76
8 17
1304 33
3186 92
1365 34
1 3
1 5
2 12
1 2
1 15
9 41
1 2
1203 31
2 14
1 3
9 44
1539 37
712 22
4 11
1 1
2 2
1 3
1 3
1 2
2 3
2433 58
1 11
1 1
2 14
46 14
2665 66
10 29
2 6
45 67
3 10
15 51
3 4
1 9
2 2
3 34
18 53
5 17
1 2
1 6
42 69
1 3
1 31
2 10
1 1
1 4
2874 79
1 19
1 2
2660 69
1 11
1548 38
15 33
6 15
2294 55
1 3
4 29
6 25
3 4
1 2
3 18
2 3
1 1
2 5
3179 99
2 2
2 9
1 5
1 1
12 53
8 28
1 4
1 1
2 2
41 45
1819 42
3007 80
17 17
1 2
2 6
3 5
519 19
4 8
1 1
2 3
3 6
1246 31
2106 49
1 3
8 12
3087 85
2800 67
3 5
1692 42
1 1
2614 63
5 7
306 13
1 5
1 3
3762 162
1 2
1 14
1 4
1 1
4 11
4 15
2 9
2425 60
2 6
2 3
7 10
2695 70
9 28
1 4
10 17
2 5
1216 32
3 6
1 4
1 3
2 5
2 20
4 14
1 5
7 33
5 9
3631 137
236 9
2 9
1 5
17 24
1 7
12 25
9 17
1 3
1 2
1 3
1 14
3641 145
2 4
1 3
5 19
1 4
6 9
2 2
3578 133
2565 63
3 9
1 5
3 6
676 19
24 43
1 7
2 4
1 4
1 2
1 2
31 24
23 30
4 11
1826 43
10 29
3 7
41 50
3479 120
3 8
3 6
3 5
7 7
2 5
4 5
2677 67
2 3
1 1
1246 31
2 11
2413 59
1 1
6 17
1 2
1 22
4 13
3 25
1 2
30 52
1 7
6 30
3 5
1 2
1 27
1 2
1 4
3161 91
3310 112
13 36
6 25
1 7
1 8
1 2
1 10
1 5
21 33
1 3
760 23
1 6
6 33
1343 33
1 3
3 4
2 5
8 10
2263 56
7 13
6 15
4 9
12 59
1 8
5 12
3152 84
1 2
1 2
14 14
1 3
13 28
1 3
3 16
2499 64
13 24
1 7
1 4
4 7
2 23
1 1
4 14
2 6
3 9
1 5
2 19
1 3
2 7
2788 72
4 9
1 4
1 14
1 2
1 2
7 32
12 53
12 17
1 1
6 12
1 2
10 18
1 6
4 21
298 8
2 7
3 3
1 8
4 8
18 20
2246 54
1018 30
1 3
2941 79
1 2
1 10
5 8
1 2
7 37
3 12
5 6
6 23
1 12
36 42
1 4
6 28
14 21
2 5
431 16
1 2
2 3
1 2
1 2
2 13
4 5
1 1
1 9
1 8
87 30
33 80
3537 114
3 7
2 5
3063 84
1292 32
1391 37
10 35
1 5
10 25
1 3
525 18
1 5
1070 27
3019 81
1 9
3524 129
2 3
1 6
1 6
23 12
5 32
1860 46
3178 87
6 9
1 2
1117 30
7 11
3316 98
1 2
17 46
2 6
2 2
1767 43
1 5
10 18
149 10
1 2
6 9
1 3
1 3
2 7
3 12
2 26
2519 65
33 61
3938 351
1 3
2 6
17 22
1 9
21 54
8 36
2 11
117 41
1 1
2 3
9 45
1 1
1266 31
1 5
64 68
2199 52
653 21
1 17
1571 40
1 2
1 1
9 12
1 6
1979 47
7 12
1 8
8 18
581 20
1 6
23 91
3 43
3 21
8 15
1 4
1 1
2 5
2 4
3556 122
2 2
611 20
3 6
5 9
14 17
1 17
1 3
1 5
19 36
3141 96
13 19
8 58
1 1
1720 42
4 8
1 2
3 23
2 3
3 12
1 4
2 5
1 2
3 6
2 2
1 2
2 3
289 12
8 17
1 8
3 3
1 9
7 20
20 50
1 3
2 2
6 13
3 12
1549 39
1 5
2709 69
16 85
3 5
1130 30
1 5
1093 27
6 37
9 12
1 4
4 13
1 3
1 2
3 7
2 10
1 3
42 50
2 25
1 6
2 4
3947 323
4 18
1 26
3 13
1 1
1 9
3020 81
6 55
3134 86
1 5
1 1
2 4
1 9
1 12
1 2
15 16
32 51
2 3
8 13
16 26
1 1
2129 48
1 4
3129 83
1 2
5 21
13 16
7 11
2518 60
3640 137
2 5
2 8
1272 32
12 13
3 9
8 10
1 1
1 19
1651 41
2 38
2401 56
3 24
8 33
3883 219
11 24
5 9
1 4
1 2
1 4
1 3
1 4
1 1
2089 48
5 6
2 7
1 2
328 14
2 3
4 19
1 3
3 3
26 68
30 47
2 19
1 2
1 2
1 2
3 8
1 5
1 3
1 2
1 2
832 24
1 2
2455 60
6 12
19 44
511 18
1 1
19 31
2 3
6 11
3 5
3 4
2 2
2905 76
1 6
1 1
1 2
332 13
2234 53
4 14
1 3
2 4
2 3
1 3
2 35
11 22
2441 56
2 4
1 3
1 3
7 26
3285 96
23 34
7 48
3 12
30 54
1 2
2 12
500 19
25 48
8 10
7 12
1 1
4 15
3 16
1 16
2 9
1999 44
1 3
1 4
1 4
1 5
1 3
3 4
3 4
2 7
1 1
563 19
14 16
1 1
2 5
3 7
1 1
2038 46
1 3
1 2
14 14
17 32
1 3
1 2
3 8
2 4
6 17
3655 136
1 21
2 12
1 1
1 8
2509 61
1 6
2 3
1 5
2583 64
9 34
2 21
2045 47
2 9
8 43
1 4
1555 38
10 38
287 14
1 2
3843 219
3 10
14 37
1860 43
1 4
2 7
4 6
1 7
2 11
10 20
1 2
2 9
9 15
2 9
1 2
950 28
7 15
1 5
6 15
2 5
1 1
2 4
2 4
1 1
3 13
3 27
1 15
1 6
3124 83
2 2
1 12
101 38
1141 29
4 8
2 4
1143 31
2 6
15 30
1 2
3254 95
448 18
452 17
2 5
1 2
2702 66
234 10
3 5
1 2
1 2
1 3
2407 60
1 5
8 9
1392 35
1 25
7 19
1 4
20 13
1 8
2 3
6 30
1 2
18 22
7 9
2582 63
1 5
1 3
6 43
2038 49
13 37
2 6
9 12
17 64
1 2
1 3
17 42
5 13
19 59
12 18
3 5
2 3
3 5
16 30
1 5
9 15
5 9
3 31
1 2
1 3
3235 93
1 2
4 4
1 3
312 11
649 21
1 1
1 10
5 23
16 37
1 3
1 38
1457 36
6 45
9 21
2 6
1 3
15 18
2 38
6 17
2 13
8 11
1 3
2561 62
2430 60
3321 104
6 18
2 5
6 14
1 4
6 38
3227 106
3 20
6 15
2 7
5 23
1 11
1203 32
6 12
2 5
367 15
3 13
1 5
1 5
34 44
2 8
1 2
3 8
1770 41
2221 53
1831 42
1 11
1 1
1 13
2938 77
1 1
1 1
1 15
4 5
2659 68
6 19
20 23
1 3
2 6
377 14
460 16
6 49
4 12
2553 60
1 7
3982 383
1 1
3209 88
311 16
5 12
3 29
144 10
5 13
1 7
1 6
2290 52
2 5
1 9
2 5
1 5
3280 96
1 8
1 2
1390 36
2 43
2 5
4 10
7 13
1 6
5 9
1 3
5 5
2 4
1391 35
1 1
2463 61
3521 115
1 3
3 28
1 21
1 3
3395 103
1 4
1 3
1 1
12 35
1221 32
2 6
2 2
1 4
15 35
1534 37
1 2
2 7
1 3
1 8
1 9
1 2
7 35
1 6
1 23
9 18
3 6
1 3
13 36
4 25
1212 32
1 4
1279 32
3 5
1 3
3723 153
1 1
1 18
3 4
1 6
1909 44
1 3
4 27
1 8
6 19
8 26
1 3
1 2
3 6
1 5
3407 94
11 29
1 3
1 3
10 9
1 5
3 11
35 31
765 23
1 7
2 5
4 17
1 1
23 66
3960 387
1 3
1 4
1 3
27 27
1 1
2 4
1 1
1 4
117 54
19 41
14 23
3 4
2457 61
32 32
5 11
1 8
1 3
1 3
1 4
1543 37
1 4
5 25
1 3
1 21
62 74
14 34
1 1
1 29
1 2
3414 110
1 18
1 15
289 11
1186 31
5 8
341 14
1089 29
2 6
3 21
1 1
1 1
8 15
2 4
5 18
2 6
3604 124
1152 30
2 6
1 6
34 18
1 5
1 4
1727 41
334 13
2 5
2 5
1 2
1 6
3 16
1 2
1 1
1 3
1 6
1629 38
1 2
1 10
1 13
1 2
1585 39
1254 31
11 17
1 4
1871 43
2 3
3 3
1917 44
1 3
1 1
1891 45
2 11
1 1
1 4
2 12
1998 48
3107 81
1 9
1 2
1 2
1 2
3923 333
26 58
5 7
11 35
1 3
5 25
3 15
1 7
3 12
2 16
1 5
10 14
2 6
1 3
4 10
1 2
1 1
1005 28
2 3
1 3
2394 61
35 52
2843 76
3 12
2 10
1 3
41 44
1476 36
1 3
1 12
2 6
1 8
3 20
1 7
1 2
11 15
4 17
1 7
1 20
1 1
1 2
1 6
13 23
1 2
770 22
1004 27
1310 33
1 4
3 13
6 6
9 21
7 21
218 5
1106 29
1 2
1 4
3 6
17 23
1 2
1 5
3 4
770 24
1 6
3589 130
2152 50
4 6
7 14
1 3
1 1
1 1
1 5
8 25
2710 72
1 3
2089 49
4 4
4 20
1 3
749 23
16 20
4 17
6 12
18 23
1 3
1 4
2 21
6 9
8 19
1 6
2 13
1 1
1 4
2 38
693 23
2926 75
11 50
12 19
2 8
3 5
1 3
1 7
335 12
300 12
1 2
5 12
1 1
1 2
5 18
1 3
1356 33
1 4
1 2
1 8
2 41
3330 100
2 9
1 2
4 5
7 12
17 22
3 28
19 54
1 6
1 11
3 7
1 2
1 5
1 6
2 13
1828 43
3910 229
1 1
9 19
1283 33
11 23
616 20
2 9
1 2
1 4
914 25
12 29
635 23
61 13
1 4
1 5
2895 76
1 6
1339 32
2 6
2 15
2491 59
20 21
1 2
13 63
1 7
1 5
1 11
4 4
1 30
1 1
311 10
2 9
4 20
3 6
2 3
1792 42
1 3
1 1
3489 115
1067 28
1 1
696 22
1 4
9 18
728 22
3 15
668 21
4 11
1 21
2 5
2363 58
4 5
607 21
2595 61
2 9
1 8
1 15
1 7
1 6
1 4
1 2
1 5
2802 75
1 3
7 47
1 5
5 13
1732 40
1 7
2 2
7 10
3 6
1 1
11 35
976 26
2 14
18 32
641 20
2 15
6 7
11 18
1413 36
1 2
2 6
3502 124
1 2
2 5
2540 66
22 31
2360 58
3 3
3617 143
1 3
1 11
2 7
1 10
1 5
1 5
1 2
1 1
1 2
1 6
12 26
1 12
3199 93
10 28
1 2
1 1
1 3
30 66
2 6
2 5
4 36
1 5
1 2
3171 87
29 48
2474 61
1 13
1 9
1 21
2653 67
1 2
1 2
1 1
1502 35
1 16
1023 27
5 38
2429 59
1629 39
2 17
1 10
2632 65
1 2
1141 32
1 1
1 3
6 10
1 5
1656 40
1573 39
5 25
1 4
2 3
2376 56
1 1
1 11
1 1
3 26
16 48
14 22
1 3
1 1
14 14
1 2
3 5
2 26
77 21
486 18
2 3
1 4
30 74
1 1
1 30
2067 49
7 35
3 5
2 3
16 22
6 29
1 4
2771 66
1 3
1777 43
1 2
12 39
5 10
1 2
9 20
9 15
2 10
1 5
40 80
4 5
1 4
2814 76
1542 38
1 1
1780 42
1134 30
433 17
1 3
924 27
2761 70
7 7
1 5
1 2
4 5
14 33
1 2
2951 78
3 11
917 25
11 23
1185 29
1098 29
3568 127
1 5
1 6
27 39
2 28
1 2
1 1
49 27
1 1
10 22
3 8
1811 44
43 71
1 5
1 3
1 5
2831 71
3 20
3361 106
3 15
1 2
1 3
941 27
1 3
2323 54
2 7
2 18
4 7
2 2
2 8
179 12
5 16
4 7
2 6
2 2
2 6
4 17
467 16
572 19
2 7
1 4
8 14
1 4
7 19
2 2
1 2
1 2
1 4
2 6
1 4
2 26
540 19
7 11
1 4
1001 27
5 12
5 21
1 2
764 22
50 77
7 48
1443 35
3043 87
5 7
1 3
4 31
1 3
3 10
2244 51
1 1
5 19
2 4
1 31
1 6
1 2
3753 195
3580 135
2305 54
1411 35
2 21
2720 68
1 1
5 17
2 9
2107 50
1 5
1 3
3 6
6 21
1 3
18 52
1 1
14 51
2 8
3 26
9 11
3 13
16 37
1 6
1 20
7 13
1 2
1 3
1 2
2 4
1 2
1 7
2266 54
1 1
1 2
1 1
282 15
4 7
1 1
1322 32
3 11
1 1
5 10
1 5
1105 28
79 93
3 7
1 1
1 1
4 12
1 1
4 7
14 21
1 1
1 2
1 2
1 5
1 3
2 6
26 31
7 28
2 2
1 2
2 6
3544 132
2 4
6 8
1 2
3 6
2 5
7 11
3 3
3 6
6 7
5 8
1 4
14 16
24 21
1 2
2 2
8 15
4 22
3 4
1 1
28 38
5 18
26 32
1 1
2858 75
1 2
1705 42
2 10
1 5
2 5
640 20
2 14
1 4
5 11
1 12
1 3
1 3
2 4
2097 48
1 16
1678 41
7 19
1 3
1 2
2 10
5 7
1 1
1486 36
4 13
11 7
1 5
3 6
2325 55
58 17
1765 42
1 2
2 20
7 18
3 5
2 5
3125 87
6 12
6 13
3 4
1810 44
609 19
1 8
1 4
1 6
1553 38
4 29
3 9
580 19
4 12
1 6
1 5
10 22
2 9
3 4
1938 44
30 70
4 22
1 8
14 29
2 10
2 5
1292 33
10 18
1 9
11 18
2520 62
41 48
2 3
952 28
1 4
2 9
1 26
1 18
1 3
1 11
1 9
1 3
1 4
2703 65
9 28
12 17
1 8
10 42
1 7
9 18
414 16
5 8
9 21
6 10
3101 84
5 17
1 5
22 30
21 24
1 4
3 8
9 29
4 28
3381 103
2338 56
1 1
3 13
1 17
3149 91
7 13
13 48
4 5
3 12
4 45
16 28
6 8
1 2
8 20
2 2
1 4
3152 84
4 4
5 13
4 6
1 4
1 4
2 6
6 28
3 11
1 6
3 7
1 2
422 18
13 21
1 11
6 22
2 11
1 16
2 7
4 11
3 7
3 9
2148 49
541 19
7 18
1 4
1 3
3021 82
1261 32
1888 43
2 10
2 17
5 8
1 1
2 4
1 14
3 46
1 4
4 5
1 7
1 3
1 3
4 29
1296 33
1739 41
1 12
1 4
3527 120
1 5
1118 29
1 13
1 5
3565 122
3513 123
1 6
5 13
1457 36
2 24
1 15
5 22
2002 47
2 5
1 4
8 27
1 2
1 1
2223 52
2047 48
90 20
3 7
3196 93
2 8
1 3
3 19
15 62
2 4
1 2
1 3
21 17
3719 149
3 16
14 12
3326 100
1 41
2 8
6 10
3 55
1846 44
47 81
3 7
3543 120
1 4
2172 54
1 1
1 2
6 18
6 31
9 27
6 11
5 14
1 5
1 1
3 13
2 8
9 11
2 9
1 3
1 3
1 13
1 10
12 10
1 5
14 11
1 8
732 22
2144 49
3 5
2691 69
1574 39
10 14
1 6
1 4
3 14
1 1
1 1
1 5
14 35
395 16
1 4
1 2
2 2
1 1
12 23
3037 81
3371 104
3 45
1983 46
959 27
1 1
8 15
7 7
844 24
2 10
19 27
1 1
29 77
3 12
9 14
3109 93
3 8
20 38
1 3
1 8
1 2
1 6
5 14
941 27
4 7
3 4
361 15
393 17
2218 54
44 50
1 17
29 66
1 3
3606 130
5 7
3 8
3 8
4 20
68 22
107 105
37 85
5 9
6 10
2 4
1 17
1 8
1780 41
11 30
4 12
6 11
2 9
2756 71
2401 61
1 6
345 16
5 29
4 8
1 4
1123 29
1 4
1991 45
3 3
2909 79
4 13
6 11
1 11
1 4
1 5
3 4
1 4
634 20
1 27
1 5
1 3
2831 72
3328 95
1 20
1 9
1 2
3689 151
7 10
6 9
6 16
3 18
1027 28
5 9
1 8
3056 83
2 4
1 2
2 3
1 2
2 9
10 9
1 3
9 30
2146 52
2 3
1 1
9 11
1 9
1 6
2 3
1817 41
1 3
19 46
1 4
3 31
4 16
1 10
4 19
1 2
1 1
1715 42
1432 36
297 13
1 3
1 7
1 3
6 6
1 5
1 1
30 63
3653 139
1 1
2 41
1 9
1347 34
1 11
1 6
1 2
1 4
1 1
6 22
59 85
6 37
7 38
1 2
3 5
6 16
141 6
7 21
2 4
14 40
2 4
1700 39
3 11
12 22
24 40
3784 147
1 1
2268 54
1 2
3 20
1 10
8 21
27 42
1 2
1 17
5 11
1 1
1 9
2949 81
991 29
1 4
3546 141
2 9
1186 31
1 6
3 4
4 17
14 36
1 14
1 8
1 1
1518 38
3 20
2023 47
22 48
2 5
1 4
1858 43
1 1
1 8
8 19
2771 70
1 34
1 4
2384 58
1 10
8 15
1 2
1 6
3609 142
1 2
1 6
4 18
10 24
1 1
1 1
13 39
1 1
2 6
4 7
8 28
5 11
2 9
734 23
1 1
1 3
1 2
1088 30
1 2
4 12
8 14
2 22
2757 66
2 7
5 27
1 5
3 14
2 7
3 17
1 35
1 6
4 11
3 10
1 2
1 6
4 9
617 21
4 7
7 22
12 15
1 2
16 19
1 11
2 4
2 5
9 18
3 4
1 3
1 5
4 5
1 3
1 5
3592 134
1 11
1 3
36 56
1 8
1 10
4 12
1 1
8 15
1 16
10 8
1 16
1 7
7 24
498 18
1 4
1 3
4 14
1 2
2622 67
1 2
6 12
1 1
1 3
1 2
1 10
1 1
9 40
3 11
37 71
2445 62
6 24
10 27
1235 30
1 3
2 55
1 5
1 6
1 6
1 4
17 34
2 25
68 70
1 2
1728 41
2 22
1 1
3 7
4 7
2 3
27 41
3 26
7 28
1 2
3 27
3 12
1 2
4 13
1 5
1307 33
4 6
3467 113
3 9
1 5
7 55
38 105
3410 105
1 9
4 7
2 17
1026 28
5 10
1 6
2 3
3 10
19 24
1 3
2 8
1 3
6 14
7 17
1 1
27 76
9 38
2 3
2 2
1 3
2 2
1598 37
1 6
1 4
3 5
1962 45
2 9
3 7
1 2
3 9
1 7
4 21
13 23
1 18
5 26
2 7
1 3
5 10
1 1
3 29
2865 76
2987 81
1 3
1 8
3134 84
2 3
3 27
3402 107
2 13
3 18
170 70
3 6
6 21
1 2
1 1
1 4
8 20
2 2
306 11
4 13
2 11
2 18
2 15
1 3
4 36
1 3
3803 192
11 36
13 49
6 8
1 3
670 22
2 12
5 31
2 4
1 1
1 2
1 3
3 6
1 3
1 2
1469 36
496 17
1 8
1 4
4 7
10 35
2 21
8 27
16 39
6 9
3 7
12 25
379 16
3 6
1 3
1 1
661 21
2 3
3 3
1 1
1 3
1 3
4 6
2 3
4 5
7 21
1000 26
1 4
1 3
1 8
1 2
3 4
2 16
1 3
1 2
3 9
1 1
334 14
5 6
4 4
1 2
3176 97
1 15
4 24
2204 52
1 4
2 8
3 17
1749 41
3 8
1 4
2 4
19 58
2 37
2 6
2568 62
1 4
1 2
3 17
4 12
1405 35
2 5
1 3
1 3
5 18
1 4
1 3
2 11
1 5
1 5
1 7
2318 56
2729 68
1 4
1 2
422 16
1 2
1 10
3566 121
1 5
1042 28
1 3
15 23
8 23
214 8
1 1
62 14
6 9
288 13
1 6
3022 77
1 4
5 28
1 3
1791 43
1 2
1 4
5 10
2 7
4 27
2 11
1 1
2 12
1 7
5 12
1 5
2756 70
1 9
1 3
1 5
1 2
2307 56
2 4
2254 54
1 1
3308 95
1 3
2 4
32 20
7 25
3588 125
1319 33
7 39
2 2
30 47
318 13
8 12
2 4
2 12
1 2
1 2
2 4
2 3
1 2
3213 103
12 22
2 2
1 1
1807 44
1 2
2729 73
999 28
15 14
3 6
4 35
15 22
4 23
910 24
20 69
1 2
1 6
3453 117
1624 40
80 20
1 1
1 1
1 2
1 4
7 14
2 8
1 2
3 11
1 3
1 4
13 8
2 16
1 4
1 16
6 14
15 21
57 105
3435 108
2 5
1 13
2 2
14 16
2310 55
18 23
39 69
16 24
14 42
48 53
1 5
42 78
321 14
12 43
1 6
28 36
201 97
1 1
7 53
1 11
33 73
5 10
4 16
1945 46
73 42
1068 30
2 6
1 4
16 21
1 6
1 2
20 48
6 20
4 8
3 4
1 6
1 2
2210 55
1 23
1 3
1 3
8 18
5 12
1 5
3 3
1 2
1 1
51 19
14 22
14 17
2152 48
3 8
2712 68
1 3
1 8
1 12
1 3
1 15
7 34
1815 41
1 6
1 2
2 9
1 1
1 2
1 1
1 2
3136 87
1 2
2 7
1 3
38 46
1 2
1 3
24 76
1 2
6 10
1 2
1 2
2 7
2857 80
1 3
1 4
1 3
1 3
15 51
1 3
3 12
32 12
4 13
3 17
1 6
2 10
424 15
6 14
4 13
3260 92
1 8
2 3
1 4
2 16
2 2
1 4
2 13
2 5
4 4
1 17
8 16
1 3
2 9
1 4
2 3
1 2
1 5
1 4
22 60
1 5
2 3
6 6
1 9
2 5
1 16
2898 78
1 11
13 34
5 8
1 5
1 8
1 4
1 2
1 8
1 8
1 6
1 3
3 26
1 21
1 1
1150 30
5 13
1 2
602 22
1373 34
4 5
5 24
5 6
23 48
1 4
32 47
1 11
6 17
1 2
4 7
4 7
1300 33
1 3
5 22
2931 79
2 5
3 19
3198 86
1029 29
1 1
2439 57
496 18
1 2
4 9
1 6
1272 32
3772 162
3530 120
1 1
1507 34
1 1
4 5
2 12
1 3
1 4
3 4
3 8
1 3
26 39
1 1
17 23
1 6
11 25
1 18
3798 149
3 7
2820 77
33 66
1 7
10 16
1 1
3111 85
2406 56
1 4
3 5
1673 39
1 18
3 5
1 6
76 104
1 3
44 22
2238 53
1 6
3013 82
1 2
3 22
9 20
1 1
1 1
1 13
1009 28
1536 39
2054 48
2198 51
1 3
1 2
2300 54
1410 36
7 12
7 23
3469 113
5 7
4 17
3268 100
1 5
3 5
12 22
1 1
18 28
5 12
1 38
11 10
1 3
1 3
5 25
4 10
1 3
28 61
1812 45
2 30
3 5
1 5
4 27
1 18
1 2
1286 32
7 30
13 18
1 9
1 5
1 5
22 17
1 13
13 27
1 3
2227 53
3 3
3124 86
21 65
1 1
25 42
15 31
731 23
8 33
5 10
2 15
1 3
7 26
2204 51
3734 153
258 10
1 15
1 5
1 1
646 22
3 3
726 22
2731 67
4 8
2 4
1 7
339 16
1 33
1 1
1152 32
2000 47
2 16
2 12
1345 34
4 19
7 20
3179 87
1 4
1 4
4 5
1 5
2 15
12 51
2 3
996 27
1522 37
3 5
2 4
1 6
2 18
7 11
1 12
1232 32
2327 56
1 1
1 4
4 5
1906 45
3077 82
2199 51
1 3
3 6
5 20
1 2
2489 58
1 7
15 22
19 24
3 28
4 8
1 4
3474 114
2477 59
2 2
1674 39
1 2
8 11
1208 31
2 17
1 2
3 4
3 35
3 3
2 5
3783 185
1771 42
1 2
2 8
6 17
1600 37
1 10
1 4
1 4
7 11
2 9
1 10
569 19
2774 70
18 22
2 16
9 12
1 19
825 23
1 5
3 22
1 3
7 30
3913 252
9 24
2446 60
1999 47
2 42
3122 82
4 9
7 18
3 12
1 1
2 9
1 3
1 2
4 10
1 5
1 6
3009 78
2 7
1 4
2 11
1 6
9 12
1 1
3 7
1 4
2 4
20 30
13 16
399 14
3439 109
1 4
1857 44
3 4
1 6
1 2
825 24
1 35
52 77
1358 33
1 4
6 7
7 9
2 6
1 3
2 6
8 42
1 2
1 1
1 2
1 3
2 8
4 16
1 6
1 12
6 14
1 5
1 3
1 1
6 12
83 56
1 11
1911 44
11 26
2 10
1 4
363 15
1 2
2794 71
74 30
1 5
7 15
4 8
2644 64
2 5
2715 66
2 10
1 1
4 6
3 3
2 4
1 16
1 2
1 3
1 3
1 1
4 31
7 19
1 2
2 6
26 31
23 31
1 4
11 22
10 12
3 5
1 4
2011 48
1 6
1 3
616 18
3 15
15 39
1649 40
7 15
3 10
1 3
1 2
9 25
1 6
752 23
4 8
3 4
1 2
1 7
1 3
3239 90
1 3
1 3
4 4
288 11
3243 88
4 10
471 17
1 10
1 3
2 6
5 9
2210 51
1732 40
5 13
489 18
1 4
1 3
941 26
12 17
2651 63
6 10
1 5
12 19
1 3
1 5
3 4
3 31
5 46
3199 93
74 62
1 1
3448 109
2 8
1 11
1 27
1 3
3020 80
1160 31
3 33
9 34
1038 29
2 15
1 22
6 38
15 18
1 6
17 10
1 4
1 3
4 29
1 46
1 1
1259 31
5 8
17 13
3 7
2 5
1 2
1 1
1 2
75 55
1 5
1 4
1 10
1 1
1 6
10 14
5 12
2 4
1 2
2054 47
1 5
1 3
1 4
2 8
12 19
1 2
10 22
1 12
2 2
8 14
1 22
1867 45
1 5
3 12
1 3
1 3
2504 59
1 15
3188 88
2479 64
3740 159
2 5
17 25
1 2
1 18
2 5
1788 41
2228 51
413 14
1 3
4 9
1 23
3612 127
2281 55
55 126
2 6
1 3
1 5
3 4
1 2
1 2
1 1
7 12
456 16
1 5
2 7
6 7
1 3
2 5
1 2
8 31
7 12
283 11
2 4
1 1
1 3
12 44
1 2
7 22
1 6
1 13
1 5
3 6
3 28
1 2
31 74
32 74
2 22
2 3
1 3
3514 119
3 15
6 8
1724 41
17 34
3 19
1 1
1 3
2 3
3 18
1 2
3 6
1 2
417 16
1 10
2 7
3 6
5 18
6 13
13 16
2722 67
1 4
4 13
1 10
1 6
2538 61
1 3
1 1
1 13
7 51
2 7
6 26
1 2
2 3
20 42
7 11
1 7
1 3
4 10
1 3
2 3
2123 50
1 6
1 1
3 10
6 14
1 4
3 3
1 2
1110 28
1 8
1 3
1333 35
4 6
1 1
2616 64
1164 31
1 3
1 3
1510 36
4 11
1703 40
1739 41
4 9
1 1
2434 62
1506 35
1 17
1 11
3 8
5 20
1 2
1 8
3 16
2 20
1 6
3267 95
6 36
7 7
1 1
2727 67
2 4
1746 42
1 3
2 15
27 34
753 23
6 12
1 6
15 24
1 7
1563 39
1 1
1 10
1 1
1 3
2 15
1 3
10 47
4 20
1 1
1 5
1 1
2612 66
10 31
5 7
1 10
2593 63
12 45
1 1
1 3
1 4
1 2
1719 42
7 20
4 7
1 23
2 22
2217 53
9 25
1 12
4 16
2 7
1 2
1 2
1 3
1 2
7 14
1 2
11 17
2713 68
1728 41
1 3
13 15
214 9
8 20
285 12
1 2
1450 35
569 19
5 7
1359 34
593 20
9 25
931 25
3 23
1 3
3 3
445 19
2518 66
1 2
4 31
1 3
1 2
1 6
1 1
18 44
1 6
2 4
1 4
3149 95
1 4
1 3
1907 45
1 53
1 7
1 2
13 51
2 6
2 4
14 37
19 53
2622 64
1 1
1 1
19 52
10 51
5 10
24 18
3 5
2098 47
8 58
1 3
2 11
11 16
1 4
1 3
7 22
13 40
10 15
1 3
1 2
1 8
2 4
1 22
20 45
1 1
2016 47
1 2
3 5
9 14
9 16
4 10
1 15
1 5
1 5
11 15
1 3
3696 140
3 17
2 18
20 22
1 3
4 7
1 2
1 4
5 30
1 3
1 3
12 32
1 1
2 29
1 2
1 6
3 4
1 5
7 33
7 45
1 3
1098 29
1 3
1493 37
1 7
10 17
1 6
1 1
2545 63
1 5
1 1
1 1
1 2
1 1
2990 79
1 4
1 5
1 4
3 9
3 18
1 25
3 16
5 6
1624 37
2 10
9 15
3 45
2506 59
3 3
1 2
2 4
2 2
1 5
835 25
669 21
1 2
1 1
1 3
1 3
4 7
1 3
2449 61
8 19
5 14
3668 128
1 23
1 4
3081 85
4 17
1057 28
2 12
2127 49
10 40
77 28
6 11
1 1
2781 68
2 4
1 2
1 3
1 3
2 2
1 3
2494 62
719 22
2 4
2 13
1 5
1 8
5 16
1 3
1530 36
1 1
1 4
10 21
1 2
1 2
1 2
3 5
1 3
2 6
2 4
30 50
1 4
126 80
1 3
655 21
1 6
5 12
324 16
1 52
1 2
1 5
1 5
1 11
1 1
2758 69
1 2
14 47
1 2
11 16
2 3
24 49
18 46
2 6
3 6
4 22
10 13
13 21
1 2
32 27
1 1
1 4
4 8
2 4
1 3
1 5
2 5
1 6
1 3
1 3
1 2
820 24
1 39
33 49
2 13
5 5
3 10
1 11
1 18
1 2
1 1
1 6
1 14
1 2
15 26
1 2
1969 45
1 4
14 29
1 4
1 3
1 2
1 8
2 3
2 2
1 6
2 28
1 11
5 16
4 13
1 1
1 10
1486 36
4 15
152 30
2 4
3 10
6 11
3 5
1 1
1249 32
2161 51
1 3
1 1
2809 72
1 3
1 6
1 5
1 5
8 23
7 13
1 2
1 10
2 10
4 9
1 5
2 19
898 25
15 40
1 13
1 3
1 2
439 16
2 3
1 1
1 20
1 4
1684 41
3 7
3772 172
2851 74
5 32
3 26
2 5
1 1
5 17
3167 91
1915 45
1 1
1 35
2997 80
1375 34
3 6
1 1
3695 134
1967 46
167 58
4044 350
2 18
78 60
2855 72
2838 75
3639 136
8 24
398 16
2810 73
2861 79
3756 166
3910 213
3 3
134 54
1214 31
3 18
2 52
1 1
4 25
1 1
3731 151
3 31
10 57
2711 66
13 23
1340 33
1 3
1 3
2 3
1 6
1 8
1 4
18 45
19 40
6 9
8 38
45 81
6 7
1 9
3 5
1 2
5 8
6 19
1 3
1 2
27 79
1 2
1 2
1 1
4 6
1 1
13 61
2 28
1577 38
12 25
16 31
1 3
1 13
3504 128
9 20
2563 62
2 9
5 7
2261 53
14 32
1 5
1 9
2 8
2 5
6 10
1998 46
2 12
1 4
642 21
9 14
4 15
1 1
3121 91
91 100
5 6
1 1
394 14
1 4
3 19
1 5
1 2
3134 86
2 20
1 2
2619 65
1 1
3 15
1 1
1 3
32 44
6 6
1 6
4 9
3 27
1 11
1 5
2570 64
756 23
1 14
1 1
21 50
2 13
1 11
5 10
4 10
1 4
15 47
1 2
1 3
1 6
2 3
2 6
1 1
2104 50
3667 141
14 30
1 1
1 3
17 44
7 27
1 2
1 6
2 5
1 5
1 5
1 2
3 9
2464 61
1 3
24 36
1 1
1285 34
1 1
32 11
1 6
1 2
4 4
1 3
2 10
1 5
5 19
5 8
3 3
1 2
701 22
2602 63
1 18
2 29
3 20
1 4
1 1
1 2
1 7
2 5
1194 31
3 5
1 2
1 5
1 4
9 25
795 25
3 9
4 30
2 4
1 4
8 12
1 4
4 18
1 6
1 2
2245 52
3239 92
39 50
3 10
7 46
319 16
1 1
7 11
7 31
1 18
1 2
3044 80
1 1
1 9
3463 109
1 2
97 42
26 32
2 3
11 35
12 12
4 9
1 1
1 19
1 5
37 50
5 9
1 2
114 42
3495 112
1 15
1 4
36 68
6 32
3 16
2 3
1 2
1 5
1 16
1 4
8 9
1 5
827 25
28 41
9 16
2 16
2042 47
1114 29
1077 28
3383 108
1 3
1 1
4 57
21 28
1877 43
315 14
1028 29
5 14
465 17
5 5
2 10
2 4
1 2
18 55
1 6
3 4
664 23
1 28
2371 60
3013 79
1 7
1 3
1 14
1465 36
3 12
1 23
4 8
2517 62
1819 44
1 4
3 4
13 40
3 12
1 7
37 46
2 9
1 12
3245 93
1437 34
3 17
3079 84
5 13
1135 29
1 6
563 19
364 16
1 3
6 20
2 23
1 7
2 4
2 45
8 29
1462 36
3 24
731 24
1 2
52 39
1682 40
1 8
1 9
1 14
399 15
1 10
1640 39
2475 64
86 33
683 22
3 16
1 2
1 1
1 2
2344 57
798 25
3166 87
1 5
1 3
14 16
3280 104
1 3
3077 81
1 2
1 1
3088 84
2 3
2 8
2445 57
474 16
3629 132
1 6
5 12
1 6
2179 50
1 3
2 3
998 29
1 7
372 16
3 7
1 2
16 49
7 24
33 51
808 23
2 13
6 7
8 27
1 10
217 14
1 4
3304 95
4 9
869 24
1 11
2 3
13 17
3 8
671 21
3 5
1 6
1 4
2 5
1 6
4 6
1471 37
1496 36
2046 46
1 2
1 2
3686 142
1 5
1 1
7 20
4 20
5 8
1 6
11 29
1 1
1 4
2 5
4 9
1 7
1 5
1 3
2 3
1 1
9 37
1 18
4 10
2 14
1 6
1 3
5 10
1 3
1341 33
15 22
2 7
2 6
5 12
3383 102
18 45
801 23
1416 36
1 5
5 12
1 14
3835 196
936 25
2296 55
1 2
5 22
3 13
2330 57
4 32
3 5
2 11
2 3
2975 78
61 53
1 4
4 7
1 2
2 7
1 12
1564 37
52 12
701 24
3425 117
1 3
1 10
2 8
2 11
10 51
2 9
2354 56
3 7
8 16
440 17
3 30
2 4
18 26
4 6
10 19
2 4
1 3
1 7
1 2
1 4
1 3
3 9
1 2
1 12
5 13
6 30
3 28
9 14
1 1
2755 74
1 8
1203 29
2860 73
5 32
1360 34
3 11
1 4
1296 33
1 5
1 22
2019 47
1 10
1 3
6 28
2 2
3092 90
1 2
7 19
1 4
2 4
1 8
4 22
1 4
6 32
1 4
2 8
2164 51
2 10
2 4
1 2
5 10
2 9
20 51
1 28
2 4
9 41
4 4
3838 178
7 17
1 8
4 7
2 3
5 9
24 47
2 3
5 19
3 16
1 1
1455 35
1 18
1 10
1 2
1 2
1 5
7 13
1 3
1 1
1 2
1 2
2888 73
1 24
1 1
3270 95
1545 37
2 6
1664 39
1 3
1 1
1484 37
4 27
2 15
1 3
1 4
1 6
1 7
3736 150
5 9
1 3
1 3
1 6
1 8
6 31
1519 37
1 2
4 4
1 3
1854 44
1 5
18 35
1 4
2 4
1 32
2738 70
1 2
1 3
9 31
1 2
10 9
5 8
1 3
1 2
7 19
1 20
3 5
3 4
1 6
1261 34
15 31
3 13
1 1
1 2
1 12
1 7
1 8
2 4
1 2
3 6
1 6
2605 62
20 53
1404 36
1 3
1 1
1 1
1 14
1 6
758 22
1 9
1 6
3651 152
9 45
2 14
11 19
1 6
15 54
9 14
1 1
4 16
1 2
241 9
3425 109
1 1
3 7
6 33
1 7
278 12
5 5
1 3
2 6
1 8
3873 235
3380 104
2 8
3 9
3 22
1 12
1 1
1 6
21 44
1853 43
1 4
5 11
1 3
5 31
14 31
1 4
6 12
1 1
1 3
1 1
1 7
2 5
2 10
3 6
12 48
1 4
3 7
1 2
1 18
1 3
35 31
1 18
3799 211
4 8
1961 44
3 22
1 1
1 1
1 3
4 41
7 10
35 51
1 1
1 2
1 11
40 72
1 6
1547 38
1 7
1153 30
1 15
1 7
13 47
12 15
14 42
8 12
1 5
3280 94
1 4
9 38
2 9
9 15
2658 70
2078 47
2 3
1 2
1 2
1 1
3527 124
1 4
1 7
1 9
1 17
1 3
1 1
5 14
1 4
4 5
1 5
1 4
5 10
2 9
1 1
3712 143
2952 79
2 7
249 10
7 32
1 6
2940 81
2 17
1 10
9 11
3262 91
3361 105
1 5
2 15
1 2
6 27
9 19
1 1
1 3
9 20
22 13
1 51
1 3
1971 47
2540 61
1 2
1 4
1 4
1 2
2181 50
124 59
6 15
28 49
1 7
792 23
2 4
3741 150
7 11
1 3
538 19
11 9
1550 40
21 59
1 2
2 4
1 4
9 14
1506 37
1 32
2 3
1 5
6 15
1 2
8 13
4 10
1 5
1 2
2 38
2019 45
3 7
2 12
69 20
4 6
1 6
5 14
3809 169
5 20
1 4
1 4
3595 126
1 11
1 6
2 13
1 6
13 22
2 44
1 10
42 47
1 6
2761 74
2 11
1 19
14 37
1 1
1346 34
60 42
1 7
1082 29
138 56
2 10
6 10
1 6
4 15
1 3
4 6
1 6
1 2
6 38
1 3
1 4
3 25
1 2
1 5
1 17
4 8
1 4
5 11
1 19
1 5
1272 31
478 19
1 19
2995 80
1 2
1 2
2 6
15 48
5 12
2611 63
33 47
10 17
2 20
717 22
2441 60
2508 62
503 16
1 1
5 8
7 16
1 1
1 3
3 46
1 17
1 5
2 6
3580 122
2 16
37 21
49 77
3 41
1 4
19 22
1 3
1 5
1 6
1 1
3 5
3867 211
1 4
1 15
1 36
1 2
2 4
5 11
483 17
2 3
7 20
4 9
1 3
3 14
2 12
1 2
1 9
32 32
1 2
542 18
1 15
3172 88
1 12
1 3
1 1
5 9
18 29
1 5
21 27
2 6
2 5
1 2
3 11
6 6
2 7
2 5
16 20
3839 192
1 5
3464 108
1 38
31 64
9 26
3231 88
2 10
77 53
3344 98
663 21
2745 68
1 5
1 5
2642 66
1 6
1 7
1 4
1 3
1 3
2 3
1 11
2 10
2123 48
1 2
1 1
1 7
2 9
1 6
1 1
11 29
1 2
1 2
3 3
15 34
1212 32
1 16
3499 111
3 4
7 12
1 8
1 4
2005 47
1 10
1 2
1 6
1 5
905 25
5 13
2924 77
1 3
4 19
1 2
1 2
1 14
1 3
17 40
1 4
1829 42
1 13
1 11
14 25
1 3
3344 100
543 17
2 2
3234 91
1 10
2 10
2085 51
4 31
1 7
1 6
3 23
3141 86
4 11
1 11
5 23
1 9
38 52
2 12
1973 45
3582 118
2758 68
9 9
209 12
1 5
1 5
1 1
1 5
2 13
3 5
6 26
1 5
5 9
1 8
3330 101
1 1
2 18
1 8
1 5
1017 28
2321 56
1 3
1 7
4 5
1009 28
2165 54
3 9
1 1
1 5
1 2
288 12
2 6
8 15
2760 69
1 9
1 4
4 10
13 38
1 6
7 10
1 7
1 2
291 13
1 5
2 9
1 1
562 18
1 8
2 12
9 26
1 7
1024 29
16 25
1 2
3 6
13 14
17 24
19 25
2 6
1 1
2 4
2 5
2678 66
1 3
4 19
1 10
1 9
2 4
2 8
1 8
5 14
645 19
5 26
11 13
2591 64
250 11
38 52
1 5
1 10
6 17
454 16
1 5
1637 39
1273 33
3834 157
2512 60
1 5
1098 29
3426 108
10 17
110 52
2986 80
2 13
13 18
1 2
1 5
6 49
1 9
1 8
1 1
1 6
1 5
1 4
9 16
7 20
8 44
2 3
1 4
1 4
2724 67
172 11
2854 75
1 2
6 12
2 9
4 19
1 3
2021 47
7 11
1 3
3 6
15 18
1 2
1 1
4 8
1 10
1 2
1 4
1 22
3 15
4 9
3073 82
2 5
2275 55
1 7
4 6
1 3
3 16
4 6
1 2
2 7
1 1
1 4
13 68
1 3
1 1
1 7
7 23
1 13
6 12
8 15
2 4
1 2
652 21
1 4
7 30
1 17
2 20
1 3
14 68
6 13
3220 95
1 5
5 7
16 33
1 3
7 11
1893 43
3 7
1 4
3 17
855 25
15 48
1 8
1 3
1 1
1 3
1 6
1 5
1716 41
2282 56
320 13
1 9
1 42
1 44
5 49
2 5
1 8
2 4
1 1
2255 56
1 6
5 7
1 21
2 6
6 19
1 1
5 21
2301 55
3422 114
6 6
12 8
11 27
11 17
1 8
1 14
10 15
5 26
1 2
1 3
12 21
3 6
1 2
2 14
2527 64
3 10
1 6
35 36
1 5
1339 32
1 10
1 3
1 2
1 3
1 2
1 3
3629 135
1 2
2 11
1 3
1 7
1 2
26 40
1 2
1 14
2882 80
9 35
12 9
1 5
1 4
3 7
532 18
15 29
2099 49
3 5
1 7
1 5
2 5
13 31
1 3
52 69
4 9
1 8
1 7
6 13
897 27
1301 32
1 1
329 15
970 27
1 3
6 37
1 6
1 7
2449 57
1 6
2 4
3280 101
1910 46
7 10
3 5
1 7
599 20
1 2
1 1
5 31
2 51
1704 39
1 1
2 36
2277 53
5 9
1 4
3 14
1 3
16 18
1 4
1 1
2096 52
3 6
63 18
2469 59
1 3
1 17
2 14
3 9
6 14
1599 39
1 17
2513 60
4 15
1 12
11 16
4 4
2 7
4 5
44 46
3 23
3 18
3 13
6 10
1 7
3403 109
1 4
1 3
1 2
1587 37
1 2
1 5
3 12
1434 34
1 6
1 3
13 60
1696 40
1 3
1 2
1 4
3898 214
7 18
1 3
134 23
5 43
1 3
1 38
2 5
1 4
10 53
1920 45
10 5
2 10
2082 50
10 15
3 11
1 6
2986 83
1 13
1 7
1 6
816 24
1 4
13 56
1 3
1 2
4 8
3388 120
3 11
1 7
3 14
5 20
1 9
2477 61
1 3
3605 128
6 6
4 7
2 9
1 1
4 14
1 10
2056 46
2685 65
1 1
1 3
1734 42
2 3
3 5
1 33
1 2
5 7
3 4
1 3
1 4
1 2
1 22
1 5
1 1
1 2
1 3
1 1
8 28
1 3
4 5
6 7
2 5
1 2
1 4
1 5
699 21
7 47
3 9
1 10
209 12
2 15
5 18
1796 44
1 1
14 47
2543 64
7 10
1 16
37 69
1 12
3321 101
3 9
1 3
1 3
1 2
4 8
16 17
1 7
3427 110
8 21
1 1
2202 51
5 15
1 4
746 22
1 11
2130 49
7 25
1 4
1 4
1 15
6 16
1 3
1 42
3410 105
19 52
11 23
12 17
2 6
1 1
1 2
3294 94
1 3
4 5
1 3
3 8
2637 65
11 19
1 6
1 1
1 2
3 17
1 2
1 27
2324 54
7 25
3865 178
1 4
1 14
3257 95
2170 52
1361 32
1015 27
2 10
1 11
1 2
17 29
66 14
1 3
8 15
6 22
8 9
4 7
3 6
1 3
3 5
1 4
1 4
1 7
753 23
1 29
1 6
2392 56
2 3
1 2
1 6
1 2
3140 91
2 19
1 5
6 28
1 1
1 1
2 8
4 11
46 71
1 3
1 3
11 21
1 4
10 28
2025 48
1 1
23 47
3157 88
1 6
7 29
3 10
21 50
8 17
2172 50
1 2
4 14
5 29
7 8
684 22
1 2
10 34
3 31
1 3
7 16
1 9
1 2
1 6
1 2
1 3
603 21
1 2
2 9
3140 85
4 6
1041 29
10 15
1 2
1174 30
1 11
6 20
1 6
1 4
2975 78
7 22
510 17
2 3
1 2
2 8
3 25
1 3
1 3
29 9
27 36
2 13
6 13
2 2
15 34
2 2
1 6
3139 86
2136 53
1 2
9 21
2 3
6 18
2 2
292 13
1 45
7 15
10 13
2 6
2 3
2 4
3493 123
2 8
15 47
3 8
1 6
1 6
1 11
1 2
1 2
7 14
3 7
1 1
3 7
1 2
2 6
34 50
2 2
1 3
1 2
2408 59
1 4
4 7
1 1
673 21
1 1
1 3
2 17
3 5
3135 92
52 61
406 16
3 40
1 1
7 10
1 1
1 3
8 39
5 16
7 34
1 2
3 5
13 45
11 18
1 6
1 2
2 8
547 18
2 10
8 21
2 3
6 10
1 1
1 9
9 10
4 25
1 5
8 26
11 33
2 2
18 21
1 7
1 3
1 3
663 23
1 2
1 14
11 26
1 3
1066 28
3036 82
1 7
298 12
1 12
1 2
1 4
2482 58
2 7
4 6
5 9
16 42
11 23
2 4
17 30
2 4
2 3
1 4
1 2
1 2
2 18
1 20
4 7
3392 111
2271 53
1 9
5 13
1 17
1 7
17 46
2 2
6 15
1 6
1407 34
3 5
1 2
3 11
3 17
1 36
3 11
1 21
1 13
2315 56
3 3
1 6
3 21
2 17
1 6
2 3
19 32
1 1
1 3
1 4
2 11
2 2
4 5
1 3
5 25
3 3
2 7
1 2
2 25
945 27
2 12
1 3
2 5
34 91
2 4
9 39
2 5
2 10
1 1
1971 46
5 34
1 2
21 39
1 3
2 26
1 4
1 1
2 4
938 26
1 2
17 22
1 4
1 2
1075 29
1 4
2 4
1 4
1 4
4 6
7 48
3044 85
1 2
3 9
1 7
1 5
33 25
1 3
2 23
1 3
2 3
2930 75
1 1
25 49
1 2
1 1
3 4
2 10
2 20
1 7
294 15
1 8
3 5
1 5
8 18
1 4
2 6
3 10
3 12
8 10
5 8
2498 59
4 22
3 5
9 18
2 4
1 3
2839 70
1979 47
2 4
9 40
4 15
5 5
2 3
1 4
2 3
9 10
1 3
576 18
1 12
2 10
1009 28
1 3
2 10
1 23
5 8
4 28
1809 43
580 20
7 18
1 12
1 1
1 5
2 3
4 20
4 7
10 13
4 16
1 2
1 1
6 17
2 8
3262 105
1 18
2034 48
37 83
1 3
4 23
8 23
5 16
685 22
2 28
1 4
2 13
1 4
1 5
2 6
9 51
5 11
1 5
3751 161
4 7
2 4
1 1
337 15
1 1
11 51
2 5
1 1
1 4
2 11
1 4
1 1
2927 75
1 1
1 3
2 21
2563 67
1 13
1 1
19 23
614 21
3530 118
1 4
2 2
3419 114
5 12
1 2
1386 34
885 24
7 30
3 4
10 20
2 27
1 4
1 2
1 3
325 14
10 32
40 51
4 38
1 17
3529 130
14 20
1 2
1864 43
2 3
1601 38
7 7
17 48
2 21
1 3
1 3
1 3
1 4
5 17
1721 40
14 18
2 8
2 3
8 22
8 9
483 17
3135 89
7 18
4 6
2 5
1 1
36 52
3 48
2 7
408 15
1 3
18 23
1 6
21 25
2 10
1 4
7 9
1 3
9 48
22 28
2 3
3 8
1 2
1 3
1 2
3068 81
1 5
1868 43
5 46
1 1
2 9
1 2
18 19
3 5
6 6
2 15
12 22
1 4
2 7
1213 30
5 16
2 9
562 19
10 73
3896 224
1 5
5 8
4 4
5 27
2446 59
4 28
3 28
1 2
1 1
1 3
2 4
7 9
11 14
1 3
1 2
4 15
1 3
1 3
2 31
2 4
2 3
3 8
1 3
2 24
2 4
17 23
7 41
4 6
6 9
2 12
19 19
2 7
76 75
2 3
1 3
4 5
7 28
37 64
2943 80
3883 256
33 29
1 13
2 24
1872 43
2 31
2161 51
1 4
6 9
1 7
1 2
1 3
2 6
2 2
2 9
3 18
23 11
1 7
4 6
1 12
2 5
4 17
1 2
1687 42
1099 29
4 29
1576 38
9 11
6 8
7 8
1 1
2 31
5 4
2 3
2 4
2 10
3354 104
3829 185
997 28
1 17
2 3
8 15
3 8
884 25
1 7
87 65
7 35
1 2
5 8
452 16
2 25
2 3
2 2
1 5
4 18
1 4
3075 84
1769 42
2 2
1072 28
2 13
2 5
1 5
3 10
537 19
14 25
2 3
2774 72
580 18
1 4
1 4
1 2
2 8
1 1
10 22
1945 46
1 4
2 4
1 2
2 10
12 22
4 9
3242 93
16 17
4 5
2 31
1 1
3 16
3482 108
1 3
16 13
1 1
1 3
2 3
2801 70
3292 102
11 31
4 8
1 2
2116 48
5 18
3147 86
2 24
55 10
1 12
1 2
928 25
6 41
600 19
1 1
2 4
1 1
2 3
2 2
1 3
6 11
3671 133
31 47
2235 51
7 11
4 12
1611 37
1 2
5 18
1 5
12 19
1930 45
3123 85
2 4
1497 36
3475 110
2 2
3 7
5 14
1038 28
1 1
6 32
1531 39
1 7
31 43
2 8
2 5
1 4
6 26
1260 32
3285 100
8 45
1 2
1 7
1 5
1361 32
33 63
2 6
2 10
4 47
2 18
3 5
540 19
1397 36
2 2
23 26
6 11
3 7
1 2
1 2
40 102
2 2
1 2
3152 84
2 6
4 7
5 10
2 4
2733 65
1 1
14 44
2 7
3 8
2672 68
3061 81
13 39
2 3
2 3
1 2
1 1
1 1
1 6
1216 31
4 11
2 9
2 9
8 10
4 6
2 40
2712 67
2 10
1862 42
1994 46
52 28
5 22
2 6
1 2
2 3
1 6
13 17
26 18
2 9
1 1
1 6
1 12
22 35
2707 68
1 4
4 17
2 6
1 29
3705 150
1 5
3426 106
1996 47
3 12
1 4
3265 92
1 3
1 22
13 16
1 9
4 8
2478 59
1 6
6 24
1 8
1 35
2773 69
479 16
3579 127
2 3
7 9
1 5
1 2
16 37
2 2
1 6
1 1
1 7
1 11
1 3
288 12
3 10
2 11
2 4
1 4
2001 46
2570 67
16 8
2 15
9 35
3 7
24 26
3 11
1 2
3521 125
2 2
1 23
2 11
1 5
2 13
2 8
9 46
3 9
3 11
2 4
2 43
8 14
1 2
1604 38
1 9
2 15
1 7
1 14
2 2
2 3
10 14
2 5
1 2
2984 78
1581 37
2194 50
1 2
2 4
1 12
2 10
1 6
1 9
1 2
2 3
1 11
1548 39
1282 33
1 5
1 3
2115 52
3 3
2 3
5 13
1 3
2 8
6 15
1 2
1 2
4 23
1 3
4 5
87 21
4 13
2835 72
1 8
3 12
1 4
1 3
2522 62
2 8
1 9
5 28
2496 61
2 3
2 6
7 28
3 8
2 5
9 17
3 12
2613 65
2335 55
1921 44
1 3
3525 119
3716 147
1 12
2404 57
911 26
1 2
3 6
1 6
1 1
8 20
1 15
521 19
1 8
3 22
9 19
1 2
2 4
6 8
4 12
1 1
1 6
1 2
2 5
9 36
2 21
4 7
1 4
77 57
1 1
1 8
1 2
7 16
758 22
3 6
19 37
3 9
1 3
2 9
1 2
1 2
1 5
2 2
1 1
3 4
2344 53
6 10
8 46
1 14
2983 80
31 34
2 3
1 1
1 16
306 12
3875 222
2823 72
743 21
2 7
3 11
8 18
2 22
1049 28
8 10
1 1
1 7
1 3
2 44
1 3
4 6
1137 29
3 23
1 2
5 11
1749 42
3828 208
24 34
2 5
5 15
2 46
18 37
24 66
3 7
133 62
5 37
1 1
2 6
2 2
4 13
6 30
2 9
3397 100
2 2
3338 112
2 5
6 13
2 6
2 9
2 23
2 4
2463 59
6 19
3411 105
1 21
2200 52
4 13
1 5
6 23
3044 80
2 5
1221 32
1429 36
4 8
2 6
9 22
2 13
4 14
2 26
2116 47
2 35
1 7
7 19
2475 61
3031 82
9 19
922 26
2 18
1 7
2490 59
2304 55
2957 76
3566 119
2228 52
3482 112
2870 75
981 27
3 21
2 2
19 52
2 17
2 2
2889 76
1 3
3 10
2 5
28 80
2 3
2 12
3 7
3 14
1945 45
2 5
2 9
4 19
1752 41
2 4
14 32
1 4
1 3
1 3
1 1
2 4
702 21
1 3
1 2
3 9
1 2
1 2
2123 50
2 9
2 24
2 4
2098 48
12 18
1 4
6 13
5 11
1 2
1992 47
2 6
2 9
1 3
2 12
1 7
2 6
3 11
2 9
3 7
1326 34
6 12
1 1
16 36
21 24
11 13
1456 35
3 16
12 29
2 2
1 13
404 15
3 29
3 17
4 32
1 2
16 24
3 9
3405 109
2 7
2 3
1 1
26 37
6 13
1974 46
3 6
8 12
2018 48
1 3
1 14
2245 53
2 9
1 4
1 3
1 2
4 21
3061 82
2 4
2 5
1192 31
2 3
5 13
1 2
1 10
3 10
19 34
2275 53
89 19
2153 51
26 55
3241 93
2 4
2 4
3655 138
12 28
1 18
1 1
2 4
2348 56
1 3
1 4
2 11
2 7
1 1
2 7
7 15
3159 85
4 6
3 5
1 1
4 10
3060 82
2614 65
4 4
2242 52
2 3
6 13
1647 40
22 45
8 34
1136 30
1 1
2919 75
2378 58
1 13
1 2
2761 69
2 20
2 4
1 2
3 16
1 7
2816 78
2211 53
2993 77
12 13
2 43
3358 99
3 8
2 5
1 1
2 17
1258 34
11 22
4 4
1 2
930 28
2 13
2 11
1 1
2 3
4 7
5 10
1 1
64 42
1 1
1 1
492 18
3 12
1 5
2 10
118 43
5 15
1 4
4 11
3163 88
1 1
1 1
2 30
11 7
2 3
1 1
14 22
2 6
1 3
3 8
1251 32
2 17
1 2
1 2
2145 49
2 4
1 4
8 31
1249 34
4 13
778 23
1906 45
1 2
6 17
3114 91
1 3
1 6
2 22
4 40
1153 30
5 28
2 3
2514 65
1 2
1 2
8 19
2431 60
2 4
1 1
5 37
2 41
1 2
7 19
2 2
12 23
1 2
1 1
1 7
2 4
2 8
6 37
11 17
2662 71
1960 48
8 41
2 29
7 13
1 1
1 2
46 53
10 19
1173 29
179 70
3497 117
17 22
3 12
8 40
2 19
7 23
1146 30
1929 44
2 5
4 35
9 41
1974 46
423 18
1 2
1 4
8 35
1 5
1826 44
1 4
4 4
7 39
362 14
1229 32
43 105
46 76
2 5
4 8
2 12
7 45
1 5
2 5
3428 112
1 3
5 7
1 1
2 2
2 7
2160 51
2152 53
2 2
1 2
1 3
5 8
403 17
2 4
1 3
1 4
2 7
2475 62
1 1
2 30
1 3
32 48
1754 41
1 5
1 7
962 28
1039 29
1 3
2 3
2 4
1 2
3 5
1 2
42 105
32 47
1121 28
928 26
10 10
1 1
1 7
1 5
1 9
1 3
2 2
186 12
1 1
3878 258
1 1
1885 43
3 26
17 38
3153 92
7 17
3302 99
4 23
265 129
3552 124
1 3
2 3
4 6
3 4
40 69
2834 71
1084 29
47 76
34 47
2 3
1 3
1 3
1 3
24 85
1 3
2644 65
3 7
945 26
31 35
1334 34
1 4
2103 48
7 10
2116 49
85 12
2 5
546 18
2271 57
12 42
2 4
2 2
3 6
1 3
4 17
2 2
1 7
2 3
4 17
416 17
3 8
1 2
1 4
1 3
1 7
1445 37
2 12
43 78
116 40
2 7
2 8
1 3
14 36
1 1
4 5
1 1
2955 76
970 27
1 5
2 4
4 12
1 2
1273 32
2 4
1 8
7 32
3 8
1379 33
2 6
2 6
5 6
3 5
7 11
3 5
399 15
1 4
2 5
2443 59
9 28
359 16
2 18
2 7
1 2
1 41
2 12
1 4
1 3
972 28
142 24
1 4
1 3
1 2
11 20
3705 147
8 12
36 50
974 27
2 4
1 4
3797 182
1 2
1272 32
2 15
744 23
11 21
1 1
1 5
2 5
2 29
1 2
1 1
3199 102
4 8
1889 43
1497 37
40 13
14 22
11 23
2 14
3 5
1 2
17 27
7 18
2 10
5 34
2349 55
1 3
1 2
1 1
270 13
2852 79
2 2
2 3
3 12
2 5
1 1
864 24
2902 73
1131 31
2356 60
8 21
2 3
1 3
2 2
2 11
3 3
25 49
1257 31
1 3
2 2
1926 43
1 7
1 2
1 30
1128 29
1471 38
2 4
1 2
788 24
2 7
231 11
462 17
1 4
1 5
1 3
1 21
1 2
2 13
13 9
3660 132
1 2
1974 45
3479 112
91 59
2 6
1 3
5 13
1493 36
1444 36
14 66
6 10
1988 45
1 2
3 3
1 7
1 1
2 5
1 9
5 19
7 22
2 7
1 1
1 5
3404 118
3 9
2994 85
2 2
5 6
1 4
1 4
1 3
1 5
12 39
1 10
1 2
14 38
4 8
2 4
3 13
1 2
5 6
1 2
1 17
2 6
1 3
1614 39
6 33
4 4
1958 48
5 8
1 1
2546 62
13 16
1 3
5 8
1 2
1 2
1321 33
2 26
6 26
1 2
2 11
2 3
2 5
1 42
1 6
3065 80
5 11
16 49
12 31
1 2
3 27
1 3
1 3
1 1
1 5
1544 37
1 4
2 6
1 2
10 10
2 11
2 5
1 7
17 26
2 6
17 42
2669 70
1 1
1 5
2 2
1 1
1 4
2954 77
2 3
2 10
2 6
3 4
1167 32
79 47
2 5
3 8
356 15
1 6
1 3
1 5
6 18
1 4
2 3
154 29
1844 42
2782 72
6 15
2 5
22 35
2 9
572 20
1 7
4 8
26 66
1875 46
3 6
1 2
5 9
