8 0 0 0 nan nan nan 1
6 0 0 0 nan nan nan 1
2 3348 0 10 0.554958 1.55503 inf 4
3 6696 0 11 0.556452 1.56195 inf 4
4 10044 0 11 0.549184 1.56559 inf 4
5 13392 0 18 0.546147 1.56746 inf 4
8 13392 0 18 0.546147 1.56746 inf 4
2 16740 0 18 0.541756 1.57502 inf 4
4 20088 0 18 0.537684 1.57489 inf 4
2 23436 0 18 0.534989 1.57644 inf 4
4 26784 0 18 0.530802 1.57667 inf 4
2 30132 0 18 0.524227 1.57533 inf 5
3 33480 0 18 0.522043 1.58024 inf 5
4 36828 0 18 0.520745 1.58476 inf 5
2 40176 0 18 0.519215 1.59003 inf 5
5 43524 0 18 0.518863 1.59309 inf 5
6 46872 0 18 0.515553 1.59149 inf 5
6 46872 0 18 0.515553 1.59149 inf 5
2 50220 0 18 0.513063 1.59471 inf 5
4 53568 0 18 0.512209 1.59636 inf 5
4 56916 0 18 0.510718 1.59638 inf 5
9 60264 0 18 0.510305 1.60184 inf 5
9 60264 0 18 0.510305 1.60184 inf 5
6 63612 0 18 0.509762 1.60491 inf 5
7 63612 0 18 0.509762 1.60491 inf 5
3 66960 0 18 0.509349 1.60766 inf 5
3 70308 0 18 0.508961 1.61195 inf 5
6 70308 0 18 0.508961 1.61195 inf 5
5 73656 0 18 0.508078 1.61632 inf 5
2 77004 0 19 0.507714 1.621 inf 5
7 80352 0 20 0.506783 1.62449 inf 5
5 83700 0 23 0.506547 1.62924 inf 5
8 83700 0 23 0.506547 1.62924 inf 5
3 87048 0 23 0.506663 1.63268 inf 5
4 87048 0 23 0.506663 1.63268 inf 5
5 90396 0 23 0.50635 1.63836 inf 5
2 93744 0 23 0.505718 1.64045 inf 5
5 97092 0 23 0.504542 1.64268 inf 5
5 100440 0 23 0.503903 1.64731 inf 5
3 103788 0 23 0.503719 1.65108 inf 5
4 103788 0 23 0.503719 1.65108 inf 5
5 107136 0 23 0.503192 1.65468 inf 5
5 107136 0 23 0.503192 1.65468 inf 5
9 110484 0 23 0.502706 1.65857 inf 5
3 113832 0 23 0.502671 1.6614 inf 5
6 117180 0 23 0.502193 1.66491 inf 5
3 120528 0 23 0.501817 1.66931 inf 5
4 120528 0 23 0.501817 1.66931 inf 5
3 123876 0 23 0.501187 1.67244 inf 5
6 123876 0 23 0.501187 1.67244 inf 5
10 127224 0 23 0.500841 1.67673 inf 5
11 127224 0 23 0.500841 1.67673 inf 5
3 130572 0 23 0.500613 1.68153 inf 5
5 133920 0 23 0.500179 1.68509 inf 5
1 137268 0 26 0.499811 1.6897 inf 5
5 140616 0 35 0.499452 1.69376 inf 5
5 143964 0 35 0.499417 1.6976 inf 6
11 143964 0 35 0.499417 1.6976 inf 6
3 147312 0 36 0.49926 1.70251 inf 6
12 150660 0 36 0.498998 1.70659 inf 6
12 150660 0 36 0.498998 1.70659 inf 6
2 154008 0 36 0.498597 1.71106 inf 6
3 154008 0 36 0.498597 1.71106 inf 6
9 157356 0 36 0.498583 1.71595 inf 6
4 160704 0 36 0.498351 1.72116 inf 6
6 164052 0 36 0.498446 1.72664 inf 6
10 164052 0 36 0.498446 1.72664 inf 6
5 167400 0 37 0.49868 1.73286 inf 6
8 167400 0 37 0.49868 1.73286 inf 6
2 170748 0 37 0.498325 1.73864 inf 6
5 174096 0 37 0.498053 1.74294 inf 6
6 174096 0 37 0.498053 1.74294 inf 6
6 177444 0 37 0.497791 1.74898 inf 6
8 180792 0 37 0.497738 1.75482 inf 6
14 184140 0 37 0.497703 1.76067 inf 6
14 184140 0 37 0.497703 1.76067 inf 6
4 187488 0 37 0.497248 1.76558 inf 6
4 187488 0 37 0.497248 1.76558 inf 6
5 190836 0 39 0.497029 1.77236 inf 6
2 194184 0 39 0.497147 1.77981 inf 6
4 197532 0 39 0.497044 1.78534 inf 6
3 200880 0 39 0.497337 1.79122 inf 6
14 204228 0 39 0.497233 1.79718 inf 6
2 207576 0 39 0.496792 1.8018 inf 6
3 210924 0 40 0.496819 1.80866 inf 6
2 214272 0 40 0.496934 1.81531 inf 6
5 217620 0 40 0.497013 1.82335 inf 6
2 220968 0 40 0.496832 1.83047 inf 6
4 220968 0 40 0.496832 1.83047 inf 6
5 224316 0 40 0.496665 1.83725 inf 6
3 227664 0 41 0.496622 1.84409 inf 6
4 231012 0 41 0.496727 1.85192 inf 6
4 234360 0 42 0.496732 1.85994 inf 6
4 234360 0 42 0.496732 1.85994 inf 6
2 234360 0 42 0.496732 1.85994 inf 6
4 237708 0 54 0.496239 1.866 inf 6
3 241056 0 54 0.49625 1.87378 inf 7
0 241988 0 54 0.496273 1.87589 inf 7
