8 0 0 0 nan nan nan 1
9 10 0 3 0.4 1 inf 2
8 20 0 5 0.4 1 inf 2
5 30 0 5 0.433333 1 inf 2
4 40 0 5 0.375 1 inf 2
9 50 0 5 0.36 1 inf 2
7 60 0 5 0.333333 1 inf 2
9 70 0 7 0.3 1 inf 2
5 80 0 8 0.3125 1 inf 2
8 90 0 8 0.277778 1 inf 2
9 100 0 8 0.27 1 inf 2
5 110 0 8 0.281818 1 inf 2
6 120 0 8 0.266667 1 inf 2
7 130 0 9 0.253846 1 inf 2
6 140 0 13 0.242857 1 inf 2
10 150 0 13 0.233333 1 inf 2
5 160 0 13 0.2375 1 inf 2
11 170 0 13 0.235294 1 inf 2
11 170 0 13 0.235294 1 inf 2
0 170 0 13 0.235294 1 inf 2
