5 0 0 0 nan nan nan 1
35 10 0 9 0.1 1 inf 1
8 20 0 15 0.25 1 inf 2
14 30 0 15 0.166667 1 inf 2
23 40 0 15 0.125 1 inf 2
29 50 0 15 0.1 1 inf 2
38 60 0 15 0.0833333 1 inf 2
44 70 0 15 0.0714286 1 inf 2
53 80 0 15 0.0625 1 inf 2
5 80 0 15 0.0625 1 inf 2
11 90 0 15 0.1 1 inf 2
20 100 0 15 0.09 1 inf 2
26 110 0 15 0.0818182 1 inf 2
35 120 0 15 0.075 1 inf 2
41 130 0 15 0.0692308 1 inf 2
50 140 0 15 0.0642857 1 inf 2
8 150 0 15 0.0866667 1 inf 2
17 160 0 15 0.08125 1 inf 2
23 170 0 15 0.0764706 1 inf 2
32 180 0 15 0.0722222 1 inf 2
38 190 0 15 0.0684211 1 inf 2
45 200 0 15 0.065 1 inf 2
5 210 0 15 0.0714286 1 inf 2
14 220 0 15 0.0772727 1 inf 2
20 230 0 15 0.073913 1 inf 2
29 240 0 15 0.0708333 1 inf 2
35 250 0 15 0.068 1 inf 2
44 260 0 15 0.0653846 1 inf 2
50 270 0 15 0.062963 1 inf 2
11 280 0 15 0.0714286 1 inf 2
23 290 0 15 0.0689655 1 inf 2
32 300 0 15 0.0666667 1 inf 2
41 310 0 15 0.0645161 1 inf 2
51 320 0 15 0.0625 1 inf 2
5 320 0 15 0.0625 1 inf 2
20 330 0 15 0.0666667 1 inf 2
33 340 0 15 0.0647059 1 inf 2
48 350 0 15 0.0628571 1 inf 2
11 360 0 15 0.0722222 1 inf 2
17 370 0 15 0.0702703 1 inf 2
25 380 0 15 0.0684211 1 inf 2
32 390 0 15 0.0666667 1 inf 2
39 400 0 15 0.065 1 inf 2
47 410 0 15 0.0634146 1 inf 2
8 420 0 15 0.0714286 1 inf 2
14 430 0 15 0.0697674 1 inf 2
23 440 0 15 0.0681818 1 inf 2
29 450 0 15 0.0666667 1 inf 2
38 460 0 15 0.0652174 1 inf 2
44 470 0 15 0.0638298 1 inf 2
51 480 0 15 0.0625 1 inf 2
5 480 0 15 0.0625 1 inf 2
11 490 0 15 0.0693878 1 inf 2
18 500 0 15 0.068 1 inf 2
25 510 0 15 0.0666667 1 inf 2
32 520 0 15 0.0653846 1 inf 2
40 530 0 15 0.0641509 1 inf 2
47 540 0 15 0.062963 1 inf 2
8 550 0 16 0.0672727 1 inf 2
20 560 0 16 0.0660714 1 inf 2
29 570 0 16 0.0649123 1 inf 2
38 580 0 16 0.0637931 1 inf 2
50 590 0 16 0.0627119 1 inf 2
14 600 0 16 0.065 1 inf 2
29 610 0 16 0.0639344 1 inf 2
43 620 0 16 0.0629032 1 inf 2
8 630 0 16 0.068254 1 inf 2
14 640 0 16 0.0671875 1 inf 2
23 650 0 16 0.0661538 1 inf 2
29 660 0 16 0.0651515 1 inf 2
36 670 0 16 0.0641791 1 inf 2
44 680 0 16 0.0632353 1 inf 2
51 690 0 16 0.0623188 1 inf 2
5 690 0 16 0.0623188 1 inf 2
11 700 0 16 0.0671429 1 inf 2
19 710 0 16 0.0661972 1 inf 2
26 720 0 16 0.0652778 1 inf 2
33 730 0 16 0.0643836 1 inf 2
41 740 0 16 0.0635135 1 inf 2
48 750 0 16 0.0626667 1 inf 2
11 760 0 16 0.0657895 1 inf 2
20 770 0 16 0.0649351 1 inf 2
29 780 0 16 0.0641026 1 inf 2
41 790 0 16 0.0632911 1 inf 2
50 800 0 16 0.0625 1 inf 2
11 810 0 16 0.0654321 1 inf 2
23 820 0 16 0.0646341 1 inf 2
32 830 0 16 0.0638554 1 inf 2
41 840 0 16 0.0630952 1 inf 2
51 850 0 16 0.0623529 1 inf 2
5 850 0 16 0.0623529 1 inf 2
14 860 0 16 0.0651163 1 inf 2
23 870 0 16 0.0643678 1 inf 2
33 880 0 16 0.0636364 1 inf 2
44 890 0 16 0.0629213 1 inf 2
5 900 0 16 0.0644444 1 inf 2
16 910 0 16 0.0648352 1 inf 2
26 920 0 16 0.0641304 1 inf 2
35 930 0 16 0.0634409 1 inf 2
44 940 0 16 0.062766 1 inf 2
8 950 0 16 0.0642105 1 inf 2
23 960 0 16 0.0635417 1 inf 2
38 970 0 16 0.0628866 1 inf 2
5 980 0 16 0.0632653 1 inf 2
11 990 0 16 0.0656566 1 inf 2
20 1000 0 16 0.065 1 inf 2
26 1010 0 16 0.0643564 1 inf 2
35 1020 0 16 0.0637255 1 inf 2
41 1030 0 16 0.0631068 1 inf 2
50 1040 0 16 0.0625 1 inf 2
8 1050 0 16 0.0657143 1 inf 2
17 1060 0 16 0.0650943 1 inf 2
23 1070 0 16 0.064486 1 inf 2
31 1080 0 16 0.0638889 1 inf 2
38 1090 0 16 0.0633028 1 inf 2
45 1100 0 16 0.0627273 1 inf 2
5 1110 0 16 0.063964 1 inf 2
12 1120 0 16 0.0651786 1 inf 2
20 1130 0 16 0.0646018 1 inf 2
27 1140 0 16 0.0640351 1 inf 2
35 1150 0 16 0.0634783 1 inf 2
42 1160 0 16 0.062931 1 inf 2
50 1170 0 16 0.0623932 1 inf 2
17 1180 0 16 0.0635593 1 inf 2
32 1190 0 16 0.0630252 1 inf 2
47 1200 0 16 0.0625 1 inf 2
11 1210 0 16 0.0644628 1 inf 2
20 1220 0 16 0.0639344 1 inf 2
29 1230 0 16 0.0634146 1 inf 2
41 1240 0 16 0.0629032 1 inf 2
50 1250 0 16 0.0624 1 inf 2
11 1260 0 16 0.0642857 1 inf 2
23 1270 0 16 0.0637795 1 inf 2
32 1280 0 16 0.0632812 1 inf 2
41 1290 0 16 0.0627907 1 inf 2
51 1300 0 16 0.0623077 1 inf 2
5 1300 0 16 0.0623077 1 inf 2
35 1310 0 16 0.0625954 1 inf 2
8 1320 0 16 0.0643939 1 inf 2
17 1330 0 16 0.0639098 1 inf 2
28 1340 0 16 0.0634328 1 inf 2
38 1350 0 16 0.062963 1 inf 2
47 1360 0 16 0.0625 1 inf 2
14 1370 0 16 0.0635036 1 inf 2
29 1380 0 16 0.0630435 1 inf 2
43 1390 0 16 0.0625899 1 inf 2
8 1400 0 16 0.0642857 1 inf 2
17 1410 0 16 0.0638298 1 inf 2
29 1420 0 16 0.0633803 1 inf 2
38 1430 0 16 0.0629371 1 inf 2
47 1440 0 16 0.0625 1 inf 2
14 1450 0 16 0.0634483 1 inf 2
29 1460 0 16 0.0630137 1 inf 2
44 1470 0 16 0.062585 1 inf 2
11 1480 0 16 0.0635135 1 inf 2
24 1490 0 16 0.0630872 1 inf 2
39 1500 0 16 0.0626667 1 inf 2
5 1510 0 16 0.0635762 1 inf 2
17 1520 0 16 0.0638158 1 inf 2
26 1530 0 16 0.0633987 1 inf 2
35 1540 0 16 0.062987 1 inf 2
45 1550 0 16 0.0625806 1 inf 2
8 1560 0 16 0.0641026 1 inf 2
17 1570 0 16 0.0636943 1 inf 2
29 1580 0 16 0.0632911 1 inf 2
38 1590 0 16 0.0628931 1 inf 2
47 1600 0 16 0.0625 1 inf 2
14 1610 0 16 0.063354 1 inf 2
29 1620 0 16 0.062963 1 inf 2
43 1630 0 16 0.0625767 1 inf 2
11 1640 0 16 0.0634146 1 inf 2
26 1650 0 16 0.0630303 1 inf 2
40 1660 0 16 0.0626506 1 inf 2
0 1668 0 16 0.0623501 1 inf 2
