334863
1 0 0 0 nan nan nan 1
1 3348 0 2 0.983274 1.03571 inf 3
1 6696 0 3 0.968787 1.03828 inf 3
1 10044 0 3 0.956591 1.05734 inf 3
1 13392 0 4 0.946386 1.06685 inf 3
1 16740 0 4 0.934588 1.08128 inf 3
1 20088 0 4 0.922889 1.08844 inf 3
1 23436 0 4 0.908687 1.10234 inf 3
1 26784 0 5 0.895684 1.12348 inf 3
2 30132 0 6 0.885305 1.13744 inf 3
2 33480 0 7 0.87951 1.13882 inf 3
2 36828 0 7 0.872054 1.14559 inf 3
2 40176 0 7 0.865069 1.14739 inf 3
2 43524 0 9 0.857458 1.15119 inf 4
2 46872 0 10 0.849825 1.1621 inf 4
2 50220 0 10 0.841955 1.16795 inf 4
2 53568 0 10 0.835611 1.17522 inf 4
2 56916 0 11 0.827043 1.18438 inf 4
2 60264 0 11 0.818615 1.19157 inf 4
2 63612 0 11 0.810036 1.20151 inf 4
2 66960 0 11 0.803166 1.21373 inf 4
2 70308 0 11 0.795187 1.22792 inf 4
3 73656 0 11 0.789535 1.23861 inf 4
3 77004 0 11 0.785777 1.24176 inf 4
3 80352 0 11 0.782171 1.24402 inf 4
2 83700 0 11 0.777814 1.24832 inf 4
3 87048 0 11 0.773504 1.25512 inf 4
3 90396 0 11 0.770001 1.25718 inf 4
3 93744 0 12 0.765606 1.26196 inf 4
3 97092 0 12 0.76205 1.26771 inf 4
3 100440 0 12 0.757975 1.27035 inf 4
3 103788 0 13 0.753392 1.27494 inf 4
3 107136 0 13 0.749179 1.27843 inf 4
3 110484 0 15 0.744515 1.28211 inf 4
3 113832 0 15 0.740275 1.28639 inf 4
3 117180 0 15 0.73626 1.29041 inf 4
3 120528 0 15 0.732286 1.29563 inf 4
3 123876 0 15 0.728575 1.30075 inf 4
3 127224 0 15 0.724698 1.30787 inf 4
4 130572 0 15 0.721449 1.3139 inf 4
4 133920 0 15 0.719183 1.31678 inf 4
4 137268 0 15 0.717159 1.3192 inf 4
4 140616 0 15 0.714435 1.32188 inf 5
4 143964 0 15 0.711678 1.32567 inf 5
4 147312 0 15 0.709053 1.32863 inf 5
3 150660 0 15 0.706598 1.33146 inf 5
4 154008 0 15 0.703782 1.33424 inf 5
3 157356 0 15 0.701778 1.33746 inf 5
4 160704 0 15 0.699323 1.34073 inf 5
4 164052 0 15 0.696444 1.34509 inf 5
4 167400 0 17 0.693656 1.34858 inf 5
4 170748 0 17 0.690667 1.35289 inf 5
4 174096 0 17 0.687454 1.35808 inf 5
4 177444 0 17 0.684424 1.36173 inf 5
4 180792 0 17 0.681402 1.36604 inf 5
