1 0 0 0 nan nan nan 1
1 3348 0 0 1 nan inf 2
1 6696 0 0 1 nan inf 2
1 10044 0 0 1 nan inf 2
1 13392 0 0 1 nan inf 2
1 16740 0 0 1 nan inf 2
1 20088 0 0 1 nan inf 2
1 23436 0 0 1 nan inf 2
2 26784 0 2 0.997499 1 inf 2
2 30132 0 2 0.989015 1.02115 inf 3
2 33480 0 2 0.980735 1.01705 inf 3
2 36828 0 3 0.973308 1.01933 inf 3
2 40176 0 3 0.966746 1.02395 inf 3
2 43524 0 3 0.959746 1.0274 inf 3
2 46872 0 3 0.952616 1.03152 inf 3
2 50220 0 3 0.945998 1.0354 inf 3
2 53568 0 3 0.939647 1.03897 inf 3
2 56916 0 3 0.932971 1.04273 inf 3
2 60264 0 3 0.926042 1.04398 inf 3
3 63612 0 3 0.920298 1.0503 inf 3
3 66960 0 4 0.915233 1.06554 inf 3
3 70308 0 4 0.910295 1.07753 inf 3
3 73656 0 4 0.905751 1.08989 inf 3
3 77004 0 4 0.900512 1.09986 inf 3
3 80352 0 4 0.895659 1.10842 inf 3
3 83700 0 4 0.890896 1.11421 inf 3
3 87048 0 4 0.886155 1.11927 inf 3
3 90396 0 4 0.881178 1.12531 inf 3
3 93744 0 5 0.876035 1.13157 inf 3
3 97092 0 5 0.871627 1.13695 inf 3
1 100440 0 5 0.866945 1.1424 inf 4
3 103788 0 5 0.86194 1.14795 inf 4
3 107136 0 6 0.857424 1.15339 inf 4
1 110484 0 6 0.852766 1.15805 inf 4
4 113832 0 6 0.848988 1.16591 inf 4
4 117180 0 6 0.846015 1.17396 inf 4
4 120528 0 6 0.843007 1.18027 inf 4
4 123876 0 6 0.839525 1.18663 inf 4
4 127224 0 6 0.835959 1.19468 inf 4
3 130572 0 6 0.832368 1.2023 inf 4
4 133920 0 6 0.828943 1.20783 inf 4
4 137268 0 6 0.825691 1.21449 inf 4
4 140616 0 6 0.822097 1.22022 inf 4
4 143964 0 6 0.818663 1.2247 inf 4
4 147312 0 6 0.815018 1.2295 inf 4
4 150660 0 6 0.810826 1.2334 inf 4
4 154008 0 6 0.807075 1.23745 inf 4
4 157356 0 6 0.803217 1.24095 inf 4
4 160704 0 6 0.799364 1.24443 inf 4
4 164052 0 6 0.795711 1.24721 inf 4
4 167400 0 6 0.791703 1.25002 inf 4
5 170748 0 6 0.788396 1.25701 inf 4
5 174096 0 6 0.78563 1.26586 inf 4
5 177444 0 6 0.782602 1.27406 inf 4
5 180792 0 6 0.779553 1.28298 inf 4
5 184140 0 6 0.776529 1.2895 inf 4
5 187488 0 7 0.773463 1.2952 inf 4
5 190836 0 7 0.770159 1.3011 inf 4
5 194184 0 7 0.767107 1.30663 inf 4
5 197532 0 7 0.763805 1.31271 inf 4
4 200880 0 7 0.760608 1.31837 inf 4
5 204228 0 7 0.75731 1.32298 inf 4
5 207576 0 8 0.753811 1.32755 inf 4
5 210924 0 8 0.750341 1.33029 inf 4
5 214272 0 8 0.746906 1.3337 inf 4
5 217620 0 8 0.74359 1.33754 inf 5
4 220968 0 8 0.740555 1.34154 inf 5
6 224316 0 9 0.730938 1.36448 inf 5
6 227664 0 10 0.721041 1.38269 inf 5
6 231012 0 10 0.711253 1.39816 inf 5
6 234360 0 10 0.701707 1.41261 inf 5
4 237708 0 10 0.692337 1.42538 inf 5
3 241056 0 11 0.683194 1.4362 inf 5
6 244404 0 11 0.673991 1.46383 inf 5
7 247752 0 12 0.665016 1.48662 inf 5
7 251100 0 12 0.656249 1.50597 inf 5
7 254448 0 12 0.647677 1.52161 inf 5
7 257796 0 13 0.639319 1.54686 inf 5
8 261144 0 14 0.631135 1.57288 inf 5
8 264492 0 16 0.623164 1.59296 inf 5
8 267840 0 16 0.615397 1.62056 inf 5
9 271188 0 17 0.6078 1.6459 inf 5
5 274536 0 19 0.600388 1.67262 inf 5
6 277884 0 20 0.593154 1.69826 inf 5
6 281232 0 21 0.586093 1.72837 inf 5
12 284580 0 22 0.579197 1.75818 inf 6
13 287928 0 25 0.572463 1.7863 inf 6
15 291276 0 29 0.565883 1.81653 inf 6
17 294624 0 34 0.559452 1.84737 inf 6
20 297972 0 37 0.553166 1.8786 inf 6
28 301320 0 38 0.54702 1.91175 inf 7
48 304668 0 40 0.541009 1.94222 inf 7
0 304828 0 40 0.540725 1.9436 inf 7
