1 13 0.000111 1 0.923077 1 39.3939 2
2 24 0.000186 4 0.708333 1.14286 52.1739 2
3 24 0.000207 4 0.708333 1.14286 52.1739 2
4 39 0.000429 6 0.666667 1.69231 54.1667 3
5 55 0.000539 6 0.654545 1.84211 60.4396 3
6 55 0.000536 6 0.654545 1.84211 60.4396 3
7 60 0.000708 6 0.666667 1.95 60.6061 3
8 76 0.000939 7 0.697368 2.34783 61.2903 3
9 76 0.000919 7 0.697368 2.34783 61.2903 3
10 471 0.00807 7 0.651805 2.04878 50.2668 4
11 1743 0.032811 7 0.623064 2 52.5316 4
12 41110 0.865115 11 0.623206 2.0572 62.4004 5
13 90935 1.97476 12 0.625084 2.08066 68.0977 5
14 131421 3.00213 12 0.627099 2.1047 71.6378 5
15 163813 3.99142 12 0.628839 2.12122 73.8975 5
16 190294 4.91494 12 0.630004 2.14369 75.7751 5
17 211596 5.67987 12 0.63064 2.15984 77.1454 5
18 231110 6.4902 12 0.631314 2.17571 78.3416 5
19 249108 7.47306 13 0.632196 2.19098 79.4068 5
20 263514 7.9765 18 0.63238 2.20466 80.2633 5
22 286408 9.49322 19 0.63302 2.22781 81.5696 5
24 304021 10.5824 19 0.633111 2.24696 82.565 5
26 318458 11.8625 19 0.633368 2.26589 83.374 5
28 329872 12.9626 19 0.633443 2.28317 84.0267 5
30 340323 14.0385 19 0.633575 2.29909 84.5979 5
33 352096 15.9335 19 0.633583 2.31783 85.2619 5
36 361955 17.6793 19 0.633427 2.33658 85.8175 5
39 370229 19.2901 20 0.633532 2.35372 86.2733 5
42 377066 20.9637 20 0.63342 2.36865 86.6675 5
46 383745 23.2403 20 0.633014 2.38312 87.0612 5
50 389839 25.3388 20 0.6331 2.39767 87.4051 5
55 396519 28.3764 21 0.632938 2.41462 87.7841 6
60 400979 30.7019 21 0.632901 2.4288 88.0572 6
66 405960 33.7713 21 0.632819 2.44285 88.3355 6
72 410649 36.8154 22 0.632854 2.45536 88.5838 6
79 414788 39.9586 22 0.63274 2.4671 88.8159 6
86 418496 44.3547 22 0.632685 2.47789 89.0165 6
94 422129 48.1587 23 0.632577 2.48889 89.2105 6
103 425488 52.4477 23 0.63258 2.49856 89.3817 6
113 428501 56.9915 23 0.632489 2.50755 89.5453 6
124 431682 63.4941 23 0.632607 2.51745 89.7033 6
136 434215 69.7666 23 0.632588 2.52533 89.8371 6
149 436478 76.5216 24 0.63263 2.53288 89.9554 6
163 439098 83.47 24 0.632909 2.54188 90.0738 6
179 441488 91.6058 24 0.632996 2.54818 90.1817 6
196 442923 100.145 24 0.632882 2.55364 90.2631 6
200 443186 101.589 24 0.632874 2.55469 90.2792 6
