1 0 2.4e-05 0 nan nan 0 1
2 0 1.8e-05 0 nan nan 0 1
3 1110 0.020006 0 1 nan 34.9496 2
4 4884 0.096528 2 0.831286 1.00364 49.1694 3
5 5576 0.125427 2 0.733859 1.42722 55.8997 3
6 6016 0.152206 3 0.682181 1.69613 60.2202 3
7 6253 0.158537 3 0.656965 1.8042 62.5675 3
8 6434 0.178169 3 0.638794 1.88468 64.3657 3
9 6589 0.187342 3 0.623919 1.9435 65.9098 4
10 6688 0.200092 3 0.614982 1.9767 66.88 4
11 6760 0.206416 3 0.608432 2.00189 67.6 4
12 6827 0.220168 4 0.602461 2.02358 68.27 4
13 6892 0.226207 4 0.596779 2.0439 68.92 4
14 6941 0.231991 4 0.592566 2.05976 69.41 4
15 6991 0.239614 4 0.588328 2.0754 69.91 4
16 7029 0.256001 4 0.585147 2.08711 70.29 4
17 7058 0.269901 5 0.582743 2.0961 70.58 4
18 7084 0.266181 5 0.580604 2.10367 70.84 4
19 7104 0.267848 5 0.57897 2.10966 71.04 4
20 7133 0.278032 5 0.576616 2.11788 71.33 4
22 7162 0.293031 5 0.574281 2.12529 71.62 4
24 7197 0.306397 5 0.571488 2.13457 71.97 5
26 7224 0.318421 5 0.569352 2.14143 72.24 5
28 7248 0.340223 5 0.567467 2.14801 72.48 5
30 7272 0.350993 5 0.565594 2.15416 72.72 5
33 7285 0.368025 5 0.564585 2.15763 72.85 5
36 7307 0.38892 5 0.562885 2.16343 73.07 5
39 7325 0.4133 5 0.561502 2.16781 73.25 5
42 7336 0.421879 6 0.56066 2.17065 73.36 5
46 7356 0.456771 6 0.559135 2.17515 73.56 5
50 7367 0.466824 6 0.558301 2.17701 73.67 5
