1 1 3.4e-05 0 1 -nan 7.69231
2 1 3.5e-05 0 1 -nan 7.69231
3 1 3.6e-05 0 1 -nan 7.69231
4 1 4.9e-05 0 1 -nan 7.69231
5 1 4e-05 0 1 -nan 7.69231
6 1 4.2e-05 0 1 -nan 7.69231
7 1 4.4e-05 0 1 -nan 7.69231
8 1 4.2e-05 0 1 -nan 7.69231
9 1 4.3e-05 0 1 -nan 7.69231
10 1 6e-05 0 1 -nan 7.69231
11 16 0.000849 3 0.5 1.25 25.8065
12 18 0.001014 3 0.5 1.22222 21.4286
13 19 0.001321 3 0.473684 1.2 21.3483
14 19 0.0013 3 0.473684 1.2 21.3483
15 1214 0.072924 11 0.541186 1.34829 26.9359
16 2093 0.135943 11 0.568084 1.38606 25.6747
17 3578 0.250283 11 0.565959 1.41404 27.8032
18 4539 0.364516 11 0.568187 1.43163 27.7292
19 7365 0.80524 12 0.608282 1.38336 21.2376
20 16583 2.4636 12 0.664295 1.30645 14.3875
22 53030 9.99537 12 0.702282 1.25253 12.6163
24 107892 24.4901 12 0.706883 1.23504 13.0355
26 168259 45.5983 22 0.705959 1.22824 13.7328
28 223205 65.5916 22 0.702511 1.22968 14.5267
30 274577 91.2435 24 0.698285 1.23427 15.3676
33 342212 130.17 27 0.691145 1.24245 16.6277
36 400172 179.447 27 0.682557 1.25445 17.8517
39 449869 215.193 27 0.673712 1.2664 18.9806
42 492220 259.058 27 0.66553 1.27915 19.9962
46 539696 320.544 27 0.654896 1.29664 21.2145
50 579937 383.731 27 0.645127 1.31458 22.2833
55 621805 464.481 27 0.634445 1.33592 23.429
60 656313 543.769 27 0.624591 1.35588 24.4134
66 690864 641.401 28 0.614412 1.37916 25.4219
72 719355 737.387 28 0.605866 1.40055 26.2686
79 746815 858.646 28 0.597081 1.42488 27.1017
86 769913 987.966 28 0.589554 1.44707 27.8129
94 792076 1159.31 29 0.582098 1.47007 28.5014
103 812946 1291.56 29 0.575003 1.49358 29.1547
113 831928 1486.77 29 0.568387 1.5173 29.7564
124 849291 1844.88 29 0.562282 1.5409 30.3101
136 864999 2115.69 29 0.556663 1.56364 30.8147
149 879540 2482.67 30 0.551588 1.58554 31.2816
163 892375 2636.98 30 0.547131 1.6062 31.6947
179 904514 4629.96 30 0.542762 1.62598 32.0877
