1 0 0.000144 0 nan nan 0 1
2 0 0.000126 0 nan nan 0 1
3 0 0.000127 0 nan nan 0 1
4 0 0.000116 0 nan nan 0 1
5 0 0.000119 0 nan nan 0 1
6 0 0.000132 0 nan nan 0 1
7 0 0.000132 0 nan nan 0 1
8 0 0.000133 0 nan nan 0 1
9 0 0.000127 0 nan nan 0 1
10 0 0.000113 0 nan nan 0 1
11 0 0.000128 0 nan nan 0 1
12 0 0.000125 0 nan nan 0 1
13 0 0.000147 0 nan nan 0 1
14 0 0.000125 0 nan nan 0 1
15 0 0.000128 0 nan nan 0 1
16 0 0.000129 0 nan nan 0 1
17 0 0.000116 0 nan nan 0 1
18 0 0.000123 0 nan nan 0 1
19 0 0.000124 0 nan nan 0 1
20 0 0.00012 0 nan nan 0 1
22 0 0.000188 0 nan nan 0 1
24 0 0.000155 0 nan nan 0 1
26 0 0.000145 0 nan nan 0 1
28 0 0.000128 0 nan nan 0 1
30 0 0.000127 0 nan nan 0 1
33 0 0.000141 0 nan nan 0 1
36 0 0.000126 0 nan nan 0 1
39 0 0.000139 0 nan nan 0 1
42 0 0.000127 0 nan nan 0 1
46 0 0.000126 0 nan nan 0 1
50 60 0.127786 0 1 nan 6.14754 2
55 60 0.12745 0 1 nan 6.14754 2
60 60 0.12497 0 1 nan 6.14754 2
66 60 0.12589 0 1 nan 6.14754 2
72 60 0.129581 0 1 nan 6.14754 2
79 60 0.128341 0 1 nan 6.14754 2
86 60 0.131886 0 1 nan 6.14754 2
94 79 0.201198 1 0.898734 1 7.95569 2
103 97 0.301604 1 0.762887 1 9.73896 2
113 97 0.299017 1 0.762887 1 9.73896 2
124 97 0.300056 1 0.762887 1 9.73896 2
136 104 0.381292 2 0.711538 1.2 10.4418 3
149 108 0.432702 2 0.685185 1.26471 10.8434 3
163 108 0.434463 2 0.685185 1.26471 10.8434 3
179 111 0.484717 2 0.675676 1.33333 11.1334 3
196 114 0.509439 2 0.657895 1.38462 11.4343 3
200 114 0.529086 2 0.657895 1.38462 11.4343 3
