1 0 3.7e-05 0 nan nan 0 1
2 0 5e-05 0 nan nan 0 1
3 0 3.1e-05 0 nan nan 0 1
4 0 3e-05 0 nan nan 0 1
5 0 3.1e-05 0 nan nan 0 1
6 0 3e-05 0 nan nan 0 1
7 0 3.9e-05 0 nan nan 0 1
8 0 3.9e-05 0 nan nan 0 1
9 0 3.1e-05 0 nan nan 0 1
10 918 0.099827 0 1 nan 13.9387 2
11 918 0.105032 0 1 nan 13.9387 2
12 918 0.116614 0 1 nan 13.9387 2
13 918 0.112982 0 1 nan 13.9387 2
14 918 0.115354 0 1 nan 13.9387 2
15 918 0.106224 0 1 nan 13.9387 2
16 918 0.102149 0 1 nan 13.9387 2
17 1004 0.117866 1 0.977092 1 14.4398 2
18 1425 0.277398 1 0.503158 1 17.634 2
19 1425 0.265078 1 0.503158 1 17.634 2
20 1425 0.270678 1 0.503158 1 17.634 2
22 1425 0.259084 1 0.503158 1 17.634 2
24 1525 0.297391 2 0.498361 1 18.1699 2
26 1288 0.345609 2 0.333851 1 16.9541 2
28 1288 0.341897 2 0.333851 1 16.9541 2
30 1288 0.344576 2 0.333851 1 16.9541 2
33 1104 0.317829 3 0.310688 1 15.9745 2
36 1500 0.548006 3 0.252 1 18.4752 2
39 1425 0.523068 4 0.251228 1 18.0311 2
42 970 0.468869 4 0.2 1 15.4066 2
46 1342 0.653493 5 0.199702 1 17.5654 2
50 1150 0.701889 5 0.168696 1 16.6884 2
