1 0 3.9e-05 0 nan nan 0 1
2 0 3.1e-05 0 nan nan 0 1
3 0 3.2e-05 0 nan nan 0 1
4 0 3.2e-05 0 nan nan 0 1
5 0 2.9e-05 0 nan nan 0 1
6 0 2.9e-05 0 nan nan 0 1
7 0 3e-05 0 nan nan 0 1
8 0 3.3e-05 0 nan nan 0 1
9 0 3.7e-05 0 nan nan 0 1
10 918 0.103349 0 1 nan 13.9387 2
11 918 0.104934 0 1 nan 13.9387 2
12 918 0.099254 0 1 nan 13.9387 2
13 918 0.101184 0 1 nan 13.9387 2
14 918 0.103279 0 1 nan 13.9387 2
15 918 0.102498 0 1 nan 13.9387 2
16 918 0.1002 0 1 nan 13.9387 2
17 1004 0.116401 1 0.977092 1 14.4398 2
18 1425 0.275566 1 0.503158 1 17.634 2
19 1425 0.272318 1 0.503158 1 17.634 2
20 1425 0.269616 1 0.503158 1 17.634 2
22 1425 0.281101 1 0.503158 1 17.634 2
24 1525 0.291963 2 0.498361 1 18.1699 2
26 1288 0.362248 2 0.333851 1 16.9541 2
28 1288 0.363318 2 0.333851 1 16.9541 2
30 1288 0.36796 2 0.333851 1 16.9541 2
33 1104 0.345108 3 0.310688 1 15.9745 2
36 1500 0.605896 3 0.252 1 18.4752 2
39 1425 0.565463 4 0.251228 1 18.0311 2
42 970 0.493558 4 0.2 1 15.4066 2
46 1342 0.716053 5 0.199702 1 17.5654 2
50 1150 0.739085 5 0.168696 1 16.6884 2
55 1381 0.909425 6 0.162925 1 18.0641 2
60 1374 1.08413 7 0.143377 1 18.0031 2
66 1693 1.59559 7 0.129356 1 20.0902 2
72 1589 1.63311 8 0.118313 1 19.4254 2
79 1853 2.18201 9 0.109552 1 21.2111 2
86 1351 1.83671 10 0.0969652 1 18.047 2
94 1707 2.71475 11 0.0890451 1 20.4701 2
103 1702 3.21775 13 0.0787309 1 20.3906 2
113 1716 3.82079 14 0.0728438 1 20.4188 2
124 1865 4.76755 16 0.0664879 1 21.4491 2
136 1964 6.06113 17 0.061609 1 22.1996 2
149 1786 6.45688 19 0.0554311 1 21.1636 2
163 1837 7.77891 21 0.0484486 1 21.5762 2
179 1765 8.82665 24 0.0441926 1 20.9894 2
196 1893 11.1304 26 0.0406762 1 21.9021 2
200 1268 8.3163 27 0.0378549 1 17.9603 2
