1000
1 0 4e-06 0 nan nan 0 1
20 141 0.056062 0 1 nan 14.1 2
36 147 0.006046 1 0.959184 1 14.7 2
37 161 0.015984 1 0.875776 1 16.1 2
38 181 0.023018 1 0.779006 1 18.1 2
52 182 0.001783 2 0.774725 1 18.2 2
53 187 0.010524 2 0.754011 1.1087 18.7 3
54 192 0.011632 2 0.734375 1.19608 19.2 3
55 197 0.011568 2 0.715736 1.25 19.7 3
56 200 0.007756 2 0.705 1.27119 20 3
68 201 0.003181 2 0.701493 1.28333 20.1 3
69 203 0.006187 2 0.694581 1.30645 20.3 3
70 206 0.010779 2 0.684466 1.33846 20.6 3
71 207 0.003689 2 0.681159 1.36364 20.7 3
72 211 0.015111 2 0.668246 1.41429 21.1 3
73 213 0.007806 2 0.661972 1.44444 21.3 3
74 214 0.003613 2 0.658879 1.45205 21.4 3
85 215 0.004591 2 0.655814 1.45946 21.5 3
86 216 0.005814 3 0.652778 1.46667 21.6 3
87 217 0.004664 3 0.64977 1.48684 21.7 3
88 221 0.020033 3 0.638009 1.525 22.1 3
89 224 0.015736 3 0.629464 1.57831 22.4 3
90 227 0.016649 3 0.621145 1.62791 22.7 3
101 228 0.008131 3 0.618421 1.65517 22.8 3
116 229 0.007333 3 0.615721 1.65909 22.9 3
119 231 0.016956 3 0.61039 1.66667 23.1 3
120 232 0.00924 3 0.607759 1.68132 23.2 3
121 233 0.009605 3 0.60515 1.69565 23.3 3
131 235 0.022655 3 0.6 1.7234 23.5 4
133 236 0.009689 3 0.597458 1.72632 23.6 4
134 237 0.011324 3 0.594937 1.73958 23.7 4
135 238 0.012075 3 0.592437 1.75258 23.8 4
136 239 0.011693 3 0.589958 1.77551 23.9 4
148 240 0.010503 4 0.5875 1.76768 24 4
152 241 0.014477 4 0.585062 1.78 24.1 4
154 242 0.013881 4 0.582645 1.78218 24.2 4
165 243 0.015592 4 0.580247 1.79412 24.3 4
179 244 0.017764 4 0.577869 1.80583 24.4 4
192 245 0.021554 4 0.57551 1.81731 24.5 4
193 246 0.019904 4 0.573171 1.82857 24.6 4
196 247 0.019883 4 0.57085 1.83962 24.7 4
