334863
1 28971 0.2034 6 0.887405 1.13795 8.6516 3
2 72240 0.511207 11 0.790795 1.23807 21.573 4
3 128319 0.993495 15 0.723268 1.3118 38.3199 4
4 190338 1.56751 17 0.673638 1.38291 56.8406 5
5 244113 1.85687 21 0.639757 1.45563 72.8994 5
6 261600 0.916673 24 0.600099 1.52146 78.1215 5
7 271994 0.768252 30 0.577535 1.57637 81.2255 6
8 278727 0.667838 37 0.563623 1.62003 83.2361 6
9 283336 0.59648 38 0.554458 1.65483 84.6125 6
10 286626 0.521704 38 0.548094 1.6812 85.595 6
11 289084 0.471685 40 0.543434 1.7019 86.329 6
12 291103 0.454854 40 0.539665 1.71922 86.932 6
13 292762 0.423743 40 0.536607 1.73488 87.4274 6
14 294093 0.393783 40 0.534178 1.74653 87.8249 6
15 295195 0.365478 43 0.532184 1.75732 88.154 6
16 296172 0.347784 43 0.530428 1.76556 88.4457 6
17 297007 0.350354 43 0.528937 1.77365 88.6951 6
18 297765 0.328799 43 0.527591 1.78104 88.9214 6
19 298387 0.298707 44 0.526491 1.78626 89.1072 6
20 298919 0.285276 44 0.525554 1.7915 89.2661 6
21 299487 0.308478 44 0.524557 1.79688 89.4357 6
22 300000 0.297394 44 0.52366 1.80128 89.5889 6
23 300445 0.283256 44 0.522884 1.80504 89.7218 6
24 300786 0.254114 44 0.522292 1.80828 89.8236 6
25 301164 0.294461 44 0.521636 1.81153 89.9365 6
26 301517 0.285115 44 0.521025 1.81491 90.0419 6
27 301818 0.254925 44 0.520506 1.81784 90.1318 6
28 302079 0.247179 44 0.520056 1.82022 90.2097 6
29 302345 0.260272 44 0.519598 1.82289 90.2892 6
30 302578 0.23874 44 0.519198 1.82508 90.3587 6
31 302779 0.223741 44 0.518854 1.82736 90.4188 6
32 302966 0.221092 44 0.518533 1.82931 90.4746 7
33 303157 0.232038 44 0.518207 1.83113 90.5317 7
34 303320 0.20758 44 0.517928 1.83252 90.5803 7
35 303501 0.234772 44 0.517619 1.83387 90.6344 7
36 303641 0.197509 44 0.517381 1.83487 90.6762 7
37 303800 0.240326 44 0.51711 1.8364 90.7237 7
38 303978 0.265188 44 0.516807 1.83815 90.7768 7
39 304094 0.200169 44 0.51661 1.83927 90.8115 7
40 304233 0.231302 44 0.516374 1.84043 90.853 7
41 304368 0.234227 44 0.516145 1.8415 90.8933 7
42 304508 0.244311 44 0.515908 1.84251 90.9351 7
43 304613 0.199976 45 0.51573 1.84339 90.9665 7
44 304733 0.233389 45 0.515527 1.84452 91.0023 7
45 304837 0.200584 45 0.515351 1.84542 91.0333 7
46 304925 0.196055 45 0.515202 1.84638 91.0596 7
47 305031 0.233785 45 0.515023 1.8473 91.0913 7
48 305135 0.240232 45 0.514848 1.84836 91.1223 7
49 305224 0.202061 45 0.514697 1.84906 91.1489 7
50 305291 0.171061 45 0.514584 1.84964 91.1689 7
51 305374 0.204537 45 0.514445 1.85029 91.1937 7
52 305450 0.208703 45 0.514317 1.85084 91.2164 7
53 305530 0.213981 45 0.514182 1.85132 91.2403 7
54 305628 0.256473 45 0.514017 1.85195 91.2696 7
55 305708 0.219962 50 0.513883 1.85263 91.2935 7
56 305775 0.191737 50 0.51377 1.85304 91.3135 7
57 305826 0.164517 50 0.513684 1.85357 91.3287 7
58 305887 0.196939 50 0.513582 1.85426 91.3469 7
59 305956 0.216998 50 0.513466 1.85473 91.3675 7
60 306013 0.198436 50 0.51337 1.85536 91.3845 7
61 306067 0.186188 50 0.51328 1.85574 91.4007 7
62 306121 0.188551 50 0.513189 1.85616 91.4168 7
63 306172 0.200096 50 0.513104 1.85659 91.432 7
64 306229 0.217686 50 0.513008 1.85691 91.449 7
65 306276 0.188708 50 0.51293 1.85728 91.4631 7
66 306324 0.196643 50 0.512849 1.85761 91.4774 7
67 306383 0.24544 50 0.51275 1.85798 91.495 7
68 306421 0.160666 50 0.512687 1.85828 91.5064 7
69 306464 0.192239 50 0.512615 1.85851 91.5192 7
70 306489 0.121446 50 0.512573 1.85872 91.5267 7
71 306523 0.171076 50 0.512516 1.85898 91.5368 7
72 306587 0.281984 50 0.512409 1.8593 91.5559 7
73 306622 0.178323 50 0.512351 1.8598 91.5664 7
74 306664 0.189999 50 0.512281 1.86006 91.5789 7
75 306707 0.230888 50 0.512209 1.8604 91.5918 7
76 306740 0.174195 50 0.512154 1.86062 91.6016 7
77 306779 0.2103 50 0.512089 1.86078 91.6133 7
78 306810 0.169753 50 0.512037 1.86097 91.6225 7
79 306845 0.203879 50 0.511978 1.86141 91.633 7
80 306888 0.222472 50 0.511907 1.8617 91.6458 7
81 306916 0.178434 50 0.51186 1.86197 91.6542 7
82 306940 0.158693 50 0.51182 1.86211 91.6614 7
83 306975 0.21795 50 0.511762 1.86241 91.6718 7
84 307007 0.199863 50 0.511708 1.8627 91.6814 7
85 307042 0.208718 50 0.51165 1.86284 91.6918 7
86 307068 0.153476 57 0.511607 1.86306 91.6996 7
87 307105 0.242457 57 0.511545 1.86329 91.7106 7
88 307135 0.217431 57 0.511495 1.86357 91.7196 7
89 307158 0.175361 57 0.511457 1.86379 91.7265 7
90 307186 0.200396 57 0.51141 1.86409 91.7348 7
91 307204 0.135936 57 0.51138 1.8642 91.7402 7
92 307240 0.26123 57 0.51132 1.86445 91.751 7
93 307256 0.129346 57 0.511294 1.8647 91.7557 7
94 307281 0.203774 57 0.511252 1.86485 91.7632 7
95 307313 0.256404 57 0.511199 1.86513 91.7728 7
96 307336 0.192945 57 0.51116 1.86534 91.7796 7
97 307361 0.211493 57 0.511119 1.86556 91.7871 7
98 307385 0.20282 57 0.511079 1.86569 91.7943 7
99 307404 0.166349 57 0.511047 1.8658 91.7999 7
100 307425 0.176132 57 0.511012 1.86587 91.8062 7
101 307449 0.191765 57 0.510973 1.86599 91.8134 7
102 307480 0.266914 57 0.510921 1.86608 91.8226 7
103 307502 0.202196 57 0.510884 1.86615 91.8292 7
104 307513 0.113356 57 0.510866 1.86621 91.8325 7
105 307538 0.196249 57 0.510825 1.86635 91.8399 7
106 307554 0.154962 57 0.510798 1.86643 91.8447 7
107 307575 0.211374 57 0.510763 1.86658 91.851 7
108 307591 0.171374 57 0.510737 1.86664 91.8558 7
109 307599 0.091352 57 0.510723 1.86672 91.8582 7
110 307615 0.178719 57 0.510697 1.86689 91.8629 7
111 307633 0.204324 57 0.510667 1.86705 91.8683 7
112 307670 0.360889 57 0.510606 1.86719 91.8794 7
113 307682 0.141255 57 0.510586 1.8674 91.8829 7
114 307700 0.239837 57 0.510556 1.86748 91.8883 7
115 307708 0.137324 57 0.510542 1.86759 91.8907 7
116 307724 0.224905 57 0.510516 1.86765 91.8955 7
117 307733 0.115203 57 0.510501 1.86772 91.8982 7
118 307756 0.28159 57 0.510463 1.86809 91.905 7
119 307773 0.205105 57 0.510435 1.86817 91.9101 7
120 307784 0.138754 57 0.510416 1.86828 91.9134 7
121 307802 0.232799 57 0.510387 1.86844 91.9188 7
122 307818 0.197732 57 0.51036 1.86858 91.9236 7
123 307831 0.176059 57 0.510338 1.86864 91.9274 7
124 307840 0.122917 57 0.510324 1.86871 91.9301 7
125 307848 0.123538 57 0.51031 1.8688 91.9325 7
126 307855 0.106279 57 0.510299 1.86889 91.9346 7
127 307868 0.190408 57 0.510277 1.86897 91.9385 7
128 307884 0.208914 57 0.510251 1.86909 91.9433 7
129 307892 0.123798 57 0.510237 1.86915 91.9457 7
130 307907 0.219475 57 0.510212 1.86925 91.9501 7
131 307916 0.137768 57 0.510198 1.86927 91.9528 7
132 307925 0.139736 57 0.510183 1.86935 91.9555 7
133 307931 0.101077 57 0.510173 1.86941 91.9573 7
134 307945 0.189451 57 0.51015 1.86949 91.9615 7
135 307954 0.145968 57 0.510135 1.86959 91.9642 7
136 307961 0.115235 57 0.510123 1.8696 91.9663 7
137 307974 0.209976 57 0.510102 1.86965 91.9701 7
138 307984 0.158929 60 0.510085 1.86976 91.9731 7
139 307987 0.053055 60 0.51008 1.86978 91.974 7
140 307998 0.181251 60 0.510062 1.86983 91.9773 7
141 308010 0.219555 60 0.510042 1.86992 91.9809 7
142 308018 0.134234 60 0.510029 1.86992 91.9833 7
143 308033 0.26264 60 0.510004 1.87003 91.9878 7
144 308044 0.197738 60 0.509986 1.8701 91.9911 7
145 308055 0.175416 60 0.509967 1.87012 91.9943 7
146 308063 0.145973 60 0.509954 1.8702 91.9967 7
147 308071 0.13522 60 0.509941 1.87025 91.9991 7
148 308085 0.234597 60 0.509918 1.87029 92.0033 7
149 308100 0.243038 60 0.509893 1.87037 92.0078 7
150 308106 0.114974 60 0.509883 1.87039 92.0096 7
151 308114 0.16613 60 0.50987 1.87048 92.012 7
152 308123 0.193623 60 0.509855 1.87055 92.0146 7
153 308131 0.168994 60 0.509842 1.87064 92.017 7
154 308140 0.174594 60 0.509827 1.87068 92.0197 7
155 308158 0.3227 60 0.509797 1.87075 92.0251 7
156 308167 0.18948 60 0.509782 1.87086 92.0278 7
157 308171 0.090589 60 0.509775 1.87091 92.029 7
158 308180 0.183959 60 0.509761 1.87106 92.0317 7
159 308188 0.178565 60 0.509747 1.8711 92.0341 7
160 308195 0.153234 60 0.509736 1.87113 92.0361 7
161 308203 0.169439 60 0.509722 1.87118 92.0385 7
162 308212 0.204391 60 0.509708 1.87122 92.0412 7
163 308224 0.249923 60 0.509688 1.87125 92.0448 7
164 308233 0.199741 60 0.509673 1.87129 92.0475 7
165 308238 0.108825 60 0.509665 1.8713 92.049 7
166 308244 0.198238 60 0.509655 1.87134 92.0508 7
167 308257 0.235724 60 0.509633 1.87135 92.0547 7
168 308275 0.366654 60 0.509603 1.87149 92.06 7
169 308287 0.262623 60 0.509584 1.87153 92.0636 7
170 308298 0.23429 60 0.509565 1.87158 92.0669 8
171 308321 0.499272 60 0.509527 1.87161 92.0738 8
172 308327 0.146949 60 0.509517 1.87164 92.0756 8
173 308330 0.084552 60 0.509513 1.87165 92.0765 8
174 308340 0.248403 60 0.509496 1.87171 92.0794 8
175 308353 0.318607 60 0.509475 1.87183 92.0833 8
176 308363 0.243122 60 0.509458 1.87188 92.0863 8
177 308374 0.265706 60 0.50944 1.87193 92.0896 8
178 308378 0.11234 60 0.509433 1.87197 92.0908 8
179 308388 0.255555 60 0.509417 1.87205 92.0938 8
180 308395 0.190931 60 0.509405 1.87211 92.0959 8
181 308402 0.183049 60 0.509394 1.87216 92.098 8
182 308414 0.283134 60 0.509374 1.87223 92.1015 8
183 308419 0.148212 60 0.509366 1.87227 92.103 8
184 308434 0.353211 60 0.509341 1.87232 92.1075 8
185 308449 0.352628 60 0.509316 1.87232 92.112 8
186 308458 0.23917 60 0.509301 1.8724 92.1147 8
187 308470 0.323089 60 0.509281 1.87249 92.1183 8
188 308474 0.145046 60 0.509275 1.87252 92.1195 8
189 308475 0.04047 60 0.509273 1.87254 92.1198 8
190 308478 0.101521 60 0.509268 1.87256 92.1207 8
191 308481 0.099966 60 0.509263 1.87258 92.1216 8
192 308483 0.06845 60 0.50926 1.87258 92.1222 8
193 308487 0.123596 60 0.509253 1.87262 92.1233 8
194 308490 0.097068 60 0.509248 1.87264 92.1242 8
195 308497 0.211711 60 0.509237 1.87276 92.1263 8
196 308499 0.073504 60 0.509233 1.87295 92.1269 8
197 308502 0.10306 60 0.509228 1.87298 92.1278 8
198 308505 0.103754 60 0.509224 1.873 92.1287 8
199 308513 0.206068 60 0.50921 1.87307 92.1311 8
200 308523 0.336899 60 0.509194 1.87314 92.1341 8
