1005
1 97 0.000489 1 1 nan 9.65174 2
2 141 0.000445 1 1 nan 14.0299 2
3 177 0.00051 2 0.983051 1 17.6119 2
4 209 0.000638 2 0.980861 1 20.796 2
5 233 0.00063 2 0.974249 1 23.1841 2
6 259 0.000831 2 0.972973 1 25.7711 2
7 278 0.000753 3 0.960432 1 27.6617 2
8 296 0.000894 3 0.959459 1 29.4527 2
9 311 0.001014 3 0.958199 1 30.9453 2
10 324 0.001286 3 0.944444 1 32.2388 2
11 343 0.002322 3 0.93586 1.04545 34.1294 2
12 356 0.001463 3 0.924157 1.07407 35.4229 2
13 366 0.001464 3 0.923497 1.14286 36.4179 2
14 377 0.001778 3 0.920424 1.13333 37.5124 2
15 385 0.001545 3 0.911688 1.11765 38.3085 2
16 390 0.001031 4 0.905128 1.10811 38.806 2
17 399 0.001913 4 0.894737 1.2381 39.7015 2
18 411 0.002537 4 0.885645 1.21277 40.8955 2
19 422 0.002613 4 0.876777 1.21154 41.99 2
20 429 0.001734 4 0.871795 1.2 42.6866 2
21 441 0.003532 4 0.85941 1.17742 43.8806 2
22 447 0.001898 4 0.852349 1.21212 44.4776 2
23 451 0.001526 4 0.849224 1.20588 44.8756 2
24 457 0.002549 5 0.844639 1.22535 45.4726 2
25 462 0.002303 5 0.839827 1.21622 45.9701 2
26 466 0.002109 5 0.832618 1.20513 46.3682 2
27 470 0.002008 5 0.831915 1.20253 46.7662 2
28 479 0.004866 5 0.820459 1.22093 47.6617 2
29 482 0.001559 5 0.817427 1.22727 47.9602 2
30 486 0.002488 5 0.8107 1.29348 48.3582 2
31 491 0.00297 5 0.802444 1.30928 48.8557 2
32 494 0.001669 5 0.799595 1.32323 49.1542 2
33 497 0.001861 5 0.794769 1.36275 49.4527 2
34 503 0.004188 6 0.787276 1.39252 50.0498 2
35 505 0.001442 6 0.784158 1.3945 50.2488 2
36 506 0.000594 6 0.782609 1.39091 50.3483 2
37 511 0.004167 7 0.774951 1.42609 50.8458 2
38 514 0.002978 7 0.770428 1.44068 51.1443 2
39 516 0.001682 7 0.767442 1.45833 51.3433 2
40 520 0.003327 8 0.761538 1.46774 51.7413 2
41 523 0.003222 8 0.75717 1.51181 52.0398 2
42 525 0.001866 8 0.754286 1.52713 52.2388 2
43 527 0.00192 8 0.751423 1.52672 52.4378 2
44 532 0.00531 8 0.744361 1.55147 52.9353 2
46 537 0.005118 9 0.73743 1.53191 53.4328 2
47 538 0.001181 9 0.736059 1.53521 53.5323 2
49 539 0.001418 9 0.734694 1.53846 53.6318 2
50 540 0.001592 9 0.733333 1.54861 53.7313 2
