1005
1 97 0.00037
2 141 0.000602
3 177 0.000619
4 209 0.000567
5 233 0.000752
6 259 0.000824
7 278 0.000768
8 296 0.000813
9 311 0.000885
10 324 0.000871
11 343 0.001464
12 356 0.001202
13 366 0.001272
14 377 0.001807
15 385 0.001737
16 390 0.000896
17 399 0.001705
18 411 0.003039
19 423 0.003869
20 430 0.001786
21 442 0.003218
22 448 0.001725
23 452 0.001273
24 458 0.002716
25 463 0.001895
26 466 0.00111
27 470 0.001618
28 480 0.004399
29 484 0.002332
30 487 0.001457
31 492 0.002416
32 494 0.001008
33 497 0.001675
34 503 0.00407
35 504 0.000701
36 505 0.000581
37 509 0.002642
38 512 0.002366
39 515 0.00203
40 518 0.00226
41 522 0.003239
42 524 0.001777
43 527 0.002503
44 531 0.003992
45 532 0.000982
46 537 0.005373
47 538 0.001044
49 539 0.001497
50 540 0.001236
51 541 0.001531
52 543 0.002617
53 547 0.005356
55 549 0.003005
56 550 0.001471
57 552 0.003286
58 554 0.003261
59 557 0.00514
60 560 0.004875
62 561 0.002103
64 562 0.00181
65 563 0.001916
66 566 0.005937
70 567 0.002343
72 568 0.002645
73 570 0.004904
74 575 0.01227
75 577 0.005271
78 578 0.003184
79 579 0.003081
80 582 0.00887
81 595 0.034639
82 596 0.003552
85 598 0.006721
86 599 0.003841
87 601 0.008015
89 602 0.00362
90 603 0.003999
93 604 0.004019
94 607 0.011646
95 609 0.007873
97 610 0.004366
101 612 0.008321
102 613 0.004578
103 614 0.004852
107 617 0.01441
109 618 0.004909
111 620 0.01034
114 621 0.00561
115 622 0.006477
128 623 0.007391
130 624 0.007001
133 625 0.008174
134 626 0.007456
135 627 0.008205
137 628 0.007111
139 629 0.007811
146 631 0.017114
151 632 0.009401
155 633 0.01122
156 634 0.010513
157 638 0.042982
160 639 0.012558
167 640 0.011832
176 642 0.025248
178 643 0.012666
187 646 0.037026
200 647 0.015084
