1134890
1 664726 3.37696 7 0.906447 1.51512 58.5718 4
2 844427 1.80336 9 0.859033 1.59457 74.4061 4
3 920622 1.32227 10 0.834581 1.6422 81.1199 4
4 960959 1.06672 10 0.819723 1.68431 84.6742 5
5 985479 0.930746 11 0.809702 1.71741 86.8348 5
6 1002191 0.888786 11 0.802361 1.74601 88.3073 5
7 1014256 0.843764 12 0.796673 1.77177 89.3704 5
8 1023465 0.804126 12 0.792277 1.7945 90.1819 5
9 1030639 0.767684 13 0.788703 1.81348 90.814 5
10 1036602 0.772813 13 0.785639 1.83153 91.3394 5
11 1041254 0.726213 13 0.783255 1.84698 91.7493 5
12 1045167 0.714152 13 0.781167 1.86092 92.0941 5
13 1048497 0.690829 13 0.779361 1.87385 92.3875 5
14 1051342 0.68961 13 0.777764 1.88635 92.6382 5
15 1053875 0.687701 19 0.776336 1.89789 92.8614 5
16 1056008 0.640183 19 0.775112 1.90771 93.0494 5
17 1057983 0.667167 19 0.773977 1.91776 93.2234 5
18 1059816 0.748354 19 0.772907 1.92782 93.3849 5
19 1061346 0.628386 19 0.772 1.93599 93.5197 5
20 1062748 0.642808 19 0.771168 1.94416 93.6433 5
21 1063951 0.595062 20 0.770444 1.95054 93.7493 5
22 1065138 0.639114 20 0.769725 1.95762 93.8539 5
23 1066141 0.589406 20 0.769109 1.96379 93.9422 5
24 1067113 0.636921 20 0.768515 1.97008 94.0279 5
25 1068040 0.638841 20 0.767943 1.97574 94.1096 5
26 1068893 0.627751 20 0.767404 1.98151 94.1847 5
27 1069640 0.599122 20 0.766935 1.98644 94.2505 5
28 1070340 0.596901 20 0.766483 1.99119 94.3122 5
29 1070961 0.541939 20 0.766088 1.99603 94.3669 5
30 1071565 0.567837 20 0.765713 2.00047 94.4202 5
31 1072130 0.557905 20 0.76536 2.00471 94.4699 5
32 1072668 0.556473 20 0.76501 2.00889 94.5174 5
33 1073158 0.542177 20 0.764696 2.01241 94.5605 5
34 1073625 0.55601 20 0.764399 2.01609 94.6017 5
35 1074113 0.600148 20 0.764083 2.02032 94.6447 5
36 1074527 0.560987 21 0.763805 2.02367 94.6812 5
37 1074901 0.530306 21 0.763561 2.02668 94.7141 5
38 1075309 0.597979 21 0.763289 2.03032 94.7501 5
39 1075671 0.552534 21 0.763046 2.03359 94.782 5
40 1076008 0.565901 21 0.76282 2.03657 94.8117 5
41 1076355 0.568318 21 0.762587 2.03949 94.8422 5
42 1076666 0.546985 21 0.762384 2.04245 94.8696 5
43 1076986 0.568169 21 0.762171 2.04548 94.8978 5
44 1077294 0.577535 21 0.761958 2.04817 94.925 5
45 1077549 0.496031 21 0.76179 2.05069 94.9474 5
46 1077801 0.522502 21 0.761619 2.05309 94.9696 5
47 1078051 0.541391 21 0.761454 2.05535 94.9917 5
48 1078306 0.567323 21 0.761287 2.0582 95.0141 5
49 1078515 0.492175 21 0.761147 2.06035 95.0326 5
50 1078743 0.553804 21 0.760995 2.06238 95.0526 5
51 1078942 0.494705 21 0.760858 2.06414 95.0702 5
52 1079146 0.5177 21 0.760718 2.06621 95.0882 6
53 1079344 0.559925 21 0.760586 2.06823 95.1056 6
54 1079549 0.563865 21 0.760445 2.07029 95.1237 6
55 1079750 0.568029 21 0.760309 2.07236 95.1414 6
56 1079907 0.465393 21 0.760202 2.07495 95.1552 6
57 1080078 0.519981 21 0.760086 2.07665 95.1703 6
58 1080270 0.600109 21 0.759954 2.07895 95.1872 6
59 1080430 0.511207 21 0.759846 2.08057 95.2013 6
60 1080565 0.457147 21 0.759752 2.08219 95.2132 6
61 1080716 0.525466 21 0.759645 2.08371 95.2265 6
62 1080872 0.55116 21 0.759542 2.08559 95.2402 6
63 1081009 0.496485 21 0.759449 2.08697 95.2523 6
64 1081151 0.531597 21 0.759354 2.08861 95.2648 6
65 1081281 0.503943 21 0.759264 2.09032 95.2763 6
66 1081406 0.520282 21 0.759179 2.09169 95.2873 6
67 1081548 0.588495 21 0.759081 2.09354 95.2998 6
68 1081665 0.500884 21 0.758999 2.09489 95.3101 6
69 1081771 0.494474 21 0.758925 2.09634 95.3195 6
70 1081889 0.588724 21 0.758844 2.09773 95.3299 6
71 1081992 0.49513 21 0.758773 2.09899 95.3389 6
72 1082098 0.519294 21 0.758698 2.10027 95.3483 6
73 1082201 0.515696 21 0.758626 2.10134 95.3573 6
74 1082299 0.479435 21 0.758558 2.10235 95.366 6
75 1082397 0.503243 21 0.758492 2.10338 95.3746 6
76 1082474 0.401247 22 0.758439 2.10438 95.3814 6
77 1082569 0.531131 22 0.758372 2.10547 95.3898 6
78 1082652 0.454126 22 0.758314 2.10641 95.3971 6
79 1082742 0.504466 22 0.758253 2.10722 95.405 6
80 1082830 0.512776 22 0.758191 2.10825 95.4128 6
81 1082923 0.565121 22 0.758126 2.1091 95.421 6
82 1083014 0.56035 22 0.758062 2.11022 95.429 6
83 1083096 0.523435 22 0.758008 2.11129 95.4362 6
84 1083176 0.505508 22 0.757952 2.11203 95.4433 6
85 1083264 0.56959 22 0.75789 2.1132 95.451 6
86 1083343 0.523952 22 0.757835 2.1141 95.458 6
87 1083439 0.645947 22 0.757769 2.11543 95.4664 6
88 1083521 0.564283 22 0.757711 2.11656 95.4737 6
89 1083597 0.536691 22 0.757659 2.11753 95.4804 6
90 1083666 0.49737 22 0.757613 2.11822 95.4864 6
91 1083729 0.467874 22 0.757569 2.11893 95.492 6
92 1083794 0.494127 22 0.757525 2.11977 95.4977 6
93 1083886 0.704941 22 0.757461 2.12076 95.5058 6
94 1083955 0.532083 22 0.757412 2.12165 95.5119 6
95 1084021 0.54484 22 0.757366 2.12273 95.5177 6
96 1084082 0.491719 22 0.757324 2.12343 95.5231 6
97 1084142 0.515193 22 0.757282 2.12401 95.5284 6
98 1084193 0.427734 22 0.757247 2.12457 95.5329 6
99 1084252 0.50625 22 0.757206 2.12525 95.5381 6
100 1084319 0.592017 22 0.757159 2.12592 95.544 6
101 1084378 0.539419 22 0.757118 2.1267 95.5492 6
102 1084435 0.508828 22 0.757078 2.12751 95.5542 6
103 1084480 0.415761 22 0.757047 2.12815 95.5582 6
104 1084523 0.418189 22 0.757017 2.12876 95.5619 6
105 1084571 0.462213 22 0.756983 2.12935 95.5662 6
106 1084614 0.423833 22 0.756953 2.12983 95.57 6
107 1084677 0.625654 22 0.756909 2.13055 95.5755 6
108 1084737 0.601328 22 0.756867 2.13135 95.5808 6
109 1084787 0.541676 22 0.756832 2.1318 95.5852 6
110 1084832 0.474973 22 0.756802 2.13244 95.5892 6
111 1084876 0.466819 22 0.756771 2.13295 95.5931 6
112 1084918 0.500272 22 0.756742 2.13351 95.5968 6
113 1084967 0.536874 22 0.756708 2.13398 95.6011 6
114 1085014 0.527464 22 0.756675 2.1345 95.6052 6
115 1085060 0.518052 22 0.756643 2.13503 95.6093 6
116 1085121 0.709005 22 0.7566 2.13591 95.6146 6
117 1085164 0.564534 22 0.756571 2.13638 95.6184 6
118 1085210 0.560273 22 0.756539 2.13693 95.6225 6
119 1085249 0.481009 22 0.756512 2.13767 95.6259 6
120 1085289 0.504199 22 0.756485 2.1382 95.6294 6
121 1085326 0.471761 22 0.756459 2.13863 95.6327 6
122 1085363 0.471043 22 0.756434 2.13911 95.636 6
123 1085410 0.638925 22 0.756401 2.13975 95.6401 6
124 1085450 0.531352 22 0.756373 2.14012 95.6436 6
125 1085486 0.49486 22 0.756348 2.14066 95.6468 6
126 1085516 0.417498 22 0.756327 2.14104 95.6494 6
127 1085542 0.364288 22 0.756309 2.14146 95.6517 6
128 1085570 0.38744 22 0.756289 2.14186 95.6542 6
129 1085604 0.492249 22 0.756266 2.14234 95.6572 6
130 1085642 0.551135 22 0.756239 2.14281 95.6605 6
131 1085671 0.418226 22 0.756219 2.14324 95.6631 6
132 1085709 0.573599 22 0.756192 2.14373 95.6665 6
133 1085749 0.616844 22 0.756165 2.14432 95.67 6
134 1085781 0.477484 22 0.756142 2.14467 95.6728 6
135 1085806 0.389955 22 0.756125 2.14511 95.675 6
136 1085837 0.483121 22 0.756103 2.14547 95.6777 6
137 1085867 0.488178 22 0.756082 2.14583 95.6804 6
138 1085901 0.554885 22 0.756059 2.1465 95.6834 6
139 1085930 0.468646 22 0.756039 2.1468 95.6859 6
140 1085957 0.439393 22 0.75602 2.14721 95.6883 6
141 1085992 0.616002 22 0.755995 2.14772 95.6914 6
142 1086022 0.528926 22 0.755975 2.14822 95.694 6
143 1086051 0.49922 22 0.755954 2.14859 95.6966 6
144 1086075 0.413544 22 0.755938 2.14902 95.6987 6
145 1086108 0.618951 22 0.755915 2.14947 95.7016 6
146 1086137 0.545934 22 0.755895 2.14986 95.7042 6
147 1086160 0.436093 22 0.755879 2.15019 95.7062 6
148 1086189 0.543374 22 0.755858 2.15053 95.7087 6
149 1086217 0.52816 22 0.755839 2.15088 95.7112 6
150 1086243 0.510349 22 0.755821 2.15122 95.7135 6
151 1086268 0.501157 22 0.755803 2.15149 95.7157 6
152 1086298 0.598237 22 0.755782 2.15185 95.7184 6
153 1086318 0.405177 22 0.755769 2.15219 95.7201 6
154 1086346 0.558892 22 0.755749 2.15264 95.7226 6
155 1086367 0.454466 22 0.755734 2.15297 95.7244 6
156 1086389 0.456219 22 0.755719 2.15333 95.7264 6
157 1086418 0.613554 22 0.755699 2.15367 95.7289 6
158 1086445 0.573043 22 0.75568 2.15448 95.7313 6
159 1086472 0.570739 22 0.755661 2.15485 95.7337 6
160 1086492 0.43045 22 0.755648 2.15503 95.7354 6
161 1086518 0.583338 22 0.755629 2.15545 95.7377 6
162 1086537 0.427617 22 0.755616 2.15572 95.7394 6
163 1086556 0.434736 22 0.755603 2.15595 95.7411 6
164 1086571 0.359757 22 0.755593 2.15606 95.7424 6
165 1086585 0.351455 22 0.755583 2.15633 95.7436 6
166 1086601 0.370399 22 0.755572 2.15665 95.7451 6
167 1086623 0.51039 22 0.755556 2.15698 95.747 6
168 1086649 0.622384 22 0.755538 2.15735 95.7493 6
169 1086669 0.487677 22 0.755524 2.15753 95.751 6
170 1086690 0.535771 22 0.75551 2.15792 95.7529 6
171 1086713 0.572211 22 0.755494 2.15814 95.7549 6
172 1086731 0.459584 22 0.755481 2.15831 95.7565 6
173 1086754 0.586315 22 0.755465 2.15862 95.7585 6
174 1086783 0.74283 22 0.755445 2.15903 95.7611 6
175 1086799 0.441872 22 0.755434 2.15921 95.7625 6
176 1086822 0.586835 22 0.755418 2.15947 95.7645 6
177 1086842 0.528875 22 0.755404 2.15985 95.7663 6
178 1086858 0.412869 22 0.755393 2.16003 95.7677 6
179 1086882 0.634835 22 0.755376 2.16037 95.7698 6
180 1086900 0.473306 22 0.755364 2.16056 95.7714 6
181 1086920 0.545292 22 0.75535 2.16086 95.7732 6
182 1086941 0.583807 22 0.755335 2.16117 95.775 6
183 1086957 0.450515 22 0.755324 2.16155 95.7764 6
184 1086979 0.627464 22 0.755309 2.16205 95.7784 6
185 1087006 0.749199 22 0.75529 2.16235 95.7807 6
186 1087034 0.792511 22 0.755271 2.16281 95.7832 6
187 1087049 0.448073 22 0.75526 2.16298 95.7845 6
188 1087066 0.507265 22 0.755249 2.16319 95.786 6
189 1087070 0.12974 22 0.755246 2.16324 95.7864 6
190 1087090 0.596977 22 0.755232 2.16357 95.7881 6
191 1087103 0.393112 22 0.755223 2.16378 95.7893 6
192 1087125 0.657198 22 0.755208 2.16407 95.7912 6
193 1087139 0.428272 22 0.755198 2.16423 95.7925 6
194 1087154 0.468202 22 0.755187 2.16443 95.7938 6
195 1087172 0.536074 22 0.755175 2.16472 95.7954 6
196 1087189 0.5171 22 0.755163 2.16495 95.7969 6
197 1087209 0.640494 22 0.755149 2.16522 95.7986 6
198 1087228 0.618611 22 0.755136 2.16545 95.8003 6
199 1087241 0.437865 22 0.755127 2.16561 95.8014 6
200 1087254 0.432222 22 0.755118 2.16591 95.8026 6
