1 71 0.000445
2 119 0.000246
3 150 0.000174
4 183 0.000197
5 206 0.000166
6 224 0.000143
7 251 0.000224
8 275 0.000229
9 282 7.3e-05
10 288 7.8e-05
11 309 0.000224
12 313 5.1e-05
13 317 6.2e-05
14 335 0.00049
15 344 0.000134
16 360 0.000231
17 367 0.000115
18 371 6.8e-05
19 384 0.000255
20 390 0.000112
21 401 0.000261
22 403 0.000109
23 407 0.000156
24 410 0.057941
25 425 0.001985
27 433 0.000253
28 441 0.000384
29 451 0.00061
31 464 0.000434
32 469 0.000156
33 470 6.1e-05
34 475 0.000203
35 479 0.000951
36 487 0.00123
38 492 0.001405
40 495 0.000993
41 503 0.001072
42 513 0.001229
44 514 0.00024
45 515 0.000464
46 520 0.001837
47 523 0.000923
48 527 0.000367
49 530 0.000554
50 535 0.000534
51 538 0.000331
52 540 0.005708
53 542 0.000214
54 544 0.000499
55 546 0.000652
56 548 0.000536
57 549 8.4e-05
58 553 0.000707
59 556 0.000312
60 560 0.00078
61 561 6.3e-05
62 562 0.000506
63 565 0.000843
64 566 0.000237
65 567 0.000249
69 568 0.00108
70 569 0.000561
72 572 0.000444
75 573 0.000938
76 574 0.000576
80 577 0.002462
81 580 0.001084
85 583 0.001433
86 584 0.000632
87 585 0.000976
88 586 0.001315
90 588 0.001572
91 603 0.003072
94 607 0.001113
96 610 0.000766
99 611 0.002495
100 612 0.000418
