4 1
26 1
13 2
12 1
17 1
44 1
15 1
13 1
9 1
9 1
15 2
13 1
8 1
10 1
14 2
5 1
8 1
16 1
11 1
11 2
9 1
10 1
6 1
12 1
8 1
9 3
12 1
7 1
33 2
10 1
12 1
5 1
9 5
10 1
16 2
20 2
6 1
10 1
18 2
33 1
7 1
12 1
15 1
13 1
26 1
37 1
15 1
7 3
7 1
21 1
5 1
12 1
12 1
18 1
7 1
11 1
23 1
16 1
8 1
13 2
13 1
7 1
9 4
5 5
6 1
7 1
3 1
20 1
14 1
4 1
19 1
18 1
10 1
2 1
2 1
9 5
11 1
16 1
9 1
6 8
8 1
12 1
11 1
12 2
14 1
15 1
13 1
8 1
4 7
10 1
7 3
11 1
9 4
28 1
10 2
9 1
52 1
58 1
11 1
14 2
59 1
14 1
17 1
9 1
9 1
4 1
22 1
26 1
19 1
13 1
15 1
7 1
6 1
9 1
21 1
9 1
14 1
11 1
11 1
9 1
2 1
7 1
15 1
18 1
10 1
12 1
10 1
22 1
5 7
8 2
4 1
12 1
2 1
21 1
22 1
18 1
18 1
8 1
14 1
6 1
13 1
10 1
14 1
5 2
10 1
20 1
44 2
13 1
8 5
15 1
9 1
25 1
19 1
8 2
13 1
8 1
6 1
8 1
16 1
9 2
26 1
24 1
3 1
11 1
8 2
24 2
11 2
10 3
12 1
12 1
16 1
9 1
21 1
16 1
11 1
14 1
8 1
76 1
22 2
13 2
25 1
6 5
17 1
8 1
19 3
5 1
2 1
27 1
27 1
21 1
9 1
6 1
9 1
13 1
12 1
11 1
9 1
10 1
10 1
3 1
2 1
14 1
7 1
9 3
11 2
19 1
8 2
4 4
9 1
15 1
12 1
11 1
6 4
16 1
18 1
11 1
18 1
8 1
10 1
3 1
20 1
7 1
13 1
18 1
2 8
10 1
12 1
9 1
13 1
10 2
12 1
8 1
11 1
7 1
12 1
7 1
13 2
5 1
12 1
7 4
9 2
5 1
8 1
4 3
10 1
7 1
14 1
11 1
45 2
38 1
19 1
8 1
8 1
7 1
27 1
24 1
18 1
14 1
8 3
13 1
12 1
14 1
8 1
13 1
3 1
7 1
10 1
31 1
14 1
16 1
6 2
27 1
4 1
14 1
12 1
4 1
27 1
12 1
9 1
9 1
12 1
14 1
11 1
5 2
11 1
8 1
21 1
43 1
11 1
11 1
9 1
8 1
15 1
15 1
9 1
11 1
16 1
4 3
12 1
9 1
10 1
34 1
10 2
11 1
9 1
10 1
11 1
7 1
13 1
10 1
10 1
4 1
14 1
10 1
14 1
8 6
3 4
11 1
8 1
9 2
17 2
51 1
8 1
12 1
16 1
7 1
9 2
9 1
32 1
16 1
6 1
11 1
7 4
13 1
8 1
14 1
12 1
6 1
3 2
10 2
12 1
8 1
19 1
16 1
13 1
10 2
3 1
11 1
4 2
7 2
12 1
16 1
7 1
12 1
15 1
4 1
11 1
14 1
2 1
9 1
13 1
14 1
2 1
13 1
12 2
9 1
26 2
7 1
17 1
8 1
7 1
27 1
10 2
11 1
16 1
10 1
14 2
17 1
9 1
7 1
4 2
8 2
10 1
24 1
15 1
8 2
13 1
14 1
22 1
10 1
9 1
5 1
10 2
2 1
3 1
22 1
6 2
14 2
9 2
13 1
49 1
14 1
14 1
29 1
9 2
21 1
6 3
5 1
8 1
13 1
16 1
12 1
11 1
20 1
13 1
14 1
17 1
19 1
26 1
22 1
15 2
7 2
24 1
7 1
9 1
18 1
28 2
9 1
7 2
16 2
13 1
10 1
4 6
13 1
15 2
8 1
3 1
8 1
10 1
9 1
9 1
12 1
9 3
12 1
16 1
13 1
15 1
11 1
6 2
15 1
7 1
30 1
24 1
14 1
24 2
23 1
11 1
11 2
10 1
10 1
6 1
8 1
6 1
19 1
17 2
10 1
7 1
12 1
3 1
17 1
24 1
9 1
23 2
9 1
3 1
22 1
19 1
8 1
33 1
8 2
9 1
8 1
11 1
8 1
17 1
6 1
15 1
50 1
13 1
10 1
38 1
24 4
2 1
15 1
15 1
22 1
12 1
12 1
15 1
10 2
13 1
14 1
9 1
7 1
17 1
3 2
8 1
11 1
12 1
10 1
7 1
4 1
11 1
9 1
6 1
3 2
6 2
9 1
5 2
12 2
9 1
15 1
11 1
3 1
7 1
13 1
23 1
14 1
11 2
18 1
13 1
8 1
21 1
9 1
7 1
11 2
13 1
10 2
45 1
3 1
7 1
27 1
13 1
11 2
14 1
10 1
7 1
9 1
7 2
31 2
10 1
7 1
2 3
8 1
20 2
17 1
12 1
52 1
21 2
73 4
9 3
13 1
13 1
12 1
9 1
9 1
15 1
13 2
7 1
11 1
11 4
18 1
10 1
10 1
13 1
19 1
3 1
10 1
23 1
6 1
2 1
6 1
8 1
17 1
5 1
8 4
8 1
19 1
6 1
13 1
2 1
7 1
11 1
11 1
13 1
10 1
24 1
18 1
10 1
8 1
6 3
24 1
15 1
9 1
12 1
3 1
5 3
5 1
24 2
6 1
9 1
15 1
9 1
12 1
18 1
7 1
5 1
13 1
25 1
7 1
16 2
10 2
15 1
5 4
24 1
17 1
10 1
7 3
11 1
13 1
9 2
6 1
9 1
30 1
27 1
13 1
9 1
13 1
20 4
18 1
7 1
14 1
12 1
32 1
14 1
13 1
7 1
8 1
19 1
28 1
6 1
10 1
17 1
11 1
12 1
8 1
29 1
14 1
10 3
6 1
50 1
9 1
5 1
12 1
12 2
11 1
10 2
8 1
9 1
14 1
8 2
14 1
25 1
10 1
8 1
9 2
8 1
11 1
8 2
15 3
12 1
19 1
3 5
7 1
9 1
7 3
11 2
20 1
9 1
9 1
12 1
8 3
12 1
47 1
11 1
7 1
10 2
13 2
11 1
10 1
21 1
9 1
14 1
14 1
8 1
25 2
10 1
14 1
12 1
10 1
26 1
17 1
3 1
22 1
25 1
12 1
7 2
4 1
10 1
9 1
14 1
17 1
25 1
10 1
7 1
12 1
17 1
5 1
23 1
16 1
12 1
7 1
9 1
3 1
19 1
11 2
5 3
13 1
7 1
15 1
15 1
7 1
19 1
17 2
10 1
20 1
11 1
8 1
13 1
16 6
8 1
3 1
14 1
11 1
12 1
9 1
10 2
14 1
45 1
11 1
4 1
8 1
9 1
17 1
20 1
12 1
11 1
8 5
23 2
7 2
13 2
15 1
5 2
14 1
8 1
9 1
44 2
12 1
11 1
5 1
24 4
6 1
13 1
11 1
54 1
13 1
2 1
20 4
15 1
21 2
8 2
19 1
12 1
9 1
5 1
11 1
12 1
4 1
7 1
11 1
8 1
11 1
46 1
13 1
7 1
9 1
15 1
12 2
12 1
20 2
8 1
7 2
17 1
13 1
13 1
26 1
10 4
5 1
7 1
2 1
12 1
7 1
13 3
11 1
5 1
7 1
7 1
14 1
9 1
16 1
16 1
7 1
9 1
15 1
11 1
7 1
10 1
2 1
11 1
21 1
6 2
2 1
8 1
7 1
12 1
10 1
9 1
5 1
8 1
8 1
9 2
5 2
20 1
8 1
7 2
71 1
10 1
19 2
32 1
9 1
21 1
6 1
9 2
9 2
16 1
9 1
11 1
13 1
5 4
52 1
15 1
15 1
13 1
11 1
9 1
12 1
20 2
11 1
7 8
9 1
13 1
78 1
10 1
27 1
25 1
9 1
16 1
11 1
49 1
7 1
23 1
6 1
12 1
17 1
6 1
14 1
34 1
7 1
50 2
17 1
5 2
14 1
10 1
25 2
7 2
3 1
14 1
15 1
16 8
8 1
35 1
8 1
9 1
13 1
11 1
11 1
13 1
7 1
33 1
11 1
7 1
8 1
13 1
13 1
14 1
2 1
22 2
28 1
7 1
8 1
16 3
19 3
13 1
9 1
10 1
9 1
6 1
17 1
9 1
14 1
17 1
18 2
8 1
14 1
3 2
11 1
7 2
10 1
4 1
19 1
27 1
8 1
14 1
9 1
38 1
3 1
8 1
7 1
19 1
9 3
10 1
8 2
17 2
18 1
31 1
12 1
20 1
7 1
19 1
11 1
16 1
8 2
3 8
9 1
17 1
29 1
8 1
8 1
14 2
2 1
23 2
10 2
6 1
9 1
18 1
5 1
12 1
11 1
16 1
22 1
8 1
7 7
15 1
19 1
8 1
13 1
11 1
20 1
15 1
13 1
24 1
5 1
13 1
11 2
9 1
16 2
11 1
13 1
11 1
31 1
20 1
9 1
15 1
8 2
28 1
3 1
15 1
25 1
28 1
12 1
10 1
13 1
11 1
6 1
8 1
8 1
12 1
19 1
8 2
21 1
11 1
9 1
16 1
17 1
10 1
25 1
9 1
21 1
32 2
8 1
29 2
8 1
8 3
6 1
12 1
13 1
11 1
13 1
19 1
23 1
6 2
18 4
26 2
11 1
12 1
10 1
9 1
8 1
11 1
11 1
2 1
16 2
20 1
11 1
12 1
8 1
2 1
10 1
11 1
6 1
17 1
5 1
17 1
11 1
11 1
10 1
12 1
13 1
11 1
14 2
9 1
19 1
19 1
12 3
34 1
8 1
5 1
28 1
8 1
19 1
17 1
9 1
7 1
18 1
32 1
6 1
11 1
18 1
12 2
9 1
17 1
14 1
21 1
7 1
13 1
10 1
7 1
38 1
10 1
9 1
10 1
16 1
21 1
13 1
10 1
19 2
11 1
7 2
7 1
4 1
21 1
7 1
26 1
28 2
11 1
9 1
16 1
6 1
6 1
13 1
7 1
7 1
28 2
13 1
6 3
16 3
14 1
8 1
12 4
11 1
13 1
15 1
6 1
8 1
14 1
10 1
8 4
15 1
2 1
13 1
6 1
18 2
8 1
12 1
7 1
11 1
33 1
19 1
17 1
10 1
14 1
10 1
7 1
25 2
16 1
8 1
10 1
7 3
4 2
18 1
9 1
53 1
6 4
19 3
14 1
13 1
31 1
18 1
17 2
9 1
7 1
23 2
6 1
11 1
7 2
14 1
11 1
5 1
25 1
13 1
9 1
9 2
12 1
16 1
12 1
22 1
16 1
8 2
3 1
7 1
6 1
11 1
7 1
15 1
19 1
14 1
5 1
7 1
9 1
5 3
10 1
8 1
15 1
9 1
6 4
6 3
3 1
14 1
22 1
9 1
21 1
17 2
16 1
15 1
15 1
28 1
7 2
13 1
8 1
5 1
10 1
21 1
11 1
3 1
12 1
11 1
11 1
14 1
41 1
8 1
17 1
12 4
18 1
12 1
7 1
18 1
12 1
10 1
14 1
15 1
6 1
12 1
9 1
8 1
17 1
12 1
17 1
13 1
17 1
13 1
69 1
10 1
7 1
13 1
18 1
5 1
11 1
5 1
14 1
13 1
2 1
10 1
17 1
14 1
8 3
12 1
20 1
7 1
8 1
12 1
2 1
15 1
14 1
7 3
7 1
8 1
2 5
10 1
8 1
10 1
10 1
15 1
8 2
19 1
18 1
7 4
19 1
5 1
15 1
11 1
9 1
7 2
5 1
14 1
7 2
14 2
8 1
7 1
7 1
21 1
14 1
19 1
2 1
15 1
4 2
4 1
23 1
16 1
7 1
21 2
20 2
8 2
19 2
13 1
14 1
33 1
7 2
19 1
10 1
20 2
10 6
14 1
12 1
2 1
13 1
9 1
8 2
12 1
15 2
9 2
16 1
21 2
19 2
19 1
12 1
11 1
2 2
7 3
23 1
24 1
4 8
22 2
7 2
19 1
3 1
6 1
11 1
12 1
16 1
12 1
16 1
13 1
5 4
23 1
9 3
26 1
8 1
12 1
15 2
7 1
4 1
10 1
7 1
3 6
8 1
24 2
11 1
7 1
19 1
20 2
14 1
7 1
7 1
13 1
8 1
13 1
8 1
15 1
17 1
12 1
54 1
28 1
6 1
10 1
14 1
6 1
17 1
3 1
16 1
8 1
4 1
7 2
11 1
9 1
27 1
5 1
9 1
46 1
7 1
10 2
19 2
22 1
10 1
13 1
16 1
13 1
12 1
14 1
14 1
8 1
6 1
17 1
11 1
11 1
7 1
16 1
17 1
14 1
15 1
5 3
14 1
7 1
5 1
13 1
18 1
12 1
27 1
20 1
9 1
10 1
16 1
8 3
13 2
10 1
13 1
13 1
10 1
9 1
7 1
7 1
9 1
3 1
2 1
9 1
10 1
15 1
13 1
17 1
49 1
11 1
8 1
15 1
8 1
4 3
11 1
20 1
15 1
6 1
12 1
4 1
29 1
11 1
15 1
15 1
21 1
8 1
12 1
15 1
8 2
9 1
4 2
14 1
19 1
21 1
18 1
24 1
48 2
10 1
2 1
20 1
11 1
8 1
51 1
4 3
10 1
10 1
9 1
15 1
23 1
13 1
19 1
7 1
14 1
3 1
7 1
14 1
14 1
9 2
10 1
15 1
27 1
15 1
14 1
33 1
15 1
39 1
8 2
13 1
8 1
18 1
12 1
13 1
3 3
11 1
17 1
11 1
12 1
3 1
6 1
13 1
10 2
8 2
15 1
14 1
6 1
14 1
8 4
3 1
13 1
3 1
8 1
14 1
15 2
6 1
14 1
13 1
12 1
17 1
7 1
15 1
19 2
15 1
22 1
3 2
3 1
23 2
2 1
22 1
11 1
23 2
15 1
46 2
15 1
7 1
19 1
76 1
4 1
10 1
9 1
12 2
22 1
17 1
18 1
3 2
12 1
7 1
17 1
7 1
4 3
7 1
10 1
10 1
8 1
12 1
24 1
3 7
24 1
8 1
3 1
8 1
11 2
26 1
6 4
8 1
7 2
13 1
9 1
19 1
12 1
13 1
12 1
22 1
11 2
13 1
15 1
9 1
11 2
22 1
9 1
15 1
9 1
22 1
14 1
16 1
14 1
6 1
6 2
21 2
10 2
16 1
6 1
17 1
2 1
9 1
9 1
8 1
51 1
15 1
9 1
8 1
9 1
10 1
12 1
8 3
15 1
16 1
4 2
13 1
6 1
13 1
7 1
14 1
21 1
19 2
2 1
13 1
3 1
10 1
10 1
8 1
12 1
18 4
5 5
9 1
7 1
13 1
2 4
3 1
10 1
13 1
8 1
26 1
9 1
8 1
7 3
5 1
8 2
31 1
15 1
7 2
22 1
17 1
12 1
56 1
13 2
52 2
17 1
8 1
15 1
18 1
19 1
13 1
64 2
3 1
20 1
10 1
16 2
6 1
14 1
8 1
12 1
13 1
7 1
24 2
12 1
4 1
12 1
7 2
13 1
10 1
8 1
11 1
11 1
10 6
10 1
20 1
21 1
10 1
10 3
18 1
3 1
9 1
17 3
9 1
6 1
7 1
30 1
11 1
8 1
25 1
20 1
17 1
22 1
11 1
14 1
3 1
26 1
35 1
20 1
9 2
8 1
9 1
8 1
10 1
8 1
13 1
6 2
14 1
8 1
48 2
9 1
13 2
32 1
12 1
11 1
10 1
6 1
17 1
7 1
28 2
12 1
8 1
26 1
10 1
10 1
6 1
11 5
19 1
5 1
12 1
7 3
8 1
6 2
7 1
9 1
26 1
7 1
6 1
6 1
13 1
33 2
34 1
5 1
23 1
24 2
10 1
22 1
8 1
2 1
5 1
14 1
9 1
16 1
8 1
11 1
26 3
8 1
34 1
14 1
8 1
16 1
7 1
19 1
15 1
4 1
19 1
19 1
9 1
8 1
14 1
14 1
7 9
8 1
8 1
57 1
14 1
25 1
21 1
29 1
7 1
9 1
11 1
12 1
16 1
14 1
2 1
30 1
15 1
18 1
6 1
17 1
8 2
2 2
10 1
9 1
16 2
25 1
14 1
8 1
7 1
11 1
13 1
2 1
7 1
5 1
12 1
7 1
9 1
30 1
6 1
11 1
26 1
11 1
27 1
17 1
18 1
7 1
49 1
3 1
6 1
10 1
23 1
15 1
13 1
11 3
21 1
12 1
4 1
26 1
5 1
11 1
14 1
8 1
2 1
6 1
9 1
8 1
22 1
20 1
10 1
27 1
10 4
2 1
9 2
9 1
14 1
13 2
15 1
20 1
8 3
8 2
6 1
15 1
21 1
18 1
2 1
14 1
14 2
20 1
12 1
13 2
10 1
5 3
8 1
6 3
19 1
7 1
20 1
12 1
13 1
16 1
6 1
8 2
7 1
11 1
10 2
3 1
6 1
16 1
6 1
10 1
14 1
10 1
5 1
11 1
12 1
12 1
9 1
22 1
8 2
7 4
23 1
10 1
8 2
20 1
10 1
6 3
30 1
9 1
41 1
7 1
8 4
12 1
11 2
8 1
6 1
12 1
5 4
2 1
14 2
16 1
13 1
9 1
8 2
9 1
7 1
9 1
9 1
12 1
2 1
4 1
11 1
6 1
20 2
7 2
8 1
8 1
33 1
34 1
10 2
8 3
3 2
8 1
7 1
8 1
14 1
12 1
6 5
25 1
6 1
15 1
5 2
14 1
11 1
25 1
12 1
21 1
21 1
12 1
18 1
8 1
8 1
9 1
13 1
11 1
4 3
13 1
9 2
14 1
11 1
28 2
6 1
7 6
42 1
44 1
8 1
7 1
10 4
9 1
15 1
12 3
52 1
9 1
2 1
2 2
29 1
13 1
5 1
7 3
15 1
11 1
8 1
19 1
18 1
18 1
12 1
10 1
10 1
26 1
21 1
23 1
23 5
13 1
49 1
13 1
49 1
8 1
4 1
14 1
12 1
7 2
3 1
6 3
12 1
16 1
34 1
15 1
4 6
21 1
2 1
7 1
15 1
27 1
29 1
10 1
10 1
10 2
14 1
8 1
9 1
9 1
11 1
9 1
14 1
3 1
22 1
9 1
6 1
2 3
8 1
7 1
21 3
7 1
14 2
27 1
11 1
9 2
24 1
12 1
7 1
11 1
7 1
4 1
7 1
12 1
12 1
7 1
6 1
10 1
15 1
17 2
14 1
8 3
3 1
15 7
10 1
2 1
16 1
11 1
35 1
11 1
48 1
15 1
3 1
6 1
9 2
6 1
25 1
16 1
2 1
17 1
7 1
10 2
7 1
6 1
2 1
15 1
11 3
26 1
12 3
10 2
13 1
18 1
7 1
10 1
17 1
5 1
2 1
7 1
10 2
33 1
14 1
8 3
9 1
10 1
9 1
13 1
8 1
13 1
45 2
2 1
19 1
18 1
7 1
9 1
32 3
6 3
11 1
14 1
14 1
2 1
12 1
13 1
7 4
6 1
7 3
8 1
13 1
17 1
11 1
12 4
11 5
6 1
12 2
11 1
2 1
10 1
4 1
13 1
14 2
13 1
13 2
8 1
20 2
9 1
28 1
18 1
6 1
13 1
14 1
9 2
18 3
17 2
11 2
10 2
6 1
7 1
34 1
7 1
58 1
9 1
28 2
15 1
16 1
8 1
5 2
8 1
10 1
6 1
11 1
9 4
9 1
14 1
16 1
12 2
12 1
9 1
16 1
9 1
2 2
8 1
2 1
19 3
9 3
15 1
15 1
11 2
13 2
2 1
9 3
2 3
12 1
2 1
9 2
16 3
7 1
12 1
28 1
9 1
9 1
14 1
16 1
13 1
10 1
11 1
26 1
4 4
9 1
20 2
7 1
12 1
7 2
8 1
8 4
15 1
7 1
11 2
13 1
7 1
16 1
38 1
69 1
9 1
14 1
10 2
12 1
8 1
19 1
12 1
5 5
15 3
9 1
21 1
3 1
12 1
10 2
8 1
9 2
18 1
7 1
13 1
43 1
26 2
13 1
9 1
15 1
8 1
11 1
9 4
16 1
19 1
2 1
16 1
8 4
2 1
32 1
13 1
9 1
9 1
8 1
14 1
16 1
8 1
12 1
6 5
37 2
13 1
9 1
20 2
14 1
20 1
17 1
3 1
10 1
10 1
10 1
2 1
28 1
10 2
14 1
22 1
15 1
2 1
9 1
15 1
16 1
12 1
29 1
13 1
12 1
8 1
9 2
10 1
15 1
7 1
14 1
7 1
5 1
15 1
11 1
10 1
13 1
18 1
9 1
14 2
33 1
11 1
10 1
10 1
5 1
10 1
14 1
25 1
17 1
8 1
9 1
12 1
2 1
4 1
24 1
7 2
20 1
8 2
9 2
9 2
9 2
16 1
10 1
7 1
9 1
17 1
18 1
8 1
10 1
24 1
5 1
9 1
9 3
7 2
24 1
10 1
19 1
10 1
16 1
11 1
7 1
12 1
6 3
12 1
16 1
8 1
5 1
8 1
7 1
17 1
12 1
20 1
25 1
15 2
15 1
8 1
18 1
13 1
10 1
19 1
5 2
11 1
3 1
12 1
33 1
13 1
20 2
18 1
21 2
18 1
13 1
8 1
17 1
9 1
14 1
4 1
6 1
21 1
11 1
32 1
8 1
9 1
14 1
10 1
17 1
10 2
11 1
2 1
6 2
12 1
29 1
10 1
21 1
16 2
8 3
21 1
16 1
13 1
14 1
4 1
8 1
10 1
8 1
18 1
2 1
15 1
26 3
14 1
11 1
4 1
7 1
11 1
17 1
21 1
7 5
8 1
13 1
17 1
10 1
13 1
6 1
9 1
3 1
10 1
14 1
13 1
15 2
9 1
9 2
26 1
7 3
14 1
22 1
9 1
11 1
14 1
17 1
6 1
9 1
17 1
7 3
13 1
11 1
13 1
13 1
11 1
17 1
10 1
10 1
12 1
18 1
12 4
9 1
9 1
18 2
3 1
10 1
13 1
12 1
6 4
12 1
12 1
10 3
24 1
11 3
12 1
23 1
7 1
2 1
10 1
8 1
5 1
8 1
9 2
5 2
12 1
11 2
19 4
25 2
22 3
4 2
14 1
7 1
68 1
11 1
7 1
3 1
12 1
5 1
15 1
30 1
3 1
7 1
71 1
10 1
7 1
9 1
13 1
11 1
8 1
14 1
25 1
6 1
12 1
11 2
13 1
7 1
6 5
21 2
9 1
17 1
6 1
11 1
11 1
18 1
17 1
19 2
13 1
22 1
16 1
15 1
7 1
10 1
16 1
16 1
12 1
22 1
9 1
8 2
13 1
24 1
10 1
6 4
12 1
10 1
8 2
2 1
14 1
12 1
15 1
7 10
11 1
5 5
13 1
6 2
30 1
16 1
8 1
11 2
7 2
22 1
27 1
21 1
21 1
7 2
11 1
17 2
16 1
15 1
9 2
14 1
24 1
13 1
10 1
10 1
10 1
10 1
17 1
20 1
6 1
2 1
12 1
2 1
71 1
11 1
21 1
15 1
6 1
17 1
21 1
10 1
24 1
12 1
9 1
9 1
11 1
9 1
72 1
15 1
16 1
10 2
8 1
22 1
15 1
7 1
15 1
26 1
3 1
10 1
11 1
18 1
17 2
25 1
69 1
11 1
2 1
10 1
7 1
8 1
18 1
33 1
11 1
14 1
15 1
2 1
15 1
14 2
21 1
14 1
12 1
15 1
7 1
6 1
16 1
18 1
14 2
14 1
17 1
15 2
11 1
7 1
9 1
16 1
25 1
11 1
20 1
13 1
5 2
11 1
10 1
20 2
10 2
15 1
5 1
17 1
14 1
11 1
9 1
10 1
13 1
15 1
2 1
16 1
11 1
20 1
14 1
14 1
25 1
10 1
7 1
23 1
2 1
12 2
25 1
4 1
12 1
11 2
27 1
9 1
25 1
3 1
32 1
24 1
39 1
20 1
7 1
12 1
12 1
9 1
5 1
12 1
9 1
11 1
10 1
24 1
10 1
7 1
10 1
10 1
10 1
2 12
2 2
2 1
7 2
7 1
19 1
14 1
14 1
12 1
6 4
2 1
13 1
8 1
15 1
9 1
17 1
5 1
20 1
18 1
12 1
2 9
8 1
21 1
9 2
13 1
14 1
12 1
5 2
4 1
10 1
17 2
11 2
2 1
7 1
16 1
8 1
10 1
12 1
13 1
13 1
6 2
21 1
22 1
6 1
13 1
6 1
3 1
9 1
18 1
15 1
19 1
12 1
20 1
16 1
26 1
17 2
13 1
22 1
8 1
11 1
4 2
16 1
9 1
12 1
15 1
11 1
4 3
16 1
12 2
19 1
3 3
2 2
13 1
3 1
18 2
16 1
7 1
9 1
7 1
32 1
22 1
11 1
3 1
6 2
10 2
16 1
6 1
18 1
12 1
7 2
14 1
13 1
10 1
13 1
6 1
12 1
18 1
10 1
12 1
17 1
3 5
19 1
3 3
9 1
3 1
16 1
11 1
15 2
9 1
15 1
9 1
10 1
15 1
8 1
14 2
7 1
7 1
13 1
16 1
12 1
11 1
3 1
10 1
14 1
7 2
7 3
10 1
6 1
21 1
11 2
17 1
2 7
8 1
21 1
11 1
2 1
16 1
4 5
7 1
7 1
7 1
17 1
8 2
6 1
9 1
8 1
11 1
13 1
22 1
23 2
9 1
17 1
15 1
11 1
11 1
25 1
14 2
27 1
10 1
14 1
10 1
11 1
10 1
12 2
22 1
10 5
21 1
8 1
9 1
2 2
9 2
10 1
13 1
4 1
35 1
8 1
19 1
13 1
10 1
8 2
13 1
9 1
9 1
3 1
8 1
32 1
7 1
14 1
15 1
11 1
13 1
16 1
7 1
14 1
3 1
12 1
11 1
33 2
10 1
18 1
23 1
15 1
9 2
14 1
2 1
16 1
15 1
6 1
15 1
57 1
8 1
11 1
16 1
11 1
15 1
6 1
5 1
17 1
20 1
7 2
18 1
33 1
8 1
16 2
53 1
10 1
9 2
34 1
14 1
10 2
10 1
3 1
12 1
11 1
22 1
32 1
8 1
7 1
57 2
12 1
14 2
7 2
10 1
27 1
10 1
9 1
15 1
10 2
20 1
17 1
22 1
2 1
9 1
13 1
14 1
26 3
17 3
6 1
14 1
7 1
9 1
19 1
7 2
22 1
13 1
11 1
10 1
9 2
10 1
12 1
45 3
5 1
8 1
11 1
18 1
8 1
16 1
10 1
19 1
8 1
9 1
9 1
51 2
6 2
13 1
8 1
2 1
14 3
11 1
13 1
52 1
14 1
28 3
11 1
14 1
12 1
14 2
3 1
10 1
19 1
27 1
7 1
15 1
10 1
7 2
18 1
14 3
10 2
14 1
20 1
40 1
48 1
12 1
11 1
8 1
12 1
19 1
29 2
3 1
17 1
14 1
7 1
11 1
8 1
6 1
9 1
15 1
11 1
17 1
8 1
19 3
26 1
17 2
5 3
14 1
13 1
9 1
2 1
11 1
18 1
9 1
13 1
9 2
6 6
14 1
7 2
7 1
6 1
7 1
13 1
10 1
6 1
20 1
14 1
5 1
11 1
5 2
6 1
15 1
11 1
9 1
8 1
14 2
13 2
24 1
27 1
19 1
20 3
11 1
44 1
11 1
8 2
9 1
23 1
12 1
22 1
15 1
22 1
16 1
11 1
10 1
2 1
12 1
13 1
16 1
23 1
6 1
9 1
19 1
12 1
9 1
10 2
10 1
12 1
20 2
22 1
25 1
7 2
2 2
13 1
13 1
3 9
13 1
9 1
3 1
10 2
11 1
15 1
5 2
17 2
10 1
8 2
14 2
7 2
7 1
12 1
12 1
28 2
3 2
15 1
9 1
8 1
9 1
13 1
18 2
6 1
19 9
6 7
10 1
14 1
12 1
13 1
12 1
14 1
14 1
13 1
5 1
16 1
14 1
9 1
7 1
8 1
20 3
7 1
14 1
15 1
11 1
10 3
8 1
10 1
12 1
10 1
24 1
8 1
2 1
3 2
15 1
3 1
7 1
14 1
12 1
13 1
20 1
20 1
10 1
10 1
12 1
16 1
8 1
5 1
33 1
68 1
19 1
12 1
20 1
16 1
14 1
6 1
16 1
15 1
30 2
11 1
8 1
5 1
7 1
4 1
21 1
31 1
22 1
10 1
30 1
11 1
12 1
10 1
10 2
8 2
3 1
11 1
8 1
13 1
4 1
22 1
14 1
15 1
12 1
17 2
7 1
10 1
8 1
17 1
12 1
13 1
12 1
23 1
15 1
13 1
2 1
35 1
13 1
17 1
6 1
15 1
2 1
13 1
11 1
11 1
16 2
11 1
24 1
9 1
11 1
7 1
21 1
6 1
12 1
17 1
8 1
15 1
2 1
14 1
13 1
10 1
9 1
18 1
8 1
8 1
7 1
11 2
13 3
20 1
12 1
11 1
8 3
9 1
19 1
7 2
21 1
13 2
7 1
9 1
12 1
29 1
7 1
15 1
26 1
16 1
13 1
3 1
22 1
5 1
7 2
13 1
17 1
16 1
4 1
5 1
10 1
9 1
29 1
6 2
4 1
13 1
9 1
3 1
18 12
2 3
6 1
14 1
13 1
16 1
13 1
8 1
7 2
7 2
19 1
27 1
12 1
14 1
12 1
9 1
8 1
16 1
22 2
10 1
9 1
12 1
8 1
6 1
14 1
10 1
19 2
14 1
14 2
10 2
13 1
15 2
33 1
7 1
8 1
14 1
4 1
13 1
8 1
20 1
11 1
22 1
50 1
2 1
51 1
6 1
16 1
8 1
11 1
12 1
20 1
7 4
18 1
11 1
2 1
8 1
11 1
15 1
20 1
12 1
17 2
6 1
7 1
5 1
5 1
7 2
8 1
19 1
39 1
17 1
17 1
29 1
9 1
2 1
33 1
19 1
10 1
36 2
8 1
7 2
11 1
9 1
8 1
13 1
10 1
11 1
9 1
24 1
14 1
25 1
14 1
13 1
30 1
47 3
23 1
20 1
12 1
7 1
12 1
11 2
16 1
13 1
7 1
16 1
5 1
7 2
11 1
15 1
11 1
7 1
17 2
8 1
13 1
19 1
26 2
6 1
6 1
10 1
24 1
20 1
15 1
7 1
18 1
6 1
16 1
4 1
10 1
20 1
14 1
8 9
3 1
29 1
8 2
16 2
15 1
17 1
12 1
12 1
13 1
8 1
16 1
7 1
10 1
7 1
23 1
22 2
9 1
10 1
8 1
15 3
20 1
23 1
10 1
24 1
9 2
11 1
13 1
18 1
4 1
8 1
11 1
15 1
6 1
20 1
7 1
7 1
10 1
9 1
7 1
10 1
9 1
8 1
15 1
13 1
17 2
7 1
17 1
15 1
6 1
25 1
12 1
12 1
8 1
47 1
17 1
9 2
5 2
17 1
12 1
22 1
11 2
10 2
3 1
9 1
11 1
13 1
8 1
11 1
13 1
16 1
11 1
7 1
25 1
10 1
6 1
12 1
11 1
19 1
22 1
50 2
17 2
6 4
10 1
10 1
4 2
10 1
7 3
18 1
5 1
15 1
8 1
14 1
15 1
2 1
6 1
2 1
8 1
12 1
19 1
6 1
12 1
5 1
79 1
16 1
5 3
9 1
33 1
13 1
6 1
7 1
18 1
10 1
13 1
13 1
50 1
10 3
18 1
17 1
39 1
13 1
9 1
18 2
5 1
11 1
20 1
20 1
6 2
5 3
7 1
5 5
20 1
2 1
11 1
8 1
12 1
15 1
10 1
29 1
10 4
8 1
14 1
25 1
7 1
10 1
22 2
14 1
8 1
18 1
18 1
6 1
11 1
17 1
11 1
6 1
7 1
8 1
16 1
13 1
8 1
10 1
9 1
13 1
10 3
14 1
14 1
6 1
25 1
10 1
2 1
19 1
11 1
12 2
19 2
11 1
10 1
17 1
8 1
26 1
13 1
19 1
14 1
12 1
17 1
16 1
10 1
17 1
10 1
9 1
10 1
12 1
11 1
9 1
9 1
13 1
4 1
5 1
16 2
10 1
16 1
20 1
15 2
6 1
8 1
7 5
17 1
11 2
12 1
21 1
11 1
9 2
16 2
12 1
9 1
5 1
18 1
9 1
12 1
14 2
19 1
10 1
2 1
13 1
11 1
10 1
20 1
12 2
12 1
7 2
2 1
20 1
13 1
19 1
18 1
12 1
74 1
20 1
6 1
7 1
7 1
11 4
21 1
18 1
18 1
18 1
16 1
13 1
19 1
4 1
26 1
11 1
17 1
12 1
16 1
16 1
21 1
17 1
13 1
11 1
17 1
12 1
13 1
26 1
2 1
9 1
10 1
3 2
11 1
20 1
10 1
26 1
6 1
20 1
11 1
8 3
10 1
12 3
6 1
13 2
13 1
11 1
6 1
8 1
50 1
6 1
12 1
6 1
12 1
8 1
5 1
7 1
25 3
10 1
10 1
7 3
9 1
16 1
2 1
12 1
10 1
11 1
11 1
9 2
20 1
9 1
17 1
15 2
5 3
10 1
5 5
12 1
28 1
31 1
7 1
9 1
8 3
11 1
20 1
9 1
6 1
21 1
8 1
12 2
9 1
8 1
9 1
25 1
13 1
6 2
8 1
9 2
31 1
6 1
39 4
20 1
8 4
12 1
11 2
6 1
10 1
9 2
18 1
9 1
69 1
18 1
13 1
9 2
16 1
9 1
22 1
15 1
16 1
30 2
20 1
9 1
3 4
8 1
5 10
3 1
18 1
15 1
3 3
19 1
13 1
7 2
8 1
37 1
3 1
24 1
6 4
7 2
13 1
13 1
12 1
24 3
3 1
42 1
14 1
7 1
14 1
9 1
19 1
11 1
11 1
13 1
54 1
16 1
24 1
9 4
26 1
20 1
11 1
12 1
11 1
21 1
10 1
30 1
7 1
10 2
4 1
15 2
2 1
18 1
6 1
8 1
12 1
14 2
9 1
9 2
5 3
9 1
12 1
9 1
10 1
12 1
11 1
12 1
9 1
14 1
13 2
17 1
10 1
13 1
13 2
18 1
11 1
8 2
15 1
12 1
5 1
20 1
32 1
15 1
12 1
12 1
6 1
20 1
6 5
13 1
29 1
5 1
18 1
12 1
6 1
41 2
13 1
7 1
3 1
8 8
9 1
2 1
8 2
12 1
5 1
2 1
8 1
7 1
9 1
11 1
3 3
14 1
9 1
13 2
11 1
18 1
11 2
13 1
14 1
21 1
13 1
3 1
12 1
8 1
8 2
14 1
10 1
12 1
14 1
11 1
5 2
8 1
21 1
12 1
7 1
14 1
10 1
9 1
2 1
24 1
8 1
11 1
38 1
6 2
16 3
8 1
11 1
16 1
16 1
34 1
17 1
15 1
21 1
13 1
15 4
47 1
18 1
20 2
8 1
7 1
10 1
4 1
12 1
35 2
12 1
12 2
5 1
12 1
13 1
10 2
11 1
9 1
13 1
18 1
9 1
12 1
16 1
14 2
39 1
19 2
11 1
18 2
8 1
3 1
6 2
14 1
18 1
25 1
26 1
39 1
13 1
6 1
6 1
18 1
8 1
7 1
21 1
10 2
4 1
55 1
12 1
23 1
8 9
20 2
10 2
7 1
5 1
8 1
8 1
14 1
5 1
11 1
7 1
16 1
12 1
9 1
9 1
53 1
6 1
20 2
9 1
47 5
7 2
11 1
8 1
5 1
8 1
11 1
13 1
25 1
8 1
14 1
19 1
17 1
10 1
4 1
13 1
10 1
9 2
9 1
6 5
8 1
8 1
43 1
14 1
9 1
10 1
12 1
5 1
6 2
11 1
30 2
15 1
23 1
14 1
14 1
23 2
28 1
17 1
3 6
9 1
12 1
12 1
7 2
8 1
15 1
10 1
12 1
11 1
6 1
10 1
11 1
18 1
20 4
8 1
10 1
8 1
20 1
17 1
10 1
5 3
14 1
4 1
14 1
2 1
15 1
2 6
8 1
12 2
29 1
36 1
7 1
32 1
12 1
11 1
39 1
10 2
15 1
14 1
21 2
23 2
7 1
9 1
9 1
5 1
9 1
13 1
10 2
23 1
10 1
16 2
16 2
25 1
7 1
7 1
10 1
13 1
9 1
10 1
9 2
16 1
10 1
12 1
7 1
12 1
13 2
19 1
10 1
8 2
6 1
9 1
7 1
10 3
13 1
10 1
11 3
13 1
7 1
20 1
24 1
16 2
16 1
16 1
11 2
12 1
5 2
19 1
14 1
21 1
3 4
9 6
5 1
8 5
6 4
18 1
8 2
14 2
10 1
10 1
7 1
13 1
21 1
16 1
8 1
2 1
8 1
8 1
3 1
12 1
15 1
9 1
24 2
9 1
6 5
6 1
22 1
24 1
11 1
28 1
11 1
49 1
7 2
4 1
17 1
12 3
11 1
8 1
8 1
30 2
6 1
15 1
12 1
10 1
7 1
36 2
11 1
27 3
14 1
9 1
9 2
13 1
13 2
9 2
7 2
13 1
11 1
19 1
8 1
22 1
10 1
12 1
14 1
12 1
10 1
8 1
19 1
11 1
14 8
9 2
9 1
42 1
16 1
9 1
21 1
14 1
22 1
16 1
11 1
11 1
4 1
7 1
12 1
10 1
11 1
15 1
15 1
9 1
3 1
11 1
9 1
13 1
10 1
10 1
17 1
4 1
14 1
3 6
2 1
16 2
16 1
9 1
3 1
2 1
24 1
22 1
9 2
16 2
18 1
17 1
12 1
15 1
17 1
28 2
19 1
13 1
22 1
16 1
12 2
16 1
23 1
19 1
11 1
4 1
12 1
6 1
17 1
5 5
32 1
10 1
18 1
16 1
10 1
24 1
34 3
14 1
14 1
5 1
7 1
14 1
5 4
7 1
9 1
7 1
12 1
10 1
15 1
8 1
10 1
12 1
40 1
20 1
29 1
18 1
18 1
12 1
6 1
2 1
19 1
11 2
26 1
15 1
9 1
6 1
3 5
11 1
9 1
6 2
20 1
13 1
17 2
13 1
6 1
6 1
12 1
11 1
9 1
20 3
16 1
13 2
8 1
6 1
3 1
10 1
17 1
10 1
8 1
17 1
38 1
18 1
7 1
18 1
8 1
6 1
17 2
17 1
23 1
8 2
21 1
15 1
23 1
8 1
12 1
18 1
9 3
10 1
8 1
6 3
25 1
7 1
19 1
10 1
12 1
29 1
27 1
14 1
23 1
11 3
8 2
11 1
15 1
5 1
14 1
11 1
18 1
4 1
6 1
15 1
10 1
12 1
6 5
21 1
17 1
7 1
5 7
10 1
7 1
25 1
8 1
2 1
16 1
14 1
16 1
12 1
16 1
7 1
5 1
37 1
5 5
13 1
8 1
5 2
7 1
16 1
18 1
25 1
9 1
4 1
5 1
11 1
4 1
10 1
3 1
6 2
36 1
3 1
10 1
9 2
6 2
14 1
19 1
4 1
9 2
8 1
17 1
30 1
3 1
21 1
11 1
14 2
5 1
16 2
25 1
25 1
8 1
15 1
7 2
7 1
58 1
8 2
12 4
7 1
14 1
14 1
12 1
19 1
8 1
21 1
19 1
2 1
15 1
12 1
18 2
12 7
11 1
9 1
24 1
26 1
10 1
10 1
7 2
8 1
25 1
5 1
10 2
13 1
2 1
26 2
14 1
9 2
16 1
15 2
14 1
23 1
16 1
8 1
11 2
18 1
17 1
10 1
14 1
6 1
18 1
12 1
12 1
9 1
2 1
7 1
19 1
42 1
26 1
24 1
2 1
6 2
9 1
2 2
11 1
2 1
17 1
24 1
11 1
11 1
10 1
10 1
14 1
7 1
8 2
11 1
9 1
40 1
15 1
11 1
5 2
11 1
6 3
10 1
8 1
2 1
16 1
10 1
7 1
14 1
10 1
11 2
11 2
4 1
11 1
5 1
12 1
8 1
26 1
15 1
8 2
24 1
5 1
12 1
13 1
9 1
21 1
7 1
7 1
8 4
3 1
15 1
6 4
11 1
12 1
8 1
5 1
14 1
9 1
15 1
15 1
8 1
11 1
35 1
19 1
9 1
24 1
15 1
12 1
9 1
41 1
7 2
11 1
15 1
76 1
10 1
8 1
5 5
6 1
10 1
8 1
5 4
19 1
19 2
7 4
21 1
9 1
14 1
3 1
11 1
2 1
7 1
7 1
14 2
6 1
7 1
24 1
11 1
9 2
9 2
9 1
8 3
17 1
15 1
22 1
21 1
22 1
17 1
18 1
6 1
10 2
12 2
15 1
3 1
18 1
9 1
6 2
8 1
30 2
7 1
34 1
11 1
7 2
21 2
15 1
11 2
19 1
11 3
17 1
8 1
18 1
13 2
3 1
10 2
21 1
11 1
15 1
23 1
7 4
10 2
19 1
11 1
9 1
9 1
2 2
29 1
9 1
44 4
12 1
16 1
7 1
29 1
10 1
7 2
11 1
18 1
7 1
10 1
19 1
14 1
10 1
11 1
15 1
12 1
84 2
6 5
6 1
10 2
6 1
20 1
13 1
11 1
16 1
2 1
19 1
4 1
19 1
15 1
26 1
16 1
11 1
9 1
18 1
14 1
8 1
5 1
9 1
8 2
2 1
13 2
13 2
3 1
8 1
2 1
12 1
15 3
11 1
3 1
10 2
2 1
24 1
3 1
8 1
18 1
6 1
13 1
9 1
9 1
10 2
7 2
40 1
12 1
8 1
7 1
14 1
10 1
8 1
11 1
20 1
8 1
8 1
13 1
16 1
6 1
25 1
12 1
21 1
23 1
7 1
2 1
16 1
7 4
12 1
29 1
9 1
54 1
12 1
9 1
17 2
8 1
10 1
11 1
13 1
21 1
5 2
13 1
15 1
13 1
42 1
8 2
7 1
5 1
19 2
8 1
11 1
9 1
9 1
5 1
13 2
6 1
11 1
3 4
27 1
76 2
3 2
11 1
9 2
17 1
11 1
6 1
5 1
10 1
5 1
7 1
14 1
6 1
26 1
9 1
11 1
8 1
19 1
21 1
9 1
13 1
57 1
19 1
20 1
4 11
7 1
12 1
12 1
47 2
16 1
23 1
11 1
10 1
7 2
19 1
20 2
15 1
10 1
15 1
8 2
14 1
22 1
10 3
9 1
14 1
9 1
18 1
13 1
16 1
6 1
13 1
15 1
15 2
9 3
11 1
9 1
5 1
5 4
11 1
20 1
13 1
11 1
11 1
2 1
14 1
13 1
15 2
8 1
9 1
7 1
7 1
3 1
14 1
11 1
25 2
11 1
23 1
10 1
16 2
4 1
61 1
9 1
17 1
6 1
7 1
10 1
2 1
14 1
13 2
12 1
18 1
24 1
8 3
38 1
28 1
14 1
24 1
83 1
8 2
19 1
6 1
16 1
9 1
2 1
16 1
3 2
15 1
28 1
26 2
9 1
9 1
22 1
2 1
14 4
10 1
8 1
12 1
13 1
6 3
7 1
2 1
4 1
15 1
11 1
27 1
4 1
17 1
6 1
7 1
7 1
14 2
17 2
8 1
12 1
8 1
6 1
13 1
20 1
20 1
8 1
20 1
17 1
9 1
5 1
5 1
19 1
16 1
10 1
24 1
3 1
20 2
27 1
11 1
10 1
29 1
8 1
7 1
2 7
15 1
30 1
8 1
54 1
16 2
24 3
9 1
15 1
10 1
10 1
24 1
20 1
10 1
16 1
6 1
7 1
9 1
12 1
4 1
9 1
5 1
16 1
25 2
10 1
13 1
11 1
21 1
6 1
19 1
10 1
8 3
8 1
9 1
12 1
5 2
14 1
10 1
35 1
20 1
13 1
4 1
20 1
11 1
8 1
8 1
11 2
7 1
22 1
7 1
35 1
10 1
57 1
67 1
11 1
35 1
7 1
5 1
4 1
12 1
31 2
8 2
17 1
10 1
11 3
17 1
10 1
13 1
20 1
13 1
14 1
12 2
20 1
10 1
6 1
8 1
9 1
8 1
22 1
20 1
11 1
11 2
10 1
11 1
5 6
7 1
8 1
21 1
26 1
14 1
16 1
18 1
11 1
13 1
53 2
16 1
7 1
11 1
15 3
8 1
6 1
15 1
48 1
9 1
18 1
24 1
11 1
8 3
7 1
18 1
10 1
35 1
19 1
16 1
13 1
18 1
11 1
4 1
2 2
10 1
17 1
18 1
14 2
31 2
24 1
16 1
24 1
2 1
9 1
8 1
15 1
11 1
26 1
20 1
6 2
5 3
42 1
11 1
10 1
8 1
8 1
11 3
10 1
20 1
13 2
12 2
13 1
8 1
20 1
11 1
6 12
15 2
9 1
17 1
11 1
2 8
13 2
11 1
9 1
13 1
10 1
3 1
2 1
11 1
6 2
41 1
16 2
9 1
11 1
3 1
18 2
27 1
14 1
8 1
8 1
22 1
26 1
12 2
9 1
6 1
18 1
16 1
12 1
13 1
9 1
13 1
5 1
7 3
15 1
6 1
13 1
7 3
13 1
7 1
9 1
11 1
10 1
7 1
49 1
8 1
24 1
20 1
2 1
15 1
7 1
19 1
7 2
13 1
25 1
16 1
7 1
18 1
12 1
9 1
7 1
15 1
8 1
10 1
10 1
12 1
60 2
20 1
11 1
19 1
11 1
15 1
6 1
11 1
15 1
9 1
7 1
11 1
32 1
13 1
11 1
14 2
13 1
9 1
19 1
7 1
17 1
12 1
44 1
9 1
11 1
7 1
10 1
21 1
11 1
12 1
12 1
9 1
13 1
26 1
19 1
4 2
10 1
13 1
7 2
15 1
5 1
9 1
6 3
27 1
12 1
6 1
7 4
16 1
8 2
3 7
11 1
10 1
11 1
6 1
14 3
6 2
9 1
9 2
8 1
7 1
17 1
4 4
8 1
48 1
14 2
14 1
14 1
12 1
7 1
15 1
4 1
8 1
14 1
13 1
12 1
12 1
20 2
19 6
16 1
15 1
10 1
13 1
16 1
2 1
8 2
8 1
6 1
23 1
3 3
36 1
9 1
24 1
12 1
8 1
10 1
2 1
29 2
20 1
2 2
17 1
8 2
8 1
12 1
9 1
12 1
9 1
9 1
16 1
16 1
27 1
13 1
16 1
16 1
12 4
15 1
6 1
6 1
10 1
10 1
7 2
29 1
8 1
11 1
7 1
2 1
10 1
36 1
10 4
15 1
8 1
10 1
20 2
42 1
14 1
6 1
11 1
13 1
10 1
7 1
9 1
10 1
2 1
15 1
10 1
16 1
20 1
3 2
2 1
9 1
22 6
19 1
11 2
15 2
10 1
24 1
8 1
2 1
18 1
8 1
10 1
11 1
9 1
9 1
12 1
12 1
12 1
20 1
3 3
9 2
21 1
14 1
14 1
44 1
3 1
7 1
23 1
11 1
13 1
16 1
4 1
12 1
16 1
9 1
13 1
14 1
6 1
15 1
19 1
17 1
15 1
11 1
17 3
7 1
12 1
11 1
10 1
8 1
12 1
8 1
27 1
13 1
47 2
7 1
8 2
14 1
8 3
11 3
20 1
6 1
23 1
6 1
10 1
9 1
11 1
2 1
24 1
13 1
11 2
8 1
8 1
10 1
10 7
6 4
7 1
6 5
3 1
19 1
49 1
7 1
8 1
10 1
28 1
11 1
15 1
9 1
19 1
43 1
26 1
9 1
10 1
3 8
31 1
19 1
11 1
13 1
37 1
11 1
7 2
19 1
10 1
15 1
11 2
11 1
10 1
75 1
10 1
14 1
10 1
12 1
6 1
7 1
10 2
27 1
10 1
11 1
14 1
17 1
23 1
11 1
16 1
14 1
27 1
21 1
11 1
16 1
15 1
14 2
10 1
14 1
14 1
9 1
12 1
31 1
18 4
27 1
4 1
3 5
5 5
14 2
3 1
26 1
11 1
8 1
9 1
10 1
35 7
39 1
7 1
11 1
51 1
6 1
8 1
6 1
10 1
11 1
11 1
15 1
6 5
12 1
6 1
12 1
36 1
10 1
14 1
9 1
24 1
13 2
22 1
12 1
19 1
6 1
22 1
12 1
9 1
14 1
11 2
7 2
35 1
11 1
8 1
12 1
14 1
67 1
6 2
9 1
15 1
5 1
12 2
5 1
13 1
25 1
8 2
7 1
15 1
5 1
9 1
8 1
6 1
13 1
10 1
10 3
8 1
6 1
10 2
7 2
11 1
11 2
28 1
13 1
15 1
19 2
21 2
17 1
6 1
7 1
9 1
18 1
10 1
16 2
56 1
10 1
18 1
23 1
10 1
17 1
4 2
32 1
9 1
29 1
23 1
7 1
18 1
11 3
7 1
9 1
21 1
11 1
4 1
19 1
19 1
10 1
6 1
21 1
4 1
7 1
11 1
8 2
6 3
13 1
26 1
7 1
34 1
10 1
15 1
10 1
14 1
20 1
18 1
16 1
6 2
10 1
17 1
17 1
14 1
19 1
21 1
23 1
14 1
23 1
7 1
5 2
7 1
5 2
13 2
8 1
17 1
22 1
5 6
25 1
7 1
3 1
6 1
2 1
11 1
11 1
5 1
9 2
10 1
5 1
16 1
10 1
9 1
14 2
69 1
9 1
9 1
14 1
13 3
9 1
17 1
16 1
50 1
20 1
6 1
6 2
12 1
2 1
12 1
10 1
3 1
51 1
6 1
13 1
6 7
14 1
13 1
7 1
6 1
13 1
13 1
12 1
9 2
11 1
24 1
2 1
16 1
13 1
11 1
10 1
3 1
10 1
17 1
14 1
16 1
17 1
7 2
20 1
20 1
6 1
12 1
16 1
8 1
6 1
16 1
7 1
11 1
20 1
14 1
11 1
11 1
9 1
11 1
15 2
9 2
7 1
9 1
9 1
10 1
15 3
17 1
5 1
10 1
8 1
12 1
4 4
14 1
13 1
16 1
12 1
14 1
9 1
7 1
6 2
6 1
20 1
19 1
9 1
11 1
13 2
8 1
30 1
15 1
10 1
13 1
2 1
10 1
8 1
8 1
4 3
9 1
8 1
12 1
12 1
6 1
10 1
17 1
10 1
8 1
8 1
14 1
19 1
5 1
18 1
10 2
37 1
10 1
10 1
14 1
13 1
10 1
15 1
22 1
7 4
2 1
7 2
28 1
10 1
8 2
4 1
17 2
6 1
11 1
15 1
15 1
12 1
18 1
17 1
11 1
15 1
14 1
24 2
8 1
12 1
54 2
5 1
20 1
35 1
14 2
13 1
16 1
26 1
4 1
9 1
14 1
8 1
13 1
9 2
8 5
17 2
11 1
17 1
10 1
9 1
8 4
10 1
10 1
16 1
12 1
27 1
8 1
22 1
9 1
14 1
23 1
16 1
16 1
7 1
5 1
7 1
13 3
15 1
9 1
9 1
18 1
11 1
10 1
8 4
12 1
11 3
15 1
11 4
7 1
18 1
13 1
6 1
8 1
7 2
14 1
9 1
7 1
3 3
35 1
8 1
23 1
18 1
25 2
13 3
11 1
13 1
2 2
9 1
16 1
8 1
15 1
40 1
12 1
3 1
8 3
13 2
19 1
12 1
15 1
22 1
12 1
13 1
10 1
10 1
26 1
10 1
12 1
13 1
11 1
7 1
33 1
11 1
18 2
9 1
16 1
9 2
14 1
10 3
6 2
10 1
11 1
14 1
22 7
4 1
26 1
19 1
8 2
16 1
9 2
9 2
28 2
17 1
6 1
11 1
8 1
16 1
12 1
74 1
10 1
21 2
9 2
14 1
9 1
13 1
27 2
9 3
13 1
13 1
15 1
9 1
6 1
10 1
2 1
7 1
3 1
8 3
19 3
9 1
10 2
11 1
20 1
6 1
72 1
14 1
10 2
16 1
7 2
7 5
16 1
15 1
8 1
2 1
8 1
13 1
3 1
5 1
20 2
3 7
18 1
8 1
4 2
12 1
6 1
5 1
6 1
28 1
11 1
9 1
21 1
13 1
6 1
30 1
8 2
12 2
20 1
11 3
10 2
8 2
13 1
7 1
19 1
7 1
15 1
11 1
16 1
15 1
7 1
19 1
7 1
4 1
10 1
7 2
12 1
11 1
2 1
6 6
6 2
14 1
7 3
17 2
12 1
8 1
12 1
13 1
7 1
20 1
37 1
14 1
14 1
12 1
9 2
11 1
15 1
10 1
10 1
11 1
14 1
9 1
17 1
9 1
14 1
9 1
13 1
48 1
22 1
11 1
9 6
13 1
10 2
10 1
23 1
35 1
14 1
13 1
17 1
22 2
11 2
13 2
18 1
18 1
17 1
11 1
31 2
16 1
9 1
12 1
13 1
11 1
8 1
14 1
13 2
7 1
21 1
13 1
21 1
6 1
11 1
26 1
10 1
8 4
19 1
13 1
27 1
16 1
16 2
11 1
2 1
11 1
84 1
5 1
21 3
13 1
6 1
9 1
28 1
9 2
7 1
9 2
4 7
25 1
14 1
13 1
18 1
13 4
7 2
52 1
19 1
9 1
10 1
8 1
13 1
6 1
21 1
7 1
10 1
8 2
5 1
21 1
13 1
10 1
20 1
20 1
13 1
8 2
11 1
6 1
9 1
13 1
49 1
14 1
14 1
13 1
21 1
11 1
17 1
17 1
47 2
26 1
11 1
17 1
9 2
9 2
10 1
10 3
11 2
14 1
8 1
10 1
16 1
11 1
8 1
8 3
19 1
7 2
19 1
13 2
22 1
7 1
8 1
10 2
14 1
15 1
23 1
13 1
22 1
11 1
18 1
4 1
11 1
16 1
13 1
8 1
9 1
16 1
28 1
10 1
19 1
52 1
14 1
55 1
10 2
11 1
8 1
9 1
14 1
11 3
6 1
14 1
14 1
13 1
13 1
5 3
11 1
4 4
14 1
20 1
13 1
13 1
9 1
13 1
13 2
31 1
14 1
2 1
7 1
22 1
8 1
10 1
20 1
15 1
15 1
11 1
2 1
7 1
5 3
7 1
19 1
10 1
8 1
25 2
14 2
52 1
11 1
10 1
11 1
4 1
7 1
7 2
6 1
14 1
14 1
2 1
13 1
7 1
12 1
9 1
2 1
17 1
13 1
10 3
11 1
7 1
12 1
32 1
20 1
11 1
25 1
9 2
10 1
28 1
13 2
8 1
7 2
22 1
15 1
11 1
22 1
16 1
11 1
4 1
6 1
5 1
14 2
10 1
10 1
8 1
45 1
2 1
11 1
14 1
16 2
16 1
40 2
10 2
11 1
9 1
8 1
16 1
24 1
18 1
6 3
10 4
20 1
9 1
17 1
13 1
13 1
10 1
11 1
14 2
9 1
14 1
10 1
13 1
14 1
22 1
15 1
15 1
9 1
13 1
11 1
7 1
12 1
13 1
29 1
11 2
4 1
11 1
23 1
5 6
7 3
14 1
18 2
7 1
10 1
8 5
8 1
39 1
35 1
13 2
18 1
7 1
9 1
9 1
27 2
18 1
13 1
31 1
11 1
12 1
45 1
18 1
7 1
8 2
14 1
11 1
11 1
45 1
16 1
4 1
13 1
36 1
2 1
13 1
12 1
29 1
10 1
6 1
17 1
5 2
9 1
6 1
2 1
9 1
10 1
9 1
9 1
12 1
27 1
15 1
39 1
4 3
2 1
5 1
14 1
9 1
10 1
11 1
22 1
13 2
5 2
22 2
20 1
9 1
12 1
7 3
9 2
12 1
11 1
15 2
9 1
8 1
49 2
43 1
18 1
4 1
11 3
11 4
10 1
18 1
10 1
12 2
12 1
8 1
9 1
41 2
11 1
12 1
22 1
10 1
9 1
66 2
40 3
11 1
6 3
3 4
22 1
9 1
17 1
7 1
26 1
12 2
17 2
15 1
13 1
11 1
7 1
9 1
12 1
10 2
16 1
13 1
14 1
11 1
8 1
16 1
19 1
9 1
8 1
18 1
15 1
15 1
11 1
6 1
8 1
12 1
47 2
52 4
21 1
10 1
9 2
19 1
11 1
51 1
10 1
12 1
10 1
13 1
35 1
13 2
8 2
9 1
2 1
11 1
9 1
12 1
9 1
17 1
8 1
12 1
8 1
10 2
26 1
7 1
5 3
10 1
9 1
12 1
17 1
13 1
16 1
7 1
9 1
17 1
33 1
6 2
12 1
12 2
11 1
6 1
18 1
24 1
14 2
6 1
7 2
2 1
27 1
14 1
4 1
28 1
4 3
9 1
10 1
15 1
9 1
7 2
14 4
14 1
11 1
2 1
10 2
13 1
13 1
9 1
15 1
12 1
9 1
15 1
8 1
5 1
12 1
24 1
7 1
7 1
3 1
9 1
11 1
16 1
14 1
9 1
29 1
12 1
16 2
17 1
9 1
12 1
13 1
14 1
12 1
3 7
7 1
32 1
10 1
19 1
12 1
11 1
8 1
16 1
2 1
11 1
7 2
11 1
6 1
18 1
4 1
11 1
12 1
17 1
11 1
29 1
19 1
8 1
5 5
13 1
16 1
4 1
2 2
10 2
9 1
8 1
6 1
30 3
17 1
9 1
29 1
12 1
8 1
43 1
9 2
17 1
9 1
9 1
68 1
2 1
7 1
14 1
4 1
16 1
8 1
7 1
8 1
26 4
6 6
20 1
13 1
15 1
11 1
15 1
14 1
23 2
9 1
2 1
11 3
19 1
8 1
19 1
5 1
18 1
21 1
7 1
19 1
12 1
11 1
14 1
9 1
32 2
27 2
20 2
51 1
5 1
9 1
14 1
11 1
6 2
8 1
3 1
8 1
10 1
2 1
7 1
45 3
14 1
15 1
25 1
22 1
17 1
10 1
9 1
3 1
11 2
7 1
9 2
20 1
3 7
13 1
14 1
36 1
12 1
14 1
10 2
6 1
16 1
52 1
12 1
5 2
5 1
9 2
12 1
26 2
5 1
19 2
25 1
8 1
10 1
22 1
16 1
3 1
6 2
12 1
23 2
24 2
10 1
10 1
16 1
19 1
11 3
13 1
19 1
31 1
9 1
15 1
16 1
12 3
16 1
14 1
11 2
10 1
9 1
11 1
27 1
18 1
2 1
23 2
15 1
5 1
18 1
14 1
10 1
19 1
29 1
14 1
19 1
12 1
15 1
7 1
10 1
10 1
11 1
9 1
10 1
7 1
8 1
13 1
11 1
17 1
4 2
14 1
25 1
17 1
10 1
2 1
9 1
21 1
17 1
8 1
4 4
31 1
10 1
14 2
3 2
21 1
5 1
7 6
8 1
8 1
9 1
9 1
18 1
16 1
5 1
11 1
10 1
17 2
16 2
6 6
32 1
32 2
9 2
7 1
10 1
10 1
23 1
3 5
13 1
10 1
15 1
12 1
13 1
5 2
14 2
13 1
9 1
7 2
8 1
5 7
13 1
25 3
72 3
6 4
30 1
8 3
5 1
12 1
12 2
2 1
27 1
11 1
6 1
9 1
18 1
19 1
3 1
21 1
19 1
8 1
19 1
20 2
16 7
10 1
12 1
12 1
9 1
69 1
10 1
9 1
20 1
21 1
22 1
9 1
13 1
8 1
16 1
11 2
28 1
7 2
3 1
10 1
10 1
5 9
13 1
7 2
3 1
8 1
20 1
12 1
14 1
7 1
11 1
10 1
16 3
14 1
11 1
6 1
8 1
7 1
11 1
14 2
12 1
24 1
12 1
13 1
7 1
2 8
10 1
8 2
14 1
2 7
22 1
2 1
20 1
8 1
17 1
11 1
19 1
12 1
16 1
10 2
10 1
11 1
10 1
9 1
38 1
12 1
30 1
6 2
10 1
16 1
11 1
5 3
12 1
11 1
10 2
10 1
13 1
11 1
6 3
19 1
13 1
5 1
13 1
6 1
9 1
14 2
14 1
4 3
7 1
12 1
12 1
13 1
7 3
8 1
10 7
2 1
5 1
9 1
13 2
11 1
15 1
11 1
20 1
14 1
9 2
19 2
10 1
11 1
6 2
13 5
8 1
8 1
8 2
15 1
12 3
10 1
2 1
19 1
13 1
20 1
8 1
8 1
23 1
22 1
17 1
6 1
12 1
12 1
11 2
12 1
15 1
12 1
9 1
15 1
21 1
17 1
16 1
9 2
20 1
7 1
13 1
11 1
20 1
6 1
15 1
11 1
7 1
15 1
10 1
10 2
3 2
12 2
15 2
16 1
7 1
13 1
11 2
11 1
26 1
10 2
19 2
22 1
9 1
15 1
9 1
14 1
15 3
17 2
10 2
10 1
10 1
19 1
19 1
22 1
2 3
15 1
17 1
12 1
2 1
10 1
29 1
6 5
7 1
14 1
7 2
8 1
10 1
11 1
4 4
7 2
15 1
8 1
45 1
9 1
10 1
12 1
14 1
17 1
5 5
12 1
12 1
36 1
8 1
13 1
24 1
2 1
15 2
8 1
7 4
17 1
12 1
13 1
11 2
11 1
22 1
6 1
16 1
24 1
23 2
15 1
4 2
14 1
21 1
11 2
10 3
6 2
12 1
14 1
18 1
16 1
23 3
10 1
15 1
9 1
14 1
22 1
15 1
8 1
12 1
8 1
16 2
6 2
29 1
14 1
10 2
9 2
9 1
9 2
10 1
22 1
38 1
6 2
13 3
7 1
3 1
7 2
10 1
13 4
8 1
31 1
8 1
12 2
19 1
23 1
15 1
3 1
19 1
12 1
16 1
7 1
10 1
37 1
5 2
9 1
3 1
15 1
19 1
21 1
15 1
8 1
4 1
25 2
9 2
17 1
8 1
12 1
17 2
14 1
12 1
2 1
15 1
10 1
9 2
11 1
11 1
14 1
15 1
12 2
10 1
8 2
12 1
17 1
27 1
27 1
10 1
78 1
9 1
9 1
8 2
13 1
3 1
17 1
13 1
14 1
11 1
10 1
7 1
13 1
16 1
22 2
2 1
18 1
8 1
9 1
16 1
8 2
24 1
21 1
17 1
6 3
13 1
9 1
16 1
16 1
13 1
7 1
12 2
22 1
13 1
53 1
8 1
11 1
13 1
12 1
8 1
31 1
12 2
15 1
11 1
8 1
9 1
29 2
6 2
14 1
12 1
12 1
18 1
11 1
35 1
31 1
7 1
11 1
3 1
11 2
4 1
9 1
17 2
19 1
3 2
17 1
29 2
30 1
18 1
3 1
16 1
16 1
13 1
21 1
11 1
15 1
29 1
25 1
21 1
15 1
7 1
15 1
10 1
6 2
9 1
17 1
9 1
10 1
11 1
14 1
3 1
13 1
10 1
7 1
9 1
9 1
13 1
10 1
16 1
19 1
16 1
9 1
16 1
9 1
9 1
10 1
7 1
10 1
13 1
20 2
14 1
15 1
10 1
6 2
7 1
9 1
5 2
11 1
10 1
11 1
22 1
9 1
7 1
9 2
11 2
18 1
3 2
6 1
11 3
10 1
16 2
8 1
10 1
20 1
16 1
13 1
15 1
17 1
39 1
3 1
19 1
4 1
26 1
17 1
11 1
16 1
5 1
16 1
10 1
28 1
12 1
4 1
24 1
9 1
19 1
10 1
16 1
12 1
11 1
18 1
7 1
6 2
15 1
8 1
2 1
6 1
16 1
8 1
9 1
14 1
11 1
2 1
16 1
9 1
12 1
17 1
13 1
15 6
11 2
19 1
16 1
31 1
14 1
8 1
30 2
13 1
11 2
10 1
11 1
38 1
16 1
7 3
6 1
23 1
14 2
18 1
15 2
4 1
13 1
8 1
6 1
9 2
4 1
9 1
13 1
17 1
15 1
34 1
17 1
27 1
16 1
9 1
12 2
13 1
7 1
21 3
32 1
11 1
6 2
9 1
19 1
7 1
14 1
21 1
11 1
12 1
10 1
16 1
13 1
16 1
12 1
10 1
9 1
5 1
10 1
5 1
8 1
30 2
18 1
9 1
16 1
7 3
31 1
8 1
27 1
13 2
9 1
34 1
20 1
20 1
16 1
11 1
7 1
8 1
19 2
12 1
12 1
10 1
13 1
11 1
3 6
11 1
34 1
15 1
9 1
19 3
9 2
10 2
10 1
18 1
27 1
16 1
13 1
5 5
2 1
7 1
15 1
28 1
14 1
57 5
10 1
12 1
3 1
12 1
7 1
10 1
5 2
14 1
20 1
12 1
17 1
19 1
22 3
11 1
23 1
25 5
14 1
7 1
10 1
20 1
10 2
3 7
23 1
2 1
32 2
11 1
18 1
7 2
7 1
13 2
5 1
7 1
15 1
12 3
12 2
7 1
2 1
19 1
13 1
10 1
10 1
23 1
6 1
20 1
6 1
20 1
12 1
17 1
13 1
7 2
13 1
15 1
16 1
3 7
8 1
10 1
14 1
74 1
17 1
15 2
15 1
15 4
12 1
12 1
14 1
20 1
12 1
9 1
13 1
13 1
5 2
33 1
2 1
14 1
12 1
4 1
2 1
15 1
8 1
19 1
4 1
20 1
6 9
9 1
9 1
3 1
43 1
54 1
12 1
14 1
8 1
17 1
10 4
23 2
15 1
8 1
14 1
2 1
39 1
7 1
15 1
9 4
9 1
6 2
28 1
11 1
23 1
22 1
9 1
10 1
9 1
23 1
9 1
9 1
2 2
8 1
16 1
12 1
14 1
15 1
8 1
12 1
11 1
36 1
54 1
13 1
8 1
22 1
9 1
7 4
17 1
14 1
9 1
2 1
10 1
42 1
19 5
3 2
19 1
6 2
25 1
9 1
16 1
13 1
9 2
16 1
21 1
6 1
18 1
3 1
31 1
9 2
11 1
9 1
5 1
24 2
12 1
5 3
7 1
13 1
16 1
20 1
27 1
12 1
7 1
12 1
3 1
17 1
15 1
11 1
12 1
20 1
14 1
15 1
10 1
12 1
17 1
23 1
5 1
25 1
20 2
9 1
14 1
12 1
7 1
21 1
7 1
18 1
16 1
4 1
17 1
7 1
9 1
11 1
2 1
3 1
10 4
10 1
3 8
12 1
7 1
28 1
13 1
8 1
12 3
15 1
12 1
6 1
17 1
8 1
9 1
8 1
7 2
7 1
12 1
12 1
7 1
13 1
75 1
7 1
3 1
4 1
11 1
15 1
12 1
6 1
9 1
8 1
50 1
8 1
15 1
12 1
10 1
14 1
2 1
6 2
12 1
13 1
35 1
11 1
7 3
6 2
14 1
11 1
31 1
68 1
26 1
14 1
7 1
10 3
9 1
7 2
8 1
12 1
11 1
9 1
10 1
8 1
9 1
5 1
10 2
11 1
7 1
10 2
23 2
9 1
52 1
18 1
28 1
15 1
8 2
14 1
9 1
13 1
9 3
6 2
4 2
15 1
15 1
13 3
28 1
12 1
8 2
12 1
8 1
8 3
26 1
4 1
10 1
14 1
17 1
10 1
9 1
8 1
4 1
9 4
8 1
82 1
13 1
26 1
8 1
18 1
13 5
6 1
13 1
12 2
11 1
19 1
19 1
9 1
17 1
18 1
6 1
33 1
11 1
10 2
3 1
10 1
10 2
9 1
8 1
31 1
29 1
10 2
9 1
19 1
13 1
15 1
10 1
14 2
18 1
18 1
6 1
15 1
13 1
10 1
14 1
12 1
8 1
12 2
12 1
2 1
12 1
6 3
9 1
14 1
3 1
13 1
12 1
57 2
9 1
22 1
11 1
7 1
15 2
9 1
9 1
11 2
13 2
8 5
24 1
10 1
10 1
6 1
24 1
13 1
27 2
3 1
8 1
38 2
12 1
4 1
2 1
2 1
14 2
6 1
11 1
23 1
28 1
21 1
7 1
28 1
18 2
14 1
6 1
14 1
6 1
7 1
10 1
16 1
8 1
4 1
16 3
9 1
25 1
14 2
16 1
7 1
14 1
9 1
13 1
11 1
18 1
12 1
9 1
8 1
16 1
8 3
13 1
10 1
7 1
4 1
8 1
9 3
7 1
9 1
20 1
15 1
11 1
7 4
7 1
15 4
32 1
12 1
6 1
9 1
8 1
2 2
12 2
8 1
2 1
9 1
6 1
10 1
18 1
66 1
12 1
5 1
11 1
9 1
49 1
14 1
7 1
24 1
11 1
13 1
8 3
10 1
10 1
4 1
2 1
12 1
17 1
15 2
12 1
12 2
5 4
10 1
16 1
13 1
3 1
23 2
5 3
12 1
9 1
8 1
22 1
31 1
7 3
14 1
29 2
17 1
25 1
13 3
7 4
10 2
13 1
8 1
14 1
21 1
8 1
11 1
5 1
9 1
21 1
28 1
15 1
13 1
15 1
24 1
15 1
23 1
22 1
14 1
28 1
10 1
6 1
28 1
19 1
10 1
10 1
7 7
8 1
7 1
15 2
10 2
9 2
8 1
8 1
10 1
18 1
28 1
16 1
7 3
8 1
4 1
8 1
4 2
17 1
16 1
22 1
4 1
7 1
53 1
9 3
9 1
11 1
8 1
19 1
22 1
20 1
23 1
10 1
3 1
19 1
7 1
16 1
6 2
15 1
9 1
7 2
8 1
13 2
15 1
22 1
14 1
14 1
21 1
17 4
13 1
9 4
24 1
17 1
8 1
13 1
13 1
7 2
13 1
15 1
15 1
27 1
9 1
12 1
14 1
5 5
8 2
7 1
8 1
6 1
5 1
14 1
13 1
21 2
8 1
10 1
18 1
8 3
6 2
16 1
7 1
15 1
8 1
19 1
8 2
4 1
13 1
2 1
9 2
17 1
15 1
9 4
15 1
13 1
27 1
10 2
9 3
7 2
11 2
8 2
13 1
2 1
5 1
56 2
14 1
8 2
14 1
15 1
19 2
13 1
12 1
14 1
2 1
10 1
10 2
7 1
9 1
13 1
6 1
11 1
11 1
12 1
16 2
14 1
17 2
6 1
6 2
10 1
8 2
9 2
10 1
47 3
7 1
13 1
34 1
7 1
8 3
30 1
14 1
24 1
5 1
10 2
7 1
24 1
8 2
6 3
12 1
10 1
16 1
13 1
19 1
7 4
11 1
23 1
21 1
11 1
3 2
11 1
17 1
3 1
14 1
10 1
15 1
13 6
6 1
7 1
2 1
2 1
16 1
6 1
18 1
13 1
10 1
10 1
9 1
12 2
15 2
9 1
7 4
13 1
27 1
9 1
13 1
9 1
7 1
28 1
13 1
9 2
16 1
13 1
18 1
15 1
11 1
3 1
10 1
2 7
18 1
10 1
12 2
15 2
9 1
7 1
16 1
6 1
23 1
14 1
12 1
7 1
11 1
16 1
13 1
9 1
16 1
8 1
16 1
9 1
6 4
16 1
3 1
11 1
23 1
12 1
13 1
9 2
12 1
20 1
28 1
13 2
7 2
7 3
14 2
10 1
20 1
36 1
16 1
9 3
9 1
24 1
8 1
13 1
9 3
18 1
10 1
12 1
12 1
31 1
21 1
6 3
12 1
14 1
14 1
12 1
14 1
4 1
7 1
14 1
15 1
10 1
35 1
12 2
22 1
23 1
8 1
5 1
11 1
9 1
10 2
13 1
18 2
16 1
24 1
8 1
3 2
23 1
10 1
11 1
15 1
19 1
4 6
9 1
15 1
11 2
10 1
9 1
10 1
15 1
10 1
3 1
8 1
15 1
23 1
11 1
9 1
2 1
12 1
15 1
9 1
15 1
10 1
20 1
5 2
10 1
11 1
25 1
13 1
3 5
16 1
3 1
14 1
16 1
8 1
3 1
16 1
15 1
2 1
8 1
11 1
17 1
15 1
6 1
8 2
6 1
12 1
16 1
11 2
2 1
23 1
15 1
9 1
11 2
13 1
6 1
10 1
12 1
13 1
15 1
9 2
19 1
6 1
22 1
4 5
9 1
2 1
16 1
9 2
10 2
6 4
16 1
24 1
13 1
11 1
16 1
10 1
7 1
7 1
13 1
9 2
16 1
20 1
18 2
13 1
13 1
13 1
7 1
3 1
33 1
10 1
13 1
16 1
20 1
5 1
14 2
13 1
16 1
9 1
29 1
9 1
12 1
10 3
26 1
13 1
4 1
8 1
50 1
5 1
19 1
23 1
15 1
4 1
13 1
19 2
5 1
7 1
14 1
8 1
19 1
9 2
12 1
13 1
10 2
2 1
8 2
6 1
7 1
18 1
21 1
6 1
14 1
54 2
8 1
8 3
12 1
58 2
28 1
19 1
10 1
27 1
11 1
15 2
8 1
8 1
13 1
7 1
49 1
8 1
32 1
11 1
7 1
10 3
21 1
17 1
20 1
10 1
14 1
14 1
18 1
12 1
8 2
17 1
21 1
7 1
15 1
9 2
2 1
11 1
5 1
8 1
12 1
15 1
17 1
11 1
17 2
5 4
23 1
8 1
12 1
54 2
8 1
15 1
9 1
57 1
9 1
17 1
10 1
23 1
14 1
10 1
11 1
13 1
7 1
9 1
12 1
14 1
9 1
15 2
13 1
9 1
13 1
13 1
13 1
25 1
11 1
23 1
9 1
13 1
11 1
8 1
10 1
8 2
9 1
9 1
11 1
22 1
9 1
7 1
11 1
23 1
18 1
10 3
13 1
14 1
2 1
18 2
8 2
10 1
11 1
15 1
16 1
6 1
6 1
40 2
11 1
10 1
14 1
7 1
20 3
20 1
23 1
7 1
10 1
54 1
13 1
13 1
7 1
8 1
7 1
26 1
9 1
18 1
5 1
6 1
7 1
8 1
14 1
18 1
9 1
10 1
11 1
9 1
10 1
9 2
6 1
12 1
13 1
11 1
3 1
10 1
29 1
14 2
20 1
13 1
7 1
2 2
13 1
9 1
24 1
10 1
13 1
8 1
20 1
5 5
10 1
9 1
12 1
19 1
6 3
8 1
17 1
14 1
9 1
7 1
16 1
13 1
7 1
7 2
10 1
8 1
8 1
21 1
26 2
11 1
15 1
13 1
16 1
12 1
12 1
18 1
11 2
13 1
21 2
15 1
2 1
10 1
8 2
10 1
10 1
13 1
8 1
15 1
5 1
9 1
8 1
44 1
8 3
8 1
13 1
13 1
8 1
8 1
5 1
9 1
11 3
8 3
10 2
13 1
19 1
4 1
2 2
6 1
18 1
13 1
8 2
18 1
26 1
8 1
16 1
14 1
73 1
10 3
9 1
10 1
46 1
34 1
5 6
13 1
12 1
17 1
10 1
7 2
5 1
18 1
6 1
3 2
20 1
71 1
6 2
6 1
7 1
10 1
5 1
12 1
15 1
37 1
20 1
7 2
16 2
2 1
16 1
30 1
25 1
6 1
20 1
15 1
14 1
6 1
28 1
7 1
10 2
13 1
8 1
13 1
17 2
9 1
10 1
13 1
6 1
22 1
6 1
3 1
9 2
4 1
8 1
13 1
35 1
12 1
19 1
7 3
6 3
23 1
13 1
18 1
21 2
14 1
6 1
10 1
9 1
9 1
10 2
8 2
26 1
8 1
11 1
11 1
12 1
10 1
24 1
24 3
12 1
9 1
21 1
8 2
12 1
12 2
13 1
9 1
15 1
6 1
10 1
27 1
9 1
12 1
14 1
10 1
12 1
16 1
6 3
10 1
32 1
15 5
19 1
2 5
14 1
7 1
10 1
14 1
10 1
15 1
15 1
11 2
15 1
11 1
12 1
11 1
10 1
18 1
22 1
5 1
16 1
11 2
10 1
10 1
20 2
7 1
2 1
5 5
10 1
30 1
27 1
37 1
9 1
8 6
16 1
9 1
7 1
13 2
67 1
3 1
14 1
19 1
8 1
11 1
12 2
10 2
6 1
8 1
7 1
13 1
13 1
24 1
5 1
2 1
5 2
10 1
54 1
7 1
13 1
11 2
12 1
14 1
7 1
30 1
9 1
26 2
8 4
8 1
3 1
7 1
5 1
13 2
7 1
15 1
10 1
11 1
8 1
7 1
11 1
9 2
13 1
5 3
7 1
12 1
16 1
11 1
30 1
27 1
29 1
3 6
16 1
12 1
42 3
10 2
9 1
22 1
10 1
8 1
15 1
11 1
9 1
7 1
18 2
6 4
11 1
17 1
15 2
10 1
10 1
14 1
10 1
9 1
13 1
14 2
12 1
17 1
12 1
7 1
10 2
2 1
8 2
16 2
8 2
2 1
16 1
16 1
11 1
13 1
4 1
11 1
14 1
8 1
17 1
2 1
3 1
23 1
5 1
11 1
41 1
12 1
8 1
26 1
23 1
6 2
13 1
15 1
18 1
10 1
12 1
8 1
11 1
17 2
5 2
16 2
11 1
9 1
33 1
2 1
7 1
8 1
7 1
21 4
26 1
4 2
22 3
35 1
8 2
9 1
9 1
9 1
10 1
32 1
20 2
13 1
17 1
5 1
11 1
25 1
18 1
8 1
14 1
7 1
21 3
31 1
27 1
12 1
6 4
9 1
23 1
6 1
16 1
23 2
3 1
14 1
7 3
9 1
5 1
16 1
10 1
17 1
11 1
4 1
12 1
19 1
26 1
16 1
6 1
8 1
54 1
2 1
11 1
7 1
20 3
14 1
14 1
9 1
13 1
7 1
7 2
12 1
29 1
21 1
15 2
12 1
7 2
10 1
2 1
5 2
13 1
16 1
23 1
22 1
11 1
6 1
18 1
14 1
31 1
5 1
15 1
10 2
24 1
7 1
4 1
15 1
10 1
6 1
7 1
13 1
2 1
10 1
3 1
9 1
11 1
9 1
13 1
22 1
20 1
15 1
22 2
14 1
11 1
13 2
8 1
17 1
7 1
9 1
7 1
26 1
5 1
16 6
6 1
10 1
2 1
11 1
6 1
10 1
12 1
2 1
3 1
13 1
11 1
42 1
7 1
13 1
14 1
14 1
10 1
16 1
8 3
3 1
21 1
14 1
4 1
14 1
2 1
10 1
19 1
8 1
10 1
10 1
12 1
8 1
12 1
7 2
49 1
14 1
16 1
5 2
22 1
12 1
16 1
8 1
8 1
14 1
7 1
8 1
7 4
12 1
10 1
10 1
9 1
11 1
19 1
16 1
9 1
9 1
12 1
35 1
22 1
12 1
19 1
23 1
3 1
3 6
17 2
17 1
6 1
9 1
19 1
8 1
11 1
27 2
11 1
22 1
13 1
11 1
4 4
15 1
16 5
21 1
11 1
14 1
12 1
2 1
9 4
19 4
21 1
18 1
10 2
9 1
14 1
6 1
23 1
11 1
8 1
16 1
13 1
8 1
11 1
14 1
16 1
10 1
21 1
12 1
14 1
28 1
7 7
13 1
11 2
11 1
13 1
22 1
14 1
15 1
9 1
11 1
3 1
26 1
18 1
15 1
22 1
27 1
7 1
5 1
19 1
15 1
10 1
10 1
22 1
5 1
14 1
5 3
8 2
11 1
17 1
17 1
12 1
16 1
20 1
21 1
6 4
15 1
14 1
2 1
4 2
6 1
3 1
23 1
16 1
6 1
12 2
8 1
9 1
5 2
30 1
22 3
12 1
10 1
6 1
18 3
23 1
17 1
10 1
8 1
7 2
10 1
28 1
22 1
14 1
10 1
9 2
10 1
10 2
8 1
7 1
12 1
4 4
22 1
5 4
16 1
21 1
11 3
36 1
31 1
23 1
21 1
5 1
15 1
16 1
9 1
11 1
11 1
12 1
20 1
7 4
7 2
9 1
19 1
3 1
10 2
24 1
4 1
11 1
8 1
17 1
5 1
14 1
7 1
2 1
13 1
10 2
14 1
9 1
9 1
11 1
7 1
11 1
21 1
11 1
21 1
14 1
12 1
10 1
9 1
7 1
6 1
15 1
7 1
17 1
5 1
6 1
13 1
8 1
8 2
6 1
13 1
5 3
4 1
8 1
14 3
15 1
6 3
6 3
6 3
7 1
16 1
6 2
14 1
11 1
7 1
8 1
12 1
16 1
12 2
7 1
18 1
13 1
11 1
22 1
17 1
8 1
5 5
10 1
17 1
17 1
53 1
2 1
3 6
7 1
31 1
7 1
13 1
15 1
18 1
11 1
4 1
9 1
15 1
21 1
26 1
2 1
7 2
41 1
25 2
13 1
12 1
19 1
8 1
23 1
12 1
4 1
12 1
27 2
26 1
7 1
18 1
18 1
11 1
10 1
8 1
12 1
52 2
7 1
8 1
23 2
12 1
6 1
3 1
15 1
8 1
11 1
18 1
9 1
45 1
16 1
8 1
13 1
6 1
14 1
16 1
15 1
21 1
11 1
27 1
29 1
4 1
23 1
8 2
6 1
7 1
4 1
34 1
12 1
25 1
8 3
10 1
9 1
13 2
17 1
28 1
14 1
9 1
18 1
17 1
4 1
11 1
21 1
7 1
8 1
18 1
47 1
10 1
8 1
11 1
10 1
11 2
18 1
8 1
4 1
9 1
15 1
15 1
9 1
40 1
17 2
13 1
2 1
11 1
11 1
10 1
13 1
2 2
10 2
6 1
11 1
7 1
12 1
12 1
18 1
9 1
10 1
13 1
7 1
12 2
20 1
10 2
9 2
8 1
8 1
3 1
15 1
7 1
14 1
75 1
2 1
11 1
22 1
16 1
17 1
10 2
13 1
10 1
3 3
31 1
8 1
4 1
12 1
15 1
7 1
5 1
15 1
12 1
10 1
22 1
6 1
9 2
17 2
11 1
17 1
13 1
11 2
11 1
15 1
2 1
26 2
19 1
12 1
21 1
7 1
12 1
13 1
11 1
16 1
24 1
13 1
12 1
15 1
17 1
3 1
4 1
6 4
18 1
8 1
7 2
16 1
5 9
19 1
13 1
15 1
4 1
6 1
7 1
27 1
8 1
14 1
8 1
24 1
10 1
16 1
6 1
5 4
10 1
12 1
18 3
17 1
12 1
26 1
5 1
13 1
2 1
17 1
9 1
11 2
15 1
18 2
7 1
16 1
8 3
16 1
6 1
5 2
4 1
16 1
11 1
20 1
30 1
9 1
26 1
10 1
14 1
9 1
14 2
10 1
12 1
10 1
17 1
69 2
17 1
3 1
29 1
8 1
2 2
18 1
9 1
6 1
14 1
21 1
10 1
6 1
10 1
15 1
9 1
29 1
4 5
15 1
14 1
11 1
6 1
21 1
7 1
9 1
10 1
13 1
26 1
16 1
8 1
7 1
6 1
10 1
23 1
14 1
8 1
7 1
6 1
15 1
14 1
17 1
2 2
10 1
35 1
5 2
10 2
21 1
23 1
20 1
7 2
12 1
7 1
23 1
9 1
16 1
10 1
5 5
12 1
13 1
15 1
11 1
6 3
18 1
4 1
9 1
20 2
16 1
16 1
19 1
12 2
5 2
14 2
7 2
11 1
10 1
17 2
12 1
20 1
33 1
14 1
12 1
9 2
4 1
9 1
21 1
18 1
9 1
15 1
14 1
13 1
23 1
9 2
13 1
15 1
9 2
7 1
9 1
59 2
13 1
18 1
20 1
5 1
70 2
10 1
12 1
9 1
2 1
12 1
18 1
30 1
11 1
8 1
10 1
6 1
33 2
18 1
8 3
16 1
8 1
12 1
22 1
11 1
9 1
3 1
10 3
10 1
14 2
12 1
12 2
20 1
7 2
21 1
11 2
8 1
9 1
12 1
11 2
8 1
8 1
7 1
3 2
6 2
4 7
7 4
22 1
75 1
11 1
15 1
11 1
10 1
12 1
2 1
14 1
8 1
9 1
7 1
9 1
13 1
13 1
44 1
3 4
2 1
7 1
11 1
11 1
9 1
10 1
7 2
28 1
17 1
13 1
10 1
23 1
7 1
15 1
10 2
8 1
15 2
23 1
14 1
7 1
10 1
3 1
6 1
20 1
14 1
73 1
5 1
13 1
14 2
28 1
16 1
5 1
8 1
5 4
8 1
8 1
39 1
11 2
30 2
11 2
7 1
19 1
7 2
15 1
10 1
8 1
12 2
16 1
9 2
11 1
6 2
24 1
10 1
10 1
21 1
9 2
20 1
15 1
13 1
8 1
12 1
10 1
11 1
13 1
6 2
12 1
14 1
17 1
15 1
16 1
7 1
16 1
10 1
13 1
8 1
14 1
9 1
3 2
11 6
15 2
9 1
17 1
9 1
77 2
3 1
11 1
11 1
2 1
8 1
16 1
7 3
8 1
6 2
18 1
4 2
8 1
8 1
10 1
9 1
8 1
10 1
15 2
24 1
19 1
19 1
7 1
12 1
11 1
11 1
8 1
19 1
5 1
19 1
12 1
10 1
7 1
14 1
15 3
12 2
24 1
18 1
16 1
5 1
23 2
17 1
6 2
17 1
17 3
7 2
12 1
15 1
3 1
5 3
10 1
18 1
16 2
6 1
9 1
16 2
14 1
4 1
10 1
14 1
9 1
21 1
13 1
15 1
18 1
14 1
10 1
9 1
8 1
7 1
2 1
11 1
15 1
18 2
16 2
9 4
7 3
15 1
17 1
8 1
3 1
9 1
21 1
13 1
14 1
8 2
4 1
15 1
6 2
9 1
6 8
15 1
17 1
20 1
7 5
12 1
18 1
4 1
19 1
7 1
19 2
12 1
3 1
8 1
20 1
23 2
26 2
18 2
10 1
19 1
5 1
7 3
18 1
8 1
8 1
4 2
5 1
7 1
16 1
11 1
6 1
9 1
6 3
17 1
11 2
8 1
17 1
14 1
9 2
8 1
29 2
19 1
10 2
8 1
8 1
13 1
15 2
5 2
13 1
7 1
15 1
15 1
13 1
23 1
10 2
20 1
8 1
57 1
10 1
7 1
24 1
7 1
37 1
7 1
15 3
10 1
11 1
13 1
7 1
14 1
17 1
18 1
8 1
8 1
7 1
18 1
13 1
16 2
12 1
9 1
9 2
22 1
11 1
10 1
10 1
5 2
13 1
8 1
10 1
12 1
7 2
9 1
7 1
13 1
19 1
8 1
14 1
9 1
18 1
13 1
11 1
3 1
10 1
10 1
17 1
16 2
12 1
13 1
3 1
50 1
2 1
7 3
49 2
10 1
12 1
2 1
20 1
8 1
11 1
9 2
8 2
5 1
8 1
6 1
8 1
4 1
14 1
12 1
11 1
11 1
12 1
10 1
9 1
18 1
29 2
2 1
14 1
6 3
10 2
22 1
9 1
8 1
15 2
11 1
6 2
20 1
10 1
5 2
6 1
7 1
11 3
10 1
12 1
8 1
11 1
17 1
8 1
11 2
12 1
9 1
6 5
3 4
12 1
7 1
25 1
15 1
8 2
24 1
38 2
19 1
7 1
31 1
8 1
2 1
50 1
9 1
11 1
11 1
7 1
8 1
13 5
12 2
26 1
12 1
7 1
36 1
10 1
9 1
3 2
14 1
8 1
25 1
18 1
7 1
10 2
11 4
5 2
14 1
20 1
15 2
7 1
16 1
12 2
9 1
4 1
7 1
20 1
11 2
9 1
13 1
6 1
13 1
11 1
30 1
2 1
2 1
8 1
11 1
10 1
14 1
13 1
15 1
44 1
7 2
16 1
10 1
43 1
11 1
21 1
9 1
12 1
16 1
16 1
16 1
8 1
22 1
14 1
26 1
17 1
8 1
9 1
8 1
18 1
8 4
13 1
42 2
6 5
15 1
8 1
12 1
16 1
9 1
15 2
2 1
10 1
15 1
15 1
18 2
9 1
10 1
12 1
12 1
10 1
10 1
8 1
12 1
8 1
9 1
2 1
2 1
10 1
9 1
35 2
23 1
12 1
8 2
15 1
16 1
16 1
6 2
11 1
19 2
9 1
2 1
8 1
17 1
7 1
10 1
11 1
10 1
9 1
12 1
15 1
28 1
9 1
7 1
7 1
12 1
12 1
9 1
5 2
17 1
12 1
22 2
11 2
31 1
14 1
14 1
5 1
17 1
26 1
9 1
17 1
14 1
15 1
15 1
10 1
30 1
71 1
12 1
49 1
22 1
16 1
12 4
19 1
40 1
10 1
9 1
15 1
11 1
10 1
5 1
54 1
10 2
9 1
24 1
22 1
11 1
17 1
11 2
19 1
9 1
3 2
3 1
14 1
10 1
24 1
14 1
11 1
10 1
16 1
3 1
19 1
13 1
4 1
11 3
20 1
15 1
10 1
9 1
12 2
14 1
18 3
6 1
11 1
5 1
27 3
17 1
11 1
5 1
4 1
9 1
17 1
11 1
21 1
7 2
4 3
6 1
8 1
22 1
12 4
9 1
3 1
20 1
9 1
13 1
15 1
12 1
9 1
11 1
9 1
16 1
7 1
7 3
39 1
7 1
7 3
3 1
11 1
7 1
12 1
13 1
7 1
14 1
3 10
10 1
8 1
13 1
19 1
6 1
12 1
20 1
13 1
18 1
16 1
11 1
7 1
11 1
9 2
9 1
24 1
8 3
11 1
30 1
11 1
12 2
38 1
16 1
7 1
13 1
7 3
13 2
10 1
15 1
11 1
13 1
5 1
74 1
18 1
11 2
15 1
27 1
