0 0.00147342
1 0.00539588
1 0.00179526
1 0.00224551
1 0.00146929
1 0.00169331
1 0.000225958
0 0.000389083
1 0.0293415
1 0.000689027
1 0.00198651
1 0.00297475
1 0.0140874
1 0.000999404
1 0.00502982
0 4.97331e-05
0 0.000152438
1 0.00229296
1 0.00429273
1 0.00181167
1 0.0107827
0 0.000454616
1 0.00153973
1 0.00183505
1 0.00131776
1 0.00234262
1 0.000439821
1 0.00451099
1 0.00175067
1 0.00128545
0 0.00108596
1 0.000362352
1 0.002237
1 0.000918992
1 0.0433668
1 0.000356746
0 0.00025493
0 0.000534246
1 0.00298994
1 0.00255362
1 0.0127207
1 0.00605874
1 0.0128555
1 0.00067348
1 0.00114671
1 0.000725168
1 0.000929357
1 0.00489538
0 0.000994299
1 0.00299622
1 0.00114409
1 0.000472718
1 0.0011434
1 0.000616012
1 0.000471036
1 0.00161578
1 0.0136576
1 0.00146581
1 0.00148585
1 0.00108572
0 0.000214003
1 0.000753764
0 0.000240231
1 0.00436093
1 0.00134799
1 0.0129385
1 0.00193307
1 0.00774717
1 0.000852103
1 0.00091338
1 0.00530401
1 0.00664138
1 0.00242021
1 0.00207258
1 0.00344232
1 0.00261338
0 4.75007e-05
1 0.00658895
1 0.000673297
1 0.00665339
1 0.00142574
1 0.00542788
1 0.00481432
1 0.00097798
1 0.00292145
1 0.00145334
1 0.00218246
0 0.00031012
0 0.000917303
1 0.00945584
1 0.00175427
1 0.00240289
1 0.00572407
1 0.00305442
1 0.0045237
1 0.00459649
1 0.00150135
1 0.00247799
1 0.00761978
0 0.00060888
1 0.00980964
1 0.0141049
1 0.00550635
1 0.0186861
1 0.000861122
0 0.00198496
1 0.00434412
1 0.00245751
1 0.0186329
1 0.000941361
1 0.000992796
0 0.000256068
0 0.000261137
0 0.000404225
1 0.000170444
1 0.00319702
0 0.000332078
0 0.000184999
1 0.0479495
1 0.0017999
1 0.0218449
1 0.000793041
1 0.000681281
1 0.0011542
1 0.000398118
1 0.000807529
1 0.000955117
1 0.00168198
1 0.000368594
1 0.0145388
1 0.00559268
1 0.00141948
1 0.00039361
1 0.00216859
1 0.00268433
1 0.0179982
1 0.0309545
1 0.00219053
0 0.000682393
1 0.00219603
1 0.00514899
1 0.0050309
1 0.0222886
0 7.75345e-06
1 0.00190011
1 0.0043332
1 0.000862834
1 0.000991008
1 0.0101557
1 0.00321622
0 0.000184531
1 0.0017441
1 0.0113576
1 0.000797355
1 0.000638183
1 0.000983884
1 0.00211104
1 0.00974699
1 0.00490335
1 0.00155595
1 0.00756461
1 0.00179945
1 0.00253435
1 0.00284569
0 0.000406599
1 0.00126714
1 0.0129249
1 0.0027584
1 0.00744048
0 1.22917e-05
0 0.000994891
1 0.00157838
1 0.00568935
1 0.00279608
1 0.00368171
1 0.00023623
1 0.000777021
0 1.74063e-05
0 0.000130696
1 0.00357352
1 0.00498631
1 0.000341715
0 2.96053e-05
1 0.0100114
1 0.00316558
0 0.000228992
1 0.00178729
1 0.00524686
1 0.00224408
1 0.00360834
1 0.00194957
1 0.000983665
1 0.00902447
0 0.0014919
1 0.00138975
1 0.000445015
1 0.00511455
1 0.000574708
1 0.00283036
1 0.00162701
0 9.0292e-06
0 0.0026599
1 0.00850599
0 0.000742422
0 0.000150554
1 0.000432894
1 0.000399963
1 0.0016108
1 0.00108132
1 0.00112996
1 0.000537417
0 0.000162493
1 0.00652727
1 0.00119788
1 0.0143007
1 0.005276
0 0.000156115
1 0.00417375
0 0.000267771
1 0.000838523
1 0.00086117
1 0.00699969
1 0.0017579
0 0.000498477
0 0.000294683
1 0.00314346
1 0.000864275
1 0.000313819
1 0.00385816
1 0.00152394
1 0.00870334
1 0.00121486
0 0.000287866
1 0.00459237
1 0.00108995
0 0.000261366
1 0.00506016
1 0.000639553
1 0.00060366
1 0.0105532
0 1.76091e-05
1 0.0030147
1 0.00149852
1 0.00213048
0 0.000185823
1 0.00436173
1 0.000846153
0 1.71175e-05
1 0.000370087
1 0.00374281
1 0.000518688
1 0.00887961
1 0.00472752
0 0.000752394
1 0.00634556
0 0.000875714
1 0.00214451
1 0.00453476
1 0.00278173
1 0.00263485
1 0.00333522
1 0.00146165
0 3.62615e-06
1 0.000267056
1 0.0010504
0 0.000433932
1 0.000766013
1 0.000961723
0 0.000575129
1 0.000827781
1 0.00565839
0 0.000522933
1 0.000419931
0 0.000248196
0 0.000145249
0 8.98912e-05
1 0.00040319
0 0.000368364
0 4.05978e-05
0 6.26674e-06
0 2.00746e-07
0 0.000611152
1 0.000323711
1 0.0037834
1 0.000348449
0 0.000154116
1 0.000935794
0 0.000133063
1 0.000418278
1 0.000501281
1 0.000988403
1 0.00103103
0 0.000853626
1 0.00480921
0 0.000479672
1 0.00102902
1 0.00101602
1 0.00391559
1 0.00256897
0 0.000327404
1 0.00119215
1 0.000661149
0 2.24773e-06
1 0.00556474
1 0.000786509
1 0.00252764
1 0.00474978
1 0.000976909
1 0.00180779
0 7.8668e-05
1 0.00125426
0 0
1 0.00156692
0 0.000356943
1 0.00146847
1 0.00113845
0 5.52521e-05
1 0.0136698
1 0.00428206
1 0.0022937
1 0.00718997
1 0.00192502
0 2.50426e-05
1 0.000176555
0 0.000285743
1 0.00118196
1 0.000458848
0 3.04553e-05
1 0.00120132
1 0.00429524
1 0.000424211
0 3.38805e-05
1 0.00141242
1 0.00278321
1 0.00228544
1 0.00860788
1 0.0010683
1 0.0048803
1 0.00579761
0 0.000152817
0 0.000159327
0 0.000147585
1 0.0104065
1 0.00201714
0 0.00113247
1 0.00264478
0 0.00064314
0 3.54045e-07
0 0.000119089
1 0.00117801
1 0.000442305
0 1.36868e-05
0 0.000170773
0 0.000219693
0 5.71445e-05
0 0.000453819
0 4.13191e-05
1 0.000304957
0 0.000224488
1 0.00117674
1 0.00805843
0 8.85122e-05
1 0.0011621
0 0.000276626
0 0.000259129
1 0.0001757
0 0.00287423
1 0.00124925
1 0.000571847
0 0.000210347
0 0.00298797
1 0.00697561
0 1.36326e-05
0 0.000698546
1 0.00380839
0 8.07165e-05
0 0.000445282
0 0.0011139
1 0.0037157
0 0.000380555
0 0
1 0.00192506
1 0.00246121
1 0.0011534
0 0.000466033
1 0.000681747
1 0.000778992
0 0.00406647
0 0.000120004
1 0.000726308
1 0.00148767
1 0.000555759
0 0
0 0.00328019
1 0.0064054
1 0.00127974
0 0.000285115
1 0.000753267
0 6.23519e-05
1 0.000735316
0 9.41732e-05
0 2.67867e-05
1 0.000432812
1 0.000539366
0 0.00146133
1 0.000834639
1 0.00410188
0 0.00144445
0 0.000254853
1 0.00207762
0 0.000311296
0 0.00029159
0 0.000117561
1 0.00266683
1 0.000369919
1 0.00127376
0 0.000221001
0 0.00022568
0 0.000214495
0 0.00030595
1 0.000833585
0 0.000201563
1 0.00144326
1 0.000867468
0 0.000143246
1 0.000918257
0 0.000421403
1 0.000444188
1 0.00111972
0 0.000146125
0 7.01012e-05
0 0.000850292
0 0.000989535
1 0.00258545
0 4.59535e-05
0 3.74217e-05
1 0.000773694
0 6.64171e-05
0 2.60782e-05
1 0.00359138
1 0.000359696
1 0.000584412
1 0.000330032
0 0.000223914
0 0.00262869
0 2.73709e-05
1 0.000732755
0 0.000169427
0 0.000166905
0 0.000656542
0 1.47354e-05
0 0.00482751
0 0
0 0.000316275
0 0.000916203
0 7.82669e-05
0 0.000323064
0 0.000285288
1 0.00155342
1 0.00388113
0 1.76471e-05
1 0.000908681
1 0.000602088
0 0.00016065
1 0.00518784
0 1.85532e-05
1 0.00186688
0 4.55225e-05
0 0.000194379
1 0.00154564
1 0.000300537
1 0.00313997
0 6.66485e-05
0 2.42141e-05
0 0.000434013
0 0.000113227
0 4.0495e-05
1 0.000652185
1 0.000737677
0 0.000198752
1 0.00044493
1 0.00032325
0 0.000121729
0 0.000386126
1 0.000768352
0 0.00011561
0 0.000717345
0 0.000271806
0 0.000223388
0 4.11077e-05
0 3.06606e-05
1 0.0010204
0 0.000891375
0 0.000133541
0 0.000131851
0 1.24484e-05
0 0.000782988
0 2.2469e-05
1 0.000898208
0 0.0004521
1 4.99428e-05
0 0.00012121
1 0.000712977
0 0.000305673
1 0.000546693
0 2.41527e-05
0 6.77448e-05
0 0.000273284
1 0.00099809
1 0.00119119
1 0.00323034
0 9.19745e-05
1 0.000826241
1 0.00118964
0 0.000195783
0 0.000337834
1 0.000230496
1 0.000118899
0 0.000134143
1 0.000782033
0 0.000152101
0 6.06079e-05
1 0.00417887
1 0.00121445
1 0.000760544
0 0.00132333
0 0.000248968
1 0.000303802
0 0.000135089
1 2.37126e-06
1 0.00035831
1 0.000153233
1 0.000169755
1 0.000139935
1 0.000126939
0 6.63266e-05
1 0.000898073
0 9.70885e-05
0 0.000377803
0 0.000146384
0 0
0 2.28432e-05
1 0.000827023
0 0.000150547
1 0.000485563
0 0.00271614
0 0.000366944
0 7.97368e-05
1 0.00133946
0 3.08101e-06
0 0
1 0.000319863
0 0.00032973
0 0.000251629
1 0.000552773
0 4.44009e-06
1 0.00079748
0 7.9512e-05
1 0.0012359
0 0.00223526
0 4.1306e-05
0 0.0024202
0 0.00016927
0 0.00026952
0 4.31979e-05
1 0.000597844
1 0.0004902
0 0.000117082
1 0.000420739
0 0.000228525
1 0.000260172
0 2.09624e-05
0 1.32917e-05
0 0.000107469
1 0.000395706
1 0.00190453
0 0.000203481
0 2.38432e-06
0 0.000166022
0 4.59256e-05
0 0.00351536
0 0.000188994
0 7.51413e-05
0 6.09739e-05
0 0.000130731
0 0.000186563
0 5.72769e-05
1 0.00052744
0 0.000217336
1 0.000594792
0 9.55025e-06
0 0.000115873
0 0
0 0.000104712
0 0.000663786
0 8.40129e-05
1 0.00126886
0 0.00269092
1 0.000925262
0 0.000298119
0 2.51018e-05
0 0
0 0.000525556
1 0.00246585
0 3.53788e-06
0 1.5337e-06
0 1.06539e-05
1 0.000552413
1 0.000184478
0 0.0001003
0 2.23432e-06
0 0.00026177
1 0.00231733
1 0.00211148
0 3.64422e-05
0 0.000181517
0 0.000100131
0 6.46242e-05
0 0.000322252
0 0.000209626
0 0.000142797
0 7.18987e-07
0 0.00152784
0 4.78919e-05
0 3.19999e-05
0 0
0 0.000255281
1 0.000691426
0 0.000499712
0 1.5541e-05
0 5.46204e-06
0 0
0 4.24904e-05
0 2.92862e-05
0 0.000422198
0 1.60774e-05
0 7.11242e-06
0 2.96852e-05
0 0.00819375
0 0.00142015
0 5.07708e-05
0 0
0 0
0 0
0 1.68292e-05
0 0.000245897
0 9.27136e-05
0 0.000371859
0 1.30128e-05
0 0
0 0
0 1.68007e-05
1 0.000808048
0 5.2978e-06
0 2.35719e-06
0 4.51539e-05
0 0.00116723
0 9.42103e-05
0 4.54766e-05
0 1.09174e-06
0 2.46993e-05
0 0
0 3.83658e-05
0 0
0 0.000558649
0 0.000341342
0 8.48193e-05
0 7.50855e-05
0 0.00274721
0 1.99192e-07
0 0
0 0
0 0.000104737
0 0
0 2.0003e-05
0 4.99899e-06
0 5.17917e-05
0 4.25232e-05
0 1.41713e-05
0 0.00263693
0 7.30639e-05
0 8.37218e-06
0 5.00893e-05
0 0
0 3.62518e-05
0 0.000169758
0 8.21919e-06
0 1.97529e-06
0 1.58431e-06
0 0.000100098
0 0
0 0.00153869
0 0.000238265
0 0.000297939
0 0
0 8.5691e-05
0 0
0 0
0 1.78226e-05
0 0.00028635
0 0.000162618
0 0
0 0.00213153
0 8.01021e-06
0 0.000133622
0 2.62398e-05
0 9.69896e-06
0 2.78115e-05
0 4.2307e-05
0 0
0 3.92812e-06
0 0
0 0
0 0
0 0
0 6.25822e-05
0 4.19506e-05
0 8.3954e-05
0 0
0 5.92658e-05
0 2.95396e-05
0 0
0 0
0 0
0 0.000460567
0 0
0 0
0 1.75507e-05
0 0.000569066
0 0
0 0.000329371
0 0
0 5.22889e-06
0 0
0 0
0 0
0 5.7231e-07
0 0
0 1.04633e-05
0 2.71498e-06
0 2.5433e-06
0 0
0 0
0 3.34311e-05
0 0
0 0
0 0
0 0
0 8.33104e-07
0 0
0 0
0 6.07988e-06
0 0
0 0
0 0
0 0
0 8.66338e-07
0 0
0 0
0 0
0 0
0 0
