5 5581 0.837508 5 0.576062 1.96661 55.8323 4
5 5580 0.824553 5 0.574014 1.95877 55.8167 4
5 5587 0.817807 4 0.576696 1.98393 55.8979 4
5 5575 0.823838 5 0.57704 1.96989 55.7835 4
5 5560 0.83156 4 0.573561 1.95909 55.6445 4
5 5572 0.821197 5 0.575377 1.96872 55.7367 4
5 5594 0.815449 4 0.579371 1.9864 55.9624 4
5 5587 0.818889 5 0.573116 1.974 55.8868 4
5 5577 0.806117 4 0.575758 1.96661 55.7923 4
5 5571 0.811775 5 0.574044 1.95954 55.71 4
5 5591 0.801881 5 0.575031 1.9697 55.9268 4
5 5563 0.810152 5 0.57469 1.96999 55.6411 4
5 5582 0.796103 5 0.57148 1.95987 55.8535 4
5 5593 0.799049 4 0.57572 1.98357 55.958 4
5 5579 0.802405 4 0.579136 1.9885 55.8179 4
5 5590 0.80866 4 0.578175 1.99152 55.9504 4
5 5582 0.79694 5 0.575779 1.97297 55.8423 4
5 5578 0.803158 5 0.579598 1.98507 55.8247 4
5 5591 0.816581 5 0.572885 1.95896 55.9212 4
5 5605 0.82796 5 0.575914 1.97812 56.078 4
5 5581 0.795387 4 0.575882 1.97254 55.8435 4
5 5589 0.799404 4 0.577205 1.96995 55.9068 4
5 5600 0.821549 4 0.57625 1.98736 56.0224 4
5 5586 0.808049 5 0.577873 1.98134 55.8935 4
5 5586 0.803036 4 0.577157 1.97375 55.8768 4
5 5574 0.794084 5 0.574812 1.96371 55.7623 4
5 5591 0.806213 5 0.578251 1.97328 55.9324 4
5 5582 0.804909 5 0.57775 1.97751 55.8423 4
5 5581 0.814692 5 0.571582 1.95859 55.8267 4
5 5583 0.804724 5 0.573348 1.96516 55.8523 4
5 5592 0.813538 5 0.577432 1.98434 55.9368 4
5 5599 0.802088 5 0.579746 1.9881 56.0012 4
5 5592 0.809777 5 0.57475 1.96552 55.9368 4
5 5582 0.820058 5 0.575242 1.96668 55.8703 4
5 5580 0.795817 4 0.578136 1.98258 55.8279 4
5 5571 0.800127 4 0.574762 1.96117 55.7323 4
5 5582 0.804565 4 0.576496 1.97166 55.8591 4
5 5576 0.802568 5 0.579268 1.98551 55.7935 4
5 5576 0.788366 5 0.575681 1.97041 55.7823 4
5 5583 0.807934 5 0.579258 1.98042 55.8468 4
5 5585 0.814279 4 0.573679 1.96472 55.8891 4
5 5589 0.805794 4 0.577205 1.96995 55.9068 4
5 5585 0.81804 5 0.57171 1.95151 55.8612 4
5 5588 0.806155 4 0.576772 1.97759 55.9024 4
5 5580 0.797401 4 0.578853 1.98468 55.8223 4
5 5581 0.806246 5 0.572299 1.95475 55.8156 4
5 5573 0.800202 5 0.574915 1.96159 55.7467 4
5 5590 0.820725 4 0.577818 1.98729 55.9224 4
5 5577 0.812672 5 0.574502 1.96924 55.7923 4
5 5576 0.795985 4 0.574785 1.96162 55.7656 4
5 5571 0.795105 4 0.577455 1.97833 55.7323 4
5 5567 0.794127 5 0.578408 1.97699 55.6978 4
5 5593 0.808494 5 0.572144 1.95654 55.9468 4
5 5577 0.790377 4 0.57504 1.96751 55.8258 4
5 5584 0.799452 5 0.575931 1.97086 55.8568 4
5 5568 0.798311 5 0.575072 1.97126 55.7079 4
5 5579 0.803497 4 0.576806 1.97162 55.8067 4
5 5570 0.788136 5 0.579533 1.97865 55.7111 4
5 5586 0.810273 4 0.57483 1.96295 55.8712 4
5 5571 0.783873 5 0.574942 1.95439 55.7434 4
5 5574 0.795065 4 0.575888 1.97124 55.7567 4
5 5572 0.797493 4 0.572505 1.94878 55.7311 4
5 5584 0.806103 5 0.578438 1.99065 55.8679 4
5 5592 0.798406 4 0.574928 1.9655 55.948 4
5 5566 0.800509 5 0.581567 1.99141 55.699 4
5 5563 0.781198 5 0.580442 1.98843 55.669 4
5 5593 0.795044 5 0.576256 1.97764 55.9468 4
5 5581 0.810037 5 0.572299 1.95894 55.8156 4
5 5587 0.821282 5 0.574906 1.96295 55.9091 4
5 5576 0.828931 4 0.575861 1.96068 55.7767 4
5 5581 0.881512 4 0.578929 1.98511 55.8659 4
5 5588 0.891298 5 0.576414 1.97085 55.908 4
5 5572 0.870905 5 0.5743 1.95826 55.7535 4
5 5578 0.886868 5 0.577447 1.97073 55.78 4
5 5586 0.883757 5 0.57662 1.97378 55.8656 4
5 5595 0.858172 4 0.576586 1.97763 55.9892 4
5 5591 0.883812 5 0.574674 1.97351 55.9324 4
5 5571 0.900019 5 0.574044 1.95365 55.7323 4
5 5577 0.849515 4 0.576475 1.9746 55.7923 4
5 5596 0.944977 4 0.570586 1.9484 55.9712 4
5 5577 0.797757 5 0.57504 1.96624 55.7867 4
5 5586 0.820625 5 0.576799 1.96108 55.8935 4
5 5586 0.806035 5 0.576441 1.98056 55.8824 4
5 5575 0.864871 5 0.579013 1.98125 55.7612 4
5 5580 0.875042 4 0.575986 1.9721 55.8112 4
5 5595 0.858433 5 0.575871 1.96376 55.9612 4
5 5572 0.896329 4 0.576095 1.97206 55.7758 4
5 5585 0.839152 5 0.578335 1.98344 55.8668 4
5 5593 0.846925 4 0.577508 1.99281 55.958 4
5 5581 0.795082 5 0.580183 1.99061 55.8435 4
5 5586 0.833861 4 0.577515 1.98051 55.8935 4
5 5588 0.905826 5 0.576951 1.97377 55.9191 4
5 5575 0.871552 4 0.571659 1.96022 55.8002 4
5 5575 0.83486 5 0.573632 1.95078 55.7779 4
5 5590 0.883995 5 0.576923 1.96237 55.9 4
5 5586 0.927732 5 0.576441 1.98056 55.8824 4
5 5570 0.80602 4 0.580251 1.99145 55.7223 4
5 5606 0.84365 5 0.578487 1.98646 56.0824 4
5 5581 0.856678 5 0.578033 1.97197 55.8379 4
5 5569 0.860931 5 0.574969 1.96071 55.7011 4
5 5582 0.849905 5 0.579721 1.98636 55.8535 4
5 5581 0.971085 5 0.571045 1.96199 55.8379 4
5 5571 0.888981 4 0.577634 1.97663 55.749 4
5 5574 0.908875 4 0.576964 1.96989 55.7567 4
5 5579 0.840788 5 0.575372 1.97763 55.8235 4
5 5576 0.769899 5 0.57873 1.9719 55.7767 4
5 5579 0.808963 5 0.573579 1.97562 55.8179 4
5 5571 0.773952 5 0.57566 1.97081 55.7323 4
5 5584 0.82251 4 0.573424 1.9597 55.8791 4
5 5586 0.890471 5 0.576978 1.97334 55.8768 4
5 5574 0.954539 5 0.572659 1.96809 55.7623 4
5 5579 0.790432 5 0.577344 1.97583 55.8403 4
5 5592 0.808531 5 0.570458 1.96003 55.9368 4
5 5572 0.782108 4 0.575915 1.96657 55.7256 4
5 5583 0.799853 5 0.575139 1.97386 55.8356 4
5 5606 0.941175 5 0.578487 1.98646 56.0824 4
5 5588 0.827577 5 0.577309 1.97587 55.9024 4
5 5577 0.91773 4 0.574323 1.97557 55.7867 4
5 5588 0.858651 6 0.574087 1.96597 55.9135 4
5 5592 0.877918 4 0.578863 1.99151 55.9424 4
5 5565 0.889212 5 0.575382 1.96403 55.6834 4
5 5577 0.842686 4 0.578806 1.9851 55.7867 4
5 5587 0.86139 4 0.57598 1.97383 55.9091 4
5 5589 0.864862 5 0.572911 1.95936 55.8956 4
5 5580 0.803752 5 0.575806 1.95395 55.8167 4
5 5585 0.824434 4 0.575291 1.97976 55.8947 4
5 5574 0.798401 4 0.5723 1.9547 55.7512 4
5 5601 0.811289 4 0.580254 1.9949 56.0268 4
5 5567 0.813743 5 0.575355 1.97166 55.7201 4
5 5576 0.882359 5 0.576399 1.97544 55.7935 4
5 5580 0.845426 5 0.577957 1.97749 55.8391 4
5 5587 0.851494 5 0.574548 1.96045 55.8924 4
5 5568 0.832752 5 0.577227 1.98131 55.7246 4
5 5574 0.902626 5 0.572659 1.96809 55.7623 4
5 5580 0.88311 5 0.57724 1.97457 55.8167 4
5 5580 0.886382 5 0.574373 1.97516 55.8112 4
5 5588 0.89745 5 0.576056 1.97552 55.88 4
5 5575 0.859412 4 0.573453 1.96047 55.7612 4
5 5576 0.871171 4 0.573709 1.96045 55.8046 4
5 5587 0.840958 5 0.5724 1.96861 55.8924 4
5 5596 0.798081 5 0.57416 1.97776 55.988 4
5 5576 0.905929 5 0.571915 1.94805 55.7767 4
5 5577 0.816582 4 0.574323 1.97557 55.7867 4
5 5593 0.855045 5 0.573574 1.95765 55.9524 4
5 5583 0.865461 4 0.579438 1.98722 55.8691 4
5 5581 0.919308 4 0.575703 1.98564 55.8603 4
5 5579 0.851345 5 0.576268 1.97208 55.8067 4
5 5586 0.851321 5 0.573398 1.96811 55.8712 4
5 5582 0.857329 5 0.576317 1.9797 55.8647 4
5 5580 0.80877 5 0.573656 1.9567 55.8279 4
5 5570 0.855356 4 0.575404 1.95687 55.7334 4
5 5566 0.888654 4 0.573841 1.95363 55.6878 4
5 5580 0.845672 5 0.575986 1.96746 55.8223 4
5 5574 0.822562 4 0.575888 1.97124 55.7567 4
5 5590 0.795591 4 0.576208 1.97256 55.9224 4
5 5581 0.802002 5 0.574449 1.96758 55.8435 4
5 5567 0.833094 4 0.579486 1.98163 55.6923 4
5 5574 0.804811 4 0.578041 1.97959 55.7456 4
5 5565 0.871939 5 0.575562 1.96063 55.6723 4
5 5584 0.82955 4 0.578259 1.98471 55.8568 4
5 5583 0.814528 5 0.579975 1.99318 55.8412 4
5 5592 0.823104 4 0.577432 1.98138 55.9424 4
5 5588 0.848624 4 0.579456 1.98596 55.8968 4
5 5578 0.893744 4 0.572965 1.9639 55.7912 4
5 5583 0.836416 5 0.576572 1.978 55.8468 4
5 5586 0.799038 4 0.578589 1.97918 55.8824 4
5 5583 0.802583 5 0.574064 1.95542 55.8579 4
5 5582 0.799595 5 0.577929 1.98217 55.8479 4
5 5585 0.816699 5 0.575828 1.96496 55.85 4
5 5568 0.887905 5 0.569325 1.94078 55.719 4
