6 228 0.032398 8 0.605263 2.24444 57 4
6 228 0.034465 8 0.605263 2.24444 57 4
6 228 0.034966 8 0.605263 2.24444 57 4
6 228 0.03231 8 0.605263 2.24444 57 4
6 228 0.033477 8 0.605263 2.24444 57 4
6 228 0.036543 8 0.605263 2.24444 57 4
6 232 0.033897 7 0.616379 2.30337 58.1454 4
6 231 0.036567 9 0.632035 2.42353 57.8947 4
6 228 0.045357 8 0.605263 2.24444 57 4
6 228 0.037901 8 0.605263 2.24444 57 4
6 228 0.038502 8 0.605263 2.24444 57 4
6 232 0.035151 7 0.616379 2.30337 58.1454 4
6 231 0.033721 9 0.632035 2.42353 57.8947 4
6 223 0.034225 6 0.596413 2.26667 56.0302 4
6 228 0.034551 8 0.622807 2.34884 57 4
6 228 0.034757 8 0.605263 2.24444 57 4
6 228 0.047938 8 0.605263 2.24444 57 4
6 228 0.041324 8 0.605263 2.24444 57 4
6 228 0.033424 8 0.605263 2.24444 57 4
6 228 0.032888 8 0.605263 2.24444 57 4
6 232 0.032061 7 0.62069 2.39773 58 4
6 225 0.031544 8 0.591111 2.18478 56.25 4
6 229 0.041187 6 0.585153 2.2 57.3935 4
6 222 0.040261 8 0.563063 2.05155 55.5 4
6 225 0.034674 6 0.573333 2.11458 56.25 4
5 225 0.035146 6 0.613333 2.31034 56.391 4
6 226 0.033208 6 0.615044 2.27586 56.6416 4
6 228 0.046784 7 0.592105 2.2043 57 4
6 225 0.035245 6 0.613333 2.31034 56.391 4
6 232 0.033752 7 0.607759 2.32967 58 4
6 228 0.035516 6 0.578947 2.14583 57.1429 4
6 229 0.035357 8 0.576419 2.14433 57.25 4
6 243 0.039573 11 0.604938 2.33333 60.75 4
6 225 0.033 6 0.613333 2.31034 56.391 4
6 232 0.040371 7 0.607759 2.32967 58 4
6 228 0.034646 6 0.578947 2.14583 57.1429 4
6 229 0.034788 8 0.576419 2.14433 57.25 4
6 243 0.039901 11 0.604938 2.33333 60.75 4
6 228 0.037996 6 0.605263 2.25556 57 4
6 232 0.047019 7 0.599138 2.29032 58.1454 4
6 225 0.032507 6 0.613333 2.31034 56.391 4
6 232 0.033809 7 0.607759 2.32967 58 4
6 230 0.044177 6 0.617391 2.34091 57.6441 4
6 229 0.045168 8 0.567686 2.11111 57.5377 4
6 231 0.044767 8 0.588745 2.21053 57.8947 4
6 232 0.048042 8 0.594828 2.21277 58.2915 4
6 246 0.047016 15 0.605691 2.34021 61.5 4
6 231 0.031731 6 0.636364 2.36905 57.75 4
6 227 0.036066 9 0.572687 2.12371 56.8922 4
6 226 0.028984 6 0.632743 2.42169 56.6416 4
5 233 0.037333 7 0.609442 2.32967 58.5427 4
6 229 0.038123 9 0.572052 2.09184 57.3935 4
6 224 0.033551 6 0.544643 1.96078 56 4
6 233 0.040701 7 0.609442 2.32967 58.5427 4
6 226 0.046507 7 0.584071 2.1383 56.927 4
6 221 0.039277 8 0.565611 2.04167 55.25 4
6 232 0.036718 7 0.603448 2.28261 58 4
6 231 0.03207 8 0.649351 2.44444 57.75 4
6 233 0.038071 7 0.609442 2.32967 58.5427 4
6 226 0.03483 7 0.584071 2.1383 56.927 4
6 221 0.041042 8 0.565611 2.04167 55.25 4
6 232 0.04096 7 0.603448 2.28261 58 4
6 231 0.033171 8 0.649351 2.44444 57.75 4
6 228 0.033724 7 0.605263 2.3 57 4
6 227 0.035378 6 0.61674 2.32184 56.75 4
6 233 0.040925 7 0.609442 2.32967 58.5427 4
6 226 0.047718 7 0.584071 2.1383 56.927 4
6 233 0.045851 8 0.622318 2.375 58.25 4
6 219 0.03102 7 0.589041 2.12222 55.0251 4
6 233 0.037937 11 0.60515 2.28261 58.25 4
6 230 0.044621 9 0.608696 2.3 57.5 4
6 228 0.038788 9 0.596491 2.20652 57.1429 4
6 231 0.042335 10 0.549784 2.04808 57.8947 4
6 224 0.037388 8 0.580357 2.17021 56 4
6 226 0.037005 7 0.59292 2.18478 56.6416 4
5 229 0.043068 6 0.58952 2.20213 57.5377 4
6 223 0.03941 7 0.569507 2.11458 56.0302 4
6 225 0.039166 7 0.564444 2 56.391 4
6 229 0.035939 6 0.58952 2.20213 57.5377 4
6 229 0.042734 9 0.58952 2.17021 57.25 4
6 225 0.037476 6 0.568889 2.08247 56.25 4
6 226 0.038517 7 0.597345 2.21978 56.5 4
6 229 0.041517 9 0.585153 2.24211 57.25 4
6 237 0.052982 10 0.556962 2.08571 59.25 4
6 230 0.047571 8 0.604348 2.25275 57.5 5
6 229 0.036598 6 0.58952 2.20213 57.5377 4
6 233 0.037078 11 0.587983 2.15625 58.25 4
6 223 0.036532 7 0.569507 2.11458 56.0302 4
6 229 0.036405 7 0.593886 2.22581 57.25 4
6 229 0.036655 9 0.58952 2.17021 57.25 4
6 231 0.038966 6 0.597403 2.26882 58.0402 4
6 228 0.041181 7 0.600877 2.17582 57 4
6 232 0.04878 9 0.581897 2.21649 58 4
6 225 0.044641 6 0.568889 2.08247 56.25 4
6 236 0.04989 7 0.605932 2.34409 59 4
6 235 0.048511 6 0.608511 2.32609 58.8972 4
6 231 0.054385 7 0.597403 2.27957 57.8947 4
6 226 0.053541 7 0.597345 2.21978 56.5 4
6 230 0.040554 7 0.604348 2.25275 57.6441 4
6 225 0.044402 6 0.582222 2.15957 56.25 4
6 234 0.042684 12 0.606838 2.29348 58.5 4
6 229 0.04326 9 0.585153 2.24211 57.25 4
6 223 0.040072 7 0.609865 2.22989 56.0302 4
6 237 0.052451 10 0.556962 2.08571 59.25 4
6 225 0.045132 7 0.577778 2.12632 56.391 4
6 230 0.053877 9 0.6 2.26087 57.5 4
6 229 0.042507 7 0.572052 2.14286 57.3935 4
6 229 0.04331 7 0.585153 2.16842 57.25 4
6 231 0.042318 8 0.614719 2.30337 57.75 4
6 234 0.044975 9 0.58547 2.2268 58.5 4
6 231 0.044765 8 0.593074 2.25532 57.75 4
6 229 0.040794 8 0.624454 2.36047 57.3935 4
6 232 0.044929 6 0.612069 2.23333 58 4
6 229 0.046298 6 0.58952 2.20213 57.5377 4
6 230 0.040633 7 0.591304 2.17021 57.6441 4
6 223 0.040455 7 0.569507 2.11458 56.0302 4
6 229 0.040754 7 0.593886 2.22581 57.25 4
6 229 0.039315 9 0.58952 2.17021 57.25 4
6 231 0.042313 6 0.597403 2.26882 58.0402 4
6 225 0.037957 7 0.564444 2 56.391 4
6 232 0.039652 9 0.581897 2.21649 58 4
6 230 0.038633 11 0.591304 2.20213 57.5 4
5 228 0.037615 7 0.600877 2.17582 57 4
6 233 0.043697 10 0.587983 2.19792 58.25 4
6 234 0.045538 8 0.57265 2.14 58.5 4
6 230 0.042082 7 0.565217 2.04 57.6441 4
6 225 0.044863 6 0.595556 2.21978 56.25 4
6 230 0.049386 8 0.582609 2.23958 57.5 4
6 224 0.038725 7 0.616071 2.17442 56.1404 4
6 239 0.046076 13 0.548117 2.0463 59.75 5
6 231 0.044274 6 0.597403 2.24731 57.75 4
6 228 0.048788 7 0.561404 2.09 57.1429 4
6 223 0.041956 6 0.609865 2.2069 55.8897 4
6 222 0.042167 7 0.581081 2.19355 55.9194 4
6 224 0.04212 7 0.589286 2.11957 56.1404 4
6 220 0.042341 5 0.609091 2.24419 55 4
6 235 0.052962 7 0.595745 2.21053 58.75 4
6 229 0.04784 9 0.567686 2.06061 57.25 4
6 236 0.043299 9 0.605932 2.29032 59.1479 4
6 221 0.041315 6 0.59276 2.18889 55.25 4
6 226 0.04517 6 0.60177 2.16667 56.5 4
6 237 0.063511 14 0.548523 2.01869 59.25 4
6 230 0.037694 9 0.608696 2.24444 57.5 4
6 236 0.040175 10 0.588983 2.18557 59 4
6 226 0.033573 6 0.597345 2.20879 56.5 4
6 223 0.038131 6 0.569507 2.11458 56.0302 4
6 228 0.034356 8 0.605263 2.28889 57 4
6 230 0.035839 9 0.573913 2.13265 57.5 4
6 228 0.033763 8 0.583333 2.18947 57 4
6 229 0.030277 6 0.58952 2.18085 57.25 4
6 232 0.034462 6 0.594828 2.25532 58 4
6 228 0.036624 9 0.552632 2.02941 57 4
6 224 0.032851 9 0.620536 2.30588 56 4
