1 2077113 658.288 114 0.530615 1.91452 68.8538 6
1 2077549 655.543 114 0.530534 1.91454 68.8619 6
1 2077282 654.382 114 0.530547 1.9142 68.8551 6
1 2077050 657.014 114 0.530535 1.91439 68.8535 6
1 2077216 661.46 129 0.530524 1.91421 68.8567 6
1 2076940 659.448 114 0.530599 1.91444 68.8516 6
1 2076782 740.532 114 0.530541 1.91451 68.8514 6
1 2076863 752.554 114 0.530577 1.91442 68.8516 6
1 2077138 751.707 114 0.530543 1.91441 68.8547 6
1 2077141 752.294 114 0.530537 1.91438 68.855 6
1 2077233 750.677 114 0.53053 1.91429 68.8553 6
1 2076414 750.14 114 0.530574 1.91436 68.8478 6
1 2077069 752.899 114 0.530583 1.91446 68.854 6
1 2076883 752.125 114 0.530582 1.91448 68.8542 6
1 2076816 750.382 114 0.530559 1.91441 68.8501 6
1 2077421 751.367 114 0.530494 1.9143 68.86 6
1 2077010 748.968 114 0.530586 1.91457 68.8524 6
1 2077215 749.477 114 0.530538 1.91441 68.8554 6
1 2077058 751.167 114 0.530594 1.9144 68.8532 6
1 2077033 748.521 114 0.530593 1.91439 68.8528 6
2 2076907 748.449 114 0.530578 1.91442 68.8519 6
2 2077066 751.742 114 0.530567 1.91452 68.854 6
2 2076914 750.232 114 0.530538 1.91448 68.8532 6
2 2076910 749.955 114 0.530554 1.91428 68.8521 6
2 2077297 761.849 114 0.5306 1.91441 68.8578 6
2 2076417 762.596 114 0.530587 1.91439 68.8462 6
2 2077208 752.234 114 0.530584 1.91436 68.8567 6
2 2076678 750.316 114 0.530582 1.91445 68.849 6
2 2076929 754.576 114 0.530536 1.91434 68.8535 6
2 2077031 754.83 114 0.530588 1.91448 68.8525 6
2 2077118 763.196 114 0.530547 1.91439 68.8543 6
3 2076807 749.542 114 0.530565 1.9144 68.8499 6
3 2076900 757.327 114 0.530567 1.91452 68.8526 6
3 2077155 766.666 109 0.530509 1.91426 68.8557 6
3 2076936 755.311 109 0.530621 1.91464 68.8506 6
3 2077129 753.037 114 0.530558 1.91451 68.8551 6
3 2077244 750.331 114 0.530603 1.9145 68.8567 6
3 2076870 749.747 114 0.530597 1.91458 68.8529 6
4 2077141 748.455 114 0.530542 1.9144 68.8546 6
4 2076998 753.374 114 0.530555 1.91432 68.852 6
4 2077096 750.248 114 0.530598 1.91457 68.8563 6
4 2077035 751.33 114 0.530558 1.91443 68.8526 6
4 2077063 757.569 114 0.530513 1.91429 68.8523 6
4 2077086 754.106 114 0.530594 1.91448 68.8558 6
5 2076993 756.971 114 0.530609 1.91462 68.8548 6
5 2077038 756.688 114 0.53058 1.91463 68.8544 6
5 2076945 756.865 109 0.530594 1.91451 68.8511 6
