1 13486 6.28266 164 0.0182411 1.00166 63.4755 3
1 18403 8.32572 252 0.016193 1.00199 67.0541 3
1 7867 3.77855 162 0.0189399 1.00259 61.9351 3
1 3096 1.4267 170 0.0145349 1.00164 63.8614 3
1 15896 7.5914 231 0.0171112 1.00186 65.2384 4
1 10367 4.56663 214 0.0135044 1.00098 71.0701 3
1 14964 6.72236 220 0.0165731 1.00129 65.5023 3
1 19686 8.73994 189 0.0191507 1.00326 66.6622 3
2 4927 2.2298 205 0.0186726 1.00124 60.2765 3
2 6207 2.82164 175 0.0177219 1.00344 65.4126 3
2 11407 5.3023 239 0.0191111 1.00152 61.9979 3
2 21855 10.0501 193 0.0188515 1.00247 65.231 3
2 13326 6.08072 252 0.0155335 1.00168 67.1572 3
2 8671 4.18473 272 0.0185676 1.00212 62.7969 3
2 13274 6.01012 177 0.0177791 1.00184 63.7529 3
2 1716 0.787499 177 0.016317 1.00059 61.8156 2
2 5169 2.33092 226 0.0168311 1.00197 66.1759 3
2 15890 7.08749 201 0.0164254 1.00141 64.4233 3
2 20246 9.16402 200 0.019757 1.00222 64.5744 3
3 3248 1.48219 145 0.0163177 1.0025 67.9925 3
3 17138 7.80558 191 0.0177384 1.00249 65.5699 3
3 7154 3.47272 222 0.0159351 1.00327 68.8746 3
3 8601 4.02143 255 0.0197651 1.00142 62.1415 3
3 9993 4.60643 176 0.0176123 1.00143 62.7071 3
3 1465 0.696034 185 0.0143345 1.00069 64.1419 2
3 3235 1.53332 167 0.018238 1.00157 60.0743 3
3 5901 2.79371 231 0.0181325 1.00207 61.2137 3
3 27705 12.3933 353 0.0172171 1.00209 67.0239 3
3 6714 2.93921 210 0.01549 1.00257 70.8452 3
3 18110 8.40119 164 0.0200442 1.0022 63.4815 3
3 11448 5.2734 138 0.0186059 1.00134 61.6246 3
3 16211 7.32134 251 0.0172105 1.00138 64.6629 3
3 7094 3.19132 183 0.0170567 1.00072 61.1341 3
3 11683 5.36069 162 0.0180604 1.0007 62.3526 3
3 11018 5.14731 237 0.0175168 1.00203 64.8385 3
4 12791 5.71028 242 0.0157924 1.00294 68.6249 3
4 10835 4.8717 238 0.0167051 1.00141 63.5894 3
4 8407 3.84754 186 0.0166528 1.00157 64.5897 3
4 7475 3.33883 168 0.018194 1.00191 60.5705 3
4 8729 4.06443 241 0.0153511 1.00291 69.3053 3
4 6504 3.14329 164 0.0175277 1.00141 61.4048 3
4 4596 2.23211 216 0.0171889 1.00089 62.3948 3
4 6830 3.1383 205 0.0175695 1.0006 60.8843 3
4 3341 1.50026 238 0.0215504 1.00489 60.4706 3
4 6734 3.04956 225 0.0185625 1.00166 62.8465 3
4 6641 3.07233 194 0.0200271 1.00215 60.5213 3
4 7419 3.28586 168 0.0181965 1.00192 60.6375 3
4 1737 0.832191 104 0.0172712 1 56.323 2
4 2866 1.34967 146 0.0160502 1.00142 64.2169 3
4 10960 5.06042 319 0.0184307 1.00158 62.5714 3
4 17185 7.78107 201 0.0167588 1.00201 65.382 3
4 23794 10.8173 234 0.0169791 1.00197 65.8767 3
4 279 0.134546 90 0.0179211 1 62.1381 2
5 13455 6.07106 235 0.0177629 1.00151 63.5029 3
5 8175 3.68871 386 0.0162691 1.00261 67.5843 3
5 5673 2.65004 220 0.0163934 1.00251 67.794 3
5 24009 11.1996 324 0.0192011 1.00335 65.7799 3
5 4077 1.92095 154 0.0201128 1.00275 66.0457 3
5 10803 4.95211 138 0.0208275 1.00217 60.7524 3
5 7656 3.44853 264 0.0168495 1.00066 61.588 3
5 7568 3.43029 198 0.0187632 1.00377 63.586 3
5 15090 6.91705 248 0.01723 1.00155 63.6978 3
5 11779 5.4021 137 0.0192716 1.00147 62.7076 3
5 3888 1.85398 151 0.0182613 1.00131 62.7198 3
5 6204 2.89488 143 0.0182141 1.00082 60.0697 3
5 7758 3.74947 174 0.020495 1.00237 60.9666 3
5 13952 6.34085 186 0.0194954 1.00241 63.5395 3
5 15005 6.97025 321 0.0156614 1.00203 67.4594 3
5 11588 5.35127 353 0.0168278 1.00149 63.4264 3
5 6401 2.91628 154 0.0182784 1.00191 59.985 3
5 5614 2.58143 175 0.0178126 1.00127 61.0549 3
6 12112 5.6367 333 0.0179161 1.00143 63.4335 3
6 12570 5.90492 275 0.0198886 1.00211 62.1078 3
6 12539 5.76985 260 0.0165085 1.00162 65.8215 3
6 12419 5.61979 260 0.0164264 1.00115 64.8952 3
6 15630 7.34347 160 0.0202175 1.00261 61.4387 3
6 10342 4.69584 163 0.0176948 1.00118 62.4178 3
6 6674 3.22664 183 0.0169314 1.00107 61.4266 3
7 13407 6.1159 315 0.0164093 1.00197 65.5824 3
7 7154 3.14475 397 0.0167738 1.00199 63.529 3
7 3797 1.74649 157 0.018699 1.00107 58.8135 3
7 5502 2.44719 140 0.01763 1.00167 61.0994 3
7 4092 1.88355 109 0.019306 1.00125 57.3913 3
8 13438 6.46565 190 0.0164459 1.00106 64.1646 3
8 4435 2.15153 147 0.0196167 1.00092 59.1728 3
8 10735 5.37698 272 0.0177923 1.0019 63.1768 3
8 14645 7.08145 328 0.0167293 1.00139 65.8409 3
9 13674 6.77773 268 0.016674 1.00156 64.8949 3
9 22711 11.1244 232 0.0191537 1.00207 64.9127 3
9 31342 15.1451 243 0.0178355 1.00227 67.1941 3
10 12919 6.18383 283 0.01432 1.0022 73.558 3
10 10189 5.0541 179 0.0201197 1.0024 61.5055 3
11 20785 10.0955 364 0.0191003 1.00167 63.9125 3
12 17744 8.47402 244 0.0178652 1.00086 63.9147 3
13 6491 3.06851 219 0.0177168 1.00235 63.6248 3
14 3412 1.61876 155 0.0164127 1.00149 64.9039 3
15 12526 6.24121 254 0.019719 1.00187 62.0253 3
17 11746 5.76327 162 0.0192406 1.00217 63.2219 3
20 4738 2.29935 163 0.0181511 1.00064 59.8157 3
27 19095 9.35507 178 0.017282 1.00112 64.3276 3
108 11437 5.72682 148 0.0199353 1.00205 64.2709 3
108 6025 2.97714 160 0.0318672 1.006 62.0686 3
109 16958 8.44672 233 0.0224673 1.00368 63.5798 3
110 26434 12.9226 227 0.0208065 1.00325 65.935 3
111 5642 2.79038 185 0.0340305 1.00936 60.6406 3
111 3465 1.67254 173 0.0334776 1.00746 66.3031 3
112 10989 5.29944 186 0.019656 1.00223 63.568 3
112 9182 4.62594 152 0.0243956 1.0029 61.336 3
114 6332 3.023 168 0.0276374 1.00552 60.019 3
114 11920 5.81549 208 0.0205537 1.00411 63.6786 4
115 7909 3.82689 170 0.0278164 1.00559 62.0557 3
116 4872 2.28364 165 0.0277094 1.00591 65.9002 4
116 11910 5.9149 150 0.0221662 1.00292 63.096 3
117 2150 1.00701 173 0.0488372 1.01222 64.8567 3
118 13195 6.33755 210 0.0205381 1.00279 66.0477 3
119 6245 3.47012 160 0.0227382 1.00246 60.8319 3
119 35445 17.2193 397 0.0192693 1.00279 68.4227 3
119 14632 7.16291 380 0.0231684 1.00581 64.108 3
120 2509 1.20053 182 0.0530092 1.01894 61.3297 3
120 4981 2.50022 143 0.0321221 1.01141 62.4264 3
122 1853 0.877111 128 0.0453319 1.01187 68.3008 3
123 25564 12.5059 237 0.0212017 1.00312 66.0244 3
123 15882 7.96604 216 0.021282 1.00238 63.7985 3
123 2485 1.27214 113 0.0390342 1.00461 59.9373 3
123 9672 4.75575 171 0.0245037 1.00329 60.8876 3
124 23187 11.0829 303 0.0219951 1.00384 65.8422 3
124 3098 1.57037 199 0.0377663 1.0047 64.5551 3
126 10224 5.14402 232 0.0225939 1.0032 64.4844 4
127 22764 11.3396 285 0.0231506 1.00301 64.6778 3
128 5387 2.67002 147 0.0239465 1.00247 62.098 3
128 11079 5.5361 180 0.0227457 1.00231 61.8524 3
129 3591 1.82675 157 0.0420496 1.01483 62.3005 3
131 7686 3.75043 175 0.0278428 1.00763 61.1213 3
136 5532 2.7547 121 0.0280188 1.00316 60.4855 3
136 5949 2.89027 165 0.0310977 1.01058 61.3615 3
136 3587 1.68459 155 0.0370783 1.01071 65.3132 3
136 4932 2.50289 178 0.027575 1.00959 64.3696 3
139 14931 7.11897 332 0.0219677 1.00329 64.6784 3
139 11772 5.91702 209 0.0259939 1.00523 62.8578 3
142 10053 5.07018 165 0.0282503 1.00983 60.542 3
142 10112 5.05896 152 0.0263054 1.00477 61.7715 3
142 3244 1.54044 97 0.0514797 1.0169 57.4058 3
144 8507 4.25595 157 0.0273892 1.00459 61.9321 3
145 6035 3.0455 171 0.0271748 1.00443 64.4077 3
145 12460 5.77573 215 0.0233547 1.00419 63.5423 3
149 3211 1.56591 150 0.050763 1.01411 60.3118 3
149 5382 2.65064 195 0.0271275 1.00363 63.34 3
151 10517 5.40752 164 0.0231054 1.00311 61.5785 3
151 9042 4.31964 163 0.0274276 1.00557 61.7665 3
152 15768 7.70926 218 0.0229579 1.00376 63.7941 3
158 17628 8.50247 163 0.0227479 1.0029 62.6862 3
160 3905 2.02148 122 0.0294494 1.00369 58.1794 3
163 5377 2.63259 198 0.0306863 1.00863 65.1679 3
165 1605 0.767802 138 0.0897196 1.02464 60.7724 3
171 4488 2.15572 210 0.0499109 1.01689 60.9617 3
177 3773 1.95713 176 0.0339253 1.00384 61.9337 3
179 10469 5.13021 216 0.0268412 1.00334 64.7674 3
180 2260 1.12276 205 0.0809735 1.02841 62.9176 3
196 14793 7.29979 150 0.0227134 1.00387 63.1155 3
196 8623 4.03886 175 0.026209 1.00631 63.5868 4
197 10449 5.12673 290 0.0333046 1.00545 61.6897 3
205 16339 7.97168 232 0.0247873 1.00433 64.6756 3
212 11127 5.39963 152 0.0280399 1.00638 62.2524 4
217 6162 3.01603 177 0.035865 1.00993 63.657 3
219 13388 6.71985 171 0.022184 1.00397 64.9745 3
228 16999 8.1445 183 0.0239426 1.00542 66.9859 4
230 23787 11.888 251 0.0240047 1.00491 64.7353 3
257 7506 3.84766 138 0.0302425 1.00563 61.5296 3
324 9558 4.98446 164 0.0315966 1.00551 61.5216 3
549 8902 4.43584 188 0.0515614 1.01184 69.6394 4
