2 743 0.322808 209 0.00672948 1 80.7609 2
2 1483 0.58587 210 0.00809171 1.00068 86.0209 2
2 1435 0.589884 224 0.00766551 1.0014 85.4167 3
2 1085 0.429756 194 0.00645161 1 82.2593 2
2 1370 0.529807 230 0.00875912 1.00221 84.7772 3
2 1004 0.405494 227 0.00498008 1 83.1126 2
3 1483 0.552239 210 0.00809171 1.00068 86.0209 2
3 1125 0.444954 206 0.00533333 1 82.7815 2
3 1322 0.512154 234 0.00605144 1 84.5809 2
3 1518 0.547483 206 0.00724638 1.00066 86.299 2
3 1482 0.529398 203 0.0074224 1 85.5164 2
3 1514 0.507081 193 0.011889 1.00134 85.779 2
3 1511 0.603284 204 0.0132363 1.00268 86.146 3
3 1497 0.579356 199 0.00935204 1.00135 85.7388 3
3 1162 0.668705 221 0.00774527 1 83.1782 2
3 1497 0.802872 199 0.00935204 1.00135 85.7388 3
3 1531 0.624225 198 0.0111039 1.00198 86.3995 3
3 1240 0.521644 206 0.00645161 1 83.3333 2
3 1300 0.61304 228 0.00692308 1.00077 84.5804 2
3 786 0.373437 213 0.00636132 1 81.875 2
3 1448 0.530006 214 0.00759669 1 85.1264 2
3 1400 0.682055 207 0.00928571 1.00072 85.003 2
3 1083 0.463499 206 0.00646353 1 82.7982 2
3 1162 0.465716 221 0.00774527 1 83.1782 2
3 1471 0.543913 185 0.00747791 1 85.4239 2
3 1531 0.569119 198 0.0111039 1.00198 86.3995 3
3 1083 0.415316 206 0.00646353 1 82.7982 2
3 1128 0.461392 217 0.0070922 1.00089 83.432 2
3 743 0.297287 209 0.00672948 1 80.7609 2
3 954 0.392543 212 0.00628931 1 82.0998 2
3 1495 0.65953 202 0.0140468 1.00339 85.8702 3
3 1467 0.55964 203 0.00954329 1.00069 85.5893 2
3 1452 0.624508 203 0.00826446 1.00069 86.0699 2
3 1004 1.02261 227 0.00498008 1 83.1126 2
3 1338 0.653322 202 0.00672646 1.00075 84.3632 2
3 1451 0.575018 219 0.00827016 1 86.3177 2
3 1470 0.675039 206 0.00952381 1.00069 85.3163 2
3 1531 0.652275 198 0.0111039 1.00198 86.3995 3
3 1511 0.647505 204 0.0132363 1.00268 86.146 3
3 1426 0.580479 194 0.00701262 1 85.1852 2
3 1531 0.611243 198 0.0111039 1.00198 86.3995 3
3 1085 0.515699 194 0.00645161 1 82.2593 2
3 1430 0.617231 212 0.00699301 1 85.2713 2
3 1125 0.45108 206 0.00533333 1 82.7815 2
3 1358 0.594635 239 0.00589102 1 85.1411 2
3 767 0.474656 195 0.00782269 1.00131 81.9444 2
3 1531 1.05898 198 0.0111039 1.00198 86.3995 3
3 1409 0.543363 204 0.00709723 1.00071 85.5495 2
3 1274 0.50736 197 0.00627943 1 83.871 2
3 1453 0.550385 215 0.00757054 1.00069 85.27 2
3 1531 0.550289 198 0.0111039 1.00198 86.3995 3
3 1400 0.552925 207 0.00928571 1.00072 85.003 2
3 1448 0.534251 214 0.00759669 1 85.1264 2
3 1370 0.562486 230 0.00875912 1.00221 84.7772 3
3 1378 0.674623 218 0.00725689 1 84.9045 2
3 1370 1.42442 230 0.00875912 1.00221 84.7772 3
3 1450 0.69887 215 0.00758621 1 85.244 2
3 1274 0.622921 197 0.00627943 1 83.871 2
3 1113 1.00312 203 0.00539084 1 82.8125 2
3 1511 1.07379 204 0.0132363 1.00268 86.146 3
3 1479 1.56991 221 0.00743746 1 85.7889 2
3 1069 0.806922 218 0.00561272 1 81.9785 2
3 1531 1.08273 198 0.0111039 1.00198 86.3995 3
3 1370 0.810612 230 0.00875912 1.00221 84.7772 3
3 1512 1.52344 192 0.0125661 1.00134 85.7629 3
3 1370 1.89256 230 0.00875912 1.00221 84.7772 3
3 1531 2.76421 198 0.0111039 1.00198 86.3995 3
3 1280 1.69814 222 0.00703125 1 84.0446 2
3 1093 1.01206 200 0.0073193 1.00092 81.934 2
3 743 0.728787 209 0.00672948 1 80.7609 2
3 1426 0.873256 194 0.00701262 1 85.1852 2
3 1477 2.58926 197 0.00677048 1 85.524 2
3 1105 0.964705 212 0.00633484 1 82.6477 2
3 1370 1.09206 230 0.00875912 1.00221 84.7772 3
3 954 0.538632 212 0.00628931 1 82.0998 2
3 1531 0.86189 198 0.0111039 1.00198 86.3995 3
3 1085 0.593908 194 0.00645161 1 82.2593 2
3 1461 0.669707 214 0.00821355 1.00138 85.7898 3
3 1160 0.52941 204 0.00517241 1 83.2735 2
3 1255 0.634315 198 0.0063745 1.0008 83.9465 2
3 1004 0.424583 227 0.00498008 1 83.1126 2
3 1458 0.513618 205 0.00823045 1 85.413 2
3 1512 0.489068 192 0.0125661 1.00134 85.7629 3
3 1498 0.547952 203 0.0106809 1.00135 85.747 2
3 1298 0.533987 223 0.00693374 1.00078 83.796 2
3 1345 0.577556 188 0.00594796 1 83.8006 2
3 1284 0.540928 202 0.00623053 1.00078 83.812 2
3 1122 0.445585 215 0.00534759 1 83.8565 2
3 1487 0.506361 213 0.0107599 1.00204 86.0035 3
3 1299 0.495694 224 0.00538876 1 84.7911 2
3 1392 0.516903 200 0.00718391 1 84.2105 2
3 1392 0.528661 197 0.00646552 1.00072 85.0856 2
3 1083 0.405633 206 0.00646353 1 82.7982 2
3 1531 0.575352 198 0.0111039 1.00198 86.3995 3
3 1392 0.511619 196 0.00718391 1.00145 84.6715 3
3 1503 0.567034 197 0.00864937 1.00134 85.641 3
3 1387 0.534617 194 0.00793079 1.00145 84.3674 3
3 1383 0.56147 218 0.00650759 1 85.0554 2
3 1508 0.822505 222 0.0125995 1.00201 86.0731 3
3 1246 0.574752 203 0.00882825 1.00081 83.2888 2
3 1128 0.52501 215 0.00531915 1 82.8194 2
3 1438 0.630396 194 0.00834492 1.0014 85.0888 3
3 1322 0.568183 234 0.00605144 1 84.5809 2
3 1243 0.740837 198 0.00563154 1 83.4788 2
3 1454 0.862049 219 0.00825309 1 86.342 2
3 1300 0.562812 228 0.00692308 1.00077 84.5804 2
3 1345 0.543309 188 0.00594796 1 83.8006 2
3 1511 0.607676 212 0.00860357 1.00267 86.2935 3
3 1083 0.420583 206 0.00646353 1 82.7982 2
3 1518 0.658761 210 0.0085639 1 86.3481 2
3 1267 0.537029 226 0.00710339 1 83.9073 2
3 1479 0.576738 218 0.00811359 1 85.6895 2
3 1464 0.616296 211 0.00819672 1.00207 85.7143 3
3 1280 0.477711 221 0.00703125 1.00079 83.1709 2
3 1531 0.610632 198 0.0111039 1.00198 86.3995 3
3 1450 0.610096 215 0.00758621 1 85.244 2
3 1282 0.59902 202 0.00624025 1.00078 83.9005 2
3 1248 0.588002 221 0.00641026 1.00081 83.5901 2
3 1370 0.719097 230 0.00875912 1.00221 84.7772 3
3 1508 0.91296 222 0.0125995 1.00201 86.0731 3
3 1370 0.600576 230 0.00875912 1.00221 84.7772 3
3 1284 0.560079 201 0.00700935 1.00157 83.9765 3
3 1117 0.467528 205 0.00626679 1.0009 83.172 2
3 1456 0.559101 215 0.00755495 1.00069 85.8491 2
3 1406 0.652319 206 0.00711238 1.00072 85.109 2
3 1531 0.719987 198 0.0111039 1.00198 86.3995 3
3 1461 0.736974 225 0.00752909 1 85.3388 2
3 1135 0.521239 200 0.00704846 1.00089 83.0285 2
3 1435 0.613649 230 0.010453 1.00141 84.7107 3
3 1401 0.737649 219 0.00856531 1.00144 85.793 3
3 1519 0.758272 200 0.00921659 1.00199 86.5527 3
3 1125 0.434936 206 0.00533333 1 82.7815 2
3 1470 0.544055 206 0.00952381 1.00069 85.3163 2
3 1480 0.575719 188 0.00675676 1 85.5986 2
3 1392 0.518167 200 0.00718391 1 84.2105 2
3 1280 0.493034 221 0.00703125 1.00079 83.1709 2
3 1441 0.603869 224 0.00624566 1.0007 85.4686 2
3 1392 0.552698 197 0.00646552 1.00072 85.0856 2
3 1435 0.685539 221 0.00766551 1.0014 85.4167 3
3 1496 0.554652 203 0.0113636 1.00135 85.6816 3
3 1138 0.93162 203 0.00702988 1.00088 83.0657 2
3 1148 0.528567 216 0.00609756 1 82.8881 2
3 1481 0.588134 203 0.00877785 1 85.8551 2
3 1458 0.60599 205 0.00823045 1 85.413 2
3 1531 0.679686 198 0.0111039 1.00198 86.3995 3
3 1435 0.629197 230 0.010453 1.00141 84.7107 3
3 743 0.315761 209 0.00672948 1 80.7609 2
3 1435 0.688312 225 0.00766551 1 85.1127 2
3 1150 0.514806 219 0.00608696 1 83.3333 2
3 1274 0.516032 197 0.00627943 1 83.871 2
3 1444 0.568697 198 0.00692521 1 85.242 2
3 1267 0.485068 226 0.00710339 1 83.9073 2
3 1265 0.471755 200 0.00711462 1.0008 83.3883 2
3 1241 0.504846 200 0.00725222 1 83.5128 2
3 1069 0.409327 218 0.00561272 1 81.9785 2
3 1414 0.518194 209 0.00777935 1.00071 85.1294 2
3 1381 0.539941 215 0.00651702 1 84.9846 2
3 1480 0.558796 200 0.00743243 1.00068 85.7971 2
3 1511 0.589232 212 0.00860357 1.00267 86.2935 3
3 1435 0.585614 230 0.010453 1.00141 84.7107 3
3 761 0.296533 203 0.00525624 1 81.0437 2
3 1211 0.460241 196 0.00825764 1.00167 83.116 3
3 1435 0.568308 225 0.00766551 1 85.1127 2
3 1306 0.497918 216 0.00612557 1.00077 84.6403 2
3 1381 0.506889 215 0.00651702 1 84.9846 2
3 1479 0.535209 221 0.00743746 1 85.7889 2
3 1496 0.50103 203 0.0113636 1.00135 85.6816 3
3 1393 0.512618 195 0.0086145 1.00145 84.8356 3
3 1358 0.506379 239 0.00589102 1 85.1411 2
3 1436 0.584076 215 0.00696379 1.0007 85.3746 2
3 1406 0.609664 206 0.00711238 1.00072 85.109 2
