6 176 0.094315 49 0.0454545 1.00595 51.312 2
6 153 0.086961 49 0.0522876 1 49.6753 2
6 245 0.153172 57 0.0326531 1.00422 61.8687 2
6 153 0.083729 49 0.0522876 1 49.6753 2
6 244 0.138259 49 0.0327869 1.00424 61.461 2
6 175 0.100462 49 0.0457143 1.00599 51.4706 2
6 153 0.089448 49 0.0522876 1 49.6753 2
6 245 0.139254 57 0.0326531 1.00422 61.8687 2
6 153 0.090678 49 0.0522876 1 49.6753 2
6 244 0.129318 49 0.0327869 1.00424 61.461 2
6 175 0.098575 49 0.0457143 1.00599 51.4706 2
6 153 0.079556 49 0.0522876 1 49.6753 2
6 245 0.133947 57 0.0326531 1.00422 61.8687 2
6 175 0.096736 49 0.0457143 1.00599 51.4706 2
6 244 0.122101 49 0.0327869 1.00424 61.461 2
6 153 0.080042 49 0.0522876 1 49.6753 2
6 244 0.118488 49 0.0327869 1.00424 61.461 2
6 175 0.10224 49 0.0457143 1.00599 51.4706 2
6 153 0.098869 49 0.0522876 1 49.6753 2
6 245 0.153019 57 0.0326531 1.00422 61.8687 2
6 153 0.087048 49 0.0522876 1 49.6753 2
6 207 0.101712 49 0.0724638 1.01042 53.3505 3
6 178 0.099163 49 0.0561798 1 51.895 2
6 153 0.079108 49 0.0522876 1 49.6753 2
6 251 0.132019 63 0.0318725 1 62.75 2
5 207 0.096399 83 0.0241546 1 60.5263 2
6 207 0.095271 83 0.0241546 1 60.5263 2
6 207 0.096457 83 0.0241546 1 60.5263 2
6 207 0.095612 83 0.0241546 1 60.5263 2
6 207 0.095691 83 0.0241546 1 60.5263 2
6 207 0.096606 83 0.0241546 1 60.5263 2
6 207 0.096394 83 0.0241546 1 60.5263 2
6 207 0.105764 83 0.0241546 1 60.5263 2
6 207 0.113037 83 0.0241546 1 60.5263 2
6 207 0.100445 83 0.0241546 1 60.5263 2
6 207 0.101891 83 0.0241546 1 60.5263 2
6 207 0.101052 83 0.0241546 1 60.5263 2
6 207 0.099893 83 0.0241546 1 60.5263 2
6 207 0.100201 83 0.0241546 1 60.5263 2
6 207 0.101712 83 0.0241546 1 60.5263 2
6 207 0.098506 83 0.0241546 1 60.5263 2
6 207 0.099883 83 0.0241546 1 60.5263 2
6 207 0.098699 83 0.0241546 1 60.5263 2
6 163 0.081496 38 0.0552147 1 46.9741 2
6 215 0.098086 38 0.0465116 1.00488 54.0201 2
6 180 0.08601 38 0.0444444 1 50.5618 2
6 216 0.094837 38 0.0601852 1.00985 54.2714 3
6 170 0.085143 38 0.0411765 1 48.1586 2
6 163 0.078078 38 0.0552147 1 46.9741 2
6 215 0.099392 38 0.0465116 1.00488 54.0201 2
5 256 0.127037 83 0.0273438 1.00402 64.4836 2
6 256 0.134911 83 0.0273438 1.00402 64.4836 2
6 256 0.124461 83 0.0273438 1.00402 64.4836 2
6 256 0.125825 83 0.0273438 1.00402 64.4836 2
6 256 0.126144 83 0.0273438 1.00402 64.4836 2
6 256 0.122822 83 0.0273438 1.00402 64.4836 2
6 256 0.126642 83 0.0273438 1.00402 64.4836 2
6 256 0.129135 83 0.0273438 1.00402 64.4836 2
6 256 0.126803 83 0.0273438 1.00402 64.4836 2
6 256 0.122457 83 0.0273438 1.00402 64.4836 2
6 256 0.120966 83 0.0273438 1.00402 64.4836 2
6 256 0.124849 83 0.0273438 1.00402 64.4836 2
6 256 0.130646 83 0.0273438 1.00402 64.4836 2
