5 2347 1.24539 16 0.0643375 1 33.3665 2
5 3077 1.56737 17 0.0633734 1 37.1753 2
5 1769 0.888207 16 0.062182 1 31.0951 2
5 1834 0.880356 16 0.0621592 1 31.1799 2
5 2411 1.17301 16 0.0626296 1 33.7061 2
5 1900 0.912304 17 0.0621053 1 31.4987 2
5 1864 0.878962 16 0.0633047 1 31.5184 2
5 1941 0.864385 16 0.062339 1 31.778 2
5 1654 0.754963 16 0.0628779 1 30.573 2
5 2972 1.36535 17 0.0652759 1 36.5605 2
5 2368 1.13729 16 0.0646115 1 33.5982 2
5 3010 1.4254 16 0.0651163 1 36.7252 2
5 2691 1.29754 16 0.06466 1 35.4126 2
5 2442 1.13533 16 0.0626536 1 33.7946 2
5 1606 0.81331 16 0.0628892 1 30.3477 2
5 2691 1.45018 16 0.06466 1 35.1581 2
5 2117 1.02801 16 0.0632971 1 32.4793 2
5 1903 0.931467 17 0.0625328 1 31.6008 2
5 1397 0.667256 16 0.0622763 1 29.6288 2
5 1737 0.798341 17 0.0621762 1 30.935 2
5 1736 0.906617 17 0.062212 1 30.9392 2
5 2237 1.01769 16 0.0643719 1 32.9504 2
5 2125 0.985027 16 0.0644706 1 32.5421 2
5 1735 0.793394 16 0.0628242 1 30.8225 2
5 2014 0.925178 17 0.0635551 1 32.0548 2
5 2599 1.31444 16 0.0657945 1 34.7181 2
5 1834 0.886829 16 0.0627045 1 31.2596 2
5 2317 1.04068 16 0.0630125 1 33.4247 2
5 1062 0.473022 16 0.0621469 1 28.32 2
5 1861 0.84338 16 0.0623321 1 31.3194 2
5 1768 0.878073 16 0.0622172 1 30.8875 2
5 1062 0.520135 17 0.0621469 1 28.2748 2
5 2400 1.15911 17 0.0629167 1 33.9895 2
5 1718 0.807687 17 0.0622817 1 30.6786 2
5 2255 1.07432 16 0.0634146 1 33.2302 2
5 2121 1.03225 16 0.0631777 1 32.4163 2
5 2141 0.999891 16 0.0635217 1 32.8525 2
5 2642 1.21182 16 0.0651022 1 34.9934 2
5 2266 0.995848 16 0.0622242 1 33.2356 2
5 2436 1.16191 17 0.0640394 1 33.9087 2
5 2183 0.994908 16 0.0627577 1 32.7876 2
5 1530 0.702597 16 0.0627451 1 30.0177 2
5 2250 1.02004 16 0.0635556 1 33.0542 2
5 2371 1.07615 17 0.0636862 1 33.7269 2
5 2368 1.13975 16 0.0646115 1 33.5982 2
5 2694 1.36617 16 0.0653304 1 35.359 2
5 1578 0.753702 16 0.0621039 1 30.2241 2
5 2135 1.01119 17 0.0627635 1 32.5209 2
5 2137 1.05817 17 0.0627047 1 32.4181 2
5 2185 1.02081 16 0.0622426 1 32.9116 2
5 1671 0.830398 16 0.0628366 1 30.6044 2
5 2420 1.20336 17 0.0636364 1 33.9649 2
5 2428 1.16353 16 0.0630148 1 34.1395 2
5 1717 0.85482 16 0.062318 1 30.4487 2
5 1815 0.938666 16 0.0628099 1 31.1267 2
5 1404 0.818257 16 0.0619658 1 29.6829 2
5 1849 0.842111 16 0.0643591 1 31.2648 2
5 2727 1.26259 16 0.0649065 1 35.4755 2
5 1958 0.897076 16 0.0623085 1 31.7034 2
5 2702 1.27403 17 0.0629164 1 35.348 2
5 3253 1.46059 16 0.063941 1 38.3202 2
5 2313 1.04772 16 0.0622568 1 33.2471 2
5 2663 1.21102 16 0.0638378 1 35.0026 2
5 2313 1.02015 16 0.0631215 1 33.449 2
5 1817 0.823445 16 0.0627408 1 31.2952 2
5 932 0.4338 16 0.0622318 1 27.623 2
5 1523 0.687224 16 0.0623769 1 29.7345 2
5 2401 1.17133 16 0.063307 1 33.9508 2
5 2300 1.08656 16 0.066087 1 33.2899 2
5 2678 1.26879 17 0.0634802 1 35.0569 2
5 2821 1.30981 16 0.0641616 1 35.8359 2
5 1512 0.669986 16 0.0621693 1 30.0955 2
5 2562 1.26973 17 0.0644028 1 34.5796 2
5 2831 1.28067 17 0.0642882 1 35.9629 2
5 2225 1.03983 17 0.0638202 1 32.9776 2
5 2523 1.22811 16 0.0638129 1 34.3219 2
5 2089 1.08005 16 0.0622307 1 32.3025 2
5 2603 1.276 16 0.0637726 1 34.4403 2
5 2029 1.01876 17 0.0630853 1 32.0638 2
5 2240 1.05214 17 0.0642857 1 33.0823 2
5 2876 1.37363 16 0.0646732 1 36.1352 2
5 1736 0.921044 17 0.062212 1 30.8458 2
5 2105 1.04098 16 0.0627078 1 32.5348 2
5 2204 1.06761 16 0.0639746 1 33.0187 2
5 1177 0.527377 16 0.0620221 1 28.8268 2
5 2349 1.07686 16 0.0630055 1 33.5523 2
5 2737 1.21896 16 0.0639386 1 35.3344 2
5 2678 1.17621 16 0.0653473 1 35.2044 2
5 1895 0.827901 16 0.0622691 1 31.5518 2
5 2547 1.10803 17 0.0643895 1 34.6248 2
5 2297 1.00657 16 0.0635612 1 33.314 2
5 2993 1.27712 16 0.0648179 1 36.9278 2
5 2717 1.20468 16 0.0633051 1 35.2628 2
5 1539 0.703132 16 0.0623782 1 29.7852 2
5 2010 0.950586 16 0.0626866 1 32.2219 2
5 997 0.464208 16 0.0621866 1 27.9115 2
5 1009 0.513884 16 0.0624381 1 27.9579 2
5 2349 1.05252 17 0.0634312 1 33.4377 2
5 1940 0.8851 16 0.0628866 1 31.6735 2
5 1189 0.504786 16 0.0630782 1 28.4859 2
5 2222 0.947873 16 0.0630063 1 32.9136 2
5 2331 0.997085 16 0.0639211 1 33.4866 2
5 2144 0.939439 16 0.0648321 1 32.4406 2
5 2559 1.12336 17 0.0629152 1 34.5298 2
5 1398 0.612337 16 0.0629471 1 29.5061 2
5 2726 1.18137 16 0.0638298 1 35.2926 2
5 2218 0.967022 17 0.0626691 1 32.9716 2
5 1845 0.826637 17 0.0623306 1 31.1498 2
5 1896 1.03781 16 0.0622363 1 31.5895 2
5 1593 0.878696 16 0.0621469 1 30.1248 2
5 2380 1.39325 17 0.0630252 1 33.7302 2
5 2384 1.45796 16 0.0637584 1 33.7868 2
5 3044 1.62289 16 0.0660315 1 37.0316 2
5 2360 1.14113 16 0.0639831 1 33.3805 2
5 2379 1.12291 16 0.063472 1 33.7399 2
5 2190 0.976777 16 0.0625571 1 32.6768 2
5 1975 1.03025 16 0.0632911 1 32.0305 2
5 2105 0.923473 16 0.0631829 1 32.2605 2
5 1884 0.838197 17 0.0631635 1 31.4314 2
5 2021 0.961914 17 0.0623454 1 32.0184 2
5 2137 0.963514 16 0.0627047 1 32.7159 2
5 1989 0.935309 16 0.0623429 1 32.2001 2
5 1479 0.645138 16 0.0622042 1 29.6037 2
5 2476 1.15305 17 0.0634087 1 34.3507 2
5 1813 0.813414 16 0.0628792 1 30.9809 2
5 1933 0.827135 17 0.0631143 1 31.6056 2
5 1855 0.833974 17 0.0625337 1 31.345 2
5 2209 1.04162 17 0.062019 1 32.9603 2
5 2776 1.28332 17 0.0637608 1 35.718 2
5 1721 0.731523 17 0.0621732 1 30.8921 2
5 2540 1.0937 17 0.0625984 1 34.3336 2
5 1577 0.749527 17 0.0627774 1 30.1992 2
5 3045 1.31108 16 0.0660099 1 37.0078 2
5 2349 1.05691 16 0.0630055 1 33.7161 2
5 1995 0.926001 17 0.0621554 1 32.074 2
5 2312 1.07489 16 0.0635813 1 33.4346 2
5 1254 0.546844 16 0.062201 1 28.6301 2
5 2457 1.12921 16 0.0634921 1 34.0682 2
5 1062 0.477731 16 0.0621469 1 28.3578 2
5 2694 1.22332 16 0.0649592 1 35.101 2
5 2134 1.00075 16 0.0627929 1 32.605 2
5 2219 1.01649 17 0.0621902 1 32.8206 2
5 2960 1.33133 16 0.0668919 1 36.7565 2
5 2455 1.11929 16 0.0631365 1 33.9042 2
5 1927 0.896448 16 0.0627919 1 31.6784 2
5 2286 1.00692 16 0.0643045 1 33.3188 2
5 3021 1.34983 17 0.0675273 1 36.837 2
5 2318 1.05516 17 0.0634167 1 33.4971 2
5 1977 0.895496 17 0.0627213 1 32.115 2
5 2740 1.16739 16 0.0642336 1 35.5337 2
5 2289 1.02882 16 0.0637833 1 33.4405 2
5 2125 0.971644 16 0.0644706 1 32.5571 2
5 2508 1.08905 16 0.0645933 1 34.2717 2
5 2574 1.22088 16 0.0644911 1 34.5225 2
5 2446 1.14757 16 0.0633688 1 33.9251 2
5 1738 0.748706 16 0.0621404 1 30.9033 2
5 2472 1.20685 16 0.0631068 1 34.0871 2
5 1673 0.85962 16 0.0627615 1 30.8786 2
5 2004 1.01148 16 0.0623752 1 31.7843 2
5 2506 1.18399 16 0.0638468 1 34.1231 2
5 1893 0.814732 16 0.0623349 1 31.4035 2
5 1386 0.609147 16 0.0620491 1 29.6915 2
5 1413 0.60993 16 0.0629866 1 29.4621 2
5 2360 1.00958 17 0.0635593 1 33.5752 2
5 2755 1.2151 16 0.0649728 1 35.5117 2
5 2867 1.23178 16 0.0648762 1 36.1174 2
5 2691 1.17307 16 0.06466 1 35.4126 2
5 2683 1.14694 16 0.0629892 1 35.2054 2
5 1733 0.741567 16 0.0623197 1 30.6997 2
5 2155 0.941679 16 0.063109 1 32.9158 2
