6 1
10 1
10 1
14 1
7 1
17 1
16 1
5 5
29 1
13 1
15 1
18 1
16 1
5 1
47 5
8 1
19 1
6 2
12 1
12 1
7 1
8 1
9 1
8 1
13 1
7 1
32 1
12 2
39 1
9 1
13 1
6 2
24 2
16 1
18 1
9 1
11 1
11 1
23 1
16 1
6 5
9 1
10 1
5 1
9 1
24 2
17 3
5 3
10 1
14 1
6 1
9 1
6 2
7 1
12 1
17 1
4 3
10 1
7 1
4 1
4 1
22 1
6 1
21 1
10 1
6 2
17 2
10 1
15 1
9 2
22 1
26 1
8 2
17 1
22 1
8 1
7 1
1 1
10 2
13 1
2 1
6 2
8 1
7 1
15 1
11 1
7 1
22 1
10 1
7 1
10 1
33 1
5 1
10 1
11 1
22 1
16 1
6 1
6 1
13 1
9 1
9 1
9 1
11 1
31 1
29 1
16 1
6 1
10 2
16 1
7 1
28 1
7 1
7 1
10 1
14 1
10 1
16 1
23 1
9 1
8 1
15 1
13 1
7 1
8 2
65 1
12 1
9 1
9 2
11 1
41 1
5 1
12 1
17 2
12 1
11 3
14 1
6 5
29 1
16 1
21 1
3 1
9 1
15 1
7 1
24 1
8 1
5 1
17 1
9 3
15 1
9 2
8 1
21 1
15 1
1 1
7 1
13 1
12 1
10 1
1 2
10 1
10 1
44 1
8 1
19 8
8 1
12 1
9 1
14 1
57 1
7 1
18 1
14 1
20 1
10 1
9 1
11 2
9 1
24 1
11 1
6 2
11 1
9 2
10 1
13 2
6 1
12 1
10 1
16 1
19 1
19 1
6 2
7 1
1 1
11 1
17 1
9 1
3 1
11 1
12 1
10 1
9 1
6 1
9 1
5 1
7 1
23 1
17 1
27 1
15 3
7 1
1 3
8 1
12 1
7 1
1 1
8 1
9 1
9 3
6 2
1 1
27 2
13 1
19 1
10 1
18 1
9 2
9 1
9 1
14 1
28 1
3 1
5 1
1 1
22 1
3 1
16 3
5 1
9 1
4 4
20 1
9 1
13 1
24 1
15 2
12 1
3 1
19 1
8 2
6 1
30 1
15 1
16 1
5 1
12 1
1 1
6 1
10 1
12 1
3 6
8 1
12 1
16 1
10 1
15 1
7 1
10 1
11 1
8 2
14 3
11 1
14 1
8 1
15 2
9 1
6 1
7 3
15 1
11 1
12 1
11 1
12 1
5 1
10 3
13 1
19 1
11 1
11 1
21 2
9 2
11 1
14 1
8 2
6 1
16 1
3 1
4 1
13 2
20 1
21 4
7 1
7 1
10 1
53 1
18 1
6 1
9 1
5 3
10 1
9 1
6 1
4 2
11 1
25 1
10 1
14 1
18 1
5 1
16 1
5 1
9 4
9 1
4 1
10 1
9 1
9 1
12 1
20 1
10 1
14 1
8 1
11 1
6 1
13 1
35 2
8 2
25 2
6 1
6 1
15 1
14 1
6 1
6 4
1 4
13 1
7 1
9 1
11 1
8 1
20 1
15 1
21 1
6 3
2 1
9 1
24 1
15 1
12 1
14 1
9 2
31 1
29 1
11 1
19 1
12 1
12 1
4 1
15 1
10 1
21 1
11 1
9 2
18 1
8 4
30 1
28 1
11 1
9 3
16 1
12 2
11 1
12 1
7 1
9 1
32 2
6 2
16 1
17 1
36 2
9 1
10 1
13 1
7 1
12 1
12 1
3 1
17 1
6 1
12 1
8 2
1 1
5 2
11 1
6 2
9 1
7 1
15 1
9 1
13 1
19 1
19 2
10 1
9 1
15 1
16 1
30 1
8 1
9 1
8 1
13 1
65 1
12 1
7 1
16 1
14 1
6 1
18 1
12 1
17 1
16 1
11 1
10 1
10 1
20 1
10 1
8 2
7 2
9 5
15 1
8 1
14 1
15 1
8 1
11 2
14 1
8 1
14 1
10 2
19 1
10 1
16 1
18 1
2 2
13 1
18 1
9 1
12 1
8 1
8 1
8 1
15 1
7 1
50 3
8 2
8 1
6 1
12 1
8 2
10 1
14 2
9 1
10 1
11 1
21 1
11 1
7 1
13 1
12 3
26 1
26 1
1 1
8 1
15 1
3 1
9 1
9 2
8 1
12 1
22 1
14 1
25 1
10 1
8 1
10 1
7 1
4 1
15 1
31 1
7 2
15 1
4 3
28 1
20 1
13 1
1 1
6 3
5 5
4 2
3 6
25 2
8 1
12 1
24 1
13 1
7 1
4 1
23 1
13 2
21 1
6 1
11 1
5 1
8 1
14 1
11 1
15 1
14 1
7 1
9 1
12 1
4 1
13 3
19 2
11 1
12 2
8 1
8 1
5 1
23 1
11 1
9 1
13 1
2 1
9 1
5 2
6 1
22 1
25 3
6 2
14 1
20 1
16 1
7 1
19 2
4 1
12 1
3 2
22 1
13 1
30 1
6 2
7 1
11 1
11 2
1 1
12 1
7 1
12 1
19 3
31 1
10 1
4 1
13 2
9 1
10 1
16 1
12 2
5 1
10 1
15 1
7 1
15 1
8 1
9 2
14 1
1 1
4 1
11 1
5 4
7 1
50 1
2 1
16 1
16 1
4 4
10 1
20 1
8 1
16 1
11 1
5 1
7 1
14 1
2 7
10 1
6 1
13 1
12 1
9 1
5 1
7 2
45 2
9 1
3 4
18 1
11 1
7 1
7 1
8 3
11 2
21 1
9 1
11 1
14 1
9 1
14 1
7 1
13 1
4 1
17 3
12 1
19 1
9 1
15 1
3 1
5 1
18 1
10 1
8 3
6 1
9 1
23 1
16 1
22 1
25 1
4 1
31 1
8 1
13 1
26 1
9 1
10 1
9 1
6 1
7 1
3 3
14 1
8 3
9 2
13 1
7 1
5 1
4 1
3 1
5 1
8 1
18 1
6 1
9 2
16 1
8 1
4 1
8 2
1 1
48 1
8 1
22 1
24 1
10 1
11 1
12 1
8 3
18 2
7 1
6 1
8 2
6 1
5 1
17 1
28 1
11 1
49 1
10 1
10 1
8 1
13 1
6 2
5 3
18 1
30 2
8 4
4 1
8 3
2 5
11 4
17 2
16 1
31 2
6 1
8 1
11 1
13 1
21 1
15 1
11 1
31 5
9 1
1 1
10 1
12 1
16 2
12 1
2 1
15 1
6 1
14 1
9 1
12 1
20 1
7 1
14 1
6 2
7 1
11 1
15 4
13 1
10 1
6 3
14 1
14 1
33 1
33 1
16 1
10 2
9 1
5 3
25 1
23 1
13 1
17 1
4 1
8 1
20 1
8 2
8 1
6 1
17 1
76 1
21 1
5 1
14 1
2 1
7 1
8 1
7 3
14 1
8 1
19 2
10 1
18 1
6 1
8 1
9 1
8 1
11 1
4 6
12 1
23 1
15 1
10 1
8 1
5 3
9 2
7 1
13 1
8 1
8 1
1 3
24 1
18 1
25 1
19 2
11 1
11 1
16 1
15 1
9 1
15 1
11 1
7 1
8 1
10 1
7 1
6 1
10 1
20 1
16 1
16 1
1 1
11 1
5 4
7 3
12 1
6 4
12 2
42 5
18 1
6 1
11 1
14 1
14 1
9 1
12 1
10 1
10 1
11 2
30 1
17 2
21 1
8 1
14 1
1 1
13 1
16 1
16 1
6 1
13 1
14 1
7 2
11 1
19 1
10 1
14 1
6 1
8 1
6 1
14 1
12 2
22 1
13 1
10 2
10 1
8 1
2 1
4 1
7 1
7 1
7 1
38 3
6 1
6 1
9 1
11 1
9 1
8 2
37 1
8 1
16 1
9 1
8 1
25 1
16 1
20 1
13 1
6 1
7 1
9 1
9 1
14 1
13 1
12 1
13 1
5 1
7 1
5 1
20 1
18 1
13 1
7 1
16 4
8 1
14 1
3 4
15 2
33 1
20 1
18 1
7 1
13 1
8 1
16 1
17 1
12 1
18 2
17 1
8 1
10 1
14 1
20 1
8 3
14 1
7 1
12 1
17 2
13 1
8 1
6 1
5 4
8 1
6 1
12 2
8 1
12 1
9 1
7 1
11 1
11 1
12 1
12 1
41 1
10 2
8 1
8 3
1 1
9 1
5 2
7 1
12 1
6 2
6 1
9 1
16 1
13 1
12 3
9 1
28 3
3 1
5 1
11 2
8 1
9 1
12 1
7 1
24 1
8 2
8 2
8 1
8 1
6 1
13 1
12 2
15 1
6 1
14 1
9 1
8 2
12 2
11 1
13 1
11 3
12 1
17 1
10 1
16 1
8 1
9 1
12 2
7 2
4 1
11 2
7 3
3 1
30 1
10 1
7 1
4 3
2 1
22 1
2 1
12 1
15 7
7 2
35 1
6 5
13 1
11 1
25 1
35 4
6 1
9 1
6 1
9 1
27 1
36 3
6 1
51 1
15 1
10 1
1 3
12 1
16 1
6 1
22 1
10 1
21 1
8 1
16 1
6 1
12 1
14 1
4 2
51 1
8 3
15 1
16 1
5 1
7 1
2 1
8 2
2 1
8 1
9 1
39 3
14 1
12 1
20 1
15 2
7 1
9 3
4 2
9 2
21 1
11 1
33 1
15 2
33 2
22 1
12 1
1 1
11 1
12 1
9 1
13 1
12 1
5 1
11 2
30 1
7 1
12 1
10 1
5 4
1 1
19 1
12 1
11 1
8 2
6 1
11 1
37 1
13 1
7 1
16 1
8 2
10 1
12 1
25 1
11 2
10 1
6 1
12 1
16 1
6 7
2 1
14 1
32 2
23 1
21 1
8 1
14 1
9 1
9 1
9 1
2 1
24 1
5 1
1 1
6 2
9 1
13 1
9 1
8 2
32 1
10 1
5 1
11 1
11 1
10 1
1 1
16 1
5 3
11 1
15 1
8 1
6 1
6 1
5 2
7 1
7 1
12 1
10 1
5 2
11 1
2 1
16 1
6 1
6 1
15 1
26 1
14 1
5 1
3 1
12 1
6 2
22 2
28 1
10 1
12 1
21 1
21 1
4 8
12 1
23 2
5 1
7 1
17 1
5 2
16 1
12 1
12 1
10 5
1 1
16 1
9 1
6 1
21 1
8 1
12 1
12 2
11 1
1 1
16 1
18 1
13 1
17 1
8 1
15 1
15 1
5 6
9 2
12 1
14 1
13 1
5 1
8 1
8 1
7 1
11 1
8 1
12 1
7 2
13 1
15 1
16 1
13 1
4 1
8 1
7 1
5 1
8 1
4 2
2 1
4 1
9 1
9 1
7 1
1 1
12 1
4 1
28 1
16 2
11 2
9 1
12 1
12 1
3 1
7 1
4 1
17 1
14 1
8 1
5 2
14 1
2 1
34 1
5 1
11 1
13 1
15 1
8 1
11 2
7 1
15 1
1 1
25 3
8 1
10 1
23 2
1 1
4 1
13 1
11 1
15 1
4 2
9 1
6 1
10 1
10 1
11 1
14 1
4 1
9 2
23 1
27 1
8 1
9 1
5 1
15 1
12 1
10 1
1 1
29 1
3 1
12 1
2 6
9 1
24 1
10 2
1 2
11 2
11 1
10 2
7 1
5 1
16 1
9 1
12 1
15 1
3 1
7 1
8 1
9 1
1 1
7 1
18 1
8 2
8 1
7 1
13 1
10 1
11 1
17 1
7 1
10 1
6 1
9 1
7 1
7 1
15 1
1 1
15 2
10 3
31 1
15 1
14 1
14 1
19 1
29 2
31 1
6 1
1 1
1 1
37 2
38 4
1 1
14 1
12 1
5 1
8 1
9 1
8 1
11 1
8 1
16 2
8 3
4 1
8 1
7 1
5 1
14 1
14 3
9 1
9 1
28 1
7 1
13 1
10 2
22 1
19 1
3 3
11 2
23 1
12 1
6 1
15 1
15 1
6 5
3 4
9 1
8 1
13 1
24 1
9 1
23 1
17 2
10 1
6 1
29 1
15 1
20 1
9 1
8 2
15 1
11 2
12 2
16 2
7 1
7 1
28 1
11 1
21 1
28 1
9 2
13 1
23 1
9 1
12 1
7 1
8 1
2 1
6 1
10 1
8 1
5 1
5 3
7 1
7 1
12 1
5 1
8 1
9 1
10 1
16 1
11 1
19 2
20 2
9 1
5 2
6 1
16 1
8 1
6 1
8 1
21 1
18 1
9 1
17 1
8 1
11 1
21 1
11 1
10 1
8 1
15 1
12 1
6 3
22 1
11 1
8 1
14 1
7 1
1 1
9 1
7 1
6 1
7 2
6 1
13 1
26 2
9 1
15 1
8 1
7 1
9 1
15 1
20 1
14 1
2 1
15 2
13 2
12 1
1 1
13 3
12 1
6 1
11 1
17 1
2 1
22 1
7 1
5 6
9 1
21 1
9 1
14 1
19 1
28 1
12 2
18 1
2 5
10 1
7 2
7 1
9 1
15 2
20 2
4 1
1 1
53 1
13 2
16 1
14 2
7 1
22 1
2 3
22 1
17 1
35 1
5 1
7 1
17 1
8 1
13 2
11 1
10 1
8 1
5 1
1 1
2 1
21 1
16 1
10 1
14 1
21 1
13 1
18 1
20 1
13 1
17 2
7 1
3 1
9 1
13 1
1 1
8 2
11 1
10 1
8 1
10 1
2 1
4 1
5 1
5 6
15 1
22 1
14 1
9 1
12 1
12 1
12 1
9 1
11 1
11 1
5 1
11 1
6 1
10 2
14 1
12 1
12 1
3 4
14 1
16 1
10 1
7 2
10 1
8 1
14 2
10 1
10 1
10 1
7 2
9 1
10 1
5 1
3 1
11 1
9 3
34 1
13 1
8 2
7 1
14 1
8 1
5 1
7 1
8 1
11 1
19 1
7 2
4 1
13 1
12 1
17 1
19 1
10 4
8 1
31 2
3 1
11 1
9 3
8 1
14 1
6 1
3 2
14 1
14 1
21 2
14 1
28 1
6 1
10 1
15 1
4 5
7 1
9 1
14 1
19 1
12 1
22 1
10 1
26 1
10 1
19 3
21 1
15 1
11 1
23 1
12 1
14 1
16 1
9 2
20 1
50 1
12 1
9 1
13 1
23 1
15 1
12 1
5 2
9 1
24 1
9 1
23 1
9 3
8 1
11 1
10 1
7 1
10 1
11 1
6 1
26 1
30 1
24 1
9 1
12 1
10 1
15 1
15 1
11 1
5 3
16 2
12 1
8 2
7 1
6 1
1 1
2 1
14 1
7 1
18 1
31 1
12 1
11 1
7 2
2 1
19 1
4 2
34 1
9 1
12 1
12 1
1 1
15 1
9 1
10 1
8 1
8 1
18 1
7 1
14 1
7 1
7 1
8 4
6 2
8 1
11 1
1 1
14 1
14 1
10 1
19 1
15 1
38 1
10 1
28 1
8 4
9 2
17 1
14 1
1 1
9 1
6 1
11 2
18 1
14 1
6 1
22 1
21 2
6 1
11 1
7 1
15 1
5 1
8 1
6 2
2 6
7 1
6 2
5 1
21 1
14 1
11 1
8 1
7 1
6 1
9 1
9 1
5 1
16 1
16 1
11 1
17 1
6 1
18 1
14 1
8 1
2 1
14 1
1 2
12 1
6 1
10 1
7 1
13 1
21 2
8 1
10 2
6 1
1 1
8 2
6 6
8 1
5 2
11 1
8 1
8 1
6 1
5 1
19 1
12 1
4 1
4 1
19 1
12 1
7 1
31 1
19 1
7 2
8 1
19 1
13 1
9 1
9 1
6 1
1 1
13 1
27 1
9 1
5 1
6 1
20 1
21 1
7 1
20 1
5 1
28 1
9 1
8 1
11 1
22 1
4 1
6 5
5 1
13 1
15 2
30 1
32 1
21 1
13 1
1 1
6 2
9 2
1 2
14 1
9 1
9 1
8 1
18 1
32 1
16 1
15 1
15 2
14 1
6 1
7 1
8 2
12 1
13 1
11 1
39 1
16 1
7 1
8 2
5 1
25 1
67 1
1 1
9 1
15 1
10 1
6 1
10 1
20 1
9 1
6 1
10 1
5 1
1 1
14 2
15 1
5 7
7 1
5 1
10 1
8 1
18 1
1 1
21 1
12 1
7 1
8 1
14 1
8 1
10 4
1 1
10 1
12 1
6 1
22 1
6 1
7 1
18 1
12 1
4 1
9 1
8 3
52 1
15 1
6 1
8 1
11 1
23 1
14 1
8 1
7 1
11 1
10 1
18 4
9 1
7 1
9 1
9 1
33 1
4 1
7 1
16 1
21 1
9 1
9 1
7 1
7 1
10 1
8 1
5 3
6 2
19 1
7 1
12 2
21 1
7 1
13 1
17 1
6 4
8 1
9 3
11 1
11 1
12 1
9 1
10 1
1 1
4 1
5 1
19 2
12 1
7 1
12 2
7 1
15 1
2 1
8 2
13 2
14 2
24 2
7 1
4 1
8 1
10 2
9 1
17 1
45 5
9 2
11 1
9 1
9 1
17 1
22 1
17 1
8 1
11 1
8 3
21 1
22 1
8 1
16 2
14 1
9 1
6 2
3 1
16 1
5 1
6 1
4 1
57 1
7 1
7 7
2 1
8 4
8 1
14 2
8 1
20 1
9 1
9 1
19 1
22 1
4 1
8 1
10 1
28 2
10 6
12 1
18 1
14 1
7 1
9 2
11 1
6 8
8 1
21 1
17 1
7 2
14 1
12 1
12 1
9 1
7 1
9 1
6 1
5 2
18 1
9 1
5 1
7 1
10 1
12 1
9 1
1 1
11 1
7 1
7 1
16 1
11 1
10 1
15 1
16 1
17 1
7 1
10 2
21 5
25 1
8 2
9 1
12 1
32 1
30 1
17 3
10 1
15 1
7 1
15 1
11 1
26 1
12 1
12 1
5 1
17 1
12 1
3 6
21 1
8 1
8 1
17 1
14 3
9 1
9 1
23 1
3 2
16 1
19 1
4 4
17 1
8 1
5 1
5 5
11 1
9 1
18 1
11 2
56 2
21 1
13 1
13 1
17 1
9 1
8 1
17 1
4 1
1 1
14 1
10 1
3 1
9 1
50 2
12 1
10 1
20 1
5 2
6 4
6 4
12 1
15 2
9 1
10 2
11 1
3 1
11 1
5 3
11 1
12 1
15 2
18 1
15 1
14 1
28 1
11 1
16 2
6 1
21 1
15 1
12 1
14 2
30 1
6 1
1 1
13 3
13 1
4 1
7 5
14 1
13 1
4 1
1 1
1 4
14 1
12 1
14 1
6 1
18 1
7 2
7 1
6 1
6 1
12 1
12 1
11 1
26 1
12 1
10 1
8 1
8 1
10 1
14 1
15 1
6 1
21 2
3 2
28 1
13 1
10 1
11 1
11 1
1 1
11 1
11 1
1 1
9 1
11 1
29 1
14 1
14 1
4 4
13 2
10 1
5 1
13 3
1 1
5 5
8 1
9 1
9 2
39 2
19 1
12 1
8 1
12 1
10 1
2 5
14 2
13 1
12 1
10 2
33 1
13 2
8 1
24 1
17 1
10 1
7 7
12 1
11 1
18 1
3 1
5 3
21 1
11 1
20 1
8 5
22 1
8 1
15 1
14 1
3 1
6 2
4 1
4 4
10 1
23 1
11 2
6 5
9 1
13 1
5 1
13 1
23 1
15 1
7 1
5 1
6 2
5 1
2 1
7 1
9 1
5 1
4 2
6 1
13 3
12 1
16 1
4 2
8 2
16 1
6 2
21 1
12 1
10 1
3 1
11 2
9 3
8 1
6 1
10 1
14 1
5 2
6 1
20 1
5 1
11 1
43 1
2 1
1 1
20 3
11 1
16 1
10 1
26 1
14 1
18 1
1 1
25 1
27 1
28 1
13 1
22 1
12 1
30 2
6 1
5 1
12 1
16 1
29 1
8 1
7 1
13 1
8 2
5 1
5 3
6 1
17 1
15 1
6 2
14 1
31 1
7 1
8 1
9 1
8 1
12 1
11 1
16 1
10 1
14 1
58 1
13 1
8 1
2 1
22 1
2 1
23 1
6 1
5 1
9 1
11 1
19 1
13 1
9 1
9 1
18 1
8 1
12 1
11 1
10 1
12 1
5 1
18 1
8 1
12 1
8 1
9 1
8 1
14 1
6 1
29 1
8 1
9 1
19 1
5 1
12 1
16 1
10 1
30 1
6 4
1 2
15 1
6 1
11 1
14 1
14 1
30 1
7 1
6 1
16 1
14 4
3 1
8 1
4 7
11 2
10 2
1 1
7 1
6 1
32 1
7 1
14 1
6 1
9 1
4 2
6 1
10 1
8 1
15 1
8 4
3 1
7 1
9 2
5 1
11 1
9 1
50 1
13 1
19 1
23 1
4 1
10 1
8 1
7 1
12 1
10 1
6 1
11 2
23 1
4 1
2 1
10 1
12 1
7 1
12 1
13 1
7 1
9 1
29 1
19 2
16 2
7 1
11 1
13 2
10 1
8 1
13 2
30 1
7 1
10 2
15 1
9 2
8 3
15 1
16 1
10 1
9 1
1 8
1 1
6 1
6 1
9 1
54 1
14 1
2 2
7 1
14 1
10 1
9 1
10 2
13 1
33 5
14 1
25 1
18 1
18 1
9 1
7 2
8 1
6 1
10 1
10 1
11 1
6 1
13 1
17 1
11 2
12 2
16 1
16 1
29 1
2 1
9 2
23 1
11 1
9 1
8 1
12 1
5 4
7 2
7 1
10 1
30 1
10 1
16 1
6 1
11 2
5 1
14 1
17 1
12 2
7 1
17 1
7 1
11 1
10 1
19 2
11 1
8 1
7 1
35 1
14 1
9 1
6 1
24 1
8 1
16 1
9 1
36 1
11 1
8 1
8 2
9 1
7 1
13 1
9 2
14 1
21 1
13 1
9 1
7 4
20 1
8 2
6 1
8 1
8 2
11 1
11 1
13 1
6 1
21 1
12 2
10 1
10 1
19 1
10 1
8 1
12 1
25 1
20 1
24 1
11 2
18 1
9 1
9 1
1 1
14 1
9 1
9 1
18 1
7 1
7 4
32 1
24 3
18 1
10 1
7 1
14 2
10 1
13 1
15 1
19 1
1 1
22 1
8 1
13 1
20 1
9 1
7 1
3 1
5 1
5 1
31 2
13 1
6 1
72 2
12 1
8 1
10 1
16 1
11 1
11 1
18 2
11 1
7 2
12 1
18 4
16 1
4 2
20 1
23 1
14 1
11 1
21 1
20 1
14 2
8 1
11 1
3 3
8 1
10 1
16 1
26 1
4 2
9 1
6 1
6 3
20 1
14 1
49 1
11 1
5 1
20 1
13 1
25 1
5 1
10 1
6 1
20 2
22 1
10 1
15 1
9 1
8 1
16 1
7 1
10 1
11 1
10 1
53 1
8 1
10 3
12 1
5 2
7 1
21 1
3 2
9 1
13 1
12 1
8 1
10 1
10 1
15 1
12 1
6 3
3 1
64 2
5 1
10 1
8 1
48 1
18 1
7 1
13 1
14 1
7 1
14 1
9 5
18 1
6 1
10 1
14 1
5 2
5 1
9 1
10 1
2 1
5 1
8 1
8 2
10 1
6 1
5 12
9 1
11 1
18 1
16 1
12 1
11 1
17 1
6 1
2 1
8 1
2 1
13 2
6 1
13 1
5 1
14 1
15 2
7 1
12 1
16 1
8 1
1 1
7 2
21 1
12 1
16 1
23 1
33 1
5 1
10 1
3 3
4 1
16 1
15 2
19 1
11 1
6 1
7 2
5 6
7 3
17 1
19 1
4 1
12 1
7 1
14 1
4 2
10 1
23 1
20 1
9 2
2 1
13 1
13 2
10 1
5 1
16 1
24 1
9 1
11 1
7 2
4 1
21 2
13 1
29 1
2 1
7 2
10 2
9 1
8 1
20 1
14 1
10 1
9 1
17 1
4 1
25 1
24 2
12 1
1 1
6 2
11 1
12 1
25 1
5 1
48 1
5 1
8 1
9 1
5 1
7 1
17 1
25 1
11 1
4 1
19 1
18 1
14 1
9 2
26 1
12 1
17 1
12 1
16 1
3 6
13 1
18 2
9 1
15 1
20 1
9 1
33 2
17 3
3 1
10 2
8 1
18 1
36 1
6 1
8 1
7 1
7 1
1 1
6 1
6 1
12 2
21 1
7 1
10 1
8 1
11 1
13 1
16 1
21 1
15 1
9 2
10 1
11 1
10 2
6 3
21 1
15 2
5 2
31 1
21 1
6 1
6 1
17 1
13 1
11 1
23 1
6 1
9 1
15 1
10 1
10 1
16 1
6 1
13 1
8 2
7 5
15 1
18 1
19 1
6 1
12 1
9 2
9 1
10 1
13 1
12 1
9 1
11 1
15 1
6 1
22 1
7 1
7 1
12 1
8 3
7 1
13 1
8 1
7 1
4 5
11 1
10 1
8 2
15 1
9 1
15 2
11 1
9 1
14 1
9 1
13 1
14 5
30 1
23 1
29 1
8 1
11 1
38 1
7 1
8 1
12 1
8 3
1 2
12 1
13 1
7 1
1 1
17 1
16 1
28 1
10 1
53 1
13 1
10 1
5 1
9 1
6 1
5 5
20 1
1 1
6 1
24 1
35 1
21 1
2 1
7 1
16 1
6 1
10 1
18 1
7 1
13 1
12 1
8 1
35 6
21 1
12 3
9 1
5 1
20 1
13 1
9 1
5 1
5 1
14 1
16 1
1 1
9 1
10 2
18 1
12 2
7 1
8 2
8 1
9 1
11 1
11 2
15 1
14 1
10 1
15 1
8 1
19 1
7 2
15 1
14 1
6 1
11 1
16 1
9 1
8 2
10 1
9 3
11 1
67 2
4 1
2 1
5 1
1 1
6 1
11 1
2 1
23 1
13 1
12 1
16 1
10 1
9 1
6 1
11 2
16 1
54 1
11 1
6 1
23 1
6 1
15 1
4 3
21 1
10 1
30 1
24 1
1 2
18 1
1 1
14 1
11 1
4 2
18 1
24 1
20 1
8 1
9 2
14 1
7 1
12 1
9 1
5 1
16 1
35 1
16 1
20 2
17 1
10 1
12 2
18 2
20 1
11 1
13 1
13 2
17 1
22 1
15 1
9 1
16 1
9 1
8 1
8 1
9 1
15 1
1 1
8 1
21 1
18 1
20 1
6 8
5 2
8 1
1 1
7 1
57 1
9 1
17 1
20 1
12 1
9 1
6 1
56 1
20 1
11 1
8 1
17 1
12 1
9 1
8 2
12 1
19 1
22 1
20 2
23 1
6 4
1 1
4 1
7 2
10 1
9 1
6 1
6 1
9 1
2 1
14 1
12 1
20 1
38 1
36 1
12 1
8 1
10 1
15 1
7 1
11 2
1 1
12 1
9 2
14 3
10 1
16 1
6 3
11 1
6 1
11 1
15 1
5 2
22 1
16 1
6 2
13 1
6 1
9 1
15 1
10 1
8 2
13 1
10 2
12 1
5 1
29 1
13 5
49 1
9 1
15 1
11 2
11 1
3 1
8 3
6 1
8 1
1 1
5 1
16 1
8 1
9 3
13 1
20 1
9 1
7 1
18 1
8 1
6 1
15 1
35 1
9 1
9 1
10 1
26 2
8 1
10 1
13 2
17 1
34 1
20 1
8 1
10 3
7 1
16 1
5 1
17 1
8 1
5 1
16 1
15 1
10 1
11 1
10 1
12 1
10 1
10 1
10 1
9 1
8 1
4 1
5 3
11 1
10 1
9 1
18 2
10 1
4 1
10 1
6 4
6 4
5 1
17 2
24 1
14 1
1 2
8 2
10 2
11 1
18 3
14 1
12 1
19 1
50 1
15 1
11 1
28 1
17 1
4 1
1 1
12 1
13 1
52 1
21 2
4 2
9 1
5 1
76 1
6 1
12 1
43 1
35 2
23 1
8 1
6 1
13 1
15 1
15 1
4 3
8 1
17 1
2 1
6 2
13 2
8 1
18 1
10 1
13 1
10 1
6 4
9 1
8 1
19 1
18 4
6 2
6 1
14 1
30 1
8 1
13 2
23 1
13 2
8 2
11 1
6 2
19 2
12 1
4 1
10 1
13 1
12 1
16 1
11 1
6 1
7 1
23 1
25 1
8 1
10 1
10 1
6 1
6 3
8 6
15 2
4 1
5 1
9 1
7 1
9 1
2 1
11 1
5 1
8 1
11 1
1 1
7 1
11 1
17 1
32 1
10 1
9 2
25 1
3 1
23 1
9 1
2 2
25 1
15 1
7 1
8 1
12 1
10 1
7 2
7 1
7 1
11 1
27 1
11 2
8 1
8 1
7 1
7 1
33 1
7 1
9 1
17 2
8 1
30 1
15 1
7 1
10 1
7 1
10 1
8 1
9 1
15 1
8 1
10 1
6 3
8 1
15 1
23 2
15 1
3 1
15 1
24 6
8 1
15 1
14 1
8 1
11 1
4 1
12 3
13 2
10 1
23 1
10 1
13 1
14 1
12 1
9 5
8 1
21 2
22 1
9 6
10 1
16 1
10 1
22 1
12 1
6 1
12 1
24 1
18 2
9 1
9 1
12 1
7 1
9 1
12 2
15 1
10 1
5 6
6 1
14 1
9 1
3 1
30 1
19 1
18 1
22 2
8 5
6 2
8 1
16 1
8 3
3 4
4 1
14 1
13 1
10 1
7 1
7 1
16 1
30 1
5 6
4 1
10 1
5 1
7 1
28 1
7 1
14 1
16 1
12 1
24 2
13 1
6 1
10 1
11 2
13 1
27 1
24 1
7 1
8 1
1 1
16 1
19 1
16 1
11 1
12 2
9 2
18 3
10 1
19 1
6 1
9 1
24 1
7 1
22 1
10 1
9 1
12 1
19 2
13 1
12 1
8 1
5 1
7 4
5 3
11 1
10 1
13 1
52 2
1 1
8 1
18 1
13 1
8 1
11 1
6 1
13 2
1 1
18 2
4 1
27 1
12 1
6 3
58 1
7 1
1 2
11 1
8 1
8 1
5 1
12 1
13 1
11 1
7 1
19 1
1 1
17 1
7 1
5 1
8 1
9 1
1 1
24 1
14 1
8 1
9 2
16 5
15 2
9 1
5 1
1 1
21 2
15 1
10 1
11 3
9 2
54 1
10 1
8 1
8 1
38 1
9 2
18 1
10 1
14 1
18 1
23 1
15 1
2 1
23 1
3 1
5 1
10 1
7 2
6 1
3 1
74 1
5 2
11 1
17 1
7 1
18 1
14 2
10 2
9 1
8 1
14 1
4 1
2 1
10 2
15 1
3 1
16 1
8 1
14 1
5 2
13 2
4 1
27 1
17 2
23 1
8 1
17 1
2 1
12 1
10 1
24 2
5 1
13 1
10 1
6 1
13 1
13 1
25 1
13 2
27 1
18 1
22 1
6 1
7 1
15 1
19 3
21 1
12 1
9 1
24 1
3 1
10 1
30 1
8 2
12 1
11 1
10 2
8 1
5 1
10 2
9 1
5 1
14 1
17 1
11 2
10 1
7 1
9 1
11 1
5 2
10 1
11 1
11 1
11 1
15 1
4 2
11 1
4 1
7 5
29 1
7 1
14 1
16 1
18 1
19 1
7 1
13 1
11 1
7 1
6 1
5 1
11 1
7 1
10 1
13 1
3 1
1 1
23 1
11 1
8 1
8 1
25 1
2 1
13 1
20 2
14 1
10 1
6 2
22 2
14 2
8 1
10 1
7 2
10 5
7 1
7 1
62 1
17 1
23 2
9 1
12 1
9 1
23 1
5 1
9 1
12 2
10 1
17 1
7 2
9 1
11 1
13 1
4 1
1 1
12 1
6 1
1 1
18 2
16 1
14 1
21 1
16 2
8 2
8 1
9 2
11 1
15 1
22 1
11 1
22 1
6 1
13 1
7 6
10 1
8 1
11 1
10 1
7 1
1 1
9 1
23 1
23 1
10 1
7 1
15 3
11 1
8 1
4 1
8 2
12 1
9 1
9 1
7 2
10 1
10 1
12 1
6 1
20 1
12 1
6 1
11 1
5 1
18 1
8 1
14 1
1 1
16 1
13 3
16 1
15 1
10 1
4 1
9 1
16 1
30 1
11 1
8 1
13 1
12 1
9 1
7 1
5 1
9 1
10 1
14 2
12 1
12 1
15 1
15 1
17 1
7 1
9 2
25 1
12 1
11 1
7 2
15 1
14 1
9 2
18 2
5 3
7 1
21 1
7 1
4 1
13 1
5 6
8 1
2 6
49 2
5 1
10 1
9 1
9 1
12 1
6 1
12 1
11 1
11 1
6 1
10 2
5 1
4 2
10 1
7 1
6 1
18 1
10 1
20 1
9 1
9 1
2 1
5 2
21 1
8 1
20 2
6 1
3 1
7 1
11 4
11 1
9 1
25 1
1 1
5 1
11 1
12 1
11 1
15 1
18 1
15 1
7 1
8 1
7 1
1 1
11 1
4 1
7 1
5 8
17 1
10 2
3 1
9 1
6 1
7 1
23 1
11 1
20 2
17 1
11 1
5 1
9 1
8 1
29 1
11 2
8 1
7 1
10 1
12 2
8 1
25 1
20 1
2 1
23 1
7 1
12 1
8 1
8 1
13 1
9 1
33 1
4 1
10 1
7 2
7 1
10 1
13 1
6 1
10 2
9 1
15 1
9 1
12 1
11 1
10 1
8 1
4 2
15 1
12 1
10 1
10 1
6 1
1 1
20 1
8 1
26 1
8 1
12 1
4 1
7 2
19 1
13 1
1 1
8 1
2 1
6 1
7 1
19 2
16 1
13 1
11 1
7 2
9 1
22 1
8 1
5 1
6 3
9 5
4 3
8 1
32 1
4 5
17 1
9 1
12 1
12 1
16 1
2 3
17 1
19 2
6 2
15 1
19 1
14 1
5 4
10 2
6 1
7 1
11 1
5 1
16 1
14 1
14 1
2 1
19 1
6 1
12 1
12 1
10 1
11 1
11 1
10 1
11 1
6 2
10 1
20 2
6 1
6 1
7 1
24 2
9 1
8 1
10 3
15 1
11 1
7 1
5 1
12 1
8 1
11 1
11 1
32 1
5 3
1 1
9 2
9 1
14 1
15 1
17 1
12 1
7 1
52 1
5 1
16 1
12 1
18 1
8 1
21 1
12 1
24 1
6 1
8 1
6 1
17 1
6 1
14 1
12 1
5 2
9 1
2 1
10 1
3 3
14 1
6 1
5 1
6 1
1 1
4 3
32 1
25 1
20 1
12 2
20 1
13 1
16 1
11 1
4 1
20 1
8 1
10 1
11 1
12 1
13 1
2 1
16 1
17 1
5 1
16 1
6 2
11 2
9 1
20 2
5 1
19 3
1 1
6 4
16 1
19 1
6 4
14 1
7 2
16 1
16 1
2 1
12 1
9 1
1 1
11 1
7 4
17 1
10 1
18 1
10 1
10 1
5 1
8 1
10 1
5 1
16 1
17 1
7 1
27 2
20 1
14 1
7 1
13 1
14 1
7 1
5 2
26 1
10 1
7 1
4 7
13 2
4 1
15 1
27 1
14 1
8 1
6 2
6 1
7 1
5 1
11 1
8 1
17 1
6 1
7 1
13 1
12 1
6 1
14 1
3 1
22 1
14 1
7 1
6 1
23 1
16 1
8 1
9 1
6 2
17 1
26 1
75 1
13 1
44 1
14 1
9 3
2 7
9 1
7 3
19 1
9 1
10 1
6 1
8 1
6 1
3 1
10 2
13 1
7 1
1 1
19 1
44 4
4 2
14 1
6 3
12 1
11 1
4 1
3 4
23 1
9 1
13 1
6 1
13 1
18 1
10 1
10 1
9 1
5 1
10 1
12 1
24 1
8 1
8 1
6 2
7 1
9 1
18 1
8 1
17 1
5 1
17 1
8 1
5 4
6 1
7 2
16 2
15 1
33 1
7 1
30 2
14 1
1 2
12 1
10 1
12 1
9 1
2 1
12 2
8 1
2 1
8 1
10 1
3 1
22 1
8 1
25 1
6 2
9 1
4 1
20 1
4 2
11 1
1 1
23 2
22 1
10 1
9 1
2 1
17 1
9 2
7 2
12 1
7 1
7 2
9 1
13 1
11 1
19 1
9 2
9 1
10 1
15 1
8 1
9 4
5 3
15 2
5 1
37 1
9 1
14 1
5 6
12 1
19 1
11 1
8 2
8 1
7 1
4 2
19 1
23 1
16 2
7 2
1 4
13 1
9 3
1 1
17 1
11 4
3 1
4 4
15 1
26 1
13 1
25 1
13 1
9 1
5 1
38 1
2 1
28 1
17 1
1 1
7 1
12 1
13 1
13 1
22 1
10 1
15 1
4 1
11 1
5 1
16 1
1 1
13 1
8 1
5 1
14 1
5 1
27 1
10 1
21 1
19 1
20 1
15 1
9 1
15 1
12 1
4 6
15 1
14 1
11 1
13 1
7 1
16 1
8 1
20 1
8 1
12 1
12 1
10 1
8 1
9 1
5 1
14 1
7 2
12 1
8 1
14 1
13 1
8 1
14 1
28 1
12 1
49 1
8 1
17 1
7 1
86 1
10 2
21 1
13 2
40 1
7 1
13 1
12 1
2 1
24 1
1 1
11 2
7 1
10 1
15 1
5 1
13 2
11 1
4 2
6 1
7 1
18 1
21 1
25 3
57 1
3 2
6 1
11 1
13 1
16 1
7 1
15 1
8 1
8 1
8 1
14 1
6 1
20 1
10 1
9 1
20 1
16 1
2 1
12 1
8 1
10 1
14 1
7 1
11 1
17 1
16 1
13 2
10 1
11 1
17 1
11 1
17 1
2 1
19 2
7 1
10 1
13 1
7 1
5 2
10 1
13 1
9 1
24 2
23 1
7 1
17 1
6 1
10 1
8 1
10 1
30 5
14 1
25 1
15 1
25 3
11 1
2 1
4 4
10 1
13 1
19 1
11 1
12 1
6 1
9 1
20 1
5 2
7 3
12 1
6 1
6 1
7 1
13 1
20 1
7 1
8 2
14 1
20 2
13 1
15 2
9 1
11 1
7 1
8 1
2 1
8 1
7 1
4 1
22 1
26 1
6 1
12 1
1 1
15 1
23 2
8 1
9 1
8 4
39 2
4 1
6 2
9 1
10 1
9 1
17 1
11 1
3 1
13 1
6 3
6 1
11 1
10 1
4 3
9 1
5 2
17 1
15 1
9 1
10 1
17 1
6 1
47 1
14 1
30 1
14 1
9 1
13 1
8 1
9 1
12 1
29 1
50 1
15 1
28 1
13 1
8 1
11 1
19 1
19 1
7 3
7 2
8 1
10 1
24 1
10 1
9 1
4 1
13 1
14 2
6 1
16 1
18 1
7 1
7 1
4 1
18 1
8 1
19 2
12 1
10 1
27 1
14 1
6 1
11 1
9 2
7 1
9 1
9 1
8 1
8 1
8 1
12 1
15 1
18 1
20 1
5 1
10 2
21 5
16 1
12 1
6 1
14 1
10 1
9 1
7 1
2 1
11 1
9 1
11 1
17 1
13 1
9 1
11 1
10 1
11 1
14 1
18 1
1 1
7 1
19 1
6 1
19 1
6 1
9 1
8 1
10 1
1 1
8 1
9 1
10 2
13 1
18 1
8 1
6 1
16 1
25 1
9 2
11 1
17 1
20 2
5 1
4 4
7 1
11 1
9 1
8 1
11 2
19 1
12 1
9 1
14 1
9 1
7 1
32 1
6 1
9 1
6 1
2 5
9 1
19 1
9 2
6 1
8 1
12 1
4 1
15 1
26 1
17 1
17 1
9 1
19 1
15 1
28 1
10 1
7 1
15 1
5 1
52 1
8 2
5 1
6 1
11 1
6 2
11 1
13 1
8 1
12 2
8 1
1 1
9 1
10 1
5 1
9 2
8 1
18 1
14 1
10 1
10 3
11 1
2 1
32 4
7 1
16 1
2 1
16 1
14 2
8 1
9 7
8 1
13 1
12 1
24 1
17 1
23 1
16 3
4 1
9 2
6 3
16 1
2 1
4 1
8 1
13 1
9 1
8 1
10 1
10 1
13 1
8 1
16 1
11 1
6 1
18 1
13 1
20 1
8 1
14 1
10 1
6 7
22 2
5 1
6 2
6 1
13 1
25 6
34 1
11 1
6 1
19 1
9 1
4 1
14 1
15 1
11 1
8 1
8 1
16 1
11 2
18 1
9 1
8 1
15 1
16 1
29 1
21 1
23 1
10 1
6 1
7 1
12 2
8 1
8 1
17 1
9 2
35 2
9 1
2 1
13 2
5 1
4 1
23 1
8 1
6 1
23 1
9 1
12 1
10 1
15 1
11 1
13 1
11 1
8 2
8 1
6 2
10 1
9 1
5 1
23 1
12 1
57 1
19 1
5 3
14 1
12 1
7 2
28 2
13 1
12 1
17 1
35 1
8 1
10 1
14 1
4 1
7 1
4 1
8 1
12 1
14 1
14 1
6 1
11 1
6 1
2 3
6 4
17 1
11 1
10 1
13 1
5 1
9 1
21 1
15 1
5 1
13 1
23 2
11 1
9 1
17 1
5 1
11 4
17 1
6 5
6 1
16 1
25 1
8 1
16 1
7 2
7 5
8 1
9 3
8 1
9 1
7 1
3 1
12 1
3 5
7 1
20 1
2 1
15 2
1 8
7 1
13 1
17 1
28 1
12 3
12 1
13 1
7 2
71 1
7 2
9 1
9 1
7 1
8 1
16 1
12 1
15 1
10 1
17 1
8 1
29 1
8 2
6 2
19 2
8 1
7 1
9 1
11 1
17 1
10 3
25 1
6 1
7 1
20 1
5 1
5 1
13 1
9 1
2 1
36 1
8 1
22 1
8 1
12 1
14 1
8 1
7 1
13 1
10 1
28 2
5 4
23 1
11 4
1 1
3 1
2 1
7 1
23 1
20 1
1 1
13 1
13 1
11 1
7 1
9 1
7 2
6 5
1 1
12 1
7 1
12 1
1 1
1 1
3 9
24 1
8 1
5 1
13 1
15 1
24 2
9 1
1 1
11 1
20 1
9 2
29 1
7 2
22 1
4 1
10 1
11 1
12 1
21 1
10 1
2 1
13 1
26 1
9 1
16 1
16 1
10 2
19 2
9 1
12 1
19 1
28 1
3 1
10 1
72 1
4 1
11 1
3 1
12 1
12 1
30 1
17 1
6 2
7 1
2 2
8 1
4 4
10 1
10 1
1 1
15 1
12 1
8 1
12 1
19 1
26 1
2 3
3 1
7 1
11 1
11 1
7 1
1 1
6 5
10 1
6 1
10 1
10 1
7 2
5 1
17 1
6 1
14 1
11 2
6 1
2 1
13 2
6 1
18 1
9 1
9 2
2 1
29 1
11 1
8 1
11 1
10 1
7 1
10 1
8 1
2 1
8 1
11 1
15 1
8 2
10 1
13 1
12 1
24 2
11 1
20 3
14 2
11 1
1 1
13 1
7 1
10 1
5 2
10 2
7 1
7 1
18 1
13 1
7 2
7 1
6 1
15 1
12 2
17 1
2 1
14 1
5 1
26 1
27 1
13 1
18 2
7 1
9 1
8 1
31 1
22 2
4 2
7 1
23 1
5 2
7 1
18 1
14 1
5 1
15 1
7 1
47 2
9 1
10 1
9 1
9 1
6 2
11 1
35 1
9 1
8 1
2 1
15 1
32 1
10 1
35 1
4 8
12 1
5 1
8 3
12 1
11 1
4 2
6 1
4 2
23 1
15 1
27 1
2 1
8 1
14 1
12 1
15 1
12 1
7 1
8 1
29 1
3 1
7 1
11 1
7 1
7 1
9 1
19 2
13 1
15 1
10 1
4 2
7 1
10 2
13 1
17 1
12 1
16 1
7 1
23 1
11 1
7 1
16 1
9 1
8 1
9 1
12 2
19 1
11 1
28 1
6 1
5 1
8 5
8 1
9 1
13 1
2 5
5 1
10 1
16 1
13 1
16 1
12 1
9 1
7 1
7 1
8 1
18 1
8 1
11 1
8 1
9 1
9 2
13 1
6 1
29 1
12 1
14 1
8 1
15 1
20 1
9 1
8 1
10 1
16 2
13 1
7 1
7 1
13 1
10 1
8 1
15 1
5 2
14 1
11 2
9 1
13 1
51 1
23 1
6 1
6 1
6 1
8 1
14 1
10 1
23 1
6 2
6 5
19 1
11 2
12 1
8 1
6 1
10 1
6 2
15 1
26 1
1 1
15 1
13 1
5 1
7 1
6 3
7 1
14 1
10 1
4 2
12 1
2 1
8 1
5 2
1 1
2 1
17 1
10 1
25 1
8 1
10 1
12 1
17 1
18 1
18 1
10 1
13 1
6 1
2 3
14 4
13 1
6 1
10 1
17 1
8 1
36 1
12 1
12 1
21 2
9 1
12 1
5 1
11 1
8 1
19 1
11 1
9 1
8 1
8 1
19 1
13 2
6 1
20 1
12 1
11 1
11 1
6 1
4 1
8 1
9 1
37 1
15 1
6 3
21 1
22 1
11 1
23 1
7 1
9 1
13 1
7 1
30 1
17 1
10 1
9 1
9 1
2 1
7 2
15 1
24 1
6 1
11 1
22 1
66 1
9 2
9 1
3 1
8 1
7 2
12 1
22 1
10 1
1 8
10 1
12 2
6 1
7 2
10 1
3 1
13 1
17 1
26 1
7 2
6 2
12 1
20 1
18 1
14 1
18 1
8 1
7 1
9 1
7 1
14 1
12 1
7 1
11 1
32 2
5 1
17 1
9 1
15 1
7 3
11 1
9 1
9 1
8 1
1 1
10 1
6 1
15 1
12 1
8 1
9 1
9 1
9 1
7 1
21 1
9 1
58 1
10 1
10 1
9 1
5 1
6 2
26 1
22 1
7 1
1 1
11 1
31 1
9 1
13 1
11 1
15 1
18 1
22 1
16 1
18 1
18 1
12 1
5 1
13 1
16 1
11 1
6 1
11 1
12 1
11 2
17 1
16 1
13 1
9 1
12 1
3 1
14 1
10 4
6 1
15 1
8 1
22 1
10 3
31 1
11 1
9 1
9 1
2 1
12 1
8 1
5 1
22 1
8 2
10 7
5 1
15 1
15 1
12 1
12 1
12 2
20 1
16 1
16 1
4 1
1 1
3 1
1 1
20 2
10 1
12 1
14 1
6 1
6 2
8 2
12 1
14 1
8 2
1 5
13 1
17 1
7 1
7 1
4 1
1 1
38 1
4 1
4 2
18 1
6 1
15 1
7 1
7 1
22 1
7 1
41 1
7 1
12 1
18 1
5 2
8 2
13 1
7 1
11 1
2 1
3 1
7 1
10 1
8 1
9 1
9 2
9 1
9 1
6 1
6 1
9 1
25 1
16 1
35 1
7 3
2 1
20 1
8 1
9 1
10 1
17 1
1 1
12 1
6 1
9 1
11 1
11 1
12 3
12 2
13 1
7 1
20 1
9 1
26 1
21 1
6 5
1 2
11 2
25 1
12 1
11 1
30 2
8 1
20 2
18 1
15 1
28 1
66 1
22 1
10 1
9 1
6 1
9 1
2 1
7 1
22 1
6 1
7 1
15 1
50 1
11 1
6 1
20 1
7 1
9 1
6 1
4 2
15 1
8 3
5 1
5 1
11 1
6 1
7 2
9 1
8 1
10 1
16 1
6 3
18 2
10 1
19 1
7 1
11 1
18 2
4 1
14 1
8 1
7 1
11 1
14 2
15 1
4 3
6 1
11 1
7 1
7 1
15 3
8 1
18 1
6 2
13 1
6 1
13 1
11 1
11 1
20 1
15 1
8 2
8 1
10 1
1 1
18 1
10 2
18 1
7 1
14 1
20 1
2 1
6 1
1 1
17 2
11 1
9 1
13 1
2 8
4 2
16 4
20 1
19 1
10 1
9 1
7 1
54 2
13 1
6 1
11 1
5 1
9 1
13 1
15 1
13 1
2 2
21 1
16 1
12 1
8 2
16 1
6 1
11 2
11 1
14 3
8 2
8 2
23 1
6 1
12 1
7 1
21 3
19 1
16 1
9 1
11 2
14 1
16 1
13 1
1 1
1 1
7 1
14 1
31 1
11 1
7 2
15 1
14 1
6 2
7 1
9 1
15 1
3 2
20 1
17 2
10 1
10 1
15 2
11 7
19 1
14 1
28 1
9 1
20 1
9 1
17 1
14 1
12 1
17 1
13 1
17 1
6 1
21 1
7 1
13 1
8 2
5 1
11 1
11 1
9 1
9 1
13 1
11 1
11 3
7 1
13 1
15 1
6 1
13 1
9 1
5 4
15 1
17 1
15 1
17 3
16 1
7 1
11 1
8 1
10 1
24 1
9 1
10 1
2 2
14 1
8 1
7 4
6 1
11 1
20 1
5 4
7 6
17 1
8 1
12 1
7 2
7 1
11 1
20 1
4 1
20 1
9 1
18 1
10 1
15 1
26 1
8 1
6 3
15 2
18 1
1 1
19 1
10 1
12 1
11 5
8 4
19 1
14 1
22 1
18 1
21 1
15 1
12 1
4 8
14 1
15 1
13 1
13 1
16 1
25 1
14 1
1 1
8 4
20 2
15 1
5 3
7 1
14 1
6 1
10 1
11 2
14 1
6 5
11 1
7 1
10 2
18 1
8 1
15 1
14 1
19 1
16 1
9 1
7 1
2 3
13 1
5 1
14 1
23 1
18 1
7 1
2 1
10 1
8 1
23 1
10 2
1 1
8 1
13 1
11 1
9 1
7 1
6 1
12 1
8 2
8 1
15 2
19 1
13 1
10 1
15 2
11 1
8 1
8 1
6 1
8 1
16 1
11 1
15 1
28 2
12 1
14 1
15 1
23 1
17 1
13 1
31 1
6 2
12 1
4 2
6 1
10 1
9 1
17 1
10 1
10 1
13 1
13 1
8 1
4 1
6 1
3 3
23 1
10 1
5 1
11 3
13 3
7 1
10 3
2 1
3 1
3 1
4 1
20 1
7 1
13 1
16 1
10 1
13 1
9 1
21 1
8 1
12 1
12 1
10 1
10 2
7 1
8 1
11 1
1 1
15 1
22 1
14 1
14 1
5 1
3 1
10 1
56 1
7 4
1 1
8 1
1 1
6 1
35 1
50 1
13 1
16 3
8 2
11 1
14 1
8 2
17 1
24 1
3 1
9 1
4 1
12 1
4 7
14 2
13 1
12 1
15 1
10 1
16 1
7 1
22 1
11 1
1 1
7 1
8 1
10 1
42 1
10 1
2 1
12 1
26 1
18 1
21 1
1 1
7 1
2 1
14 1
17 1
17 1
15 1
11 1
15 2
9 1
6 2
7 1
13 1
8 1
12 1
7 1
20 1
8 1
8 1
18 1
39 3
17 1
7 1
18 1
4 4
6 1
5 3
6 1
7 1
13 1
9 1
10 1
4 4
12 1
6 2
8 1
10 1
2 1
7 1
19 1
12 4
17 1
6 3
8 1
11 1
15 1
27 1
16 1
10 1
14 1
58 1
12 1
8 1
9 1
13 1
7 1
8 2
16 1
12 1
13 8
13 1
6 1
9 1
8 1
16 1
5 3
8 1
14 1
5 1
7 1
16 1
15 1
10 1
8 1
9 1
13 1
9 1
14 1
4 3
8 2
6 2
27 2
9 1
3 1
13 1
7 1
19 2
17 1
13 1
7 2
6 1
10 1
11 1
13 3
6 1
19 1
12 1
1 2
8 1
15 1
14 1
16 1
4 1
10 1
2 1
10 1
15 1
10 1
18 1
12 1
18 3
9 1
9 1
17 1
20 1
13 1
15 1
15 1
19 1
8 1
11 1
16 1
1 1
9 1
13 1
5 1
7 1
9 1
9 3
16 1
16 1
11 1
8 1
23 1
15 1
8 4
10 1
55 1
11 3
7 1
7 1
17 1
10 1
11 1
7 1
6 1
7 1
12 1
10 1
13 1
22 1
4 1
13 1
8 1
6 1
32 5
18 1
17 1
5 1
9 1
15 2
17 1
10 1
1 1
7 1
10 1
6 1
10 1
6 1
8 1
10 1
11 1
6 1
5 2
12 1
5 1
6 1
89 1
10 1
14 1
10 1
8 1
19 1
10 1
10 1
7 1
6 1
11 1
3 1
4 1
11 1
13 1
8 3
10 2
4 1
9 1
9 1
13 1
12 1
14 1
10 2
9 2
22 1
7 1
11 2
9 1
12 1
23 1
3 1
7 1
1 1
15 1
7 1
4 4
12 1
14 1
7 1
9 1
11 2
19 1
10 1
13 1
50 1
10 1
7 1
10 1
4 1
28 1
6 1
15 1
17 1
1 2
16 1
13 1
11 2
15 1
7 1
10 2
12 1
12 1
4 1
5 4
11 3
13 1
15 1
12 1
22 1
23 1
21 1
20 1
6 4
2 4
7 1
9 1
10 1
8 1
6 1
9 1
10 1
34 1
10 1
12 3
26 1
9 2
5 1
24 1
13 1
14 1
11 1
21 2
7 1
22 1
8 2
8 1
9 2
25 1
15 7
16 1
10 1
24 1
7 1
13 1
9 1
10 2
9 1
15 1
17 1
12 1
22 1
7 1
13 1
5 1
8 1
52 1
10 1
15 1
10 1
16 1
6 1
9 1
6 2
9 1
13 1
10 1
10 1
10 1
22 4
9 1
7 1
9 1
9 1
5 1
6 1
12 1
10 1
1 1
14 1
9 2
11 1
7 3
16 1
14 1
13 1
7 1
15 1
11 1
22 1
9 4
2 1
7 1
6 1
6 1
12 1
13 1
11 1
9 1
23 1
28 1
50 2
2 1
11 1
15 1
46 3
9 1
8 2
3 1
12 1
5 1
9 1
12 1
27 3
16 1
8 5
14 1
9 1
5 1
9 1
11 1
17 2
9 1
9 1
7 1
11 1
11 1
5 5
7 2
13 1
8 1
8 1
16 1
13 1
7 1
8 1
13 1
14 1
19 1
6 1
24 1
13 1
15 1
10 1
74 1
11 1
36 1
10 1
17 1
13 1
7 1
11 1
20 1
12 1
8 1
6 1
13 1
8 1
13 1
17 1
7 2
24 1
7 1
10 1
11 1
20 3
13 1
9 3
9 1
4 1
8 1
5 1
8 1
9 1
13 1
9 1
10 1
18 1
10 2
8 1
7 1
6 2
6 2
1 1
9 1
8 1
7 1
14 1
17 2
9 2
16 1
23 2
21 2
10 1
10 1
7 1
12 2
5 1
9 1
13 1
14 2
8 1
6 1
27 1
14 1
6 1
11 1
20 1
8 1
7 2
4 2
13 1
51 1
9 1
7 1
9 1
15 1
13 1
34 1
9 1
23 1
11 2
12 1
11 2
32 1
5 1
12 4
2 1
7 2
12 1
15 1
14 3
13 1
13 1
7 2
1 1
8 3
11 1
10 2
9 1
11 1
18 1
9 1
9 4
14 1
30 1
13 1
2 1
2 2
22 2
11 1
21 1
8 2
16 1
17 1
12 1
26 1
6 2
11 1
10 1
8 1
14 1
20 1
10 1
17 1
10 1
14 1
17 1
6 1
8 1
5 1
8 2
9 3
4 2
21 1
5 1
18 1
6 1
8 1
81 1
7 1
7 1
21 1
31 1
4 1
6 1
25 1
16 1
11 1
7 1
5 1
10 1
9 1
10 2
19 1
5 1
16 1
4 2
14 1
32 1
10 1
8 1
50 1
8 1
11 1
1 1
13 1
16 1
12 1
17 1
6 1
11 1
9 1
24 1
7 1
17 1
7 1
17 1
8 1
8 1
64 1
22 1
6 1
12 1
9 2
7 1
15 2
7 1
18 1
8 1
4 1
6 1
11 1
7 2
8 2
8 1
21 1
50 1
8 2
20 1
10 2
12 1
22 1
11 1
9 1
6 3
10 1
5 5
18 1
8 1
15 1
19 1
7 1
13 1
9 1
8 2
11 1
20 1
5 1
10 1
12 1
7 2
7 1
10 1
9 1
11 1
49 5
12 2
8 1
11 1
74 1
15 1
13 1
9 1
6 1
9 3
9 2
13 1
4 6
15 1
8 1
7 1
8 1
15 1
10 3
1 1
4 1
12 1
12 1
8 1
7 1
2 13
9 1
5 4
8 1
7 1
2 1
6 1
17 1
15 1
12 1
6 1
12 1
8 1
14 3
11 1
9 1
7 1
8 1
8 1
10 1
8 1
10 1
4 1
14 1
12 2
56 1
12 1
9 1
8 1
5 3
17 1
8 1
6 1
16 2
14 1
8 1
12 1
9 1
10 1
4 1
14 1
51 1
9 1
5 2
11 2
36 1
15 1
10 1
10 1
16 1
13 1
8 2
10 1
12 1
33 1
18 1
8 1
10 1
4 1
6 1
3 1
9 1
10 1
13 1
5 1
23 1
3 2
23 4
9 1
13 1
31 2
20 1
4 1
11 1
10 1
13 1
9 1
6 1
12 1
11 1
10 1
3 1
8 1
9 1
6 1
2 1
16 1
4 4
12 1
16 1
5 1
16 1
1 1
17 1
16 1
11 1
12 1
11 1
13 1
6 1
25 1
7 1
6 2
8 1
11 1
8 1
7 1
9 1
9 1
16 3
6 1
11 1
9 1
9 1
7 1
18 1
11 1
5 1
11 1
8 1
9 1
11 1
4 1
4 6
19 1
10 1
36 1
9 1
7 1
13 1
18 1
49 1
15 1
15 2
8 1
22 1
2 7
7 2
22 1
7 1
12 1
6 5
9 1
5 2
5 1
11 1
8 1
12 1
19 1
9 1
16 1
8 1
16 1
6 1
25 1
18 1
15 1
3 1
31 1
11 1
27 2
11 1
7 1
13 1
10 2
4 2
7 1
26 1
22 1
7 1
6 2
21 1
6 1
26 1
24 1
4 2
21 1
8 2
6 1
8 1
50 1
10 1
3 1
6 2
14 1
16 1
8 1
3 1
12 3
23 1
10 1
16 1
6 2
22 2
2 4
7 3
12 1
17 2
9 2
10 1
13 2
6 1
51 1
12 1
8 1
11 1
4 1
6 1
8 1
5 1
10 3
15 1
12 1
19 2
12 1
9 1
4 4
7 3
7 1
25 1
14 1
9 1
14 1
7 1
4 3
9 1
10 1
8 1
8 1
28 2
4 2
11 1
15 1
14 1
10 1
7 2
8 2
11 1
13 1
14 1
6 1
1 1
8 1
12 1
14 1
13 1
5 1
16 1
1 1
10 2
13 1
12 1
12 1
15 1
40 1
18 1
10 1
10 1
12 1
9 3
17 1
2 1
9 1
8 1
14 1
2 1
20 1
11 2
17 1
17 1
9 1
24 1
13 1
13 1
8 2
9 1
10 1
23 1
4 3
7 4
13 1
11 1
12 1
8 1
10 1
7 1
5 1
13 1
10 1
4 1
16 1
17 1
16 1
14 1
10 1
3 1
9 2
22 1
8 1
27 2
19 1
5 1
27 1
2 1
12 1
8 1
6 1
15 1
2 1
8 1
11 1
13 1
30 1
39 2
68 1
9 1
6 1
19 1
3 1
18 1
21 1
7 1
14 1
16 2
15 1
13 1
5 1
6 2
48 1
8 1
15 1
8 1
12 1
5 1
9 1
13 2
22 2
73 2
10 1
12 1
7 1
51 1
10 2
22 1
15 3
7 1
11 1
5 1
6 1
6 4
11 1
9 1
29 1
10 1
14 1
7 1
8 1
5 1
9 1
6 1
2 1
13 1
18 1
2 1
21 4
19 1
6 2
8 2
13 1
8 1
6 1
27 1
8 1
11 3
5 1
7 1
11 1
7 1
21 1
9 2
7 1
12 7
8 1
10 1
10 1
65 1
6 1
9 1
15 1
7 2
8 1
13 1
12 1
20 1
14 1
11 1
12 1
76 1
8 2
8 1
18 1
10 3
5 1
12 1
13 2
26 1
14 2
9 1
3 1
15 1
7 1
5 1
10 1
9 1
17 5
11 4
10 1
11 2
13 1
6 4
17 1
7 1
14 2
17 1
17 2
4 5
2 1
3 3
17 1
11 1
3 2
6 1
15 1
7 1
19 1
8 1
4 1
10 1
13 2
19 1
6 1
11 1
7 1
1 1
16 1
18 1
14 2
16 1
4 1
14 1
15 1
5 1
17 1
24 1
7 1
6 1
5 3
13 1
16 4
21 2
9 1
27 1
17 1
9 1
14 1
24 1
18 2
31 1
5 3
12 1
11 1
21 1
13 1
7 1
12 1
10 1
12 1
8 1
5 1
16 1
39 2
4 2
8 1
9 1
13 1
11 1
11 1
8 1
12 3
7 3
10 3
6 1
23 1
8 1
6 1
22 1
10 1
6 2
9 1
12 1
11 1
3 1
3 1
5 1
6 1
8 1
16 1
5 4
7 1
11 1
8 1
7 4
25 1
13 1
15 1
48 2
16 1
7 1
5 1
9 1
8 1
4 1
22 3
7 2
11 1
16 2
11 1
8 1
13 3
11 2
38 1
16 1
12 1
20 1
12 3
12 1
11 1
16 1
22 1
26 2
7 2
8 1
12 1
6 7
11 1
5 1
23 1
13 1
19 1
10 2
11 1
9 4
13 1
24 1
20 1
17 1
19 1
5 1
1 1
7 1
8 2
83 1
8 1
10 2
3 4
9 1
14 1
4 5
11 1
13 1
12 1
17 3
17 1
3 1
9 1
9 2
16 1
16 1
6 1
13 1
19 3
15 1
29 5
10 1
25 2
25 2
19 3
6 1
24 2
4 1
1 1
7 1
11 1
13 1
9 1
28 1
14 1
7 1
19 2
2 1
19 1
7 1
1 2
8 1
33 1
13 1
8 1
10 1
15 1
19 1
17 1
14 1
11 1
5 1
5 1
14 1
1 1
8 1
14 1
11 2
1 1
6 5
16 1
7 1
10 1
7 1
11 1
10 1
13 1
66 1
6 1
18 1
12 1
8 1
7 1
7 3
10 1
1 1
4 1
14 2
10 1
8 1
14 1
19 3
13 1
1 1
22 1
38 1
18 1
29 1
3 1
19 1
19 1
28 1
4 3
13 1
17 1
9 1
11 1
17 1
7 1
18 1
8 2
21 1
5 1
2 1
5 1
39 1
10 1
22 1
6 1
8 1
7 3
18 1
7 1
11 1
7 1
15 1
15 1
16 2
30 1
8 1
13 1
9 1
12 1
12 1
31 1
10 1
8 1
5 3
8 1
13 1
14 1
15 1
6 1
17 1
15 1
10 3
7 3
12 1
19 1
19 1
8 1
20 1
13 2
8 4
24 2
16 1
10 1
1 1
18 1
49 1
12 1
24 1
12 1
19 2
24 1
10 1
13 1
9 1
9 1
6 1
10 1
3 1
15 1
6 2
77 1
51 5
8 1
24 1
2 1
6 1
7 1
10 1
10 1
19 1
14 1
20 1
9 1
9 1
9 2
37 1
6 2
16 1
19 1
18 1
16 1
14 2
48 1
9 1
8 1
11 1
22 2
3 1
2 1
8 1
9 3
17 1
10 1
5 2
12 1
1 1
63 5
12 1
14 1
5 5
9 1
12 1
5 1
18 1
14 1
8 1
17 1
26 1
2 2
2 1
9 1
9 1
15 1
2 1
3 1
7 1
10 1
2 1
20 2
6 2
8 1
11 1
15 1
17 1
13 1
17 1
9 1
12 1
5 1
16 1
12 1
16 1
5 5
10 1
6 1
4 1
12 2
7 2
3 1
11 1
13 1
9 1
10 1
10 1
14 2
8 1
5 1
14 1
12 1
23 1
9 1
19 1
11 1
13 1
9 1
12 1
17 1
7 2
12 2
15 1
10 2
12 1
8 1
22 1
13 1
9 2
10 1
9 1
16 1
18 1
8 1
14 1
15 1
6 3
11 1
5 7
8 1
14 1
9 1
13 1
3 4
17 1
3 1
14 1
11 1
11 1
13 1
7 1
8 1
12 1
21 1
10 1
10 1
7 1
21 1
13 1
6 2
9 1
16 1
18 1
15 1
16 1
17 1
14 1
21 2
2 1
29 2
9 1
10 4
15 1
13 1
37 1
8 3
30 1
12 1
10 1
8 1
11 1
6 1
10 1
7 2
7 2
9 1
9 1
54 1
16 1
14 2
32 1
18 3
9 1
18 1
10 1
9 1
5 5
6 1
8 1
14 1
8 2
34 1
9 1
10 1
28 2
1 1
10 2
12 1
8 1
11 1
20 1
7 2
13 2
2 4
9 3
11 2
16 1
5 1
12 1
12 1
9 2
16 1
11 1
20 1
9 1
8 1
8 1
7 1
7 2
10 1
20 2
7 1
16 1
16 1
17 1
24 1
26 2
1 1
25 2
10 5
6 1
18 1
31 1
26 1
17 1
13 1
2 1
8 3
29 1
16 1
8 1
11 1
6 2
3 5
19 1
14 1
2 1
7 1
4 1
13 1
45 1
26 3
19 1
6 1
15 1
12 1
84 1
8 1
7 2
16 1
3 1
6 1
11 1
8 2
6 1
8 5
7 1
7 1
7 1
11 1
3 1
14 1
17 1
11 1
4 1
9 1
71 2
12 2
24 2
5 2
20 1
9 1
14 1
7 1
18 1
6 1
5 1
6 1
10 1
48 2
3 1
7 2
11 3
11 1
6 1
5 3
10 1
9 2
14 1
10 1
11 1
33 1
10 1
16 1
8 1
14 1
18 1
22 1
10 1
10 1
17 2
5 1
9 1
12 1
49 1
5 1
20 1
8 1
5 1
26 1
10 1
9 2
15 2
6 1
7 3
25 4
9 1
12 1
5 1
13 2
17 1
7 1
5 2
22 1
4 1
13 3
33 2
6 1
10 1
11 1
1 1
9 1
18 1
11 1
8 1
23 1
20 1
14 1
11 1
9 1
15 1
14 1
13 2
22 1
13 1
11 1
10 1
25 1
10 1
9 1
18 1
15 1
16 1
4 4
11 2
6 1
7 1
17 1
13 1
4 4
23 2
12 1
15 1
10 1
4 1
6 9
11 1
11 1
22 1
17 1
7 3
21 1
7 2
9 1
12 1
10 2
8 1
7 1
18 2
1 1
10 1
11 1
9 1
14 2
5 1
6 1
15 1
7 1
12 1
5 3
12 1
13 1
8 1
9 1
50 1
16 1
6 1
11 1
12 1
9 1
9 1
15 3
11 2
7 1
1 1
9 2
1 1
12 1
10 1
18 1
31 1
2 8
10 1
4 3
17 1
10 1
7 2
15 1
8 1
7 2
7 2
9 1
16 1
2 2
10 1
14 2
8 1
5 1
7 3
17 1
9 2
43 4
14 1
7 1
19 1
15 3
9 1
2 1
14 1
11 1
10 1
16 1
12 2
12 3
15 1
13 1
5 2
13 1
16 1
3 1
13 1
4 6
8 1
9 1
18 1
9 1
8 2
6 1
11 1
9 1
10 1
5 1
7 1
7 1
10 1
5 1
12 1
70 1
14 1
15 1
8 1
9 1
6 1
7 1
1 5
10 1
9 2
8 1
39 1
9 1
10 1
7 1
20 1
17 1
20 1
5 1
14 1
14 1
25 1
11 1
18 1
8 2
12 1
3 1
44 4
11 1
10 1
7 1
13 1
6 1
6 1
10 1
15 1
10 1
21 2
5 2
21 1
22 1
30 1
6 1
11 1
17 2
14 1
15 1
17 1
12 1
10 2
2 6
12 1
12 1
11 1
24 1
13 1
28 1
2 2
13 1
17 1
11 1
6 1
49 1
12 1
15 1
15 1
10 1
12 1
36 1
9 2
6 1
5 1
12 1
29 1
16 1
8 1
9 1
7 1
7 1
5 2
15 1
75 1
11 2
9 2
9 2
13 1
79 1
32 1
7 1
8 1
1 1
26 1
16 2
12 1
28 2
8 1
21 1
17 1
16 1
12 1
15 3
11 1
14 2
13 1
9 1
6 1
20 1
5 4
24 1
27 1
7 5
12 1
8 2
15 2
7 2
24 1
11 1
8 1
51 2
12 1
9 1
1 1
5 2
16 1
8 1
11 1
14 1
5 1
11 2
17 1
7 1
25 1
6 1
12 1
12 1
19 2
15 2
21 1
11 1
5 1
6 4
8 1
7 1
9 2
5 6
16 1
2 1
6 2
11 1
10 1
11 1
13 1
25 1
9 1
9 1
12 1
11 1
12 1
4 3
12 1
10 1
10 1
17 1
34 1
11 1
7 1
31 1
11 1
10 1
16 1
7 1
4 7
9 1
9 1
8 1
8 4
14 1
6 1
7 2
22 1
13 1
11 1
9 1
12 1
16 1
8 1
14 1
5 1
14 1
13 1
8 1
8 1
15 2
9 1
7 1
22 1
17 1
13 1
1 1
5 1
5 6
10 1
15 1
16 1
8 2
41 1
4 2
13 1
7 1
10 1
9 1
7 1
35 1
15 1
6 1
13 2
11 1
7 1
24 1
7 1
50 1
19 2
6 4
5 1
8 2
17 1
17 1
11 1
13 1
11 1
5 2
1 1
6 1
9 1
8 1
8 1
15 1
28 1
9 3
14 1
18 1
21 1
5 1
10 1
28 1
9 1
12 1
9 1
16 1
11 1
9 1
21 2
8 1
7 1
18 1
1 1
15 1
11 1
8 1
17 1
8 1
6 1
16 1
15 1
22 1
13 2
1 2
11 1
9 3
6 1
5 1
15 1
6 2
16 1
3 1
9 1
10 1
11 1
11 1
3 1
1 1
21 1
9 1
5 1
12 1
28 2
8 1
8 1
10 1
10 1
9 1
7 1
12 1
8 1
7 1
9 1
8 2
6 3
32 1
10 1
13 1
11 1
6 1
3 1
8 1
12 1
7 1
17 4
10 3
7 1
6 6
10 1
7 1
16 1
21 1
7 3
9 1
3 1
7 1
11 1
5 2
24 4
25 1
6 1
8 1
2 1
8 1
9 1
5 1
23 1
8 1
8 1
8 4
14 1
8 3
1 1
8 1
5 1
12 1
21 1
18 2
10 2
8 1
9 1
12 2
17 1
25 1
22 1
20 1
10 1
11 1
9 2
5 1
10 2
9 1
6 1
16 2
11 1
28 2
10 1
7 2
10 1
14 1
9 3
32 1
30 2
2 1
13 1
16 1
18 1
8 1
11 1
39 1
18 1
17 1
10 1
13 1
4 3
13 1
13 1
9 1
18 1
4 2
14 1
14 1
10 1
13 1
13 1
14 1
12 1
17 1
9 1
4 1
7 3
10 1
21 1
7 4
4 3
4 4
23 1
25 3
7 1
8 1
17 1
9 3
19 2
8 1
10 1
4 1
14 2
8 1
4 2
15 3
15 1
12 1
15 1
14 1
11 1
10 2
12 2
3 1
9 1
14 1
6 1
7 2
8 1
8 1
8 1
8 1
7 1
5 3
7 1
8 1
15 1
9 1
25 1
15 2
22 1
5 1
13 1
10 2
14 2
20 1
19 1
5 2
7 2
5 1
20 1
12 1
11 1
15 2
32 4
9 2
10 1
13 1
3 2
10 1
3 1
10 1
18 1
13 1
10 1
1 1
7 1
4 1
21 1
7 1
6 3
14 1
16 1
7 1
3 1
8 1
27 1
14 3
11 1
16 1
10 2
9 1
5 1
22 1
16 1
3 2
15 1
16 3
6 2
29 1
8 1
5 1
15 1
17 1
42 1
9 2
12 1
12 1
17 1
30 1
34 1
8 2
11 1
9 1
8 1
40 1
13 1
5 1
12 1
6 1
1 1
18 1
19 1
8 1
5 1
24 1
4 6
6 1
19 1
4 1
6 1
6 1
6 2
14 2
6 1
10 1
23 1
7 2
20 1
16 1
11 1
6 1
12 1
5 1
12 1
5 1
12 1
19 1
14 1
7 2
9 4
8 1
12 2
12 1
11 1
14 1
6 1
9 1
8 1
11 1
19 1
15 1
5 1
2 1
20 1
16 1
6 1
12 1
8 1
8 1
10 4
13 1
10 2
8 1
7 1
6 1
6 1
11 1
21 1
8 1
22 1
19 1
9 1
11 1
15 1
9 1
13 2
18 2
11 1
39 1
6 1
6 2
6 1
13 1
12 1
25 1
4 1
12 1
8 1
5 1
13 1
8 1
6 3
7 1
13 1
7 2
4 1
11 1
10 1
6 1
19 1
17 1
11 1
2 1
9 2
10 1
6 1
8 1
10 2
9 1
7 1
12 1
3 1
10 5
19 1
18 1
22 1
15 1
16 1
8 4
8 1
33 2
16 1
16 1
5 1
1 1
11 2
32 1
9 1
5 5
5 2
16 1
11 1
18 1
24 1
14 1
6 1
9 1
6 1
10 1
11 2
5 1
9 1
2 1
4 3
17 1
27 1
12 1
21 1
20 2
5 4
25 1
7 1
19 1
7 2
16 1
11 1
22 1
11 2
14 1
4 1
17 1
27 3
9 1
22 1
14 4
10 1
4 1
10 1
6 1
9 1
10 2
4 1
7 1
25 1
9 1
8 1
6 1
17 1
7 1
17 1
24 1
16 1
4 1
3 1
7 2
40 2
7 1
6 1
12 1
5 1
19 1
6 1
16 1
11 1
14 1
27 1
11 1
13 1
12 1
11 1
5 2
6 2
9 2
14 1
55 1
17 1
6 1
9 1
12 1
6 2
9 1
24 1
12 1
9 1
13 1
21 1
12 1
19 1
22 1
14 1
31 1
9 1
12 1
8 1
8 5
10 1
8 1
9 1
10 1
8 1
25 1
9 1
9 2
2 6
13 1
7 1
15 1
4 1
8 2
3 1
2 3
11 1
8 1
7 3
18 1
7 1
8 1
10 1
10 1
7 1
13 1
8 2
10 1
1 1
13 1
9 1
6 1
12 1
9 1
7 2
13 2
7 1
23 1
9 1
7 1
10 1
15 1
4 1
2 1
13 1
15 1
5 1
5 1
9 1
4 2
20 1
7 1
9 1
8 1
4 3
10 1
14 1
17 3
10 1
6 1
2 7
5 1
12 1
8 1
11 1
15 1
1 1
9 2
7 1
7 2
8 1
6 1
8 1
14 1
5 1
51 1
13 1
27 1
1 1
8 1
16 1
6 1
6 1
19 1
13 2
32 1
14 1
19 1
10 1
3 1
9 1
8 1
22 2
7 2
11 2
1 2
22 1
7 1
10 1
12 1
7 1
8 1
22 2
24 1
8 2
7 1
7 1
11 1
9 1
25 4
12 1
7 1
19 1
15 1
15 1
10 1
2 1
14 2
11 1
15 1
6 1
7 2
13 1
31 1
6 1
6 2
13 2
5 3
8 2
11 1
9 1
15 1
22 1
40 1
9 3
9 1
22 1
5 1
10 1
13 1
9 1
3 1
10 1
9 1
23 1
8 1
21 2
24 1
6 1
27 1
7 2
10 1
11 1
13 1
3 4
8 1
14 1
10 1
5 1
16 1
6 2
14 1
14 1
42 1
9 1
12 2
10 1
9 2
18 1
6 1
12 1
22 1
6 1
20 1
10 2
9 1
5 4
9 1
15 1
20 1
12 1
8 2
12 1
11 3
9 1
3 1
15 1
8 3
12 1
73 1
9 2
7 1
8 1
9 1
21 1
16 1
17 1
11 1
6 2
11 2
7 1
12 3
13 1
8 1
9 2
17 2
9 1
11 1
16 1
20 1
3 1
17 1
7 1
6 1
8 1
9 1
12 1
10 1
8 2
4 1
32 1
19 1
22 2
12 2
13 2
7 1
13 1
19 1
4 1
24 1
16 1
9 1
1 2
9 1
6 1
3 1
12 1
9 1
7 1
9 2
9 1
17 1
8 2
19 1
9 1
5 2
14 1
10 1
14 1
31 1
16 1
15 1
20 2
7 2
17 1
18 2
12 1
10 1
11 1
8 1
11 1
21 1
1 1
7 1
8 1
8 1
49 1
11 1
9 1
9 2
9 1
8 1
10 1
30 1
2 1
49 1
14 1
8 4
9 1
5 1
13 1
21 2
12 1
14 1
5 1
6 1
11 1
10 1
7 1
19 2
5 2
11 2
13 2
27 1
9 1
5 1
32 1
7 3
7 2
7 1
6 1
12 1
12 2
11 1
24 1
9 1
8 1
6 1
7 1
9 1
6 1
7 5
19 1
14 1
16 1
3 1
28 1
6 3
9 1
6 1
7 6
6 1
7 1
5 1
9 2
16 1
20 1
6 1
12 1
2 1
7 1
11 1
14 1
13 1
31 1
4 1
28 2
4 1
7 1
12 1
11 3
3 5
6 1
9 1
6 1
9 1
6 1
9 1
6 2
7 1
3 1
23 1
22 1
10 1
8 1
8 1
11 1
2 1
12 1
9 2
8 1
8 1
34 1
24 1
19 1
4 1
7 2
12 2
9 1
11 1
12 2
14 1
10 1
10 1
5 1
40 2
5 1
9 1
10 1
8 1
9 1
12 2
16 1
13 1
4 4
5 1
15 1
14 4
10 1
16 1
11 1
11 1
5 1
15 1
14 1
3 1
11 1
14 1
13 1
10 1
14 1
1 1
16 1
8 2
24 1
3 4
7 2
14 1
9 1
9 1
8 1
7 1
5 1
7 3
8 1
3 1
12 2
19 3
59 1
7 6
10 1
6 1
7 4
18 1
11 1
8 1
20 1
7 3
8 1
31 1
26 2
21 2
11 1
8 1
11 1
6 1
22 1
7 1
5 1
27 1
24 1
10 1
4 1
16 1
7 1
7 1
13 1
2 1
10 4
4 1
6 1
6 1
10 1
10 1
7 1
15 1
67 1
8 1
13 1
23 1
16 1
3 1
8 1
29 2
5 1
12 1
18 1
7 1
6 2
10 1
13 1
13 1
15 1
25 1
1 1
16 1
1 1
13 1
17 1
9 1
8 2
15 1
22 1
6 1
17 1
8 1
5 1
9 1
21 1
40 1
16 1
8 1
4 2
9 1
18 1
9 1
12 1
12 1
25 1
6 2
10 1
7 1
22 1
15 1
25 1
25 1
8 1
19 2
11 1
8 1
8 1
5 5
6 4
25 1
15 1
9 1
5 1
11 1
8 1
14 1
16 3
16 1
15 1
32 1
12 1
2 1
8 1
21 1
11 2
11 1
17 2
23 1
5 1
9 1
6 1
12 1
7 1
12 1
10 1
2 1
5 1
11 1
4 1
6 1
16 1
10 1
19 1
10 1
1 9
12 1
7 1
20 1
2 1
8 3
26 2
16 1
13 1
2 2
15 1
17 1
8 1
6 1
9 1
18 2
21 2
6 1
13 1
11 1
8 1
12 1
11 1
7 1
9 1
17 1
10 2
9 1
15 1
17 1
17 1
6 1
25 1
7 1
6 3
11 1
14 1
6 1
10 1
7 1
21 1
11 1
9 1
11 1
13 1
11 1
5 1
13 1
11 1
17 1
23 1
10 1
4 1
16 1
14 1
10 1
9 2
13 1
16 1
10 1
5 1
8 1
16 1
24 1
18 1
12 1
29 1
21 1
45 1
7 1
8 1
8 1
11 1
4 1
13 1
21 2
7 1
4 2
5 1
11 1
7 1
8 2
7 1
13 2
1 3
40 1
12 2
7 1
8 1
13 1
25 1
13 1
7 1
7 1
10 1
7 1
16 1
11 1
14 1
12 1
15 1
38 2
4 1
6 1
6 1
7 1
8 1
9 1
8 1
13 1
2 1
9 1
4 1
40 2
13 2
19 1
12 1
13 3
13 4
7 1
12 1
10 1
8 1
14 1
9 1
1 1
20 1
19 1
9 1
13 2
13 2
7 1
2 1
9 2
21 1
7 1
6 1
10 1
14 1
8 1
11 1
20 1
4 1
23 1
16 1
9 1
12 1
22 1
15 1
6 3
8 1
10 1
19 2
33 1
6 1
10 1
11 1
20 1
7 1
4 1
4 1
7 1
13 1
38 2
10 2
17 2
7 1
12 1
9 1
10 1
16 1
9 1
5 1
6 1
10 1
13 1
14 1
6 1
5 1
22 1
16 1
10 1
3 1
9 1
4 1
28 2
1 2
1 1
15 1
25 1
6 3
12 1
6 2
11 1
25 1
6 1
9 1
14 2
10 1
3 1
31 1
9 1
12 2
9 1
12 1
9 1
14 1
8 1
8 1
59 3
12 1
4 6
11 2
5 2
7 1
24 1
4 1
10 1
12 1
7 4
23 1
28 1
8 1
6 1
15 1
8 1
10 2
12 1
16 1
10 1
4 2
20 2
7 1
11 1
32 1
9 1
9 1
17 1
13 1
15 1
10 1
4 1
10 1
11 2
10 1
14 2
11 1
7 1
24 1
12 2
1 1
23 1
8 1
21 1
23 1
1 1
8 1
16 1
21 1
15 1
14 1
9 1
10 1
7 1
13 1
9 1
5 1
11 1
24 2
5 1
12 1
9 1
51 1
11 3
1 1
9 2
4 1
4 2
3 1
10 1
17 1
13 1
15 1
11 1
17 1
5 1
4 5
9 3
6 1
7 1
2 1
42 1
29 2
15 1
11 1
6 1
17 2
13 1
7 1
10 2
11 2
6 3
3 2
36 1
7 1
5 1
9 2
7 1
8 2
15 1
11 2
6 1
8 1
12 1
36 1
20 1
9 1
40 1
10 1
2 1
8 4
35 1
16 1
11 1
13 1
12 4
17 1
6 1
13 2
8 1
28 1
19 1
25 1
11 2
33 1
1 1
2 1
8 1
4 1
4 2
13 1
1 1
10 1
7 1
7 4
12 1
13 1
12 2
12 1
2 8
11 1
50 2
16 1
9 1
22 1
1 1
7 1
11 1
5 1
3 1
21 1
12 1
18 1
8 2
29 2
6 1
8 1
12 1
7 1
8 1
8 1
15 1
7 1
19 2
25 1
8 2
23 1
11 1
18 1
23 1
12 1
13 2
11 1
12 1
4 1
51 1
19 1
13 1
10 1
12 1
37 1
8 1
25 1
6 1
13 1
13 1
5 1
6 1
1 1
7 1
20 1
16 1
7 1
15 1
6 1
10 1
11 1
43 1
1 1
27 1
3 2
13 1
7 1
14 1
11 1
13 1
13 1
8 1
8 1
31 1
6 2
15 2
9 1
13 1
10 1
4 2
13 1
64 1
4 1
5 2
24 1
9 2
13 2
11 1
6 1
8 2
47 1
11 1
10 1
16 1
12 1
3 7
23 1
6 2
20 2
21 1
22 1
4 1
16 1
5 1
41 1
14 2
23 1
32 2
8 1
13 1
13 1
19 1
12 2
10 1
13 2
8 1
8 1
9 1
9 1
15 1
7 1
7 1
11 1
28 1
8 4
14 1
9 1
8 1
11 1
8 3
3 2
6 1
11 1
8 1
5 1
28 1
8 1
11 1
8 1
17 1
18 1
6 1
6 2
8 1
11 1
6 1
21 1
12 1
5 1
12 1
4 2
7 4
22 1
19 1
12 1
12 1
12 1
5 1
11 1
12 1
12 1
11 1
20 1
7 1
18 1
31 1
10 1
11 1
26 1
9 1
3 1
77 1
3 2
10 1
8 1
6 3
6 1
6 1
8 1
10 2
10 1
16 1
17 1
5 3
11 1
10 2
22 1
11 2
16 1
3 5
2 1
10 1
23 1
3 2
18 1
10 1
13 1
1 1
12 1
14 1
6 1
3 1
9 1
6 1
22 1
12 1
9 3
18 1
4 1
5 1
18 1
14 1
7 4
12 3
1 1
6 3
25 1
12 1
12 2
8 2
8 1
25 1
6 2
9 1
3 1
14 1
8 1
6 2
10 1
6 1
12 1
13 1
31 1
10 1
2 2
25 2
13 1
9 2
10 1
8 3
14 1
12 1
19 1
56 1
22 1
5 1
8 1
6 1
5 3
10 1
17 1
9 3
46 2
24 1
5 4
22 1
23 1
11 1
33 1
34 1
12 1
7 1
11 1
8 1
3 3
1 1
21 1
5 2
10 1
12 1
7 1
11 1
10 1
4 2
16 1
11 1
12 1
69 1
11 1
7 1
3 3
7 1
15 1
20 1
9 1
9 1
18 2
10 1
16 1
16 1
29 1
6 2
33 1
7 3
1 1
16 2
11 1
10 5
11 1
10 1
6 1
10 1
5 1
35 1
17 1
1 1
3 2
10 3
13 1
6 2
9 1
24 1
3 1
10 1
7 2
1 1
6 1
2 1
6 2
7 1
9 1
20 1
80 1
10 1
14 1
3 2
17 1
20 1
2 3
13 1
13 1
20 1
4 1
5 2
5 3
1 1
9 1
12 1
4 1
10 1
9 1
12 1
6 1
5 3
6 2
7 2
1 1
14 1
9 1
7 1
8 1
3 1
19 1
17 1
1 1
10 1
13 1
4 3
14 1
3 1
9 1
6 7
11 1
11 1
8 1
4 2
6 1
20 1
21 1
17 1
11 1
14 1
11 2
9 1
15 1
9 1
5 1
18 1
13 1
20 1
5 1
14 1
9 1
8 1
18 1
46 3
3 3
6 1
2 2
8 1
7 1
4 1
13 1
29 1
9 6
25 1
9 1
10 1
7 1
12 1
7 1
7 2
10 1
6 1
9 2
7 1
9 1
4 1
19 1
6 4
16 1
10 1
1 1
1 1
13 1
10 1
6 1
15 1
26 1
20 1
11 1
9 1
19 1
7 6
9 1
8 1
4 1
6 7
12 1
7 1
9 1
4 1
9 2
14 1
9 1
7 1
10 1
2 1
8 1
3 4
3 3
12 1
17 1
1 1
9 2
6 1
12 1
11 1
12 3
7 1
8 1
9 1
1 6
16 1
14 1
11 2
8 1
16 1
5 1
31 1
12 1
9 1
7 1
7 1
6 1
5 1
24 1
8 2
7 1
6 2
10 2
21 1
9 1
15 1
10 1
7 1
13 1
12 1
11 1
12 1
7 1
7 1
15 4
1 1
6 1
20 1
9 1
1 1
9 1
12 1
1 6
7 1
10 1
7 1
7 2
5 1
7 2
7 1
29 1
68 1
11 1
65 2
19 1
23 1
9 1
10 1
27 1
10 2
5 3
12 1
15 1
14 1
2 1
8 1
3 1
12 1
17 1
14 1
22 1
68 4
14 1
8 1
16 2
25 1
6 5
9 1
10 1
12 1
19 1
11 2
5 1
8 1
9 1
11 1
8 4
11 1
7 1
11 2
14 1
8 1
7 1
13 1
49 1
21 1
12 1
8 2
10 1
16 1
12 1
9 2
4 1
11 1
13 1
17 1
12 1
11 4
23 1
14 1
15 1
26 1
17 1
12 1
7 3
4 1
9 1
4 1
10 1
12 1
5 1
10 1
7 1
10 1
10 1
11 1
23 1
23 1
21 1
7 6
9 3
10 1
8 1
11 1
9 1
7 1
15 1
21 1
9 1
8 2
71 1
8 1
9 1
11 1
3 1
10 2
10 1
19 1
17 1
18 1
17 1
5 2
2 1
8 1
18 1
10 1
48 3
15 1
12 1
16 1
1 1
7 1
6 1
5 3
1 1
5 2
9 1
11 2
18 1
9 1
2 1
7 1
5 1
36 1
27 1
13 1
21 1
21 1
4 1
10 1
8 1
10 1
7 5
4 1
6 1
7 1
6 3
8 1
7 1
12 1
6 1
11 1
9 1
9 1
5 1
10 1
13 1
13 1
15 1
10 1
45 1
4 1
6 1
10 1
10 2
10 1
10 2
19 1
10 1
10 2
8 1
50 1
10 1
47 1
11 1
6 2
4 1
4 1
9 1
18 1
7 1
9 1
13 1
2 3
10 1
21 1
8 6
6 3
11 1
2 1
2 1
12 1
15 1
6 1
2 2
5 1
17 1
7 1
23 2
8 1
1 1
5 2
15 1
9 1
10 1
13 2
10 2
21 1
11 1
8 1
7 1
9 1
9 2
11 3
11 1
7 1
11 1
6 1
14 1
6 1
6 3
13 1
15 2
10 2
8 3
4 1
18 1
8 1
34 1
12 1
2 1
8 1
8 1
7 1
9 1
7 1
12 2
11 1
7 1
8 1
28 1
4 1
10 2
12 1
20 1
10 1
13 1
11 1
20 1
5 1
5 1
7 1
15 2
5 1
53 1
15 1
14 1
10 1
17 1
11 2
12 1
6 1
7 7
5 1
17 1
7 1
9 1
7 1
4 5
7 1
15 1
8 1
8 1
8 1
7 1
13 1
7 2
16 1
9 1
11 1
11 1
3 1
5 3
19 1
10 2
23 1
32 1
9 1
16 1
9 2
7 2
9 1
14 1
11 2
9 1
9 1
7 1
7 1
75 1
14 1
6 1
5 2
13 1
8 1
2 1
16 1
13 1
17 1
6 1
24 1
9 1
4 1
7 1
16 1
15 1
6 2
5 1
9 1
10 1
17 1
13 1
8 1
8 1
10 1
6 1
13 1
11 1
4 1
5 1
14 1
5 2
7 1
9 1
50 1
19 1
27 1
11 1
17 1
9 1
5 4
28 2
10 1
7 1
22 2
25 1
5 2
15 4
7 1
23 1
13 2
2 1
72 1
10 1
9 1
28 1
21 3
2 2
11 1
36 1
8 2
7 1
17 1
12 1
6 1
13 1
9 1
9 1
14 2
25 1
7 1
3 1
11 1
17 1
10 3
7 1
24 1
11 1
36 1
9 2
2 6
18 1
8 1
33 1
13 1
11 2
7 1
8 1
71 1
15 1
16 2
30 2
13 1
15 1
26 1
10 1
5 1
9 2
7 1
5 1
1 1
8 1
9 1
12 1
1 1
13 1
9 1
7 1
14 1
11 1
23 1
20 1
21 1
6 3
12 1
31 1
15 1
16 1
4 2
10 1
13 2
2 1
12 1
9 1
13 2
11 1
10 1
11 1
13 1
12 1
19 1
10 4
9 1
14 3
11 1
27 1
15 1
5 1
