2 1
11 1
2 1
9 2
9 2
42 1
8 1
3 1
8 1
41 1
20 1
18 1
23 1
19 1
16 1
4 1
14 1
19 1
5 1
15 1
13 1
11 1
19 2
5 3
11 2
23 1
9 1
17 1
14 1
10 1
8 1
12 1
16 1
16 1
9 1
8 1
11 1
12 1
2 1
24 1
9 2
16 1
16 1
13 2
9 1
20 1
13 2
9 1
14 1
2 1
11 1
11 1
2 1
8 1
13 1
21 1
17 1
22 1
7 1
11 1
20 1
5 4
16 1
22 1
8 1
5 1
9 1
8 1
6 1
14 1
18 1
19 1
23 1
15 1
9 1
39 3
9 1
13 1
20 1
6 1
15 1
17 1
23 1
25 2
20 1
16 1
32 1
19 1
16 1
14 1
32 1
24 1
5 4
3 1
13 1
18 1
7 1
21 1
7 5
27 1
2 1
15 1
21 1
11 1
16 1
16 1
9 1
12 1
12 4
30 1
9 1
8 4
14 1
26 1
17 1
5 2
10 2
5 1
9 1
17 1
11 2
2 1
3 1
14 1
14 1
15 1
22 2
23 2
18 2
18 1
9 1
8 1
26 1
9 1
13 1
13 1
11 2
8 1
8 1
20 1
11 1
10 1
11 1
8 1
21 1
9 1
9 2
5 1
25 1
11 1
12 1
53 1
20 1
17 1
30 1
15 1
14 1
9 1
9 1
9 1
12 1
16 1
6 1
9 1
29 2
22 1
2 1
11 1
20 1
26 1
9 1
9 1
17 1
8 1
10 1
8 1
11 1
10 2
8 2
13 2
17 1
7 1
14 1
13 1
10 1
14 1
2 3
17 1
15 1
6 1
9 1
7 2
17 1
13 1
43 1
32 1
16 1
59 1
6 1
3 1
12 1
11 1
7 7
5 1
9 1
11 1
8 1
11 1
59 1
2 1
6 1
16 1
26 1
7 1
8 4
12 1
10 1
2 2
2 1
2 1
6 1
13 1
2 1
9 2
8 1
7 1
28 1
6 1
23 1
13 1
13 2
9 1
18 1
15 8
19 1
6 2
8 1
11 1
4 4
14 1
10 1
78 1
3 11
25 1
2 1
16 1
7 1
13 1
8 6
14 1
20 1
13 1
46 2
5 1
7 2
10 1
13 1
16 1
17 1
12 1
22 1
29 1
8 1
9 1
6 1
15 3
13 1
11 1
15 2
9 1
4 7
8 1
13 1
8 2
11 2
7 3
15 1
12 1
14 1
14 1
8 1
11 1
8 3
5 1
48 1
9 2
3 1
10 1
13 1
11 1
9 1
5 1
8 1
21 1
5 1
4 1
15 1
10 1
9 1
9 1
14 1
14 1
28 1
18 1
11 1
9 1
25 1
10 1
16 1
13 1
10 1
10 1
25 2
14 1
10 1
20 1
14 1
10 1
49 1
10 4
17 2
20 1
6 1
17 1
9 1
14 1
9 1
5 1
6 1
16 1
7 1
18 1
7 1
10 1
6 1
15 1
9 1
2 1
6 4
14 1
9 1
4 1
19 1
3 4
14 1
16 1
10 1
10 1
15 1
4 1
13 1
12 1
9 1
12 1
6 2
4 1
13 1
15 1
10 1
9 1
16 1
15 1
36 2
3 2
17 1
9 1
5 3
10 1
11 1
9 1
14 1
15 1
3 5
12 1
30 1
9 1
10 1
15 2
20 1
41 1
6 5
14 1
5 2
5 1
2 1
10 1
21 1
14 2
9 1
4 1
14 1
8 1
6 1
50 1
13 1
10 1
12 1
10 1
19 1
4 1
7 1
15 1
3 1
3 1
15 1
12 4
9 1
4 4
13 1
19 1
8 1
11 1
2 1
24 1
18 2
25 1
9 1
24 1
22 1
20 1
21 1
13 1
2 2
17 1
46 1
12 2
8 1
10 1
14 1
7 1
7 2
5 1
7 1
21 1
9 2
3 1
2 1
11 1
7 1
10 1
12 1
19 2
13 2
10 1
19 1
17 1
31 2
11 1
17 1
8 1
7 4
23 2
13 1
13 4
9 1
16 1
9 1
22 1
5 1
21 1
15 1
27 1
9 1
13 1
13 2
19 1
5 1
11 1
13 1
2 1
15 1
15 1
10 1
10 2
18 1
2 1
14 1
9 1
13 1
15 1
2 1
7 1
27 1
7 1
13 2
13 1
16 1
5 1
17 2
11 1
12 2
15 1
8 1
9 1
16 4
7 1
23 1
11 2
10 2
63 1
4 3
3 1
6 6
49 1
41 1
11 2
14 1
17 1
7 1
9 2
11 1
8 1
11 1
9 1
13 1
9 1
14 1
10 1
8 1
5 3
6 1
13 1
8 1
23 1
8 2
13 1
4 1
10 1
10 1
14 1
9 1
16 1
16 1
22 1
7 1
18 2
3 1
68 1
16 1
9 1
12 1
6 1
11 1
17 1
53 1
12 1
12 1
7 1
5 2
5 1
16 1
12 1
4 2
31 1
16 2
8 1
17 2
8 2
20 1
5 4
22 1
20 1
10 2
18 1
8 1
11 2
14 1
12 1
10 1
11 1
11 1
10 1
10 1
8 1
7 1
16 1
14 1
9 1
18 1
8 5
7 4
12 1
8 1
11 1
7 1
5 1
21 1
16 2
39 1
16 1
11 1
11 1
18 2
13 1
7 1
6 1
26 1
7 6
31 1
22 1
11 1
10 1
10 1
17 1
4 1
15 1
6 1
21 1
11 2
11 1
19 1
8 6
11 1
9 1
18 1
7 1
8 1
16 1
6 3
22 1
7 1
19 1
9 1
11 1
7 1
22 1
15 1
5 3
10 1
9 2
10 1
3 1
27 2
3 1
14 1
16 3
9 1
15 1
12 1
19 1
9 2
9 1
10 1
8 1
7 1
15 1
11 2
5 1
6 1
2 1
14 1
7 2
8 1
24 1
24 1
7 1
25 1
11 3
15 1
15 1
9 1
18 2
6 1
15 1
7 3
14 1
12 1
12 1
14 2
6 1
11 2
7 1
12 1
10 1
14 1
7 1
7 1
13 1
3 1
4 1
9 1
11 1
10 2
17 1
9 1
10 1
30 1
11 1
18 4
22 1
8 1
14 1
18 1
15 1
23 1
21 1
10 1
13 1
8 5
2 1
8 1
14 1
3 1
7 1
2 8
5 1
4 1
9 1
9 1
10 1
11 1
18 1
8 2
9 1
5 1
34 1
11 1
10 1
26 1
16 1
18 1
10 2
9 1
34 1
15 1
12 1
10 1
5 1
51 1
14 1
7 3
16 1
11 1
9 1
9 1
2 1
10 1
3 2
11 1
8 1
6 1
12 1
19 2
11 1
15 1
11 1
12 1
7 1
16 2
24 1
26 2
22 1
16 1
10 1
8 1
14 1
9 2
20 1
13 1
9 1
11 1
2 1
9 1
5 1
22 1
7 2
15 1
7 1
14 2
24 2
11 1
9 1
7 1
22 1
13 1
17 1
6 1
13 1
31 1
7 2
11 1
19 1
10 1
16 1
22 1
12 2
12 1
12 2
8 1
15 1
18 1
27 1
15 3
2 1
10 1
14 1
10 1
14 1
12 2
12 1
13 1
15 1
12 1
7 1
21 1
10 3
18 1
12 1
9 1
11 1
9 2
9 1
10 2
8 1
9 1
8 1
4 1
15 6
10 9
6 1
18 1
11 2
10 1
12 2
11 1
16 1
12 2
9 1
7 1
4 8
9 3
71 1
10 1
16 1
17 1
52 1
10 1
9 1
2 1
4 1
12 1
16 1
7 1
34 2
12 1
10 1
9 1
23 1
13 1
9 1
51 1
7 1
24 1
15 1
9 1
23 1
7 1
10 2
9 1
22 1
15 1
16 1
12 1
11 1
9 1
13 1
27 2
10 1
4 9
51 1
10 1
12 1
15 1
9 1
34 1
7 2
3 3
13 1
10 1
15 1
12 1
22 1
15 2
10 1
6 1
21 1
7 1
19 1
7 2
10 1
85 1
2 1
2 1
22 1
19 1
2 1
21 1
10 1
10 1
17 1
15 1
9 1
9 1
9 1
4 7
28 1
17 1
6 1
12 2
10 1
14 2
5 1
12 1
8 2
6 1
16 1
6 1
12 1
14 1
19 1
13 1
24 1
17 1
10 2
15 2
8 1
12 2
24 1
12 1
28 1
11 1
22 1