6 0.00147342
346 0.00539588
302 0.00179526
271 0.00224551
174 0.00146929
229 0.00169331
71 0.000225958
6 0.000389083
373 0.0293415
228 0.000689027
236 0.00198651
25 0.00297475
358 0.0140874
265 0.000999404
338 0.00502982
0 4.97331e-05
0 0.000152438
300 0.00229296
334 0.00429273
280 0.00181167
347 0.0107827
13 0.000454616
255 0.00153973
278 0.00183505
269 0.00131776
148 0.00234262
72 0.000439821
337 0.00451099
272 0.00175067
248 0.00128545
14 0.00108596
133 0.000362352
178 0.002237
104 0.000918992
372 0.0433668
75 0.000356746
5 0.00025493
4 0.000534246
196 0.00298994
283 0.00255362
326 0.0127207
325 0.00605874
370 0.0128555
157 0.00067348
156 0.00114671
184 0.000725168
149 0.000929357
341 0.00489538
2 0.000994299
254 0.00299622
137 0.00114409
141 0.000472718
86 0.0011434
24 0.000616012
100 0.000471036
259 0.00161578
363 0.0136576
266 0.00146581
35 0.00148585
231 0.00108572
0 0.000214003
175 0.000753764
10 0.000240231
305 0.00436093
64 0.00134799
357 0.0129385
308 0.00193307
359 0.00774717
214 0.000852103
241 0.00091338
320 0.00530401
354 0.00664138
243 0.00242021
295 0.00207258
324 0.00344232
332 0.00261338
0 4.75007e-05
303 0.00658895
96 0.000673297
351 0.00665339
282 0.00142574
336 0.00542788
339 0.00481432
204 0.00097798
316 0.00292145
261 0.00145334
293 0.00218246
5 0.00031012
11 0.000917303
361 0.00945584
6 0.00175427
158 0.00240289
355 0.00572407
287 0.00305442
318 0.0045237
335 0.00459649
211 0.00150135
210 0.00247799
344 0.00761978
1 0.00060888
367 0.00980964
365 0.0141049
352 0.00550635
366 0.0186861
201 0.000861122
7 0.00198496
315 0.00434412
250 0.00245751
371 0.0186329
240 0.000941361
94 0.000992796
3 0.000256068
0 0.000261137
4 0.000404225
55 0.000170444
297 0.00319702
2 0.000332078
1 0.000184999
374 0.0479495
195 0.0017999
362 0.0218449
179 0.000793041
202 0.000681281
252 0.0011542
9 0.000398118
135 0.000807529
150 0.000955117
107 0.00168198
115 0.000368594
364 0.0145388
216 0.00559268
200 0.00141948
66 0.00039361
207 0.00216859
23 0.00268433
350 0.0179982
369 0.0309545
242 0.00219053
1 0.000682393
247 0.00219603
20 0.00514899
327 0.0050309
360 0.0222886
0 7.75345e-06
87 0.00190011
281 0.0043332
117 0.000862834
89 0.000991008
348 0.0101557
111 0.00321622
1 0.000184531
119 0.0017441
343 0.0113576
69 0.000797355
84 0.000638183
189 0.000983884
264 0.00211104
106 0.00974699
276 0.00490335
205 0.00155595
304 0.00756461
234 0.00179945
121 0.00253435
14 0.00284569
1 0.000406599
183 0.00126714
356 0.0129249
253 0.0027584
203 0.00744048
0 1.22917e-05
3 0.000994891
146 0.00157838
270 0.00568935
249 0.00279608
105 0.00368171
8 0.00023623
77 0.000777021
0 1.74063e-05
3 0.000130696
171 0.00357352
232 0.00498631
7 0.000341715
1 2.96053e-05
323 0.0100114
220 0.00316558
1 0.000228992
263 0.00178729
313 0.00524686
285 0.00224408
310 0.00360834
215 0.00194957
238 0.000983665
299 0.00902447
9 0.0014919
226 0.00138975
128 0.000445015
331 0.00511455
88 0.000574708
43 0.00283036
167 0.00162701
0 9.0292e-06
12 0.0026599
314 0.00850599
1 0.000742422
5 0.000150554
168 0.000432894
58 0.000399963
251 0.0016108
208 0.00108132
233 0.00112996
68 0.000537417
3 0.000162493
342 0.00652727
260 0.00119788
368 0.0143007
329 0.005276
0 0.000156115
284 0.00417375
2 0.000267771
163 0.000838523
169 0.00086117
349 0.00699969
262 0.0017579
16 0.000498477
4 0.000294683
306 0.00314346
143 0.000864275
140 0.000313819
268 0.00385816
209 0.00152394
309 0.00870334
212 0.00121486
15 0.000287866
312 0.00459237
257 0.00108995
3 0.000261366
311 0.00506016
224 0.000639553
153 0.00060366
353 0.0105532
0 1.76091e-05
27 0.0030147
81 0.00149852
116 0.00213048
1 0.000185823
288 0.00436173
130 0.000846153
0 1.71175e-05
120 0.000370087
279 0.00374281
162 0.000518688
333 0.00887961
319 0.00472752
7 0.000752394
330 0.00634556
8 0.000875714
239 0.00214451
307 0.00453476
237 0.00278173
177 0.00263485
286 0.00333522
38 0.00146165
0 3.62615e-06
37 0.000267056
51 0.0010504
4 0.000433932
67 0.000766013
73 0.000961723
9 0.000575129
173 0.000827781
321 0.00565839
1 0.000522933
30 0.000419931
1 0.000248196
3 0.000145249
2 8.98912e-05
110 0.00040319
5 0.000368364
1 4.05978e-05
0 6.26674e-06
0 2.00746e-07
3 0.000611152
63 0.000323711
219 0.0037834
127 0.000348449
1 0.000154116
161 0.000935794
2 0.000133063
80 0.000418278
10 0.000501281
36 0.000988403
108 0.00103103
19 0.000853626
230 0.00480921
5 0.000479672
217 0.00102902
182 0.00101602
301 0.00391559
273 0.00256897
3 0.000327404
52 0.00119215
103 0.000661149
0 2.24773e-06
298 0.00556474
164 0.000786509
258 0.00252764
294 0.00474978
151 0.000976909
185 0.00180779
1 7.8668e-05
112 0.00125426
0 0
101 0.00156692
2 0.000356943
145 0.00146847
194 0.00113845
0 5.52521e-05
256 0.0136698
187 0.00428206
193 0.0022937
317 0.00718997
213 0.00192502
0 2.50426e-05
78 0.000176555
0 0.000285743
244 0.00118196
181 0.000458848
0 3.04553e-05
190 0.00120132
289 0.00429524
124 0.000424211
1 3.38805e-05
223 0.00141242
291 0.00278321
274 0.00228544
340 0.00860788
235 0.0010683
328 0.0048803
322 0.00579761
0 0.000152817
4 0.000159327
3 0.000147585
246 0.0104065
218 0.00201714
4 0.00113247
22 0.00264478
8 0.00064314
0 3.54045e-07
0 0.000119089
13 0.00117801
132 0.000442305
0 1.36868e-05
2 0.000170773
4 0.000219693
1 5.71445e-05
11 0.000453819
0 4.13191e-05
41 0.000304957
0 0.000224488
199 0.00117674
290 0.00805843
0 8.85122e-05
180 0.0011621
0 0.000276626
3 0.000259129
90 0.0001757
2 0.00287423
21 0.00124925
126 0.000571847
11 0.000210347
7 0.00298797
345 0.00697561
1 1.36326e-05
8 0.000698546
144 0.00380839
0 8.07165e-05
10 0.000445282
6 0.0011139
221 0.0037157
5 0.000380555
0 0
42 0.00192506
267 0.00246121
134 0.0011534
4 0.000466033
102 0.000681747
50 0.000778992
18 0.00406647
1 0.000120004
45 0.000726308
170 0.00148767
76 0.000555759
0 0
1 0.00328019
222 0.0064054
155 0.00127974
1 0.000285115
57 0.000753267
0 6.23519e-05
131 0.000735316
1 9.41732e-05
0 2.67867e-05
85 0.000432812
79 0.000539366
2 0.00146133
44 0.000834639
296 0.00410188
0 0.00144445
1 0.000254853
188 0.00207762
3 0.000311296
5 0.00029159
2 0.000117561
192 0.00266683
98 0.000369919
191 0.00127376
0 0.000221001
13 0.00022568
1 0.000214495
17 0.00030595
172 0.000833585
14 0.000201563
275 0.00144326
61 0.000867468
10 0.000143246
129 0.000918257
9 0.000421403
91 0.000444188
123 0.00111972
0 0.000146125
2 7.01012e-05
9 0.000850292
5 0.000989535
277 0.00258545
0 4.59535e-05
1 3.74217e-05
40 0.000773694
1 6.64171e-05
0 2.60782e-05
206 0.00359138
62 0.000359696
56 0.000584412
31 0.000330032
2 0.000223914
1 0.00262869
3 2.73709e-05
118 0.000732755
6 0.000169427
4 0.000166905
2 0.000656542
1 1.47354e-05
3 0.00482751
0 0
6 0.000316275
3 0.000916203
0 7.82669e-05
2 0.000323064
5 0.000285288
114 0.00155342
99 0.00388113
0 1.76471e-05
122 0.000908681
97 0.000602088
0 0.00016065
160 0.00518784
0 1.85532e-05
125 0.00186688
1 4.55225e-05
0 0.000194379
227 0.00154564
54 0.000300537
225 0.00313997
0 6.66485e-05
0 2.42141e-05
6 0.000434013
0 0.000113227
0 4.0495e-05
142 0.000652185
139 0.000737677
5 0.000198752
29 0.00044493
47 0.00032325
2 0.000121729
4 0.000386126
48 0.000768352
0 0.00011561
2 0.000717345
3 0.000271806
4 0.000223388
0 4.11077e-05
1 3.06606e-05
18 0.0010204
5 0.000891375
2 0.000133541
2 0.000131851
0 1.24484e-05
7 0.000782988
0 2.2469e-05
95 0.000898208
6 0.0004521
28 4.99428e-05
0 0.00012121
138 0.000712977
6 0.000305673
93 0.000546693
0 2.41527e-05
0 6.77448e-05
2 0.000273284
154 0.00099809
176 0.00119119
166 0.00323034
1 9.19745e-05
165 0.000826241
197 0.00118964
3 0.000195783
2 0.000337834
70 0.000230496
49 0.000118899
0 0.000134143
136 0.000782033
1 0.000152101
0 6.06079e-05
292 0.00417887
245 0.00121445
186 0.000760544
6 0.00132333
1 0.000248968
82 0.000303802
3 0.000135089
0 2.37126e-06
4 0.00035831
2 0.000153233
5 0.000169755
3 0.000139935
1 0.000126939
1 6.63266e-05
83 0.000898073
5 9.70885e-05
6 0.000377803
2 0.000146384
0 0
0 2.28432e-05
147 0.000827023
12 0.000150547
60 0.000485563
1 0.00271614
0 0.000366944
0 7.97368e-05
32 0.00133946
0 3.08101e-06
0 0
17 0.000319863
1 0.00032973
4 0.000251629
113 0.000552773
0 4.44009e-06
19 0.00079748
0 7.9512e-05
109 0.0012359
2 0.00223526
0 4.1306e-05
8 0.0024202
0 0.00016927
4 0.00026952
1 4.31979e-05
11 0.000597844
59 0.0004902
1 0.000117082
39 0.000420739
1 0.000228525
33 0.000260172
0 2.09624e-05
0 1.32917e-05
2 0.000107469
15 0.000395706
159 0.00190453
0 0.000203481
0 2.38432e-06
0 0.000166022
0 4.59256e-05
1 0.00351536
1 0.000188994
0 7.51413e-05
0 6.09739e-05
1 0.000130731
2 0.000186563
0 5.72769e-05
16 0.00052744
12 0.000217336
92 0.000594792
0 9.55025e-06
2 0.000115873
0 0
0 0.000104712
4 0.000663786
1 8.40129e-05
152 0.00126886
1 0.00269092
65 0.000925262
3 0.000298119
0 2.51018e-05
0 0
3 0.000525556
198 0.00246585
0 3.53788e-06
0 1.5337e-06
0 1.06539e-05
12 0.000552413
53 0.000184478
0 0.0001003
0 2.23432e-06
3 0.00026177
26 0.00231733
34 0.00211148
3 3.64422e-05
4 0.000181517
0 0.000100131
5 6.46242e-05
8 0.000322252
1 0.000209626
0 0.000142797
0 7.18987e-07
7 0.00152784
0 4.78919e-05
0 3.19999e-05
0 0
4 0.000255281
46 0.000691426
4 0.000499712
0 1.5541e-05
0 5.46204e-06
0 0
0 4.24904e-05
0 2.92862e-05
1 0.000422198
0 1.60774e-05
0 7.11242e-06
0 2.96852e-05
3 0.00819375
1 0.00142015
0 5.07708e-05
0 0
1 0
0 0
0 1.68292e-05
7 0.000245897
0 9.27136e-05
2 0.000371859
0 1.30128e-05
0 0
0 0
0 1.68007e-05
74 0.000808048
0 5.2978e-06
0 2.35719e-06
0 4.51539e-05
2 0.00116723
1 9.42103e-05
0 4.54766e-05
0 1.09174e-06
0 2.46993e-05
0 0
0 3.83658e-05
0 0
7 0.000558649
6 0.000341342
0 8.48193e-05
2 7.50855e-05
1 0.00274721
0 1.99192e-07
0 0
0 0
0 0.000104737
0 0
0 2.0003e-05
0 4.99899e-06
0 5.17917e-05
0 4.25232e-05
1 1.41713e-05
1 0.00263693
2 7.30639e-05
0 8.37218e-06
1 5.00893e-05
0 0
0 3.62518e-05
2 0.000169758
0 8.21919e-06
0 1.97529e-06
0 1.58431e-06
0 0.000100098
0 0
2 0.00153869
1 0.000238265
5 0.000297939
0 0
0 8.5691e-05
0 0
0 0
0 1.78226e-05
1 0.00028635
2 0.000162618
0 0
2 0.00213153
0 8.01021e-06
5 0.000133622
0 2.62398e-05
0 9.69896e-06
0 2.78115e-05
0 4.2307e-05
0 0
0 3.92812e-06
0 0
0 0
0 0
0 0
1 6.25822e-05
1 4.19506e-05
0 8.3954e-05
0 0
3 5.92658e-05
0 2.95396e-05
1 0
0 0
0 0
1 0.000460567
0 0
0 0
0 1.75507e-05
1 0.000569066
0 0
4 0.000329371
0 0
0 5.22889e-06
0 0
0 0
0 0
0 5.7231e-07
0 0
0 1.04633e-05
0 2.71498e-06
0 2.5433e-06
0 0
0 0
1 3.34311e-05
0 0
0 0
0 0
0 0
0 8.33104e-07
0 0
0 0
0 6.07988e-06
0 0
0 0
0 0
0 0
0 8.66338e-07
0 0
0 0
0 0
0 0
0 0
