6 4 0 0 1 nan inf 2
6 8 0 0 1 nan inf 2
6 12 0 0 1 nan inf 2
6 16 0 0 1 nan inf 2
10 16 0 0 1 nan inf 2
6 20 0 0 1 nan inf 2
6 24 0 0 1 nan inf 2
6 28 0 0 1 nan inf 2
6 32 0 0 1 nan inf 2
6 36 0 0 1 nan inf 2
10 36 0 0 1 nan inf 2
6 40 0 0 1 nan inf 2
6 44 0 0 1 nan inf 2
9 44 0 0 1 nan inf 2
6 48 0 0 1 nan inf 2
10 48 0 0 1 nan inf 2
6 52 0 0 1 nan inf 2
6 56 0 0 1 nan inf 2
6 60 0 0 1 nan inf 2
10 60 0 0 1 nan inf 2
6 64 0 0 1 nan inf 2
6 68 0 0 1 nan inf 2
6 72 0 0 1 nan inf 2
10 72 0 0 1 nan inf 2
6 76 0 0 1 nan inf 2
6 80 0 0 1 nan inf 2
6 84 0 0 1 nan inf 2
6 88 0 1 0.965909 1 inf 2
6 92 0 1 0.956522 1 inf 2
6 96 0 1 0.9375 1 inf 2
9 96 0 1 0.9375 1 inf 2
9 100 0 1 0.93 1 inf 2
10 100 0 1 0.93 1 inf 2
6 104 0 1 0.923077 1 inf 2
6 108 0 1 0.925926 1 inf 2
6 112 0 1 0.928571 1 inf 2
10 116 0 1 0.905172 1 inf 2
10 116 0 1 0.905172 1 inf 2
6 120 0 1 0.908333 1 inf 2
6 124 0 1 0.895161 1 inf 2
10 124 0 1 0.895161 1 inf 2
10 128 0 1 0.890625 1 inf 2
10 128 0 1 0.890625 1 inf 2
10 132 0 1 0.878788 1 inf 2
10 136 0 1 0.860294 1 inf 2
6 140 0 1 0.85 1 inf 2
10 140 0 1 0.85 1 inf 2
6 144 0 1 0.847222 1 inf 2
6 148 0 1 0.844595 1 inf 2
6 152 0 1 0.848684 1 inf 2
10 156 0 1 0.826923 1 inf 2
13 160 0 2 0.80625 1.09677 inf 3
13 160 0 2 0.80625 1.09677 inf 3
13 164 0 2 0.792683 1.11765 inf 3
14 168 0 2 0.77381 1.13158 inf 3
15 172 0 3 0.755814 1.19048 inf 3
17 176 0 3 0.744318 1.28889 inf 3
17 176 0 3 0.744318 1.28889 inf 3
17 180 0 3 0.733333 1.35417 inf 3
18 184 0 3 0.722826 1.45098 inf 3
19 184 0 3 0.722826 1.45098 inf 3
19 188 0 3 0.712766 1.59259 inf 3
20 192 0 3 0.703125 1.82456 inf 3
23 196 0 3 0.688776 1.86885 inf 3
26 200 0 4 0.675 1.92308 inf 3
26 200 0 4 0.675 1.92308 inf 3
27 204 0 4 0.666667 2 inf 3
27 204 0 4 0.666667 2 inf 3
28 208 0 4 0.658654 2.08451 inf 3
30 212 0 4 0.646226 2.14667 inf 3
34 216 0 4 0.638889 2.19231 inf 3
41 220 0 5 0.627273 2.2561 inf 4
46 224 0 6 0.616071 2.27907 inf 4
49 228 0 8 0.605263 2.24444 inf 4
53 228 0 8 0.605263 2.24444 inf 4
0 228 0 8 0.605263 2.24444 inf 4
