5 100 0 0 1 nan inf 2
5 200 0 0 1 nan inf 2
5 300 0 0 1 nan inf 2
5 400 0 0 1 nan inf 2
8 400 0 0 1 nan inf 2
5 500 0 0 1 nan inf 2
8 500 0 0 1 nan inf 2
5 600 0 0 1 nan inf 2
5 700 0 0 1 nan inf 2
5 800 0 0 1 nan inf 2
5 900 0 0 1 nan inf 2
5 1000 0 0 1 nan inf 2
5 1100 0 0 1 nan inf 2
8 1100 0 0 1 nan inf 2
5 1200 0 1 0.998333 1 inf 2
5 1300 0 1 0.997692 1 inf 2
5 1400 0 1 0.996429 1 inf 2
5 1500 0 1 0.996667 1 inf 2
8 1500 0 1 0.996667 1 inf 2
5 1600 0 1 0.994375 1 inf 2
8 1600 0 1 0.994375 1 inf 2
5 1700 0 1 0.993529 1 inf 2
5 1800 0 1 0.991667 1 inf 2
8 1800 0 1 0.991667 1 inf 2
5 1900 0 1 0.991579 1 inf 2
5 2000 0 1 0.9895 1 inf 2
8 2000 0 1 0.9895 1 inf 2
8 2100 0 1 0.982381 1 inf 2
8 2100 0 1 0.982381 1 inf 2
5 2200 0 1 0.976818 1 inf 2
8 2200 0 1 0.976818 1 inf 2
5 2300 0 1 0.972609 1 inf 2
8 2300 0 1 0.972609 1 inf 2
5 2400 0 1 0.969167 1 inf 2
8 2400 0 1 0.969167 1 inf 2
5 2500 0 1 0.962 1 inf 2
8 2500 0 1 0.962 1 inf 2
5 2600 0 1 0.955385 1 inf 2
8 2600 0 1 0.955385 1 inf 2
5 2700 0 1 0.95037 1 inf 2
8 2800 0 1 0.941786 1 inf 2
8 2800 0 1 0.941786 1 inf 2
8 2900 0 1 0.932069 1 inf 2
8 2900 0 1 0.932069 1 inf 2
8 3000 0 1 0.924 1 inf 2
8 3000 0 1 0.924 1 inf 2
5 3100 0 1 0.913226 1 inf 2
8 3100 0 1 0.913226 1 inf 2
5 3200 0 1 0.904062 1 inf 2
5 3300 0 1 0.890606 1 inf 2
8 3300 0 1 0.890606 1 inf 2
5 3400 0 1 0.878529 1 inf 2
8 3500 0 1 0.861429 1 inf 2
8 3500 0 1 0.861429 1 inf 2
5 3600 0 1 0.846389 1 inf 2
8 3700 0 1 0.831892 1 inf 2
8 3800 0 1 0.817368 1 inf 2
8 3900 0 1 0.802821 1 inf 2
11 4000 0 2 0.786 1.03738 inf 3
11 4100 0 2 0.767805 1.13235 inf 3
11 4200 0 2 0.750714 1.20917 inf 3
11 4200 0 2 0.750714 1.20917 inf 3
11 4300 0 2 0.735349 1.26362 inf 3
11 4400 0 2 0.721364 1.30424 inf 3
14 4500 0 2 0.706222 1.34342 inf 3
14 4600 0 2 0.691087 1.4159 inf 3
14 4700 0 2 0.67766 1.46865 inf 3
16 4800 0 2 0.664375 1.5121 inf 3
17 4900 0 3 0.651224 1.58104 inf 3
20 5000 0 3 0.639 1.63767 inf 3
20 5100 0 3 0.626863 1.69207 inf 3
25 5200 0 3 0.615 1.74675 inf 4
29 5300 0 4 0.604151 1.80601 inf 4
32 5400 0 4 0.592963 1.86078 inf 4
41 5500 0 4 0.582727 1.91024 inf 4
0 5591 0 5 0.573243 1.96102 inf 4
