23 0 0 0 -nan -nan -nan 1
4 39979 0 14 0.578579 1.61681 inf 4
14 79958 0 14 0.583419 1.62371 inf 4
14 79958 0 14 0.583419 1.62371 inf 4
3 119937 0 14 0.582789 1.62669 inf 5
5 119937 0 14 0.582789 1.62669 inf 5
5 159916 0 14 0.583006 1.63002 inf 5
3 199895 0 15 0.581991 1.63727 inf 5
5 199895 0 15 0.581991 1.63727 inf 5
3 239874 0 15 0.582097 1.63884 inf 5
5 239874 0 15 0.582097 1.63884 inf 5
10 279853 0 15 0.581573 1.63823 inf 5
11 279853 0 15 0.581573 1.63823 inf 5
4 279853 0 15 0.581573 1.63823 inf 5
11 319832 0 15 0.581386 1.6384 inf 5
7 359811 0 18 0.580708 1.64126 inf 5
11 359811 0 18 0.580708 1.64126 inf 5
3 399790 0 18 0.5801 1.64596 inf 5
7 439769 0 18 0.579859 1.64622 inf 5
14 439769 0 18 0.579859 1.64622 inf 5
5 439769 0 18 0.579859 1.64622 inf 5
1 479748 0 18 0.579533 1.64796 inf 5
8 479748 0 18 0.579533 1.64796 inf 5
8 519727 0 18 0.579004 1.65075 inf 5
16 519727 0 18 0.579004 1.65075 inf 5
5 519727 0 18 0.579004 1.65075 inf 5
15 559706 0 20 0.578246 1.65705 inf 5
12 599685 0 20 0.578065 1.65743 inf 5
17 599685 0 20 0.578065 1.65743 inf 5
7 639664 0 20 0.577824 1.6594 inf 5
8 639664 0 20 0.577824 1.6594 inf 5
4 679643 0 20 0.577024 1.66353 inf 5
13 719622 0 20 0.576646 1.66712 inf 5
14 719622 0 20 0.576646 1.66712 inf 5
6 759601 0 20 0.576414 1.66856 inf 5
9 759601 0 20 0.576414 1.66856 inf 5
8 799580 0 20 0.575643 1.67138 inf 5
5 839559 0 24 0.574702 1.67529 inf 5
1 879538 0 25 0.574312 1.67639 inf 5
4 919517 0 25 0.573748 1.68063 inf 5
6 919517 0 25 0.573748 1.68063 inf 5
1 959496 0 26 0.572954 1.68355 inf 5
1 999475 0 26 0.572439 1.68623 inf 5
11 1039454 0 29 0.571521 1.69144 inf 5
14 1039454 0 29 0.571521 1.69144 inf 5
5 1079433 0 29 0.571192 1.69367 inf 5
10 1079433 0 29 0.571192 1.69367 inf 5
1 1119412 0 30 0.569976 1.69923 inf 5
22 1159391 0 30 0.569571 1.70126 inf 5
22 1159391 0 30 0.569571 1.70126 inf 5
5 1199370 0 30 0.568482 1.70696 inf 5
6 1199370 0 30 0.568482 1.70696 inf 5
4 1239349 0 30 0.567693 1.71098 inf 5
8 1279328 0 30 0.566845 1.71547 inf 5
12 1279328 0 30 0.566845 1.71547 inf 5
25 1319307 0 47 0.565534 1.72126 inf 5
25 1319307 0 47 0.565534 1.72126 inf 5
2 1359286 0 47 0.564213 1.72775 inf 5
26 1399265 0 47 0.563366 1.73204 inf 5
27 1439244 0 47 0.562235 1.73763 inf 5
27 1439244 0 47 0.562235 1.73763 inf 5
28 1479223 0 47 0.561147 1.74379 inf 5
12 1519202 0 47 0.559761 1.75079 inf 5
22 1519202 0 47 0.559761 1.75079 inf 5
1 1559181 0 47 0.558293 1.758 inf 5
2 1599160 0 47 0.55695 1.766 inf 5
2 1639139 0 47 0.555298 1.7737 inf 5
7 1679118 0 57 0.553523 1.78328 inf 6
2 1719097 0 57 0.551535 1.79249 inf 6
12 1719097 0 57 0.551535 1.79249 inf 6
7 1719097 0 57 0.551535 1.79249 inf 6
13 1759076 0 65 0.549622 1.8033 inf 6
41 1799055 0 65 0.547499 1.81516 inf 6
3 1839034 0 65 0.545278 1.82637 inf 6
9 1879013 0 68 0.542906 1.83946 inf 6
4 1918992 0 73 0.540577 1.85252 inf 6
1 1958971 0 83 0.538114 1.86722 inf 6
16 1998950 0 90 0.535578 1.88302 inf 6
73 1998950 0 90 0.535578 1.88302 inf 6
4 2038929 0 104 0.533001 1.89881 inf 6
0 2077266 0 114 0.530566 1.91451 inf 6
