6 0 0 0 nan nan nan 1
26 10 0 9 0.1 1 inf 1
32 20 0 19 0.05 1 inf 1
40 30 0 29 0.0333333 1 inf 1
46 40 0 39 0.025 1 inf 1
52 50 0 49 0.02 1 inf 1
6 50 0 49 0.02 1 inf 1
15 60 0 49 0.0666667 1 inf 2
25 70 0 49 0.0571429 1 inf 2
32 80 0 49 0.05 1 inf 2
39 90 0 49 0.0444444 1 inf 2
45 100 0 49 0.04 1 inf 2
9 110 0 49 0.0454545 1 inf 2
29 120 0 49 0.0416667 1 inf 2
41 130 0 49 0.0384615 1 inf 2
45 140 0 49 0.0357143 1 inf 2
50 150 0 49 0.0333333 1 inf 2
18 160 0 49 0.05 1.00658 inf 2
35 170 0 49 0.0470588 1.00617 inf 2
0 176 0 49 0.0454545 1.00595 inf 2
