8 0 0 0 nan nan nan 1
20 10 0 9 0.1 1 inf 1
11 20 0 13 0.15 1 inf 2
23 30 0 14 0.1 1 inf 2
7 40 0 17 0.15 1 inf 2
12 50 0 17 0.12 1 inf 2
21 60 0 17 0.1 1 inf 2
25 70 0 19 0.0857143 1 inf 2
10 80 0 20 0.1 1 inf 2
13 90 0 20 0.1 1 inf 2
15 100 0 20 0.09 1 inf 2
18 110 0 20 0.0818182 1 inf 2
20 120 0 20 0.075 1 inf 2
17 130 0 27 0.0692308 1 inf 2
21 140 0 32 0.0642857 1 inf 2
22 150 0 40 0.06 1 inf 2
24 160 0 41 0.05625 1 inf 2
7 170 0 41 0.0705882 1 inf 2
11 180 0 41 0.0666667 1 inf 2
13 190 0 41 0.0631579 1 inf 2
18 200 0 41 0.06 1 inf 2
22 210 0 41 0.0571429 1 inf 2
24 220 0 41 0.0545455 1 inf 2
12 230 0 41 0.0652174 1.00465 inf 2
15 240 0 41 0.0625 1.00444 inf 2
20 250 0 41 0.06 1.00426 inf 2
23 260 0 41 0.0576923 1.00408 inf 2
10 270 0 44 0.0592593 1.00394 inf 2
12 280 0 44 0.0607143 1.0038 inf 2
17 290 0 44 0.0586207 1.00366 inf 2
24 300 0 44 0.0566667 1.00353 inf 2
7 310 0 44 0.0612903 1.00344 inf 2
13 320 0 44 0.059375 1.00332 inf 2
16 330 0 44 0.0575758 1.00322 inf 2
18 340 0 44 0.0558824 1.00312 inf 2
21 350 0 44 0.0542857 1.00302 inf 2
23 360 0 44 0.0527778 1.00293 inf 2
9 370 0 44 0.0567568 1.00287 inf 2
11 380 0 44 0.0552632 1.00279 inf 2
14 390 0 44 0.0538462 1.00271 inf 2
18 400 0 44 0.0525 1.00264 inf 2
24 410 0 44 0.0512195 1.00257 inf 2
7 420 0 44 0.052381 1.00251 inf 2
9 430 0 44 0.0534884 1.00246 inf 2
9 440 0 44 0.0545455 1.0024 inf 2
14 450 0 44 0.0533333 1.00235 inf 2
15 460 0 44 0.0521739 1.00229 inf 2
18 470 0 44 0.0510638 1.00224 inf 2
21 480 0 44 0.05 1.00219 inf 2
25 490 0 44 0.0489796 1.00215 inf 2
8 500 0 44 0.052 1.00211 inf 2
12 510 0 44 0.0509804 1.00207 inf 2
15 520 0 44 0.05 1.00202 inf 2
18 530 0 44 0.0490566 1.00198 inf 2
23 540 0 44 0.0481481 1.00195 inf 2
9 550 0 44 0.0490909 1.00191 inf 2
12 560 0 44 0.0482143 1.00188 inf 2
21 570 0 44 0.0473684 1.00184 inf 2
26 580 0 44 0.0482759 1.00362 inf 3
4 580 0 44 0.0482759 1.00362 inf 3
14 590 0 44 0.0525424 1.00537 inf 3
24 600 0 44 0.0516667 1.00527 inf 3
20 610 0 44 0.0508197 1.00518 inf 3
24 620 0 44 0.05 1.00679 inf 3
7 630 0 44 0.052381 1.0067 inf 3
14 640 0 44 0.0515625 1.00659 inf 3
16 650 0 44 0.0507692 1.00648 inf 3
24 660 0 44 0.05 1.00638 inf 3
7 670 0 44 0.0507463 1.00629 inf 3
16 680 0 44 0.05 1.00619 inf 3
4 690 0 44 0.0507246 1.00611 inf 3
13 700 0 44 0.0514286 1.00602 inf 3
19 710 0 44 0.0507042 1.00593 inf 3
23 720 0 44 0.05 1.00585 inf 3
12 730 0 44 0.0506849 1.00577 inf 3
21 740 0 44 0.0513514 1.0057 inf 3
6 750 0 44 0.052 1.00563 inf 3
9 760 0 44 0.0526316 1.00556 inf 3
11 770 0 44 0.0519481 1.00548 inf 3
15 780 0 44 0.0512821 1.00541 inf 3
20 790 0 44 0.0506329 1.00533 inf 3
22 800 0 44 0.05 1.00526 inf 3
0 802 0 44 0.0498753 1.00525 inf 3
