549 0 0 0 nan nan nan 1
1 0 0 0 nan nan nan 1
1 10 0 0 1 nan inf 2
1 20 0 0 1 nan inf 2
1 30 0 0 1 nan inf 2
1 40 0 0 1 nan inf 2
1 50 0 0 1 nan inf 2
1 60 0 0 1 nan inf 2
1 70 0 0 1 nan inf 2
1 80 0 0 1 nan inf 2
1 90 0 0 1 nan inf 2
1 100 0 0 1 nan inf 2
1 110 0 0 1 nan inf 2
1 120 0 0 1 nan inf 2
1 130 0 0 1 nan inf 2
1 140 0 0 1 nan inf 2
1 150 0 0 1 nan inf 2
1 160 0 0 1 nan inf 2
1 170 0 0 1 nan inf 2
1 180 0 0 1 nan inf 2
2 190 0 0 1 nan inf 2
2 200 0 0 1 nan inf 2
2 210 0 1 0.995238 1 inf 2
2 220 0 2 0.986364 1 inf 2
2 230 0 2 0.978261 1 inf 2
2 240 0 2 0.975 1 inf 2
2 250 0 2 0.968 1.125 inf 2
