3997962
1 0 0 0 -nan -nan -nan 1
1 39979 0 2 0.99925 1.86667 inf 3
1 79958 0 2 0.998937 1.36471 inf 3
1 119937 0 2 0.998799 1.26389 inf 3
1 159916 0 3 0.998543 1.20172 inf 3
1 199895 0 3 0.998144 1.19946 inf 3
1 239874 0 3 0.99797 1.19713 inf 3
1 279853 0 3 0.997624 1.17293 inf 3
1 319832 0 3 0.997258 1.17788 inf 3
1 359811 0 3 0.996776 1.16638 inf 3
1 399790 0 3 0.996258 1.16377 inf 3
1 439769 0 3 0.99547 1.15462 inf 3
1 479748 0 5 0.994664 1.15 inf 3
1 519727 0 5 0.993541 1.1549 inf 3
1 559706 0 5 0.991985 1.15894 inf 3
1 599685 0 5 0.989976 1.1627 inf 3
1 639664 0 5 0.986979 1.16929 inf 3
1 679643 0 5 0.983182 1.17209 inf 3
1 719622 0 5 0.978359 1.17383 inf 3
1 759601 0 5 0.972056 1.16852 inf 3
1 799580 0 5 0.964458 1.16753 inf 3
2 839559 0 5 0.959131 1.16542 inf 3
2 879538 0 5 0.957121 1.16569 inf 3
2 919517 0 5 0.954678 1.16677 inf 3
2 959496 0 5 0.952388 1.16818 inf 3
2 999475 0 6 0.94977 1.17009 inf 3
2 1039454 0 6 0.947181 1.17045 inf 3
2 1079433 0 6 0.944312 1.17112 inf 3
2 1119412 0 7 0.940952 1.17332 inf 4
2 1159391 0 7 0.936863 1.17661 inf 4
2 1199370 0 7 0.931443 1.18359 inf 4
2 1239349 0 7 0.923675 1.19758 inf 4
3 1279328 0 10 0.915129 1.21584 inf 4
3 1319307 0 10 0.912478 1.21708 inf 4
3 1359286 0 10 0.909344 1.21963 inf 4
3 1399265 0 10 0.905883 1.2226 inf 4
3 1439244 0 10 0.902265 1.22521 inf 4
3 1479223 0 10 0.898226 1.22849 inf 4
3 1519202 0 10 0.893226 1.23387 inf 4
3 1559181 0 10 0.88587 1.24638 inf 4
4 1599160 0 11 0.880637 1.25471 inf 4
4 1639139 0 11 0.877242 1.25862 inf 4
4 1679118 0 11 0.873313 1.26185 inf 4
4 1719097 0 11 0.868836 1.26651 inf 4
4 1759076 0 11 0.863269 1.27362 inf 4
5 1799055 0 13 0.855519 1.28697 inf 4
5 1839034 0 13 0.85189 1.28992 inf 4
5 1879013 0 13 0.847418 1.29448 inf 4
5 1918992 0 13 0.842085 1.30065 inf 4
5 1958971 0 13 0.834662 1.31328 inf 4
6 1998950 0 13 0.830066 1.31893 inf 4
6 2038929 0 13 0.824978 1.32543 inf 5
6 2078908 0 13 0.818502 1.33439 inf 5
7 2118887 0 16 0.812145 1.34481 inf 5
7 2158866 0 16 0.806724 1.35215 inf 5
3 2198845 0 16 0.799157 1.36606 inf 5
8 2238824 0 17 0.793792 1.37241 inf 5
8 2278803 0 17 0.786706 1.38446 inf 5
9 2318782 0 17 0.780415 1.39471 inf 5
9 2358761 0 17 0.772617 1.40973 inf 5
10 2398740 0 17 0.766366 1.41903 inf 5
11 2438719 0 19 0.758953 1.43318 inf 5
12 2478698 0 22 0.751133 1.44898 inf 5
12 2518677 0 23 0.743498 1.46466 inf 5
13 2558656 0 23 0.735711 1.48154 inf 5
15 2598635 0 29 0.72794 1.49782 inf 5
16 2638614 0 29 0.719999 1.51488 inf 5
15 2678593 0 30 0.711392 1.53651 inf 5
19 2718572 0 32 0.703113 1.5576 inf 5
22 2758551 0 35 0.694658 1.57973 inf 5
24 2798530 0 48 0.686054 1.60608 inf 5
28 2838509 0 48 0.677462 1.63228 inf 6
21 2878488 0 62 0.66877 1.66187 inf 6
37 2918467 0 67 0.660164 1.69373 inf 6
48 2958446 0 68 0.651579 1.72751 inf 6
61 2998425 0 109 0.643109 1.76481 inf 6
85 3038404 0 119 0.634794 1.80498 inf 6
