334863
1 0 0 0 nan nan nan 1
1 334 0 1 0.994012 1 inf 2
1 668 0 1 0.992515 1 inf 2
1 1002 0 1 0.99002 1 inf 2
1 1336 0 1 0.989521 1 inf 2
1 1670 0 2 0.987425 1 inf 2
1 2004 0 2 0.987026 1.03846 inf 2
1 2338 0 2 0.986313 1.03125 inf 2
1 2672 0 2 0.984281 1.02381 inf 2
1 3006 0 2 0.983367 1.04 inf 3
1 3340 0 2 0.983234 1.03571 inf 3
1 3674 0 2 0.980675 1.04225 inf 3
1 4008 0 2 0.979291 1.04819 inf 3
1 4342 0 2 0.977199 1.0404 inf 3
1 4676 0 2 0.976476 1.03636 inf 3
1 5010 0 2 0.975449 1.03252 inf 3
1 5344 0 2 0.974925 1.03731 inf 3
1 5678 0 3 0.973054 1.04575 inf 3
1 6012 0 3 0.971557 1.04094 inf 3
1 6346 0 3 0.97006 1.04211 inf 3
1 6680 0 3 0.969162 1.03883 inf 3
1 7014 0 3 0.968349 1.04054 inf 3
1 7348 0 3 0.96761 1.04622 inf 3
1 7682 0 3 0.966415 1.04264 inf 3
1 8016 0 3 0.966193 1.04059 inf 3
1 8350 0 3 0.964431 1.0404 inf 3
1 8684 0 3 0.962575 1.04308 inf 3
1 9018 0 3 0.961521 1.04611 inf 3
1 9352 0 3 0.959795 1.05319 inf 3
1 9686 0 3 0.957981 1.05405 inf 3
1 10020 0 3 0.956587 1.05747 inf 3
1 10354 0 3 0.955766 1.05677 inf 3
1 10688 0 3 0.954809 1.05797 inf 3
1 11022 0 4 0.952912 1.0578 inf 3
1 11356 0 4 0.952712 1.05587 inf 3
1 11690 0 4 0.951411 1.0581 inf 3
1 12024 0 4 0.950931 1.06102 inf 3
1 12358 0 4 0.94983 1.0629 inf 3
1 12692 0 4 0.949181 1.06357 inf 3
1 13026 0 4 0.947336 1.06268 inf 3
1 13360 0 4 0.946557 1.06443 inf 3
1 13694 0 4 0.945816 1.06604 inf 3
1 14028 0 4 0.944825 1.06718 inf 3
