28
1 0 0 0 nan nan nan 1
1 1 0 0 1 nan inf 1
1 2 0 0 1 nan inf 2
2 3 0 0 1 nan inf 2
2 4 0 1 0.75 1 inf 2
2 5 0 2 0.6 1.5 inf 2
2 6 0 2 0.666667 1.5 inf 2
2 7 0 2 0.714286 1.5 inf 2
2 8 0 2 0.625 1.33333 inf 2
2 9 0 2 0.666667 1.33333 inf 2
2 10 0 2 0.6 1.25 inf 2
2 11 0 2 0.636364 1.25 inf 2
2 12 0 2 0.583333 1.4 inf 3
2 13 0 2 0.615385 1.4 inf 3
2 14 0 2 0.642857 1.4 inf 3
2 15 0 2 0.666667 1.4 inf 3
2 16 0 2 0.625 1.33333 inf 3
3 17 0 2 0.588235 1.42857 inf 3
3 18 0 3 0.555556 1.5 inf 3
3 19 0 3 0.526316 1.55556 inf 3
3 20 0 3 0.5 1.5 inf 3
3 21 0 4 0.47619 1.54545 inf 3
3 22 0 5 0.454545 1.5 inf 3
2 23 0 6 0.434783 1.53846 inf 3
3 24 0 7 0.416667 1.5 inf 3
2 25 0 8 0.4 1.53333 inf 3
1 26 0 9 0.384615 1.5625 inf 3
0 27 0 10 0.37037 1.52941 inf 3
