1 0 0 0 -nan -nan -nan 1
1 39979 0 0 1 -nan inf 2
1 79958 0 0 1 -nan inf 2
1 119937 0 0 1 -nan inf 2
1 159916 0 0 1 -nan inf 2
1 199895 0 0 1 -nan inf 2
1 239874 0 0 1 -nan inf 2
1 279853 0 0 1 -nan inf 2
1 319832 0 0 1 -nan inf 2
1 359811 0 0 1 -nan inf 2
1 399790 0 0 1 -nan inf 2
1 439769 0 0 1 -nan inf 2
1 479748 0 0 1 -nan inf 2
1 519727 0 0 1 -nan inf 2
1 559706 0 0 1 -nan inf 2
1 599685 0 0 1 -nan inf 2
1 639664 0 0 1 -nan inf 2
1 679643 0 0 1 -nan inf 2
1 719622 0 0 1 -nan inf 2
1 759601 0 0 1 -nan inf 2
2 799580 0 2 0.999383 1 inf 2
2 839559 0 2 0.997396 1.00046 inf 2
2 879538 0 2 0.995204 1.00071 inf 3
2 919517 0 2 0.993078 1.00094 inf 3
2 959496 0 2 0.990796 1.00125 inf 3
2 999475 0 2 0.988546 1.00271 inf 3
2 1039454 0 3 0.985963 1.0037 inf 3
2 1079433 0 3 0.982982 1.00512 inf 3
2 1119412 0 3 0.979382 1.00754 inf 3
1 1159391 0 3 0.97462 1.01417 inf 3
2 1199370 0 5 0.967234 1.03293 inf 3
3 1239349 0 5 0.962303 1.04846 inf 3
3 1279328 0 5 0.959261 1.05319 inf 3
1 1319307 0 5 0.956012 1.05743 inf 3
2 1359286 0 5 0.952318 1.06357 inf 3
3 1399265 0 5 0.94825 1.0702 inf 3
3 1439244 0 7 0.943287 1.07966 inf 3
3 1479223 0 7 0.936365 1.09899 inf 3
4 1519202 0 7 0.928238 1.13404 inf 4
4 1559181 0 7 0.924705 1.13661 inf 4
4 1599160 0 7 0.920476 1.14157 inf 4
3 1639139 0 7 0.915547 1.14767 inf 4
4 1679118 0 7 0.909607 1.15758 inf 4
3 1719097 0 7 0.900789 1.18222 inf 4
5 1759076 0 12 0.89521 1.19916 inf 4
5 1799055 0 12 0.890471 1.20459 inf 4
5 1839034 0 12 0.884707 1.21256 inf 4
4 1879013 0 12 0.877486 1.22718 inf 4
4 1918992 0 12 0.869567 1.25386 inf 4
6 1958971 0 12 0.864257 1.25995 inf 4
6 1998950 0 12 0.857758 1.27032 inf 4
6 2038929 0 12 0.848561 1.29681 inf 4
6 2078908 0 12 0.843059 1.30631 inf 4
7 2118887 0 12 0.836288 1.3172 inf 4
8 2158866 0 13 0.827333 1.34383 inf 4
8 2198845 0 13 0.821375 1.35214 inf 4
8 2238824 0 13 0.813152 1.37024 inf 4
9 2278803 0 13 0.806096 1.386 inf 4
5 2318782 0 13 0.79782 1.40419 inf 4
10 2358761 0 13 0.790538 1.42022 inf 5
10 2398740 0 13 0.781992 1.44262 inf 5
11 2438719 0 13 0.77432 1.45796 inf 5
12 2478698 0 13 0.766387 1.47685 inf 5
13 2518677 0 13 0.758049 1.49671 inf 5
12 2558656 0 15 0.749715 1.51764 inf 5
14 2598635 0 16 0.741222 1.53878 inf 5
16 2638614 0 19 0.73245 1.56186 inf 5
18 2678593 0 26 0.723988 1.58246 inf 5
19 2718572 0 26 0.715254 1.60613 inf 5
22 2758551 0 27 0.706455 1.63156 inf 5
25 2798530 0 29 0.69764 1.65779 inf 5
29 2838509 0 37 0.688761 1.68698 inf 5
33 2878488 0 39 0.679911 1.71667 inf 6
40 2918467 0 44 0.671103 1.74857 inf 6
49 2958446 0 55 0.662362 1.78222 inf 6
25 2998425 0 71 0.653743 1.81813 inf 6
87 3038404 0 86 0.645279 1.85677 inf 6
0 3052082 0 105 0.642432 1.87049 inf 6
