1 0 0 0 nan nan nan 1
1 1 0 0 1 nan inf 1
1 2 0 0 1 nan inf 2
2 3 0 0 1 nan inf 2
2 4 0 0 1 nan inf 2
2 5 0 0 1 nan inf 2
2 6 0 0 1 nan inf 2
2 7 0 0 1 nan inf 2
2 8 0 0 1 nan inf 2
2 9 0 0 1 nan inf 2
2 10 0 0 1 nan inf 2
2 11 0 1 0.909091 1 inf 2
3 12 0 2 0.833333 1.5 inf 2
2 13 0 3 0.769231 1.66667 inf 2
2 14 0 3 0.714286 1.5 inf 2
2 15 0 3 0.666667 1.4 inf 2
3 16 0 3 0.625 1.5 inf 3
2 17 0 3 0.647059 1.5 inf 3
4 18 0 3 0.611111 1.42857 inf 3
4 19 0 3 0.631579 1.42857 inf 3
4 20 0 3 0.65 1.42857 inf 3
4 21 0 4 0.619048 1.625 inf 3
3 22 0 5 0.590909 1.77778 inf 3
3 23 0 6 0.565217 1.8 inf 3
2 24 0 6 0.541667 1.90909 inf 3
2 25 0 6 0.52 1.91667 inf 3
1 26 0 7 0.5 1.84615 inf 3
0 27 0 8 0.481481 1.85714 inf 3
0 28 0 9 0.464286 1.8 inf 3
