6 0 0 0 nan nan nan 1
6 4 0 0 1 nan inf 2
6 8 0 0 1 nan inf 2
6 12 0 0 1 nan inf 2
6 16 0 0 1 nan inf 2
6 20 0 0 1 nan inf 2
6 24 0 0 1 nan inf 2
6 28 0 0 1 nan inf 2
6 32 0 0 1 nan inf 2
6 36 0 0 1 nan inf 2
6 40 0 0 1 nan inf 2
6 44 0 0 1 nan inf 2
6 48 0 0 1 nan inf 2
6 52 0 0 1 nan inf 2
6 56 0 0 1 nan inf 2
6 60 0 0 1 nan inf 2
6 64 0 0 1 nan inf 2
6 68 0 0 1 nan inf 2
6 72 0 0 1 nan inf 2
6 76 0 0 1 nan inf 2
6 80 0 0 1 nan inf 2
6 84 0 0 1 nan inf 2
6 88 0 0 1 nan inf 2
6 92 0 0 1 nan inf 2
6 96 0 0 1 nan inf 2
6 100 0 0 1 nan inf 2
6 104 0 0 1 nan inf 2
6 108 0 0 1 nan inf 2
6 112 0 0 1 nan inf 2
6 116 0 0 1 nan inf 2
6 120 0 0 1 nan inf 2
6 124 0 0 1 nan inf 2
6 128 0 0 1 nan inf 2
6 132 0 0 1 nan inf 2
6 136 0 0 1 nan inf 2
6 140 0 0 1 nan inf 2
6 144 0 0 1 nan inf 2
6 148 0 0 1 nan inf 2
6 152 0 0 1 nan inf 2
6 156 0 0 1 nan inf 2
9 160 0 0 1 nan inf 2
9 164 0 1 0.97561 1 inf 2
10 168 0 1 0.952381 1 inf 2
10 172 0 1 0.930233 1 inf 2
14 176 0 1 0.909091 1.0625 inf 2
14 180 0 1 0.888889 1.25 inf 3
14 184 0 1 0.869565 1.375 inf 3
14 188 0 1 0.851064 1.46429 inf 3
18 192 0 1 0.833333 1.71875 inf 3
18 196 0 1 0.816327 2.08333 inf 3
20 200 0 1 0.8 2.425 inf 3
20 204 0 2 0.784314 2.47727 inf 3
24 208 0 2 0.769231 2.625 inf 3
27 212 0 3 0.754717 2.69231 inf 3
28 216 0 3 0.740741 2.69643 inf 3
29 220 0 4 0.727273 2.66667 inf 4
35 224 0 5 0.714286 2.59375 inf 4
36 228 0 6 0.701754 2.63235 inf 4
42 232 0 6 0.689655 2.66667 inf 4
41 236 0 9 0.677966 2.65789 inf 4
44 240 0 12 0.666667 2.6125 inf 5
46 244 0 13 0.655738 2.57143 inf 5
40 248 0 13 0.645161 2.56818 inf 5
0 251 0 15 0.63745 2.52747 inf 5
