1000000
1 0 1e-05 0 -nan -nan 0 1
2 4 6.3e-05 1 1 -nan 0.0004 1
3 1998 0.029131 3 0.996496 1 0.1998 1
4 498181 8.73511 5 0.999962 1.05263 49.8181 1
5 499127 0.036937 7 0.998067 2.94301 49.9127 1
6 500409 0.904946 8 0.99551 1.8389 50.0409 1
7 501950 0.920371 11 0.992453 2.13226 50.195 1
8 603569 7.85406 11 0.82536 3.93255 60.3569 1
9 604428 0.078279 12 0.824187 3.92309 60.4428 1
10 637785 3.14182 12 0.781081 3.70113 63.7785 1
11 638191 0.054621 12 0.780584 3.69638 63.8191 1
12 668083 3.7741 12 0.745659 3.40883 66.8083 1
13 668524 0.059822 15 0.745167 3.4046 66.8524 1
14 681952 2.3498 15 0.730494 3.30281 68.1952 1
15 688034 0.991171 18 0.724037 3.24525 68.8034 1
16 696145 1.76327 18 0.715601 3.19415 69.6145 1
17 704064 1.47926 18 0.707552 3.13112 70.4064 1
18 718212 2.77458 21 0.693614 3.02583 71.8212 1
19 724390 1.43822 21 0.687699 2.98604 72.439 1
20 733641 2.41623 22 0.679027 2.92901 73.3641 1
21 738834 1.46171 26 0.674254 2.89795 73.8834 1
22 746547 2.26072 26 0.667288 2.85298 74.6547 1
23 752285 1.80377 26 0.662199 2.82093 75.2285 1
24 757409 1.79167 26 0.657719 2.79364 75.7409 1
25 762637 1.86658 31 0.65321 2.76586 76.2637 1
26 768042 2.08026 31 0.648613 2.73825 76.8042 1
27 772668 1.89052 31 0.64473 2.71541 77.2668 1
28 777703 2.15735 31 0.640556 2.69065 77.7703 1
29 781876 1.93609 32 0.637137 2.67078 78.1876 1
30 785801 1.92367 32 0.633954 2.65243 78.5801 1
31 789584 1.9577 32 0.630917 2.63494 78.9584 1
32 793383 2.07554 32 0.627896 2.61769 79.3383 1
33 797188 2.14889 38 0.624899 2.6007 79.7188 1
34 801064 2.28102 38 0.621875 2.5835 80.1064 1
35 804399 2.08262 38 0.619297 2.56909 80.4399 1
36 807877 2.26628 40 0.616631 2.55417 80.7877 1
37 811111 2.21975 40 0.614172 2.5406 81.1111 1
38 813882 2.01508 40 0.612081 2.52908 81.3882 1
39 816657 2.09197 40 0.610002 2.51771 81.6657 1
40 819618 2.27601 52 0.607798 2.50574 81.9618 1
41 822337 2.1938 59 0.605788 2.49488 82.2337 1
42 825131 2.33594 59 0.603737 2.48385 82.5131 1
43 827655 2.22399 59 0.601896 2.47404 82.7655 1
44 830206 2.30544 59 0.600046 2.46418 83.0206 1
45 832983 2.5596 59 0.598046 2.45352 83.2983 1
46 835369 2.31282 59 0.596338 2.44448 83.5369 1
47 837768 2.40306 59 0.59463 2.43553 83.7768 1
48 839917 2.23087 59 0.593109 2.4276 83.9917 1
49 841951 2.17369 59 0.591676 2.42013 84.1951 1
50 844271 2.57328 59 0.59005 2.41168 84.4271 1
51 846349 2.39581 59 0.588601 2.40421 84.6349 1
52 848294 2.3319 59 0.587252 2.3973 84.8294 1
53 849967 2.11948 72 0.586096 2.39143 84.9967 1
54 851776 2.31058 72 0.584851 2.38506 85.1776 1
55 853469 2.25335 72 0.583691 2.37915 85.3469 1
56 855371 2.57263 72 0.582393 2.37256 85.5371 1
57 856845 2.11165 72 0.581391 2.3675 85.6845 1
58 858631 2.59187 72 0.580182 2.36142 85.8631 1
59 860142 2.27797 72 0.579163 2.35628 86.0142 1
60 861802 2.57823 72 0.578047 2.35067 86.1802 1
61 863611 2.86263 72 0.576836 2.3446 86.3611 1
62 865305 2.74285 72 0.575707 2.33897 86.5305 1
63 866710 2.41807 72 0.574774 2.33434 86.671 1
64 868098 2.43941 84 0.573855 2.32977 86.8098 1
65 869319 2.24168 84 0.573049 2.32577 86.9319 1
66 870751 2.67135 84 0.572106 2.32113 87.0751 1
67 872108 2.62452 84 0.571216 2.31676 87.2108 1
68 873463 2.68388 84 0.57033 2.31242 87.3463 1
69 874604 2.35405 84 0.569586 2.30879 87.4604 1
70 875961 2.82846 84 0.568703 2.30448 87.5961 1
71 877107 2.49262 84 0.56796 2.30087 87.7107 1
72 878377 2.81712 102 0.567139 2.29685 87.8377 1
73 879576 2.83866 102 0.566366 2.29311 87.9576 1
74 880785 2.83885 102 0.565589 2.28934 88.0785 1
75 881898 2.67714 102 0.564875 2.28589 88.1898 1
76 882806 2.31624 102 0.564294 2.2831 88.2806 1
77 883685 2.36995 104 0.563733 2.28038 88.3685 1
78 884803 2.8802 104 0.56302 2.27697 88.4803 1
79 885769 2.5701 104 0.562406 2.27402 88.5769 1
80 887060 3.48013 104 0.561588 2.27011 88.706 1
81 887952 2.44915 104 0.561024 2.2674 88.7952 1
82 889009 3.02151 104 0.560357 2.26421 88.9009 1
83 890048 2.99603 104 0.559702 2.26109 89.0048 1
84 891052 2.93523 120 0.559072 2.25808 89.1052 1
85 891913 2.66139 120 0.558532 2.25554 89.1913 1
86 892582 2.10066 131 0.558113 2.25355 89.2582 1
87 893530 2.99598 131 0.557521 2.25075 89.353 1
88 894393 2.82604 131 0.556983 2.24822 89.4393 1
89 895093 2.33837 131 0.556548 2.24617 89.5093 1
90 895981 2.99624 131 0.555996 2.24357 89.5981 1
91 896760 2.66572 131 0.555513 2.24129 89.676 1
92 897746 3.35837 131 0.554903 2.23841 89.7746 1
93 898595 3.03128 131 0.554379 2.23595 89.8595 1
94 899481 3.19385 145 0.553833 2.23339 89.9481 1
95 900241 2.84211 145 0.553365 2.23121 90.0241 1
96 900979 2.79688 145 0.552912 2.22909 90.0979 1
97 901838 3.26684 145 0.552385 2.22662 90.1838 1
98 902416 2.30544 145 0.552031 2.22498 90.2416 1
99 903242 3.33793 145 0.551527 2.22265 90.3242 1
100 904089 3.39704 145 0.55101 2.22025 90.4089 1
101 904797 2.89555 145 0.550579 2.21824 90.4797 1
102 905516 3.03583 145 0.550142 2.21621 90.5516 1
103 905972 1.98581 145 0.549865 2.21493 90.5972 1
104 906606 2.77856 145 0.54948 2.21315 90.6606 1
105 907285 3.01905 145 0.549069 2.21126 90.7285 1
106 907826 2.48769 145 0.548742 2.20975 90.7826 1
107 908367 2.51072 145 0.548415 2.20824 90.8367 1
108 908797 2.06149 145 0.548155 2.20704 90.8797 1
109 909412 2.91507 145 0.547785 2.20533 90.9412 1
110 910036 3.03407 145 0.547409 2.20361 91.0036 1
111 910621 2.88431 145 0.547057 2.202 91.0621 1
112 911314 3.45229 162 0.546641 2.20009 91.1314 1
113 912112 4.00293 162 0.546163 2.1979 91.2112 1
114 912582 2.41631 162 0.545882 2.19661 91.2582 1
115 913130 2.83272 162 0.545554 2.1951 91.313 1
116 913499 2.01542 172 0.545334 2.1941 91.3499 1
117 914208 3.74618 172 0.544911 2.19216 91.4208 1
118 914663 2.52688 172 0.54464 2.19093 91.4663 1
119 915307 3.55139 172 0.544257 2.18918 91.5307 1
120 915847 3.05969 172 0.543936 2.18771 91.5847 1
121 916409 3.22526 172 0.543602 2.18619 91.6409 1
122 916702 1.78215 172 0.543429 2.1854 91.6702 1
123 917227 3.10129 172 0.543117 2.18399 91.7227 1
124 917875 3.80357 172 0.542734 2.18225 91.7875 1
125 918363 3.0027 172 0.542446 2.18094 91.8363 1
126 918937 3.53898 172 0.542107 2.17941 91.8937 1
127 919269 2.11906 172 0.541911 2.17852 91.9269 1
128 919646 2.4394 172 0.541689 2.17752 91.9646 1
129 920098 2.92968 172 0.541423 2.17631 92.0098 1
130 920560 3.10076 172 0.541151 2.17508 92.056 1
131 920995 2.99707 172 0.540895 2.17394 92.0995 1
132 921332 2.31426 172 0.540698 2.17305 92.1332 1
133 921864 3.67176 172 0.540386 2.17164 92.1864 1
134 922523 4.56393 172 0.54 2.1699 92.2523 1
135 922920 2.84967 172 0.539767 2.16885 92.292 1
136 923402 3.47727 175 0.539486 2.16759 92.3402 1
137 923808 2.94782 175 0.539248 2.16652 92.3808 1
138 924144 2.53524 175 0.539052 2.16565 92.4144 1
139 924454 2.35604 175 0.538872 2.16484 92.4454 1
140 924924 3.59468 175 0.538598 2.16361 92.4924 1
141 925311 2.97711 175 0.538373 2.1626 92.5311 1
142 925635 2.5721 175 0.538184 2.16176 92.5635 1
143 926059 3.32808 213 0.537938 2.16066 92.6059 1
144 926344 2.29085 213 0.537772 2.15991 92.6344 1
145 926940 4.80953 213 0.537426 2.15837 92.694 1
146 927302 3.01711 213 0.537217 2.15743 92.7302 1
147 927759 3.73286 221 0.536952 2.15625 92.7759 1
148 928235 3.9298 221 0.536677 2.15501 92.8235 1
149 928678 3.78607 221 0.536421 2.15387 92.8678 1
150 929200 4.47174 221 0.536119 2.15252 92.92 1
151 929690 4.24289 221 0.535837 2.15126 92.969 1
152 929923 2.12702 221 0.535702 2.15066 92.9923 1
153 930148 2.12307 221 0.535573 2.15009 93.0148 1
154 930527 3.47986 247 0.535355 2.14912 93.0527 1
155 930898 3.41126 247 0.535141 2.14817 93.0898 1
156 931141 2.35511 247 0.535002 2.14755 93.1141 1
157 931398 2.46295 247 0.534854 2.1469 93.1398 1
158 931623 2.23536 247 0.534725 2.14633 93.1623 1
159 932018 3.72683 247 0.534498 2.14532 93.2018 1
160 932291 2.68552 247 0.534342 2.14463 93.2291 1
161 932877 5.74227 247 0.534006 2.14314 93.2877 1
162 933310 4.25681 247 0.533758 2.14204 93.331 1
163 933644 3.43698 247 0.533567 2.1412 93.3644 1
164 933855 2.12157 247 0.533447 2.14067 93.3855 1
165 934204 3.56178 247 0.533248 2.13978 93.4204 1
166 934575 3.8858 247 0.533036 2.13885 93.4575 1
167 934597 0.257299 247 0.533023 2.13879 93.4597 1
168 934787 2.06475 247 0.532915 2.13831 93.4787 1
169 934998 2.31044 247 0.532795 2.13778 93.4998 1
170 935308 3.49098 247 0.532618 2.13701 93.5308 1
171 935693 4.22861 247 0.532399 2.13604 93.5693 1
172 936197 5.81249 247 0.532112 2.13478 93.6197 1
173 936368 2.07964 247 0.532015 2.13436 93.6368 1
174 936662 3.59421 247 0.531848 2.13363 93.6662 1
175 936822 1.94331 247 0.531757 2.13323 93.6822 1
176 937091 3.19604 247 0.531605 2.13256 93.7091 1
177 937254 2.07201 247 0.531512 2.13216 93.7254 1
178 937553 3.63562 247 0.531343 2.13141 93.7553 1
179 937743 2.28008 247 0.531235 2.13094 93.7743 1
180 937867 1.61914 247 0.531165 2.13063 93.7867 1
181 938066 2.53787 247 0.531052 2.13014 93.8066 1
182 938349 3.61092 247 0.530892 2.12943 93.8349 1
183 938625 3.36283 247 0.530736 2.12874 93.8625 1
184 938908 3.69041 247 0.530576 2.12804 93.8908 1
185 939203 3.74143 247 0.530409 2.12731 93.9203 1
186 939582 5.11764 247 0.530195 2.12637 93.9582 1
187 939890 4.04422 247 0.530022 2.12561 93.989 1
188 940131 3.23305 247 0.529886 2.12502 94.0131 1
189 940293 2.18376 247 0.529794 2.12462 94.0293 1
190 940602 4.20606 247 0.52962 2.12386 94.0602 1
191 940768 2.28537 247 0.529527 2.12345 94.0768 1
192 941019 3.48768 247 0.529386 2.12283 94.1019 1
193 941207 2.71802 247 0.52928 2.12238 94.1207 1
194 941411 2.95296 247 0.529165 2.12188 94.1411 1
195 941685 3.90262 291 0.529011 2.12121 94.1685 1
196 941898 3.09814 291 0.528892 2.12069 94.1898 1
197 942057 2.33627 291 0.528802 2.1203 94.2057 1
198 942243 2.74023 291 0.528698 2.11985 94.2243 1
199 942527 4.22033 291 0.528539 2.11915 94.2527 1
200 942697 2.5566 291 0.528443 2.11874 94.2697 1
201 942975 4.05107 296 0.528288 2.11806 94.2975 1
202 943128 2.37405 296 0.528202 2.11769 94.3128 1
203 943344 3.39241 296 0.528081 2.11716 94.3344 1
204 943604 3.95705 296 0.527935 2.11652 94.3604 1
205 943666 1.08707 296 0.527901 2.11638 94.3666 1
206 943925 4.10772 296 0.527756 2.11575 94.3925 1
207 944153 3.62307 296 0.527628 2.1152 94.4153 1
208 944323 2.70166 296 0.527533 2.11478 94.4323 1
209 944566 3.99492 296 0.527398 2.1142 94.4566 1
210 944926 5.76701 296 0.527197 2.11332 94.4926 1
211 945341 6.80257 296 0.526965 2.11232 94.5341 1
212 945530 3.30614 296 0.52686 2.11186 94.553 1
213 945780 4.1425 296 0.526721 2.11126 94.578 1
214 945922 2.51045 296 0.526642 2.11091 94.5922 1
215 946313 6.65493 296 0.526424 2.10997 94.6313 1
216 946581 4.6776 296 0.526275 2.10933 94.6581 1
217 946727 2.64237 296 0.526194 2.10898 94.6727 1
218 946925 3.67126 296 0.526084 2.1085 94.6925 1
219 947043 2.23834 296 0.526018 2.10822 94.7043 1
220 947165 2.16827 296 0.525951 2.10793 94.7165 1
221 947285 2.2587 296 0.525884 2.10764 94.7285 1
222 947357 1.43754 296 0.525844 2.10747 94.7357 1
223 947503 2.85756 296 0.525763 2.10713 94.7503 1
224 947624 2.20556 296 0.525696 2.10683 94.7624 1
225 947876 4.58087 296 0.525556 2.10623 94.7876 1
226 947907 0.65242 296 0.525539 2.10615 94.7907 1
227 948021 2.3029 296 0.525476 2.10588 94.8021 1
228 948272 5.03723 296 0.525337 2.10528 94.8272 1
229 948374 2.03381 296 0.52528 2.10504 94.8374 1
230 948502 2.60583 296 0.525209 2.10474 94.8502 1
231 948698 3.98953 296 0.525101 2.10427 94.8698 1
232 948842 2.87516 296 0.525021 2.10393 94.8842 1
233 949026 3.80168 296 0.524919 2.10349 94.9026 1
234 949112 1.76459 296 0.524872 2.10328 94.9112 1
235 949218 2.25178 296 0.524813 2.10303 94.9218 1
236 949380 3.3743 296 0.524724 2.10264 94.938 1
237 949628 5.24239 296 0.524586 2.10205 94.9628 1
238 949808 3.85261 296 0.524487 2.10163 94.9808 1
239 949894 1.91745 296 0.52444 2.10143 94.9894 1
240 949989 2.06286 296 0.524387 2.1012 94.9989 1
241 950044 1.28212 296 0.524357 2.10107 95.0044 1
242 950182 2.89224 296 0.524281 2.10074 95.0182 1
243 950478 6.30939 375 0.524117 2.10004 95.0478 1
244 950627 3.21923 375 0.524035 2.09968 95.0627 1
245 950775 3.39789 375 0.523954 2.09933 95.0775 1
246 950982 4.5863 375 0.52384 2.09884 95.0982 1
247 951240 5.81669 375 0.523697 2.09823 95.124 1
248 951517 6.03972 375 0.523545 2.09757 95.1517 1
249 951694 4.05126 375 0.523448 2.09715 95.1694 1
250 951777 2.02419 375 0.523402 2.09696 95.1777 1
251 951946 4.05759 375 0.523309 2.09656 95.1946 1
252 952014 1.72166 375 0.523272 2.0964 95.2014 1
253 952180 4.43018 375 0.52318 2.09601 95.218 1
254 952255 1.8848 375 0.523139 2.09583 95.2255 1
255 952375 3.03521 375 0.523073 2.09555 95.2375 1
256 952597 5.56747 375 0.522951 2.09503 95.2597 1
257 952721 3.15504 375 0.522883 2.09474 95.2721 1
258 952803 1.80102 375 0.522838 2.09454 95.2803 1
259 952917 2.99717 375 0.522776 2.09427 95.2917 1
260 953025 2.87451 407 0.522717 2.09402 95.3025 1
261 953190 4.33249 407 0.522626 2.09363 95.319 1
262 953408 5.61595 407 0.522507 2.09312 95.3408 1
263 953504 2.71986 407 0.522454 2.0929 95.3504 1
264 953662 3.99084 407 0.522367 2.09253 95.3662 1
265 953887 5.58339 407 0.522244 2.092 95.3887 1
266 954096 5.46322 407 0.52213 2.09151 95.4096 1
267 954148 1.5023 407 0.522101 2.09139 95.4148 1
268 954370 5.70301 407 0.52198 2.09086 95.437 1
269 954544 4.69348 407 0.521885 2.09046 95.4544 1
270 954694 3.98668 407 0.521803 2.09011 95.4694 1
271 954736 1.46609 407 0.52178 2.09001 95.4736 1
272 954974 6.71893 407 0.52165 2.08945 95.4974 1
273 955130 4.67986 407 0.521565 2.08909 95.513 1
274 955321 6.08303 407 0.52146 2.08865 95.5321 1
275 955442 3.7205 407 0.521394 2.08837 95.5442 1
276 955723 8.69588 407 0.521241 2.08772 95.5723 1
278 955812 2.60279 407 0.521192 2.08751 95.5812 1
279 955876 1.88067 407 0.521158 2.08736 95.5876 1
280 956037 4.50032 407 0.52107 2.08699 95.6037 1
281 956247 5.76316 407 0.520955 2.0865 95.6247 1
282 956466 6.0444 407 0.520836 2.086 95.6466 1
283 956504 1.11907 407 0.520815 2.08591 95.6504 1
284 956588 2.31444 407 0.52077 2.08571 95.6588 1
285 956647 1.57839 407 0.520738 2.08558 95.6647 1
286 956915 7.60777 407 0.520592 2.08495 95.6915 1
287 956977 1.99642 407 0.520558 2.08481 95.6977 1
288 957042 1.77122 407 0.520523 2.08466 95.7042 1
289 957080 1.2087 407 0.520502 2.08457 95.708 1
290 957256 4.97078 407 0.520406 2.08416 95.7256 1
291 957440 5.2973 407 0.520306 2.08374 95.744 1
292 957473 1.08124 407 0.520288 2.08366 95.7473 1
293 957515 1.34365 407 0.520265 2.08356 95.7515 1
294 957550 1.13781 407 0.520246 2.08348 95.755 1
295 957694 4.38237 407 0.520168 2.08315 95.7694 1
296 957733 1.31194 407 0.520147 2.08306 95.7733 1
297 957779 1.47945 407 0.520122 2.08295 95.7779 1
298 957860 2.65439 407 0.520078 2.08277 95.786 1
299 957976 3.61791 407 0.520015 2.0825 95.7976 1
300 958289 9.9452 407 0.519845 2.08178 95.8289 1
301 958401 3.52639 407 0.519785 2.08152 95.8401 1
302 958580 5.99343 407 0.519687 2.08111 95.858 1
303 958697 3.65076 407 0.519624 2.08084 95.8697 1
304 958836 4.62972 407 0.519549 2.08052 95.8836 1
305 958920 2.85466 407 0.519503 2.08033 95.892 1
306 959019 3.43104 407 0.51945 2.0801 95.9019 1
307 959134 4.04296 407 0.519387 2.07984 95.9134 1
309 959294 5.24033 407 0.519301 2.07947 95.9294 1
310 959372 2.70393 407 0.519258 2.07929 95.9372 1
311 959470 3.85318 407 0.519205 2.07907 95.947 1
312 959509 1.55426 407 0.519184 2.07898 95.9509 1
314 959597 3.26563 407 0.519137 2.07878 95.9597 1
315 959692 3.30595 407 0.519085 2.07856 95.9692 1
316 959898 7.40095 407 0.518974 2.07809 95.9898 1
317 960087 6.29914 407 0.518872 2.07765 96.0087 1
318 960204 4.31692 407 0.518809 2.07739 96.0204 1
319 960280 2.65881 407 0.518767 2.07721 96.028 1
321 960417 5.14111 407 0.518693 2.0769 96.0417 1
322 960450 1.30605 407 0.518676 2.07682 96.045 1
323 960515 2.31532 407 0.518641 2.07668 96.0515 1
324 960617 3.93049 407 0.518585 2.07644 96.0617 1
325 960877 9.36353 407 0.518445 2.07585 96.0877 1
326 960919 1.69856 407 0.518422 2.07575 96.0919 1
327 960977 2.17664 407 0.518391 2.07562 96.0977 1
328 961090 4.24386 407 0.51833 2.07536 96.109 1
329 961188 3.83072 407 0.518277 2.07514 96.1188 1
330 961228 1.69659 407 0.518256 2.07505 96.1228 1
331 961355 4.76509 407 0.518187 2.07476 96.1355 1
332 961390 1.55737 407 0.518168 2.07468 96.139 1
334 961492 4.40318 407 0.518114 2.07445 96.1492 1
335 961551 2.49156 407 0.518082 2.07431 96.1551 1
337 961665 4.47989 407 0.51802 2.07405 96.1665 1
338 961694 1.2692 407 0.518005 2.07399 96.1694 1
339 961730 1.60569 407 0.517985 2.07391 96.173 1
340 961785 2.20774 407 0.517956 2.07378 96.1785 1
341 961898 4.53118 407 0.517895 2.07352 96.1898 1
342 962113 8.22963 407 0.517779 2.07303 96.2113 1
343 962277 6.68178 407 0.517691 2.07266 96.2277 1
344 962375 4.12063 407 0.517638 2.07244 96.2375 1
346 962615 9.88331 407 0.517509 2.07189 96.2615 1
347 962716 4.47616 407 0.517455 2.07166 96.2716 1
348 962745 1.37659 407 0.517439 2.0716 96.2745 1
349 962858 4.91156 407 0.517378 2.07134 96.2858 1
350 962940 3.70237 407 0.517334 2.07116 96.294 1
351 963110 7.21604 407 0.517243 2.07077 96.311 1
352 963382 11.2731 407 0.517097 2.07015 96.3382 1
353 963576 8.46133 407 0.516993 2.06971 96.3576 1
355 963721 6.78942 407 0.516915 2.06939 96.3721 1
356 963814 4.33341 407 0.516865 2.06918 96.3814 1
357 963856 1.90175 407 0.516843 2.06908 96.3856 1
358 964045 8.34414 407 0.516741 2.06866 96.4045 1
359 964188 6.35264 490 0.516665 2.06833 96.4188 1
360 964342 6.69301 490 0.516582 2.06798 96.4342 1
361 964506 7.75214 490 0.516494 2.06762 96.4506 1
363 964674 7.91093 490 0.516405 2.06724 96.4674 1
364 964743 3.24862 490 0.516368 2.06708 96.4743 1
367 964823 3.6013 490 0.516325 2.0669 96.4823 1
368 965078 10.7726 490 0.516188 2.06632 96.5078 1
369 965152 3.4131 490 0.516149 2.06616 96.5152 1
370 965244 4.66507 490 0.5161 2.06595 96.5244 1
371 965276 1.84044 490 0.516082 2.06588 96.5276 1
374 965299 1.34265 490 0.51607 2.06583 96.5299 1
375 965496 9.21946 539 0.515965 2.06539 96.5496 1
376 965574 3.75004 539 0.515923 2.06521 96.5574 1
377 965643 3.78939 539 0.515886 2.06506 96.5643 1
378 965725 3.77778 539 0.515843 2.06488 96.5725 1
379 965817 4.88508 539 0.515793 2.06467 96.5817 1
380 965956 6.97763 580 0.515719 2.06436 96.5956 1
381 966112 8.23089 580 0.515636 2.06401 96.6112 1
384 966285 8.9317 580 0.515544 2.06362 96.6285 1
388 966324 2.23736 580 0.515523 2.06354 96.6324 1
389 966482 8.52222 580 0.515438 2.06319 96.6482 1
390 966669 9.73844 580 0.515339 2.06277 96.6669 1
392 966744 4 580 0.515299 2.0626 96.6744 1
395 966810 3.68442 580 0.515264 2.06245 96.681 1
396 966887 4.17895 580 0.515223 2.06228 96.6887 1
397 966927 2.44852 580 0.515201 2.06219 96.6927 1
398 966998 3.76874 580 0.515163 2.06203 96.6998 1
399 967124 6.85939 580 0.515096 2.06175 96.7124 1
400 967274 8.22854 580 0.515016 2.06142 96.7274 1
401 967346 3.93568 580 0.514978 2.06126 96.7346 1
402 967432 4.53137 625 0.514932 2.06106 96.7432 1
403 967471 2.43533 625 0.514912 2.06098 96.7471 1
404 967629 8.78382 625 0.514827 2.06062 96.7629 1
406 967684 3.3448 625 0.514798 2.0605 96.7684 1
407 967862 10.516 625 0.514704 2.06011 96.7862 1
409 967898 2.43258 625 0.514684 2.06003 96.7898 1
411 967939 2.55527 625 0.514663 2.05994 96.7939 1
412 968170 13.1223 625 0.51454 2.05942 96.817 1
413 968242 4.46677 625 0.514502 2.05926 96.8242 1
414 968305 4.00257 625 0.514468 2.05912 96.8305 1
416 968362 3.5623 625 0.514438 2.059 96.8362 1
417 968476 7.28964 625 0.514377 2.05874 96.8476 1
420 968665 11.8492 625 0.514277 2.05832 96.8665 1
422 968722 3.72875 625 0.514247 2.0582 96.8722 1
424 968867 9.14596 625 0.51417 2.05788 96.8867 1
426 968957 5.98394 625 0.514122 2.05768 96.8957 1
428 969014 3.8249 625 0.514092 2.05755 96.9014 1
429 969130 7.77335 625 0.51403 2.0573 96.913 1
430 969268 7.56666 718 0.513957 2.05699 96.9268 1
433 969356 6.39097 718 0.51391 2.0568 96.9356 1
435 969496 9.15479 718 0.513836 2.05649 96.9496 1
436 969587 5.81025 718 0.513788 2.05628 96.9587 1
439 969746 10.6265 718 0.513704 2.05593 96.9746 1
440 969864 8.74592 718 0.513641 2.05567 96.9864 1
443 969966 7.49724 718 0.513587 2.05545 96.9966 1
445 970077 7.14873 718 0.513528 2.0552 97.0077 1
448 970173 6.54669 718 0.513477 2.05499 97.0173 1
449 970281 7.20503 718 0.51342 2.05475 97.0281 1
451 970344 5.10989 718 0.513387 2.05461 97.0344 1
452 970556 15.7562 718 0.513275 2.05415 97.0556 1
453 970682 9.64861 718 0.513208 2.05387 97.0682 1
454 970889 15.3079 718 0.513099 2.05341 97.0889 1
457 970977 6.51767 718 0.513052 2.05322 97.0977 1
459 971062 6.53603 718 0.513007 2.05303 97.1062 1
461 971219 10.0756 718 0.512924 2.05268 97.1219 1
462 971372 12.5849 718 0.512844 2.05235 97.1372 1
463 971440 5.59916 718 0.512808 2.0522 97.144 1
468 971530 6.90488 718 0.51276 2.052 97.153 1
470 971621 7.19809 718 0.512712 2.0518 97.1621 1
472 971751 9.35257 718 0.512644 2.05152 97.1751 1
473 971785 3.21824 718 0.512626 2.05144 97.1785 1
475 971849 5.60121 718 0.512592 2.0513 97.1849 1
476 972011 13.8349 718 0.512507 2.05095 97.2011 1
478 972110 7.8778 718 0.512454 2.05073 97.211 1
479 972171 5.62274 718 0.512422 2.0506 97.2171 1
481 972237 5.87018 718 0.512387 2.05045 97.2237 1
484 972298 5.55142 718 0.512355 2.05032 97.2298 1
486 972377 7.01319 718 0.512314 2.05015 97.2377 1
488 972440 5.89144 718 0.51228 2.05001 97.244 1
490 972451 1.34668 718 0.512275 2.04999 97.2451 1
494 972542 7.47443 718 0.512227 2.04979 97.2542 1
496 972621 7.41098 718 0.512185 2.04962 97.2621 1
498 972811 17.3822 810 0.512085 2.0492 97.2811 1
500 972953 11.659 810 0.51201 2.04889 97.2953 1
501 973037 8.26519 810 0.511966 2.04871 97.3037 1
507 973137 9.51334 810 0.511914 2.04849 97.3137 1
509 973229 8.86697 810 0.511865 2.04829 97.3229 1
512 973421 18.6229 810 0.511764 2.04787 97.3421 1
513 973520 9.8987 810 0.511712 2.04765 97.352 1
515 973596 8.0439 810 0.511672 2.04749 97.3596 1
517 973809 21.6583 810 0.51156 2.04702 97.3809 1
519 973903 9.01231 810 0.511511 2.04682 97.3903 1
520 974045 12.8322 810 0.511436 2.04651 97.4045 1
522 974150 10.774 810 0.511381 2.04628 97.415 1
524 974209 6.80941 810 0.51135 2.04615 97.4209 1
525 974326 11.5752 810 0.511289 2.0459 97.4326 1
526 974438 11.7184 810 0.51123 2.04565 97.4438 1
532 974497 7.19298 810 0.511199 2.04552 97.4497 1
533 974583 9.55463 810 0.511154 2.04534 97.4583 1
535 974650 7.81145 810 0.511119 2.04519 97.465 1
539 974766 12.153 810 0.511058 2.04494 97.4766 1
540 974947 20.6304 810 0.510963 2.04455 97.4947 1
541 975018 8.5718 810 0.510926 2.04439 97.5018 1
543 975129 12.2893 810 0.510868 2.04415 97.5129 1
544 975258 14.0378 810 0.5108 2.04387 97.5258 1
549 975340 10.2406 810 0.510757 2.0437 97.534 1
550 975479 15.154 810 0.510684 2.04339 97.5479 1
551 975542 8.1257 810 0.510652 2.04326 97.5542 1
555 975634 11.2487 810 0.510603 2.04306 97.5634 1
557 975815 22.5025 810 0.510509 2.04267 97.5815 1
558 976062 31.1157 810 0.510379 2.04214 97.6062 1
560 976269 25.8253 810 0.510271 2.04169 97.6269 1
563 976346 10.3593 810 0.510231 2.04152 97.6346 1
566 976414 9.12909 810 0.510195 2.04138 97.6414 1
570 976467 7.36255 810 0.510168 2.04126 97.6467 1
571 976537 9.62504 810 0.510131 2.04111 97.6537 1
573 976662 15.1774 810 0.510066 2.04084 97.6662 1
574 976798 16.6025 810 0.509995 2.04055 97.6798 1
580 976867 10.3287 810 0.509959 2.0404 97.6867 1
592 977184 38.3263 810 0.509793 2.03972 97.7184 1
593 977306 16.7201 810 0.50973 2.03946 97.7306 1
594 977412 14.8102 810 0.509675 2.03923 97.7412 1
597 977480 10.6702 810 0.509639 2.03908 97.748 1
601 977562 12.6762 810 0.509596 2.03891 97.7562 1
606 977637 11.7368 810 0.509557 2.03875 97.7637 1
610 977703 10.629 810 0.509523 2.03861 97.7703 1
611 977842 19.1417 949 0.50945 2.03831 97.7842 1
614 977949 16.7768 949 0.509395 2.03808 97.7949 1
615 978015 10.9354 949 0.50936 2.03794 97.8015 1
618 978115 15.3044 949 0.509308 2.03772 97.8115 1
622 978243 19.6051 949 0.509242 2.03745 97.8243 1
632 978332 15.1818 949 0.509195 2.03726 97.8332 1
636 978415 14.6246 949 0.509152 2.03708 97.8415 1
639 978540 20.3603 949 0.509087 2.03681 97.854 1
646 978623 15.1356 949 0.509044 2.03664 97.8623 1
648 978736 19.149 949 0.508985 2.03639 97.8736 1
649 978872 22.4916 949 0.508914 2.0361 97.8872 1
650 978959 16.2505 949 0.508869 2.03592 97.8959 1
659 979035 14.4951 949 0.50883 2.03576 97.9035 1
660 979230 35.3657 949 0.508728 2.03534 97.923 1
662 979310 15.3862 949 0.508687 2.03517 97.931 1
665 979393 15.9071 949 0.508644 2.03499 97.9393 1
668 979476 16.2565 949 0.508601 2.03482 97.9476 1
669 979599 22.4757 949 0.508537 2.03455 97.9599 1
670 979722 22.7495 949 0.508473 2.03429 97.9722 1
674 979814 17.9138 949 0.508425 2.0341 97.9814 1
678 979969 26.7413 949 0.508345 2.03377 97.9969 1
680 980080 21.5146 949 0.508287 2.03353 98.008 1
688 980365 53.9172 949 0.508139 2.03292 98.0365 1
690 980472 22.0059 949 0.508084 2.0327 98.0472 1
697 980639 31.4623 949 0.507997 2.03234 98.0639 1
704 980700 14.0928 949 0.507966 2.03221 98.07 1
705 980827 25.8535 949 0.5079 2.03194 98.0827 1
709 980951 25.665 949 0.507836 2.03168 98.0951 1
710 981122 32.6266 949 0.507747 2.03132 98.1122 1
720 981261 29.6964 949 0.507675 2.03102 98.1261 1
725 981427 34.5295 949 0.507589 2.03067 98.1427 1
730 981640 48.3495 949 0.507479 2.03022 98.164 1
732 981761 27.2164 949 0.507417 2.02996 98.1761 1
736 981885 28.2519 949 0.507353 2.0297 98.1885 1
737 982043 34.1236 949 0.507271 2.02937 98.2043 1
745 982179 31.7571 949 0.507201 2.02908 98.2179 1
751 982250 18.6985 949 0.507164 2.02893 98.225 1
757 982327 19.9271 949 0.507124 2.02877 98.2327 1
761 982633 70.7538 1071 0.506966 2.02813 98.2633 1
770 982818 43.8019 1071 0.506871 2.02774 98.2818 1
801 983021 50.8408 1147 0.506766 2.02731 98.3021 1
802 983060 12.3898 1147 0.506746 2.02723 98.306 1
806 983286 63.5723 1147 0.50663 2.02675 98.3286 1
809 983521 57.1687 1147 0.506509 2.02626 98.3521 1
810 983651 37.3526 1147 0.506442 2.02598 98.3651 1
819 983733 25.4743 1147 0.5064 2.02581 98.3733 1
839 983924 53.1054 1147 0.506301 2.02541 98.3924 1
840 984034 34.5431 1147 0.506245 2.02518 98.4034 1
843 984245 56.3546 1160 0.506136 2.02474 98.4245 1
844 984392 44.2536 1160 0.506061 2.02443 98.4392 1
854 984564 52.8067 1160 0.505972 2.02407 98.4564 1
898 984689 43.3027 1160 0.505908 2.02381 98.4689 1
907 984805 41.5807 1160 0.505848 2.02357 98.4805 1
924 985195 127.281 1160 0.505648 2.02275 98.5195 1
925 985397 71.3829 1160 0.505544 2.02233 98.5397 1
926 985598 71.2699 1160 0.505441 2.02191 98.5598 1
933 985769 61.8268 1160 0.505354 2.02155 98.5769 1
950 985937 63.1526 1160 0.505268 2.0212 98.5937 1
964 986133 75.3535 1160 0.505167 2.0208 98.6133 1
970 986499 143.024 1334 0.50498 2.02004 98.6499 1
973 986623 52.3317 1334 0.504916 2.01978 98.6623 1
981 986760 57.281 1334 0.504846 2.01949 98.676 1
997 987049 108.481 1436 0.504698 2.01889 98.7049 1
