762
1 31 0.000139 0 0 0 4.06824 0
2 62 0.000663 0 0 0 8.13648 0
3 77 0.000522 0 0 0 10.105 0
4 87 0.000386 0 0 0 11.4173 0
5 99 0.000631 0 0 0 12.9921 0
6 103 0.000151 0 0 0 13.5171 0
7 112 0.000439 0 0 0 14.6982 0
8 123 0.000642 0 0 0 16.1417 0
9 137 0.000971 0 0 0 17.979 0
10 141 0.000258 0 0 0 18.5039 0
11 150 0.000661 0 0 0 19.685 0
12 163 0.001122 0 0 0 21.3911 0
13 173 0.000923 0 0 0 22.7034 0
14 178 0.000576 0 0 0 23.3596 0
15 185 0.000786 0 0 0 24.2782 0
16 195 0.001803 0 0 0 25.5906 0
17 198 0.000574 0 0 0 25.9843 0
18 203 0.002227 0 0 0 26.6404 0
19 210 0.002194 0 0 0 27.5591 0
20 216 0.001443 0 0 0 28.3465 0
21 222 0.001308 0 0 0 29.1339 0
22 226 0.000927 0 0 0 29.6588 0
23 231 0.001449 0 0 0 30.315 0
24 233 0.000533 0 0 0 30.5774 0
25 235 0.00051 0 0 0 30.8399 0
26 241 0.001873 0 0 0 31.6273 0
27 245 0.001096 0 0 0 32.1522 0
28 249 0.00139 0 0 0 32.6772 0
29 251 0.001516 0 0 0 32.9396 0
30 252 0.001059 0 0 0 33.0709 0
31 256 0.002998 0 0 0 33.5958 0
32 262 0.003544 0 0 0 34.3832 0
33 265 0.002029 0 0 0 34.7769 0
34 268 0.001715 0 0 0 35.1706 0
35 271 0.00156 0 0 0 35.5643 0
36 273 0.001173 0 0 0 35.8268 0
37 277 0.003518 0 0 0 36.3517 0
38 284 0.005218 0 0 0 37.2703 0
39 286 0.001611 0 0 0 37.5328 0
40 287 0.001169 0 0 0 37.664 0
41 291 0.003733 0 0 0 38.189 0
43 294 0.002306 0 0 0 38.5827 0
44 296 0.001394 0 0 0 38.8451 0
45 300 0.004485 0 0 0 39.3701 0
46 302 0.001758 0 0 0 39.6325 0
47 303 0.000931 0 0 0 39.7638 0
48 304 0.000976 0 0 0 39.895 0
50 306 0.001642 0 0 0 40.1575 0
51 307 0.001007 0 0 0 40.2887 0
52 308 0.000942 0 0 0 40.4199 0
53 311 0.002977 0 0 0 40.8136 0
55 312 0.001527 0 0 0 40.9449 0
56 314 0.004457 0 0 0 41.2073 0
57 315 0.002285 0 0 0 41.3386 0
59 317 0.002732 0 0 0 41.601 0
60 318 0.001657 0 0 0 41.7323 0
61 319 0.001783 0 0 0 41.8635 0
63 321 0.003304 0 0 0 42.126 0
64 323 0.004414 0 0 0 42.3885 0
65 324 0.001749 0 0 0 42.5197 0
66 326 0.003095 0 0 0 42.7822 0
67 327 0.001944 0 0 0 42.9134 0
70 328 0.001997 0 0 0 43.0446 0
71 330 0.005497 0 0 0 43.3071 0
75 331 0.003142 0 0 0 43.4383 0
76 332 0.001871 0 0 0 43.5696 0
77 334 0.003856 0 0 0 43.832 0
79 335 0.002291 0 0 0 43.9633 0
80 336 0.003123 0 0 0 44.0945 0
83 337 0.003928 0 0 0 44.2257 0
85 339 0.004538 0 0 0 44.4882 0
86 341 0.006277 0 0 0 44.7507 0
87 343 0.006669 0 0 0 45.0131 0
97 345 0.00622 0 0 0 45.2756 0
100 347 0.006954 0 0 0 45.5381 0
102 350 0.012181 0 0 0 45.9318 0
107 352 0.007651 0 0 0 46.1942 0
109 353 0.004187 0 0 0 46.3255 0
114 354 0.00489 0 0 0 46.4567 0
121 355 0.006599 0 0 0 46.5879 0
123 356 0.005327 0 0 0 46.7192 0
125 357 0.006793 0 0 0 46.8504 0
129 358 0.005919 0 0 0 46.9816 0
136 360 0.013209 0 0 0 47.2441 0
138 362 0.01194 0 0 0 47.5066 0
141 363 0.007058 0 0 0 47.6378 0
145 364 0.008342 0 0 0 47.769 0
146 366 0.013409 0 0 0 48.0315 0
150 367 0.007584 0 0 0 48.1627 0
154 369 0.013319 0 0 0 48.4252 0
158 370 0.007092 0 0 0 48.5564 0
159 371 0.006708 0 0 0 48.6877 0
162 372 0.007088 0 0 0 48.8189 0
186 373 0.009698 0 0 0 48.9501 0
190 374 0.010275 0 0 0 49.0814 0
194 375 0.009701 0 0 0 49.2126 0
206 378 0.032202 0 0 0 49.6063 0
207 379 0.010285 0 0 0 49.7375 0
210 380 0.010645 0 0 0 49.8688 0
212 381 0.010537 0 0 0 50 0
214 382 0.011838 0 0 0 50.1312 0
218 383 0.01302 0 0 0 50.2625 0
276 391 0.119384 0 0 0 51.3123 0
278 393 0.033203 0 0 0 51.5748 0
279 394 0.016124 0 0 0 51.706 0
281 395 0.015133 0 0 0 51.8373 0
283 396 0.014929 0 0 0 51.9685 0
284 400 0.066421 0 0 0 52.4934 0
285 401 0.018116 0 0 0 52.6247 0
324 414 0.259788 0 0 0 54.3307 0
347 762 2.91806 374 0.253281 1.33743 100 5
