17903
1 994 0.003352 0 0 0 5.55214 0
2 2571 0.008548 0 0 0 14.3607 0
3 4187 0.013541 0 0 0 23.3871 0
4 5473 0.014671 0 0 0 30.5703 0
5 6455 0.016265 0 0 0 36.0554 0
6 7257 0.017433 0 0 0 40.5351 0
7 7880 0.017013 0 0 0 44.015 0
8 8355 0.01716 0 0 0 46.6682 0
9 8763 0.017447 0 0 0 48.9471 0
10 9146 0.019018 0 0 0 51.0864 0
11 9476 0.018975 0 0 0 52.9297 0
12 9822 0.022576 0 0 0 54.8623 0
13 10092 0.021 0 0 0 56.3704 0
14 10280 0.018706 0 0 0 57.4205 0
15 10469 0.018891 0 0 0 58.4762 0
16 10632 0.020509 0 0 0 59.3867 0
17 10839 0.025014 0 0 0 60.5429 0
18 11009 0.021422 0 0 0 61.4925 0
19 11150 0.022598 0 0 0 62.2801 0
20 11328 0.027457 0 0 0 63.2743 0
21 11455 0.026196 0 0 0 63.9837 0
22 11588 0.024234 0 0 0 64.7266 0
23 11733 0.028591 0 0 0 65.5365 0
24 11809 0.022361 0 0 0 65.961 0
25 11890 0.021771 0 0 0 66.4135 0
26 11962 0.021073 0 0 0 66.8156 0
27 12055 0.028836 0 0 0 67.3351 0
28 12153 0.031169 0 0 0 67.8825 0
29 12258 0.030569 0 0 0 68.469 0
30 12322 0.022849 0 0 0 68.8265 0
31 12411 0.027854 0 0 0 69.3236 0
32 12447 0.019005 0 0 0 69.5247 0
33 12490 0.021146 0 0 0 69.7648 0
34 12529 0.023696 0 0 0 69.9827 0
35 12632 0.037708 0 0 0 70.558 0
36 12675 0.01731 0 0 0 70.7982 0
37 12740 0.024492 0 0 0 71.1613 0
38 12796 0.029798 0 0 0 71.4741 0
39 12845 0.026371 0 0 0 71.7478 0
40 12887 0.027341 0 0 0 71.9823 0
41 12944 0.02832 0 0 0 72.3007 0
42 12996 0.028614 0 0 0 72.5912 0
43 13018 0.021389 0 0 0 72.7141 0
44 13058 0.029895 0 0 0 72.9375 0
45 13092 0.027636 0 0 0 73.1274 0
46 13149 0.040351 0 0 0 73.4458 0
47 13158 0.010747 0 0 0 73.4961 0
48 13197 0.022657 0 0 0 73.7139 0
49 13222 0.026834 0 0 0 73.8535 0
50 13232 0.013099 0 0 0 73.9094 0
51 13289 0.03993 0 0 0 74.2278 0
52 13317 0.028156 0 0 0 74.3842 0
53 13369 0.038412 0 0 0 74.6746 0
54 13379 0.01615 0 0 0 74.7305 0
55 13426 0.048212 0 0 0 74.993 0
56 13438 0.018096 0 0 0 75.06 0
57 13449 0.015858 0 0 0 75.1215 0
58 13461 0.02063 0 0 0 75.1885 0
59 13466 0.009122 0 0 0 75.2164 0
60 13477 0.021931 0 0 0 75.2779 0
61 13485 0.016037 0 0 0 75.3226 0
62 13492 0.015595 0 0 0 75.3617 0
63 13500 0.016558 0 0 0 75.4064 0
64 13508 0.017044 0 0 0 75.451 0
65 13529 0.035846 0 0 0 75.5683 0
66 13541 0.02754 0 0 0 75.6354 0
67 13544 0.008301 0 0 0 75.6521 0
68 13552 0.015822 0 0 0 75.6968 0
69 13563 0.027349 0 0 0 75.7583 0
70 13569 0.016049 0 0 0 75.7918 0
71 13577 0.021674 0 0 0 75.8365 0
72 13587 0.027918 0 0 0 75.8923 0
73 13608 0.035117 0 0 0 76.0096 0
74 13611 0.009534 0 0 0 76.0264 0
75 13622 0.032309 0 0 0 76.0878 0
76 13637 0.03493 0 0 0 76.1716 0
77 13640 0.009233 0 0 0 76.1883 0
78 13645 0.017517 0 0 0 76.2163 0
79 13660 0.03183 0 0 0 76.3001 0
80 13662 0.007512 0 0 0 76.3112 0
81 13663 0.004591 0 0 0 76.3168 0
82 13674 0.04212 0 0 0 76.3783 0
83 13678 0.015112 0 0 0 76.4006 0
84 13683 0.020097 0 0 0 76.4285 0
85 13686 0.01196 0 0 0 76.4453 0
86 13695 0.02925 0 0 0 76.4956 0
87 13703 0.028696 0 0 0 76.5402 0
88 13709 0.020239 0 0 0 76.5738 0
89 13720 0.034574 0 0 0 76.6352 0
90 13722 0.00949 0 0 0 76.6464 0
91 13725 0.011698 0 0 0 76.6631 0
92 13731 0.029236 0 0 0 76.6966 0
93 13732 0.005231 0 0 0 76.7022 0
94 13734 0.009904 0 0 0 76.7134 0
95 13739 0.025672 0 0 0 76.7413 0
96 13742 0.016196 0 0 0 76.7581 0
97 13748 0.026565 0 0 0 76.7916 0
98 13756 0.038173 0 0 0 76.8363 0
99 13757 0.005617 0 0 0 76.8419 0
100 13758 0.005649 0 0 0 76.8475 0
101 13760 0.009835 0 0 0 76.8586 0
102 13763 0.01789 0 0 0 76.8754 0
103 13764 0.006237 0 0 0 76.881 0
104 13766 0.013189 0 0 0 76.8921 0
105 13771 0.029725 0 0 0 76.9201 0
106 13773 0.012825 0 0 0 76.9312 0
107 13774 0.007264 0 0 0 76.9368 0
108 13779 0.02926 0 0 0 76.9648 0
109 13781 0.013283 0 0 0 76.9759 0
110 13785 0.026131 0 0 0 76.9983 0
111 13786 0.006874 0 0 0 77.0039 0
112 13791 0.034751 0 0 0 77.0318 0
113 13793 0.015148 0 0 0 77.043 0
114 13798 0.036741 0 0 0 77.0709 0
115 13800 0.014827 0 0 0 77.0821 0
116 13802 0.014905 0 0 0 77.0932 0
117 13805 0.023786 0 0 0 77.11 0
119 13807 0.016294 0 0 0 77.1212 0
120 13809 0.014603 0 0 0 77.1323 0
121 13810 0.009096 0 0 0 77.1379 0
123 13812 0.015495 0 0 0 77.1491 0
124 13817 0.038407 0 0 0 77.177 0
125 13826 0.045785 0 0 0 77.2273 0
126 13829 0.025173 0 0 0 77.244 0
128 13844 0.084048 0 0 0 77.3278 0
129 13845 0.009966 0 0 0 77.3334 0
131 13848 0.028328 0 0 0 77.3502 0
132 13851 0.029085 0 0 0 77.3669 0
133 13853 0.016651 0 0 0 77.3781 0
134 13854 0.010791 0 0 0 77.3837 0
136 13855 0.010724 0 0 0 77.3893 0
137 13858 0.030811 0 0 0 77.406 0
138 13866 0.05332 0 0 0 77.4507 0
139 13867 0.011019 0 0 0 77.4563 0
140 13870 0.027001 0 0 0 77.473 0
141 13873 0.033057 0 0 0 77.4898 0
142 13875 0.022671 0 0 0 77.501 0
143 13876 0.012435 0 0 0 77.5066 0
145 13877 0.012025 0 0 0 77.5121 0
146 13879 0.023712 0 0 0 77.5233 0
147 13880 0.011941 0 0 0 77.5289 0
149 13881 0.013566 0 0 0 77.5345 0
152 13882 0.012882 0 0 0 77.5401 0
153 13886 0.039768 0 0 0 77.5624 0
156 13888 0.023191 0 0 0 77.5736 0
158 13889 0.014075 0 0 0 77.5792 0
159 13890 0.013161 0 0 0 77.5848 0
160 13892 0.02814 0 0 0 77.5959 0
161 13894 0.028981 0 0 0 77.6071 0
162 13896 0.027355 0 0 0 77.6183 0
163 13899 0.036592 0 0 0 77.635 0
165 13903 0.057284 0 0 0 77.6574 0
166 13904 0.015584 0 0 0 77.663 0
167 13908 0.056013 0 0 0 77.6853 0
168 13909 0.018419 0 0 0 77.6909 0
169 13910 0.017 0 0 0 77.6965 0
172 13911 0.017474 0 0 0 77.7021 0
174 13915 0.067662 0 0 0 77.7244 0
175 13916 0.017232 0 0 0 77.73 0
177 13918 0.032722 0 0 0 77.7412 0
178 13919 0.018001 0 0 0 77.7467 0
180 13920 0.017815 0 0 0 77.7523 0
181 13922 0.034825 0 0 0 77.7635 0
182 13923 0.018349 0 0 0 77.7691 0
183 13924 0.017601 0 0 0 77.7747 0
185 13927 0.047612 0 0 0 77.7914 0
186 13928 0.019891 0 0 0 77.797 0
187 13929 0.017979 0 0 0 77.8026 0
188 13930 0.020259 0 0 0 77.8082 0
189 13931 0.021017 0 0 0 77.8138 0
190 13932 0.019313 0 0 0 77.8194 0
191 13934 0.039799 0 0 0 77.8305 0
192 13935 0.020992 0 0 0 77.8361 0
196 13936 0.020991 0 0 0 77.8417 0
197 13938 0.045104 0 0 0 77.8529 0
198 13940 0.03229 0 0 0 77.864 0
201 13941 0.022316 0 0 0 77.8696 0
202 13942 0.0228 0 0 0 77.8752 0
205 13944 0.038495 0 0 0 77.8864 0
207 13945 0.023292 0 0 0 77.892 0
208 13948 0.047716 0 0 0 77.9087 0
209 13951 0.05856 0 0 0 77.9255 0
210 13952 0.024536 0 0 0 77.9311 0
211 13954 0.041794 0 0 0 77.9422 0
214 13955 0.025359 0 0 0 77.9478 0
218 13956 0.026012 0 0 0 77.9534 0
223 13957 0.026158 0 0 0 77.959 0
224 13958 0.015268 0 0 0 77.9646 0
225 13959 0.026844 0 0 0 77.9702 0
227 13960 0.026153 0 0 0 77.9758 0
228 13961 0.028224 0 0 0 77.9813 0
230 13963 0.049226 0 0 0 77.9925 0
231 13964 0.029622 0 0 0 77.9981 0
237 13965 0.03008 0 0 0 78.0037 0
241 13966 0.028939 0 0 0 78.0093 0
243 13967 0.033181 0 0 0 78.0149 0
245 13968 0.021652 0 0 0 78.0204 0
250 13973 0.13348 0 0 0 78.0484 0
251 13974 0.03388 0 0 0 78.054 0
253 13975 0.034366 0 0 0 78.0595 0
254 13976 0.024808 0 0 0 78.0651 0
255 13977 0.034892 0 0 0 78.0707 0
258 13979 0.071488 0 0 0 78.0819 0
259 13980 0.033466 0 0 0 78.0875 0
261 13983 0.076276 0 0 0 78.1042 0
263 13984 0.036788 0 0 0 78.1098 0
269 13985 0.038701 0 0 0 78.1154 0
270 13986 0.038658 0 0 0 78.121 0
274 13987 0.040458 0 0 0 78.1266 0
276 13988 0.04134 0 0 0 78.1322 0
280 13989 0.040961 0 0 0 78.1377 0
283 13991 0.084449 0 0 0 78.1489 0
286 13993 0.066525 0 0 0 78.1601 0
289 13995 0.074936 0 0 0 78.1713 0
290 13996 0.041466 0 0 0 78.1768 0
291 13997 0.047235 0 0 0 78.1824 0
293 13999 0.090618 0 0 0 78.1936 0
298 14000 0.035438 0 0 0 78.1992 0
304 14001 0.050113 0 0 0 78.2048 0
310 14006 0.181991 0 0 0 78.2327 0
311 14007 0.060371 0 0 0 78.2383 0
320 14008 0.056799 0 0 0 78.2439 0
324 14009 0.032137 0 0 0 78.2495 0
325 14010 0.060285 0 0 0 78.255 0
332 14015 0.237951 0 0 0 78.283 0
337 14016 0.060043 0 0 0 78.2886 0
339 14019 0.126481 0 0 0 78.3053 0
343 14020 0.047501 0 0 0 78.3109 0
354 14025 0.20995 0 0 0 78.3388 0
361 14026 0.068397 0 0 0 78.3444 0
362 14027 0.070517 0 0 0 78.35 0
368 14029 0.140432 0 0 0 78.3612 0
370 14031 0.112529 0 0 0 78.3723 0
373 14032 0.072353 0 0 0 78.3779 0
376 14033 0.073768 0 0 0 78.3835 0
381 14034 0.075895 0 0 0 78.3891 0
383 14035 0.058104 0 0 0 78.3947 0
392 14036 0.078444 0 0 0 78.4003 0
395 14037 0.081163 0 0 0 78.4059 0
405 14038 0.084114 0 0 0 78.4114 0
417 14039 0.087612 0 0 0 78.417 0
421 14042 0.236018 0 0 0 78.4338 0
423 14043 0.056991 0 0 0 78.4394 0
444 14044 0.102048 0 0 0 78.445 0
450 14046 0.16795 0 0 0 78.4561 0
454 14047 0.104432 0 0 0 78.4617 0
456 14049 0.182529 0 0 0 78.4729 0
470 14050 0.11384 0 0 0 78.4785 0
489 14051 0.120047 0 0 0 78.4841 0
494 14052 0.122496 0 0 0 78.4896 0
512 14054 0.222326 0 0 0 78.5008 0
513 14056 0.242204 0 0 0 78.512 0
514 14061 0.543177 0 0 0 78.5399 0
517 14064 0.327622 0 0 0 78.5567 0
532 14065 0.139125 0 0 0 78.5623 0
549 14066 0.148521 0 0 0 78.5678 0
550 14067 0.111627 0 0 0 78.5734 0
582 14068 0.169666 0 0 0 78.579 0
593 14070 0.299984 0 0 0 78.5902 0
600 14071 0.179977 0 0 0 78.5958 0
619 14074 0.466971 0 0 0 78.6125 0
620 14075 0.143318 0 0 0 78.6181 0
629 14076 0.189494 0 0 0 78.6237 0
630 14077 0.194548 0 0 0 78.6293 0
633 14078 0.196413 0 0 0 78.6349 0
637 14079 0.19945 0 0 0 78.6405 0
640 14080 0.157929 0 0 0 78.646 0
651 14081 0.166721 0 0 0 78.6516 0
662 14082 0.179213 0 0 0 78.6572 0
698 14083 0.233557 0 0 0 78.6628 0
719 14084 0.256977 0 0 0 78.6684 0
727 14086 0.468134 0 0 0 78.6796 0
749 14087 0.265241 0 0 0 78.6851 0
750 14088 0.208657 0 0 0 78.6907 0
755 14089 0.27161 0 0 0 78.6963 0
760 14090 0.267211 0 0 0 78.7019 0
764 14091 0.224775 0 0 0 78.7075 0
791 14092 0.292118 0 0 0 78.7131 0
813 14093 0.254563 0 0 0 78.7187 0
842 14094 0.335318 0 0 0 78.7242 0
885 14095 0.362993 0 0 0 78.7298 0
896 14096 0.302943 0 0 0 78.7354 0
899 14097 0.37195 0 0 0 78.741 0
952 14098 0.408587 0 0 0 78.7466 0
965 14100 0.771655 0 0 0 78.7578 0
970 14101 0.425054 0 0 0 78.7633 0
982 14102 0.370568 0 0 0 78.7689 0
1078 14103 0.516214 0 0 0 78.7745 0
1115 14105 1.00737 0 0 0 78.7857 0
1126 14106 0.470801 0 0 0 78.7913 0
1158 14108 1.08298 0 0 0 78.8024 0
1181 14109 0.522815 0 0 0 78.808 0
1198 14111 1.16673 0 0 0 78.8192 0
1215 14114 1.73011 0 0 0 78.8359 0
1220 14115 0.560197 0 0 0 78.8415 0
1225 14117 1.10978 0 0 0 78.8527 0
1237 14118 0.572623 0 0 0 78.8583 0
1340 14119 0.767151 0 0 0 78.8639 0
1346 14120 0.667907 0 0 0 78.8695 0
1389 14122 1.52199 0 0 0 78.8806 0
1404 14123 0.836922 0 0 0 78.8862 0
1434 14124 0.768925 0 0 0 78.8918 0
1604 14127 2.89595 0 0 0 78.9086 0
1611 14128 0.940016 0 0 0 78.9141 0
1625 14132 3.96947 0 0 0 78.9365 0
1629 14133 0.963928 0 0 0 78.9421 0
1648 14134 0.992312 0 0 0 78.9477 0
1721 14135 1.09013 0 0 0 78.9532 0
1788 14139 4.76545 0 0 0 78.9756 0
1984 14145 8.61197 0 0 0 79.0091 0
2073 14146 1.67382 0 0 0 79.0147 0
2076 14147 1.53047 0 0 0 79.0203 0
2080 14148 1.54431 0 0 0 79.0259 0
2254 14149 1.9328 0 0 0 79.0314 0
2255 14150 1.81864 0 0 0 79.037 0
2259 14151 1.80937 0 0 0 79.0426 0
2471 14170 43.7796 0 0 0 79.1487 0
2681 14201 76.3717 0 0 0 79.3219 0
2688 14202 2.51186 0 0 0 79.3275 0
3017 14248 140.626 0 0 0 79.5844 0
3283 14351 362.762 0 0 0 80.1597 0
3551 17903 709.167 3734 0.342345 1.52047 100 9
