334863
1 28971 0.153771 0 0 0 8.6516 0
2 72240 0.32378 0 0 0 21.573 0
3 128376 0.650795 0 0 0 38.3369 0
4 190233 0.995439 0 0 0 56.8092 0
5 244058 1.1611 0 0 0 72.8829 0
6 261382 0.552167 0 0 0 78.0564 0
7 271818 0.46673 0 0 0 81.1729 0
8 278545 0.398571 0 0 0 83.1818 0
9 283089 0.396338 0 0 0 84.5388 0
10 286497 0.337989 0 0 0 85.5565 0
11 288974 0.306959 0 0 0 86.2962 0
12 290951 0.305387 0 0 0 86.8866 0
13 292584 0.264895 0 0 0 87.3742 0
14 293885 0.242672 0 0 0 87.7628 0
15 295045 0.233331 0 0 0 88.1092 0
16 296050 0.212558 0 0 0 88.4093 0
17 296888 0.201739 0 0 0 88.6595 0
18 297665 0.201924 0 0 0 88.8916 0
19 298341 0.195013 0 0 0 89.0935 0
20 298917 0.175485 0 0 0 89.2655 0
21 299459 0.183712 0 0 0 89.4273 0
22 299953 0.179187 0 0 0 89.5748 0
23 300397 0.172296 0 0 0 89.7074 0
24 300750 0.155661 0 0 0 89.8128 0
25 301108 0.16464 0 0 0 89.9198 0
26 301431 0.157944 0 0 0 90.0162 0
27 301774 0.175543 0 0 0 90.1186 0
28 302053 0.153658 0 0 0 90.202 0
29 302311 0.151092 0 0 0 90.279 0
30 302524 0.141636 0 0 0 90.3426 0
31 302747 0.153339 0 0 0 90.4092 0
32 302946 0.144836 0 0 0 90.4686 0
33 303128 0.137721 0 0 0 90.523 0
34 303296 0.132376 0 0 0 90.5732 0
35 303481 0.14892 0 0 0 90.6284 0
36 303656 0.146704 0 0 0 90.6807 0
37 303818 0.154202 0 0 0 90.729 0
38 303949 0.142484 0 0 0 90.7682 0
39 304072 0.142975 0 0 0 90.8049 0
40 304190 0.133582 0 0 0 90.8401 0
41 304326 0.159994 0 0 0 90.8807 0
42 304449 0.142338 0 0 0 90.9175 0
43 304565 0.138019 0 0 0 90.9521 0
44 304680 0.154365 0 0 0 90.9865 0
45 304791 0.135769 0 0 0 91.0196 0
46 304873 0.115946 0 0 0 91.0441 0
47 304960 0.122112 0 0 0 91.0701 0
48 305065 0.153507 0 0 0 91.1014 0
49 305149 0.129864 0 0 0 91.1265 0
50 305241 0.143032 0 0 0 91.154 0
51 305309 0.110649 0 0 0 91.1743 0
52 305386 0.127866 0 0 0 91.1973 0
53 305457 0.127478 0 0 0 91.2185 0
54 305540 0.147755 0 0 0 91.2433 0
55 305624 0.157703 0 0 0 91.2684 0
56 305691 0.130812 0 0 0 91.2884 0
57 305766 0.153103 0 0 0 91.3108 0
58 305828 0.13644 0 0 0 91.3293 0
59 305894 0.135723 0 0 0 91.349 0
60 305960 0.143634 0 0 0 91.3687 0
61 306025 0.143608 0 0 0 91.3881 0
62 306101 0.191623 0 0 0 91.4108 0
63 306150 0.147562 0 0 0 91.4254 0
64 306186 0.097861 0 0 0 91.4362 0
65 306239 0.122873 0 0 0 91.452 0
66 306286 0.127996 0 0 0 91.4661 0
67 306317 0.094321 0 0 0 91.4753 0
68 306356 0.120198 0 0 0 91.487 0
69 306380 0.08153 0 0 0 91.4941 0
70 306412 0.104166 0 0 0 91.5037 0
71 306448 0.111527 0 0 0 91.5144 0
72 306503 0.160014 0 0 0 91.5309 0
73 306547 0.136608 0 0 0 91.544 0
74 306591 0.126153 0 0 0 91.5571 0
75 306631 0.137694 0 0 0 91.5691 0
76 306668 0.12476 0 0 0 91.5801 0
77 306728 0.206822 0 0 0 91.5981 0
78 306771 0.153603 0 0 0 91.6109 0
79 306794 0.092616 0 0 0 91.6178 0
80 306838 0.145371 0 0 0 91.6309 0
81 306877 0.134923 0 0 0 91.6426 0
82 306903 0.113147 0 0 0 91.6503 0
83 306940 0.148819 0 0 0 91.6614 0
84 306959 0.084092 0 0 0 91.667 0
85 306993 0.139098 0 0 0 91.6772 0
86 307023 0.137406 0 0 0 91.6862 0
87 307052 0.130734 0 0 0 91.6948 0
88 307078 0.118883 0 0 0 91.7026 0
89 307105 0.125561 0 0 0 91.7106 0
90 307124 0.095259 0 0 0 91.7163 0
91 307147 0.105176 0 0 0 91.7232 0
92 307172 0.12342 0 0 0 91.7306 0
93 307195 0.118754 0 0 0 91.7375 0
94 307221 0.156584 0 0 0 91.7453 0
95 307249 0.129433 0 0 0 91.7536 0
96 307270 0.108088 0 0 0 91.7599 0
97 307291 0.110842 0 0 0 91.7662 0
98 307316 0.12494 0 0 0 91.7737 0
99 307347 0.160724 0 0 0 91.7829 0
100 307360 0.085404 0 0 0 91.7868 0
101 307374 0.085588 0 0 0 91.791 0
102 307397 0.119339 0 0 0 91.7978 0
103 307415 0.102511 0 0 0 91.8032 0
104 307444 0.15069 0 0 0 91.8119 0
105 307457 0.09046 0 0 0 91.8158 0
106 307472 0.091263 0 0 0 91.8202 0
107 307509 0.212109 0 0 0 91.8313 0
108 307522 0.108091 0 0 0 91.8352 0
109 307534 0.095581 0 0 0 91.8388 0
110 307565 0.188485 0 0 0 91.848 0
111 307584 0.136385 0 0 0 91.8537 0
112 307597 0.100955 0 0 0 91.8576 0
113 307608 0.077656 0 0 0 91.8609 0
114 307636 0.189379 0 0 0 91.8692 0
115 307657 0.144184 0 0 0 91.8755 0
116 307669 0.094428 0 0 0 91.8791 0
117 307685 0.132773 0 0 0 91.8838 0
118 307700 0.124081 0 0 0 91.8883 0
119 307707 0.055343 0 0 0 91.8904 0
120 307736 0.227568 0 0 0 91.8991 0
121 307748 0.100401 0 0 0 91.9027 0
122 307755 0.072594 0 0 0 91.9047 0
123 307773 0.15194 0 0 0 91.9101 0
124 307792 0.162118 0 0 0 91.9158 0
125 307812 0.173791 0 0 0 91.9218 0
126 307832 0.159932 0 0 0 91.9277 0
127 307856 0.207976 0 0 0 91.9349 0
128 307865 0.083603 0 0 0 91.9376 0
129 307882 0.144625 0 0 0 91.9427 0
130 307891 0.074576 0 0 0 91.9454 0
131 307908 0.146221 0 0 0 91.9504 0
132 307927 0.195225 0 0 0 91.9561 0
133 307932 0.057685 0 0 0 91.9576 0
134 307943 0.119181 0 0 0 91.9609 0
135 307964 0.174488 0 0 0 91.9672 0
136 307975 0.10435 0 0 0 91.9704 0
137 307985 0.12165 0 0 0 91.9734 0
138 307997 0.148915 0 0 0 91.977 0
139 308007 0.107919 0 0 0 91.98 0
140 308015 0.097947 0 0 0 91.9824 0
141 308026 0.134207 0 0 0 91.9857 0
142 308033 0.089649 0 0 0 91.9878 0
143 308041 0.103586 0 0 0 91.9902 0
144 308053 0.123258 0 0 0 91.9937 0
145 308060 0.090253 0 0 0 91.9958 0
146 308074 0.164982 0 0 0 92 0
147 308081 0.086335 0 0 0 92.0021 0
148 308093 0.126003 0 0 0 92.0057 0
149 308097 0.052215 0 0 0 92.0069 0
150 308112 0.136666 0 0 0 92.0114 0
151 308120 0.109336 0 0 0 92.0137 0
152 308126 0.08213 0 0 0 92.0155 0
153 308147 0.230728 0 0 0 92.0218 0
154 308157 0.138674 0 0 0 92.0248 0
155 308167 0.145701 0 0 0 92.0278 0
156 308170 0.042219 0 0 0 92.0287 0
157 308178 0.114746 0 0 0 92.0311 0
158 308205 0.252012 0 0 0 92.0391 0
159 308214 0.130922 0 0 0 92.0418 0
160 308228 0.173937 0 0 0 92.046 0
161 308237 0.120043 0 0 0 92.0487 0
162 308247 0.159484 0 0 0 92.0517 0
163 308253 0.085796 0 0 0 92.0535 0
164 308262 0.134878 0 0 0 92.0562 0
165 308263 0.01809 0 0 0 92.0565 0
166 308271 0.119313 0 0 0 92.0588 0
167 308274 0.052826 0 0 0 92.0597 0
168 308284 0.165058 0 0 0 92.0627 0
169 308288 0.062786 0 0 0 92.0639 0
170 308294 0.099434 0 0 0 92.0657 0
171 308296 0.030879 0 0 0 92.0663 0
172 308302 0.10387 0 0 0 92.0681 0
173 308321 0.230323 0 0 0 92.0738 0
174 308326 0.103633 0 0 0 92.0753 0
175 308332 0.115649 0 0 0 92.0771 0
176 308341 0.17571 0 0 0 92.0797 0
177 308345 0.081551 0 0 0 92.0809 0
178 308355 0.178866 0 0 0 92.0839 0
179 308365 0.189794 0 0 0 92.0869 0
180 308370 0.08632 0 0 0 92.0884 0
181 308378 0.153991 0 0 0 92.0908 0
182 308387 0.165517 0 0 0 92.0935 0
183 308402 0.226385 0 0 0 92.098 0
184 308407 0.102281 0 0 0 92.0995 0
185 308408 0.022894 0 0 0 92.0998 0
186 308412 0.062809 0 0 0 92.1009 0
187 308422 0.137662 0 0 0 92.1039 0
188 308425 0.062727 0 0 0 92.1048 0
189 308432 0.132582 0 0 0 92.1069 0
190 308435 0.064819 0 0 0 92.1078 0
191 308442 0.102938 0 0 0 92.1099 0
192 308447 0.117717 0 0 0 92.1114 0
193 308468 0.338832 0 0 0 92.1177 0
194 308471 0.07067 0 0 0 92.1186 0
195 308474 0.072489 0 0 0 92.1195 0
196 308476 0.057895 0 0 0 92.1201 0
197 308485 0.190965 0 0 0 92.1227 0
198 308492 0.13601 0 0 0 92.1248 0
199 308494 0.05183 0 0 0 92.1254 0
200 308498 0.092951 0 0 0 92.1266 0
201 308503 0.118923 0 0 0 92.1281 0
202 308509 0.137222 0 0 0 92.1299 0
203 308515 0.125489 0 0 0 92.1317 0
204 308516 0.026857 0 0 0 92.132 0
205 308519 0.07755 0 0 0 92.1329 0
206 308523 0.105079 0 0 0 92.1341 0
207 308532 0.182071 0 0 0 92.1368 0
208 308548 0.255053 0 0 0 92.1416 0
209 308559 0.197863 0 0 0 92.1448 0
210 308565 0.151484 0 0 0 92.1466 0
211 308570 0.123631 0 0 0 92.1481 0
212 308571 0.029336 0 0 0 92.1484 0
213 308581 0.191329 0 0 0 92.1514 0
214 308584 0.081814 0 0 0 92.1523 0
215 308585 0.033012 0 0 0 92.1526 0
216 308588 0.092295 0 0 0 92.1535 0
217 308594 0.14415 0 0 0 92.1553 0
218 308600 0.158815 0 0 0 92.1571 0
219 308602 0.057832 0 0 0 92.1577 0
220 308606 0.120435 0 0 0 92.1589 0
221 308607 0.03381 0 0 0 92.1592 0
222 308612 0.152046 0 0 0 92.1607 0
223 308618 0.14861 0 0 0 92.1625 0
224 308623 0.155772 0 0 0 92.164 0
225 308626 0.080088 0 0 0 92.1649 0
226 308629 0.092865 0 0 0 92.1658 0
227 308632 0.094528 0 0 0 92.1666 0
228 308635 0.093614 0 0 0 92.1675 0
229 308642 0.155027 0 0 0 92.1696 0
230 308649 0.134501 0 0 0 92.1717 0
231 308653 0.140018 0 0 0 92.1729 0
232 308657 0.135895 0 0 0 92.1741 0
233 308661 0.118003 0 0 0 92.1753 0
234 308668 0.204083 0 0 0 92.1774 0
235 308673 0.164341 0 0 0 92.1789 0
236 308674 0.033024 0 0 0 92.1792 0
237 308677 0.083764 0 0 0 92.1801 0
238 308686 0.290057 0 0 0 92.1828 0
239 308690 0.137436 0 0 0 92.184 0
240 308694 0.13137 0 0 0 92.1852 0
242 308708 0.271722 0 0 0 92.1893 0
243 308714 0.153749 0 0 0 92.1911 0
244 308716 0.07143 0 0 0 92.1917 0
245 308719 0.111795 0 0 0 92.1926 0
246 308722 0.091075 0 0 0 92.1935 0
247 308731 0.293947 0 0 0 92.1962 0
248 308734 0.100958 0 0 0 92.1971 0
249 308736 0.062795 0 0 0 92.1977 0
250 308740 0.152592 0 0 0 92.1989 0
251 308742 0.076756 0 0 0 92.1995 0
252 308743 0.042631 0 0 0 92.1998 0
255 308750 0.171053 0 0 0 92.2019 0
256 308753 0.121544 0 0 0 92.2028 0
257 308755 0.075357 0 0 0 92.2034 0
258 308762 0.322459 0 0 0 92.2055 0
259 308765 0.126394 0 0 0 92.2064 0
260 308767 0.087602 0 0 0 92.207 0
261 308776 0.280615 0 0 0 92.2096 0
262 308778 0.072591 0 0 0 92.2102 0
263 308784 0.231398 0 0 0 92.212 0
264 308787 0.090499 0 0 0 92.2129 0
265 308791 0.163172 0 0 0 92.2141 0
266 308797 0.215884 0 0 0 92.2159 0
267 308801 0.125135 0 0 0 92.2171 0
269 308810 0.242333 0 0 0 92.2198 0
270 308811 0.03281 0 0 0 92.2201 0
271 308813 0.090689 0 0 0 92.2207 0
272 308814 0.047246 0 0 0 92.221 0
273 308816 0.079426 0 0 0 92.2216 0
275 308819 0.129541 0 0 0 92.2225 0
276 308823 0.182056 0 0 0 92.2237 0
277 308825 0.093081 0 0 0 92.2243 0
278 308837 0.33621 0 0 0 92.2279 0
281 308839 0.095095 0 0 0 92.2285 0
282 308841 0.095874 0 0 0 92.2291 0
283 308844 0.149246 0 0 0 92.23 0
284 308853 0.330083 0 0 0 92.2326 0
285 308854 0.054946 0 0 0 92.2329 0
286 308855 0.05645 0 0 0 92.2332 0
288 308860 0.197379 0 0 0 92.2347 0
289 308861 0.053799 0 0 0 92.235 0
291 308862 0.053794 0 0 0 92.2353 0
292 308867 0.206498 0 0 0 92.2368 0
294 308870 0.152848 0 0 0 92.2377 0
295 308871 0.054921 0 0 0 92.238 0
296 308872 0.034713 0 0 0 92.2383 0
297 308875 0.152924 0 0 0 92.2392 0
298 308877 0.114117 0 0 0 92.2398 0
300 308885 0.299701 0 0 0 92.2422 0
301 308890 0.198232 0 0 0 92.2437 0
302 308892 0.107904 0 0 0 92.2443 0
303 308894 0.110535 0 0 0 92.2449 0
304 308895 0.062952 0 0 0 92.2452 0
305 308897 0.108858 0 0 0 92.2458 0
307 308902 0.294122 0 0 0 92.2473 0
308 308914 0.451616 0 0 0 92.2509 0
309 308917 0.144999 0 0 0 92.2518 0
310 308919 0.118301 0 0 0 92.2524 0
312 308920 0.058392 0 0 0 92.2527 0
313 308922 0.120975 0 0 0 92.2532 0
314 308925 0.148713 0 0 0 92.2541 0
315 308934 0.316926 0 0 0 92.2568 0
316 308936 0.123172 0 0 0 92.2574 0
317 308938 0.116613 0 0 0 92.258 0
318 308971 1.06204 0 0 0 92.2679 0
319 309006 1.15096 0 0 0 92.2783 0
320 309014 0.383497 0 0 0 92.2807 0
321 309015 0.061875 0 0 0 92.281 0
322 309017 0.082413 0 0 0 92.2816 0
323 309035 0.725764 0 0 0 92.287 0
324 309039 0.222274 0 0 0 92.2882 0
325 309050 0.413709 0 0 0 92.2915 0
327 309054 0.254629 0 0 0 92.2927 0
328 309059 0.328343 0 0 0 92.2942 0
329 309061 0.108788 0 0 0 92.2948 0
330 309062 0.066145 0 0 0 92.2951 0
332 309063 0.066937 0 0 0 92.2954 0
333 309066 0.135773 0 0 0 92.2963 0
335 309072 0.268889 0 0 0 92.298 0
337 309074 0.138063 0 0 0 92.2986 0
339 309076 0.139353 0 0 0 92.2992 0
341 309078 0.140489 0 0 0 92.2998 0
342 309083 0.209852 0 0 0 92.3013 0
344 309087 0.222142 0 0 0 92.3025 0
345 309093 0.329182 0 0 0 92.3043 0
346 309098 0.282947 0 0 0 92.3058 0
347 309099 0.072183 0 0 0 92.3061 0
348 309101 0.159212 0 0 0 92.3067 0
349 309102 0.072853 0 0 0 92.307 0
350 309103 0.075678 0 0 0 92.3073 0
351 309104 0.073949 0 0 0 92.3076 0
352 309105 0.075999 0 0 0 92.3079 0
353 309108 0.228444 0 0 0 92.3088 0
355 309109 0.079266 0 0 0 92.3091 0
358 309111 0.156775 0 0 0 92.3097 0
360 309113 0.155817 0 0 0 92.3103 0
361 309114 0.072507 0 0 0 92.3106 0
364 309115 0.078795 0 0 0 92.3109 0
368 309116 0.083603 0 0 0 92.3112 0
371 309120 0.297015 0 0 0 92.3124 0
372 309125 0.305233 0 0 0 92.3139 0
373 309126 0.088317 0 0 0 92.3142 0
374 309130 0.261537 0 0 0 92.3154 0
377 309131 0.085901 0 0 0 92.3157 0
378 309133 0.171231 0 0 0 92.3163 0
379 309134 0.08941 0 0 0 92.3166 0
380 309135 0.091934 0 0 0 92.3169 0
383 309136 0.089535 0 0 0 92.3172 0
384 309141 0.315922 0 0 0 92.3186 0
385 309142 0.088308 0 0 0 92.3189 0
386 309146 0.27699 0 0 0 92.3201 0
388 309172 1.22976 0 0 0 92.3279 0
390 309174 0.133657 0 0 0 92.3285 0
391 309176 0.194006 0 0 0 92.3291 0
396 309177 0.105093 0 0 0 92.3294 0
398 309178 0.109833 0 0 0 92.3297 0
399 309179 0.095461 0 0 0 92.33 0
400 309180 0.096204 0 0 0 92.3303 0
401 309181 0.099455 0 0 0 92.3306 0
404 309182 0.10355 0 0 0 92.3309 0
405 309183 0.096881 0 0 0 92.3312 0
406 309186 0.226059 0 0 0 92.3321 0
407 309195 0.538136 0 0 0 92.3348 0
408 309197 0.194697 0 0 0 92.3354 0
409 309199 0.16286 0 0 0 92.336 0
411 309202 0.238063 0 0 0 92.3369 0
412 309204 0.199039 0 0 0 92.3375 0
413 309209 0.409894 0 0 0 92.339 0
414 309212 0.260474 0 0 0 92.3399 0
416 309213 0.070885 0 0 0 92.3402 0
417 309214 0.100121 0 0 0 92.3404 0
418 309215 0.102945 0 0 0 92.3407 0
419 309216 0.108442 0 0 0 92.341 0
422 309217 0.108125 0 0 0 92.3413 0
423 309222 0.362236 0 0 0 92.3428 0
424 309224 0.211867 0 0 0 92.3434 0
425 309227 0.283354 0 0 0 92.3443 0
427 309228 0.091054 0 0 0 92.3446 0
428 309229 0.105777 0 0 0 92.3449 0
430 309231 0.1874 0 0 0 92.3455 0
431 309234 0.300139 0 0 0 92.3464 0
432 309235 0.105021 0 0 0 92.3467 0
433 309236 0.116473 0 0 0 92.347 0
435 309237 0.117534 0 0 0 92.3473 0
436 309243 0.444696 0 0 0 92.3491 0
440 309245 0.229703 0 0 0 92.3497 0
442 309257 0.76746 0 0 0 92.3533 0
443 309258 0.081089 0 0 0 92.3536 0
444 309261 0.248704 0 0 0 92.3545 0
447 309264 0.272036 0 0 0 92.3554 0
448 309267 0.315757 0 0 0 92.3563 0
450 309270 0.303949 0 0 0 92.3572 0
451 309271 0.118417 0 0 0 92.3575 0
452 309274 0.324763 0 0 0 92.3584 0
455 309277 0.325901 0 0 0 92.3593 0
458 309295 1.30225 0 0 0 92.3646 0
462 309298 0.370647 0 0 0 92.3655 0
463 309300 0.2554 0 0 0 92.3661 0
465 309301 0.127819 0 0 0 92.3664 0
466 309306 0.513981 0 0 0 92.3679 0
467 309310 0.427336 0 0 0 92.3691 0
468 309311 0.096916 0 0 0 92.3694 0
471 309312 0.135213 0 0 0 92.3697 0
473 309313 0.134415 0 0 0 92.37 0
475 309317 0.388597 0 0 0 92.3712 0
477 309318 0.140893 0 0 0 92.3715 0
482 309320 0.280409 0 0 0 92.3721 0
483 309321 0.144167 0 0 0 92.3724 0
489 309324 0.366102 0 0 0 92.3733 0
490 309325 0.141477 0 0 0 92.3736 0
491 309328 0.429286 0 0 0 92.3745 0
494 309330 0.289873 0 0 0 92.3751 0
497 309335 0.514006 0 0 0 92.3766 0
498 309340 0.561312 0 0 0 92.3781 0
499 309343 0.353135 0 0 0 92.379 0
502 309344 0.176477 0 0 0 92.3793 0
506 309345 0.157164 0 0 0 92.3796 0
510 309349 0.62677 0 0 0 92.3808 0
513 309360 1.18493 0 0 0 92.384 0
514 309361 0.169956 0 0 0 92.3843 0
517 309367 0.691951 0 0 0 92.3861 0
518 309368 0.156854 0 0 0 92.3864 0
519 309370 0.254148 0 0 0 92.387 0
520 309371 0.15705 0 0 0 92.3873 0
522 309372 0.158758 0 0 0 92.3876 0
525 309376 0.549281 0 0 0 92.3888 0
531 309377 0.111343 0 0 0 92.3891 0
534 309378 0.16713 0 0 0 92.3894 0
535 309379 0.178295 0 0 0 92.3897 0
537 309380 0.116943 0 0 0 92.39 0
539 309381 0.185819 0 0 0 92.3903 0
541 309382 0.146319 0 0 0 92.3906 0
542 309399 1.86311 0 0 0 92.3957 0
543 309401 0.279131 0 0 0 92.3963 0
547 309403 0.305273 0 0 0 92.3969 0
548 309406 0.420173 0 0 0 92.3978 0
556 309424 2.06908 0 0 0 92.4032 0
558 309425 0.21056 0 0 0 92.4035 0
560 309426 0.203591 0 0 0 92.4038 0
561 309431 0.707577 0 0 0 92.4053 0
562 309432 0.186613 0 0 0 92.4056 0
564 309433 0.191829 0 0 0 92.4058 0
565 309434 0.191157 0 0 0 92.4061 0
571 309437 0.504527 0 0 0 92.407 0
572 309441 0.564156 0 0 0 92.4082 0
574 309442 0.200926 0 0 0 92.4085 0
575 309443 0.199757 0 0 0 92.4088 0
576 309444 0.133807 0 0 0 92.4091 0
580 309445 0.195234 0 0 0 92.4094 0
581 309448 0.448922 0 0 0 92.4103 0
585 309449 0.221937 0 0 0 92.4106 0
588 309450 0.143974 0 0 0 92.4109 0
590 309452 0.371325 0 0 0 92.4115 0
591 309453 0.230025 0 0 0 92.4118 0
593 309454 0.213404 0 0 0 92.4121 0
598 309455 0.213492 0 0 0 92.4124 0
599 309457 0.439525 0 0 0 92.413 0
601 309464 1.13196 0 0 0 92.4151 0
604 309465 0.145349 0 0 0 92.4154 0
606 309466 0.219598 0 0 0 92.4157 0
607 309468 0.451985 0 0 0 92.4163 0
608 309469 0.222577 0 0 0 92.4166 0
610 309485 2.61136 0 0 0 92.4214 0
615 309486 0.229164 0 0 0 92.4217 0
618 309487 0.23804 0 0 0 92.422 0
619 309488 0.225955 0 0 0 92.4223 0
620 309489 0.228563 0 0 0 92.4226 0
622 309490 0.150705 0 0 0 92.4229 0
623 309491 0.173512 0 0 0 92.4232 0
627 309494 0.62804 0 0 0 92.4241 0
630 309497 0.64935 0 0 0 92.425 0
631 309499 0.403692 0 0 0 92.4256 0
633 309525 4.20051 0 0 0 92.4333 0
634 309528 0.575934 0 0 0 92.4342 0
635 309529 0.180837 0 0 0 92.4345 0
637 309530 0.275076 0 0 0 92.4348 0
638 309532 0.440255 0 0 0 92.4354 0
640 309533 0.268943 0 0 0 92.4357 0
642 309534 0.244967 0 0 0 92.436 0
645 309539 0.976532 0 0 0 92.4375 0
656 309540 0.305367 0 0 0 92.4378 0
668 309542 0.564626 0 0 0 92.4384 0
676 309554 2.44845 0 0 0 92.442 0
682 309555 0.292278 0 0 0 92.4423 0
684 309652 15.561 0 0 0 92.4712 0
686 309653 0.303804 0 0 0 92.4715 0
693 309655 0.483371 0 0 0 92.4721 0
696 309656 0.297282 0 0 0 92.4724 0
697 309657 0.341524 0 0 0 92.4727 0
699 309658 0.299135 0 0 0 92.473 0
701 309660 0.499335 0 0 0 92.4736 0
705 309664 0.893931 0 0 0 92.4748 0
707 309665 0.306407 0 0 0 92.4751 0
708 309666 0.205301 0 0 0 92.4754 0
718 309667 0.328503 0 0 0 92.4757 0
727 309668 0.351446 0 0 0 92.476 0
733 309671 0.740137 0 0 0 92.4769 0
736 309672 0.326963 0 0 0 92.4772 0
737 309674 0.537989 0 0 0 92.4778 0
738 309675 0.223511 0 0 0 92.4781 0
745 309678 0.750438 0 0 0 92.479 0
747 309680 0.672903 0 0 0 92.4796 0
754 309682 0.543567 0 0 0 92.4802 0
756 309683 0.238165 0 0 0 92.4805 0
758 309687 1.07888 0 0 0 92.4817 0
759 309688 0.242275 0 0 0 92.482 0
765 309690 0.715178 0 0 0 92.4826 0
766 309691 0.253279 0 0 0 92.4829 0
771 309695 1.09315 0 0 0 92.4841 0
773 309697 0.635572 0 0 0 92.4847 0
778 309702 1.36967 0 0 0 92.4862 0
780 309703 0.255333 0 0 0 92.4865 0
783 309705 0.617313 0 0 0 92.4871 0
784 309706 0.239015 0 0 0 92.4874 0
786 309707 0.250631 0 0 0 92.4877 0
789 309710 0.853121 0 0 0 92.4886 0
790 309714 1.08467 0 0 0 92.4898 0
794 309715 0.268059 0 0 0 92.4901 0
802 309716 0.393783 0 0 0 92.4904 0
803 309717 0.391873 0 0 0 92.4907 0
804 309718 0.392333 0 0 0 92.491 0
805 309719 0.286165 0 0 0 92.4913 0
824 309720 0.440132 0 0 0 92.4916 0
830 309721 0.415519 0 0 0 92.4919 0
832 309753 8.51153 0 0 0 92.5014 0
833 309755 0.882112 0 0 0 92.502 0
834 309756 0.428269 0 0 0 92.5023 0
835 309757 0.411477 0 0 0 92.5026 0
838 309758 0.447238 0 0 0 92.5029 0
856 309759 0.446296 0 0 0 92.5032 0
857 309760 0.382507 0 0 0 92.5035 0
861 309761 0.437282 0 0 0 92.5038 0
866 309762 0.457969 0 0 0 92.5041 0
875 309764 0.810985 0 0 0 92.5047 0
882 309786 6.65175 0 0 0 92.5113 0
887 309788 0.922705 0 0 0 92.5119 0
888 309789 0.320153 0 0 0 92.5122 0
893 309790 0.488669 0 0 0 92.5125 0
896 309791 0.472718 0 0 0 92.5128 0
898 309792 0.483586 0 0 0 92.5131 0
904 309793 0.327693 0 0 0 92.5134 0
908 309794 0.501935 0 0 0 92.5137 0
909 309795 0.334102 0 0 0 92.514 0
914 309798 1.11952 0 0 0 92.5148 0
916 309799 0.589544 0 0 0 92.5151 0
917 309800 0.578346 0 0 0 92.5154 0
921 309801 0.369097 0 0 0 92.5157 0
923 309802 0.507489 0 0 0 92.516 0
936 309803 0.513186 0 0 0 92.5163 0
940 309804 0.527275 0 0 0 92.5166 0
943 309806 0.850147 0 0 0 92.5172 0
946 309810 1.55982 0 0 0 92.5184 0
950 309811 0.363214 0 0 0 92.5187 0
955 309823 4.4121 0 0 0 92.5223 0
958 309824 0.511991 0 0 0 92.5226 0
966 309835 4.40468 0 0 0 92.5259 0
973 309836 0.574944 0 0 0 92.5262 0
977 309837 0.606774 0 0 0 92.5265 0
1006 309840 1.57354 0 0 0 92.5274 0
1012 309841 0.606834 0 0 0 92.5277 0
1015 309842 0.636515 0 0 0 92.528 0
1018 309867 10.225 0 0 0 92.5355 0
1032 309868 0.639194 0 0 0 92.5358 0
1045 309869 0.448524 0 0 0 92.5361 0
1054 309870 0.650348 0 0 0 92.5364 0
1056 309874 2.04696 0 0 0 92.5375 0
1065 309877 1.60257 0 0 0 92.5384 0
1073 309880 1.52602 0 0 0 92.5393 0
1076 309886 2.97534 0 0 0 92.5411 0
1078 309887 0.460106 0 0 0 92.5414 0
1080 309888 0.666793 0 0 0 92.5417 0
1085 309895 3.50141 0 0 0 92.5438 0
1095 309903 3.93113 0 0 0 92.5462 0
1124 309905 1.2302 0 0 0 92.5468 0
1125 309907 1.26538 0 0 0 92.5474 0
1136 309908 0.771893 0 0 0 92.5477 0
1147 309911 1.83018 0 0 0 92.5486 0
1153 309912 0.767072 0 0 0 92.5489 0
1159 309913 0.745323 0 0 0 92.5492 0
1161 309914 0.809952 0 0 0 92.5495 0
1171 309915 0.820767 0 0 0 92.5498 0
1176 309916 0.555788 0 0 0 92.5501 0
1178 309917 0.831422 0 0 0 92.5504 0
1181 309918 0.831279 0 0 0 92.5507 0
1197 309920 1.39132 0 0 0 92.5513 0
1202 309922 1.45642 0 0 0 92.5519 0
1207 309924 1.41146 0 0 0 92.5525 0
1208 309925 0.582711 0 0 0 92.5528 0
1210 309929 2.69674 0 0 0 92.554 0
1253 309930 0.926205 0 0 0 92.5543 0
1259 309931 0.62993 0 0 0 92.5546 0
1261 310095 92.1752 0 0 0 92.6035 0
1266 310096 1 0 0 0 92.6038 0
1270 310097 1.01625 0 0 0 92.6041 0
1271 310098 0.658764 0 0 0 92.6044 0
1294 310099 1.05194 0 0 0 92.6047 0
1322 310100 1.1104 0 0 0 92.605 0
1326 310120 14.1782 0 0 0 92.611 0
1348 310121 1.12037 0 0 0 92.6113 0
1349 310122 1.13155 0 0 0 92.6116 0
1359 310123 1.10855 0 0 0 92.6119 0
1362 310124 0.79313 0 0 0 92.6122 0
1390 310125 1.16121 0 0 0 92.6125 0
1405 310126 1.23302 0 0 0 92.6128 0
1412 310127 1.26144 0 0 0 92.6131 0
1453 310131 3.89639 0 0 0 92.6143 0
1454 310132 0.848981 0 0 0 92.6146 0
1461 310133 1.29138 0 0 0 92.6149 0
1480 310159 22.5897 0 0 0 92.6227 0
1495 310186 24.7101 0 0 0 92.6307 0
1498 310187 0.939723 0 0 0 92.631 0
1505 310188 0.923806 0 0 0 92.6313 0
1512 310199 10.4626 0 0 0 92.6346 0
1551 310200 1.52426 0 0 0 92.6349 0
1558 310201 1.43934 0 0 0 92.6352 0
1562 310202 1.64545 0 0 0 92.6355 0
1563 310203 1.03673 0 0 0 92.6358 0
1622 310208 5.69449 0 0 0 92.6373 0
1623 310210 2.61597 0 0 0 92.6379 0
1629 310211 1.59371 0 0 0 92.6382 0
1633 310212 1.07207 0 0 0 92.6385 0
1635 310213 1.09415 0 0 0 92.6388 0
1647 310219 7.01211 0 0 0 92.6406 0
1668 310220 1.66931 0 0 0 92.6409 0
1696 310221 1.74071 0 0 0 92.6412 0
1740 310222 1.81915 0 0 0 92.6415 0
1742 310226 5.35998 0 0 0 92.6427 0
1745 310227 1.76547 0 0 0 92.643 0
1747 310228 1.23114 0 0 0 92.6433 0
1750 310230 2.95094 0 0 0 92.6439 0
1754 310231 1.25451 0 0 0 92.6442 0
1760 310232 1.25074 0 0 0 92.6445 0
1766 310282 62.0149 0 0 0 92.6594 0
1781 310284 3.15587 0 0 0 92.66 0
1782 310285 1.27959 0 0 0 92.6603 0
1784 310286 1.29464 0 0 0 92.6606 0
1809 310287 1.93756 0 0 0 92.6609 0
1826 310355 88.7478 0 0 0 92.6812 0
1876 310356 2.08793 0 0 0 92.6815 0
1931 310363 11.4064 0 0 0 92.6836 0
1944 310366 5.45141 0 0 0 92.6845 0
1999 310367 2.35062 0 0 0 92.6848 0
2011 310368 2.78447 0 0 0 92.6851 0
2056 310381 22.9657 0 0 0 92.689 0
2062 310385 7.74884 0 0 0 92.6901 0
2063 310386 1.75458 0 0 0 92.6904 0
2067 310387 1.7515 0 0 0 92.6907 0
2095 310411 42.5107 0 0 0 92.6979 0
2132 310430 35.704 0 0 0 92.7036 0
2161 310445 29.9837 0 0 0 92.7081 0
2189 310457 24.2295 0 0 0 92.7116 0
2230 310458 3.02008 0 0 0 92.7119 0
2246 310498 82.1299 0 0 0 92.7239 0
2257 310500 5.05633 0 0 0 92.7245 0
2328 310501 3.33285 0 0 0 92.7248 0
2406 310502 3.36828 0 0 0 92.7251 0
2408 310503 2.3783 0 0 0 92.7254 0
2419 310504 2.38062 0 0 0 92.7257 0
2463 310506 5.88715 0 0 0 92.7263 0
2483 310508 6.02751 0 0 0 92.7269 0
2573 310524 43.4674 0 0 0 92.7317 0
2630 310530 18.0851 0 0 0 92.7334 0
2636 310531 4.02029 0 0 0 92.7337 0
2638 310532 2.84965 0 0 0 92.734 0
2646 310533 4.02723 0 0 0 92.7343 0
2795 310543 33.5588 0 0 0 92.7373 0
2857 310545 8.00181 0 0 0 92.7379 0
2860 310546 3.37099 0 0 0 92.7382 0
2876 310557 38.5361 0 0 0 92.7415 0
2945 310559 8.42739 0 0 0 92.7421 0
3062 310560 5.38682 0 0 0 92.7424 0
3070 310561 3.8757 0 0 0 92.7427 0
3107 310562 4.04148 0 0 0 92.743 0
3196 310563 5.98112 0 0 0 92.7433 0
3262 310567 18.5716 0 0 0 92.7445 0
3273 310568 4.35025 0 0 0 92.7448 0
3315 310603 153.916 0 0 0 92.7552 0
3316 310611 36.9763 0 0 0 92.7576 0
3339 310713 437.96 0 0 0 92.7881 0
3401 310714 6.85533 0 0 0 92.7884 0
3545 310754 206.507 0 0 0 92.8003 0
3549 310755 5.45083 0 0 0 92.8006 0
3572 310756 5.49207 0 0 0 92.8009 0
3674 310775 105.041 0 0 0 92.8066 0
3836 310779 26.5897 0 0 0 92.8078 0
3875 310791 76.4961 0 0 0 92.8114 0
3885 310792 6.19474 0 0 0 92.8117 0
3945 310793 8.50704 0 0 0 92.812 0
3949 310794 6.48172 0 0 0 92.8123 0
4307 310824 227.751 0 0 0 92.8212 0
4338 310832 64.2448 0 0 0 92.8236 0
4527 310836 36.8748 0 0 0 92.8248 0
4528 310837 8.5681 0 0 0 92.8251 0
4732 310856 177.713 0 0 0 92.8308 0
4740 310857 9.12704 0 0 0 92.8311 0
4785 311151 -1777.39 0 0 0 92.9189 0
5009 311185 346.251 0 0 0 92.929 0
5143 311208 247.12 0 0 0 92.9359 0
5466 311222 171.815 0 0 0 92.9401 0
5468 311223 12.0962 0 0 0 92.9404 0
5476 311224 12.1239 0 0 0 92.9407 0
5488 311225 12.2035 0 0 0 92.941 0
5716 311240 199.408 0 0 0 92.9455 0
6191 311285 697.998 0 0 0 92.9589 0
6202 311295 165.608 0 0 0 92.9619 0
6204 311296 15.9069 0 0 0 92.9622 0
6708 311335 716.505 0 0 0 92.9738 0
7085 311354 399.156 0 0 0 92.9795 0
7298 311411 1245.88 0 0 0 92.9965 0
8083 311622 1191.3 0 0 0 93.0595 0
8361 311672 1458.26 0 0 0 93.0745 0
8592 312061 -1523.45 0 0 0 93.1906 0
9313 312101 1468.63 0 0 0 93.2026 0
9322 312102 38.858 0 0 0 93.2029 0
11020 312213 1261.45 0 0 0 93.236 0
