4158
1 745 0.002622 4 0.90604 1.21429 17.9173 1
2 1697 0.005536 6 0.74779 1.34813 40.8129 1
3 2503 0.006976 9 0.649221 1.42825 60.1972 1
4 2912 0.005523 10 0.603022 1.46799 70.0337 1
5 3094 0.003978 10 0.579509 1.52498 74.4108 1
6 3221 0.003646 10 0.562869 1.5625 77.4651 1
7 3314 0.003354 10 0.550392 1.58792 79.7018 1
8 3385 0.003035 11 0.54062 1.60965 81.4093 1
9 3429 0.002645 11 0.534558 1.63033 82.4675 1
10 3455 0.002257 11 0.530825 1.64898 83.0928 1
11 3509 0.00367 15 0.523796 1.66547 84.3915 1
12 3518 0.001273 15 0.52274 1.676 84.608 1
13 3545 0.002581 16 0.519041 1.68622 85.2573 1
14 3571 0.002567 16 0.515542 1.68902 85.8826 1
15 3592 0.001926 16 0.512806 1.68743 86.3877 1
16 3604 0.002504 16 0.511099 1.70034 86.6763 1
17 3639 0.003779 17 0.506733 1.69805 87.518 1
18 3644 0.001234 17 0.506037 1.70278 87.6383 1
19 3652 0.002019 17 0.505203 1.71168 87.8307 1
20 3672 0.001932 19 0.502723 1.70591 88.3117 1
21 3692 0.002128 19 0.500271 1.70081 88.7927 1
22 3699 0.002244 20 0.499324 1.70734 88.961 1
23 3727 0.003855 24 0.495841 1.7041 89.6344 1
24 3730 0.001414 24 0.495442 1.7051 89.7066 1
25 3731 0.000316 24 0.49531 1.70473 89.7306 1
26 3735 0.002061 25 0.494779 1.70853 89.8268 1
27 3737 0.001099 25 0.494514 1.70937 89.8749 1
28 3741 0.002166 25 0.493986 1.7121 89.9711 1
29 3745 0.002143 25 0.493458 1.71534 90.0673 1
30 3746 0.000761 25 0.493326 1.71549 90.0914 1
31 3753 0.003335 25 0.492673 1.71534 90.2597 1
32 3755 0.001593 25 0.49241 1.71721 90.3078 1
33 3788 0.008992 32 0.488384 1.70949 91.1015 1
34 3824 0.007303 35 0.484048 1.70046 91.9673 1
35 3826 0.001737 35 0.483795 1.70127 92.0154 1
36 3828 0.00214 35 0.483542 1.70258 92.0635 1
40 3830 0.002244 35 0.48329 1.7049 92.1116 1
42 3833 0.002737 35 0.483172 1.70621 92.1837 1
43 3851 0.009844 35 0.481174 1.7047 92.6166 1
44 3854 0.003866 35 0.480799 1.70715 92.6888 1
46 3855 0.001406 35 0.480674 1.70779 92.7128 1
47 3856 0.001495 35 0.48055 1.70894 92.7369 1
48 3858 0.002727 35 0.480301 1.71072 92.785 1
49 3860 0.002271 35 0.480052 1.71101 92.8331 1
50 3861 0.00154 36 0.479927 1.71165 92.8571 1
51 3862 0.001319 37 0.479803 1.71229 92.8812 1
54 3865 0.005218 37 0.479431 1.71322 92.9533 1
59 3867 0.004359 37 0.479183 1.71599 93.0014 1
61 3868 0.002335 37 0.479059 1.71712 93.0255 1
65 3869 0.002793 37 0.478935 1.71776 93.0495 1
69 3870 0.003176 37 0.478811 1.71988 93.0736 1
72 3871 0.003378 37 0.478688 1.72002 93.0976 1
74 3872 0.003568 37 0.478564 1.72016 93.1217 1
76 3873 0.004052 37 0.47844 1.72079 93.1457 1
78 3878 0.015476 37 0.477824 1.72395 93.266 1
79 3879 0.00372 37 0.4777 1.72507 93.29 1
80 3880 0.004076 37 0.477577 1.72521 93.3141 1
95 3881 0.004468 37 0.477454 1.72535 93.3381 1
97 3883 0.008707 38 0.477208 1.72709 93.3862 1
102 3884 0.005807 38 0.477085 1.72772 93.4103 1
121 3889 0.028546 38 0.476472 1.72741 93.5305 1
122 3890 0.007216 38 0.47635 1.72852 93.5546 1
130 3892 0.014297 38 0.476105 1.72879 93.6027 1
131 3893 0.008441 38 0.475983 1.72941 93.6267 1
162 3900 0.068819 45 0.475128 1.73083 93.7951 1
165 3901 0.012321 45 0.475006 1.73145 93.8191 1
167 3902 0.011468 45 0.474885 1.73206 93.8432 1
172 3903 0.012044 45 0.474763 1.73268 93.8672 1
189 3907 0.057141 45 0.474277 1.7371 93.9634 1
217 3926 0.324166 57 0.471982 1.74578 94.4204 1
231 4158 1.59307 288 0.445647 1.80347 100 7
