334863
1 28971 0.119585 0 0 0 8.6516 0
2 72240 0.32975 0 0 0 21.573 0
3 128376 0.733694 0 0 0 38.3369 0
4 190233 1.12714 0 0 0 56.8092 0
5 244058 1.26472 0 0 0 72.8829 0
6 261382 0.560774 0 0 0 78.0564 0
7 271818 0.494156 0 0 0 81.1729 0
8 278545 0.411053 0 0 0 83.1818 0
9 283089 0.353516 0 0 0 84.5388 0
10 286497 0.315482 0 0 0 85.5565 0
11 288974 0.291508 0 0 0 86.2962 0
12 290951 0.291164 0 0 0 86.8866 0
13 292584 0.275066 0 0 0 87.3742 0
14 293885 0.229399 0 0 0 87.7628 0
15 295045 0.234341 0 0 0 88.1092 0
16 296050 0.209898 0 0 0 88.4093 0
17 296888 0.206312 0 0 0 88.6595 0
18 297665 0.203867 0 0 0 88.8916 0
19 298341 0.192226 0 0 0 89.0935 0
20 298917 0.173733 0 0 0 89.2655 0
21 299459 0.182957 0 0 0 89.4273 0
22 299953 0.179997 0 0 0 89.5748 0
23 300397 0.173562 0 0 0 89.7074 0
24 300750 0.155012 0 0 0 89.8128 0
25 301108 0.1636 0 0 0 89.9198 0
26 301431 0.159433 0 0 0 90.0162 0
27 301774 0.200876 0 0 0 90.1186 0
28 302053 0.167733 0 0 0 90.202 0
29 302311 0.168183 0 0 0 90.279 0
30 302524 0.161394 0 0 0 90.3426 0
31 302747 0.166316 0 0 0 90.4092 0
32 302946 0.161074 0 0 0 90.4686 0
33 303128 0.158216 0 0 0 90.523 0
34 303296 0.150941 0 0 0 90.5732 0
35 303481 0.187091 0 0 0 90.6284 0
36 303656 0.160338 0 0 0 90.6807 0
37 303818 0.17303 0 0 0 90.729 0
38 303949 0.144204 0 0 0 90.7682 0
39 304072 0.14566 0 0 0 90.8049 0
40 304190 0.147119 0 0 0 90.8401 0
41 304326 0.172554 0 0 0 90.8807 0
42 304449 0.149084 0 0 0 90.9175 0
43 304565 0.133155 0 0 0 90.9521 0
44 304680 0.1608 0 0 0 90.9865 0
45 304791 0.155035 0 0 0 91.0196 0
46 304873 0.116346 0 0 0 91.0441 0
47 304960 0.12223 0 0 0 91.0701 0
48 305065 0.153478 0 0 0 91.1014 0
49 305149 0.129515 0 0 0 91.1265 0
50 305241 0.142158 0 0 0 91.154 0
51 305309 0.114817 0 0 0 91.1743 0
52 305386 0.128238 0 0 0 91.1973 0
53 305457 0.128597 0 0 0 91.2185 0
54 305540 0.149456 0 0 0 91.2433 0
55 305624 0.156817 0 0 0 91.2684 0
56 305691 0.130092 0 0 0 91.2884 0
57 305766 0.130285 0 0 0 91.3108 0
58 305828 0.12609 0 0 0 91.3293 0
59 305894 0.150794 0 0 0 91.349 0
60 305960 0.157922 0 0 0 91.3687 0
61 306025 0.144832 0 0 0 91.3881 0
62 306101 0.187083 0 0 0 91.4108 0
63 306150 0.126068 0 0 0 91.4254 0
64 306186 0.094244 0 0 0 91.4362 0
65 306239 0.123019 0 0 0 91.452 0
66 306286 0.141751 0 0 0 91.4661 0
67 306317 0.104389 0 0 0 91.4753 0
68 306356 0.137457 0 0 0 91.487 0
69 306380 0.078941 0 0 0 91.4941 0
70 306412 0.100084 0 0 0 91.5037 0
71 306448 0.111379 0 0 0 91.5144 0
72 306503 0.15863 0 0 0 91.5309 0
73 306547 0.136615 0 0 0 91.544 0
74 306591 0.130395 0 0 0 91.5571 0
75 306631 0.137558 0 0 0 91.5691 0
76 306668 0.115868 0 0 0 91.5801 0
77 306728 0.19928 0 0 0 91.5981 0
78 306771 0.152935 0 0 0 91.6109 0
79 306794 0.093213 0 0 0 91.6178 0
80 306838 0.145346 0 0 0 91.6309 0
81 306877 0.129715 0 0 0 91.6426 0
82 306903 0.110415 0 0 0 91.6503 0
83 306940 0.133227 0 0 0 91.6614 0
84 306959 0.084016 0 0 0 91.667 0
85 306993 0.132664 0 0 0 91.6772 0
86 307023 0.136882 0 0 0 91.6862 0
87 307052 0.114903 0 0 0 91.6948 0
88 307078 0.118853 0 0 0 91.7026 0
89 307105 0.12535 0 0 0 91.7106 0
90 307124 0.094844 0 0 0 91.7163 0
91 307147 0.105175 0 0 0 91.7232 0
92 307172 0.123912 0 0 0 91.7306 0
93 307195 0.116098 0 0 0 91.7375 0
94 307221 0.142976 0 0 0 91.7453 0
95 307249 0.150427 0 0 0 91.7536 0
96 307270 0.113538 0 0 0 91.7599 0
97 307291 0.114667 0 0 0 91.7662 0
98 307316 0.140061 0 0 0 91.7737 0
99 307347 0.168737 0 0 0 91.7829 0
100 307360 0.086889 0 0 0 91.7868 0
101 307374 0.0863 0 0 0 91.791 0
102 307397 0.123325 0 0 0 91.7978 0
103 307415 0.102885 0 0 0 91.8032 0
104 307444 0.156906 0 0 0 91.8119 0
105 307457 0.090565 0 0 0 91.8158 0
106 307472 0.091124 0 0 0 91.8202 0
107 307509 0.227559 0 0 0 91.8313 0
108 307522 0.120803 0 0 0 91.8352 0
109 307534 0.083453 0 0 0 91.8388 0
110 307565 0.214031 0 0 0 91.848 0
111 307584 0.138007 0 0 0 91.8537 0
112 307597 0.113688 0 0 0 91.8576 0
113 307608 0.079693 0 0 0 91.8609 0
114 307636 0.189961 0 0 0 91.8692 0
115 307657 0.165167 0 0 0 91.8755 0
116 307669 0.097576 0 0 0 91.8791 0
117 307685 0.135892 0 0 0 91.8838 0
118 307700 0.145185 0 0 0 91.8883 0
119 307707 0.055354 0 0 0 91.8904 0
120 307736 0.242645 0 0 0 91.8991 0
121 307748 0.103532 0 0 0 91.9027 0
122 307755 0.069752 0 0 0 91.9047 0
123 307773 0.149746 0 0 0 91.9101 0
124 307792 0.15677 0 0 0 91.9158 0
125 307812 0.153249 0 0 0 91.9218 0
126 307832 0.155221 0 0 0 91.9277 0
127 307856 0.20011 0 0 0 91.9349 0
128 307865 0.08388 0 0 0 91.9376 0
129 307882 0.150081 0 0 0 91.9427 0
130 307891 0.081205 0 0 0 91.9454 0
131 307908 0.145959 0 0 0 91.9504 0
132 307927 0.17651 0 0 0 91.9561 0
133 307932 0.063538 0 0 0 91.9576 0
134 307943 0.150834 0 0 0 91.9609 0
135 307964 0.174265 0 0 0 91.9672 0
136 307975 0.099145 0 0 0 91.9704 0
137 307985 0.112664 0 0 0 91.9734 0
138 307997 0.125649 0 0 0 91.977 0
139 308007 0.107221 0 0 0 91.98 0
140 308015 0.09814 0 0 0 91.9824 0
141 308026 0.137083 0 0 0 91.9857 0
142 308033 0.089659 0 0 0 91.9878 0
143 308041 0.106148 0 0 0 91.9902 0
144 308053 0.123836 0 0 0 91.9937 0
145 308060 0.101638 0 0 0 91.9958 0
146 308074 0.171927 0 0 0 92 0
147 308081 0.086815 0 0 0 92.0021 0
148 308093 0.125948 0 0 0 92.0057 0
149 308097 0.053335 0 0 0 92.0069 0
150 308112 0.142101 0 0 0 92.0114 0
151 308120 0.126636 0 0 0 92.0137 0
152 308126 0.087717 0 0 0 92.0155 0
153 308147 0.256411 0 0 0 92.0218 0
154 308157 0.140153 0 0 0 92.0248 0
155 308167 0.145587 0 0 0 92.0278 0
156 308170 0.042014 0 0 0 92.0287 0
157 308178 0.120455 0 0 0 92.0311 0
158 308205 0.265037 0 0 0 92.0391 0
159 308214 0.148689 0 0 0 92.0418 0
160 308228 0.20603 0 0 0 92.046 0
161 308237 0.131605 0 0 0 92.0487 0
162 308247 0.167723 0 0 0 92.0517 0
163 308253 0.094006 0 0 0 92.0535 0
164 308262 0.14594 0 0 0 92.0562 0
165 308263 0.020328 0 0 0 92.0565 0
166 308271 0.123184 0 0 0 92.0588 0
167 308274 0.053855 0 0 0 92.0597 0
168 308284 0.218851 0 0 0 92.0627 0
169 308288 0.069995 0 0 0 92.0639 0
170 308294 0.104789 0 0 0 92.0657 0
171 308296 0.030534 0 0 0 92.0663 0
172 308302 0.107988 0 0 0 92.0681 0
173 308321 0.233563 0 0 0 92.0738 0
174 308326 0.098407 0 0 0 92.0753 0
175 308332 0.105042 0 0 0 92.0771 0
176 308341 0.167584 0 0 0 92.0797 0
177 308345 0.082304 0 0 0 92.0809 0
178 308355 0.169339 0 0 0 92.0839 0
179 308365 0.185923 0 0 0 92.0869 0
180 308370 0.097629 0 0 0 92.0884 0
181 308378 0.172721 0 0 0 92.0908 0
182 308387 0.180515 0 0 0 92.0935 0
183 308402 0.28699 0 0 0 92.098 0
184 308407 0.117437 0 0 0 92.0995 0
185 308408 0.028544 0 0 0 92.0998 0
186 308412 0.065063 0 0 0 92.1009 0
187 308422 0.139656 0 0 0 92.1039 0
188 308425 0.065421 0 0 0 92.1048 0
189 308432 0.141012 0 0 0 92.1069 0
190 308435 0.068456 0 0 0 92.1078 0
191 308442 0.10883 0 0 0 92.1099 0
192 308447 0.108881 0 0 0 92.1114 0
193 308468 0.343206 0 0 0 92.1177 0
194 308471 0.080222 0 0 0 92.1186 0
195 308474 0.074098 0 0 0 92.1195 0
196 308476 0.045173 0 0 0 92.1201 0
197 308485 0.209742 0 0 0 92.1227 0
198 308492 0.145702 0 0 0 92.1248 0
199 308494 0.059212 0 0 0 92.1254 0
200 308498 0.091592 0 0 0 92.1266 0
201 308503 0.125107 0 0 0 92.1281 0
202 308509 0.14345 0 0 0 92.1299 0
203 308515 0.123399 0 0 0 92.1317 0
204 308516 0.034334 0 0 0 92.132 0
205 308519 0.093035 0 0 0 92.1329 0
206 308523 0.12417 0 0 0 92.1341 0
207 308532 0.212132 0 0 0 92.1368 0
208 308548 0.26009 0 0 0 92.1416 0
209 308559 0.202623 0 0 0 92.1448 0
210 308565 0.156605 0 0 0 92.1466 0
211 308570 0.126379 0 0 0 92.1481 0
212 308571 0.029976 0 0 0 92.1484 0
213 308581 0.193505 0 0 0 92.1514 0
214 308584 0.069576 0 0 0 92.1523 0
215 308585 0.030357 0 0 0 92.1526 0
216 308588 0.09162 0 0 0 92.1535 0
217 308594 0.144286 0 0 0 92.1553 0
218 308600 0.146773 0 0 0 92.1571 0
219 308602 0.067467 0 0 0 92.1577 0
220 308606 0.122665 0 0 0 92.1589 0
221 308607 0.031629 0 0 0 92.1592 0
222 308612 0.138823 0 0 0 92.1607 0
223 308618 0.149577 0 0 0 92.1625 0
224 308623 0.154894 0 0 0 92.164 0
225 308626 0.079869 0 0 0 92.1649 0
226 308629 0.087123 0 0 0 92.1658 0
227 308632 0.096142 0 0 0 92.1666 0
228 308635 0.098861 0 0 0 92.1675 0
229 308642 0.158384 0 0 0 92.1696 0
230 308649 0.136123 0 0 0 92.1717 0
231 308653 0.129418 0 0 0 92.1729 0
232 308657 0.12084 0 0 0 92.1741 0
233 308661 0.116371 0 0 0 92.1753 0
234 308668 0.228534 0 0 0 92.1774 0
235 308673 0.174981 0 0 0 92.1789 0
236 308674 0.037135 0 0 0 92.1792 0
237 308677 0.090963 0 0 0 92.1801 0
238 308686 0.334959 0 0 0 92.1828 0
239 308690 0.139272 0 0 0 92.184 0
240 308694 0.132788 0 0 0 92.1852 0
242 308708 0.300773 0 0 0 92.1893 0
243 308714 0.154091 0 0 0 92.1911 0
244 308716 0.07247 0 0 0 92.1917 0
245 308719 0.113189 0 0 0 92.1926 0
246 308722 0.091903 0 0 0 92.1935 0
247 308731 0.325335 0 0 0 92.1962 0
248 308734 0.106474 0 0 0 92.1971 0
249 308736 0.065259 0 0 0 92.1977 0
250 308740 0.157055 0 0 0 92.1989 0
251 308742 0.078733 0 0 0 92.1995 0
252 308743 0.043491 0 0 0 92.1998 0
255 308750 0.185426 0 0 0 92.2019 0
256 308753 0.123705 0 0 0 92.2028 0
257 308755 0.076036 0 0 0 92.2034 0
258 308762 0.26604 0 0 0 92.2055 0
259 308765 0.121303 0 0 0 92.2064 0
260 308767 0.084554 0 0 0 92.207 0
261 308776 0.27697 0 0 0 92.2096 0
262 308778 0.071917 0 0 0 92.2102 0
263 308784 0.229963 0 0 0 92.212 0
264 308787 0.090343 0 0 0 92.2129 0
265 308791 0.162959 0 0 0 92.2141 0
266 308797 0.215971 0 0 0 92.2159 0
267 308801 0.131515 0 0 0 92.2171 0
269 308810 0.259939 0 0 0 92.2198 0
270 308811 0.033766 0 0 0 92.2201 0
271 308813 0.10377 0 0 0 92.2207 0
272 308814 0.054795 0 0 0 92.221 0
273 308816 0.091767 0 0 0 92.2216 0
275 308819 0.141479 0 0 0 92.2225 0
276 308823 0.185291 0 0 0 92.2237 0
277 308825 0.095521 0 0 0 92.2243 0
278 308837 0.325019 0 0 0 92.2279 0
281 308839 0.103643 0 0 0 92.2285 0
282 308841 0.112243 0 0 0 92.2291 0
283 308844 0.148308 0 0 0 92.23 0
284 308853 0.322253 0 0 0 92.2326 0
285 308854 0.050228 0 0 0 92.2329 0
286 308855 0.052263 0 0 0 92.2332 0
288 308860 0.190339 0 0 0 92.2347 0
289 308861 0.054016 0 0 0 92.235 0
291 308862 0.055296 0 0 0 92.2353 0
292 308867 0.206685 0 0 0 92.2368 0
294 308870 0.169409 0 0 0 92.2377 0
295 308871 0.061507 0 0 0 92.238 0
296 308872 0.037221 0 0 0 92.2383 0
297 308875 0.1349 0 0 0 92.2392 0
298 308877 0.109771 0 0 0 92.2398 0
300 308885 0.302921 0 0 0 92.2422 0
301 308890 0.200895 0 0 0 92.2437 0
302 308892 0.109645 0 0 0 92.2443 0
303 308894 0.112922 0 0 0 92.2449 0
304 308895 0.052105 0 0 0 92.2452 0
305 308897 0.111295 0 0 0 92.2458 0
307 308902 0.259327 0 0 0 92.2473 0
308 308914 0.474449 0 0 0 92.2509 0
309 308917 0.145304 0 0 0 92.2518 0
310 308919 0.119753 0 0 0 92.2524 0
312 308920 0.06096 0 0 0 92.2527 0
313 308922 0.126738 0 0 0 92.2532 0
314 308925 0.147388 0 0 0 92.2541 0
315 308934 0.318963 0 0 0 92.2568 0
316 308936 0.125524 0 0 0 92.2574 0
317 308938 0.123734 0 0 0 92.258 0
318 308971 0.991685 0 0 0 92.2679 0
319 309006 1.14978 0 0 0 92.2783 0
320 309014 0.382097 0 0 0 92.2807 0
321 309015 0.062759 0 0 0 92.281 0
322 309017 0.079551 0 0 0 92.2816 0
323 309035 0.707598 0 0 0 92.287 0
324 309039 0.221851 0 0 0 92.2882 0
325 309050 0.408017 0 0 0 92.2915 0
327 309054 0.255721 0 0 0 92.2927 0
328 309059 0.308746 0 0 0 92.2942 0
329 309061 0.109184 0 0 0 92.2948 0
330 309062 0.075108 0 0 0 92.2951 0
332 309063 0.077794 0 0 0 92.2954 0
333 309066 0.1529 0 0 0 92.2963 0
335 309072 0.288801 0 0 0 92.298 0
337 309074 0.158568 0 0 0 92.2986 0
339 309076 0.142678 0 0 0 92.2992 0
341 309078 0.14284 0 0 0 92.2998 0
342 309083 0.215248 0 0 0 92.3013 0
344 309087 0.219547 0 0 0 92.3025 0
345 309093 0.333993 0 0 0 92.3043 0
346 309098 0.304224 0 0 0 92.3058 0
347 309099 0.0725 0 0 0 92.3061 0
348 309101 0.147627 0 0 0 92.3067 0
349 309102 0.073082 0 0 0 92.307 0
350 309103 0.076336 0 0 0 92.3073 0
351 309104 0.07442 0 0 0 92.3076 0
352 309105 0.076333 0 0 0 92.3079 0
353 309108 0.229134 0 0 0 92.3088 0
355 309109 0.079552 0 0 0 92.3091 0
358 309111 0.157149 0 0 0 92.3097 0
360 309113 0.156706 0 0 0 92.3103 0
361 309114 0.072589 0 0 0 92.3106 0
364 309115 0.078603 0 0 0 92.3109 0
368 309116 0.083568 0 0 0 92.3112 0
371 309120 0.300138 0 0 0 92.3124 0
372 309125 0.292519 0 0 0 92.3139 0
373 309126 0.085614 0 0 0 92.3142 0
374 309130 0.261654 0 0 0 92.3154 0
377 309131 0.085324 0 0 0 92.3157 0
378 309133 0.166983 0 0 0 92.3163 0
379 309134 0.100559 0 0 0 92.3166 0
380 309135 0.112556 0 0 0 92.3169 0
383 309136 0.094744 0 0 0 92.3172 0
384 309141 0.312612 0 0 0 92.3186 0
385 309142 0.089127 0 0 0 92.3189 0
386 309146 0.279662 0 0 0 92.3201 0
388 309172 1.24774 0 0 0 92.3279 0
390 309174 0.125521 0 0 0 92.3285 0
391 309176 0.188491 0 0 0 92.3291 0
396 309177 0.096498 0 0 0 92.3294 0
398 309178 0.097995 0 0 0 92.3297 0
399 309179 0.096329 0 0 0 92.33 0
400 309180 0.097251 0 0 0 92.3303 0
401 309181 0.100777 0 0 0 92.3306 0
404 309182 0.104855 0 0 0 92.3309 0
405 309183 0.098204 0 0 0 92.3312 0
406 309186 0.222537 0 0 0 92.3321 0
407 309195 0.520735 0 0 0 92.3348 0
408 309197 0.195078 0 0 0 92.3354 0
409 309199 0.161408 0 0 0 92.336 0
411 309202 0.224054 0 0 0 92.3369 0
412 309204 0.200237 0 0 0 92.3375 0
413 309209 0.401697 0 0 0 92.339 0
414 309212 0.260844 0 0 0 92.3399 0
416 309213 0.070616 0 0 0 92.3402 0
417 309214 0.100219 0 0 0 92.3404 0
418 309215 0.10288 0 0 0 92.3407 0
419 309216 0.108908 0 0 0 92.341 0
422 309217 0.108445 0 0 0 92.3413 0
423 309222 0.349695 0 0 0 92.3428 0
424 309224 0.216535 0 0 0 92.3434 0
425 309227 0.283974 0 0 0 92.3443 0
427 309228 0.092817 0 0 0 92.3446 0
428 309229 0.107365 0 0 0 92.3449 0
430 309231 0.189953 0 0 0 92.3455 0
431 309234 0.303916 0 0 0 92.3464 0
432 309235 0.107151 0 0 0 92.3467 0
433 309236 0.118195 0 0 0 92.347 0
435 309237 0.118841 0 0 0 92.3473 0
436 309243 0.465907 0 0 0 92.3491 0
440 309245 0.233726 0 0 0 92.3497 0
442 309257 0.827664 0 0 0 92.3533 0
443 309258 0.0935 0 0 0 92.3536 0
444 309261 0.26029 0 0 0 92.3545 0
447 309264 0.268436 0 0 0 92.3554 0
448 309267 0.316129 0 0 0 92.3563 0
450 309270 0.315656 0 0 0 92.3572 0
451 309271 0.123492 0 0 0 92.3575 0
452 309274 0.326199 0 0 0 92.3584 0
455 309277 0.350581 0 0 0 92.3593 0
458 309295 1.34359 0 0 0 92.3646 0
462 309298 0.405327 0 0 0 92.3655 0
463 309300 0.261269 0 0 0 92.3661 0
465 309301 0.129443 0 0 0 92.3664 0
466 309306 0.511524 0 0 0 92.3679 0
467 309310 0.424299 0 0 0 92.3691 0
468 309311 0.097383 0 0 0 92.3694 0
471 309312 0.13059 0 0 0 92.3697 0
473 309313 0.136461 0 0 0 92.37 0
475 309317 0.372399 0 0 0 92.3712 0
477 309318 0.137293 0 0 0 92.3715 0
482 309320 0.281701 0 0 0 92.3721 0
483 309321 0.142915 0 0 0 92.3724 0
489 309324 0.384337 0 0 0 92.3733 0
490 309325 0.156918 0 0 0 92.3736 0
491 309328 0.42271 0 0 0 92.3745 0
494 309330 0.291847 0 0 0 92.3751 0
497 309335 0.548629 0 0 0 92.3766 0
498 309340 0.661058 0 0 0 92.3781 0
499 309343 0.359718 0 0 0 92.379 0
502 309344 0.186036 0 0 0 92.3793 0
506 309345 0.177983 0 0 0 92.3796 0
510 309349 0.622218 0 0 0 92.3808 0
513 309360 1.12109 0 0 0 92.384 0
514 309361 0.159248 0 0 0 92.3843 0
517 309367 0.663575 0 0 0 92.3861 0
518 309368 0.157696 0 0 0 92.3864 0
519 309370 0.257442 0 0 0 92.387 0
520 309371 0.160532 0 0 0 92.3873 0
522 309372 0.160818 0 0 0 92.3876 0
525 309376 0.532764 0 0 0 92.3888 0
531 309377 0.110706 0 0 0 92.3891 0
534 309378 0.168585 0 0 0 92.3894 0
535 309379 0.165847 0 0 0 92.3897 0
537 309380 0.112073 0 0 0 92.39 0
539 309381 0.181584 0 0 0 92.3903 0
541 309382 0.134603 0 0 0 92.3906 0
542 309399 1.8892 0 0 0 92.3957 0
543 309401 0.278436 0 0 0 92.3963 0
547 309403 0.29284 0 0 0 92.3969 0
548 309406 0.426878 0 0 0 92.3978 0
556 309424 2.17232 0 0 0 92.4032 0
558 309425 0.216445 0 0 0 92.4035 0
560 309426 0.207076 0 0 0 92.4038 0
561 309431 0.745118 0 0 0 92.4053 0
562 309432 0.198867 0 0 0 92.4056 0
564 309433 0.195089 0 0 0 92.4058 0
565 309434 0.192745 0 0 0 92.4061 0
571 309437 0.52242 0 0 0 92.407 0
572 309441 0.592225 0 0 0 92.4082 0
574 309442 0.19939 0 0 0 92.4085 0
575 309443 0.197925 0 0 0 92.4088 0
576 309444 0.148606 0 0 0 92.4091 0
580 309445 0.20567 0 0 0 92.4094 0
581 309448 0.466523 0 0 0 92.4103 0
585 309449 0.213486 0 0 0 92.4106 0
588 309450 0.144451 0 0 0 92.4109 0
590 309452 0.337349 0 0 0 92.4115 0
591 309453 0.21035 0 0 0 92.4118 0
593 309454 0.199581 0 0 0 92.4121 0
598 309455 0.213643 0 0 0 92.4124 0
599 309457 0.43708 0 0 0 92.413 0
601 309464 1.05847 0 0 0 92.4151 0
604 309465 0.145481 0 0 0 92.4154 0
606 309466 0.218413 0 0 0 92.4157 0
607 309468 0.427851 0 0 0 92.4163 0
608 309469 0.219104 0 0 0 92.4166 0
610 309485 2.4435 0 0 0 92.4214 0
615 309486 0.227687 0 0 0 92.4217 0
618 309487 0.220197 0 0 0 92.422 0
619 309488 0.225099 0 0 0 92.4223 0
620 309489 0.244346 0 0 0 92.4226 0
622 309490 0.164231 0 0 0 92.4229 0
623 309491 0.179233 0 0 0 92.4232 0
627 309494 0.645482 0 0 0 92.4241 0
630 309497 0.628254 0 0 0 92.425 0
631 309499 0.389641 0 0 0 92.4256 0
633 309525 4.10825 0 0 0 92.4333 0
634 309528 0.571153 0 0 0 92.4342 0
635 309529 0.170286 0 0 0 92.4345 0
637 309530 0.264747 0 0 0 92.4348 0
638 309532 0.392721 0 0 0 92.4354 0
640 309533 0.247445 0 0 0 92.4357 0
642 309534 0.268224 0 0 0 92.436 0
645 309539 0.885179 0 0 0 92.4375 0
656 309540 0.262782 0 0 0 92.4378 0
668 309542 0.5277 0 0 0 92.4384 0
676 309554 2.42888 0 0 0 92.442 0
682 309555 0.284059 0 0 0 92.4423 0
684 309652 15.9302 0 0 0 92.4712 0
686 309653 0.307834 0 0 0 92.4715 0
693 309655 0.502901 0 0 0 92.4721 0
696 309656 0.295454 0 0 0 92.4724 0
697 309657 0.337214 0 0 0 92.4727 0
699 309658 0.323927 0 0 0 92.473 0
701 309660 0.543723 0 0 0 92.4736 0
705 309664 0.897236 0 0 0 92.4748 0
707 309665 0.310671 0 0 0 92.4751 0
708 309666 0.208123 0 0 0 92.4754 0
718 309667 0.334297 0 0 0 92.4757 0
727 309668 0.333836 0 0 0 92.476 0
733 309671 0.771143 0 0 0 92.4769 0
736 309672 0.340369 0 0 0 92.4772 0
737 309674 0.548743 0 0 0 92.4778 0
738 309675 0.236294 0 0 0 92.4781 0
745 309678 0.823042 0 0 0 92.479 0
747 309680 0.667379 0 0 0 92.4796 0
754 309682 0.566882 0 0 0 92.4802 0
756 309683 0.284803 0 0 0 92.4805 0
758 309687 1.08663 0 0 0 92.4817 0
759 309688 0.235664 0 0 0 92.482 0
765 309690 0.75273 0 0 0 92.4826 0
766 309691 0.25847 0 0 0 92.4829 0
771 309695 1.08478 0 0 0 92.4841 0
773 309697 0.638441 0 0 0 92.4847 0
778 309702 1.3638 0 0 0 92.4862 0
780 309703 0.271177 0 0 0 92.4865 0
783 309705 0.6611 0 0 0 92.4871 0
784 309706 0.23997 0 0 0 92.4874 0
786 309707 0.261275 0 0 0 92.4877 0
789 309710 0.864893 0 0 0 92.4886 0
790 309714 1.30537 0 0 0 92.4898 0
794 309715 0.350261 0 0 0 92.4901 0
802 309716 0.414382 0 0 0 92.4904 0
803 309717 0.401793 0 0 0 92.4907 0
804 309718 0.400461 0 0 0 92.491 0
805 309719 0.294646 0 0 0 92.4913 0
824 309720 0.440743 0 0 0 92.4916 0
830 309721 0.410466 0 0 0 92.4919 0
832 309753 8.39316 0 0 0 92.5014 0
833 309755 0.857425 0 0 0 92.502 0
834 309756 0.436695 0 0 0 92.5023 0
835 309757 0.427796 0 0 0 92.5026 0
838 309758 0.436323 0 0 0 92.5029 0
856 309759 0.451639 0 0 0 92.5032 0
857 309760 0.388154 0 0 0 92.5035 0
861 309761 0.440225 0 0 0 92.5038 0
866 309762 0.449532 0 0 0 92.5041 0
875 309764 0.818705 0 0 0 92.5047 0
882 309786 6.61267 0 0 0 92.5113 0
887 309788 0.944646 0 0 0 92.5119 0
888 309789 0.332063 0 0 0 92.5122 0
893 309790 0.508323 0 0 0 92.5125 0
896 309791 0.48308 0 0 0 92.5128 0
898 309792 0.485912 0 0 0 92.5131 0
904 309793 0.338509 0 0 0 92.5134 0
908 309794 0.52223 0 0 0 92.5137 0
909 309795 0.321561 0 0 0 92.514 0
914 309798 1.17394 0 0 0 92.5148 0
916 309799 0.526207 0 0 0 92.5151 0
917 309800 0.492997 0 0 0 92.5154 0
921 309801 0.413317 0 0 0 92.5157 0
923 309802 0.535252 0 0 0 92.516 0
936 309803 0.52289 0 0 0 92.5163 0
940 309804 0.531324 0 0 0 92.5166 0
943 309806 0.971816 0 0 0 92.5172 0
946 309810 1.59138 0 0 0 92.5184 0
950 309811 0.373545 0 0 0 92.5187 0
955 309823 4.40496 0 0 0 92.5223 0
958 309824 0.519958 0 0 0 92.5226 0
966 309835 4.40403 0 0 0 92.5259 0
973 309836 0.594582 0 0 0 92.5262 0
977 309837 0.614249 0 0 0 92.5265 0
1006 309840 1.64977 0 0 0 92.5274 0
1012 309841 0.650444 0 0 0 92.5277 0
1015 309842 0.66583 0 0 0 92.528 0
1018 309867 10.2634 0 0 0 92.5355 0
1032 309868 0.680544 0 0 0 92.5358 0
1045 309869 0.450671 0 0 0 92.5361 0
1054 309870 0.655993 0 0 0 92.5364 0
1056 309874 2.05845 0 0 0 92.5375 0
1065 309877 1.66557 0 0 0 92.5384 0
1073 309880 1.62503 0 0 0 92.5393 0
1076 309886 3.01467 0 0 0 92.5411 0
1078 309887 0.477983 0 0 0 92.5414 0
1080 309888 0.682957 0 0 0 92.5417 0
1085 309895 3.55389 0 0 0 92.5438 0
1095 309903 4.16237 0 0 0 92.5462 0
1124 309905 1.42233 0 0 0 92.5468 0
1125 309907 1.33197 0 0 0 92.5474 0
1136 309908 0.787152 0 0 0 92.5477 0
1147 309911 1.91517 0 0 0 92.5486 0
1153 309912 0.780182 0 0 0 92.5489 0
1159 309913 0.802913 0 0 0 92.5492 0
1161 309914 0.879525 0 0 0 92.5495 0
1171 309915 0.81846 0 0 0 92.5498 0
1176 309916 0.587399 0 0 0 92.5501 0
1178 309917 0.843562 0 0 0 92.5504 0
1181 309918 0.882499 0 0 0 92.5507 0
1197 309920 1.44817 0 0 0 92.5513 0
1202 309922 1.4811 0 0 0 92.5519 0
1207 309924 1.46031 0 0 0 92.5525 0
1208 309925 0.621104 0 0 0 92.5528 0
1210 309929 2.64453 0 0 0 92.554 0
1253 309930 0.91458 0 0 0 92.5543 0
1259 309931 0.652999 0 0 0 92.5546 0
1261 310095 94.2119 0 0 0 92.6035 0
1266 310096 1.01482 0 0 0 92.6038 0
1270 310097 0.98987 0 0 0 92.6041 0
1271 310098 0.673368 0 0 0 92.6044 0
1294 310099 1.0416 0 0 0 92.6047 0
1322 310100 1.0477 0 0 0 92.605 0
1326 310120 13.8656 0 0 0 92.611 0
1348 310121 1.09512 0 0 0 92.6113 0
1349 310122 1.14227 0 0 0 92.6116 0
1359 310123 1.14963 0 0 0 92.6119 0
1362 310124 0.803593 0 0 0 92.6122 0
1390 310125 1.17726 0 0 0 92.6125 0
1405 310126 1.18266 0 0 0 92.6128 0
1412 310127 1.17548 0 0 0 92.6131 0
1453 310131 3.85464 0 0 0 92.6143 0
1454 310132 0.869846 0 0 0 92.6146 0
1461 310133 1.23001 0 0 0 92.6149 0
1480 310159 22.3576 0 0 0 92.6227 0
1495 310186 25.5748 0 0 0 92.6307 0
1498 310187 0.952711 0 0 0 92.631 0
1505 310188 0.945188 0 0 0 92.6313 0
1512 310199 10.826 0 0 0 92.6346 0
1551 310200 1.49935 0 0 0 92.6349 0
1558 310201 1.52577 0 0 0 92.6352 0
1562 310202 1.47839 0 0 0 92.6355 0
1563 310203 1.02467 0 0 0 92.6358 0
1622 310208 5.92991 0 0 0 92.6373 0
1623 310210 2.85156 0 0 0 92.6379 0
1629 310211 1.66333 0 0 0 92.6382 0
1633 310212 1.09816 0 0 0 92.6385 0
1635 310213 1.09693 0 0 0 92.6388 0
1647 310219 7.56479 0 0 0 92.6406 0
1668 310220 1.70139 0 0 0 92.6409 0
1696 310221 1.81072 0 0 0 92.6412 0
1740 310222 1.86971 0 0 0 92.6415 0
1742 310226 5.64567 0 0 0 92.6427 0
1745 310227 1.7579 0 0 0 92.643 0
1747 310228 1.25541 0 0 0 92.6433 0
1750 310230 3.09274 0 0 0 92.6439 0
1754 310231 1.24635 0 0 0 92.6442 0
1760 310232 1.28171 0 0 0 92.6445 0
1766 310282 62.7136 0 0 0 92.6594 0
1781 310284 3.21527 0 0 0 92.66 0
1782 310285 1.31917 0 0 0 92.6603 0
1784 310286 1.30482 0 0 0 92.6606 0
1809 310287 2.01741 0 0 0 92.6609 0
1826 310355 89.7679 0 0 0 92.6812 0
1876 310356 2.121 0 0 0 92.6815 0
1931 310363 11.409 0 0 0 92.6836 0
1944 310366 5.28782 0 0 0 92.6845 0
1999 310367 2.38046 0 0 0 92.6848 0
2011 310368 2.38486 0 0 0 92.6851 0
2056 310381 23.292 0 0 0 92.689 0
2062 310385 7.75255 0 0 0 92.6901 0
2063 310386 1.80236 0 0 0 92.6904 0
2067 310387 1.74303 0 0 0 92.6907 0
2095 310411 42.0973 0 0 0 92.6979 0
2132 310430 35.304 0 0 0 92.7036 0
2161 310445 29.4318 0 0 0 92.7081 0
2189 310457 24.5353 0 0 0 92.7116 0
2230 310458 2.92791 0 0 0 92.7119 0
2246 310498 80.6983 0 0 0 92.7239 0
2257 310500 5.05046 0 0 0 92.7245 0
2328 310501 3.23147 0 0 0 92.7248 0
2406 310502 3.36146 0 0 0 92.7251 0
2408 310503 2.33086 0 0 0 92.7254 0
2419 310504 2.41854 0 0 0 92.7257 0
2463 310506 5.94924 0 0 0 92.7263 0
2483 310508 6.09672 0 0 0 92.7269 0
2573 310524 42.7459 0 0 0 92.7317 0
2630 310530 18.3369 0 0 0 92.7334 0
2636 310531 4.20756 0 0 0 92.7337 0
2638 310532 2.85399 0 0 0 92.734 0
2646 310533 4.19426 0 0 0 92.7343 0
2795 310543 32.7138 0 0 0 92.7373 0
2857 310545 7.91981 0 0 0 92.7379 0
2860 310546 3.42836 0 0 0 92.7382 0
2876 310557 37.6232 0 0 0 92.7415 0
2945 310559 8.51618 0 0 0 92.7421 0
3062 310560 5.20563 0 0 0 92.7424 0
3070 310561 3.75568 0 0 0 92.7427 0
3107 310562 4.10263 0 0 0 92.743 0
3196 310563 5.94827 0 0 0 92.7433 0
3262 310567 18.6052 0 0 0 92.7445 0
3273 310568 4.36222 0 0 0 92.7448 0
3315 310603 154.441 0 0 0 92.7552 0
3316 310611 37.1244 0 0 0 92.7576 0
3339 310713 436.07 0 0 0 92.7881 0
3401 310714 6.67455 0 0 0 92.7884 0
3545 310754 207.226 0 0 0 92.8003 0
3549 310755 5.33982 0 0 0 92.8006 0
3572 310756 5.38252 0 0 0 92.8009 0
3674 310775 104.863 0 0 0 92.8066 0
3836 310779 27.4654 0 0 0 92.8078 0
3875 310791 77.623 0 0 0 92.8114 0
3885 310792 6.24674 0 0 0 92.8117 0
3945 310793 8.68939 0 0 0 92.812 0
3949 310794 6.49923 0 0 0 92.8123 0
4307 310824 224.978 0 0 0 92.8212 0
4338 310832 65.7567 0 0 0 92.8236 0
4527 310836 35.9712 0 0 0 92.8248 0
4528 310837 8.52603 0 0 0 92.8251 0
4732 310856 175.595 0 0 0 92.8308 0
4740 310857 9.30731 0 0 0 92.8311 0
4785 311151 -1762.96 0 0 0 92.9189 0
5009 311185 352.37 0 0 0 92.929 0
5143 311208 253.575 0 0 0 92.9359 0
5466 311222 178.721 0 0 0 92.9401 0
5468 311223 12.133 0 0 0 92.9404 0
5476 311224 12.2022 0 0 0 92.9407 0
5488 311225 12.4738 0 0 0 92.941 0
5716 311240 201.016 0 0 0 92.9455 0
6191 311285 706.655 0 0 0 92.9589 0
6202 311295 166.486 0 0 0 92.9619 0
6204 311296 16.0527 0 0 0 92.9622 0
6708 311335 706.661 0 0 0 92.9738 0
7085 311354 394.662 0 0 0 92.9795 0
7298 311411 1241.27 0 0 0 92.9965 0
