154908
1 103257 0.382406 0 0 0 66.657 0
2 125428 0.165176 0 0 0 80.9693 0
3 134098 0.104264 0 0 0 86.5662 0
4 138404 0.083065 0 0 0 89.3459 0
5 140903 0.073614 0 0 0 90.9591 0
6 142550 0.068818 0 0 0 92.0224 0
7 143616 0.059808 0 0 0 92.7105 0
8 144391 0.052701 0 0 0 93.2108 0
9 144959 0.046025 0 0 0 93.5775 0
10 145366 0.040866 0 0 0 93.8402 0
11 145714 0.042325 0 0 0 94.0649 0
12 145966 0.037599 0 0 0 94.2275 0
13 146164 0.03425 0 0 0 94.3554 0
14 146365 0.039785 0 0 0 94.4851 0
15 146516 0.037076 0 0 0 94.5826 0
16 146663 0.040334 0 0 0 94.6775 0
17 146770 0.034152 0 0 0 94.7466 0
18 146859 0.03065 0 0 0 94.804 0
19 146960 0.038385 0 0 0 94.8692 0
20 147044 0.035969 0 0 0 94.9234 0
21 147128 0.039344 0 0 0 94.9777 0
22 147192 0.034975 0 0 0 95.019 0
23 147262 0.039721 0 0 0 95.0642 0
24 147309 0.028997 0 0 0 95.0945 0
25 147366 0.03839 0 0 0 95.1313 0
26 147412 0.034216 0 0 0 95.161 0
27 147438 0.022775 0 0 0 95.1778 0
28 147477 0.033835 0 0 0 95.203 0
29 147512 0.033068 0 0 0 95.2256 0
30 147553 0.039519 0 0 0 95.252 0
31 147583 0.032152 0 0 0 95.2714 0
32 147609 0.03258 0 0 0 95.2882 0
33 147636 0.033447 0 0 0 95.3056 0
34 147674 0.047016 0 0 0 95.3301 0
35 147697 0.033148 0 0 0 95.345 0
36 147722 0.03652 0 0 0 95.3611 0
37 147734 0.022052 0 0 0 95.3689 0
38 147762 0.044448 0 0 0 95.3869 0
39 147783 0.040844 0 0 0 95.4005 0
40 147796 0.030105 0 0 0 95.4089 0
41 147818 0.047893 0 0 0 95.4231 0
42 147835 0.039956 0 0 0 95.4341 0
43 147849 0.035363 0 0 0 95.4431 0
44 147868 0.044988 0 0 0 95.4554 0
45 147883 0.040935 0 0 0 95.4651 0
46 147895 0.032625 0 0 0 95.4728 0
47 147902 0.023041 0 0 0 95.4773 0
48 147910 0.025616 0 0 0 95.4825 0
49 147924 0.039657 0 0 0 95.4915 0
50 147936 0.036225 0 0 0 95.4993 0
51 147951 0.040833 0 0 0 95.5089 0
52 147972 0.057275 0 0 0 95.5225 0
53 147989 0.048746 0 0 0 95.5335 0
54 147999 0.029857 0 0 0 95.5399 0
55 148012 0.038016 0 0 0 95.5483 0
56 148020 0.026076 0 0 0 95.5535 0
57 148033 0.038935 0 0 0 95.5619 0
58 148042 0.02853 0 0 0 95.5677 0
59 148054 0.037962 0 0 0 95.5754 0
60 148063 0.030303 0 0 0 95.5812 0
61 148071 0.029348 0 0 0 95.5864 0
62 148076 0.018885 0 0 0 95.5896 0
63 148082 0.021618 0 0 0 95.5935 0
64 148088 0.021234 0 0 0 95.5974 0
65 148094 0.023004 0 0 0 95.6013 0
66 148103 0.035197 0 0 0 95.6071 0
67 148112 0.035522 0 0 0 95.6129 0
68 148117 0.022078 0 0 0 95.6161 0
69 148129 0.050101 0 0 0 95.6239 0
70 148135 0.026791 0 0 0 95.6277 0
71 148143 0.035318 0 0 0 95.6329 0
72 148149 0.026553 0 0 0 95.6368 0
73 148155 0.028516 0 0 0 95.6406 0
74 148162 0.033624 0 0 0 95.6452 0
75 148168 0.029688 0 0 0 95.649 0
76 148172 0.02007 0 0 0 95.6516 0
77 148175 0.017564 0 0 0 95.6535 0
78 148182 0.034467 0 0 0 95.6581 0
79 148186 0.021534 0 0 0 95.6607 0
80 148189 0.018028 0 0 0 95.6626 0
81 148196 0.039769 0 0 0 95.6671 0
82 148201 0.03008 0 0 0 95.6703 0
83 148204 0.018737 0 0 0 95.6723 0
84 148209 0.044021 0 0 0 95.6755 0
85 148219 0.116163 0 0 0 95.682 0
86 148224 0.072669 0 0 0 95.6852 0
87 148231 0.072761 0 0 0 95.6897 0
88 148233 0.029217 0 0 0 95.691 0
89 148238 0.070742 0 0 0 95.6942 0
90 148242 0.053771 0 0 0 95.6968 0
91 148249 0.083277 0 0 0 95.7013 0
92 148252 0.029979 0 0 0 95.7033 0
93 148256 0.055997 0 0 0 95.7058 0
94 148261 0.048869 0 0 0 95.7091 0
95 148264 0.033015 0 0 0 95.711 0
96 148267 0.03477 0 0 0 95.7129 0
97 148272 0.049922 0 0 0 95.7162 0
98 148277 0.05046 0 0 0 95.7194 0
99 148278 0.010791 0 0 0 95.72 0
100 148279 0.009808 0 0 0 95.7207 0
101 148281 0.019352 0 0 0 95.722 0
102 148287 0.052247 0 0 0 95.7259 0
103 148291 0.036024 0 0 0 95.7284 0
104 148295 0.035845 0 0 0 95.731 0
105 148296 0.009824 0 0 0 95.7317 0
106 148303 0.065069 0 0 0 95.7362 0
107 148307 0.039016 0 0 0 95.7388 0
108 148309 0.020249 0 0 0 95.7401 0
109 148313 0.038943 0 0 0 95.7426 0
110 148316 0.030548 0 0 0 95.7446 0
111 148317 0.010146 0 0 0 95.7452 0
112 148320 0.032744 0 0 0 95.7472 0
113 148324 0.042706 0 0 0 95.7497 0
115 148327 0.032005 0 0 0 95.7517 0
116 148332 0.05128 0 0 0 95.7549 0
117 148337 0.056205 0 0 0 95.7581 0
118 148340 0.030202 0 0 0 95.7601 0
119 148341 0.012616 0 0 0 95.7607 0
120 148343 0.022029 0 0 0 95.762 0
121 148346 0.036102 0 0 0 95.7639 0
122 148349 0.034938 0 0 0 95.7659 0
123 148351 0.023333 0 0 0 95.7672 0
124 148354 0.038059 0 0 0 95.7691 0
125 148356 0.023562 0 0 0 95.7704 0
126 148359 0.03604 0 0 0 95.7723 0
127 148360 0.013327 0 0 0 95.773 0
128 148363 0.040248 0 0 0 95.7749 0
129 148367 0.050093 0 0 0 95.7775 0
130 148370 0.040135 0 0 0 95.7794 0
131 148372 0.026171 0 0 0 95.7807 0
132 148373 0.015702 0 0 0 95.7814 0
133 148377 0.059338 0 0 0 95.7839 0
136 148380 0.04681 0 0 0 95.7859 0
137 148383 0.040889 0 0 0 95.7878 0
138 148385 0.029967 0 0 0 95.7891 0
139 148389 0.06024 0 0 0 95.7917 0
140 148392 0.046511 0 0 0 95.7936 0
141 148394 0.031619 0 0 0 95.7949 0
142 148396 0.033024 0 0 0 95.7962 0
143 148398 0.03371 0 0 0 95.7975 0
144 148401 0.050556 0 0 0 95.7994 0
145 148404 0.051723 0 0 0 95.8014 0
146 148405 0.01692 0 0 0 95.802 0
147 148406 0.015643 0 0 0 95.8027 0
148 148408 0.034338 0 0 0 95.804 0
149 148409 0.019439 0 0 0 95.8046 0
150 148410 0.017615 0 0 0 95.8053 0
151 148411 0.018278 0 0 0 95.8059 0
152 148413 0.036919 0 0 0 95.8072 0
153 148414 0.020014 0 0 0 95.8078 0
154 148416 0.039368 0 0 0 95.8091 0
155 148419 0.060029 0 0 0 95.8111 0
157 148421 0.042066 0 0 0 95.8124 0
158 148422 0.021524 0 0 0 95.813 0
159 148423 0.021927 0 0 0 95.8136 0
160 148425 0.042458 0 0 0 95.8149 0
161 148428 0.06152 0 0 0 95.8169 0
163 148431 0.061664 0 0 0 95.8188 0
164 148432 0.023229 0 0 0 95.8195 0
166 148433 0.022724 0 0 0 95.8201 0
167 148436 0.065374 0 0 0 95.822 0
168 148438 0.04022 0 0 0 95.8233 0
169 148439 0.032133 0 0 0 95.824 0
170 148442 0.111284 0 0 0 95.8259 0
171 148443 0.05164 0 0 0 95.8266 0
172 148445 0.059389 0 0 0 95.8278 0
173 148448 0.101529 0 0 0 95.8298 0
174 148449 0.029281 0 0 0 95.8304 0
175 148451 0.054973 0 0 0 95.8317 0
176 148454 0.083572 0 0 0 95.8337 0
177 148455 0.026672 0 0 0 95.8343 0
178 148457 0.052271 0 0 0 95.8356 0
180 148458 0.025876 0 0 0 95.8362 0
182 148460 0.050099 0 0 0 95.8375 0
183 148464 0.108002 0 0 0 95.8401 0
184 148468 0.107266 0 0 0 95.8427 0
185 148469 0.027601 0 0 0 95.8433 0
186 148471 0.053397 0 0 0 95.8446 0
187 148472 0.028697 0 0 0 95.8453 0
188 148474 0.050733 0 0 0 95.8466 0
189 148475 0.02611 0 0 0 95.8472 0
190 148476 0.027417 0 0 0 95.8479 0
191 148477 0.027636 0 0 0 95.8485 0
192 148478 0.030291 0 0 0 95.8491 0
193 148480 0.053934 0 0 0 95.8504 0
195 148483 0.088689 0 0 0 95.8524 0
196 148484 0.03012 0 0 0 95.853 0
198 148485 0.030729 0 0 0 95.8537 0
200 148491 0.183044 0 0 0 95.8575 0
203 148492 0.031495 0 0 0 95.8582 0
205 148495 0.097342 0 0 0 95.8601 0
206 148497 0.066091 0 0 0 95.8614 0
208 148498 0.032741 0 0 0 95.8621 0
209 148499 0.032485 0 0 0 95.8627 0
210 148502 0.099653 0 0 0 95.8646 0
212 148503 0.037023 0 0 0 95.8653 0
217 148504 0.035331 0 0 0 95.8659 0
220 148505 0.038625 0 0 0 95.8666 0
221 148507 0.069627 0 0 0 95.8679 0
222 148509 0.076579 0 0 0 95.8692 0
223 148510 0.037693 0 0 0 95.8698 0
224 148512 0.076122 0 0 0 95.8711 0
227 148513 0.040173 0 0 0 95.8717 0
228 148514 0.038843 0 0 0 95.8724 0
235 148515 0.04174 0 0 0 95.873 0
238 148516 0.042431 0 0 0 95.8737 0
239 148517 0.044249 0 0 0 95.8743 0
240 148518 0.039686 0 0 0 95.875 0
241 148519 0.040825 0 0 0 95.8756 0
242 148520 0.040708 0 0 0 95.8763 0
245 148522 0.088693 0 0 0 95.8776 0
247 148524 0.08745 0 0 0 95.8788 0
250 148527 0.144937 0 0 0 95.8808 0
252 148528 0.045862 0 0 0 95.8814 0
254 148529 0.048323 0 0 0 95.8821 0
258 148531 0.103294 0 0 0 95.8834 0
260 148532 0.049213 0 0 0 95.884 0
261 148534 0.128696 0 0 0 95.8853 0
262 148535 0.058751 0 0 0 95.8859 0
265 148536 0.046385 0 0 0 95.8866 0
270 148537 0.089331 0 0 0 95.8872 0
271 148538 0.068787 0 0 0 95.8879 0
273 148540 0.131988 0 0 0 95.8892 0
274 148541 0.057396 0 0 0 95.8898 0
275 148542 0.063864 0 0 0 95.8905 0
276 148543 0.056163 0 0 0 95.8911 0
277 148544 0.060587 0 0 0 95.8918 0
280 148545 0.063404 0 0 0 95.8924 0
285 148546 0.060006 0 0 0 95.893 0
288 148547 0.06111 0 0 0 95.8937 0
289 148548 0.05961 0 0 0 95.8943 0
291 148549 0.060121 0 0 0 95.895 0
292 148554 0.293599 0 0 0 95.8982 0
294 148555 0.057963 0 0 0 95.8989 0
296 148556 0.058626 0 0 0 95.8995 0
300 148557 0.061064 0 0 0 95.9001 0
301 148558 0.063933 0 0 0 95.9008 0
305 148559 0.067444 0 0 0 95.9014 0
306 148560 0.071648 0 0 0 95.9021 0
310 148561 0.073718 0 0 0 95.9027 0
312 148562 0.065852 0 0 0 95.9034 0
313 148563 0.071513 0 0 0 95.904 0
317 148564 0.068612 0 0 0 95.9047 0
319 148565 0.068453 0 0 0 95.9053 0
320 148566 0.067333 0 0 0 95.906 0
321 148567 0.074884 0 0 0 95.9066 0
322 148568 0.079407 0 0 0 95.9072 0
329 148569 0.083306 0 0 0 95.9079 0
333 148570 0.077796 0 0 0 95.9085 0
341 148572 0.166632 0 0 0 95.9098 0
342 148575 0.259582 0 0 0 95.9118 0
343 148576 0.073369 0 0 0 95.9124 0
344 148578 0.162092 0 0 0 95.9137 0
345 148579 0.083149 0 0 0 95.9143 0
347 148580 0.090618 0 0 0 95.915 0
348 148581 0.084176 0 0 0 95.9156 0
353 148582 0.089359 0 0 0 95.9163 0
354 148583 0.091554 0 0 0 95.9169 0
355 148584 0.084526 0 0 0 95.9176 0
356 148585 0.094379 0 0 0 95.9182 0
358 148587 0.184259 0 0 0 95.9195 0
360 148588 0.088462 0 0 0 95.9202 0
364 148589 0.07253 0 0 0 95.9208 0
371 148590 0.099621 0 0 0 95.9215 0
372 148591 0.095473 0 0 0 95.9221 0
373 148593 0.192872 0 0 0 95.9234 0
384 148595 0.208401 0 0 0 95.9247 0
399 148596 0.113179 0 0 0 95.9253 0
400 148598 0.225675 0 0 0 95.9266 0
401 148599 0.117402 0 0 0 95.9273 0
405 148600 0.129741 0 0 0 95.9279 0
414 148601 0.17089 0 0 0 95.9286 0
417 148602 0.130923 0 0 0 95.9292 0
424 148603 0.12213 0 0 0 95.9298 0
427 148604 0.126167 0 0 0 95.9305 0
431 148605 0.120265 0 0 0 95.9311 0
433 148606 0.13205 0 0 0 95.9318 0
447 148607 0.127004 0 0 0 95.9324 0
448 148608 0.144133 0 0 0 95.9331 0
453 148609 0.143547 0 0 0 95.9337 0
455 148610 0.132737 0 0 0 95.9344 0
456 148612 0.299019 0 0 0 95.9357 0
473 148613 0.154026 0 0 0 95.9363 0
475 148614 0.145786 0 0 0 95.9369 0
480 148615 0.160509 0 0 0 95.9376 0
484 148616 0.152196 0 0 0 95.9382 0
486 148618 0.287838 0 0 0 95.9395 0
487 148619 0.162313 0 0 0 95.9402 0
501 148620 0.186194 0 0 0 95.9408 0
502 148621 0.163867 0 0 0 95.9415 0
505 148622 0.193307 0 0 0 95.9421 0
515 148624 0.377979 0 0 0 95.9434 0
517 148625 0.172008 0 0 0 95.944 0
523 148626 0.185803 0 0 0 95.9447 0
525 148627 0.182821 0 0 0 95.9453 0
526 148628 0.194069 0 0 0 95.946 0
532 148629 0.195394 0 0 0 95.9466 0
541 148630 0.191108 0 0 0 95.9473 0
550 148631 0.201125 0 0 0 95.9479 0
566 148632 0.216213 0 0 0 95.9486 0
574 148633 0.214779 0 0 0 95.9492 0
579 148634 0.215999 0 0 0 95.9499 0
595 148635 0.239052 0 0 0 95.9505 0
597 148636 0.236622 0 0 0 95.9511 0
618 148637 0.261918 0 0 0 95.9518 0
625 148638 0.257825 0 0 0 95.9524 0
628 148639 0.24445 0 0 0 95.9531 0
629 148640 0.263111 0 0 0 95.9537 0
632 148641 0.255731 0 0 0 95.9544 0
636 148642 0.279668 0 0 0 95.955 0
642 148643 0.278717 0 0 0 95.9557 0
669 148644 0.265268 0 0 0 95.9563 0
680 148645 0.298947 0 0 0 95.957 0
681 148647 0.546232 0 0 0 95.9582 0
685 148649 0.618931 0 0 0 95.9595 0
690 148651 0.582672 0 0 0 95.9608 0
698 148652 0.236518 0 0 0 95.9615 0
699 148653 0.314368 0 0 0 95.9621 0
734 148654 0.356113 0 0 0 95.9628 0
736 148655 0.33977 0 0 0 95.9634 0
756 148656 0.369083 0 0 0 95.9641 0
774 148657 0.376522 0 0 0 95.9647 0
793 148658 0.397981 0 0 0 95.9653 0
806 148659 0.431429 0 0 0 95.966 0
812 148660 0.406517 0 0 0 95.9666 0
821 148661 0.425878 0 0 0 95.9673 0
830 148663 0.890517 0 0 0 95.9686 0
836 148664 0.409456 0 0 0 95.9692 0
848 148665 0.468348 0 0 0 95.9699 0
872 148667 0.918937 0 0 0 95.9712 0
875 148668 0.468621 0 0 0 95.9718 0
887 148669 0.474201 0 0 0 95.9724 0
888 148670 0.475823 0 0 0 95.9731 0
890 148671 0.480256 0 0 0 95.9737 0
891 148672 0.483761 0 0 0 95.9744 0
904 148673 0.461154 0 0 0 95.975 0
917 148674 0.522939 0 0 0 95.9757 0
949 148675 0.566151 0 0 0 95.9763 0
950 148676 0.532208 0 0 0 95.977 0
975 148677 0.583594 0 0 0 95.9776 0
1043 148678 0.631318 0 0 0 95.9783 0
1061 148679 0.661878 0 0 0 95.9789 0
1062 148680 0.648441 0 0 0 95.9795 0
1095 148681 0.709975 0 0 0 95.9802 0
1099 148682 0.736886 0 0 0 95.9808 0
1129 148683 0.716564 0 0 0 95.9815 0
1136 148684 0.746436 0 0 0 95.9821 0
1192 148685 0.816083 0 0 0 95.9828 0
1206 148686 0.824489 0 0 0 95.9834 0
1208 148687 0.862201 0 0 0 95.9841 0
1210 148688 0.825068 0 0 0 95.9847 0
1221 148689 0.820907 0 0 0 95.9854 0
1251 148690 0.918901 0 0 0 95.986 0
1286 148691 0.923698 0 0 0 95.9867 0
1297 148692 0.944647 0 0 0 95.9873 0
1393 148693 1.07695 0 0 0 95.9879 0
1406 148694 1.11242 0 0 0 95.9886 0
1418 148695 1.08046 0 0 0 95.9892 0
1423 148696 1.1116 0 0 0 95.9899 0
1466 148697 1.11866 0 0 0 95.9905 0
1486 148698 1.21499 0 0 0 95.9912 0
1583 148699 1.40417 0 0 0 95.9918 0
1669 148700 1.51924 0 0 0 95.9925 0
1698 148701 1.52267 0 0 0 95.9931 0
1710 148703 3.02697 0 0 0 95.9944 0
1736 148704 1.58639 0 0 0 95.995 0
1753 148705 1.60109 0 0 0 95.9957 0
1772 148706 1.67626 0 0 0 95.9963 0
1925 148707 1.87147 0 0 0 95.997 0
1930 148708 1.88873 0 0 0 95.9976 0
1975 148709 1.94019 0 0 0 95.9983 0
2002 148710 2.0503 0 0 0 95.9989 0
2226 148711 2.43681 0 0 0 95.9996 0
2269 148712 2.51947 0 0 0 96.0002 0
2437 148713 2.84644 0 0 0 96.0009 0
2452 148714 2.90584 0 0 0 96.0015 0
2543 148715 3.05981 0 0 0 96.0021 0
2577 148716 3.16118 0 0 0 96.0028 0
2640 148717 3.24522 0 0 0 96.0034 0
2828 148718 3.66858 0 0 0 96.0041 0
2861 148719 3.69145 0 0 0 96.0047 0
2910 148720 3.8534 0 0 0 96.0054 0
2968 148721 3.98136 0 0 0 96.006 0
2983 148722 3.95295 0 0 0 96.0067 0
3095 148723 4.29789 0 0 0 96.0073 0
3158 148724 4.42875 0 0 0 96.008 0
3310 148725 4.79016 0 0 0 96.0086 0
3316 148726 4.66019 0 0 0 96.0092 0
3577 148727 5.54767 0 0 0 96.0099 0
3742 148728 5.9721 0 0 0 96.0105 0
4214 148729 7.48008 0 0 0 96.0112 0
4367 148730 7.91999 0 0 0 96.0118 0
4426 148731 8.08571 0 0 0 96.0125 0
4454 148732 8.08592 0 0 0 96.0131 0
4666 148733 8.8901 0 0 0 96.0138 0
4883 148734 9.66933 0 0 0 96.0144 0
4896 148735 9.73314 0 0 0 96.0151 0
4929 148736 9.95101 0 0 0 96.0157 0
5174 148737 10.7033 0 0 0 96.0163 0
5193 148738 10.7901 0 0 0 96.017 0
5404 148739 11.659 0 0 0 96.0176 0
5407 148740 11.6307 0 0 0 96.0183 0
5411 148741 11.5811 0 0 0 96.0189 0
5416 148742 11.6761 0 0 0 96.0196 0
5422 148743 11.671 0 0 0 96.0202 0
5452 148744 11.7948 0 0 0 96.0209 0
5780 148745 13.1108 0 0 0 96.0215 0
5782 148746 13.18 0 0 0 96.0222 0
5785 148747 13.1343 0 0 0 96.0228 0
5788 148748 13.2147 0 0 0 96.0234 0
5792 148749 13.1607 0 0 0 96.0241 0
5800 148750 13.2032 0 0 0 96.0247 0
5808 148751 13.3665 0 0 0 96.0254 0
5970 148773 306.831 0 0 0 96.0396 0
6134 154908 2107.54 6172 0.939842 16.6227 100 9
