33696
1 9552 0.035557 6 0.990787 1.375 28.3476 1
2 13253 0.023369 6 0.939938 1.35804 39.3311 1
3 18538 0.048449 7 0.841946 1.28532 55.0154 1
4 21918 0.04565 13 0.796195 1.30513 65.0463 1
5 24048 0.040514 13 0.768505 1.30914 71.3675 1
6 26032 0.04812 13 0.743124 1.32331 77.2555 1
7 26953 0.032622 16 0.729826 1.33919 79.9887 1
8 27582 0.030332 16 0.721086 1.3563 81.8554 1
9 28003 0.026149 16 0.715102 1.36814 83.1048 1
10 28345 0.027322 16 0.709896 1.38563 84.1198 1
11 28603 0.024215 21 0.70587 1.397 84.8854 1
12 28832 0.025366 21 0.702206 1.40811 85.5651 1
13 29025 0.026537 21 0.699156 1.41835 86.1378 1
14 29175 0.023814 21 0.696692 1.42683 86.583 1
15 29322 0.024001 21 0.694052 1.43596 87.0192 1
16 29428 0.021722 21 0.6923 1.4455 87.3338 1
17 29541 0.029207 21 0.690396 1.45189 87.6692 1
18 29632 0.023859 21 0.68858 1.45622 87.9392 1
19 29717 0.024409 21 0.686779 1.46175 88.1915 1
20 29782 0.021047 21 0.685448 1.46787 88.3844 1
21 29857 0.025365 21 0.683927 1.47473 88.607 1
22 29903 0.016922 21 0.682908 1.4864 88.7435 1
23 29955 0.021886 21 0.681823 1.49344 88.8978 1
24 30003 0.021808 21 0.680799 1.49817 89.0402 1
25 30065 0.029368 21 0.679494 1.50405 89.2242 1
26 30110 0.023523 21 0.678545 1.50832 89.3578 1
27 30151 0.023216 21 0.677689 1.51194 89.4795 1
28 30204 0.026506 30 0.676566 1.51899 89.6368 1
29 30241 0.023351 30 0.675738 1.52213 89.7466 1
30 30283 0.026558 33 0.674867 1.5258 89.8712 1
31 30306 0.017313 33 0.674355 1.52731 89.9395 1
32 30330 0.018966 33 0.673821 1.52987 90.0107 1
33 30349 0.016972 33 0.673399 1.53279 90.0671 1
34 30377 0.027426 33 0.672779 1.53602 90.1502 1
35 30399 0.020275 33 0.672292 1.54065 90.2155 1
36 30420 0.019529 33 0.671828 1.54212 90.2778 1
37 30446 0.025485 33 0.671254 1.54471 90.3549 1
38 30468 0.023668 33 0.670769 1.5473 90.4202 1
39 30495 0.028113 33 0.670175 1.5517 90.5004 1
40 30510 0.019151 33 0.669846 1.55306 90.5449 1
41 30522 0.015242 33 0.669583 1.5535 90.5805 1
42 30534 0.016757 33 0.669319 1.55482 90.6161 1
43 30554 0.026273 33 0.668881 1.55698 90.6755 1
44 30564 0.014782 33 0.668695 1.55787 90.7051 1
45 30575 0.016316 33 0.668455 1.55914 90.7378 1
46 30589 0.022147 33 0.668149 1.56073 90.7793 1
47 30602 0.021102 33 0.667865 1.56208 90.8179 1
48 30609 0.012542 33 0.667712 1.56435 90.8387 1
49 30621 0.022391 33 0.66745 1.56634 90.8743 1
50 30634 0.026151 33 0.667167 1.56728 90.9129 1
51 30647 0.025818 33 0.666884 1.56862 90.9514 1
52 30664 0.034064 33 0.666514 1.57119 91.0019 1
53 30676 0.024824 33 0.666254 1.57355 91.0375 1
54 30685 0.020164 33 0.666058 1.5751 91.0642 1
55 30709 0.050561 38 0.665538 1.57911 91.1354 1
56 30720 0.027298 38 0.665299 1.58024 91.1681 1
57 30732 0.030479 38 0.66504 1.58218 91.2037 1
58 30738 0.015809 38 0.66491 1.58359 91.2215 1
59 30748 0.025928 38 0.664694 1.58497 91.2512 1
60 30755 0.018868 38 0.664542 1.58641 91.272 1
61 30763 0.022447 38 0.66437 1.58838 91.2957 1
62 30770 0.02126 38 0.664218 1.58953 91.3165 1
63 30780 0.029497 38 0.664003 1.5906 91.3462 1
64 30785 0.014342 38 0.663895 1.59128 91.361 1
65 30787 0.007359 38 0.663852 1.59155 91.3669 1
66 30794 0.022036 38 0.663701 1.59241 91.3877 1
67 30799 0.017137 38 0.663593 1.59328 91.4025 1
68 30807 0.028272 38 0.663421 1.59446 91.4263 1
69 30815 0.028385 38 0.663248 1.59709 91.45 1
70 30824 0.031577 38 0.663055 1.59898 91.4767 1
71 30831 0.024854 38 0.662904 1.59973 91.4975 1
72 30837 0.022664 38 0.662775 1.60092 91.5153 1
73 30840 0.012678 38 0.662711 1.60162 91.5242 1
74 30847 0.027261 38 0.66256 1.60323 91.545 1
75 30852 0.020177 38 0.662453 1.6038 91.5598 1
76 30860 0.034897 38 0.662281 1.60535 91.5836 1
77 30861 0.004713 38 0.66226 1.60539 91.5865 1
78 30867 0.025854 38 0.662131 1.60696 91.6043 1
79 30871 0.019348 38 0.662045 1.60778 91.6162 1
80 30875 0.019175 38 0.66196 1.60995 91.6281 1
81 30878 0.01539 38 0.661895 1.61034 91.637 1
83 30880 0.009681 38 0.661852 1.61052 91.6429 1
84 30883 0.015076 38 0.661788 1.61091 91.6518 1
85 30885 0.010626 38 0.661745 1.61128 91.6578 1
86 30893 0.037531 38 0.661574 1.61224 91.6815 1
87 30896 0.016037 38 0.66151 1.61264 91.6904 1
88 30900 0.022234 38 0.661424 1.61374 91.7023 1
89 30901 0.006237 38 0.661403 1.61407 91.7052 1
90 30911 0.054797 38 0.661189 1.61501 91.7349 1
91 30917 0.035871 39 0.66106 1.61752 91.7527 1
92 30921 0.023873 39 0.660975 1.61881 91.7646 1
93 30925 0.026272 39 0.660889 1.61953 91.7765 1
94 30929 0.023765 39 0.660804 1.62006 91.7883 1
95 30935 0.041582 39 0.660676 1.62142 91.8061 1
96 30938 0.020185 39 0.660612 1.622 91.8151 1
97 30949 0.060842 39 0.660377 1.62306 91.8477 1
98 30957 0.044541 39 0.660206 1.62335 91.8714 1
99 30958 0.007229 39 0.660185 1.62348 91.8744 1
100 30961 0.021513 39 0.660121 1.62397 91.8833 1
101 30962 0.007678 39 0.660099 1.624 91.8863 1
102 30966 0.029335 39 0.660014 1.625 91.8981 1
103 30969 0.021504 39 0.65995 1.6252 91.9071 1
104 30971 0.015508 39 0.659908 1.62546 91.913 1
105 30973 0.016561 39 0.659865 1.62563 91.9189 1
107 30975 0.015751 39 0.659822 1.62617 91.9249 1
108 30978 0.02506 39 0.659759 1.62666 91.9338 1
109 30981 0.024234 39 0.659695 1.62705 91.9427 1
111 30982 0.007993 39 0.659673 1.62718 91.9456 1
113 30984 0.018564 39 0.659631 1.62763 91.9516 1
114 30989 0.045784 39 0.659524 1.62819 91.9664 1
115 30992 0.028278 39 0.659461 1.62858 91.9753 1
116 30993 0.010123 39 0.659439 1.6288 91.9783 1
118 30994 0.010778 39 0.659418 1.62884 91.9812 1
119 30995 0.011069 39 0.659397 1.62887 91.9842 1
120 30997 0.021462 39 0.659354 1.62913 91.9901 1
121 30998 0.011336 39 0.659333 1.62926 91.9931 1
123 31002 0.04093 39 0.659248 1.63006 92.005 1
124 31005 0.031826 39 0.659184 1.63055 92.0139 1
125 31006 0.011185 39 0.659163 1.63106 92.0169 1
126 31010 0.043799 39 0.659078 1.63176 92.0287 1
128 31011 0.012239 39 0.659056 1.63199 92.0317 1
129 31016 0.05965 39 0.65895 1.6332 92.0465 1
130 31017 0.011655 39 0.658929 1.63352 92.0495 1
131 31019 0.024209 39 0.658886 1.63397 92.0554 1
132 31021 0.024642 39 0.658844 1.63441 92.0614 1
133 31023 0.024351 39 0.658802 1.63467 92.0673 1
134 31027 0.048403 39 0.658717 1.63519 92.0792 1
135 31031 0.045612 39 0.658632 1.6358 92.091 1
136 31033 0.025032 39 0.658589 1.63605 92.097 1
137 31040 0.068258 39 0.658441 1.63667 92.1178 1
138 31043 0.036732 39 0.658377 1.63904 92.1267 1
139 31047 0.05272 39 0.658292 1.63974 92.1385 1
140 31048 0.014321 39 0.658271 1.64015 92.1415 1
142 31049 0.0116 39 0.65825 1.64018 92.1445 1
143 31051 0.029235 39 0.658207 1.64025 92.1504 1
145 31052 0.014618 39 0.658186 1.64076 92.1534 1
146 31055 0.042005 39 0.658123 1.64105 92.1623 1
147 31056 0.01552 39 0.658101 1.64108 92.1652 1
148 31057 0.016099 39 0.65808 1.64159 92.1682 1
151 31058 0.013967 39 0.658059 1.64162 92.1712 1
152 31060 0.03338 39 0.658017 1.64235 92.1771 1
153 31062 0.031176 39 0.657974 1.6427 92.183 1
154 31063 0.016131 39 0.657953 1.64282 92.186 1
156 31065 0.035897 39 0.657911 1.64317 92.192 1
160 31066 0.01782 39 0.65789 1.6433 92.1949 1
162 31067 0.017711 39 0.657868 1.64362 92.1979 1
163 31069 0.035278 39 0.657826 1.64378 92.2038 1
164 31072 0.053772 39 0.657763 1.64397 92.2127 1
165 31074 0.037033 39 0.65772 1.64423 92.2187 1
166 31076 0.036709 39 0.657678 1.64439 92.2246 1
167 31078 0.036848 39 0.657636 1.64455 92.2305 1
168 31079 0.020033 39 0.657614 1.64468 92.2335 1
172 31081 0.040277 39 0.657572 1.64493 92.2394 1
173 31083 0.039645 39 0.65753 1.64509 92.2454 1
175 31084 0.020402 39 0.657509 1.64522 92.2483 1
176 31085 0.021577 39 0.657488 1.64544 92.2513 1
177 31086 0.021319 39 0.657466 1.64557 92.2543 1
178 31087 0.022958 39 0.657445 1.64579 92.2572 1
179 31090 0.062876 39 0.657382 1.64636 92.2661 1
180 31092 0.038813 39 0.65734 1.6468 92.2721 1
182 31093 0.017085 39 0.657318 1.64721 92.275 1
183 31094 0.022523 39 0.657297 1.64733 92.278 1
184 31096 0.044453 39 0.657255 1.64759 92.284 1
185 31098 0.045218 39 0.657213 1.64775 92.2899 1
187 31099 0.024064 40 0.657192 1.64947 92.2929 1
188 31101 0.048483 40 0.657149 1.64991 92.2988 1
192 31102 0.02533 40 0.657128 1.65013 92.3018 1
193 31105 0.074338 40 0.657065 1.65042 92.3107 1
194 31106 0.026613 40 0.657044 1.65064 92.3136 1
199 31108 0.052672 40 0.657001 1.65089 92.3196 1
200 31110 0.040384 40 0.656959 1.65096 92.3255 1
201 31111 0.026226 40 0.656938 1.65108 92.3285 1
202 31113 0.053114 40 0.656896 1.65124 92.3344 1
203 31114 0.026647 40 0.656875 1.65127 92.3374 1
206 31117 0.079753 40 0.656811 1.65203 92.3463 1
208 31118 0.025919 40 0.65679 1.65206 92.3492 1
210 31119 0.028672 40 0.656769 1.65209 92.3522 1
211 31120 0.028004 40 0.656748 1.65222 92.3552 1
214 31128 0.152315 40 0.656579 1.6522 92.3789 1
215 31129 0.030661 40 0.656558 1.65223 92.3819 1
217 31130 0.031582 40 0.656537 1.65236 92.3849 1
220 31132 0.064089 40 0.656495 1.65289 92.3908 1
222 31133 0.034828 40 0.656474 1.65302 92.3938 1
223 31134 0.033574 40 0.656453 1.65389 92.3967 1
224 31135 0.033639 40 0.656432 1.65411 92.3997 1
225 31136 0.033994 40 0.656411 1.6547 92.4027 1
227 31137 0.033002 40 0.65639 1.65511 92.4056 1
228 31138 0.034238 40 0.656368 1.65533 92.4086 1
230 31139 0.033139 40 0.656347 1.65545 92.4116 1
231 31141 0.06126 40 0.656305 1.65561 92.4175 1
232 31142 0.035273 40 0.656284 1.65574 92.4205 1
235 31143 0.037155 40 0.656263 1.65586 92.4234 1
236 31144 0.038003 40 0.656242 1.65617 92.4264 1
238 31146 0.068851 40 0.6562 1.65652 92.4323 1
241 31148 0.076845 40 0.656158 1.65705 92.4383 1
249 31149 0.039482 40 0.656137 1.65708 92.4412 1
250 31150 0.042833 40 0.656116 1.65711 92.4442 1
255 31151 0.041163 40 0.656095 1.65733 92.4472 1
256 31152 0.046708 40 0.656073 1.65755 92.4501 1
260 31153 0.046797 40 0.656052 1.65768 92.4531 1
270 31156 0.118516 40 0.655989 1.65824 92.462 1
273 31157 0.04727 40 0.655968 1.65836 92.465 1
274 31159 0.094168 40 0.655926 1.65899 92.4709 1
277 31161 0.097675 40 0.655884 1.65914 92.4769 1
279 31162 0.051021 40 0.655863 1.65936 92.4798 1
282 31163 0.042745 40 0.655842 1.65949 92.4828 1
284 31164 0.051956 40 0.655821 1.65952 92.4858 1
285 31166 0.096943 40 0.655779 1.65996 92.4917 1
289 31167 0.055833 40 0.655758 1.66129 92.4947 1
294 31169 0.10422 40 0.655716 1.66126 92.5006 1
295 31170 0.054858 40 0.655695 1.66157 92.5036 1
296 31172 0.088613 40 0.655653 1.66154 92.5095 1
297 31173 0.058097 40 0.655631 1.66157 92.5125 1
303 31174 0.060379 40 0.65561 1.6617 92.5154 1
309 31175 0.06088 40 0.655589 1.66229 92.5184 1
311 31177 0.122176 40 0.655547 1.66272 92.5243 1
312 31178 0.062712 40 0.655526 1.66294 92.5273 1
314 31179 0.064223 40 0.655505 1.66297 92.5303 1
323 31180 0.069421 40 0.655484 1.66319 92.5332 1
335 31181 0.070853 40 0.655463 1.66378 92.5362 1
336 31182 0.070272 41 0.655442 1.664 92.5392 1
337 31183 0.067884 41 0.655421 1.66403 92.5421 1
342 31185 0.146187 41 0.655379 1.66437 92.5481 1
343 31186 0.062898 41 0.655358 1.66431 92.551 1
346 31187 0.065395 41 0.655337 1.66443 92.554 1
347 31189 0.146878 41 0.655295 1.66459 92.5599 1
350 31190 0.076782 41 0.655274 1.66471 92.5629 1
351 31191 0.076055 41 0.655253 1.6654 92.5659 1
353 31192 0.07611 41 0.655232 1.66543 92.5689 1
358 31193 0.081562 41 0.655211 1.66564 92.5718 1
361 31194 0.081254 41 0.65519 1.66567 92.5748 1
368 31195 0.084874 41 0.655169 1.6658 92.5778 1
372 31196 0.070438 41 0.655148 1.66592 92.5807 1
373 31197 0.088874 41 0.655127 1.66595 92.5837 1
388 31200 0.227175 41 0.655064 1.66642 92.5926 1
392 31201 0.080109 41 0.655043 1.66682 92.5956 1
393 31202 0.095073 41 0.655022 1.66722 92.5985 1
401 31203 0.100129 41 0.655001 1.66753 92.6015 1
418 31204 0.108971 41 0.65498 1.66766 92.6045 1
426 31205 0.111085 41 0.654959 1.66778 92.6074 1
432 31207 0.224883 41 0.654917 1.66821 92.6134 1
435 31208 0.117778 41 0.654896 1.6689 92.6163 1
436 31209 0.115936 41 0.654875 1.6692 92.6193 1
438 31210 0.112969 41 0.654854 1.66924 92.6223 1
446 31211 0.125132 41 0.654833 1.66927 92.6252 1
458 31212 0.126687 41 0.654812 1.66939 92.6282 1
459 31213 0.128092 41 0.654791 1.66951 92.6312 1
460 31214 0.115855 41 0.65477 1.67001 92.6341 1
464 31215 0.128657 41 0.654749 1.67004 92.6371 1
482 31216 0.138139 41 0.654728 1.67035 92.6401 1
489 31217 0.142755 41 0.654707 1.67056 92.643 1
491 31219 0.270185 41 0.654665 1.67053 92.649 1
499 31220 0.142475 41 0.654644 1.67084 92.6519 1
502 31221 0.129034 41 0.654623 1.67096 92.6549 1
507 31222 0.149934 42 0.654603 1.67099 92.6579 1
513 31223 0.159115 42 0.654582 1.67102 92.6608 1
515 31224 0.142516 42 0.654561 1.67115 92.6638 1
528 31225 0.150935 43 0.65454 1.67118 92.6668 1
532 31226 0.147116 43 0.654519 1.6713 92.6698 1
534 31227 0.162982 43 0.654498 1.67152 92.6727 1
536 31228 0.171862 43 0.654477 1.67164 92.6757 1
543 31229 0.179226 43 0.654456 1.67195 92.6787 1
566 31232 0.51276 43 0.654393 1.67213 92.6876 1
567 31233 0.188227 43 0.654372 1.67216 92.6905 1
568 31234 0.190268 43 0.654351 1.67229 92.6935 1
585 31237 0.555648 43 0.654288 1.67256 92.7024 1
616 31238 0.219301 43 0.654267 1.67296 92.7054 1
645 31239 0.232065 43 0.654246 1.67299 92.7083 1
657 31240 0.247073 43 0.654225 1.67312 92.7113 1
665 31241 0.252582 43 0.654204 1.67324 92.7143 1
667 31242 0.253188 43 0.654183 1.67345 92.7172 1
679 31243 0.260929 43 0.654163 1.67348 92.7202 1
683 31246 0.727455 43 0.6541 1.67376 92.7291 1
700 31247 0.27579 43 0.654079 1.67388 92.7321 1
715 31248 0.282829 43 0.654058 1.67401 92.735 1
738 31249 0.277055 43 0.654037 1.67431 92.738 1
768 31250 0.321476 43 0.654016 1.67462 92.741 1
807 31251 0.350445 43 0.653995 1.67474 92.7439 1
811 31252 0.360315 43 0.653974 1.67496 92.7469 1
812 31254 0.689343 43 0.653932 1.6752 92.7528 1
818 31255 0.342201 43 0.653911 1.67533 92.7558 1
831 31256 0.359796 43 0.65389 1.67536 92.7588 1
854 31259 1.12205 46 0.653828 1.67526 92.7677 1
876 31265 2.29872 46 0.653702 1.67526 92.7855 1
951 31266 0.477213 46 0.653681 1.67547 92.7885 1
998 31267 0.519758 46 0.65366 1.67569 92.7914 1
1007 31271 1.99872 46 0.653577 1.67581 92.8033 1
1008 31272 0.545876 46 0.653556 1.67593 92.8063 1
1012 31273 0.503917 46 0.653535 1.67596 92.8092 1
1023 31274 0.520217 46 0.653514 1.67599 92.8122 1
1059 31275 0.585793 46 0.653493 1.67602 92.8152 1
1170 31279 2.66337 46 0.65341 1.67614 92.827 1
1174 31280 0.662213 46 0.653389 1.67654 92.83 1
1187 31281 0.710184 46 0.653368 1.67657 92.833 1
1196 31282 0.694624 46 0.653347 1.6766 92.8359 1
1267 31283 0.808177 47 0.653326 1.67663 92.8389 1
1306 31284 0.837486 47 0.653305 1.67675 92.8419 1
1310 31285 0.815022 47 0.653284 1.67687 92.8448 1
1326 31286 0.837067 47 0.653263 1.6769 92.8478 1
1354 31343 47.4139 79 0.652075 1.67987 93.017 1
1401 31383 36.0141 85 0.651244 1.68515 93.1357 1
1529 31384 1.13286 85 0.651224 1.68546 93.1387 1
1737 31396 16.2949 85 0.650975 1.68635 93.1743 1
1738 31397 1.36716 85 0.650954 1.68683 93.1772 1
1745 31399 2.71647 85 0.650912 1.68698 93.1832 1
1746 31413 19.2015 85 0.650622 1.68784 93.2247 1
1896 31446 52.1536 118 0.64994 1.68877 93.3226 1
2058 31514 122.889 118 0.648537 1.69556 93.5245 1
2181 33696 1383.49 2299 0.606541 2.54148 100 9
