762
1 31 0.000285 1 1 -nan 4.06824 1
2 62 0.000422 3 0.935484 1 8.13648 1
3 77 0.00036 3 0.909091 1 10.105 1
4 87 0.000356 3 0.908046 1.125 11.4173 1
5 99 0.00073 3 0.89899 1.1 12.9921 1
6 103 0.000293 3 0.883495 1.25 13.5171 1
7 112 0.000807 3 0.883929 1.23077 14.6982 1
8 123 0.000933 3 0.861789 1.17647 16.1417 1
9 137 0.000975 4 0.846715 1.19048 17.979 1
10 142 0.000379 4 0.84507 1.18182 18.6352 1
11 151 0.000823 4 0.84106 1.25 19.8163 1
12 164 0.001445 5 0.823171 1.2069 21.5223 1
13 173 0.001144 5 0.82659 1.2 22.7034 1
14 179 0.00085 5 0.821229 1.1875 23.4908 1
15 185 0.000974 5 0.810811 1.17143 24.2782 1
16 195 0.001754 5 0.8 1.20513 25.5906 1
17 198 0.000607 5 0.787879 1.21429 25.9843 1
18 203 0.001253 6 0.773399 1.28261 26.6404 1
19 210 0.001728 6 0.761905 1.3 27.5591 1
20 216 0.001717 6 0.763889 1.29412 28.3465 1
21 222 0.001871 6 0.756757 1.27778 29.1339 1
22 226 0.001337 6 0.752212 1.26786 29.6588 1
23 231 0.001921 6 0.744589 1.25424 30.315 1
24 233 0.000828 6 0.742489 1.25 30.5774 1
25 235 0.00082 6 0.73617 1.27419 30.8399 1
26 241 0.002667 7 0.726141 1.27273 31.6273 1
27 245 0.001776 8 0.714286 1.27143 32.1522 1
28 249 0.002146 8 0.710843 1.26389 32.6772 1
29 251 0.001155 8 0.705179 1.25676 32.9396 1
30 252 0.000645 8 0.706349 1.25676 33.0709 1
31 256 0.002791 8 0.695312 1.24359 33.5958 1
32 262 0.004169 8 0.694656 1.25 34.3832 1
33 265 0.002109 8 0.69434 1.25926 34.7769 1
34 268 0.002318 8 0.690299 1.26506 35.1706 1
35 271 0.002416 8 0.690037 1.2619 35.5643 1
36 273 0.001676 8 0.684982 1.25581 35.8268 1
37 277 0.003739 8 0.68231 1.25 36.3517 1
38 284 0.006262 8 0.669014 1.25532 37.2703 1
39 286 0.002017 8 0.664336 1.26042 37.5328 1
40 287 0.001084 8 0.662021 1.25773 37.664 1
41 291 0.004375 8 0.66323 1.28571 38.189 1
43 294 0.003621 8 0.656463 1.28713 38.5827 1
44 296 0.002156 8 0.652027 1.29126 38.8451 1
45 300 0.005021 8 0.643333 1.28037 39.3701 1
46 302 0.002711 8 0.639073 1.2844 39.6325 1
47 303 0.001494 8 0.636964 1.29091 39.7638 1
48 304 0.001503 8 0.634868 1.2973 39.895 1
50 306 0.002816 8 0.630719 1.30088 40.1575 1
51 307 0.00155 8 0.628664 1.29825 40.2887 1
52 308 0.001498 8 0.626623 1.30435 40.4199 1
53 311 0.004085 10 0.620579 1.31356 40.8136 1
55 312 0.00198 10 0.61859 1.31092 40.9449 1
56 314 0.003861 10 0.61465 1.30579 41.2073 1
57 315 0.00218 10 0.612698 1.30328 41.3386 1
59 317 0.003868 10 0.608833 1.30645 41.601 1
60 318 0.002164 10 0.606918 1.32 41.7323 1
61 319 0.002406 10 0.605016 1.3254 41.8635 1
63 321 0.004304 10 0.601246 1.33594 42.126 1
64 323 0.004606 10 0.597523 1.34615 42.3885 1
65 324 0.00231 10 0.595679 1.36641 42.5197 1
66 326 0.004546 10 0.592025 1.3609 42.7822 1
67 327 0.002479 10 0.590214 1.35821 42.9134 1
70 328 0.002555 10 0.588415 1.37037 43.0446 1
71 330 0.005376 10 0.587879 1.375 43.3071 1
75 331 0.003064 10 0.586103 1.38686 43.4383 1
76 332 0.002748 10 0.584337 1.3913 43.5696 1
77 334 0.005285 10 0.580838 1.39286 43.832 1
79 335 0.002867 10 0.579104 1.40426 43.9633 1
80 336 0.003356 10 0.577381 1.40845 44.0945 1
83 337 0.003148 10 0.575668 1.41259 44.2257 1
85 339 0.006252 10 0.572271 1.41379 44.4882 1
86 341 0.007163 10 0.568915 1.42177 44.7507 1
87 343 0.007032 10 0.565598 1.43624 45.0131 1
97 345 0.008476 11 0.562319 1.46358 45.2756 1
100 347 0.008549 11 0.559078 1.47059 45.5381 1
102 350 0.014109 11 0.554286 1.50641 45.9318 1
107 352 0.009248 11 0.551136 1.5 46.1942 1
109 353 0.005223 11 0.549575 1.50314 46.3255 1
114 354 0.005896 11 0.548023 1.50625 46.4567 1
121 355 0.006277 11 0.546479 1.51553 46.5879 1
123 356 0.006258 11 0.544944 1.51852 46.7192 1
125 357 0.007001 11 0.543417 1.52761 46.8504 1
129 358 0.007083 11 0.541899 1.53049 46.9816 1
136 360 0.014984 11 0.538889 1.55422 47.2441 1
138 362 0.014668 11 0.535912 1.54762 47.5066 1
141 363 0.007957 11 0.534435 1.5503 47.6378 1
145 364 0.009368 11 0.532967 1.55294 47.769 1
146 366 0.017392 11 0.530055 1.55814 48.0315 1
150 367 0.009431 11 0.52861 1.56647 48.1627 1
154 369 0.018255 12 0.525745 1.57143 48.4252 1
158 370 0.00956 12 0.524324 1.58523 48.5564 1
159 371 0.010039 12 0.522911 1.58757 48.6877 1
162 372 0.010508 12 0.521505 1.58989 48.8189 1
186 373 0.013775 12 0.520107 1.60894 48.9501 1
190 374 0.014064 12 0.518717 1.61667 49.0814 1
194 375 0.014595 12 0.517333 1.61878 49.2126 1
206 378 0.047035 12 0.513228 1.625 49.6063 1
207 379 0.015542 12 0.511873 1.62162 49.7375 1
210 380 0.015856 12 0.510526 1.61828 49.8688 1
212 381 0.015542 12 0.509186 1.61497 50 1
214 382 0.016581 12 0.507853 1.62234 50.1312 1
218 383 0.019503 13 0.506527 1.62434 50.2625 1
276 391 0.209803 20 0.496164 1.60914 51.3123 1
278 393 0.056002 20 0.493639 1.61307 51.5748 1
279 394 0.027841 20 0.492386 1.61 51.706 1
281 395 0.028352 20 0.491139 1.61194 51.8373 1
283 396 0.0282 20 0.489899 1.61386 51.9685 1
284 400 0.117026 20 0.485 1.6068 52.4934 1
285 401 0.02973 20 0.483791 1.6087 52.6247 1
324 414 0.479324 27 0.468599 1.61364 54.3307 1
347 762 4.92776 374 0.254593 1.33979 100 5
