4158
1 745 0.004062 0 0 0 17.9173 0
2 1697 0.015078 0 0 0 40.8129 0
3 2503 0.018542 0 0 0 60.1972 0
4 2912 0.013561 0 0 0 70.0337 0
5 3097 0.00713 0 0 0 74.4829 0
6 3221 0.006571 0 0 0 77.4651 0
7 3317 0.005178 0 0 0 79.7739 0
8 3386 0.004473 0 0 0 81.4334 0
9 3430 0.003731 0 0 0 82.4916 0
10 3456 0.002749 0 0 0 83.1169 0
11 3507 0.004079 0 0 0 84.3434 0
12 3517 0.001692 0 0 0 84.5839 0
13 3542 0.003172 0 0 0 85.1852 0
14 3568 0.003328 0 0 0 85.8105 0
15 3590 0.002634 0 0 0 86.3396 0
16 3604 0.003326 0 0 0 86.6763 0
17 3638 0.004052 0 0 0 87.494 0
18 3642 0.001247 0 0 0 87.5902 0
19 3648 0.001758 0 0 0 87.7345 0
20 3669 0.002538 0 0 0 88.2395 0
21 3690 0.002219 0 0 0 88.7446 0
22 3697 0.002455 0 0 0 88.9129 0
23 3725 0.004065 0 0 0 89.5863 0
24 3728 0.001135 0 0 0 89.6585 0
25 3731 0.001317 0 0 0 89.7306 0
26 3733 0.001172 0 0 0 89.7787 0
27 3736 0.001729 0 0 0 89.8509 0
28 3743 0.003955 0 0 0 90.0192 0
29 3747 0.002178 0 0 0 90.1154 0
30 3748 0.000871 0 0 0 90.1395 0
31 3754 0.002664 0 0 0 90.2838 0
32 3755 0.000869 0 0 0 90.3078 0
33 3788 0.009597 0 0 0 91.1015 0
34 3825 0.007645 0 0 0 91.9913 0
35 3827 0.002285 0 0 0 92.0394 0
37 3828 0.001697 0 0 0 92.0635 0
38 3829 0.001328 0 0 0 92.0875 0
39 3830 0.001078 0 0 0 92.1116 0
40 3833 0.002967 0 0 0 92.1837 0
42 3835 0.001326 0 0 0 92.2318 0
43 3851 0.0074 0 0 0 92.6166 0
44 3853 0.003382 0 0 0 92.6647 0
47 3855 0.00323 0 0 0 92.7128 0
48 3857 0.002818 0 0 0 92.7609 0
49 3858 0.001786 0 0 0 92.785 0
50 3859 0.002354 0 0 0 92.809 0
54 3860 0.001472 0 0 0 92.8331 0
55 3862 0.003611 0 0 0 92.8812 0
59 3863 0.002186 0 0 0 92.9052 0
65 3864 0.001843 0 0 0 92.9293 0
69 3865 0.002628 0 0 0 92.9533 0
73 3873 0.015541 0 0 0 93.1457 0
74 3874 0.002864 0 0 0 93.1698 0
75 3875 0.00268 0 0 0 93.1938 0
76 3876 0.003167 0 0 0 93.2179 0
77 3877 0.002757 0 0 0 93.2419 0
89 3879 0.004444 0 0 0 93.29 0
91 3880 0.002733 0 0 0 93.3141 0
93 3881 0.00373 0 0 0 93.3381 0
96 3882 0.005034 0 0 0 93.3622 0
102 3883 0.003136 0 0 0 93.3862 0
103 3885 0.0073 0 0 0 93.4343 0
104 3886 0.004895 0 0 0 93.4584 0
120 3888 0.010494 0 0 0 93.5065 0
135 3890 0.013451 0 0 0 93.5546 0
144 3891 0.006447 0 0 0 93.5786 0
152 3894 0.019123 0 0 0 93.6508 0
180 3902 0.062787 0 0 0 93.8432 0
182 3903 0.010747 0 0 0 93.8672 0
219 3931 0.273225 0 0 0 94.5406 0
226 4158 0.860544 287 0.445166 1.80191 100 8
