70068
1 28674 0.225036 0 0 0 40.9231 0
2 39041 0.208572 0 0 0 55.7187 0
3 44440 0.222875 0 0 0 63.4241 0
4 47832 0.096337 0 0 0 68.2651 0
5 50113 0.128064 0 0 0 71.5205 0
6 51814 0.193836 0 0 0 73.9482 0
7 53086 0.192349 0 0 0 75.7635 0
8 54062 0.201814 0 0 0 77.1565 0
9 54867 0.198118 0 0 0 78.3054 0
10 55565 0.199138 0 0 0 79.3015 0
11 56119 0.200133 0 0 0 80.0922 0
12 56607 0.199861 0 0 0 80.7887 0
13 56978 0.161978 0 0 0 81.3181 0
14 57305 0.206976 0 0 0 81.7848 0
15 57611 0.166335 0 0 0 82.2216 0
16 57896 0.215385 0 0 0 82.6283 0
17 58147 0.244348 0 0 0 82.9865 0
18 58372 0.220973 0 0 0 83.3076 0
19 58547 0.204179 0 0 0 83.5574 0
20 58729 0.242684 0 0 0 83.8171 0
21 58885 0.189161 0 0 0 84.0398 0
22 59010 0.171495 0 0 0 84.2182 0
23 59122 0.185129 0 0 0 84.378 0
24 59250 0.170316 0 0 0 84.5607 0
25 59374 0.173084 0 0 0 84.7377 0
26 59469 0.168056 0 0 0 84.8733 0
27 59581 0.096662 0 0 0 85.0331 0
28 59674 0.157693 0 0 0 85.1658 0
29 59748 0.165088 0 0 0 85.2715 0
30 59827 0.19575 0 0 0 85.3842 0
31 59894 0.161078 0 0 0 85.4798 0
32 59965 0.162627 0 0 0 85.5811 0
33 60034 0.162812 0 0 0 85.6796 0
34 60103 0.16758 0 0 0 85.7781 0
35 60150 0.216326 0 0 0 85.8452 0
36 60225 0.223168 0 0 0 85.9522 0
37 60289 0.195187 0 0 0 86.0436 0
38 60337 0.158225 0 0 0 86.1121 0
39 60383 0.198545 0 0 0 86.1777 0
40 60436 0.208122 0 0 0 86.2534 0
41 60477 0.212531 0 0 0 86.3119 0
42 60528 0.276145 0 0 0 86.3847 0
43 60578 0.245476 0 0 0 86.456 0
44 60623 0.225985 0 0 0 86.5202 0
45 60660 0.163541 0 0 0 86.573 0
46 60696 0.165593 0 0 0 86.6244 0
47 60726 0.136438 0 0 0 86.6672 0
48 60747 0.104204 0 0 0 86.6972 0
49 60775 0.150976 0 0 0 86.7372 0
50 60803 0.162076 0 0 0 86.7771 0
51 60833 0.255987 0 0 0 86.8199 0
52 60861 0.136504 0 0 0 86.8599 0
53 60884 0.068874 0 0 0 86.8927 0
54 60906 0.133575 0 0 0 86.9241 0
55 60929 0.073779 0 0 0 86.957 0
56 60958 0.206978 0 0 0 86.9983 0
57 60981 0.223681 0 0 0 87.0312 0
58 61010 0.243829 0 0 0 87.0726 0
59 61033 0.221987 0 0 0 87.1054 0
60 61047 0.135863 0 0 0 87.1254 0
61 61072 0.184052 0 0 0 87.161 0
62 61088 0.129957 0 0 0 87.1839 0
63 61107 0.198998 0 0 0 87.211 0
64 61127 0.267776 0 0 0 87.2395 0
65 61152 0.301132 0 0 0 87.2752 0
66 61165 0.201561 0 0 0 87.2938 0
67 61182 0.171566 0 0 0 87.318 0
68 61201 0.19188 0 0 0 87.3452 0
69 61219 0.088524 0 0 0 87.3708 0
70 61233 0.118371 0 0 0 87.3908 0
71 61248 0.093612 0 0 0 87.4122 0
72 61269 0.140814 0 0 0 87.4422 0
73 61286 0.181288 0 0 0 87.4665 0
74 61300 0.157441 0 0 0 87.4864 0
75 61317 0.18922 0 0 0 87.5107 0
76 61325 0.074712 0 0 0 87.5221 0
77 61339 0.170581 0 0 0 87.5421 0
78 61357 0.216994 0 0 0 87.5678 0
79 61368 0.176316 0 0 0 87.5835 0
80 61379 0.163604 0 0 0 87.5992 0
81 61388 0.1244 0 0 0 87.612 0
82 61394 0.071704 0 0 0 87.6206 0
83 61405 0.138745 0 0 0 87.6363 0
84 61423 0.236843 0 0 0 87.662 0
85 61434 0.160106 0 0 0 87.6777 0
86 61446 0.163937 0 0 0 87.6948 0
87 61456 0.147022 0 0 0 87.7091 0
88 61462 0.119098 0 0 0 87.7176 0
89 61470 0.180458 0 0 0 87.7291 0
90 61484 0.13485 0 0 0 87.749 0
91 61493 0.073829 0 0 0 87.7619 0
92 61504 0.196201 0 0 0 87.7776 0
93 61512 0.145269 0 0 0 87.789 0
94 61520 0.136648 0 0 0 87.8004 0
95 61529 0.227662 0 0 0 87.8133 0
96 61542 0.274475 0 0 0 87.8318 0
97 61550 0.181028 0 0 0 87.8432 0
98 61558 0.17282 0 0 0 87.8547 0
99 61572 0.149007 0 0 0 87.8746 0
100 61580 0.195594 0 0 0 87.8861 0
101 61588 0.160699 0 0 0 87.8975 0
102 61595 0.135425 0 0 0 87.9075 0
103 61606 0.230624 0 0 0 87.9232 0
104 61612 0.108807 0 0 0 87.9317 0
105 61626 0.188792 0 0 0 87.9517 0
106 61632 0.069569 0 0 0 87.9603 0
107 61638 0.065425 0 0 0 87.9688 0
108 61645 0.078598 0 0 0 87.9788 0
109 61652 0.08082 0 0 0 87.9888 0
110 61657 0.060914 0 0 0 87.9959 0
111 61662 0.059434 0 0 0 88.0031 0
112 61669 0.083368 0 0 0 88.0131 0
113 61681 0.142459 0 0 0 88.0302 0
114 61689 0.162537 0 0 0 88.0416 0
115 61694 0.061911 0 0 0 88.0488 0
116 61699 0.100632 0 0 0 88.0559 0
117 61704 0.090346 0 0 0 88.063 0
118 61706 0.025875 0 0 0 88.0659 0
119 61712 0.080503 0 0 0 88.0744 0
120 61716 0.104528 0 0 0 88.0802 0
121 61720 0.087892 0 0 0 88.0859 0
122 61726 0.119053 0 0 0 88.0944 0
123 61730 0.154998 0 0 0 88.1001 0
124 61740 0.329848 0 0 0 88.1144 0
125 61748 0.237787 0 0 0 88.1258 0
126 61753 0.099452 0 0 0 88.133 0
127 61759 0.090762 0 0 0 88.1415 0
128 61764 0.119596 0 0 0 88.1487 0
129 61769 0.143971 0 0 0 88.1558 0
130 61772 0.047306 0 0 0 88.1601 0
131 61779 0.161238 0 0 0 88.1701 0
132 61783 0.081587 0 0 0 88.1758 0
133 61789 0.113178 0 0 0 88.1843 0
134 61794 0.131303 0 0 0 88.1915 0
135 61799 0.081037 0 0 0 88.1986 0
136 61803 0.13633 0 0 0 88.2043 0
137 61812 0.299837 0 0 0 88.2172 0
138 61817 0.186678 0 0 0 88.2243 0
139 61822 0.172498 0 0 0 88.2314 0
140 61823 0.035406 0 0 0 88.2329 0
141 61828 0.186152 0 0 0 88.24 0
142 61832 0.138239 0 0 0 88.2457 0
143 61834 0.069532 0 0 0 88.2486 0
144 61836 0.072132 0 0 0 88.2514 0
145 61839 0.125426 0 0 0 88.2557 0
146 61841 0.07148 0 0 0 88.2585 0
147 61845 0.165947 0 0 0 88.2643 0
148 61850 0.195211 0 0 0 88.2714 0
149 61853 0.108388 0 0 0 88.2757 0
150 61858 0.19945 0 0 0 88.2828 0
151 61862 0.168166 0 0 0 88.2885 0
152 61865 0.111828 0 0 0 88.2928 0
153 61866 0.031595 0 0 0 88.2942 0
154 61870 0.165485 0 0 0 88.2999 0
155 61872 0.099482 0 0 0 88.3028 0
156 61880 0.477744 0 0 0 88.3142 0
157 61883 0.113379 0 0 0 88.3185 0
158 61884 0.023949 0 0 0 88.3199 0
159 61887 0.070845 0 0 0 88.3242 0
160 61894 0.163603 0 0 0 88.3342 0
161 61900 0.145228 0 0 0 88.3428 0
162 61903 0.070089 0 0 0 88.347 0
163 61910 0.317263 0 0 0 88.357 0
164 61914 0.112437 0 0 0 88.3627 0
165 61915 0.025583 0 0 0 88.3642 0
166 61917 0.08334 0 0 0 88.367 0
167 61921 0.244389 0 0 0 88.3727 0
168 61925 0.230624 0 0 0 88.3784 0
169 61932 0.398536 0 0 0 88.3884 0
170 61938 0.355185 0 0 0 88.397 0
171 61941 0.183062 0 0 0 88.4013 0
172 61944 0.133742 0 0 0 88.4055 0
173 61948 0.250111 0 0 0 88.4113 0
174 61953 0.298698 0 0 0 88.4184 0
176 61956 0.167645 0 0 0 88.4227 0
177 61960 0.286503 0 0 0 88.4284 0
178 61962 0.177583 0 0 0 88.4312 0
179 61964 0.116234 0 0 0 88.4341 0
181 61967 0.102842 0 0 0 88.4384 0
182 61971 0.234192 0 0 0 88.4441 0
183 61974 0.165723 0 0 0 88.4484 0
184 61979 0.229777 0 0 0 88.4555 0
185 61981 0.063288 0 0 0 88.4584 0
186 61983 0.130148 0 0 0 88.4612 0
187 61985 0.168641 0 0 0 88.4641 0
189 61986 0.064544 0 0 0 88.4655 0
190 61988 0.186862 0 0 0 88.4683 0
192 61991 0.197983 0 0 0 88.4726 0
193 61994 0.248555 0 0 0 88.4769 0
194 61997 0.24721 0 0 0 88.4812 0
195 62000 0.262507 0 0 0 88.4855 0
196 62002 0.132608 0 0 0 88.4883 0
197 62003 0.065878 0 0 0 88.4898 0
198 62007 0.312271 0 0 0 88.4955 0
199 62011 0.313529 0 0 0 88.5012 0
200 62013 0.071115 0 0 0 88.504 0
201 62017 0.300089 0 0 0 88.5097 0
202 62021 0.285957 0 0 0 88.5154 0
203 62024 0.252761 0 0 0 88.5197 0
204 62025 0.070567 0 0 0 88.5212 0
206 62026 0.097872 0 0 0 88.5226 0
208 62027 0.102825 0 0 0 88.524 0
209 62028 0.071163 0 0 0 88.5254 0
210 62029 0.071648 0 0 0 88.5269 0
211 62032 0.24948 0 0 0 88.5311 0
212 62036 0.332202 0 0 0 88.5368 0
214 62037 0.071634 0 0 0 88.5383 0
215 62040 0.232064 0 0 0 88.5426 0
216 62042 0.159412 0 0 0 88.5454 0
217 62044 0.172921 0 0 0 88.5483 0
218 62047 0.275223 0 0 0 88.5525 0
219 62050 0.256679 0 0 0 88.5568 0
220 62051 0.076945 0 0 0 88.5583 0
221 62053 0.166279 0 0 0 88.5611 0
222 62056 0.256873 0 0 0 88.5654 0
223 62057 0.099197 0 0 0 88.5668 0
224 62059 0.121622 0 0 0 88.5697 0
225 62061 0.154955 0 0 0 88.5725 0
227 62062 0.141001 0 0 0 88.574 0
228 62065 0.282726 0 0 0 88.5782 0
229 62069 0.244242 0 0 0 88.5839 0
230 62070 0.048251 0 0 0 88.5854 0
231 62071 0.046636 0 0 0 88.5868 0
232 62072 0.062447 0 0 0 88.5882 0
233 62074 0.143818 0 0 0 88.5911 0
235 62075 0.04923 0 0 0 88.5925 0
236 62077 0.159557 0 0 0 88.5954 0
237 62080 0.176699 0 0 0 88.5996 0
238 62083 0.317849 0 0 0 88.6039 0
240 62085 0.194895 0 0 0 88.6068 0
241 62086 0.139876 0 0 0 88.6082 0
245 62087 0.131332 0 0 0 88.6096 0
246 62089 0.32796 0 0 0 88.6125 0
249 62093 0.471113 0 0 0 88.6182 0
250 62094 0.10724 0 0 0 88.6196 0
251 62096 0.240224 0 0 0 88.6225 0
252 62097 0.094322 0 0 0 88.6239 0
254 62098 0.167887 0 0 0 88.6253 0
260 62100 0.281161 0 0 0 88.6282 0
261 62101 0.16346 0 0 0 88.6296 0
262 62102 0.106318 0 0 0 88.631 0
263 62105 0.344131 0 0 0 88.6353 0
264 62107 0.124504 0 0 0 88.6382 0
265 62109 0.299988 0 0 0 88.641 0
267 62110 0.173322 0 0 0 88.6425 0
268 62113 0.466647 0 0 0 88.6467 0
269 62115 0.325112 0 0 0 88.6496 0
270 62119 0.662505 0 0 0 88.6553 0
271 62121 0.314931 0 0 0 88.6582 0
272 62124 0.473438 0 0 0 88.6624 0
273 62125 0.15861 0 0 0 88.6639 0
274 62126 0.124834 0 0 0 88.6653 0
275 62129 0.391215 0 0 0 88.6696 0
276 62130 0.173327 0 0 0 88.671 0
277 62131 0.129334 0 0 0 88.6724 0
278 62135 0.600392 0 0 0 88.6781 0
279 62137 0.279747 0 0 0 88.681 0
280 62139 0.331381 0 0 0 88.6838 0
281 62141 0.287991 0 0 0 88.6867 0
282 62142 0.14341 0 0 0 88.6881 0
283 62143 0.172568 0 0 0 88.6896 0
284 62144 0.147692 0 0 0 88.691 0
285 62146 0.342023 0 0 0 88.6938 0
286 62147 0.213606 0 0 0 88.6953 0
287 62150 0.466563 0 0 0 88.6995 0
288 62152 0.309869 0 0 0 88.7024 0
289 62155 0.411024 0 0 0 88.7067 0
290 62157 0.262083 0 0 0 88.7095 0
291 62160 0.462365 0 0 0 88.7138 0
293 62161 0.148238 0 0 0 88.7152 0
294 62162 0.181213 0 0 0 88.7167 0
295 62165 0.463148 0 0 0 88.721 0
296 62166 0.172269 0 0 0 88.7224 0
297 62168 0.312656 0 0 0 88.7252 0
302 62169 0.137566 0 0 0 88.7267 0
304 62170 0.143229 0 0 0 88.7281 0
306 62173 0.496066 0 0 0 88.7324 0
308 62174 0.187954 0 0 0 88.7338 0
311 62175 0.179936 0 0 0 88.7352 0
312 62179 0.892964 0 0 0 88.7409 0
313 62181 0.350933 0 0 0 88.7438 0
315 62182 0.205324 0 0 0 88.7452 0
319 62184 0.348993 0 0 0 88.7481 0
322 62185 0.163247 0 0 0 88.7495 0
323 62187 0.371277 0 0 0 88.7524 0
324 62188 0.256607 0 0 0 88.7538 0
325 62190 0.522629 0 0 0 88.7566 0
327 62192 0.403727 0 0 0 88.7595 0
328 62194 0.411463 0 0 0 88.7623 0
329 62197 0.643712 0 0 0 88.7666 0
330 62198 0.198844 0 0 0 88.7681 0
333 62201 0.641712 0 0 0 88.7723 0
335 62202 0.206501 0 0 0 88.7738 0
336 62205 0.644945 0 0 0 88.778 0
337 62208 0.653887 0 0 0 88.7823 0
342 62209 0.226146 0 0 0 88.7838 0
343 62211 0.463599 0 0 0 88.7866 0
344 62212 0.278511 0 0 0 88.788 0
345 62213 0.202808 0 0 0 88.7895 0
346 62214 0.244634 0 0 0 88.7909 0
348 62215 0.180203 0 0 0 88.7923 0
349 62216 0.094018 0 0 0 88.7937 0
350 62217 0.173888 0 0 0 88.7952 0
354 62220 0.782003 0 0 0 88.7995 0
356 62221 0.2054 0 0 0 88.8009 0
357 62222 0.207209 0 0 0 88.8023 0
358 62224 0.5045 0 0 0 88.8052 0
361 62225 0.195336 0 0 0 88.8066 0
363 62226 0.218265 0 0 0 88.808 0
365 62227 0.192777 0 0 0 88.8094 0
366 62228 0.266081 0 0 0 88.8109 0
367 62229 0.26789 0 0 0 88.8123 0
370 62230 0.349063 0 0 0 88.8137 0
371 62231 0.299663 0 0 0 88.8152 0
373 62233 0.528496 0 0 0 88.818 0
374 62235 0.461583 0 0 0 88.8209 0
376 62236 0.269418 0 0 0 88.8223 0
377 62237 0.349233 0 0 0 88.8237 0
378 62238 0.293404 0 0 0 88.8251 0
381 62239 0.284368 0 0 0 88.8266 0
383 62240 0.281761 0 0 0 88.828 0
384 62241 0.20991 0 0 0 88.8294 0
385 62242 0.117872 0 0 0 88.8309 0
387 62243 0.278597 0 0 0 88.8323 0
388 62244 0.271032 0 0 0 88.8337 0
390 62245 0.357518 0 0 0 88.8351 0
391 62247 0.473782 0 0 0 88.838 0
395 62248 0.293512 0 0 0 88.8394 0
401 62249 0.308162 0 0 0 88.8408 0
402 62250 0.268696 0 0 0 88.8423 0
404 62251 0.23462 0 0 0 88.8437 0
405 62252 0.264864 0 0 0 88.8451 0
407 62253 0.138087 0 0 0 88.8465 0
408 62255 0.612815 0 0 0 88.8494 0
410 62256 0.293154 0 0 0 88.8508 0
413 62257 0.305821 0 0 0 88.8523 0
414 62258 0.324025 0 0 0 88.8537 0
415 62259 0.29565 0 0 0 88.8551 0
418 62260 0.267924 0 0 0 88.8565 0
419 62261 0.277327 0 0 0 88.858 0
422 62262 0.265442 0 0 0 88.8594 0
423 62264 0.498457 0 0 0 88.8622 0
425 62265 0.278784 0 0 0 88.8637 0
426 62267 0.731579 0 0 0 88.8665 0
427 62268 0.420104 0 0 0 88.868 0
428 62269 0.432955 0 0 0 88.8694 0
429 62270 0.334591 0 0 0 88.8708 0
436 62271 0.358095 0 0 0 88.8722 0
437 62272 0.33929 0 0 0 88.8737 0
440 62273 0.375178 0 0 0 88.8751 0
443 62274 0.447921 0 0 0 88.8765 0
446 62276 0.758526 0 0 0 88.8794 0
454 62277 0.500808 0 0 0 88.8808 0
455 62278 0.333327 0 0 0 88.8822 0
458 62280 0.796611 0 0 0 88.8851 0
460 62282 0.740428 0 0 0 88.8879 0
470 62283 0.418885 0 0 0 88.8894 0
473 62284 0.33069 0 0 0 88.8908 0
475 62285 0.417724 0 0 0 88.8922 0
477 62286 0.390524 0 0 0 88.8936 0
478 62287 0.254109 0 0 0 88.8951 0
479 62289 0.62058 0 0 0 88.8979 0
481 62290 0.431957 0 0 0 88.8994 0
482 62292 0.775519 0 0 0 88.9022 0
484 62293 0.409914 0 0 0 88.9036 0
487 62294 0.321515 0 0 0 88.9051 0
488 62295 0.426263 0 0 0 88.9065 0
489 62296 0.42502 0 0 0 88.9079 0
491 62297 0.385573 0 0 0 88.9093 0
494 62298 0.38326 0 0 0 88.9108 0
495 62299 0.416055 0 0 0 88.9122 0
504 62300 0.364564 0 0 0 88.9136 0
506 62301 0.460908 0 0 0 88.9151 0
511 62302 0.433857 0 0 0 88.9165 0
513 62303 0.363708 0 0 0 88.9179 0
514 62304 0.349902 0 0 0 88.9193 0
516 62306 0.713879 0 0 0 88.9222 0
518 62307 0.440283 0 0 0 88.9236 0
520 62308 0.411819 0 0 0 88.925 0
524 62309 0.427097 0 0 0 88.9265 0
525 62310 0.464811 0 0 0 88.9279 0
527 62311 0.412952 0 0 0 88.9293 0
530 62312 0.418896 0 0 0 88.9308 0
536 62313 0.428898 0 0 0 88.9322 0
547 62314 0.455061 0 0 0 88.9336 0
548 62316 0.869823 0 0 0 88.9365 0
549 62317 0.430269 0 0 0 88.9379 0
552 62318 0.329499 0 0 0 88.9393 0
553 62319 0.394203 0 0 0 88.9407 0
554 62320 0.444318 0 0 0 88.9422 0
558 62321 0.480124 0 0 0 88.9436 0
560 62322 0.375302 0 0 0 88.945 0
561 62323 0.447117 0 0 0 88.9465 0
567 62324 0.483285 0 0 0 88.9479 0
568 62325 0.503358 0 0 0 88.9493 0
571 62326 0.465099 0 0 0 88.9507 0
573 62327 0.509196 0 0 0 88.9522 0
576 62328 0.511401 0 0 0 88.9536 0
578 62329 0.48734 0 0 0 88.955 0
582 62330 0.481151 0 0 0 88.9564 0
587 62331 0.430633 0 0 0 88.9579 0
588 62332 0.468986 0 0 0 88.9593 0
590 62333 0.507539 0 0 0 88.9607 0
600 62334 0.519712 0 0 0 88.9622 0
602 62335 0.455634 0 0 0 88.9636 0
603 62337 1.02091 0 0 0 88.9664 0
614 62338 0.522614 0 0 0 88.9679 0
617 62339 0.455203 0 0 0 88.9693 0
621 62340 0.580987 0 0 0 88.9707 0
636 62341 0.577145 0 0 0 88.9721 0
637 62342 0.57031 0 0 0 88.9736 0
638 62343 0.550576 0 0 0 88.975 0
639 62344 0.653868 0 0 0 88.9764 0
646 62345 0.628661 0 0 0 88.9779 0
650 62346 0.604665 0 0 0 88.9793 0
653 62347 0.624871 0 0 0 88.9807 0
655 62348 0.789228 0 0 0 88.9821 0
660 62349 0.549562 0 0 0 88.9836 0
661 62350 0.567062 0 0 0 88.985 0
662 62351 0.628635 0 0 0 88.9864 0
664 62352 0.520988 0 0 0 88.9878 0
669 62353 0.631238 0 0 0 88.9893 0
670 62354 0.674612 0 0 0 88.9907 0
671 62355 0.780574 0 0 0 88.9921 0
679 62356 0.784857 0 0 0 88.9935 0
688 62357 0.678873 0 0 0 88.995 0
693 62358 0.677985 0 0 0 88.9964 0
697 62359 0.462307 0 0 0 88.9978 0
706 62360 0.751142 0 0 0 88.9993 0
712 62361 0.491264 0 0 0 89.0007 0
716 62362 0.77359 0 0 0 89.0021 0
719 62363 0.748635 0 0 0 89.0035 0
722 62364 0.804244 0 0 0 89.005 0
737 62365 0.836106 0 0 0 89.0064 0
747 62368 2.56357 0 0 0 89.0107 0
750 62369 0.782567 0 0 0 89.0121 0
751 62370 1.03547 0 0 0 89.0135 0
752 62372 1.48255 0 0 0 89.0164 0
760 62373 0.495418 0 0 0 89.0178 0
762 62375 1.51284 0 0 0 89.0207 0
764 62376 0.807732 0 0 0 89.0221 0
773 62377 0.835132 0 0 0 89.0235 0
777 62378 0.681701 0 0 0 89.0249 0
796 62379 0.991688 0 0 0 89.0264 0
801 62381 2.1178 0 0 0 89.0292 0
808 62382 0.973869 0 0 0 89.0307 0
819 62383 1.22545 0 0 0 89.0321 0
828 62384 0.970563 0 0 0 89.0335 0
832 62385 1.20585 0 0 0 89.0349 0
849 62386 1.14399 0 0 0 89.0364 0
867 62387 1.01087 0 0 0 89.0378 0
884 62388 1.37805 0 0 0 89.0392 0
886 62389 1.31251 0 0 0 89.0406 0
891 62390 0.93271 0 0 0 89.0421 0
899 62391 1.00815 0 0 0 89.0435 0
901 62392 1.18136 0 0 0 89.0449 0
917 62393 1.19435 0 0 0 89.0464 0
918 62394 1.21042 0 0 0 89.0478 0
919 62395 1.09548 0 0 0 89.0492 0
939 62396 1.48652 0 0 0 89.0506 0
956 62397 1.37179 0 0 0 89.0521 0
966 62398 1.45824 0 0 0 89.0535 0
979 62400 2.39915 0 0 0 89.0563 0
981 62402 2.60027 0 0 0 89.0592 0
984 62403 1.65635 0 0 0 89.0606 0
991 62404 1.09918 0 0 0 89.0621 0
999 62405 1.62466 0 0 0 89.0635 0
1025 62406 1.47382 0 0 0 89.0649 0
1044 62408 2.82579 0 0 0 89.0678 0
1055 62409 1.37914 0 0 0 89.0692 0
1088 62410 1.56299 0 0 0 89.0706 0
1089 62411 1.64102 0 0 0 89.072 0
1097 62412 1.66018 0 0 0 89.0735 0
1104 62413 1.61127 0 0 0 89.0749 0
1105 62414 1.52491 0 0 0 89.0763 0
1109 62415 1.78228 0 0 0 89.0778 0
1113 62416 1.86799 0 0 0 89.0792 0
1115 62417 1.83742 0 0 0 89.0806 0
1136 62418 1.94963 0 0 0 89.082 0
1140 62419 1.96038 0 0 0 89.0835 0
1172 62420 1.88293 0 0 0 89.0849 0
1191 62421 2.14775 0 0 0 89.0863 0
1218 62422 2.13725 0 0 0 89.0877 0
1222 62423 2.05773 0 0 0 89.0892 0
1233 62424 2.10426 0 0 0 89.0906 0
1236 62425 2.3241 0 0 0 89.092 0
1244 62426 2.30226 0 0 0 89.0935 0
1261 62427 2.13704 0 0 0 89.0949 0
1266 62428 2.37861 0 0 0 89.0963 0
1281 62429 2.43386 0 0 0 89.0977 0
1327 62430 2.48294 0 0 0 89.0992 0
1333 62431 2.79255 0 0 0 89.1006 0
1338 62432 2.0815 0 0 0 89.102 0
1346 62433 2.48883 0 0 0 89.1034 0
1347 62434 2.16912 0 0 0 89.1049 0
1352 62435 2.46672 0 0 0 89.1063 0
1358 62436 2.54524 0 0 0 89.1077 0
1378 62437 2.51541 0 0 0 89.1092 0
1419 62438 2.63227 0 0 0 89.1106 0
1429 62439 2.85252 0 0 0 89.112 0
1431 62440 2.31925 0 0 0 89.1134 0
1435 62441 2.07944 0 0 0 89.1149 0
1453 62442 2.18546 0 0 0 89.1163 0
1477 62443 2.84421 0 0 0 89.1177 0
1534 62444 3.21407 0 0 0 89.1191 0
1544 62445 2.86527 0 0 0 89.1206 0
1571 62446 2.84465 0 0 0 89.122 0
1589 62447 3.45312 0 0 0 89.1234 0
1622 62448 3.5837 0 0 0 89.1249 0
1628 62449 3.69478 0 0 0 89.1263 0
1630 62450 3.48458 0 0 0 89.1277 0
1637 62451 3.45877 0 0 0 89.1291 0
1690 62452 4.06483 0 0 0 89.1306 0
1723 62453 3.69878 0 0 0 89.132 0
1778 62454 4.70542 0 0 0 89.1334 0
1811 62455 4.5042 0 0 0 89.1348 0
1863 62456 4.55439 0 0 0 89.1363 0
1864 62457 4.47717 0 0 0 89.1377 0
1887 62458 4.20987 0 0 0 89.1391 0
1960 62459 5.37082 0 0 0 89.1405 0
1962 62460 4.81886 0 0 0 89.142 0
1984 62461 4.41957 0 0 0 89.1434 0
1996 62462 5.41863 0 0 0 89.1448 0
2002 62463 5.2302 0 0 0 89.1463 0
2115 62464 5.79812 0 0 0 89.1477 0
2119 62465 6.19585 0 0 0 89.1491 0
2123 62466 6.05598 0 0 0 89.1505 0
2155 62467 6.4494 0 0 0 89.152 0
2180 62468 6.13316 0 0 0 89.1534 0
2237 62469 6.69747 0 0 0 89.1548 0
2272 62470 7.57071 0 0 0 89.1562 0
2323 62471 8.31465 0 0 0 89.1577 0
2329 62472 8.44038 0 0 0 89.1591 0
2351 62473 7.10061 0 0 0 89.1605 0
2387 62474 7.65957 0 0 0 89.162 0
2423 62475 7.2735 0 0 0 89.1634 0
2429 62476 8.26315 0 0 0 89.1648 0
2489 62477 8.20621 0 0 0 89.1662 0
2550 62478 8.10941 0 0 0 89.1677 0
2573 62479 9.76295 0 0 0 89.1691 0
2649 62480 9.80565 0 0 0 89.1705 0
2718 62481 10.2309 0 0 0 89.1719 0
2904 62482 11.0752 0 0 0 89.1734 0
2979 62483 11.84 0 0 0 89.1748 0
2981 62484 11.7401 0 0 0 89.1762 0
2996 62485 12.3866 0 0 0 89.1777 0
3009 62486 10.1258 0 0 0 89.1791 0
3079 62487 11.3001 0 0 0 89.1805 0
3099 62488 11.3139 0 0 0 89.1819 0
3111 62489 13.1126 0 0 0 89.1834 0
3169 62490 13.1133 0 0 0 89.1848 0
3238 62491 13.1568 0 0 0 89.1862 0
3248 62492 13.1831 0 0 0 89.1876 0
3356 62493 14.0137 0 0 0 89.1891 0
