1000000
1 0 8e-06 0 nan nan 0 1
2 4 6.3e-05 1 1 nan 0.0004 1
3 1998 0.034515 3 0.996997 1 0.1998 1
4 496902 10.3251 5 0.999966 1.11765 49.6902 1
5 497937 0.03626 8 0.997887 2.58555 49.7937 1
6 499489 0.756644 8 0.994787 1.64478 49.9489 1
7 501822 0.784677 11 0.990162 1.91412 50.1822 1
8 595319 6.71199 12 0.834653 3.89406 59.5319 1
9 596633 0.094365 12 0.832815 3.87578 59.6633 1
10 642358 3.73812 12 0.773533 3.59893 64.2358 1
11 643088 0.078073 12 0.772655 3.59234 64.3088 1
12 665364 2.67292 12 0.746787 3.40489 66.5364 1
13 665938 0.072509 15 0.746143 3.39974 66.5938 1
14 681108 2.30599 15 0.729525 3.28598 68.1108 1
15 690291 1.21093 15 0.71982 3.20157 69.0291 1
16 699457 1.73615 19 0.710387 3.147 69.9457 1
17 708192 1.39158 19 0.701625 3.0809 70.8192 1
18 716732 1.63832 19 0.693265 3.02529 71.6732 1
19 722362 1.1085 21 0.687861 2.98849 72.2362 1
20 730413 1.67147 24 0.68028 2.93743 73.0413 1
21 736448 1.33127 24 0.674705 2.90089 73.6448 1
22 743046 1.58118 24 0.668714 2.86273 74.3046 1
23 749730 1.65043 27 0.662752 2.82445 74.973 1
24 755480 1.58206 27 0.657708 2.79343 75.548 1
