17903
1 994 0.003972 0 0 0 5.55214 0
2 2571 0.012171 0 0 0 14.3607 0
3 4187 0.016904 0 0 0 23.3871 0
4 5473 0.017342 0 0 0 30.5703 0
5 6455 0.01729 0 0 0 36.0554 0
6 7257 0.017521 0 0 0 40.5351 0
7 7880 0.016923 0 0 0 44.015 0
8 8355 0.016249 0 0 0 46.6682 0
9 8764 0.016385 0 0 0 48.9527 0
10 9147 0.017405 0 0 0 51.092 0
11 9478 0.016959 0 0 0 52.9408 0
12 9822 0.019692 0 0 0 54.8623 0
13 10092 0.018485 0 0 0 56.3704 0
14 10280 0.017068 0 0 0 57.4205 0
15 10469 0.017154 0 0 0 58.4762 0
16 10632 0.017848 0 0 0 59.3867 0
17 10839 0.02073 0 0 0 60.5429 0
18 11009 0.018104 0 0 0 61.4925 0
19 11150 0.019436 0 0 0 62.2801 0
20 11328 0.02335 0 0 0 63.2743 0
21 11455 0.021949 0 0 0 63.9837 0
22 11587 0.019939 0 0 0 64.721 0
23 11732 0.022847 0 0 0 65.5309 0
24 11808 0.01907 0 0 0 65.9554 0
25 11890 0.017864 0 0 0 66.4135 0
26 11963 0.018832 0 0 0 66.8212 0
27 12056 0.024878 0 0 0 67.3407 0
28 12154 0.025889 0 0 0 67.8881 0
29 12259 0.024569 0 0 0 68.4746 0
30 12323 0.020155 0 0 0 68.832 0
31 12413 0.023714 0 0 0 69.3347 0
32 12447 0.015045 0 0 0 69.5247 0
33 12490 0.018545 0 0 0 69.7648 0
34 12529 0.020788 0 0 0 69.9827 0
35 12632 0.032003 0 0 0 70.558 0
36 12675 0.015824 0 0 0 70.7982 0
37 12740 0.022937 0 0 0 71.1613 0
38 12796 0.026626 0 0 0 71.4741 0
39 12846 0.02314 0 0 0 71.7533 0
40 12888 0.024889 0 0 0 71.9879 0
41 12946 0.025424 0 0 0 72.3119 0
42 12998 0.025044 0 0 0 72.6024 0
43 13020 0.020766 0 0 0 72.7252 0
44 13059 0.02494 0 0 0 72.9431 0
45 13092 0.024043 0 0 0 73.1274 0
46 13149 0.03371 0 0 0 73.4458 0
47 13158 0.01005 0 0 0 73.4961 0
48 13197 0.01839 0 0 0 73.7139 0
49 13222 0.026262 0 0 0 73.8535 0
50 13232 0.014152 0 0 0 73.9094 0
51 13289 0.034657 0 0 0 74.2278 0
52 13317 0.024005 0 0 0 74.3842 0
53 13369 0.032396 0 0 0 74.6746 0
54 13379 0.016772 0 0 0 74.7305 0
55 13426 0.040159 0 0 0 74.993 0
56 13438 0.016535 0 0 0 75.06 0
57 13449 0.014606 0 0 0 75.1215 0
58 13461 0.020106 0 0 0 75.1885 0
59 13466 0.008811 0 0 0 75.2164 0
60 13478 0.024067 0 0 0 75.2835 0
61 13487 0.01818 0 0 0 75.3337 0
62 13494 0.016667 0 0 0 75.3728 0
63 13502 0.016173 0 0 0 75.4175 0
64 13510 0.016495 0 0 0 75.4622 0
65 13531 0.025821 0 0 0 75.5795 0
66 13542 0.022118 0 0 0 75.641 0
67 13545 0.007846 0 0 0 75.6577 0
68 13554 0.015839 0 0 0 75.708 0
69 13565 0.027239 0 0 0 75.7694 0
70 13571 0.014824 0 0 0 75.8029 0
71 13579 0.020987 0 0 0 75.8476 0
72 13589 0.027933 0 0 0 75.9035 0
73 13610 0.027876 0 0 0 76.0208 0
74 13613 0.010007 0 0 0 76.0375 0
75 13624 0.030657 0 0 0 76.099 0
76 13639 0.030407 0 0 0 76.1828 0
77 13642 0.009208 0 0 0 76.1995 0
78 13647 0.017954 0 0 0 76.2274 0
79 13662 0.026508 0 0 0 76.3112 0
80 13664 0.007171 0 0 0 76.3224 0
81 13665 0.004635 0 0 0 76.328 0
82 13677 0.04363 0 0 0 76.395 0
83 13681 0.014136 0 0 0 76.4174 0
84 13686 0.019151 0 0 0 76.4453 0
85 13689 0.011462 0 0 0 76.462 0
86 13698 0.02583 0 0 0 76.5123 0
87 13705 0.022148 0 0 0 76.5514 0
88 13711 0.017218 0 0 0 76.5849 0
89 13722 0.028928 0 0 0 76.6464 0
90 13724 0.00906 0 0 0 76.6575 0
91 13727 0.010236 0 0 0 76.6743 0
92 13733 0.02988 0 0 0 76.7078 0
93 13734 0.004678 0 0 0 76.7134 0
94 13736 0.010077 0 0 0 76.7246 0
95 13741 0.024479 0 0 0 76.7525 0
96 13744 0.015561 0 0 0 76.7693 0
97 13750 0.023197 0 0 0 76.8028 0
98 13758 0.034209 0 0 0 76.8475 0
99 13759 0.005155 0 0 0 76.853 0
100 13760 0.005776 0 0 0 76.8586 0
101 13761 0.004756 0 0 0 76.8642 0
102 13764 0.017792 0 0 0 76.881 0
103 13765 0.005779 0 0 0 76.8866 0
104 13767 0.012768 0 0 0 76.8977 0
105 13772 0.027808 0 0 0 76.9257 0
106 13774 0.012355 0 0 0 76.9368 0
107 13775 0.006714 0 0 0 76.9424 0
108 13780 0.026569 0 0 0 76.9703 0
109 13782 0.012783 0 0 0 76.9815 0
110 13787 0.030526 0 0 0 77.0094 0
111 13788 0.006142 0 0 0 77.015 0
112 13793 0.034617 0 0 0 77.043 0
113 13795 0.015671 0 0 0 77.0541 0
114 13800 0.036804 0 0 0 77.0821 0
115 13802 0.013803 0 0 0 77.0932 0
116 13804 0.014232 0 0 0 77.1044 0
117 13806 0.015476 0 0 0 77.1156 0
119 13808 0.015074 0 0 0 77.1267 0
120 13810 0.013629 0 0 0 77.1379 0
121 13811 0.008827 0 0 0 77.1435 0
123 13813 0.01471 0 0 0 77.1547 0
124 13818 0.035017 0 0 0 77.1826 0
125 13827 0.032579 0 0 0 77.2329 0
126 13829 0.017424 0 0 0 77.244 0
128 13844 0.064038 0 0 0 77.3278 0
129 13845 0.010017 0 0 0 77.3334 0
131 13848 0.027566 0 0 0 77.3502 0
132 13851 0.027829 0 0 0 77.3669 0
133 13853 0.015322 0 0 0 77.3781 0
134 13854 0.011085 0 0 0 77.3837 0
136 13856 0.018172 0 0 0 77.3949 0
137 13859 0.030277 0 0 0 77.4116 0
138 13867 0.04075 0 0 0 77.4563 0
139 13868 0.011241 0 0 0 77.4619 0
140 13871 0.025486 0 0 0 77.4786 0
141 13874 0.033332 0 0 0 77.4954 0
142 13876 0.023327 0 0 0 77.5066 0
143 13877 0.012065 0 0 0 77.5121 0
145 13878 0.011332 0 0 0 77.5177 0
146 13880 0.022895 0 0 0 77.5289 0
147 13881 0.010517 0 0 0 77.5345 0
149 13882 0.013168 0 0 0 77.5401 0
152 13883 0.012679 0 0 0 77.5457 0
153 13887 0.033081 0 0 0 77.568 0
156 13889 0.019819 0 0 0 77.5792 0
158 13890 0.013726 0 0 0 77.5848 0
159 13891 0.012417 0 0 0 77.5903 0
160 13893 0.027433 0 0 0 77.6015 0
161 13895 0.027129 0 0 0 77.6127 0
162 13897 0.027216 0 0 0 77.6239 0
163 13900 0.034001 0 0 0 77.6406 0
165 13904 0.054665 0 0 0 77.663 0
166 13905 0.015393 0 0 0 77.6685 0
167 13909 0.047203 0 0 0 77.6909 0
168 13910 0.015343 0 0 0 77.6965 0
169 13911 0.015134 0 0 0 77.7021 0
172 13912 0.014797 0 0 0 77.7076 0
174 13916 0.060574 0 0 0 77.73 0
175 13917 0.015546 0 0 0 77.7356 0
177 13919 0.029554 0 0 0 77.7467 0
178 13920 0.015864 0 0 0 77.7523 0
180 13921 0.016751 0 0 0 77.7579 0
181 13923 0.031988 0 0 0 77.7691 0
182 13924 0.018916 0 0 0 77.7747 0
185 13928 0.058699 0 0 0 77.797 0
186 13929 0.017725 0 0 0 77.8026 0
187 13930 0.015679 0 0 0 77.8082 0
188 13931 0.018968 0 0 0 77.8138 0
189 13932 0.021171 0 0 0 77.8194 0
191 13934 0.038391 0 0 0 77.8305 0
192 13935 0.019723 0 0 0 77.8361 0
194 13936 0.020156 0 0 0 77.8417 0
196 13937 0.019518 0 0 0 77.8473 0
197 13938 0.022931 0 0 0 77.8529 0
198 13940 0.025783 0 0 0 77.864 0
201 13941 0.021419 0 0 0 77.8696 0
205 13943 0.033115 0 0 0 77.8808 0
207 13944 0.021949 0 0 0 77.8864 0
208 13947 0.035566 0 0 0 77.9031 0
209 13950 0.049873 0 0 0 77.9199 0
210 13951 0.023645 0 0 0 77.9255 0
211 13953 0.036706 0 0 0 77.9367 0
214 13954 0.023001 0 0 0 77.9422 0
216 13955 0.024727 0 0 0 77.9478 0
218 13956 0.027499 0 0 0 77.9534 0
223 13957 0.026041 0 0 0 77.959 0
224 13958 0.012714 0 0 0 77.9646 0
227 13959 0.025297 0 0 0 77.9702 0
228 13960 0.02827 0 0 0 77.9758 0
230 13961 0.030166 0 0 0 77.9813 0
231 13962 0.030403 0 0 0 77.9869 0
236 13963 0.029038 0 0 0 77.9925 0
237 13964 0.031697 0 0 0 77.9981 0
241 13965 0.025996 0 0 0 78.0037 0
243 13966 0.032883 0 0 0 78.0093 0
245 13967 0.017423 0 0 0 78.0149 0
246 13968 0.031481 0 0 0 78.0204 0
249 13969 0.03578 0 0 0 78.026 0
250 13974 0.116406 0 0 0 78.054 0
251 13975 0.033041 0 0 0 78.0595 0
253 13976 0.03473 0 0 0 78.0651 0
254 13977 0.018638 0 0 0 78.0707 0
256 13979 0.04641 0 0 0 78.0819 0
258 13980 0.037178 0 0 0 78.0875 0
259 13982 0.046607 0 0 0 78.0986 0
261 13985 0.060618 0 0 0 78.1154 0
263 13986 0.043823 0 0 0 78.121 0
269 13987 0.053435 0 0 0 78.1266 0
274 13988 0.056367 0 0 0 78.1322 0
280 13989 0.046447 0 0 0 78.1377 0
283 13991 0.106002 0 0 0 78.1489 0
286 13993 0.071019 0 0 0 78.1601 0
289 13995 0.086988 0 0 0 78.1713 0
290 13996 0.050182 0 0 0 78.1768 0
291 13997 0.059143 0 0 0 78.1824 0
293 13999 0.112645 0 0 0 78.1936 0
297 14000 0.284117 0 0 0 78.1992 0
298 14002 0.307507 0 0 0 78.2104 0
310 14007 0.268191 0 0 0 78.2383 0
311 14008 0.084694 0 0 0 78.2439 0
312 14009 0.04444 0 0 0 78.2495 0
320 14010 0.066701 0 0 0 78.255 0
324 14011 0.028107 0 0 0 78.2606 0
325 14012 0.064714 0 0 0 78.2662 0
329 14013 0.072242 0 0 0 78.2718 0
332 14018 0.254589 0 0 0 78.2997 0
339 14020 0.097871 0 0 0 78.3109 0
342 14021 0.027548 0 0 0 78.3165 0
343 14022 0.0415 0 0 0 78.3221 0
353 14023 0.074908 0 0 0 78.3277 0
355 14024 0.090512 0 0 0 78.3332 0
361 14025 0.105953 0 0 0 78.3388 0
368 14026 0.080427 0 0 0 78.3444 0
369 14027 0.084317 0 0 0 78.35 0
370 14028 0.093302 0 0 0 78.3556 0
373 14029 0.112552 0 0 0 78.3612 0
375 14030 0.102168 0 0 0 78.3668 0
377 14031 0.112383 0 0 0 78.3723 0
381 14032 0.091963 0 0 0 78.3779 0
392 14034 0.175808 0 0 0 78.3891 0
395 14035 0.1236 0 0 0 78.3947 0
402 14038 0.197365 0 0 0 78.4114 0
405 14039 0.137725 0 0 0 78.417 0
419 14040 0.117103 0 0 0 78.4226 0
438 14041 0.154618 0 0 0 78.4282 0
441 14042 0.116872 0 0 0 78.4338 0
456 14043 0.111598 0 0 0 78.4394 0
465 14045 0.236277 0 0 0 78.4505 0
471 14046 0.126096 0 0 0 78.4561 0
473 14047 0.132017 0 0 0 78.4617 0
487 14048 0.141695 0 0 0 78.4673 0
494 14049 0.13657 0 0 0 78.4729 0
514 14053 0.444111 0 0 0 78.4952 0
517 14055 0.224119 0 0 0 78.5064 0
530 14056 0.152065 0 0 0 78.512 0
549 14057 0.157187 0 0 0 78.5176 0
550 14058 0.093874 0 0 0 78.5232 0
588 14059 0.188317 0 0 0 78.5287 0
601 14062 0.416831 0 0 0 78.5455 0
602 14065 0.424795 0 0 0 78.5623 0
610 14067 0.322169 0 0 0 78.5734 0
611 14068 0.200834 0 0 0 78.579 0
615 14069 0.125054 0 0 0 78.5846 0
629 14070 0.211548 0 0 0 78.5902 0
643 14071 0.216809 0 0 0 78.5958 0
651 14072 0.144762 0 0 0 78.6014 0
659 14073 0.240127 0 0 0 78.6069 0
676 14074 0.25319 0 0 0 78.6125 0
683 14076 0.400839 0 0 0 78.6237 0
707 14077 0.248591 0 0 0 78.6293 0
715 14078 0.267518 0 0 0 78.6349 0
719 14079 0.272524 0 0 0 78.6405 0
767 14080 0.309915 0 0 0 78.646 0
808 14081 0.325493 0 0 0 78.6516 0
819 14083 0.578895 0 0 0 78.6628 0
822 14084 0.220044 0 0 0 78.6684 0
883 14085 0.421836 0 0 0 78.674 0
887 14086 0.416236 0 0 0 78.6796 0
893 14091 1.38706 0 0 0 78.7075 0
897 14092 0.262415 0 0 0 78.7131 0
906 14093 0.264071 0 0 0 78.7187 0
915 14094 0.438122 0 0 0 78.7242 0
988 14096 0.761546 0 0 0 78.7354 0
989 14097 0.314439 0 0 0 78.741 0
1008 14098 0.487443 0 0 0 78.7466 0
1047 14100 0.882372 0 0 0 78.7578 0
1092 14102 0.941021 0 0 0 78.7689 0
1142 14105 1.40364 0 0 0 78.7857 0
1184 14106 0.615029 0 0 0 78.7913 0
1207 14107 0.461774 0 0 0 78.7968 0
1226 14110 1.60476 0 0 0 78.8136 0
1246 14113 1.67923 0 0 0 78.8304 0
1410 14117 2.74464 0 0 0 78.8527 0
1413 14118 0.622453 0 0 0 78.8583 0
1417 14119 0.627169 0 0 0 78.8639 0
1491 14120 0.958518 0 0 0 78.8695 0
1502 14121 0.701088 0 0 0 78.875 0
1515 14122 0.720147 0 0 0 78.8806 0
1594 14126 3.4056 0 0 0 78.903 0
1598 14127 0.795223 0 0 0 78.9086 0
1663 14129 1.98232 0 0 0 78.9197 0
1668 14130 0.868816 0 0 0 78.9253 0
1731 14134 3.92891 0 0 0 78.9477 0
1919 14140 7.07187 0 0 0 78.9812 0
1924 14141 1.13082 0 0 0 78.9868 0
1931 14142 1.14227 0 0 0 78.9923 0
2019 14149 9.23251 0 0 0 79.0314 0
2056 14150 1.61376 0 0 0 79.037 0
2106 14151 1.67573 0 0 0 79.0426 0
2210 14167 23.7671 0 0 0 79.132 0
2221 14168 1.52375 0 0 0 79.1376 0
2457 14188 35.2275 0 0 0 79.2493 0
2637 14207 38.5571 0 0 0 79.3554 0
2641 14208 2.00686 0 0 0 79.361 0
2649 14209 2.05732 0 0 0 79.3666 0
2953 14287 189.239 0 0 0 79.8023 0
3250 14416 343.499 0 0 0 80.5228 0
3486 17903 -848.405 3692 0.342345 1.52047 100 9
