36692
1 11406 0.043491 6 0.919165 1.20933 31.0858 3
2 15352 0.025317 6 0.884054 1.2618 41.8402 3
3 21193 0.053659 7 0.796584 1.24774 57.7592 3
4 24808 0.047932 13 0.756691 1.26922 67.6115 3
5 27000 0.041573 13 0.733889 1.27724 73.5855 3
6 29012 0.051087 14 0.712912 1.29259 79.069 3
7 29949 0.034205 16 0.701593 1.30737 81.6227 3
8 30578 0.031617 17 0.694257 1.32292 83.337 3
9 31000 0.039378 17 0.689194 1.33368 84.4871 3
10 31339 0.039018 17 0.684834 1.34909 85.411 3
11 31598 0.036903 21 0.681341 1.35942 86.1169 3
12 31828 0.036836 21 0.678176 1.36923 86.7437 3
13 32020 0.035464 21 0.675578 1.37803 87.267 3
14 32170 0.027654 21 0.673454 1.38544 87.6758 3
15 32318 0.026216 21 0.671143 1.39377 88.0791 3
16 32424 0.021777 21 0.669627 1.40226 88.368 3
17 32537 0.026602 21 0.667978 1.40794 88.676 3
18 32628 0.024991 21 0.666391 1.41203 88.924 3
19 32713 0.028268 21 0.664812 1.41705 89.1557 3
20 32778 0.023944 21 0.663646 1.42249 89.3328 3
21 32853 0.027472 21 0.662314 1.42843 89.5372 3
22 32899 0.01846 21 0.661418 1.43855 89.6626 3
23 32951 0.022816 21 0.660466 1.44476 89.8043 3
24 32999 0.022094 21 0.659565 1.44899 89.9351 3
25 33061 0.029439 21 0.658419 1.45426 90.1041 3
26 33106 0.025904 21 0.657585 1.4581 90.2268 3
27 33147 0.024476 21 0.656832 1.46136 90.3385 3
28 33200 0.026647 30 0.655843 1.46762 90.4829 3
29 33237 0.025056 30 0.655113 1.47064 90.5838 3
30 33279 0.025838 33 0.654347 1.47396 90.6982 3
31 33302 0.020784 33 0.653895 1.47536 90.7609 3
32 33326 0.019303 33 0.653424 1.47766 90.8263 3
33 33345 0.016701 33 0.653051 1.48025 90.8781 3
34 33373 0.02517 33 0.652504 1.48314 90.9544 3
35 33395 0.020059 33 0.652074 1.48722 91.0144 3
36 33416 0.021039 33 0.651664 1.48857 91.0716 3
37 33442 0.026372 33 0.651157 1.49091 91.1425 3
38 33464 0.023953 33 0.650729 1.49324 91.2024 3
39 33491 0.028423 33 0.650205 1.49714 91.276 3
40 33506 0.018877 33 0.649913 1.49838 91.3169 3
41 33518 0.01544 33 0.649681 1.49881 91.3496 3
42 33530 0.016494 33 0.649448 1.5 91.3823 3
43 33550 0.025446 33 0.649061 1.50195 91.4368 3
44 33560 0.014208 33 0.648897 1.50276 91.4641 3
45 33571 0.016963 33 0.648685 1.5039 91.4941 3
46 33585 0.021685 33 0.648414 1.50534 91.5322 3
47 33598 0.021643 33 0.648164 1.50656 91.5676 3
48 33605 0.012555 33 0.648029 1.50854 91.5867 3
49 33617 0.021945 33 0.647797 1.5103 91.6194 3
50 33630 0.023988 33 0.647547 1.51118 91.6549 3
51 33643 0.028846 33 0.647297 1.51239 91.6903 3
52 33660 0.036121 33 0.64697 1.51468 91.7366 3
53 33672 0.025303 33 0.646739 1.51677 91.7693 3
54 33681 0.020841 33 0.646566 1.51815 91.7939 3
55 33705 0.046424 38 0.646106 1.52171 91.8593 3
56 33716 0.025238 38 0.645895 1.52274 91.8892 3
57 33728 0.02795 38 0.645665 1.52447 91.9219 3
58 33734 0.014255 38 0.64555 1.52572 91.9383 3
59 33744 0.024257 38 0.645359 1.52695 91.9656 3
60 33751 0.018696 38 0.645225 1.52823 91.9846 3
61 33759 0.022356 38 0.645072 1.52996 92.0064 3
62 33766 0.021278 38 0.644939 1.53099 92.0255 3
63 33776 0.029491 38 0.644748 1.53196 92.0528 3
64 33781 0.013103 38 0.644652 1.53257 92.0664 3
65 33783 0.006998 38 0.644614 1.53282 92.0718 3
66 33790 0.023569 38 0.644481 1.53359 92.0909 3
67 33795 0.017667 38 0.644385 1.53437 92.1045 3
68 33803 0.029573 38 0.644233 1.53542 92.1263 3
69 33811 0.028973 38 0.64408 1.53773 92.1482 3
70 33820 0.032384 38 0.643909 1.5394 92.1727 3
71 33827 0.024808 38 0.643776 1.54008 92.1918 3
72 33833 0.023123 38 0.643662 1.54114 92.2081 3
73 33836 0.012641 38 0.643604 1.54175 92.2163 3
74 33843 0.028075 38 0.643471 1.54318 92.2354 3
75 33848 0.020212 38 0.643376 1.5437 92.249 3
76 33856 0.034245 38 0.643224 1.54508 92.2708 3
77 33857 0.004793 38 0.643205 1.54512 92.2735 3
78 33863 0.024918 38 0.643091 1.5465 92.2899 3
79 33867 0.017978 38 0.643015 1.54723 92.3008 3
80 33871 0.019191 38 0.642939 1.54912 92.3117 3
81 33874 0.015382 38 0.642882 1.54948 92.3199 3
83 33876 0.009967 38 0.642844 1.54963 92.3253 3
84 33879 0.015335 38 0.642788 1.54999 92.3335 3
85 33881 0.010758 38 0.64275 1.55031 92.3389 3
86 33889 0.037984 38 0.642598 1.55119 92.3607 3
87 33892 0.016051 38 0.642541 1.55155 92.3689 3
88 33896 0.022403 38 0.642465 1.55252 92.3798 3
89 33897 0.006475 38 0.642446 1.55281 92.3825 3
90 33907 0.056378 38 0.642257 1.55367 92.4098 3
91 33913 0.035965 39 0.642143 1.55587 92.4261 3
92 33917 0.02387 39 0.642067 1.557 92.437 3
93 33921 0.026258 39 0.641992 1.55764 92.4479 3
94 33925 0.022549 39 0.641916 1.55812 92.4588 3
95 33931 0.040201 39 0.641802 1.55932 92.4752 3
96 33934 0.020224 39 0.641746 1.55984 92.4834 3
97 33945 0.061312 39 0.641538 1.56082 92.5134 3
98 33953 0.044413 39 0.641387 1.5611 92.5352 3
99 33954 0.007721 39 0.641368 1.56122 92.5379 3
100 33957 0.02114 39 0.641311 1.56166 92.5461 3
101 33958 0.007511 39 0.641292 1.56169 92.5488 3
102 33962 0.029371 39 0.641217 1.56258 92.5597 3
103 33965 0.023257 39 0.64116 1.56277 92.5679 3
104 33967 0.016434 39 0.641122 1.563 92.5733 3
105 33969 0.017407 39 0.641085 1.56316 92.5788 3
107 33971 0.016448 39 0.641047 1.56364 92.5842 3
108 33974 0.02573 39 0.64099 1.56407 92.5924 3
109 33977 0.024875 39 0.640934 1.56443 92.6006 3
111 33978 0.008375 39 0.640915 1.56454 92.6033 3
113 33980 0.018898 39 0.640877 1.56494 92.6087 3
114 33985 0.044705 39 0.640783 1.56545 92.6224 3
115 33988 0.027928 39 0.640726 1.5658 92.6305 3
116 33989 0.009689 39 0.640707 1.566 92.6333 3
118 33990 0.010416 39 0.640688 1.56604 92.636 3
119 33991 0.010838 39 0.64067 1.56607 92.6387 3
120 33993 0.020054 39 0.640632 1.56631 92.6442 3
121 33994 0.011247 39 0.640613 1.56642 92.6469 3
123 33998 0.04226 39 0.640538 1.56714 92.6578 3
124 34001 0.032662 39 0.640481 1.56757 92.666 3
125 34002 0.01108 39 0.640462 1.56802 92.6687 3
126 34006 0.043293 39 0.640387 1.56865 92.6796 3
128 34007 0.012015 39 0.640368 1.56885 92.6823 3
129 34012 0.060189 39 0.640274 1.56992 92.696 3
130 34013 0.011815 39 0.640255 1.5702 92.6987 3
131 34015 0.023623 39 0.640218 1.5706 92.7041 3
132 34017 0.024752 39 0.64018 1.571 92.7096 3
133 34019 0.024171 39 0.640142 1.57123 92.715 3
134 34023 0.04798 39 0.640067 1.5717 92.7259 3
135 34027 0.04326 39 0.639992 1.57224 92.7368 3
136 34029 0.024303 39 0.639954 1.57248 92.7423 3
137 34036 0.068517 39 0.639823 1.57305 92.7614 3
138 34039 0.035786 39 0.639766 1.57511 92.7695 3
139 34043 0.052252 39 0.639691 1.57574 92.7804 3
140 34044 0.015759 39 0.639672 1.5761 92.7832 3
142 34045 0.012299 39 0.639653 1.57613 92.7859 3
143 34047 0.02881 39 0.639616 1.5762 92.7913 3
145 34048 0.014536 39 0.639597 1.57664 92.7941 3
146 34051 0.042519 39 0.639541 1.57691 92.8022 3
147 34052 0.015086 39 0.639522 1.57695 92.805 3
148 34053 0.016254 39 0.639503 1.57739 92.8077 3
151 34054 0.013978 39 0.639484 1.57742 92.8104 3
152 34056 0.033749 39 0.639447 1.57806 92.8159 3
153 34058 0.03222 39 0.639409 1.57837 92.8213 3
154 34059 0.015883 39 0.63939 1.57849 92.824 3
156 34061 0.035655 39 0.639353 1.5788 92.8295 3
160 34062 0.017838 39 0.639334 1.57892 92.8322 3
162 34063 0.01729 39 0.639315 1.5792 92.835 3
163 34065 0.036527 39 0.639278 1.57935 92.8404 3
164 34068 0.053934 39 0.639222 1.57953 92.8486 3
165 34070 0.036107 39 0.639184 1.57976 92.854 3
166 34072 0.036928 39 0.639147 1.57991 92.8595 3
167 34074 0.036888 39 0.639109 1.58006 92.8649 3
168 34075 0.020323 39 0.63909 1.58018 92.8677 3
172 34077 0.041576 39 0.639053 1.58041 92.8731 3
173 34079 0.04125 39 0.639015 1.58056 92.8786 3
175 34080 0.021087 39 0.638996 1.58067 92.8813 3
176 34081 0.022812 39 0.638978 1.58087 92.884 3
177 34082 0.02189 39 0.638959 1.58098 92.8867 3
178 34083 0.0232 39 0.63894 1.58118 92.8895 3
179 34086 0.064328 39 0.638884 1.58169 92.8976 3
180 34088 0.039261 39 0.638847 1.58208 92.9031 3
182 34089 0.015801 39 0.638828 1.58244 92.9058 3
183 34090 0.022812 39 0.638809 1.58256 92.9085 3
184 34092 0.044051 39 0.638772 1.58279 92.914 3
185 34094 0.04595 39 0.638734 1.58293 92.9194 3
187 34095 0.024271 40 0.638715 1.58443 92.9222 3
188 34097 0.048953 40 0.638678 1.58482 92.9276 3
192 34098 0.025136 40 0.638659 1.58502 92.9303 3
193 34101 0.073417 40 0.638603 1.58528 92.9385 3
194 34102 0.027726 40 0.638584 1.58548 92.9412 3
199 34104 0.054007 40 0.638547 1.58571 92.9467 3
200 34106 0.041731 40 0.638509 1.58577 92.9521 3
201 34107 0.025592 40 0.638491 1.58589 92.9549 3
202 34109 0.053597 40 0.638453 1.58604 92.9603 3
203 34110 0.025996 40 0.638434 1.58607 92.963 3
206 34113 0.080303 40 0.638378 1.58674 92.9712 3
208 34114 0.026066 40 0.63836 1.58677 92.9739 3
210 34115 0.028432 40 0.638341 1.5868 92.9767 3
211 34116 0.028333 40 0.638322 1.58692 92.9794 3
214 34124 0.156025 40 0.638173 1.58694 93.0012 3
215 34125 0.031119 40 0.638154 1.58698 93.0039 3
217 34126 0.030942 40 0.638135 1.58709 93.0066 3
220 34128 0.064344 40 0.638098 1.58756 93.0121 3
222 34129 0.035334 40 0.638079 1.58768 93.0148 3
223 34130 0.033293 40 0.63806 1.58844 93.0176 3
224 34131 0.03458 40 0.638042 1.58864 93.0203 3
225 34132 0.034531 40 0.638023 1.58915 93.023 3
227 34133 0.033328 40 0.638004 1.58951 93.0257 3
228 34134 0.034045 40 0.637986 1.58971 93.0285 3
230 34135 0.032785 40 0.637967 1.58982 93.0312 3
231 34137 0.056102 40 0.63793 1.58997 93.0366 3
232 34138 0.034834 40 0.637911 1.59008 93.0394 3
235 34139 0.036694 40 0.637892 1.5902 93.0421 3
236 34140 0.03803 40 0.637873 1.59047 93.0448 3
238 34142 0.06884 40 0.637836 1.59078 93.0503 3
241 34144 0.077387 40 0.637799 1.59125 93.0557 3
249 34145 0.039168 40 0.63778 1.59128 93.0584 3
250 34146 0.042762 40 0.637761 1.59132 93.0612 3
255 34147 0.041728 40 0.637743 1.59151 93.0639 3
256 34148 0.046317 40 0.637724 1.59171 93.0666 3
260 34149 0.047207 40 0.637705 1.59182 93.0693 3
270 34152 0.121996 40 0.637649 1.59232 93.0775 3
273 34153 0.046011 40 0.637631 1.59244 93.0802 3
274 34155 0.093616 40 0.637593 1.59299 93.0857 3
277 34157 0.098641 40 0.637556 1.59313 93.0911 3
279 34158 0.050389 40 0.637537 1.59333 93.0939 3
282 34159 0.0431 40 0.637519 1.59344 93.0966 3
284 34160 0.052755 40 0.6375 1.59347 93.0993 3
285 34162 0.096396 40 0.637463 1.59386 93.1048 3
289 34163 0.05722 40 0.637444 1.59503 93.1075 3
294 34165 0.101376 40 0.637407 1.59501 93.1129 3
295 34166 0.055038 40 0.637388 1.59529 93.1157 3
296 34168 0.088142 40 0.637351 1.59527 93.1211 3
297 34169 0.058421 40 0.637332 1.5953 93.1238 3
303 34170 0.063194 40 0.637313 1.59542 93.1266 3
309 34171 0.062365 40 0.637295 1.59593 93.1293 3
311 34173 0.127358 40 0.637257 1.59632 93.1347 3
312 34174 0.062288 40 0.637239 1.59652 93.1375 3
314 34175 0.064234 40 0.63722 1.59655 93.1402 3
323 34176 0.070168 40 0.637202 1.59674 93.1429 3
335 34177 0.069826 40 0.637183 1.59726 93.1456 3
336 34178 0.07111 41 0.637164 1.59745 93.1484 3
337 34179 0.071173 41 0.637146 1.59748 93.1511 3
342 34181 0.148317 41 0.637108 1.59779 93.1565 3
343 34182 0.062578 41 0.63709 1.59774 93.1593 3
346 34183 0.065201 41 0.637071 1.59786 93.162 3
347 34185 0.14554 41 0.637034 1.598 93.1674 3
350 34186 0.077344 41 0.637015 1.59811 93.1702 3
351 34187 0.077799 41 0.636997 1.59871 93.1729 3
353 34188 0.07887 41 0.636978 1.59874 93.1756 3
358 34189 0.082857 41 0.636959 1.59894 93.1783 3
361 34190 0.080027 41 0.636941 1.59897 93.1811 3
368 34191 0.08345 41 0.636922 1.59908 93.1838 3
372 34192 0.070779 41 0.636903 1.59919 93.1865 3
373 34193 0.088208 41 0.636885 1.59923 93.1893 3
388 34196 0.241006 41 0.636829 1.59965 93.1974 3
392 34197 0.076633 41 0.63681 1.6 93.2002 3
393 34198 0.094157 41 0.636792 1.60035 93.2029 3
401 34199 0.100185 41 0.636773 1.60063 93.2056 3
418 34200 0.111616 41 0.636754 1.60074 93.2083 3
426 34201 0.112324 41 0.636736 1.60085 93.2111 3
432 34203 0.229737 41 0.636699 1.60124 93.2165 3
435 34204 0.118841 41 0.63668 1.60183 93.2192 3
436 34205 0.115296 41 0.636661 1.60211 93.222 3
438 34206 0.113041 41 0.636643 1.60214 93.2247 3
446 34207 0.126194 41 0.636624 1.60217 93.2274 3
458 34208 0.128602 41 0.636605 1.60228 93.2301 3
459 34209 0.128309 41 0.636587 1.6024 93.2329 3
460 34210 0.114761 41 0.636568 1.60283 93.2356 3
464 34211 0.127817 41 0.63655 1.60286 93.2383 3
482 34212 0.137038 41 0.636531 1.60314 93.241 3
489 34213 0.142924 41 0.636512 1.60333 93.2438 3
491 34215 0.266054 41 0.636475 1.60331 93.2492 3
499 34216 0.144098 41 0.636457 1.60359 93.2519 3
502 34217 0.130537 41 0.636438 1.6037 93.2547 3
507 34218 0.152996 42 0.636419 1.60373 93.2574 3
513 34219 0.15872 42 0.636401 1.60376 93.2601 3
515 34220 0.140763 42 0.636382 1.60387 93.2628 3
528 34221 0.149178 43 0.636364 1.60391 93.2656 3
532 34222 0.146974 43 0.636345 1.60402 93.2683 3
534 34223 0.165088 43 0.636326 1.60421 93.271 3
536 34224 0.172829 43 0.636308 1.60432 93.2737 3
543 34225 0.176827 43 0.636289 1.6046 93.2765 3
566 34228 0.51291 43 0.636233 1.60477 93.2846 3
567 34229 0.186816 43 0.636215 1.6048 93.2874 3
568 34230 0.189593 43 0.636196 1.60491 93.2901 3
585 34233 0.554042 43 0.636141 1.60517 93.2983 3
616 34234 0.219708 43 0.636122 1.60552 93.301 3
645 34235 0.235953 43 0.636103 1.60555 93.3037 3
657 34236 0.245924 43 0.636085 1.60567 93.3064 3
665 34237 0.247209 43 0.636066 1.60578 93.3092 3
667 34238 0.251085 43 0.636048 1.60597 93.3119 3
679 34239 0.25998 43 0.636029 1.606 93.3146 3
683 34242 0.726837 43 0.635973 1.60626 93.3228 3
700 34243 0.277714 43 0.635955 1.60637 93.3255 3
715 34244 0.284843 43 0.635936 1.60648 93.3282 3
738 34245 0.281341 43 0.635918 1.60675 93.331 3
768 34246 0.325419 43 0.635899 1.60703 93.3337 3
807 34247 0.350877 43 0.635881 1.60714 93.3364 3
811 34248 0.365833 43 0.635862 1.60733 93.3391 3
812 34250 0.688552 43 0.635825 1.60755 93.3446 3
818 34251 0.342783 43 0.635806 1.60766 93.3473 3
831 34252 0.358841 43 0.635788 1.6077 93.35 3
854 34255 1.1273 46 0.635732 1.60763 93.3582 3
876 34261 2.3065 46 0.635621 1.60766 93.3746 3
951 34262 0.482 46 0.635602 1.60785 93.3773 3
998 34263 0.52025 46 0.635584 1.60804 93.38 3
