3072441
1 67794 0.412614 2 0.999602 1.18519 2.20652 1
2 111467 0.485283 5 0.992742 1.10136 3.62796 1
3 150048 1.07993 6 0.986898 1.11089 4.88367 1
4 187366 1.51301 6 0.981448 1.10731 6.09828 1
5 223454 2.16232 10 0.976331 1.10966 7.27285 1
6 259025 2.91532 10 0.970528 1.10912 8.43059 1
7 293990 3.66552 10 0.96523 1.11015 9.56861 1
8 328605 4.48163 10 0.959152 1.1078 10.6952 1
9 361849 5.6344 10 0.953301 1.10717 11.7772 1
10 394411 5.92096 10 0.947499 1.11001 12.8371 1
11 425779 7.18206 10 0.941148 1.11142 13.858 1
12 455798 8.35014 13 0.935022 1.11277 14.835 1
13 484521 7.72466 13 0.92835 1.11459 15.7699 1
14 511819 7.21611 13 0.921607 1.11759 16.6584 1
15 537989 7.51506 15 0.915095 1.1203 17.5101 1
16 562693 7.86695 15 0.908689 1.12302 18.3142 1
17 586347 8.318 15 0.902215 1.12645 19.0841 1
18 608647 8.67782 17 0.895839 1.13087 19.8099 1
19 629630 8.98231 17 0.889621 1.13448 20.4928 1
20 649604 9.39459 19 0.883126 1.13817 21.1429 1
21 668491 9.8189 19 0.876827 1.14294 21.7577 1
22 686396 10.4327 19 0.870722 1.14824 22.3404 1
23 703335 10.4862 25 0.864666 1.1533 22.8917 1
24 719592 10.924 25 0.858787 1.1581 23.4209 1
25 734776 10.9991 25 0.853059 1.16267 23.9151 1
26 749249 11.2914 25 0.847406 1.16796 24.3861 1
27 762764 11.2153 25 0.841977 1.17301 24.826 1
28 775802 11.6559 25 0.836567 1.17836 25.2503 1
29 788069 11.6786 25 0.831375 1.1837 25.6496 1
30 799951 12.0566 25 0.826191 1.18841 26.0363 1
31 811074 11.9585 25 0.821152 1.19348 26.3984 1
32 821743 12.2599 25 0.816332 1.19824 26.7456 1
33 831782 12.1622 25 0.811705 1.20368 27.0724 1
34 841444 12.4088 25 0.807044 1.20882 27.3868 1
35 850624 12.3966 25 0.802644 1.21366 27.6856 1
36 859446 12.5665 28 0.798449 1.21908 27.9727 1
37 867834 12.5332 28 0.794329 1.22419 28.2457 1
38 876072 12.9456 28 0.790185 1.22935 28.5139 1
39 883918 12.9031 28 0.78617 1.23467 28.7692 1
40 891397 12.8791 28 0.782306 1.23972 29.0127 1
41 898500 12.7928 28 0.778564 1.24468 29.2438 1
42 905442 13.1898 28 0.77491 1.24974 29.4698 1
43 912079 13.1566 28 0.771396 1.25487 29.6858 1
44 918450 13.2678 28 0.767955 1.25966 29.8932 1
45 924583 13.3236 28 0.764619 1.26455 30.0928 1
46 930540 13.4239 28 0.761361 1.26935 30.2867 1
47 936335 13.7282 28 0.758125 1.27426 30.4753 1
48 941797 13.3866 28 0.755104 1.27923 30.6531 1
49 947154 13.7335 28 0.752147 1.28396 30.8274 1
50 952281 13.6888 28 0.749307 1.28851 30.9943 1
51 957245 13.7364 28 0.746535 1.29334 31.1558 1
52 962018 13.6467 28 0.743867 1.29821 31.3112 1
53 966756 14.0225 28 0.741219 1.30271 31.4654 1
54 971209 13.551 28 0.738677 1.30686 31.6103 1
55 975566 13.7677 28 0.73624 1.31104 31.7521 1
56 979868 13.9334 28 0.733798 1.31536 31.8922 1
57 983898 13.5874 28 0.731441 1.31933 32.0233 1
58 987900 14.3645 28 0.729114 1.32363 32.1536 1
59 991853 14.2118 29 0.726784 1.32811 32.2822 1
60 995553 13.7741 29 0.724651 1.33206 32.4027 1
61 999209 13.9717 29 0.722526 1.33616 32.5217 1
62 1002725 14.0024 29 0.720493 1.34016 32.6361 1
63 1006176 14.0508 29 0.71847 1.34432 32.7484 1
64 1009468 13.8211 29 0.716564 1.34817 32.8556 1
65 1012740 14.0516 29 0.71461 1.35207 32.9621 1
66 1016046 14.4355 29 0.712684 1.35627 33.0697 1
67 1019082 13.6562 29 0.7109 1.36016 33.1685 1
68 1022122 14.005 29 0.709104 1.36412 33.2674 1
69 1025116 14.227 29 0.707313 1.36798 33.3649 1
70 1027932 13.9258 29 0.705649 1.37162 33.4565 1
71 1030680 13.8017 29 0.70403 1.37529 33.546 1
72 1033381 14.1478 29 0.702443 1.37892 33.6339 1
73 1036031 14.1573 29 0.700891 1.38258 33.7201 1
74 1038529 13.6879 29 0.699395 1.38604 33.8014 1
75 1040917 13.4273 29 0.697988 1.38939 33.8792 1
76 1043373 14.2051 29 0.696549 1.39275 33.9591 1
77 1045845 14.7155 29 0.695096 1.39633 34.0395 1
78 1048154 14.073 29 0.693735 1.39971 34.1147 1
79 1050430 14.1803 29 0.69238 1.40314 34.1888 1
80 1052630 14.08 29 0.691075 1.40635 34.2604 1
81 1054850 20.2044 29 0.689759 1.40963 34.3326 1
82 1057042 27.4425 29 0.688472 1.41309 34.404 1
83 1059102 15.924 29 0.687252 1.41632 34.471 1
84 1061168 15.9628 29 0.686059 1.41961 34.5383 1
85 1063197 15.8267 29 0.684867 1.42286 34.6043 1
86 1065192 18.0139 29 0.683668 1.42586 34.6692 1
87 1067190 16.8994 29 0.682493 1.42904 34.7343 1
88 1069024 14.4134 29 0.681405 1.43198 34.794 1
89 1070847 14.5188 29 0.68034 1.43504 34.8533 1
90 1072635 14.6383 29 0.679295 1.43792 34.9115 1
91 1074477 15.3316 29 0.678222 1.44091 34.9714 1
92 1076150 14.2348 29 0.677237 1.44377 35.0259 1
93 1077805 14.3896 29 0.67626 1.44643 35.0798 1
94 1079491 14.91 29 0.675265 1.44931 35.1346 1
95 1081153 31.775 29 0.674296 1.45213 35.1887 1
96 1082680 22.5078 29 0.673414 1.45473 35.2384 1
97 1084254 20.8116 29 0.672499 1.4573 35.2897 1
98 1085813 23.6923 29 0.671581 1.46001 35.3404 1
99 1087298 22.8592 29 0.670715 1.46263 35.3887 1
100 1088818 21.3296 29 0.669832 1.46531 35.4382 1
101 1090372 20.2255 29 0.668925 1.46803 35.4888 1
102 1091835 17.9586 29 0.668061 1.47067 35.5364 1
103 1093262 17.8552 29 0.66724 1.47321 35.5828 1
104 1094663 18.0507 29 0.666426 1.47592 35.6284 1
105 1096026 17.4744 29 0.665637 1.47836 35.6728 1
106 1097384 18.5316 29 0.664855 1.48101 35.717 1
107 1098643 16.8522 29 0.664126 1.48343 35.758 1
108 1099911 18.646 29 0.663393 1.48582 35.7993 1
109 1101196 18.4662 29 0.662649 1.48823 35.8411 1
110 1102489 18.9716 29 0.661903 1.49059 35.8832 1
111 1103763 18.7285 29 0.661158 1.49292 35.9246 1
112 1104969 17.9697 29 0.660469 1.4952 35.9639 1
113 1106178 18.4941 29 0.659773 1.49765 36.0032 1
114 1107355 18.4334 29 0.659102 1.49975 36.0415 1
115 1108575 30.8548 29 0.658397 1.50202 36.0812 1
116 1109740 22.3906 29 0.657729 1.50431 36.1192 1
117 1110850 17.2454 30 0.6571 1.50631 36.1553 1
118 1111934 15.8482 30 0.656486 1.50852 36.1906 1
119 1113047 16.3572 30 0.655856 1.51069 36.2268 1
120 1114151 16.2237 30 0.655224 1.51293 36.2627 1
121 1115218 16.8254 30 0.654613 1.51507 36.2975 1
122 1116257 21.5079 30 0.654018 1.51738 36.3313 1
123 1117301 22.2664 30 0.653422 1.51955 36.3653 1
124 1118299 20.2803 30 0.65286 1.52158 36.3977 1
125 1119262 17.5263 30 0.652318 1.52337 36.4291 1
126 1120226 17.9317 30 0.651768 1.52547 36.4605 1
127 1121146 15.222 30 0.651244 1.52741 36.4904 1
128 1122108 16.4232 30 0.650701 1.52933 36.5217 1
129 1123076 16.6023 30 0.650153 1.53136 36.5532 1
130 1124008 16.3206 30 0.649623 1.53331 36.5836 1
131 1124974 17.0348 30 0.649076 1.53542 36.615 1
132 1125896 32.0541 30 0.648555 1.53738 36.645 1
133 1126815 22.1033 30 0.648037 1.53931 36.6749 1
134 1127696 19.7802 30 0.647542 1.54116 36.7036 1
135 1128573 20.3249 30 0.64705 1.54302 36.7321 1
136 1129437 20.1343 30 0.64656 1.54494 36.7603 1
137 1130265 19.1313 30 0.646095 1.54663 36.7872 1
138 1131125 19.0596 30 0.645612 1.54838 36.8152 1
139 1131936 18.7673 30 0.645158 1.55011 36.8416 1
140 1132774 20.54 30 0.644686 1.55188 36.8689 1
141 1133586 20.5128 30 0.644239 1.55362 36.8953 1
142 1134370 17.0266 30 0.643799 1.5553 36.9208 1
143 1135189 17.4556 30 0.643339 1.5571 36.9475 1
144 1135972 18.706 30 0.642902 1.55878 36.9729 1
145 1136765 26.2075 30 0.642462 1.56044 36.9988 1
146 1137505 19.9396 30 0.642046 1.56207 37.0228 1
147 1138212 18.8996 30 0.641656 1.56364 37.0459 1
148 1138985 21.1622 30 0.641226 1.56527 37.071 1
149 1139722 20.2428 30 0.640816 1.56692 37.095 1
150 1140432 19.7806 30 0.640421 1.56848 37.1181 1
151 1141123 19.7278 30 0.640036 1.56989 37.1406 1
152 1141828 17.6995 30 0.639647 1.57142 37.1635 1
153 1142545 18.2704 30 0.639251 1.57297 37.1869 1
154 1143280 19.8235 30 0.638845 1.57472 37.2108 1
155 1143933 17.2558 30 0.638488 1.57617 37.2321 1
156 1144595 18.7833 30 0.638125 1.57772 37.2536 1
157 1145248 24.1807 30 0.637765 1.57934 37.2749 1
158 1145900 26.3092 30 0.637406 1.58084 37.2961 1
159 1146495 24.7259 30 0.63708 1.58217 37.3154 1
160 1147077 27.0085 30 0.636758 1.58351 37.3344 1
161 1147717 28.3262 30 0.636407 1.58487 37.3552 1
162 1148370 33.3531 30 0.636049 1.58634 37.3765 1
163 1149016 33.6493 30 0.6357 1.58785 37.3975 1
164 1149682 35.3213 30 0.635335 1.5894 37.4192 1
165 1150237 33.3424 30 0.635032 1.59063 37.4372 1
166 1150842 43.4076 30 0.634701 1.592 37.4569 1
167 1151502 50.4367 30 0.634339 1.59348 37.4784 1
168 1152069 45.7273 30 0.634031 1.59472 37.4969 1
169 1152660 47.8661 30 0.633708 1.59595 37.5161 1
170 1153281 53.0337 30 0.633369 1.5974 37.5363 1
171 1153881 56.0455 30 0.633042 1.59872 37.5558 1
172 1154395 57.1718 30 0.632763 1.59991 37.5726 1
173 1154972 111.354 30 0.632448 1.6012 37.5913 1
174 1155535 115.754 30 0.632142 1.60254 37.6097 1
175 1156033 175.101 30 0.631872 1.60369 37.6259 1
176 1156560 214.874 30 0.631586 1.60497 37.643 1
177 1157037 229.162 30 0.631328 1.6061 37.6586 1
178 1157532 255.706 30 0.631058 1.6073 37.6747 1
179 1158065 329.307 30 0.630769 1.6085 37.692 1
180 1158588 308.441 30 0.630484 1.60973 37.709 1
