317080
1 45434 0.237192 4 0.950412 1.22681 14.3289 1
2 112245 0.556021 8 0.793585 1.31745 35.3996 1
3 170018 0.694995 10 0.693991 1.39047 53.6199 1
4 208703 0.636034 11 0.635257 1.43863 65.8203 1
5 233745 0.571907 13 0.598028 1.47514 73.718 1
6 249477 0.488956 17 0.574558 1.50263 78.6795 1
7 259476 0.403134 17 0.559589 1.52399 81.833 1
8 266176 0.353236 18 0.549343 1.54293 83.946 1
9 271082 0.324869 18 0.541582 1.5586 85.4933 1
10 274471 0.293336 18 0.536122 1.57251 86.5621 1
11 277084 0.278185 19 0.531835 1.58483 87.3861 1
12 279344 0.270335 19 0.528116 1.59537 88.0989 1
13 281081 0.253154 22 0.525265 1.60533 88.6467 1
14 282474 0.234286 22 0.522961 1.61332 89.086 1
15 283797 0.238137 22 0.520781 1.62011 89.5033 1
16 284770 0.2226 22 0.519142 1.62656 89.8101 1
17 285629 0.212353 22 0.517703 1.63228 90.0811 1
18 286301 0.201862 22 0.516544 1.63787 90.293 1
19 286935 0.1902 22 0.515472 1.64256 90.4929 1
20 287496 0.184174 23 0.514532 1.6465 90.6699 1
21 287979 0.181638 23 0.513725 1.65052 90.8222 1
22 288469 0.193007 23 0.512887 1.65427 90.9767 1
23 288820 0.167754 23 0.512291 1.65742 91.0874 1
24 289188 0.180396 24 0.511667 1.66054 91.2035 1
25 289487 0.167367 26 0.511166 1.66345 91.2978 1
26 289777 0.158911 26 0.510675 1.66581 91.3892 1
27 290075 0.178299 26 0.510165 1.66827 91.4832 1
28 290328 0.173863 27 0.509734 1.67107 91.563 1
29 290596 0.165744 27 0.509284 1.67287 91.6475 1
30 290821 0.149 30 0.508911 1.67452 91.7185 1
31 291050 0.171185 30 0.508521 1.67634 91.7907 1
32 291307 0.181848 33 0.508083 1.67809 91.8718 1
33 291457 0.155013 33 0.507824 1.67995 91.9191 1
34 291575 0.136374 33 0.507622 1.68155 91.9563 1
35 291727 0.151947 33 0.507368 1.6829 92.0042 1
36 291849 0.148126 33 0.50716 1.68426 92.0427 1
37 291977 0.155427 33 0.506937 1.686 92.0831 1
38 292125 0.169761 33 0.506687 1.68751 92.1297 1
39 292246 0.141894 33 0.506481 1.68884 92.1679 1
40 292326 0.120675 33 0.506342 1.68979 92.1931 1
41 292412 0.137524 33 0.506193 1.69109 92.2203 1
42 292523 0.151274 33 0.506005 1.6922 92.2553 1
43 292684 0.176027 43 0.505733 1.6931 92.306 1
44 292749 0.122976 43 0.505621 1.6941 92.3265 1
45 292818 0.130052 43 0.505502 1.695 92.3483 1
46 292897 0.149551 43 0.505365 1.696 92.3732 1
47 293016 0.150104 43 0.505167 1.69669 92.4107 1
48 293104 0.166652 43 0.505019 1.69771 92.4385 1
49 293157 0.127112 43 0.504927 1.69844 92.4552 1
50 293216 0.131972 43 0.504826 1.69928 92.4738 1
51 293283 0.141783 43 0.504714 1.69989 92.495 1
52 293336 0.138751 43 0.504623 1.70065 92.5117 1
53 293382 0.115352 43 0.504544 1.7013 92.5262 1
54 293432 0.130486 43 0.504458 1.70233 92.5419 1
55 293488 0.152753 43 0.504361 1.70307 92.5596 1
56 293528 0.109896 43 0.504293 1.70351 92.5722 1
57 293576 0.139486 43 0.50421 1.7041 92.5874 1
58 293619 0.129171 43 0.504136 1.70459 92.6009 1
59 293666 0.140293 43 0.504056 1.70548 92.6157 1
60 293707 0.139769 43 0.503985 1.70609 92.6287 1
61 293749 0.130903 44 0.503913 1.70659 92.6419 1
62 293827 0.145877 44 0.503783 1.70704 92.6665 1
63 293864 0.124728 44 0.503719 1.70763 92.6782 1
64 293911 0.172033 44 0.503639 1.70818 92.693 1
65 293943 0.119241 44 0.503584 1.70872 92.7031 1
66 293983 0.152644 44 0.503516 1.7093 92.7157 1
67 294012 0.114067 44 0.503466 1.70975 92.7249 1
68 294037 0.104757 44 0.503423 1.71017 92.7327 1
69 294067 0.124627 44 0.503372 1.71059 92.7422 1
70 294097 0.124583 44 0.50332 1.71094 92.7517 1
71 294127 0.132 44 0.503269 1.71152 92.7611 1
72 294168 0.168029 44 0.503199 1.71191 92.7741 1
73 294190 0.10455 44 0.503161 1.71222 92.781 1
74 294216 0.123778 44 0.503117 1.71253 92.7892 1
75 294238 0.105261 44 0.503079 1.71287 92.7961 1
76 294270 0.153377 44 0.503024 1.7133 92.8062 1
77 294292 0.112171 44 0.502987 1.71373 92.8132 1
78 294310 0.094884 44 0.502956 1.714 92.8188 1
79 294338 0.153379 44 0.502908 1.71464 92.8277 1
80 294369 0.175635 44 0.502855 1.71501 92.8375 1
81 294384 0.084787 44 0.50283 1.71513 92.8422 1
82 294413 0.158239 44 0.50278 1.71547 92.8513 1
83 294437 0.143228 44 0.502739 1.71584 92.8589 1
84 294465 0.164307 44 0.502691 1.71633 92.8677 1
85 294485 0.115656 44 0.502657 1.71652 92.874 1
86 294508 0.140274 44 0.502618 1.71668 92.8813 1
87 294522 0.0888 44 0.502594 1.71686 92.8857 1
88 294545 0.14985 44 0.502555 1.71716 92.893 1
89 294557 0.08553 44 0.502534 1.71735 92.8967 1
90 294567 0.070027 44 0.502517 1.71753 92.8999 1
91 294580 0.09186 44 0.502495 1.71774 92.904 1
92 294598 0.131919 44 0.502464 1.71804 92.9097 1
93 294616 0.133964 44 0.502434 1.71845 92.9154 1
94 294634 0.139455 44 0.502403 1.71876 92.921 1
95 294651 0.132151 44 0.502374 1.71918 92.9264 1
96 294663 0.094258 44 0.502354 1.71942 92.9302 1
97 294683 0.153024 45 0.502319 1.71959 92.9365 1
98 294702 0.146271 45 0.502287 1.71983 92.9425 1
99 294721 0.155905 45 0.502255 1.72014 92.9485 1
100 294738 0.142693 45 0.502226 1.72036 92.9538 1
101 294791 0.196519 45 0.502139 1.72025 92.9705 1
102 294808 0.149041 45 0.50211 1.72052 92.9759 1
103 294817 0.08278 45 0.502095 1.72066 92.9787 1
104 294831 0.134832 45 0.502071 1.72084 92.9832 1
105 294849 0.164083 45 0.50204 1.72107 92.9888 1
106 294866 0.160822 45 0.502011 1.72134 92.9942 1
107 294879 0.125717 45 0.501989 1.72145 92.9983 1
108 294890 0.096997 45 0.50197 1.72156 93.0018 1
109 294900 0.094361 45 0.501953 1.72163 93.0049 1
110 294914 0.141669 45 0.501929 1.72186 93.0093 1
111 294933 0.195158 45 0.501897 1.7221 93.0153 1
112 294944 0.111488 45 0.501878 1.72227 93.0188 1
113 295010 0.373553 49 0.501769 1.72232 93.0396 1
114 295021 0.115595 49 0.501751 1.72243 93.0431 1
115 295031 0.108061 49 0.501734 1.72251 93.0462 1
116 295043 0.125137 49 0.501713 1.7227 93.05 1
117 295052 0.103002 49 0.501698 1.72281 93.0529 1
118 295062 0.114894 49 0.501681 1.72294 93.056 1
119 295071 0.109658 49 0.501666 1.72306 93.0588 1
120 295081 0.121155 49 0.501649 1.72315 93.062 1
121 295090 0.106798 49 0.501633 1.72327 93.0648 1
122 295100 0.116408 49 0.501616 1.72336 93.068 1
123 295106 0.076235 49 0.501606 1.72341 93.0699 1
124 295117 0.133077 49 0.501588 1.72356 93.0734 1
125 295132 0.191699 49 0.501562 1.72374 93.0781 1
126 295140 0.105704 49 0.501548 1.72386 93.0806 1
127 295149 0.118203 49 0.501533 1.724 93.0834 1
128 295160 0.127414 49 0.501514 1.72419 93.0869 1
129 295169 0.102373 49 0.501499 1.72429 93.0898 1
130 295175 0.074558 49 0.501489 1.72433 93.0916 1
131 295183 0.112501 49 0.501475 1.72441 93.0942 1
132 295191 0.115746 49 0.501462 1.72448 93.0967 1
133 295195 0.057115 49 0.501455 1.72453 93.098 1
134 295201 0.089735 49 0.501445 1.72466 93.0998 1
135 295213 0.180119 49 0.501424 1.72486 93.1036 1
136 295221 0.114688 49 0.501411 1.725 93.1062 1
137 295227 0.093016 49 0.501401 1.72505 93.108 1
138 295232 0.076417 49 0.501392 1.72511 93.1096 1
139 295238 0.087772 49 0.501382 1.7252 93.1115 1
140 295247 0.139268 49 0.501367 1.72537 93.1144 1
141 295252 0.084105 49 0.501358 1.72548 93.1159 1
142 295263 0.166499 49 0.501339 1.72562 93.1194 1
143 295275 0.18292 49 0.501319 1.7258 93.1232 1
144 295283 0.125716 49 0.501306 1.72592 93.1257 1
145 295286 0.052034 49 0.5013 1.72596 93.1267 1
146 295292 0.103471 49 0.50129 1.72607 93.1285 1
147 295309 0.261583 53 0.501261 1.72627 93.1339 1
148 295312 0.057148 53 0.501256 1.72634 93.1349 1
149 295316 0.073268 53 0.50125 1.72643 93.1361 1
150 295322 0.108172 53 0.501239 1.72651 93.138 1
151 295327 0.08311 54 0.501231 1.72654 93.1396 1
152 295337 0.18483 54 0.501214 1.7267 93.1427 1
153 295347 0.188806 54 0.501197 1.72682 93.1459 1
154 295357 0.187386 54 0.50118 1.72691 93.149 1
155 295362 0.098682 54 0.501171 1.72695 93.1506 1
156 295370 0.141255 54 0.501158 1.72705 93.1531 1
157 295377 0.138903 54 0.501146 1.72713 93.1554 1
158 295383 0.120159 54 0.501136 1.72718 93.1572 1
159 295388 0.100388 54 0.501127 1.72723 93.1588 1
160 295391 0.064328 54 0.501122 1.72729 93.1598 1
161 295397 0.131727 54 0.501112 1.72735 93.1617 1
162 295399 0.042718 54 0.501109 1.72736 93.1623 1
163 295405 0.127303 54 0.501098 1.72743 93.1642 1
164 295410 0.111586 54 0.50109 1.72748 93.1658 1
165 295416 0.144814 54 0.50108 1.72756 93.1677 1
166 295420 0.087861 54 0.501073 1.7277 93.1689 1
167 295429 0.207237 54 0.501058 1.72782 93.1718 1
168 295437 0.178395 54 0.501044 1.72796 93.1743 1
169 295439 0.047396 54 0.501041 1.72797 93.1749 1
170 295446 0.149142 54 0.501029 1.72807 93.1771 1
171 295454 0.187745 54 0.501015 1.72817 93.1796 1
172 295464 0.246218 54 0.500998 1.72831 93.1828 1
173 295466 0.048498 54 0.500995 1.72831 93.1834 1
174 295470 0.09911 54 0.500988 1.72839 93.1847 1
175 295473 0.074452 54 0.500983 1.72842 93.1856 1
176 295475 0.049299 54 0.50098 1.72845 93.1863 1
177 295481 0.152934 54 0.50097 1.72854 93.1882 1
178 295483 0.052511 54 0.500966 1.72858 93.1888 1
179 295492 0.217727 54 0.500951 1.72869 93.1916 1
180 295498 0.142727 54 0.500941 1.72871 93.1935 1
181 295503 0.134642 54 0.500932 1.72878 93.1951 1
182 295513 0.269315 54 0.500915 1.72899 93.1982 1
183 295515 0.053817 54 0.500912 1.72903 93.1989 1
184 295520 0.137855 54 0.500903 1.72911 93.2005 1
185 295522 0.056546 54 0.5009 1.72913 93.2011 1
186 295526 0.114652 54 0.500893 1.72923 93.2023 1
187 295535 0.244454 54 0.500878 1.72933 93.2052 1
188 295540 0.098767 54 0.50087 1.72939 93.2068 1
189 295544 0.115988 54 0.500863 1.72951 93.208 1
190 295547 0.087313 54 0.500858 1.72956 93.209 1
191 295550 0.090655 54 0.500853 1.72957 93.2099 1
192 295553 0.088135 54 0.500848 1.72961 93.2109 1
193 295556 0.089096 54 0.500842 1.72965 93.2118 1
194 295561 0.138481 54 0.500834 1.7297 93.2134 1
195 295566 0.137497 54 0.500826 1.72977 93.215 1
196 295569 0.107582 54 0.50082 1.72979 93.2159 1
197 295571 0.062558 54 0.500817 1.72982 93.2165 1
198 295576 0.163103 54 0.500809 1.7299 93.2181 1
199 295578 0.065679 54 0.500805 1.72994 93.2187 1
200 295583 0.157074 54 0.500797 1.72999 93.2203 1
201 295591 0.23579 54 0.500783 1.73008 93.2228 1
202 295596 0.159311 55 0.500775 1.7301 93.2244 1
203 295598 0.06681 55 0.500771 1.73012 93.2251 1
204 295603 0.148277 55 0.500763 1.73017 93.2266 1
205 295605 0.068972 55 0.500759 1.73022 93.2273 1
206 295611 0.204759 55 0.500749 1.73028 93.2292 1
207 295615 0.136897 55 0.500743 1.73031 93.2304 1
208 295619 0.138234 55 0.500736 1.73034 93.2317 1
209 295622 0.094717 55 0.500731 1.73038 93.2326 1
210 295625 0.102683 55 0.500726 1.73039 93.2336 1
211 295631 0.234575 55 0.500715 1.73045 93.2355 1
212 295634 0.087314 55 0.50071 1.73046 93.2364 1
213 295639 0.17207 55 0.500702 1.73055 93.238 1
214 295643 0.147017 55 0.500695 1.7306 93.2392 1
215 295648 0.1787 55 0.500687 1.73065 93.2408 1
216 295652 0.148262 55 0.50068 1.73071 93.2421 1
217 295654 0.075925 55 0.500676 1.73073 93.2427 1
218 295659 0.137328 55 0.500668 1.73078 93.2443 1
219 295676 0.431581 55 0.500639 1.73079 93.2497 1
220 295682 0.208671 55 0.500629 1.73081 93.2515 1
221 295685 0.102635 55 0.500624 1.73084 93.2525 1
222 295690 0.17833 55 0.500616 1.73087 93.2541 1
223 295693 0.12205 55 0.50061 1.73093 93.255 1
225 295696 0.096424 55 0.500605 1.73093 93.256 1
226 295699 0.125052 55 0.5006 1.73097 93.2569 1
227 295700 0.040208 55 0.500599 1.73097 93.2572 1
228 295703 0.126231 55 0.500594 1.73101 93.2582 1
229 295704 0.04273 55 0.500592 1.73102 93.2585 1
230 295705 0.043899 55 0.50059 1.73104 93.2588 1
231 295711 0.259948 55 0.50058 1.73118 93.2607 1
232 295715 0.174939 55 0.500573 1.73123 93.262 1
233 295716 0.042632 55 0.500571 1.73123 93.2623 1
234 295718 0.090351 55 0.500568 1.73126 93.2629 1
235 295721 0.134937 55 0.500563 1.73131 93.2638 1
236 295722 0.046126 55 0.500561 1.73131 93.2642 1
237 295724 0.09245 55 0.500558 1.73133 93.2648 1
238 295726 0.089979 55 0.500555 1.73134 93.2654 1
239 295729 0.136049 55 0.500549 1.73139 93.2664 1
241 295733 0.182371 55 0.500543 1.73145 93.2676 1
242 295736 0.147167 55 0.500538 1.73151 93.2686 1
243 295737 0.046642 55 0.500536 1.73151 93.2689 1
244 295740 0.144303 55 0.500531 1.73155 93.2698 1
245 295742 0.093115 55 0.500527 1.73156 93.2705 1
246 295743 0.048207 55 0.500526 1.73161 93.2708 1
247 295746 0.144727 55 0.500521 1.73165 93.2717 1
248 295748 0.097747 55 0.500517 1.73168 93.2724 1
249 295750 0.10256 55 0.500514 1.73171 93.273 1
250 295753 0.145981 55 0.500509 1.73174 93.2739 1
