18771
1 1332 0.005713 3 0.857357 1.08947 7.09605 3
2 3199 0.012771 4 0.76899 1.16103 17.0422 3
3 4951 0.018018 7 0.716017 1.20555 26.3758 3
4 6292 0.019148 9 0.678004 1.22754 33.5198 3
5 7278 0.020006 11 0.653751 1.24722 38.7726 3
6 8095 0.021982 11 0.633477 1.27334 43.125 3
7 8718 0.021577 11 0.617573 1.29124 46.444 3
8 9193 0.022711 11 0.606005 1.30287 48.9745 3
9 9602 0.023223 11 0.59321 1.31925 51.1534 3
10 9995 0.025502 11 0.581391 1.32959 53.247 3
11 10328 0.025592 12 0.572328 1.33462 55.021 3
12 10672 0.029423 13 0.561563 1.34302 56.8537 3
13 10941 0.027053 14 0.552875 1.35425 58.2867 3
14 11130 0.025086 14 0.54726 1.36178 59.2936 3
15 11320 0.026804 15 0.541696 1.36816 60.3058 3
16 11483 0.029252 15 0.537055 1.37509 61.1742 3
17 11707 0.034616 17 0.53011 1.37848 62.3675 3
18 11875 0.028186 17 0.525389 1.3813 63.2625 3
19 12017 0.030178 17 0.521345 1.38752 64.019 3
20 12196 0.036296 18 0.515169 1.39489 64.9726 3
21 12323 0.034323 18 0.511726 1.40219 65.6491 3
22 12458 0.032268 22 0.507626 1.40952 66.3683 3
23 12601 0.036824 22 0.503135 1.41223 67.1301 3
24 12676 0.030973 22 0.500868 1.41852 67.5297 3
25 12757 0.029287 33 0.498079 1.42277 67.9612 3
26 12829 0.029135 33 0.496064 1.42676 68.3448 3
27 12923 0.039548 34 0.493616 1.42971 68.8456 3
28 13020 0.040003 34 0.49063 1.4329 69.3623 3
29 13124 0.039938 34 0.48758 1.43509 69.9164 3
30 13190 0.03394 34 0.485747 1.43771 70.268 3
31 13279 0.037097 34 0.482943 1.4381 70.7421 3
32 13316 0.027324 34 0.481977 1.44143 70.9392 3
33 13358 0.027387 34 0.480835 1.4434 71.163 3
34 13397 0.03182 34 0.47951 1.44816 71.3707 3
35 13497 0.047807 34 0.476624 1.4479 71.9035 3
36 13541 0.024941 34 0.475371 1.4482 72.1379 3
37 13604 0.033473 44 0.473317 1.44717 72.4735 3
38 13660 0.04215 44 0.471742 1.44914 72.7718 3
39 13710 0.039212 44 0.470241 1.45036 73.0382 3
40 13749 0.036092 44 0.469052 1.45219 73.246 3
41 13807 0.040417 44 0.467299 1.45316 73.555 3
42 13859 0.039973 44 0.465834 1.45319 73.832 3
43 13882 0.034328 45 0.465063 1.45731 73.9545 3
44 13924 0.048815 45 0.463804 1.45888 74.1783 3
45 13957 0.037897 45 0.46285 1.46045 74.3541 3
46 14017 0.059265 45 0.461083 1.46227 74.6737 3
47 14024 0.012681 45 0.460853 1.4629 74.711 3
48 14064 0.031753 45 0.459613 1.46237 74.9241 3
49 14089 0.038963 45 0.458798 1.46557 75.0573 3
50 14101 0.023278 45 0.458407 1.46812 75.1212 3
51 14157 0.053146 45 0.456665 1.46763 75.4195 3
52 14186 0.040193 45 0.455801 1.46865 75.574 3
53 14236 0.047471 45 0.454271 1.46763 75.8404 3
54 14246 0.024833 45 0.453952 1.46947 75.8937 3
55 14293 0.067577 47 0.452529 1.4699 76.1441 3
56 14304 0.023398 47 0.452251 1.47033 76.2027 3
57 14316 0.025027 47 0.451872 1.47063 76.2666 3
58 14329 0.033012 48 0.451462 1.47277 76.3358 3
59 14334 0.013255 48 0.451305 1.47374 76.3625 3
60 14345 0.030285 48 0.450959 1.47537 76.4211 3
61 14353 0.023131 48 0.450707 1.47653 76.4637 3
62 14358 0.016865 48 0.45055 1.47763 76.4903 3
63 14364 0.019046 48 0.450362 1.47828 76.5223 3
64 14372 0.02515 48 0.450111 1.47931 76.5649 3
65 14394 0.046137 48 0.449423 1.47987 76.6821 3
66 14405 0.033171 48 0.44908 1.48122 76.7407 3
67 14407 0.008367 48 0.449018 1.48161 76.7514 3
68 14417 0.030146 48 0.448706 1.48201 76.8046 3
69 14428 0.039142 48 0.448364 1.48373 76.8632 3
70 14435 0.026665 48 0.448147 1.48481 76.9005 3
71 14443 0.02963 48 0.447899 1.48595 76.9432 3
72 14454 0.043318 48 0.447558 1.48754 77.0018 3
73 14474 0.043151 48 0.446939 1.48682 77.1083 3
74 14477 0.013456 48 0.446847 1.48714 77.1243 3
75 14488 0.048321 48 0.446507 1.48896 77.1829 3
76 14503 0.050922 48 0.446046 1.48967 77.2628 3
77 14507 0.018979 48 0.445923 1.48992 77.2841 3
78 14512 0.025185 48 0.445769 1.49049 77.3107 3
79 14528 0.049154 48 0.445278 1.49014 77.396 3
80 14530 0.010782 48 0.445217 1.49026 77.4066 3
81 14532 0.011717 48 0.445156 1.49064 77.4173 3
82 14539 0.03807 48 0.444941 1.49145 77.4546 3
83 14546 0.030455 48 0.444727 1.49251 77.4919 3
84 14550 0.022784 48 0.444605 1.49301 77.5132 3
85 14554 0.02273 48 0.444483 1.49338 77.5345 3
86 14559 0.026297 48 0.44433 1.4937 77.5611 3
87 14567 0.040299 48 0.444086 1.49407 77.6038 3
88 14574 0.032863 48 0.443873 1.49439 77.641 3
89 14584 0.041637 48 0.443568 1.49452 77.6943 3
90 14586 0.013242 48 0.443507 1.49464 77.705 3
91 14590 0.022743 48 0.443386 1.49489 77.7263 3
92 14594 0.029216 48 0.443264 1.49612 77.7476 3
93 14608 0.060392 48 0.44284 1.49576 77.8222 3
94 14611 0.024272 48 0.442749 1.49607 77.8382 3
95 14615 0.029093 48 0.442627 1.4973 77.8595 3
96 14619 0.028482 48 0.442506 1.49755 77.8808 3
97 14623 0.029459 48 0.442385 1.49828 77.9021 3
98 14630 0.046123 48 0.442174 1.49896 77.9394 3
99 14631 0.007689 48 0.442143 1.49926 77.9447 3
100 14632 0.008309 48 0.442113 1.49945 77.95 3
101 14634 0.015309 48 0.442053 1.49969 77.9607 3
102 14636 0.016827 48 0.441992 1.50006 77.9713 3
103 14638 0.016606 48 0.441932 1.50018 77.982 3
104 14640 0.017903 48 0.441872 1.50067 77.9926 3
105 14643 0.025431 48 0.441781 1.50086 78.0086 3
106 14646 0.026507 48 0.441691 1.50128 78.0246 3
107 14648 0.018209 48 0.44163 1.50165 78.0353 3
108 14652 0.036634 49 0.44151 1.50251 78.0566 3
109 14657 0.044023 49 0.441359 1.5033 78.0832 3
110 14662 0.045 49 0.441209 1.50372 78.1099 3
111 14664 0.019066 49 0.441148 1.50384 78.1205 3
112 14670 0.05221 49 0.440968 1.50457 78.1525 3
113 14675 0.034388 49 0.440818 1.50463 78.1791 3
114 14680 0.051268 49 0.440668 1.50542 78.2057 3
116 14682 0.021317 49 0.440608 1.50566 78.2164 3
117 14684 0.021335 49 0.440548 1.5059 78.2271 3
118 14685 0.01222 49 0.440518 1.50621 78.2324 3
119 14688 0.032985 49 0.440428 1.50639 78.2484 3
120 14692 0.041571 49 0.440308 1.50663 78.2697 3
121 14694 0.02406 49 0.440248 1.50699 78.2803 3
123 14695 0.010706 49 0.440218 1.50742 78.2857 3
124 14699 0.045394 49 0.440098 1.5079 78.307 3
125 14708 0.061649 54 0.439829 1.50783 78.3549 3
126 14711 0.036233 54 0.439739 1.50801 78.3709 3
128 14713 0.026617 54 0.439679 1.50813 78.3815 3
129 14715 0.025975 54 0.439619 1.50837 78.3922 3
130 14716 0.011093 54 0.43959 1.50855 78.3975 3
131 14725 0.091207 54 0.439321 1.5086 78.4455 3
132 14726 0.016075 54 0.439291 1.50866 78.4508 3
133 14727 0.010746 54 0.439261 1.5086 78.4561 3
134 14728 0.015375 54 0.439231 1.50866 78.4615 3
136 14730 0.029388 54 0.439172 1.50902 78.4721 3
137 14736 0.065155 54 0.438993 1.50974 78.5041 3
138 14743 0.057222 54 0.438785 1.50967 78.5414 3
139 14745 0.030748 54 0.438725 1.51027 78.552 3
140 14749 0.052545 54 0.438606 1.51063 78.5733 3
141 14752 0.045069 54 0.438517 1.51153 78.5893 3
142 14753 0.016063 54 0.438487 1.51159 78.5946 3
143 14755 0.034238 54 0.438428 1.51207 78.6053 3
146 14758 0.050001 54 0.438339 1.51249 78.6213 3
149 14760 0.027818 54 0.438279 1.5126 78.6319 3
150 14762 0.035513 54 0.43822 1.51272 78.6426 3
153 14764 0.034437 54 0.43816 1.51308 78.6532 3
155 14765 0.019642 54 0.438131 1.51338 78.6586 3
156 14767 0.031659 54 0.438071 1.51386 78.6692 3
157 14768 0.020393 54 0.438042 1.51428 78.6746 3
158 14771 0.059163 54 0.437953 1.51494 78.6905 3
159 14772 0.01938 54 0.437923 1.51524 78.6959 3
161 14774 0.030494 54 0.437864 1.51523 78.7065 3
162 14776 0.036106 54 0.437805 1.51535 78.7172 3
163 14777 0.020557 54 0.437775 1.51541 78.7225 3
164 14778 0.018866 54 0.437745 1.51547 78.7278 3
165 14780 0.039263 54 0.437686 1.51582 78.7385 3
166 14786 0.090213 54 0.437508 1.51617 78.7704 3
167 14789 0.051451 54 0.43742 1.51635 78.7864 3
169 14790 0.020223 54 0.43739 1.5164 78.7918 3
170 14791 0.021898 54 0.437361 1.51646 78.7971 3
171 14793 0.040888 54 0.437301 1.51658 78.8077 3
172 14794 0.025051 54 0.437272 1.51688 78.8131 3
174 14795 0.023257 54 0.437242 1.51693 78.8184 3
176 14796 0.023558 54 0.437213 1.51699 78.8237 3
177 14801 0.094402 54 0.437065 1.51776 78.8504 3
178 14803 0.04767 54 0.437006 1.51836 78.861 3
179 14804 0.023657 54 0.436976 1.51842 78.8663 3
181 14806 0.048994 54 0.436917 1.51865 78.877 3
182 14807 0.025695 54 0.436888 1.51871 78.8823 3
185 14809 0.038727 54 0.436829 1.51871 78.893 3
186 14810 0.025179 54 0.436799 1.51876 78.8983 3
187 14812 0.050593 54 0.43674 1.519 78.909 3
188 14816 0.106395 54 0.436623 1.51935 78.9303 3
189 14819 0.067721 54 0.436534 1.5194 78.9462 3
195 14820 0.020811 54 0.436505 1.51934 78.9516 3
196 14821 0.028752 54 0.436475 1.5194 78.9569 3
197 14823 0.057696 54 0.436416 1.51951 78.9676 3
198 14824 0.0258 54 0.436387 1.51969 78.9729 3
201 14825 0.029592 54 0.436358 1.51999 78.9782 3
207 14827 0.061828 54 0.436299 1.52022 78.9889 3
208 14828 0.029885 54 0.436269 1.52028 78.9942 3
209 14830 0.061724 55 0.43621 1.52051 79.0048 3
210 14832 0.075227 55 0.436152 1.52063 79.0155 3
211 14833 0.031683 55 0.436122 1.52068 79.0208 3
218 14834 0.035933 55 0.436093 1.52074 79.0262 3
222 14835 0.035873 55 0.436063 1.52116 79.0315 3
223 14836 0.036539 55 0.436034 1.52133 79.0368 3
224 14837 0.03582 55 0.436005 1.52139 79.0421 3
227 14838 0.037892 55 0.435975 1.52145 79.0475 3
229 14839 0.03967 55 0.435946 1.52162 79.0528 3
230 14840 0.039383 55 0.435916 1.5218 79.0581 3
232 14841 0.041673 55 0.435887 1.52186 79.0634 3
233 14843 0.080799 55 0.435828 1.52197 79.0741 3
238 14844 0.042106 55 0.435799 1.52203 79.0794 3
243 14846 0.087204 55 0.43574 1.52226 79.0901 3
248 14847 0.043418 55 0.435711 1.52244 79.0954 3
250 14848 0.046146 55 0.435682 1.52262 79.1007 3
251 14849 0.047563 55 0.435652 1.52279 79.1061 3
258 14850 0.045597 55 0.435623 1.52285 79.1114 3
259 14851 0.048179 55 0.435594 1.52303 79.1167 3
262 14854 0.110023 55 0.435506 1.52308 79.1327 3
263 14855 0.055201 55 0.435476 1.52313 79.138 3
267 14856 0.052646 55 0.435447 1.52331 79.1434 3
270 14859 0.157799 55 0.435359 1.5236 79.1593 3
278 14860 0.04874 55 0.43533 1.52366 79.1647 3
280 14861 0.055445 55 0.4353 1.52371 79.17 3
281 14863 0.117118 55 0.435242 1.5243 79.1807 3
283 14864 0.056717 55 0.435213 1.52436 79.186 3
284 14865 0.05691 55 0.435183 1.52454 79.1913 3
286 14866 0.059351 55 0.435154 1.52459 79.1966 3
289 14868 0.118974 55 0.435096 1.52506 79.2073 3
291 14869 0.047203 55 0.435066 1.52524 79.2126 3
296 14870 0.062873 55 0.435037 1.52541 79.2179 3
301 14872 0.100409 55 0.434978 1.52541 79.2286 3
302 14873 0.066029 55 0.434949 1.52546 79.2339 3
306 14874 0.080878 55 0.43492 1.52552 79.2393 3
311 14877 0.141111 55 0.434832 1.52569 79.2552 3
314 14878 0.069013 55 0.434803 1.52575 79.2606 3
315 14879 0.068846 55 0.434774 1.5258 79.2659 3
316 14880 0.059603 55 0.434745 1.52622 79.2712 3
319 14881 0.073743 55 0.434715 1.52627 79.2765 3
320 14882 0.071866 55 0.434686 1.52645 79.2819 3
321 14886 0.196523 55 0.434569 1.52632 79.3032 3
325 14890 0.192801 55 0.434453 1.52618 79.3245 3
327 14891 0.073738 55 0.434423 1.52672 79.3298 3
330 14892 0.056232 55 0.434394 1.52665 79.3351 3
334 14893 0.078056 55 0.434365 1.52683 79.3405 3
337 14895 0.164161 55 0.434307 1.52718 79.3511 3
342 14896 0.085436 55 0.434278 1.52723 79.3565 3
351 14897 0.081543 55 0.434249 1.52741 79.3618 3
353 14899 0.134662 55 0.43419 1.52764 79.3724 3
354 14900 0.086893 55 0.434161 1.5277 79.3778 3
356 14901 0.071617 55 0.434132 1.52775 79.3831 3
362 14902 0.091444 55 0.434103 1.52793 79.3884 3
364 14904 0.184793 56 0.434045 1.52828 79.3991 3
366 14905 0.074471 56 0.434015 1.52845 79.4044 3
367 14907 0.18699 56 0.433957 1.52856 79.4151 3
369 14908 0.10227 56 0.433928 1.52862 79.4204 3
387 14909 0.106007 56 0.433899 1.52867 79.4257 3
388 14910 0.078408 56 0.43387 1.52861 79.431 3
391 14912 0.176264 56 0.433812 1.5286 79.4417 3
401 14913 0.119552 56 0.433783 1.52866 79.447 3
428 14914 0.12411 56 0.433754 1.52883 79.4523 3
437 14915 0.132776 56 0.433724 1.52901 79.4577 3
444 14916 0.135863 56 0.433695 1.52906 79.463 3
448 14917 0.138251 56 0.433666 1.52924 79.4683 3
463 14919 0.288574 56 0.433608 1.52959 79.479 3
465 14920 0.152099 56 0.433579 1.52964 79.4843 3
492 14921 0.167813 56 0.43355 1.52982 79.4896 3
493 14922 0.161854 56 0.433521 1.52987 79.495 3
