317080
1 45434 0.238533 4 0.950412 1.22681 14.3289 1
2 112245 0.555627 8 0.793585 1.31745 35.3996 1
3 170018 0.690494 10 0.693991 1.39047 53.6199 1
4 208703 0.62593 11 0.635257 1.43863 65.8203 1
5 233745 0.57384 13 0.598028 1.47514 73.718 1
6 249477 0.482093 17 0.574558 1.50263 78.6795 1
7 259476 0.410846 17 0.559589 1.52399 81.833 1
8 266176 0.360656 18 0.549343 1.54293 83.946 1
9 271082 0.322729 18 0.541582 1.5586 85.4933 1
10 274471 0.290475 18 0.536122 1.57251 86.5621 1
11 277084 0.265881 19 0.531835 1.58483 87.3861 1
12 279344 0.270663 19 0.528116 1.59537 88.0989 1
13 281081 0.249256 22 0.525265 1.60533 88.6467 1
14 282474 0.233768 22 0.522961 1.61332 89.086 1
15 283797 0.236241 22 0.520781 1.62011 89.5033 1
16 284770 0.220499 22 0.519142 1.62656 89.8101 1
17 285629 0.214638 22 0.517703 1.63228 90.0811 1
18 286301 0.202734 22 0.516544 1.63787 90.293 1
19 286935 0.192513 22 0.515472 1.64256 90.4929 1
20 287496 0.182948 23 0.514532 1.6465 90.6699 1
21 287979 0.182802 23 0.513725 1.65052 90.8222 1
22 288469 0.197179 23 0.512887 1.65427 90.9767 1
23 288820 0.167109 23 0.512291 1.65742 91.0874 1
24 289188 0.182212 24 0.511667 1.66054 91.2035 1
25 289487 0.170098 26 0.511166 1.66345 91.2978 1
26 289777 0.158954 26 0.510675 1.66581 91.3892 1
27 290075 0.179587 26 0.510165 1.66827 91.4832 1
28 290328 0.172267 27 0.509734 1.67107 91.563 1
29 290596 0.168689 27 0.509284 1.67287 91.6475 1
30 290821 0.150564 30 0.508911 1.67452 91.7185 1
31 291050 0.17253 30 0.508521 1.67634 91.7907 1
32 291307 0.18305 33 0.508083 1.67809 91.8718 1
33 291457 0.158359 33 0.507824 1.67995 91.9191 1
34 291575 0.138627 33 0.507622 1.68155 91.9563 1
35 291727 0.153199 33 0.507368 1.6829 92.0042 1
36 291849 0.150996 33 0.50716 1.68426 92.0427 1
37 291977 0.157409 33 0.506937 1.686 92.0831 1
38 292125 0.171604 33 0.506687 1.68751 92.1297 1
39 292246 0.14628 33 0.506481 1.68884 92.1679 1
40 292326 0.121847 33 0.506342 1.68979 92.1931 1
41 292412 0.138814 33 0.506193 1.69109 92.2203 1
42 292523 0.154161 33 0.506005 1.6922 92.2553 1
43 292684 0.177111 43 0.505733 1.6931 92.306 1
44 292749 0.120849 43 0.505621 1.6941 92.3265 1
45 292818 0.129262 43 0.505502 1.695 92.3483 1
46 292897 0.148977 43 0.505365 1.696 92.3732 1
47 293016 0.150673 43 0.505167 1.69669 92.4107 1
48 293104 0.165352 43 0.505019 1.69771 92.4385 1
49 293157 0.114313 43 0.504927 1.69844 92.4552 1
50 293216 0.132525 43 0.504826 1.69928 92.4738 1
51 293283 0.140272 43 0.504714 1.69989 92.495 1
52 293336 0.12902 43 0.504623 1.70065 92.5117 1
53 293382 0.115884 43 0.504544 1.7013 92.5262 1
54 293432 0.131726 43 0.504458 1.70233 92.5419 1
55 293488 0.146513 43 0.504361 1.70307 92.5596 1
56 293528 0.109147 43 0.504293 1.70351 92.5722 1
57 293576 0.134229 43 0.50421 1.7041 92.5874 1
58 293619 0.12811 43 0.504136 1.70459 92.6009 1
59 293666 0.140976 43 0.504056 1.70548 92.6157 1
60 293707 0.133038 43 0.503985 1.70609 92.6287 1
61 293749 0.133281 44 0.503913 1.70659 92.6419 1
62 293827 0.147669 44 0.503783 1.70704 92.6665 1
63 293864 0.122891 44 0.503719 1.70763 92.6782 1
64 293911 0.16688 44 0.503639 1.70818 92.693 1
65 293943 0.118812 44 0.503584 1.70872 92.7031 1
66 293983 0.151586 44 0.503516 1.7093 92.7157 1
67 294012 0.111903 44 0.503466 1.70975 92.7249 1
68 294037 0.104682 44 0.503423 1.71017 92.7327 1
69 294067 0.124109 44 0.503372 1.71059 92.7422 1
70 294097 0.12235 44 0.50332 1.71094 92.7517 1
71 294127 0.132254 44 0.503269 1.71152 92.7611 1
72 294168 0.167553 44 0.503199 1.71191 92.7741 1
73 294190 0.102761 44 0.503161 1.71222 92.781 1
74 294216 0.124837 44 0.503117 1.71253 92.7892 1
75 294238 0.104272 44 0.503079 1.71287 92.7961 1
76 294270 0.155722 44 0.503024 1.7133 92.8062 1
77 294292 0.111464 44 0.502987 1.71373 92.8132 1
78 294310 0.094442 44 0.502956 1.714 92.8188 1
79 294338 0.148585 44 0.502908 1.71464 92.8277 1
80 294369 0.160106 44 0.502855 1.71501 92.8375 1
81 294384 0.085218 44 0.50283 1.71513 92.8422 1
82 294413 0.147998 44 0.50278 1.71547 92.8513 1
83 294437 0.142526 44 0.502739 1.71584 92.8589 1
84 294465 0.163136 44 0.502691 1.71633 92.8677 1
85 294485 0.114879 44 0.502657 1.71652 92.874 1
86 294508 0.136605 44 0.502618 1.71668 92.8813 1
87 294522 0.090646 44 0.502594 1.71686 92.8857 1
88 294545 0.150191 44 0.502555 1.71716 92.893 1
89 294557 0.083482 44 0.502534 1.71735 92.8967 1
90 294567 0.071663 44 0.502517 1.71753 92.8999 1
91 294580 0.093608 44 0.502495 1.71774 92.904 1
92 294598 0.128594 44 0.502464 1.71804 92.9097 1
93 294616 0.134164 44 0.502434 1.71845 92.9154 1
94 294634 0.133378 44 0.502403 1.71876 92.921 1
95 294651 0.128888 44 0.502374 1.71918 92.9264 1
96 294663 0.093278 44 0.502354 1.71942 92.9302 1
97 294683 0.151648 45 0.502319 1.71959 92.9365 1
98 294702 0.145811 45 0.502287 1.71983 92.9425 1
99 294721 0.15215 45 0.502255 1.72014 92.9485 1
100 294738 0.140626 45 0.502226 1.72036 92.9538 1
101 294791 0.196957 45 0.502139 1.72025 92.9705 1
102 294808 0.148768 45 0.50211 1.72052 92.9759 1
103 294817 0.082493 45 0.502095 1.72066 92.9787 1
104 294831 0.126606 45 0.502071 1.72084 92.9832 1
105 294849 0.161418 45 0.50204 1.72107 92.9888 1
106 294866 0.158727 45 0.502011 1.72134 92.9942 1
107 294879 0.122847 45 0.501989 1.72145 92.9983 1
108 294890 0.09628 45 0.50197 1.72156 93.0018 1
109 294900 0.093309 45 0.501953 1.72163 93.0049 1
110 294914 0.139519 45 0.501929 1.72186 93.0093 1
111 294933 0.191832 45 0.501897 1.7221 93.0153 1
112 294944 0.109973 45 0.501878 1.72227 93.0188 1
113 295010 0.335938 49 0.501769 1.72232 93.0396 1
114 295021 0.116915 49 0.501751 1.72243 93.0431 1
115 295031 0.107972 49 0.501734 1.72251 93.0462 1
116 295043 0.123104 49 0.501713 1.7227 93.05 1
117 295052 0.104888 49 0.501698 1.72281 93.0529 1
118 295062 0.114521 49 0.501681 1.72294 93.056 1
119 295071 0.108178 49 0.501666 1.72306 93.0588 1
120 295081 0.126508 49 0.501649 1.72315 93.062 1
121 295090 0.107699 49 0.501633 1.72327 93.0648 1
122 295100 0.117288 49 0.501616 1.72336 93.068 1
123 295106 0.075867 49 0.501606 1.72341 93.0699 1
124 295117 0.130801 49 0.501588 1.72356 93.0734 1
125 295132 0.185851 49 0.501562 1.72374 93.0781 1
126 295140 0.105132 49 0.501548 1.72386 93.0806 1
127 295149 0.118512 49 0.501533 1.724 93.0834 1
128 295160 0.127402 49 0.501514 1.72419 93.0869 1
129 295169 0.101641 49 0.501499 1.72429 93.0898 1
130 295175 0.075174 49 0.501489 1.72433 93.0916 1
131 295183 0.112725 49 0.501475 1.72441 93.0942 1
132 295191 0.114212 49 0.501462 1.72448 93.0967 1
133 295195 0.058275 49 0.501455 1.72453 93.098 1
134 295201 0.089634 49 0.501445 1.72466 93.0998 1
135 295213 0.183274 49 0.501424 1.72486 93.1036 1
136 295221 0.115328 49 0.501411 1.725 93.1062 1
137 295227 0.093377 49 0.501401 1.72505 93.108 1
138 295232 0.077533 49 0.501392 1.72511 93.1096 1
139 295238 0.087957 49 0.501382 1.7252 93.1115 1
140 295247 0.142746 49 0.501367 1.72537 93.1144 1
141 295252 0.08324 49 0.501358 1.72548 93.1159 1
142 295263 0.167357 49 0.501339 1.72562 93.1194 1
143 295275 0.192278 49 0.501319 1.7258 93.1232 1
144 295283 0.130484 49 0.501306 1.72592 93.1257 1
145 295286 0.052968 49 0.5013 1.72596 93.1267 1
146 295292 0.102097 49 0.50129 1.72607 93.1285 1
147 295309 0.258627 53 0.501261 1.72627 93.1339 1
148 295312 0.055246 53 0.501256 1.72634 93.1349 1
149 295316 0.072985 53 0.50125 1.72643 93.1361 1
150 295322 0.107592 53 0.501239 1.72651 93.138 1
151 295327 0.080904 54 0.501231 1.72654 93.1396 1
152 295337 0.183514 54 0.501214 1.7267 93.1427 1
153 295347 0.17446 54 0.501197 1.72682 93.1459 1
154 295357 0.185903 54 0.50118 1.72691 93.149 1
155 295362 0.097619 54 0.501171 1.72695 93.1506 1
156 295370 0.137052 54 0.501158 1.72705 93.1531 1
157 295377 0.138044 54 0.501146 1.72713 93.1554 1
158 295383 0.118964 54 0.501136 1.72718 93.1572 1
159 295388 0.100593 54 0.501127 1.72723 93.1588 1
160 295391 0.064339 54 0.501122 1.72729 93.1598 1
161 295397 0.127691 54 0.501112 1.72735 93.1617 1
162 295399 0.042967 54 0.501109 1.72736 93.1623 1
163 295405 0.128363 54 0.501098 1.72743 93.1642 1
164 295410 0.113749 54 0.50109 1.72748 93.1658 1
165 295416 0.131781 54 0.50108 1.72756 93.1677 1
166 295420 0.085631 54 0.501073 1.7277 93.1689 1
167 295429 0.199041 54 0.501058 1.72782 93.1718 1
168 295437 0.17776 54 0.501044 1.72796 93.1743 1
169 295439 0.047714 54 0.501041 1.72797 93.1749 1
170 295446 0.148008 54 0.501029 1.72807 93.1771 1
171 295454 0.187442 54 0.501015 1.72817 93.1796 1
172 295464 0.222794 54 0.500998 1.72831 93.1828 1
173 295466 0.049315 54 0.500995 1.72831 93.1834 1
174 295470 0.094701 54 0.500988 1.72839 93.1847 1
175 295473 0.073813 54 0.500983 1.72842 93.1856 1
176 295475 0.049756 54 0.50098 1.72845 93.1863 1
177 295481 0.148862 54 0.50097 1.72854 93.1882 1
178 295483 0.052227 54 0.500966 1.72858 93.1888 1
179 295492 0.214838 54 0.500951 1.72869 93.1916 1
180 295498 0.140533 54 0.500941 1.72871 93.1935 1
181 295503 0.131936 54 0.500932 1.72878 93.1951 1
182 295513 0.263709 54 0.500915 1.72899 93.1982 1
183 295515 0.053707 54 0.500912 1.72903 93.1989 1
184 295520 0.13628 54 0.500903 1.72911 93.2005 1
185 295522 0.056287 54 0.5009 1.72913 93.2011 1
186 295526 0.11257 54 0.500893 1.72923 93.2023 1
187 295535 0.240453 54 0.500878 1.72933 93.2052 1
188 295540 0.096528 54 0.50087 1.72939 93.2068 1
189 295544 0.11633 54 0.500863 1.72951 93.208 1
190 295547 0.086398 54 0.500858 1.72956 93.209 1
191 295550 0.08774 54 0.500853 1.72957 93.2099 1
192 295553 0.088977 54 0.500848 1.72961 93.2109 1
193 295556 0.089515 54 0.500842 1.72965 93.2118 1
194 295561 0.136729 54 0.500834 1.7297 93.2134 1
195 295566 0.133413 54 0.500826 1.72977 93.215 1
196 295569 0.095848 54 0.50082 1.72979 93.2159 1
197 295571 0.062188 54 0.500817 1.72982 93.2165 1
198 295576 0.158381 54 0.500809 1.7299 93.2181 1
199 295578 0.065258 54 0.500805 1.72994 93.2187 1
200 295583 0.154005 54 0.500797 1.72999 93.2203 1
201 295591 0.235564 54 0.500783 1.73008 93.2228 1
202 295596 0.15488 55 0.500775 1.7301 93.2244 1
203 295598 0.067586 55 0.500771 1.73012 93.2251 1
204 295603 0.146657 55 0.500763 1.73017 93.2266 1
205 295605 0.06836 55 0.500759 1.73022 93.2273 1
206 295611 0.194154 55 0.500749 1.73028 93.2292 1
207 295615 0.135971 55 0.500743 1.73031 93.2304 1
208 295619 0.136253 55 0.500736 1.73034 93.2317 1
209 295622 0.094302 55 0.500731 1.73038 93.2326 1
210 295625 0.107566 55 0.500726 1.73039 93.2336 1
211 295631 0.211062 55 0.500715 1.73045 93.2355 1
212 295634 0.086655 55 0.50071 1.73046 93.2364 1
213 295639 0.170037 55 0.500702 1.73055 93.238 1
214 295643 0.138634 55 0.500695 1.7306 93.2392 1
215 295648 0.183616 55 0.500687 1.73065 93.2408 1
216 295652 0.145962 55 0.50068 1.73071 93.2421 1
217 295654 0.074749 55 0.500676 1.73073 93.2427 1
218 295659 0.138812 55 0.500668 1.73078 93.2443 1
219 295676 0.389149 55 0.500639 1.73079 93.2497 1
220 295682 0.20738 55 0.500629 1.73081 93.2515 1
221 295685 0.103949 55 0.500624 1.73084 93.2525 1
222 295690 0.173013 55 0.500616 1.73087 93.2541 1
223 295693 0.126789 55 0.50061 1.73093 93.255 1
225 295696 0.095673 55 0.500605 1.73093 93.256 1
226 295699 0.124578 55 0.5006 1.73097 93.2569 1
227 295700 0.040324 55 0.500599 1.73097 93.2572 1
228 295703 0.124237 55 0.500594 1.73101 93.2582 1
229 295704 0.042984 55 0.500592 1.73102 93.2585 1
230 295705 0.042855 55 0.50059 1.73104 93.2588 1
231 295711 0.252406 55 0.50058 1.73118 93.2607 1
232 295715 0.170923 55 0.500573 1.73123 93.262 1
233 295716 0.043238 55 0.500571 1.73123 93.2623 1
234 295718 0.088803 55 0.500568 1.73126 93.2629 1
235 295721 0.135723 55 0.500563 1.73131 93.2638 1
236 295722 0.046018 55 0.500561 1.73131 93.2642 1
237 295724 0.088102 55 0.500558 1.73133 93.2648 1
238 295726 0.088246 55 0.500555 1.73134 93.2654 1
239 295729 0.135258 55 0.500549 1.73139 93.2664 1
241 295733 0.176562 55 0.500543 1.73145 93.2676 1
242 295736 0.142668 55 0.500538 1.73151 93.2686 1
243 295737 0.045901 55 0.500536 1.73151 93.2689 1
244 295740 0.143589 55 0.500531 1.73155 93.2698 1
245 295742 0.091889 55 0.500527 1.73156 93.2705 1
246 295743 0.048859 55 0.500526 1.73161 93.2708 1
247 295746 0.1417 55 0.500521 1.73165 93.2717 1
248 295748 0.096898 55 0.500517 1.73168 93.2724 1
249 295750 0.09777 55 0.500514 1.73171 93.273 1
250 295753 0.1445 55 0.500509 1.73174 93.2739 1
251 295755 0.103109 55 0.500505 1.73176 93.2746 1
254 295756 0.054129 55 0.500504 1.73177 93.2749 1
256 295758 0.103443 55 0.5005 1.73178 93.2755 1
257 295760 0.104107 55 0.500497 1.73182 93.2761 1
258 295765 0.265732 55 0.500489 1.73189 93.2777 1
260 295768 0.167055 55 0.500483 1.73192 93.2787 1
261 295770 0.109624 55 0.50048 1.73195 93.2793 1
262 295773 0.162579 55 0.500475 1.73199 93.2802 1
263 295775 0.110776 55 0.500472 1.73202 93.2809 1
264 295777 0.095675 55 0.500468 1.73203 93.2815 1
265 295784 0.340086 55 0.500456 1.73207 93.2837 1
266 295787 0.167777 55 0.500451 1.7321 93.2847 1
267 295790 0.168878 55 0.500446 1.73217 93.2856 1
269 295792 0.114861 55 0.500443 1.73218 93.2862 1
270 295793 0.058482 55 0.500441 1.7322 93.2866 1
271 295796 0.176548 55 0.500436 1.73222 93.2875 1
273 295798 0.113915 55 0.500433 1.73223 93.2881 1
274 295802 0.252774 55 0.500426 1.7323 93.2894 1
275 295803 0.057436 55 0.500424 1.73232 93.2897 1
276 295807 0.243629 55 0.500418 1.73241 93.291 1
277 295810 0.189251 55 0.500412 1.73252 93.2919 1
278 295813 0.141472 55 0.500407 1.73253 93.2929 1
280 295817 0.217951 55 0.500401 1.73254 93.2941 1
281 295819 0.122224 55 0.500397 1.73254 93.2948 1
283 295820 0.061788 55 0.500396 1.73255 93.2951 1
284 295821 0.063332 55 0.500394 1.73256 93.2954 1
285 295823 0.124944 55 0.50039 1.7326 93.296 1
287 295824 0.066081 55 0.500389 1.73261 93.2963 1
289 295825 0.066681 55 0.500387 1.73263 93.2966 1
290 295826 0.069312 55 0.500385 1.73267 93.297 1
291 295830 0.237765 55 0.500379 1.73277 93.2982 1
292 295831 0.071597 55 0.500377 1.73278 93.2985 1
293 295832 0.066683 55 0.500375 1.73281 93.2989 1
294 295835 0.177234 55 0.50037 1.73282 93.2998 1
295 295837 0.135274 55 0.500367 1.73286 93.3004 1
296 295838 0.064687 55 0.500365 1.73286 93.3007 1
297 295839 0.06862 55 0.500363 1.73287 93.3011 1
298 295843 0.275657 55 0.500357 1.73295 93.3023 1
299 295844 0.069958 55 0.500355 1.73296 93.3026 1
300 295847 0.211413 55 0.50035 1.73299 93.3036 1
301 295848 0.069835 55 0.500348 1.73299 93.3039 1
302 295850 0.141946 55 0.500345 1.73302 93.3045 1
303 295852 0.140871 55 0.500341 1.73304 93.3052 1
304 295854 0.144198 56 0.500338 1.73306 93.3058 1
306 295858 0.292769 56 0.500331 1.73311 93.3071 1
307 295860 0.151793 56 0.500328 1.73315 93.3077 1
308 295862 0.144621 56 0.500324 1.73316 93.3083 1
309 295864 0.150844 56 0.500321 1.73319 93.3089 1
310 295865 0.074654 56 0.500319 1.73321 93.3093 1
311 295867 0.155741 56 0.500316 1.73324 93.3099 1
312 295869 0.153948 56 0.500313 1.73326 93.3105 1
313 295873 0.280746 56 0.500306 1.73334 93.3118 1
315 295876 0.239103 56 0.500301 1.73338 93.3127 1
319 295879 0.241746 56 0.500296 1.73342 93.3137 1
320 295881 0.165161 56 0.500292 1.73347 93.3143 1
321 295885 0.338878 56 0.500286 1.73358 93.3156 1
322 295886 0.081433 56 0.500284 1.73358 93.3159 1
323 295889 0.213482 56 0.500279 1.73361 93.3168 1
324 295892 0.250291 56 0.500274 1.73371 93.3178 1
325 295894 0.174167 56 0.50027 1.73373 93.3184 1
329 295897 0.255852 56 0.500265 1.7338 93.3194 1
330 295898 0.08534 56 0.500264 1.73381 93.3197 1
331 295901 0.273268 56 0.500259 1.73383 93.3206 1
332 295904 0.266182 56 0.500253 1.73391 93.3216 1
333 295905 0.09885 56 0.500252 1.73394 93.3219 1
334 295907 0.171766 56 0.500248 1.73396 93.3225 1
336 295910 0.287681 56 0.500243 1.73403 93.3235 1
337 295912 0.182429 56 0.50024 1.73406 93.3241 1
338 295914 0.174267 56 0.500237 1.73407 93.3247 1
339 295915 0.089515 56 0.500235 1.73408 93.325 1
340 295918 0.27343 56 0.50023 1.73412 93.326 1
342 295919 0.09025 56 0.500228 1.73412 93.3263 1
343 295921 0.188615 56 0.500225 1.73415 93.3269 1
345 295923 0.186254 56 0.500221 1.73417 93.3276 1
347 295924 0.093448 56 0.50022 1.73417 93.3279 1
348 295925 0.096531 56 0.500218 1.7342 93.3282 1
350 295926 0.099818 56 0.500216 1.73423 93.3285 1
351 295929 0.292182 56 0.500211 1.73436 93.3294 1
352 295931 0.156345 56 0.500208 1.73438 93.3301 1
353 295932 0.096193 56 0.500206 1.73439 93.3304 1
354 295935 0.256583 56 0.500201 1.73441 93.3313 1
355 295936 0.099909 56 0.500199 1.73445 93.3317 1
356 295937 0.100286 56 0.500198 1.73449 93.332 1
358 295938 0.097855 56 0.500196 1.7345 93.3323 1
359 295939 0.100571 56 0.500194 1.73451 93.3326 1
360 295942 0.271701 56 0.500189 1.73455 93.3335 1
362 295944 0.207707 56 0.500186 1.73456 93.3342 1
363 295945 0.103753 56 0.500184 1.73457 93.3345 1
364 295947 0.204847 56 0.500181 1.73465 93.3351 1
365 295948 0.10997 56 0.500179 1.73466 93.3354 1
368 295949 0.112016 56 0.500177 1.73466 93.3358 1
369 295950 0.103907 56 0.500176 1.73467 93.3361 1
370 295953 0.326292 56 0.500171 1.73471 93.337 1
372 295956 0.326717 56 0.500166 1.73474 93.338 1
374 295957 0.109218 56 0.500164 1.73479 93.3383 1
375 295958 0.109245 56 0.500162 1.7348 93.3386 1
376 295959 0.111934 56 0.50016 1.73481 93.3389 1
377 295960 0.11032 56 0.500159 1.73483 93.3392 1
378 295961 0.075421 56 0.500157 1.73485 93.3395 1
379 295962 0.119893 56 0.500155 1.73486 93.3399 1
382 295963 0.106907 56 0.500154 1.73487 93.3402 1
383 295964 0.114913 56 0.500152 1.73489 93.3405 1
384 295965 0.113466 56 0.50015 1.7349 93.3408 1
385 295968 0.357057 56 0.500145 1.73496 93.3417 1
387 295969 0.124617 56 0.500144 1.73496 93.3421 1
389 295970 0.116945 56 0.500142 1.73498 93.3424 1
390 295971 0.116437 56 0.50014 1.73499 93.3427 1
391 295973 0.188235 56 0.500137 1.735 93.3433 1
396 295974 0.125387 56 0.500135 1.735 93.3436 1
397 295978 0.355647 56 0.500128 1.73499 93.3449 1
398 295979 0.122207 56 0.500127 1.73501 93.3452 1
399 295980 0.122556 56 0.500125 1.73502 93.3455 1
401 295982 0.255406 56 0.500122 1.73504 93.3462 1
403 295985 0.377631 56 0.500117 1.73507 93.3471 1
404 295988 0.372579 56 0.500111 1.7351 93.3481 1
405 295989 0.12746 56 0.50011 1.73512 93.3484 1
406 295990 0.133461 56 0.500108 1.73513 93.3487 1
407 295992 0.262605 56 0.500105 1.73513 93.3493 1
408 295993 0.127995 56 0.500103 1.73518 93.3496 1
410 295995 0.262404 56 0.5001 1.73521 93.3503 1
413 295996 0.130625 56 0.500098 1.73521 93.3506 1
414 295998 0.275015 56 0.500095 1.73523 93.3512 1
415 296000 0.214845 56 0.500091 1.73524 93.3518 1
416 296002 0.269606 56 0.500088 1.73525 93.3525 1
417 296004 0.275818 56 0.500084 1.73527 93.3531 1
419 296005 0.136714 56 0.500083 1.73528 93.3534 1
423 296007 0.272698 56 0.500079 1.7353 93.354 1
424 296008 0.139459 56 0.500078 1.7353 93.3544 1
425 296009 0.147061 56 0.500076 1.73537 93.3547 1
427 296010 0.147226 56 0.500074 1.73538 93.355 1
429 296012 0.293473 56 0.500071 1.73543 93.3556 1
431 296013 0.148714 56 0.500069 1.73543 93.3559 1
432 296014 0.143622 56 0.500068 1.73544 93.3563 1
434 296016 0.306164 56 0.500064 1.73549 93.3569 1
435 296028 1.11974 58 0.500044 1.73548 93.3607 1
437 296029 0.155069 58 0.500042 1.73548 93.361 1
446 296031 0.292036 58 0.500039 1.73551 93.3616 1
447 296032 0.160374 58 0.500037 1.73555 93.3619 1
449 296033 0.163618 58 0.500035 1.73556 93.3622 1
451 296035 0.320421 58 0.500032 1.73561 93.3629 1
452 296038 0.484045 58 0.500027 1.73563 93.3638 1
456 296040 0.329632 58 0.500024 1.73567 93.3645 1
461 296041 0.167197 58 0.500022 1.73567 93.3648 1
466 296043 0.347709 58 0.500019 1.73568 93.3654 1
467 296045 0.350396 58 0.500015 1.73571 93.366 1
468 296047 0.336265 58 0.500012 1.73572 93.3667 1
469 296049 0.343868 58 0.500008 1.73578 93.3673 1
470 296050 0.169 58 0.500007 1.73579 93.3676 1
471 296052 0.291387 58 0.500003 1.73581 93.3682 1
474 296054 0.360219 58 0.5 1.73583 93.3689 1
475 296055 0.185167 58 0.499998 1.73585 93.3692 1
476 296057 0.356631 58 0.499995 1.73587 93.3698 1
479 296059 0.377895 58 0.499992 1.73589 93.3704 1
481 296060 0.19685 58 0.49999 1.7359 93.3708 1
483 296061 0.182648 58 0.499988 1.73591 93.3711 1
484 296062 0.187179 58 0.499986 1.73592 93.3714 1
486 296063 0.179604 58 0.499985 1.73593 93.3717 1
488 296064 0.186192 58 0.499983 1.73593 93.372 1
490 296067 0.500817 58 0.499978 1.73595 93.373 1
491 296068 0.128255 58 0.499976 1.73595 93.3733 1
493 296069 0.197616 58 0.499975 1.73595 93.3736 1
