5241
1 1321 0.005476 4 0.772142 1.25249 25.2051 3
2 2601 0.008305 6 0.666667 1.30219 49.6279 3
3 3496 0.00896 9 0.604691 1.37192 66.7048 3
4 3957 0.007001 9 0.570634 1.40612 75.5009 3
5 4163 0.004912 10 0.552246 1.4485 79.4314 3
6 4301 0.003979 10 0.539642 1.47626 82.0645 3
7 4396 0.003457 10 0.530482 1.5 83.8771 3
8 4468 0.003071 11 0.523277 1.52066 85.2509 3
9 4513 0.002829 11 0.518724 1.53867 86.1095 3
10 4538 0.002153 11 0.516086 1.55237 86.5865 3
11 4591 0.003593 15 0.511 1.56526 87.5978 3
12 4600 0.001275 15 0.510217 1.57213 87.7695 3
13 4627 0.002525 16 0.507456 1.58096 88.2847 3
14 4652 0.00239 16 0.504944 1.58359 88.7617 3
15 4674 0.002025 16 0.502781 1.58348 89.1815 3
16 4685 0.002213 16 0.501601 1.594 89.3913 3
17 4720 0.003536 17 0.498305 1.59333 90.0591 3
18 4726 0.001321 17 0.497672 1.5973 90.1736 3
19 4734 0.002017 17 0.497043 1.60437 90.3263 3
20 4754 0.001878 19 0.495162 1.60083 90.7079 3
21 4776 0.0025 19 0.49309 1.59893 91.1276 3
22 4782 0.001879 20 0.492472 1.60363 91.2421 3
23 4810 0.003693 24 0.489813 1.60228 91.7764 3
24 4813 0.001327 24 0.489508 1.60317 91.8336 3
25 4814 0.000322 24 0.489406 1.60293 91.8527 3
26 4817 0.00154 25 0.489101 1.60504 91.9099 3
27 4819 0.001006 25 0.488898 1.60577 91.9481 3
28 4825 0.00307 25 0.48829 1.60875 92.0626 3
29 4829 0.002023 25 0.487886 1.61181 92.1389 3
30 4830 0.000723 25 0.487785 1.61237 92.158 3
31 4837 0.003224 25 0.487286 1.6125 92.2915 3
32 4840 0.002088 25 0.486983 1.61458 92.3488 3
33 4873 0.007957 32 0.483891 1.60994 92.9784 3
34 4909 0.007073 35 0.480546 1.60431 93.6653 3
35 4910 0.00091 35 0.480448 1.60447 93.6844 3
36 4911 0.001332 35 0.48035 1.60502 93.7035 3
40 4912 0.001233 35 0.480252 1.60595 93.7226 3
42 4915 0.002802 35 0.480163 1.60705 93.7798 3
43 4931 0.008252 35 0.478808 1.60623 94.0851 3
44 4934 0.00362 35 0.478516 1.60785 94.1423 3
46 4936 0.0026 35 0.478323 1.60854 94.1805 3
47 4937 0.001487 35 0.478226 1.60947 94.1996 3
48 4940 0.003724 35 0.477935 1.61109 94.2568 3
49 4941 0.001553 35 0.477838 1.61163 94.2759 3
50 4942 0.001477 36 0.477742 1.61217 94.295 3
51 4943 0.001402 37 0.477645 1.6127 94.3141 3
55 4944 0.001928 37 0.477549 1.61285 94.3331 3
59 4946 0.003883 37 0.477355 1.61509 94.3713 3
60 4948 0.004107 37 0.477162 1.61577 94.4095 3
63 4953 0.007982 37 0.476681 1.61613 94.5049 3
67 4954 0.002581 37 0.476585 1.61666 94.5239 3
69 4955 0.002239 37 0.476488 1.61719 94.543 3
70 4956 0.002223 37 0.476392 1.61734 94.5621 3
74 4957 0.003004 37 0.476296 1.61826 94.5812 3
75 4958 0.002893 37 0.4762 1.61841 94.6003 3
77 4960 0.005539 37 0.476008 1.62062 94.6384 3
78 4961 0.003049 37 0.475912 1.62231 94.6575 3
80 4962 0.003227 37 0.475816 1.62245 94.6766 3
86 4963 0.003529 37 0.47572 1.6226 94.6957 3
89 4965 0.006724 37 0.475529 1.62289 94.7338 3
96 4966 0.004136 37 0.475433 1.62342 94.7529 3
98 4967 0.004477 37 0.475337 1.62356 94.772 3
102 4970 0.012148 37 0.47505 1.62399 94.8292 3
110 4971 0.005796 38 0.474955 1.62529 94.8483 3
117 4972 0.006512 38 0.474859 1.6262 94.8674 3
128 4973 0.006662 38 0.474764 1.62749 94.8865 3
135 4974 0.008 38 0.474668 1.62916 94.9056 3
139 4979 0.0372 40 0.474192 1.62987 95.001 3
161 4985 0.05727 44 0.473621 1.62995 95.1154 3
170 4993 0.085004 44 0.472862 1.62842 95.2681 3
180 5000 0.084966 44 0.4722 1.63016 95.4016 3
210 5014 0.221821 58 0.470882 1.63438 95.6688 3
226 5241 1.44361 284 0.450487 1.69687 100 8
