334863
1 28971 0.162461 7 0.887405 1.13795 8.6516 1
2 72240 0.413829 11 0.799322 1.29068 21.573 1
3 128375 0.809054 14 0.735634 1.36187 38.3366 1
4 190233 1.2764 16 0.688582 1.43018 56.8092 1
5 244054 1.49972 19 0.654232 1.50165 72.8817 1
6 261369 0.722892 26 0.613772 1.56342 78.0525 1
7 271821 0.603734 31 0.590481 1.61637 81.1738 1
8 278549 0.517515 32 0.57625 1.65921 83.183 1
9 283114 0.457778 34 0.566959 1.69323 84.5462 1
10 286517 0.412139 34 0.560225 1.72051 85.5625 1
11 288972 0.365625 36 0.555466 1.74077 86.2956 1
12 290918 0.343877 36 0.55175 1.75843 86.8767 1
13 292576 0.342451 36 0.548623 1.77344 87.3719 1
14 293884 0.308339 36 0.546181 1.7855 87.7625 1
15 295077 0.300783 42 0.543973 1.79634 88.1187 1
16 296064 0.282981 42 0.54216 1.80506 88.4135 1
17 296880 0.269744 42 0.54067 1.81256 88.6572 1
18 297634 0.26366 42 0.5393 1.81959 88.8823 1
19 298298 0.251298 42 0.538099 1.82584 89.0806 1
20 298884 0.233718 43 0.537044 1.83103 89.2556 1
21 299452 0.251153 43 0.536026 1.83648 89.4252 1
22 299958 0.245997 43 0.535122 1.84087 89.5763 1
23 300405 0.235205 43 0.534325 1.84476 89.7098 1
24 300748 0.206014 43 0.533716 1.84807 89.8123 1
25 301126 0.235453 43 0.533046 1.8516 89.9251 1
26 301447 0.279273 43 0.532478 1.85452 90.021 1
27 301790 0.305008 43 0.531873 1.8584 90.1234 1
28 302071 0.264327 43 0.531378 1.86097 90.2073 1
29 302326 0.25913 43 0.53093 1.86295 90.2835 1
30 302538 0.238077 43 0.530558 1.86524 90.3468 1
31 302764 0.229343 43 0.530162 1.86719 90.4143 1
32 302975 0.202283 43 0.529793 1.86916 90.4773 1
33 303152 0.17888 43 0.529484 1.87051 90.5302 1
34 303321 0.178693 43 0.529189 1.87201 90.5806 1
35 303504 0.202562 43 0.528869 1.87345 90.6353 1
36 303676 0.192011 43 0.52857 1.87481 90.6866 1
37 303817 0.177673 43 0.528325 1.87675 90.7287 1
38 303940 0.15748 43 0.528111 1.8779 90.7655 1
39 304065 0.170645 43 0.527894 1.87896 90.8028 1
40 304177 0.153337 43 0.527699 1.88023 90.8363 1
41 304322 0.199552 45 0.527448 1.88131 90.8796 1
42 304462 0.200993 45 0.527205 1.88254 90.9214 1
43 304560 0.157567 45 0.527036 1.88341 90.9506 1
44 304687 0.210192 45 0.526816 1.88434 90.9886 1
45 304794 0.182346 45 0.526631 1.88548 91.0205 1
46 304884 0.163606 45 0.526476 1.88625 91.0474 1
47 304971 0.172432 45 0.526325 1.88703 91.0734 1
48 305082 0.19965 45 0.526134 1.88798 91.1065 1
49 305178 0.167725 45 0.525968 1.88885 91.1352 1
50 305263 0.173982 45 0.525822 1.88942 91.1606 1
51 305334 0.148659 45 0.5257 1.88997 91.1818 1
52 305418 0.177225 45 0.525555 1.89069 91.2069 1
53 305484 0.153549 45 0.525442 1.8913 91.2266 1
54 305564 0.192303 45 0.525304 1.89223 91.2505 1
55 305630 0.165596 45 0.525191 1.89285 91.2702 1
56 305688 0.156175 45 0.525091 1.8935 91.2875 1
57 305761 0.176022 45 0.524966 1.89402 91.3093 1
58 305838 0.204804 46 0.524833 1.89463 91.3323 1
59 305901 0.173769 46 0.524725 1.89511 91.3511 1
60 305963 0.172423 46 0.524619 1.89562 91.3696 1
61 306026 0.172223 46 0.524511 1.89597 91.3884 1
62 306083 0.170031 46 0.524413 1.89651 91.4054 1
63 306132 0.155635 46 0.524329 1.89702 91.4201 1
64 306179 0.162467 46 0.524249 1.89748 91.4341 1
65 306231 0.176747 46 0.52416 1.89783 91.4496 1
66 306265 0.123904 46 0.524102 1.89817 91.4598 1
67 306304 0.141069 46 0.524035 1.89848 91.4714 1
68 306349 0.167988 46 0.523958 1.89885 91.4849 1
69 306393 0.158289 46 0.523883 1.8992 91.498 1
70 306433 0.157663 46 0.523814 1.89955 91.51 1
71 306475 0.160128 46 0.523743 1.8999 91.5225 1
72 306514 0.166397 46 0.523676 1.90029 91.5341 1
73 306554 0.164755 46 0.523608 1.90064 91.5461 1
74 306593 0.157839 46 0.523541 1.90097 91.5577 1
75 306618 0.117598 46 0.523498 1.90125 91.5652 1
76 306648 0.137184 46 0.523447 1.90147 91.5742 1
77 306687 0.175637 46 0.523381 1.90188 91.5858 1
78 306720 0.147866 46 0.523324 1.90205 91.5957 1
79 306777 0.211094 46 0.523227 1.90232 91.6127 1
80 306811 0.174606 46 0.523169 1.90255 91.6228 1
81 306851 0.181168 46 0.523101 1.90287 91.6348 1
82 306874 0.121099 46 0.523062 1.90307 91.6417 1
83 306912 0.193158 46 0.522997 1.90328 91.653 1
84 306939 0.138523 46 0.522951 1.90345 91.6611 1
85 306957 0.101926 46 0.52292 1.90363 91.6664 1
86 307005 0.236842 46 0.522838 1.90397 91.6808 1
87 307021 0.105438 46 0.522811 1.90407 91.6856 1
88 307054 0.184535 46 0.522755 1.90426 91.6954 1
89 307071 0.116209 46 0.522726 1.90442 91.7005 1
90 307099 0.186327 46 0.522678 1.90459 91.7088 1
91 307120 0.134823 46 0.522643 1.90477 91.7151 1
92 307140 0.141691 46 0.522609 1.90491 91.7211 1
93 307172 0.190308 48 0.522554 1.90513 91.7306 1
94 307215 0.24736 48 0.522481 1.90522 91.7435 1
95 307248 0.219296 48 0.522425 1.90556 91.7533 1
96 307282 0.199709 53 0.522367 1.90591 91.7635 1
97 307308 0.171649 53 0.522323 1.90611 91.7713 1
98 307327 0.135941 53 0.522291 1.90621 91.7769 1
99 307357 0.20028 53 0.52224 1.90634 91.7859 1
100 307369 0.097205 53 0.522219 1.90641 91.7895 1
101 307393 0.16167 53 0.522178 1.90651 91.7966 1
102 307413 0.157158 53 0.522144 1.9066 91.8026 1
103 307428 0.119672 53 0.522119 1.90669 91.8071 1
104 307445 0.147132 53 0.52209 1.90684 91.8122 1
105 307459 0.120629 53 0.522066 1.90699 91.8164 1
106 307476 0.126935 53 0.522037 1.90717 91.8214 1
107 307496 0.175187 53 0.522004 1.90729 91.8274 1
108 307519 0.177452 53 0.521964 1.90745 91.8343 1
109 307534 0.134901 53 0.521939 1.90754 91.8388 1
110 307560 0.229155 53 0.521895 1.9077 91.8465 1
111 307571 0.110142 53 0.521876 1.90782 91.8498 1
112 307579 0.07166 53 0.521863 1.90791 91.8522 1
113 307600 0.180926 53 0.521827 1.90798 91.8585 1
114 307615 0.144619 53 0.521802 1.90806 91.8629 1
115 307634 0.177086 53 0.521769 1.90829 91.8686 1
116 307647 0.130683 53 0.521747 1.90838 91.8725 1
117 307665 0.153149 53 0.521717 1.90843 91.8779 1
118 307687 0.213856 53 0.521679 1.90861 91.8844 1
119 307709 0.205436 53 0.521642 1.90884 91.891 1
120 307720 0.124361 53 0.521624 1.90894 91.8943 1
121 307727 0.084373 53 0.521612 1.90902 91.8964 1
122 307747 0.19564 53 0.521578 1.90914 91.9024 1
123 307763 0.190514 53 0.521551 1.90932 91.9071 1
124 307780 0.17663 53 0.521522 1.90941 91.9122 1
125 307805 0.21967 53 0.52148 1.90943 91.9197 1
126 307823 0.193346 53 0.521449 1.90973 91.9251 1
127 307845 0.230614 53 0.521412 1.90977 91.9316 1
128 307851 0.070246 53 0.521402 1.90984 91.9334 1
129 307860 0.121684 53 0.521386 1.90991 91.9361 1
130 307869 0.105279 53 0.521371 1.90994 91.9388 1
131 307877 0.102893 53 0.521358 1.91 91.9412 1
132 307891 0.176675 53 0.521334 1.91009 91.9454 1
133 307902 0.154725 53 0.521315 1.91016 91.9486 1
134 307913 0.125587 53 0.521297 1.91025 91.9519 1
135 307932 0.226514 53 0.521264 1.91034 91.9576 1
136 307954 0.218384 53 0.521227 1.91037 91.9642 1
137 307962 0.120592 53 0.521214 1.91042 91.9666 1
138 307973 0.145182 53 0.521195 1.91046 91.9699 1
139 307985 0.153307 53 0.521175 1.91077 91.9734 1
140 308001 0.209846 53 0.521148 1.91085 91.9782 1
141 308015 0.201052 53 0.521124 1.9109 91.9824 1
142 308022 0.097124 53 0.521112 1.91093 91.9845 1
143 308029 0.095793 53 0.5211 1.91099 91.9866 1
144 308033 0.055563 53 0.521094 1.91099 91.9878 1
145 308044 0.146414 53 0.521075 1.91105 91.9911 1
146 308050 0.090475 53 0.521065 1.91109 91.9928 1
147 308056 0.093809 53 0.521055 1.9111 91.9946 1
148 308058 0.038377 53 0.521051 1.91112 91.9952 1
149 308064 0.087629 53 0.521041 1.91114 91.997 1
150 308073 0.15927 53 0.521026 1.91124 91.9997 1
151 308088 0.239145 53 0.521 1.91137 92.0042 1
152 308100 0.178612 53 0.52098 1.9114 92.0078 1
153 308119 0.275546 53 0.520948 1.91154 92.0135 1
154 308136 0.227733 53 0.520919 1.91158 92.0185 1
155 308141 0.096189 53 0.520911 1.91162 92.02 1
156 308153 0.199417 53 0.520891 1.9117 92.0236 1
157 308155 0.042043 53 0.520887 1.91173 92.0242 1
158 308159 0.072188 53 0.52088 1.91173 92.0254 1
159 308168 0.166829 53 0.520865 1.91177 92.0281 1
160 308178 0.172449 53 0.520848 1.91182 92.0311 1
161 308198 0.285095 53 0.520815 1.91188 92.037 1
162 308211 0.238904 53 0.520793 1.91199 92.0409 1
163 308213 0.039266 53 0.520789 1.912 92.0415 1
164 308218 0.096224 53 0.520781 1.91201 92.043 1
165 308235 0.338364 53 0.520752 1.9121 92.0481 1
166 308243 0.142925 57 0.520739 1.91214 92.0505 1
167 308248 0.113037 57 0.52073 1.91219 92.052 1
168 308257 0.159084 57 0.520715 1.91222 92.0547 1
169 308268 0.165368 57 0.520696 1.91222 92.0579 1
170 308277 0.183337 57 0.520681 1.9123 92.0606 1
171 308287 0.191634 57 0.520664 1.91235 92.0636 1
172 308302 0.328197 57 0.520639 1.91243 92.0681 1
173 308311 0.202743 57 0.520624 1.91248 92.0708 1
174 308321 0.18598 57 0.520607 1.91247 92.0738 1
175 308332 0.211402 57 0.520588 1.91249 92.0771 1
176 308349 0.321375 57 0.520559 1.91263 92.0821 1
177 308354 0.113216 57 0.520551 1.91266 92.0836 1
178 308357 0.069891 57 0.520546 1.91266 92.0845 1
179 308360 0.050789 57 0.520541 1.91267 92.0854 1
180 308364 0.097217 57 0.520534 1.9127 92.0866 1
181 308368 0.091621 57 0.520527 1.91275 92.0878 1
182 308375 0.175787 57 0.520516 1.91284 92.0899 1
183 308382 0.177019 57 0.520504 1.9129 92.092 1
184 308388 0.157339 57 0.520494 1.91295 92.0938 1
185 308390 0.055974 57 0.52049 1.91295 92.0944 1
186 308396 0.160475 57 0.52048 1.913 92.0962 1
187 308402 0.136174 57 0.52047 1.91312 92.098 1
188 308406 0.115442 57 0.520463 1.91318 92.0992 1
189 308424 0.310161 57 0.520433 1.91326 92.1045 1
190 308429 0.105904 57 0.520424 1.91332 92.106 1
191 308434 0.125023 57 0.520416 1.91333 92.1075 1
192 308441 0.17247 57 0.520404 1.91334 92.1096 1
193 308446 0.133578 57 0.520396 1.91337 92.1111 1
194 308453 0.206319 57 0.520384 1.91341 92.1132 1
195 308459 0.137956 57 0.520374 1.91345 92.115 1
196 308463 0.096903 57 0.520367 1.91347 92.1162 1
197 308467 0.127634 57 0.52036 1.91353 92.1174 1
198 308472 0.153004 57 0.520352 1.91363 92.1189 1
199 308475 0.095325 57 0.520347 1.91365 92.1198 1
200 308486 0.2751 57 0.520328 1.91371 92.123 1
201 308488 0.066065 57 0.520325 1.91376 92.1236 1
202 308492 0.129155 57 0.520318 1.91379 92.1248 1
203 308496 0.126865 57 0.520311 1.91381 92.126 1
204 308504 0.221012 57 0.520298 1.91388 92.1284 1
205 308507 0.089482 57 0.520293 1.91389 92.1293 1
206 308514 0.185646 57 0.520281 1.91391 92.1314 1
207 308522 0.203506 57 0.520268 1.91392 92.1338 1
208 308529 0.166928 57 0.520256 1.91396 92.1359 1
209 308532 0.102003 57 0.520251 1.914 92.1368 1
210 308534 0.070796 57 0.520247 1.91402 92.1374 1
211 308537 0.107052 57 0.520242 1.91403 92.1383 1
212 308544 0.213386 57 0.520231 1.91406 92.1404 1
213 308550 0.19701 57 0.52022 1.91413 92.1422 1
214 308555 0.14567 57 0.520212 1.91415 92.1437 1
215 308559 0.144673 57 0.520205 1.91424 92.1448 1
216 308577 0.466256 57 0.520175 1.91423 92.1502 1
217 308581 0.135873 57 0.520168 1.91424 92.1514 1
218 308582 0.038319 57 0.520166 1.91425 92.1517 1
219 308585 0.115175 57 0.520161 1.91426 92.1526 1
220 308586 0.038201 57 0.52016 1.91427 92.1529 1
221 308600 0.356356 57 0.520136 1.91432 92.1571 1
222 308604 0.156971 57 0.520129 1.91434 92.1583 1
225 308638 0.61709 70 0.520072 1.91429 92.1684 1
226 308640 0.080496 70 0.520069 1.9143 92.169 1
227 308652 0.358707 70 0.520048 1.91436 92.1726 1
228 308653 0.030509 70 0.520047 1.91436 92.1729 1
229 308663 0.329341 70 0.52003 1.91443 92.1759 1
230 308672 0.29815 70 0.520015 1.91448 92.1786 1
231 308685 0.366074 70 0.519993 1.91448 92.1825 1
232 308689 0.166116 70 0.519986 1.91449 92.1837 1
233 308692 0.1179 70 0.519981 1.91453 92.1846 1
234 308693 0.030553 70 0.519979 1.91456 92.1849 1
235 308695 0.088038 70 0.519976 1.91456 92.1855 1
236 308700 0.167706 70 0.519968 1.91457 92.187 1
237 308705 0.218703 70 0.519959 1.9146 92.1884 1
238 308707 0.090254 70 0.519956 1.9146 92.189 1
239 308710 0.112049 70 0.519951 1.91461 92.1899 1
241 308718 0.316596 70 0.519937 1.91463 92.1923 1
242 308726 0.269273 70 0.519924 1.91465 92.1947 1
243 308727 0.048183 70 0.519922 1.91466 92.195 1
244 308729 0.092863 70 0.519919 1.91467 92.1956 1
245 308734 0.18834 70 0.51991 1.91469 92.1971 1
246 308737 0.102145 70 0.519905 1.91472 92.198 1
247 308738 0.037215 70 0.519904 1.91472 92.1983 1
248 308741 0.120839 70 0.519899 1.91473 92.1992 1
249 308760 0.478781 70 0.519867 1.91471 92.2049 1
250 308761 0.050418 70 0.519865 1.91472 92.2052 1
251 308764 0.143374 70 0.51986 1.91475 92.2061 1
252 308766 0.097023 70 0.519856 1.91477 92.2067 1
253 308767 0.051869 70 0.519855 1.91477 92.207 1
254 308770 0.141279 70 0.51985 1.91479 92.2079 1
255 308779 0.307847 70 0.519835 1.91477 92.2105 1
257 308782 0.154671 70 0.51983 1.91479 92.2114 1
258 308787 0.262285 70 0.519821 1.91494 92.2129 1
260 308793 0.1897 70 0.519811 1.91495 92.2147 1
261 308800 0.295585 70 0.519799 1.91501 92.2168 1
262 308802 0.096712 70 0.519796 1.91501 92.2174 1
263 308805 0.152139 70 0.519791 1.91505 92.2183 1
264 308809 0.187069 70 0.519784 1.91508 92.2195 1
265 308814 0.208392 70 0.519776 1.91507 92.221 1
266 308817 0.163022 70 0.519771 1.91511 92.2219 1
267 308819 0.109075 70 0.519767 1.91511 92.2225 1
268 308821 0.108024 70 0.519764 1.91512 92.2231 1
269 308823 0.110498 70 0.519761 1.91512 92.2237 1
270 308828 0.260772 70 0.519752 1.91514 92.2252 1
271 308829 0.060149 70 0.51975 1.91514 92.2255 1
273 308831 0.117601 70 0.519747 1.91518 92.2261 1
274 308847 0.520086 70 0.51972 1.91525 92.2309 1
275 308848 0.067544 70 0.519718 1.91525 92.2312 1
276 308850 0.120276 70 0.519715 1.91533 92.2317 1
277 308855 0.268524 70 0.519707 1.91536 92.2332 1
278 308856 0.058055 70 0.519705 1.91538 92.2335 1
279 308863 0.316906 70 0.519693 1.9154 92.2356 1
280 308865 0.11489 70 0.51969 1.9154 92.2362 1
281 308866 0.062034 70 0.519688 1.9154 92.2365 1
282 308868 0.122004 70 0.519685 1.91541 92.2371 1
283 308871 0.150109 70 0.51968 1.91542 92.238 1
284 308872 0.063944 70 0.519678 1.91543 92.2383 1
285 308882 0.379038 70 0.519661 1.91541 92.2413 1
287 308885 0.186357 70 0.519656 1.9155 92.2422 1
288 308886 0.061708 70 0.519655 1.91551 92.2425 1
289 308887 0.065959 70 0.519653 1.91554 92.2428 1
290 308894 0.295183 70 0.519641 1.91556 92.2449 1
291 308908 0.604307 70 0.519617 1.91571 92.2491 1
292 308909 0.065819 70 0.519616 1.91572 92.2494 1
293 308910 0.066496 70 0.519614 1.91575 92.2497 1
294 308915 0.261815 70 0.519606 1.91576 92.2512 1
295 308917 0.133689 70 0.519602 1.91577 92.2518 1
296 308921 0.230633 70 0.519596 1.91577 92.253 1
297 308927 0.26798 70 0.519586 1.9158 92.2547 1
299 308930 0.199075 70 0.51958 1.91583 92.2556 1
300 308931 0.070899 70 0.519579 1.91585 92.2559 1
301 308934 0.143111 70 0.519574 1.91584 92.2568 1
302 308937 0.216438 70 0.519569 1.91588 92.2577 1
304 308940 0.210862 70 0.519564 1.91589 92.2586 1
305 308942 0.121147 70 0.51956 1.9159 92.2592 1
306 308945 0.156588 70 0.519555 1.91589 92.2601 1
307 308949 0.271345 70 0.519549 1.91592 92.2613 1
308 308954 0.325135 70 0.51954 1.91595 92.2628 1
309 308955 0.073026 70 0.519538 1.91596 92.2631 1
310 308959 0.258029 70 0.519532 1.91597 92.2643 1
311 308960 0.054492 70 0.51953 1.91598 92.2646 1
312 308964 0.249987 70 0.519523 1.91604 92.2658 1
313 308966 0.164083 70 0.51952 1.91605 92.2664 1
315 308967 0.055801 70 0.519518 1.91605 92.2667 1
316 308969 0.152495 70 0.519515 1.91607 92.2673 1
317 308977 0.446558 70 0.519501 1.91608 92.2697 1
318 308978 0.056262 70 0.5195 1.91609 92.27 1
319 308982 0.314861 70 0.519493 1.91617 92.2712 1
320 308984 0.145567 70 0.51949 1.91617 92.2718 1
322 308986 0.126529 70 0.519486 1.91618 92.2724 1
323 308992 0.327841 70 0.519476 1.91618 92.2742 1
324 308999 0.453932 70 0.519464 1.91623 92.2762 1
325 309001 0.161386 70 0.519461 1.91624 92.2768 1
327 309003 0.138731 70 0.519458 1.91625 92.2774 1
328 309006 0.24895 70 0.519453 1.91627 92.2783 1
329 309007 0.083963 70 0.519451 1.91627 92.2786 1
331 309012 0.353804 70 0.519443 1.91628 92.2801 1
332 309013 0.082326 70 0.519441 1.91628 92.2804 1
333 309014 0.084049 70 0.519439 1.9163 92.2807 1
334 309023 0.509489 70 0.519424 1.91628 92.2834 1
335 309028 0.398944 70 0.519416 1.91632 92.2849 1
336 309032 0.29502 70 0.519409 1.91634 92.2861 1
337 309033 0.061326 70 0.519407 1.91634 92.2864 1
338 309036 0.23271 70 0.519402 1.91638 92.2873 1
339 309046 0.51857 78 0.519385 1.91637 92.2903 1
340 309049 0.174693 78 0.51938 1.91638 92.2912 1
341 309050 0.070803 78 0.519379 1.91638 92.2915 1
342 309051 0.090515 78 0.519377 1.91639 92.2918 1
343 309053 0.173964 78 0.519374 1.9164 92.2924 1
344 309054 0.092293 78 0.519372 1.91643 92.2927 1
345 309055 0.093102 78 0.51937 1.91644 92.293 1
346 309056 0.09109 78 0.519369 1.91645 92.2933 1
349 309058 0.189146 78 0.519365 1.91646 92.2939 1
350 309059 0.096353 78 0.519364 1.91647 92.2942 1
352 309061 0.169542 78 0.51936 1.9165 92.2948 1
353 309063 0.160364 78 0.519357 1.91656 92.2954 1
354 309067 0.246716 78 0.51935 1.91655 92.2966 1
355 309068 0.066221 78 0.519348 1.91655 92.2968 1
356 309073 0.440022 78 0.51934 1.91659 92.2983 1
358 309074 0.094359 78 0.519338 1.9166 92.2986 1
359 309075 0.098036 78 0.519337 1.91663 92.2989 1
360 309077 0.174172 78 0.519333 1.91664 92.2995 1
361 309078 0.099378 78 0.519332 1.91664 92.2998 1
362 309079 0.103832 78 0.51933 1.91667 92.3001 1
364 309081 0.204364 78 0.519327 1.91668 92.3007 1
366 309085 0.265034 78 0.51932 1.91667 92.3019 1
367 309091 0.415563 78 0.51931 1.91668 92.3037 1
368 309096 0.368163 78 0.519301 1.9167 92.3052 1
369 309097 0.103296 78 0.5193 1.9167 92.3055 1
371 309098 0.112082 78 0.519298 1.9167 92.3058 1
372 309099 0.10613 78 0.519296 1.91671 92.3061 1
373 309100 0.107188 78 0.519295 1.91672 92.3064 1
374 309102 0.164181 78 0.519291 1.91672 92.307 1
376 309104 0.186208 78 0.519288 1.91672 92.3076 1
377 309105 0.115428 78 0.519286 1.91672 92.3079 1
378 309107 0.175594 78 0.519283 1.91672 92.3085 1
380 309108 0.111644 78 0.519281 1.91672 92.3088 1
382 309113 0.498073 78 0.519273 1.91674 92.3103 1
384 309115 0.179103 78 0.51927 1.91674 92.3109 1
387 309127 0.818158 78 0.519249 1.91686 92.3145 1
388 309128 0.118019 78 0.519248 1.91687 92.3148 1
390 309129 0.087603 78 0.519246 1.91687 92.3151 1
392 309134 0.487088 78 0.519238 1.9169 92.3166 1
393 309139 0.48215 78 0.519229 1.91691 92.3181 1
395 309140 0.122955 78 0.519228 1.91691 92.3184 1
397 309141 0.122063 78 0.519226 1.91697 92.3186 1
398 309145 0.322121 78 0.519219 1.91702 92.3198 1
399 309147 0.247086 78 0.519216 1.91706 92.3204 1
400 309148 0.11803 78 0.519214 1.91706 92.3207 1
401 309152 0.472057 78 0.519207 1.91709 92.3219 1
403 309154 0.206793 78 0.519204 1.91709 92.3225 1
408 309155 0.124341 78 0.519202 1.9171 92.3228 1
410 309156 0.131934 78 0.519201 1.91712 92.3231 1
411 309157 0.132429 78 0.519199 1.91712 92.3234 1
412 309158 0.132504 78 0.519197 1.91712 92.3237 1
414 309161 0.35431 78 0.519192 1.91711 92.3246 1
415 309162 0.130934 78 0.519191 1.91711 92.3249 1
416 309165 0.301513 78 0.519186 1.9171 92.3258 1
417 309166 0.133946 78 0.519184 1.9171 92.3261 1
418 309167 0.136275 78 0.519182 1.91712 92.3264 1
420 309168 0.121969 78 0.519181 1.91714 92.3267 1
421 309169 0.139835 78 0.519179 1.91714 92.327 1
423 309181 1.01816 78 0.519159 1.91714 92.3306 1
425 309182 0.135211 78 0.519157 1.91715 92.3309 1
427 309183 0.136817 78 0.519155 1.91719 92.3312 1
428 309185 0.290869 78 0.519152 1.91721 92.3318 1
429 309191 0.702212 78 0.519142 1.91721 92.3336 1
430 309194 0.362842 78 0.519137 1.9172 92.3345 1
431 309196 0.226401 78 0.519133 1.9172 92.3351 1
432 309197 0.097377 78 0.519132 1.91721 92.3354 1
435 309198 0.138873 78 0.51913 1.91722 92.3357 1
436 309201 0.364501 78 0.519125 1.91722 92.3366 1
442 309202 0.147598 78 0.519123 1.91722 92.3369 1
443 309212 1.04882 78 0.519107 1.91719 92.3399 1
444 309216 0.540082 78 0.5191 1.91724 92.341 1
446 309217 0.101557 78 0.519098 1.91724 92.3413 1
447 309218 0.155037 78 0.519097 1.91726 92.3416 1
449 309219 0.152695 78 0.519095 1.91727 92.3419 1
450 309220 0.1038 78 0.519093 1.91727 92.3422 1
451 309247 2.4374 78 0.519048 1.91726 92.3503 1
453 309248 0.14916 78 0.519046 1.91728 92.3506 1
455 309251 0.36491 78 0.519041 1.9173 92.3515 1
457 309252 0.154583 78 0.519039 1.9173 92.3518 1
458 309254 0.315321 78 0.519036 1.91733 92.3524 1
459 309255 0.160481 78 0.519034 1.91733 92.3527 1
460 309257 0.272748 78 0.519031 1.91733 92.3533 1
462 309258 0.17166 78 0.519029 1.91734 92.3536 1
470 309259 0.166208 78 0.519028 1.91737 92.3539 1
471 309264 0.570542 78 0.519019 1.91743 92.3554 1
472 309266 0.269288 78 0.519016 1.91742 92.356 1
474 309271 0.592757 78 0.519008 1.91742 92.3575 1
475 309274 0.453481 78 0.519003 1.91744 92.3584 1
476 309275 0.181134 78 0.519001 1.91745 92.3587 1
477 309278 0.378938 78 0.518996 1.91747 92.3596 1
479 309282 0.509869 78 0.518989 1.9175 92.3608 1
482 309285 0.47379 78 0.518984 1.9175 92.3617 1
483 309288 0.473721 78 0.518979 1.91753 92.3625 1
485 309289 0.170284 78 0.518977 1.91753 92.3628 1
486 309290 0.177599 78 0.518976 1.91755 92.3631 1
487 309291 0.189062 78 0.518974 1.91756 92.3634 1
493 309292 0.185876 78 0.518972 1.91757 92.3637 1
495 309293 0.191005 78 0.518971 1.91758 92.364 1
497 309294 0.192652 78 0.518969 1.91758 92.3643 1
