1 0 2.6e-05 0 nan nan 0 1
2 0 1.5e-05 0 nan nan 0 1
3 0 1.5e-05 0 nan nan 0 1
4 0 1.4e-05 0 nan nan 0 1
5 0 1.5e-05 0 nan nan 0 1
6 84 0.00455 0 1 nan 31.5789 2
7 84 0.00349 0 1 nan 31.5789 2
8 84 0.004154 0 1 nan 31.5789 2
9 84 0.003293 0 1 nan 31.5789 2
10 156 0.009119 1 0.826923 1 39.8977 2
11 156 0.012602 1 0.826923 1 39.8977 2
12 158 0.010032 1 0.816456 1.06897 40.4092 3
13 166 0.010898 2 0.783133 1.11111 42.3469 3
14 168 0.008836 2 0.77381 1.13158 42.8571 3
15 172 0.009813 3 0.755814 1.19048 43.8776 3
16 174 0.009582 3 0.752874 1.2093 44.2748 3
17 182 0.012498 3 0.730769 1.36735 46.0759 3
18 185 0.011744 3 0.724324 1.45098 46.7172 3
19 188 0.013044 3 0.712766 1.59259 47.4747 3
20 193 0.019481 3 0.699482 1.82759 48.6146 3
22 195 0.020511 3 0.692308 1.85 49.1184 3
24 198 0.022818 4 0.681818 1.87302 49.8741 3
26 203 0.025199 4 0.669951 1.97015 51.005 3
28 208 0.036217 4 0.658654 2.08451 52.1303 3
30 212 0.043281 4 0.646226 2.14667 53.1328 3
33 214 0.029579 4 0.64486 2.17105 53.5 3
36 216 0.026029 4 0.638889 2.19231 54 3
39 218 0.02343 5 0.633028 2.225 54.5 4
42 222 0.026898 6 0.621622 2.25 55.5 4
46 225 0.033254 6 0.613333 2.26437 56.25 4
50 228 0.033527 8 0.605263 2.24444 57 4
