1 0 4e-05 0 nan nan 0 1
2 0 4.1e-05 0 nan nan 0 1
3 0 3.3e-05 0 nan nan 0 1
4 0 8.5e-05 0 nan nan 0 1
5 0 3.5e-05 0 nan nan 0 1
6 0 3.3e-05 0 nan nan 0 1
7 0 3.4e-05 0 nan nan 0 1
8 0 3.4e-05 0 nan nan 0 1
9 0 3.5e-05 0 nan nan 0 1
10 918 0.106287 0 1 nan 13.9387 2
11 918 0.104006 0 1 nan 13.9387 2
12 918 0.105193 0 1 nan 13.9387 2
13 918 0.105915 0 1 nan 13.9387 2
14 918 0.106648 0 1 nan 13.9387 2
15 918 0.103315 0 1 nan 13.9387 2
16 918 0.103835 0 1 nan 13.9387 2
17 918 0.101814 0 1 nan 13.9387 2
18 2757 0.44596 1 0.771853 1 27.7364 2
19 2757 0.453631 1 0.771853 1 27.7364 2
20 2757 0.449433 1 0.771853 1 27.7364 2
22 2757 0.443115 1 0.771853 1 27.7364 2
24 2757 0.440609 1 0.771853 1 27.7364 2
26 3103 0.649853 2 0.6932 1.28782 31.1421 3
28 3103 0.6376 2 0.6932 1.28782 31.1421 3
30 3103 0.635143 2 0.6932 1.28782 31.1421 3
33 3118 0.655355 2 0.689865 1.30093 31.2927 3
36 3299 0.827661 3 0.654441 1.43772 33.0793 3
39 3299 0.831708 3 0.654441 1.43772 33.0793 3
42 3428 1.00608 3 0.631272 1.54193 34.3556 3
46 3428 1.00822 3 0.631272 1.54193 34.3556 3
50 3519 1.18533 3 0.616937 1.60905 35.2429 3
55 3519 1.18048 3 0.616937 1.60905 35.2429 3
60 3601 1.39936 3 0.603166 1.6767 36.0605 4
66 3652 1.56746 4 0.595564 1.71835 36.5602 4
72 3652 1.56397 4 0.595564 1.71835 36.5602 4
79 3689 1.72649 4 0.589591 1.74901 36.9306 4
86 3727 1.91416 4 0.583848 1.78143 37.3073 4
94 3759 2.10492 4 0.579143 1.80784 37.6239 4
103 3780 2.24802 4 0.57619 1.82272 37.8303 4
113 3817 2.56279 4 0.570867 1.84982 38.1967 4
124 3844 2.88211 5 0.566857 1.87147 38.4669 4
136 3866 3.1345 5 0.563632 1.88915 38.6871 4
149 3893 3.50716 5 0.559723 1.90957 38.9573 4
163 3906 3.74932 5 0.55786 1.91778 39.0874 4
179 3923 4.08542 5 0.555697 1.93058 39.2536 5
196 3937 4.44017 5 0.553721 1.94195 39.3936 5
200 3942 4.55014 5 0.553272 1.94492 39.4397 5
