1 0 4.2e-05 0 nan nan 0 1
2 0 3.1e-05 0 nan nan 0 1
3 0 3.2e-05 0 nan nan 0 1
4 0 4.8e-05 0 nan nan 0 1
5 0 3.1e-05 0 nan nan 0 1
6 0 3e-05 0 nan nan 0 1
7 0 3.1e-05 0 nan nan 0 1
8 0 3.2e-05 0 nan nan 0 1
9 0 2.9e-05 0 nan nan 0 1
10 0 3e-05 0 nan nan 0 1
11 0 3.3e-05 0 nan nan 0 1
12 0 3.1e-05 0 nan nan 0 1
13 0 3.2e-05 0 nan nan 0 1
14 0 3.6e-05 0 nan nan 0 1
15 0 3.1e-05 0 nan nan 0 1
16 0 3.1e-05 0 nan nan 0 1
17 0 3.2e-05 0 nan nan 0 1
18 0 3.1e-05 0 nan nan 0 1
19 0 3.1e-05 0 nan nan 0 1
20 96 0.038824 0 1 nan 10.5379 2
22 96 0.036486 0 1 nan 10.5379 2
24 96 0.035416 0 1 nan 10.5379 2
26 96 0.035839 0 1 nan 10.5379 2
28 96 0.036466 0 1 nan 10.5379 2
30 96 0.035589 0 1 nan 10.5379 2
33 96 0.036148 0 1 nan 10.5379 2
36 103 0.039819 1 0.990291 1 11.1231 2
39 179 0.103699 1 0.75419 1 18.0626 2
42 179 0.100673 1 0.75419 1 18.0626 2
46 179 0.100377 1 0.75419 1 18.0626 2
50 179 0.101833 1 0.75419 1 18.0626 2
55 199 0.138694 2 0.698492 1.23333 20 3
60 204 0.145259 2 0.681373 1.29231 20.5025 3
66 204 0.146602 2 0.681373 1.29231 20.5025 3
72 215 0.178651 2 0.651163 1.38667 21.5863 3
79 218 0.185556 2 0.646789 1.41558 21.8656 3
86 224 0.211237 2 0.633929 1.46341 22.4449 3
94 228 0.23343 2 0.622807 1.53488 22.8457 3
103 232 0.258021 3 0.612069 1.57778 23.2465 3
113 235 0.282091 3 0.604255 1.62366 23.5471 3
124 238 0.313796 3 0.596639 1.64583 23.8477 3
136 242 0.348786 3 0.586777 1.7 24.2485 3
149 242 0.349053 3 0.586777 1.7 24.2485 3
163 248 0.408405 3 0.580645 1.75962 24.8 4
179 251 0.461481 3 0.573705 1.80374 25.1 4
196 253 0.500562 4 0.56917 1.81651 25.3 4
200 253 0.51002 4 0.56917 1.81651 25.3 4
