1 0 3.1e-05 0 nan nan 0 1
2 0 3.9e-05 0 nan nan 0 1
3 0 2.3e-05 0 nan nan 0 1
4 0 2.2e-05 0 nan nan 0 1
5 1165 0.048231 0 1 nan 23.4171 2
6 1165 0.049238 0 1 nan 23.4171 2
7 1165 0.048561 0 1 nan 23.4171 2
8 3967 0.206265 1 0.792538 1 39.9456 2
9 3967 0.187819 1 0.792538 1 39.9456 2
10 3974 0.193184 2 0.791142 1.00723 40.0161 3
11 4491 0.250892 2 0.707415 1.33638 45.0542 3
12 4491 0.247738 2 0.707415 1.33638 45.0542 3
13 4495 0.291903 2 0.707008 1.33865 45.0898 3
14 4797 0.372215 2 0.66479 1.51057 48.0565 3
15 4797 0.336165 2 0.66479 1.51057 48.0565 3
16 4800 0.321706 2 0.664375 1.5121 48.0866 3
17 4954 0.362168 3 0.644933 1.60432 49.5995 3
18 4955 0.373223 3 0.644803 1.60511 49.6095 3
19 4959 0.389035 3 0.644283 1.60771 49.6496 3
20 5102 0.461421 3 0.626617 1.69344 51.0711 3
22 5111 0.421016 3 0.625514 1.69645 51.1612 4
24 5196 0.491897 3 0.615473 1.74324 52.0068 4
26 5284 0.521561 4 0.60598 1.79443 52.8664 4
28 5292 0.522078 4 0.605064 1.79904 52.9465 4
30 5361 0.549883 4 0.597277 1.83974 53.6368 4
33 5416 0.618875 4 0.591211 1.86856 54.1871 4
36 5466 0.670172 4 0.585986 1.89395 54.6819 4
39 5494 0.690528 4 0.583364 1.90607 54.951 4
42 5524 0.759635 4 0.580196 1.92324 55.2511 4
46 5552 0.815807 4 0.577269 1.94035 55.5311 4
50 5591 0.928219 5 0.573243 1.96102 55.9212 4
55 5619 0.908603 5 0.570386 1.97556 56.2012 4
60 5647 1.01059 5 0.567558 1.98935 56.4813 4
66 5682 1.13905 5 0.564062 2.00565 56.8314 5
72 5697 1.13846 5 0.562577 2.01364 56.9814 5
79 5714 1.20856 6 0.560903 2.02232 57.1514 5
86 5738 1.26012 6 0.558557 2.03553 57.3915 5
94 5758 1.3966 6 0.556791 2.04624 57.5858 5
103 5773 1.48672 6 0.555344 2.05376 57.7358 5
113 5794 1.65812 6 0.553331 2.06646 57.9458 5
124 5805 1.76365 6 0.552283 2.07272 58.0558 5
136 5818 1.89762 6 0.55122 2.0789 58.18 5
149 5831 2.08463 6 0.549991 2.08727 58.31 5
163 5839 2.22754 6 0.549238 2.09195 58.39 5
179 5850 2.45824 6 0.548205 2.09648 58.5 5
196 5862 2.85426 6 0.547083 2.10282 58.62 5
200 5863 3.3421 6 0.54699 2.10354 58.63 5
