1 0 4.9e-05 0 -nan -nan 0 1
2 4 0.000102 1 0.75 1 14.2857 2
3 5 0.000126 1 0.8 1 16.129 2
4 12 0.000285 1 0.833333 1 25 2
5 20 0.000447 1 0.8 1.5 28.5714 3
6 24 0.000503 1 0.833333 1.5 28.9157 3
7 33 0.000686 3 0.727273 1.66667 33 3
8 33 0.000716 3 0.727273 1.66667 33 3
9 34 0.000772 3 0.705882 1.7 31.4815 3
10 34 0.000757 3 0.705882 1.7 31.4815 3
11 134 0.004426 3 0.61194 1.5 30.1802 3
12 141 0.004459 3 0.609929 1.56364 31.2639 3
13 5241 0.185493 14 0.576417 1.62748 33.461 4
14 180390 7.50858 15 0.581856 1.63592 36.5989 5
15 375801 17.0013 18 0.58011 1.64527 40.294 5
16 549450 26.4772 20 0.578134 1.65704 43.4207 5
17 695506 35.4808 20 0.576393 1.6674 45.8866 5
18 824205 44.8467 24 0.574517 1.67605 47.8391 5
19 933084 54.1318 26 0.5729 1.68391 49.4138 5
20 1029974 63.3096 29 0.571359 1.69181 50.8054 5
22 1187022 80.412 30 0.568397 1.70709 53.1357 5
24 1310035 96.9851 47 0.565512 1.72133 55.0533 5
26 1407328 118.758 47 0.5628 1.73474 56.6261 5
28 1488032 145.787 47 0.560539 1.74647 57.9396 5
30 1554655 163.908 47 0.558288 1.75794 59.0801 5
33 1634126 190.521 47 0.555344 1.77352 60.4586 5
36 1696070 215.933 57 0.552603 1.78743 61.5802 6
39 1746616 243.51 65 0.550037 1.80004 62.5058 6
42 1787192 269.369 65 0.548027 1.81146 63.2659 6
46 1832617 301.665 65 0.545529 1.82486 64.1303 6
50 1871100 336.06 68 0.543386 1.83677 64.8537 6
55 1909414 375.452 73 0.541093 1.84922 65.5898 6
60 1940332 419.122 83 0.539195 1.86053 66.2031 6
66 1971431 464.247 83 0.53726 1.87241 66.8035 6
72 1997619 515.507 90 0.535645 1.88273 67.3207 6
79 2022291 574.113 90 0.534167 1.89281 67.7907 6
86 2043954 630.233 104 0.532683 1.90102 68.2108 6
94 2063919 696.485 114 0.531406 1.90945 68.606 6
103 2082908 767.929 114 0.530218 1.91692 68.9672 6
113 2100335 848.722 114 0.5291 1.92449 69.3074 6
124 2116644 934.391 228 0.528128 1.93149 69.6221 6
136 2131202 1026.98 228 0.527248 1.93811 69.9046 6
149 2144375 1134.89 228 0.526459 1.94405 70.1627 6
163 2155722 1241.04 228 0.52588 1.94968 70.3813 6
179 2166558 1365.98 228 0.52522 1.95489 70.5893 7
196 2176889 1504.52 228 0.524559 1.95932 70.7894 7
200 2178985 1475.94 228 0.52445 1.96038 70.8311 7
