1 0 4.2e-05 0 nan nan 0 1
2 0 3.5e-05 0 nan nan 0 1
3 0 3.4e-05 0 nan nan 0 1
4 0 7.3e-05 0 nan nan 0 1
5 0 3.3e-05 0 nan nan 0 1
6 0 3.8e-05 0 nan nan 0 1
7 0 3.1e-05 0 nan nan 0 1
8 0 3.4e-05 0 nan nan 0 1
9 0 3.5e-05 0 nan nan 0 1
10 918 0.104962 0 1 nan 13.9387 2
11 918 0.103008 0 1 nan 13.9387 2
12 918 0.103354 0 1 nan 13.9387 2
13 918 0.105945 0 1 nan 13.9387 2
14 918 0.10532 0 1 nan 13.9387 2
15 918 0.106006 0 1 nan 13.9387 2
16 918 0.103988 0 1 nan 13.9387 2
17 918 0.105546 0 1 nan 13.9387 2
18 2757 0.44426 1 0.771853 1 27.7364 2
19 2757 0.44016 1 0.771853 1 27.7364 2
20 2757 0.439046 1 0.771853 1 27.7364 2
22 2757 0.440053 1 0.771853 1 27.7364 2
24 2757 0.437275 1 0.771853 1 27.7364 2
26 3103 0.651009 2 0.6932 1.28782 31.1421 3
28 3103 0.644897 2 0.6932 1.28782 31.1421 3
30 3103 0.63911 2 0.6932 1.28782 31.1421 3
33 3118 0.655281 2 0.689865 1.30093 31.2927 3
36 3299 0.826633 3 0.654441 1.43772 33.0793 3
39 3299 0.839393 3 0.654441 1.43772 33.0793 3
42 3428 1.01877 3 0.631272 1.54193 34.3556 3
46 3428 1.00993 3 0.631272 1.54193 34.3556 3
50 3519 1.18339 3 0.616937 1.60905 35.2429 3
