1 0 3.4e-05 0 nan nan 0 1
2 0 5.9e-05 0 nan nan 0 1
3 0 2.2e-05 0 nan nan 0 1
4 0 6.1e-05 0 nan nan 0 1
5 1165 0.047498 0 1 nan 23.4171 2
6 1165 0.044551 0 1 nan 23.4171 2
7 1165 0.044145 0 1 nan 23.4171 2
8 3967 0.180305 1 0.792538 1 39.9456 2
9 3967 0.181733 1 0.792538 1 39.9456 2
10 3974 0.188095 2 0.791142 1.00723 40.0161 3
11 4491 0.24444 2 0.707415 1.33638 45.0542 3
12 4491 0.252273 2 0.707415 1.33638 45.0542 3
13 4495 0.255629 2 0.707008 1.33865 45.0898 3
14 4797 0.302911 2 0.66479 1.51057 48.0565 3
15 4797 0.306037 2 0.66479 1.51057 48.0565 3
16 4800 0.300444 2 0.664375 1.5121 48.0866 3
17 4954 0.351576 3 0.644933 1.60432 49.5995 3
18 4955 0.352577 3 0.644803 1.60511 49.6095 3
19 4959 0.38252 3 0.644283 1.60771 49.6496 3
20 5102 0.41322 3 0.626617 1.69344 51.0711 3
22 5111 0.405463 3 0.625514 1.69645 51.1612 4
24 5196 0.447388 3 0.615473 1.74324 52.0068 4
26 5284 0.49516 4 0.60598 1.79443 52.8664 4
28 5292 0.507481 4 0.605064 1.79904 52.9465 4
30 5361 0.542944 4 0.597277 1.83974 53.6368 4
33 5416 0.589645 4 0.591211 1.86856 54.1871 4
36 5466 0.638309 4 0.585986 1.89395 54.6819 4
39 5494 0.669227 4 0.583364 1.90607 54.951 4
42 5524 0.708908 4 0.580196 1.92324 55.2511 4
46 5552 0.755472 4 0.577269 1.94035 55.5311 4
50 5591 0.838684 5 0.573243 1.96102 55.9212 4
