1 0 2.1e-05 0 nan nan 0 1
2 0 1.6e-05 0 nan nan 0 1
3 1110 0.020396 0 1 nan 34.9496 2
4 4884 0.103815 2 0.831286 1.00364 49.1694 3
5 5576 0.129988 2 0.733859 1.42722 55.8997 3
6 6016 0.150509 3 0.682181 1.69613 60.2202 3
7 6253 0.157716 3 0.656965 1.8042 62.5675 3
8 6434 0.174113 3 0.638794 1.88468 64.3657 3
9 6589 0.192738 3 0.623919 1.9435 65.9098 4
10 6688 0.197065 3 0.614982 1.9767 66.88 4
11 6760 0.210341 3 0.608432 2.00189 67.6 4
12 6827 0.216324 4 0.602461 2.02358 68.27 4
13 6892 0.224943 4 0.596779 2.0439 68.92 4
14 6941 0.240614 4 0.592566 2.05976 69.41 4
15 6991 0.242339 4 0.588328 2.0754 69.91 4
16 7029 0.264325 4 0.585147 2.08711 70.29 4
17 7058 0.264283 5 0.582743 2.0961 70.58 4
18 7084 0.264048 5 0.580604 2.10367 70.84 4
19 7104 0.268985 5 0.57897 2.10966 71.04 4
20 7133 0.281237 5 0.576616 2.11788 71.33 4
22 7162 0.30112 5 0.574281 2.12529 71.62 4
24 7197 0.311799 5 0.571488 2.13457 71.97 5
26 7224 0.318818 5 0.569352 2.14143 72.24 5
28 7248 0.334456 5 0.567467 2.14801 72.48 5
30 7272 0.350111 5 0.565594 2.15416 72.72 5
33 7285 0.375309 5 0.564585 2.15763 72.85 5
36 7307 0.394506 5 0.562885 2.16343 73.07 5
39 7325 0.41594 5 0.561502 2.16781 73.25 5
42 7336 0.437064 6 0.56066 2.17065 73.36 5
46 7356 0.462957 6 0.559135 2.17515 73.56 5
50 7367 0.475108 6 0.558301 2.17701 73.67 5
55 7387 0.526152 6 0.556789 2.18143 73.87 5
60 7399 0.542705 6 0.555886 2.1832 73.99 5
66 7409 0.573006 6 0.555136 2.18568 74.09 5
72 7418 0.605467 6 0.554462 2.18729 74.18 5
79 7424 0.631756 6 0.554014 2.18846 74.24 5
86 7434 0.684608 6 0.553269 2.1903 74.34 6
94 7443 0.72707 6 0.5526 2.19219 74.43 6
103 7454 0.815121 7 0.551784 2.19365 74.54 6
113 7462 0.877104 7 0.551193 2.19468 74.62 6
124 7471 0.966098 7 0.550529 2.19565 74.71 6
136 7475 1.0135 7 0.550234 2.19601 74.75 6
149 7480 1.08537 7 0.549866 2.19661 74.8 6
163 7488 1.21053 8 0.549279 2.19733 74.88 6
179 7494 1.33258 8 0.548839 2.19728 74.94 6
196 7502 1.51285 8 0.548254 2.19681 75.02 7
200 7502 1.50974 8 0.548254 2.19681 75.02 7
