1 0 3.1e-05 0 nan nan 0 1
2 0 2.6e-05 0 nan nan 0 1
3 0 2.6e-05 0 nan nan 0 1
4 0 2.6e-05 0 nan nan 0 1
5 0 2.7e-05 0 nan nan 0 1
6 0 2.7e-05 0 nan nan 0 1
7 0 2.7e-05 0 nan nan 0 1
8 0 2.6e-05 0 nan nan 0 1
9 0 2.6e-05 0 nan nan 0 1
10 0 2.9e-05 0 nan nan 0 1
11 0 2.6e-05 0 nan nan 0 1
12 0 3.6e-05 0 nan nan 0 1
13 0 2.4e-05 0 nan nan 0 1
14 0 2.7e-05 0 nan nan 0 1
15 0 2.5e-05 0 nan nan 0 1
16 0 2.7e-05 0 nan nan 0 1
17 0 2.5e-05 0 nan nan 0 1
18 0 2.7e-05 0 nan nan 0 1
19 0 2.6e-05 0 nan nan 0 1
20 96 0.038097 0 1 nan 10.5379 2
22 96 0.038784 0 1 nan 10.5379 2
24 96 0.036958 0 1 nan 10.5379 2
26 96 0.035551 0 1 nan 10.5379 2
28 96 0.034447 0 1 nan 10.5379 2
30 96 0.036799 0 1 nan 10.5379 2
33 96 0.036056 0 1 nan 10.5379 2
36 118 0.05855 1 0.788136 1 12.395 2
39 119 0.083866 1 0.512605 1 12.7273 2
42 119 0.082036 1 0.512605 1 12.7273 2
46 119 0.080406 1 0.512605 1 12.7273 2
50 117 0.081231 2 0.504274 1 12.4733 2
55 119 0.122378 2 0.344538 1 12.6327 2
60 117 0.129728 2 0.333333 1 12.5 2
66 134 0.15208 3 0.328358 1 14.0314 2
72 136 0.19849 3 0.264706 1 14.1667 2
79 142 0.210032 4 0.28169 1 14.8071 2
86 139 0.249658 4 0.223022 1 14.5702 2
94 124 0.242454 5 0.193548 1 13.5224 2
103 157 0.362387 5 0.178344 1 16.1523 2
113 149 0.40678 6 0.161074 1 15.4244 2
124 119 0.384001 7 0.134454 1 13.0482 2
136 150 0.529598 8 0.133333 1.00769 15.6087 2
149 140 0.588128 9 0.107143 1 14.7992 2
163 165 0.797583 10 0.121212 1 17.0103 2
179 159 0.922939 12 0.0880503 1 16.5798 2
196 172 1.172 13 0.0872093 1 17.6773 2
200 177 1.25448 14 0.0903955 1.00621 18.1912 2
