1 0 0.00012 0 nan nan 0 1
2 0 0.000171 0 nan nan 0 1
3 0 0.000121 0 nan nan 0 1
4 0 0.000113 0 nan nan 0 1
5 0 0.000112 0 nan nan 0 1
6 0 0.000114 0 nan nan 0 1
7 0 0.000174 0 nan nan 0 1
8 0 0.000109 0 nan nan 0 1
9 0 9.9e-05 0 nan nan 0 1
10 0 0.000111 0 nan nan 0 1
11 0 9.6e-05 0 nan nan 0 1
12 0 0.000121 0 nan nan 0 1
13 0 0.000116 0 nan nan 0 1
14 0 0.000122 0 nan nan 0 1
15 0 0.000109 0 nan nan 0 1
16 0 0.000107 0 nan nan 0 1
17 0 0.000102 0 nan nan 0 1
18 0 9e-05 0 nan nan 0 1
19 0 9.4e-05 0 nan nan 0 1
20 0 0.000107 0 nan nan 0 1
22 0 9.3e-05 0 nan nan 0 1
24 0 8.9e-05 0 nan nan 0 1
26 0 8.8e-05 0 nan nan 0 1
28 0 0.000162 0 nan nan 0 1
30 0 9.8e-05 0 nan nan 0 1
33 0 9.8e-05 0 nan nan 0 1
36 0 9.1e-05 0 nan nan 0 1
39 0 0.000116 0 nan nan 0 1
42 0 0.000111 0 nan nan 0 1
46 0 0.000106 0 nan nan 0 1
50 60 0.134659 0 1 nan 6.14754 2
55 60 0.135845 0 1 nan 6.14754 2
60 60 0.130518 0 1 nan 6.14754 2
66 60 0.119274 0 1 nan 6.14754 2
72 60 0.117399 0 1 nan 6.14754 2
79 60 0.124038 0 1 nan 6.14754 2
86 60 0.11327 0 1 nan 6.14754 2
94 65 0.224653 1 0.615385 1 6.68037 2
103 62 0.26122 1 0.5 1 6.40496 2
113 62 0.235849 1 0.5 1 6.40496 2
124 62 0.239593 1 0.5 1 6.40496 2
136 62 0.337187 2 0.354839 1 6.43821 2
149 74 0.439796 2 0.351351 1 7.52033 2
163 74 0.422165 2 0.351351 1 7.52033 2
179 75 0.593633 3 0.253333 1 7.62195 2
196 75 0.587526 3 0.253333 1 7.62195 2
200 83 0.637783 4 0.253012 1 8.40932 2
