1 0 5.3e-05 0 -nan -nan 0 1
2 0 4.8e-05 0 -nan -nan 0 1
3 0 4.9e-05 0 -nan -nan 0 1
4 5 0.000173 1 0.8 1 17.2414 2
5 5 0.000217 1 0.8 1 17.2414 2
6 13 0.000454 2 0.769231 1.33333 25 2
7 5 0.000292 1 0.6 1 21.7391 2
8 22 0.001063 7 0.272727 1 34.375 2
9 52 0.002161 11 0.25 1.02564 46.4286 2
10 170 0.008045 13 0.235294 1 43.1472 2
11 40 0.002466 6 0.225 1 40.404 2
12 6 0.000452 4 0.333333 1 30 2
13 407 0.027101 34 0.125307 1.00843 46.9435 3
14 56 0.004702 11 0.160714 1.02128 40.5797 2
15 900 0.08245 32 0.0922222 1.00367 50.5618 3
16 586 0.0526 26 0.105802 1.00954 50.1283 3
17 2374 0.219603 129 0.0716091 1.01044 58.3292 3
18 58 0.006159 13 0.0862069 1 43.609 2
19 348 0.038382 27 0.0689655 1 48.7395 2
20 1421 0.166767 69 0.0570021 1.00149 54.3819 3
22 3879 0.530629 58 0.0562001 1.00246 55.2485 3
24 2235 0.3452 61 0.055481 1.00663 54.9275 3
26 5844 1.01954 97 0.0393566 1.00303 58.9588 3
28 1454 0.278988 64 0.0378267 1.00357 56.5099 3
30 3401 0.747023 80 0.0346957 1.00518 59.6667 3
33 4122 1.0821 229 0.0298399 1.00375 59.2241 3
36 3091 0.899096 130 0.0268522 1.00465 62.1182 3
39 1639 0.575863 98 0.0317267 1.00567 55.241 3
42 8625 3.23464 142 0.0231884 1.00226 61.2354 3
46 13981 6.10326 183 0.0197411 1.00292 63.3829 3
50 7779 3.9496 239 0.0168402 1.00248 66.3511 3
55 30488 18.4588 251 0.0143991 1.00166 69.5612 3
60 22161 15.7843 315 0.0133568 1.00137 67.835 3
66 5542 4.9776 190 0.0138939 1.0011 60.861 3
72 6807 6.98322 198 0.0126341 1.00089 60.2443 3
79 1934 2.4211 159 0.0098242 1 58.1479 2
86 26007 38.0812 520 0.00992041 1.00155 67.7336 3
94 14411 25.7596 398 0.00874332 1.00126 66.2301 3
103 1483 3.26248 172 0.00876601 1.00068 60.4073 2
113 21422 57.279 581 0.0066287 1.00052 67.0003 3
124 17120 55.1429 470 0.00712617 1.00129 66.6303 3
136 4880 19.0497 259 0.00614754 1.00021 60.0615 2
149 1975 9.23428 415 0.00556962 1 59.6857 2
163 14232 79.3392 553 0.00477797 1.00028 66.1861 3
179 12024 88.2422 939 0.00374251 1.00033 70.3364 3
196 17024 151.433 913 0.00417058 1.00035 68.227 3
200 39629 339.946 743 0.00426455 1.00071 70.5444 3
