1 13 9e-05 1 0.923077 1 39.3939 2
2 24 0.000174 4 0.708333 1.14286 52.1739 2
3 24 0.000186 5 0.666667 1 52.1739 2
4 39 0.000459 7 0.641026 1.57143 54.1667 3
5 55 0.000584 8 0.527273 1.34615 60.4396 3
6 55 0.00064 12 0.490909 1.25 60.4396 2
7 55 0.001036 16 0.381818 1 58.5106 2
8 76 0.001439 17 0.394737 1.17391 61.2903 3
9 76 0.00152 17 0.368421 1.125 61.2903 2
10 70 0.002631 23 0.342857 1 46.6667 2
11 70 0.002164 23 0.342857 1 46.6667 2
12 49 0.001479 23 0.306122 1 48.5149 2
13 61 0.002683 23 0.262295 1 50.8333 2
14 61 0.002682 23 0.262295 1 50.8333 2
15 76 0.00439 26 0.263158 1.01786 48.1013 2
16 76 0.004319 26 0.263158 1.01786 48.1013 2
17 83 0.005757 29 0.216867 1.01538 48.2558 2
18 83 0.006024 30 0.204819 1 48.2558 2
19 142 0.023851 35 0.239437 1.0463 38.2749 2
20 211 0.018806 36 0.184834 1.0407 44.0501 3
22 140 0.014322 36 0.171429 1 43.2099 2
24 548 0.06122 37 0.124088 1 49.6827 2
26 130 0.017763 37 0.130769 1 47.7941 2
28 1458 0.232995 103 0.0816187 1.00224 46.0518 3
30 644 0.119784 65 0.0745342 1.00839 48.899 3
33 125 0.031046 45 0.056 1.02542 48.4496 2
36 509 0.136758 63 0.0373281 1 50.5964 2
39 427 0.121969 63 0.0468384 1 50.8939 2
42 54 0.016043 52 0.037037 1 54.5455 2
46 1692 0.652526 81 0.0336879 1.00061 53.1574 2
50 564 0.246118 80 0.0301418 1 48.7889 2
55 5789 3.16789 92 0.0338573 1.00161 51.3847 3
60 7962 5.22871 159 0.0324039 1.00247 53.7428 3
66 5240 4.30661 152 0.0269084 1.00216 51.4028 3
72 9715 9.19806 161 0.0228513 1.0019 58.0208 3
79 9925 10.511 156 0.021461 1.00072 55.2217 3
86 1251 1.44489 149 0.0223821 1.00327 57.1494 2
94 2267 3.04175 180 0.0189678 1.0027 58.2926 3
103 11206 19.4261 202 0.0150812 1.00027 56.768 2
113 4019 8.53876 193 0.0111968 1.00025 54.2668 2
124 4355 10.4574 232 0.0121699 1 53.5934 2
136 1214 3.66865 169 0.0131796 1.00167 49.4703 2
149 5612 19.7111 230 0.00837491 1.00036 55.1819 2
163 19842 83.4497 418 0.00922286 1.00061 59.8534 3
179 33268 169.639 444 0.00832632 1.00052 61.8698 3
196 2062 11.2032 272 0.00775946 1 56.5862 2
200 37473 230.28 444 0.00765885 1.00046 63.7708 3
