1 0 2.6e-05 0 nan nan 0 1
2 0 1.5e-05 0 nan nan 0 1
3 1110 0.022211 0 1 nan 34.9496 2
4 841 0.01578 1 0.500595 1 41.2457 2
5 792 0.018444 2 0.333333 1 43.7086 2
6 1631 0.043382 5 0.250153 1 47.0029 2
7 1014 0.02878 6 0.199211 1 47.2948 2
8 1484 0.048674 7 0.166442 1 48.6557 2
9 826 0.030803 6 0.142857 1 47.8841 2
10 1236 0.051459 9 0.124595 1 49.0671 2
11 1738 0.081322 8 0.111623 1 50.406 2
12 1766 0.091648 11 0.100793 1 50.9374 2
13 1524 0.090659 12 0.0912073 1 50.5305 2
14 2548 0.156377 13 0.0839874 1 52.7645 2
15 1933 0.130028 14 0.0770823 1 51.6569 2
16 2440 0.175789 14 0.0721311 1 53.1128 2
17 2246 0.177846 16 0.0667854 1 52.5749 2
18 2577 0.223337 17 0.0628638 1 53.3761 2
19 2687 0.24504 18 0.0610346 1 54.0101 2
20 4231 0.39673 20 0.059324 1 57.6588 2
22 3484 0.391321 21 0.0519518 1 56.1754 2
24 2527 0.337955 23 0.0459042 1 53.766 2
26 3569 0.508611 25 0.0448305 1 56.249 2
28 3353 0.536853 29 0.0387712 1 55.902 2
30 2138 0.376885 29 0.0355472 1 53.1444 2
33 3875 0.764647 32 0.0335484 1 57.2886 2
36 3362 0.750445 37 0.0294468 1 56.647 2
39 3742 0.975236 38 0.0283271 1 57.1123 2
42 2027 0.579469 43 0.024667 1 53.1463 2
46 3021 1.02446 45 0.0231711 1 55.5025 2
50 2577 1.00607 49 0.0209546 1 54.4705 2
