1 0 5.4e-05 0 nan nan 0 1
2 0 2.2e-05 0 nan nan 0 1
3 0 2e-05 0 nan nan 0 1
4 0 2e-05 0 nan nan 0 1
5 1165 0.040942 0 1 nan 23.4171 2
6 1165 0.045435 0 1 nan 23.4171 2
7 1113 0.039677 1 0.992812 1 23.2553 2
8 1371 0.089 1 0.500365 1 26.4417 2
9 1371 0.081361 1 0.500365 1 26.4417 2
10 1162 0.064224 2 0.498279 1 25.7421 2
11 1430 0.132809 2 0.334266 1 27.7347 2
12 1406 0.129619 3 0.332148 1 27.4288 2
13 1540 0.1098 3 0.333117 1 28.3244 2
14 1264 0.156296 3 0.25 1 27.4365 2
15 1832 0.196204 4 0.250546 1 29.7499 2
16 1639 0.188571 4 0.248322 1 29.1897 2
17 1601 0.191763 4 0.2005 1 29.1727 2
18 1509 0.174298 5 0.19947 1 28.8583 2
19 2403 0.283488 5 0.201831 1 32.6273 2
20 1536 0.213422 5 0.166667 1 29.196 2
22 1961 0.284677 7 0.165222 1 30.955 2
24 1753 0.313623 7 0.142042 1 30.141 2
26 1640 0.365509 7 0.125 1 29.8997 2
28 2254 0.550061 8 0.126442 1 32.577 2
30 2047 0.476607 9 0.110405 1 31.8748 2
33 2636 0.746531 10 0.103945 1 34.6113 2
36 1753 0.488476 11 0.0912721 1 30.6308 2
39 2022 0.730134 12 0.0835806 1 31.8526 2
42 2250 0.805354 13 0.0768889 1 32.967 2
46 2823 1.17014 15 0.0722635 1 35.6665 2
50 1668 0.747267 16 0.0623501 1 30.555 2
55 2419 1.33743 19 0.0587019 1 33.7896 2
60 2679 1.77061 21 0.0526316 1 35.139 2
66 2333 1.82572 22 0.0471496 1 33.5105 2
72 1903 1.64682 25 0.0425644 1 31.7962 2
79 1682 1.74587 26 0.0386445 1 30.8907 2
86 2593 3.05151 30 0.0374084 1 35.2741 2
94 2207 2.94552 32 0.0321704 1 33.3333 2
103 2996 4.98994 36 0.0320427 1 37.2359 2
113 3444 6.88597 39 0.0284553 1 39.8565 2
124 2384 5.673 43 0.0247483 1 34.426 2
136 2706 8.06024 49 0.022912 1 35.8458 2
149 2491 8.77776 52 0.0196708 1 34.6984 2
163 2847 11.5763 58 0.0182648 1 36.8544 2
179 2477 11.5112 65 0.0165523 1 35.08 2
196 3064 17.6785 73 0.0153394 1 37.9302 2
200 2729 16.7827 74 0.0153903 1 36.377 2
