1 1 3.6e-05 0 1 nan 25 1
2 5 5.9e-05 2 0.6 1.5 55.5556 2
3 10 0.000141 5 0.2 1 66.6667 2
4 28 0.00039 23 0.0714286 1.03846 100 2
5 28 0.000434 27 0.0357143 1 100 1
6 28 0.000426 27 0.0357143 1 100 1
7 28 0.000402 27 0.0357143 1 100 1
8 28 0.000375 27 0.0357143 1 100 1
9 28 0.000365 27 0.0357143 1 100 1
10 28 0.000368 27 0.0357143 1 100 1
11 28 0.000368 27 0.0357143 1 100 1
12 28 0.000367 27 0.0357143 1 100 1
13 28 0.000366 27 0.0357143 1 100 1
14 28 0.000368 27 0.0357143 1 100 1
15 28 0.000377 27 0.0357143 1 100 1
16 28 0.000367 27 0.0357143 1 100 1
17 28 0.000393 27 0.0357143 1 100 1
18 28 0.000322 27 0.0357143 1 100 1
19 28 0.000322 27 0.0357143 1 100 1
20 28 0.000322 27 0.0357143 1 100 1
22 28 0.000323 27 0.0357143 1 100 1
24 28 0.000322 27 0.0357143 1 100 1
26 28 0.000323 27 0.0357143 1 100 1
28 28 0.000322 27 0.0357143 1 100 1
30 28 0.000358 27 0.0357143 1 100 1
33 28 0.00034 27 0.0357143 1 100 1
36 28 0.000325 27 0.0357143 1 100 1
39 28 0.000326 27 0.0357143 1 100 1
42 28 0.000391 27 0.0357143 1 100 1
46 28 0.00038 27 0.0357143 1 100 1
50 28 0.00039 27 0.0357143 1 100 1
