1 0 4.2e-05 0 -nan -nan 0 1
2 4 7.7e-05 1 0.75 1 14.2857 2
3 5 0.000115 1 0.8 1 16.129 2
4 12 0.000278 1 0.833333 1 25 2
5 15 0.00035 1 0.866667 1 25 2
6 24 0.000621 1 0.791667 1.4 29.6296 2
7 31 0.000801 5 0.580645 1 30.6931 2
8 21 0.000527 4 0.714286 1 30 2
9 22 0.000635 5 0.681818 1.14286 28.2051 2
10 22 0.000716 6 0.636364 1 28.2051 2
11 66 0.002141 7 0.484848 1.14706 34.7368 3
12 28 0.001354 7 0.571429 1 27.451 2
13 50 0.002952 8 0.4 1 29.7619 2
14 86 0.004827 11 0.27907 1.01613 37.3913 2
15 108 0.006822 9 0.398148 1 29.4278 2
16 56 0.004658 10 0.357143 1 26.9231 2
17 74 0.007083 12 0.337838 1 24.9158 2
18 59 0.005687 12 0.322034 1 27.4419 2
19 231 0.022769 21 0.21645 1 33.4783 2
20 179 0.022734 14 0.206704 1 30.4422 2
22 235 0.033408 17 0.195745 1.00529 29.597 2
24 118 0.017471 35 0.0762712 1.00917 39.8649 2
26 52 0.009114 13 0.115385 1 29.3785 2
28 11 0.003038 10 0.0909091 1 26.1905 1
30 12 0.003608 11 0.0833333 1 26.6667 1
33 536 0.135079 46 0.0839552 1.00407 33.1889 3
36 110 0.036148 34 0.0545455 1 39.5683 2
39 360 0.107853 55 0.0694444 1.00299 45.1128 2
42 21 0.008428 19 0.0952381 1 32.3077 2
46 4059 1.95353 66 0.0647943 1.00079 30.7453 3
50 107 0.051199 45 0.0280374 1 41.9608 2
55 171 0.102822 38 0.0584795 1 35.8491 2
60 19427 13.6064 89 0.0463273 1.00162 33.1706 3
66 2816 2.38992 100 0.0390625 1.00074 32.901 3
72 1197 1.13812 60 0.0325815 1 35.0923 2
79 54846 63.3132 114 0.0326551 1.00083 35.1275 3
86 23696 32.6741 253 0.0286546 1.00039 34.0088 3
94 18098 28.9986 169 0.0256382 1.00057 34.7457 3
103 32191 59.9638 190 0.0230499 1.00079 36.1489 3
113 3664 7.66603 139 0.0191048 1.00028 37.3725 2
124 36450 95.7191 183 0.0180247 1.00045 37.5673 3
136 9340 29.0707 228 0.0158458 1.00022 36.3467 3
149 72954 274.159 202 0.015311 1.00028 37.3738 3
163 13617 57.6014 182 0.012925 1.00037 36.062 3
179 114169 574.359 347 0.0116932 1.00027 40.4903 3
196 50524 305.486 314 0.0101932 1.00032 39.018 3
200 75055 461.811 305 0.0101925 1.00031 40.4969 3
