1 0 2.3e-05 0 nan nan 0 1
2 0 1.5e-05 0 nan nan 0 1
3 1110 0.019285 0 1 nan 34.9496 2
4 841 0.020834 1 0.500595 1 41.2457 2
5 792 0.017691 2 0.333333 1 43.7086 2
6 1631 0.041331 5 0.250153 1 47.0029 2
7 1014 0.030229 6 0.199211 1 47.2948 2
8 1484 0.049163 7 0.166442 1 48.6557 2
9 826 0.031455 6 0.142857 1 47.8841 2
10 1236 0.054045 9 0.124595 1 49.0671 2
11 1738 0.080484 8 0.111623 1 50.406 2
12 1766 0.093115 11 0.100793 1 50.9374 2
13 1524 0.085113 12 0.0912073 1 50.5305 2
14 2548 0.154749 13 0.0839874 1 52.7645 2
15 1933 0.133499 14 0.0770823 1 51.6569 2
16 2440 0.178145 14 0.0721311 1 53.1128 2
17 2246 0.175917 16 0.0667854 1 52.5749 2
18 2577 0.225579 17 0.0628638 1 53.3761 2
19 2687 0.244024 18 0.0610346 1 54.0101 2
20 4231 0.408416 20 0.059324 1 57.6588 2
22 3484 0.378311 21 0.0519518 1 56.1754 2
24 2527 0.319948 23 0.0459042 1 53.766 2
26 3569 0.513503 25 0.0448305 1 56.249 2
28 3353 0.51572 29 0.0387712 1 55.902 2
30 2138 0.363658 29 0.0355472 1 53.1444 2
33 3875 0.753035 32 0.0335484 1 57.2886 2
36 3362 0.748361 37 0.0294468 1 56.647 2
39 3742 0.971362 38 0.0283271 1 57.1123 2
42 2027 0.595659 43 0.024667 1 53.1463 2
46 3021 1.04158 45 0.0231711 1 55.5025 2
50 2577 1.01291 49 0.0209546 1 54.4705 2
55 4803 2.13919 58 0.0206121 1 60.975 2
60 1642 0.86357 59 0.0170524 1 52.4433 2
66 3246 1.98483 66 0.0157116 1 56.6492 2
72 3703 2.65461 76 0.0145828 1 57.7601 2
79 3787 3.2111 82 0.0134671 1 58.1452 2
86 3356 3.30973 89 0.011919 1 57.1137 2
94 3683 4.27752 99 0.0105892 1 58.1741 2
103 3762 5.42071 114 0.0108985 1 58.1723 2
113 2187 3.89964 118 0.0086877 1 54.7297 2
124 3136 6.40316 132 0.00829082 1 56.791 2
136 3618 9.31529 146 0.00746269 1 57.8232 2
149 3682 10.5607 160 0.0065182 1 58.3981 2
163 3378 11.8923 176 0.00680876 1 57.7041 2
179 5616 24.6344 194 0.00694444 1 64.6111 2
196 3491 17.4586 213 0.00486966 1 58.2513 2
200 3939 18.8555 217 0.00482356 1 59.1086 2
