643
1 174 0.001181 3 0.931034 1.16667 27.0607 1
2 277 0.001117 3 0.906137 1.23077 43.0793 1
3 346 0.001151 3 0.884393 1.375 53.8103 1
4 389 0.000971 4 0.861183 1.31481 60.4977 1
5 422 0.000956 4 0.838863 1.27941 65.6299 1
6 446 0.000907 4 0.813901 1.3012 69.3624 1
7 461 0.000726 4 0.800434 1.33696 71.6952 1
8 471 0.000641 4 0.796178 1.34375 73.2504 1
9 478 0.000573 4 0.788703 1.38614 74.339 1
10 485 0.00092 5 0.779381 1.42991 75.4277 1
11 495 0.000937 5 0.767677 1.50435 76.9829 1
12 499 0.000411 5 0.761523 1.52941 77.605 1
13 503 0.000691 5 0.755467 1.56911 78.2271 1
14 508 0.000817 5 0.748031 1.60938 79.0047 1
15 511 0.000523 5 0.74364 1.63359 79.4712 1
16 516 0.000916 6 0.738372 1.65185 80.2488 1
17 519 0.00059 6 0.734104 1.66667 80.7154 1
19 521 0.000455 6 0.731286 1.67857 81.0264 1
20 523 0.0005 6 0.728489 1.69014 81.3375 1
21 524 0.000254 6 0.727099 1.6993 81.493 1
22 525 0.000258 6 0.725714 1.70139 81.6485 1
23 529 0.00098 6 0.720227 1.76351 82.2706 1
24 530 0.000305 7 0.718868 1.77852 82.4261 1
25 531 0.00034 7 0.717514 1.79333 82.5816 1
26 532 0.000356 7 0.716165 1.80795 82.7372 1
27 535 0.001153 7 0.71215 1.83117 83.2037 1
29 536 0.000752 7 0.710821 1.83871 83.3593 1
33 537 0.00065 8 0.709497 1.84615 83.5148 1
34 538 0.000591 8 0.708178 1.8535 83.6703 1
35 539 0.000547 8 0.706865 1.89873 83.8258 1
36 541 0.00107 9 0.704251 1.93125 84.1369 1
37 542 0.000549 10 0.702952 1.95031 84.2924 1
38 543 0.000569 10 0.701657 1.95062 84.4479 1
39 548 0.002816 11 0.695255 1.98802 85.2255 1
41 550 0.001218 13 0.692727 2.01775 85.5365 1
42 551 0.000737 13 0.69147 2.05882 85.6921 1
43 553 0.001453 14 0.688969 2.07558 86.0031 1
44 555 0.001441 16 0.686486 2.09195 86.3142 1
46 580 0.014611 34 0.656897 2.62814 90.2022 1
47 592 0.008067 34 0.643581 2.60664 92.0684 1
50 643 0.021418 84 0.592535 2.45038 100 5
