3997962
1 818745 5.02627 6 0.95992 1.16544 20.4791 1
2 1273581 5.02491 9 0.917702 1.25169 31.8558 1
3 1576146 5.24407 11 0.88548 1.28589 39.4237 1
4 1796520 5.63511 12 0.859478 1.31723 44.9359 1
5 1964269 6.1473 13 0.837464 1.3425 49.1318 1
6 2095718 6.63815 16 0.818605 1.36775 52.4197 1
7 2201751 7.07599 18 0.802344 1.39015 55.0718 1
8 2288241 7.30998 19 0.788224 1.41119 57.2352 1
9 2361111 7.64303 19 0.77567 1.43076 59.0579 1
10 2422703 7.83118 20 0.764691 1.44965 60.5984 1
11 2475888 8.13165 23 0.754807 1.46738 61.9288 1
12 2521188 8.54063 23 0.746206 1.48405 63.0618 1
13 2560844 8.25577 26 0.738388 1.49989 64.0537 1
14 2595423 8.28635 26 0.731492 1.51432 64.9187 1
15 2626079 8.36616 29 0.72526 1.52734 65.6854 1
16 2653576 8.52915 34 0.719624 1.54006 66.3732 1
17 2678610 8.53671 34 0.714348 1.55234 66.9994 1
18 2701114 8.55928 34 0.709631 1.56378 67.5623 1
19 2721726 8.55097 34 0.705257 1.57465 68.0778 1
20 2740206 8.54682 34 0.701334 1.58441 68.5401 1
21 2756867 8.57167 36 0.69778 1.59415 68.9568 1
22 2772241 8.56238 37 0.694511 1.60342 69.3414 1
23 2786454 8.56057 44 0.691454 1.61239 69.6969 1
24 2799949 8.70832 44 0.688528 1.62073 70.0344 1
25 2812149 8.50327 44 0.68587 1.62862 70.3396 1
26 2823597 8.40351 44 0.683389 1.636 70.6259 1
27 2834152 8.39359 47 0.681096 1.64311 70.8899 1
28 2843991 8.38984 47 0.678978 1.64985 71.136 1
29 2853710 8.43902 63 0.676865 1.65616 71.3791 1
30 2862597 8.57725 63 0.67493 1.66244 71.6014 1
31 2870657 8.43585 63 0.673178 1.66881 71.803 1
32 2878469 8.53524 63 0.67147 1.67459 71.9984 1
33 2885864 8.5285 63 0.669859 1.68 72.1834 1
34 2892855 8.53182 63 0.668352 1.68547 72.3582 1
35 2899309 8.52908 63 0.666944 1.69073 72.5197 1
36 2905539 8.53436 63 0.66559 1.69576 72.6755 1
37 2911634 8.50644 63 0.664281 1.70059 72.828 1
38 2917073 8.35768 63 0.663103 1.70529 72.964 1
39 2922802 8.5867 63 0.661858 1.70982 73.1073 1
40 2927774 8.26411 63 0.660787 1.71406 73.2317 1
41 2932468 8.29337 63 0.659778 1.71825 73.3491 1
42 2937186 8.41845 63 0.658755 1.72198 73.4671 1
43 2941711 8.47948 63 0.657782 1.72568 73.5803 1
44 2946093 8.56812 63 0.656844 1.72957 73.6899 1
45 2950446 8.47102 63 0.655905 1.73293 73.7988 1
46 2954300 8.22537 63 0.655079 1.73627 73.8951 1
47 2958101 8.3981 63 0.654268 1.73963 73.9902 1
48 2961770 8.37167 84 0.653485 1.74277 74.082 1
49 2965347 8.27907 84 0.652725 1.74571 74.1715 1
50 2968678 8.20275 85 0.652013 1.74883 74.2548 1
51 2971966 8.34034 85 0.65131 1.75162 74.337 1
52 2975199 8.35392 106 0.650624 1.7544 74.4179 1
53 2978133 8.22856 106 0.649994 1.75718 74.4913 1
54 2981043 8.32731 106 0.649378 1.75992 74.5641 1
55 2983991 8.53114 106 0.648746 1.76264 74.6378 1
56 2986696 8.30284 106 0.648172 1.76507 74.7055 1
57 2989284 8.11212 106 0.647627 1.76788 74.7702 1
58 2991928 8.33353 106 0.647068 1.77016 74.8363 1
59 2994420 8.24913 106 0.646542 1.77249 74.8987 1
60 2996709 8.23719 106 0.646058 1.77482 74.9559 1
61 2998940 8.17032 106 0.645588 1.77711 75.0117 1
62 3001205 8.3077 106 0.645112 1.77924 75.0684 1
63 3003336 8.32592 106 0.644665 1.78147 75.1217 1
64 3005603 8.43369 106 0.644186 1.78349 75.1784 1
65 3007587 8.21265 106 0.643768 1.78551 75.228 1
66 3009499 8.03751 106 0.643367 1.78744 75.2758 1
67 3011448 8.19571 106 0.642957 1.78927 75.3246 1
68 3013477 8.33835 106 0.64253 1.79096 75.3753 1
69 3015379 8.20947 106 0.642134 1.79275 75.4229 1
70 3017078 7.91001 106 0.641776 1.79454 75.4654 1
71 3018860 8.41749 106 0.641403 1.79631 75.51 1
72 3020523 8.08307 106 0.641058 1.79805 75.5516 1
73 3022149 8.18199 106 0.640717 1.79976 75.5922 1
74 3023571 7.51387 106 0.640425 1.80126 75.6278 1
75 3025101 7.52884 106 0.640103 1.80283 75.6661 1
76 3026541 7.93859 106 0.639804 1.80434 75.7021 1
77 3027964 8.00907 106 0.639508 1.80588 75.7377 1
78 3029343 7.88393 106 0.639223 1.80732 75.7722 1
79 3030889 8.32638 120 0.638901 1.80867 75.8109 1
80 3032345 8.2495 120 0.638598 1.80997 75.8473 1
81 3033658 7.96233 120 0.638327 1.81135 75.8801 1
82 3035058 8.32222 120 0.638038 1.81267 75.9151 1
83 3036291 8.08652 120 0.637784 1.81395 75.946 1
84 3037512 8.06961 120 0.637531 1.81534 75.9765 1
85 3038721 8.35275 120 0.637279 1.8167 76.0068 1
86 3039942 8.12209 120 0.637026 1.81795 76.0373 1
87 3041122 8.20624 120 0.636782 1.81918 76.0668 1
88 3042203 8.04718 120 0.636559 1.82037 76.0938 1
89 3043359 8.49893 120 0.636322 1.82164 76.1228 1
90 3044679 8.09465 120 0.636049 1.82257 76.1558 1
91 3045721 7.87249 120 0.635835 1.82366 76.1818 1
92 3046883 8.28494 120 0.6356 1.82466 76.2109 1
93 3048084 8.41372 120 0.635353 1.82565 76.2409 1
94 3049038 7.88739 120 0.635155 1.82675 76.2648 1
95 3049939 7.87132 120 0.63497 1.82785 76.2873 1
96 3050941 8.3435 120 0.634765 1.82888 76.3124 1
97 3052043 8.41305 122 0.63454 1.82979 76.34 1
98 3052945 7.92982 122 0.634355 1.83078 76.3625 1
99 3053844 8.1716 122 0.63417 1.83185 76.385 1
100 3054652 7.6145 122 0.634005 1.83279 76.4052 1
101 3055446 7.83289 122 0.633843 1.83377 76.4251 1
102 3056212 7.65402 122 0.633687 1.83468 76.4442 1
103 3057081 8.5283 122 0.63351 1.8357 76.466 1
104 3057904 8.10617 122 0.633341 1.83666 76.4866 1
105 3058814 8.42613 122 0.633156 1.83754 76.5093 1
106 3059600 8.04501 122 0.632995 1.83842 76.529 1
107 3060360 8.12982 122 0.632839 1.8393 76.548 1
108 3061125 8.07015 122 0.632682 1.8401 76.5671 1
109 3061811 7.85274 122 0.632542 1.84094 76.5843 1
110 3062465 7.66559 122 0.632408 1.84175 76.6007 1
111 3063212 8.68144 122 0.632256 1.84264 76.6193 1
112 3063841 7.3596 122 0.632126 1.84336 76.6351 1
113 3064446 7.32116 122 0.632002 1.84404 76.6502 1
114 3065493 9.37801 179 0.631788 1.84472 76.6764 1
115 3066220 7.76154 179 0.63164 1.84536 76.6946 1
116 3066839 7.74315 179 0.631513 1.8461 76.7101 1
117 3067482 8.03084 179 0.631383 1.84685 76.7261 1
118 3068087 7.86921 179 0.63126 1.84756 76.7413 1
119 3068703 8.07222 179 0.631135 1.84834 76.7567 1
120 3069338 8.4698 179 0.631005 1.84908 76.7726 1
121 3069939 8.09592 179 0.630882 1.84987 76.7876 1
122 3070496 7.73693 179 0.630767 1.85052 76.8015 1
123 3071106 7.9396 179 0.630644 1.85112 76.8168 1
124 3071701 7.85371 179 0.630523 1.85171 76.8317 1
125 3072292 8.37553 179 0.630403 1.85234 76.8465 1
126 3072845 8.04568 179 0.630291 1.85303 76.8603 1
127 3073501 8.71142 179 0.630157 1.85369 76.8767 1
128 3073970 7.18003 179 0.630063 1.85432 76.8884 1
129 3074665 8.50888 179 0.629923 1.85488 76.9058 1
130 3075151 7.44039 179 0.629825 1.85543 76.918 1
131 3075646 7.51236 179 0.629725 1.85594 76.9303 1
132 3076187 8.30709 179 0.629615 1.85655 76.9439 1
133 3076668 7.7518 179 0.629517 1.85713 76.9559 1
134 3077198 8.61624 179 0.629409 1.85771 76.9692 1
135 3077657 7.60955 179 0.629316 1.85827 76.9806 1
136 3078084 7.31878 179 0.62923 1.85882 76.9913 1
137 3078555 8.07153 179 0.629134 1.85942 77.0031 1
138 3079029 7.66984 179 0.629039 1.85989 77.015 1
139 3079577 8.1397 179 0.628928 1.8603 77.0287 1
140 3080094 8.03779 179 0.628823 1.86077 77.0416 1
141 3080562 8.29457 179 0.628728 1.86128 77.0533 1
142 3080958 7.36965 179 0.628649 1.86177 77.0632 1
143 3081438 8.5903 179 0.628551 1.86227 77.0752 1
144 3081855 7.91912 179 0.628466 1.86279 77.0857 1
145 3082279 8.0907 179 0.628381 1.86333 77.0963 1
146 3082716 8.27758 179 0.628293 1.86376 77.1072 1
147 3083166 8.57895 179 0.628202 1.86426 77.1184 1
148 3083599 8.44868 179 0.628115 1.86477 77.1293 1
149 3084006 7.88717 179 0.628032 1.86522 77.1395 1
150 3084477 8.77433 179 0.627938 1.86569 77.1512 1
151 3084876 8.00122 179 0.627857 1.86615 77.1612 1
152 3085216 6.98576 179 0.627789 1.86653 77.1697 1
153 3085578 7.56062 179 0.627716 1.86692 77.1788 1
154 3086002 8.49184 179 0.627631 1.86737 77.1894 1
155 3086443 8.50314 179 0.627542 1.86777 77.2004 1
156 3086806 7.9248 179 0.627469 1.86823 77.2095 1
157 3087132 6.93424 179 0.627403 1.86858 77.2176 1
158 3087455 7.18292 179 0.627338 1.86896 77.2257 1
159 3087809 7.87057 179 0.627268 1.86939 77.2346 1
160 3088174 8.14809 179 0.627195 1.86978 77.2437 1
161 3088568 8.59842 179 0.627115 1.87019 77.2536 1
162 3088917 8.22091 179 0.627045 1.87058 77.2623 1
163 3089257 7.9993 179 0.626977 1.871 77.2708 1
164 3089594 8.24975 179 0.62691 1.87142 77.2792 1
165 3089915 7.77561 179 0.626845 1.87183 77.2873 1
166 3090182 6.59381 179 0.626792 1.87212 77.2939 1
167 3090547 8.9076 180 0.626718 1.87253 77.3031 1
168 3090900 8.75329 180 0.626648 1.87294 77.3119 1
169 3091261 8.72866 180 0.626575 1.87328 77.3209 1
170 3091556 7.66441 180 0.626516 1.87365 77.3283 1
171 3091918 8.7546 180 0.626444 1.87403 77.3374 1
172 3092226 8.24284 180 0.626382 1.8744 77.3451 1
173 3092703 9.15807 182 0.626286 1.87463 77.357 1
174 3093006 8.1839 182 0.626225 1.87497 77.3646 1
175 3093296 8.02287 182 0.626166 1.8753 77.3718 1
176 3093600 8.14233 182 0.626105 1.87566 77.3794 1
177 3093880 7.89517 182 0.626049 1.87604 77.3864 1
178 3094158 7.7287 182 0.625993 1.87636 77.3934 1
179 3094440 7.79546 182 0.625937 1.87665 77.4004 1
180 3094729 7.77381 182 0.62588 1.87693 77.4077 1
181 3094968 6.87851 182 0.625831 1.87719 77.4136 1
182 3095374 8.0027 182 0.62575 1.87739 77.4238 1
183 3095861 8.99043 183 0.625651 1.87759 77.436 1
184 3096147 8.06266 183 0.625595 1.87789 77.4431 1
185 3096416 8.06015 183 0.625541 1.87823 77.4499 1
186 3096861 9.39954 183 0.625452 1.87839 77.461 1
187 3097138 8.28787 183 0.625396 1.87871 77.4679 1
188 3097386 7.55808 183 0.625346 1.87902 77.4741 1
189 3097621 7.46934 183 0.625299 1.87931 77.48 1
190 3097875 7.80308 183 0.625248 1.87959 77.4864 1
191 3098088 6.94829 183 0.625205 1.87987 77.4917 1
192 3098329 7.56665 183 0.625157 1.88016 77.4977 1
193 3098571 7.84617 183 0.625108 1.88046 77.5038 1
194 3098812 8.0035 183 0.62506 1.88076 77.5098 1
195 3099067 8.36136 183 0.625008 1.88105 77.5162 1
196 3099326 8.27695 183 0.624957 1.88134 77.5226 1
197 3099553 7.8475 183 0.624911 1.88162 77.5283 1
198 3099790 9.13176 183 0.624864 1.88189 77.5343 1
199 3100005 15.1978 183 0.62482 1.88216 77.5396 1
200 3100226 15.454 183 0.624776 1.88241 77.5452 1
201 3100503 16.5519 183 0.62472 1.88266 77.5521 1
202 3100718 12.2413 183 0.624677 1.88292 77.5575 1
203 3100924 10.9495 183 0.624635 1.88321 77.5626 1
204 3101157 11.3838 183 0.624588 1.88349 77.5684 1
205 3101384 10.7996 183 0.624543 1.88374 77.5741 1
206 3101618 9.56994 183 0.624497 1.88398 77.58 1
207 3101832 9.13155 183 0.624454 1.88425 77.5853 1
208 3102089 10.1634 183 0.624402 1.8845 77.5918 1
209 3102298 8.39261 183 0.624361 1.88475 77.597 1
210 3102522 9.22272 183 0.624317 1.88503 77.6026 1
211 3102729 8.36029 183 0.624276 1.88527 77.6078 1
212 3102969 9.13129 183 0.624229 1.88551 77.6138 1
213 3103160 7.90918 183 0.624191 1.88574 77.6185 1
214 3103402 9.27961 196 0.624143 1.88596 77.6246 1
215 3103584 7.30405 196 0.624108 1.88616 77.6292 1
216 3103785 8.17906 196 0.624068 1.88635 77.6342 1
217 3103974 7.8943 196 0.62403 1.88658 77.6389 1
218 3104177 8.59549 196 0.62399 1.88685 77.644 1
219 3104395 8.33423 196 0.623946 1.88702 77.6494 1
220 3104698 9.27983 196 0.623885 1.88721 77.657 1
221 3104896 7.35529 196 0.623846 1.88741 77.662 1
222 3105102 8.04931 196 0.623805 1.88764 77.6671 1
223 3105336 8.51672 196 0.62376 1.88787 77.673 1
224 3105534 7.7543 196 0.623721 1.88811 77.6779 1
225 3105718 8.43859 196 0.623685 1.88829 77.6825 1
226 3105998 10.1756 196 0.623629 1.88843 77.6895 1
227 3106197 10.4082 196 0.62359 1.88869 77.6945 1
228 3106405 11.1832 196 0.623548 1.88893 77.6997 1
229 3106592 8.82121 196 0.623511 1.88915 77.7044 1
230 3106770 7.87125 196 0.623476 1.88934 77.7088 1
231 3106951 7.96388 196 0.62344 1.88952 77.7134 1
232 3107108 6.87161 196 0.623408 1.88969 77.7173 1
233 3107270 7.29165 196 0.623376 1.88989 77.7213 1
234 3107446 7.87323 196 0.623342 1.8901 77.7258 1
235 3107632 7.70776 196 0.623304 1.89027 77.7304 1
236 3107817 8.02957 196 0.623269 1.89047 77.735 1
237 3107993 7.83643 196 0.623234 1.89068 77.7394 1
238 3108173 8.01628 196 0.623198 1.89087 77.7439 1
239 3108326 6.95043 196 0.623168 1.89104 77.7478 1
240 3108650 9.6123 196 0.623103 1.8911 77.7559 1
241 3108824 7.8499 196 0.623068 1.89129 77.7602 1
242 3108963 6.67805 196 0.62304 1.89144 77.7637 1
243 3109143 8.46533 196 0.623004 1.89164 77.7682 1
244 3109271 6.17313 196 0.622978 1.89181 77.7714 1
245 3109430 7.80125 196 0.622947 1.892 77.7754 1
246 3109591 7.60381 196 0.622915 1.89218 77.7794 1
247 3109752 7.68742 196 0.622883 1.89236 77.7834 1
248 3109902 7.49826 196 0.622853 1.89252 77.7872 1
249 3110060 8.0412 196 0.622822 1.89273 77.7911 1
250 3110226 8.41326 196 0.622789 1.89292 77.7953 1
