1000
1 0 5e-06 0 nan nan 0 1
50 77 0.16841 0 1 nan 7.7 2
91 78 0.00619 1 0.987179 1 7.8 2
92 80 0.012858 1 0.9625 1 8 2
93 85 0.03015 1 0.905882 1 8.5 2
94 91 0.040525 1 0.846154 1 9.1 2
95 95 0.025788 1 0.810526 1 9.5 2
96 97 0.013049 1 0.793814 1 9.7 2
97 99 0.013116 1 0.777778 1 9.9 2
133 101 0.023237 1 0.762376 1.08333 10.1 3
137 102 0.012976 1 0.754902 1.12 10.2 3
138 106 0.048485 2 0.726415 1.2069 10.6 3
139 109 0.035224 2 0.706422 1.25 10.9 3
140 110 0.012254 2 0.7 1.27273 11 3
143 111 0.012801 2 0.693694 1.29412 11.1 3
173 112 0.018029 2 0.6875 1.34286 11.2 3
174 113 0.018202 2 0.681416 1.36111 11.3 3
176 114 0.020218 2 0.675439 1.40541 11.4 3
177 117 0.051223 2 0.65812 1.45 11.7 3
180 119 0.0341 2 0.647059 1.47619 11.9 3
182 120 0.018511 2 0.641667 1.48837 12 3
186 121 0.01677 3 0.636364 1.47727 12.1 3
