334863
1 28971 0.204334 7 0.887405 1.13795 8.6516 1
2 72240 0.470935 11 0.799322 1.29068 21.573 1
3 128376 0.942259 14 0.735628 1.362 38.3369 1
4 190233 1.17944 16 0.68855 1.43019 56.8092 1
5 244058 1.42407 19 0.654205 1.50192 72.8829 1
6 261382 0.610774 27 0.613707 1.56361 78.0564 1
7 271818 0.600832 31 0.59045 1.61612 81.1729 1
8 278545 0.470757 32 0.576226 1.65915 83.1818 1
9 283089 0.404491 34 0.566977 1.69285 84.5388 1
10 286497 0.444269 34 0.560233 1.72002 85.5565 1
11 288974 0.433939 37 0.555431 1.74066 86.2962 1
12 290951 0.372997 37 0.551656 1.75854 86.8866 1
13 292584 0.310358 37 0.548578 1.77342 87.3742 1
14 293885 0.266664 37 0.546149 1.78535 87.7628 1
15 295045 0.284556 42 0.544002 1.79585 88.1092 1
16 296050 0.269987 42 0.542155 1.80477 88.4093 1
17 296888 0.240653 42 0.540625 1.81229 88.6595 1
18 297665 0.217926 42 0.539214 1.81917 88.8916 1
19 298341 0.216782 42 0.537992 1.82539 89.0935 1
20 298917 0.221788 43 0.536955 1.83051 89.2655 1
21 299459 0.210458 43 0.535983 1.8362 89.4273 1
22 299953 0.195734 43 0.5351 1.84064 89.5748 1
23 300397 0.203635 43 0.53431 1.84448 89.7074 1
24 300750 0.180332 43 0.533682 1.84799 89.8128 1
25 301108 0.195703 43 0.533048 1.85135 89.9198 1
26 301431 0.203324 43 0.532477 1.85416 90.0162 1
27 301774 0.199286 43 0.531872 1.85814 90.1186 1
28 302053 0.199534 43 0.53138 1.86066 90.202 1
29 302311 0.179037 43 0.530927 1.86263 90.279 1
30 302524 0.177806 43 0.530553 1.86485 90.3426 1
31 302747 0.206117 43 0.530162 1.86693 90.4092 1
32 302946 0.180225 43 0.529814 1.86875 90.4686 1
33 303128 0.16379 43 0.529496 1.87011 90.523 1
34 303296 0.157857 43 0.529202 1.87169 90.5732 1
35 303481 0.183146 43 0.52888 1.87306 90.6284 1
36 303656 0.175979 43 0.528575 1.87438 90.6807 1
37 303818 0.167365 43 0.528293 1.87644 90.729 1
38 303949 0.141528 43 0.528066 1.8775 90.7682 1
39 304072 0.15293 43 0.527852 1.87896 90.8049 1
40 304190 0.183184 43 0.527647 1.88008 90.8401 1
41 304326 0.184632 43 0.527411 1.88134 90.8807 1
42 304449 0.166992 43 0.527198 1.88271 90.9175 1
43 304565 0.157492 43 0.526998 1.88375 90.9521 1
44 304680 0.189052 43 0.526799 1.88467 90.9865 1
45 304791 0.1467 46 0.526607 1.88555 91.0196 1
46 304873 0.145379 46 0.526465 1.88643 91.0441 1
47 304960 0.146636 46 0.526315 1.88705 91.0701 1
48 305065 0.18135 46 0.526134 1.88794 91.1014 1
49 305149 0.167502 46 0.525989 1.88858 91.1265 1
50 305241 0.173671 47 0.52583 1.88934 91.154 1
51 305309 0.127699 47 0.525713 1.89006 91.1743 1
52 305386 0.180067 47 0.525581 1.89076 91.1973 1
53 305457 0.178059 47 0.525459 1.8914 91.2185 1
54 305540 0.206201 47 0.525316 1.89229 91.2433 1
55 305624 0.192026 47 0.525171 1.89296 91.2684 1
56 305691 0.147049 48 0.525056 1.89362 91.2884 1
57 305766 0.130449 48 0.524928 1.89409 91.3108 1
58 305828 0.141895 48 0.524821 1.89465 91.3293 1
59 305894 0.139433 48 0.524708 1.89507 91.349 1
60 305960 0.170636 48 0.524595 1.89559 91.3687 1
61 306025 0.196906 48 0.524483 1.89612 91.3881 1
62 306101 0.201545 48 0.524353 1.8968 91.4108 1
63 306150 0.147906 48 0.524269 1.89715 91.4254 1
64 306186 0.125583 48 0.524208 1.89763 91.4362 1
65 306239 0.145647 48 0.524117 1.89814 91.452 1
66 306286 0.151453 48 0.524036 1.89853 91.4661 1
67 306317 0.097656 48 0.523983 1.89895 91.4753 1
68 306356 0.141104 48 0.523917 1.89955 91.487 1
69 306380 0.082541 48 0.523876 1.8998 91.4941 1
70 306412 0.119514 48 0.523821 1.9001 91.5037 1
71 306448 0.113893 48 0.523759 1.90043 91.5144 1
72 306503 0.18093 48 0.523665 1.9007 91.5309 1
73 306547 0.171834 48 0.52359 1.90104 91.544 1
74 306591 0.159164 48 0.523515 1.90128 91.5571 1
75 306631 0.157892 48 0.523447 1.90154 91.5691 1
76 306668 0.147834 48 0.523384 1.90186 91.5801 1
77 306728 0.249293 48 0.523281 1.90224 91.5981 1
78 306771 0.188278 48 0.523208 1.90256 91.6109 1
79 306794 0.125754 48 0.523169 1.90278 91.6178 1
80 306838 0.181994 48 0.523094 1.90311 91.6309 1
81 306877 0.157465 48 0.523027 1.90332 91.6426 1
82 306903 0.1354 48 0.522983 1.90369 91.6503 1
83 306940 0.169972 48 0.52292 1.90388 91.6614 1
84 306959 0.11166 48 0.522887 1.90398 91.667 1
85 306993 0.151438 48 0.52283 1.90422 91.6772 1
86 307023 0.167242 48 0.522778 1.90439 91.6862 1
87 307052 0.140235 48 0.522729 1.90456 91.6948 1
88 307078 0.13985 48 0.522685 1.90476 91.7026 1
89 307105 0.14138 48 0.522639 1.90504 91.7106 1
90 307124 0.114753 48 0.522607 1.90518 91.7163 1
91 307147 0.120432 48 0.522567 1.90539 91.7232 1
92 307172 0.146565 48 0.522525 1.90558 91.7306 1
93 307195 0.161881 48 0.522486 1.90584 91.7375 1
94 307221 0.187144 48 0.522441 1.90606 91.7453 1
95 307249 0.145327 49 0.522394 1.90617 91.7536 1
96 307270 0.132135 49 0.522358 1.90628 91.7599 1
97 307291 0.1469 49 0.522322 1.9064 91.7662 1
98 307316 0.149546 49 0.52228 1.90661 91.7737 1
99 307347 0.181699 49 0.522227 1.90694 91.7829 1
100 307360 0.105731 49 0.522205 1.90709 91.7868 1
101 307374 0.106315 49 0.522181 1.90718 91.791 1
102 307397 0.134381 49 0.522142 1.90739 91.7978 1
103 307415 0.124203 49 0.522112 1.90751 91.8032 1
104 307444 0.168648 49 0.522063 1.90765 91.8119 1
105 307457 0.11286 49 0.52204 1.90777 91.8158 1
106 307472 0.1279 49 0.522015 1.90792 91.8202 1
107 307509 0.258354 49 0.521952 1.90806 91.8313 1
108 307522 0.118799 49 0.52193 1.90815 91.8352 1
109 307534 0.092229 49 0.52191 1.90827 91.8388 1
110 307565 0.236145 49 0.521857 1.90839 91.848 1
111 307584 0.189789 49 0.521825 1.90853 91.8537 1
112 307597 0.140829 49 0.521803 1.90862 91.8576 1
113 307608 0.108269 49 0.521784 1.90869 91.8609 1
114 307636 0.265532 49 0.521737 1.90882 91.8692 1
115 307657 0.165738 49 0.521701 1.90897 91.8755 1
116 307669 0.10637 49 0.521681 1.90903 91.8791 1
117 307685 0.172621 49 0.521654 1.90912 91.8838 1
118 307700 0.154438 49 0.521628 1.9092 91.8883 1
119 307707 0.078719 49 0.521616 1.90925 91.8904 1
120 307736 0.333875 49 0.521567 1.90949 91.8991 1
121 307748 0.128261 49 0.521547 1.90956 91.9027 1
122 307755 0.083299 49 0.521535 1.90967 91.9047 1
123 307773 0.183212 49 0.521504 1.90974 91.9101 1
124 307792 0.209616 49 0.521472 1.90986 91.9158 1
125 307812 0.169757 49 0.521438 1.9099 91.9218 1
126 307832 0.177938 49 0.521405 1.91002 91.9277 1
127 307856 0.247855 49 0.521364 1.91011 91.9349 1
128 307865 0.103525 49 0.521349 1.91015 91.9376 1
129 307882 0.158205 49 0.52132 1.91028 91.9427 1
130 307891 0.090859 49 0.521305 1.9103 91.9454 1
131 307908 0.177071 49 0.521276 1.9105 91.9504 1
132 307927 0.234935 49 0.521244 1.9106 91.9561 1
133 307932 0.066177 49 0.521235 1.91066 91.9576 1
134 307943 0.130862 49 0.521217 1.91072 91.9609 1
135 307964 0.205973 49 0.521181 1.91075 91.9672 1
136 307975 0.114037 49 0.521162 1.91082 91.9704 1
137 307985 0.138057 49 0.521146 1.91091 91.9734 1
138 307997 0.176369 49 0.521125 1.91099 91.977 1
139 308007 0.150893 49 0.521108 1.91104 91.98 1
140 308015 0.098535 49 0.521095 1.91112 91.9824 1
141 308026 0.174603 49 0.521076 1.91127 91.9857 1
142 308033 0.10485 49 0.521064 1.91136 91.9878 1
143 308041 0.12196 49 0.521051 1.9114 91.9902 1
144 308053 0.163683 49 0.52103 1.91143 91.9937 1
145 308060 0.114114 49 0.521019 1.9115 91.9958 1
146 308074 0.199786 49 0.520995 1.91166 92 1
147 308081 0.105543 49 0.520983 1.91171 92.0021 1
148 308093 0.158676 49 0.520963 1.91175 92.0057 1
149 308097 0.062614 49 0.520956 1.91178 92.0069 1
150 308112 0.170112 49 0.520931 1.91183 92.0114 1
151 308120 0.140724 49 0.520917 1.91195 92.0137 1
152 308126 0.120311 49 0.520907 1.912 92.0155 1
153 308147 0.342029 49 0.520872 1.91211 92.0218 1
154 308157 0.209814 49 0.520855 1.9122 92.0248 1
155 308167 0.218279 49 0.520838 1.9123 92.0278 1
156 308170 0.053687 49 0.520833 1.91234 92.0287 1
157 308178 0.141294 49 0.520819 1.91237 92.0311 1
158 308205 0.311527 49 0.520774 1.91233 92.0391 1
159 308214 0.155737 49 0.520758 1.91245 92.0418 1
160 308228 0.237253 49 0.520735 1.9125 92.046 1
161 308237 0.135507 49 0.520719 1.91258 92.0487 1
162 308247 0.200378 49 0.520703 1.91265 92.0517 1
163 308253 0.125093 49 0.520692 1.91266 92.0535 1
164 308262 0.194266 49 0.520677 1.91278 92.0562 1
165 308263 0.022454 49 0.520676 1.91281 92.0565 1
166 308271 0.151741 49 0.520662 1.9129 92.0588 1
167 308274 0.071862 49 0.520657 1.9129 92.0597 1
168 308284 0.215584 49 0.52064 1.91297 92.0627 1
169 308288 0.089949 49 0.520633 1.91301 92.0639 1
170 308294 0.110745 49 0.520623 1.91307 92.0657 1
171 308296 0.037623 49 0.52062 1.91307 92.0663 1
172 308302 0.127413 49 0.52061 1.91314 92.0681 1
173 308321 0.280526 49 0.520578 1.91318 92.0738 1
174 308326 0.119875 49 0.520569 1.91327 92.0753 1
175 308332 0.133766 49 0.520559 1.9133 92.0771 1
176 308341 0.166953 49 0.520544 1.91337 92.0797 1
177 308345 0.096789 50 0.520537 1.91339 92.0809 1
178 308355 0.177469 50 0.52052 1.91343 92.0839 1
179 308365 0.192844 50 0.520503 1.91348 92.0869 1
180 308370 0.100302 50 0.520495 1.91351 92.0884 1
181 308378 0.178662 50 0.520481 1.91358 92.0908 1
182 308387 0.189196 50 0.520466 1.91367 92.0935 1
183 308402 0.249592 50 0.520441 1.91372 92.098 1
184 308407 0.127599 50 0.520432 1.91373 92.0995 1
185 308408 0.032773 50 0.520431 1.91374 92.0998 1
186 308412 0.088309 50 0.520424 1.91374 92.1009 1
187 308422 0.175469 50 0.520407 1.91376 92.1039 1
188 308425 0.06769 50 0.520402 1.91376 92.1048 1
189 308432 0.173169 50 0.52039 1.9138 92.1069 1
190 308435 0.085641 50 0.520385 1.91382 92.1078 1
191 308442 0.132056 50 0.520373 1.9138 92.1099 1
192 308447 0.123837 50 0.520365 1.91384 92.1114 1
193 308468 0.39193 50 0.520329 1.91392 92.1177 1
194 308471 0.08715 50 0.520324 1.91393 92.1186 1
195 308474 0.083868 50 0.520319 1.914 92.1195 1
196 308476 0.054471 50 0.520316 1.91401 92.1201 1
197 308485 0.264447 50 0.520301 1.91411 92.1227 1
198 308492 0.191342 50 0.520289 1.91413 92.1248 1
199 308494 0.06412 50 0.520286 1.91414 92.1254 1
200 308498 0.100184 50 0.520279 1.91417 92.1266 1
201 308503 0.131706 50 0.52027 1.91423 92.1281 1
202 308509 0.163533 50 0.52026 1.91427 92.1299 1
203 308515 0.134748 50 0.52025 1.91437 92.1317 1
204 308516 0.03216 50 0.520249 1.91441 92.132 1
205 308519 0.100386 50 0.520243 1.91442 92.1329 1
206 308523 0.125712 50 0.520237 1.91443 92.1341 1
207 308532 0.230428 50 0.520222 1.91446 92.1368 1
208 308548 0.30724 50 0.520195 1.91449 92.1416 1
209 308559 0.233946 50 0.520176 1.9145 92.1448 1
210 308565 0.194089 50 0.520166 1.91452 92.1466 1
211 308570 0.149559 50 0.520158 1.91459 92.1481 1
212 308571 0.038345 50 0.520156 1.91459 92.1484 1
213 308581 0.233806 50 0.520139 1.91463 92.1514 1
214 308584 0.086622 50 0.520134 1.91463 92.1523 1
215 308585 0.03743 50 0.520132 1.91463 92.1526 1
216 308588 0.104008 50 0.520127 1.91466 92.1535 1
217 308594 0.156593 50 0.520117 1.91469 92.1553 1
218 308600 0.182043 50 0.520107 1.91474 92.1571 1
219 308602 0.068435 50 0.520104 1.91475 92.1577 1
220 308606 0.140309 50 0.520097 1.91475 92.1589 1
221 308607 0.041596 50 0.520095 1.91475 92.1592 1
222 308612 0.156456 50 0.520087 1.91477 92.1607 1
223 308618 0.170257 50 0.520077 1.91477 92.1625 1
224 308623 0.194511 50 0.520068 1.91484 92.164 1
225 308626 0.101913 50 0.520063 1.91497 92.1649 1
226 308629 0.122396 50 0.520058 1.91502 92.1658 1
227 308632 0.134397 50 0.520053 1.91503 92.1666 1
228 308635 0.118766 50 0.520048 1.91504 92.1675 1
229 308642 0.207097 50 0.520036 1.91505 92.1696 1
230 308649 0.135359 50 0.520024 1.91503 92.1717 1
231 308653 0.142268 50 0.520018 1.91506 92.1729 1
232 308657 0.131744 50 0.520011 1.91511 92.1741 1
233 308661 0.126874 50 0.520004 1.91512 92.1753 1
234 308668 0.224334 50 0.519992 1.91517 92.1774 1
235 308673 0.176405 50 0.519984 1.9152 92.1789 1
236 308674 0.040462 50 0.519982 1.9152 92.1792 1
237 308677 0.10779 50 0.519977 1.9152 92.1801 1
238 308686 0.367435 50 0.519962 1.91527 92.1828 1
239 308690 0.158359 50 0.519955 1.91533 92.184 1
240 308694 0.167112 50 0.519949 1.91535 92.1852 1
242 308708 0.347274 61 0.519925 1.91534 92.1893 1
243 308714 0.196482 61 0.519915 1.91538 92.1911 1
244 308716 0.095157 61 0.519912 1.91538 92.1917 1
245 308719 0.135414 61 0.519906 1.9154 92.1926 1
246 308722 0.130856 61 0.519901 1.91541 92.1935 1
247 308731 0.391385 61 0.519886 1.91543 92.1962 1
248 308734 0.143713 61 0.519881 1.91543 92.1971 1
249 308736 0.088351 61 0.519878 1.91544 92.1977 1
250 308740 0.182182 61 0.519871 1.91548 92.1989 1
251 308742 0.087847 61 0.519868 1.9155 92.1995 1
252 308743 0.052992 61 0.519866 1.9155 92.1998 1
255 308750 0.194886 61 0.519854 1.9155 92.2019 1
256 308753 0.130975 61 0.519849 1.91553 92.2028 1
257 308755 0.088048 61 0.519846 1.91557 92.2034 1
258 308762 0.328541 61 0.519834 1.9156 92.2055 1
259 308765 0.160823 61 0.519829 1.91566 92.2064 1
260 308767 0.109963 61 0.519826 1.91569 92.207 1
261 308776 0.349902 61 0.51981 1.91583 92.2096 1
262 308778 0.080167 61 0.519807 1.91584 92.2102 1
263 308784 0.261071 61 0.519797 1.91587 92.212 1
264 308787 0.111913 61 0.519792 1.91586 92.2129 1
265 308791 0.232258 61 0.519785 1.91587 92.2141 1
266 308797 0.309724 61 0.519775 1.9159 92.2159 1
267 308801 0.180294 61 0.519768 1.91593 92.2171 1
269 308810 0.326679 61 0.519753 1.91593 92.2198 1
270 308811 0.046331 61 0.519752 1.91594 92.2201 1
271 308813 0.113394 61 0.519748 1.91595 92.2207 1
272 308814 0.056879 61 0.519747 1.91597 92.221 1
273 308816 0.097675 61 0.519743 1.91597 92.2216 1
275 308819 0.18277 61 0.519738 1.916 92.2225 1
276 308823 0.218188 61 0.519731 1.91606 92.2237 1
277 308825 0.113841 61 0.519728 1.91609 92.2243 1
278 308837 0.393101 61 0.519708 1.91613 92.2279 1
281 308839 0.115077 61 0.519704 1.91614 92.2285 1
282 308841 0.109116 61 0.519701 1.91616 92.2291 1
283 308844 0.191465 61 0.519696 1.91619 92.23 1
284 308853 0.394733 61 0.519681 1.91621 92.2326 1
285 308854 0.064465 61 0.519679 1.91622 92.2329 1
286 308855 0.064016 61 0.519678 1.91623 92.2332 1
288 308860 0.206937 61 0.519669 1.91625 92.2347 1
289 308861 0.078659 61 0.519667 1.91626 92.235 1
291 308862 0.068658 61 0.519666 1.91626 92.2353 1
292 308867 0.237242 61 0.519657 1.91626 92.2368 1
294 308870 0.203786 61 0.519652 1.91626 92.2377 1
295 308871 0.084049 61 0.519651 1.91627 92.238 1
296 308872 0.04323 61 0.519649 1.91628 92.2383 1
297 308875 0.176636 61 0.519644 1.91628 92.2392 1
298 308877 0.141681 61 0.519641 1.91631 92.2398 1
300 308885 0.390699 61 0.519627 1.91632 92.2422 1
301 308890 0.272937 61 0.519619 1.91632 92.2437 1
302 308892 0.115522 61 0.519615 1.91633 92.2443 1
303 308894 0.129748 61 0.519612 1.91635 92.2449 1
304 308895 0.059701 61 0.51961 1.91635 92.2452 1
305 308897 0.144758 61 0.519607 1.91635 92.2458 1
307 308902 0.305414 61 0.519598 1.91637 92.2473 1
308 308914 0.543368 61 0.519578 1.91639 92.2509 1
309 308917 0.189947 61 0.519573 1.91639 92.2518 1
310 308919 0.158249 61 0.51957 1.91642 92.2524 1
312 308920 0.078037 61 0.519568 1.91642 92.2527 1
313 308922 0.144321 61 0.519565 1.91643 92.2532 1
314 308925 0.213114 61 0.51956 1.91647 92.2541 1
315 308934 0.403608 61 0.519545 1.91651 92.2568 1
316 308936 0.156705 61 0.519541 1.91652 92.2574 1
317 308938 0.144301 61 0.519538 1.91655 92.258 1
318 308971 1.15566 70 0.519482 1.91648 92.2679 1
319 309006 1.27144 91 0.519424 1.91639 92.2783 1
320 309014 0.532828 91 0.51941 1.9164 92.2807 1
321 309015 0.089422 91 0.519408 1.9164 92.281 1
322 309017 0.102964 91 0.519405 1.91642 92.2816 1
323 309035 0.807867 91 0.519375 1.91647 92.287 1
324 309039 0.245737 91 0.519368 1.91649 92.2882 1
325 309050 0.524546 91 0.51935 1.91646 92.2915 1
327 309054 0.369624 91 0.519343 1.91649 92.2927 1
328 309059 0.445849 91 0.519334 1.9166 92.2942 1
329 309061 0.147608 91 0.519331 1.91662 92.2948 1
330 309062 0.087772 91 0.519329 1.91664 92.2951 1
332 309063 0.084091 91 0.519328 1.91665 92.2954 1
333 309066 0.183624 91 0.519323 1.91663 92.2963 1
335 309072 0.368051 91 0.519313 1.91662 92.298 1
337 309074 0.173167 91 0.519309 1.91665 92.2986 1
339 309076 0.180161 91 0.519306 1.91669 92.2992 1
341 309078 0.194513 91 0.519303 1.91669 92.2998 1
342 309083 0.279005 91 0.519294 1.91669 92.3013 1
344 309087 0.268029 91 0.519287 1.91672 92.3025 1
345 309093 0.396263 91 0.519277 1.91684 92.3043 1
346 309098 0.33705 91 0.519269 1.91685 92.3058 1
347 309099 0.093715 91 0.519267 1.91685 92.3061 1
348 309101 0.214532 91 0.519264 1.91687 92.3067 1
349 309102 0.098384 91 0.519262 1.91687 92.307 1
350 309103 0.092563 91 0.519261 1.91688 92.3073 1
351 309104 0.093357 91 0.519259 1.91688 92.3076 1
352 309105 0.093693 91 0.519257 1.91688 92.3079 1
353 309108 0.266745 91 0.519252 1.91692 92.3088 1
355 309109 0.080821 91 0.51925 1.91693 92.3091 1
358 309111 0.202142 91 0.519247 1.91693 92.3097 1
360 309113 0.176466 91 0.519244 1.91694 92.3103 1
361 309114 0.085991 91 0.519242 1.91694 92.3106 1
364 309115 0.094307 91 0.51924 1.91696 92.3109 1
368 309116 0.106684 91 0.519239 1.91696 92.3112 1
371 309120 0.379047 91 0.519232 1.91697 92.3124 1
372 309125 0.346576 91 0.519224 1.91696 92.3139 1
373 309126 0.102943 91 0.519222 1.91696 92.3142 1
374 309130 0.315192 91 0.519215 1.91695 92.3154 1
377 309131 0.096943 91 0.519214 1.91695 92.3157 1
378 309133 0.2068 91 0.51921 1.91696 92.3163 1
379 309134 0.114468 91 0.519208 1.91696 92.3166 1
380 309135 0.121933 91 0.519207 1.91698 92.3169 1
383 309136 0.118654 91 0.519205 1.91699 92.3172 1
384 309141 0.384356 91 0.519197 1.91698 92.3186 1
385 309142 0.124997 91 0.519195 1.91699 92.3189 1
386 309146 0.357206 91 0.519188 1.917 92.3201 1
388 309172 1.54002 91 0.519145 1.91694 92.3279 1
390 309174 0.170164 91 0.519141 1.91698 92.3285 1
391 309176 0.224029 91 0.519138 1.917 92.3291 1
396 309177 0.120758 91 0.519136 1.91701 92.3294 1
398 309178 0.124737 91 0.519135 1.91702 92.3297 1
399 309179 0.122478 91 0.519133 1.91703 92.33 1
400 309180 0.110675 91 0.519131 1.91703 92.3303 1
401 309181 0.113622 91 0.51913 1.91703 92.3306 1
404 309182 0.123787 91 0.519128 1.91704 92.3309 1
405 309183 0.13704 91 0.519126 1.91706 92.3312 1
406 309186 0.270131 91 0.519121 1.91706 92.3321 1
407 309195 0.646735 91 0.519106 1.91706 92.3348 1
408 309197 0.280826 91 0.519103 1.91706 92.3354 1
409 309199 0.225738 91 0.519099 1.91707 92.336 1
411 309202 0.329612 91 0.519094 1.91707 92.3369 1
412 309204 0.284817 91 0.519091 1.91709 92.3375 1
413 309209 0.473063 91 0.519083 1.91713 92.339 1
414 309212 0.29034 91 0.519078 1.91714 92.3399 1
416 309213 0.082887 91 0.519076 1.91721 92.3402 1
417 309214 0.11524 91 0.519074 1.91725 92.3404 1
418 309215 0.128364 91 0.519072 1.91728 92.3407 1
419 309216 0.159878 91 0.519071 1.91728 92.341 1
422 309217 0.144006 91 0.519069 1.91728 92.3413 1
423 309222 0.471153 91 0.519061 1.91727 92.3428 1
424 309224 0.288458 91 0.519057 1.91728 92.3434 1
425 309227 0.344355 91 0.519052 1.91729 92.3443 1
427 309228 0.1182 91 0.519051 1.9173 92.3446 1
428 309229 0.144327 91 0.519049 1.9173 92.3449 1
430 309231 0.245042 91 0.519046 1.91732 92.3455 1
431 309234 0.342084 91 0.519041 1.91736 92.3464 1
432 309235 0.125704 91 0.519039 1.91736 92.3467 1
433 309236 0.148881 91 0.519037 1.91737 92.347 1
435 309237 0.135024 91 0.519036 1.91737 92.3473 1
436 309243 0.656511 91 0.519025 1.91736 92.3491 1
440 309245 0.298844 91 0.519022 1.91738 92.3497 1
442 309257 1.07228 91 0.519002 1.9174 92.3533 1
443 309258 0.101932 91 0.519 1.9174 92.3536 1
444 309261 0.284222 91 0.518995 1.91739 92.3545 1
447 309264 0.317506 91 0.51899 1.91739 92.3554 1
448 309267 0.393562 91 0.518985 1.9174 92.3563 1
450 309270 0.345242 91 0.51898 1.91744 92.3572 1
451 309271 0.172215 91 0.518979 1.91744 92.3575 1
452 309274 0.472899 91 0.518973 1.91746 92.3584 1
455 309277 0.471794 91 0.518968 1.91748 92.3593 1
458 309295 1.56756 91 0.518938 1.91748 92.3646 1
462 309298 0.480626 91 0.518933 1.91748 92.3655 1
463 309300 0.373308 91 0.51893 1.91753 92.3661 1
465 309301 0.186298 91 0.518928 1.91754 92.3664 1
466 309306 0.713902 91 0.51892 1.91759 92.3679 1
467 309310 0.531534 91 0.518913 1.91762 92.3691 1
468 309311 0.115625 91 0.518911 1.91762 92.3694 1
471 309312 0.17921 91 0.51891 1.91762 92.3697 1
473 309313 0.169742 91 0.518908 1.91763 92.37 1
475 309317 0.443906 91 0.518901 1.91761 92.3712 1
477 309318 0.143918 91 0.5189 1.91761 92.3715 1
482 309320 0.335524 91 0.518896 1.91762 92.3721 1
483 309321 0.183294 91 0.518895 1.91762 92.3724 1
489 309324 0.477135 91 0.51889 1.91764 92.3733 1
490 309325 0.165443 91 0.518888 1.91767 92.3736 1
491 309328 0.622636 91 0.518883 1.91768 92.3745 1
494 309330 0.416382 91 0.51888 1.91769 92.3751 1
497 309335 0.717781 91 0.518871 1.91768 92.3766 1
498 309340 0.698968 91 0.518863 1.91771 92.3781 1
499 309343 0.508635 91 0.518858 1.91772 92.379 1
