400
1 0 5e-06 0 nan nan 0 1
5 3 0.000175 0 1 nan 0.75 2
6 160 0.006148 0 1 nan 40 2
9 165 0.000481 1 0.969697 1 41.25 2
10 175 0.001038 1 0.914286 1 43.75 2
14 190 0.002316 1 0.842105 1.5 47.5 3
17 192 0.000521 1 0.833333 1.71875 48 3
18 198 0.001431 1 0.808081 2.23684 49.5 3
20 205 0.001851 2 0.780488 2.48889 51.25 3
23 206 0.000304 2 0.776699 2.52174 51.5 3
24 210 0.001456 2 0.761905 2.68 52.5 3
26 211 0.000675 2 0.758294 2.70588 52.75 3
27 215 0.001763 3 0.744186 2.65455 53.75 3
28 218 0.001114 4 0.733945 2.63793 54.5 3
29 223 0.002654 5 0.717489 2.5873 55.75 4
34 224 0.000618 6 0.714286 2.59375 56 4
35 226 0.001239 6 0.707965 2.59091 56.5 4
37 229 0.001841 6 0.69869 2.63768 57.25 4
42 233 0.003073 6 0.686695 2.71233 58.25 4
44 241 0.004619 14 0.6639 2.5679 60.25 4
45 247 0.004123 14 0.647773 2.51724 61.75 5
46 252 0.0041 14 0.634921 2.52174 63 5
50 253 0.00127 15 0.632411 2.51613 63.25 5
