143
1 7 5.2e-05 2 0.857143 1 4.8951 1
2 24 0.000136 4 0.875 1 16.7832 1
3 32 0.000114 4 0.84375 1 22.3776 1
4 44 0.000272 5 0.75 1.36364 30.7692 1
5 54 0.000221 7 0.703704 1.4375 37.7622 1
6 59 0.000194 8 0.661017 1.4 41.2587 1
7 63 0.000155 8 0.650794 1.63636 44.0559 1
8 69 0.000287 9 0.608696 1.59259 48.2517 1
9 74 0.000296 9 0.594595 1.53333 51.7483 1
10 78 0.000253 9 0.589744 1.5 54.5455 1
11 82 0.000307 9 0.573171 1.51429 57.3427 1
12 96 0.000891 11 0.489583 1.46939 67.1329 1
13 97 0.000177 11 0.484536 1.48 67.8322 1
15 98 0.000152 11 0.479592 1.47059 68.5315 1
16 100 0.000295 12 0.47 1.50943 69.9301 1
17 102 0.000356 12 0.460784 1.56364 71.3287 1
20 105 0.000575 13 0.447619 1.56897 73.4266 1
21 109 0.000779 16 0.431193 1.58065 76.2238 1
23 110 0.00033 16 0.427273 1.5873 76.9231 1
25 114 0.000965 16 0.412281 1.59701 79.7203 1
28 143 0.003852 43 0.328671 1.47917 100 4
