1005
1 97 0.000835 1 1 nan 9.65174 2
2 141 0.000515 1 1 nan 14.0299 2
3 177 0.000625 2 0.983051 1 17.6119 2
4 209 0.000748 2 0.980861 1 20.796 2
5 233 0.000889 2 0.974249 1 23.1841 2
6 259 0.001716 2 0.972973 1 25.7711 2
7 278 0.001106 3 0.960432 1 27.6617 2
8 296 0.001286 3 0.959459 1 29.4527 2
9 311 0.001141 3 0.958199 1 30.9453 2
10 324 0.001128 3 0.944444 1 32.2388 2
11 343 0.001772 3 0.93586 1.04545 34.1294 2
12 356 0.001326 3 0.924157 1.07407 35.4229 2
13 366 0.001183 3 0.923497 1.14286 36.4179 2
14 377 0.001626 3 0.920424 1.13333 37.5124 2
15 385 0.001423 3 0.911688 1.11765 38.3085 2
16 390 0.00107 4 0.905128 1.10811 38.806 2
17 399 0.001956 4 0.894737 1.2381 39.7015 2
18 411 0.002758 4 0.885645 1.21277 40.8955 2
19 422 0.002689 4 0.876777 1.21154 41.99 2
20 429 0.001886 4 0.871795 1.2 42.6866 2
21 441 0.003191 4 0.85941 1.17742 43.8806 2
22 447 0.001823 4 0.852349 1.21212 44.4776 2
23 451 0.001299 4 0.849224 1.20588 44.8756 2
24 457 0.002224 5 0.844639 1.22535 45.4726 2
25 462 0.002209 5 0.839827 1.21622 45.9701 2
26 466 0.001486 5 0.832618 1.20513 46.3682 2
27 470 0.001735 5 0.831915 1.20253 46.7662 2
28 479 0.005573 5 0.820459 1.22093 47.6617 2
29 482 0.00185 5 0.817427 1.22727 47.9602 2
30 486 0.002323 5 0.8107 1.29348 48.3582 2
31 491 0.002948 5 0.802444 1.30928 48.8557 2
32 494 0.00165 5 0.799595 1.32323 49.1542 2
33 497 0.001997 5 0.794769 1.36275 49.4527 2
34 503 0.004321 6 0.787276 1.39252 50.0498 2
35 505 0.001601 6 0.784158 1.3945 50.2488 2
36 506 0.000617 6 0.782609 1.39091 50.3483 2
37 511 0.003466 7 0.774951 1.42609 50.8458 2
38 514 0.002659 7 0.770428 1.44068 51.1443 2
39 516 0.001642 7 0.767442 1.45833 51.3433 2
40 520 0.003732 8 0.761538 1.46774 51.7413 2
41 523 0.003495 8 0.75717 1.51181 52.0398 2
42 525 0.002007 8 0.754286 1.52713 52.2388 2
43 527 0.001918 8 0.751423 1.52672 52.4378 2
44 532 0.005382 8 0.744361 1.55147 52.9353 2
46 537 0.005136 9 0.73743 1.53191 53.4328 2
47 538 0.001155 9 0.736059 1.53521 53.5323 2
49 539 0.001424 9 0.734694 1.53846 53.6318 2
50 540 0.001586 9 0.733333 1.54861 53.7313 2
51 541 0.002027 9 0.731978 1.55862 53.8308 2
52 543 0.003445 9 0.729282 1.57143 54.0299 2
53 547 0.005682 10 0.723949 1.58278 54.4279 2
55 549 0.003476 10 0.721311 1.5817 54.6269 2
56 550 0.001797 10 0.72 1.59091 54.7264 2
57 552 0.003832 10 0.717391 1.59615 54.9254 2
58 554 0.003253 10 0.714801 1.62658 55.1244 2
59 557 0.004959 10 0.710952 1.65217 55.4229 2
60 560 0.006313 10 0.707143 1.67683 55.7214 2
62 561 0.002819 10 0.705882 1.68485 55.8209 2
64 562 0.002367 10 0.704626 1.68675 55.9204 2
65 563 0.002473 11 0.703375 1.68862 56.0199 2
66 566 0.006037 11 0.699647 1.7 56.3184 2
70 567 0.002696 11 0.698413 1.7076 56.4179 2
72 568 0.003026 11 0.697183 1.7093 56.5174 2
73 571 0.007448 11 0.69352 1.71429 56.8159 2
74 577 0.01373 11 0.686308 1.71271 57.4129 2
75 579 0.005406 11 0.683938 1.70492 57.6119 2
78 580 0.00355 11 0.682759 1.70652 57.7114 2
79 581 0.003038 11 0.681583 1.7027 57.8109 2
80 583 0.005842 11 0.679245 1.73797 58.01 2
81 597 0.038574 23 0.663317 1.72139 59.403 2
82 598 0.004097 23 0.662207 1.72277 59.5025 2
85 600 0.007033 24 0.66 1.73039 59.7015 2
87 602 0.008429 24 0.657807 1.72816 59.9005 2
89 603 0.003385 25 0.656716 1.72464 60 2
90 604 0.004351 25 0.655629 1.73558 60.0995 2
91 605 0.004595 25 0.654545 1.7512 60.199 2
92 606 0.003959 25 0.653465 1.75714 60.2985 2
93 607 0.004781 25 0.652389 1.75829 60.398 2
94 609 0.007927 26 0.650246 1.77465 60.597 2
95 611 0.008252 26 0.648118 1.7814 60.796 2
97 612 0.004343 26 0.647059 1.79167 60.8955 2
98 613 0.005276 26 0.646003 1.79263 60.995 2
