10000
1 0 6e-06 0 nan nan 0 1
3 3744 0.068322 2 0.999199 1 37.44 2
4 4959 0.037988 2 0.754386 1.00082 49.59 2
5 5620 0.026137 3 0.665658 1.30761 56.2 3
6 5994 0.01873 3 0.624124 1.46205 59.94 3
7 6247 0.019571 3 0.598847 1.56305 62.47 3
8 6431 0.014248 4 0.581714 1.63457 64.31 3
9 6577 0.016103 4 0.5688 1.69252 65.77 4
10 6679 0.011553 4 0.560114 1.73077 66.79 4
11 6748 0.008866 4 0.554386 1.75457 67.48 4
12 6836 0.013065 4 0.54725 1.78611 68.36 4
13 6896 0.010991 4 0.542488 1.80729 68.96 4
14 6939 0.008596 4 0.539127 1.8227 69.39 4
15 6982 0.008737 4 0.535806 1.83616 69.82 4
16 7025 0.009569 4 0.532527 1.85079 70.25 4
17 7052 0.00789 4 0.530488 1.85956 70.52 4
18 7075 0.00709 5 0.528763 1.86713 70.75 4
19 7106 0.009202 5 0.526457 1.87697 71.06 4
20 7126 0.008091 5 0.524979 1.8836 71.26 4
21 7151 0.012094 5 0.523144 1.8915 71.51 4
22 7171 0.009749 5 0.521685 1.89796 71.71 4
23 7190 0.010018 5 0.520306 1.90374 71.9 5
24 7202 0.005941 6 0.519439 1.90667 72.02 5
25 7216 0.009068 6 0.518431 1.91108 72.16 5
26 7223 0.004517 6 0.517929 1.91327 72.23 5
27 7235 0.007544 6 0.51707 1.917 72.35 5
28 7247 0.008236 6 0.516214 1.92071 72.47 5
29 7258 0.008317 6 0.515431 1.9238 72.58 5
30 7268 0.007272 6 0.514722 1.92685 72.68 5
31 7274 0.005348 6 0.514297 1.92867 72.74 5
32 7280 0.004715 6 0.513874 1.93021 72.8 5
33 7287 0.006242 6 0.51338 1.93232 72.87 5
34 7294 0.006175 6 0.512887 1.93442 72.94 5
35 7301 0.006875 6 0.512396 1.93596 73.01 5
36 7310 0.009033 6 0.511765 1.93836 73.1 5
37 7318 0.008607 6 0.511205 1.94045 73.18 5
38 7327 0.010324 6 0.510577 1.94311 73.27 5
39 7332 0.006521 6 0.510229 1.94458 73.32 5
40 7334 0.002559 6 0.51009 1.94489 73.34 5
41 7340 0.008195 6 0.509673 1.94665 73.4 5
42 7343 0.004276 6 0.509465 1.94753 73.43 5
43 7347 0.005991 6 0.509187 1.94842 73.47 5
44 7350 0.004739 6 0.50898 1.94929 73.5 5
45 7352 0.003394 6 0.508841 1.9496 73.52 5
46 7356 0.006958 6 0.508564 1.95076 73.56 5
47 7359 0.006276 6 0.508357 1.95135 73.59 5
48 7363 0.007755 6 0.508081 1.95251 73.63 5
49 7367 0.0092 6 0.507805 1.95367 73.67 5
50 7374 0.014283 6 0.507323 1.95541 73.74 5
51 7377 0.00641 6 0.507117 1.95627 73.77 5
52 7378 0.002501 6 0.507048 1.95656 73.78 5
53 7381 0.007217 6 0.506842 1.95714 73.81 5
54 7383 0.006439 6 0.506705 1.95772 73.83 5
55 7384 0.002214 6 0.506636 1.958 73.84 5
56 7387 0.008073 6 0.50643 1.95886 73.87 5
57 7390 0.007215 6 0.506225 1.95944 73.9 5
58 7393 0.008881 6 0.506019 1.9603 73.93 5
60 7395 0.005659 6 0.505882 1.96086 73.95 5
61 7396 0.003288 6 0.505814 1.96115 73.96 5
62 7397 0.002791 6 0.505746 1.96116 73.97 5
63 7400 0.009514 6 0.505541 1.96201 74 5
64 7403 0.009589 6 0.505336 1.96286 74.03 5
66 7405 0.00699 6 0.505199 1.96343 74.05 5
67 7407 0.00653 6 0.505063 1.96399 74.07 5
68 7409 0.006905 6 0.504926 1.96429 74.09 5
69 7411 0.007172 6 0.50479 1.96485 74.11 5
70 7413 0.007044 6 0.504654 1.96541 74.13 5
71 7414 0.004329 6 0.504586 1.9657 74.14 5
72 7416 0.007276 6 0.50445 1.96571 74.16 6
73 7417 0.004203 6 0.504382 1.966 74.17 6
74 7419 0.007985 6 0.504246 1.96629 74.19 6
75 7421 0.009481 6 0.50411 1.96658 74.21 6
76 7424 0.012992 6 0.503906 1.96715 74.24 6
77 7427 0.010648 6 0.503703 1.96744 74.27 6
78 7430 0.01444 7 0.503499 1.96801 74.3 6
79 7433 0.01382 7 0.503296 1.96858 74.33 6
80 7435 0.009772 7 0.503161 1.96887 74.35 6
83 7436 0.005829 7 0.503093 1.96915 74.36 6
85 7437 0.005749 7 0.503025 1.96943 74.37 6
86 7440 0.017985 7 0.502823 1.97026 74.4 6
89 7442 0.012392 7 0.502687 1.97082 74.42 6
90 7444 0.013119 7 0.502552 1.97137 74.44 6
92 7445 0.006522 7 0.502485 1.97165 74.45 6
93 7446 0.007046 7 0.502417 1.97193 74.46 6
95 7448 0.014256 7 0.502282 1.97221 74.48 6
96 7449 0.007026 7 0.502215 1.97249 74.49 6
97 7451 0.015069 7 0.50208 1.97305 74.51 6
98 7452 0.00651 7 0.502013 1.97305 74.52 6
99 7453 0.007297 7 0.501946 1.97333 74.53 6
100 7454 0.007437 7 0.501878 1.97334 74.54 6
103 7455 0.00776 7 0.501811 1.97361 74.55 6
104 7456 0.008488 7 0.501744 1.97389 74.56 6
105 7457 0.008874 7 0.501676 1.97417 74.57 6
109 7458 0.008185 7 0.501609 1.97417 74.58 6
110 7459 0.010315 7 0.501542 1.97445 74.59 6
111 7461 0.019013 7 0.501407 1.975 74.61 6
112 7462 0.007736 7 0.50134 1.97501 74.62 6
114 7463 0.009176 7 0.501273 1.97501 74.63 6
116 7464 0.009604 7 0.501206 1.97529 74.64 6
117 7465 0.009162 7 0.501139 1.9753 74.65 6
118 7466 0.009003 7 0.501072 1.9753 74.66 6
119 7467 0.010435 7 0.501004 1.97558 74.67 6
123 7468 0.011798 7 0.500937 1.97585 74.68 6
127 7470 0.02105 7 0.500803 1.97586 74.7 6
129 7472 0.022398 7 0.500669 1.97615 74.72 6
130 7473 0.011843 7 0.500602 1.97642 74.73 6
132 7474 0.011994 7 0.500535 1.97669 74.74 6
134 7475 0.011684 7 0.500468 1.9767 74.75 6
137 7476 0.012466 7 0.500401 1.97671 74.76 6
138 7477 0.013727 7 0.500334 1.97698 74.77 6
142 7478 0.013689 7 0.500267 1.97725 74.78 6
143 7480 0.025924 8 0.500134 1.97753 74.8 6
145 7481 0.012865 8 0.500067 1.97754 74.81 6
146 7482 0.013487 8 0.5 1.97755 74.82 6
147 7483 0.01587 8 0.499933 1.97782 74.83 6
149 7484 0.013754 8 0.499866 1.97783 74.84 6
151 7485 0.013964 8 0.4998 1.97783 74.85 6
156 7486 0.017568 8 0.499733 1.9781 74.86 6
157 7487 0.016115 8 0.499666 1.97811 74.87 6
158 7488 0.01608 8 0.499599 1.97812 74.88 6
163 7489 0.016213 8 0.499533 1.97812 74.89 6
165 7490 0.017083 8 0.499466 1.97813 74.9 6
172 7491 0.018604 8 0.499399 1.97813 74.91 6
173 7492 0.019485 8 0.499333 1.97814 74.92 7
174 7493 0.019486 8 0.499266 1.97814 74.93 7
177 7494 0.022952 8 0.499199 1.97842 74.94 7
178 7496 0.046463 8 0.499066 1.97896 74.96 7
180 7497 0.023995 8 0.499 1.97923 74.97 7
182 7498 0.022278 8 0.498933 1.97924 74.98 7
187 7499 0.022839 8 0.498867 1.97924 74.99 7
195 7500 0.028669 8 0.4988 1.97952 75 7
196 7501 0.025423 8 0.498734 1.97952 75.01 7
