334863
1 28971 0.183433 7 0.887405 1.13795 8.6516 1
2 72240 0.473004 12 0.790795 1.23807 21.573 1
3 128319 0.859038 16 0.723268 1.3118 38.3199 1
4 190338 1.26258 18 0.673638 1.38291 56.8406 1
5 244113 1.45542 22 0.639757 1.45563 72.8994 1
6 261600 0.674638 25 0.600099 1.52146 78.1215 1
7 271994 0.560206 31 0.577535 1.57637 81.2255 1
8 278727 0.530823 38 0.563623 1.62003 83.2361 1
9 283336 0.488775 39 0.554458 1.65483 84.6125 1
10 286626 0.43498 39 0.548094 1.6812 85.595 1
11 289084 0.348681 41 0.543434 1.7019 86.329 1
12 291103 0.373525 41 0.539665 1.71922 86.932 1
13 292762 0.312586 41 0.536607 1.73488 87.4274 1
14 294093 0.312779 41 0.534178 1.74653 87.8249 1
15 295195 0.273203 44 0.532184 1.75732 88.154 1
16 296172 0.257826 44 0.530428 1.76556 88.4457 1
17 297007 0.265417 44 0.528937 1.77365 88.6951 1
18 297765 0.275608 44 0.527591 1.78104 88.9214 1
19 298387 0.247863 45 0.526491 1.78626 89.1072 1
20 298919 0.238593 45 0.525554 1.7915 89.2661 1
21 299487 0.262945 45 0.524557 1.79688 89.4357 1
22 300000 0.278779 45 0.52366 1.80128 89.5889 1
23 300445 0.264395 45 0.522884 1.80504 89.7218 1
24 300786 0.234258 45 0.522292 1.80828 89.8236 1
25 301164 0.23875 45 0.521636 1.81153 89.9365 1
