3997962
1 818745 4.70749 5 0.95992 1.16544 20.4791 3
2 1273581 4.69098 10 0.915291 1.21606 31.8558 4
3 1576227 4.78675 11 0.882034 1.25366 39.4258 4
4 1796584 5.13601 13 0.855598 1.28709 44.9375 4
5 1964308 5.6262 13 0.833414 1.31551 49.1327 4
6 2095881 5.99062 16 0.81453 1.34231 52.4237 5
7 2201970 6.28211 17 0.798383 1.36699 55.0773 5
8 2288425 6.53041 17 0.784405 1.38972 57.2398 5
9 2361244 6.85094 17 0.772022 1.41043 59.0612 5
10 2422766 7.0605 19 0.761185 1.43028 60.6 5
11 2476054 7.34297 22 0.751394 1.44884 61.9329 5
12 2521341 7.69308 23 0.742907 1.46596 63.0657 5
13 2561012 7.46886 29 0.735166 1.48245 64.0579 5
14 2595646 7.48652 29 0.728327 1.49746 64.9242 5
15 2626319 7.46037 29 0.722161 1.51106 65.6914 5
16 2653892 7.5459 29 0.716557 1.5241 66.3811 5
17 2678794 7.65191 30 0.71135 1.53645 67.004 5
18 2701290 7.58964 32 0.706672 1.54815 67.5667 5
19 2721827 7.64601 32 0.702353 1.55918 68.0804 5
20 2740354 7.48954 33 0.698442 1.56931 68.5438 5
21 2757059 7.52181 35 0.694902 1.57941 68.9616 5
22 2772419 7.49641 36 0.691653 1.58903 69.3458 5
23 2786613 7.47258 48 0.688618 1.59798 69.7008 5
24 2800009 7.63373 48 0.685727 1.60675 70.0359 5
25 2812209 7.46453 48 0.683083 1.61488 70.3411 5
26 2823605 7.43832 48 0.680627 1.62256 70.6261 5
27 2834307 7.56173 48 0.678315 1.62983 70.8938 6
28 2844164 7.40304 48 0.676207 1.63661 71.1403 6
29 2853793 7.52129 62 0.674126 1.6431 71.3812 6
30 2862777 7.57272 62 0.672179 1.64936 71.6059 6
31 2870933 7.59352 62 0.670413 1.65593 71.8099 6
32 2878765 7.56766 62 0.668712 1.66186 72.0058 6
33 2886160 7.49334 62 0.667109 1.66731 72.1908 6
34 2893008 7.35314 62 0.665643 1.67278 72.3621 6
35 2899490 7.50176 67 0.664234 1.67815 72.5242 6
36 2905783 7.62746 67 0.662873 1.6833 72.6816 6
37 2911863 7.59668 67 0.661571 1.68818 72.8337 6
38 2917241 7.34737 67 0.660413 1.69288 72.9682 6
39 2922796 7.55555 67 0.65921 1.69749 73.1071 6
40 2927943 7.42291 67 0.658104 1.70171 73.2359 6
41 2932663 7.42083 67 0.657095 1.70611 73.3539 6
42 2937426 7.57629 67 0.656065 1.70999 73.4731 6
43 2942046 7.54136 67 0.655074 1.71361 73.5886 6
44 2946274 7.48606 67 0.654174 1.7174 73.6944 6
45 2950553 7.58343 67 0.653255 1.72068 73.8014 6
46 2954431 7.35684 67 0.652426 1.72409 73.8984 6
47 2958257 7.54438 68 0.651613 1.72741 73.9941 6
48 2961950 7.47499 83 0.650829 1.73055 74.0865 6
49 2965612 7.59397 83 0.650054 1.73377 74.1781 6
50 2968841 7.12965 83 0.649367 1.73672 74.2589 6
51 2972085 7.23002 83 0.648676 1.7395 74.34 6
52 2975371 7.58157 109 0.647979 1.74234 74.4222 6
53 2978309 7.46679 109 0.647353 1.74531 74.4957 6
54 2981301 7.70551 109 0.646721 1.74822 74.5705 6
55 2984173 7.4669 109 0.646109 1.75076 74.6424 6
56 2986851 7.49704 109 0.645543 1.75328 74.7093 6
57 2989459 7.51511 109 0.644996 1.75626 74.7746 6
58 2992177 7.58888 109 0.644423 1.75852 74.8426 6
59 2994570 7.26174 109 0.643921 1.7608 74.9024 6
60 2996784 7.0723 109 0.643456 1.76305 74.9578 6
61 2999027 7.3705 109 0.642986 1.76534 75.0139 6
62 3001202 7.22022 109 0.642531 1.76742 75.0683 6
63 3003348 7.35578 109 0.642081 1.76958 75.122 6
64 3005528 7.34829 109 0.641623 1.7716 75.1765 6
65 3007557 7.40873 109 0.641197 1.77362 75.2273 6
66 3009465 7.35678 109 0.640798 1.77568 75.275 6
67 3011467 7.56402 109 0.640379 1.77764 75.3251 6
68 3013405 7.42259 109 0.639972 1.77939 75.3735 6
69 3015359 7.65126 109 0.639567 1.78131 75.4224 6
70 3017117 7.30205 109 0.639198 1.78319 75.4664 6
71 3019028 7.90968 109 0.638799 1.78496 75.5142 6
72 3020722 7.56933 109 0.638449 1.78673 75.5565 6
73 3022241 6.71702 109 0.638132 1.78819 75.5945 6
74 3023869 7.30609 119 0.637797 1.78982 75.6353 6
75 3025340 7.28596 119 0.63749 1.79143 75.6721 6
76 3026818 7.28803 119 0.637184 1.79301 75.709 6
77 3028274 7.31366 119 0.636883 1.79459 75.7454 6
78 3029677 6.97404 119 0.636594 1.79595 75.7805 6
79 3031260 7.70589 119 0.636266 1.79747 75.8201 6
80 3032610 6.97678 119 0.635986 1.79875 75.8539 6
81 3033936 7.31505 119 0.635714 1.80023 75.8871 6
82 3035321 7.36458 119 0.63543 1.80149 75.9217 6
83 3036560 7.16139 119 0.635176 1.80282 75.9527 6
84 3037827 7.42287 119 0.634913 1.80427 75.9844 6
85 3038949 7.11845 119 0.634681 1.80555 76.0125 6
86 3040053 6.88412 119 0.634454 1.80675 76.0401 6
87 3041247 7.48376 119 0.634208 1.80799 76.0699 6
88 3042359 7.37525 119 0.63398 1.80914 76.0977 6
89 3043429 7.13553 119 0.633761 1.81031 76.1245 6
90 3044807 7.87332 119 0.633477 1.81139 76.159 6
91 3045819 7.25677 119 0.63327 1.8126 76.1843 6
92 3047120 7.54533 119 0.633007 1.81358 76.2168 6
93 3048099 7.26408 119 0.632807 1.81469 76.2413 6
94 3049055 7.32998 119 0.63261 1.81587 76.2652 6
95 3049944 6.89691 119 0.632429 1.81689 76.2875 6
96 3050941 7.09453 119 0.632226 1.81779 76.3124 6
97 3052062 7.47907 121 0.631997 1.81866 76.3404 6
98 3052952 6.9488 121 0.631815 1.81964 76.3627 6
99 3053851 7.2271 132 0.631631 1.82058 76.3852 6
100 3054712 7.14453 132 0.631456 1.82152 76.4067 6
101 3055534 7.28512 132 0.631289 1.82253 76.4273 6
102 3056367 7.25112 132 0.63112 1.82352 76.4481 6
103 3057236 7.31082 132 0.630943 1.82435 76.4699 6
104 3058055 7.21016 132 0.630776 1.82527 76.4903 6
105 3058876 6.96415 132 0.63061 1.82602 76.5109 6
106 3059603 6.86069 132 0.630462 1.82686 76.5291 6
107 3060347 7.09561 132 0.63031 1.82771 76.5477 6
108 3061164 7.50485 132 0.630143 1.8286 76.5681 6
109 3061801 6.4775 132 0.630013 1.8293 76.584 6
110 3062539 7.39353 132 0.629862 1.83011 76.6025 6
111 3063235 7.30534 132 0.629721 1.83097 76.6199 6
112 3063880 6.85242 132 0.629589 1.83172 76.636 6
113 3064571 7.25695 132 0.629448 1.83253 76.6533 6
114 3065547 7.6887 178 0.62925 1.83312 76.6777 6
115 3066322 7.52542 178 0.629092 1.83386 76.6971 6
116 3066944 6.99506 178 0.628966 1.83461 76.7127 6
117 3067640 7.45339 178 0.628825 1.83535 76.7301 6
118 3068279 7.27639 178 0.628696 1.83617 76.7461 6
119 3068898 7.00431 178 0.628571 1.83689 76.7616 6
120 3069515 7.38477 178 0.628445 1.83759 76.777 6
121 3070124 7.56881 178 0.628321 1.83835 76.7922 6
122 3070773 7.3825 178 0.628188 1.839 76.8085 6
123 3071352 7.32963 178 0.628072 1.83968 76.8229 6
124 3071880 6.76217 178 0.627965 1.84031 76.8361 6
125 3072520 7.87418 178 0.627835 1.84102 76.8522 6
126 3073114 7.72298 178 0.627715 1.84171 76.867 6
127 3073626 7.06862 178 0.627612 1.84236 76.8798 6
128 3074109 6.79024 178 0.627515 1.84301 76.8919 6
129 3074811 7.48381 178 0.627374 1.84355 76.9095 6
130 3075359 7.79557 178 0.627264 1.84423 76.9232 6
131 3075870 7.27528 178 0.62716 1.84486 76.9359 6
132 3076422 7.49832 178 0.627048 1.84547 76.9498 6
133 3076900 7.05495 179 0.626951 1.84608 76.9617 6
134 3077400 7.42765 179 0.626849 1.84667 76.9742 6
135 3077878 7.18836 179 0.626753 1.84722 76.9862 6
136 3078335 6.92265 179 0.626661 1.84778 76.9976 6
137 3078779 6.76205 179 0.626572 1.84829 77.0087 6
138 3079338 7.44316 179 0.626459 1.84874 77.0227 6
139 3079774 6.86387 179 0.626372 1.84925 77.0336 6
140 3080298 7.28508 179 0.626266 1.84968 77.0467 6
141 3080809 7.41818 179 0.626163 1.85018 77.0595 6
142 3081238 7.01959 179 0.626077 1.85067 77.0702 6
143 3081644 6.72326 179 0.625995 1.85118 77.0804 6
144 3082055 6.80189 179 0.625912 1.85162 77.0907 7
145 3082439 6.57188 179 0.625835 1.85212 77.1003 7
146 3082823 6.66686 179 0.625758 1.85256 77.1099 7
147 3083228 6.90666 179 0.625676 1.85301 77.12 7
148 3083634 7.2916 179 0.625595 1.85353 77.1301 7
149 3084029 7.21319 179 0.625516 1.85404 77.14 7
150 3084430 6.95933 179 0.625435 1.85445 77.1501 7
151 3084817 7.26414 179 0.625358 1.85494 77.1597 7
152 3085208 7.13908 179 0.62528 1.85535 77.1695 7
153 3085591 6.94768 179 0.625203 1.85578 77.1791 7
154 3086004 7.63631 179 0.62512 1.85623 77.1894 7
155 3086350 6.64447 179 0.625051 1.85663 77.1981 7
156 3086746 7.32216 179 0.624971 1.85699 77.208 7
157 3087138 7.54793 179 0.624892 1.85745 77.2178 7
158 3087553 7.90233 179 0.624809 1.8579 77.2282 7
159 3087908 7.15422 179 0.624739 1.85834 77.2371 7
160 3088299 7.70209 179 0.624661 1.85873 77.2468 7
161 3088669 7.37174 179 0.624587 1.85913 77.2561 7
162 3089043 7.38939 179 0.624512 1.85951 77.2654 7
163 3089429 8.10278 179 0.624434 1.85994 77.2751 7
164 3089786 7.74807 179 0.624363 1.86034 77.284 7
165 3090071 6.36017 179 0.624306 1.86069 77.2912 7
166 3090397 7.11464 179 0.624241 1.86111 77.2993 7
167 3090715 7.15987 179 0.624178 1.86147 77.3073 7
168 3091020 6.92871 179 0.624117 1.86184 77.3149 7
169 3091307 6.70793 179 0.62406 1.86224 77.3221 7
170 3091633 6.63474 179 0.623995 1.86253 77.3302 7
171 3091932 7.02292 179 0.623935 1.86289 77.3377 7
172 3092274 8.03712 179 0.623867 1.86325 77.3463 7
173 3092780 8.6397 204 0.623766 1.86345 77.3589 7
174 3093060 6.81867 204 0.62371 1.8638 77.3659 7
175 3093327 6.5815 204 0.623656 1.86411 77.3726 7
176 3093620 7.05417 204 0.623597 1.86444 77.3799 7
177 3093908 6.90017 204 0.623539 1.86473 77.3871 7
178 3094177 6.71516 204 0.623486 1.86506 77.3939 7
179 3094457 6.87571 204 0.62343 1.86534 77.4009 7
180 3094749 7.4186 204 0.623372 1.86568 77.4082 7
181 3095050 7.58787 204 0.623312 1.86601 77.4157 7
182 3095504 8.38365 204 0.623221 1.86624 77.427 7
183 3095984 8.45657 204 0.623124 1.8665 77.4391 7
184 3096270 7.34998 204 0.623068 1.86683 77.4462 7
185 3096493 6.19363 204 0.623024 1.86711 77.4518 7
186 3096959 8.96773 204 0.62293 1.8673 77.4634 7
187 3097250 8.16884 204 0.622872 1.86766 77.4707 7
188 3097565 8.56871 204 0.622809 1.86799 77.4786 7
189 3097806 7.01222 204 0.622761 1.86828 77.4846 7
190 3098071 7.51334 204 0.622708 1.86858 77.4913 7
191 3098324 7.32895 204 0.622657 1.86886 77.4976 7
192 3098578 7.57642 204 0.622606 1.86915 77.5039 7
193 3098845 7.52067 204 0.622553 1.86944 77.5106 7
194 3099109 7.70289 204 0.6225 1.86972 77.5172 7
195 3099329 6.78545 204 0.622456 1.87 77.5227 7
196 3099566 7.53116 204 0.622409 1.8703 77.5287 7
197 3099792 7.06426 204 0.622364 1.87057 77.5343 7
198 3100021 7.2351 204 0.622318 1.87086 77.54 7
199 3100249 6.92204 204 0.622272 1.87111 77.5457 7
200 3100477 7.36167 204 0.622227 1.87139 77.5514 7
