1 9464 0.048792 1 1 nan 28.0864 1
2 12950 0.021991 2 0.962548 1.00619 38.4319 1
3 16843 0.030126 4 0.905421 1.03264 49.9852 1
4 18240 0.011912 4 0.882566 1.04015 54.1311 1
5 20980 0.023601 5 0.841087 1.07738 62.2626 1
7 23054 0.020143 6 0.809621 1.10982 68.4176 1
8 23085 0.0004 6 0.809227 1.11013 68.5096 1
10 24930 0.020622 8 0.781147 1.14956 73.985 1
12 25111 0.002306 8 0.778703 1.15458 74.5222 1
14 25965 0.010556 8 0.762642 1.19082 77.0566 1
16 26680 0.010038 11 0.749213 1.22598 79.1785 1
17 26978 0.004151 12 0.744421 1.23756 80.0629 1
18 27339 0.007793 12 0.736384 1.2628 81.1343 1
19 27460 0.002722 12 0.734377 1.26789 81.4934 1
20 27911 0.010125 12 0.724804 1.29293 82.8318 1
21 28041 0.003371 12 0.722656 1.30063 83.2176 1
22 28351 0.006048 12 0.716059 1.32671 84.1376 1
23 28377 0.000569 12 0.71565 1.32978 84.2147 1
24 28732 0.007577 12 0.708409 1.35223 85.2683 1
25 28784 0.001233 12 0.707511 1.35479 85.4226 1
26 29035 0.006231 16 0.702738 1.37388 86.1675 1
27 29069 0.000865 16 0.702157 1.3763 86.2684 1
28 29268 0.005227 17 0.698271 1.39429 86.859 1
29 29325 0.001702 17 0.697221 1.39734 87.0281 1
30 29464 0.004167 17 0.694407 1.41126 87.4406 1
31 29477 0.000516 17 0.694134 1.41216 87.4792 1
32 29640 0.005572 20 0.690823 1.42623 87.963 1
33 29655 0.000567 20 0.690575 1.42851 88.0075 1
34 29781 0.004601 22 0.688157 1.44008 88.3814 1
35 29800 0.000851 22 0.687752 1.44213 88.4378 1
36 29920 0.005589 26 0.685261 1.45545 88.7939 1
37 29948 0.001223 26 0.684653 1.45786 88.877 1
38 30039 0.004315 29 0.682679 1.46968 89.1471 1
39 30060 0.000967 29 0.682236 1.47173 89.2094 1
40 30135 0.004232 29 0.680637 1.4786 89.432 1
41 30146 0.000886 29 0.680422 1.47966 89.4646 1
42 30215 0.003844 30 0.679 1.48912 89.6694 1
43 30238 0.001278 30 0.67855 1.49095 89.7377 1
44 30269 0.003371 31 0.677855 1.49482 89.8297 1
45 30281 0.000814 31 0.67762 1.49631 89.8653 1
46 30323 0.003655 33 0.676681 1.50153 89.9899 1
47 30333 0.000726 33 0.676458 1.50275 90.0196 1
48 30379 0.00412 33 0.6755 1.51146 90.1561 1
49 30390 0.001131 33 0.675288 1.51297 90.1887 1
50 30433 0.002981 33 0.6744 1.52074 90.3164 1
51 30442 0.000693 33 0.6742 1.52228 90.3431 1
52 30476 0.003808 33 0.673481 1.52879 90.444 1
53 30488 0.001177 33 0.673216 1.52956 90.4796 1
54 30504 0.002912 33 0.672863 1.53182 90.5271 1
55 30520 0.001357 34 0.67251 1.53317 90.5745 1
56 30539 0.002668 34 0.672124 1.5378 90.6309 1
57 30549 0.00066 34 0.671904 1.53886 90.6606 1
58 30571 0.003523 34 0.671421 1.54196 90.7259 1
59 30586 0.001056 34 0.671091 1.54384 90.7704 1
60 30605 0.00287 35 0.670707 1.54723 90.8268 1
61 30618 0.002375 35 0.670423 1.54861 90.8654 1
62 30624 0.00147 35 0.670291 1.54947 90.8832 1
63 30634 0.001231 35 0.670072 1.55041 90.9129 1
64 30654 0.002832 36 0.669635 1.55377 90.9722 1
65 30662 0.00173 36 0.669461 1.55501 90.996 1
66 30678 0.002334 36 0.669111 1.55945 91.0434 1
67 30685 0.001109 36 0.668959 1.56044 91.0642 1
68 30696 0.003329 37 0.668752 1.56176 91.0969 1
69 30700 0.000909 37 0.668664 1.56498 91.1087 1
70 30715 0.003292 39 0.668338 1.56886 91.1533 1
71 30727 0.001383 39 0.668077 1.56966 91.1889 1
72 30736 0.002384 40 0.667881 1.57279 91.2156 1
73 30741 0.000394 40 0.667773 1.57397 91.2304 1
74 30752 0.00301 41 0.667534 1.57639 91.2631 1
75 30754 0.000594 41 0.66749 1.57647 91.269 1
76 30763 0.00267 41 0.667295 1.57821 91.2957 1
77 30769 0.000776 41 0.667165 1.57914 91.3135 1
78 30783 0.003127 41 0.666862 1.5803 91.3551 1
79 30791 0.00108 41 0.666688 1.58131 91.3788 1
80 30796 0.002831 41 0.66658 1.58152 91.3936 1
81 30800 0.001156 41 0.666494 1.58236 91.4055 1
82 30806 0.002338 41 0.666364 1.58309 91.4233 1
83 30811 0.000879 41 0.666256 1.5831 91.4382 1
84 30818 0.002239 41 0.666104 1.58484 91.4589 1
85 30825 0.001851 41 0.665953 1.5859 91.4797 1
86 30834 0.002762 43 0.665759 1.59024 91.5064 1
87 30839 0.001635 43 0.665651 1.59112 91.5212 1
88 30844 0.00241 43 0.665575 1.59186 91.5361 1
89 30847 0.000442 43 0.66551 1.59227 91.545 1
90 30852 0.002677 43 0.665403 1.59673 91.5598 1
91 30854 0.000376 43 0.665359 1.59709 91.5658 1
92 30860 0.001923 43 0.66523 1.59936 91.5836 1
93 30865 0.002329 43 0.665122 1.59994 91.5984 1
94 30871 0.001852 43 0.664993 1.60066 91.6162 1
95 30875 0.00039 43 0.664907 1.60188 91.6281 1
96 30876 0 43 0.664885 1.60201 91.6311 1
97 30879 0.001031 43 0.664821 1.60251 91.64 1
99 30882 0.000542 43 0.664756 1.60301 91.6489 1
100 30884 0.001011 43 0.664713 1.60724 91.6548 1
101 30886 0.000291 43 0.66467 1.6077 91.6607 1
102 30892 0.001827 43 0.664541 1.60909 91.6785 1
103 30900 0.002371 43 0.664369 1.60978 91.7023 1
104 30902 0.001156 43 0.664326 1.61005 91.7082 1
105 30907 0.001187 43 0.664218 1.61052 91.7231 1
106 30911 0.002837 43 0.664133 1.61115 91.7349 1
107 30915 0.000761 43 0.664047 1.61227 91.7468 1
108 30920 0.001335 43 0.663939 1.61284 91.7616 1
109 30924 0.00306 43 0.663853 1.61376 91.7735 1
111 30925 0 43 0.663832 1.61408 91.7765 1
112 30926 0 43 0.66381 1.61422 91.7794 1
113 30931 0.000744 43 0.663703 1.61469 91.7943 1
114 30937 0.002545 43 0.663574 1.61587 91.8121 1
115 30941 0.000891 43 0.663489 1.61612 91.824 1
116 30944 0.002749 44 0.663424 1.61632 91.8329 1
117 30948 0.000436 44 0.663339 1.61676 91.8447 1
118 30950 0.003458 44 0.663296 1.61702 91.8507 1
119 30952 0.000246 44 0.663253 1.61729 91.8566 1
120 30954 0.002639 44 0.66321 1.61736 91.8625 1
121 30958 0.002225 44 0.663124 1.6178 91.8744 1
122 30960 0.001531 44 0.663081 1.61864 91.8803 1
123 30962 0.000195 44 0.663039 1.61881 91.8863 1
124 30971 0.005208 45 0.662846 1.6222 91.913 1
127 30974 0.000807 45 0.662782 1.6225 91.9219 1
128 30975 0 45 0.66276 1.62263 91.9249 1
129 30977 0.000901 45 0.662718 1.62299 91.9308 1
130 30980 0.002621 45 0.662653 1.62386 91.9397 1
131 30984 0.002563 46 0.662568 1.62516 91.9516 1
132 30985 0 46 0.662546 1.62529 91.9545 1
133 30986 0 46 0.662525 1.62542 91.9575 1
135 30987 0 46 0.662504 1.62545 91.9605 1
136 30990 0.001006 46 0.662439 1.62575 91.9694 1
137 30992 0.000576 46 0.662397 1.62611 91.9753 1
138 30994 0.001527 46 0.662354 1.62695 91.9812 1
139 30997 0.000917 46 0.66229 1.62753 91.9901 1
141 31000 0.000848 46 0.662226 1.6284 91.9991 1
143 31003 0.00054 46 0.662162 1.62889 92.008 1
145 31005 0.000831 46 0.662119 1.62915 92.0139 1
146 31006 0 46 0.662098 1.62947 92.0169 1
147 31008 0.000229 46 0.662055 1.63479 92.0228 1
148 31013 0.002663 46 0.661948 1.63544 92.0376 1
149 31015 0.000672 46 0.661906 1.63637 92.0436 1
150 31017 0.000517 46 0.661863 1.63644 92.0495 1
152 31018 0 46 0.661842 1.63648 92.0525 1
153 31020 0.000601 46 0.661799 1.63655 92.0584 1
156 31021 0 46 0.661778 1.63668 92.0614 1
157 31022 0 46 0.661756 1.6369 92.0643 1
158 31027 0.000904 46 0.66165 1.63793 92.0792 1
159 31029 0.000503 46 0.661607 1.6381 92.0851 1
160 31032 0.000869 46 0.661543 1.63887 92.094 1
161 31033 0 46 0.661522 1.63909 92.097 1
162 31034 0 46 0.6615 1.63931 92.1 1
163 31035 0 46 0.661479 1.63954 92.1029 1
164 31037 0.000482 46 0.661436 1.64018 92.1089 1
165 31041 0.002336 46 0.661351 1.64136 92.1207 1
167 31043 0.000852 46 0.661309 1.64162 92.1267 1
168 31045 0.000673 47 0.661266 1.64264 92.1326 1
170 31046 0 47 0.661245 1.64267 92.1356 1
171 31049 0.000559 47 0.661181 1.64287 92.1445 1
173 31050 0 47 0.661159 1.643 92.1474 1
174 31051 0 47 0.661138 1.64313 92.1504 1
176 31052 0 47 0.661117 1.64335 92.1534 1
178 31053 0 47 0.661096 1.64405 92.1563 1
180 31054 0 47 0.661074 1.64437 92.1593 1
183 31056 0.000242 47 0.661032 1.64463 92.1652 1
185 31059 0.001081 47 0.660968 1.6452 92.1741 1
186 31060 0 47 0.660947 1.64552 92.1771 1
189 31062 0.00111 47 0.660904 1.64787 92.183 1
190 31064 0.000692 47 0.660861 1.64813 92.189 1
191 31065 0 47 0.66084 1.64816 92.192 1
192 31068 0.002702 47 0.660776 1.64902 92.2009 1
194 31070 0.001088 47 0.660734 1.64937 92.2068 1
196 31071 0 47 0.660713 1.64931 92.2098 1
197 31073 0.00017 47 0.66067 1.64956 92.2157 1
198 31074 0 47 0.660649 1.64988 92.2187 1
199 31076 0.003963 47 0.660606 1.65952 92.2246 1
201 31077 0 47 0.660585 1.65956 92.2276 1
203 31078 0 47 0.660564 1.65968 92.2305 1
208 31079 0 47 0.660542 1.65981 92.2335 1
209 31080 0 47 0.660521 1.65994 92.2365 1
210 31082 0.001622 47 0.660479 1.66029 92.2424 1
213 31084 0.000325 47 0.660436 1.66054 92.2483 1
214 31092 0.002325 47 0.660266 1.6608 92.2721 1
219 31094 0.000299 47 0.660224 1.66096 92.278 1
220 31095 0 47 0.660203 1.66127 92.281 1
222 31096 0 47 0.660181 1.66149 92.284 1
227 31098 0.000123 47 0.660139 1.66203 92.2899 1
230 31099 0 47 0.660118 1.66235 92.2929 1
232 31100 0 47 0.660096 1.66247 92.2958 1
233 31101 0 47 0.660075 1.66288 92.2988 1
234 31102 0 47 0.660054 1.6632 92.3018 1
239 31103 0 47 0.660033 1.66361 92.3047 1
240 31105 0.001007 47 0.65999 1.66396 92.3107 1
241 31106 0 47 0.659969 1.66484 92.3136 1
245 31107 0 47 0.659948 1.66487 92.3166 1
250 31108 0 47 0.659927 1.665 92.3196 1
253 31110 0.001121 47 0.659884 1.66572 92.3255 1
257 31111 0 47 0.659863 1.66585 92.3285 1
258 31112 0 47 0.659842 1.66597 92.3314 1
260 31113 0 47 0.659821 1.6661 92.3344 1
262 31114 0 47 0.659799 1.66613 92.3374 1
263 31126 0.006152 47 0.659545 1.6667 92.373 1
265 31127 0 47 0.659524 1.66682 92.3759 1
268 31128 0 48 0.659503 1.66723 92.3789 1
269 31129 0 48 0.659482 1.66745 92.3819 1
273 31131 0.000272 48 0.659439 1.66789 92.3878 1
275 31132 0 48 0.659418 1.66802 92.3908 1
277 31133 0 48 0.659397 1.66852 92.3938 1
279 31135 0.004528 48 0.659354 1.66877 92.3997 1
283 31137 0.000762 48 0.659312 1.67006 92.4056 1
287 31138 0 48 0.659291 1.67028 92.4086 1
288 31139 0 48 0.65927 1.6705 92.4116 1
289 31140 0 48 0.659249 1.67044 92.4145 1
293 31141 0 48 0.659227 1.67075 92.4175 1
294 31143 0.000145 48 0.659185 1.67109 92.4234 1
304 31145 0.000436 48 0.659143 1.67144 92.4294 1
307 31147 0.000966 48 0.6591 1.67169 92.4353 1
309 31148 0 48 0.659079 1.67172 92.4383 1
313 31149 0 48 0.659058 1.67175 92.4412 1
315 31154 0.007303 48 0.658952 1.67162 92.4561 1
319 31159 0.005242 48 0.658847 1.67225 92.4709 1
323 31160 0 48 0.658825 1.67237 92.4739 1
325 31161 0 48 0.658804 1.6725 92.4769 1
328 31162 0 48 0.658783 1.67281 92.4798 1
334 31163 0 48 0.658762 1.67303 92.4828 1
336 31164 0 48 0.658741 1.67315 92.4858 1
346 31165 0 48 0.65872 1.67356 92.4887 1
350 31166 0 48 0.658699 1.67369 92.4917 1
352 31167 0 48 0.658677 1.67372 92.4947 1
359 31184 0.006347 48 0.658318 1.67321 92.5451 1
363 31187 0.012484 48 0.658255 1.67367 92.554 1
371 31188 0 48 0.658234 1.67389 92.557 1
378 31189 0 48 0.658213 1.67411 92.5599 1
381 31190 0 48 0.658192 1.67433 92.5629 1
389 31191 0 48 0.658171 1.67445 92.5659 1
392 31192 0 48 0.65815 1.67467 92.5689 1
396 31194 0.000206 48 0.658107 1.67464 92.5748 1
401 31198 0.002761 48 0.658023 1.67466 92.5867 1
403 31200 0.002799 48 0.657981 1.67473 92.5926 1
411 31203 0.002016 51 0.657918 1.67472 92.6015 1
412 31204 0 51 0.657896 1.67513 92.6045 1
414 31205 0 52 0.657875 1.67516 92.6074 1
418 31206 0 52 0.657854 1.67631 92.6104 1
420 31207 0 52 0.657833 1.67634 92.6134 1
422 31209 0.001027 52 0.657791 1.67697 92.6193 1
424 31210 0 52 0.65777 1.67718 92.6223 1
440 31211 0 52 0.657749 1.67721 92.6252 1
449 31212 0 52 0.657728 1.67771 92.6282 1
453 31213 0 52 0.657707 1.67784 92.6312 1
454 31214 0 52 0.657686 1.67787 92.6341 1
463 31215 0 52 0.657665 1.6779 92.6371 1
464 31216 0 52 0.657644 1.67793 92.6401 1
468 31217 0 52 0.657622 1.67805 92.643 1
477 31218 0 52 0.657601 1.67808 92.646 1
478 31221 0.001759 52 0.657538 1.67808 92.6549 1
486 31222 0 52 0.657517 1.6782 92.6579 1
489 31223 0 52 0.657496 1.67842 92.6608 1
493 31224 0 52 0.657475 1.67854 92.6638 1
502 31225 0 52 0.657454 1.67876 92.6668 1
504 31226 0 52 0.657433 1.67879 92.6698 1
512 31227 0 52 0.657412 1.6791 92.6727 1
525 31228 0 52 0.657391 1.67941 92.6757 1
547 31230 0.001003 52 0.657349 1.67956 92.6816 1
552 31231 0 52 0.657328 1.68043 92.6846 1
562 31232 0 52 0.657307 1.68056 92.6876 1
565 31233 0 52 0.657286 1.68077 92.6905 1
578 31234 0 52 0.657265 1.68099 92.6935 1
579 31258 0.010164 76 0.65676 1.68114 92.7647 1
587 31260 0.012658 77 0.656718 1.68148 92.7707 1
595 31276 0.013964 77 0.656382 1.6827 92.8181 1
596 31277 0 77 0.656361 1.68292 92.8211 1
603 31278 0 77 0.65634 1.68313 92.8241 1
604 31279 0 77 0.656319 1.68316 92.827 1
608 31280 0 77 0.656298 1.68329 92.83 1
617 31282 0.011226 78 0.656256 1.68381 92.8359 1
691 31284 0.000906 78 0.656214 1.68526 92.8419 1
705 31285 0 78 0.656193 1.6852 92.8448 1
718 31286 0 78 0.656172 1.68523 92.8478 1
724 31287 0 78 0.656151 1.68535 92.8508 1
726 31288 0 78 0.65613 1.68557 92.8538 1
737 31289 0 78 0.656109 1.68578 92.8567 1
741 31290 0 78 0.656088 1.68609 92.8597 1
745 31291 0 78 0.656067 1.68621 92.8627 1
775 31292 0 78 0.656046 1.68624 92.8656 1
777 31293 0 78 0.656025 1.68636 92.8686 1
819 31296 0.001008 78 0.655962 1.68701 92.8775 1
823 31297 0 78 0.655941 1.68704 92.8805 1
830 31298 0 78 0.655921 1.68706 92.8834 1
837 31299 0 78 0.6559 1.68728 92.8864 1
856 31301 0.003256 78 0.655858 1.68734 92.8923 1
911 31302 0 78 0.655837 1.68765 92.8953 1
946 31306 0.001993 82 0.655753 1.68841 92.9072 1
947 31309 0.002763 84 0.65569 1.68896 92.9161 1
954 31310 0 85 0.655669 1.68918 92.919 1
967 31311 0 86 0.655648 1.68948 92.922 1
1051 31312 0 86 0.655627 1.6897 92.925 1
1057 31313 0 86 0.655606 1.68973 92.9279 1
1065 31314 0 86 0.655585 1.68994 92.9309 1
1066 31315 0 86 0.655564 1.68997 92.9339 1
1139 31317 0.001094 86 0.655523 1.6903 92.9398 1
1140 31318 0 86 0.655502 1.69052 92.9428 1
1159 31319 0 86 0.655481 1.69073 92.9458 1
1261 31320 0 86 0.65546 1.69085 92.9487 1
1288 31322 0.003532 86 0.655418 1.691 92.9547 1
1289 31323 0 86 0.655397 1.69122 92.9576 1
1307 31329 0.009338 86 0.655271 1.69139 92.9754 1
1310 31330 0 86 0.655251 1.69142 92.9784 1
1424 31339 0.017915 95 0.655062 1.69177 93.0051 1
1614 31344 0.005379 95 0.654958 1.692 93.0199 1
1623 31345 0 95 0.654937 1.69203 93.0229 1
1695 31382 0.029413 95 0.654165 1.69686 93.1327 1
1699 31383 0 95 0.654144 1.69735 93.1357 1
1704 31384 0 95 0.654123 1.69737 93.1387 1
1713 31386 0.000679 95 0.654081 1.69789 93.1446 1
1722 31387 0 95 0.654061 1.69792 93.1476 1
1729 31395 0.011209 95 0.653894 1.69796 93.1713 1
1853 31433 0.040213 133 0.653103 1.70094 93.2841 1
2109 31557 0.113183 208 0.650537 1.71028 93.6521 1
2133 33696 0.780327 2303 0.609241 2.55905 100 9
