1 31 0.000252 1 1 nan 4.06824 1
2 60 0.000127 2 0.966667 1 7.87402 1
3 75 0.000124 3 0.933333 1 9.84252 1
4 86 6.3e-05 3 0.918605 1 11.2861 1
5 98 0.000106 3 0.908163 1 12.8609 1
6 102 4.5e-05 3 0.901961 1.1 13.3858 1
7 110 7e-05 3 0.9 1.09091 14.4357 1
8 119 8.1e-05 3 0.890756 1.30769 15.6168 1
9 134 0.000185 3 0.865672 1.22222 17.5853 1
10 141 0.000128 4 0.843972 1.22727 18.5039 1
11 150 0.00016 4 0.84 1.29167 19.685 1
12 162 0.000157 4 0.82716 1.25 21.2598 1
13 173 0.000138 5 0.820809 1.22581 22.7034 1
14 178 9e-05 5 0.820225 1.21875 23.3596 1
15 185 0.000163 5 0.805405 1.19444 24.2782 1
16 195 0.000164 5 0.794872 1.225 25.5906 1
17 198 4.3e-05 5 0.782828 1.2093 25.9843 1
18 203 0.000124 6 0.768473 1.25532 26.6404 1
19 210 0.000113 6 0.757143 1.27451 27.5591 1
20 216 0.0001 6 0.759259 1.26923 28.3465 1
21 222 0.000139 6 0.752252 1.25455 29.1339 1
22 225 5.4e-05 6 0.751111 1.25 29.5276 1
23 231 0.000185 6 0.74026 1.23333 30.315 1
24 232 0 6 0.741379 1.23333 30.4462 1
25 235 9.5e-05 6 0.731915 1.25397 30.8399 1
26 241 0.00014 7 0.721992 1.25373 31.6273 1
27 245 0.000224 8 0.710204 1.25352 32.1522 1
28 249 7.9e-05 8 0.706827 1.24658 32.6772 1
29 251 4.5e-05 8 0.701195 1.24 32.9396 1
30 252 0 8 0.702381 1.24 33.0709 1
31 256 0.000156 8 0.695312 1.23077 33.5958 1
32 263 0.000191 8 0.692015 1.23457 34.5144 1
33 265 8.7e-05 8 0.690566 1.2439 34.7769 1
34 268 9.6e-05 8 0.686567 1.25 35.1706 1
35 271 0.000148 8 0.686347 1.24706 35.5643 1
36 273 4.6e-05 8 0.681319 1.24138 35.8268 1
37 277 0.000227 8 0.6787 1.23596 36.3517 1
38 284 0.000516 8 0.665493 1.24211 37.2703 1
39 286 0.000113 8 0.660839 1.24742 37.5328 1
40 287 0 8 0.658537 1.2449 37.664 1
41 292 0.000574 8 0.660959 1.27273 38.3202 1
43 294 6.4e-05 8 0.656463 1.27723 38.5827 1
44 296 0.000104 8 0.652027 1.28155 38.8451 1
45 299 0.000378 8 0.645485 1.27358 39.2388 1
46 301 0.00011 8 0.641196 1.27778 39.5013 1
47 302 0 8 0.639073 1.2844 39.6325 1
49 303 0 8 0.636964 1.29091 39.7638 1
50 305 3.7e-05 8 0.632787 1.29464 40.0262 1
51 306 0 8 0.630719 1.29204 40.1575 1
52 308 0.000233 8 0.626623 1.29565 40.4199 1
53 311 0.0005 10 0.620579 1.30508 40.8136 1
55 312 0 10 0.61859 1.30252 40.9449 1
56 314 7.5e-05 10 0.61465 1.29752 41.2073 1
57 316 3.6e-05 10 0.610759 1.30081 41.4698 1
59 318 0.000166 10 0.606918 1.304 41.7323 1
60 319 0 10 0.605016 1.31746 41.8635 1
61 321 0.000267 11 0.601246 1.32031 42.126 1
63 322 0 11 0.599379 1.32558 42.2572 1
64 324 0.000254 11 0.595679 1.34351 42.5197 1
65 326 5.3e-05 11 0.592025 1.37594 42.7822 1
66 327 0 11 0.590214 1.37313 42.9134 1
67 328 0 11 0.588415 1.37037 43.0446 1
69 329 0 11 0.586626 1.36765 43.1759 1
70 331 0.000106 11 0.583082 1.38406 43.4383 1
71 334 0.00033 11 0.580838 1.39286 43.832 1
72 335 0 11 0.579104 1.39007 43.9633 1
77 336 0 11 0.577381 1.39437 44.0945 1
79 337 0 11 0.575668 1.40559 44.2257 1
80 338 0 11 0.573964 1.40972 44.357 1
82 339 0 11 0.572271 1.4069 44.4882 1
86 340 0 11 0.570588 1.41096 44.6194 1
87 342 0.000128 11 0.567251 1.42568 44.8819 1
94 343 0 11 0.565598 1.42953 45.0131 1
96 344 0 11 0.563953 1.44 45.1444 1
97 346 0.000251 11 0.560694 1.46711 45.4068 1
100 349 0.000256 11 0.555874 1.47742 45.8005 1
102 351 0.000571 11 0.552707 1.50318 46.063 1
105 352 0 12 0.551136 1.50633 46.1942 1
107 354 0.000373 12 0.548023 1.5 46.4567 1
114 355 0 12 0.546479 1.50311 46.5879 1
118 356 0 12 0.544944 1.50617 46.7192 1
135 357 0 12 0.543417 1.51534 46.8504 1
136 360 0.000822 12 0.538889 1.54217 47.2441 1
137 361 0 12 0.537396 1.54491 47.3753 1
138 363 0.000395 12 0.534435 1.5503 47.6378 1
140 364 0 12 0.532967 1.54706 47.769 1
141 365 0 12 0.531507 1.54971 47.9003 1
145 366 0 12 0.530055 1.55233 48.0315 1
146 367 0 12 0.52861 1.55491 48.1627 1
159 368 0 12 0.527174 1.55747 48.294 1
162 370 0.000102 13 0.524324 1.5625 48.5564 1
172 371 0 13 0.522911 1.56497 48.6877 1
181 374 0.000187 13 0.518717 1.57222 49.0814 1
182 375 0 13 0.517333 1.56906 49.2126 1
186 376 0 13 0.515957 1.57143 49.3438 1
190 377 0 13 0.514589 1.57923 49.4751 1
194 378 0 13 0.513228 1.57609 49.6063 1
195 379 0 13 0.511873 1.58378 49.7375 1
196 380 0 14 0.510526 1.58065 49.8688 1
210 381 0 14 0.509186 1.58289 50 1
221 382 0 14 0.507853 1.59043 50.1312 1
239 383 0 15 0.506527 1.60317 50.2625 1
249 384 0 15 0.505208 1.60526 50.3937 1
254 385 0 15 0.503896 1.60733 50.5249 1
258 386 0 15 0.502591 1.60938 50.6562 1
283 387 0 16 0.501292 1.6114 50.7874 1
286 388 0 16 0.5 1.6134 50.9186 1
289 390 0.00031 16 0.497436 1.61224 51.1811 1
290 391 0 17 0.496164 1.60914 51.3123 1
291 392 0 17 0.494898 1.60606 51.4436 1
300 393 0 17 0.493639 1.60804 51.5748 1
340 412 0.005229 36 0.470874 1.58257 54.0682 1
349 762 0.028146 384 0.254593 1.33979 100 5
