1 25709 0.51197 0 1 -nan 7.67747 2
2 63035 0.170678 3 0.921139 1.04707 18.8241 3
3 112521 0.273945 6 0.850135 1.16219 33.6021 4
4 169349 0.37944 6 0.7896 1.25287 50.5726 4
5 221187 0.44945 8 0.740283 1.34272 66.053 5
6 241076 0.289033 11 0.683141 1.43629 71.9924 5
7 255367 0.267828 13 0.645385 1.52614 76.2601 5
8 265684 0.235447 16 0.620387 1.60036 79.3411 5
9 273033 0.20802 19 0.603693 1.65863 81.5357 5
10 278611 0.179371 20 0.591606 1.70347 83.2015 5
11 282755 0.160986 22 0.582936 1.74057 84.439 6
12 286098 0.16083 23 0.576124 1.76965 85.4373 6
13 288687 0.132215 27 0.570957 1.79307 86.2105 6
14 290796 0.120106 28 0.566817 1.81134 86.8403 6
15 292512 0.110871 32 0.563491 1.82765 87.3527 6
16 293893 0.10157 34 0.560844 1.84052 87.7651 6
17 295063 0.095382 34 0.55862 1.85115 88.1145 6
18 296066 0.090469 36 0.556727 1.86004 88.4141 6
19 296924 0.086853 36 0.555118 1.86832 88.6703 6
20 297623 0.079655 37 0.553815 1.87524 88.879 6
21 298272 0.076775 37 0.55261 1.88214 89.0728 6
22 298883 0.076136 37 0.55148 1.88805 89.2553 7
23 299439 0.073158 38 0.550456 1.89311 89.4213 7
24 299880 0.070155 38 0.549647 1.89764 89.553 7
25 300313 0.067553 38 0.548854 1.90177 89.6823 7
26 300713 0.064344 38 0.548124 1.90552 89.8018 7
27 301059 0.068136 38 0.547494 1.90947 89.9051 7
28 301382 0.061617 38 0.546907 1.91231 90.0016 7
29 301672 0.062183 38 0.546382 1.9149 90.0882 7
30 301960 0.061178 38 0.54586 1.91742 90.1742 7
31 302221 0.055673 38 0.545389 1.91983 90.2521 7
32 302419 0.055102 39 0.545032 1.9218 90.3113 7
33 302650 0.05512 40 0.544616 1.92381 90.3802 7
34 302848 0.05397 40 0.54426 1.92556 90.4394 7
35 303072 0.053045 40 0.543858 1.92784 90.5063 7
36 303245 0.051755 40 0.543547 1.92952 90.5579 7
37 303410 0.049952 40 0.543252 1.93108 90.6072 7
38 303563 0.053655 40 0.542978 1.93236 90.6529 7
39 303690 0.051644 40 0.542751 1.93363 90.6908 7
40 303855 0.051703 40 0.542456 1.93508 90.7401 7
41 303976 0.04795 40 0.54224 1.93598 90.7762 7
42 304098 0.04799 40 0.542023 1.93714 90.8127 7
43 304224 0.047888 40 0.541798 1.93826 90.8503 7
44 304328 0.053371 40 0.541613 1.9389 90.8813 7
45 304434 0.045573 40 0.541424 1.94006 90.913 7
46 304540 0.04874 40 0.541236 1.94109 90.9447 7
47 304651 0.042414 40 0.541039 1.94198 90.9778 7
48 304736 0.048355 40 0.540888 1.94277 91.0032 7
49 304827 0.045367 40 0.540726 1.94359 91.0304 7
50 304914 0.044307 40 0.540572 1.9442 91.0563 7
51 305022 0.043412 40 0.540381 1.9448 91.0886 7
52 305107 0.043679 40 0.54023 1.94527 91.114 7
53 305187 0.045128 40 0.540089 1.946 91.1379 7
54 305254 0.044108 41 0.53997 1.94652 91.1579 7
55 305346 0.039174 45 0.539807 1.94726 91.1854 7
56 305414 0.042395 48 0.539687 1.94783 91.2057 7
57 305477 0.039918 49 0.539576 1.94841 91.2245 7
58 305537 0.044454 51 0.53947 1.94902 91.2424 7
59 305617 0.046996 53 0.539329 1.94988 91.2663 7
60 305691 0.043387 53 0.539198 1.95029 91.2884 7
61 305739 0.040704 53 0.539113 1.95077 91.3027 7
62 305793 0.040859 53 0.539018 1.95113 91.3188 7
63 305845 0.042305 53 0.538927 1.9516 91.3344 7
64 305891 0.037355 53 0.538846 1.9522 91.3481 7
65 305941 0.043123 53 0.538757 1.95257 91.363 7
66 305988 0.038799 53 0.538675 1.95294 91.3771 7
67 306052 0.041287 54 0.538562 1.95341 91.3962 7
68 306103 0.04273 54 0.538472 1.95376 91.4114 7
69 306152 0.041292 54 0.538386 1.95412 91.426 7
70 306195 0.038657 54 0.538311 1.95428 91.4389 7
71 306243 0.03794 54 0.538226 1.95447 91.4532 7
72 306283 0.042154 54 0.538156 1.95489 91.4652 7
73 306322 0.04274 54 0.538087 1.95514 91.4768 7
74 306365 0.041677 54 0.538012 1.95568 91.4897 7
75 306401 0.037079 54 0.537949 1.95599 91.5004 7
76 306430 0.03711 54 0.537898 1.95634 91.5091 7
77 306457 0.033888 54 0.53785 1.95651 91.5171 7
78 306503 0.034493 54 0.53777 1.95677 91.5309 7
79 306543 0.03375 54 0.537699 1.95709 91.5428 7
80 306589 0.034838 54 0.537619 1.95731 91.5565 7
81 306612 0.039506 54 0.537578 1.95763 91.5634 7
82 306639 0.03584 55 0.537531 1.95794 91.5715 7
83 306659 0.035327 55 0.537496 1.95813 91.5775 7
84 306704 0.035803 55 0.537417 1.95828 91.5909 7
85 306740 0.037704 55 0.537354 1.9586 91.6016 7
86 306762 0.035212 55 0.537316 1.95875 91.6082 7
87 306795 0.037968 55 0.537258 1.95886 91.6181 7
88 306815 0.036601 55 0.537223 1.959 91.624 7
89 306839 0.032585 55 0.537181 1.95915 91.6312 7
90 306868 0.038595 55 0.53713 1.95935 91.6399 7
91 306899 0.040436 55 0.537076 1.95961 91.6491 7
92 306920 0.029617 55 0.537039 1.95975 91.6554 7
93 306936 0.032451 55 0.537011 1.95988 91.6602 7
94 306951 0.031035 55 0.536985 1.95996 91.6647 7
95 306980 0.038788 55 0.536934 1.96015 91.6733 7
96 307010 0.038806 55 0.536882 1.96029 91.6823 7
97 307033 0.035339 56 0.536841 1.96051 91.6891 7
98 307049 0.035782 56 0.536813 1.9607 91.6939 7
99 307066 0.036406 56 0.536784 1.96078 91.699 7
100 307087 0.032047 56 0.536747 1.96099 91.7053 7
101 307121 0.038257 56 0.536687 1.96123 91.7154 7
102 307146 0.046324 56 0.536644 1.9614 91.7229 7
103 307160 0.022313 56 0.536619 1.96146 91.7271 7
104 307182 0.033796 56 0.536581 1.96151 91.7336 7
105 307199 0.03382 56 0.536551 1.96163 91.7387 7
106 307218 0.034673 56 0.536518 1.96178 91.7444 7
107 307239 0.032625 56 0.536481 1.96198 91.7507 7
108 307259 0.0294 56 0.536446 1.96209 91.7566 7
109 307284 0.035698 56 0.536403 1.96219 91.7641 7
110 307300 0.031119 56 0.536375 1.96226 91.7689 7
111 307313 0.03251 56 0.536352 1.96237 91.7728 7
112 307335 0.034286 56 0.536314 1.96254 91.7793 7
113 307351 0.027565 56 0.536286 1.96266 91.7841 7
114 307365 0.033625 56 0.536261 1.9628 91.7883 8
115 307394 0.032324 56 0.536211 1.96295 91.7969 8
116 307417 0.032417 56 0.536171 1.96312 91.8038 8
117 307438 0.028979 56 0.536134 1.96322 91.8101 8
118 307454 0.031923 56 0.536106 1.9633 91.8149 8
119 307476 0.034206 56 0.536068 1.9634 91.8214 8
120 307499 0.033079 56 0.536028 1.96354 91.8283 8
121 307513 0.036482 56 0.536003 1.96356 91.8325 8
122 307523 0.020443 56 0.535986 1.96363 91.8355 8
123 307539 0.036445 56 0.535958 1.96375 91.8402 8
124 307550 0.026733 56 0.535939 1.96387 91.8435 8
125 307566 0.032654 56 0.535911 1.96395 91.8483 8
126 307580 0.030538 56 0.535887 1.96401 91.8525 8
127 307594 0.024292 56 0.535862 1.96402 91.8567 8
128 307615 0.034806 56 0.535826 1.96405 91.8629 8
129 307642 0.041898 56 0.535779 1.96409 91.871 8
130 307653 0.047168 56 0.535759 1.96419 91.8743 8
131 307660 0.021085 56 0.535747 1.96422 91.8764 8
132 307675 0.037622 56 0.535721 1.96424 91.8809 8
133 307690 0.023402 56 0.535695 1.96432 91.8853 8
134 307699 0.021759 56 0.535679 1.96436 91.888 8
135 307707 0.030814 56 0.535665 1.9644 91.8904 8
136 307717 0.036334 56 0.535648 1.96451 91.8934 8
137 307741 0.030582 56 0.535606 1.96451 91.9006 8
138 307747 0.033116 56 0.535596 1.96456 91.9024 8
139 307757 0.024563 56 0.535578 1.96463 91.9053 8
140 307765 0.029872 56 0.535564 1.96468 91.9077 8
141 307777 0.030269 56 0.535544 1.96475 91.9113 8
142 307782 0.033739 56 0.535535 1.96474 91.9128 8
143 307799 0.032503 56 0.535505 1.96479 91.9179 8
144 307816 0.034302 56 0.535476 1.96495 91.923 8
145 307831 0.031769 56 0.53545 1.96508 91.9274 8
146 307837 0.02448 56 0.535439 1.96518 91.9292 8
147 307851 0.035493 56 0.535415 1.96526 91.9334 8
148 307869 0.040484 56 0.535384 1.96539 91.9388 8
149 307883 0.03737 56 0.535359 1.96542 91.943 8
150 307890 0.03475 56 0.535347 1.96549 91.9451 8
151 307898 0.01778 56 0.535333 1.96553 91.9475 8
152 307914 0.027745 56 0.535305 1.96548 91.9522 8
153 307918 0.022465 56 0.535298 1.96552 91.9534 8
154 307924 0.025691 56 0.535288 1.96555 91.9552 8
155 307933 0.024199 56 0.535272 1.96561 91.9579 8
156 307942 0.032402 56 0.535257 1.9657 91.9606 8
157 307953 0.027676 56 0.535238 1.96576 91.9639 8
158 307958 0.029002 56 0.535229 1.96576 91.9654 8
159 307961 0.009914 56 0.535224 1.96576 91.9663 8
160 307969 0.02966 56 0.53521 1.96582 91.9687 8
161 307973 0.032973 56 0.535203 1.96589 91.9699 8
162 307985 0.038531 56 0.535182 1.96597 91.9734 8
163 307988 0.009454 56 0.535177 1.96601 91.9743 8
164 307999 0.032542 56 0.535158 1.96602 91.9776 8
165 308006 0.036425 56 0.535145 1.96612 91.9797 8
166 308020 0.041478 56 0.535121 1.96627 91.9839 8
167 308029 0.019389 56 0.535105 1.96628 91.9866 8
168 308033 0.023948 56 0.535099 1.96633 91.9878 8
169 308037 0.033579 56 0.535092 1.96647 91.989 8
170 308039 0.005512 56 0.535088 1.96648 91.9896 8
171 308051 0.035993 56 0.535067 1.96651 91.9931 8
172 308054 0.027903 56 0.535062 1.96654 91.994 8
173 308072 0.031688 56 0.535031 1.96658 91.9994 8
174 308076 0.014675 56 0.535024 1.96661 92.0006 8
175 308082 0.031237 56 0.535013 1.96663 92.0024 8
176 308085 0.016268 56 0.535008 1.96667 92.0033 8
177 308097 0.03272 56 0.534987 1.96681 92.0069 8
178 308113 0.043154 56 0.53496 1.9668 92.0117 8
179 308115 0.001646 56 0.534956 1.96682 92.0123 8
180 308119 0.031431 56 0.534949 1.96688 92.0135 8
181 308127 0.02748 56 0.534935 1.96691 92.0158 8
182 308136 0.032237 57 0.53492 1.96694 92.0185 8
183 308145 0.032236 57 0.534904 1.96705 92.0212 8
184 308151 0.025565 57 0.534894 1.9671 92.023 8
185 308162 0.027331 57 0.534875 1.96717 92.0263 8
186 308165 0.016318 57 0.534869 1.96722 92.0272 8
187 308170 0.017664 57 0.534861 1.96721 92.0287 8
188 308176 0.024908 57 0.53485 1.96725 92.0305 8
189 308186 0.03131 57 0.534833 1.96723 92.0335 8
190 308200 0.030194 57 0.534809 1.96732 92.0376 8
191 308205 0.030733 57 0.5348 1.96738 92.0391 8
192 308212 0.032647 57 0.534788 1.96746 92.0412 8
193 308227 0.029039 57 0.534762 1.96744 92.0457 8
194 308238 0.032292 57 0.534743 1.96754 92.049 8
195 308241 0.019993 57 0.534737 1.96757 92.0499 8
196 308247 0.027304 57 0.534727 1.96761 92.0517 8
197 308255 0.02572 57 0.534713 1.96761 92.0541 8
198 308259 0.030894 57 0.534706 1.96763 92.0553 8
199 308265 0.021902 57 0.534696 1.96764 92.0571 8
200 308266 0.000495 57 0.534694 1.96765 92.0573 8
