1 25709 0.525516 0 0 0 7.67747 0
2 63035 0.166823 0 0 0 18.8241 0
3 112521 0.28039 0 0 0 33.6021 0
4 169349 0.390261 0 0 0 50.5726 0
5 221187 0.468088 0 0 0 66.053 0
6 241076 0.312689 0 0 0 71.9924 0
7 255367 0.277831 0 0 0 76.2601 0
8 265684 0.249083 0 0 0 79.3411 0
9 273033 0.226606 0 0 0 81.5357 0
10 278611 0.197297 0 0 0 83.2015 0
11 282755 0.161122 0 0 0 84.439 0
12 286098 0.146441 0 0 0 85.4373 0
13 288687 0.130822 0 0 0 86.2105 0
14 290796 0.119391 0 0 0 86.8403 0
15 292512 0.109574 0 0 0 87.3527 0
16 293893 0.100471 0 0 0 87.7651 0
17 295063 0.095239 0 0 0 88.1145 0
18 296066 0.094918 0 0 0 88.4141 0
19 296924 0.086144 0 0 0 88.6703 0
20 297623 0.079798 0 0 0 88.879 0
21 298272 0.078537 0 0 0 89.0728 0
22 298883 0.074885 0 0 0 89.2553 0
23 299439 0.073002 0 0 0 89.4213 0
24 299880 0.069815 0 0 0 89.553 0
25 300313 0.067289 0 0 0 89.6823 0
26 300713 0.0663 0 0 0 89.8018 0
27 301059 0.066262 0 0 0 89.9051 0
28 301382 0.063755 0 0 0 90.0016 0
29 301672 0.062574 0 0 0 90.0882 0
30 301960 0.06209 0 0 0 90.1742 0
31 302221 0.056897 0 0 0 90.2521 0
32 302419 0.057761 0 0 0 90.3113 0
33 302650 0.054599 0 0 0 90.3802 0
34 302848 0.054061 0 0 0 90.4394 0
35 303072 0.053045 0 0 0 90.5063 0
36 303245 0.05426 0 0 0 90.5579 0
37 303410 0.051311 0 0 0 90.6072 0
38 303563 0.050616 0 0 0 90.6529 0
39 303690 0.051576 0 0 0 90.6908 0
40 303855 0.05141 0 0 0 90.7401 0
41 303976 0.049261 0 0 0 90.7762 0
42 304098 0.048622 0 0 0 90.8127 0
43 304224 0.048412 0 0 0 90.8503 0
44 304328 0.051986 0 0 0 90.8813 0
45 304434 0.046067 0 0 0 90.913 0
46 304540 0.050593 0 0 0 90.9447 0
47 304651 0.043507 0 0 0 90.9778 0
48 304736 0.047451 0 0 0 91.0032 0
49 304827 0.045514 0 0 0 91.0304 0
50 304914 0.046009 0 0 0 91.0563 0
51 305022 0.044312 0 0 0 91.0886 0
52 305107 0.043826 0 0 0 91.114 0
53 305187 0.048419 0 0 0 91.1379 0
54 305254 0.043627 0 0 0 91.1579 0
55 305346 0.042094 0 0 0 91.1854 0
56 305414 0.046033 0 0 0 91.2057 0
57 305477 0.042217 0 0 0 91.2245 0
58 305537 0.04456 0 0 0 91.2424 0
59 305617 0.04564 0 0 0 91.2663 0
60 305691 0.044488 0 0 0 91.2884 0
61 305739 0.041661 0 0 0 91.3027 0
62 305793 0.04158 0 0 0 91.3188 0
63 305845 0.043661 0 0 0 91.3344 0
64 305891 0.037803 0 0 0 91.3481 0
65 305941 0.043082 0 0 0 91.363 0
66 305988 0.041631 0 0 0 91.3771 0
67 306052 0.045199 0 0 0 91.3962 0
68 306103 0.042854 0 0 0 91.4114 0
69 306152 0.043071 0 0 0 91.426 0
70 306195 0.039753 0 0 0 91.4389 0
71 306243 0.039322 0 0 0 91.4532 0
72 306283 0.041746 0 0 0 91.4652 0
73 306322 0.04362 0 0 0 91.4768 0
74 306365 0.040737 0 0 0 91.4897 0
75 306401 0.040902 0 0 0 91.5004 0
76 306430 0.041925 0 0 0 91.5091 0
77 306457 0.03954 0 0 0 91.5171 0
78 306503 0.034605 0 0 0 91.5309 0
79 306543 0.042911 0 0 0 91.5428 0
80 306589 0.037306 0 0 0 91.5565 0
81 306612 0.03862 0 0 0 91.5634 0
82 306639 0.040492 0 0 0 91.5715 0
83 306659 0.037254 0 0 0 91.5775 0
84 306704 0.039367 0 0 0 91.5909 0
85 306740 0.039426 0 0 0 91.6016 0
86 306762 0.036987 0 0 0 91.6082 0
87 306795 0.038981 0 0 0 91.6181 0
88 306815 0.038539 0 0 0 91.624 0
89 306839 0.036607 0 0 0 91.6312 0
90 306868 0.038137 0 0 0 91.6399 0
91 306899 0.039508 0 0 0 91.6491 0
92 306920 0.034525 0 0 0 91.6554 0
93 306936 0.040401 0 0 0 91.6602 0
94 306951 0.036084 0 0 0 91.6647 0
95 306980 0.038228 0 0 0 91.6733 0
96 307010 0.03793 0 0 0 91.6823 0
97 307033 0.036112 0 0 0 91.6891 0
98 307049 0.036734 0 0 0 91.6939 0
99 307066 0.038559 0 0 0 91.699 0
100 307087 0.03522 0 0 0 91.7053 0
101 307121 0.041996 0 0 0 91.7154 0
102 307146 0.04864 0 0 0 91.7229 0
103 307160 0.026121 0 0 0 91.7271 0
104 307182 0.040755 0 0 0 91.7336 0
105 307199 0.035191 0 0 0 91.7387 0
106 307218 0.040207 0 0 0 91.7444 0
107 307239 0.041121 0 0 0 91.7507 0
108 307259 0.030445 0 0 0 91.7566 0
109 307284 0.03984 0 0 0 91.7641 0
110 307300 0.033845 0 0 0 91.7689 0
111 307313 0.03269 0 0 0 91.7728 0
112 307335 0.039074 0 0 0 91.7793 0
113 307351 0.030648 0 0 0 91.7841 0
114 307365 0.038069 0 0 0 91.7883 0
115 307394 0.033225 0 0 0 91.7969 0
116 307417 0.039015 0 0 0 91.8038 0
117 307438 0.033154 0 0 0 91.8101 0
118 307454 0.03206 0 0 0 91.8149 0
119 307476 0.036565 0 0 0 91.8214 0
120 307499 0.037807 0 0 0 91.8283 0
121 307513 0.041926 0 0 0 91.8325 0
122 307523 0.022362 0 0 0 91.8355 0
123 307539 0.042751 0 0 0 91.8402 0
124 307550 0.029066 0 0 0 91.8435 0
125 307566 0.035604 0 0 0 91.8483 0
126 307580 0.038541 0 0 0 91.8525 0
127 307594 0.031326 0 0 0 91.8567 0
128 307615 0.039904 0 0 0 91.8629 0
129 307642 0.045099 0 0 0 91.871 0
130 307653 0.049433 0 0 0 91.8743 0
131 307660 0.024672 0 0 0 91.8764 0
132 307675 0.042559 0 0 0 91.8809 0
133 307690 0.030206 0 0 0 91.8853 0
134 307699 0.030588 0 0 0 91.888 0
135 307707 0.03415 0 0 0 91.8904 0
136 307717 0.040362 0 0 0 91.8934 0
137 307741 0.031532 0 0 0 91.9006 0
138 307747 0.047319 0 0 0 91.9024 0
139 307757 0.026824 0 0 0 91.9053 0
140 307765 0.034401 0 0 0 91.9077 0
141 307777 0.037339 0 0 0 91.9113 0
142 307782 0.036981 0 0 0 91.9128 0
143 307799 0.034872 0 0 0 91.9179 0
144 307816 0.035239 0 0 0 91.923 0
145 307831 0.034891 0 0 0 91.9274 0
146 307837 0.029905 0 0 0 91.9292 0
147 307851 0.038946 0 0 0 91.9334 0
148 307869 0.041953 0 0 0 91.9388 0
149 307883 0.040437 0 0 0 91.943 0
150 307890 0.037729 0 0 0 91.9451 0
151 307898 0.040116 0 0 0 91.9475 0
152 307914 0.029791 0 0 0 91.9522 0
153 307918 0.035126 0 0 0 91.9534 0
154 307924 0.036491 0 0 0 91.9552 0
155 307933 0.033404 0 0 0 91.9579 0
156 307942 0.035891 0 0 0 91.9606 0
157 307953 0.048216 0 0 0 91.9639 0
158 307958 0.029058 0 0 0 91.9654 0
159 307961 0.035935 0 0 0 91.9663 0
160 307969 0.034981 0 0 0 91.9687 0
161 307973 0.037274 0 0 0 91.9699 0
162 307985 0.043975 0 0 0 91.9734 0
163 307988 0.028772 0 0 0 91.9743 0
164 307999 0.038841 0 0 0 91.9776 0
165 308006 0.035979 0 0 0 91.9797 0
166 308020 0.04451 0 0 0 91.9839 0
167 308029 0.03188 0 0 0 91.9866 0
168 308033 0.029119 0 0 0 91.9878 0
169 308037 0.058776 0 0 0 91.989 0
170 308039 0.011926 0 0 0 91.9896 0
171 308051 0.037773 0 0 0 91.9931 0
172 308054 0.036205 0 0 0 91.994 0
173 308072 0.049461 0 0 0 91.9994 0
174 308076 0.025727 0 0 0 92.0006 0
175 308082 0.033345 0 0 0 92.0024 0
176 308085 0.031638 0 0 0 92.0033 0
177 308097 0.034565 0 0 0 92.0069 0
178 308113 0.055388 0 0 0 92.0117 0
179 308115 0.020255 0 0 0 92.0123 0
180 308119 0.032904 0 0 0 92.0135 0
181 308127 0.032099 0 0 0 92.0158 0
182 308136 0.036835 0 0 0 92.0185 0
183 308145 0.042565 0 0 0 92.0212 0
184 308151 0.027145 0 0 0 92.023 0
185 308162 0.055605 0 0 0 92.0263 0
186 308165 0.020122 0 0 0 92.0272 0
187 308170 0.029071 0 0 0 92.0287 0
188 308176 0.039533 0 0 0 92.0305 0
189 308186 0.032094 0 0 0 92.0335 0
190 308200 0.03727 0 0 0 92.0376 0
191 308205 0.030355 0 0 0 92.0391 0
192 308212 0.031728 0 0 0 92.0412 0
193 308227 0.036494 0 0 0 92.0457 0
194 308238 0.047483 0 0 0 92.049 0
195 308241 0.024027 0 0 0 92.0499 0
196 308247 0.034938 0 0 0 92.0517 0
197 308255 0.035588 0 0 0 92.0541 0
198 308259 0.034026 0 0 0 92.0553 0
199 308265 0.029096 0 0 0 92.0571 0
200 308272 0.035356 0 0 0 92.0591 0
201 308277 0.034981 0 0 0 92.0606 0
202 308284 0.04807 0 0 0 92.0627 0
203 308286 0.019519 0 0 0 92.0633 0
204 308292 0.031003 0 0 0 92.0651 0
205 308309 0.038377 0 0 0 92.0702 0
206 308311 0.037598 0 0 0 92.0708 0
207 308318 0.023122 0 0 0 92.0729 0
208 308339 0.040079 0 0 0 92.0791 0
209 308349 0.040457 0 0 0 92.0821 0
210 308352 0.030214 0 0 0 92.083 0
211 308353 0.036833 0 0 0 92.0833 0
212 308361 0.036128 0 0 0 92.0857 0
213 308365 0.029471 0 0 0 92.0869 0
214 308372 0.048343 0 0 0 92.089 0
215 308379 0.03399 0 0 0 92.0911 0
216 308384 0.038228 0 0 0 92.0926 0
217 308389 0.059823 0 0 0 92.0941 0
218 308391 0.008544 0 0 0 92.0947 0
219 308398 0.044872 0 0 0 92.0968 0
220 308406 0.030637 0 0 0 92.0992 0
221 308412 0.032857 0 0 0 92.1009 0
222 308417 0.037813 0 0 0 92.1024 0
223 308423 0.041664 0 0 0 92.1042 0
224 308429 0.053826 0 0 0 92.106 0
225 308432 0.023864 0 0 0 92.1069 0
226 308439 0.022462 0 0 0 92.109 0
227 308441 0.040162 0 0 0 92.1096 0
228 308444 0.033991 0 0 0 92.1105 0
229 308452 0.037764 0 0 0 92.1129 0
230 308459 0.034918 0 0 0 92.115 0
231 308464 0.035736 0 0 0 92.1165 0
232 308469 0.039316 0 0 0 92.118 0
233 308477 0.041273 0 0 0 92.1204 0
234 308487 0.025704 0 0 0 92.1233 0
235 308491 0.055597 0 0 0 92.1245 0
236 308494 0.033446 0 0 0 92.1254 0
237 308495 0.018542 0 0 0 92.1257 0
238 308501 0.044445 0 0 0 92.1275 0
239 308502 0.04303 0 0 0 92.1278 0
240 308505 0.026231 0 0 0 92.1287 0
241 308507 0.038013 0 0 0 92.1293 0
242 308509 0.0431 0 0 0 92.1299 0
243 308511 0.028882 0 0 0 92.1305 0
244 308512 0.051483 0 0 0 92.1308 0
245 308516 0.030248 0 0 0 92.132 0
246 308526 0.034198 0 0 0 92.135 0
247 308546 0.037974 0 0 0 92.141 0
248 308549 0.039596 0 0 0 92.1419 0
249 308555 0.042517 0 0 0 92.1437 0
250 308558 0.022773 0 0 0 92.1445 0
251 308563 0.044898 0 0 0 92.146 0
252 308564 0.059301 0 0 0 92.1463 0
253 308565 0.006669 0 0 0 92.1466 0
254 308569 0.025175 0 0 0 92.1478 0
255 308573 0.060895 0 0 0 92.149 0
256 308577 0.012608 0 0 0 92.1502 0
257 308586 0.093331 0 0 0 92.1529 0
259 308588 0.033542 0 0 0 92.1535 0
260 308591 0.01999 0 0 0 92.1544 0
261 308600 0.037746 0 0 0 92.1571 0
262 308602 0.030962 0 0 0 92.1577 0
263 308605 0.034583 0 0 0 92.1586 0
264 308607 0.046325 0 0 0 92.1592 0
265 308610 0.028617 0 0 0 92.1601 0
266 308614 0.043472 0 0 0 92.1613 0
267 308615 0.026064 0 0 0 92.1616 0
268 308616 0.022766 0 0 0 92.1619 0
269 308624 0.023858 0 0 0 92.1643 0
270 308626 0.06493 0 0 0 92.1649 0
271 308627 0.014761 0 0 0 92.1652 0
272 308630 0.028748 0 0 0 92.166 0
273 308635 0.041945 0 0 0 92.1675 0
274 308637 0.042568 0 0 0 92.1681 0
275 308640 0.028136 0 0 0 92.169 0
276 308646 0.054791 0 0 0 92.1708 0
277 308647 0.022474 0 0 0 92.1711 0
278 308656 0.04949 0 0 0 92.1738 0
279 308661 0.066647 0 0 0 92.1753 0
281 308662 0.057145 0 0 0 92.1756 0
283 308663 0.029521 0 0 0 92.1759 0
284 308667 0.042164 0 0 0 92.1771 0
285 308672 0.035909 0 0 0 92.1786 0
286 308673 0.033956 0 0 0 92.1789 0
287 308676 0.020594 0 0 0 92.1798 0
288 308681 0.060521 0 0 0 92.1813 0
289 308682 0.021235 0 0 0 92.1816 0
290 308690 0.044655 0 0 0 92.184 0
291 308695 0.02727 0 0 0 92.1855 0
292 308705 0.061003 0 0 0 92.1884 0
293 308706 0.019618 0 0 0 92.1887 0
294 308707 0.055897 0 0 0 92.189 0
295 308708 0.009662 0 0 0 92.1893 0
296 308710 0.033016 0 0 0 92.1899 0
297 308722 0.095981 0 0 0 92.1935 0
299 308724 0.012209 0 0 0 92.1941 0
300 308725 0.023184 0 0 0 92.1944 0
301 308731 0.045228 0 0 0 92.1962 0
302 308733 0.046478 0 0 0 92.1968 0
303 308734 0.053914 0 0 0 92.1971 0
305 308736 0.060005 0 0 0 92.1977 0
307 308743 0.056092 0 0 0 92.1998 0
308 308745 0.069074 0 0 0 92.2004 0
310 308746 0.031406 0 0 0 92.2007 0
311 308748 0.022166 0 0 0 92.2013 0
312 308749 0.03152 0 0 0 92.2016 0
313 308753 0.096451 0 0 0 92.2028 0
316 308759 0.032783 0 0 0 92.2046 0
317 308760 0.029041 0 0 0 92.2049 0
318 308762 0.040587 0 0 0 92.2055 0
319 308764 0.054205 0 0 0 92.2061 0
320 308766 0.070586 0 0 0 92.2067 0
323 308767 0.025376 0 0 0 92.207 0
324 308770 0.032094 0 0 0 92.2079 0
325 308774 0.040878 0 0 0 92.2091 0
326 308777 0.095057 0 0 0 92.2099 0
329 308782 0.037381 0 0 0 92.2114 0
330 308783 0.02907 0 0 0 92.2117 0
331 308788 0.028728 0 0 0 92.2132 0
332 308792 0.055359 0 0 0 92.2144 0
333 308793 0.01933 0 0 0 92.2147 0
334 308795 0.088427 0 0 0 92.2153 0
336 308797 0.038186 0 0 0 92.2159 0
337 308798 0.013101 0 0 0 92.2162 0
338 308804 0.098914 0 0 0 92.218 0
340 308805 0.126965 0 0 0 92.2183 0
344 308808 0.083821 0 0 0 92.2192 0
346 308811 0.026809 0 0 0 92.2201 0
347 308816 0.036727 0 0 0 92.2216 0
348 308824 0.0488 0 0 0 92.224 0
349 308827 0.080922 0 0 0 92.2249 0
351 308828 0.05725 0 0 0 92.2252 0
353 308830 0.032359 0 0 0 92.2258 0
354 308841 0.060319 0 0 0 92.2291 0
355 308843 0.012504 0 0 0 92.2297 0
356 308873 0.057563 0 0 0 92.2386 0
357 308875 0.058138 0 0 0 92.2392 0
359 308878 0.089156 0 0 0 92.2401 0
360 308879 0.003772 0 0 0 92.2404 0
362 308907 0.132211 0 0 0 92.2488 0
365 308908 0.030088 0 0 0 92.2491 0
366 308911 0.018737 0 0 0 92.25 0
367 308922 0.101853 0 0 0 92.2532 0
369 308924 0.013847 0 0 0 92.2538 0
370 308928 0.072261 0 0 0 92.255 0
372 308929 0.08622 0 0 0 92.2553 0
374 308931 0.026667 0 0 0 92.2559 0
375 308933 0.090052 0 0 0 92.2565 0
377 308935 0.014777 0 0 0 92.2571 0
378 308936 0.04809 0 0 0 92.2574 0
379 308940 0.030438 0 0 0 92.2586 0
380 308942 0.025983 0 0 0 92.2592 0
381 308947 0.068191 0 0 0 92.2607 0
383 308957 0.038491 0 0 0 92.2637 0
384 308959 0.02233 0 0 0 92.2643 0
385 308971 0.105967 0 0 0 92.2679 0
387 308972 0.015212 0 0 0 92.2682 0
388 308974 0.053912 0 0 0 92.2688 0
389 308976 0.016026 0 0 0 92.2694 0
390 308980 0.077452 0 0 0 92.2706 0
392 308983 0.033122 0 0 0 92.2715 0
393 308984 0.054833 0 0 0 92.2718 0
394 308985 0.012155 0 0 0 92.2721 0
395 308987 0.031621 0 0 0 92.2727 0
396 308991 0.071429 0 0 0 92.2739 0
397 308992 0.028724 0 0 0 92.2742 0
398 308993 0.045386 0 0 0 92.2745 0
400 308997 0.098997 0 0 0 92.2756 0
403 309003 0.12461 0 0 0 92.2774 0
406 309004 0.029714 0 0 0 92.2777 0
407 309005 0.019987 0 0 0 92.278 0
408 309006 0.108041 0 0 0 92.2783 0
411 309007 0.043098 0 0 0 92.2786 0
412 309014 0.04055 0 0 0 92.2807 0
413 309016 0.053421 0 0 0 92.2813 0
414 309017 0.029164 0 0 0 92.2816 0
415 309023 0.061396 0 0 0 92.2834 0
416 309026 0.096919 0 0 0 92.2843 0
418 309027 0.053099 0 0 0 92.2846 0
421 309028 0.067213 0 0 0 92.2849 0
423 309030 0.053718 0 0 0 92.2855 0
424 309031 0.00997 0 0 0 92.2858 0
425 309033 0.030553 0 0 0 92.2864 0
426 309035 0.031385 0 0 0 92.287 0
427 309037 0.050279 0 0 0 92.2876 0
428 309039 0.086907 0 0 0 92.2882 0
431 309043 0.048977 0 0 0 92.2894 0
432 309052 0.040965 0 0 0 92.2921 0
433 309055 0.140511 0 0 0 92.293 0
437 309056 0.030274 0 0 0 92.2933 0
438 309061 0.044686 0 0 0 92.2948 0
439 309063 0.061243 0 0 0 92.2954 0
440 309064 0.119633 0 0 0 92.2957 0
444 309066 0.050894 0 0 0 92.2963 0
445 309068 0.019086 0 0 0 92.2968 0
446 309070 0.0533 0 0 0 92.2974 0
447 309071 0.043842 0 0 0 92.2977 0
448 309073 0.092117 0 0 0 92.2983 0
451 309074 0.140055 0 0 0 92.2986 0
455 309076 0.025886 0 0 0 92.2992 0
456 309111 0.119017 0 0 0 92.3097 0
459 309112 0.104199 0 0 0 92.31 0
461 309113 0.003032 0 0 0 92.3103 0
462 309115 0.110419 0 0 0 92.3109 0
465 309116 0.01556 0 0 0 92.3112 0
466 309127 0.253444 0 0 0 92.3145 0
473 309128 0.07847 0 0 0 92.3148 0
475 309130 0.042072 0 0 0 92.3154 0
477 309137 0.037923 0 0 0 92.3175 0
478 309138 0.081291 0 0 0 92.3178 0
480 309144 0.041709 0 0 0 92.3195 0
481 309146 0.024512 0 0 0 92.3201 0
482 309149 0.044691 0 0 0 92.321 0
483 309150 0.024258 0 0 0 92.3213 0
484 309154 0.043932 0 0 0 92.3225 0
485 309159 0.075154 0 0 0 92.324 0
487 309161 0.070644 0 0 0 92.3246 0
489 309163 0.042855 0 0 0 92.3252 0
490 309171 0.138585 0 0 0 92.3276 0
494 309173 0.043432 0 0 0 92.3282 0
495 309174 0.035281 0 0 0 92.3285 0
496 309175 0.026519 0 0 0 92.3288 0
497 309178 0.073394 0 0 0 92.3297 0
499 309179 0.068931 0 0 0 92.33 0
501 309187 0.049673 0 0 0 92.3324 0
502 309191 0.045926 0 0 0 92.3336 0
503 309193 0.031261 0 0 0 92.3342 0
504 309194 0.044678 0 0 0 92.3345 0
505 309195 0.11185 0 0 0 92.3348 0
508 309197 0.057246 0 0 0 92.3354 0
510 309198 0.234697 0 0 0 92.3357 0
517 309217 0.210395 0 0 0 92.3413 0
523 309224 0.188518 0 0 0 92.3434 0
529 309233 0.196677 0 0 0 92.3461 0
534 309235 0.080739 0 0 0 92.3467 0
536 309238 0.051742 0 0 0 92.3476 0
538 309239 0.106889 0 0 0 92.3479 0
541 309241 0.026781 0 0 0 92.3485 0
542 309278 0.096179 0 0 0 92.3596 0
544 309279 0.050486 0 0 0 92.3599 0
545 309280 0.110202 0 0 0 92.3602 0
546 309281 0.102641 0 0 0 92.3605 0
551 309307 0.067619 0 0 0 92.3682 0
553 309309 0.030476 0 0 0 92.3688 0
554 309311 0.084145 0 0 0 92.3694 0
556 309312 0.043731 0 0 0 92.3697 0
557 309313 0.0294 0 0 0 92.37 0
558 309314 0.01014 0 0 0 92.3703 0
559 309317 0.048527 0 0 0 92.3712 0
560 309319 0.158227 0 0 0 92.3718 0
564 309320 0.043165 0 0 0 92.3721 0
565 309321 0.097409 0 0 0 92.3724 0
568 309322 0.006733 0 0 0 92.3727 0
569 309329 0.124089 0 0 0 92.3748 0
573 309330 0.124156 0 0 0 92.3751 0
576 309331 0.018939 0 0 0 92.3754 0
577 309332 0.061117 0 0 0 92.3757 0
579 309334 0.049962 0 0 0 92.3763 0
580 309335 0.093158 0 0 0 92.3766 0
582 309336 0.254794 0 0 0 92.3769 0
589 309337 0.048153 0 0 0 92.3772 0
590 309339 0.050004 0 0 0 92.3778 0
592 309341 0.206296 0 0 0 92.3784 0
598 309342 0.018327 0 0 0 92.3787 0
599 309343 0.189224 0 0 0 92.379 0
603 309344 0.003633 0 0 0 92.3793 0
604 309345 0.157135 0 0 0 92.3796 0
607 309346 0.23936 0 0 0 92.3799 0
614 309348 0.0389 0 0 0 92.3805 0
615 309349 0.010473 0 0 0 92.3808 0
616 309350 0.042502 0 0 0 92.3811 0
617 309352 0.075014 0 0 0 92.3817 0
619 309355 0.175989 0 0 0 92.3826 0
624 309358 0.388963 0 0 0 92.3835 0
629 309359 0.123674 0 0 0 92.3838 0
639 309360 0.114357 0 0 0 92.384 0
642 309361 0.294213 0 0 0 92.3843 0
649 309362 0.027561 0 0 0 92.3846 0
650 309363 0.092194 0 0 0 92.3849 0
653 309370 0.063627 0 0 0 92.387 0
655 309373 0.165461 0 0 0 92.3879 0
658 309374 0.081142 0 0 0 92.3882 0
661 309375 0.38377 0 0 0 92.3885 0
671 309377 0.12829 0 0 0 92.3891 0
674 309378 0.122273 0 0 0 92.3894 0
677 309379 0.116006 0 0 0 92.3897 0
680 309380 0.09192 0 0 0 92.39 0
683 309384 0.201442 0 0 0 92.3912 0
688 309387 0.109983 0 0 0 92.3921 0
691 309389 0.440484 0 0 0 92.3927 0
703 309390 0.592088 0 0 0 92.393 0
719 309393 0.085882 0 0 0 92.3939 0
722 309395 0.221345 0 0 0 92.3945 0
728 309406 0.065653 0 0 0 92.3978 0
729 309419 0.305845 0 0 0 92.4017 0
738 309421 0.026156 0 0 0 92.4023 0
739 309422 0.063646 0 0 0 92.4026 0
741 309423 0.038266 0 0 0 92.4029 0
742 309424 0.071859 0 0 0 92.4032 0
744 309426 0.08946 0 0 0 92.4038 0
746 309427 0.092952 0 0 0 92.4041 0
749 309429 0.279168 0 0 0 92.4047 0
756 309430 0.159513 0 0 0 92.405 0
761 309432 0.065177 0 0 0 92.4056 0
763 309434 0.087951 0 0 0 92.4061 0
765 309439 0.11494 0 0 0 92.4076 0
768 309441 0.578431 0 0 0 92.4082 0
784 309442 0.08037 0 0 0 92.4085 0
786 309443 0.096122 0 0 0 92.4088 0
789 309445 0.183344 0 0 0 92.4094 0
793 309446 0.215021 0 0 0 92.4097 0
799 309447 0.090666 0 0 0 92.41 0
801 309448 0.12599 0 0 0 92.4103 0
805 309449 0.104714 0 0 0 92.4106 0
808 309450 0.171649 0 0 0 92.4109 0
812 309453 0.040727 0 0 0 92.4118 0
813 309461 0.03331 0 0 0 92.4142 0
814 309467 0.172337 0 0 0 92.416 0
819 309469 0.167094 0 0 0 92.4166 0
823 309470 0.074526 0 0 0 92.4169 0
825 309471 0.173376 0 0 0 92.4172 0
831 309473 0.123028 0 0 0 92.4178 0
834 309474 0.048884 0 0 0 92.4181 0
835 309475 0.078539 0 0 0 92.4184 0
837 309476 0.344392 0 0 0 92.4187 0
847 309477 0.243242 0 0 0 92.419 0
851 309478 0.665129 0 0 0 92.4193 0
870 309480 0.029615 0 0 0 92.4199 0
871 309490 0.075447 0 0 0 92.4229 0
873 309504 0.14109 0 0 0 92.4271 0
877 309519 0.131623 0 0 0 92.4315 0
880 309523 0.126491 0 0 0 92.4327 0
883 309524 0.022265 0 0 0 92.433 0
884 309532 0.605284 0 0 0 92.4354 0
901 309553 0.16627 0 0 0 92.4417 0
905 309554 0.100072 0 0 0 92.442 0
908 309557 0.149474 0 0 0 92.4429 0
912 309558 0.045819 0 0 0 92.4432 0
913 309564 0.216281 0 0 0 92.445 0
919 309566 0.276688 0 0 0 92.4456 0
925 309589 0.17661 0 0 0 92.4524 0
928 309591 0.097656 0 0 0 92.453 0
931 309592 0.255503 0 0 0 92.4533 0
938 309594 0.178861 0 0 0 92.4539 0
944 309599 0.648165 0 0 0 92.4554 0
959 309600 0.087027 0 0 0 92.4557 0
961 309601 0.001479 0 0 0 92.456 0
962 309605 0.209167 0 0 0 92.4572 0
967 309606 0.083601 0 0 0 92.4575 0
970 309609 0.237957 0 0 0 92.4584 0
977 309610 0.021221 0 0 0 92.4587 0
978 309619 0.832226 0 0 0 92.4614 0
999 309620 0.39821 0 0 0 92.4617 0
1010 309622 0.042153 0 0 0 92.4623 0
1011 309623 0.181928 0 0 0 92.4626 0
1012 309624 1.08145 0 0 0 92.4629 0
1044 309625 0.109905 0 0 0 92.4632 0
1047 309629 0.636474 0 0 0 92.4644 0
1064 309630 0.248554 0 0 0 92.4647 0
1074 309632 0.165389 0 0 0 92.4653 0
1078 309633 0.03846 0 0 0 92.4656 0
1080 309634 0.131325 0 0 0 92.4659 0
1083 309635 0.131164 0 0 0 92.4662 0
1086 309636 0.694267 0 0 0 92.4665 0
1107 309637 0.119749 0 0 0 92.4668 0
1110 309638 0.579593 0 0 0 92.4671 0
1126 309641 0.241354 0 0 0 92.468 0
1130 309642 0.035579 0 0 0 92.4683 0
1134 309646 0.529923 0 0 0 92.4695 0
1148 309649 0.358975 0 0 0 92.4704 0
1158 309652 0.176468 0 0 0 92.4712 0
1159 309653 0.119916 0 0 0 92.4715 0
1165 309655 0.019216 0 0 0 92.4721 0
1166 309659 0.079604 0 0 0 92.4733 0
1168 309665 1.29165 0 0 0 92.4751 0
1202 309666 0.020305 0 0 0 92.4754 0
1203 309667 0.269737 0 0 0 92.4757 0
1210 309668 0.113952 0 0 0 92.476 0
1212 309671 0.108238 0 0 0 92.4769 0
1214 309672 0.62953 0 0 0 92.4772 0
1230 309677 0.59742 0 0 0 92.4787 0
1246 309819 0.511997 0 0 0 92.5211 0
1256 309831 0.952702 0 0 0 92.5247 0
1279 309833 0.938931 0 0 0 92.5253 0
1302 309834 0.094069 0 0 0 92.5256 0
1303 309835 0.012592 0 0 0 92.5259 0
1305 309840 0.075506 0 0 0 92.5274 0
1307 309946 0.727233 0 0 0 92.559 0
1321 309954 0.589977 0 0 0 92.5614 0
1336 309955 0.191484 0 0 0 92.5617 0
1341 309956 0.096458 0 0 0 92.562 0
1344 309957 0.584418 0 0 0 92.5623 0
1357 309959 0.339895 0 0 0 92.5629 0
1366 309977 2.35247 0 0 0 92.5683 0
1426 309979 0.220054 0 0 0 92.5689 0
1433 309992 1.38871 0 0 0 92.5728 0
1466 309993 0.009459 0 0 0 92.5731 0
1467 309994 0.921312 0 0 0 92.5734 0
1491 309996 0.132034 0 0 0 92.574 0
1492 309997 0.082481 0 0 0 92.5743 0
1497 309998 0.19695 0 0 0 92.5746 0
1501 309999 0.396655 0 0 0 92.5749 0
1511 310036 0.10809 0 0 0 92.5859 0
1512 310037 0.552211 0 0 0 92.5862 0
1528 310054 0.385742 0 0 0 92.5913 0
1536 310058 0.157834 0 0 0 92.5925 0
1537 310059 1.151 0 0 0 92.5928 0
1568 310060 0.371714 0 0 0 92.5931 0
1577 310061 0.236476 0 0 0 92.5934 0
1583 310068 0.425084 0 0 0 92.5955 0
1596 310079 0.252713 0 0 0 92.5988 0
1602 310085 0.40264 0 0 0 92.6006 0
1611 310087 1.61107 0 0 0 92.6012 0
1652 310094 1.45154 0 0 0 92.6032 0
1686 310095 0.99831 0 0 0 92.6035 0
1713 310097 1.09786 0 0 0 92.6041 0
1746 310099 0.509787 0 0 0 92.6047 0
1759 310112 0.512938 0 0 0 92.6086 0
1774 310122 0.600562 0 0 0 92.6116 0
1788 310124 0.350993 0 0 0 92.6122 0
1799 310125 0.049881 0 0 0 92.6125 0
1801 310126 1.32977 0 0 0 92.6128 0
1838 310172 1.14802 0 0 0 92.6265 0
1862 310173 0.252234 0 0 0 92.6268 0
1868 310174 1.55701 0 0 0 92.6271 0
1911 310202 0.94119 0 0 0 92.6355 0
1934 310203 0.467049 0 0 0 92.6358 0
1947 310205 2.05043 0 0 0 92.6364 0
2000 310212 0.114547 0 0 0 92.6385 0
2002 310213 0.091636 0 0 0 92.6388 0
2005 310214 0.257122 0 0 0 92.6391 0
2010 310222 1.23241 0 0 0 92.6415 0
2039 310224 1.9236 0 0 0 92.6421 0
2091 310225 1.01463 0 0 0 92.6424 0
2122 310227 0.07191 0 0 0 92.643 0
2124 310229 0.121925 0 0 0 92.6436 0
2126 310230 0.205888 0 0 0 92.6439 0
2128 310231 0.036785 0 0 0 92.6442 0
2133 310232 3.57048 0 0 0 92.6445 0
2219 310247 0.162914 0 0 0 92.6489 0
2224 310249 2.53498 0 0 0 92.6495 0
2270 310250 1.44811 0 0 0 92.6498 0
2293 310251 3.11008 0 0 0 92.6501 0
2346 310267 1.43187 0 0 0 92.6549 0
2376 310275 1.44236 0 0 0 92.6573 0
2402 310280 0.116559 0 0 0 92.6588 0
2403 310281 4.95227 0 0 0 92.6591 0
2533 310290 0.654129 0 0 0 92.6618 0
2548 310372 2.55031 0 0 0 92.6863 0
2601 310373 2.71364 0 0 0 92.6866 0
2656 310374 1.74357 0 0 0 92.6869 0
2699 310389 0.346866 0 0 0 92.6913 0
2705 310390 0.929159 0 0 0 92.6916 0
2729 310431 4.36359 0 0 0 92.7039 0
2824 310433 0.320649 0 0 0 92.7045 0
2830 310434 1.60193 0 0 0 92.7048 0
2873 310435 0.111025 0 0 0 92.7051 0
2877 310446 4.15489 0 0 0 92.7084 0
2965 310447 0.086914 0 0 0 92.7087 0
2966 310448 1.92399 0 0 0 92.709 0
3014 310449 3.47026 0 0 0 92.7093 0
3111 310560 0.339208 0 0 0 92.7424 0
3112 310568 0.189177 0 0 0 92.7448 0
3115 310605 6.01833 0 0 0 92.7558 0
3267 310615 1.01146 0 0 0 92.7588 0
3298 310618 0.286034 0 0 0 92.7597 0
3306 310636 6.99288 0 0 0 92.7651 0
3444 310641 5.67722 0 0 0 92.7666 0
3585 310645 1.90767 0 0 0 92.7678 0
3637 310649 11.914 0 0 0 92.769 0
3908 310659 1.03812 0 0 0 92.772 0
3926 310668 3.20592 0 0 0 92.7747 0
3994 310697 13.0545 0 0 0 92.7833 0
4306 310826 1.20215 0 0 0 92.8218 0
4320 310888 3.60074 0 0 0 92.8404 0
4386 310897 5.11709 0 0 0 92.843 0
4496 310948 0.866774 0 0 0 92.8583 0
4499 310949 0.005171 0 0 0 92.8586 0
4500 310950 0.452785 0 0 0 92.8589 0
4520 310951 19.2723 0 0 0 92.8592 0
4883 310953 7.45874 0 0 0 92.8598 0
5048 311171 5.19954 0 0 0 92.9249 0
5119 311224 12.6962 0 0 0 92.9407 0
5426 311228 0.457034 0 0 0 92.9419 0
5429 311229 4.33845 0 0 0 92.9422 0
5528 311247 0.314992 0 0 0 92.9476 0
5529 311248 0.150986 0 0 0 92.9479 0
5534 311249 19.0492 0 0 0 92.9482 0
5943 311269 14.5463 0 0 0 92.9541 0
6224 311284 0.249729 0 0 0 92.9586 0
6227 311285 12.4262 0 0 0 92.9589 0
6530 311337 22.0424 0 0 0 92.9744 0
6959 312223 7.55197 0 0 0 93.239 0
7012 312266 30.1221 0 0 0 93.2519 0
7668 312339 20.033 0 0 0 93.2737 0
8041 312382 60.5662 0 0 0 93.2865 0
9125 312435 29.312 0 0 0 93.3023 0
9704 312487 47.2538 0 0 0 93.3179 0
10616 312710 3.2484 0 0 0 93.3845 0
10636 312907 114.179 0 0 0 93.4433 0
12592 313115 61.7063 0 0 0 93.5054 0
13473 314817 106.488 0 0 0 94.0137 0
15096 315211 135.536 0 0 0 94.1313 0
16891 316371 140.247 0 0 0 94.4777 0
18491 334863 165.645 21661 0.492225 1.96937 100 13
