1 67767 1.10849 0 1 -nan 2.20564
2 111021 0.209065 1 0.99673 1 3.61345
3 149300 0.214131 3 0.991942 1.03242 4.85933
4 186462 0.212138 3 0.986394 1.05124 6.06886
5 222480 0.249259 5 0.980893 1.06822 7.24115
6 258008 0.260922 6 0.974791 1.08041 8.39749
7 292962 0.304627 6 0.969173 1.09213 9.53515
8 327584 0.289502 7 0.962803 1.0943 10.662
9 360973 0.327099 7 0.95636 1.09941 11.7487
10 393610 0.346129 9 0.950314 1.10452 12.811
11 425007 0.367824 9 0.943857 1.10875 13.8329
12 455176 0.393087 9 0.937446 1.11179 14.8148
13 483930 0.43838 9 0.930715 1.11563 15.7507
14 511319 0.46283 10 0.923879 1.11968 16.6421
15 537520 0.491539 11 0.91735 1.12387 17.4949
16 562247 0.506611 12 0.910996 1.12777 18.2997
17 585931 0.592193 12 0.90456 1.13135 19.0705
18 608272 0.628769 13 0.898195 1.13491 19.7977
19 629289 0.681465 15 0.892002 1.13864 20.4817
20 649339 0.689096 15 0.885468 1.14322 21.1343
21 668216 0.74036 15 0.879265 1.14822 21.7487
22 686186 0.76834 15 0.873103 1.15382 22.3336
23 703166 0.842063 16 0.867118 1.15832 22.8862
24 719445 0.914024 17 0.861267 1.16359 23.4161
25 734603 0.898969 17 0.85562 1.16819 23.9094
26 749125 0.938972 17 0.849934 1.17397 24.3821
27 762631 0.967089 17 0.844528 1.17874 24.8217
28 775705 1.02543 17 0.839086 1.18442 25.2472
29 787943 1.07425 18 0.833916 1.18974 25.6455
30 799805 1.11667 20 0.828773 1.19456 26.0316
31 810974 1.15974 20 0.823711 1.19984 26.3951
32 821662 1.1822 20 0.818907 1.20476 26.743
33 831692 1.24165 21 0.814307 1.21021 27.0694
34 841336 1.24847 21 0.809654 1.21532 27.3833
35 850491 1.33245 22 0.805252 1.22009 27.6813
36 859294 1.38353 22 0.801067 1.22543 27.9678
37 867703 1.43455 23 0.796904 1.23024 28.2415
38 875942 1.48195 25 0.792758 1.23535 28.5096
39 883754 1.49963 25 0.788794 1.24073 28.7639
40 891242 1.56144 25 0.784938 1.24575 29.0076
41 898371 1.58 25 0.781181 1.25092 29.2397
42 905303 1.65331 25 0.777518 1.25575 29.4653
43 911949 1.63821 25 0.773995 1.26083 29.6816
44 918305 1.69705 25 0.770552 1.26569 29.8885
45 924402 1.73304 25 0.76723 1.27046 30.0869
46 930392 1.78401 25 0.763927 1.27546 30.2819
47 936189 1.81295 25 0.760691 1.28051 30.4705
48 941746 1.85632 25 0.757576 1.28553 30.6514
49 947103 1.84791 25 0.754604 1.29013 30.8258
50 952225 1.93911 25 0.751759 1.29491 30.9925
51 957154 1.90515 25 0.749019 1.29954 31.1529
52 961890 1.95949 25 0.746374 1.30432 31.307
53 966669 2.0059 25 0.743694 1.30892 31.4626
54 971149 2.02768 25 0.741134 1.31314 31.6084
55 975572 2.0402 25 0.738639 1.31756 31.7523
56 979831 2.06881 27 0.736209 1.32189 31.891
57 983869 2.12291 28 0.733831 1.32606 32.0224
58 987849 2.15667 28 0.731509 1.33042 32.1519
59 991831 2.17391 28 0.729153 1.33504 32.2815
60 995548 2.22225 28 0.726996 1.33919 32.4025
61 999223 2.23178 28 0.724844 1.34345 32.5221
62 1002783 2.27223 28 0.722766 1.34753 32.638
63 1006141 2.27684 28 0.720808 1.35134 32.7473
64 1009475 2.30351 28 0.718854 1.35538 32.8558
65 1012735 2.30852 28 0.716914 1.35932 32.9619
66 1016009 2.32347 28 0.71501 1.36351 33.0685
67 1019026 2.34078 28 0.713224 1.36744 33.1667
68 1021995 2.40459 28 0.711469 1.37131 33.2633
69 1024886 2.38366 28 0.709735 1.37501 33.3574
70 1027745 2.36888 28 0.708052 1.37866 33.4504
71 1030506 2.43843 28 0.706428 1.3824 33.5403
72 1033236 2.46569 28 0.704813 1.38611 33.6292
73 1035905 2.48679 28 0.703243 1.38983 33.716
74 1038417 2.49222 28 0.701733 1.39339 33.7978
75 1040805 2.56478 28 0.700319 1.39681 33.8755
76 1043287 2.52281 28 0.698859 1.40022 33.9563
77 1045762 2.58631 28 0.697408 1.40395 34.0368
78 1048090 2.56943 28 0.696038 1.40727 34.1126
79 1050375 2.67869 28 0.694678 1.41071 34.187
80 1052545 2.53495 28 0.69339 1.41394 34.2576
81 1054727 2.62133 28 0.692087 1.41711 34.3286
82 1056792 2.58414 28 0.690874 1.42027 34.3958
83 1058923 2.61454 28 0.689608 1.42374 34.4652
84 1061011 2.66047 28 0.688401 1.42701 34.5332
85 1063024 2.71574 28 0.687216 1.43008 34.5987
86 1065041 2.67985 28 0.686 1.43319 34.6643
87 1067045 2.71895 28 0.684823 1.43637 34.7296
88 1068896 2.75032 28 0.68372 1.43942 34.7898
89 1070773 2.72152 28 0.682622 1.44243 34.8509
90 1072579 2.76684 29 0.681568 1.44531 34.9097
91 1074367 2.747 29 0.680529 1.44825 34.9679
92 1076074 2.80909 29 0.679526 1.45112 35.0234
93 1077798 2.71366 29 0.6785 1.45397 35.0795
94 1079439 2.82064 29 0.677526 1.45674 35.1329
95 1081048 2.78876 29 0.676592 1.45937 35.1853
96 1082602 2.8354 29 0.675691 1.46202 35.2359
97 1084185 2.79449 29 0.674763 1.46461 35.2874
98 1085759 2.83607 29 0.673836 1.46738 35.3386
99 1087280 2.81837 29 0.67295 1.47012 35.3881
100 1088777 2.84558 29 0.672082 1.47266 35.4369
101 1090346 2.93544 29 0.671165 1.4756 35.4879
102 1091787 2.84916 29 0.670314 1.47838 35.5348
103 1093216 2.84847 29 0.669486 1.48089 35.5814
104 1094672 2.88435 29 0.668636 1.48361 35.6287
105 1096058 2.89348 29 0.667828 1.48615 35.6739
106 1097399 2.83817 29 0.667051 1.48874 35.7175
107 1098696 2.88803 29 0.666293 1.49114 35.7597
108 1099959 2.85384 29 0.665558 1.4935 35.8008
109 1101261 2.94941 29 0.6648 1.4961 35.8432
110 1102514 2.93123 29 0.664075 1.4983 35.884
111 1103782 2.90528 29 0.663332 1.50049 35.9252
112 1104978 2.95785 29 0.662646 1.50274 35.9642
113 1106206 2.91495 29 0.661935 1.5054 36.0041
114 1107425 2.91602 29 0.661238 1.50772 36.0438
115 1108632 2.90474 29 0.660536 1.51003 36.0831
116 1109775 2.91554 29 0.659877 1.51217 36.1203
117 1110877 2.94109 29 0.659246 1.51429 36.1562
118 1111917 2.95614 29 0.658657 1.51643 36.19
119 1113049 2.88746 29 0.658013 1.51867 36.2269
120 1114101 2.95361 29 0.657412 1.52066 36.2611
121 1115211 2.93994 29 0.656775 1.52293 36.2972
122 1116213 2.90799 29 0.656199 1.52503 36.3298
123 1117234 2.9836 29 0.655616 1.52724 36.3631
124 1118250 2.90855 29 0.65504 1.52936 36.3961
125 1119255 2.9719 29 0.654471 1.53131 36.4289
126 1120229 2.9585 29 0.653911 1.53352 36.4606
127 1121162 2.96972 29 0.653377 1.53547 36.4909
128 1122102 2.94534 29 0.652845 1.53741 36.5215
129 1123007 2.91224 29 0.652334 1.53932 36.551
130 1123939 2.9999 29 0.651803 1.54117 36.5813
131 1124851 2.86919 29 0.651283 1.54304 36.611
132 1125789 2.91047 29 0.65075 1.54494 36.6415
133 1126696 2.94864 30 0.650239 1.54678 36.671
134 1127628 2.90231 30 0.649714 1.54878 36.7014
135 1128504 2.95323 30 0.649219 1.55067 36.7299
136 1129356 2.97132 30 0.648734 1.5525 36.7576
137 1130218 2.95909 30 0.648251 1.55426 36.7857
138 1131091 2.88592 30 0.647759 1.55605 36.8141
139 1131930 2.87105 30 0.647287 1.55783 36.8414
140 1132787 2.91968 30 0.646803 1.55966 36.8693
141 1133577 2.91712 30 0.646365 1.56128 36.895
142 1134361 2.95798 30 0.645922 1.56305 36.9205
143 1135136 2.91657 30 0.645486 1.56476 36.9457
144 1135939 3.05442 30 0.645038 1.56656 36.9719
145 1136733 2.97681 30 0.644595 1.56825 36.9977
146 1137487 2.94967 30 0.644171 1.56993 37.0223
147 1138193 2.93422 30 0.643781 1.57145 37.0452
148 1138936 2.96898 30 0.643365 1.57307 37.0694
149 1139678 3.02218 30 0.642951 1.57466 37.0936
150 1140398 3.00461 30 0.642549 1.57627 37.117
151 1141069 2.95101 30 0.642174 1.57771 37.1388
152 1141741 2.9694 30 0.641803 1.57913 37.1607
153 1142391 2.93129 30 0.641444 1.58062 37.1819
154 1143124 3.01667 30 0.641038 1.58227 37.2057
155 1143810 2.96757 30 0.640663 1.58374 37.2281
156 1144475 2.88286 30 0.640297 1.58529 37.2497
157 1145131 2.97227 30 0.639934 1.5868 37.271
158 1145792 2.92673 30 0.639569 1.58834 37.2926
159 1146426 2.96682 30 0.639221 1.58972 37.3132
160 1147005 2.9212 30 0.6389 1.59105 37.332
161 1147645 2.95211 30 0.638548 1.59258 37.3529
162 1148278 2.89354 30 0.6382 1.59405 37.3735
163 1148945 2.94849 30 0.637836 1.59564 37.3952
164 1149536 2.87911 30 0.637509 1.59707 37.4144
165 1150145 2.9015 30 0.637177 1.59847 37.4342
166 1150749 2.93636 30 0.636845 1.59982 37.4539
167 1151312 2.98 30 0.636537 1.60101 37.4722
168 1151920 2.94721 30 0.636205 1.60244 37.492
169 1152518 3.01852 30 0.635876 1.60379 37.5115
170 1153070 2.96688 30 0.635575 1.60511 37.5294
171 1153672 3.00766 30 0.635246 1.60644 37.549
172 1154222 2.94444 30 0.634945 1.6077 37.5669
173 1154789 3.03948 30 0.634635 1.60904 37.5854
174 1155327 2.95424 30 0.634341 1.61028 37.6029
175 1155849 3.01205 30 0.634056 1.6115 37.6199
176 1156399 2.91394 30 0.633759 1.61275 37.6378
177 1156951 3.08448 30 0.633458 1.61414 37.6558
178 1157452 3.20606 30 0.633184 1.61528 37.6721
179 1157950 3.17865 30 0.632913 1.61629 37.6883
180 1158479 3.04429 30 0.632624 1.61754 37.7055
181 1158960 3.01906 30 0.632363 1.6186 37.7211
182 1159442 2.96987 30 0.632101 1.61973 37.7368
183 1159956 3.03349 30 0.631822 1.621 37.7536
184 1160453 3.00784 30 0.631552 1.62215 37.7697
185 1160972 3.01407 30 0.63127 1.62339 37.7866
186 1161459 2.97118 30 0.631006 1.62446 37.8025
187 1161969 3.00757 31 0.630729 1.62568 37.8191
188 1162450 3.03875 31 0.630472 1.62687 37.8347
189 1162943 2.94727 31 0.630205 1.62803 37.8508
190 1163425 2.95229 31 0.629944 1.62921 37.8665
191 1163874 2.92984 31 0.629702 1.63031 37.8811
192 1164326 2.96613 31 0.629458 1.63135 37.8958
193 1164770 2.91759 31 0.629219 1.63244 37.9102
194 1165191 2.89878 31 0.628992 1.6334 37.924
195 1165637 2.86967 31 0.628752 1.63443 37.9385
196 1166090 3.00071 31 0.62851 1.63551 37.9532
197 1166520 2.93417 31 0.628279 1.63654 37.9672
198 1166978 2.87056 31 0.628033 1.63757 37.9821
199 1167395 2.9934 31 0.627811 1.63854 37.9957
200 1167396 7.9e-05 31 0.62781 1.63855 37.9957
