1 0 0 0 nan nan 0 1
50 77 0.042836 0 1 nan 7.7 2
91 78 0 1 0.987179 1 7.8 2
92 80 6.3e-05 1 0.9625 1 8 2
93 85 0.000337 1 0.905882 1 8.5 2
94 91 0.00064 1 0.846154 1 9.1 2
95 95 0.000658 1 0.810526 1 9.5 2
96 97 0.000801 1 0.793814 1 9.7 2
97 99 7.3e-05 1 0.777778 1 9.9 2
133 101 9.1e-05 1 0.762376 1.08333 10.1 3
137 102 0 1 0.754902 1.12 10.2 3
138 106 0.002665 2 0.726415 1.2069 10.6 3
139 109 0.001587 2 0.706422 1.25 10.9 3
140 110 0 2 0.7 1.27273 11 3
143 111 0 2 0.693694 1.29412 11.1 3
173 112 0 2 0.6875 1.34286 11.2 3
174 113 0 2 0.681416 1.36111 11.3 3
176 114 0 2 0.675439 1.40541 11.4 3
177 117 0.000751 2 0.65812 1.45 11.7 3
180 119 0.00045 2 0.647059 1.47619 11.9 3
182 120 0 2 0.641667 1.48837 12 3
186 121 0 3 0.636364 1.47727 12.1 3
218 122 8.2e-05 3 0.631148 1.48889 12.2 3
