1 957 0.126067 1 1 nan 5.34547 1
2 2396 0.010552 2 0.907346 1.0045 13.3832 1
3 2830 0.003911 3 0.899647 1.06338 15.8074 1
4 4305 0.012997 4 0.825784 1.08533 24.0462 1
5 5002 0.006746 4 0.785686 1.11194 27.9395 1
6 5741 0.008208 5 0.754572 1.13343 32.0673 1
7 5978 0.002786 6 0.740883 1.14138 33.3911 1
8 6100 0.001468 6 0.737541 1.14491 34.0725 1
9 6154 0.00084 6 0.735782 1.14699 34.3741 1
11 6161 0.000104 6 0.73527 1.14654 34.4132 1
12 7055 0.012178 8 0.699646 1.19679 39.4068 1
13 7080 0.000467 8 0.698164 1.19888 39.5464 1
14 7521 0.006213 8 0.675974 1.22733 42.0097 1
15 7704 0.002969 8 0.668614 1.25304 43.0319 1
16 8076 0.005705 8 0.652427 1.28108 45.1098 1
17 8150 0.001342 8 0.649816 1.28837 45.5231 1
18 8568 0.007285 9 0.629902 1.31189 47.8579 1
19 8699 0.00245 9 0.625359 1.32495 48.5896 1
20 9013 0.006167 10 0.611228 1.34418 50.3435 1
21 9111 0.002157 11 0.608056 1.34864 50.8909 1
22 9389 0.005775 11 0.597082 1.36638 52.4437 1
23 9412 0.000623 11 0.595941 1.37102 52.5722 1
24 9802 0.008473 12 0.580188 1.39392 54.7506 1
25 9824 0.000841 13 0.579397 1.39739 54.8735 1
26 10083 0.006243 13 0.569573 1.41014 56.3202 1
27 10119 0.00122 13 0.568139 1.41716 56.5213 1
28 10313 0.006014 13 0.560749 1.43046 57.6049 1
29 10338 0.000998 14 0.559973 1.43548 57.7445 1
30 10563 0.006912 14 0.551453 1.44935 59.0013 1
31 10597 0.001706 14 0.550156 1.45731 59.1912 1
32 10770 0.007505 14 0.544104 1.46741 60.1575 1
33 10780 0.000483 14 0.54397 1.46786 60.2134 1
34 10970 0.007557 14 0.537557 1.47368 61.2746 1
35 10990 0.001083 14 0.536761 1.47594 61.3864 1
36 11186 0.008311 14 0.530127 1.47622 62.4811 1
37 11206 0.001124 15 0.52927 1.47773 62.5929 1
38 11363 0.007629 15 0.524157 1.48456 63.4698 1
39 11396 0.002057 15 0.523254 1.48739 63.6541 1
40 11505 0.00529 15 0.519166 1.49024 64.263 1
41 11522 0.001648 16 0.518486 1.49297 64.3579 1
42 11626 0.005296 16 0.515655 1.49689 64.9388 1
43 11678 0.003065 16 0.514472 1.50018 65.2293 1
44 11772 0.004976 18 0.510788 1.50078 65.7543 1
45 11790 0.001831 18 0.510178 1.50303 65.8549 1
46 11922 0.007256 20 0.505704 1.50636 66.5922 1
47 11943 0.00229 20 0.504898 1.50905 66.7095 1
48 12009 0.005392 20 0.50279 1.51281 67.0781 1
49 12017 0.000886 20 0.502455 1.51363 67.1228 1
50 12098 0.005483 21 0.499504 1.51594 67.5753 1
51 12124 0.002248 21 0.498928 1.5177 67.7205 1
52 12183 0.004112 22 0.49684 1.51941 68.05 1
53 12200 0.001554 22 0.496311 1.52189 68.145 1
54 12273 0.005371 22 0.4945 1.52289 68.5528 1
55 12292 0.001516 22 0.493898 1.52467 68.6589 1
56 12365 0.005464 22 0.491549 1.52298 69.0666 1
57 12375 0.000979 22 0.491313 1.52454 69.1225 1
58 12460 0.005996 24 0.488604 1.52448 69.5973 1
59 12471 0.001057 24 0.488173 1.52624 69.6587 1
60 12536 0.006527 24 0.48628 1.52795 70.0218 1
61 12541 0.000972 24 0.486086 1.52832 70.0497 1
62 12615 0.006094 26 0.48371 1.5291 70.4631 1
63 12629 0.00189 26 0.483174 1.53087 70.5413 1
64 12674 0.005251 26 0.481853 1.53373 70.7926 1
65 12706 0.003665 27 0.480954 1.53571 70.9713 1
66 12725 0.002457 27 0.480314 1.53728 71.0775 1
67 12735 0.002645 27 0.480016 1.53821 71.1333 1
68 12756 0.005046 27 0.479225 1.53936 71.2506 1
69 12764 0.002527 27 0.479082 1.53963 71.2953 1
70 12811 0.011068 27 0.477871 1.53909 71.5578 1
71 12820 0.001483 27 0.477613 1.53935 71.6081 1
72 12869 0.005233 27 0.476028 1.53908 71.8818 1
73 12891 0.003507 27 0.47537 1.54029 72.0047 1
74 12918 0.003875 27 0.474377 1.5405 72.1555 1
75 12955 0.005476 27 0.473408 1.5409 72.3622 1
76 12967 0.001078 27 0.47297 1.54039 72.4292 1
77 12971 0.001073 27 0.472901 1.54161 72.4515 1
78 13009 0.00648 27 0.471673 1.54212 72.6638 1
79 13013 0.001128 27 0.471605 1.54232 72.6861 1
80 13046 0.005704 27 0.470489 1.54256 72.8705 1
81 13065 0.002886 27 0.469881 1.54216 72.9766 1
82 13094 0.004326 27 0.468993 1.54121 73.1386 1
83 13099 0.000899 27 0.468891 1.54176 73.1665 1
84 13120 0.006393 28 0.468293 1.54386 73.2838 1
85 13137 0.003484 28 0.467687 1.54483 73.3788 1
86 13146 0.004245 28 0.467366 1.5457 73.429 1
87 13158 0.003324 28 0.467016 1.54641 73.4961 1
88 13173 0.003927 28 0.46656 1.54618 73.5798 1
89 13191 0.003607 28 0.466 1.54557 73.6804 1
90 13221 0.004486 28 0.465018 1.54461 73.848 1
91 13238 0.002276 29 0.464572 1.54472 73.9429 1
92 13266 0.005428 29 0.463667 1.54462 74.0993 1
93 13307 0.007452 34 0.462238 1.5429 74.3283 1
95 13310 0.000467 34 0.462209 1.54303 74.3451 1
96 13354 0.005944 34 0.460686 1.5429 74.5909 1
97 13358 0.001202 34 0.460548 1.5433 74.6132 1
98 13373 0.004829 35 0.460031 1.54383 74.697 1
99 13381 0.001976 35 0.459756 1.54392 74.7417 1
100 13402 0.004293 35 0.459036 1.54455 74.859 1
101 13420 0.002687 35 0.458495 1.54342 74.9595 1
102 13444 0.004265 35 0.457676 1.54231 75.0936 1
103 13446 0.000928 35 0.457608 1.54285 75.1047 1
104 13464 0.007205 36 0.457071 1.54323 75.2053 1
105 13472 0.001641 36 0.456874 1.54408 75.25 1
106 13500 0.005877 36 0.455926 1.54364 75.4064 1
107 13502 0.000633 36 0.455858 1.54403 75.4175 1
108 13512 0.005104 36 0.455521 1.5452 75.4734 1
109 13518 0.001482 36 0.455393 1.54564 75.5069 1
110 13530 0.003194 36 0.454989 1.54611 75.5739 1
111 13540 0.001274 36 0.454727 1.54585 75.6298 1
112 13550 0.003881 36 0.454391 1.54579 75.6856 1
113 13555 0.001174 36 0.454224 1.54636 75.7136 1
114 13570 0.00693 36 0.453721 1.54755 75.7974 1
115 13573 0.00095 36 0.453621 1.54787 75.8141 1
116 13583 0.005542 36 0.453287 1.54807 75.87 1
117 13585 0.000982 36 0.45322 1.54833 75.8811 1
118 13595 0.003883 36 0.452887 1.54827 75.937 1
119 13597 0.002733 36 0.45282 1.54839 75.9482 1
121 13599 0.002845 36 0.452754 1.54824 75.9593 1
122 13607 0.005653 36 0.452488 1.54832 76.004 1
123 13610 0.00162 36 0.452388 1.5485 76.0208 1
124 13611 0 36 0.452355 1.5487 76.0264 1
125 13614 0.001707 36 0.452255 1.54928 76.0431 1
126 13624 0.004244 36 0.451923 1.54989 76.099 1
127 13629 0.004489 36 0.451757 1.55019 76.1269 1
128 13641 0.008263 36 0.45136 1.54997 76.1939 1
130 13642 0 36 0.451327 1.55017 76.1995 1
131 13645 0.001403 36 0.451228 1.55035 76.2163 1
132 13656 0.004425 37 0.450864 1.54994 76.2777 1
133 13658 0.000207 37 0.450798 1.55006 76.2889 1
134 13663 0.002729 37 0.450633 1.55023 76.3168 1
135 13671 0.004571 37 0.450369 1.55004 76.3615 1
136 13673 0.00116 37 0.450304 1.55029 76.3727 1
138 13693 0.012114 37 0.449646 1.54963 76.4844 1
141 13695 0.000129 37 0.44958 1.55028 76.4956 1
142 13701 0.006855 37 0.449383 1.55011 76.5291 1
144 13709 0.008912 37 0.449121 1.55045 76.5738 1
148 13713 0.00055 37 0.44899 1.55056 76.5961 1
149 13715 0.000668 37 0.448925 1.55107 76.6073 1
150 13717 0.001531 37 0.448859 1.55119 76.6184 1
151 13722 0.003384 37 0.448696 1.55096 76.6464 1
152 13727 0.002157 37 0.448532 1.55112 76.6743 1
153 13729 0.000908 37 0.448467 1.55124 76.6855 1
154 13734 0.003593 37 0.448303 1.55114 76.7134 1
155 13735 0 37 0.448271 1.5512 76.719 1
156 13738 0.00314 37 0.448173 1.55138 76.7357 1
159 13746 0.003529 37 0.447912 1.55159 76.7804 1
160 13754 0.005249 37 0.447652 1.55127 76.8251 1
161 13758 0.002198 37 0.447521 1.55111 76.8475 1
163 13760 0.001075 37 0.447456 1.5511 76.8586 1
164 13762 0.000353 37 0.447391 1.55122 76.8698 1
165 13766 0.005601 37 0.447261 1.55132 76.8921 1
166 13774 0.017321 38 0.447002 1.55166 76.9368 1
170 13779 0.00366 39 0.446839 1.55182 76.9648 1
171 13780 0 39 0.446807 1.55241 76.9703 1
172 13781 0 39 0.446775 1.5526 76.9759 1
173 13782 0 39 0.446742 1.55266 76.9815 1
176 13783 0 39 0.44671 1.55285 76.9871 1
177 13787 0.00176 39 0.44658 1.55321 77.0094 1
178 13789 0.003102 39 0.446515 1.55346 77.0206 1
180 13791 0.002565 39 0.446451 1.55397 77.0318 1
181 13792 0 39 0.446418 1.55403 77.0374 1
182 13795 0.002841 39 0.446321 1.55407 77.0541 1
183 13797 0.005095 39 0.446256 1.55419 77.0653 1
184 13798 0 39 0.446224 1.55438 77.0709 1
188 13799 0 39 0.446192 1.55444 77.0765 1
189 13800 0 39 0.446159 1.55449 77.0821 1
192 13803 0.00162 39 0.446062 1.5548 77.0988 1
193 13805 0.001294 39 0.445998 1.55531 77.11 1
196 13808 0.003997 39 0.445901 1.55535 77.1267 1
200 13809 0 39 0.445869 1.55554 77.1323 1
201 13812 0.001279 39 0.445772 1.55585 77.1491 1
202 13815 0.002765 39 0.445675 1.55602 77.1658 1
207 13816 0 39 0.445643 1.55634 77.1714 1
208 13821 0.010713 39 0.445482 1.55624 77.1994 1
210 13824 0.001315 39 0.445385 1.55615 77.2161 1
211 13825 0 39 0.445353 1.55621 77.2217 1
214 13831 0.003382 42 0.445159 1.55603 77.2552 1
215 13832 0 42 0.445127 1.55661 77.2608 1
219 13835 0.001066 42 0.445031 1.55692 77.2776 1
220 13837 0.001343 42 0.444966 1.55703 77.2887 1
221 13838 0 42 0.444934 1.55709 77.2943 1
222 13839 0 42 0.444902 1.55715 77.2999 1
225 13840 0 42 0.44487 1.55733 77.3055 1
226 13841 0 42 0.444838 1.55778 77.3111 1
227 13842 0 42 0.444806 1.55784 77.3167 1
230 13843 0 42 0.444774 1.55803 77.3222 1
231 13846 0.001481 42 0.444677 1.55833 77.339 1
235 13848 0.000474 42 0.444613 1.55844 77.3502 1
238 13850 0.002868 42 0.444549 1.55895 77.3613 1
246 13851 0 42 0.444517 1.55901 77.3669 1
250 13853 0.000158 42 0.444452 1.55951 77.3781 1
252 13854 0 42 0.44442 1.55957 77.3837 1
254 13855 0 42 0.444388 1.55963 77.3893 1
255 13856 0 42 0.444356 1.5602 77.3949 1
264 13857 0 42 0.444324 1.56039 77.4004 1
265 13858 0 42 0.444292 1.56058 77.406 1
268 13859 0 42 0.44426 1.56063 77.4116 1
271 13860 0 42 0.444228 1.56069 77.4172 1
275 13861 0 42 0.444196 1.56075 77.4228 1
279 13862 0 42 0.444164 1.5608 77.4284 1
281 13863 0 42 0.444132 1.56099 77.4339 1
282 13864 0 42 0.4441 1.56105 77.4395 1
283 13868 0.00246 42 0.443972 1.56089 77.4619 1
286 13869 0 42 0.44394 1.56094 77.4675 1
292 13870 0 42 0.443908 1.56113 77.473 1
293 13872 0.00161 42 0.443844 1.56137 77.4842 1
297 13874 0.000625 42 0.44378 1.56149 77.4954 1
301 13875 0 42 0.443748 1.56193 77.501 1
304 13876 0 42 0.443716 1.56212 77.5066 1
305 13877 0 42 0.443684 1.56256 77.5121 1
307 13881 0.004253 42 0.443556 1.56266 77.5345 1
310 13882 0 42 0.443524 1.56272 77.5401 1
319 13884 0.00035 42 0.44346 1.56309 77.5512 1
328 13885 0 42 0.443428 1.56341 77.5568 1
330 13886 0 42 0.443396 1.56359 77.5624 1
331 13887 0 42 0.443364 1.56365 77.568 1
339 13888 0 42 0.443332 1.5637 77.5736 1
340 13890 0.000584 42 0.443269 1.56408 77.5848 1
341 13891 0 42 0.443237 1.56426 77.5903 1
353 13892 0 42 0.443205 1.56432 77.5959 1
356 13893 0 42 0.443173 1.5645 77.6015 1
360 13894 0 42 0.443141 1.56469 77.6071 1
364 13896 0.001446 42 0.443077 1.56467 77.6183 1
370 13897 0 42 0.443045 1.56473 77.6239 1
378 13898 0 42 0.443013 1.56478 77.6294 1
380 13899 0 42 0.442982 1.56484 77.635 1
390 13900 0 42 0.44295 1.5649 77.6406 1
391 13905 0.002586 42 0.44279 1.56466 77.6685 1
392 13910 0.007041 45 0.442631 1.56481 77.6965 1
396 13911 0 45 0.442599 1.56487 77.7021 1
401 13912 0 45 0.442568 1.56505 77.7076 1
405 13913 0 45 0.442536 1.56537 77.7132 1
406 13914 0 45 0.442504 1.56542 77.7188 1
407 13916 0.000677 45 0.44244 1.56554 77.73 1
408 13917 0 45 0.442409 1.56559 77.7356 1
410 13918 0 45 0.442377 1.56591 77.7412 1
413 13919 0 45 0.442345 1.56596 77.7467 1
423 13921 0.002004 45 0.442281 1.5662 77.7579 1
424 13922 0 45 0.44225 1.56613 77.7635 1
428 13923 0 45 0.442218 1.56631 77.7691 1
443 13924 0 45 0.442186 1.5665 77.7747 1
454 13925 0 45 0.442154 1.56656 77.7803 1
457 13928 0.000575 45 0.442059 1.56647 77.797 1
465 13929 0 45 0.442027 1.56652 77.8026 1
494 13930 0 45 0.441996 1.56671 77.8082 1
503 13933 0.004131 45 0.441901 1.56687 77.8249 1
507 13934 0 45 0.441869 1.56693 77.8305 1
509 13937 0.002265 45 0.441774 1.5671 77.8473 1
513 13939 0.006959 45 0.44171 1.56733 77.8585 1
530 13940 0 45 0.441679 1.56765 77.864 1
545 13942 0.001184 45 0.441615 1.56763 77.8752 1
546 13943 0 45 0.441584 1.56781 77.8808 1
552 13944 0 45 0.441552 1.56787 77.8864 1
558 13945 0 45 0.44152 1.56805 77.892 1
564 13946 0 45 0.441489 1.56824 77.8976 1
575 13947 0 45 0.441457 1.56829 77.9031 1
580 13951 0.002588 45 0.44133 1.56813 77.9255 1
616 13953 0.000868 45 0.441267 1.56811 77.9367 1
623 13954 0 45 0.441235 1.56817 77.9422 1
637 13955 0 45 0.441204 1.56835 77.9478 1
663 13956 0 45 0.441172 1.56841 77.9534 1
672 13957 0 45 0.441141 1.56846 77.959 1
673 13959 0.000476 45 0.441077 1.56857 77.9702 1
688 13960 0 45 0.441046 1.56876 77.9758 1
705 13961 0 45 0.441014 1.56881 77.9813 1
708 13962 0 45 0.440983 1.56912 77.9869 1
721 13974 0.007015 57 0.440604 1.56876 78.054 1
749 13975 0 57 0.440572 1.56907 78.0595 1
762 13976 0 57 0.440541 1.56913 78.0651 1
763 13977 0 57 0.440509 1.56918 78.0707 1
782 13978 0 57 0.440478 1.56924 78.0763 1
784 13979 0 57 0.440446 1.56968 78.0819 1
824 13980 0 57 0.440415 1.56986 78.0875 1
829 13981 0 57 0.440383 1.57017 78.0931 1
907 13983 0.000645 57 0.44032 1.57028 78.1042 1
908 13984 0 57 0.440289 1.57084 78.1098 1
916 13985 0 57 0.440257 1.5709 78.1154 1
962 13986 0 57 0.440226 1.57095 78.121 1
965 13988 0.000572 57 0.440163 1.57106 78.1322 1
989 13989 0 57 0.440132 1.57112 78.1377 1
1055 13991 0.00744 57 0.440069 1.57148 78.1489 1
1063 13992 0 57 0.440037 1.57154 78.1545 1
1078 13993 0 57 0.440006 1.57185 78.1601 1
1082 13996 0.001988 57 0.439911 1.57176 78.1768 1
1154 13997 0 57 0.43988 1.57181 78.1824 1
1180 13998 0 57 0.439849 1.57187 78.188 1
1182 13999 0 57 0.439817 1.57218 78.1936 1
1197 14000 0 57 0.439786 1.57236 78.1992 1
1244 14001 0 57 0.439754 1.57254 78.2048 1
1245 14002 0 57 0.439723 1.57259 78.2104 1
1248 14003 0 57 0.439691 1.5729 78.2159 1
1295 14004 0 58 0.43966 1.57321 78.2215 1
1371 14005 0 59 0.439629 1.57339 78.2271 1
1378 14007 0.000737 59 0.439566 1.5735 78.2383 1
1389 14010 0.002011 59 0.439472 1.57354 78.255 1
1390 14011 0 59 0.43944 1.57385 78.2606 1
1394 14012 0 59 0.439409 1.57416 78.2662 1
1402 14015 0.002523 59 0.439315 1.57419 78.283 1
1403 14016 0 59 0.439284 1.57425 78.2886 1
1408 14017 0 59 0.439252 1.57417 78.2941 1
1415 14018 0 59 0.439221 1.57423 78.2997 1
1426 14019 0 59 0.43919 1.57454 78.3053 1
1653 14024 0.00449 59 0.439033 1.57442 78.3332 1
1661 14025 0 59 0.439002 1.57448 78.3388 1
1671 14028 0.011663 59 0.438908 1.57451 78.3556 1
1673 14029 0 59 0.438877 1.57457 78.3612 1
1678 14030 0 59 0.438845 1.57488 78.3668 1
1685 14031 0 59 0.438814 1.57506 78.3723 1
1903 14036 0.01045 59 0.438658 1.5752 78.4003 1
2035 14043 0.016119 59 0.438439 1.5757 78.4394 1
2043 14044 0 59 0.438408 1.57588 78.445 1
2112 14047 0.004993 62 0.438314 1.57592 78.4617 1
2113 14048 0 63 0.438283 1.57597 78.4673 1
2121 14050 0.004074 65 0.438221 1.57608 78.4785 1
2303 14070 0.026895 71 0.437598 1.57677 78.5902 1
2514 14089 0.053585 71 0.437008 1.57653 78.6963 1
2521 14090 0 72 0.436977 1.57658 78.7019 1
2722 14127 0.062193 88 0.435832 1.57742 78.9086 1
3055 14176 0.072676 114 0.434326 1.57651 79.1823 1
3366 14362 0.652631 274 0.428701 1.57843 80.2212 1
3540 17903 2.17888 3814 0.343909 1.52409 100 9
