1 785930 4.19821 0 1 -nan 19.6583 2
2 1215438 2.00796 5 0.963673 1.04715 30.4014 3
3 1509454 1.71375 7 0.928842 1.13367 37.7556 4
4 1730945 1.46484 12 0.897822 1.19722 43.2957 4
5 1903567 1.41908 12 0.871067 1.25284 47.6134 4
6 2042346 1.36814 12 0.847645 1.30124 51.0847 4
7 2155979 1.35452 13 0.82756 1.34378 53.927 4
8 2249203 1.29781 13 0.810413 1.38059 56.2587 4
9 2328026 1.32899 13 0.795396 1.41312 58.2303 4
10 2394449 1.32314 13 0.782496 1.4423 59.8917 5
11 2451527 1.39154 13 0.771165 1.46837 61.3194 5
12 2500947 1.40749 13 0.761141 1.49181 62.5555 5
13 2543033 1.4362 15 0.75245 1.51268 63.6082 5
14 2579938 1.38855 16 0.74477 1.53182 64.5313 5
15 2612251 1.39698 19 0.737978 1.54837 65.3396 5
16 2641533 1.44393 23 0.731756 1.5636 66.072 5
17 2667436 1.47829 26 0.726146 1.578 66.7199 5
18 2690960 1.49728 26 0.721071 1.59143 67.3083 5
19 2712201 1.48206 26 0.716461 1.60379 67.8396 5
20 2731363 1.52072 26 0.712296 1.61524 68.3189 5
21 2748980 1.53147 27 0.708439 1.62627 68.7595 5
22 2764865 1.59885 27 0.704985 1.63653 69.1569 5
23 2779530 1.53764 29 0.701763 1.6458 69.5237 5
24 2793298 1.57804 29 0.698719 1.65495 69.868 5
25 2805741 1.58409 31 0.695961 1.66376 70.1793 5
26 2817252 1.55109 34 0.693422 1.67189 70.4672 5
27 2828078 1.57279 37 0.69103 1.67967 70.738 5
28 2838211 1.55946 37 0.688812 1.68687 70.9914 5
29 2847551 1.5337 37 0.686757 1.69361 71.2251 6
30 2856688 1.60246 37 0.684736 1.70037 71.4536 6
31 2865204 1.59187 39 0.682847 1.70669 71.6666 6
32 2873182 1.58167 39 0.681078 1.71261 71.8662 6
33 2880627 1.5575 39 0.679431 1.71816 72.0524 6
34 2887701 1.5572 39 0.67788 1.72357 72.2293 6
35 2894578 1.60941 39 0.676352 1.72899 72.4013 6
36 2901000 1.59562 39 0.674935 1.73427 72.562 6
37 2907166 1.61682 40 0.673585 1.73922 72.7162 6
38 2912777 1.61675 42 0.67235 1.74388 72.8565 6
39 2918216 1.59501 44 0.67115 1.74848 72.9926 6
40 2923418 1.627 45 0.670009 1.75268 73.1227 6
41 2928402 1.6061 45 0.668918 1.75681 73.2474 6
42 2933157 1.62346 49 0.667871 1.76089 73.3663 6
43 2937603 1.6195 51 0.6669 1.76463 73.4775 6
44 2942085 1.59505 52 0.665925 1.76854 73.5896 6
45 2946395 1.61093 53 0.66498 1.77209 73.6974 6
46 2950465 1.57544 53 0.664092 1.77552 73.7992 6
47 2954469 1.60455 55 0.663221 1.77881 73.8994 6
48 2958262 1.59528 55 0.662399 1.78209 73.9943 6
49 2961844 1.58614 55 0.661626 1.78536 74.0838 6
50 2965222 1.59262 55 0.660894 1.78849 74.1683 6
51 2968548 1.60075 55 0.660171 1.79144 74.2515 6
52 2971803 1.58059 55 0.659468 1.79435 74.3329 6
53 2974850 1.56375 55 0.658806 1.79716 74.4092 6
54 2977841 1.54506 55 0.658163 1.7997 74.484 6
55 2980724 1.55738 55 0.657536 1.80223 74.5561 6
56 2983602 1.58025 56 0.656916 1.80468 74.6281 6
57 2986326 1.5755 57 0.656332 1.80721 74.6962 6
58 2988889 1.53084 57 0.655783 1.80951 74.7603 6
59 2991364 1.50198 59 0.655254 1.81173 74.8222 6
60 2993857 1.55061 65 0.65472 1.81385 74.8846 6
61 2996368 1.48841 68 0.654182 1.81612 74.9474 6
62 2998657 1.52521 71 0.653694 1.81815 75.0046 6
63 3000889 1.52356 73 0.653218 1.82032 75.0605 6
64 3003077 1.52071 75 0.652749 1.82241 75.1152 6
65 3005105 1.48494 76 0.652316 1.8243 75.1659 6
66 3007171 1.51448 76 0.651875 1.82617 75.2176 6
67 3009113 1.5227 76 0.651462 1.82808 75.2662 6
68 3011014 1.4726 76 0.651056 1.82999 75.3137 6
69 3012874 1.46792 76 0.650663 1.83183 75.3602 6
70 3014600 1.48371 77 0.650295 1.83363 75.4034 6
71 3016452 1.48729 78 0.649901 1.83536 75.4497 6
72 3018234 1.49773 78 0.649526 1.83709 75.4943 6
73 3019868 1.4912 78 0.649178 1.83865 75.5352 6
74 3021430 1.43145 80 0.648851 1.84021 75.5743 6
75 3022968 1.47389 80 0.648524 1.84176 75.6127 6
76 3024466 1.50239 80 0.648208 1.84328 75.6502 6
77 3026006 1.49534 80 0.647884 1.8447 75.6887 6
78 3027433 1.47786 81 0.647585 1.84613 75.7244 6
79 3028875 1.46585 82 0.647281 1.84757 75.7605 6
80 3030276 1.49186 84 0.646985 1.84877 75.7955 6
81 3031683 1.5353 84 0.64669 1.85024 75.8307 6
82 3032981 1.58829 84 0.646419 1.85154 75.8632 6
83 3034305 1.537 84 0.646142 1.85274 75.8963 6
84 3035615 1.54812 84 0.645866 1.85407 75.9291 6
85 3036959 1.45945 84 0.645582 1.85536 75.9627 6
86 3038187 1.45752 86 0.645325 1.85653 75.9934 6
87 3039357 1.44125 89 0.645079 1.85762 76.0227 6
88 3040584 1.4258 89 0.644823 1.85877 76.0533 6
89 3041669 1.46866 91 0.644597 1.86003 76.0805 6
90 3042782 1.43299 94 0.644364 1.86119 76.1083 6
91 3043945 1.46272 97 0.644122 1.86209 76.1374 6
92 3045090 1.42586 105 0.643887 1.86314 76.1661 6
93 3046168 1.46392 105 0.643663 1.86422 76.193 6
94 3047281 1.45139 105 0.64343 1.86538 76.2209 6
95 3048303 1.43318 105 0.643217 1.86644 76.2464 6
96 3049346 1.46644 105 0.643001 1.86753 76.2725 6
97 3050206 1.42434 105 0.642823 1.86842 76.294 6
98 3051123 1.46016 105 0.642633 1.86944 76.317 6
99 3052081 1.44245 105 0.642432 1.87049 76.3409 6
100 3053043 1.42585 105 0.642233 1.87146 76.365 6
101 3053967 1.40157 105 0.642041 1.8723 76.3881 6
102 3054880 1.39797 105 0.641852 1.87331 76.4109 6
103 3055765 1.43969 105 0.641669 1.87416 76.4331 6
104 3056654 1.42575 105 0.641484 1.87505 76.4553 6
105 3057450 1.3926 106 0.64132 1.8758 76.4752 6
106 3058239 1.44483 107 0.641157 1.87661 76.4949 6
107 3059026 1.4116 107 0.640993 1.87745 76.5146 6
108 3059861 1.41502 107 0.640819 1.87829 76.5355 6
109 3060621 1.41532 110 0.640661 1.87902 76.5545 6
110 3061437 1.42846 110 0.640491 1.87985 76.5749 6
111 3062221 1.4223 113 0.64033 1.88062 76.5945 6
112 3063006 1.39046 113 0.640166 1.88142 76.6142 6
113 3063714 1.40222 115 0.640019 1.88211 76.6319 6
114 3064472 1.36377 115 0.639862 1.88291 76.6509 6
115 3065141 1.39465 115 0.639725 1.88363 76.6676 6
116 3065915 1.39936 115 0.639564 1.88427 76.6869 6
117 3066622 1.37781 115 0.639419 1.88501 76.7046 6
118 3067284 1.36938 116 0.639283 1.88573 76.7212 6
119 3067912 1.34557 117 0.639153 1.88645 76.7369 6
120 3068573 1.41917 117 0.639016 1.88716 76.7534 6
121 3069184 1.40708 117 0.638889 1.88787 76.7687 6
122 3069770 1.38547 117 0.638768 1.88852 76.7834 6
123 3070364 1.32822 117 0.638646 1.88927 76.7982 6
124 3070923 1.33763 117 0.638531 1.88993 76.8122 6
125 3071537 1.33843 119 0.638404 1.89062 76.8276 6
126 3072139 1.42803 119 0.638281 1.89128 76.8426 6
127 3072705 1.44471 119 0.638164 1.8919 76.8568 6
128 3073263 1.41531 120 0.638051 1.89254 76.8707 6
129 3073836 1.49065 120 0.637934 1.89316 76.8851 6
130 3074413 1.40677 120 0.637816 1.89379 76.8995 6
131 3074964 1.42254 120 0.637703 1.89437 76.9133 6
132 3075449 1.41862 121 0.637603 1.89484 76.9254 6
133 3075946 1.40658 121 0.6375 1.89541 76.9378 6
134 3076479 1.44837 121 0.63739 1.89599 76.9512 6
135 3077040 1.43668 123 0.637275 1.89658 76.9652 6
136 3077501 1.40749 128 0.637181 1.89706 76.9767 6
137 3078048 1.44785 133 0.637069 1.89761 76.9904 6
138 3078597 1.4028 139 0.636957 1.89825 77.0042 6
139 3079111 1.42554 140 0.636852 1.89881 77.017 6
140 3079565 1.36627 146 0.636759 1.89929 77.0284 6
141 3080019 1.39595 150 0.636666 1.89975 77.0397 6
142 3080461 1.35735 152 0.636575 1.90021 77.0508 6
143 3080906 1.36255 153 0.636484 1.90071 77.0619 6
144 3081358 1.39016 155 0.636391 1.90125 77.0732 6
145 3081791 1.39932 160 0.636302 1.90171 77.084 6
146 3082241 1.41806 163 0.636211 1.90221 77.0953 6
147 3082664 1.36883 168 0.636124 1.90263 77.1059 6
148 3083119 1.33974 174 0.636031 1.90311 77.1173 6
149 3083592 1.31075 179 0.635934 1.90355 77.1291 6
150 3084008 1.26878 182 0.63585 1.90395 77.1395 6
151 3084413 1.29853 182 0.635767 1.90438 77.1496 7
152 3084860 1.31201 185 0.635676 1.90482 77.1608 7
153 3085276 1.2786 188 0.635591 1.90528 77.1712 7
154 3085657 1.29992 191 0.635513 1.90569 77.1807 7
155 3086006 1.25842 191 0.635442 1.90604 77.1895 7
156 3086395 1.28081 191 0.635363 1.90649 77.1992 7
157 3086744 1.2658 193 0.635291 1.90687 77.2079 7
158 3087077 1.29389 194 0.635224 1.90725 77.2163 7
159 3087442 1.30135 194 0.635151 1.90769 77.2254 7
160 3087816 1.32059 194 0.635074 1.90809 77.2348 7
161 3088188 1.32828 196 0.634998 1.90859 77.2441 7
162 3088558 1.24857 197 0.634923 1.90901 77.2533 7
163 3088909 1.26646 197 0.634852 1.90939 77.2621 7
164 3089222 1.26764 197 0.634788 1.90974 77.2699 7
165 3089525 1.24378 197 0.634726 1.9101 77.2775 7
166 3089911 1.29531 197 0.634648 1.91054 77.2872 7
167 3090225 1.22162 197 0.634584 1.9109 77.295 7
168 3090549 1.26425 197 0.634518 1.91124 77.3031 7
169 3090848 1.28734 197 0.634458 1.9116 77.3106 7
170 3091194 1.33159 197 0.634387 1.91196 77.3192 7
171 3091531 1.28786 197 0.634319 1.91233 77.3277 7
172 3091828 1.26039 197 0.634259 1.91262 77.3351 7
173 3092147 1.29095 197 0.634194 1.913 77.3431 7
174 3092448 1.31281 197 0.634133 1.91335 77.3506 7
175 3092769 1.36998 197 0.634067 1.9137 77.3586 7
176 3093077 1.28356 197 0.634004 1.91399 77.3663 7
177 3093375 1.22039 197 0.633944 1.91432 77.3738 7
178 3093645 1.26824 197 0.633889 1.91462 77.3806 7
179 3093894 1.26243 197 0.633838 1.91493 77.3868 7
180 3094165 1.26513 197 0.633784 1.9152 77.3936 7
181 3094463 1.34327 197 0.633723 1.91553 77.401 7
182 3094752 1.28948 197 0.633664 1.91583 77.4082 7
183 3095044 1.3076 197 0.633605 1.91616 77.4155 7
184 3095342 1.26557 197 0.633545 1.91648 77.423 7
185 3095645 1.28627 197 0.633483 1.91677 77.4306 7
186 3095914 1.36264 197 0.633429 1.91702 77.4373 7
187 3096208 1.28803 197 0.633369 1.91727 77.4447 7
188 3096496 1.25452 197 0.63331 1.91756 77.4519 7
189 3096795 1.31446 197 0.633249 1.91785 77.4593 7
190 3097093 1.33397 198 0.633189 1.9182 77.4668 7
191 3097356 1.25342 198 0.633135 1.91847 77.4734 7
192 3097651 1.2566 198 0.633075 1.91874 77.4808 7
193 3097950 1.27194 198 0.633014 1.919 77.4882 7
194 3098190 1.30627 198 0.632965 1.91924 77.4942 7
195 3098438 1.2497 198 0.632915 1.91946 77.5004 7
196 3098724 1.29378 198 0.632857 1.91974 77.5076 7
197 3098981 1.3145 198 0.632804 1.92 77.514 7
198 3099200 1.19497 198 0.63276 1.92025 77.5195 7
199 3099444 1.25202 198 0.63271 1.92054 77.5256 7
200 3099445 0.003359 198 0.63271 1.92054 77.5256 7
