1 602540 2.27319 0 0 0 53.0924 0
2 784776 0.816111 0 0 0 69.15 0
3 875930 0.497468 0 0 0 77.1819 0
4 929367 0.361173 0 0 0 81.8905 0
5 963357 0.317726 0 0 0 84.8855 0
6 986596 0.274315 0 0 0 86.9332 0
7 1003031 0.202745 0 0 0 88.3813 0
8 1015491 0.177554 0 0 0 89.4792 0
9 1024818 0.160529 0 0 0 90.3011 0
10 1032210 0.150367 0 0 0 90.9524 0
11 1037961 0.140026 0 0 0 91.4592 0
12 1042611 0.125743 0 0 0 91.8689 0
13 1046485 0.122643 0 0 0 92.2103 0
14 1049750 0.109303 0 0 0 92.498 0
15 1052524 0.114223 0 0 0 92.7424 0
16 1054911 0.107918 0 0 0 92.9527 0
17 1057099 0.100087 0 0 0 93.1455 0
18 1059050 0.096514 0 0 0 93.3174 0
19 1060646 0.090654 0 0 0 93.458 0
20 1062142 0.090653 0 0 0 93.5899 0
21 1063426 0.089168 0 0 0 93.703 0
22 1064651 0.089392 0 0 0 93.8109 0
23 1065731 0.085966 0 0 0 93.9061 0
24 1066724 0.097841 0 0 0 93.9936 0
25 1067676 0.106696 0 0 0 94.0775 0
26 1068550 0.086169 0 0 0 94.1545 0
27 1069343 0.082085 0 0 0 94.2244 0
28 1070061 0.079684 0 0 0 94.2876 0
29 1070717 0.078885 0 0 0 94.3454 0
30 1071368 0.075267 0 0 0 94.4028 0
31 1071990 0.076477 0 0 0 94.4576 0
32 1072533 0.094771 0 0 0 94.5055 0
33 1073037 0.1097 0 0 0 94.5499 0
34 1073508 0.075546 0 0 0 94.5914 0
35 1073977 0.083267 0 0 0 94.6327 0
36 1074438 0.085739 0 0 0 94.6733 0
37 1074839 0.091748 0 0 0 94.7087 0
38 1075208 0.075035 0 0 0 94.7412 0
39 1075571 0.086594 0 0 0 94.7731 0
40 1075914 0.082152 0 0 0 94.8034 0
41 1076271 0.080666 0 0 0 94.8348 0
42 1076592 0.072247 0 0 0 94.8631 0
43 1076923 0.07312 0 0 0 94.8923 0
44 1077207 0.071772 0 0 0 94.9173 0
45 1077469 0.0699 0 0 0 94.9404 0
46 1077716 0.090502 0 0 0 94.9622 0
47 1077960 0.06906 0 0 0 94.9837 0
48 1078194 0.070962 0 0 0 95.0043 0
49 1078405 0.086184 0 0 0 95.0229 0
50 1078631 0.068061 0 0 0 95.0428 0
51 1078835 0.07225 0 0 0 95.0608 0
52 1079043 0.071246 0 0 0 95.0791 0
53 1079266 0.088475 0 0 0 95.0987 0
54 1079476 0.070702 0 0 0 95.1172 0
55 1079652 0.069115 0 0 0 95.1327 0
56 1079819 0.072084 0 0 0 95.1475 0
57 1079991 0.090296 0 0 0 95.1626 0
58 1080161 0.086854 0 0 0 95.1776 0
59 1080321 0.072341 0 0 0 95.1917 0
60 1080476 0.069291 0 0 0 95.2054 0
61 1080643 0.077174 0 0 0 95.2201 0
62 1080796 0.07241 0 0 0 95.2335 0
63 1080941 0.065329 0 0 0 95.2463 0
64 1081105 0.075972 0 0 0 95.2608 0
65 1081231 0.072485 0 0 0 95.2719 0
66 1081351 0.069754 0 0 0 95.2825 0
67 1081491 0.068736 0 0 0 95.2948 0
68 1081617 0.068952 0 0 0 95.3059 0
69 1081720 0.07161 0 0 0 95.315 0
70 1081830 0.073877 0 0 0 95.3247 0
71 1081936 0.067061 0 0 0 95.334 0
72 1082049 0.069767 0 0 0 95.344 0
73 1082164 0.075154 0 0 0 95.3541 0
74 1082267 0.071127 0 0 0 95.3632 0
75 1082376 0.072762 0 0 0 95.3728 0
76 1082460 0.066466 0 0 0 95.3802 0
77 1082546 0.084656 0 0 0 95.3877 0
78 1082621 0.069033 0 0 0 95.3944 0
79 1082714 0.09191 0 0 0 95.4026 0
80 1082802 0.073982 0 0 0 95.4103 0
81 1082883 0.071766 0 0 0 95.4174 0
82 1082964 0.074924 0 0 0 95.4246 0
83 1083050 0.068431 0 0 0 95.4322 0
84 1083137 0.076302 0 0 0 95.4398 0
85 1083227 0.071556 0 0 0 95.4478 0
86 1083314 0.068581 0 0 0 95.4554 0
87 1083394 0.069835 0 0 0 95.4625 0
88 1083477 0.077772 0 0 0 95.4698 0
89 1083547 0.061576 0 0 0 95.4759 0
90 1083620 0.069402 0 0 0 95.4824 0
91 1083690 0.062228 0 0 0 95.4885 0
92 1083763 0.080909 0 0 0 95.495 0
93 1083832 0.074906 0 0 0 95.5011 0
94 1083905 0.085586 0 0 0 95.5075 0
95 1083969 0.073756 0 0 0 95.5131 0
96 1084033 0.082776 0 0 0 95.5188 0
97 1084092 0.068225 0 0 0 95.524 0
98 1084152 0.075246 0 0 0 95.5293 0
99 1084218 0.076019 0 0 0 95.5351 0
100 1084296 0.087613 0 0 0 95.5419 0
101 1084354 0.076921 0 0 0 95.5471 0
102 1084408 0.077267 0 0 0 95.5518 0
103 1084469 0.070897 0 0 0 95.5572 0
104 1084516 0.064885 0 0 0 95.5613 0
105 1084568 0.073685 0 0 0 95.5659 0
106 1084629 0.074736 0 0 0 95.5713 0
107 1084683 0.08128 0 0 0 95.576 0
108 1084747 0.061449 0 0 0 95.5817 0
109 1084791 0.074497 0 0 0 95.5856 0
110 1084838 0.067817 0 0 0 95.5897 0
111 1084881 0.070717 0 0 0 95.5935 0
112 1084918 0.063076 0 0 0 95.5968 0
113 1084958 0.065019 0 0 0 95.6003 0
114 1084996 0.069085 0 0 0 95.6036 0
115 1085041 0.076973 0 0 0 95.6076 0
116 1085082 0.069186 0 0 0 95.6112 0
117 1085125 0.089592 0 0 0 95.615 0
118 1085155 0.077576 0 0 0 95.6176 0
119 1085201 0.066063 0 0 0 95.6217 0
120 1085236 0.086481 0 0 0 95.6248 0
121 1085287 0.086203 0 0 0 95.6293 0
122 1085332 0.069379 0 0 0 95.6332 0
123 1085364 0.082174 0 0 0 95.6361 0
124 1085413 0.087498 0 0 0 95.6404 0
125 1085452 0.081596 0 0 0 95.6438 0
126 1085491 0.078866 0 0 0 95.6472 0
127 1085518 0.062172 0 0 0 95.6496 0
128 1085560 0.06887 0 0 0 95.6533 0
129 1085593 0.092321 0 0 0 95.6562 0
130 1085625 0.092679 0 0 0 95.6591 0
131 1085659 0.073368 0 0 0 95.662 0
132 1085685 0.074007 0 0 0 95.6643 0
133 1085715 0.06451 0 0 0 95.667 0
134 1085748 0.068262 0 0 0 95.6699 0
135 1085788 0.076578 0 0 0 95.6734 0
136 1085817 0.07344 0 0 0 95.676 0
137 1085850 0.059777 0 0 0 95.6789 0
138 1085877 0.079072 0 0 0 95.6813 0
139 1085915 0.08555 0 0 0 95.6846 0
140 1085950 0.068898 0 0 0 95.6877 0
141 1085977 0.080505 0 0 0 95.6901 0
142 1086011 0.077259 0 0 0 95.6931 0
143 1086038 0.068388 0 0 0 95.6954 0
144 1086069 0.06771 0 0 0 95.6982 0
145 1086094 0.086761 0 0 0 95.7004 0
146 1086114 0.077902 0 0 0 95.7021 0
147 1086144 0.058306 0 0 0 95.7048 0
148 1086172 0.06782 0 0 0 95.7072 0
149 1086200 0.080331 0 0 0 95.7097 0
150 1086231 0.082991 0 0 0 95.7124 0
151 1086249 0.083027 0 0 0 95.714 0
152 1086272 0.066357 0 0 0 95.7161 0
153 1086303 0.079524 0 0 0 95.7188 0
154 1086329 0.06896 0 0 0 95.7211 0
155 1086350 0.064748 0 0 0 95.7229 0
156 1086376 0.065505 0 0 0 95.7252 0
157 1086399 0.06451 0 0 0 95.7273 0
158 1086430 0.066085 0 0 0 95.73 0
159 1086453 0.082666 0 0 0 95.732 0
160 1086470 0.064455 0 0 0 95.7335 0
161 1086497 0.104633 0 0 0 95.7359 0
162 1086522 0.067354 0 0 0 95.7381 0
163 1086546 0.078736 0 0 0 95.7402 0
164 1086558 0.084019 0 0 0 95.7413 0
165 1086584 0.068646 0 0 0 95.7436 0
166 1086610 0.089908 0 0 0 95.7458 0
167 1086627 0.073041 0 0 0 95.7473 0
168 1086658 0.092175 0 0 0 95.7501 0
169 1086677 0.074615 0 0 0 95.7517 0
170 1086693 0.078891 0 0 0 95.7532 0
171 1086719 0.090417 0 0 0 95.7554 0
172 1086737 0.06617 0 0 0 95.757 0
173 1086763 0.063882 0 0 0 95.7593 0
174 1086783 0.060541 0 0 0 95.7611 0
175 1086805 0.098523 0 0 0 95.763 0
176 1086822 0.057891 0 0 0 95.7645 0
177 1086838 0.089171 0 0 0 95.7659 0
178 1086857 0.078931 0 0 0 95.7676 0
179 1086879 0.086352 0 0 0 95.7695 0
180 1086894 0.047111 0 0 0 95.7709 0
181 1086916 0.087347 0 0 0 95.7728 0
182 1086934 0.071229 0 0 0 95.7744 0
183 1086955 0.072814 0 0 0 95.7762 0
184 1086977 0.094218 0 0 0 95.7782 0
185 1086991 0.063925 0 0 0 95.7794 0
186 1087008 0.068648 0 0 0 95.7809 0
187 1087031 0.110285 0 0 0 95.7829 0
188 1087046 0.062119 0 0 0 95.7843 0
189 1087059 0.08143 0 0 0 95.7854 0
190 1087068 0.072354 0 0 0 95.7862 0
191 1087086 0.065131 0 0 0 95.7878 0
192 1087107 0.058774 0 0 0 95.7896 0
193 1087130 0.108096 0 0 0 95.7917 0
194 1087141 0.07836 0 0 0 95.7926 0
195 1087156 0.058712 0 0 0 95.794 0
196 1087170 0.088523 0 0 0 95.7952 0
197 1087180 0.085255 0 0 0 95.7961 0
198 1087193 0.051057 0 0 0 95.7972 0
199 1087213 0.066739 0 0 0 95.799 0
200 1087224 0.067229 0 0 0 95.7999 0
201 1087243 0.069065 0 0 0 95.8016 0
202 1087264 0.070941 0 0 0 95.8035 0
203 1087278 0.086164 0 0 0 95.8047 0
204 1087301 0.073775 0 0 0 95.8067 0
205 1087309 0.078913 0 0 0 95.8074 0
206 1087323 0.072529 0 0 0 95.8087 0
207 1087337 0.076462 0 0 0 95.8099 0
208 1087364 0.102853 0 0 0 95.8123 0
209 1087374 0.076586 0 0 0 95.8132 0
210 1087387 0.097353 0 0 0 95.8143 0
211 1087398 0.102276 0 0 0 95.8153 0
212 1087410 0.057277 0 0 0 95.8163 0
213 1087421 0.055902 0 0 0 95.8173 0
214 1087433 0.094621 0 0 0 95.8184 0
215 1087444 0.067153 0 0 0 95.8193 0
216 1087461 0.098349 0 0 0 95.8208 0
217 1087468 0.05199 0 0 0 95.8214 0
218 1087479 0.101026 0 0 0 95.8224 0
219 1087493 0.070341 0 0 0 95.8236 0
220 1087501 0.092645 0 0 0 95.8244 0
221 1087520 0.11786 0 0 0 95.826 0
222 1087534 0.073199 0 0 0 95.8273 0
223 1087546 0.056206 0 0 0 95.8283 0
224 1087562 0.080488 0 0 0 95.8297 0
225 1087578 0.078448 0 0 0 95.8311 0
226 1087591 0.065054 0 0 0 95.8323 0
227 1087616 0.070472 0 0 0 95.8345 0
228 1087631 0.095065 0 0 0 95.8358 0
229 1087647 0.067935 0 0 0 95.8372 0
230 1087659 0.086334 0 0 0 95.8383 0
231 1087676 0.109566 0 0 0 95.8398 0
232 1087689 0.08523 0 0 0 95.8409 0
233 1087704 0.052147 0 0 0 95.8422 0
234 1087714 0.061707 0 0 0 95.8431 0
235 1087728 0.082881 0 0 0 95.8444 0
236 1087739 0.053188 0 0 0 95.8453 0
237 1087754 0.08469 0 0 0 95.8466 0
238 1087763 0.064929 0 0 0 95.8474 0
239 1087777 0.104149 0 0 0 95.8487 0
240 1087790 0.053321 0 0 0 95.8498 0
241 1087803 0.110358 0 0 0 95.851 0
242 1087814 0.050868 0 0 0 95.8519 0
243 1087822 0.095081 0 0 0 95.8526 0
244 1087827 0.05437 0 0 0 95.8531 0
245 1087836 0.077103 0 0 0 95.8539 0
246 1087846 0.068096 0 0 0 95.8548 0
247 1087856 0.095984 0 0 0 95.8556 0
248 1087869 0.068116 0 0 0 95.8568 0
249 1087878 0.060175 0 0 0 95.8576 0
250 1087889 0.069163 0 0 0 95.8585 0
251 1087904 0.087976 0 0 0 95.8599 0
252 1087914 0.0767 0 0 0 95.8607 0
253 1087921 0.115749 0 0 0 95.8614 0
254 1087926 0.036439 0 0 0 95.8618 0
255 1087939 0.104441 0 0 0 95.8629 0
256 1087950 0.0915 0 0 0 95.8639 0
257 1087957 0.065812 0 0 0 95.8645 0
258 1087969 0.074271 0 0 0 95.8656 0
259 1087982 0.096479 0 0 0 95.8667 0
260 1087991 0.080377 0 0 0 95.8675 0
261 1087996 0.063518 0 0 0 95.868 0
262 1088011 0.067803 0 0 0 95.8693 0
263 1088017 0.099757 0 0 0 95.8698 0
264 1088030 0.108464 0 0 0 95.871 0
265 1088038 0.110922 0 0 0 95.8717 0
266 1088041 0.056135 0 0 0 95.8719 0
267 1088050 0.06385 0 0 0 95.8727 0
268 1088057 0.096931 0 0 0 95.8733 0
269 1088066 0.046876 0 0 0 95.8741 0
270 1088076 0.103449 0 0 0 95.875 0
271 1088085 0.081643 0 0 0 95.8758 0
272 1088089 0.050984 0 0 0 95.8762 0
273 1088099 0.110139 0 0 0 95.877 0
274 1088109 0.049671 0 0 0 95.8779 0
275 1088118 0.104406 0 0 0 95.8787 0
276 1088126 0.08162 0 0 0 95.8794 0
277 1088133 0.069587 0 0 0 95.88 0
278 1088137 0.031937 0 0 0 95.8804 0
279 1088142 0.088816 0 0 0 95.8808 0
280 1088151 0.089871 0 0 0 95.8816 0
281 1088156 0.058683 0 0 0 95.8821 0
282 1088163 0.065045 0 0 0 95.8827 0
283 1088178 0.085051 0 0 0 95.884 0
284 1088183 0.054974 0 0 0 95.8844 0
285 1088193 0.09185 0 0 0 95.8853 0
286 1088201 0.096002 0 0 0 95.886 0
287 1088206 0.029548 0 0 0 95.8865 0
288 1088216 0.076219 0 0 0 95.8874 0
289 1088219 0.082815 0 0 0 95.8876 0
290 1088231 0.05734 0 0 0 95.8887 0
291 1088241 0.10605 0 0 0 95.8896 0
292 1088248 0.061632 0 0 0 95.8902 0
293 1088253 0.069741 0 0 0 95.8906 0
294 1088261 0.081895 0 0 0 95.8913 0
295 1088269 0.137079 0 0 0 95.892 0
296 1088276 0.10717 0 0 0 95.8926 0
297 1088279 0.097011 0 0 0 95.8929 0
298 1088282 0.111011 0 0 0 95.8932 0
299 1088284 0.058969 0 0 0 95.8933 0
300 1088291 0.067127 0 0 0 95.894 0
301 1088298 0.042892 0 0 0 95.8946 0
302 1088308 0.09554 0 0 0 95.8955 0
303 1088318 0.061314 0 0 0 95.8963 0
304 1088326 0.09282 0 0 0 95.897 0
305 1088328 0.043206 0 0 0 95.8972 0
306 1088335 0.074876 0 0 0 95.8978 0
307 1088342 0.090156 0 0 0 95.8985 0
308 1088353 0.070444 0 0 0 95.8994 0
309 1088364 0.064763 0 0 0 95.9004 0
310 1088372 0.109615 0 0 0 95.9011 0
311 1088378 0.075955 0 0 0 95.9016 0
312 1088382 0.119259 0 0 0 95.902 0
313 1088388 0.039141 0 0 0 95.9025 0
314 1088393 0.120921 0 0 0 95.903 0
315 1088402 0.069302 0 0 0 95.9037 0
316 1088406 0.055516 0 0 0 95.9041 0
317 1088413 0.082583 0 0 0 95.9047 0
318 1088426 0.106297 0 0 0 95.9059 0
319 1088429 0.067604 0 0 0 95.9061 0
320 1088440 0.088008 0 0 0 95.9071 0
321 1088448 0.060465 0 0 0 95.9078 0
322 1088452 0.065646 0 0 0 95.9081 0
323 1088457 0.040356 0 0 0 95.9086 0
324 1088462 0.113555 0 0 0 95.909 0
325 1088468 0.087057 0 0 0 95.9096 0
326 1088476 0.11604 0 0 0 95.9103 0
327 1088482 0.060553 0 0 0 95.9108 0
328 1088486 0.069889 0 0 0 95.9111 0
329 1088493 0.091285 0 0 0 95.9118 0
330 1088500 0.069057 0 0 0 95.9124 0
331 1088507 0.070707 0 0 0 95.913 0
332 1088514 0.139455 0 0 0 95.9136 0
333 1088516 0.07011 0 0 0 95.9138 0
334 1088520 0.128103 0 0 0 95.9141 0
335 1088527 0.044993 0 0 0 95.9148 0
336 1088533 0.145029 0 0 0 95.9153 0
337 1088539 0.056628 0 0 0 95.9158 0
338 1088544 0.108024 0 0 0 95.9163 0
339 1088553 0.089341 0 0 0 95.917 0
340 1088557 0.081561 0 0 0 95.9174 0
341 1088561 0.094497 0 0 0 95.9178 0
342 1088568 0.068922 0 0 0 95.9184 0
343 1088572 0.109555 0 0 0 95.9187 0
344 1088576 0.097542 0 0 0 95.9191 0
345 1088578 0.083975 0 0 0 95.9193 0
346 1088585 0.0621 0 0 0 95.9199 0
347 1088591 0.074537 0 0 0 95.9204 0
348 1088597 0.080005 0 0 0 95.9209 0
349 1088605 0.061835 0 0 0 95.9216 0
350 1088611 0.087936 0 0 0 95.9222 0
351 1088615 0.105742 0 0 0 95.9225 0
352 1088620 0.14054 0 0 0 95.923 0
353 1088622 0.067554 0 0 0 95.9231 0
354 1088625 0.05769 0 0 0 95.9234 0
355 1088627 0.074824 0 0 0 95.9236 0
356 1088630 0.058882 0 0 0 95.9238 0
357 1088634 0.051753 0 0 0 95.9242 0
358 1088643 0.079105 0 0 0 95.925 0
359 1088651 0.069235 0 0 0 95.9257 0
360 1088655 0.109064 0 0 0 95.926 0
361 1088658 0.035922 0 0 0 95.9263 0
362 1088662 0.108805 0 0 0 95.9267 0
363 1088668 0.071112 0 0 0 95.9272 0
364 1088681 0.071343 0 0 0 95.9283 0
365 1088693 0.090266 0 0 0 95.9294 0
366 1088699 0.093404 0 0 0 95.9299 0
367 1088703 0.080606 0 0 0 95.9303 0
368 1088711 0.090221 0 0 0 95.931 0
369 1088720 0.077441 0 0 0 95.9318 0
370 1088729 0.091648 0 0 0 95.9326 0
371 1088732 0.086739 0 0 0 95.9328 0
372 1088741 0.08177 0 0 0 95.9336 0
373 1088744 0.110845 0 0 0 95.9339 0
374 1088753 0.105868 0 0 0 95.9347 0
375 1088756 0.101465 0 0 0 95.9349 0
376 1088766 0.102713 0 0 0 95.9358 0
377 1088770 0.053953 0 0 0 95.9362 0
378 1088772 0.080012 0 0 0 95.9363 0
379 1088775 0.093387 0 0 0 95.9366 0
380 1088782 0.122312 0 0 0 95.9372 0
381 1088787 0.036301 0 0 0 95.9377 0
382 1088791 0.062066 0 0 0 95.938 0
383 1088797 0.112208 0 0 0 95.9385 0
384 1088800 0.081149 0 0 0 95.9388 0
385 1088802 0.09175 0 0 0 95.939 0
386 1088810 0.081927 0 0 0 95.9397 0
387 1088814 0.05973 0 0 0 95.94 0
388 1088821 0.090789 0 0 0 95.9407 0
389 1088825 0.061197 0 0 0 95.941 0
390 1088830 0.115334 0 0 0 95.9415 0
391 1088832 0.046321 0 0 0 95.9416 0
392 1088837 0.078773 0 0 0 95.9421 0
393 1088845 0.104893 0 0 0 95.9428 0
394 1088849 0.067136 0 0 0 95.9431 0
395 1088852 0.087253 0 0 0 95.9434 0
396 1088856 0.067123 0 0 0 95.9437 0
397 1088859 0.048137 0 0 0 95.944 0
398 1088862 0.061535 0 0 0 95.9443 0
399 1088865 0.100822 0 0 0 95.9445 0
400 1088870 0.059274 0 0 0 95.945 0
401 1088878 0.095018 0 0 0 95.9457 0
402 1088882 0.136348 0 0 0 95.946 0
403 1088886 0.064539 0 0 0 95.9464 0
404 1088889 0.0491 0 0 0 95.9467 0
405 1088895 0.107394 0 0 0 95.9472 0
406 1088900 0.09915 0 0 0 95.9476 0
407 1088902 0.031423 0 0 0 95.9478 0
408 1088907 0.087166 0 0 0 95.9482 0
409 1088913 0.057716 0 0 0 95.9488 0
410 1088917 0.120803 0 0 0 95.9491 0
411 1088919 0.127917 0 0 0 95.9493 0
413 1088924 0.076862 0 0 0 95.9497 0
414 1088932 0.08465 0 0 0 95.9504 0
415 1088943 0.07986 0 0 0 95.9514 0
416 1088948 0.05096 0 0 0 95.9519 0
417 1088956 0.079443 0 0 0 95.9526 0
418 1088960 0.087669 0 0 0 95.9529 0
419 1088965 0.09353 0 0 0 95.9534 0
420 1088966 0.085965 0 0 0 95.9534 0
421 1088971 0.075699 0 0 0 95.9539 0
422 1088974 0.12216 0 0 0 95.9541 0
423 1088979 0.082992 0 0 0 95.9546 0
424 1088982 0.023919 0 0 0 95.9549 0
425 1088984 0.099128 0 0 0 95.955 0
426 1088986 0.058302 0 0 0 95.9552 0
427 1088990 0.111109 0 0 0 95.9556 0
428 1088994 0.025793 0 0 0 95.9559 0
429 1088998 0.083314 0 0 0 95.9563 0
430 1089004 0.165608 0 0 0 95.9568 0
431 1089007 0.036134 0 0 0 95.9571 0
432 1089013 0.114658 0 0 0 95.9576 0
433 1089016 0.113107 0 0 0 95.9578 0
434 1089020 0.05473 0 0 0 95.9582 0
435 1089024 0.119437 0 0 0 95.9586 0
436 1089025 0.050098 0 0 0 95.9586 0
437 1089029 0.080884 0 0 0 95.959 0
438 1089032 0.089049 0 0 0 95.9593 0
439 1089036 0.063039 0 0 0 95.9596 0
440 1089041 0.074686 0 0 0 95.96 0
441 1089045 0.078262 0 0 0 95.9604 0
442 1089051 0.197959 0 0 0 95.9609 0
444 1089054 0.049441 0 0 0 95.9612 0
445 1089058 0.11869 0 0 0 95.9615 0
446 1089060 0.063441 0 0 0 95.9617 0
447 1089063 0.0814 0 0 0 95.962 0
448 1089065 0.118706 0 0 0 95.9622 0
449 1089069 0.084009 0 0 0 95.9625 0
450 1089073 0.068823 0 0 0 95.9629 0
451 1089075 0.054586 0 0 0 95.963 0
452 1089078 0.117704 0 0 0 95.9633 0
453 1089081 0.094648 0 0 0 95.9636 0
454 1089083 0.049036 0 0 0 95.9637 0
455 1089092 0.104413 0 0 0 95.9645 0
456 1089094 0.057466 0 0 0 95.9647 0
457 1089098 0.060599 0 0 0 95.9651 0
458 1089101 0.067076 0 0 0 95.9653 0
459 1089105 0.23253 0 0 0 95.9657 0
461 1089106 0.078501 0 0 0 95.9658 0
462 1089112 0.105836 0 0 0 95.9663 0
463 1089115 0.144889 0 0 0 95.9666 0
464 1089118 0.077525 0 0 0 95.9668 0
465 1089122 0.14453 0 0 0 95.9672 0
466 1089125 0.007657 0 0 0 95.9675 0
467 1089126 0.073025 0 0 0 95.9675 0
468 1089127 0.095104 0 0 0 95.9676 0
469 1089129 0.079082 0 0 0 95.9678 0
470 1089133 0.131172 0 0 0 95.9682 0
471 1089134 0.086918 0 0 0 95.9682 0
472 1089137 0.105043 0 0 0 95.9685 0
473 1089139 0.096569 0 0 0 95.9687 0
474 1089140 0.064839 0 0 0 95.9688 0
475 1089141 0.06187 0 0 0 95.9689 0
476 1089147 0.130428 0 0 0 95.9694 0
477 1089150 0.059485 0 0 0 95.9697 0
478 1089152 0.049761 0 0 0 95.9698 0
479 1089155 0.054122 0 0 0 95.9701 0
480 1089157 0.128062 0 0 0 95.9703 0
481 1089158 0.045963 0 0 0 95.9704 0
482 1089163 0.102361 0 0 0 95.9708 0
483 1089164 0.033547 0 0 0 95.9709 0
484 1089167 0.103362 0 0 0 95.9712 0
485 1089169 0.067337 0 0 0 95.9713 0
486 1089171 0.0953 0 0 0 95.9715 0
487 1089172 0.066258 0 0 0 95.9716 0
488 1089175 0.06276 0 0 0 95.9719 0
489 1089181 0.105789 0 0 0 95.9724 0
490 1089183 0.089854 0 0 0 95.9726 0
491 1089186 0.050962 0 0 0 95.9728 0
492 1089188 0.108741 0 0 0 95.973 0
493 1089190 0.016533 0 0 0 95.9732 0
494 1089194 0.185159 0 0 0 95.9735 0
495 1089196 0.046488 0 0 0 95.9737 0
496 1089197 0.108345 0 0 0 95.9738 0
497 1089201 0.050406 0 0 0 95.9741 0
498 1089203 0.102868 0 0 0 95.9743 0
499 1089206 0.096087 0 0 0 95.9746 0
500 1089207 0.234196 0 0 0 95.9747 0
502 1089210 0.105881 0 0 0 95.9749 0
503 1089212 0.068466 0 0 0 95.9751 0
504 1089215 0.075431 0 0 0 95.9754 0
505 1089217 0.076466 0 0 0 95.9756 0
506 1089220 0.030347 0 0 0 95.9758 0
507 1089222 0.112838 0 0 0 95.976 0
508 1089225 0.032014 0 0 0 95.9763 0
509 1089230 0.062943 0 0 0 95.9767 0
510 1089232 0.081595 0 0 0 95.9769 0
511 1089239 0.103494 0 0 0 95.9775 0
512 1089240 0.020677 0 0 0 95.9776 0
513 1089243 0.098504 0 0 0 95.9778 0
514 1089247 0.150788 0 0 0 95.9782 0
515 1089248 0.047668 0 0 0 95.9783 0
516 1089260 0.141373 0 0 0 95.9793 0
517 1089262 0.04417 0 0 0 95.9795 0
518 1089266 0.093613 0 0 0 95.9799 0
519 1089267 0.072767 0 0 0 95.98 0
520 1089273 0.038246 0 0 0 95.9805 0
521 1089276 0.155127 0 0 0 95.9808 0
522 1089280 0.043245 0 0 0 95.9811 0
523 1089283 0.11318 0 0 0 95.9814 0
524 1089286 0.029946 0 0 0 95.9816 0
525 1089287 0.115084 0 0 0 95.9817 0
526 1089292 0.076719 0 0 0 95.9822 0
527 1089298 0.097877 0 0 0 95.9827 0
528 1089301 0.122196 0 0 0 95.983 0
530 1089302 0.140539 0 0 0 95.983 0
531 1089310 0.060469 0 0 0 95.9838 0
532 1089313 0.062863 0 0 0 95.984 0
533 1089316 0.087197 0 0 0 95.9843 0
534 1089319 0.049477 0 0 0 95.9845 0
535 1089321 0.112472 0 0 0 95.9847 0
536 1089324 0.059425 0 0 0 95.985 0
537 1089327 0.15079 0 0 0 95.9852 0
538 1089328 0.094679 0 0 0 95.9853 0
540 1089331 0.196222 0 0 0 95.9856 0
542 1089334 0.072823 0 0 0 95.9859 0
543 1089337 0.079543 0 0 0 95.9861 0
544 1089338 0.039494 0 0 0 95.9862 0
545 1089342 0.088661 0 0 0 95.9866 0
546 1089348 0.123607 0 0 0 95.9871 0
547 1089350 0.035761 0 0 0 95.9873 0
548 1089354 0.056457 0 0 0 95.9876 0
549 1089355 0.08142 0 0 0 95.9877 0
550 1089357 0.248071 0 0 0 95.9879 0
552 1089358 0.123708 0 0 0 95.988 0
553 1089360 0.021772 0 0 0 95.9882 0
554 1089363 0.093291 0 0 0 95.9884 0
555 1089368 0.09687 0 0 0 95.9889 0
556 1089370 0.284295 0 0 0 95.989 0
559 1089373 0.126545 0 0 0 95.9893 0
560 1089374 0.021218 0 0 0 95.9894 0
561 1089375 0.054103 0 0 0 95.9895 0
562 1089380 0.15441 0 0 0 95.9899 0
563 1089382 0.047046 0 0 0 95.9901 0
564 1089385 0.05214 0 0 0 95.9904 0
565 1089389 0.051682 0 0 0 95.9907 0
566 1089392 0.169151 0 0 0 95.991 0
568 1089393 0.07506 0 0 0 95.9911 0
569 1089395 0.058882 0 0 0 95.9912 0
570 1089397 0.076986 0 0 0 95.9914 0
571 1089398 0.08572 0 0 0 95.9915 0
572 1089399 0.103219 0 0 0 95.9916 0
573 1089400 0.085216 0 0 0 95.9917 0
574 1089403 0.038735 0 0 0 95.9919 0
575 1089407 0.124156 0 0 0 95.9923 0
576 1089408 0.075087 0 0 0 95.9924 0
577 1089413 0.131793 0 0 0 95.9928 0
579 1089416 0.118427 0 0 0 95.9931 0
580 1089419 0.030768 0 0 0 95.9934 0
581 1089422 0.064518 0 0 0 95.9936 0
582 1089423 0.105822 0 0 0 95.9937 0
583 1089426 0.222256 0 0 0 95.994 0
585 1089429 0.072979 0 0 0 95.9942 0
586 1089430 0.049775 0 0 0 95.9943 0
587 1089432 0.087874 0 0 0 95.9945 0
588 1089434 0.090336 0 0 0 95.9947 0
589 1089435 0.046401 0 0 0 95.9948 0
590 1089437 0.023595 0 0 0 95.9949 0
591 1089440 0.075672 0 0 0 95.9952 0
592 1089443 0.082721 0 0 0 95.9955 0
593 1089444 0.073593 0 0 0 95.9956 0
594 1089446 0.08386 0 0 0 95.9957 0
595 1089448 0.01625 0 0 0 95.9959 0
596 1089452 0.149864 0 0 0 95.9963 0
597 1089453 0.099688 0 0 0 95.9964 0
598 1089456 0.040656 0 0 0 95.9966 0
599 1089459 0.275371 0 0 0 95.9969 0
602 1089462 0.04814 0 0 0 95.9971 0
603 1089467 0.10867 0 0 0 95.9976 0
604 1089468 0.065457 0 0 0 95.9977 0
605 1089470 0.0775 0 0 0 95.9979 0
606 1089471 0.045362 0 0 0 95.9979 0
607 1089473 0.076896 0 0 0 95.9981 0
608 1089475 0.040991 0 0 0 95.9983 0
609 1089479 0.132854 0 0 0 95.9986 0
610 1089481 0.044778 0 0 0 95.9988 0
611 1089483 0.073926 0 0 0 95.999 0
612 1089487 0.090634 0 0 0 95.9993 0
613 1089489 0.159337 0 0 0 95.9995 0
615 1089493 0.085723 0 0 0 95.9999 0
616 1089495 0.100399 0 0 0 96.0001 0
617 1089498 0.112457 0 0 0 96.0003 0
618 1089500 0.070138 0 0 0 96.0005 0
619 1089502 0.116639 0 0 0 96.0007 0
621 1089504 0.08122 0 0 0 96.0008 0
623 1089505 0.133907 0 0 0 96.0009 0
624 1089507 0.044051 0 0 0 96.0011 0
625 1089509 0.11305 0 0 0 96.0013 0
626 1089513 0.075569 0 0 0 96.0016 0
627 1089515 0.096255 0 0 0 96.0018 0
628 1089519 0.059508 0 0 0 96.0022 0
629 1089525 0.106769 0 0 0 96.0027 0
630 1089527 0.040192 0 0 0 96.0029 0
631 1089531 0.069738 0 0 0 96.0032 0
632 1089532 0.137534 0 0 0 96.0033 0
633 1089536 0.228739 0 0 0 96.0037 0
635 1089538 0.067931 0 0 0 96.0038 0
636 1089541 0.059153 0 0 0 96.0041 0
637 1089543 0.10489 0 0 0 96.0043 0
638 1089546 0.088718 0 0 0 96.0045 0
639 1089548 0.073347 0 0 0 96.0047 0
640 1089549 0.047901 0 0 0 96.0048 0
641 1089553 0.083385 0 0 0 96.0052 0
642 1089555 0.155404 0 0 0 96.0053 0
643 1089556 0.114734 0 0 0 96.0054 0
644 1089559 0.011798 0 0 0 96.0057 0
645 1089562 0.171872 0 0 0 96.006 0
647 1089563 0.098356 0 0 0 96.006 0
648 1089565 0.152084 0 0 0 96.0062 0
650 1089568 0.106115 0 0 0 96.0065 0
651 1089570 0.092488 0 0 0 96.0067 0
652 1089571 0.049441 0 0 0 96.0067 0
653 1089576 0.0878 0 0 0 96.0072 0
654 1089577 0.244168 0 0 0 96.0073 0
657 1089578 0.218762 0 0 0 96.0074 0
659 1089581 0.193195 0 0 0 96.0076 0
660 1089582 0.112048 0 0 0 96.0077 0
661 1089583 0.199419 0 0 0 96.0078 0
663 1089584 0.010228 0 0 0 96.0079 0
664 1089587 0.251127 0 0 0 96.0082 0
667 1089588 0.079889 0 0 0 96.0082 0
668 1089590 0.050326 0 0 0 96.0084 0
669 1089592 0.06536 0 0 0 96.0086 0
670 1089594 0.140403 0 0 0 96.0088 0
671 1089595 0.00703 0 0 0 96.0089 0
672 1089596 0.152683 0 0 0 96.009 0
673 1089597 0.052559 0 0 0 96.009 0
674 1089599 0.076835 0 0 0 96.0092 0
675 1089600 0.1301 0 0 0 96.0093 0
676 1089601 0.032056 0 0 0 96.0094 0
677 1089603 0.103374 0 0 0 96.0096 0
678 1089607 0.093905 0 0 0 96.0099 0
679 1089609 0.089616 0 0 0 96.0101 0
680 1089610 0.099173 0 0 0 96.0102 0
682 1089612 0.115178 0 0 0 96.0104 0
683 1089613 0.034602 0 0 0 96.0105 0
684 1089615 0.336235 0 0 0 96.0106 0
687 1089618 0.298071 0 0 0 96.0109 0
690 1089620 0.054274 0 0 0 96.0111 0
691 1089621 0.092727 0 0 0 96.0112 0
692 1089624 0.050237 0 0 0 96.0114 0
693 1089626 0.151169 0 0 0 96.0116 0
695 1089628 0.122718 0 0 0 96.0118 0
696 1089629 0.151155 0 0 0 96.0119 0
698 1089630 0.086763 0 0 0 96.0119 0
699 1089631 0.050909 0 0 0 96.012 0
700 1089636 0.021534 0 0 0 96.0125 0
701 1089638 0.114043 0 0 0 96.0127 0
702 1089640 0.136129 0 0 0 96.0128 0
704 1089641 0.0468 0 0 0 96.0129 0
705 1089645 0.163523 0 0 0 96.0133 0
706 1089646 0.095515 0 0 0 96.0134 0
707 1089647 0.143104 0 0 0 96.0134 0
709 1089649 0.188343 0 0 0 96.0136 0
711 1089650 0.079687 0 0 0 96.0137 0
712 1089652 0.111619 0 0 0 96.0139 0
713 1089653 0.059725 0 0 0 96.014 0
714 1089655 0.138415 0 0 0 96.0142 0
715 1089657 0.139707 0 0 0 96.0143 0
716 1089660 0.171748 0 0 0 96.0146 0
718 1089661 0.125065 0 0 0 96.0147 0
719 1089662 0.177313 0 0 0 96.0148 0
721 1089667 0.04858 0 0 0 96.0152 0
722 1089669 0.498944 0 0 0 96.0154 0
726 1089671 0.126751 0 0 0 96.0156 0
727 1089672 0.153341 0 0 0 96.0156 0
729 1089673 0.106352 0 0 0 96.0157 0
730 1089674 0.097257 0 0 0 96.0158 0
731 1089675 0.203921 0 0 0 96.0159 0
733 1089676 0.295214 0 0 0 96.016 0
737 1089679 0.05315 0 0 0 96.0163 0
738 1089681 0.038709 0 0 0 96.0164 0
739 1089682 0.110644 0 0 0 96.0165 0
740 1089684 0.122768 0 0 0 96.0167 0
741 1089685 0.075743 0 0 0 96.0168 0
742 1089686 0.051076 0 0 0 96.0169 0
743 1089689 0.134552 0 0 0 96.0171 0
744 1089690 0.130923 0 0 0 96.0172 0
746 1089691 0.044372 0 0 0 96.0173 0
747 1089692 0.122596 0 0 0 96.0174 0
748 1089695 0.094584 0 0 0 96.0177 0
749 1089697 0.099033 0 0 0 96.0179 0
750 1089699 0.159873 0 0 0 96.018 0
751 1089701 0.078134 0 0 0 96.0182 0
752 1089703 0.491506 0 0 0 96.0184 0
755 1089705 0.152145 0 0 0 96.0186 0
757 1089706 0.083649 0 0 0 96.0186 0
758 1089707 0.089318 0 0 0 96.0187 0
759 1089708 0.068558 0 0 0 96.0188 0
760 1089709 0.112623 0 0 0 96.0189 0
761 1089711 0.050425 0 0 0 96.0191 0
762 1089712 0.199075 0 0 0 96.0192 0
764 1089713 0.157453 0 0 0 96.0193 0
766 1089714 0.049068 0 0 0 96.0193 0
767 1089717 0.016948 0 0 0 96.0196 0
768 1089721 0.199459 0 0 0 96.02 0
771 1089725 0.191316 0 0 0 96.0203 0
773 1089726 0.100687 0 0 0 96.0204 0
775 1089728 0.09157 0 0 0 96.0206 0
776 1089729 0.046334 0 0 0 96.0207 0
777 1089731 0.112142 0 0 0 96.0208 0
778 1089732 0.096949 0 0 0 96.0209 0
779 1089733 0.059464 0 0 0 96.021 0
780 1089734 0.124669 0 0 0 96.0211 0
781 1089735 0.083407 0 0 0 96.0212 0
782 1089739 0.116423 0 0 0 96.0216 0
783 1089741 0.190134 0 0 0 96.0217 0
785 1089742 0.130115 0 0 0 96.0218 0
786 1089743 0.048251 0 0 0 96.0219 0
787 1089744 0.122149 0 0 0 96.022 0
788 1089746 0.056142 0 0 0 96.0222 0
789 1089747 0.182964 0 0 0 96.0223 0
791 1089748 0.168459 0 0 0 96.0223 0
793 1089749 0.116302 0 0 0 96.0224 0
794 1089750 0.217281 0 0 0 96.0225 0
796 1089751 0.082722 0 0 0 96.0226 0
797 1089752 0.011217 0 0 0 96.0227 0
798 1089753 0.121952 0 0 0 96.0228 0
799 1089755 0.039314 0 0 0 96.023 0
800 1089756 0.192045 0 0 0 96.0231 0
802 1089761 0.144873 0 0 0 96.0235 0
803 1089762 0.226581 0 0 0 96.0236 0
804 1089763 0.022306 0 0 0 96.0237 0
805 1089764 0.072408 0 0 0 96.0238 0
806 1089766 0.245269 0 0 0 96.0239 0
809 1089768 0.06875 0 0 0 96.0241 0
810 1089771 0.107294 0 0 0 96.0244 0
811 1089774 0.134445 0 0 0 96.0246 0
812 1089775 0.018278 0 0 0 96.0247 0
813 1089779 0.249784 0 0 0 96.0251 0
816 1089780 0.196612 0 0 0 96.0252 0
817 1089782 0.157284 0 0 0 96.0253 0
819 1089784 0.158202 0 0 0 96.0255 0
820 1089785 0.015429 0 0 0 96.0256 0
821 1089787 0.18661 0 0 0 96.0258 0
822 1089790 0.03967 0 0 0 96.026 0
823 1089791 0.06054 0 0 0 96.0261 0
824 1089797 0.122705 0 0 0 96.0267 0
825 1089799 0.122753 0 0 0 96.0268 0
826 1089800 0.133461 0 0 0 96.0269 0
828 1089801 0.046121 0 0 0 96.027 0
829 1089803 0.07872 0 0 0 96.0272 0
830 1089805 0.120676 0 0 0 96.0274 0
832 1089806 0.09204 0 0 0 96.0275 0
833 1089809 0.122555 0 0 0 96.0277 0
834 1089810 0.141761 0 0 0 96.0278 0
836 1089811 0.033354 0 0 0 96.0279 0
837 1089813 0.256665 0 0 0 96.0281 0
839 1089814 0.197557 0 0 0 96.0282 0
841 1089815 0.073274 0 0 0 96.0282 0
842 1089817 0.177347 0 0 0 96.0284 0
844 1089818 0.108097 0 0 0 96.0285 0
845 1089819 0.038081 0 0 0 96.0286 0
846 1089820 0.166169 0 0 0 96.0287 0
847 1089821 0.169261 0 0 0 96.0288 0
849 1089822 0.184952 0 0 0 96.0289 0
851 1089823 0.263359 0 0 0 96.029 0
853 1089825 0.253822 0 0 0 96.0291 0
855 1089826 0.258894 0 0 0 96.0292 0
857 1089827 0.192075 0 0 0 96.0293 0
859 1089828 0.029242 0 0 0 96.0294 0
860 1089831 0.218723 0 0 0 96.0297 0
862 1089833 0.019065 0 0 0 96.0298 0
863 1089835 0.134541 0 0 0 96.03 0
864 1089836 0.21865 0 0 0 96.0301 0
866 1089837 0.153145 0 0 0 96.0302 0
867 1089838 0.062458 0 0 0 96.0303 0
869 1089840 0.430763 0 0 0 96.0305 0
872 1089841 0.208381 0 0 0 96.0305 0
875 1089843 0.092273 0 0 0 96.0307 0
876 1089845 0.177299 0 0 0 96.0309 0
879 1089846 0.176943 0 0 0 96.031 0
881 1089849 0.054453 0 0 0 96.0312 0
882 1089850 0.211528 0 0 0 96.0313 0
884 1089851 0.218601 0 0 0 96.0314 0
886 1089852 0.273251 0 0 0 96.0315 0
889 1089854 0.066763 0 0 0 96.0317 0
890 1089855 0.087069 0 0 0 96.0318 0
891 1089856 0.02401 0 0 0 96.0319 0
892 1089859 0.0886 0 0 0 96.0321 0
893 1089861 0.076266 0 0 0 96.0323 0
894 1089865 0.273882 0 0 0 96.0327 0
897 1089866 0.08705 0 0 0 96.0327 0
898 1089867 0.196108 0 0 0 96.0328 0
900 1089868 0.299339 0 0 0 96.0329 0
904 1089869 0.188212 0 0 0 96.033 0
906 1089870 0.023111 0 0 0 96.0331 0
907 1089871 0.124711 0 0 0 96.0332 0
908 1089872 0.079036 0 0 0 96.0333 0
909 1089873 0.059887 0 0 0 96.0334 0
910 1089875 0.098084 0 0 0 96.0335 0
911 1089876 0.089851 0 0 0 96.0336 0
913 1089877 0.306521 0 0 0 96.0337 0
917 1089880 0.052981 0 0 0 96.034 0
918 1089881 0.068925 0 0 0 96.0341 0
919 1089884 0.033594 0 0 0 96.0343 0
920 1089887 0.165536 0 0 0 96.0346 0
922 1089888 0.418049 0 0 0 96.0347 0
926 1089889 0.40308 0 0 0 96.0348 0
930 1089890 0.140878 0 0 0 96.0349 0
932 1089892 0.070684 0 0 0 96.035 0
933 1089893 0.245948 0 0 0 96.0351 0
936 1089894 0.197087 0 0 0 96.0352 0
938 1089895 0.268159 0 0 0 96.0353 0
942 1089896 0.094746 0 0 0 96.0354 0
943 1089897 0.367566 0 0 0 96.0355 0
948 1089899 0.163107 0 0 0 96.0357 0
950 1089901 0.067496 0 0 0 96.0358 0
951 1089902 0.025063 0 0 0 96.0359 0
952 1089905 0.254142 0 0 0 96.0362 0
954 1089907 0.061487 0 0 0 96.0364 0
955 1089908 0.390997 0 0 0 96.0364 0
960 1089909 0.209664 0 0 0 96.0365 0
963 1089910 0.083172 0 0 0 96.0366 0
964 1089913 0.334964 0 0 0 96.0369 0
968 1089914 0.136337 0 0 0 96.037 0
969 1089916 0.467798 0 0 0 96.0371 0
973 1089918 0.36173 0 0 0 96.0373 0
978 1089919 0.096039 0 0 0 96.0374 0
980 1089921 0.237601 0 0 0 96.0376 0
981 1089922 0.101555 0 0 0 96.0377 0
983 1089923 0.119263 0 0 0 96.0378 0
984 1089924 0.151802 0 0 0 96.0379 0
986 1089925 0.074644 0 0 0 96.0379 0
987 1089927 0.156825 0 0 0 96.0381 0
989 1089929 0.24903 0 0 0 96.0383 0
991 1089930 0.029978 0 0 0 96.0384 0
992 1089932 0.217327 0 0 0 96.0386 0
995 1089933 0.62534 0 0 0 96.0386 0
1001 1089934 0.040702 0 0 0 96.0387 0
1002 1089935 0.574938 0 0 0 96.0388 0
1008 1089937 0.163751 0 0 0 96.039 0
1009 1089939 0.072874 0 0 0 96.0392 0
1010 1089940 0.215632 0 0 0 96.0393 0
1012 1089941 0.124978 0 0 0 96.0394 0
1013 1089942 0.069224 0 0 0 96.0394 0
1014 1089944 0.18802 0 0 0 96.0396 0
1016 1089945 0.174789 0 0 0 96.0397 0
1018 1089947 0.119615 0 0 0 96.0399 0
1019 1089949 0.081618 0 0 0 96.0401 0
1020 1089950 0.063581 0 0 0 96.0401 0
1021 1089952 0.077071 0 0 0 96.0403 0
1022 1089953 0.33969 0 0 0 96.0404 0
1024 1089956 0.116997 0 0 0 96.0407 0
1026 1089957 0.021109 0 0 0 96.0408 0
1027 1089959 0.077522 0 0 0 96.0409 0
1028 1089961 0.046654 0 0 0 96.0411 0
1029 1089962 0.070216 0 0 0 96.0412 0
1030 1089963 0.113756 0 0 0 96.0413 0
1031 1089964 0.25849 0 0 0 96.0414 0
1034 1089966 0.016746 0 0 0 96.0416 0
1035 1089967 0.105613 0 0 0 96.0416 0
1036 1089968 0.288093 0 0 0 96.0417 0
1039 1089969 0.074168 0 0 0 96.0418 0
1040 1089970 0.07863 0 0 0 96.0419 0
1041 1089971 0.209244 0 0 0 96.042 0
1043 1089972 0.05508 0 0 0 96.0421 0
1044 1089974 0.316829 0 0 0 96.0423 0
1047 1089975 0.143809 0 0 0 96.0423 0
1049 1089976 0.073719 0 0 0 96.0424 0
1050 1089978 0.019581 0 0 0 96.0426 0
1051 1089980 0.102694 0 0 0 96.0428 0
1052 1089981 0.09636 0 0 0 96.0429 0
1053 1089982 0.183192 0 0 0 96.043 0
1055 1089984 0.067114 0 0 0 96.0431 0
1056 1089986 0.126113 0 0 0 96.0433 0
1057 1089987 0.22891 0 0 0 96.0434 0
1058 1089988 0.125886 0 0 0 96.0435 0
1059 1089990 0.256889 0 0 0 96.0437 0
1061 1089991 0.025419 0 0 0 96.0438 0
1062 1089993 0.45751 0 0 0 96.0439 0
1066 1089994 0.165526 0 0 0 96.044 0
1068 1089996 0.103141 0 0 0 96.0442 0
1069 1089997 0.814864 0 0 0 96.0443 0
1081 1089999 0.07274 0 0 0 96.0445 0
1082 1090000 0.076175 0 0 0 96.0446 0
1083 1090001 0.062788 0 0 0 96.0446 0
1084 1090004 0.037337 0 0 0 96.0449 0
1085 1090005 0.285053 0 0 0 96.045 0
1087 1090007 0.262009 0 0 0 96.0452 0
1089 1090009 0.063626 0 0 0 96.0453 0
1090 1090010 0.067254 0 0 0 96.0454 0
1092 1090013 0.347551 0 0 0 96.0457 0
1096 1090014 0.89392 0 0 0 96.0458 0
1104 1090015 0.167648 0 0 0 96.0459 0
1106 1090019 0.087205 0 0 0 96.0462 0
1107 1090021 0.121571 0 0 0 96.0464 0
1108 1090022 0.285564 0 0 0 96.0465 0
1112 1090024 0.460518 0 0 0 96.0467 0
1116 1090026 0.044125 0 0 0 96.0468 0
1117 1090029 0.173064 0 0 0 96.0471 0
1120 1090031 0.186697 0 0 0 96.0473 0
1122 1090032 0.065962 0 0 0 96.0474 0
1123 1090033 0.116536 0 0 0 96.0475 0
1124 1090034 0.015621 0 0 0 96.0475 0
1125 1090035 0.119159 0 0 0 96.0476 0
1126 1090036 0.068299 0 0 0 96.0477 0
1128 1090037 0.128876 0 0 0 96.0478 0
1129 1090038 0.243686 0 0 0 96.0479 0
1131 1090039 0.299074 0 0 0 96.048 0
1133 1090040 0.070704 0 0 0 96.0481 0
1134 1090043 0.46103 0 0 0 96.0483 0
1140 1090044 0.460856 0 0 0 96.0484 0
1146 1090045 0.450473 0 0 0 96.0485 0
1151 1090046 0.242281 0 0 0 96.0486 0
1154 1090047 0.130331 0 0 0 96.0487 0
1156 1090048 0.141832 0 0 0 96.0488 0
1157 1090050 0.227165 0 0 0 96.049 0
1159 1090051 0.09103 0 0 0 96.049 0
1160 1090052 0.156544 0 0 0 96.0491 0
1161 1090053 0.730812 0 0 0 96.0492 0
1169 1090054 0.031846 0 0 0 96.0493 0
1170 1090056 0.097933 0 0 0 96.0495 0
1171 1090058 0.110538 0 0 0 96.0497 0
1172 1090059 0.144092 0 0 0 96.0497 0
1173 1090060 0.379117 0 0 0 96.0498 0
1177 1090061 0.160589 0 0 0 96.0499 0
1179 1090062 0.229153 0 0 0 96.05 0
1182 1090064 0.423125 0 0 0 96.0502 0
1187 1090065 0.112246 0 0 0 96.0503 0
1189 1090066 0.055137 0 0 0 96.0504 0
1190 1090067 0.119164 0 0 0 96.0505 0
1191 1090068 0.008964 0 0 0 96.0505 0
1192 1090069 0.288316 0 0 0 96.0506 0
1196 1090071 0.079602 0 0 0 96.0508 0
1197 1090074 0.193647 0 0 0 96.0511 0
1198 1090075 0.066346 0 0 0 96.0512 0
1199 1090076 0.056464 0 0 0 96.0512 0
1200 1090077 0.34467 0 0 0 96.0513 0
1205 1090078 0.089446 0 0 0 96.0514 0
1206 1090079 0.688282 0 0 0 96.0515 0
1213 1090080 0.235156 0 0 0 96.0516 0
1216 1090081 0.222473 0 0 0 96.0517 0
1219 1090082 0.281214 0 0 0 96.0518 0
1223 1090084 0.313162 0 0 0 96.052 0
1227 1090085 0.228731 0 0 0 96.052 0
1229 1090086 0.613594 0 0 0 96.0521 0
1236 1090087 0.076204 0 0 0 96.0522 0
1237 1090088 0.084018 0 0 0 96.0523 0
1238 1090089 0.147058 0 0 0 96.0524 0
1239 1090090 0.635759 0 0 0 96.0525 0
1248 1090092 0.118636 0 0 0 96.0527 0
1250 1090093 0.47926 0 0 0 96.0527 0
1255 1090094 0.09244 0 0 0 96.0528 0
1256 1090095 0.118052 0 0 0 96.0529 0
1258 1090096 0.255068 0 0 0 96.053 0
1261 1090097 0.334284 0 0 0 96.0531 0
1265 1090098 0.089647 0 0 0 96.0532 0
1266 1090099 0.172867 0 0 0 96.0533 0
1269 1090100 0.388211 0 0 0 96.0534 0
1273 1090101 0.149151 0 0 0 96.0535 0
1275 1090102 0.127097 0 0 0 96.0535 0
1276 1090103 0.2641 0 0 0 96.0536 0
1279 1090105 0.725935 0 0 0 96.0538 0
1285 1090108 0.912199 0 0 0 96.0541 0
1293 1090109 0.55442 0 0 0 96.0542 0
1299 1090111 0.274051 0 0 0 96.0543 0
1302 1090112 0.364466 0 0 0 96.0544 0
1308 1090113 0.268418 0 0 0 96.0545 0
1311 1090114 0.056792 0 0 0 96.0546 0
1312 1090117 0.089167 0 0 0 96.0549 0
1313 1090118 0.357107 0 0 0 96.0549 0
1316 1090119 0.073076 0 0 0 96.055 0
1317 1090120 0.455741 0 0 0 96.0551 0
1321 1090121 0.117032 0 0 0 96.0552 0
1323 1090122 0.418868 0 0 0 96.0553 0
1328 1090124 0.101186 0 0 0 96.0555 0
1329 1090125 0.082675 0 0 0 96.0556 0
1331 1090127 0.578599 0 0 0 96.0557 0
1337 1090128 0.040826 0 0 0 96.0558 0
1338 1090129 0.094286 0 0 0 96.0559 0
1339 1090130 0.299652 0 0 0 96.056 0
1341 1090131 0.16576 0 0 0 96.0561 0
1343 1090132 0.097775 0 0 0 96.0562 0
1345 1090133 0.079714 0 0 0 96.0563 0
1346 1090134 0.059521 0 0 0 96.0564 0
1347 1090135 0.053199 0 0 0 96.0564 0
1348 1090136 0.401746 0 0 0 96.0565 0
1351 1090137 0.220031 0 0 0 96.0566 0
1353 1090138 0.12326 0 0 0 96.0567 0
1355 1090139 0.160195 0 0 0 96.0568 0
1357 1090140 0.427167 0 0 0 96.0569 0
1362 1090141 0.49745 0 0 0 96.057 0
1368 1090142 0.059622 0 0 0 96.0571 0
1369 1090143 0.325795 0 0 0 96.0572 0
1372 1090144 0.197226 0 0 0 96.0572 0
1376 1090145 0.517005 0 0 0 96.0573 0
1381 1090146 0.168995 0 0 0 96.0574 0
1383 1090147 0.186769 0 0 0 96.0575 0
1385 1090149 0.36511 0 0 0 96.0577 0
1390 1090150 0.589543 0 0 0 96.0578 0
1396 1090151 0.286925 0 0 0 96.0579 0
1399 1090152 0.017825 0 0 0 96.0579 0
1400 1090153 0.35863 0 0 0 96.058 0
1404 1090154 0.30778 0 0 0 96.0581 0
1406 1090155 0.251141 0 0 0 96.0582 0
1408 1090156 0.35745 0 0 0 96.0583 0
1413 1090157 0.107799 0 0 0 96.0584 0
1415 1090158 0.189889 0 0 0 96.0585 0
1418 1090159 0.180459 0 0 0 96.0586 0
1419 1090160 0.062391 0 0 0 96.0586 0
1420 1090161 0.479101 0 0 0 96.0587 0
1426 1090162 0.069406 0 0 0 96.0588 0
1427 1090163 0.360121 0 0 0 96.0589 0
1431 1090164 0.058733 0 0 0 96.059 0
1432 1090165 0.020589 0 0 0 96.0591 0
1433 1090168 0.495771 0 0 0 96.0594 0
1438 1090169 0.143975 0 0 0 96.0594 0
1440 1090170 0.365024 0 0 0 96.0595 0
1443 1090171 0.484488 0 0 0 96.0596 0
1449 1090172 0.066989 0 0 0 96.0597 0
1450 1090173 0.189521 0 0 0 96.0598 0
1452 1090174 0.045909 0 0 0 96.0599 0
1453 1090175 0.501814 0 0 0 96.06 0
1457 1090176 0.022501 0 0 0 96.0601 0
1458 1090178 0.833426 0 0 0 96.0602 0
1466 1090179 0.126654 0 0 0 96.0603 0
1468 1090181 0.360951 0 0 0 96.0605 0
1472 1090182 0.29649 0 0 0 96.0606 0
1475 1090183 0.719338 0 0 0 96.0607 0
1482 1090184 0.129605 0 0 0 96.0608 0
1485 1090185 0.290717 0 0 0 96.0609 0
1486 1090186 0.603414 0 0 0 96.0609 0
1493 1090187 0.265066 0 0 0 96.061 0
1495 1090188 0.361928 0 0 0 96.0611 0
1500 1090189 0.132477 0 0 0 96.0612 0
1501 1090190 0.062563 0 0 0 96.0613 0
1502 1090191 0.4276 0 0 0 96.0614 0
1506 1090192 0.209911 0 0 0 96.0615 0
1509 1090193 0.294089 0 0 0 96.0616 0
1511 1090195 0.421037 0 0 0 96.0617 0
1517 1090196 0.157254 0 0 0 96.0618 0
1519 1090197 0.06952 0 0 0 96.0619 0
1520 1090198 0.252615 0 0 0 96.062 0
1524 1090199 0.271187 0 0 0 96.0621 0
1527 1090200 0.752063 0 0 0 96.0622 0
1535 1090201 0.310386 0 0 0 96.0623 0
1539 1090202 0.305425 0 0 0 96.0623 0
1543 1090203 0.025591 0 0 0 96.0624 0
1544 1090204 0.214332 0 0 0 96.0625 0
1547 1090205 0.362779 0 0 0 96.0626 0
1551 1090206 0.041131 0 0 0 96.0627 0
1552 1090207 0.259383 0 0 0 96.0628 0
1554 1090209 0.12597 0 0 0 96.063 0
1556 1090211 0.399396 0 0 0 96.0631 0
1559 1090213 0.32655 0 0 0 96.0633 0
1564 1090215 0.154218 0 0 0 96.0635 0
1565 1090217 0.208128 0 0 0 96.0637 0
1566 1090218 0.096241 0 0 0 96.0638 0
1568 1090220 0.106171 0 0 0 96.0639 0
1570 1090221 0.454233 0 0 0 96.064 0
1574 1090222 1.47312 0 0 0 96.0641 0
1589 1090223 0.262935 0 0 0 96.0642 0
1592 1090224 0.311665 0 0 0 96.0643 0
1594 1090225 0.14902 0 0 0 96.0644 0
1597 1090226 0.080467 0 0 0 96.0645 0
1598 1090227 0.16007 0 0 0 96.0646 0
1600 1090228 0.317584 0 0 0 96.0646 0
1604 1090229 0.162118 0 0 0 96.0647 0
1606 1090230 0.576137 0 0 0 96.0648 0
1612 1090231 0.25192 0 0 0 96.0649 0
1614 1090232 0.216505 0 0 0 96.065 0
1617 1090233 0.156041 0 0 0 96.0651 0
1619 1090235 0.162243 0 0 0 96.0653 0
1622 1090236 0.379808 0 0 0 96.0653 0
1625 1090237 0.212433 0 0 0 96.0654 0
1628 1090238 0.381424 0 0 0 96.0655 0
1633 1090239 0.389141 0 0 0 96.0656 0
1637 1090240 0.280285 0 0 0 96.0657 0
1640 1090241 0.072281 0 0 0 96.0658 0
1641 1090242 0.260393 0 0 0 96.0659 0
1646 1090243 0.377989 0 0 0 96.066 0
1649 1090244 0.364149 0 0 0 96.0661 0
1653 1090245 0.330633 0 0 0 96.0661 0
1656 1090246 0.53056 0 0 0 96.0662 0
1664 1090247 0.145948 0 0 0 96.0663 0
1665 1090248 0.458406 0 0 0 96.0664 0
1669 1090249 0.08935 0 0 0 96.0665 0
1670 1090251 0.626213 0 0 0 96.0667 0
1676 1090252 0.116277 0 0 0 96.0668 0
1678 1090253 0.143215 0 0 0 96.0668 0
1680 1090254 0.227343 0 0 0 96.0669 0
1683 1090255 0.150613 0 0 0 96.067 0
1684 1090256 0.260136 0 0 0 96.0671 0
1688 1090257 0.46141 0 0 0 96.0672 0
1693 1090258 0.067872 0 0 0 96.0673 0
1694 1090259 0.400086 0 0 0 96.0674 0
1699 1090260 0.365881 0 0 0 96.0675 0
1703 1090262 0.189456 0 0 0 96.0676 0
1705 1090263 0.363114 0 0 0 96.0677 0
1709 1090265 0.448975 0 0 0 96.0679 0
1714 1090266 0.380358 0 0 0 96.068 0
1719 1090267 0.164523 0 0 0 96.0681 0
1721 1090268 0.183628 0 0 0 96.0682 0
1723 1090269 0.353191 0 0 0 96.0683 0
1727 1090270 1.20467 0 0 0 96.0683 0
1734 1090271 0.057952 0 0 0 96.0684 0
1735 1090272 0.650302 0 0 0 96.0685 0
1743 1090273 0.008997 0 0 0 96.0686 0
1744 1090275 0.070927 0 0 0 96.0688 0
1745 1090276 0.327935 0 0 0 96.0689 0
1749 1090277 0.096852 0 0 0 96.069 0
1750 1090278 0.071954 0 0 0 96.069 0
1751 1090279 0.314428 0 0 0 96.0691 0
1755 1090280 0.081258 0 0 0 96.0692 0
1756 1090281 0.04116 0 0 0 96.0693 0
1757 1090283 0.200904 0 0 0 96.0695 0
1759 1090284 0.641995 0 0 0 96.0696 0
1764 1090285 0.36732 0 0 0 96.0697 0
1767 1090286 0.23292 0 0 0 96.0698 0
1770 1090287 0.549239 0 0 0 96.0698 0
1775 1090288 0.231774 0 0 0 96.0699 0
1778 1090289 0.830222 0 0 0 96.07 0
1786 1090290 0.151694 0 0 0 96.0701 0
1788 1090291 0.163892 0 0 0 96.0702 0
1790 1090292 0.208172 0 0 0 96.0703 0
1792 1090293 0.26214 0 0 0 96.0704 0
1795 1090294 0.22044 0 0 0 96.0705 0
1798 1090295 0.565065 0 0 0 96.0705 0
1804 1090296 0.058821 0 0 0 96.0706 0
1805 1090297 0.692071 0 0 0 96.0707 0
1813 1090299 1.74936 0 0 0 96.0709 0
1831 1090300 0.169911 0 0 0 96.071 0
1833 1090301 1.09172 0 0 0 96.0711 0
1845 1090302 1.68602 0 0 0 96.0712 0
1864 1090303 0.713782 0 0 0 96.0712 0
1871 1090304 1.07351 0 0 0 96.0713 0
1883 1090305 1.03521 0 0 0 96.0714 0
1897 1090306 0.350627 0 0 0 96.0715 0
1900 1090307 0.790699 0 0 0 96.0716 0
1905 1090308 2.1037 0 0 0 96.0717 0
1924 1090309 0.107966 0 0 0 96.0718 0
1926 1090310 0.521947 0 0 0 96.0719 0
1933 1090311 1.4737 0 0 0 96.072 0
1950 1090312 0.460145 0 0 0 96.072 0
1953 1090313 0.061253 0 0 0 96.0721 0
1954 1090314 0.082092 0 0 0 96.0722 0
1955 1090315 0.143187 0 0 0 96.0723 0
1957 1090316 0.054806 0 0 0 96.0724 0
1958 1090317 0.408785 0 0 0 96.0725 0
1959 1090318 0.657184 0 0 0 96.0726 0
1965 1090320 1.10191 0 0 0 96.0727 0
1976 1090321 0.005167 0 0 0 96.0728 0
1977 1090322 0.196785 0 0 0 96.0729 0
1979 1090323 0.431977 0 0 0 96.073 0
1984 1090324 0.239606 0 0 0 96.0731 0
1987 1090325 0.011669 0 0 0 96.0732 0
1988 1090326 0.149947 0 0 0 96.0733 0
1989 1090327 1.0933 0 0 0 96.0734 0
1999 1090328 0.308717 0 0 0 96.0735 0
2003 1090329 0.761645 0 0 0 96.0735 0
2012 1090330 1.05791 0 0 0 96.0736 0
2022 1090331 0.064942 0 0 0 96.0737 0
2023 1090332 1.27241 0 0 0 96.0738 0
2039 1090333 0.282131 0 0 0 96.0739 0
2043 1090334 1.26635 0 0 0 96.074 0
2059 1090335 0.855738 0 0 0 96.0741 0
2067 1090336 0.031539 0 0 0 96.0742 0
2068 1090337 0.310105 0 0 0 96.0742 0
2071 1090338 0.846813 0 0 0 96.0743 0
2080 1090339 0.019147 0 0 0 96.0744 0
2081 1090340 0.483966 0 0 0 96.0745 0
2085 1090341 1.10638 0 0 0 96.0746 0
2094 1090342 0.179276 0 0 0 96.0747 0
2096 1090343 0.741466 0 0 0 96.0748 0
2104 1090344 0.037022 0 0 0 96.0749 0
2105 1090345 0.153213 0 0 0 96.0749 0
2107 1090346 0.643677 0 0 0 96.075 0
2115 1090347 0.419758 0 0 0 96.0751 0
2121 1090349 1.33192 0 0 0 96.0753 0
2134 1090350 1.88854 0 0 0 96.0754 0
2153 1090351 0.070272 0 0 0 96.0755 0
2154 1090352 0.416537 0 0 0 96.0756 0
2159 1090353 1.37299 0 0 0 96.0757 0
2172 1090354 0.33752 0 0 0 96.0757 0
2177 1090355 0.149829 0 0 0 96.0758 0
2178 1090356 0.563303 0 0 0 96.0759 0
2185 1090357 0.925824 0 0 0 96.076 0
2194 1090358 1.30705 0 0 0 96.0761 0
2204 1090360 0.082472 0 0 0 96.0763 0
2205 1090361 0.273514 0 0 0 96.0764 0
2208 1090362 1.2094 0 0 0 96.0764 0
2218 1090363 0.377218 0 0 0 96.0765 0
2222 1090364 0.108842 0 0 0 96.0766 0
2224 1090365 0.903623 0 0 0 96.0767 0
2235 1090366 0.157912 0 0 0 96.0768 0
2238 1090368 1.30752 0 0 0 96.077 0
2252 1090369 0.311168 0 0 0 96.0771 0
2256 1090372 0.32289 0 0 0 96.0773 0
2258 1090373 0.092503 0 0 0 96.0774 0
2259 1090374 0.556077 0 0 0 96.0775 0
2266 1090375 0.739806 0 0 0 96.0776 0
2275 1090376 0.006677 0 0 0 96.0777 0
2276 1090377 2.74384 0 0 0 96.0778 0
2306 1090378 0.441209 0 0 0 96.0779 0
2313 1090379 0.143495 0 0 0 96.0779 0
2314 1090380 0.023574 0 0 0 96.078 0
2315 1090381 1.41767 0 0 0 96.0781 0
2329 1090382 1.18853 0 0 0 96.0782 0
2341 1090383 0.129855 0 0 0 96.0783 0
2343 1090384 0.294696 0 0 0 96.0784 0
2346 1090385 1.16568 0 0 0 96.0785 0
2357 1090386 0.476065 0 0 0 96.0786 0
2363 1090387 0.158628 0 0 0 96.0787 0
2365 1090388 1.11262 0 0 0 96.0787 0
2377 1090389 2.29852 0 0 0 96.0788 0
2398 1090390 0.907884 0 0 0 96.0789 0
2406 1090391 0.359594 0 0 0 96.079 0
2411 1090392 0.998463 0 0 0 96.0791 0
2424 1090393 0.87049 0 0 0 96.0792 0
2433 1090394 0.33269 0 0 0 96.0793 0
2437 1090395 2.52281 0 0 0 96.0794 0
2462 1090396 0.131203 0 0 0 96.0794 0
2464 1090397 0.68996 0 0 0 96.0795 0
2467 1090398 0.471602 0 0 0 96.0796 0
2472 1090399 1.77809 0 0 0 96.0797 0
2490 1090400 0.109385 0 0 0 96.0798 0
2491 1090401 0.0176 0 0 0 96.0799 0
2492 1090402 0.460575 0 0 0 96.08 0
2498 1090403 0.172334 0 0 0 96.0801 0
2500 1090406 0.669886 0 0 0 96.0803 0
2505 1090407 1.17958 0 0 0 96.0804 0
2521 1090408 1.81014 0 0 0 96.0805 0
2542 1090409 0.903805 0 0 0 96.0806 0
2552 1090410 0.03501 0 0 0 96.0807 0
2553 1090411 0.288918 0 0 0 96.0808 0
2555 1090412 0.915484 0 0 0 96.0809 0
2566 1090413 0.675662 0 0 0 96.0809 0
2572 1090414 2.29858 0 0 0 96.081 0
2598 1090415 3.12932 0 0 0 96.0811 0
2632 1090416 0.083442 0 0 0 96.0812 0
2633 1090417 0.323956 0 0 0 96.0813 0
2635 1090418 0.749923 0 0 0 96.0814 0
2644 1090419 0.350821 0 0 0 96.0815 0
2648 1090420 2.88388 0 0 0 96.0816 0
2682 1090421 0.827582 0 0 0 96.0816 0
2692 1090422 0.409433 0 0 0 96.0817 0
2696 1090423 1.77379 0 0 0 96.0818 0
2716 1090424 1.25214 0 0 0 96.0819 0
2729 1090425 0.917482 0 0 0 96.082 0
2741 1090428 0.365363 0 0 0 96.0823 0
2744 1090429 0.671762 0 0 0 96.0824 0
2752 1090430 1.36968 0 0 0 96.0824 0
2764 1090431 2.04509 0 0 0 96.0825 0
2787 1090432 0.185718 0 0 0 96.0826 0
2791 1090433 0.383202 0 0 0 96.0827 0
2795 1090434 0.346053 0 0 0 96.0828 0
2799 1090436 1.01077 0 0 0 96.083 0
2807 1090437 0.634729 0 0 0 96.0831 0
2816 1090438 1.56568 0 0 0 96.0831 0
2830 1090439 0.44827 0 0 0 96.0832 0
2832 1090440 1.44433 0 0 0 96.0833 0
2851 1090441 2.82554 0 0 0 96.0834 0
2874 1090442 0.737373 0 0 0 96.0835 0
2883 1090443 0.304393 0 0 0 96.0836 0
2887 1090444 0.087799 0 0 0 96.0837 0
2888 1090445 0.246466 0 0 0 96.0838 0
2891 1090446 0.666202 0 0 0 96.0838 0
2899 1090447 0.818642 0 0 0 96.0839 0
2909 1090448 0.716603 0 0 0 96.084 0
2917 1090449 0.186761 0 0 0 96.0841 0
2919 1090450 0.264978 0 0 0 96.0842 0
2922 1090451 0.414908 0 0 0 96.0843 0
2926 1090453 5.08031 0 0 0 96.0845 0
2979 1090454 0.396622 0 0 0 96.0846 0
2983 1090455 0.042359 0 0 0 96.0846 0
2984 1090456 1.64929 0 0 0 96.0847 0
3000 1090457 1.12177 0 0 0 96.0848 0
3014 1090458 3.17309 0 0 0 96.0849 0
3045 1090459 0.151951 0 0 0 96.085 0
3047 1090460 1.77363 0 0 0 96.0851 0
3069 1090461 2.42745 0 0 0 96.0852 0
3096 1090462 2.86786 0 0 0 96.0853 0
3121 1090463 0.586034 0 0 0 96.0853 0
3126 1090464 1.40264 0 0 0 96.0854 0
3141 1090465 0.626145 0 0 0 96.0855 0
3149 1090466 1.51546 0 0 0 96.0856 0
3164 1090467 4.73446 0 0 0 96.0857 0
3220 1090468 0.121705 0 0 0 96.0858 0
3221 1090469 0.476564 0 0 0 96.0859 0
3226 1090470 0.069972 0 0 0 96.086 0
3227 1090471 0.294969 0 0 0 96.0861 0
3232 1090472 0.859436 0 0 0 96.0861 0
3242 1090473 0.517065 0 0 0 96.0862 0
3248 1090474 0.463037 0 0 0 96.0863 0
3252 1090475 0.339345 0 0 0 96.0864 0
3255 1090476 0.39362 0 0 0 96.0865 0
3260 1090477 0.109159 0 0 0 96.0866 0
3261 1090478 1.46479 0 0 0 96.0867 0
3277 1090479 1.16221 0 0 0 96.0868 0
3290 1090480 2.43293 0 0 0 96.0868 0
3317 1090481 0.135733 0 0 0 96.0869 0
3321 1090482 1.2215 0 0 0 96.087 0
3334 1090483 0.218266 0 0 0 96.0871 0
3336 1090484 5.4997 0 0 0 96.0872 0
3397 1090485 1.50842 0 0 0 96.0873 0
3415 1090486 0.388621 0 0 0 96.0874 0
3419 1090487 0.934099 0 0 0 96.0875 0
3432 1090488 0.245359 0 0 0 96.0876 0
3435 1090489 0.585867 0 0 0 96.0876 0
3442 1090490 2.33664 0 0 0 96.0877 0
3467 1090491 0.384729 0 0 0 96.0878 0
3470 1090492 0.069111 0 0 0 96.0879 0
3471 1090493 0.872434 0 0 0 96.088 0
3481 1090494 1.76086 0 0 0 96.0881 0
3499 1090495 1.52984 0 0 0 96.0882 0
3513 1090496 0.659056 0 0 0 96.0883 0
3521 1090497 0.135602 0 0 0 96.0883 0
3522 1090498 0.455629 0 0 0 96.0884 0
3527 1090499 1.17903 0 0 0 96.0885 0
3540 1090500 2.91004 0 0 0 96.0886 0
3572 1090501 0.193581 0 0 0 96.0887 0
3575 1090502 0.613069 0 0 0 96.0888 0
3584 1090503 0.937511 0 0 0 96.0889 0
3594 1090504 1.42191 0 0 0 96.089 0
3609 1090505 1.77829 0 0 0 96.089 0
3626 1090506 0.297958 0 0 0 96.0891 0
3629 1090507 0.337758 0 0 0 96.0892 0
3633 1090508 4.35233 0 0 0 96.0893 0
3676 1090509 1.0963 0 0 0 96.0894 0
3689 1090510 7.80777 0 0 0 96.0895 0
3767 1090511 0.460475 0 0 0 96.0896 0
3771 1090512 0.313318 0 0 0 96.0897 0
3775 1090513 3.55136 0 0 0 96.0898 0
3811 1090514 0.363898 0 0 0 96.0898 0
3816 1090516 2.29169 0 0 0 96.09 0
3843 1090517 2.93174 0 0 0 96.0901 0
3875 1090518 0.629611 0 0 0 96.0902 0
3882 1090519 4.25976 0 0 0 96.0903 0
3926 1090520 1.63365 0 0 0 96.0904 0
3945 1090521 0.010026 0 0 0 96.0905 0
3946 1090522 0.307643 0 0 0 96.0905 0
3949 1090523 3.47252 0 0 0 96.0906 0
3982 1090524 0.201294 0 0 0 96.0907 0
3985 1090525 0.69816 0 0 0 96.0908 0
3993 1090526 1.65359 0 0 0 96.0909 0
4010 1090527 1.67074 0 0 0 96.091 0
4028 1090528 2.28937 0 0 0 96.0911 0
4050 1090529 2.53873 0 0 0 96.0912 0
4077 1090530 6.64138 0 0 0 96.0913 0
4149 1090531 4.27403 0 0 0 96.0913 0
4195 1090532 0.724801 0 0 0 96.0914 0
4203 1090533 0.886045 0 0 0 96.0915 0
4211 1090534 1.19459 0 0 0 96.0916 0
4222 1090535 8.06736 0 0 0 96.0917 0
4309 1090540 2.57647 0 0 0 96.0921 0
4335 1090541 2.62157 0 0 0 96.0922 0
4357 1090543 0.234346 0 0 0 96.0924 0
4359 1090544 6.72616 0 0 0 96.0925 0
4423 1090545 1.32577 0 0 0 96.0926 0
4436 1090546 0.337058 0 0 0 96.0927 0
4441 1090547 1.16199 0 0 0 96.0927 0
4457 1090548 0.174906 0 0 0 96.0928 0
4459 1090549 9.97332 0 0 0 96.0929 0
4562 1090550 10.3437 0 0 0 96.093 0
4667 1090551 3.49123 0 0 0 96.0931 0
4706 1090552 1.53876 0 0 0 96.0932 0
4720 1090553 1.81412 0 0 0 96.0933 0
4737 1090554 0.172632 0 0 0 96.0934 0
4738 1090555 1.11778 0 0 0 96.0935 0
4748 1090556 6.46013 0 0 0 96.0935 0
4814 1090557 1.86805 0 0 0 96.0936 0
4834 1090558 1.33703 0 0 0 96.0937 0
4850 1090559 4.54668 0 0 0 96.0938 0
4896 1090560 0.94222 0 0 0 96.0939 0
4904 1090561 1.19961 0 0 0 96.094 0
4913 1090562 5.72233 0 0 0 96.0941 0
4974 1090563 0.405662 0 0 0 96.0942 0
4978 1090564 2.22455 0 0 0 96.0942 0
5003 1090565 7.24784 0 0 0 96.0943 0
5085 1090566 0.469873 0 0 0 96.0944 0
5090 1090567 5.06555 0 0 0 96.0945 0
5137 1090568 0.752915 0 0 0 96.0946 0
5145 1090569 0.704803 0 0 0 96.0947 0
5151 1090570 1.07048 0 0 0 96.0948 0
5163 1090571 15.0257 0 0 0 96.0949 0
5310 1090572 1.87607 0 0 0 96.095 0
5332 1090573 0.872494 0 0 0 96.095 0
5341 1090574 4.07244 0 0 0 96.0951 0
5385 1090575 19.0304 0 0 0 96.0952 0
5575 1090576 0.404655 0 0 0 96.0953 0
5579 1090577 1.0873 0 0 0 96.0954 0
5593 1090578 6.22897 0 0 0 96.0955 0
5665 1090579 1.22859 0 0 0 96.0956 0
5677 1090580 0.253896 0 0 0 96.0957 0
5681 1090581 4.14684 0 0 0 96.0957 0
5726 1090582 4.12219 0 0 0 96.0958 0
5780 1090583 5.60571 0 0 0 96.0959 0
5839 1090584 3.09772 0 0 0 96.096 0
5869 1090585 0.39837 0 0 0 96.0961 0
5873 1090586 0.251426 0 0 0 96.0962 0
5878 1090587 8.06909 0 0 0 96.0963 0
5959 1090588 4.68387 0 0 0 96.0964 0
6009 1090589 4.84888 0 0 0 96.0964 0
6054 1090590 8.55021 0 0 0 96.0965 0
6134 1090591 3.0964 0 0 0 96.0966 0
6162 1090592 1.21403 0 0 0 96.0967 0
6174 1090593 5.13475 0 0 0 96.0968 0
6225 1090594 1.49051 0 0 0 96.0969 0
6236 1090595 1.03715 0 0 0 96.097 0
6246 1090596 0.133123 0 0 0 96.0971 0
6248 1090597 3.73942 0 0 0 96.0972 0
6294 1090598 0.830909 0 0 0 96.0972 0
6306 1090599 3.76189 0 0 0 96.0973 0
6346 1090600 6.36542 0 0 0 96.0974 0
6417 1090601 2.02074 0 0 0 96.0975 0
6435 1090602 7.90199 0 0 0 96.0976 0
6517 1090603 11.5653 0 0 0 96.0977 0
6632 1090604 4.41913 0 0 0 96.0978 0
6675 1090605 6.64246 0 0 0 96.0979 0
6739 1090606 18.0472 0 0 0 96.0979 0
6901 1090607 3.17764 0 0 0 96.098 0
6932 1090608 0.949322 0 0 0 96.0981 0
6944 1090609 2.85206 0 0 0 96.0982 0
6979 1090610 9.67854 0 0 0 96.0983 0
7067 1090611 1.0147 0 0 0 96.0984 0
7074 1090612 4.97966 0 0 0 96.0985 0
7122 1090613 3.8417 0 0 0 96.0986 0
7157 1090614 1.77791 0 0 0 96.0987 0
7173 1090615 2.21227 0 0 0 96.0987 0
7197 1090616 20.8003 0 0 0 96.0988 0
7389 1090617 9.46211 0 0 0 96.0989 0
7482 1090618 11.7071 0 0 0 96.099 0
7603 1090619 2.35179 0 0 0 96.0991 0
7620 1090620 23.6214 0 0 0 96.0992 0
7835 1090621 27.7059 0 0 0 96.0993 0
8096 1090622 0.406363 0 0 0 96.0994 0
8100 1090623 3.42625 0 0 0 96.0994 0
8134 1090624 16.4334 0 0 0 96.0995 0
8292 1090625 4.88923 0 0 0 96.0996 0
8344 1090626 9.26272 0 0 0 96.0997 0
8432 1090627 15.478 0 0 0 96.0998 0
8572 1090628 11.5698 0 0 0 96.0999 0
8684 1090629 8.002 0 0 0 96.1 0
8765 1090630 29.4726 0 0 0 96.1001 0
9054 1090631 0.840363 0 0 0 96.1002 0
9063 1090632 10.0587 0 0 0 96.1002 0
9170 1090633 12.2386 0 0 0 96.1003 0
9286 1090634 9.48855 0 0 0 96.1004 0
9384 1090635 0.780672 0 0 0 96.1005 0
9392 1090636 16.4334 0 0 0 96.1006 0
9574 1090637 7.92231 0 0 0 96.1007 0
9656 1090638 18.7607 0 0 0 96.1008 0
9833 1090639 0.147325 0 0 0 96.1009 0
9834 1090640 10.2049 0 0 0 96.1009 0
9929 1090641 18.0541 0 0 0 96.101 0
10119 1090642 16.0892 0 0 0 96.1011 0
10279 1090643 14.7769 0 0 0 96.1012 0
10416 1090644 17.6853 0 0 0 96.1013 0
10579 1090645 13.9325 0 0 0 96.1014 0
10722 1090646 4.95586 0 0 0 96.1015 0
10770 1090647 5.88903 0 0 0 96.1016 0
10817 1090648 4.17105 0 0 0 96.1016 0
10848 1090649 11.4164 0 0 0 96.1017 0
10949 1090650 3.38469 0 0 0 96.1018 0
10983 1090651 1.99541 0 0 0 96.1019 0
11003 1090652 34.5139 0 0 0 96.102 0
11318 1090653 27.1369 0 0 0 96.1021 0
11567 1090654 0.298178 0 0 0 96.1022 0
11570 1090655 28.4969 0 0 0 96.1023 0
11817 1090656 9.09885 0 0 0 96.1024 0
11907 1090657 20.9559 0 0 0 96.1024 0
12099 1090658 27.851 0 0 0 96.1025 0
12365 1090659 19.9498 0 0 0 96.1026 0
12560 1090660 39.9758 0 0 0 96.1027 0
12926 1090661 8.75392 0 0 0 96.1028 0
13006 1090662 0.839074 0 0 0 96.1029 0
13012 1090663 0.67013 0 0 0 96.103 0
13020 1090664 6.24868 0 0 0 96.1031 0
13073 1090665 55.956 0 0 0 96.1031 0
13557 1090666 58.4989 0 0 0 96.1032 0
14099 1090667 21.5195 0 0 0 96.1033 0
14293 1090668 0.946087 0 0 0 96.1034 0
14299 1090669 3.7743 0 0 0 96.1035 0
14334 1090671 0.424148 0 0 0 96.1037 0
14337 1090672 106.174 0 0 0 96.1038 0
15302 1090673 12.7459 0 0 0 96.1039 0
15427 1090677 0.436051 0 0 0 96.1042 0
15429 1090678 0.185615 0 0 0 96.1043 0
15433 1090679 1.25105 0 0 0 96.1044 0
15445 1090680 18.1045 0 0 0 96.1045 0
15611 1090681 8.50754 0 0 0 96.1046 0
15685 1090682 14.5031 0 0 0 96.1046 0
15813 1090684 0.329605 0 0 0 96.1048 0
15816 1090685 112.801 0 0 0 96.1049 0
16809 1090694 0.493225 0 0 0 96.1057 0
16812 1090695 0.70677 0 0 0 96.1058 0
16822 1090696 6.85311 0 0 0 96.1059 0
16882 1090697 33.3248 0 0 0 96.106 0
17208 1090698 35.7419 0 0 0 96.1061 0
17537 1090699 21.5198 0 0 0 96.1061 0
17741 1090700 1.90646 0 0 0 96.1062 0
17755 1090701 87.4857 0 0 0 96.1063 0
18501 1090703 2.0647 0 0 0 96.1065 0
18517 1090704 47.1875 0 0 0 96.1066 0
18961 1090705 0.825403 0 0 0 96.1067 0
18965 1090706 69.5937 0 0 0 96.1068 0
19571 1090707 0.489663 0 0 0 96.1068 0
19572 1090708 105.218 0 0 0 96.1069 0
20437 1090709 48.6595 0 0 0 96.107 0
20830 1090710 0.233358 0 0 0 96.1071 0
20831 1090711 0.718138 0 0 0 96.1072 0
20836 1090712 184.403 0 0 0 96.1073 0
22316 1090714 1.4276 0 0 0 96.1075 0
22326 1090715 129.686 0 0 0 96.1076 0
23343 1090725 0.557495 0 0 0 96.1084 0
23344 1090726 0.049233 0 0 0 96.1085 0
23348 1090727 1.63161 0 0 0 96.1086 0
23359 1090728 72.3999 0 0 0 96.1087 0
23924 1090735 0.605968 0 0 0 96.1093 0
23926 1090736 0.244449 0 0 0 96.1094 0
23929 1090737 0.638671 0 0 0 96.1095 0
23932 1090738 0.489972 0 0 0 96.1096 0
23936 1090739 0.717881 0 0 0 96.1097 0
23941 1090740 0.736952 0 0 0 96.1098 0
23946 1090741 128.234 0 0 0 96.1098 0
24931 1090743 0.550198 0 0 0 96.11 0
24932 1090744 0.53124 0 0 0 96.1101 0
24937 1090745 3.12649 0 0 0 96.1102 0
