1 602540 2.36924 1 0.999998 1 53.0924 2
2 784776 0.830772 5 0.937013 1.08604 69.15 3
3 875930 0.575344 5 0.893778 1.24808 77.1819 4
4 929367 0.391121 6 0.865165 1.38531 81.8905 4
5 963357 0.316236 7 0.846111 1.49694 84.8855 4
6 986596 0.262849 8 0.83285 1.58965 86.9332 4
7 1003031 0.225265 9 0.823334 1.66376 88.3813 4
8 1015491 0.2028 9 0.816151 1.73039 89.4792 5
9 1024818 0.186096 9 0.810744 1.78248 90.3011 5
10 1032210 0.164845 10 0.806473 1.82535 90.9524 5
11 1037961 0.156021 10 0.803154 1.85998 91.4592 5
12 1042611 0.143883 11 0.800433 1.89009 91.8689 5
13 1046485 0.130287 11 0.798152 1.91602 92.2103 5
14 1049750 0.153489 11 0.79619 1.93929 92.498 5
15 1052524 0.125606 11 0.794541 1.9591 92.7424 5
16 1054911 0.115253 11 0.793095 1.97606 92.9527 5
17 1057099 0.112889 11 0.791772 1.99328 93.1455 5
18 1059050 0.112838 12 0.790576 2.00925 93.3174 5
19 1060646 0.101614 12 0.789593 2.02178 93.458 5
20 1062142 0.108576 13 0.788669 2.03418 93.5899 5
21 1063426 0.09972 13 0.787866 2.04514 93.703 5
22 1064651 0.107308 13 0.787101 2.05658 93.8109 5
23 1065731 0.096448 13 0.786414 2.06705 93.9061 5
24 1066724 0.095435 14 0.785786 2.07578 93.9936 5
25 1067676 0.096031 14 0.785177 2.08467 94.0775 5
26 1068550 0.092903 14 0.784609 2.09235 94.1545 5
27 1069343 0.091286 16 0.784096 2.09911 94.2244 5
28 1070061 0.088698 17 0.78362 2.10571 94.2876 5
29 1070717 0.089597 17 0.78319 2.11297 94.3454 5
30 1071368 0.089028 18 0.782772 2.11964 94.4028 5
31 1071990 0.089784 19 0.782369 2.12586 94.4576 5
32 1072533 0.088626 19 0.782009 2.13016 94.5055 5
33 1073037 0.087718 19 0.781678 2.1352 94.5499 5
34 1073508 0.084071 19 0.78137 2.14006 94.5914 5
35 1073977 0.084844 19 0.781059 2.145 94.6327 5
36 1074438 0.087144 19 0.780741 2.15096 94.6733 5
37 1074839 0.087384 19 0.780471 2.15559 94.7087 5
38 1075208 0.077946 19 0.78022 2.16013 94.7412 6
39 1075571 0.085593 20 0.779971 2.16423 94.7731 6
40 1075914 0.0792 20 0.779735 2.16747 94.8034 6
41 1076271 0.092416 20 0.77949 2.17188 94.8348 6
42 1076592 0.082108 20 0.779275 2.17539 94.8631 6
43 1076923 0.081339 20 0.779047 2.18016 94.8923 6
44 1077207 0.082692 20 0.778847 2.18264 94.9173 6
45 1077469 0.078282 20 0.778668 2.18587 94.9404 6
46 1077716 0.088274 20 0.778497 2.1887 94.9622 6
47 1077960 0.078276 20 0.778333 2.19178 94.9837 6
48 1078194 0.079474 20 0.778176 2.19447 95.0043 6
49 1078405 0.077527 20 0.778033 2.19728 95.0229 6
50 1078631 0.08166 20 0.77788 2.19997 95.0428 6
51 1078835 0.084805 20 0.777736 2.20223 95.0608 6
52 1079043 0.082699 20 0.777591 2.20503 95.0791 6
53 1079266 0.082589 20 0.777438 2.20781 95.0987 6
54 1079476 0.078941 20 0.77729 2.21083 95.1172 6
55 1079652 0.075752 20 0.777169 2.21312 95.1327 6
56 1079819 0.080231 20 0.777053 2.21524 95.1475 6
57 1079991 0.085689 20 0.776933 2.21758 95.1626 6
58 1080161 0.078144 20 0.776814 2.21932 95.1776 6
59 1080321 0.08043 20 0.776703 2.22115 95.1917 6
60 1080476 0.077154 20 0.776593 2.22342 95.2054 6
61 1080643 0.086024 20 0.776473 2.22576 95.2201 6
62 1080796 0.079229 20 0.776369 2.22794 95.2335 6
63 1080941 0.079309 21 0.776268 2.22944 95.2463 6
64 1081105 0.083377 21 0.776155 2.23171 95.2608 6
65 1081231 0.083622 21 0.776066 2.23361 95.2719 6
66 1081351 0.079552 21 0.775983 2.23506 95.2825 6
67 1081491 0.076599 21 0.775883 2.23683 95.2948 6
68 1081617 0.078547 21 0.775794 2.23886 95.3059 6
69 1081720 0.078791 21 0.77572 2.24016 95.315 6
70 1081830 0.080744 21 0.775643 2.24173 95.3247 6
71 1081936 0.075557 21 0.775568 2.243 95.334 6
72 1082049 0.07496 21 0.775487 2.2447 95.344 6
73 1082164 0.084713 21 0.775405 2.24642 95.3541 6
74 1082267 0.110307 21 0.775332 2.24782 95.3632 6
75 1082376 0.078535 21 0.775256 2.24903 95.3728 6
76 1082460 0.073673 21 0.775196 2.25023 95.3802 6
77 1082546 0.083319 21 0.775135 2.25147 95.3877 6
78 1082621 0.07795 21 0.775081 2.25226 95.3944 6
79 1082714 0.086986 21 0.775017 2.25337 95.4026 6
80 1082802 0.077604 21 0.774954 2.25467 95.4103 6
81 1082883 0.078557 21 0.774896 2.25578 95.4174 6
82 1082964 0.080056 21 0.774838 2.25674 95.4246 6
83 1083050 0.074904 21 0.77478 2.25813 95.4322 6
84 1083137 0.079114 21 0.774717 2.25906 95.4398 6
85 1083227 0.07859 21 0.774653 2.26027 95.4478 6
86 1083314 0.074724 21 0.774591 2.26157 95.4554 6
87 1083394 0.073564 21 0.774534 2.26247 95.4625 6
88 1083477 0.079617 21 0.774475 2.26362 95.4698 6
89 1083547 0.068708 21 0.774426 2.26439 95.4759 6
90 1083620 0.075332 21 0.774376 2.26534 95.4824 6
91 1083690 0.066769 21 0.774326 2.26623 95.4885 6
92 1083763 0.090008 21 0.774275 2.26719 95.495 6
93 1083832 0.079978 21 0.774226 2.26801 95.5011 6
94 1083905 0.084925 21 0.774174 2.26898 95.5075 6
95 1083969 0.073896 21 0.774129 2.26999 95.5131 6
96 1084033 0.080106 21 0.774083 2.27127 95.5188 6
97 1084092 0.070925 21 0.774041 2.27209 95.524 6
98 1084152 0.083448 21 0.773999 2.27274 95.5293 6
99 1084218 0.082564 21 0.773952 2.27414 95.5351 6
100 1084296 0.096695 21 0.773897 2.27552 95.5419 6
101 1084354 0.082569 21 0.773855 2.27658 95.5471 6
102 1084408 0.076447 21 0.773817 2.27766 95.5518 6
103 1084469 0.071526 21 0.773773 2.2787 95.5572 6
104 1084516 0.073938 21 0.77374 2.27933 95.5613 6
105 1084568 0.078033 21 0.773703 2.28007 95.5659 6
106 1084629 0.086454 21 0.773659 2.28084 95.5713 6
107 1084683 0.072965 21 0.77362 2.2816 95.576 6
108 1084747 0.063502 21 0.773575 2.28244 95.5817 6
109 1084791 0.081139 21 0.773543 2.28304 95.5856 6
110 1084838 0.078375 21 0.773512 2.2837 95.5897 6
111 1084881 0.073493 21 0.773481 2.28416 95.5935 6
112 1084918 0.069444 21 0.773455 2.2847 95.5968 6
113 1084958 0.07195 21 0.773426 2.28517 95.6003 6
114 1084996 0.071186 21 0.773399 2.28569 95.6036 6
115 1085041 0.077238 21 0.773367 2.28617 95.6076 6
116 1085082 0.075611 21 0.773338 2.28685 95.6112 6
117 1085125 0.078018 21 0.773308 2.28733 95.615 6
118 1085155 0.072085 21 0.773287 2.28774 95.6176 6
119 1085201 0.073289 21 0.773254 2.28859 95.6217 6
120 1085236 0.076863 21 0.77323 2.28908 95.6248 6
121 1085287 0.076805 21 0.773194 2.2899 95.6293 6
122 1085332 0.07702 21 0.773162 2.2905 95.6332 6
123 1085364 0.077307 21 0.773139 2.29094 95.6361 6
124 1085413 0.086965 21 0.773104 2.29144 95.6404 6
125 1085452 0.073609 21 0.773076 2.29207 95.6438 6
126 1085491 0.074263 21 0.773048 2.2927 95.6472 6
127 1085518 0.061014 21 0.773029 2.29303 95.6496 6
128 1085560 0.070465 22 0.772999 2.29362 95.6533 6
129 1085593 0.086915 22 0.772976 2.29463 95.6562 6
130 1085625 0.079004 22 0.772953 2.29508 95.6591 6
131 1085659 0.071868 22 0.772929 2.29558 95.662 6
132 1085685 0.070004 22 0.77291 2.29601 95.6643 6
133 1085715 0.06661 22 0.772889 2.29642 95.667 6
134 1085748 0.069398 22 0.772865 2.29689 95.6699 6
135 1085788 0.079342 22 0.772837 2.29744 95.6734 6
136 1085817 0.07371 22 0.772816 2.29792 95.676 6
137 1085850 0.063086 22 0.772793 2.29848 95.6789 6
138 1085877 0.069843 22 0.772774 2.29897 95.6813 6
139 1085915 0.069877 22 0.772746 2.29946 95.6846 6
140 1085950 0.07366 22 0.772722 2.29987 95.6877 6
141 1085977 0.078288 22 0.772702 2.30029 95.6901 6
142 1086011 0.074545 22 0.772678 2.30084 95.6931 6
143 1086038 0.066711 22 0.772659 2.30123 95.6954 6
144 1086069 0.077463 22 0.772637 2.30169 95.6982 6
145 1086094 0.087319 22 0.772619 2.30209 95.7004 6
146 1086114 0.08361 22 0.772605 2.30231 95.7021 6
147 1086144 0.062185 22 0.772584 2.3029 95.7048 6
148 1086172 0.07216 22 0.772564 2.30319 95.7072 6
149 1086200 0.069951 22 0.772544 2.3035 95.7097 6
150 1086231 0.075253 22 0.772522 2.30384 95.7124 6
151 1086249 0.059938 22 0.772509 2.304 95.714 6
152 1086272 0.074771 22 0.772493 2.30435 95.7161 6
153 1086303 0.081892 22 0.77247 2.30472 95.7188 6
154 1086329 0.069141 22 0.772452 2.30521 95.7211 6
155 1086350 0.069958 22 0.772437 2.30551 95.7229 6
156 1086376 0.070744 22 0.772419 2.3062 95.7252 6
157 1086399 0.066401 22 0.772402 2.30651 95.7273 6
158 1086430 0.074597 22 0.77238 2.30689 95.73 6
159 1086453 0.074683 22 0.772364 2.30791 95.732 6
160 1086470 0.068409 22 0.772352 2.3081 95.7335 6
161 1086497 0.075303 22 0.772333 2.30861 95.7359 6
162 1086522 0.069272 22 0.772315 2.30905 95.7381 6
163 1086546 0.079521 22 0.772298 2.30928 95.7402 6
164 1086558 0.070212 22 0.772289 2.30948 95.7413 6
165 1086584 0.077466 22 0.772271 2.30997 95.7436 6
166 1086610 0.082485 22 0.772252 2.31034 95.7458 6
167 1086627 0.074396 22 0.77224 2.31049 95.7473 6
168 1086658 0.076189 22 0.772218 2.31107 95.7501 6
169 1086677 0.079087 22 0.772205 2.3114 95.7517 6
170 1086693 0.063776 22 0.772193 2.31162 95.7532 6
171 1086719 0.071717 22 0.772175 2.31205 95.7554 6
172 1086737 0.069667 22 0.772162 2.31219 95.757 6
173 1086763 0.068537 22 0.772144 2.31269 95.7593 6
174 1086783 0.068472 22 0.772129 2.31297 95.7611 6
175 1086805 0.070583 22 0.772114 2.31329 95.763 6
176 1086822 0.062694 22 0.772102 2.31352 95.7645 6
177 1086838 0.089876 22 0.77209 2.31377 95.7659 6
178 1086857 0.063805 22 0.772077 2.31398 95.7676 6
179 1086879 0.070008 22 0.772061 2.31436 95.7695 6
180 1086894 0.048625 22 0.77205 2.31462 95.7709 6
181 1086916 0.076497 22 0.772035 2.31483 95.7728 6
182 1086934 0.068477 22 0.772022 2.31508 95.7744 6
183 1086955 0.069539 22 0.772007 2.31535 95.7762 6
184 1086977 0.09052 22 0.771991 2.31573 95.7782 6
185 1086991 0.056238 22 0.771982 2.31589 95.7794 6
186 1087008 0.07827 22 0.771969 2.31622 95.7809 6
187 1087031 0.084971 22 0.771953 2.31649 95.7829 6
188 1087046 0.065008 22 0.771942 2.3167 95.7843 6
189 1087059 0.066055 22 0.771933 2.31689 95.7854 6
190 1087068 0.067295 22 0.771927 2.31702 95.7862 6
191 1087086 0.063927 22 0.771914 2.31721 95.7878 6
192 1087107 0.064298 22 0.771899 2.31755 95.7896 6
193 1087130 0.097976 22 0.771883 2.318 95.7917 6
194 1087141 0.074317 22 0.771875 2.31816 95.7926 6
195 1087156 0.063364 22 0.771864 2.31842 95.794 6
196 1087170 0.077187 22 0.771854 2.3186 95.7952 6
197 1087180 0.062036 22 0.771847 2.31871 95.7961 6
198 1087193 0.04947 22 0.771838 2.31883 95.7972 6
199 1087213 0.059552 22 0.771824 2.31913 95.799 6
200 1087214 0.000485 22 0.771823 2.31913 95.7991 6
