1 71 0.00045
2 119 0.000252
3 150 0.000178
4 183 0.000204
5 206 0.000172
6 224 0.00015
7 251 0.000237
8 275 0.000233
9 282 7.7e-05
10 288 8.1e-05
11 309 0.000231
12 313 5.4e-05
13 317 6.6e-05
14 335 0.000244
15 344 0.000144
16 360 0.000323
17 367 0.000174
18 371 0.000114
19 384 0.000366
20 390 0.000174
21 401 0.000327
22 403 0.000112
23 407 0.000123
24 410 0.691477
25 425 0.000579
27 433 0.000252
28 441 0.000363
29 451 0.000419
31 464 0.000446
32 469 0.000161
33 470 6.7e-05
34 475 0.000209
35 479 0.000364
36 487 0.000877
38 492 0.000393
40 495 0.000523
41 503 0.00068
42 513 0.000972
44 514 0.00016
45 515 0.000416
46 520 0.000699
47 523 0.000492
48 527 0.000407
49 530 0.000584
50 535 0.000481
51 538 0.001767
52 540 0.000602
53 542 0.000271
54 544 0.000453
55 546 0.000858
56 548 0.000857
57 549 9.7e-05
58 553 0.000588
59 556 0.000297
60 560 0.000657
61 561 5.1e-05
62 562 0.0005
63 565 0.000792
64 566 0.000231
65 567 0.000255
69 568 0.001087
70 569 0.000561
72 572 0.000441
75 573 0.00155
76 574 0.011769
80 577 0.002639
81 580 0.000827
85 583 0.001333
86 584 0.000601
87 585 0.000151
88 586 0.001315
90 588 0.001758
91 603 0.002741
94 607 0.000919
96 610 0.000762
99 611 0.001983
100 613 0.000749
102 614 0.000913
106 615 0.002862
108 616 0.001753
110 617 0.001225
114 618 0.002913
116 619 0.000633
117 623 0.002214
125 624 0.002525
126 625 0.000751
127 626 0.001208
129 627 0.001127
134 628 0.002693
136 629 0.001157
140 630 0.002227
142 631 0.001498
146 639 0.005042
147 641 0.000329
148 642 0.000426
150 643 0.001391
153 644 0.001068
159 645 0.002551
164 646 0.001322
165 647 0.000416
170 648 0.00337
171 649 0.001156
172 651 0.000445
175 652 0.000787
176 653 0.000789
177 654 0.000246
178 655 0.000586
180 656 0.000862
194 659 0.006646
195 661 0.000607
197 662 0.000267
215 663 0.008431
