1 675 0.031716 0 0 0 16.2338 0
2 1464 0.005384 0 0 0 35.2092 0
3 2043 0.00566 0 0 0 49.1342 0
4 2317 0.002645 0 0 0 55.7239 0
5 2494 0.001832 0 0 0 59.9808 0
6 2584 0.001099 0 0 0 62.1453 0
7 2613 0.000418 0 0 0 62.8427 0
10 2825 0.003522 0 0 0 67.9413 0
11 2831 0.000173 0 0 0 68.0856 0
12 3066 0.002969 0 0 0 73.7374 0
13 3093 0.000374 0 0 0 74.3867 0
14 3180 0.001504 0 0 0 76.4791 0
15 3200 0.000422 0 0 0 76.9601 0
16 3310 0.002414 0 0 0 79.6056 0
17 3313 9.8e-05 0 0 0 79.6777 0
18 3391 0.001732 0 0 0 81.5536 0
19 3428 0.001751 0 0 0 82.4435 0
20 3461 0.001102 0 0 0 83.2371 0
21 3463 6.7e-05 0 0 0 83.2852 0
22 3498 0.001904 0 0 0 84.127 0
23 3523 0.001277 0 0 0 84.7282 0
25 3547 0.001261 0 0 0 85.3054 0
27 3564 0.000663 0 0 0 85.7143 0
28 3573 0.000533 0 0 0 85.9307 0
29 3580 0.000428 0 0 0 86.0991 0
30 3607 0.001313 0 0 0 86.7484 0
31 3609 0.000416 0 0 0 86.7965 0
32 3619 0.001444 0 0 0 87.037 0
33 3648 0.001227 0 0 0 87.7345 0
35 3652 0.000576 0 0 0 87.8307 0
36 3656 0.000528 0 0 0 87.9269 0
37 3660 0.000386 0 0 0 88.0231 0
38 3667 0.000605 0 0 0 88.1914 0
39 3669 0.000236 0 0 0 88.2395 0
40 3689 0.001124 0 0 0 88.7205 0
41 3690 0.000175 0 0 0 88.7446 0
42 3697 0.000579 0 0 0 88.9129 0
43 3731 0.001814 0 0 0 89.7306 0
46 3742 0.000587 0 0 0 89.9952 0
47 3745 0.000936 0 0 0 90.0673 0
50 3750 0.002634 0 0 0 90.1876 0
56 3752 0.000526 0 0 0 90.2357 0
59 3755 0.000593 0 0 0 90.3078 0
60 3756 0.000521 0 0 0 90.3319 0
61 3765 0.000953 0 0 0 90.5483 0
63 3774 0.001615 0 0 0 90.7648 0
67 3790 0.000896 0 0 0 91.1496 0
68 3811 0.001191 0 0 0 91.6546 0
69 3813 0.000394 0 0 0 91.7027 0
72 3845 0.00425 0 0 0 92.4723 0
87 3858 0.001694 0 0 0 92.785 0
91 3866 0.002511 0 0 0 92.9774 0
102 3867 0.000791 0 0 0 93.0014 0
104 3870 0.002105 0 0 0 93.0736 0
111 3871 0.00049 0 0 0 93.0976 0
112 3872 0.003322 0 0 0 93.1217 0
126 3877 0.00061 0 0 0 93.2419 0
130 3878 0.001057 0 0 0 93.266 0
134 3879 0.002623 0 0 0 93.29 0
144 3881 0.000381 0 0 0 93.3381 0
145 3882 0.005641 0 0 0 93.3622 0
159 3884 0.001248 0 0 0 93.4103 0
160 3885 0.003575 0 0 0 93.4343 0
172 3891 0.008944 0 0 0 93.5786 0
203 3901 0.009354 0 0 0 93.8191 0
227 3921 0.00611 0 0 0 94.3001 0
235 4158 0.014385 300 0.453343 1.82886 100 7
