1 0 0 0 nan nan 0 1
5 3046 0.076005 0 1 nan 30.46 2
7 3047 0 1 0.999672 1 30.47 2
8 3991 0.032604 1 0.763217 1 39.91 2
10 3997 0.000302 1 0.762072 1.00631 39.97 3
11 4466 0.037472 2 0.682042 1.27817 44.66 3
13 4472 0.000359 2 0.681127 1.28191 44.72 3
14 4733 0.025818 3 0.643566 1.43509 47.33 3
15 4734 0 3 0.643431 1.43602 47.34 3
16 4736 0.000135 3 0.643159 1.43728 47.36 3
17 4932 0.019085 3 0.617599 1.54666 49.32 3
19 4935 0.000268 3 0.617224 1.54791 49.35 3
20 5083 0.015397 3 0.599252 1.62003 50.83 3
22 5088 0.000914 3 0.598664 1.6239 50.88 3
23 5187 0.017035 4 0.587237 1.67492 51.87 4
25 5192 0.000744 4 0.586672 1.67801 51.92 4
26 5254 0.013274 4 0.579749 1.71286 52.54 4
28 5258 0.000577 4 0.579308 1.71474 52.58 4
29 5310 0.011912 4 0.573635 1.74382 53.1 4
31 5322 0.001105 4 0.572341 1.75088 53.22 4
32 5369 0.012 4 0.567331 1.77658 53.69 4
34 5372 0.000324 4 0.567014 1.77773 53.72 4
35 5407 0.009719 4 0.563344 1.79543 54.07 4
37 5412 0.001297 4 0.562823 1.79882 54.12 4
38 5443 0.00811 4 0.559618 1.8156 54.43 4
39 5444 0 4 0.559515 1.8161 54.44 4
40 5449 0.000901 4 0.559002 1.81814 54.49 4
41 5477 0.008969 4 0.556144 1.83258 54.77 4
43 5478 0 4 0.556042 1.83306 54.78 4
44 5508 0.008544 4 0.553014 1.85215 55.08 4
45 5509 0 4 0.552913 1.85343 55.09 4
47 5528 0.007585 5 0.551013 1.86301 55.28 4
49 5535 0.002125 5 0.550316 1.86661 55.35 4
50 5536 2.5e-05 5 0.550217 1.86747 55.36 4
