1 25709 0.523555 0 0 0 7.67747 0
2 63035 0.162768 0 0 0 18.8241 0
3 112521 0.271598 0 0 0 33.6021 0
4 169349 0.403394 0 0 0 50.5726 0
5 221187 0.453841 0 0 0 66.053 0
6 241076 0.295964 0 0 0 71.9924 0
7 255367 0.280051 0 0 0 76.2601 0
8 265684 0.238561 0 0 0 79.3411 0
9 273033 0.20227 0 0 0 81.5357 0
10 278611 0.184349 0 0 0 83.2015 0
11 282755 0.162767 0 0 0 84.439 0
12 286098 0.150925 0 0 0 85.4373 0
13 288687 0.140012 0 0 0 86.2105 0
14 290796 0.121107 0 0 0 86.8403 0
15 292512 0.110773 0 0 0 87.3527 0
16 293893 0.100989 0 0 0 87.7651 0
17 295063 0.094383 0 0 0 88.1145 0
18 296066 0.09703 0 0 0 88.4141 0
19 296924 0.088624 0 0 0 88.6703 0
20 297623 0.08093 0 0 0 88.879 0
21 298272 0.07904 0 0 0 89.0728 0
22 298883 0.074617 0 0 0 89.2553 0
23 299439 0.075024 0 0 0 89.4213 0
24 299880 0.070945 0 0 0 89.553 0
25 300313 0.066669 0 0 0 89.6823 0
26 300713 0.06546 0 0 0 89.8018 0
27 301059 0.066289 0 0 0 89.9051 0
28 301382 0.060538 0 0 0 90.0016 0
29 301672 0.061272 0 0 0 90.0882 0
30 301960 0.062416 0 0 0 90.1742 0
31 302221 0.054061 0 0 0 90.2521 0
32 302419 0.056153 0 0 0 90.3113 0
33 302650 0.054603 0 0 0 90.3802 0
34 302848 0.052871 0 0 0 90.4394 0
35 303072 0.052455 0 0 0 90.5063 0
36 303245 0.054748 0 0 0 90.5579 0
37 303410 0.050558 0 0 0 90.6072 0
38 303563 0.050608 0 0 0 90.6529 0
39 303690 0.050931 0 0 0 90.6908 0
40 303855 0.052695 0 0 0 90.7401 0
41 303976 0.049205 0 0 0 90.7762 0
42 304098 0.050801 0 0 0 90.8127 0
43 304224 0.046844 0 0 0 90.8503 0
44 304328 0.051796 0 0 0 90.8813 0
45 304434 0.046418 0 0 0 90.913 0
46 304540 0.050725 0 0 0 90.9447 0
47 304651 0.042971 0 0 0 90.9778 0
48 304736 0.046653 0 0 0 91.0032 0
49 304827 0.046213 0 0 0 91.0304 0
50 304914 0.044787 0 0 0 91.0563 0
51 305022 0.042663 0 0 0 91.0886 0
52 305107 0.042225 0 0 0 91.114 0
53 305187 0.046909 0 0 0 91.1379 0
54 305254 0.043829 0 0 0 91.1579 0
55 305346 0.041878 0 0 0 91.1854 0
56 305414 0.046316 0 0 0 91.2057 0
57 305477 0.04241 0 0 0 91.2245 0
58 305537 0.044221 0 0 0 91.2424 0
59 305617 0.045646 0 0 0 91.2663 0
60 305691 0.044015 0 0 0 91.2884 0
61 305739 0.040276 0 0 0 91.3027 0
62 305793 0.041345 0 0 0 91.3188 0
63 305845 0.043618 0 0 0 91.3344 0
64 305891 0.038844 0 0 0 91.3481 0
65 305941 0.043721 0 0 0 91.363 0
66 305988 0.040524 0 0 0 91.3771 0
67 306052 0.044081 0 0 0 91.3962 0
68 306103 0.042666 0 0 0 91.4114 0
69 306152 0.042868 0 0 0 91.426 0
70 306195 0.039114 0 0 0 91.4389 0
71 306243 0.038323 0 0 0 91.4532 0
72 306283 0.039727 0 0 0 91.4652 0
73 306322 0.043424 0 0 0 91.4768 0
74 306365 0.039536 0 0 0 91.4897 0
75 306401 0.039251 0 0 0 91.5004 0
76 306430 0.040643 0 0 0 91.5091 0
77 306457 0.039313 0 0 0 91.5171 0
78 306503 0.036572 0 0 0 91.5309 0
79 306543 0.042699 0 0 0 91.5428 0
80 306589 0.036311 0 0 0 91.5565 0
81 306612 0.037037 0 0 0 91.5634 0
82 306639 0.040922 0 0 0 91.5715 0
83 306659 0.038509 0 0 0 91.5775 0
84 306704 0.039579 0 0 0 91.5909 0
85 306740 0.039119 0 0 0 91.6016 0
86 306762 0.037263 0 0 0 91.6082 0
87 306795 0.038132 0 0 0 91.6181 0
88 306815 0.037942 0 0 0 91.624 0
89 306839 0.03713 0 0 0 91.6312 0
90 306868 0.038532 0 0 0 91.6399 0
91 306899 0.039414 0 0 0 91.6491 0
92 306920 0.034332 0 0 0 91.6554 0
93 306936 0.039854 0 0 0 91.6602 0
94 306951 0.036522 0 0 0 91.6647 0
95 306980 0.038792 0 0 0 91.6733 0
96 307010 0.037406 0 0 0 91.6823 0
97 307033 0.035077 0 0 0 91.6891 0
98 307049 0.034891 0 0 0 91.6939 0
99 307066 0.03815 0 0 0 91.699 0
100 307087 0.035486 0 0 0 91.7053 0
101 307121 0.040789 0 0 0 91.7154 0
102 307146 0.046906 0 0 0 91.7229 0
103 307160 0.025891 0 0 0 91.7271 0
104 307182 0.039841 0 0 0 91.7336 0
105 307199 0.035434 0 0 0 91.7387 0
106 307218 0.04028 0 0 0 91.7444 0
107 307239 0.040854 0 0 0 91.7507 0
108 307259 0.03099 0 0 0 91.7566 0
109 307284 0.041273 0 0 0 91.7641 0
110 307300 0.034483 0 0 0 91.7689 0
111 307313 0.033468 0 0 0 91.7728 0
112 307335 0.040456 0 0 0 91.7793 0
113 307351 0.031845 0 0 0 91.7841 0
114 307365 0.036941 0 0 0 91.7883 0
115 307394 0.03326 0 0 0 91.7969 0
116 307417 0.040055 0 0 0 91.8038 0
117 307438 0.034045 0 0 0 91.8101 0
118 307454 0.032779 0 0 0 91.8149 0
119 307476 0.036763 0 0 0 91.8214 0
120 307499 0.036653 0 0 0 91.8283 0
121 307513 0.042377 0 0 0 91.8325 0
122 307523 0.022847 0 0 0 91.8355 0
123 307539 0.043486 0 0 0 91.8402 0
124 307550 0.030082 0 0 0 91.8435 0
125 307566 0.036104 0 0 0 91.8483 0
126 307580 0.038157 0 0 0 91.8525 0
127 307594 0.030181 0 0 0 91.8567 0
128 307615 0.038618 0 0 0 91.8629 0
129 307642 0.042804 0 0 0 91.871 0
130 307653 0.048444 0 0 0 91.8743 0
131 307660 0.022538 0 0 0 91.8764 0
132 307675 0.044129 0 0 0 91.8809 0
133 307690 0.030068 0 0 0 91.8853 0
134 307699 0.031193 0 0 0 91.888 0
135 307707 0.034952 0 0 0 91.8904 0
136 307717 0.039765 0 0 0 91.8934 0
137 307741 0.032338 0 0 0 91.9006 0
138 307747 0.048225 0 0 0 91.9024 0
139 307757 0.026274 0 0 0 91.9053 0
140 307765 0.034004 0 0 0 91.9077 0
141 307777 0.038208 0 0 0 91.9113 0
142 307782 0.036836 0 0 0 91.9128 0
143 307799 0.034295 0 0 0 91.9179 0
144 307816 0.035679 0 0 0 91.923 0
145 307831 0.034583 0 0 0 91.9274 0
146 307837 0.030066 0 0 0 91.9292 0
147 307851 0.039046 0 0 0 91.9334 0
148 307869 0.040854 0 0 0 91.9388 0
149 307883 0.039914 0 0 0 91.943 0
150 307890 0.037522 0 0 0 91.9451 0
151 307898 0.040657 0 0 0 91.9475 0
152 307914 0.029663 0 0 0 91.9522 0
153 307918 0.035319 0 0 0 91.9534 0
154 307924 0.036764 0 0 0 91.9552 0
155 307933 0.033235 0 0 0 91.9579 0
156 307942 0.03406 0 0 0 91.9606 0
157 307953 0.046753 0 0 0 91.9639 0
158 307958 0.028447 0 0 0 91.9654 0
159 307961 0.034337 0 0 0 91.9663 0
160 307969 0.034067 0 0 0 91.9687 0
161 307973 0.036335 0 0 0 91.9699 0
162 307985 0.042766 0 0 0 91.9734 0
163 307988 0.029308 0 0 0 91.9743 0
164 307999 0.039267 0 0 0 91.9776 0
165 308006 0.035457 0 0 0 91.9797 0
166 308020 0.044928 0 0 0 91.9839 0
167 308029 0.031397 0 0 0 91.9866 0
168 308033 0.028341 0 0 0 91.9878 0
169 308037 0.058149 0 0 0 91.989 0
170 308039 0.011726 0 0 0 91.9896 0
171 308051 0.038308 0 0 0 91.9931 0
172 308054 0.037017 0 0 0 91.994 0
173 308072 0.049731 0 0 0 91.9994 0
174 308076 0.025653 0 0 0 92.0006 0
175 308082 0.032421 0 0 0 92.0024 0
176 308085 0.03089 0 0 0 92.0033 0
177 308097 0.034608 0 0 0 92.0069 0
178 308113 0.054629 0 0 0 92.0117 0
179 308115 0.019833 0 0 0 92.0123 0
180 308119 0.033419 0 0 0 92.0135 0
181 308127 0.031164 0 0 0 92.0158 0
182 308136 0.036244 0 0 0 92.0185 0
183 308145 0.040124 0 0 0 92.0212 0
184 308151 0.026461 0 0 0 92.023 0
185 308162 0.054093 0 0 0 92.0263 0
186 308165 0.020055 0 0 0 92.0272 0
187 308170 0.028945 0 0 0 92.0287 0
188 308176 0.037952 0 0 0 92.0305 0
189 308186 0.031759 0 0 0 92.0335 0
190 308200 0.036347 0 0 0 92.0376 0
191 308205 0.031005 0 0 0 92.0391 0
192 308212 0.032582 0 0 0 92.0412 0
193 308227 0.03766 0 0 0 92.0457 0
194 308238 0.046215 0 0 0 92.049 0
195 308241 0.023966 0 0 0 92.0499 0
196 308247 0.035163 0 0 0 92.0517 0
197 308255 0.03707 0 0 0 92.0541 0
198 308259 0.03596 0 0 0 92.0553 0
199 308265 0.035593 0 0 0 92.0571 0
200 308272 0.0392 0 0 0 92.0591 0
201 308277 0.035638 0 0 0 92.0606 0
202 308284 0.049581 0 0 0 92.0627 0
203 308286 0.020225 0 0 0 92.0633 0
204 308292 0.03319 0 0 0 92.0651 0
205 308309 0.037743 0 0 0 92.0702 0
206 308311 0.03655 0 0 0 92.0708 0
207 308318 0.023206 0 0 0 92.0729 0
208 308339 0.039673 0 0 0 92.0791 0
209 308349 0.040483 0 0 0 92.0821 0
210 308352 0.030767 0 0 0 92.083 0
211 308353 0.036711 0 0 0 92.0833 0
212 308361 0.035898 0 0 0 92.0857 0
213 308365 0.027901 0 0 0 92.0869 0
214 308372 0.048536 0 0 0 92.089 0
215 308379 0.034473 0 0 0 92.0911 0
216 308384 0.037283 0 0 0 92.0926 0
217 308389 0.060024 0 0 0 92.0941 0
218 308391 0.008633 0 0 0 92.0947 0
219 308398 0.045335 0 0 0 92.0968 0
220 308406 0.031385 0 0 0 92.0992 0
221 308412 0.033533 0 0 0 92.1009 0
222 308417 0.039541 0 0 0 92.1024 0
223 308423 0.040142 0 0 0 92.1042 0
224 308429 0.053459 0 0 0 92.106 0
225 308432 0.023508 0 0 0 92.1069 0
226 308439 0.02225 0 0 0 92.109 0
227 308441 0.040118 0 0 0 92.1096 0
228 308444 0.033687 0 0 0 92.1105 0
229 308452 0.03693 0 0 0 92.1129 0
230 308459 0.034351 0 0 0 92.115 0
231 308464 0.036745 0 0 0 92.1165 0
232 308469 0.039491 0 0 0 92.118 0
233 308477 0.042143 0 0 0 92.1204 0
234 308487 0.024844 0 0 0 92.1233 0
235 308491 0.056343 0 0 0 92.1245 0
236 308494 0.033205 0 0 0 92.1254 0
237 308495 0.018272 0 0 0 92.1257 0
238 308501 0.045026 0 0 0 92.1275 0
239 308502 0.042282 0 0 0 92.1278 0
240 308505 0.024235 0 0 0 92.1287 0
241 308507 0.036271 0 0 0 92.1293 0
242 308509 0.04273 0 0 0 92.1299 0
243 308511 0.028788 0 0 0 92.1305 0
244 308512 0.04886 0 0 0 92.1308 0
245 308516 0.029514 0 0 0 92.132 0
246 308526 0.033245 0 0 0 92.135 0
247 308546 0.03762 0 0 0 92.141 0
248 308549 0.0406 0 0 0 92.1419 0
249 308555 0.043915 0 0 0 92.1437 0
250 308558 0.022714 0 0 0 92.1445 0
251 308563 0.041433 0 0 0 92.146 0
252 308564 0.060651 0 0 0 92.1463 0
253 308565 0.006825 0 0 0 92.1466 0
254 308569 0.03292 0 0 0 92.1478 0
255 308573 0.062194 0 0 0 92.149 0
256 308577 0.01263 0 0 0 92.1502 0
257 308586 0.092391 0 0 0 92.1529 0
259 308588 0.032995 0 0 0 92.1535 0
260 308591 0.020066 0 0 0 92.1544 0
261 308600 0.037256 0 0 0 92.1571 0
262 308602 0.030768 0 0 0 92.1577 0
263 308605 0.035185 0 0 0 92.1586 0
264 308607 0.047354 0 0 0 92.1592 0
265 308610 0.029312 0 0 0 92.1601 0
266 308614 0.044292 0 0 0 92.1613 0
267 308615 0.026355 0 0 0 92.1616 0
268 308616 0.022803 0 0 0 92.1619 0
269 308624 0.02465 0 0 0 92.1643 0
270 308626 0.067193 0 0 0 92.1649 0
271 308627 0.015375 0 0 0 92.1652 0
272 308630 0.029419 0 0 0 92.166 0
273 308635 0.04174 0 0 0 92.1675 0
274 308637 0.04222 0 0 0 92.1681 0
275 308640 0.028286 0 0 0 92.169 0
276 308646 0.055301 0 0 0 92.1708 0
277 308647 0.022533 0 0 0 92.1711 0
278 308656 0.051736 0 0 0 92.1738 0
279 308661 0.066407 0 0 0 92.1753 0
281 308662 0.05913 0 0 0 92.1756 0
283 308663 0.030489 0 0 0 92.1759 0
284 308667 0.04322 0 0 0 92.1771 0
285 308672 0.035087 0 0 0 92.1786 0
286 308673 0.033346 0 0 0 92.1789 0
287 308676 0.021075 0 0 0 92.1798 0
288 308681 0.059894 0 0 0 92.1813 0
289 308682 0.02138 0 0 0 92.1816 0
290 308690 0.044418 0 0 0 92.184 0
291 308695 0.026335 0 0 0 92.1855 0
292 308705 0.059155 0 0 0 92.1884 0
293 308706 0.01871 0 0 0 92.1887 0
294 308707 0.055638 0 0 0 92.189 0
295 308708 0.009449 0 0 0 92.1893 0
296 308710 0.032318 0 0 0 92.1899 0
297 308722 0.095782 0 0 0 92.1935 0
299 308724 0.011857 0 0 0 92.1941 0
300 308725 0.023185 0 0 0 92.1944 0
301 308731 0.044459 0 0 0 92.1962 0
302 308733 0.046716 0 0 0 92.1968 0
303 308734 0.052786 0 0 0 92.1971 0
305 308736 0.060142 0 0 0 92.1977 0
307 308743 0.057743 0 0 0 92.1998 0
308 308745 0.069505 0 0 0 92.2004 0
310 308746 0.03201 0 0 0 92.2007 0
311 308748 0.022674 0 0 0 92.2013 0
312 308749 0.03111 0 0 0 92.2016 0
313 308753 0.099055 0 0 0 92.2028 0
316 308759 0.033585 0 0 0 92.2046 0
317 308760 0.029559 0 0 0 92.2049 0
318 308762 0.041553 0 0 0 92.2055 0
319 308764 0.054958 0 0 0 92.2061 0
320 308766 0.06806 0 0 0 92.2067 0
323 308767 0.026299 0 0 0 92.207 0
324 308770 0.03201 0 0 0 92.2079 0
325 308774 0.041971 0 0 0 92.2091 0
326 308777 0.091585 0 0 0 92.2099 0
329 308782 0.036362 0 0 0 92.2114 0
330 308783 0.029919 0 0 0 92.2117 0
331 308788 0.028595 0 0 0 92.2132 0
332 308792 0.0543 0 0 0 92.2144 0
333 308793 0.018877 0 0 0 92.2147 0
334 308795 0.087124 0 0 0 92.2153 0
336 308797 0.038911 0 0 0 92.2159 0
337 308798 0.012983 0 0 0 92.2162 0
338 308804 0.095791 0 0 0 92.218 0
340 308805 0.137451 0 0 0 92.2183 0
344 308808 0.09578 0 0 0 92.2192 0
346 308811 0.026999 0 0 0 92.2201 0
347 308816 0.036284 0 0 0 92.2216 0
348 308824 0.048763 0 0 0 92.224 0
349 308827 0.080777 0 0 0 92.2249 0
351 308828 0.057668 0 0 0 92.2252 0
353 308830 0.032359 0 0 0 92.2258 0
354 308841 0.060235 0 0 0 92.2291 0
355 308843 0.01223 0 0 0 92.2297 0
356 308873 0.058301 0 0 0 92.2386 0
357 308875 0.058049 0 0 0 92.2392 0
359 308878 0.087538 0 0 0 92.2401 0
360 308879 0.003522 0 0 0 92.2404 0
362 308907 0.133045 0 0 0 92.2488 0
365 308908 0.029737 0 0 0 92.2491 0
366 308911 0.018487 0 0 0 92.25 0
367 308922 0.102705 0 0 0 92.2532 0
369 308924 0.014573 0 0 0 92.2538 0
370 308928 0.072674 0 0 0 92.255 0
372 308929 0.085892 0 0 0 92.2553 0
374 308931 0.02646 0 0 0 92.2559 0
375 308933 0.090856 0 0 0 92.2565 0
377 308935 0.014857 0 0 0 92.2571 0
378 308936 0.046972 0 0 0 92.2574 0
379 308940 0.030845 0 0 0 92.2586 0
380 308942 0.026845 0 0 0 92.2592 0
381 308947 0.06676 0 0 0 92.2607 0
383 308957 0.038913 0 0 0 92.2637 0
384 308959 0.022233 0 0 0 92.2643 0
385 308971 0.105972 0 0 0 92.2679 0
387 308972 0.014408 0 0 0 92.2682 0
388 308974 0.054019 0 0 0 92.2688 0
389 308976 0.0161 0 0 0 92.2694 0
390 308980 0.077748 0 0 0 92.2706 0
392 308983 0.033737 0 0 0 92.2715 0
393 308984 0.053947 0 0 0 92.2718 0
394 308985 0.01267 0 0 0 92.2721 0
395 308987 0.031651 0 0 0 92.2727 0
396 308991 0.070292 0 0 0 92.2739 0
397 308992 0.028768 0 0 0 92.2742 0
398 308993 0.044475 0 0 0 92.2745 0
400 308997 0.097792 0 0 0 92.2756 0
403 309003 0.123172 0 0 0 92.2774 0
406 309004 0.029187 0 0 0 92.2777 0
407 309005 0.019525 0 0 0 92.278 0
408 309006 0.10663 0 0 0 92.2783 0
411 309007 0.042265 0 0 0 92.2786 0
412 309014 0.040811 0 0 0 92.2807 0
413 309016 0.052892 0 0 0 92.2813 0
414 309017 0.029497 0 0 0 92.2816 0
415 309023 0.059317 0 0 0 92.2834 0
416 309026 0.097309 0 0 0 92.2843 0
418 309027 0.055002 0 0 0 92.2846 0
421 309028 0.067355 0 0 0 92.2849 0
423 309030 0.055238 0 0 0 92.2855 0
424 309031 0.009681 0 0 0 92.2858 0
425 309033 0.03033 0 0 0 92.2864 0
426 309035 0.033172 0 0 0 92.287 0
427 309037 0.052198 0 0 0 92.2876 0
428 309039 0.089275 0 0 0 92.2882 0
431 309043 0.048552 0 0 0 92.2894 0
432 309052 0.041416 0 0 0 92.2921 0
433 309055 0.138486 0 0 0 92.293 0
437 309056 0.029876 0 0 0 92.2933 0
438 309061 0.04377 0 0 0 92.2948 0
439 309063 0.060391 0 0 0 92.2954 0
440 309064 0.11928 0 0 0 92.2957 0
444 309066 0.050484 0 0 0 92.2963 0
445 309068 0.019318 0 0 0 92.2968 0
446 309070 0.052021 0 0 0 92.2974 0
447 309071 0.043067 0 0 0 92.2977 0
448 309073 0.094228 0 0 0 92.2983 0
451 309074 0.143997 0 0 0 92.2986 0
455 309076 0.025916 0 0 0 92.2992 0
456 309111 0.118152 0 0 0 92.3097 0
459 309112 0.103497 0 0 0 92.31 0
461 309113 0.002946 0 0 0 92.3103 0
462 309115 0.107915 0 0 0 92.3109 0
465 309116 0.015773 0 0 0 92.3112 0
466 309127 0.249211 0 0 0 92.3145 0
473 309128 0.079087 0 0 0 92.3148 0
475 309130 0.041959 0 0 0 92.3154 0
477 309137 0.04002 0 0 0 92.3175 0
478 309138 0.083776 0 0 0 92.3178 0
480 309144 0.042344 0 0 0 92.3195 0
481 309146 0.024694 0 0 0 92.3201 0
482 309149 0.045959 0 0 0 92.321 0
483 309150 0.024421 0 0 0 92.3213 0
484 309154 0.044038 0 0 0 92.3225 0
485 309159 0.076189 0 0 0 92.324 0
487 309161 0.072937 0 0 0 92.3246 0
489 309163 0.044379 0 0 0 92.3252 0
490 309171 0.141076 0 0 0 92.3276 0
494 309173 0.043651 0 0 0 92.3282 0
495 309174 0.034658 0 0 0 92.3285 0
496 309175 0.026843 0 0 0 92.3288 0
497 309178 0.071024 0 0 0 92.3297 0
499 309179 0.068443 0 0 0 92.33 0
501 309187 0.049693 0 0 0 92.3324 0
502 309191 0.047186 0 0 0 92.3336 0
503 309193 0.031945 0 0 0 92.3342 0
504 309194 0.044648 0 0 0 92.3345 0
505 309195 0.114762 0 0 0 92.3348 0
508 309197 0.056398 0 0 0 92.3354 0
510 309198 0.23302 0 0 0 92.3357 0
517 309217 0.211367 0 0 0 92.3413 0
523 309224 0.190408 0 0 0 92.3434 0
529 309233 0.192075 0 0 0 92.3461 0
534 309235 0.081186 0 0 0 92.3467 0
536 309238 0.052673 0 0 0 92.3476 0
538 309239 0.10541 0 0 0 92.3479 0
541 309241 0.026958 0 0 0 92.3485 0
542 309278 0.095552 0 0 0 92.3596 0
544 309279 0.050432 0 0 0 92.3599 0
545 309280 0.109296 0 0 0 92.3602 0
546 309281 0.09991 0 0 0 92.3605 0
551 309307 0.06892 0 0 0 92.3682 0
553 309309 0.030228 0 0 0 92.3688 0
554 309311 0.08457 0 0 0 92.3694 0
556 309312 0.041896 0 0 0 92.3697 0
557 309313 0.029526 0 0 0 92.37 0
558 309314 0.01014 0 0 0 92.3703 0
559 309317 0.04984 0 0 0 92.3712 0
560 309319 0.160599 0 0 0 92.3718 0
564 309320 0.047016 0 0 0 92.3721 0
565 309321 0.116927 0 0 0 92.3724 0
568 309322 0.007832 0 0 0 92.3727 0
569 309329 0.122418 0 0 0 92.3748 0
573 309330 0.123678 0 0 0 92.3751 0
576 309331 0.018847 0 0 0 92.3754 0
577 309332 0.060353 0 0 0 92.3757 0
579 309334 0.046965 0 0 0 92.3763 0
580 309335 0.091947 0 0 0 92.3766 0
582 309336 0.25025 0 0 0 92.3769 0
589 309337 0.048515 0 0 0 92.3772 0
590 309339 0.05104 0 0 0 92.3778 0
592 309341 0.205766 0 0 0 92.3784 0
598 309342 0.018651 0 0 0 92.3787 0
599 309343 0.185093 0 0 0 92.379 0
603 309344 0.003539 0 0 0 92.3793 0
604 309345 0.153545 0 0 0 92.3796 0
607 309346 0.240286 0 0 0 92.3799 0
614 309348 0.039364 0 0 0 92.3805 0
615 309349 0.010453 0 0 0 92.3808 0
616 309350 0.043783 0 0 0 92.3811 0
617 309352 0.077324 0 0 0 92.3817 0
619 309355 0.182982 0 0 0 92.3826 0
624 309358 0.382305 0 0 0 92.3835 0
629 309359 0.121122 0 0 0 92.3838 0
639 309360 0.110789 0 0 0 92.384 0
642 309361 0.295518 0 0 0 92.3843 0
649 309362 0.026668 0 0 0 92.3846 0
650 309363 0.092905 0 0 0 92.3849 0
653 309370 0.063396 0 0 0 92.387 0
655 309373 0.16329 0 0 0 92.3879 0
658 309374 0.080315 0 0 0 92.3882 0
661 309375 0.376387 0 0 0 92.3885 0
671 309377 0.12782 0 0 0 92.3891 0
674 309378 0.121897 0 0 0 92.3894 0
677 309379 0.112699 0 0 0 92.3897 0
680 309380 0.091321 0 0 0 92.39 0
683 309384 0.20085 0 0 0 92.3912 0
688 309387 0.108682 0 0 0 92.3921 0
691 309389 0.441616 0 0 0 92.3927 0
703 309390 0.586489 0 0 0 92.393 0
719 309393 0.084518 0 0 0 92.3939 0
722 309395 0.216082 0 0 0 92.3945 0
728 309406 0.065963 0 0 0 92.3978 0
729 309419 0.306936 0 0 0 92.4017 0
738 309421 0.027115 0 0 0 92.4023 0
739 309422 0.064369 0 0 0 92.4026 0
741 309423 0.037144 0 0 0 92.4029 0
742 309424 0.070986 0 0 0 92.4032 0
744 309426 0.089512 0 0 0 92.4038 0
746 309427 0.091719 0 0 0 92.4041 0
749 309429 0.282449 0 0 0 92.4047 0
756 309430 0.15774 0 0 0 92.405 0
761 309432 0.065293 0 0 0 92.4056 0
763 309434 0.084235 0 0 0 92.4061 0
765 309439 0.11394 0 0 0 92.4076 0
768 309441 0.5906 0 0 0 92.4082 0
784 309442 0.081176 0 0 0 92.4085 0
786 309443 0.097824 0 0 0 92.4088 0
789 309445 0.183424 0 0 0 92.4094 0
793 309446 0.214092 0 0 0 92.4097 0
799 309447 0.088644 0 0 0 92.41 0
801 309448 0.123099 0 0 0 92.4103 0
805 309449 0.105266 0 0 0 92.4106 0
808 309450 0.183647 0 0 0 92.4109 0
812 309453 0.046585 0 0 0 92.4118 0
813 309461 0.038034 0 0 0 92.4142 0
814 309467 0.170619 0 0 0 92.416 0
819 309469 0.168477 0 0 0 92.4166 0
823 309470 0.075299 0 0 0 92.4169 0
825 309471 0.172649 0 0 0 92.4172 0
831 309473 0.1233 0 0 0 92.4178 0
834 309474 0.047376 0 0 0 92.4181 0
835 309475 0.079814 0 0 0 92.4184 0
837 309476 0.340687 0 0 0 92.4187 0
847 309477 0.239078 0 0 0 92.419 0
851 309478 0.65388 0 0 0 92.4193 0
870 309480 0.02913 0 0 0 92.4199 0
871 309490 0.074316 0 0 0 92.4229 0
873 309504 0.139421 0 0 0 92.4271 0
877 309519 0.12783 0 0 0 92.4315 0
880 309523 0.124191 0 0 0 92.4327 0
883 309524 0.021496 0 0 0 92.433 0
884 309532 0.622288 0 0 0 92.4354 0
901 309553 0.162881 0 0 0 92.4417 0
905 309554 0.099206 0 0 0 92.442 0
908 309557 0.147876 0 0 0 92.4429 0
912 309558 0.045108 0 0 0 92.4432 0
913 309564 0.220427 0 0 0 92.445 0
919 309566 0.275114 0 0 0 92.4456 0
925 309589 0.174794 0 0 0 92.4524 0
928 309591 0.097587 0 0 0 92.453 0
931 309592 0.267393 0 0 0 92.4533 0
938 309594 0.195612 0 0 0 92.4539 0
944 309599 0.678377 0 0 0 92.4554 0
959 309600 0.090052 0 0 0 92.4557 0
961 309601 0.001438 0 0 0 92.456 0
962 309605 0.218099 0 0 0 92.4572 0
967 309606 0.08661 0 0 0 92.4575 0
970 309609 0.245925 0 0 0 92.4584 0
977 309610 0.021212 0 0 0 92.4587 0
978 309619 0.85224 0 0 0 92.4614 0
999 309620 0.392308 0 0 0 92.4617 0
1010 309622 0.042615 0 0 0 92.4623 0
1011 309623 0.182077 0 0 0 92.4626 0
1012 309624 1.08643 0 0 0 92.4629 0
1044 309625 0.109108 0 0 0 92.4632 0
1047 309629 0.634729 0 0 0 92.4644 0
1064 309630 0.249049 0 0 0 92.4647 0
1074 309632 0.166067 0 0 0 92.4653 0
1078 309633 0.039226 0 0 0 92.4656 0
1080 309634 0.129027 0 0 0 92.4659 0
1083 309635 0.128507 0 0 0 92.4662 0
1086 309636 0.69623 0 0 0 92.4665 0
1107 309637 0.119715 0 0 0 92.4668 0
1110 309638 0.57432 0 0 0 92.4671 0
1126 309641 0.244861 0 0 0 92.468 0
1130 309642 0.043338 0 0 0 92.4683 0
1134 309646 0.533082 0 0 0 92.4695 0
1148 309649 0.360839 0 0 0 92.4704 0
1158 309652 0.196377 0 0 0 92.4712 0
1159 309653 0.120271 0 0 0 92.4715 0
1165 309655 0.019043 0 0 0 92.4721 0
1166 309659 0.077601 0 0 0 92.4733 0
1168 309665 1.29488 0 0 0 92.4751 0
1202 309666 0.020531 0 0 0 92.4754 0
1203 309667 0.269063 0 0 0 92.4757 0
1210 309668 0.122456 0 0 0 92.476 0
1212 309671 0.107956 0 0 0 92.4769 0
1214 309672 0.630473 0 0 0 92.4772 0
1230 309677 0.600394 0 0 0 92.4787 0
1246 309819 0.513759 0 0 0 92.5211 0
1256 309831 0.951617 0 0 0 92.5247 0
1279 309833 0.960681 0 0 0 92.5253 0
1302 309834 0.096905 0 0 0 92.5256 0
1303 309835 0.01281 0 0 0 92.5259 0
1305 309840 0.076777 0 0 0 92.5274 0
1307 309946 0.736137 0 0 0 92.559 0
1321 309954 0.584804 0 0 0 92.5614 0
1336 309955 0.190267 0 0 0 92.5617 0
1341 309956 0.094777 0 0 0 92.562 0
1344 309957 0.604013 0 0 0 92.5623 0
1357 309959 0.339889 0 0 0 92.5629 0
1366 309977 2.37597 0 0 0 92.5683 0
1426 309979 0.231608 0 0 0 92.5689 0
1433 309992 1.39093 0 0 0 92.5728 0
1466 309993 0.00958 0 0 0 92.5731 0
1467 309994 0.922773 0 0 0 92.5734 0
1491 309996 0.130278 0 0 0 92.574 0
1492 309997 0.079308 0 0 0 92.5743 0
1497 309998 0.199004 0 0 0 92.5746 0
1501 309999 0.397787 0 0 0 92.5749 0
1511 310036 0.106285 0 0 0 92.5859 0
1512 310037 0.551021 0 0 0 92.5862 0
1528 310054 0.383982 0 0 0 92.5913 0
1536 310058 0.157544 0 0 0 92.5925 0
1537 310059 1.16272 0 0 0 92.5928 0
1568 310060 0.374846 0 0 0 92.5931 0
1577 310061 0.238728 0 0 0 92.5934 0
1583 310068 0.430992 0 0 0 92.5955 0
1596 310079 0.257979 0 0 0 92.5988 0
1602 310085 0.400189 0 0 0 92.6006 0
1611 310087 1.6159 0 0 0 92.6012 0
1652 310094 1.46354 0 0 0 92.6032 0
1686 310095 1.01262 0 0 0 92.6035 0
