1 675 0.025229 1 1 nan 16.2338 1
2 1464 0.004133 3 0.870219 1.00526 35.2092 1
3 2043 0.003964 4 0.787078 1.07816 49.1342 1
4 2317 0.002367 5 0.745792 1.13413 55.7239 1
5 2494 0.001567 5 0.708901 1.1708 59.9808 1
6 2584 0.000865 5 0.691563 1.19322 62.1453 1
7 2613 0.000299 5 0.685802 1.21072 62.8427 1
10 2825 0.002388 6 0.645664 1.2967 67.9413 1
11 2831 0.000118 6 0.644295 1.30487 68.0856 1
12 3066 0.003741 8 0.603392 1.42434 73.7374 1
13 3093 0.000531 8 0.598448 1.44364 74.3867 1
14 3180 0.001557 10 0.583648 1.47885 76.4791 1
15 3200 0.000345 10 0.580937 1.49664 76.9601 1
16 3310 0.001936 12 0.562538 1.55525 79.6056 1
17 3313 4.8e-05 12 0.562028 1.55824 79.6777 1
18 3391 0.001673 14 0.549985 1.59764 81.5536 1
19 3428 0.000891 15 0.544049 1.6334 82.4435 1
20 3461 0.000885 15 0.539151 1.65455 83.2371 1
21 3463 2.7e-05 15 0.538839 1.65623 83.2852 1
22 3498 0.001377 16 0.534591 1.67506 84.127 1
23 3523 0.001362 16 0.531081 1.70642 84.7282 1
25 3547 0.001142 16 0.52777 1.7206 85.3054 1
27 3564 0.000581 16 0.525533 1.7262 85.7143 1
28 3573 0.000391 17 0.524209 1.72588 85.9307 1
29 3580 0.000454 17 0.523464 1.72743 86.0991 1
30 3607 0.00106 18 0.519545 1.73803 86.7484 1
31 3609 0.000217 18 0.519257 1.73775 86.7965 1
32 3619 0.000725 18 0.517823 1.74097 87.037 1
33 3648 0.001091 18 0.514254 1.73758 87.7345 1
35 3652 0.000369 18 0.513691 1.73761 87.8307 1
36 3656 0.00011 18 0.513129 1.74607 87.9269 1
37 3660 0.000253 18 0.512842 1.74706 88.0231 1
38 3667 0.000566 18 0.511863 1.75978 88.1914 1
39 3669 5.5e-05 18 0.511584 1.76172 88.2395 1
40 3689 0.000823 18 0.509081 1.75704 88.7205 1
41 3690 0 18 0.508943 1.75883 88.7446 1
42 3697 0.000536 18 0.50825 1.76018 88.9129 1
43 3731 0.001866 18 0.503886 1.75959 89.7306 1
46 3742 0.000488 23 0.502405 1.75671 89.9952 1
47 3745 0.000514 23 0.502003 1.76032 90.0673 1
50 3750 0.00063 24 0.501333 1.7631 90.1876 1
56 3752 0.000185 24 0.501066 1.76389 90.2357 1
59 3755 0.000696 24 0.500666 1.76533 90.3078 1
60 3756 0 25 0.500532 1.76706 90.3319 1
61 3765 0.000719 25 0.499602 1.76539 90.5483 1
63 3774 0.001259 25 0.498675 1.76268 90.7648 1
67 3790 0.00091 25 0.496834 1.75773 91.1496 1
68 3811 0.000693 32 0.494096 1.75104 91.6546 1
69 3813 0.000326 32 0.493837 1.75078 91.7027 1
72 3845 0.003735 58 0.490247 1.7449 92.4723 1
87 3858 0.001263 58 0.488595 1.74404 92.785 1
91 3866 0.001827 59 0.487584 1.74508 92.9774 1
102 3867 0 59 0.487458 1.74571 93.0014 1
104 3870 0.001414 61 0.48708 1.74912 93.0736 1
111 3871 0 61 0.486954 1.74924 93.0976 1
112 3872 0 61 0.486829 1.75038 93.1217 1
126 3877 0.000402 61 0.486201 1.75301 93.2419 1
130 3878 0 61 0.486075 1.75464 93.266 1
134 3879 0 61 0.48595 1.75527 93.29 1
144 3881 7.6e-05 61 0.4857 1.75601 93.3381 1
145 3882 0 61 0.485574 1.75663 93.3622 1
159 3884 0.000196 63 0.485324 1.75688 93.4103 1
160 3885 0 64 0.485199 1.757 93.4343 1
172 3891 0.000642 64 0.484451 1.75823 93.5786 1
203 3901 0.00189 64 0.483209 1.7624 93.8191 1
227 3921 0.004784 64 0.480745 1.7613 94.3001 1
235 4158 0.012832 300 0.453343 1.82886 100 7
