12464 0.00272657 8 4
74571 0.000555316 5 6
0 0 2 1
78622 0.000569696 5 7
1892720 0.0139226 13 147
169176 0.00477851 10 10
2399717 0.0154498 17 32
0 0 3 1
4156 4.85067e-05 4 2
53904 0.00171283 8 7
29050 0.000540361 3 2
294782 0.0408354 34 286
2565862 0.00430333 7 61
152637 0.00581622 10 7
0 0 2 1
91148 0.0161325 17 9
693042 0.0114142 25 220
58061 0.00540723 8 5
0 0 1 1
86945 0.00874693 21 20
539608 0.0388218 29 279
0 9.17711e-05 3 1
0 0 2 1
1841615 0.00591512 14 149
2196476 0.00345224 12 107
189601 0.0055067 11 13
8311 0.00198656 4 3
1036834 0.0175016 20 237
0 0 1 1
0 0.000790723 4 1
0 0 2 1
740576 0.0114774 24 245
2087796 0.00325733 13 138
2557906 0.00399961 8 57
24917 0.0018725 6 4
4156 0.000288976 4 2
3743322 0.0250184 18 38
111734 0.00411478 7 8
0 0 1 1
0 0 1 1
1548319 0.0110258 16 156
346120 0.0171043 32 292
16615 0.0103966 9 4
29060 0.00392862 10 5
921670 0.018177 22 244
893449 0.017736 23 241
0 0 1 1
12462 0.00246667 7 2
1594407 0.0064065 16 159
58035 0.00490372 23 12
8311 0.00175213 6 3
0 0 2 1
0 0 2 1
342537 0.0396934 32 292
136092 0.00668645 9 5
24915 0.00235717 7 5
0 0 1 1
4156 0.00191252 4 2
0 0.00128216 3 1
0 0 2 1
20764 0.00329245 6 4
29060 0.000800613 5 4
132156 0.00108595 6 4
12464 0.00144289 4 4
0 0 2 1
0 0 3 1
8310 0.00170725 3 2
515712 0.00771297 30 258
1465752 0.00690025 17 183
16612 0 9 5
238401 0.00772861 25 17
12462 0 9 4
37347 0.0202937 68 326
366207 0.0108071 31 267
205705 0.00725924 15 12
8310 0 9 3
168756 0.00483641 31 27
1819020 0.011533 68 52
4156 0.000957908 5 2
918914 0.00251684 13 18
403400 0.00120238 11 15
918215 0.00215268 22 218
144270 0.00242793 21 15
140467 0.00220763 20 13
74547 0.00553609 25 17
8310 0.000962001 4 3
4156 0 9 2
0 0 9 1
37358 0.00130981 6 4
1115129 0.00735544 20 206
20760 0.000760629 13 6
78705 0.00227076 14 8
608760 0.00350719 27 229
0 0 8 1
0 0 3 1
2568510 0.000262794 7 37
2041572 0.003429 13 134
16618 0.00389935 14 5
2995456 0.00103187 9 28
12462 0.00012514 4 2
2883699 0.0112775 63 60
0 0.0185177 81 331
472680 0.0199475 30 257
24906 0.015541 77 331
936402 0.00192212 22 218
8310 0.000248818 4 2
234462 0.0313646 37 336
0 0 1 1
0 0 2 1
2499012 0.00576835 9 58
0 0 1 1
12465 0.00226814 6 4
20767 0.00174634 6 4
0 0 1 1
0 0 2 1
4156 0.000176902 4 2
66256 0.00311161 18 17
1297780 0.0183002 18 184
4156 0 2 2
0 0.000644425 2 1
8310 0.00140521 4 2
82898 0.0124815 19 14
2299921 0.00359216 11 88
0 0 2 1
0 0 2 1
37346 0.00353155 5 4
20760 0.00162288 7 5
0 0.000879765 2 1
0 0 2 1
0 0 1 1
16612 0.00296324 7 5
0 0 1 1
8310 0 3 3
1599740 0.00693316 16 168
0 0 2 1
8311 0.00240697 6 3
4156 0 3 2
0 0.00307833 5 1
0 0.00515029 4 1
16615 0.00144271 5 5
0 0 1 1
2398436 0.00837988 10 102
0 0 3 1
962546 0.00384195 11 15
1121719 0.0188041 20 209
991362 0.0373601 21 202
1323104 0.0075765 18 197
2518521 0.00571014 18 33
123866 0.00221612 9 8
0 0 2 1
136274 0.00107127 8 7
0 0 4 1
995010 0.00664655 21 197
0 0 2 1
49751 0.000675013 9 4
0 0 5 1
4156 0 2 2
1800496 0.00529199 62 45
1346966 0.00785257 18 192
507391 0.00535981 12 13
24918 0.00286294 10 5
356000 0.00367963 11 10
0 0 1 1
66350 0.00713169 12 9
0 0 5 1
2005120 0.00321878 13 155
8311 0.00040015 4 3
29061 0.0044623 7 4
0 0.000290847 4 1
29050 0.000971454 5 3
0 0 3 1
0 0 2 1
45649 0.00192167 11 8
4156 0 3 2
8310 0.00179005 12 3
1921315 0.00423601 13 157
0 0 2 1
0 0 1 1
8310 0.0002405 3 3
66330 0.00247875 12 11
0 0.000864251 4 1
0 0 1 1
0 0.0007026 3 1
4156 0.0002405 3 2
314456 0.0355355 33 292
140467 0.00316449 7 8
4156 0.00289274 4 2
49760 0.00189317 5 3
3670991 0.00149933 10 24
278873 0.00462417 12 14
0 0 3 1
74549 0.00760099 10 7
45616 0.00202912 6 3
4156 5.55251e-06 3 2
78712 0.00605046 9 7
45616 0.00358815 11 10
0 0 2 1
4156 0 2 2
0 0 2 1
45616 0.000635451 4 3
78706 0.000937507 5 5
566883 0.00690961 8 19
3808659 0.00574123 10 42
4156 0.000328778 4 2
0 0.000798894 3 1
512880 0.0405166 30 286
0 0 2 1
115783 0.00309215 8 6
12464 0.000614185 5 4
16618 0.00216402 7 5
177384 0.00264337 7 8
2173695 0.00807379 12 126
1526656 0.0203881 16 165
29064 0.00430289 10 7
0 0 3 1
4156 0.000481116 2 2
0 0 2 1
33207 0.0021729 7 4
4156 0 3 2
3750892 0.0028319 49 76
16612 0.00157719 7 4
0 0 3 1
124072 0.00349833 8 11
2213936 0.00372506 12 105
2305840 0.00828521 11 109
417478 0.00618165 13 14
1372495 0.0115982 18 197
2450899 0.00780222 10 88
658680 0.0216945 26 237
74562 0.00334985 9 6
37361 0.00378345 12 8
0 0 2 1
12464 0.00112158 6 4
4156 0 2 2
2216212 0.00172434 12 91
0 0 2 1
119960 0.00539445 11 9
2555250 0.000647229 8 47
476915 0.00363226 22 18
616462 0.0156196 26 278
62130 0.000664947 13 5
58035 7.52406e-05 12 6
164680 0.0270183 38 296
33192 0.000167617 19 9
0 0 2 1
0 6.08898e-05 4 1
0 0 11 1
2827364 0.00153978 11 29
70396 0.000324711 14 7
144592 0.00145365 17 12
550740 0.00463397 29 239
605205 0.00842268 27 247
1684864 0.00410273 15 161
4156 0 11 2
468756 0.0138495 30 258
0 5.09537e-05 5 1
973587 0.0158116 21 226
111510 0.00147309 49 287
0 0 42 1
119740 0.00443076 48 268
82740 0.0015075 55 294
78686 0.00409081 56 285
82776 0.000157261 47 18
49740 0.00932468 65 298
58002 2.22462e-07 45 13
169000 0.000112123 49 23
0 0 1 1
99258 0.00688905 54 292
12465 0.000149842 45 4
0 0 43 1
0 0 1 1
66271 0.000481339 46 15
53872 2.22462e-07 45 12
984060 0.00190314 56 33
45606 2.22462e-07 45 10
2842722 0.00194339 49 41
49740 2.22462e-07 45 11
20760 0.0178502 77 327
1793652 0.00125283 48 30
12462 0.00118302 4 3
995517 0.00936134 57 32
37332 2.22462e-07 45 8
128056 0.000592132 46 20
53872 0.00472408 60 306
29050 2.22462e-07 45 6
8310 0.00123097 4 2
45616 0.0286106 66 286
24906 2.22462e-07 45 5
136124 0.0019172 47 21
41470 2.22462e-07 45 9
33192 2.22462e-07 45 7
20764 2.22462e-07 45 4
70380 0.000158935 47 17
16615 0.0153282 79 327
1817824 0.00513123 67 51
99257 0.000113294 48 20
24906 0.00735813 6 3
404136 0.00179024 47 23
2845152 0.0112661 53 45
107406 0.000746927 51 290
995506 0.00337057 56 32
103300 0.0131895 51 298
8311 0.00123752 7 3
0 0 1 1
2843727 0.00746837 31 37
4156 0 4 2
37355 0.011279 16 5
0 0 1 1
0 0.000134522 4 1
0 5.02453e-05 6 1
0 0 4 1
0 0 2 1
20766 0.000489791 5 4
3474427 0.0182128 22 36
1789331 0.00142419 14 148
0 0 3 1
4156 5.57912e-05 5 2
58037 0.000176538 6 5
62130 7.68229e-05 7 4
0 0 4 1
647511 0.0165331 26 241
0 0 1 1
2521276 0.00333083 9 67
173261 0.0016925 22 16
0 0 2 1
0 0 3 1
0 0 3 1
0 0 3 1
0 0 1 1
0 0.000774481 3 1
4156 0 3 2
1082240 0.0161767 20 208
16615 0.000240505 7 4
0 0.000656305 5 1
0 0 5 1
4156 0.000516067 3 2
24911 0.000481179 7 5
0 0 4 1
41487 0.000492835 8 8
41487 0.00106599 8 6
8311 1.88255e-07 7 3
612612 0.00588133 26 232
33205 0.00073953 5 5
1025959 0.00985366 14 23
318162 0.0252809 33 307
29050 0.000240746 8 7
0 0 2 1
2317844 0.00281259 11 109
1002556 0.0108096 21 234
4156 0 2 2
1645744 0.00472627 15 152
3820155 0.0265127 22 42
4156 3.28942e-05 4 2
91127 0.00657072 16 12
0 0.000317966 4 1
0 0 2 1
0 0.00295068 7 1
3830454 0.0207966 22 49
4156 0.000766704 3 2
0 0 5 1
4156 0.000125441 6 2
426759 0.0262986 31 298
0 0 2 1
519612 0.0272338 30 281
234577 0.00332402 11 11
0 0 1 1
0 0 3 1
585751 0.0252219 28 267
959647 0.0144884 22 230
8310 0.00201648 5 3
4156 0.000686002 3 2
4156 0.00970787 8 2
1700620 0.00902619 15 173
655015 0.0180889 26 243
1408020 0.00880068 17 203
4156 0.000854553 5 2
24915 0.00182283 8 7
0 0 2 1
41493 0.000942778 8 4
4156 1.19928e-05 3 2
0 0 1 1
0 0 1 1
74534 0.00137635 7 5
4156 0.000396964 4 2
0 0 3 1
867482 0.00787897 12 16
148724 0.0039352 13 14
0 0 3 1
1384444 0.0109639 18 187
62144 0.00671456 5 4
4156 0 6 2
0 0 6 1
82740 0.00387593 6 4
0 0 3 1
681776 0.0241781 25 260
1336953 0.00551978 18 183
911516 0.0119426 23 225
1576170 0.00893026 16 175
33192 0.00181362 7 5
3436134 0.000523383 9 21
37352 0.00244504 9 8
12464 0.000269855 9 4
4156 0 3 2
0 0 1 1
0 0.00107312 4 1
0 0 2 1
53905 0.00110187 7 7
0 0 1 1
1962944 0.00633136 13 130
0 0 1 1
1922310 0.00820546 13 134
12465 0.00116481 6 4
0 0 1 1
0 0 2 1
0 0 1 1
1402657 0.00473182 17 187
834049 0.00686534 24 241
1231994 0.00992813 19 200
0 1.37181e-05 6 1
4156 0 3 2
8310 0 3 3
0 0 3 1
0 0.000168658 3 1
2476076 0.0039039 10 75
4156 0 3 2
0 0 3 1
0 0 3 1
58061 0.000403881 16 13
33207 0.00285461 6 5
24906 0.000196505 9 5
4156 1.52618e-05 7 2
181333 0.00262392 9 9
103300 0.00241786 16 17
8311 0.00148531 7 3
24911 0.00675657 10 4
45642 0.00175774 15 12
8310 0.000769498 8 3
0 0 3 1
193261 0.00357314 10 11
0 0 1 1
0 0 1 1
0 0 5 1
4156 0 5 2
99347 0.00107715 15 17
0 0 4 1
578015 0.0092833 28 258
4156 0 4 2
1476661 0.0054125 17 173
20766 0.000552223 5 5
12465 0.00067791 5 4
0 0 3 1
4156 0 4 2
741566 0.0206808 26 32
0 0.000733725 4 1
156894 0.00187345 12 9
0 0 1 1
8310 0.000409546 3 2
12464 0.000344102 5 3
91123 0.00369724 11 8
189391 0.00186508 16 12
674470 0.0257126 25 265
0 2.97911e-05 4 1
1222683 0.00739864 19 201
45625 0.00180144 8 5
4156 0.000618589 4 2
29056 0.00116678 5 4
0 0 2 1
0 0 4 1
1957335 0.00606288 13 130
0 0 3 1
49769 0.00434645 12 9
0 0 2 1
0 0 4 1
0 0 1 1
0 0 3 1
12464 0.00800351 10 4
4156 2.97787e-05 3 2
4156 0.000481174 3 2
0 0 2 1
4156 0 2 2
74575 0.00455226 11 8
0 0 2 1
0 0.000129881 2 1
0 0 1 1
4156 0 2 2
550521 0.00172501 8 18
2041933 0.00326572 13 139
0 0.000185726 3 1
0 0.000664945 3 1
1648572 0.0098926 15 181
20760 0 17 6
4156 0.000759057 3 2
24906 0 17 7
1610061 0.0107556 15 181
41479 0.00295843 22 11
24906 0.000952109 9 2
29050 0 17 8
16612 0 17 5
2103898 0.00586364 12 118
1069703 0.0172472 20 213
2516637 0.00327135 9 70
12462 0 17 4
8310 0 17 3
4156 0 17 2
0 0.0028007 5 1
8310 0.00170772 8 3
0 0 17 1
24917 0.00140056 8 5
8310 0.000248005 3 2
8310 0.00230477 7 3
2541940 0.00390538 9 66
16615 0.00192342 5 3
326239 0.00405602 13 14
0 0.000501 3 1
0 0 2 1
4156 0.00158342 4 2
0 0 2 1
1837081 0.00704597 14 163
103450 0.00719243 16 17
465792 0.0122725 30 269
20766 0.000403654 13 3
635905 0.0015833 17 9
95158 0.00362469 7 5
4156 0 6 2
0 0 8 1
16615 0.000538022 8 5
0 0 2 1
746359 0.00173389 24 235
1549602 0.00118661 16 173
0 9.39247e-06 7 1
0 0 7 1
16618 0.00409303 14 5
0 0 4 1
1085560 0.0120853 20 220
8310 1.74278e-05 9 3
4156 1.44705e-08 9 2
1435260 0.0099615 17 186
0 0 6 1
803855 0.0189941 24 241
41470 0.00242461 8 6
156522 0.0239694 44 288
4156 5.55259e-05 6 2
1284191 0.00132515 18 200
70380 0.000663913 10 5
0 0 6 1
12464 0.00045245 9 4
0 0 2 1
0 0 3 1
4156 0.00103467 3 2
8311 7.71762e-08 5 3
29050 9.32514e-06 8 7
0 0 2 1
0 0 2 1
1377584 0.0088249 18 194
0 0 3 1
4156 0.000166683 6 2
0 0 4 1
0 0 4 1
0 0 3 1
24918 9.42161e-06 8 6
0 0 1 1
0 0 2 1
24920 0.00224196 8 7
4156 0.000481116 2 2
140364 0.00793546 16 12
8310 0.00161964 8 2
12464 0.00325936 10 4
20766 0.00350805 8 3
4156 0.000481116 2 2
0 0 1 1
2308020 0.00521481 11 102
0 0 2 1
136184 0.0391881 45 298
1564147 0.00794451 16 174
0 0 1 1
0 0 1 1
24911 0.00275933 10 6
2452840 0.00796876 10 76
0 0.000141009 2 1
0 0 1 1
4156 0 2 2
0 0 1 1
29056 0.00117949 8 7
1404606 0.00663598 17 186
16615 0.000481116 7 5
0 0 6 1
8310 0 6 3
4156 0 6 2
758447 0.00288468 8 18
0 0 1 1
0 0 2 1
0 0 1 1
0 0 2 1
258314 0.00261891 10 10
33213 0.00312192 12 9
12462 9.73208e-05 5 3
0 0 2 1
0 0 3 1
4156 9.31059e-05 3 2
0 1.53569e-06 3 1
8311 6.51154e-05 5 3
1199748 0.00762808 19 199
0 0 1 1
0 0 3 1
0 0 12 1
2005756 0.00183911 13 121
0 0 6 1
8310 0.000106817 10 3
4156 0.000234648 8 2
274282 0.00209903 14 8
1849864 0.000213919 19 18
4156 0 7 2
0 0 3 1
0 0 7 1
4156 0.000108398 6 2
123966 0.00365244 15 13
4156 0.00474696 7 2
12464 3.19441e-05 15 4
2333472 0.000874718 11 104
0 0 3 1
12464 0.000880783 6 4
4156 0 3 2
2229060 0.00558678 11 111
614042 0.0012731 34 37
0 0 2 1
415415 0.00349988 9 14
99365 0.00179495 6 10
0 6.99151e-05 2 1
20770 0.00458544 9 6
4156 0.000481116 5 2
53918 0.00528232 8 6
16616 0.000573885 5 4
2272847 0.0138218 11 123
1105037 0.000562918 6 13
0 1.69879e-06 3 1
4156 3.03044e-05 3 2
49790 0.0043937 10 9
4156 0.000481116 2 2
20764 0.00177014 6 5
12464 6.96935e-05 4 3
1851561 0.00549699 14 149
4156 0.000481116 4 2
0 0 1 1
0 0 1 1
0 0.000204781 2 1
103368 0.0024199 11 8
0 0.000791804 3 1
250033 0.0095119 35 301
12462 0.000594525 7 4
0 0 2 1
4156 0.000292368 3 2
4156 0.000481116 4 2
12464 0.000114868 4 3
37356 0.00349948 10 8
62188 0.00638236 10 7
0 0 2 1
12462 0.00165435 3 2
4061066 0.00323401 5 30
16617 0.00144289 5 5
0 0 2 1
29068 0.00336374 8 6
62184 0.00239814 7 7
0 0 2 1
0 0.00285505 6 1
1453748 0.0096958 17 169
0 0.00364193 3 1
0 0 3 1
0 0 1 1
0 0 2 1
78656 0.0017979 23 20
4156 0.000241098 3 2
4156 0 3 2
1371469 0.00936285 22 23
0 0 2 1
1278527 0.00722036 19 199
1188390 0.00776223 13 15
20760 0.00390362 8 4
0 0.000252818 3 1
373980 0.0127082 33 34
95268 0.00332953 14 11
540348 0.00203104 12 16
12462 0.00230616 6 4
49751 0.00362016 8 5
0 0.00117441 4 1
0 0 1 1
0 0 1 1
37358 0.00627489 10 4
3732640 0.0176998 15 46
24914 0.00388765 9 7
4156 0.000481116 3 2
12462 0.00144265 4 4
37352 0.000983723 8 5
0 0 1 1
2160252 0.00850544 12 139
0 0 2 1
4156 0 2 2
24917 0.00160037 7 5
16618 0.002639 10 5
20767 0.00192342 5 5
0 0 1 1
2299500 0.00436237 11 119
2346744 0.00422277 11 90
0 0 2 1
49767 0.00242601 7 6
0 0.000754328 5 1
8310 0.0002405 3 3
4156 0.0002405 3 2
0 0 1 1
45640 0.00263163 9 8
0 0 3 1
0 0 1 1
0 0 1 1
24919 0.0010528 6 5
2488200 0.00504322 9 69
4156 0.000706251 4 2
58027 0.00473639 6 6
0 0 1 1
0 0 1 1
20764 0.000593118 7 3
0 0 2 1
3697207 0.0106146 11 36
0 0 2 1
938880 0.00375957 12 15
29065 0.00254785 7 5
0 0 4 1
0 0 4 1
0 0 1 1
0 0 1 1
8311 0.000962117 3 3
0 0 3 1
4156 0 3 2
12465 0.000136172 7 4
0 7.30143e-05 2 1
99394 0.00759483 15 13
4156 0.00285121 5 2
844227 0.0181078 23 231
0 0 1 1
3704855 0.00672107 12 40
1623657 0.0100582 15 156
0 0 3 1
0 0 3 1
20767 0.00330888 10 4
20768 0.00892896 12 5
53895 0.0024415 8 6
16612 0.000682463 6 3
0 0 5 1
1100778 0.00771116 20 213
1698753 0.0031797 15 154
4156 0.00193912 5 2
20767 0.00106886 6 4
0 0 3 1
0 0 1 1
0 0.000650502 2 1
0 0 2 1
0 0 1 1
0 0 2 1
132298 0.00710914 13 11
8311 0.000686287 6 3
0 0 2 1
0 0 3 1
0 0 1 1
37352 0.00192528 8 6
66337 0.00613539 14 12
2406090 0.00290274 10 71
8310 0 3 3
1256887 0.00678241 19 185
0 0 3 1
0 0 2 1
12464 1.15764e-07 4 3
0 0 2 1
0 0 3 1
20764 2.12234e-07 5 5
24911 0.0028313 8 6
4156 0 3 2
4156 3.85881e-08 4 2
0 0 3 1
0 0 1 1
0 6.45909e-05 4 1
387990 0.00151066 28 28
0 0.000351537 4 1
0 0 2 1
389856 0.00231482 37 35
58047 0.000435887 7 5
0 0 2 1
0 0 2 1
20768 0.00156347 6 4
0 0 1 1
0 0 2 1
37347 0.0025267 11 9
4156 0.00156753 4 2
0 0 1 1
0 0 1 1
62179 0.001307 8 9
53920 0.00102547 5 4
0 0 2 1
3734575 0.00857869 15 39
4156 0.00132701 5 2
24918 0.00286038 10 7
0 0 2 1
0 0 1 1
8311 3.85881e-08 4 3
0 0 3 1
0 0 3 1
29050 0.00219931 5 2
0 0 2 1
3744840 0.00535586 20 49
0 0 2 1
33205 0.00035688 7 4
0 0 1 1
4156 0.00187277 7 2
20760 0.000272098 4 2
0 6.97141e-06 3 1
1572856 0.00871375 16 166
0 0 2 1
4156 0.000668494 4 2
0 0 1 1
0 0 2 1
4156 0 2 2
0 0 2 1
8310 0.000580703 3 2
8310 0.000962001 3 3
8311 0.000481116 3 3
4156 0.000481116 3 2
0 9.80951e-05 2 1
0 0 3 1
0 0 2 1
4156 0 3 2
86960 0.00245087 10 8
16617 0.00144289 5 5
8310 0.000208713 4 3
0 0 2 1
4156 0.000208713 4 2
66327 0.000855706 9 6
0 0 4 1
0 0 2 1
962106 0.0121583 21 221
12465 0.000590145 7 4
2497765 0.00146145 9 75
2403322 0.00378009 10 85
4156 0 4 2
0 0 2 1
0 0 5 1
45634 0.000559329 7 6
0 0 4 1
53884 0.00861297 10 6
45616 0.00117869 6 4
0 0 3 1
242923 0.00264492 11 11
49787 0.00647858 10 5
0 0 1 1
86978 0.00141236 10 10
24914 0.000950555 7 4
0 0.000201273 5 1
20760 0.00193301 6 2
0 0 1 1
0 2.87266e-05 3 1
0 0 2 1
0 0 2 1
8311 0.000936782 7 3
4156 0.000409173 5 2
4156 0.00093277 5 2
315534 0.00261416 15 21
0 0 3 1
95235 0.00292955 13 10
4156 0.000108723 4 2
0 0 2 1
49777 0.002019 8 5
318458 0.00376131 17 22
2375532 0.000471174 11 75
299335 0.00821015 18 17
181456 0.000279539 7 6
86954 0.00582845 11 8
24906 0.00257803 6 2
0 0.000611658 6 1
29050 0.000103182 4 2
0 0 2 1
0 0 2 1
0 0 1 1
20768 0.00240419 6 6
4156 0 2 2
0 0 2 1
4156 0 2 2
0 0 2 1
24906 0.00288322 2 2
0 0 2 1
4156 9.91927e-05 3 2
0 0 1 1
0 9.91927e-05 3 1
2508560 0.00434386 9 75
4156 0.000165984 4 2
4156 0.00113406 4 2
8310 0.000962001 3 2
4156 0.000481116 2 2
49751 0.00568975 8 5
0 0.000410203 5 1
78692 0.000751175 6 6
4156 0.000481116 2 2
0 0 1 1
49792 0.0049821 12 9
1746215 0.00429511 14 156
8310 0.000542408 4 2
8310 2.86617e-05 4 3
2450106 0.00308251 10 88
4156 2.86617e-05 4 2
16615 0.001155 7 4
4156 8.64917e-05 4 2
0 0 1 1
0 0 3 1
1904737 0.00624574 13 157
0 0 3 1
4156 2.54888e-05 5 2
78622 0.0016446 10 9
16616 0.00010664 8 5
49775 0.00276684 9 7
160602 0.00828336 17 12
0 0 2 1
4156 0.000536156 6 2
8311 0.000536706 4 3
0 0 3 1
339861 0.00193293 9 14
350274 0.00294836 9 11
0 0 2 1
12464 0.000731124 5 4
0 0 4 1
0 0 3 1
53928 0.00402746 10 6
16612 0.000321681 6 3
1949163 0.00663994 13 123
286293 0.00376288 7 7
0 0.00414805 6 1
20767 0.00247672 7 4
375975 0.00695304 10 10
0 0 1 1
0 0 1 1
24917 0.00104783 10 5
4156 0.000481116 3 2
0 0 1 1
0 0 1 1
0 0 1 1
1075036 0.00811239 20 187
37332 0.00225806 6 4
0 0 2 1
0 0.00178405 3 1
20768 0.00194466 6 5
0 0 3 1
16617 0.00192365 5 5
8310 0.000983869 6 2
4156 0.000416002 5 2
58055 0.00204463 5 6
0 0 3 1
53935 0.00322145 13 10
0 0 2 1
8311 3.85881e-08 4 3
1150575 0.0132112 19 222
0 0 3 1
0 0 3 1
266926 0.00190164 8 9
3748367 0.0100292 16 47
78722 0.00104607 12 9
86876 0.0014101 9 5
3701580 0.00253593 13 31
12464 0.000335032 6 3
4156 0.000690482 5 2
4156 3.39373e-05 5 2
685272 0.00743732 21 21
2008242 0.00662948 13 132
29068 0.00149656 11 8
0 3.80536e-06 3 1
124003 0.004352 10 9
3752024 0.0137596 25 60
37340 0.00227023 12 8
4156 0 3 2
4156 0.000481116 3 2
1308885 0.015053 18 220
0 0 3 1
41470 0.00261518 4 3
12464 0.000749513 4 4
86894 0.011372 7 5
0 0.000442142 3 1
0 0 1 1
0 0 1 1
1736576 0.00405231 15 167
0 0 2 1
0 0 2 1
78717 0.00231746 9 9
0 0 1 1
392029 0.00762128 14 13
8310 0 4 3
0 0 1 1
4156 0 4 2
4156 0.000187658 3 2
0 0 2 1
0 0 4 1
0 2.65947e-05 4 1
1681479 0.00727951 15 152
0 0 2 1
1139584 0.0157822 19 219
0 0 3 1
4156 0.00099432 6 2
0 0 1 1
20769 0.00160583 8 6
5701006 0.000435594 5 49
24906 0.0014051 6 4
4156 0 3 2
1640507 0.00573251 15 161
0 0.000721804 6 1
0 0 3 1
0 0 1 1
29068 0.00434252 14 8
24917 0.00240396 7 7
0 0 2 1
1834810 0.0110299 14 162
0 0 2 1
24919 0.00220808 9 7
2157792 0.00601624 12 126
37358 0.000351416 8 5
2550679 0.00417408 8 53
570687 0.0218009 28 266
4156 5.61586e-06 4 2
0 0 3 1
2523222 0.00348055 9 60
95261 0.00664937 12 9
152545 0.0588586 45 332
8310 0.000937984 5 2
103444 0.00735397 12 7
988462 0.011243 21 225
12464 0.00133094 7 4
12462 0.000102883 5 3
53872 0.00147059 5 3
20764 0.000146638 6 5
8311 0.000481116 5 3
0 0 1 1
0 0 2 1
0 0 4 1
0 0 2 1
0 0 1 1
0 0 3 1
12464 0.00133484 6 4
0 0 1 1
0 0 1 1
0 0 2 1
1732459 0.00847109 15 166
20764 0.000441782 5 4
4156 0.00111504 4 2
0 0 2 1
2465898 0.00511396 10 90
4156 0.00284935 5 2
0 0 1 1
4156 0.000481116 2 2
0 0 2 1
4156 0.000295245 3 2
689404 0.0231411 25 261
33213 0.00407693 9 6
318659 0.00175588 10 9
1434108 0.0123327 17 194
1132735 0.00549999 19 217
29060 0.00282897 10 6
0 0 6 1
41479 0.00172671 7 3
148580 0.0033495 10 11
2219112 0.00596298 12 117
86876 0.00656493 10 6
0 0 2 1
0 0 1 1
230340 0.0171995 28 23
8310 0.0032981 9 3
2531256 0.00665247 9 77
610056 0.0110421 17 18
4156 0.000425704 7 2
12462 0.000327431 4 2
2119984 0.00262441 12 107
4156 0 3 2
0 0 3 1
636308 0.0269819 26 274
160778 0.00363006 10 6
8311 0.00139114 8 3
593479 0.0200534 27 277
1739320 0.00462407 14 153
136371 0.0020974 10 11
0 0 3 1
20766 0.00104358 7 4
0 0.000266608 6 1
0 0 3 1
33207 0.000681782 9 5
8310 0.000554397 5 3
16617 0.000973268 7 5
0 0 1 1
0 0 2 1
225999 0.00781103 9 11
8311 0.000481116 3 3
0 0 2 1
0 0 2 1
16612 0.00192308 3 2
0 0 2 1
8310 0 3 3
82848 0.00302805 7 4
70411 0.00179613 7 5
0 0 3 1
4156 0 3 2
49790 0.00353993 9 8
0 0 2 1
4156 0 2 2
24917 0.00213297 10 5
62213 0.00571865 17 13
78670 0.00454095 9 7
2012616 0.0017675 8 22
4156 0 3 2
8310 0.00118655 6 2
0 0 3 1
0 0 3 1
0 0 1 1
0 0 1 1
0 0 2 1
0 0 1 1
0 0 1 1
0 0 1 1
4156 0.000481116 2 2
2436495 0.010652 10 88
0 0 2 1
8311 0.00154331 5 3
0 0 2 1
4156 4.46295e-05 3 2
3738951 0.00468806 15 45
0 0 4 1
0 0 1 1
4156 0 2 2
0 0 2 1
0 0 1 1
0 0 1 1
2477356 0.00853597 10 73
37350 0.000184202 5 4
8311 0.00073941 6 3
0 0 1 1
115713 0.00616135 9 10
0 3.97934e-05 2 1
0 0 1 1
0 0 4 1
0 0 1 1
37340 0.00274469 9 7
29056 0.00226357 8 5
24906 0.000463329 7 5
148559 0.000115675 6 8
12462 0.000624978 6 2
152440 0.0036734 10 12
16612 0.000272216 6 2
20760 0.000272216 6 3
303816 0.00258898 10 13
0 0 2 1
29050 0.000672585 5 4
0 0 2 1
8310 0 3 3
0 0 3 1
0 0 1 1
45632 0.000584365 6 5
4156 0 3 2
24917 0.00219233 4 4
29056 0.000916472 7 4
0 0.000431898 3 1
99362 0.0038468 12 10
480198 0.000826291 7 14
8310 0.000126697 6 2
136313 0.00393218 15 15
20766 0.000432612 8 5
238519 0.00278889 10 15
4156 7.56148e-05 5 2
4156 0.00328179 7 2
0 0 3 1
0 0.000167062 5 1
0 0 1 1
0 0 1 1
0 0 1 1
8311 0.000962117 5 3
0 0 1 1
4156 0 2 2
0 0 3 1
0 0 2 1
0 0 1 1
12464 0.000977044 5 4
20764 0.00192308 3 4
37350 0.00364415 7 6
0 0 2 1
0 0.00144265 2 1
8311 0.000760923 5 3
49761 0.00107793 6 6
0 0 3 1
0 0 2 1
16612 0.00192308 2 2
33209 0.00384441 5 5
12464 0.00144289 3 3
0 0 2 1
0 0 1 1
4156 0 2 2
53872 0.00267549 8 8
8310 0.000962001 4 3
49785 0.00123353 7 6
2017356 0.0103243 13 145
16616 0.00123741 5 4
0 0 4 1
16615 3.47293e-07 4 3
4156 0 4 2
0 0 3 1
0 0 2 1
4156 0 2 2
78640 0.00143138 11 11
8310 0.00136359 7 3
0 0 3 1
0 0.00111412 3 1
0 0 4 1
254825 0.00568139 21 23
29066 0.000886211 8 6
41487 0.0014942 8 6
4156 0 3 2
70457 0.0027469 10 8
8311 0.000481116 5 3
0 0 1 1
0 0 3 1
0 0 2 1
86973 0.0118807 13 11
271249 0.00995234 30 31
20760 0.000166479 4 2
0 0 2 1
4156 0 3 2
0 0 3 1
20768 0.00199198 5 5
0 0 2 1
0 0 3 1
49777 0.000450178 8 7
29056 0.00224162 6 4
0 0 1 1
24917 0.00168012 7 6
4156 0 2 2
8311 0.000506716 4 3
49779 0.000664094 5 5
0 0 2 1
0 0 1 1
0 0 1 1
8311 0.000481116 4 3
0 0 3 1
82740 3.65737e-05 42 21
103300 3.65737e-05 42 26
70380 3.65737e-05 42 18
90970 3.65737e-05 42 23
86856 3.65737e-05 42 22
8310 0 31 3
107406 3.65737e-05 42 27
0 0 33 1
78622 3.65737e-05 42 20
123810 3.65737e-05 42 31
119712 3.65737e-05 42 30
8310 0 33 3
12462 0 31 4
115612 3.65737e-05 42 29
53912 3.00663e-05 41 14
140182 0.00108134 43 35
127906 3.65737e-05 42 32
16612 0 33 5
16612 0 31 5
136092 3.65737e-05 42 34
111510 3.65737e-05 42 28
58002 0.014791 59 323
20760 0 33 6
29050 4.16751e-08 34 8
62130 3.00663e-05 41 16
132000 3.65737e-05 42 33
99192 3.65737e-05 42 25
74502 3.65737e-05 42 19
570410 0.00252058 36 36
562576 0.0015756 34 34
4156 0 31 2
4156 0 33 2
66256 3.65737e-05 42 17
95082 3.65737e-05 42 24
0 0 2 1
58002 3.00663e-05 41 15
0 0 31 1
12462 0 33 4
24906 4.16751e-08 34 7
4156 0.000304887 5 2
160602 0.00300533 40 302
0 0 4 1
12464 0.000481116 5 4
4156 0 4 2
8310 0.000559426 5 3
0 0 4 1
12462 0.000435302 6 4
16612 0.000435302 6 5
4156 0 4 2
0 0 2 1
8311 0.000839449 6 3
0 0 2 1
2378320 0.00161723 11 88
0 0 1 1
8311 2.19793e-05 6 3
0 6.68676e-05 6 1
0 0.000784656 4 1
1242537 0.00556476 19 197
214042 0.00228322 10 12
20764 0.000420903 5 3
45616 0.000509685 8 6
12462 0.000242043 4 2
0 7.71762e-08 5 1
16612 0.000252596 5 3
4156 0 2 2
0 0 3 1
4156 0 6 2
0 0 3 1
12464 0.000481116 7 4
58015 0.000248763 8 7
37352 1.9294e-07 7 7
49761 0.000123353 6 5
0 0 2 1
4156 0 3 2
12464 0.000151264 6 3
0 0 2 1
16612 0.000151264 6 4
4156 1.15764e-07 4 2
0 0 2 1
0 0 3 1
8311 0.000481116 3 3
0 0 3 1
111690 1.27341e-06 10 10
0 0 2 1
0 0 6 1
8310 0.00100218 4 2
4156 0.000481116 2 2
53924 0.00255024 8 6
0 0 1 1
4156 0.000481116 5 2
16617 0.00285151 7 4
2354504 0.00243466 11 92
0 0 3 1
20769 0.00089006 8 6
0 0 2 1
2282137 0.00955046 11 98
0 0 2 1
24914 0.000697579 5 4
0 0 1 1
37332 0.0022228 3 3
12465 0.00198652 6 4
8310 0.000962001 2 2
29050 0.00354148 3 2
0 0 2 1
29061 0.00780743 9 5
82808 0.00462299 17 14
1005942 0.0075521 21 196
16615 0.00071307 7 3
8311 0.000604221 7 3
0 0 3 1
0 0 3 1
8311 9.10271e-07 5 3
0 0 1 1
2401244 0.00221407 10 70
0 0 1 1
20768 0.00138212 8 5
0 0 1 1
20764 0.000944795 5 3
0 0 1 1
0 0 3 1
4156 0 3 2
8311 0.000962117 3 3
0 0 1 1
12465 0.00156105 6 4
0 0 2 1
0 0 1 1
12462 0.000716044 4 3
0 0 2 1
8311 0.000646951 4 3
24915 0.00287863 7 6
12462 0.00264728 5 3
0 0 2 1
20764 0.00131469 5 3
8311 0.000481116 3 3
1463145 0.00355433 17 163
0 0 2 1
0 0.00122503 4 1
4156 0.000115149 5 2
0 0 2 1
0 0 3 1
4156 0 3 2
0 0 3 1
169265 0.0087356 19 13
0 0 2 1
0 0 1 1
251095 0.005267 13 19
0 0 1 1
0 0 2 1
20768 0.00254351 7 6
0 0 3 1
8310 0.000962001 2 2
4156 0 3 2
4156 0.00277994 4 2
0 0 2 1
8311 3.45783e-06 4 3
12462 8.4806e-05 3 2
0 0.00118226 2 1
4156 0.000481116 2 2
0 0 2 1
16615 0.000638292 4 3
0 0 2 1
86973 0.00782447 16 14
0 0 3 1
4156 7.05593e-05 5 2
0 7.58275e-05 3 1
0 0 2 1
0 0 1 1
0 0 1 1
16612 0.00192308 2 2
0 0 1 1
16612 0 7 5
8310 0 7 3
4156 0 7 2
12462 0 7 4
0 0 7 1
37352 0.000393559 8 8
0 0 1 1
53914 0.00240486 9 9
0 0 2 1
0 0 1 1
0 0 3 1
82829 0.00395913 9 6
0 0 1 1
0 0 3 1
4156 0.000743959 3 2
95233 0.00293217 8 11
0 0 1 1
0 0 1 1
99192 0.00309531 5 4
4156 0.000481116 2 2
16616 0.00144573 8 5
4156 3.22076e-05 4 2
0 0 1 1
0 0.000222798 4 1
0 0 2 1
0 0 2 1
0 0 1 1
16617 0.00144289 5 5
4156 0 2 2
0 0 1 1
0 0 1 1
0 0 1 1
0 0 2 1
0 0 2 1
8311 0.00305844 7 3
2466480 0.00562358 10 86
0 0 3 1
2470715 0.00321728 12 25
0 0 2 1
0 0 1 1
4156 0.000266079 5 2
53884 0.000264148 11 10
0 0 2 1
16615 0.00131009 6 3
0 0 4 1
4156 0 4 2
111560 0.00147073 6 8
45647 0.000214456 10 8
0 0 4 1
124034 0.000850552 7 8
0 0 4 1
0 0 4 1
0 0 3 1
0 0 3 1
33205 0.000317497 6 4
12464 0.000962001 3 3
37352 0.0033976 10 9
0 0 1 1
0 0 2 1
0 0 1 1
33209 0.00144289 6 6
0 0 3 1
0 0 2 1
0 0.000406784 4 1
0 0 2 1
16618 0.000481753 6 5
41493 0.000864208 6 7
0 0 4 1
4156 0 4 2
12464 0.00058513 6 4
4156 0.000499694 4 2
0 0 1 1
49740 0.000178027 5 4
0 0 4 1
0 0 1 1
0 0.000200419 2 1
933195 0.0231031 22 221
53872 0.000691313 4 2
45606 0.00216033 5 4
41479 0.00216033 5 3
0 0 1 1
4156 0.000170352 3 2
0 0 2 1
4156 5.1281e-05 5 2
242615 0.00211417 9 13
20766 0.000643103 6 5
119943 0.00576817 11 9
0 0 2 1
0 0.000532739 4 1
0 0 2 1
4156 0.000283324 3 2
156775 0.000706422 6 10
24914 0.00287922 8 4
0 0 1 1
8310 0.00170959 4 2
99311 0.00327571 6 7
0 0 2 1
0 0 1 1
4156 0.000481116 4 2
2374104 0.00296546 11 97
0 0 2 1
0 0.000220485 2 1
8311 0.000965479 4 3
0 0 1 1
8311 0.00116876 4 3
0 0.000499926 2 1
45637 0.00078096 7 7
8310 0.00131635 4 3
4156 0 3 2
53902 0.000476635 5 6
0 0 3 1
0 0 1 1
0 9.14096e-05 4 1
1794627 0.0128023 14 149
0 0 2 1
4156 0.00175982 7 2
16615 0.000526191 6 3
0 0 2 1
315486 0.000639866 10 14
8310 0.0015941 7 2
107553 0.00738132 12 7
0 0.000186746 5 1
0 0.000550745 3 1
2014879 0.00258463 13 107
0 0 2 1
471333 0.0120617 18 26
0 0 5 1
0 0 1 1
87017 0.00235591 13 10
0 0.000139559 3 1
4156 3.59877e-07 7 2
74519 0.00250207 5 6
0 0 2 1
205950 0.00324412 17 15
16615 0.000164622 6 3
0 0 2 1
4156 0 2 2
12464 2.69794e-06 8 4
0 0 2 1
0 0 3 1
0 0 2 1
4156 6.29143e-05 5 2
20764 1.53427e-05 8 4
4156 1.3586e-05 3 2
1293744 0.00119715 14 22
2202304 0.00512275 12 105
0 0 3 1
8310 0.000962001 5 3
12464 2.40305e-05 5 3
8311 0.00270213 6 3
12462 0.00158143 5 4
20766 0.00211513 5 3
16616 0.00192354 5 4
0 0.000231226 3 1
37352 0.000587895 9 4
4156 0 3 2
0 0 3 1
4156 0.000937694 4 2
307518 0.00351899 10 10
74606 0.00767847 10 10
2164279 0.00492085 12 130
0 8.16928e-06 3 1
4156 2.32844e-05 3 2
4156 0.000481116 2 2
8310 0.000962001 3 3
4156 0 2 2
20767 0.00192342 4 4
0 0 2 1
24915 0.000397131 6 6
0 0 1 1
16617 0.000772939 6 5
4156 0 4 2
29060 0.000654004 8 6
0 0 4 1
0 5.92806e-05 2 1
4156 0.000534246 3 2
0 0 2 1
0 0 2 1
0 0 1 1
37340 0.000481116 4 3
41470 0.00168107 4 4
226237 0.00592091 21 19
29050 0.00168107 4 2
286899 0.00688242 11 10
37332 0.00225923 6 4
0 0 2 1
0 0 1 1
0 0 3 1
70411 0.00176973 7 5
4156 0.000481116 3 2
66350 0.00565137 13 10
0 0 3 1
0 0 3 1
41470 0.000354597 8 8
0 0 4 1
37332 0.000354597 8 7
4156 0 4 2
157031 0.00297008 19 16
33192 0.000221185 7 3
0 0 4 1
0 0 3 1
0 0 1 1
0 0 1 1
2147244 0.00566506 16 21
0 8.04427e-05 5 1
4156 0 2 2
0 0 2 1
0 0 1 1
0 0 2 1
4156 0 2 2
24911 0.0028838 5 4
0 0 4 1
0 0 1 1
16612 0.000398836 4 2
0 0 2 1
12465 0.000962117 4 4
0 0 2 1
0 0 1 1
0 0 1 1
29060 0.00336411 6 6
4156 0 3 2
4156 0 2 2
0 0 2 1
0 0 3 1
16616 0.000962001 5 5
0 0 3 1
4156 0 3 2
4156 0 2 2
29068 0.00336503 7 7
0 0 2 1
4156 0.000481116 2 2
4156 0 2 2
0 0 2 1
45632 0.00528255 4 4
0 0 1 1
4156 0.000481116 2 2
8310 0.000962001 4 3
20767 0.000962117 4 4
8311 0.000962117 4 3
8311 5.78821e-08 3 3
0 0 2 1
0 0 2 1
0 0 1 1
0 0 1 1
3425431 0.00246173 11 22
20760 0.00168246 4 4
4156 0.000481116 2 2
16612 0.000240327 3 2
0 0 2 1
0 0 1 1
0 0 1 1
0 0 2 1
0 0 2 1
0 0 2 1
0 0 1 1
0 0 1 1
12464 0.000266183 5 3
0 0 1 1
0 0 2 1
74606 0.00643484 10 10
169268 0.00585241 9 11
0 0 1 1
33212 0.00153941 9 6
12465 0.0019658 9 4
0 0 2 1
0 0 1 1
12464 0.00163466 9 4
0 0 2 1
0 7.51705e-05 3 1
8310 0.000863109 3 2
2182485 0.00395802 12 118
3700006 0.00352243 13 31
8310 0.000251531 6 3
4156 0 4 2
0 0 4 1
4156 0.000481116 3 2
37359 0.000431255 5 5
20766 0.00240396 6 6
4156 0.000481116 2 2
0 0 1 1
0 9.9712e-05 2 1
8310 0.00103294 7 2
0 0 2 1
4156 0 2 2
1524327 0.011786 16 194
0 0 2 1
354176 0.0158669 32 308
12462 0.000606228 6 3
4156 0.00096221 5 2
218208 0.00206477 8 8
0 0 1 1
0 0 1 1
0 0 1 1
169293 0.00275842 9 12
16612 0.00192308 4 2
0 0 1 1
0 0 1 1
24906 0.00288322 4 4
37340 0.00120642 4 3
20768 0.00144289 6 6
4156 0 3 2
0 0 3 1
0 0 2 1
2362917 0.0122513 11 99
8310 0 5 3
12462 0 5 4
4156 0 5 2
0 0 5 1
0 0 1 1
0 0 1 1
29064 0.00240384 8 8
12464 1.15764e-07 4 4
4156 0 3 2
37340 0.00450946 6 5
0 0 3 1
0 0 2 1
0 0 1 1
0 0 3 1
4156 0 3 2
0 0 1 1
8311 0.000704461 4 3
20766 0.000560067 5 4
66344 0.00243 12 11
20770 0.00296792 11 6
0 0 3 1
0 0.000193073 4 1
20760 0.000500631 6 3
0 0 2 1
4156 0 2 2
0 0 2 1
4156 0 2 2
0 0 2 1
74519 0.0022043 10 9
16617 0.00013739 7 5
4156 0 3 2
0 0 3 1
0 0 2 1
74583 0.00144098 9 7
0 0 3 1
0 0 3 1
4156 0 3 2
2208124 0.0052665 12 114
0 0 3 1
82759 0.0138409 10 9
4156 1.71717e-06 5 2
45624 1.10117e-05 4 3
33192 0.000926014 4 3
4156 0.000184767 4 2
4156 0.00066548 4 2
0 0.000157273 4 1
0 0 1 1
53934 0.0097916 15 10
152679 0.00338996 9 9
0 0 1 1
24919 0.00154259 8 6
2529319 0.00248174 9 67
0 0 1 1
0 0 1 1
2115225 0.00480321 12 121
0 0 1 1
4156 0.000381264 4 2
0 0 1 1
20769 0.00133884 8 5
0 0 1 1
0 0 3 1
1294977 0.00336236 18 183
33199 6.49851e-05 7 3
24906 0.000712373 7 3
20764 0.00192308 6 5
58026 0.00575811 4 4
0 0 1 1
4156 0.000481116 2 2
45644 0.00213007 11 7
0 0 4 1
0 3.19342e-05 5 1
20760 8.01289e-05 4 3
2544606 0.00271427 8 50
4156 0 4 2
2083963 0.00480437 13 116
1894876 0.00643661 13 144
0 0 1 1
0 0 2 1
0 0 1 1
4156 0.000543259 4 2
0 0 1 1
24906 0.0019225 6 6
4156 0 3 2
20760 0.000480537 4 3
0 0 3 1
0 0 2 1
209681 0.000786398 6 13
0 0 2 1
20767 0.00250244 9 6
0 0.000189431 3 1
0 0 1 1
0 0 2 1
0 0 3 1
8311 5.78821e-08 3 3
0 0 2 1
0 0 2 1
0 0 1 1
0 0 2 1
3707486 0.00155404 7 21
4156 0 3 2
0 0 3 1
66337 0.00481376 13 12
4156 0.000659104 4 2
8310 4.0074e-05 4 3
4156 4.0074e-05 4 2
20766 0.00109106 6 5
0 0 3 1
37353 0.00326916 8 6
0 0 1 1
0 0 1 1
20764 0.00101178 5 5
0 0 2 1
202020 0.000450053 8 13
0 0 2 1
0 0 3 1
29062 0.00336434 4 4
8310 0 3 3
4156 0 3 2
0 4.39829e-05 4 1
0 0 1 1
4156 0.000481116 4 2
0 0 3 1
8311 6.52322e-05 6 3
0 0 2 1
0 0 4 1
4156 0 2 2
0 0 2 1
136344 0.00263018 11 11
0 0 4 1
45616 0.000361024 9 6
0 2.1967e-05 5 1
951879 0.0015951 9 21
4156 0 4 2
8310 7.46346e-06 5 3
8310 1.97299e-05 5 2
0 0 3 1
4156 0 3 2
0 3.84489e-05 3 1
8310 0 5 3
37340 0.000572431 6 4
4156 0 5 2
0 0 5 1
4156 0.00108921 4 2
0 0.00152027 5 1
49792 0.00270343 13 10
33209 0.00237365 11 6
4156 0.00106453 5 2
4156 0.00179099 7 2
0 0 1 1
0 0 1 1
0 0 1 1
0 0 1 1
1932655 0.0118328 13 140
0 0 2 1
82865 0.00182722 9 7
41493 0.00217823 8 4
0 0 1 1
0 0 3 1
0 0 1 1
12462 0 17 4
16612 0 17 5
58002 0 17 15
20760 0 17 6
37332 0 17 10
41470 0 17 11
53872 0 17 14
0 0 17 1
29050 0 17 8
62130 0 17 16
49740 0 17 13
33192 0 17 9
24906 0 17 7
8310 0 17 3
4156 0 17 2
152780 0.00553045 37 36
45606 0 17 12
41470 0 20 11
33192 0 20 9
45606 0 20 12
53872 0 20 14
37332 0 20 10
66256 0 20 17
24906 0 20 7
62130 0 20 16
0 0 20 1
20760 0 20 6
49740 0 20 13
29050 0 20 8
16612 0 20 5
12462 0 20 4
4156 0 20 2
58002 0 20 15
8310 0 20 3
0 0 1 1
4156 0.000481116 2 2
0 0 2 1
0 0 2 1
12465 0.00205153 6 4
8311 0.000481116 3 3
16615 0.00144265 5 5
66320 0.00343823 6 6
0 0 2 1
4156 0 2 2
4156 0.000481116 2 2
0 0.000141225 3 1
16616 0.00195374 6 5
4156 0.00162441 3 2
0 0 2 1
4156 0 2 2
4156 0 3 2
0 0 3 1
0 0 2 1
0 0 2 1
0 0 3 1
0 0 2 1
16617 0.00157134 6 5
0 0 1 1
0 0 2 1
12464 9.40346e-05 6 4
0 0 3 1
0 0 2 1
0 0 2 1
4156 0 3 2
8311 0.000526864 4 3
8311 0.000113391 5 3
0 0 3 1
0 0 1 1
4156 0 2 2
0 0 2 1
0 0 1 1
53902 0.000855904 5 6
0 0 2 1
0 5.18793e-05 2 1
16615 0.0016583 6 4
2333311 0.00313411 11 81
24911 0.000900731 5 5
0 0.000223698 4 1
4156 0.000481116 3 2
8310 0.000162102 3 3
8311 0.000962117 4 3
24917 0.000997818 6 4
0 0 3 1
4156 0.00141872 6 2
0 0 1 1
0 0 2 1
0 0 1 1
0 0 1 1
8311 0.00153517 5 3
777679 0.0106649 24 237
0 0 3 1
0 0 3 1
0 0 3 1
148753 0.00449287 13 10
4156 1.21322e-05 3 2
4156 0.000481116 5 2
0 0 6 1
24911 0.000502968 5 3
8311 0.000481116 4 3
37346 0.00159212 5 5
185356 0.0052039 15 12
24917 0.0028845 5 5
0 0 2 1
4156 0 3 2
0 0 3 1
250546 0.00150985 10 11
12464 0.000172067 8 4
29050 0.00108461 6 5
16615 7.66809e-05 6 4
866791 0.0110719 23 227
0 0 3 1
66317 0.00026096 7 6
0 0 1 1
62156 0.00156799 8 5
4156 0.000159114 5 2
0 0 3 1
4156 0 3 2
0 0.00192308 2 1
16615 0.00144265 4 5
4156 0.000241268 4 2
0 0.000270221 2 1
20766 0.00257954 7 5
12462 0.00144265 3 2
0 0.000353219 2 1
70451 0.000137755 6 4
74502 0.000137755 6 5
0 0 2 1
0 0 1 1
0 0 1 1
0 0 1 1
0 0.000142925 2 1
0 0 1 1
12464 0.00101598 4 3
0 5.39769e-05 3 1
0 0 1 1
16616 0.00149837 7 5
539714 0.00512138 12 19
4156 0 2 2
0 0 2 1
851471 0.0206735 23 237
41503 0.00224922 9 7
4156 0 4 2
0 0 2 1
4156 0 2 2
0 0 4 1
0 0.000748086 2 1
16612 0.000203822 3 2
4156 0 2 2
0 0 1 1
0 0 1 1
0 0 2 1
8311 0.000962117 4 3
0 0 1 1
0 0 1 1
12464 0.00111225 4 3
0 0 1 1
4156 0 3 2
12464 0.000481116 4 4
0 0 3 1
4156 0 2 2
20764 0.000523568 7 6
0 0.000619808 2 1
0 0 2 1
0 0 2 1
4156 0 2 2
0 0 2 1
0 0 1 1
0 0 1 1
0 0 2 1
8311 0.000103409 3 3
0 0 2 1
0 0 1 1
16617 0.00122158 7 5
0 0 2 1
1086444 0.00154108 7 16
0 0.000288378 4 1
4156 0.000564255 5 2
0 0 1 1
0 0 2 1
4156 0.000280756 3 2
4156 0.00107022 5 2
4156 0.000481116 2 2
4156 0 2 2
12464 0.000647297 4 3
0 0 1 1
0 0 3 1
0 0 2 1
8311 0.000237577 4 3
0 0 3 1
0 0 1 1
37352 0.00116474 6 8
0 0 4 1
0 0 3 1
12462 0.000156158 5 4
8311 0.000156158 5 3
0 0 3 1
229964 0.00637409 15 17
0 0 1 1
2540015 0.0104002 9 66
0 0 1 1
45637 0.00174169 8 7
0 0 1 1
128207 0.00965635 24 23
189859 0.0147552 18 16
0 0 2 1
128179 0.00381219 10 9
2552592 0.00206289 8 69
0 0.000790475 3 1
4156 0.000481116 2 2
16612 0.000721327 5 5
12465 0.000721327 5 4
0 0 2 1
0 0 2 1
8311 5.78821e-08 3 3
0 0 2 1
0 0 1 1
0 0 2 1
4156 0.00256064 3 2
2828100 0.00134335 13 32
0 0 2 1
4156 0 2 2
0 0 2 1
0 0 1 1
4156 0.000481116 3 2
8310 0.00210635 3 2
0 0 2 1
12465 0.000962117 4 4
24914 0.00288415 5 5
0 0 1 1
0 0 1 1
4156 0 2 2
0 0 2 1
0 0 1 1
0 0 2 1
0 0 1 1
4156 0.000481116 2 2
0 0 1 1
148601 0.00767155 13 13
0 0 1 1
8311 0.00271035 6 3
41494 0.00501681 11 9
0 0 1 1
3786416 0.0119261 19 46
0 0 2 1
242442 0.00245557 5 7
0 0 1 1
0 0 1 1
0 0 3 1
0 0 1 1
0 0 1 1
0 0 4 1
8310 0 4 3
4156 0 4 2
20767 0.000889491 7 4
0 0 3 1
2574556 0.000940198 7 49
8311 0.000775757 6 3
53911 0.000872102 6 7
0 0 1 1
33204 0.000754318 7 5
0 0 1 1
0 0 1 1
0 0 1 1
0 0 1 1
0 0 1 1
0 0 2 1
4156 0 2 2
0 0 1 1
0 0 1 1
16617 0.00158658 6 4
173344 0.00250449 8 14
0 0 1 1
0 0 1 1
0 0 1 1
0 0 2 1
0 0 1 1
0 0 1 1
8311 0.000898646 5 3
0 0 1 1
0 0 2 1
0 1.40958e-05 3 1
0 0 2 1
0 0 1 1
363570 0.0110071 25 29
0 0 2 1
0 0 2 1
0 0 1 1
12462 0.000327442 5 3
8311 0.000159347 4 3
8310 0.0012481 6 3
0 0 1 1
8310 0.000271225 4 2
4156 0.000152933 4 2
0 0 2 1
2364360 0.00489848 11 78
0 0 1 1
0 0 2 1
24914 0.00288415 9 7
4156 0 4 2
0 0.000203435 4 1
0 0 4 1
12462 0.00386817 6 4
0 0 3 1
16618 0.00089987 6 5
103476 0.00678399 14 13
0 0 2 1
0 0 3 1
8310 0 3 3
12464 0.000962001 4 4
4156 0 3 2
4156 0 2 2
0 0 2 1
53904 0.000600242 5 5
0 0 2 1
0 0 2 1
0 0 2 1
0 0 1 1
0 0 5 1
422817 0.00297933 13 15
8310 3.80056e-05 6 3
41479 0.00182245 8 7
4156 0 3 2
0 0 3 1
0 0 3 1
0 0 3 1
4156 0.000481116 2 2
8310 0.000598803 4 2
8311 0.000962117 3 3
0 0 1 1
0 0 1 1
0 0 3 1
66295 0.00283129 6 4
2191257 0.00885591 12 111
0 0 3 1
3690215 0.00499979 12 33
0 0 2 1
0 0 1 1
0 0 1 1
1487168 0.00390806 14 22
1508656 0.00145801 8 15
4156 0 2 2
0 0 2 1
0 0 1 1
4156 0.000481116 3 2
0 0 3 1
0 0 2 1
4156 0 3 2
4156 0.000481116 2 2
0 0 1 1
45644 0.00528394 6 5
0 0 1 1
8311 0.000481116 3 3
12464 0.00144289 3 3
0 0 2 1
0 0 1 1
0 0 1 1
16612 2.31528e-08 6 5
103541 0.00752043 18 14
12462 2.31528e-08 6 4
8311 2.31528e-08 6 3
0 0 5 1
0 0 5 1
16617 0.000105769 7 5
0 0 3 1
0 0 3 1
0 0 3 1
0 0 1 1
12462 0.00144265 4 4
555436 0.00434067 10 12
4156 0.000362445 6 2
8311 0.000962117 3 3
0 0 2 1
12464 0.00144801 8 4
103493 0.00367482 8 8
0 0 1 1
0 0 1 1
0 0 2 1
0 0 1 1
0 0 1 1
4156 0.000481116 2 2
4156 0 3 2
4156 0 3 2
0 0 3 1
0 0 3 1
8310 0.000464234 4 3
0 0 1 1
0 0 1 1
0 0 3 1
4156 0 2 2
0 0 3 1
8311 0.000368424 5 3
0 0 2 1
0 0 1 1
4156 0 3 2
8310 7.93885e-05 5 3
58050 0.00183771 8 7
0 0 3 1
0 0 2 1
4156 2.1806e-06 3 2
0 0 2 1
0 0 2 1
45640 0.00122734 7 7
4156 0.000337822 4 2
12464 0.000393997 5 3
0 0 2 1
0 0 2 1
8310 0.00108462 6 3
12462 0.000927432 5 2
8310 0 3 3
0 0 3 1
4156 0 3 2
0 0.000476661 2 1
0 0 1 1
0 0.000165963 3 1
0 6.8972e-05 5 1
0 0 2 1
0 0 1 1
0 0 1 1
37352 0.00402575 10 9
4156 0.000794785 4 2
8311 0.000481116 4 3
0 0 3 1
0 0.000136322 4 1
0 7.35894e-05 3 1
0 0 1 1
0 0 1 1
0 0 1 1
0 0 1 1
4156 0.0001723 3 2
0 0 2 1
16616 0.000339339 7 5
4156 2.05221e-05 4 2
0 0 3 1
29060 0.000996415 7 5
4156 0 3 2
49777 0.00168935 9 9
0 0 3 1
4156 0 3 2
0 0.000550481 2 1
8311 0.0019656 5 3
0 0 3 1
16616 0.00157425 4 3
0 0 1 1
0 0 2 1
4156 0.000481116 3 2
24906 0.00288334 5 4
0 0 1 1
20768 0.000962117 5 5
2563964 0.00501179 8 63
0 0 2 1
4156 0.00203967 5 2
4156 0.00173983 4 2
37332 0.000601689 3 2
0 0 1 1
33192 0.00384245 3 2
0 0.00012449 4 1
20769 0.00234051 10 6
4156 7.52053e-05 4 2
37350 0.00216883 7 5
37340 0.00107648 10 10
0 0 2 1
0 0 2 1
0 0 4 1
4156 0 4 2
4156 0 3 2
0 0 3 1
2486936 0.00136282 10 69
0 0 1 1
0 0 2 1
0 0 1 1
0 0 1 1
0 0 1 1
16612 0.000424061 8 4
0 0 2 1
0 0 2 1
0 0 4 1
8310 0 4 3
12462 0.00129337 6 4
4156 0 4 2
58015 0.000209579 4 4
49761 0.00119776 4 4
0 0 1 1
0 2.99673e-05 3 1
0 0 2 1
16615 0.00144265 4 5
8310 0 3 3
4156 0 3 2
0 0.00192308 2 1
0 0 3 1
24911 0.00260479 4 4
33199 0.000578108 5 5
74583 0.000416224 6 8
4156 0.00069732 6 2
0 2.3355e-05 4 1
0 0 3 1
4156 2.66571e-05 3 2
0 0 3 1
0 6.21484e-05 3 1
0 0 1 1
12464 0.000459184 5 4
4156 0 3 2
0 0 3 1
20767 0.00282099 7 5
0 0 2 1
0 0 2 1
0 0 2 1
24906 0.000364376 5 3
1857340 0.00597788 14 148
4156 0.000481116 4 2
2533930 0.00393141 9 72
4156 0 4 2
0 0 4 1
0 0 1 1
4156 0 2 2
0 0 2 1
4156 0.000153945 4 2
0 0 2 1
8310 0.000962001 2 2
4156 0.000481116 2 2
0 0 2 1
4156 5.78821e-08 3 2
29065 0.00121053 8 7
0 0 3 1
8311 2.70117e-07 4 3
99275 0.00537034 10 12
8310 0.000240249 4 2
0 0 1 1
16615 0.00192342 5 5
0 0 1 1
8310 0 3 3
4156 0 3 2
0 0 3 1
4156 0.000481116 2 2
16616 0.000962001 3 3
0 0 1 1
4156 0.000481116 3 2
24911 0.00240327 4 4
0 0 2 1
16617 0.000962059 4 4
0 0 2 1
0 0 2 1
0 0 2 1
4156 0.000549174 4 2
33210 0.000870856 8 6
0 0 1 1
0 0 2 1
24915 0.000564578 6 5
41491 0.00142277 8 5
4788236 0.000998582 6 54
0 0 1 1
0 0 3 1
0 0 2 1
8310 0.000168379 3 2
201660 0.00422397 13 13
0 0.000186559 3 1
4156 1.90611e-05 3 2
0 0 1 1
20760 0.000613049 6 3
189718 0.00189997 11 15
351555 0.00226562 13 19
16612 0.00109584 4 2
0 0 2 1
4156 0 2 2
78622 0.00102526 7 5
29056 2.45612e-05 10 8
16612 0 9 5
0 0 3 1
12462 0 9 4
0 0 4 1
12462 6.27494e-05 7 4
8310 0 4 3
4156 0 4 2
0 0 4 1
0 0 2 1
0 0 2 1
4156 0 9 2
8310 0 9 3
0 0 9 1
4156 0 3 2
4156 0 3 2
20769 0.00207321 7 6
4156 0 4 2
0 0 3 1
20760 0 9 6
41486 8.17506e-05 12 10
8310 0 3 3
16612 0.000334853 3 2
0 0.000156384 3 1
20767 0.00214954 6 6
0 0 1 1
0 0 2 1
0 3.14128e-05 2 1
0 0 2 1
8311 5.78821e-08 3 3
45616 0.0030843 5 5
152848 0.00370248 11 13
0 0 1 1
2125916 0.0050406 12 133
0 0 3 1
0 0 1 1
0 0 1 1
0 0 2 1
0 0 2 1
0 0 1 1
0 0.000106902 3 1
0 0 2 1
0 0 1 1
4156 0 2 2
0 0 1 1
0 0 3 1
0 0 3 1
20767 0.00261009 5 4
0 0 2 1
8311 0.000962117 4 3
0 0 2 1
12464 0.000962001 3 3
4156 0 2 2
0 0 1 1
37332 0.0024855 4 2
0 7.49924e-05 2 1
0 0 2 1
0 0 1 1
24906 0.000286302 3 3
0 0 2 1
4156 0.000389683 4 2
0 0 1 1
0 0 1 1
4156 0 2 2
0 0 2 1
4156 0.000481116 4 2
0 0 2 1
12462 0 9 4
24914 0.000148326 13 7
8310 0 9 3
0 0 9 1
4156 0 9 2
33199 0.00168026 4 3
53884 0.00575811 5 5
0 0 3 1
45624 0.00264226 6 6
0 0 2 1
4156 0 2 2
0 0 2 1
0 8.31496e-05 2 1
0 5.78395e-05 2 1
119929 0.00166644 7 8
37332 0.00275876 11 8
4156 0.000432494 3 2
70450 0.00204108 10 8
4156 0.000481116 2 2
0 0 1 1
8310 0.000962001 2 2
0 0 1 1
12462 0.00144265 4 4
66324 0.000965354 8 8
0 0 4 1
0 0 3 1
396432 0.00278883 8 13
33192 0.000636567 6 4
29056 0.000636567 6 3
4156 0 3 2
0 0 2 1
4156 0 2 2
4156 3.4355e-05 3 2
0 0 2 1
8310 0 14 3
20760 0 14 6
24911 0.000983621 8 4
24906 0 14 7
58015 0.00245874 18 15
33192 0 14 9
12462 0 14 4
37332 0 14 10
41470 0 14 11
4156 0 14 2
4156 0 2 2
45606 0 14 12
0 0 2 1
16612 0 14 5
49740 0 14 13
29050 0 14 8
0 0 14 1
0 0 4 1
4156 0 4 2
0 0 1 1
0 0 1 1
20767 0.000693337 9 6
0 0 2 1
29056 0.000551211 7 6
8311 0.000108448 5 3
0 0 4 1
0 1.12085e-05 4 1
0 0 2 1
0 0 4 1
8310 0 4 3
16612 0.00192308 6 5
4156 0 4 2
12462 0 4 4
4156 0 4 2
0 0 1 1
8311 0.000390488 5 3
8310 0.000384962 7 3
0 0 1 1
0 0 4 1
0 0 2 1
24915 0.00210197 8 6
0 0 3 1
0 3.74518e-05 2 1
4156 0.000292072 4 2
0 0 1 1
0 0 1 1
0 0 1 1
0 0 1 1
0 0 1 1
37332 0.0102651 8 4
0 0 1 1
0 0 3 1
8310 6.81522e-05 5 3
4156 7.72727e-05 4 2
0 0 3 1
0 0 2 1
41494 0.000422412 4 5
0 0 3 1
0 0 2 1
62157 0.00274197 6 5
0 0 2 1
20766 0.000499518 5 4
0 0 2 1
4156 0 3 2
8310 0 3 3
0 0 3 1
0 0 1 1
0 0 1 1
234260 0.00851366 13 13
20760 0.0024033 5 5
12464 0.000160353 5 4
0 0 3 1
16612 0.000160353 5 5
4156 0.000160256 4 2
4156 0.000481116 2 2
53904 0.00164487 6 6
0 0 1 1
29065 0.00336469 5 5
0 0 1 1
0 0 1 1
12465 0.001443 4 4
33199 0.00188234 5 3
0 0 4 1
4156 0 4 2
0 0.000229607 3 1
20766 0.000451151 7 6
8310 0 4 3
0 0 1 1
58055 0.00477785 8 8
181631 0.00435343 8 7
4156 1.28498e-06 3 2
0 0 2 1
8310 6.13935e-05 4 2
4156 0 5 2
0 0 2 1
0 0 3 1
0 0 5 1
8311 0.000250813 6 3
4156 0 3 2
4156 0 2 2
16617 0.00165743 10 5
0 0 2 1
475760 0.00191933 8 11
164824 0.00203523 24 24
4156 0.000227525 2 2
0 0.000791736 2 1
4156 0 3 2
0 0 1 1
0 0 3 1
16615 0.00172509 6 5
0 0 1 1
8311 0.000962117 4 3
0 0 1 1
0 0 2 1
0 0 2 1
0 0 1 1
0 0 1 1
0 0 1 1
4156 0.00079086 3 2
41507 0.00387279 9 9
12464 0.000481116 4 4
0 0 3 1
4156 0 3 2
0 0 1 1
16612 0.00192308 4 4
0 0 1 1
4156 0 2 2
8310 0.0002405 3 3
0 0 1 1
12464 0.00384441 4 3
1707551 0.00662735 15 149
0 0 2 1
0 0 1 1
0 0 2 1
4156 0.0002405 3 2
0 7.79408e-05 3 1
4156 0.000177013 4 2
0 0 2 1
4156 0.000105304 3 2
12464 0.000510736 6 4
4156 1.42356e-05 3 2
0 0 2 1
4156 0 2 2
0 0 1 1
4156 0 3 2
0 0 3 1
4156 3.12367e-05 4 2
16616 2.54706e-05 5 4
0 0 1 1
29060 6.91647e-05 5 5
8310 0 4 3
4156 0 4 2
4156 0 3 2
0 0 1 1
0 0 2 1
16615 1.73646e-07 5 5
0 0 4 1
0 0 3 1
0 0 3 1
4156 0 3 2
0 0 2 1
0 5.73846e-05 4 1
29065 0.000626858 8 5
0 0 2 1
4156 0 2 2
0 2.20545e-05 3 1
0 0 2 1
33192 0.000154992 7 5
0 0 1 1
0 0 1 1
0 0 2 1
0 0 1 1
0 0 3 1
0 0 1 1
12464 0.000962001 5 4
33204 0.000114086 4 5
29050 0.000801459 6 4
0 0 4 1
4156 0 3 2
4156 0 4 2
24914 0.00192308 5 4
0 0 3 1
0 0 1 1
0 0.000368068 2 1
0 0 1 1
33205 0.00220534 6 5
0 0 3 1
8310 0.00148493 5 3
0 0 1 1
0 0 1 1
4156 7.90731e-05 4 2
0 0 3 1
0 0.000730784 4 1
0 0 3 1
0 0 4 1
4156 0.000128448 5 2
16616 0.000271641 8 5
16615 0.000383233 7 3
4156 7.39218e-06 4 2
0 0 3 1
0 0 2 1
8311 0.000470189 4 3
0 0 1 1
0 0 1 1
0 0 1 1
0 0 2 1
0 0 1 1
0 0 1 1
0 0 1 1
29050 0.000954976 7 7
214128 0.000321939 6 10
0 0 1 1
37340 0.00122162 5 3
0 0 3 1
0 0 1 1
4156 0 3 2
0 0.000420075 4 1
0 0 1 1
0 0 2 1
0 0 3 1
0 0 1 1
33204 0.00106116 6 6
8311 0.0002518 5 3
0 0 1 1
16617 0.00192365 5 5
0 0 2 1
4156 0 2 2
0 0 1 1
0 0 1 1
0 0.000682348 4 1
0 0 4 1
0 0 3 1
4156 0 3 2
8311 0.00140819 6 3
0 7.579e-06 4 1
0 0 4 1
888102 0.0112804 20 24
33207 0.00124833 8 7
0 0 2 1
0 0 3 1
37353 0.00466895 9 8
12464 0.000962001 4 4
0 0 2 1
4156 0 2 2
0 0 2 1
0 0 3 1
904559 0.00124248 8 20
0 0 1 1
62156 0.000438178 15 15
0 0 3 1
0 0 2 1
0 0.000411912 4 1
4156 0.0002405 3 2
8310 0.0002405 3 3
0 0 2 1
4156 0.000481116 2 2
0 0 1 1
0 0 1 1
0 0 2 1
0 0 4 1
12462 0 4 4
4156 0 2 2
8310 0 4 3
4156 0 4 2
0 0 2 1
12462 0 4 4
0 0 4 1
0 0 1 1
8310 0 4 3
4156 0 4 2
0 0 1 1
0 0 1 1
20767 0.00155774 5 5
4156 0 2 2
0 0 2 1
0 0 1 1
0 0 1 1
37359 0.00432484 6 6
8311 0.000962117 3 3
8311 0.000481116 3 3
8310 0.0002405 3 3
4156 0.0002405 3 2
0 0 2 1
0 0 2 1
0 0.000257802 3 1
33199 0.00103843 6 4
0 0 2 1
0 0 1 1
0 0 3 1
4156 0 3 2
12464 0.000481116 4 4
0 0 1 1
0 0 1 1
16612 0 8 5
8310 0 8 3
4156 0 4 2
12462 0 8 4
0 0 8 1
0 0 4 1
20760 0 8 6
4156 0 8 2
4156 0.000481116 2 2
8310 0.000325405 4 3
0 0 1 1
0 0 2 1
12462 0.00144265 2 2
16615 0.00144265 5 5
0 0 1 1
4156 0.000481116 2 2
8310 0.000962001 3 3
4156 0.00293108 3 2
0 0 2 1
0 0 1 1
4156 0.000481116 4 2
24914 0.000846924 5 3
0 0 1 1
91109 0.00378511 8 8
4156 0.000481116 2 2
0 0 2 1
0 0 1 1
12464 0.000962001 4 4
0 0 1 1
0 0 2 1
4156 0 2 2
0 0 2 1
4156 0 2 2
0 0 2 1
230680 0.0058934 17 17
0 0 2 1
0 0 1 1
0 0 3 1
4156 0 3 2
0 0 1 1
0 0 1 1
24911 0.000969914 9 6
20764 1.15764e-07 8 6
0 0 4 1
8310 0 7 3
45625 0.000962232 10 10
0 0 2 1
12462 0 7 4
0 0 1 1
4156 0 7 2
4156 0.00270799 4 2
4156 0.00148705 4 2
12462 0.000960645 5 2
33204 0.000962117 10 9
0 0 7 1
0 0 1 1
0 0 1 1
0 0 1 1
0 0 1 1
4156 0.000481116 2 2
4156 0 3 2
0 0 2 1
0 0 2 1
0 0 3 1
0 0 2 1
0 0.000114935 2 1
0 1.12589e-05 3 1
0 0 2 1
0 0 2 1
0 0 2 1
0 0 1 1
16617 0.00212482 7 5
0 0 4 1
0 0 2 1
4156 0.000114338 5 2
0 0 1 1
8310 0.000114338 5 3
91055 0.00329874 18 17
0 0 1 1
20768 0.000283971 8 5
0 0.00109439 3 1
4156 0.000481116 3 2
0 0 6 1
0 0 2 1
0 0 1 1
41487 0.00480271 7 7
0 0 1 1
12462 0.00111697 3 3
0 0 1 1
0 0 1 1
546991 0.00501678 29 263
0 0 1 1
0 0 3 1
0 0 2 1
4156 0 2 2
29060 0.00256503 8 7
0 0 1 1
4156 0 2 2
0 0 2 1
0 0 1 1
0 0 2 1
4156 0 2 2
0 0 1 1
4156 0.00015641 2 2
4156 0.00280805 4 2
0 0 1 1
8310 0.000962001 3 3
0 0 2 1
4156 0 2 2
37359 1.84939e-05 6 6
0 0 3 1
8310 0.000962001 4 3
12464 0.000962001 5 4
0 0 1 1
4156 2.62969e-05 3 2
4156 0 3 2
0 0 2 1
0 0 3 1
0 0 1 1
4156 0 2 2
0 0 2 1
0 0 2 1
4156 0 2 2
4156 0.000618695 3 2
0 0 3 1
33204 0.00198102 13 8
0 0 4 1
632602 0.018592 37 40
0 0 4 1
8311 4.88945e-05 7 3
20767 0.00017632 10 5
115837 0.00293418 12 11
0 0 6 1
0 0 2 1
4156 0.000481116 3 2
12464 9.00977e-05 4 3
0 0 3 1
4156 0.000315376 5 2
0 0 2 1
82831 0.000293301 6 7
4156 3.85787e-05 3 2
0 0 2 1
0 0 3 1
49767 0.00162056 11 10
8310 0 7 3
16612 0.000267074 8 5
20760 0.000267074 8 6
33205 0.00114681 10 9
12462 0.000267074 8 4
4156 0 7 2
0 0 7 1
0 0.000122023 2 1
8310 1.15764e-07 4 3
16615 0.000240384 4 3
20760 0.00120204 6 6
4156 0 3 2
0 0 3 1
24906 0.00288322 5 4
0 0 3 1
8311 0.000962117 3 3
0 0 1 1
0 0 2 1
0 0 1 1
4156 0 3 2
0 0 3 1
0 0 1 1
0 0 4 1
0 0 3 1
12464 0.000962001 5 4
8310 0.00103804 5 3
0 0 1 1
0 0 2 1
0 0 1 1
8311 0.000481116 3 3
0 0 1 1
4156 0.000481319 3 2
0 0 1 1
0 0 5 1
12462 0.000118027 6 4
8311 0.000118027 6 3
45606 0.000837334 9 9
41494 0.000837334 9 8
4156 0.000481116 3 2
0 0 2 1
0 0 3 1
0 0 1 1
4156 0 2 2
0 0 3 1
0 0 2 1
0 0 1 1
0 0 1 1
0 0 4 1
8310 0 4 3
4156 0 4 2
33215 0.000560637 11 9
1958404 0.00349297 13 28
0 2.36872e-06 4 1
0 0 3 1
4156 4.86417e-05 5 2
4156 0 3 2
0 0 3 1
0 0 1 1
0 0 2 1
4156 0.000481116 3 2
0 0 1 1
0 0 2 1
0 0.000222875 3 1
0 0 1 1
4156 7.60587e-05 4 2
0 0 3 1
0 0 1 1
8310 7.60587e-05 4 3
86972 0.00513314 11 8
12462 0 4 4
8310 0 4 3
0 0 1 1
4156 0 4 2
0 0 4 1
0 0 2 1
0 0 2 1
8311 5.78821e-08 3 3
0 0 2 1
4156 0 3 2
0 0 3 1
0 0 1 1
0 0 1 1
4156 0 2 2
0 0 2 1
16616 0.000962001 5 5
0 0 1 1
4156 0 3 2
0 0 3 1
0 0 1 1
0 0 1 1
4156 0 4 2
0 1.02978e-05 5 1
0 0 4 1
4156 6.68876e-05 5 2
0 2.55997e-07 4 1
0 0 3 1
0 0 3 1
0 0 2 1
0 0 1 1
4156 0.000481116 3 2
4156 0.000481116 2 2
49767 2.3817e-05 6 5
8311 2.55077e-05 5 3
0 0 1 1
58002 7.80726e-05 18 15
49767 3.19277e-05 14 9
53872 3.19277e-05 14 10
4156 0 7 2
0 0 7 1
4156 0.000481116 3 2
0 0 1 1
0 0 1 1
1977967 0.0018892 9 18
4156 0.000481116 2 2
0 0 3 1
0 0 1 1
16612 0.00109473 4 3
124091 0.00329479 10 11
0 0 1 1
0 0 1 1
0 0 2 1
0 0 1 1
0 0 1 1
0 0 3 1
4156 0 3 2
4156 0.00043567 3 2
0 0 1 1
8311 0.000172695 4 3
0 0 2 1
4156 0.000481116 2 2
0 0 2 1
0 0 2 1
0 0 3 1
4156 0 3 2
0 0.000135551 2 1
0 0 1 1
4156 0 2 2
0 0 2 1
0 0 2 1
16617 5.04605e-05 6 4
0 0 1 1
0 0 1 1
4156 2.52013e-05 5 2
0 0 1 1
0 0 1 1
0 0 1 1
4156 0 3 2
20760 0.00240327 4 3
8310 7.37867e-05 6 3
8310 0 3 3
0 0 3 1
12465 0.00048129 5 4
0 0 1 1
0 0 2 1
0 0 2 1
0 0 1 1
4156 0.000481116 2 2
0 0 1 1
0 9.67502e-06 3 1
0 0 1 1
0 0 1 1
12462 0 4 4
4156 0 4 2
0 0 2 1
8310 0 4 3
0 0 2 1
0 3.39816e-05 3 1
0 0 4 1
4156 0 3 2
0 0 3 1
29064 0.000136992 10 7
8310 0 3 3
4156 0 3 2
4156 0 3 2
0 0 2 1
0 0 3 1
8310 0 3 3
4156 0 3 2
0 0 3 1
0 0 3 1
0 0 1 1
0 0 1 1
4156 0.000481116 2 2
4156 0.000171033 4 2
8310 0.000586935 5 3
0 0 2 1
8310 0 3 3
0 0 2 1
4156 0 3 2
0 0 3 1
0 0 1 1
4156 0 4 2
0 0 4 1
16612 0.000227214 6 5
12464 0.000227214 6 4
0 0 3 1
4156 0.000565841 5 2
4156 5.74235e-06 3 2
0 0 1 1
0 0 2 1
0 0 1 1
0 0 1 1
0 0 1 1
0 0 1 1
0 0 1 1
0 0 1 1
12464 0.00144289 5 4
0 0 1 1
0 0 1 1
0 0 2 1
24914 0.000240056 7 5
4156 0 4 2
12464 9.84724e-05 5 3
0 0 4 1
0 0 4 1
0 0 3 1
4156 2.71522e-06 4 2
4156 0.0002405 3 2
8310 0.0002405 3 3
0 0 2 1
0 0 1 1
0 0 1 1
49777 0.00442651 6 6
29060 0.000962001 4 4
16612 0.00192308 4 3
0 0 1 1
0 0 2 1
0 0 3 1
4156 0 3 2
4156 0 2 2
0 0 2 1
8311 5.78821e-08 3 3
0 0 2 1
0 0 2 1
41486 0.000524846 6 4
58035 0.0019675 7 6
0 0 1 1
0 0 1 1
0 0 1 1
0 0 1 1
0 0 2 1
4156 0 2 2
0 0 1 1
4156 0 2 2
0 0 2 1
8310 0 3 3
4156 0 3 2
0 0 3 1
0 0 3 1
0 0 5 1
12464 1.15764e-07 6 4
0 0 3 1
4156 9.60672e-05 5 2
0 0 4 1
4156 0 5 2
8311 0.000135211 4 3
0 0 3 1
12464 0.00144289 3 3
4156 0.000481116 2 2
0 0 1 1
0 0 2 1
0 0 2 1
12462 0.00108906 3 2
4156 0 3 2
0 0 1 1
4156 0.00209822 3 2
0 0 3 1
0 0 1 1
0 0 1 1
24917 0.00125134 8 7
0 0 2 1
0 0 1 1
4156 0 3 2
12464 1.15764e-07 4 4
0 0 3 1
0 2.37847e-05 3 1
0 0 2 1
0 0 1 1
12464 0.000115408 6 4
0 0 2 1
602988 6.77475e-05 5 14
4156 0 3 2
0 0 1 1
0 0 3 1
0 0 3 1
0 0 2 1
0 0 3 1
177318 0.00397839 11 10
0 0 2 1
37340 0.00290711 5 4
0 0.000187141 4 1
0 0 3 1
0 0 2 1
0 0 4 1
4156 0.000481116 3 2
16616 0.00170747 5 4
4156 0 4 2
0 0 3 1
0 0 1 1
29056 0.000450508 5 4
4156 0.000481116 2 2
24911 0.000855597 5 5
0 0 2 1
0 0 2 1
16617 0.0003899 5 5
0 0 2 1
128170 0.00271203 6 11
0 0 2 1
4156 0.00112063 3 2
0 0 1 1
66309 0.00186739 10 10
66284 0.00499133 8 8
0 0 2 1
8310 0 5 3
0 0 1 1
4156 0 5 2
0 0 5 1
0 0 2 1
0 5.23936e-05 2 1
16615 3.47293e-07 5 4
0 0 3 1
0 0 3 1
8311 0.000481116 4 3
24911 0.000478931 9 7
8310 0 7 3
4156 0 7 2
12462 0 7 4
0 0 7 1
16612 0.00238749 8 5
20760 0 8 6
49776 1.38917e-06 14 13
16612 0 8 5
12462 0 8 4
4156 0 8 2
8310 0 8 3
0 0 8 1
20760 0 8 6
0 0 8 1
12462 0 8 4
8310 0 8 3
16612 0 8 5
4156 0 8 2
4156 0.000481116 2 2
0 0 1 1
0 0 1 1
0 0 1 1
0 0 1 1
0 0 1 1
0 0 1 1
0 0 2 1
4156 0 2 2
0 0 1 1
4156 0 4 2
0 0 4 1
0 0 2 1
8310 0 3 3
4156 0 3 2
0 0 1 1
8310 0 4 3
4156 0.00073089 7 2
4156 0 3 2
4156 0 2 2
0 0 3 1
0 0 3 1
0 0.00073089 7 1
37346 0.000708951 4 3
4156 0.000481116 3 2
607161 0.00245455 7 16
0 0 1 1
0 9.85082e-05 2 1
0 0 3 1
16612 0 13 5
4156 0 13 2
66256 0.00146435 19 17
0 0 13 1
0 0 1 1
12462 0 13 4
29050 0 13 8
33192 0 13 9
58047 0.000159474 15 11
20760 0 13 6
24906 0 13 7
8310 0 13 3
62130 0.000159474 15 12
0 0 1 1
0 0 2 1
16617 0.00108974 4 5
0 0 1 1
0 6.63897e-05 2 1
0 0 1 1
4156 0.000422586 2 2
0 0 4 1
8310 0 4 3
4156 0 4 2
0 0 1 1
29066 0.00192354 8 8
0 0 1 1
4156 0 2 2
4156 0 2 2
0 0 2 1
0 0 2 1
0 0 2 1
4156 4.13792e-05 3 2
0 0 1 1
4156 0 3 2
0 0 3 1
24917 0.000324893 6 5
53884 0.00162818 8 8
8311 0.000564527 5 3
0 0 2 1
45637 0.00272805 10 9
0 0 2 1
0 0 2 1
0 0 1 1
4156 0.000481116 2 2
0 0 1 1
4156 0 2 2
0 0 2 1
0 0 2 1
0 0 2 1
0 0 1 1
0 0 1 1
8311 5.78821e-08 3 3
0 0 1 1
24906 2.31528e-07 15 7
4156 0 11 2
20764 2.31528e-07 15 6
29050 2.31528e-07 15 8
8310 0 11 3
8310 0 4 3
33192 2.31528e-07 15 9
12462 0 4 4
12462 0 11 4
0 0 11 1
0 0 11 1
0 0 4 1
4156 0 4 2
37340 0.00040373 10 10
0 0 1 1
0 0 1 1
4156 0 2 2
0 0 2 1
20767 0.00185223 8 6
8310 0 3 3
0 0 3 1
0 0 3 1
4156 0 3 2
4156 0.000278104 4 2
0 0 3 1
4156 0 2 2
0 0 2 1
4156 0 3 2
0 0 3 1
8310 0 3 3
4156 0 3 2
8310 0 3 3
0 0 3 1
4156 0.000481116 3 2
8310 0 3 3
4156 0 3 2
0 0 3 1
0 0 1 1
0 0 1 1
12464 0.000210662 4 4
0 0 1 1
0 0 1 1
0 0 1 1
0 0 2 1
4156 2.31528e-08 6 2
0 0 5 1
0 0 4 1
4156 0 4 2
16617 2.40273e-05 6 5
0 0.000197882 4 1
0 0 1 1
0 0 2 1
33192 0.000851723 4 4
0 1.16897e-05 3 1
0 0 1 1
0 0 1 1
0 0 2 1
4156 0 2 2
8311 2.17413e-06 6 3
0 0 5 1
0 0 4 1
372708 0.000494973 30 32
62177 0.000604341 10 9
1569959 0.00343034 16 182
53872 5.14508e-08 23 14
58002 5.14508e-08 23 15
66256 5.14508e-08 23 17
4156 0 19 2
74502 5.14508e-08 23 19
70380 5.14508e-08 23 18
45606 5.14508e-08 23 12
12462 0 21 4
49740 5.14508e-08 23 13
78622 5.14508e-08 23 20
62130 5.14508e-08 23 16
37332 5.14508e-08 23 10
0 0 4 1
33192 5.14508e-08 23 9
0 0 21 1
86876 7.69738e-05 24 22
29050 5.14508e-08 23 8
24914 5.14508e-08 23 7
0 0 3 1
4156 0 21 2
8310 0 21 3
0 0 19 1
41470 5.14508e-08 23 11
4156 0 3 2
0 0 3 1
0 0 1 1
0 0 2 1
4156 0 2 2
0 0 1 1
0 0 1 1
29056 0.00194275 6 4
4156 0.000481116 3 2
0 0 1 1
8311 0.000962117 3 3
0 0 1 1
0 0 3 1
0 0 3 1
4156 0 3 2
0 0 1 1
20764 0.00240373 8 6
33211 0.00192342 5 6
0 0 1 1
4156 0.000481116 2 2
0 0 2 1
8310 0 3 3
0 0 1 1
4156 0 3 2
0 0 3 1
0 0 2 1
8311 0.000647948 7 3
4156 0 3 2
0 0 2 1
8310 0 3 3
164884 0.00141671 7 10
16615 3.66026e-06 6 3
0 0 3 1
78622 0 23 20
41470 0 23 11
0 0 23 1
82740 0 23 21
66256 0 23 17
62130 0 23 16
45606 0 23 12
53872 0 23 14
74502 0 23 19
86856 0 23 22
58002 0 23 15
90970 0 23 23
37332 0 23 10
33192 0 23 9
29050 0 23 8
24906 0 23 7
70380 0 23 18
20760 0 23 6
12462 0 23 4
49740 0 23 13
16612 0 23 5
8310 0 23 3
4156 0 23 2
4156 0 3 2
0 0 3 1
8310 0 3 3
0 0 2 1
0 0 4 1
8310 0 4 3
4156 0 4 2
0 0 2 1
0 0 2 1
4156 0 2 2
0 0 1 1
8310 0 3 3
4156 0 3 2
0 0 3 1
0 0 1 1
0 0 3 1
0 0 1 1
4156 0 2 2
0 0 2 1
0 0 1 1
8310 0.000962001 3 3
0 0 3 1
8310 0 3 3
4156 0 3 2
0 0 2 1
12462 0 4 4
0 0 4 1
8310 0 4 3
4156 0 4 2
4156 0 3 2
0 0 3 1
0 0 1 1
0 0 1 1
8310 0.00156251 5 3
0 0 3 1
29062 0.00169753 9 8
0 0 2 1
0 0 3 1
0 0 2 1
12465 0.000166895 5 4
8311 0.000365074 4 3
0 0 2 1
0 0 2 1
0 0 3 1
8310 0 3 3
4156 9.2525e-06 3 2
4156 0 3 2
0 0 1 1
0 0 2 1
0 0 1 1
0 0 1 1
70446 0.00125951 5 6
4156 0.000481116 2 2
0 0 1 1
0 0 1 1
0 0 1 1
0 0 1 1
0 0 1 1
0 0 1 1
16615 0.000831825 7 5
0 0 2 1
0 0 1 1
0 0 2 1
0 0 1 1
0 0 1 1
0 0 1 1
12462 0 4 4
8310 0 4 3
4156 0 4 2
0 0 4 1
0 0 1 1
0 0 1 1
0 0 2 1
4156 0 2 2
0 0 2 1
8310 0.000962001 4 3
12462 1.73646e-07 3 2
0 0 1 1
0 0 1 1
0 0 2 1
4156 0 2 2
0 0 2 1
0 0 1 1
0 0 2 1
12464 0.00144289 5 4
0 0 1 1
0 0 2 1
16612 0.000960843 3 2
29060 0.00192284 5 5
4156 0 2 2
0 0 1 1
0 0 2 1
4156 0.000481116 4 2
0 0 3 1
4156 0 3 2
0 0 2 1
0 0.000262317 3 1
4156 0 2 2
8310 9.58756e-05 6 3
4156 9.58756e-05 6 2
4156 0 2 2
0 0 3 1
0 0 2 1
0 0 5 1
8310 0 5 3
12462 0 5 4
41491 0.000993619 10 9
4156 0 5 2
111510 0.000534494 11 13
8310 0 5 3
107566 0.000534494 11 12
4156 0 5 2
0 0 5 1
4156 9.09817e-06 3 2
0 0 2 1
0 0 1 1
0 0 1 1
0 0 2 1
74502 0 34 19
99192 0 34 25
58002 0 34 15
45606 0 34 12
107406 0 34 27
115612 0 34 29
70380 0 34 18
140246 0.000962001 36 35
33192 0 34 9
62130 0 34 16
78622 0 34 20
49740 0 34 13
0 0 34 1
119712 0 34 30
53872 0 34 14
37332 0 34 10
41470 0 34 11
123810 0 34 31
90970 0 34 23
156627 0.00144265 37 37
103300 0 34 26
111510 0 34 28
127906 0 34 32
16612 0 34 5
86856 0 34 22
20760 0 34 6
82740 0 34 21
95082 0 34 24
29050 0 34 8
12462 0 34 4
66256 0 34 17
8310 0 34 3
24906 0 34 7
4156 0 34 2
0 0 3 1
8310 0 3 3
4156 0 3 2
0 0 2 1
0 0 1 1
0 0 1 1
0 0 3 1
29061 0.000804913 6 6
0 0 2 1
8311 1.25112e-05 4 3
0 0 1 1
0 0 1 1
8311 0.000481116 3 3
0 0 2 1
0 0 1 1
8310 0.000962001 3 3
4156 0.000481116 2 2
0 0 1 1
12464 0.00144289 5 4
0 0 1 1
0 0 2 1
0 0 1 1
0 0 1 1
0 0 1 1
0 0 2 1
4156 0 2 2
4156 0 2 2
0 0 2 1
0 0 1 1
4156 0 2 2
0 0 2 1
0 0 2 1
12465 0.000962117 4 4
0 0 1 1
4156 0.000481116 3 2
0 0 1 1
0 0 1 1
0 0 1 1
0 0 1 1
0 0 1 1
0 0 1 1
0 0 2 1
16615 0.000481116 5 5
8310 0 4 3
4156 0 4 2
0 0 4 1
0 0 1 1
16615 0.00144265 5 5
4156 0 3 2
8310 0 3 3
0 0 2 1
0 0 3 1
95158 0.00259747 13 14
0 0 4 1
12464 6.47408e-05 6 4
8310 0 4 3
74582 0.0013295 8 9
0 0 3 1
0 0 4 1
4156 0 4 2
4156 1.35018e-05 4 2
24914 9.94524e-05 7 6
0 0 4 1
4156 0 4 2
4156 0 3 2
0 0 3 1
0 0 1 1
0 0 2 1
4156 7.3759e-06 3 2
0 0 2 1
0 0 1 1
0 0 2 1
4156 0 2 2
0 0 1 1
4156 0 2 2
0 0 2 1
0 0 2 1
0 0 2 1
4156 0 2 2
0 0 1 1
0 0 1 1
20764 0.000548873 4 4
0 0 2 1
8310 0 3 3
0 0 2 1
0 0 3 1
4156 0 3 2
0 0 3 1
0 0 1 1
0 0 1 1
0 0 1 1
0 0 1 1
74567 0.00228987 6 9
0 0 3 1
4156 0.000481116 3 2
8310 0.000450074 4 3
33207 0.000792572 5 6
4156 0 2 2
8310 0.000962001 4 3
0 0 2 1
0 0 2 1
4156 0 2 2
0 0 1 1
0 0 2 1
0 0 1 1
4156 0 3 2
0 0 3 1
8310 0 3 3
0 0 3 1
8310 0 3 3
4156 0 3 2
33192 0.00384245 3 2
16612 0.000617886 9 5
0 0 1 1
0 0 2 1
0 0 1 1
8310 0.000962001 4 3
0 0 1 1
20767 0.000789845 7 6
0 0 3 1
0 0 1 1
0 0 3 1
8311 0.000202737 4 3
0 0 1 1
0 0 1 1
0 0 1 1
0 0 2 1
8310 0 3 3
4156 0 3 2
0 0 3 1
29062 0.00336446 8 8
4156 0 3 2
0 0 3 1
12464 1.15764e-07 4 4
0 0 2 1
4156 0 2 2
0 0 2 1
29050 0.00336295 3 3
0 0 2 1
0 0 2 1
4156 0 2 2
0 0 1 1
4156 0.000481116 2 2
0 0 1 1
0 1.21759e-05 3 1
0 0 1 1
0 0 1 1
0 0 1 1
4156 0 3 2
12464 0.000481116 4 4
0 0 3 1
0 0 1 1
0 0 1 1
0 0 2 1
0 0 3 1
4156 0 2 2
0 0 2 1
8310 0.00100469 4 3
4156 0.000481116 2 2
0 0 1 1
0 0 2 1
0 0 1 1
4156 0.000103298 2 2
0 0 1 1
4156 0 3 2
0 0 3 1
4156 0.000590893 3 2
0 0 2 1
4156 0 2 2
0 0 1 1
0 0 1 1
8310 0.000962001 3 3
0 0 2 1
4156 0 2 2
0 0 2 1
20760 0 6 6
12462 0 6 4
16612 0 6 5
8310 0 6 3
0 0 6 1
4156 0 6 2
0 0 3 1
33212 0.00100997 9 8
0 0 6 1
12462 0 6 4
0 0 2 1
8310 0 6 3
4156 0 6 2
4156 0 2 2
221891 0.00194629 7 12
4156 1.73646e-07 3 2
0 0 2 1
0 0 2 1
16616 0.000240732 5 5
4156 0.000240384 3 2
4156 0 3 2
0 0 3 1
0 0 2 1
0 0 1 1
0 0 2 1
4156 0 2 2
0 0 1 1
20766 0.000411239 7 6
0 0 4 1
4156 0 3 2
4156 0 4 2
0 0 3 1
0 6.21669e-05 3 1
20768 0.00144289 6 5
0 0 1 1
4156 0.000481116 4 2
4156 0 2 2
0 0 2 1
0 0 2 1
0 0 2 1
0 0 1 1
0 0 1 1
12462 0.00144265 7 4
16612 5.82226e-06 5 2
20760 5.82226e-06 5 3
0 0 2 1
4156 0 2 2
0 0.000169251 3 1
20764 0.000366632 4 4
24918 2.94174e-05 6 5
0 0 2 1
0 0 2 1
0 0 2 1
0 0 2 1
0 0 2 1
8311 1.73646e-07 4 3
0 0 1 1
0 0 1 1
0 0 2 1
0 0 2 1
0 0 2 1
0 0 1 1
16615 0.000721559 5 5
0 0 3 1
0 0 2 1
8311 0.000240442 4 3
0 0 2 1
0 0 1 1
0 0 1 1
0 0 1 1
4156 0 2 2
0 0 2 1
12464 0.00144289 4 4
0 0 1 1
0 0 1 1
0 0 1 1
0 0 1 1
0 0 1 1
0 0 1 1
0 0 1 1
0 0 2 1
0 0 2 1
0 0 2 1
0 0 1 1
0 0 2 1
0 0 1 1
0 0 1 1
0 0 1 1
0 0 1 1
0 0 2 1
0 0 3 1
4156 0 3 2
4156 0 2 2
8310 0 3 3
0 0 2 1
4156 0 2 2
0 0 1 1
0 0 1 1
0 0 1 1
0 0 1 1
0 0 1 1
12464 0.00144289 4 4
0 0 1 1
0 0 2 1
4156 0 2 2
37332 0 15 10
24906 0 15 7
53872 0 15 14
16612 0 15 5
33192 0 15 9
12462 0 15 4
20760 0 15 6
0 0 15 1
29050 0 15 8
41470 0 15 11
45606 0 15 12
49740 0 15 13
58002 0 15 15
8310 0 15 3
4156 0 15 2
0 0 1 1
4156 0 2 2
0 0 1 1
0 0 2 1
0 0 2 1
0 0 1 1
0 0 2 1
0 0 1 1
0 0 1 1
0 0 1 1
0 0 1 1
0 0 1 1
0 0 2 1
0 0 2 1
8310 0 3 3
4156 0 3 2
0 0 3 1
0 0 2 1
0 0 2 1
4156 0 2 2
16612 0 7 5
8310 0 7 3
4156 0 7 2
0 0 7 1
12462 0 7 4
0 0 1 1
0 0 1 1
0 0 1 1
8310 9.69504e-05 5 3
0 0 1 1
0 0 1 1
0 0 1 1
0 0 1 1
4156 0.000481116 3 2
16616 0.000962001 4 4
0 0 1 1
0 0 2 1
0 0 1 1
0 0 1 1
4156 0.000481116 2 2
0 0 1 1
16616 0.00175414 4 4
4156 0 2 2
0 0 2 1
0 0 2 1
4156 0 2 2
0 0 1 1
0 0 1 1
41470 0.000127211 5 3
0 0 1 1
4156 0.000481116 2 2
0 0 1 1
8310 0 3 3
4156 0 3 2
0 0 3 1
4156 0 2 2
0 0 2 1
0 0 1 1
0 0 1 1
0 0 2 1
4156 0 2 2
0 0 1 1
0 0 3 1
4156 0 3 2
0 0 1 1
0 0 1 1
4156 0 2 2
0 0 2 1
4156 0 2 2
0 0 2 1
0 0 1 1
0 0 1 1
4156 1.49559e-05 4 2
0 0 2 1
0 0 3 1
0 0 1 1
0 0 1 1
0 0 2 1
0 0 1 1
0 0 2 1
0 0 2 1
4156 0.000481116 2 2
33192 0.00384245 4 3
8310 0 11 3
41495 1.38274e-06 16 11
45606 1.38274e-06 16 12
0 0 11 1
12462 0 11 4
53872 1.38274e-06 16 14
58002 1.38274e-06 16 15
16612 0 11 5
4156 0 11 2
49740 1.38274e-06 16 13
16612 0 10 5
4156 0 10 2
8310 0 10 3
12462 0 10 4
0 0 10 1
0 0 3 1
4156 0 3 2
4156 0 2 2
0 0 2 1
0 0 2 1
0 0 2 1
4156 0 2 2
0 0 1 1
4156 0 2 2
0 0 2 1
0 0 1 1
4156 0 2 2
0 0 2 1
0 0 1 1
0 0 1 1
4156 0 2 2
0 0 2 1
0 0 1 1
0 0 2 1
0 0 2 1
12464 0.000962001 3 4
0 0 2 1
4156 0 2 2
0 0 4 1
0 0 1 1
4156 0 4 2
0 0 4 1
8310 0 4 3
0 0 1 1
0 0 1 1
0 0 3 1
0 0 2 1
4156 0 2 2
0 0 1 1
29050 4.39836e-05 9 8
16612 4.39836e-05 9 5
4156 4.39836e-05 9 2
20760 4.39836e-05 9 6
12462 4.39836e-05 9 4
0 0 8 1
24906 4.39836e-05 9 7
8310 4.39836e-05 9 3
4156 0 2 2
0 0 2 1
0 0 3 1
4156 0 4 2
12464 7.71762e-08 5 4
0 0 4 1
0 0 2 1
4156 0 2 2
0 0 2 1
0 0 1 1
0 0 1 1
0 0 1 1
4156 0.000481116 2 2
0 0 1 1
0 0 1 1
0 0 2 1
4156 0 2 2
0 0 1 1
0 0 3 1
8310 0 3 3
4156 0 3 2
0 0 1 1
0 0 1 1
0 0 1 1
0 0 1 1
0 0 1 1
0 0 1 1
0 0 1 1
0 0 1 1
0 0 1 1
0 0 1 1
