15254 8.25041e-05
15169 0.000765
13889 0.00119941
4 7.83086e-05
14608 0.00020824
17863 0.00570552
42 0.000108974
129 0.000177705
9 6.46823e-05
13 8.69145e-05
17128 0.00191431
4 0.000107468
5 7.70274e-05
17 0.000227641
16464 0.000639858
17382 0.00181803
13773 0.000797265
16286 0.00205097
3 6.5629e-05
15088 0.000260559
18 0.000172776
14281 0.000238253
13041 7.45853e-05
16033 0.000457201
28 0.000112763
15307 0.00058037
16910 0.00335115
13734 8.97914e-05
13250 0.000191541
16938 0.00136371
16158 0.000453166
17388 0.00349597
71 3.9011e-05
8 0.000215866
13927 0.000468827
16649 0.00131811
12956 4.10538e-05
7 7.93195e-05
5 2.30948e-05
12277 7.49257e-06
10 1.16757e-05
15583 0.000383829
14 0.000482584
12774 0.000833642
17735 0.00116752
13791 0.00104328
13442 0.000142515
14499 0.00055079
24 0.000263587
17875 0.0066008
12559 9.17011e-05
2739 0.00101104
12882 0.00111445
11 0.000161911
6 0.000177258
16515 0.000948689
13264 0.00105498
3 3.95746e-05
17492 0.00391117
16318 0.000310543
8 8.39471e-06
25 0.000180837
4 1.51753e-05
3 0.000102481
20 7.24533e-05
14254 8.71687e-05
28 0.000541693
16 0.00020539
12 0.000218487
14224 0.000718736
13816 0.00127417
12 0.000528959
13912 0.000719935
12793 0.000677567
13977 0.000404772
10 0.000170921
8 3.24094e-05
17606 0.00762464
118 0.000522067
17025 0.0020176
14393 0.000859918
12519 0.000227227
20 0.000263223
13479 0.000894062
17804 0.00933122
12551 0.000257055
15933 0.00104197
45 0.000187427
14157 0.000105711
17743 0.00250301
5 2.39526e-05
3 0.000168035
21 5.49355e-05
15869 0.00413438
13596 0.00179346
11 5.81179e-05
11 0.000130108
17636 0.00162379
17313 0.000884835
14784 0.000177371
13902 0.000592042
17895 0.0265897
14 0.000243855
16426 0.00129918
25 6.26779e-05
4886 0.000968903
17487 0.00097212
16703 0.000620801
14205 0.000653017
8 8.99457e-05
17278 0.001808
16586 0.000495732
17081 0.000765326
17901 0.00666332
36 7.26783e-05
19 5.27175e-05
15903 0.000779166
23 0.000282427
14837 0.000655083
7 9.52747e-05
17000 0.000751915
15007 0.00199915
59 0.000357161
6 0.00021247
66 5.59134e-05
4 2.07674e-05
17850 0.010604
816 0.000131146
139 7.00801e-05
13393 0.000414147
10 1.32524e-05
17729 0.00134532
69 0.000162731
311 8.12111e-05
26 0.000316287
15246 0.000111192
15774 0.000400661
138 2.53664e-05
16727 0.000794697
13869 0.00031696
12 2.43329e-05
6 0.000268203
12698 0.000139373
16687 0.000505982
16396 0.000908197
14861 0.000490346
9 1.41533e-05
27 0.00010107
14922 0.000490693
14875 0.000250878
13849 0.00089322
14404 0.000159533
5 0.000111719
10 2.02243e-05
6 2.23186e-05
9 1.38859e-05
14132 0.0013149
17241 0.00131352
7 3.29203e-05
11 2.80717e-05
13112 0.000567844
51 4.87414e-05
16199 0.000892803
17078 0.00237714
20 0.000108362
129 0.000112142
4 0.000325257
12497 0.00078049
11 0.000626185
6 0.000194418
17 0.00020001
24 0.000186793
5 7.08221e-05
14808 0.00059491
6 1.97148e-05
28 0.000446813
14446 0.00218085
8 5.37376e-05
7 0.000114694
45 0.000110519
78 0.000106882
16 3.35934e-05
33 0.000373095
4935 0.00019289
13093 0.000566479
14899 0.000271985
52 0.000114792
4877 0.000137566
1016 0.000180574
26 9.81132e-05
17374 0.000536203
4859 6.51711e-05
15890 0.000201628
145 0.000461324
13259 0.000317044
13589 0.00014178
27 0.000190903
16792 0.000455637
83 0.000103355
3 1.37113e-05
13143 0.000918225
19 0.000157308
6 6.68793e-05
14115 0.00113656
16471 0.00460152
356 0.00137885
112 0.000323226
16031 0.00608866
12630 0.00121535
6 1.77749e-05
68 0.000314795
8 0.000221747
13068 0.00140288
42 0.000145155
44 0.000128426
8 0.00024681
12341 0.000412718
14333 0.000333897
12 9.13805e-06
14797 0.000806135
15114 0.00243596
12 0.00104844
18 0.000988647
15062 0.00270938
6 0.000140926
14762 0.00386054
4 0.000102594
5 0.000337456
13237 0.00114663
8 0.000333307
3 1.27029e-05
8 3.51563e-05
10 3.20848e-05
14173 0.000932429
6 0.000170316
38 0.000670101
13720 0.00074272
26 0.000430722
14044 0.00196104
3 0.000203874
65 0.000258969
4318 0.00101632
12504 0.000444507
6 0.000114539
16201 0.00415912
24 0.000142974
14161 0.00143209
6 0.00013507
3 9.17353e-05
1184 0.000664269
2768 0.000667083
82 0.000377149
32 0.000247405
2734 0.000458018
30 0.000448895
5 0.000163165
13023 0.000463863
93 0.000521531
12593 0.000549884
13923 0.000193747
51 0.000169825
17719 0.00351089
13681 0.000686419
37 0.000467127
17011 0.00142321
3 5.76679e-06
13691 0.0010087
16388 0.000824621
13 0.000124903
29 0.000481553
90 0.00113749
19 0.000244301
5 3.42127e-05
13723 0.00128169
15336 0.00134443
17467 0.00113753
4395 0.000760554
17329 0.000740209
16393 0.000471328
4 7.95467e-05
17395 0.00198931
5 4.64796e-05
5 2.29167e-05
33 6.7786e-05
15538 0.000323912
15748 0.000313767
20 3.22944e-05
17884 0.0134751
13332 0.00012376
17552 0.000523989
53 2.229e-05
16372 0.000470578
17523 0.000439163
7 5.61429e-07
461 0.00114571
17797 0.00169883
15949 0.000586304
15697 0.00132879
14687 0.00018328
128 0.000108449
16531 5.48956e-05
560 9.3631e-05
25 0.00030635
17732 0.00541072
17401 0.00142524
17791 0.00438714
11 4.29363e-06
17121 0.000406887
109 4.55566e-05
17629 0.00148228
308 0.000345368
16213 0.000569181
16518 0.000299376
163 6.04255e-05
3 7.54526e-08
34 0.000131476
5 9.05304e-05
17501 0.0023428
115 3.22924e-05
16614 0.00104672
17247 0.00209349
12499 4.36345e-05
5 0.000164117
5 7.88685e-05
12847 3.65218e-05
16811 0.00175606
6 0.000115554
12945 0.000626851
43 0.000238703
16004 0.000644719
4889 0.000605588
13322 0.00019088
40 0.00031563
15391 0.000734595
7 0.00026343
12292 0.000222814
31 0.000718259
14682 0.00171291
12506 0.000270724
12524 0.000421546
3 0.000126077
13 7.15962e-05
1402 0.000221962
14302 0.00115556
14 0.000320626
39 0.000355163
4 0.000228576
14455 0.00126726
14723 0.000365162
13875 0.000209242
9 7.01588e-05
14463 0.000317625
29 0.000206665
125 0.000201619
15915 0.000393489
18 2.33598e-05
15862 0.00124325
17578 0.00341077
11 0.000322271
17099 0.00127579
99 1.16882e-05
22 9.34678e-05
74 9.97585e-06
6 8.61533e-06
14513 0.000297385
14034 0.000452981
4 8.59556e-05
19 0.00109026
16898 0.00241897
16054 0.000955837
1330 0.000312073
6 0.000184691
3 0.000112618
4 0.000111188
15884 0.00107269
38 0.000269769
30 0.000517065
15386 0.0015015
9 6.54517e-05
15907 0.000331418
6 4.56129e-05
31 5.74099e-05
16742 0.000588623
13455 0.000141252
111 2.04899e-05
3 3.29637e-05
13268 0.000336521
15371 0.00014967
15134 0.000206769
15673 0.000452706
2854 0.000437971
5 2.991e-05
16186 0.00114687
12574 0.000743298
17303 0.00337157
10 0.000150514
13 0.000353896
14362 0.000186553
2852 0.000620751
17568 0.00267192
7 8.85093e-05
17696 0.00312371
14638 0.000534544
17508 0.0122234
6 8.32224e-05
17644 0.0019662
10 4.72878e-05
17658 0.00237637
7 1.25192e-05
2874 0.000407548
16979 0.00233883
6 2.62039e-05
9 1.40228e-05
7 3.33278e-06
31 1.71854e-05
7 4.23145e-06
14273 0.000365604
13580 6.15276e-05
12 2.98232e-05
55 0.000150865
49 0.000151499
4 3.04504e-07
386 0.000221079
16227 0.000614094
14 0.000101601
9 0.000405724
53 0.000120935
113 6.06955e-05
30 8.41403e-05
18 0.00018098
26 1.12581e-05
21 8.00674e-05
127 0.0001958
13179 0.000453194
17 8.70021e-07
30 7.67037e-05
21 1.71125e-06
17 4.70473e-05
13787 0.000532959
6 8.54981e-06
46 5.82832e-05
194 0.000337766
15436 0.000333418
151 0.000115881
10 0.000230504
21 0.000315683
4 6.29774e-06
17572 0.00152532
363 0.000184872
16569 0.000629601
14998 0.000859455
113 1.03456e-05
1900 0.000364579
120 0.000224412
46 8.22519e-05
15234 0.000274704
5 1.24819e-09
31 4.58017e-05
31 4.52006e-05
16 0.000470716
17094 0.00153258
17181 0.00084851
4 4.82746e-06
9 2.60554e-05
7 3.4771e-09
20 5.89676e-06
17260 0.00131188
16817 0.000477619
19 8.22215e-05
5 4.40881e-05
3 0.0002284
25 4.0707e-05
15971 9.7179e-05
6 2.23939e-05
16272 0.000503553
12521 0.000262196
15203 0.000209393
16437 0.00128426
27 0.000649924
3 0.000133722
4 0.000335139
13 0.000907794
2837 0.000190914
4 0.0001245
16250 0.00335645
11 6.89148e-05
9 7.42393e-05
17109 0.00351111
5 1.12796e-05
3 3.4847e-05
15439 0.000400544
19 0.000315819
3 0.000208209
13945 0.000666735
36 2.69007e-05
13779 0.000437417
12817 0.000243704
13524 0.000815403
55 0.000505704
17 0.000224184
217 0.000116753
5 6.1249e-05
16828 0.00122134
15778 0.000414744
15807 0.000296396
16997 0.00136142
19 2.4543e-05
16355 0.000356555
16682 0.00101356
17677 0.00147435
14881 0.000311241
17220 0.00174473
15364 0.000274871
12 5.13413e-06
15443 6.9453e-05
15660 0.000391563
14068 4.12742e-05
16260 0.000476163
16361 0.00106682
15117 0.000225758
24 3.27449e-05
53 5.01921e-05
3 2.78201e-05
12264 0.000565862
15227 0.000701827
13648 0.00101859
47 0.000197404
14990 0.00145195
28 0.000533093
14594 0.000397499
17654 0.00137581
15796 0.00151957
4391 0.000330109
13206 0.000431435
66 0.000830705
5 0.000446821
19 0.000225719
14730 0.00106351
16802 0.00294793
11 0.000172046
4 0.000152729
34 0.000174163
4 0.000111719
7 0.000223426
12 0.000223061
1433 0.000360061
3 1.80037e-05
14764 0.000604833
5 6.28108e-05
21 8.21138e-05
4 0.000152198
17774 0.00204021
4 9.50997e-07
25 3.85859e-05
12554 0.000408922
145 4.67173e-05
12376 0.000231412
9 0.000137251
16376 0.000738478
11 1.52686e-05
16009 0.000469011
4931 8.01078e-05
4 1.06557e-05
636 0.000227888
20 0.000643475
12237 0.000144906
12888 0.00105219
12327 6.16431e-05
7 0.000138288
3 1.09205e-05
14326 0.00112576
13427 0.000481298
13350 0.000450299
17707 0.00504316
13211 0.00040032
12825 0.00072153
15263 0.00121893
4365 0.000228798
71 0.000452853
12308 0.000209665
6 0.000307976
15 0.00034954
15 0.000345969
3 0.000244871
12928 0.000502422
6 0.000182474
14242 0.00167239
19 0.000852649
16 0.000356429
16807 0.000652784
13833 0.0026974
12806 0.00136105
12227 0.000399677
24 0.000110246
268 0.00229751
14692 0.000273874
18 4.58036e-05
32 0.00014876
15047 0.000574298
25 0.000825921
13 9.1545e-05
7 0.000110782
16881 0.00448654
20 0.000182023
149 0.00113207
6 0.000177788
15311 0.000291658
14228 0.000240743
407 8.35596e-05
214 0.00167957
13 0.000223426
20 0.000109673
4 8.72429e-05
16378 0.00188408
102 0.000138045
15157 0.000313757
14659 0.000639358
12485 0.000288879
38 0.00104809
13713 0.000382023
15 0.00120123
9 8.08262e-05
14778 0.0030744
14 0.000472947
13909 0.000567494
7 5.03304e-05
12 0.00036671
57 0.00115864
45 7.84903e-05
12279 0.000218837
17 0.000618706
60 2.57302e-05
17103 0.00255111
17594 0.00107651
16103 0.000352546
137 0.000142927
13 0.00014563
15681 0.000777901
413 0.000336217
15187 0.000725409
15 1.26113e-05
13345 0.000895965
17826 0.00757379
47 3.4421e-05
50 0.000148254
71 0.00019774
10 0.000126292
15942 0.000461537
88 0.000131184
15653 0.00196787
17 0.00012927
37 0.000111646
33 1.15037e-05
25 4.31899e-05
8 3.97786e-05
10 6.55976e-05
16327 0.00055811
163 0.000128686
17445 0.00307404
16928 0.0017165
32 0.000219366
17349 0.000232655
288 8.25515e-05
26 1.72659e-07
4958 0.000282818
17407 0.000799613
4 9.088e-06
55 3.13289e-06
19 9.64464e-09
169 0.000241645
34 1.63673e-05
17046 0.000531789
17379 0.000742371
17533 0.00114671
28 0.000939703
15 2.6705e-06
16442 0.00158606
15725 0.0002956
17060 0.0040411
4302 0.000245201
16751 0.000712509
14 2.03335e-05
8 5.5556e-05
13676 0.00125392
12 9.92806e-05
3 1.18991e-05
10 0.000139667
14214 0.00173878
93 0.000410729
99 0.000403322
15212 0.0014997
15242 0.000693168
16 3.26535e-05
12175 0.000203151
6 0.000175592
19 1.48604e-05
7 0.000470717
9 7.10215e-06
27 0.000106451
14262 0.000477021
17 5.14414e-05
4 4.55958e-05
305 8.0586e-05
4952 0.000770931
16458 0.00118485
108 7.91153e-05
15677 0.000382521
191 1.66985e-05
14736 0.000478814
17028 0.00270076
10 0.000141004
34 0.000100452
62 0.000117329
222 0.000116889
17684 0.000400638
17526 0.00338471
8 4.42043e-05
3 5.95998e-07
17294 0.00054349
14025 0.000609327
57 0.000124713
4 8.39897e-06
12 8.54273e-05
4 6.44508e-05
6 2.52136e-05
16067 0.000766534
12401 0.000178736
12618 0.000146095
12 0.000648179
4 3.71583e-07
3 0.000186238
6 3.62646e-06
14321 0.00178263
3 0.000111719
13386 0.00099071
4 0.000154587
13153 0.00140367
14992 0.00282952
18 0.000326955
13220 0.000287458
13535 0.000573087
12780 0.000382498
12672 0.000594044
9 0.000583735
15427 0.00303454
25 0.00115529
10 9.54842e-05
13760 0.00103353
4966 0.00215163
12 1.02963e-05
3 2.33115e-06
16 5.67727e-05
5 4.57129e-05
3 2.90436e-05
14487 0.00120513
6 2.29528e-05
17 0.000567038
24 3.621e-05
49 0.00166138
74 0.000334239
12940 0.000805242
8 8.78851e-05
11 0.000151254
12 0.000895677
3 0.000165509
11 0.000565189
23 0.0011868
5 0.000231309
5 0.000141478
9 0.000242275
12366 0.000914473
15683 0.000478877
75 0.000167713
13 7.92333e-06
3 9.00373e-06
15229 0.00155217
16 6.56666e-06
34 0.000119084
54 0.00012523
9 7.69069e-05
2750 0.000385075
16696 0.00054495
167 4.94045e-05
12897 0.000473889
16235 0.000373274
26 4.39461e-05
59 0.000239483
15110 0.000404759
23 0.000415146
40 3.58085e-05
16677 0.000652913
12200 0.000117853
17614 0.00424372
3 0.000142098
1406 0.000346388
14716 0.000801718
34 0.000439263
16987 0.00128036
21 3.42689e-05
13 0.000110675
34 8.07773e-06
16590 0.000512173
15304 0.000144597
13283 5.88996e-05
6 2.44549e-06
27 4.9868e-05
4 2.71754e-06
15040 0.000330937
4 2.19173e-06
2877 0.00019368
6 7.42848e-05
15298 0.000105839
17275 0.00259539
10 0.000419138
9 2.80935e-05
17476 0.00114858
17362 0.00240427
17781 0.00106937
17347 0.000668399
15820 0.000182176
5 8.27473e-05
35 0.000159699
15668 0.000208827
12 0.000141149
5 2.51691e-06
15636 0.000197026
30 0.000261855
13948 0.000786923
16942 0.000691
5 8.36489e-06
3 7.46106e-06
15703 0.000524174
156 0.000132219
14662 0.000201896
94 2.47958e-05
14376 0.000383588
11 8.64573e-05
372 5.53087e-05
3 4.32475e-06
16345 0.000610463
5 2.1629e-05
13196 0.000181771
49 0.000287029
14039 0.000167494
13247 0.000121403
511 0.000157062
4921 5.66386e-05
30 0.0001397
14353 0.000462958
12427 0.00122067
6 0.000558519
7 3.86962e-05
4 2.80699e-05
4 5.07341e-05
171 1.42622e-05
4 2.22266e-05
13118 0.000988826
15834 0.00118515
12 8.88305e-05
33 9.77878e-05
59 0.000368299
3 2.67537e-05
8 0.000197997
14827 0.000832034
12 0.000293007
8 0.000566102
39 0.000138277
6 0.000293579
3 0.000106121
12761 0.00127513
12 0.000413949
5 0.000103691
10 9.29913e-05
13998 0.000266442
16747 0.00106484
3 4.60498e-05
14497 0.000382718
102 7.68811e-05
15478 0.000467624
14358 0.000158759
15056 0.00101825
15789 0.000849464
6 1.31908e-05
15 5.62085e-05
3 0.000132171
13 1.87853e-05
7 8.87096e-05
3 1.71808e-05
10 2.29786e-05
7 3.7293e-05
21 8.89568e-05
3 5.94701e-06
5 5.12506e-05
22 0.000292329
14140 0.000165541
5 0.000139522
19 0.000185602
13032 0.000174323
15695 0.000428488
31 0.000244923
2745 0.000359949
17155 0.000748563
14538 0.000351424
13354 0.000230031
1229 5.54457e-05
17194 0.000889608
14598 0.00111546
12433 0.000295376
3 2.60323e-05
4 8.38383e-05
14343 0.000474065
24 4.58029e-05
14299 0.000525079
3 5.1439e-06
13768 0.000164535
39 3.99369e-05
16754 0.000394574
14752 0.00014539
14 8.60741e-05
6 0.000211885
16 0.000146562
13 0.000408696
51 4.80433e-05
22 0.000185087
27 0.000193543
40 0.000143939
5 2.3306e-05
9 0.000301872
6 0.000374281
3 0.000120932
8 0.000119764
14847 0.000577104
15221 0.00052795
17064 0.00195688
38 0.000159081
4 5.55638e-05
4384 0.000140237
15923 0.00126344
14 0.00017954
3 8.47318e-05
14913 0.000885796
9 3.50797e-05
12924 0.000147182
12 0.000255115
14250 0.000583598
207 0.000269968
7 0.000139262
15 0.000110482
14945 0.00228096
3 3.5862e-05
15959 0.00167363
15368 0.000309419
12299 0.000104166
11 3.58859e-05
4 0.000163266
12771 0.000363636
12587 0.000633326
12753 0.00089251
14469 0.00181801
717 0.000143525
3 3.21827e-05
7 9.22919e-05
13398 0.00104818
16096 0.000898062
3 7.22303e-06
15641 0.000402237
4 0.000181426
15027 0.000130397
16955 0.00207958
12732 8.70888e-05
63 8.72498e-05
16859 0.00067033
13106 6.48792e-05
66 0.000285758
15768 0.000657801
14369 4.3396e-05
14017 0.00014768
14103 0.000138903
14634 0.000679538
16583 0.000994958
13887 0.00019411
6 2.22437e-05
14674 0.000789827
23 7.75108e-05
14982 0.000383316
4314 0.000153833
70 0.000421451
4 0.000126313
7 0.000150551
11 1.60231e-05
14296 0.000126408
13060 0.000167709
14267 0.000325401
7 7.70971e-05
3 1.2062e-05
3 3.03401e-06
5 0.000305057
7 5.17947e-05
5 2.91916e-05
92 0.000854334
16022 0.000631047
17535 0.00301746
4 4.57365e-06
6 0.000113266
14708 0.000804038
709 6.63709e-05
32 6.77286e-05
16312 0.000532968
4 3.89743e-05
10 5.26197e-05
16507 0.00066314
8 4.39936e-05
10 9.54422e-05
29 7.3182e-05
11 0.000446803
16195 0.000305022
8 8.00021e-05
8 2.1631e-05
15208 0.000660163
13571 0.000764186
40 0.000147852
4 0.000223426
15460 0.00104168
12231 0.00019623
13171 0.000247798
29 0.000146743
94 0.00111753
4 0.000178626
3 2.8101e-05
9 0.000689743
56 0.000217486
6 0.000106196
4 4.23094e-05
25 8.72e-05
15378 0.000183635
16536 0.000624791
13627 0.000382208
3 0.000123134
7 2.2006e-05
9 0.000107088
24 4.89862e-05
18 0.000179921
7 0.000174265
11 1.77144e-05
15147 0.000777134
14644 0.000754488
13563 0.000304305
35 0.000995588
13047 0.000324041
5 8.76824e-05
24 0.00039093
6 0.000117666
52 0.000187705
4 0.000119788
5 0.000225989
3 5.31237e-05
7 0.00010113
12358 0.000922076
104 0.000193132
5 4.19029e-06
19 2.00678e-05
15524 0.000532372
16446 0.000424588
16636 0.00057701
9 7.2761e-05
5 1.94512e-05
13939 0.000161065
6 8.6182e-06
21 1.14039e-05
14508 0.000218435
4 1.02389e-05
90 2.44131e-05
4933 0.000351341
28 1.25197e-05
31 6.62924e-05
12389 0.000403684
1217 0.00069529
201 0.000126476
16337 0.000723749
17131 0.00236563
15051 0.000366021
7 0.000300675
14286 0.000365296
2759 0.000114481
11 0.000203798
14820 0.000764548
11 0.000313913
4 0.000201648
17600 0.00196275
12 0.000258134
17550 0.00118411
4 0.000139636
3 2.49009e-05
15097 0.000332503
4867 0.000806218
16915 0.000898132
16153 0.00103745
5 0.000149617
18 0.000113
29 3.57676e-05
15127 0.00019417
14201 0.000120793
12306 0.000134915
7 4.53753e-05
86 5.93098e-05
16 6.76919e-05
4342 0.00102639
10 0.000106484
14 0.000447507
12601 3.56574e-05
15 0.000149119
10 0.000798384
6 0.000181502
12 3.94885e-05
132 8.3344e-05
4 1.85161e-05
7 0.000172242
28 0.000107767
7 3.25966e-05
3 2.82535e-05
15 2.04969e-05
3 9.02918e-05
12 0.000312011
3 5.15468e-06
15665 0.00055683
6 5.87662e-06
8 4.51046e-07
9 0.000111252
14581 0.000301716
17210 0.00227629
15785 0.000314007
14 3.11658e-05
51 0.000141396
357 0.000271665
5 1.32486e-05
25 0.00013248
10 0.000123889
7 0.000326191
13513 0.000465394
13567 0.000529528
45 0.000115576
7 3.70457e-05
2884 0.000299973
12 1.78994e-05
48 8.88455e-05
14 9.33179e-05
5 1.13023e-05
3 5.58566e-05
4 0.00029415
4811 0.000280808
9 0.00068012
4 4.83146e-05
47 0.000468413
12615 0.000191672
13846 0.000748056
14529 0.00251394
3 1.99121e-05
16788 0.00175524
12836 0.000340629
14252 0.000795431
7 7.52101e-05
21 7.4639e-05
3 0.000111719
18 3.66845e-05
29 6.535e-05
15 0.000154392
15014 0.000689088
5 1.56907e-05
15124 0.000192391
28 0.000240272
4961 0.000664619
14037 0.000437601
5 4.03617e-05
7 8.68138e-05
14669 0.000266468
20 0.000372927
5 0.000303394
7 2.90369e-06
14083 0.000386551
15045 0.000270031
46 0.000430953
7 9.97731e-05
15573 0.000728172
16833 0.000766353
15859 0.000724927
88 0.000312243
11 2.53817e-05
4836 0.000186839
54 0.00028965
4 6.92291e-06
9 4.09179e-06
73 0.000564217
4 1.23244e-05
705 0.000283358
9 0.000263315
16798 0.00212516
84 0.000503093
15179 0.000335286
15513 0.000370071
3 1.09103e-05
126 5.97898e-05
30 5.2821e-05
58 0.000212164
17006 0.000523193
13 0.000108561
14 2.74839e-05
875 0.000515254
14 4.11989e-05
1440 0.000134156
13277 0.00119202
9 2.6945e-05
39 8.35264e-05
4 3.02029e-05
5 0.000131241
4 1.26716e-05
15 0.000333643
26 0.000234247
14 0.000334914
14626 0.000962778
6 4.28072e-05
3 5.00555e-05
11 0.000104127
46 8.27281e-05
4 0.000253209
23 4.68124e-05
16098 0.00141757
15547 0.000156204
14372 0.000357992
16131 0.00100801
9 0.000486594
91 3.03558e-05
6 0.000103099
11 9.36753e-05
24 0.00013256
95 5.47469e-05
4929 0.000116165
3 0.00015588
3 2.92581e-05
4 2.18901e-05
15 0.000364244
12591 0.000293532
21 8.45086e-05
8 0.000398814
15881 0.00102103
14612 0.00014684
54 0.000184071
11 0.000422119
22 5.54746e-05
12301 0.000163689
9 5.64431e-05
87 0.000400814
11 0.000880473
5 0.000335121
22 2.99583e-05
12 0.000614723
345 3.28688e-05
18 3.56655e-05
42 0.000717254
5 5.35778e-05
205 1.16991e-05
3 9.06539e-06
52 4.48353e-05
37 3.06795e-05
10 0.000111719
4825 0.000120111
15782 0.000440213
46 5.89466e-05
45 3.1802e-05
22 6.7778e-05
4 5.72739e-05
23 3.17375e-05
7 0.000138843
4950 0.000916004
133 7.19483e-05
20 6.26037e-05
3 2.77743e-05
13880 0.00105478
26 0.000770312
9 0.000168964
17834 0.0028303
16855 0.000315557
15270 0.000251132
13699 0.000133409
14916 0.000311958
6 9.54076e-05
15831 0.000332129
63 4.36247e-05
8 3.42702e-05
16164 0.000276861
14503 8.25798e-05
15734 0.000187027
10 0.000320238
7 0.000215694
14793 0.000996886
12192 9.80804e-05
12716 0.000310489
14 0.000526643
12415 0.000246429
39 0.000676269
17 4.32161e-06
10 4.88564e-05
6 9.33761e-06
15717 0.000536832
5 0.000193533
4 1.99219e-07
12675 0.000212121
20 0.000597472
11 9.42267e-05
32 7.51076e-05
4 9.27974e-05
25 0.00108406
10 0.00026157
13 0.000300037
18 0.000799083
11 0.000188143
13 4.0779e-05
5 2.99996e-05
4 0.000142078
16315 0.000995396
16651 0.00130041
7 0.00010655
15590 0.000344761
4 3.91051e-05
16383 0.000708907
17311 0.00192111
10 5.08182e-05
76 0.000111047
17819 0.00267276
4832 0.000329177
11 4.75199e-05
14265 0.000287813
12 5.42538e-05
4785 0.000103899
79 0.00020022
8 0.000122418
13968 0.000370403
124 7.38339e-05
110 8.97664e-05
47 6.42115e-05
40 0.000481386
12814 0.000473041
9 1.42144e-05
13 7.39584e-05
140 0.000180453
8 0.000231731
14 0.000308609
16 3.44884e-05
27 0.000114982
13950 0.000141508
13102 0.000381327
13407 0.00014079
67 0.000276308
6 2.26326e-05
16 0.000259125
15122 0.000804237
4 2.03693e-05
14705 0.000398199
13306 0.00122924
7 6.19793e-05
4 0.000101262
15358 0.000575128
15 0.000260466
15597 0.00176103
4 8.52574e-05
3 0.000120468
63 3.98965e-05
115 0.00106856
98 0.000176731
3 1.92038e-05
97 0.000131774
3 2.42554e-05
16604 0.00124232
15282 0.000512439
12488 0.00037343
6 4.48417e-05
20 0.000288011
24 0.000162647
13919 0.00100777
4289 0.000410513
14703 0.000488615
18 0.000598866
6 0.000237105
38 0.000368339
62 0.000337927
6 5.82672e-05
15194 0.000659391
17741 0.00194348
69 0.000726247
13459 0.000109354
1221 0.000212797
14641 0.000405673
30 0.000489003
55 0.000435189
17199 0.00121595
10 0.000126809
12920 8.35947e-05
11 4.12587e-05
16 9.32862e-06
3 3.40988e-05
4 1.0545e-05
16252 0.000411317
4917 0.00017855
8 1.03138e-08
17052 0.000620802
10 0.000120304
20 0.000124321
18 2.1847e-05
43 0.000874979
15711 0.000520109
15639 0.00145741
13 0.000180849
12374 0.000234712
18 0.000122915
9 0.000150663
94 0.000209455
17152 0.000802609
8 4.40206e-05
15620 0.000266135
9 3.43689e-05
13634 9.94966e-05
16824 0.000431692
3 2.01086e-06
21 0.00019869
100 0.000135272
24 0.000259937
28 0.000200057
15511 0.000891558
13708 4.91198e-05
15267 9.48132e-05
56 0.000887665
70 0.000312388
48 0.000112289
33 0.000252767
16598 0.00035636
10 8.32809e-06
278 0.000259217
18 1.13825e-05
175 0.00129114
127 3.89849e-05
16764 0.00133329
15771 0.000795985
4 1.32082e-05
3 3.50187e-06
15065 0.000192838
17286 0.000708536
16633 0.000938691
13705 0.000180497
30 0.000309601
32 8.16148e-05
35 0.000515027
13483 0.000722026
3 2.43332e-05
9 0.000437628
11 2.56931e-05
16 0.000407182
18 0.000144081
12563 0.000366221
33 0.000121
6 3.87535e-05
12 2.89566e-05
9 7.34387e-05
3 8.21825e-07
9 9.26668e-06
160 0.00014702
4 0.00011372
6 0.000302713
6 0.000160294
95 0.000550238
31 9.13549e-05
3 5.6722e-05
18 2.48889e-06
22 5.06314e-06
25 7.58554e-06
452 0.000216262
7 0.000282893
14 5.37301e-05
48 2.46481e-06
16 4.61323e-06
13 9.37974e-05
158 0.000417067
15217 0.00039985
15876 0.000377472
17 0.00146915
7 7.51805e-05
5 9.78597e-05
17 0.000804372
4 0.000121416
45 0.00121329
7 7.15754e-05
14490 0.000267491
3 8.84014e-06
12316 3.49468e-05
19 1.94542e-05
7 9.1782e-05
7 5.10706e-05
8 0.000153793
195 1.73712e-05
14636 0.000152113
18 4.13585e-05
15730 5.26802e-05
37 0.000117707
25 9.1943e-05
6 6.71133e-05
68 0.000235242
15191 0.000179471
15080 7.44872e-05
16890 0.000404792
23 0.000317999
13295 4.00212e-05
15519 0.000291779
15836 0.000307144
4328 0.000126272
151 0.00113783
23 4.65513e-05
3 2.48373e-05
72 0.000463008
17490 0.00193171
8 0.000100342
6 4.16287e-06
12 0.00039823
13097 0.000274592
3 5.62272e-05
4 0.000137212
9 5.00833e-05
6 0.000153398
6 6.89577e-05
4 1.97167e-05
15484 0.000360824
16699 0.00021277
17171 0.00101196
26 0.000167997
6 5.54562e-05
6 0.000218689
31 0.000574671
360 0.00071341
23 0.000722528
15873 0.000520318
17557 0.00235419
16171 0.00063393
17038 0.00166459
23 4.23393e-06
4 1.45727e-05
3 1.33972e-06
46 0.00011504
16 2.60758e-05
15 2.14291e-05
35 5.5308e-05
323 0.000329382
15181 0.000520386
24 2.24831e-05
14 3.95252e-05
13 0.000143768
21 7.24046e-05
446 6.98487e-05
4 0.000212199
27 0.000225148
13960 0.00034815
14 0.00020907
14565 0.000484479
4 1.26754e-05
225 4.35074e-05
10 1.58507e-05
15991 0.000821931
79 6.93162e-05
12 4.20556e-06
12411 0.000241071
13800 0.000701653
15947 0.000819889
3 7.38266e-07
13 0.000188528
15708 0.000506912
13 3.19212e-05
6 0.000279131
19 7.91189e-05
6 5.70528e-05
65 0.000632945
34 0.00012996
15611 0.000261731
4 1.29188e-06
3 3.60555e-06
14974 0.000689776
9 5.46949e-05
16 1.73587e-05
14522 9.07955e-05
47 6.63456e-05
16415 0.000274769
15082 0.00015504
15495 0.000763208
16663 0.00142376
15 0.000205904
11 1.39467e-05
15965 0.00111889
6 2.31935e-05
3 6.84432e-06
6 4.99447e-06
15564 0.000519175
30 1.17432e-05
6 0.000160419
54 2.35016e-05
17 5.25582e-05
38 4.2279e-05
16166 0.000414636
15422 0.000562268
15449 0.000138237
7 0.000115998
13 2.26779e-05
3 2.10147e-05
4311 0.000101679
13 4.62179e-05
4332 0.000261189
12911 0.000210268
15 5.08532e-05
7 3.73656e-05
14949 0.000286146
3 2.69196e-05
15 0.000372036
20 2.35279e-05
3 5.59204e-06
27 0.000431534
16146 0.0015284
10 2.57701e-05
19 6.62228e-05
4 3.3203e-05
9 0.000139697
13603 0.00057166
15165 0.000465678
16 9.6417e-05
45 6.38705e-05
13285 9.28836e-05
23 2.19072e-05
13451 8.9851e-05
14585 0.000141814
74 5.24269e-05
17190 0.00121658
16074 0.000593747
35 6.92416e-05
4 4.97605e-05
5 1.43496e-05
3 1.70494e-05
40 0.000469194
8 1.20156e-05
10 0.000121874
16722 0.00109758
10 7.01814e-05
14605 0.000176311
14928 0.000763898
13338 6.53249e-05
301 0.00054733
40 6.09817e-05
8 9.36869e-05
16 5.60422e-05
43 4.76055e-05
61 3.75356e-05
8 1.04623e-05
16380 0.000364251
47 0.000200851
2726 0.00034556
2757 0.000251457
64 0.000368526
30 9.36169e-05
9 0.000146305
5 1.2119e-06
5 1.26393e-05
15205 8.23513e-05
8 7.28246e-05
13 2.31774e-05
15758 0.000247981
27 7.60751e-06
12222 0.000251935
12437 4.18929e-05
8 1.62568e-05
4 1.34644e-05
4 0.000121449
204 6.51364e-05
75 0.000102329
14760 0.00116126
9 0.000114347
16694 0.000512101
12483 0.000105555
4 4.23117e-05
10 0.000112847
14591 0.000198538
14195 0.000178851
13668 5.12239e-05
12735 3.95066e-05
6 3.87297e-05
15527 0.000271664
6 0.000121968
8 0.000143601
16070 0.000501498
16001 0.000427159
17179 0.0015176
152 0.000451131
15136 0.000407536
15817 0.000640845
31 6.41938e-05
36 0.000232225
16 7.43337e-06
15075 0.000268533
4 1.76828e-05
15842 0.000583508
9 0.000160208
8 3.15783e-05
4 0.000114516
16133 0.000650222
2860 2.35616e-05
12798 0.000521374
119 4.70988e-05
1894 7.15805e-05
37 0.000577132
12 0.00039764
10 6.83929e-05
16580 0.000401213
4 2.07516e-05
5 1.97688e-07
14049 3.87858e-05
14823 9.61823e-05
3 1.89578e-05
18 0.000163256
13137 0.000389447
13255 0.000831027
9 3.44699e-05
26 0.000372477
83 0.000253956
4 1.23904e-05
4 8.59212e-05
4298 0.000929411
8 6.83413e-05
9 0.000351013
6 0.000127586
10 0.000324889
3 1.19569e-05
4 7.806e-06
6 0.000623668
15327 0.000390239
12451 0.00024984
191 7.78024e-05
14473 0.000375872
5 7.92852e-06
16255 0.000170807
32 7.02231e-05
13461 0.000111512
16525 0.00153019
4880 0.000228809
27 0.000146686
10 2.39137e-05
6 1.2387e-05
4926 9.80197e-05
7 0.000193343
4 0.000157216
25 0.000260605
40 0.000447663
96 0.000684095
4 7.80847e-05
25 4.51134e-06
12168 0.000505093
29 0.0010276
4 1.5165e-06
14 3.20797e-05
12934 0.000102392
13897 0.000324654
14955 0.00064256
14 0.000120439
12442 0.000252011
15472 0.000922574
7 0.000248487
9 2.18816e-05
14310 0.000326165
3 0.000223432
3 7.81885e-06
33 0.000139116
7 3.73233e-05
15940 0.000935613
14 0.000371234
4 2.38167e-06
12913 0.000253702
21 0.000149899
6 0.000124051
14 2.55392e-05
5 7.78655e-05
7 5.99791e-05
6 0.000245346
15 8.80992e-06
7 2.57804e-05
3 1.51596e-05
5 1.58524e-05
12212 7.73452e-05
13161 0.000433117
8 0.000172541
51 0.000192773
5 5.53685e-06
384 0.000291815
3 3.12048e-09
6 0.000280062
77 0.000634122
9 0.000122542
14520 0.00076651
27 0.000117899
13 9.91002e-05
14278 0.000985504
13279 8.05351e-05
6 5.24926e-05
13315 8.84774e-05
27 0.00018863
85 0.000172946
7 0.000120332
13687 0.000843242
10 0.000120344
3 4.85825e-05
4 2.46501e-05
21 8.00571e-05
10 0.000144814
6 8.67846e-05
4 8.66637e-06
4 6.92153e-06
7 2.69567e-05
20 1.2056e-05
13 3.40149e-05
34 3.55237e-05
6 7.63689e-05
49 4.70758e-05
11 4.66647e-05
3 3.40491e-06
15762 0.00254539
9 1.886e-05
13037 5.14631e-05
17255 0.00171416
14725 0.000296445
545 0.000100899
33 7.40441e-05
241 7.94587e-05
16455 0.00180427
14291 0.000550419
27 0.000359057
115 0.000128899
14030 0.000218652
4 2.91218e-05
67 0.000220558
13444 0.000440878
5 1.16422e-05
5 0.000107204
5 1.77247e-06
12 0.00068452
6 0.000558497
12 8.44991e-05
22 0.00020682
306 0.000694176
10 2.01337e-05
15373 0.000628946
8 0.000140893
421 5.07934e-05
43 7.18457e-05
7 0.00017523
9 2.757e-05
12473 0.000155866
16409 0.000728197
28 0.000676785
12 0.000158122
4 0.000120388
14 5.72709e-05
7 3.21724e-05
25 6.32592e-05
23 0.000110812
14884 0.00018003
26 3.1316e-05
13 5.19947e-06
23 0.000120369
6 3.42888e-08
12 3.60457e-05
10 9.28104e-05
57 0.000195354
60 0.000177599
35 0.000166996
18 5.08362e-05
131 0.000453347
12417 6.85405e-05
5 3.65649e-05
13715 0.000147576
97 0.000285129
15150 0.000259104
7 2.3102e-05
5 3.80107e-05
14697 0.000193054
15951 0.00102467
12 0.000105158
7 9.82157e-06
9 0.000139392
21 0.00012345
8 4.78444e-05
27 0.000105498
12845 0.000255921
362 0.00046655
4 2.57612e-05
11 0.000174688
8 0.000364193
4 2.98696e-05
14743 0.000228419
19 0.000199944
16280 0.000838922
140 0.00069182
5 1.93444e-05
13 4.96974e-05
4883 3.78604e-05
4875 5.0864e-05
15618 0.000721502
203 9.55057e-05
16760 0.00103989
4 4.77784e-05
17769 0.00298681
13121 5.71577e-05
67 9.82302e-05
6 0.000298566
14395 0.000159961
9 0.000450402
61 0.000242351
20 0.000106484
13366 0.00044708
37 0.000363727
13 0.000368598
40 1.42855e-05
12663 0.000222615
15507 0.000365157
85 4.4166e-05
43 0.000468846
1210 6.02159e-06
4 0.000111217
4 9.94805e-06
11 0.000207534
16421 0.00100773
4 4.58128e-06
16013 6.07059e-05
17 0.000112085
9 1.2744e-05
12533 0.000414325
17 0.000419458
12768 0.000513032
1898 0.00032397
13 0.000116573
13652 0.000678582
3 0.000111719
88 0.00010249
13781 0.000202026
9 5.23982e-05
14 3.72356e-05
96 0.000118545
3 0.000119572
3 3.84222e-06
67 3.05238e-05
12304 0.000195779
13011 7.68606e-05
13 9.44926e-05
17587 0.00356834
6 0.000161309
4 0.000172785
4 4.86629e-05
8 8.34381e-05
12854 0.000114301
19 0.000186095
13319 0.000265906
18 0.000135506
1007 7.54338e-05
75 0.000656377
3 5.14534e-06
19 0.000852832
4 1.12844e-05
30 3.03345e-05
3 2.23145e-05
111 0.000103413
9 3.24413e-05
4 8.13359e-06
13575 0.000500784
32 0.000168672
10 0.000153382
15894 0.000806068
13123 0.000513994
10 0.000129842
55 0.000179335
20 0.000124953
4 1.32686e-05
4955 0.00105134
4 2.38208e-05
6 3.03874e-05
23 0.000212099
5 1.73427e-05
769 0.000221364
16400 0.000317633
16341 0.000530929
14027 7.94533e-05
14666 0.000969505
64 0.000296415
13086 0.000280614
13292 0.000873295
12669 0.000227647
138 0.000165535
16124 0.0014748
9 3.35357e-05
12 4.71467e-05
4 1.09521e-05
15976 0.000248733
6 6.73802e-06
16607 0.000598269
4 5.80008e-06
4924 1.7415e-05
13943 0.000201752
166 0.000168321
15 0.000224072
8 6.76655e-05
12596 0.000388318
9 9.89756e-05
15380 0.00113021
11 3.40524e-05
9 2.23314e-05
24 0.000145643
91 6.76045e-05
34 3.42552e-05
158 0.000203141
6 0.000135573
13370 0.00102175
13594 0.00051071
60 8.57281e-07
20 4.59227e-05
16830 0.000466775
6 1.52989e-05
3 2.69445e-06
74 0.000131244
14419 0.000671352
5 0.000211192
14855 0.000323105
13702 0.000247722
34 0.000182321
13803 0.000138322
5 2.14458e-05
3 1.45909e-05
5 0.000127585
37 1.46418e-05
5 0.000228958
14337 0.000700668
15487 6.95357e-05
15851 8.14566e-05
14750 5.61692e-05
10 2.02249e-05
16082 0.000243274
3 3.13294e-05
16573 0.00139778
17405 0.00201676
34 4.47077e-05
14811 0.000109061
15 0.000206158
25 0.000179034
21 0.000937254
14410 0.000242896
4818 0.00027178
179 0.000122783
3 9.88356e-06
4 0.000249335
10 0.000224099
7 0.000239914
6 2.84363e-05
4 6.24096e-09
3 3.16914e-06
15981 0.000420786
16 3.16492e-05
5 0.000141966
760 6.93594e-05
79 6.70557e-05
20 4.36364e-05
6 7.12966e-05
23 5.67336e-05
24 2.42556e-05
70 0.000117813
17 0.000492475
8 0.000156852
14 1.16196e-05
15091 0.000199557
16735 0.00110381
13592 9.40746e-05
3 2.40023e-07
14381 0.00011985
35 2.57489e-05
14844 0.000283304
5 0.000165897
118 4.12394e-05
11 3.51013e-05
68 2.28171e-05
15550 0.000214345
3 4.89998e-05
15318 0.00012001
5 6.65438e-07
68 0.00013964
5 2.69314e-05
27 2.71792e-06
9 2.25626e-05
40 0.000148679
73 0.000303561
5 4.75852e-05
13529 0.000167574
2717 8.17126e-05
16 5.14706e-05
14987 9.06018e-05
16 2.67092e-05
6 5.54624e-05
3 2.28643e-06
10 0.000116471
18 0.000101919
18 0.000121437
13228 0.000177275
31 2.36896e-05
4305 0.000477051
15 3.58775e-05
235 0.000382657
15498 0.000707893
4 7.86335e-05
23 5.55553e-06
4853 0.000106028
5 2.18527e-06
14119 0.000262583
5 0.000109034
58 9.55607e-05
38 0.000156233
55 0.000112595
5 2.60441e-06
13028 0.00017431
4 0.000111773
6 1.67243e-05
23 1.92315e-06
13384 0.000139358
141 0.000180946
13670 0.000207646
8 1.76723e-05
49 8.20077e-06
317 0.000481317
14441 0.000475783
28 2.74808e-05
14099 0.000259487
16717 0.000871449
3 1.24737e-05
4372 0.000184908
21 8.53478e-05
14433 0.000332771
6 2.73162e-05
15153 0.000454085
7 6.81217e-05
4 1.11645e-05
11 0.000219807
7 1.02057e-05
47 0.000219482
5 2.60606e-05
30 7.66512e-05
4 4.33263e-05
29 0.000203432
10 3.03868e-05
10 0.00010701
13657 0.000120296
5 3.31859e-06
23 0.000216672
11 6.23815e-05
6 6.309e-05
15 8.18087e-05
18 5.66571e-05
4 1.07712e-05
55 9.9015e-05
7 1.43604e-05
16028 0.000864766
13 5.45363e-06
12903 0.00026006
4 3.70359e-05
6 3.32584e-06
12867 4.79288e-05
8 2.59956e-05
13861 8.23702e-05
5 9.01041e-05
3 1.59693e-05
16 3.21062e-05
230 0.000396572
9 5.35096e-05
4 6.75036e-05
31 2.30215e-05
13 9.59664e-06
80 4.35026e-05
5 1.61532e-06
9 1.00471e-06
51 0.000119855
4 1.28457e-06
13 2.95341e-05
15 5.71411e-05
6 0.000106312
28 0.00122823
34 0.000128256
17520 0.00265041
3 0.000111719
13560 0.000774334
6 9.23674e-05
5 1.57097e-05
49 7.02522e-05
3 0.000282642
17071 0.000798766
3 1.46911e-05
18 0.000118376
4 4.02204e-05
23 0.000129831
12290 0.000145272
14863 0.000226944
8 0.000122951
3 3.93967e-06
6 2.13051e-06
14801 0.000226462
13425 0.000155091
6 8.46687e-05
7 4.41112e-06
4 3.69609e-05
3 1.5229e-05
17316 0.00266564
8 0.000457981
10 1.82423e-05
8 1.30913e-05
21 9.35746e-05
4 4.74768e-06
6 4.37296e-05
32 2.54723e-05
14872 0.00102441
5 3.66579e-06
19 0.000399585
1214 0.000537938
4275 5.1924e-05
144 0.000817736
32 0.000320767
14 4.33286e-05
12689 0.00014482
10 4.72836e-05
16024 0.00191563
2702 2.64204e-05
14518 0.000567434
3 3.30074e-05
5 0.000109047
12 1.21699e-07
9 5.24174e-05
58 0.000133824
6 0.000558509
6 8.96332e-06
6 8.99559e-06
13348 0.000371718
13 8.23405e-06
5 0.000111719
10 2.95038e-06
18 5.31882e-06
58 4.24692e-05
8 5.84988e-06
14189 0.00178581
13410 0.000314481
10 5.54545e-05
4 2.5813e-05
14 0.000478786
5 1.73529e-05
5 0.000162901
10 4.3743e-05
13583 0.000230385
3 0.000111719
6 2.9717e-05
10 2.86572e-05
16673 0.00183627
10 8.41787e-06
67 0.000200252
23 0.000222768
35 6.72949e-05
6 0.000111719
20 0.000792796
25 3.11449e-05
23 0.000140397
13639 0.00019735
5 4.9228e-05
14 0.000107512
8 9.53565e-05
14544 0.000629338
22 0.000109636
13077 0.00024329
9 1.9737e-05
38 7.43174e-05
24 9.48702e-05
16494 0.00213786
13 0.00010197
14501 0.000641032
7 0.000244012
12852 2.9215e-05
3 3.12578e-05
8 6.27531e-05
15826 0.000844543
12958 9.11876e-05
19 0.000151835
7 0.000355625
3 6.99292e-06
36 7.5588e-05
77 4.69356e-05
3 2.90442e-05
16931 0.000829631
40 0.000146645
7 8.00473e-05
560 0.00011755
5 0.000261812
36 3.29149e-06
8 0.000477336
7 9.99148e-07
57 4.87344e-05
14 1.39871e-05
6 5.57549e-05
7 8.61725e-05
4278 9.69822e-05
15071 0.000584013
8 0.00035069
14 5.57499e-06
664 7.32099e-05
215 0.000171315
5 0.000195312
18 6.6498e-05
99 3.75458e-05
106 0.000137568
3 1.16345e-06
15543 4.38897e-05
57 7.71884e-05
46 8.15305e-05
16840 0.00073868
8 0.000128021
347 2.89862e-05
5 3.06588e-05
3 2.77675e-05
3 4.89437e-07
13684 0.000100784
13883 0.000303843
130 7.61359e-06
4 2.35525e-05
44 0.000231242
30 0.000143928
7 9.28104e-05
49 9.77477e-05
7 4.85624e-05
12778 5.17942e-05
12 4.32735e-05
225 9.9462e-05
10 0.00021919
4 8.9286e-05
14073 0.000307162
12 5.98349e-05
7 1.33863e-06
2709 0.000103059
4 7.92741e-05
4348 0.00119234
26 0.000489274
45 0.000379083
84 7.27588e-05
65 0.000185606
13231 0.000295278
10 0.000118843
10 0.00012646
20 0.000123096
5 1.33351e-06
14013 0.000631585
16148 0.000925399
13218 0.000884538
16578 0.00192228
8 0.000111634
5 7.1955e-06
3 4.45283e-05
20 0.000154202
12 6.72761e-06
4 2.48218e-05
4337 0.000239939
15606 0.000218015
16626 0.000768379
44 0.000351005
2199 1.67249e-05
6 0.000237136
3 8.65892e-06
24 4.40715e-05
3 1.48903e-05
13167 0.000295752
12640 5.925e-05
13993 0.000808642
12649 0.000169791
4 3.56443e-05
10 6.3245e-05
16 0.000144585
39 0.000185332
27 0.000182682
14306 0.000126563
4287 6.05385e-05
8 2.64791e-05
5 1.4254e-05
625 0.00254142
7 1.03758e-05
12 3.50474e-05
6 0.00037534
13404 0.00071056
12720 0.00026458
21 0.000152912
18 0.000156657
40 1.47761e-05
11 2.79188e-05
13336 0.000616824
5 2.85019e-05
21 2.95185e-05
44 4.19563e-05
13083 2.28832e-05
13663 0.000143833
10 0.000121748
13243 0.000172626
14831 0.000344133
4 2.2336e-05
144 9.2821e-05
4 1.8325e-05
8 3.44745e-06
10 1.96462e-05
14559 0.0001947
36 2.97811e-05
9 0.000153002
7 0.000446803
21 8.037e-05
13 2.58415e-05
2872 0.000225295
14427 0.000202016
185 0.000203943
3 5.71161e-06
26 3.74841e-05
16043 0.00106608
13 3.29747e-05
13389 4.00589e-05
5 8.66921e-06
9 6.81229e-05
3 2.83485e-05
45 4.26699e-05
8 0.000154255
13463 0.000231429
11 5.72167e-06
12274 4.23776e-05
14408 0.00018869
4 3.67509e-05
3 4.39374e-06
25 0.000106684
171 0.00162394
16277 0.000112799
16 9.0492e-05
16106 0.000590059
6 0.000132259
3 2.2571e-05
21 0.000145399
11 9.63484e-06
10 7.09406e-05
180 4.26508e-05
52 6.86743e-05
13175 9.72152e-05
15223 0.00196239
7 5.04455e-06
3 3.04354e-06
15 4.13183e-05
53 0.000315021
22 0.000141348
5 4.35233e-05
3 3.6011e-05
5 4.32622e-05
35 9.66308e-05
3 4.1501e-06
33 0.000218294
8 0.000243773
18 6.51223e-05
4 9.22311e-06
4 6.19629e-05
224 1.22802e-05
11 2.93911e-05
4 2.89882e-07
7 8.92848e-06
3 6.05544e-05
6 0.000104421
9 1.65017e-05
11 0.000387886
4 0.000237037
13935 0.000905862
41 0.000242603
13 0.00047177
227 0.00188349
8 0.000124546
7 0.000191623
3 0.000114006
7 2.61052e-05
5 0.000187264
6 2.20598e-05
12284 0.000329607
2069 0.000320106
12 0.000119521
35 3.12166e-06
9 6.16753e-06
12 1.59611e-06
59 0.000201629
68 7.53261e-05
6 4.05048e-06
14 3.93932e-05
12995 8.38293e-05
13245 0.000847959
7 0.000413627
10 0.000187151
13954 7.82395e-05
4 6.1135e-07
7 1.95585e-05
15431 0.000426792
15257 0.000220034
12446 0.000156419
3 2.40543e-05
15522 0.000733744
3 6.19315e-09
16 2.68213e-06
5 5.95023e-05
13777 0.00027784
9 9.97432e-05
8 0.000781873
4 0.000223426
13379 0.000245568
14 0.000329074
4849 0.000229705
349 0.000275771
66 5.98127e-05
3 0.000161535
10 5.19929e-05
24 7.90307e-05
15 0.000785799
13 2.35469e-05
14 9.73246e-05
14 0.000277566
4 7.44671e-05
5 7.21882e-06
7 3.57442e-05
13440 0.000488925
11 3.64523e-05
5 0.000428516
281 0.00014099
9 4.04668e-05
41 0.000565962
12566 8.07519e-05
16523 0.000708032
34 0.000105665
13726 8.35278e-05
7 1.29799e-05
12 1.72791e-05
1214 0.000386564
13377 0.000451309
653 6.67065e-05
12348 0.000478348
8 4.14534e-06
3 4.63509e-06
11 2.38686e-05
21 9.81317e-05
3 3.1082e-05
3 1.02364e-06
12 1.33001e-06
5 1.19618e-08
12 0.000893405
4 6.38274e-05
3 3.2719e-07
34 9.49339e-05
30 1.57266e-05
10 0.000781836
3 1.63439e-06
14 6.29892e-07
26 4.2532e-05
3 0.000114419
24 1.70772e-06
14905 0.000656931
4 3.29226e-05
45 2.68184e-06
13844 8.8921e-05
27 0.000261984
614 4.37539e-06
13629 0.000280485
14866 0.000501034
3 2.11069e-06
11 1.49485e-05
55 2.45105e-05
18 4.90632e-06
17 0.000204551
8 1.41628e-05
15002 4.75144e-05
5 2.18477e-05
10 0.000117425
15 2.64835e-05
3 9.47448e-08
5 4.13385e-06
13577 0.000184455
15804 0.000428477
6 2.47648e-05
15175 0.000270336
3 3.95316e-06
5 2.65732e-05
16059 0.00058516
10 1.17052e-05
4 4.66845e-05
269 6.41768e-05
13129 0.000643629
16121 0.000123837
16142 0.000354238
13080 4.64875e-05
9 9.29331e-06
17 6.21454e-06
13420 0.000101451
24 8.31028e-05
9 3.87214e-05
47 0.00049126
3 4.29509e-06
5 7.97096e-05
5 2.94952e-05
16476 0.00038564
12901 7.67543e-05
13504 0.000451553
4 4.44477e-06
90 8.89219e-05
11 0.000293292
3 1.18696e-05
10 6.65042e-05
60 3.80667e-05
8 0.000364116
16 9.79891e-06
12782 0.000172907
3 2.54358e-05
88 0.000940817
7 2.4966e-05
13004 9.96943e-05
251 3.38132e-05
11 9.72624e-06
8 9.16877e-05
5 0.000185546
3 0.000117214
12287 0.000161911
40 5.25289e-05
20 0.000145321
37 0.000599857
11 0.00014016
3 1.91769e-05
7 8.60114e-05
12311 3.51616e-05
18 8.39635e-05
63 5.57435e-05
82 6.2439e-05
14577 0.000145543
22 5.58705e-05
12 0.000122553
139 4.79874e-05
15569 0.000197269
3 0.000126855
50 0.000154499
12 0.000104958
419 0.000606553
16035 0.000726894
53 3.61076e-05
14 6.25426e-06
6 3.15749e-06
13075 0.000453414
15276 0.000965348
10 0.000116117
6 5.41439e-06
17 5.70927e-05
18 0.00013767
4 9.73712e-05
17138 0.000869262
17323 0.000580805
13 2.525e-05
23 2.59615e-05
15085 0.000193675
15237 7.76988e-05
15997 0.000271385
16655 0.000296357
15383 0.00018093
18 0.000167518
4 1.13052e-05
57 5.18735e-05
14 4.03327e-05
14648 9.32978e-05
8 1.18117e-05
13987 0.000374121
12568 0.000145002
33 0.000117332
57 1.71259e-05
17 5.24025e-05
45 0.000771205
10 1.27746e-05
14 1.299e-05
83 0.00015744
15 0.000166516
102 0.00015481
12 0.000370686
8 7.49634e-05
62 7.12433e-06
246 0.000245937
11 0.000163076
8 0.000194817
49 0.000997546
27 0.000131621
3 0.000111719
44 5.46235e-05
22 3.3635e-05
5 0.000121215
101 0.00054064
7 0.00017765
5 0.000335121
24 4.49058e-05
19 8.33448e-05
3 1.67185e-05
4799 0.000145066
16970 0.000281491
35 1.56592e-05
14952 0.000338114
21 7.17848e-05
12626 0.000214082
6 0.000558534
9 0.000360732
5 0.000165437
6 0.000106945
5 0.000122921
19 0.000352334
6 0.000259973
10 6.16024e-06
8 2.79818e-05
16 3.55747e-05
20 6.92055e-06
1191 5.55812e-05
42 9.28235e-05
3 2.04729e-05
24 9.64011e-05
36 0.000365328
10 0.000545667
13 4.64209e-05
20 1.71596e-05
5 0.000223491
3 0.000115451
57 0.000303336
5 8.5896e-06
10 0.000409618
14 9.53748e-05
9 9.38143e-05
51 2.49845e-05
5 9.65604e-06
13 8.96021e-05
11 7.0526e-05
13007 0.000259771
23 4.59214e-05
99 0.00028947
8 4.50792e-06
28 0.000156541
4 1.15871e-05
4 1.16929e-05
102 2.14579e-05
13643 0.000169155
5 2.73339e-05
13616 0.000379411
4 3.44702e-05
13645 0.000263644
22 9.44597e-05
17 0.000111718
12711 0.000261459
14056 0.000454429
13343 0.000285526
108 0.000239713
4 3.94024e-05
3 2.20686e-05
35 0.00016863
3 3.12048e-09
5 1.48943e-05
13872 0.000320758
19 0.000221507
10 4.88212e-05
10 0.000159549
7 0.000119418
197 0.00046138
12 1.81182e-05
9 4.20832e-05
25 9.58037e-05
8 0.000219874
26 5.5382e-05
4 5.99201e-06
7 3.09367e-05
6 2.50174e-05
87 2.67058e-05
12 1.79571e-05
4 4.19934e-06
14614 0.000174481
3 6.49285e-06
23 7.68948e-05
12 0.00029522
12 0.000323673
8 0.000159794
3 2.70451e-05
3 1.09295e-05
51 0.000566531
14210 0.000135164
3 0.000161176
9 0.000250039
30 0.00120895
13 0.000167972
159 3.11183e-05
301 0.000109984
15 0.000181369
6 5.63569e-06
4 0.000111719
3 8.47666e-06
14414 3.92735e-05
5 2.93893e-05
21 2.95096e-05
34 0.000162159
6 3.5701e-06
19 0.000860396
14351 0.000303564
14071 0.000278271
17 3.66542e-05
6 0.000111719
5 7.09023e-06
15 3.92847e-05
11 0.000548223
14146 0.00042964
63 5.67199e-05
4 2.92824e-05
16 4.82939e-05
70 0.000169027
6 0.000263314
4 0.000384591
13187 0.000208672
6 0.000126432
5 7.02701e-06
15 0.000346477
6 5.61071e-05
3 2.08032e-09
3 4.95885e-06
203 0.000361503
10 0.000672392
14 0.000101094
85 0.000105716
16 3.7748e-05
13 0.000335121
24 1.16148e-05
4 7.44671e-05
7 0.000338941
5 5.40338e-05
4 7.9954e-05
52 0.000124807
14003 0.000520584
12363 0.000115543
5 2.21981e-06
12830 0.000190471
12323 2.65781e-05
23 0.000205946
23 0.000145089
7 2.2046e-05
17 0.00013126
13 0.00035495
137 4.79729e-05
16924 0.000245792
4 2.95536e-05
13 0.000217359
26 0.000335201
96 4.1147e-05
14051 7.28342e-05
5 4.85268e-05
12 0.000175605
46 9.28672e-05
32 0.000365063
4 6.07654e-05
23 0.000770325
3 1.99542e-05
8 2.21973e-05
2772 0.000434851
5 9.20328e-06
12 1.15582e-05
15344 0.000238415
5 6.46504e-06
10 3.41082e-05
5 2.22799e-06
14168 0.000236079
357 1.03849e-05
15715 0.000241421
3 0.000111719
30 0.000362492
11 0.000532431
10 1.62416e-05
3 4.83273e-05
8 0.000102493
3 2.18743e-06
13043 0.000272568
16 9.78153e-05
3 3.62544e-05
15 9.1892e-05
4 0.000228661
6 1.15479e-05
17 0.000436322
3 1.32742e-05
26 7.11599e-05
8 2.1436e-05
6 1.39703e-05
4 3.84143e-05
36 3.54641e-05
7 0.000232594
11 0.000383289
3 1.07195e-05
15 3.87718e-05
139 0.000364642
13 3.10522e-05
4 2.39337e-05
56 2.10677e-05
171 0.000328879
11 4.12399e-05
21 2.83887e-05
13973 0.000797811
4 9.46922e-06
6 3.6908e-06
10 0.000410259
6 1.3663e-05
15688 0.000349711
4369 6.4267e-05
3 5.73785e-06
79 0.000863891
4792 2.3214e-05
213 0.000136307
6 3.74545e-05
12 0.00101187
3 3.12048e-09
6 9.31308e-05
12 0.000301953
18 0.000111149
4 8.81907e-06
5 9.05006e-06
3 5.17271e-05
16 2.44203e-06
411 1.66924e-05
18 2.38978e-05
32 3.28979e-05
5 3.50904e-05
13 5.03178e-05
7 0.000229801
13341 2.35401e-05
5 5.59586e-05
13202 6.08164e-05
8 2.58935e-05
36 0.000382191
4 5.78479e-06
18 0.000231865
4 5.5737e-05
15 2.98203e-05
4 1.23495e-05
37 6.49463e-05
5 5.36561e-07
14 2.02524e-05
3 3.12048e-09
13 7.27155e-06
13857 8.01212e-05
2862 5.56773e-05
51 0.000250807
14 2.44854e-05
9 6.04269e-05
13 5.72674e-06
6 3.06787e-05
7 5.78778e-05
3 0.000111719
27 3.05488e-05
6 2.11536e-05
12 4.31436e-05
9 1.42678e-06
6 6.94131e-05
22 1.1018e-05
77 1.19018e-05
4 0.000130591
6 1.65041e-06
69 0.000177993
30 8.79794e-05
6 1.8054e-05
3 5.06152e-06
14293 0.000246848
9 1.07981e-05
14 0.000197679
14107 0.000239408
4787 1.09214e-05
5 7.96314e-05
6 1.13079e-05
4 3.66158e-05
3 5.02958e-06
5 9.28468e-05
6 5.49121e-06
7 5.25233e-05
5 1.84187e-05
4914 0.000320224
45 3.37876e-05
5 0.000103394
3 1.75835e-05
10 8.06928e-05
3 7.12369e-05
11 9.46417e-07
44 7.27612e-05
30 9.86474e-06
4 1.4153e-07
8 4.45775e-07
186 0.000414843
183 4.19621e-05
8 2.00157e-06
17 8.01589e-05
3 0.000111719
8 0.000223426
28 4.02244e-07
6 0.000143197
14 2.27217e-05
14 0.000179198
8 2.62761e-05
8 0.000236531
13415 0.000289381
5 2.9921e-05
29 0.000169516
409 8.87054e-05
28 7.50581e-05
3 7.62874e-06
23 2.26204e-05
9 4.92059e-05
14062 0.000492242
5 3.70461e-05
32 0.000115984
8 7.93132e-05
4813 0.000255654
5 4.16677e-06
13058 0.000101769
34 4.39643e-05
3 3.33029e-06
6 2.81335e-05
3 6.39886e-06
38 4.99324e-05
14 6.07615e-05
7 5.06342e-05
7 0.000105338
5 0.000175925
21 1.50915e-05
30 0.000145839
9 4.17829e-05
30 6.81841e-05
40 6.6117e-05
15 1.14911e-05
32 2.60305e-05
22 8.07044e-05
13863 0.00051365
6 4.52731e-05
28 1.28272e-05
35 4.9963e-05
12638 0.000182816
23 7.13628e-05
15719 0.000305893
4 2.37848e-06
5 7.5479e-06
7 1.23205e-05
28 0.000872788
4 2.95953e-07
55 0.000180182
12969 0.000155973
32 5.97762e-05
7 0.000102098
3 5.94275e-06
4 3.21576e-05
15 9.22278e-05
4 3.2379e-05
10 0.000180596
14 0.000406542
13838 0.000888689
14284 0.000589389
25 5.11225e-05
15 6.10383e-05
8 4.76266e-05
11 3.57543e-05
9 1.19741e-05
35 3.91095e-05
7 0.000146655
12 2.11638e-05
13 1.5357e-05
8 0.000746026
1222 0.000112964
4988 0.000119151
8 2.13804e-05
4 4.70184e-05
19 0.000177649
14978 0.000174615
11 0.00026857
4 0.00011801
7 3.03187e-05
8 6.88167e-05
38 3.85533e-05
3 4.124e-05
29 7.78346e-06
13 2.82407e-05
9 6.98154e-06
13823 0.000491781
52 0.000180881
5 1.07768e-05
5 2.41404e-05
5 2.46971e-05
5 3.90449e-05
13900 0.000131841
13610 0.000303163
11 4.84587e-05
8 0.000332056
13164 0.000495948
14203 3.71072e-05
3 4.34038e-07
3 4.12632e-05
22 3.21628e-05
37 0.000718756
3 0.000111719
9 0.000279168
5 0.000109866
3 1.76358e-05
15018 0.000285474
10 3.35852e-05
10 3.84855e-06
11 0.000211913
4 7.46761e-06
13 9.25767e-05
4 1.14602e-05
26 0.000315278
44 7.88298e-06
5 1.49198e-05
12 0.00016652
47 0.000161993
14 0.000221441
9 9.39119e-07
7 1.18613e-05
25 2.51679e-05
4841 0.000274799
9 0.000524273
6 7.9252e-05
12490 6.69244e-05
16 0.000339729
13538 0.00119752
4322 0.000779831
15629 0.00047144
13132 5.86718e-05
14 0.000371138
3 0.000244956
3 0.000100561
8 0.000365514
6 1.27082e-05
4 7.42526e-05
6 0.000258659
4 1.5675e-05
3 2.41776e-05
17 5.00177e-05
14480 0.000211769
5 2.80419e-06
12 3.54804e-05
4 6.98536e-05
25 6.72835e-05
27 0.000116549
6 2.05445e-05
29 0.000210547
8 0.000102217
11 9.94875e-05
7 3.10079e-06
4 1.87659e-05
5 0.000112167
17 0.000411645
8 0.000203977
3 0.000111719
8 1.75827e-05
47 0.000454712
233 0.000452633
8 0.000211813
7 6.19017e-05
3 2.83781e-05
4 3.89065e-05
13467 0.000438836
74 0.000155922
7 5.70573e-05
13477 0.000531728
2731 0.000252449
6 0.000197769
4 4.75182e-05
15104 0.000145529
18 6.56447e-05
14355 0.00103027
141 6.93593e-05
3 4.83609e-06
6 0.000106683
3 2.58628e-05
6 1.14074e-05
12 3.42018e-05
16 2.59658e-05
3 0.000125304
2844 0.000256348
5 1.94123e-05
4 2.2671e-05
3 2.21854e-05
6 2.11108e-05
3 8.80815e-07
12656 0.000374897
4 0.000163022
12 2.1532e-05
4 9.21481e-06
50 0.000382097
12158 0.000253027
6 0.000446803
11 0.000392033
23 0.000143778
29 3.86186e-05
8 1.8439e-05
7 1.64711e-05
7 2.17596e-05
3 2.18197e-05
15009 0.000400488
4 3.97583e-06
35 0.000212847
7 0.000368583
6 4.68072e-09
11 2.85937e-06
8 5.25057e-07
58 8.29345e-06
17 4.08688e-05
8 3.76487e-05
19 3.00552e-05
10 6.58374e-05
43 0.000234856
139 5.39274e-05
31 0.000275715
3 7.75381e-06
7 0.000165881
13051 0.000935544
31 0.000519551
3 0.000134651
29 0.0013984
52 0.000183639
20 0.00035487
26 3.20387e-05
52 0.000246321
42 0.00016688
5 1.14003e-06
33 0.000198043
12468 0.000220248
16 6.82361e-05
12209 3.28786e-05
3 2.2883e-05
9 0.000457498
5 0.000185424
15300 0.000252296
9 9.75805e-06
587 0.000141429
35 0.000138198
21 2.32399e-05
23 3.14624e-05
15 2.55024e-07
5 3.14931e-06
62 0.000329179
5 4.12847e-05
17 5.89811e-05
4 4.16064e-09
26 0.000189672
5 1.34856e-05
30 0.000638942
12538 0.000341538
3 0.000111719
4 0.000223426
4 9.14676e-05
9 0.000519416
4 3.49987e-06
6 0.000260212
12 0.00014338
98 3.77066e-05
175 0.000128612
4 7.12458e-05
16 0.000354859
6 0.000301433
43 6.30687e-05
9 3.69018e-05
12 0.000222063
5 2.691e-05
12786 0.000842541
12457 0.000252173
4846 0.000209444
21 3.19755e-05
17 2.73532e-05
4 1.17616e-05
14553 0.00228107
3 0.000111719
12 3.84022e-05
13 0.00021054
15 8.27773e-08
117 0.000743007
3 2.2161e-05
3 1.92137e-05
47 0.00168316
4797 0.000151573
5 2.53349e-05
14 0.000116511
14144 0.000224859
5 2.23477e-05
11 5.20397e-05
37 0.00100706
7 3.03783e-06
10 0.000183577
109 2.61349e-05
3 3.35019e-08
5 2.71051e-05
16776 0.000211123
33 3.40753e-05
5 6.51863e-05
8 5.82483e-06
9 2.00952e-05
24 1.47933e-05
5 2.88249e-05
12725 0.000226596
12 1.50225e-05
9 0.000781842
5 1.51435e-05
3 6.24096e-09
6 1.24819e-08
6 0.000117517
11 6.82634e-05
8 0.00018018
4 1.70069e-05
49 5.02014e-05
5 2.07088e-05
4 0.000149092
5 1.56493e-05
19 0.00112049
21 1.67396e-05
17352 0.000481629
5 3.42381e-06
21 0.000219783
9 8.53191e-05
9 3.60309e-05
47 5.96167e-05
17 2.13377e-05
14459 0.000256681
7 2.84495e-05
3 1.14315e-05
10 1.14952e-05
7 7.5735e-06
13 0.000239247
16 1.3236e-05
14424 0.000736742
1217 4.55205e-05
5 4.00758e-06
16088 0.000262784
3 7.98633e-06
14080 8.16378e-05
713 8.71049e-05
6 6.72003e-05
13313 0.000164987
10 7.7669e-06
10 1.96042e-05
28 1.14117e-05
13 6.04403e-06
9 6.45124e-05
78 0.000341327
20 2.74854e-07
9 3.38582e-05
109 7.46025e-05
13785 0.00091143
7 0.000452031
21 0.000189349
11 2.26429e-05
72 9.25086e-06
15968 0.000338169
591 6.40912e-05
9 4.99283e-05
7 4.73387e-06
5 0.000242518
8 0.000235822
15 0.000226502
5 4.4386e-05
5 2.52303e-05
25 0.000126444
11 0.000105239
9 1.8782e-05
8 4.56238e-05
12 3.62721e-05
8 0.000412997
3 4.46211e-06
15 1.41167e-05
21 0.000381508
35 0.000207737
3 1.60319e-05
12644 0.000103982
9 4.97945e-05
14397 0.000179803
13 4.25481e-05
48 5.39863e-05
3 4.63923e-07
9 4.18492e-05
3 4.0153e-08
14 0.000125603
93 0.000932131
16 0.000113872
5 0.000181622
11 2.77611e-05
81 3.25253e-05
16 2.62385e-06
11 5.50847e-05
3 0.000130177
3 0.000111719
9 0.000191377
19 2.06779e-05
3 1.40462e-05
7 0.000133467
23 1.73252e-05
7 1.1094e-05
70 0.0001765
3 0.000118006
3 2.096e-06
18 0.000374862
13807 0.000121722
22 0.00045452
14 3.12764e-05
4 2.48748e-05
11 0.00075125
5 4.61327e-05
5 0.000188224
4 0.000335408
179 5.94286e-05
28 0.000120529
12 5.97255e-05
20 5.96537e-06
39 0.000155125
11 1.23004e-05
13088 0.000343557
4 0.000538957
6 2.28402e-05
17 0.000106512
8 0.000211987
3 4.80734e-06
29 0.00207489
15579 0.000780024
45 0.000176117
4 0.000227247
7 6.36151e-05
7 0.000112642
4 2.98115e-05
15754 0.000101325
5 1.9061e-06
5 6.67881e-07
809 8.40756e-05
21 7.13307e-06
3 3.58301e-05
7 4.74059e-06
5 1.6198e-06
15173 0.00162819
32 0.000114183
22 2.11019e-05
5 8.17577e-06
8 9.0865e-05
4 0.000260704
29 0.000496311
3 3.12048e-09
51 0.000188677
11 1.13731e-06
14 8.34886e-06
19 1.62031e-06
50 0.000149786
105 0.000105837
12612 0.000557484
7 3.02869e-05
3 1.74735e-06
12295 6.72032e-05
12172 3.08039e-05
365 0.000124245
27 0.000194944
14714 0.000295524
7 2.96013e-05
13 2.9425e-05
25 1.36547e-05
6 1.65065e-06
47 0.000153949
10 6.71636e-05
24 0.000528607
7 7.11133e-05
13 1.44409e-05
3 2.07545e-05
39 3.45117e-05
14748 0.00171339
46 5.99121e-05
10 0.000771977
22 5.97367e-05
11 4.09479e-06
21 5.77471e-05
16 4.91154e-05
7 4.01192e-06
156 9.19026e-05
7 0.000125217
4 1.09788e-05
31 4.23046e-05
3 1.16127e-05
22 4.01791e-05
25 1.97443e-05
74 2.15145e-05
6 6.00739e-05
495 2.20222e-05
77 1.24763e-05
80 0.000232034
1257 0.000136412
40 0.00018592
14 3.71537e-06
9 1.24609e-06
16 7.45305e-06
5 0.00012375
7 1.91979e-05
38 5.30005e-05
5 1.5936e-05
7 4.21068e-05
11 9.03322e-05
6 4.24862e-06
3 5.86152e-05
120 0.000129505
217 4.20789e-05
9 0.000143562
13 2.87485e-05
3 7.9246e-06
12219 0.000221407
6 1.55521e-06
3 0.000104468
21 0.00038473
13 0.000159627
2846 7.70352e-05
13982 0.000133702
10 1.45926e-05
7 5.13285e-05
27 0.000164645
6 0.000324386
44 3.19179e-05
14804 0.000405328
10 2.78901e-05
4 3.50349e-05
23 8.38682e-05
21 1.45783e-05
4 4.51114e-06
105 0.0012481
7 5.30835e-06
9 2.16212e-05
11 3.58524e-05
18 3.69367e-05
6 0.000300156
5 6.33303e-05
68 8.25111e-05
4 6.24096e-09
12 5.40506e-05
8 5.7772e-05
52 0.000107135
11 2.01316e-05
5 5.85879e-05
9 5.159e-05
19 4.13741e-06
4 6.24096e-09
3 0.000676492
3 1.52935e-05
14 8.71839e-05
40 1.23479e-05
7 7.44846e-05
213 0.000433443
4 0.000115336
3 1.9668e-05
4855 0.000267756
10 1.02041e-05
12346 8.00323e-05
5 0.000156806
4 2.41202e-06
5 1.41577e-05
3 5.6272e-05
7 0.00016046
10 0.000490023
21 0.000215073
7 0.000269539
3 0.000223432
16 6.22976e-06
113 0.000194278
21 2.35191e-05
13 3.0042e-05
4 1.13541e-09
9 1.73326e-06
3 8.90554e-06
10 6.24096e-08
2713 4.2345e-05
670 0.000102539
4 4.21761e-05
6 8.689e-05
4 0.000111719
9 1.61458e-05
18 0.000688915
12247 0.000212574
20 7.10932e-05
6 0.000140541
3 5.65822e-05
3 0.000111719
28 3.28294e-05
6 6.16093e-05
14 3.7173e-05
12 0.000127553
25 9.57568e-05
4 7.53964e-06
5 2.48696e-05
13192 5.20965e-05
13 2.25173e-05
26 0.000109615
3 0.000241475
3 4.15643e-06
9384 2.40494e-05
4 5.58628e-05
5 1.44761e-06
40 0.000297539
9 2.13128e-05
43 2.9498e-05
22 1.15768e-05
3 7.48519e-06
14235 0.000219981
62 0.000119455
13021 0.000995305
18 0.000829596
5 0.000121327
4801 0.000216552
4 0.000116965
6 0.000132485
998 9.41256e-05
3 5.91284e-06
12 0.000103961
7 0.000145257
3 1.09089e-06
4 4.66473e-06
6 0.000109888
298 0.000156371
14 2.22977e-05
5 1.22761e-05
6 3.31185e-05
13612 0.000106842
7 1.72611e-05
12 2.97348e-05
13526 2.3533e-05
10 0.000205133
4 0.000335133
84 2.15206e-05
4806 2.81641e-05
6 4.25177e-05
97 0.000140628
3 0.000146916
12215 3.39187e-05
7 2.91253e-05
17 3.19283e-05
9 5.64618e-06
9 0.000521227
12 0.000107824
6 2.04047e-05
15 0.00034276
13 0.00023104
12528 0.000309921
14 6.31161e-06
10 0.000315118
5 0.000113889
44 0.000300098
104 0.000135589
20 7.47731e-06
3 9.97398e-05
7 5.09076e-06
4 0.000223432
10 0.000220849
3 7.37484e-05
11 0.000574071
5 1.55368e-05
82 3.45817e-05
46 2.80576e-05
7 7.95492e-06
5 6.72903e-06
19 6.77141e-05
14 3.2065e-06
8 1.52914e-05
44 3.83014e-05
11 1.08365e-05
37 0.000363121
16 8.46386e-05
13 0.000693671
4 6.29031e-06
6 3.56589e-05
116 0.00107375
13 7.53821e-05
12 4.74279e-05
3 3.82546e-06
13496 0.000176459
12255 0.000151779
15250 0.00015892
4 2.16619e-05
3 1.05825e-06
280 3.72118e-05
4 1.41997e-06
11 0.000247279
3 6.39787e-06
64 0.000966623
50 2.21438e-06
13 4.86281e-06
14 0.000119737
9 1.07922e-05
14961 0.000192829
5 9.07924e-06
38 0.000202811
3 9.2425e-06
6 1.57021e-05
11 2.1414e-05
23 2.41242e-05
9 0.000247164
13 1.02904e-06
11 0.000229082
14 5.20176e-05
3 0.000111719
5 6.27508e-06
136 8.96693e-06
153 0.000774902
32 2.51037e-05
18 0.000181403
9 0.000120399
3 0.000111964
47 4.28486e-05
8 0.000169801
13547 0.00037289
6 2.10917e-05
10 0.00026727
21 4.75495e-05
26 0.000577128
4 4.82287e-05
12337 5.54272e-05
6 7.56055e-07
12448 4.15814e-05
49 0.000141186
5 5.01274e-05
11 0.000893405
7 0.000223389
768 4.15794e-05
6 4.50749e-06
5 2.63493e-05
9 0.000151916
11 0.00016964
5 3.50994e-05
3 0.000111719
4 4.40354e-06
11 6.24698e-05
7 0.000139292
13 0.00100502
68 5.39928e-05
4 9.75101e-06
5 0.000125373
10 0.000607642
9 5.18365e-05
51 0.000156265
16 0.0002893
13308 6.7748e-05
3 2.13109e-05
10 0.000188852
5 0.000154177
3 0.000111719
6 2.4968e-05
12494 5.00439e-05
3 0.000111719
3 2.64597e-05
56 7.37479e-05
10 0.000210064
8 7.43121e-06
8 0.000246939
20 0.000158102
72 6.71917e-05
4 0.000223426
8 0.000315785
12860 8.35611e-05
3 0.000119812
12863 8.76311e-05
3 1.98288e-06
3 8.0946e-07
12950 0.000193553
8 1.09689e-05
13666 0.000115402
7 2.73899e-05
3 4.74271e-06
7 2.20391e-05
8 1.52675e-05
13328 0.000123782
3 1.63431e-05
2067 0.000157116
7 6.30844e-05
38 3.55259e-05
7 4.6578e-06
57 0.000136507
9 2.87314e-05
4 4.7942e-07
6 1.13276e-05
6 1.9075e-05
10 1.45858e-05
53 0.000105253
4 1.21782e-06
359 6.75302e-05
35 4.10072e-05
40 0.000296899
10 0.000228562
3 6.39446e-05
3 0.000111719
10 0.000466706
6 2.96783e-05
3 2.49194e-07
5 5.56464e-07
8 5.03703e-07
214 2.75049e-05
11 1.07729e-06
3 0.000152372
30 0.000135721
8 0.000670129
4 3.23095e-05
9 0.000446832
3 2.08032e-09
29 0.000223432
6 0.000344702
7 0.000390488
4 0.000134796
4 1.14418e-08
120 6.29093e-05
36 4.66989e-05
5 1.46179e-05
26 2.9332e-05
7 0.000146105
5 0.000160722
4 3.66952e-05
19 0.0012048
230 0.000235375
35 3.42415e-05
10 6.85724e-05
117 1.42361e-06
4 0.000223426
15 0.000446803
13281 0.000131875
16 6.61747e-06
29 6.08775e-05
10 5.21629e-06
13 5.4609e-05
8 0.000369059
6 0.000257339
3 1.67876e-05
7 0.000120516
8 1.24719e-06
3 1.926e-05
96 4.13866e-06
20 5.55555e-06
18 0.000323586
3 2.45042e-05
3 7.95943e-05
6 0.00023112
9 1.44162e-05
3 0.000111719
3 3.95374e-05
5 4.26815e-06
6 2.41499e-06
4 4.69569e-05
6 0.000133023
6 5.9785e-06
48 0.000185323
6 8.81755e-05
13 2.78352e-05
12 7.2074e-06
4 2.27692e-07
9 1.14347e-05
48 0.000248232
42 7.01629e-05
37 0.000318207
8 4.69983e-06
16 1.26749e-05
4 4.62268e-05
5 6.698e-06
3 8.38865e-08
23 2.24812e-05
3 1.18203e-06
8 9.6238e-05
4 0.000127485
6 1.1763e-05
21 4.45502e-06
11 3.84208e-08
25 1.16738e-05
19 6.02236e-06
3 3.12048e-09
3 6.93294e-06
7 1.17028e-05
18 0.000681289
28 7.42689e-05
6 1.58524e-05
3 2.98499e-07
694 4.37468e-05
7 8.57702e-06
12 0.000118744
3 0.000154774
13 9.02351e-06
8 5.58795e-05
33 0.000266457
29 0.00035168
3 4.17619e-05
6 5.70107e-05
2060 0.000114297
3 2.40093e-05
5 3.96904e-05
1444 3.75105e-05
4 1.5754e-05
4381 0.000363673
12839 0.00020743
13226 2.31731e-05
5 0.000335121
12242 0.00040506
20 0.000253351
4 9.75635e-05
3 0.000112272
8 0.000176696
7 0.000135722
9 6.40633e-05
16 7.35191e-05
8 2.56295e-05
10 3.51462e-05
10 0.000102197
17 1.28005e-05
11 4.51159e-05
6 0.000347073
6 0.000145136
12622 1.56356e-05
6 1.12715e-06
5 0.000149774
8 5.17666e-06
18 4.39582e-05
19 3.8052e-05
3 4.13377e-05
6 0.000335133
3 0.000111719
4 8.14123e-06
4 1.65435e-05
4 7.33513e-07
23 4.49807e-05
5 7.54199e-06
15 8.91272e-06
13509 0.000202384
5 9.08014e-05
8 9.9923e-05
3 2.08032e-09
12 6.896e-05
6 7.06542e-06
7 0.000336217
5 5.63366e-06
15 0.000263299
3 1.21997e-05
13434 0.000669346
13 0.000132659
8 8.2808e-05
4 1.17205e-05
135 7.26358e-05
6 0.000100501
9 3.84127e-05
4 1.59663e-05
8 0.000321861
7 2.96736e-05
4 2.91541e-05
4 0.000223426
4 0.000335133
4 0.000226293
11 0.000366661
13 0.00122823
13 1.32403e-05
67 9.71521e-06
6 3.88492e-05
4 1.81634e-05
3 3.12048e-09
3 8.5083e-07
3 9.41252e-06
3 2.7236e-06
3 0.000111719
8 3.01378e-05
6 3.70236e-07
36 0.00079417
7 0.000154764
4 6.39723e-05
20 2.89314e-06
30 6.92563e-05
12 4.67444e-05
10 0.000208452
7 0.0002931
3 0.000111719
13 0.000670129
5 1.56024e-08
5 3.86433e-05
12 0.00111663
7 0.000558476
4 4.16064e-09
5 1.7318e-05
859 1.34857e-05
12 3.81523e-06
80 0.000130021
12872 0.000319705
18 5.99793e-05
4 1.19883e-05
3 0.000121765
12 0.000335133
16 2.62039e-06
5 2.02586e-05
44 0.000237394
4 8.6173e-08
4 7.58098e-06
7 0.000140558
3 9.85785e-05
7 8.32128e-09
5 2.8086e-06
3 0.000141567
5 0.000135966
8 2.18329e-05
6 0.00245525
13 0.000167474
24 0.00150748
3 3.12048e-09
7 0.000223439
4 2.50683e-05
5 0.000213286
19 3.42396e-05
4 1.28e-05
54 0.00168674
5 1.54548e-06
3 3.12048e-09
5 0.000335121
4 6.32615e-05
15 0.000123174
10 0.000101264
55 9.13843e-05
7 5.80319e-06
10 0.000446678
3 4.62385e-05
11 2.92607e-07
9 3.40641e-05
4 1.87229e-08
7 0.000111686
5 0.000223426
7 0.000563377
4 4.16064e-09
94 2.51597e-05
8 8.27456e-06
7 0.000228681
25 4.82553e-07
5 8.03771e-07
4 2.19273e-05
7 0.000450335
6 3.92289e-05
4 3.83532e-05
8 5.17881e-05
3 9.81572e-06
4 3.4475e-05
4 0.000116657
6 1.38854e-06
4 0.000223426
8 0.000114696
6 0.000202934
53 0.000157729
4 0.000160074
29 4.89453e-05
15 5.70629e-05
6 0.000447107
3 0.000111719
5 2.36932e-05
3 0.000111719
5 9.36143e-09
19 4.94805e-05
7 0.00022342
5 0.000111701
3 9.36143e-09
8 0.000670129
5 0.000111707
4 2.05673e-06
8 0.00067016
25 0.000254843
5 1.92143e-05
14 4.13657e-05
4 0.000118305
8 2.11043e-05
6 1.99834e-05
4 7.7048e-05
21 5.50564e-06
11 1.06443e-05
8 2.25519e-06
10 0.000111707
3 2.12129e-05
4 5.15856e-06
97 1.2489e-05
4 1.06856e-05
4 1.39308e-06
5 0.000446834
8 9.67704e-05
129 0.00011013
6 6.24096e-09
3 0.000111719
6 0.000446803
8 0.000180841
9 4.35391e-06
24 9.83253e-05
17 3.48545e-05
7 6.3839e-07
12 0.00025534
6 0.000370916
10 0.00162796
4 0.000111719
4 0.000167573
10 1.5747e-05
17 2.28367e-05
3 0.000223432
3 1.4503e-05
9 6.16635e-05
3 1.00749e-06
6 6.37144e-05
27 0.000599785
6 0.000100161
3 6.45398e-05
4 5.84873e-05
6 0.000119213
12 2.11968e-05
7 3.61975e-08
7 4.15745e-07
11 0.000781773
7 0.000335121
9 0.000176708
3 0.00011334
5 0.000335121
6 0.000446803
5 1.07476e-05
5 6.88295e-08
7 0.000111788
21 4.3161e-05
6 1.50534e-05
3 8.18876e-06
3 0.000111719
6 2.47822e-06
4 6.68142e-06
3 3.12048e-09
3 3.46191e-05
3 1.83352e-05
15 0.000356377
13 0.000602969
8 0.000781836
3 3.96609e-06
7 6.20391e-05
41 0.000319112
35 0.00212075
11 0.000111719
16 0.000223389
14 2.79889e-05
5 0.000335121
4 4.91381e-06
10 0.000670129
6 0.000446803
3 1.54858e-05
5 0.000335124
8 0.000588494
7 0.000111719
7 0.000335121
13 0.00086352
5 8.17468e-05
3 0.000111719
3 4.98029e-06
12 6.07506e-05
17 0.000284474
6 0.000446803
3 0.000111719
3 1.21738e-05
3 2.491e-05
3 0.000223432
20 9.56883e-07
4 4.16064e-09
6 1.05502e-08
5 0.000335121
3 0.000111719
5 1.16674e-06
3 0.000223432
3 3.12048e-09
4 0.000223432
6 0.000454417
3 2.08032e-09
8 0.000446809
4 3.53322e-06
5 1.24538e-06
3 5.58566e-05
4 0.000223426
4 0.000335139
4 0.000111719
