4 0.00272657 8 4 0.214286
19 0.000555316 5 6 0.3
3648 0.0139226 13 147 0.0512821
42 0.00477851 10 10 0.2
691 0.0154498 17 32 0.132353
14 0.00171283 8 7 0.25
4096 0.0408354 34 286 0.0659537
38 0.00581622 10 7 0.177778
23 0.0161325 17 9 0.0882353
15 0.00540723 8 5 0.142857
22 0.00874693 21 20 0.266667
4028 0.0388218 29 279 0.0615764
3655 0.00591512 14 149 0.175824
3538 0.00345224 12 107 0.272727
47 0.0055067 11 13 0.418182
3 0.00198656 4 3 0.166667
3899 0.0175016 20 237 0.0789474
3983 0.0114774 24 245 0.0905797
3576 0.00325733 13 138 0.179487
7 0.0018725 6 4 0.2
28 0.00411478 7 8 0.238095
3750 0.0110258 16 156 0.075
5 0.0103966 9 4 0.194444
8 0.00392862 10 5 0.2
3937 0.017736 23 241 0.0592885
3735 0.0064065 16 159 0.175
15 0.00490372 23 12 0.573123
3 0.00175213 6 3 0.4
4079 0.0396934 32 292 0.0504032
7 0.00235717 7 5 0.142857
6 0.00329245 6 4 0.2
8 0.000800613 5 4 0.3
33 0.00108595 6 4 0.466667
4 0.00144289 4 4 0.166667
59 0.00772861 25 17 0.5
4151 0.0202937 68 326 0.470588
4070 0.0108071 31 267 0.202151
51 0.00725924 15 12 0.32381
232 0.00251684 13 18 0.538462
100 0.00120238 11 15 0.527273
3925 0.00215268 22 218 0.298701
35 0.00220763 20 13 0.515789
19 0.00553609 25 17 0.406667
10 0.00130981 6 4 0.2
3873 0.00735544 20 206 0.252632
20 0.00227076 14 8 0.384615
5 0.00389935 14 5 0.428571
854 0.00103187 9 28 0.305556
877 0.0112775 63 60 0.533538
4117 0.0313646 37 336 0.021021
4 0.00226814 6 4 0.2
6 0.00174634 6 4 0.0666667
21 0.0124815 19 14 0.0877193
3507 0.00359216 11 88 0.145455
10 0.00353155 5 4 0.2
3730 0.00693316 16 168 0.133333
3 0.00240697 6 3 0.333333
5 0.00144271 5 5 0.3
3472 0.00837988 10 102 0.0888889
244 0.00384195 11 15 0.0909091
3869 0.0188041 20 209 0.0736842
3814 0.0075765 18 197 0.183007
728 0.00571014 18 33 0.163399
31 0.00221612 9 8 0.25
34 0.00107127 8 7 0.464286
13 0.000675013 9 4 0.638889
492 0.00529199 62 45 0.575357
3806 0.00785257 18 192 0.24183
126 0.00535981 12 13 0.181818
7 0.00286294 10 5 0.377778
88 0.00367963 11 10 0.309091
17 0.00713169 12 9 0.136364
3614 0.00321878 13 155 0.102564
3 0.00040015 4 3 0.333333
8 0.0044623 7 4 0
12 0.00192167 11 8 0.127273
3633 0.00423601 13 157 0.102564
17 0.00247875 12 11 0.136364
4085 0.0355355 33 292 0.0473485
35 0.00316449 7 8 0.190476
13 0.00189317 5 3 0.4
1273 0.00149933 10 24 0.222222
69 0.00462417 12 14 0.181818
19 0.00760099 10 7 0.222222
12 0.00202912 6 3 0.4
20 0.00605046 9 7 0.166667
12 0.00358815 11 10 0.254545
12 0.000635451 4 3 0.5
20 0.000937507 5 5 0.4
141 0.00690961 8 19 0.214286
1346 0.00574123 10 42 0.133333
4040 0.0405166 30 286 0.0781609
29 0.00309215 8 6 0.285714
4 0.000614185 5 4 0.4
5 0.00216402 7 5 0.0952381
44 0.00264337 7 8 0.190476
3547 0.00807379 12 126 0.227273
3752 0.0203881 16 165 0.1
8 0.00430289 10 7 0.2
9 0.0021729 7 4 0.285714
31 0.00349833 8 11 0.0714286
3532 0.00372506 12 105 0.166667
3500 0.00828521 11 109 0.2
103 0.00618165 13 14 0.128205
3803 0.0115982 18 197 0.156863
3453 0.00780222 10 88 0.2
19 0.00334985 9 6 0.305556
10 0.00378345 12 8 0.0909091
4 0.00112158 6 4 0.266667
30 0.00539445 11 9 0.218182
118 0.00363226 22 18 0.34632
15 7.52406e-05 12 6 0.848485
857 0.00153978 11 29 0.290909
18 0.000324711 14 7 0.659341
36 0.00145365 17 12 0.477941
4009 0.00842268 27 247 0.213675
3704 0.00410273 15 161 0.219048
3911 0.0158116 21 226 0.133333
4130 0.00443076 48 268 0.875887
4143 0.00409081 56 285 0.653247
21 0.000157261 47 18 0.918594
42 0.000112123 49 23 0.855442
4137 0.00688905 54 292 0.698812
4 0.000149842 45 4 0.917172
17 0.000481339 46 15 0.951691
256 0.00936134 57 32 0.658521
32 0.000592132 46 20 0.952657
4148 0.0286106 66 286 0.48951
34 0.0019172 47 21 0.911193
6 2.22462e-07 45 4 0.994949
4157 0.0153282 79 327 0.346641
497 0.00513123 67 51 0.498869
25 0.000113294 48 20 0.888298
100 0.00179024 47 23 0.915819
252 0.00337057 56 32 0.684416
3 0.00123752 7 3 0.52381
863 0.00746837 31 37 0.331183
10 0.011279 16 5 0.2
6 0.000489791 5 4 0.6
1150 0.0182128 22 36 0.034632
3683 0.00142419 14 148 0.274725
15 0.000176538 6 5 0.266667
3998 0.0165331 26 241 0.132308
3422 0.00333083 9 67 0.277778
43 0.0016925 22 16 0.632035
3880 0.0161767 20 208 0.115789
5 0.000240505 7 4 0.714286
7 0.000481179 7 5 0.666667
11 0.000492835 8 8 0.464286
11 0.00106599 8 6 0.25
3 1.88255e-07 7 3 0.809524
9 0.00073953 5 5 0.3
260 0.00985366 14 23 0.10989
3497 0.00281259 11 109 0.2
3902 0.0108096 21 234 0.128571
3716 0.00472627 15 152 0.2
1361 0.0265127 22 42 0.12987
23 0.00657072 16 12 0.0916667
1371 0.0207966 22 49 0.134199
4067 0.0262986 31 298 0.0817204
58 0.00332402 11 11 0.236364
4013 0.0252219 28 267 0.0899471
3918 0.0144884 22 230 0.0649351
3995 0.0180889 26 243 0.135385
7 0.00182283 8 7 0.178571
11 0.000942778 8 4 0.5
19 0.00137635 7 5 0.285714
218 0.00787897 12 16 0.287879
37 0.0039352 13 14 0.115385
3794 0.0109639 18 187 0.183007
16 0.00671456 5 4 0.4
3988 0.0241781 25 260 0.1
3810 0.00551978 18 183 0.183007
3930 0.0119426 23 225 0.114625
1131 0.000523383 9 21 0.416667
10 0.00244504 9 8 0.25
4 0.000269855 9 4 0.638889
14 0.00110187 7 7 0.285714
3616 0.00633136 13 130 0.128205
4 0.00116481 6 4 0.133333
3792 0.00473182 17 187 0.183824
3954 0.00686534 24 241 0.166667
3839 0.00992813 19 200 0.251462
3440 0.0039039 10 75 0.244444
15 0.000403881 16 13 0.275
9 0.00285461 6 5 0.2
45 0.00262392 9 9 0.388889
3 0.00148531 7 3 0.190476
7 0.00675657 10 4 0.177778
12 0.00175774 15 12 0.447619
48 0.00357314 10 11 0.266667
25 0.00107715 15 17 0.409524
4015 0.0092833 28 258 0.137566
3768 0.0054125 17 173 0.227941
6 0.000552223 5 5 0.6
4 0.00067791 5 4 0.3
185 0.0206808 26 32 0.107692
39 0.00187345 12 9 0.333333
4 0.000344102 5 3 0.6
23 0.00369724 11 8 0.254545
47 0.00186508 16 12 0.266667
3992 0.0257126 25 265 0.08
3846 0.00739864 19 201 0.146199
12 0.00180144 8 5 0.25
8 0.00116678 5 4 0.3
3619 0.00606288 13 130 0.205128
13 0.00434645 12 9 0.242424
4 0.00800351 10 4 0.177778
19 0.00455226 11 8 0.0727273
137 0.00172501 8 18 0.285714
3596 0.00326572 13 139 0.153846
3728 0.0107556 15 181 0.142857
11 0.00295843 22 11 0.623377
3573 0.00586364 12 118 0.0757576
3891 0.0172472 20 213 0.126316
3425 0.00327135 9 70 0.138889
7 0.00140056 8 5 0.285714
5 0.00192342 5 3 0.3
81 0.00405602 13 14 0.115385
3668 0.00704597 14 163 0.0989011
26 0.00719243 16 17 0.875
4052 0.0122725 30 269 0.243678
6 0.000403654 13 3 0.461538
159 0.0015833 17 9 0.433824
24 0.00362469 7 5 0.619048
5 0.000538022 8 5 0.5
3971 0.00173389 24 235 0.355072
5 0.00409303 14 5 0.263736
3961 0.0189941 24 241 0.0833333
3823 0.00132515 18 200 0.411765
4 0.00045245 9 4 0.583333
3 7.71762e-08 5 3 0.8
3796 0.0088249 18 194 0.163399
7 9.42161e-06 8 6 0.5
7 0.00224196 8 7 0.107143
35 0.00793546 16 12 0.0916667
4 0.00325936 10 4 0.311111
6 0.00350805 8 3 0.142857
4128 0.0391881 45 298 0.0747475
3743 0.00794451 16 174 0.1
7 0.00275933 10 6 0.266667
8 0.00117949 8 7 0.571429
5 0.000481116 7 5 0.714286
190 0.00288468 8 18 0.178571
64 0.00261891 10 10 0.177778
9 0.00312192 12 9 0.227273
3 6.51154e-05 5 3 0.7
3859 0.00762808 19 199 0.152047
3602 0.00183911 13 121 0.358974
68 0.00209903 14 8 0.736264
489 0.000213919 19 18 0.631579
31 0.00365244 15 13 0.266667
4 3.19441e-05 15 4 0.752381
4 0.000880783 6 4 0.333333
3528 0.00558678 11 111 0.163636
154 0.0012731 34 37 0.832442
103 0.00349988 9 14 0.222222
25 0.00179495 6 10 0.0666667
6 0.00458544 9 6 0.0277778
14 0.00528232 8 6 0.321429
5 0.000573885 5 4 0.4
3525 0.0138218 11 123 0.0909091
281 0.000562918 6 13 0.333333
13 0.0043937 10 9 0.0666667
6 0.00177014 6 5 0.266667
4 6.96935e-05 4 3 0.666667
3653 0.00549699 14 149 0.10989
26 0.0024199 11 8 0.254545
4100 0.0095119 35 301 0.337815
4 0.000114868 4 3 0.5
10 0.00349948 10 8 0.244444
16 0.00638236 10 7 0.111111
1271 0.00323401 5 30 0.2
5 0.00144289 5 5 0.2
8 0.00336374 8 6 0.0714286
16 0.00239814 7 7 0.333333
3777 0.0096958 17 169 0.132353
20 0.0017979 23 20 0.762846
354 0.00936285 22 23 0.199134
3829 0.00722036 19 199 0.140351
305 0.00776223 13 15 0.102564
24 0.00332953 14 11 0.131868
134 0.00203104 12 16 0.272727
13 0.00362016 8 5 0.285714
10 0.00627489 10 4 0.177778
7 0.00388765 9 7 0.361111
10 0.000983723 8 5 0.357143
3560 0.00850544 12 139 0.0454545
7 0.00160037 7 5 0.285714
5 0.002639 10 5 0.2
6 0.00192342 5 5 0.2
3488 0.00422277 11 90 0.163636
13 0.00242601 7 6 0.142857
12 0.00263163 9 8 0.138889
7 0.0010528 6 5 0.333333
15 0.00473639 6 6 0.133333
6 0.000593118 7 3 0.571429
1283 0.0106146 11 36 0.0545455
237 0.00375957 12 15 0.348485
8 0.00254785 7 5 0.142857
3 0.000962117 3 3 0
4 0.000136172 7 4 0.619048
25 0.00759483 15 13 0.114286
3946 0.0181078 23 231 0.106719
1291 0.00672107 12 40 0.136364
3725 0.0100582 15 156 0.133333
6 0.00330888 10 4 0.377778
6 0.00892896 12 5 0.121212
14 0.0024415 8 6 0.214286
3877 0.00771116 20 213 0.0947368
3702 0.0031797 15 154 0.12381
6 0.00106886 6 4 0.333333
33 0.00710914 13 11 0.0769231
3 0.000686287 6 3 0.333333
10 0.00192528 8 6 0.285714
17 0.00613539 14 12 0.153846
3833 0.00678241 19 185 0.222222
4 1.15764e-07 4 3 0.666667
6 2.12234e-07 5 5 0.6
7 0.0028313 8 6 0.25
96 0.00151066 28 28 0.812169
15 0.000435887 7 5 0.52381
6 0.00156347 6 4 0.266667
10 0.0025267 11 9 0.4
16 0.001307 8 9 0.178571
14 0.00102547 5 4 0.1
1305 0.00857869 15 39 0.0761905
7 0.00286038 10 7 0.222222
3 3.85881e-08 4 3 0.833333
9 0.00035688 7 4 0.333333
3 0.000481116 3 3 0.333333
22 0.00245087 10 8 0.288889
5 0.00144289 5 5 0.2
17 0.000855706 9 6 0.333333
4 0.000590145 7 4 0.380952
3432 0.00146145 9 75 0.305556
12 0.000559329 7 6 0.52381
14 0.00861297 10 6 0.266667
12 0.00117869 6 4 0.6
60 0.00264492 11 11 0.254545
13 0.00647858 10 5 0.288889
22 0.00141236 10 10 0.288889
7 0.000950555 7 4 0.380952
3 0.000936782 7 3 0.238095
78 0.00261416 15 21 0.190476
24 0.00292955 13 10 0.269231
13 0.002019 8 5 0.142857
79 0.00376131 17 22 0.117647
74 0.00821015 18 17 0.143791
45 0.000279539 7 6 0.380952
22 0.00582845 11 8 0.2
6 0.00240419 6 6 0.133333
3428 0.00434386 9 75 0.111111
13 0.00568975 8 5 0.357143
20 0.000751175 6 6 0.333333
13 0.0049821 12 9 0.151515
3685 0.00429511 14 156 0.197802
5 0.001155 7 4 0.428571
3636 0.00624574 13 157 0.0897436
5 0.00010664 8 5 0.464286
13 0.00276684 9 7 0.25
3 0.000536706 4 3 0.333333
84 0.00193293 9 14 0.277778
87 0.00294836 9 11 0.25
4 0.000731124 5 4 0.4
14 0.00402746 10 6 0.244444
3624 0.00663994 13 123 0.141026
71 0.00376288 7 7 0.190476
6 0.00247672 7 4 0.285714
93 0.00695304 10 10 0.333333
7 0.00104783 10 5 0.333333
3882 0.00811239 20 187 0.178947
6 0.00194466 6 5 0.0666667
5 0.00192365 5 5 0.1
15 0.00204463 5 6 0.1
14 0.00322145 13 10 0.166667
3 3.85881e-08 4 3 0.833333
3862 0.0132112 19 222 0.111111
66 0.00190164 8 9 0.428571
1319 0.0100292 16 47 0.15
20 0.00104607 12 9 0.318182
22 0.0014101 9 5 0.388889
4 0.000335032 6 3 0.466667
171 0.00743732 21 21 0.157143
8 0.00149656 11 8 0.290909
31 0.004352 10 9 0.177778
1324 0.0137596 25 60 0.126667
10 0.00227023 12 8 0.272727
3817 0.015053 18 220 0.0980392
4 0.000749513 4 4 0.333333
22 0.011372 7 5 0.238095
3688 0.00405231 15 167 0.142857
20 0.00231746 9 9 0.138889
97 0.00762128 14 13 0.142857
3713 0.00727951 15 152 0.152381
3864 0.0157822 19 219 0.0584795
6 0.00160583 8 6 0.285714
2522 0.000435594 5 49 0.4
3721 0.00573251 15 161 0.161905
8 0.00434252 14 8 0.186813
7 0.00240396 7 7 0.238095
7 0.00220808 9 7 0.166667
10 0.000351416 8 5 0.357143
3411 0.00417408 8 53 0.178571
4020 0.0218009 28 266 0.0555556
24 0.00664937 12 9 0.136364
4124 0.0588586 45 332 0.0575758
26 0.00735397 12 7 0.257576
3908 0.011243 21 225 0.119048
4 0.00133094 7 4 0.238095
6 0.000146638 6 5 0.6
3 0.000481116 5 3 0.6
4 0.00133484 6 4 0.2
3695 0.00847109 15 166 0.0952381
6 0.000441782 5 4 0.5
3445 0.00511396 10 90 0.0666667
3986 0.0231411 25 261 0.11
9 0.00407693 9 6 0.111111
79 0.00175588 10 9 0.422222
3785 0.0123327 17 194 0.0808824
3867 0.00549999 19 217 0.181287
8 0.00282897 10 6 0.422222
11 0.00172671 7 3 0.333333
37 0.0033495 10 11 0.466667
22 0.00656493 10 6 0.311111
57 0.0171995 28 23 0.510582
152 0.0110421 17 18 0.176471
3564 0.00262441 12 107 0.212121
4003 0.0269819 26 274 0.0615385
40 0.00363006 10 6 0.244444
3 0.00139114 8 3 0.357143
4011 0.0200534 27 277 0.108262
34 0.0020974 10 11 0.266667
6 0.00104358 7 4 0.238095
9 0.000681782 9 5 0.416667
5 0.000973268 7 5 0.333333
56 0.00781103 9 11 0.111111
3 0.000481116 3 3 0.333333
21 0.00302805 7 4 0.190476
18 0.00179613 7 5 0.238095
13 0.00353993 9 8 0.166667
7 0.00213297 10 5 0.311111
16 0.00571865 17 13 0.110294
20 0.00454095 9 7 0.222222
537 0.0017675 8 22 0.214286
3462 0.010652 10 88 0.0666667
3 0.00154331 5 3 0.1
1312 0.00468806 15 45 0.0571429
10 0.000184202 5 4 0.6
3 0.00073941 6 3 0.466667
29 0.00616135 9 10 0.166667
10 0.00274469 9 7 0.416667
8 0.00226357 8 5 0.535714
37 0.000115675 6 8 0.6
75 0.00258898 10 13 0.155556
12 0.000584365 6 5 0.333333
7 0.00219233 4 4 0.166667
8 0.000916472 7 4 0.47619
25 0.0038468 12 10 0.19697
119 0.000826291 7 14 0.333333
34 0.00393218 15 15 0.171429
6 0.000432612 8 5 0.5
59 0.00278889 10 15 0.177778
3 0.000962117 5 3 0.3
4 0.000977044 5 4 0.3
6 0.00192308 3 4 0.333333
10 0.00364415 7 6 0.285714
3 0.000760923 5 3 0.5
13 0.00107793 6 6 0.266667
9 0.00384441 5 5 0.1
4 0.00144289 3 3 0
13 0.00123353 7 6 0.47619
5 0.00123741 5 4 0.2
5 3.47293e-07 4 3 0.666667
20 0.00143138 11 11 0.254545
63 0.00568139 21 23 0.42381
8 0.000886211 8 6 0.321429
11 0.0014942 8 6 0.392857
18 0.0027469 10 8 0.266667
3 0.000481116 5 3 0.6
22 0.0118807 13 11 0.141026
67 0.00995234 30 31 0.117241
6 0.00199198 5 5 0.1
13 0.000450178 8 7 0.357143
8 0.00224162 6 4 0.266667
7 0.00168012 7 6 0.142857
3 0.000506716 4 3 0.333333
13 0.000664094 5 5 0.2
3 0.000481116 4 3 0.5
14 3.00663e-05 41 14 0.902439
143 0.00252058 36 36 0.747619
140 0.0015756 34 34 0.836007
4 0.000481116 5 4 0.6
3 0.000839449 6 3 0.466667
3 2.19793e-05 6 3 0.8
3836 0.00556476 19 197 0.163743
53 0.00228322 10 12 0.222222
6 0.000420903 5 3 0.5
12 0.000509685 8 6 0.607143
4 0.000481116 7 4 0.714286
15 0.000248763 8 7 0.428571
10 1.9294e-07 7 7 0.809524
13 0.000123353 6 5 0.6
4 0.000151264 6 3 0.666667
3 0.000481116 3 3 0.333333
28 1.27341e-06 10 10 0.511111
14 0.00255024 8 6 0.321429
5 0.00285151 7 4 0.333333
3484 0.00243466 11 92 0.236364
6 0.00089006 8 6 0.285714
3512 0.00955046 11 98 0.0909091
7 0.000697579 5 4 0.3
4 0.00198652 6 4 0.0666667
8 0.00780743 9 5 0.138889
21 0.00462299 17 14 0.176471
5 0.00071307 7 3 0.285714
3 0.000604221 7 3 0.47619
3 9.10271e-07 5 3 0.7
3466 0.00221407 10 70 0.244444
6 0.00138212 8 5 0.178571
6 0.000944795 5 3 0.1
3 0.000962117 3 3 0
4 0.00156105 6 4 0.133333
3 0.000646951 4 3 0.166667
7 0.00287863 7 6 0.285714
6 0.00131469 5 3 0.4
3 0.000481116 3 3 0.333333
3772 0.00355433 17 163 0.154412
42 0.0087356 19 13 0.128655
62 0.005267 13 19 0.0769231
6 0.00254351 7 6 0.238095
3 3.45783e-06 4 3 0.5
5 0.000638292 4 3 0.5
22 0.00782447 16 14 0.1
10 0.000393559 8 8 0.75
14 0.00240486 9 9 0.194444
21 0.00395913 9 6 0.222222
24 0.00293217 8 11 0.178571
5 0.00144573 8 5 0.321429
5 0.00144289 5 5 0.2
3 0.00305844 7 3 0.238095
679 0.00321728 12 25 0.212121
14 0.000264148 11 10 0.4
5 0.00131009 6 3 0.466667
28 0.00147073 6 8 0.266667
12 0.000214456 10 8 0.466667
31 0.000850552 7 8 0.428571
9 0.000317497 6 4 0.466667
4 0.000962001 3 3 0.333333
10 0.0033976 10 9 0.377778
9 0.00144289 6 6 0.266667
5 0.000481753 6 5 0.333333
11 0.000864208 6 7 0.4
4 0.00058513 6 4 0.466667
3922 0.0231031 22 221 0.0909091
11 0.00216033 5 3 0.7
60 0.00211417 9 13 0.166667
6 0.000643103 6 5 0.4
30 0.00576817 11 9 0.218182
39 0.000706422 6 10 0.2
7 0.00287922 8 4 0.25
25 0.00327571 6 7 0.4
3477 0.00296546 11 97 0.127273
3 0.000965479 4 3 0.333333
3 0.00116876 4 3 0
12 0.00078096 7 7 0.47619
14 0.000476635 5 6 0.3
3671 0.0128023 14 149 0.10989
5 0.000526191 6 3 0.333333
78 0.000639866 10 14 0.511111
27 0.00738132 12 7 0.136364
3599 0.00258463 13 107 0.269231
117 0.0120617 18 26 0.111111
22 0.00235591 13 10 0.179487
19 0.00250207 5 6 0.4
51 0.00324412 17 15 0.264706
5 0.000164622 6 3 0.466667
4 2.69794e-06 8 4 0.714286
6 1.53427e-05 8 4 0.678571
332 0.00119715 14 22 0.208791
3536 0.00512275 12 105 0.181818
4 2.40305e-05 5 3 0.6
3 0.00270213 6 3 0.2
6 0.00211513 5 3 0.1
5 0.00192354 5 4 0.2
10 0.000587895 9 4 0.416667
76 0.00351899 10 10 0.333333
19 0.00767847 10 10 0.111111
3549 0.00492085 12 130 0.151515
6 0.00192342 4 4 0.166667
7 0.000397131 6 6 0.2
5 0.000772939 6 5 0.4
8 0.000654004 8 6 0.357143
10 0.000481116 4 3 0.5
56 0.00592091 21 19 0.190476
71 0.00688242 11 10 0.218182
18 0.00176973 7 5 0.190476
17 0.00565137 13 10 0.141026
39 0.00297008 19 16 0.192982
578 0.00566506 16 21 0.25
7 0.0028838 5 4 0.2
4 0.000962117 4 4 0.166667
8 0.00336411 6 6 0.266667
5 0.000962001 5 5 0.4
8 0.00336503 7 7 0.0952381
12 0.00528255 4 4 0
6 0.000962117 4 4 0.166667
3 0.000962117 4 3 0.166667
3 5.78821e-08 3 3 0.666667
1133 0.00246173 11 22 0.163636
4 0.000266183 5 3 0.4
19 0.00643484 10 10 0.0222222
42 0.00585241 9 11 0.111111
9 0.00153941 9 6 0.25
4 0.0019658 9 4 0.277778
4 0.00163466 9 4 0.555556
3544 0.00395802 12 118 0.0909091
10 0.000431255 5 5 0.2
6 0.00240396 6 6 0.266667
3765 0.011786 16 194 0.00833333
4072 0.0158669 32 308 0.078629
54 0.00206477 8 8 0.25
42 0.00275842 9 12 0.194444
10 0.00120642 4 3 0
6 0.00144289 6 6 0.266667
3481 0.0122513 11 99 0.145455
8 0.00240384 8 8 0.25
4 1.15764e-07 4 4 0.666667
10 0.00450946 6 5 0.2
3 0.000704461 4 3 0
6 0.000560067 5 4 0.4
17 0.00243 12 11 0.19697
6 0.00296792 11 6 0.163636
19 0.0022043 10 9 0.288889
5 0.00013739 7 5 0.333333
19 0.00144098 9 7 0.277778
3534 0.0052665 12 114 0.121212
21 0.0138409 10 9 0.2
12 1.10117e-05 4 3 0.666667
14 0.0097916 15 10 0.2
38 0.00338996 9 9 0.444444
7 0.00154259 8 6 0.178571
3419 0.00248174 9 67 0.222222
3568 0.00480321 12 121 0.136364
6 0.00133884 8 5 0.142857
3821 0.00336236 18 183 0.196078
9 6.49851e-05 7 3 0.714286
6 0.00192308 6 5 0.4
15 0.00575811 4 4 0.5
12 0.00213007 11 7 0.309091
3588 0.00480437 13 116 0.192308
3638 0.00643661 13 144 0.205128
52 0.000786398 6 13 0.133333
6 0.00250244 9 6 0.194444
3 5.78821e-08 3 3 0.666667
1116 0.00155404 7 21 0.238095
17 0.00481376 13 12 0.166667
6 0.00109106 6 5 0.4
10 0.00326916 8 6 0.142857
6 0.00101178 5 5 0.4
50 0.000450053 8 13 0.464286
8 0.00336434 4 4 0.166667
3 6.52322e-05 6 3 0.466667
34 0.00263018 11 11 0.290909
12 0.000361024 9 6 0.361111
241 0.0015951 9 21 0.25
10 0.000572431 6 4 0.533333
13 0.00270343 13 10 0.217949
9 0.00237365 11 6 0.327273
3627 0.0118328 13 140 0.0512821
21 0.00182722 9 7 0.305556
11 0.00217823 8 4 0.285714
38 0.00553045 37 36 0.489489
4 0.00205153 6 4 0.2
3 0.000481116 3 3 0.333333
5 0.00144265 5 5 0.4
17 0.00343823 6 6 0.0666667
5 0.00195374 6 5 0.266667
5 0.00157134 6 5 0.2
4 9.40346e-05 6 4 0.533333
3 0.000526864 4 3 0.166667
3 0.000113391 5 3 0.5
14 0.000855904 5 6 0.2
5 0.0016583 6 4 0.266667
3494 0.00313411 11 81 0.127273
7 0.000900731 5 5 0.4
3 0.000962117 4 3 0.166667
7 0.000997818 6 4 0.266667
3 0.00153517 5 3 0.1
3969 0.0106649 24 237 0.137681
37 0.00449287 13 10 0.346154
7 0.000502968 5 3 0.5
3 0.000481116 4 3 0.5
10 0.00159212 5 5 0.6
46 0.0052039 15 12 0.2
7 0.0028845 5 5 0.1
62 0.00150985 10 11 0.422222
4 0.000172067 8 4 0.642857
5 7.66809e-05 6 4 0.533333
3941 0.0110719 23 227 0.146245
17 0.00026096 7 6 0.380952
16 0.00156799 8 5 0.357143
5 0.00144265 4 5 0.5
6 0.00257954 7 5 0.238095
18 0.000137755 6 4 0.6
4 0.00101598 4 3 0.333333
5 0.00149837 7 5 0.238095
134 0.00512138 12 19 0.242424
3943 0.0206735 23 237 0.114625
11 0.00224922 9 7 0.277778
3 0.000962117 4 3 0.166667
4 0.00111225 4 3 0.166667
4 0.000481116 4 4 0.5
6 0.000523568 7 6 0.238095
3 0.000103409 3 3 0.333333
5 0.00122158 7 5 0.238095
276 0.00154108 7 16 0.238095
4 0.000647297 4 3 0.333333
3 0.000237577 4 3 0.333333
10 0.00116474 6 8 0.533333
3 0.000156158 5 3 0.8
57 0.00637409 15 17 0.190476
3415 0.0104002 9 66 0.166667
12 0.00174169 8 7 0.285714
32 0.00965635 24 23 0.358696
47 0.0147552 18 16 0.0718954
32 0.00381219 10 9 0.177778
4 0.000721327 5 4 0.4
3 5.78821e-08 3 3 0.666667
4 0.000962117 4 4 0.166667
7 0.00288415 5 5 0.2
37 0.00767155 13 13 0.115385
3 0.00271035 6 3 0.133333
11 0.00501681 11 9 0.163636
1348 0.0119261 19 46 0.152047
60 0.00245557 5 7 0.5
6 0.000889491 7 4 0.380952
3402 0.000940198 7 49 0.285714
3 0.000775757 6 3 0.333333
14 0.000872102 6 7 0.266667
9 0.000754318 7 5 0.380952
5 0.00158658 6 4 0.133333
43 0.00250449 8 14 0.0714286
3 0.000898646 5 3 0.3
90 0.0110071 25 29 0.846667
3 0.000159347 4 3 0.5
7 0.00288415 9 7 0.277778
5 0.00089987 6 5 0.2
26 0.00678399 14 13 0.384615
4 0.000962001 4 4 0.333333
14 0.000600242 5 5 0.2
105 0.00297933 13 15 0.24359
11 0.00182245 8 7 0.285714
3 0.000962117 3 3 0
17 0.00283129 6 4 0.2
3541 0.00885591 12 111 0.106061
1285 0.00499979 12 33 0.151515
396 0.00390806 14 22 0.164835
392 0.00145801 8 15 0.321429
12 0.00528394 6 5 0.133333
3 0.000481116 3 3 0.333333
4 0.00144289 3 3 0
26 0.00752043 18 14 0.202614
3 2.31528e-08 6 3 0.933333
5 0.000105769 7 5 0.47619
138 0.00434067 10 12 0.222222
3 0.000962117 3 3 0
4 0.00144801 8 4 0.321429
26 0.00367482 8 8 0.0357143
3 0.000368424 5 3 0.6
15 0.00183771 8 7 0.357143
12 0.00122734 7 7 0.238095
4 0.000393997 5 3 0.4
10 0.00402575 10 9 0.533333
3 0.000481116 4 3 0.5
5 0.000339339 7 5 0.428571
8 0.000996415 7 5 0.380952
13 0.00168935 9 9 0.194444
3 0.0019656 5 3 0.1
5 0.00157425 4 3 0
6 0.000962117 5 5 0.3
3406 0.00501179 8 63 0.142857
6 0.00234051 10 6 0.222222
10 0.00216883 7 5 0.333333
10 0.00107648 10 10 0.355556
3436 0.00136282 10 69 0.311111
15 0.000209579 4 4 0.333333
13 0.00119776 4 4 0.166667
5 0.00144265 4 5 0.5
7 0.00260479 4 4 0.333333
9 0.000578108 5 5 0.5
19 0.000416224 6 8 0.4
4 0.000459184 5 4 0.4
6 0.00282099 7 5 0.238095
3650 0.00597788 14 148 0.142857
8 0.00121053 8 7 0.285714
3 2.70117e-07 4 3 0.666667
25 0.00537034 10 12 0.2
5 0.00192342 5 5 0.3
5 0.000962001 3 3 0.333333
7 0.00240327 4 4 0.333333
5 0.000962059 4 4 0.333333
9 0.000870856 8 6 0.214286
7 0.000564578 6 5 0.333333
11 0.00142277 8 5 0.464286
3400 0.000998582 6 54 0.2
50 0.00422397 13 13 0.166667
47 0.00189997 11 15 0.145455
87 0.00226562 13 19 0.179487
8 2.45612e-05 10 8 0.822222
6 0.00207321 7 6 0.142857
11 8.17506e-05 12 10 0.636364
6 0.00214954 6 6 0.133333
3 5.78821e-08 3 3 0.666667
12 0.0030843 5 5 0.3
38 0.00370248 11 13 0.145455
3562 0.0050406 12 133 0.121212
6 0.00261009 5 4 0.1
3 0.000962117 4 3 0.166667
4 0.000962001 3 3 0.333333
7 0.000148326 13 7 0.589744
9 0.00168026 4 3 0.666667
14 0.00575811 5 5 0.4
12 0.00264226 6 6 0.333333
30 0.00166644 7 8 0.190476
18 0.00204108 10 8 0.533333
17 0.000965354 8 8 0.357143
98 0.00278883 8 13 0.214286
8 0.000636567 6 3 0.6
7 0.000983621 8 4 0.357143
15 0.00245874 18 15 0.633987
6 0.000693337 9 6 0.333333
8 0.000551211 7 6 0.380952
3 0.000108448 5 3 0.7
3 0.000390488 5 3 0.5
7 0.00210197 8 6 0.357143
11 0.000422412 4 5 0.333333
16 0.00274197 6 5 0.4
6 0.000499518 5 4 0.4
58 0.00851366 13 13 0.128205
4 0.000160353 5 4 0.7
14 0.00164487 6 6 0.266667
8 0.00336469 5 5 0
4 0.001443 4 4 0
9 0.00188234 5 3 0.3
6 0.000451151 7 6 0.428571
15 0.00477785 8 8 0.214286
45 0.00435343 8 7 0.285714
3 0.000250813 6 3 0.333333
5 0.00165743 10 5 0.288889
118 0.00191933 8 11 0.321429
41 0.00203523 24 24 0.413043
5 0.00172509 6 5 0.333333
3 0.000962117 4 3 0.166667
11 0.00387279 9 9 0.138889
4 0.000481116 4 4 0.5
4 0.00384441 4 3 0
3697 0.00662735 15 149 0.247619
4 0.000510736 6 4 0.333333
5 2.54706e-05 5 4 0.6
8 6.91647e-05 5 5 0.4
5 1.73646e-07 5 5 0.7
8 0.000626858 8 5 0.428571
4 0.000962001 5 4 0.4
9 0.000114086 4 5 0.5
7 0.00192308 5 4 0.6
9 0.00220534 6 5 0.333333
5 0.000271641 8 5 0.464286
5 0.000383233 7 3 0.571429
3 0.000470189 4 3 0.333333
53 0.000321939 6 10 0.4
10 0.00122162 5 3 0.4
9 0.00106116 6 6 0.333333
3 0.0002518 5 3 0.5
5 0.00192365 5 5 0.1
3 0.00140819 6 3 0.466667
224 0.0112804 20 24 0.210526
9 0.00124833 8 7 0.428571
10 0.00466895 9 8 0.194444
4 0.000962001 4 4 0.333333
231 0.00124248 8 20 0.178571
16 0.000438178 15 15 0.533333
6 0.00155774 5 5 0.2
10 0.00432484 6 6 0.133333
3 0.000962117 3 3 0
3 0.000481116 3 3 0.333333
9 0.00103843 6 4 0.333333
4 0.000481116 4 4 0.5
5 0.00144265 5 5 0.4
7 0.000846924 5 3 0.4
23 0.00378511 8 8 0.178571
4 0.000962001 4 4 0.333333
57 0.0058934 17 17 0.132353
7 0.000969914 9 6 0.472222
6 1.15764e-07 8 6 0.857143
12 0.000962232 10 10 0.533333
9 0.000962117 10 9 0.555556
5 0.00212482 7 5 0.0952381
23 0.00329874 18 17 0.594771
6 0.000283971 8 5 0.714286
11 0.00480271 7 7 0.285714
4023 0.00501678 29 263 0.6133
8 0.00256503 8 7 0.285714
10 1.84939e-05 6 6 0.4
4 0.000962001 5 4 0.4
9 0.00198102 13 8 0.384615
158 0.018592 37 40 0.846847
3 4.88945e-05 7 3 0.761905
6 0.00017632 10 5 0.555556
29 0.00293418 12 11 0.30303
4 9.00977e-05 4 3 0.5
21 0.000293301 6 7 0.466667
13 0.00162056 11 10 0.490909
9 0.00114681 10 9 0.488889
5 0.000240384 4 3 0.666667
3 0.000962117 3 3 0
4 0.000962001 5 4 0.4
3 0.000481116 3 3 0.333333
3 0.000118027 6 3 0.866667
11 0.000837334 9 8 0.527778
9 0.000560637 11 9 0.345455
542 0.00349297 13 28 0.205128
22 0.00513314 11 8 0.236364
3 5.78821e-08 3 3 0.666667
5 0.000962001 5 5 0.4
13 2.3817e-05 6 5 0.6
3 2.55077e-05 5 3 0.4
13 3.19277e-05 14 9 0.769231
527 0.0018892 9 18 0.222222
31 0.00329479 10 11 0.177778
3 0.000172695 4 3 0.333333
5 5.04605e-05 6 4 0.533333
4 0.00048129 5 4 0.3
8 0.000136992 10 7 0.488889
4 0.000227214 6 4 0.6
4 0.00144289 5 4 0.2
7 0.000240056 7 5 0.571429
4 9.84724e-05 5 3 0.7
13 0.00442651 6 6 0.133333
8 0.000962001 4 4 0.333333
3 5.78821e-08 3 3 0.666667
11 0.000524846 6 4 0.6
15 0.0019675 7 6 0.428571
4 1.15764e-07 6 4 0.8
3 0.000135211 4 3 0.5
4 0.00144289 3 3 0
7 0.00125134 8 7 0.428571
4 1.15764e-07 4 4 0.666667
4 0.000115408 6 4 0.533333
150 6.77475e-05 5 14 0.6
44 0.00397839 11 10 0.109091
10 0.00290711 5 4 0.2
5 0.00170747 5 4 0.4
8 0.000450508 5 4 0.4
7 0.000855597 5 5 0.3
5 0.0003899 5 5 0.3
32 0.00271203 6 11 0.2
17 0.00186739 10 10 0.288889
17 0.00499133 8 8 0.25
5 3.47293e-07 5 4 0.6
3 0.000481116 4 3 0.5
7 0.000478931 9 7 0.611111
13 1.38917e-06 14 13 0.604396
10 0.000708951 4 3 0.333333
151 0.00245455 7 16 0.142857
15 0.000159474 15 11 0.809524
5 0.00108974 4 5 0
8 0.00192354 8 8 0.285714
7 0.000324893 6 5 0.4
14 0.00162818 8 8 0.25
3 0.000564527 5 3 0.5
12 0.00272805 10 9 0.222222
3 5.78821e-08 3 3 0.666667
6 2.31528e-07 15 6 0.847619
10 0.00040373 10 10 0.777778
6 0.00185223 8 6 0.285714
4 0.000210662 4 4 0.5
5 2.40273e-05 6 5 0.6
3 2.17413e-06 6 3 0.866667
92 0.000494973 30 32 0.604598
16 0.000604341 10 9 0.4
3739 0.00343034 16 182 0.233333
22 7.69738e-05 24 22 0.891304
7 5.14508e-08 23 7 0.968379
8 0.00194275 6 4 0.466667
3 0.000962117 3 3 0
6 0.00240373 8 6 0.321429
9 0.00192342 5 6 0.3
3 0.000647948 7 3 0.52381
41 0.00141671 7 10 0.52381
5 3.66026e-06 6 3 0.866667
8 0.00169753 9 8 0.222222
4 0.000166895 5 4 0.5
3 0.000365074 4 3 0.5
18 0.00125951 5 6 0.2
5 0.000831825 7 5 0.333333
4 0.00144289 5 4 0.2
8 0.00192284 5 5 0.3
11 0.000993619 10 9 0.444444
27 0.000534494 11 12 0.563636
35 0.000962001 36 35 0.892063
39 0.00144265 37 37 0.846847
8 0.000804913 6 6 0.266667
3 1.25112e-05 4 3 0.666667
3 0.000481116 3 3 0.333333
4 0.00144289 5 4 0.2
4 0.000962117 4 4 0.166667
5 0.000481116 5 5 0.6
5 0.00144265 5 5 0.4
24 0.00259747 13 14 0.269231
4 6.47408e-05 6 4 0.733333
19 0.0013295 8 9 0.428571
7 9.94524e-05 7 6 0.571429
6 0.000548873 4 4 0.333333
19 0.00228987 6 9 0.333333
9 0.000792572 5 6 0.4
6 0.000789845 7 6 0.333333
3 0.000202737 4 3 0.666667
8 0.00336446 8 8 0.25
4 1.15764e-07 4 4 0.666667
4 0.000481116 4 4 0.5
9 0.00100997 9 8 0.472222
55 0.00194629 7 12 0.714286
5 0.000240732 5 5 0.5
6 0.000411239 7 6 0.428571
6 0.00144289 6 5 0.266667
6 0.000366632 4 4 0.333333
7 2.94174e-05 6 5 0.333333
3 1.73646e-07 4 3 0.5
5 0.000721559 5 5 0.4
3 0.000240442 4 3 0.666667
4 0.00144289 4 4 0.166667
4 0.00144289 4 4 0.166667
5 0.000962001 4 4 0.333333
5 0.00175414 4 4 0.166667
11 1.38274e-06 16 11 0.75
4 0.000962001 3 4 0.333333
4 7.71762e-08 5 4 0.8
