26 0.00147342
24 0.000389083
761 0.0293415
202 0.00297475
739 0.0140874
67 0.00108596
759 0.0433668
13 0.00025493
701 0.0127207
608 0.00242021
674 0.00658895
438 0.000673297
61 0.000917303
10 0.00175427
29 0.00198496
6 0.000256068
8 0.000404225
746 0.0218449
563 0.000681281
28 0.000398118
579 0.00559268
199 0.00268433
730 0.0179982
755 0.0309545
194 0.00514899
704 0.0050309
742 0.0222886
428 0.00190011
458 0.00321622
450 0.00974699
472 0.00253435
185 0.00284569
11 0.000994891
639 0.00568935
26 0.00023623
528 0.00357352
13 0.000341715
697 0.0100114
58 0.0014919
381 0.00283036
523 0.00162701
64 0.0026599
687 0.00850599
12 0.000150554
5 0.000267771
13 0.000294683
636 0.00385816
681 0.00870334
292 0.0030147
466 0.00213048
3 0.000185823
482 0.000846153
26 0.000752394
56 0.000875714
536 0.00263485
374 0.00146165
4 0.000522933
41 0.000501281
371 0.000988403
453 0.00103103
13 0.000479672
8 0.000327404
446 0.000661149
460 0.00125426
4 0.000356943
623 0.0136698
547 0.00428206
3 3.38805e-05
612 0.0104065
17 0.00113247
24 0.00064314
660 0.00805843
4 0.00287423
42 0.000210347
17 0.00298797
723 0.00697561
497 0.00380839
28 0.000445282
84 0.00406647
384 0.000726308
4 0.00328019
586 0.0064054
3 0.000254853
6 0.000311296
16 0.00029159
71 0.000850292
377 0.000773694
568 0.00359138
364 0.000330032
5 2.73709e-05
19 0.000169427
23 0.000316275
9 0.000916203
5 0.000323064
21 0.000285288
514 0.00518784
9 0.000198752
361 0.00044493
12 0.000386126
7 0.000717345
6 0.000223388
5 0.000131851
17 0.000782988
14 0.0004521
11 0.000305673
521 0.00323034
6 0.000195783
23 0.00132333
7 0.000169755
423 0.000898073
26 9.70885e-05
4 0.000146384
77 0.000150547
366 0.00133946
16 0.000251629
462 0.000552773
53 0.0024202
113 0.000597844
6 0.000107469
4 0.00351536
3 0.000188994
4 0.000186563
188 0.00052744
67 0.000217336
5 0.000115873
9 0.000663786
3 8.40129e-05
3 0.00269092
5 0.000298119
6 0.000525556
8 0.00026177
204 0.00231733
10 0.000181517
8 6.46242e-05
50 0.000322252
40 0.00152784
10 0.000255281
7 0.000499712
12 0.00819375
25 0.000245897
11 0.000341342
3 1.41713e-05
8 0.000169758
7 0.000297939
4 0.00028635
8 0.000133622
5 5.92658e-05
