18912 0.00224268
18224 0.0085552
5 2.66056e-05
15918 0.00815332
6 4.01047e-05
130 0.00792067
62 0.000494605
20841 0.0363223
20806 0.0016547
20607 0.00174483
9 7.07199e-05
26770 0.00900481
27765 0.00499794
26482 0.00652126
25382 0.00226442
30722 0.0237934
27271 0.00941204
20987 0.00195722
26114 0.0078804
21097 0.00283782
24783 0.00556897
24374 0.00282487
16855 7.25336e-05
15303 0.000422833
21269 0.00155976
25705 0.00554699
27690 0.00994785
23468 0.00456806
18733 0.00131635
28844 0.0090407
30157 0.0186875
869 0.000154309
5 2.37441e-05
19856 0.00208748
24450 0.00789668
28480 0.0101094
25449 0.00475983
3 4.2363e-05
27217 0.00419826
17559 0.000266459
15509 9.96581e-05
26405 0.00966277
21364 0.000481525
20579 0.000745224
16530 4.32251e-05
432 0.000323136
20278 0.000234247
28975 0.0188899
26023 0.0107379
20755 0.000638511
17057 0.000235204
22432 0.00333202
28213 0.00575594
31471 0.0245326
28 4.62164e-06
20414 0.000292934
32174 0.0716285
5 0.000179521
22276 0.0017166
21592 0.00116232
24833 0.00707805
16803 8.8722e-05
23331 0.0109217
28 2.98604e-05
16599 5.94983e-05
29178 0.0126182
18309 0.000250298
5 1.1128e-06
8 3.65517e-05
20165 0.000737163
22850 0.00219841
19051 0.000452146
21189 0.000955104
15504 0.000109313
22386 0.000624404
24194 0.00152744
5 0.000139439
29081 0.0131435
3 1.26675e-06
252 5.2571e-05
22463 0.00136269
26201 0.00694964
19748 0.000162929
25350 0.0015275
28862 0.00574087
24232 0.00245084
31876 0.0301616
25 5.89941e-05
23828 0.00789996
5803 0.000161216
4 7.06481e-07
21377 0.000455178
76 0.000211697
29276 0.0136921
26326 0.00272103
532 8.21508e-05
19509 0.000405758
15905 5.84264e-05
20340 0.000264111
27197 0.00847509
21 0.000186446
21998 0.000939125
21836 0.000760816
17411 0.000127419
28291 0.0056357
25762 0.00280462
21183 0.000326146
31 9.01676e-06
20424 0.00092366
28848 0.0071741
14095 3.54705e-05
25550 0.00243147
21120 0.0010318
21781 0.00204092
20740 0.000338122
40 0.000162779
26526 0.00386831
16228 6.8043e-05
21641 0.000714793
23478 0.00175074
19472 0.000941303
20751 0.000356537
21022 0.00066227
32467 0.0414725
27151 0.00319278
21672 0.00235034
19330 0.000787426
20213 0.000764027
19060 0.000519052
21632 0.00152961
30608 0.0224287
19437 0.00092369
6 7.5768e-05
18172 0.000220004
16798 0.000472284
31063 0.0302601
21694 0.00119631
16699 0.000292551
16793 0.000466739
25722 0.00159346
25630 0.00625399
18236 0.000134139
28445 0.0083137
18967 9.47878e-05
20449 0.000522144
27045 0.00361499
20914 0.0004484
24263 0.00306251
46 0.000113578
16783 0.000141573
24336 0.00277025
13 0.000154378
24458 0.00166943
10 1.91658e-05
20516 0.00139074
15211 3.86075e-05
27459 0.00915382
29446 0.00745486
21580 0.000631941
22437 0.00116705
3644 0.000481952
3570 6.59235e-05
30496 0.0204767
21360 0.000483867
24961 0.00222694
21135 0.000695193
17921 0.000385684
25261 0.0062364
15 5.68862e-05
19602 0.000601986
26311 0.00353421
21768 0.000555801
31777 0.029868
25 3.07476e-05
14975 0.000114891
21 8.07032e-05
25352 0.00427911
17217 0.000196246
21070 0.000306966
27476 0.00380913
16260 0.00010372
23615 0.00413913
22823 0.000862525
5 1.54719e-05
42 0.00164821
21502 0.00501519
22450 0.00141824
17 1.37234e-05
21595 0.000668582
16334 8.51047e-05
26971 0.00191915
18544 8.28358e-05
23419 0.00293964
26608 0.00148038
24604 0.00098354
3 5.34302e-06
22249 0.00524019
19497 0.000235624
21994 0.000833782
14825 2.52887e-05
30653 0.0189805
21827 0.000870898
16865 0.000994018
21986 0.000998342
27510 0.00344695
3234 1.34516e-05
22608 0.0015991
15356 2.06339e-05
23709 0.00170249
2413 2.91565e-05
23623 0.00196426
23472 0.000958551
25405 0.00142005
29236 0.0176186
29720 0.00963451
21724 0.00177622
26614 0.00239269
23532 0.0016082
22391 0.000789895
18230 6.5427e-05
26317 0.00182775
25282 0.00173382
19793 0.00039075
20499 0.000293645
20311 0.000332583
32275 0.0409187
72 3.41775e-06
23638 0.001017
16 9.33991e-06
19642 0.000254419
19621 0.000216134
25291 0.00133641
26528 0.00185855
25369 0.00127436
60 5.01788e-06
18592 0.000283498
22727 0.00115817
30223 0.011986
26026 0.00138581
26612 0.00321412
56 1.08531e-05
18917 0.000571649
5837 0.000287899
23090 0.00109988
20524 0.000313271
6 3.05278e-06
22831 0.00116332
19333 0.000166636
20577 0.000550831
23552 0.000896924
19619 0.000191412
7 1.05371e-05
21730 0.000682528
21760 0.000582844
19697 0.000496802
29785 0.0106751
44 9.4697e-05
22877 0.00169508
29670 0.00780439
19676 0.000182221
17457 0.000118687
15096 1.25844e-05
24926 0.0024263
26452 0.00284207
26276 0.00200228
29078 0.0119062
19989 0.000686141
22080 0.00116775
16247 8.57864e-05
17524 0.000121129
71 0.000173401
25718 0.00206605
17535 5.3423e-05
5391 0.000150071
29406 0.0220906
18117 7.10254e-05
18695 5.38073e-05
17821 9.14386e-05
5737 3.75269e-05
24711 0.0016033
25139 0.000766712
26856 0.00763885
22322 0.00075576
18598 8.29457e-05
19876 0.000128722
22890 0.00104353
139 0.000132877
24453 0.00147325
22308 0.000727978
23707 0.00076965
31407 0.0430734
19858 0.000170467
20667 0.000812063
22591 0.000576412
25065 0.00105647
20918 0.00025658
16109 5.06442e-05
18099 8.57569e-05
26602 0.00284593
21151 0.000392023
16191 9.42705e-05
26689 0.00269212
18953 5.76889e-05
31037 0.0420459
25739 0.00193206
24180 0.000878483
17228 0.000237122
20847 0.000470535
24958 0.00130516
6 1.22432e-06
20784 0.00087912
3 5.99781e-06
18176 0.000337916
20673 0.000600483
20662 0.000431333
16 2.18791e-05
11 0.000244718
19489 0.000218236
28054 0.016011
21574 0.00119988
20129 0.00082495
15794 2.8737e-05
14 2.28092e-05
22184 0.000879264
22224 0.00223377
48 5.26494e-05
3316 0.000392179
18217 8.16033e-05
16266 9.61433e-05
3 1.42956e-05
8 4.64998e-05
17209 0.000112742
20191 0.000167572
28850 0.00443585
20772 0.000540453
3 6.63887e-06
22258 0.000796878
29636 0.019561
29488 0.0112666
21924 0.000713157
18881 6.95417e-05
15471 4.71057e-05
25647 0.00532321
4 1.29937e-05
16982 0.000275472
21073 0.00116109
23485 0.000637978
23641 0.00118802
18710 0.000120882
18792 0.000106107
22452 0.000433175
21385 0.000764948
21756 0.0010155
24835 0.00100156
3 4.54333e-06
44 2.0318e-05
22310 0.00118587
6 1.68248e-05
22372 0.000530193
25199 0.00506904
20158 0.000399174
21142 0.000506015
7 2.12584e-05
6003 5.46881e-05
6 8.26633e-06
26139 0.00156314
462 4.71079e-05
121 0.00155374
224 2.17656e-05
25364 0.00128407
19065 0.000859005
15 1.30395e-05
5850 4.7709e-05
21533 0.00108435
15314 6.1634e-05
15192 4.91249e-05
20584 0.000419896
15 5.31304e-06
25417 0.000995786
5845 0.000582007
14533 9.73615e-06
25360 0.00253142
20293 0.000549542
18281 0.000318451
17426 0.000171381
3 2.663e-06
8 6.17852e-05
18 1.10965e-05
30432 0.0220927
18028 0.000297571
21107 0.00116078
6 0.000163889
16518 2.32372e-05
19722 0.000200299
20899 0.000502714
259 1.87482e-05
19145 8.84e-05
17251 0.000156276
10 7.66703e-05
17470 0.000198066
5 3.64457e-05
20916 0.00089696
16378 0.000107471
18277 0.000248412
18033 0.000117977
19761 0.000580172
20737 0.000442961
20465 0.000521958
15 0.000522026
71 1.08391e-05
91 8.72667e-05
20790 0.000238889
25284 0.00142363
18212 0.000396301
107 4.61472e-05
22611 0.000538973
139 0.000150938
14925 0.000161369
19355 0.000270114
22441 0.000725513
20650 0.000570841
15017 0.000377427
23 1.9006e-05
28347 0.00631467
20434 0.000364587
25134 0.0018757
18017 0.000242774
16054 2.27497e-05
19771 0.000232756
4 3.03151e-05
16837 5.74572e-05
18878 0.000306092
26624 0.00282553
69 3.93353e-05
54 4.16977e-05
18428 0.000276923
18431 0.000391591
24208 0.00221381
31144 0.0250991
21779 0.000781924
20688 0.000403344
16386 0.000163101
19960 0.000107393
4 2.74164e-06
17059 5.05883e-05
39 0.000169124
19977 0.000198155
21536 0.000846013
17937 0.000117084
30340 0.0144669
20904 0.000456577
19045 0.000195709
3 0.000118977
3369 0.000135084
20636 0.000434377
14681 3.07777e-05
5958 0.00065688
8 2.67056e-05
19415 0.000241533
4 6.27678e-06
18722 0.00012462
16121 0.000143804
19516 0.000136112
12 3.17048e-05
18251 0.000195245
17572 8.64818e-05
21559 0.00224299
21527 0.00183725
26583 0.00944717
20573 0.00175623
21630 0.00332158
17676 0.000118753
22614 0.000772772
18937 0.000399682
26943 0.0110575
24321 0.00100853
19724 0.000356845
18165 0.00103243
30036 0.0192366
52 5.04951e-05
5748 1.81151e-05
17153 0.000154095
14263 1.01718e-05
5 2.49361e-05
15287 2.82664e-05
19 0.000122967
18963 0.000241728
44 1.56132e-05
21345 0.00309382
24455 0.00169333
16922 0.000190765
28627 0.00761883
19036 0.000601811
21131 0.00130639
20953 0.00290416
24956 0.00502493
21721 0.00145975
20267 0.000432982
25470 0.00143107
25833 0.00358538
3 1.67443e-05
19264 0.00116977
26521 0.00462152
15935 0.000179729
24 7.23377e-05
22 4.64969e-05
19784 0.000147904
17539 0.000190066
28085 0.00856508
568 0.000491374
16919 9.07993e-05
15420 0.000171766
18958 0.000163179
23122 0.00481053
20521 0.000526246
20733 0.00166716
15970 6.92913e-05
19395 0.000669476
22136 0.00163291
62 6.69612e-05
3305 0.000426641
3320 0.000774708
3239 7.44022e-05
3228 0.000310233
5 2.42768e-06
52 1.30264e-06
3 4.33197e-08
18471 0.00224471
11 7.14043e-07
7 2.13503e-05
3 7.53369e-06
9 3.39807e-05
6 4.53942e-06
20 4.42667e-06
231 6.10118e-05
8 6.01794e-06
7 7.35907e-06
49 6.84381e-05
24371 0.000893365
22842 0.00177157
32027 0.0336104
23 1.50551e-06
22111 0.000445255
28390 0.00535241
22468 0.0013327
4 2.02481e-06
18128 0.000152293
15850 4.50429e-05
22388 0.000304402
8 1.57735e-06
19221 0.000149263
21197 0.000486901
15848 8.38376e-05
19468 0.000174424
20881 0.00043841
20519 0.000716226
26593 0.00197605
21639 0.000216806
23481 0.00108614
25149 0.00160072
19768 0.000385295
18417 7.48195e-05
24705 0.00878307
43 7.71616e-05
19148 0.000326257
20619 0.000312638
16753 0.000155675
18186 0.000671564
27054 0.00166829
19995 0.000188329
22156 0.000361862
21636 0.000442151
22600 0.000929636
19624 5.54582e-05
25729 0.00193421
25554 0.00202742
15495 6.12548e-05
17224 4.96374e-05
17074 0.000129875
5982 0.000174721
19615 9.76302e-05
73 2.35425e-05
19465 0.00012826
21356 0.000211674
18540 3.82496e-05
19652 0.000123116
16969 7.97719e-05
29 9.65681e-05
17631 3.15208e-05
26142 0.001141
20845 0.000134348
6 2.59894e-05
17071 5.68636e-05
20969 0.000388272
19442 0.00020353
20819 0.00107589
22482 0.00067629
18052 0.000163789
15856 4.10784e-05
21236 0.000787589
14627 1.07148e-05
20295 0.000216389
22459 0.000778168
3485 8.16505e-05
17176 3.75333e-05
16844 0.000108615
17 9.9895e-05
23557 0.000731546
11 2.28763e-05
17831 0.000217993
3648 3.95069e-05
22312 0.000671865
12 5.57846e-06
16773 0.000147516
5948 6.95722e-05
19640 0.000155544
23 2.96137e-05
13 1.11099e-06
18 4.87153e-06
25274 0.00209143
31628 0.0419836
18972 0.000141561
20792 0.000201216
19545 6.59447e-05
57 5.17958e-05
6 1.17487e-05
3 4.78033e-06
18238 0.000229884
15767 2.84023e-05
20163 0.000180268
19633 0.000348142
20032 0.000333863
51 6.56265e-05
25587 0.00457952
23489 0.00115805
13 4.1291e-05
19631 0.000320687
16846 5.68835e-05
17255 7.92611e-05
22370 0.000659779
3 6.11106e-05
19950 0.000102884
5 3.8511e-05
19927 0.00056384
17751 0.000168632
20445 0.000182409
23581 0.00103623
23997 0.00199108
6 1.37042e-06
19231 0.000199374
19958 0.000161651
20405 0.000645032
20613 0.000247442
23265 0.000679488
20451 0.000387478
17069 8.93658e-05
18321 0.000129222
21362 0.000321873
14 1.48348e-06
3 3.64801e-07
25674 0.00401684
5734 1.16719e-05
19798 0.00040823
18816 0.000145245
20647 0.00123282
33 9.14856e-06
20068 0.000180309
4 1.21173e-05
25131 0.000485471
15770 7.52479e-05
24460 0.000640599
20912 0.000710616
116 5.21414e-05
18719 6.68379e-05
19636 0.000121567
19225 0.0002533
18318 0.000512739
11 2.92428e-05
7 8.58809e-07
27727 0.0035037
20765 0.000142123
19839 0.000337384
13 0.000220127
19791 0.000201114
15220 1.49536e-05
21179 0.000483727
17602 0.000213427
11 2.98515e-05
16352 0.00969106
14585 0.00158199
6 0.000178057
3 4.48795e-06
10 2.35186e-06
6 3.33907e-05
17513 0.000150442
20396 0.000394667
5 4.14857e-05
17 3.93345e-05
22454 0.000801357
17609 0.000161884
12 1.33899e-05
18406 0.000419507
15442 6.51997e-05
25877 0.00354909
18262 0.000291535
18796 0.000409181
22384 0.00121104
18753 3.42912e-05
175 0.000162149
16974 3.5247e-05
19612 0.000189276
88 7.80798e-05
320 1.60577e-05
22318 0.000766429
18346 0.000756116
18679 0.000174151
4 4.0286e-06
14253 1.1182e-05
7 2.21035e-06
25546 0.0105932
14934 1.45073e-05
19549 0.000205767
5 4.59923e-05
27010 0.00768207
23629 0.00239844
3 9.00418e-07
4 2.6494e-05
5992 0.000110691
4 2.68032e-06
107 0.000219674
4 0.00026357
14 2.11072e-05
16254 0.000121258
17912 0.000944119
17 2.93586e-05
22524 0.00358351
20896 0.000961777
14 6.37893e-05
27314 0.00548088
20314 0.000596999
16916 0.000210282
8 4.2952e-05
5 6.28378e-06
15704 0.000138324
20872 0.000297069
15788 1.50457e-05
19952 0.000333779
16971 2.61184e-05
15524 0.000151012
19136 0.000140791
16193 4.35761e-05
20963 0.000360977
16 9.23604e-06
16331 9.39936e-05
15 2.79524e-05
5696 1.19842e-05
7 0.000146455
29 4.96442e-05
14302 0.000170298
14 0.000557752
5732 9.20249e-05
19719 0.00058852
10 1.49514e-05
18313 0.000162007
20154 0.000427376
35 5.83558e-05
22151 0.000950998
3 1.88403e-05
23 0.000131649
15434 7.51238e-05
21194 0.00187359
25 2.52321e-05
14944 4.52872e-05
27070 0.00305892
19 0.000237883
3 8.37445e-05
20927 0.000492061
21139 0.000235572
19833 0.00026077
20291 0.00016016
4 1.91101e-06
21752 0.00235815
21733 0.000286616
18203 0.000209174
6 0.000245353
19 1.22396e-05
25289 0.00151495
19757 0.000515923
18 4.68401e-05
15500 0.000104098
17972 0.000320258
5 0.00017215
7 5.00393e-06
7 0.000188239
18777 0.000292941
26678 0.00943937
4 8.24785e-06
5 8.02483e-07
16343 0.000101073
17666 0.00037806
6 2.27821e-05
5 7.53097e-05
5 4.50577e-06
16409 0.000145696
27578 0.00783481
3 4.60182e-06
5 3.42798e-06
1267 0.000147046
17929 0.000110566
18691 0.000226056
16 1.6778e-05
5797 9.93015e-05
17828 6.73225e-05
22099 0.00115156
19364 0.000310046
23011 0.0117786
21032 0.00160543
22078 0.00707283
19606 0.000205165
8 0.000101152
9 6.9091e-05
72 0.00012365
25054 0.00848584
19267 0.00017909
8 1.70918e-05
16 3.82337e-05
18081 0.000365441
19475 0.000180435
3 1.72628e-05
3576 0.000109463
11 1.57949e-05
27 0.000120137
10 0.00010816
99 0.000140633
4 8.05051e-06
4 5.43342e-06
20866 0.000484514
1486 0.000265092
8 5.51882e-06
8 2.07365e-06
13 0.000546569
145 7.64661e-05
14220 2.67694e-05
20630 0.000665191
18283 0.000186641
16967 0.000106737
20776 0.000445417
9 8.80639e-05
29 0.000119083
21201 0.000557176
18439 0.000191817
15411 8.39757e-05
28611 0.00941962
14135 1.35507e-05
129 6.0489e-05
5 9.30812e-06
105 0.000578157
54 1.2211e-05
20753 0.000352189
7 3.63313e-06
17452 7.41402e-05
20412 0.000173912
12 1.39687e-05
4 1.91842e-05
18 0.00266812
14 1.58303e-05
3 5.03428e-05
25124 0.00665514
7 1.09149e-05
21105 0.00018014
4 1.76162e-09
16032 0.000118324
19681 0.000274217
23487 0.00079012
16341 4.43739e-05
33 0.000216433
19715 0.000198293
5830 0.000233073
129 3.61289e-05
21831 0.000727586
22145 0.00184293
28783 0.0220793
3 5.28269e-05
24009 0.000862592
2436 0.000203696
19055 0.000352117
14 1.60097e-05
17856 0.000158405
17647 0.000556886
3 4.66819e-06
5 1.46805e-06
16790 0.000101639
5 7.50054e-06
22355 0.00389684
16231 0.00018895
100 4.76544e-05
16 0.000102234
49 0.000196744
22806 0.0061331
283 4.51188e-05
17455 0.000380909
3 6.05875e-05
4 5.9955e-05
21063 0.00125615
20216 0.000777103
19397 8.64014e-05
26272 0.00926168
8 0.00036469
25828 0.00319853
26307 0.00428483
10 2.59652e-05
15552 8.85803e-05
30268 0.0130673
11 5.12098e-05
20 8.78929e-07
18273 5.15789e-05
19353 0.00111556
22439 0.000687955
16687 0.000110298
17415 2.0895e-05
5 1.04182e-06
16312 0.000223039
56 5.29356e-05
3 5.70973e-05
4 1.31149e-06
6 3.37242e-06
19492 8.55429e-05
4 1.3179e-05
17485 2.22627e-05
5 4.78879e-05
16834 6.68586e-05
19656 0.000622724
19485 0.000284284
16170 0.000117182
157 0.000386115
15426 9.14504e-05
4 7.22935e-05
30 0.000358452
15365 1.38599e-05
15226 0.000121042
25267 0.00139042
20133 0.000203745
2415 8.208e-06
3 3.71333e-06
11 2.33285e-06
15439 5.41523e-05
17 9.44783e-06
17914 5.73676e-05
16849 0.000306681
14102 0.000263256
40 3.11743e-05
43 1.38597e-05
28 9.548e-06
24369 0.00365246
16 0.000121442
13977 2.24435e-06
17 6.85979e-06
26966 0.00404241
18 0.000449407
19660 0.000494083
59 0.00121079
8 8.49561e-05
15650 4.15841e-05
14251 8.71803e-06
3 4.24502e-06
19860 0.000254248
16127 9.68345e-05
15543 0.000211077
19403 0.000256091
16632 0.00123874
10 4.80819e-05
15452 0.000225536
12 8.86483e-05
46 5.51372e-06
16924 4.83503e-05
11 7.79116e-05
21018 0.00348143
14142 0.000103554
16 6.3414e-05
8 3.31324e-05
15002 8.19907e-05
15023 8.19096e-05
19385 0.00114254
17221 0.000108847
16393 0.000208677
480 4.54791e-05
19967 0.000664138
3 7.5277e-06
6 4.03344e-06
19551 0.000172142
16 6.47115e-05
17518 7.11187e-05
5 1.85106e-06
18189 4.6183e-05
15476 4.73259e-05
22444 0.000534429
20256 0.00180064
17 9.30858e-05
21367 0.000409473
20455 0.00075928
4 2.41262e-05
4 1.42908e-05
23513 0.00289088
321 0.00346795
7 3.48373e-05
5 5.02716e-07
14 4.92001e-06
789 0.000174887
15763 0.000161402
8 3.55221e-06
5 5.28211e-08
23 2.96873e-05
20024 0.000623115
20203 0.000624945
13 0.000434998
14213 1.62405e-05
4 2.27942e-05
16 3.71976e-05
6 2.15004e-06
35 0.00152283
21484 0.00169064
3 1.84304e-07
15242 7.65866e-05
26736 0.00632085
253 9.74822e-06
11 1.71916e-05
17090 0.000235609
4 5.9356e-05
20161 0.000255017
19711 0.000675841
18062 0.000306647
28 4.95139e-05
25 1.86854e-05
24990 0.00605167
18686 0.000763431
22 2.23608e-05
15833 5.33385e-05
17639 0.000281304
20797 0.000602935
20081 0.000743065
11 5.67366e-06
18766 0.000391476
16693 5.85805e-05
18768 7.12581e-05
18582 0.00117057
19457 0.000108203
43 9.38239e-05
52 0.000179697
3 4.74294e-06
18977 0.00133775
13 0.000197845
6 1.97861e-05
9 1.97897e-05
20275 0.00109707
18403 0.000627821
24 2.46561e-06
6 1.19538e-08
17 5.83047e-05
15309 3.41723e-05
3 7.48688e-09
22 1.62945e-05
20 1.41998e-06
9 1.2552e-07
28 4.68313e-05
17 3.66159e-07
7 2.81941e-07
26439 0.00440313
20394 0.00337483
17 0.000106449
14 6.50173e-05
12 5.06708e-05
15413 2.35402e-05
5 7.04827e-05
92 0.000723112
15549 0.000552122
7 1.77808e-05
15 3.16983e-05
18644 0.000213196
93 1.53926e-05
849 3.56606e-05
5 4.68502e-07
17 7.39812e-05
47 0.000206736
4 1.88212e-05
78 0.000331351
7 5.13727e-06
5 1.85379e-06
3 5.75612e-06
5 5.12614e-06
117 0.000289737
5 3.87523e-06
19650 0.000197448
277 0.000100701
9 4.15735e-06
43 1.9768e-05
116 1.73881e-05
18194 1.86964e-05
17576 5.2359e-05
20767 0.000173237
9 0.000111255
17 5.27525e-05
35 0.000120163
16493 3.09539e-05
230 6.22854e-05
30 6.55271e-06
446 0.000195101
18067 7.25419e-05
22465 0.00065013
14 4.0549e-05
17629 3.19564e-05
16763 5.51807e-05
4 2.95009e-06
12 6.61118e-07
15669 0.000156294
17 4.47252e-06
3 4.63741e-06
16475 0.00014084
19883 0.000214065
15415 0.000110524
3 1.4099e-05
5 5.67652e-06
11 0.000156902
20101 0.000678738
90 0.000108843
16238 6.93389e-05
16993 0.000123563
5 2.8415e-05
69 0.000215052
120 0.000111563
18411 0.000213806
19686 0.000412271
16841 0.000109092
20886 0.000163066
450 0.000100815
44 4.94146e-05
16092 9.29594e-05
19701 0.000579851
20854 0.000398393
16990 2.88214e-05
19824 0.000289442
4 8.1034e-07
1915 4.51807e-05
3572 9.62709e-05
16525 2.37995e-05
19690 0.000121819
20683 0.00028743
4 1.31988e-05
16256 5.43176e-05
22875 0.00210719
19763 0.000121215
16187 1.96846e-05
4 2.3933e-06
3 7.69927e-05
17995 0.000117516
20893 0.000908774
19277 0.000239631
19985 0.000586497
10 4.31278e-06
6 4.28485e-06
126 2.75115e-05
3364 0.000469847
17651 0.000375663
78 2.746e-05
5345 4.51389e-05
27414 0.00897564
18712 7.67454e-05
13 0.000125065
19463 0.00244251
25760 0.00285881
49 9.67589e-05
32 5.10038e-05
19273 0.000172856
20401 0.000294159
14 5.57115e-06
19413 0.000233793
21103 0.00061789
18191 5.07809e-05
179 8.82381e-06
3 5.85247e-06
16118 4.59474e-05
6 2.68551e-05
21920 0.0040622
16901 0.000253675
56 1.24357e-05
675 1.2511e-05
16 0.000779799
47 6.69949e-05
5 0.000185976
4 1.60496e-05
6018 0.000133502
30 2.89953e-05
18 1.97015e-06
3 6.72846e-06
20787 0.000531251
17598 0.000177437
32 2.0389e-05
16826 0.000150927
12 3.49877e-05
17155 9.81352e-05
4 1.62481e-06
17825 0.000298343
17668 8.75517e-05
18022 0.000122897
15 7.13151e-06
158 2.09825e-05
12 1.31415e-05
21 9.90175e-06
17963 0.00150445
24601 0.00669852
20494 0.00166377
6024 3.95795e-05
18305 6.47513e-05
13 0.000289943
3 2.92643e-05
19543 0.00149068
64 1.11952e-05
23579 0.00291794
23397 0.00565253
22598 0.000698174
20679 0.000580241
773 2.76266e-05
20062 0.000138374
14294 2.76576e-05
3 9.46036e-05
15207 0.000272715
405 7.08014e-05
10 4.2218e-05
17764 0.000240465
17509 3.84226e-05
27122 0.00949339
1675 0.000472426
18004 0.000491936
14 1.66036e-06
35 1.51345e-05
18415 0.000219308
15 3.61722e-05
23080 0.00323837
16 3.31508e-05
157 1.68451e-05
15967 0.000295277
10 9.88215e-05
4 3.50389e-05
18 0.000103443
14972 0.000170045
15980 0.000123531
26 6.53817e-05
5 4.41076e-05
31 3.09173e-05
39 0.00015675
18089 0.000594205
11 0.000562133
15077 0.00329603
7 2.41091e-05
95 1.42215e-05
89 4.15103e-05
14679 0.000170467
14949 0.000216647
88 0.000112697
18744 0.000159446
4 0.000756242
18534 0.000217565
14235 7.17788e-06
17487 0.000191575
17 0.0001533
3 4.82755e-06
16477 1.55211e-05
12 0.000102566
20747 0.000151754
17784 0.000138849
3 3.31259e-05
20512 0.000449598
16400 3.66314e-05
20282 6.4147e-05
25341 0.00571342
15507 9.49547e-05
16274 2.92671e-05
52 3.5868e-05
25898 0.00305904
3 9.26122e-06
19 6.74299e-05
21736 0.000627224
18640 0.000119008
22 3.06264e-05
7 3.41363e-06
20 9.03996e-06
4 2.44911e-05
3 1.36139e-05
158 3.11481e-06
3 2.14265e-06
20156 9.59751e-05
21471 0.0006916
391 4.08814e-05
4 2.65795e-06
18684 0.000251344
4 2.76102e-06
25 1.58231e-05
45 1.11293e-05
33 4.15133e-05
6 5.54125e-05
22489 0.00322786
2441 2.20075e-05
14686 8.33424e-05
23047 0.00256646
8 4.0693e-05
18714 0.00141923
17 7.86632e-06
19885 0.000423206
18014 0.000122534
6000 3.33338e-05
6 3.63924e-07
20 5.48093e-06
5 1.97721e-05
5 6.67572e-05
19409 0.000700157
6 1.49743e-05
18246 0.00040383
16668 0.000444699
15265 3.52574e-05
15019 2.64054e-05
17715 0.000377871
15798 4.31116e-05
27 2.87026e-05
35 3.55667e-06
21149 0.000841585
125 4.86119e-05
18549 0.000233948
42 4.30074e-05
60 7.11313e-05
45 1.18556e-05
14467 9.31668e-06
19979 0.000282729
130 0.000163174
9 6.19859e-07
16096 0.000185274
20923 0.00057281
5320 2.24341e-05
16402 8.74525e-05
56 1.25854e-05
8 8.03084e-06
3 4.64762e-06
17493 0.000283185
12 0.000308687
5 1.71611e-06
18781 0.00024089
19819 0.000277109
17504 0.00044026
26 3.63733e-05
20780 0.000792447
4 5.55674e-06
1484 3.52718e-05
18635 0.000259976
5 4.56125e-05
3537 1.72076e-05
20416 0.000936811
10 0.000114918
16495 8.01552e-05
6 2.67448e-06
14828 5.0132e-05
44 2.85069e-05
99 0.000151283
47 7.01693e-05
28320 0.00946801
5 6.98511e-06
15837 4.27724e-05
16779 5.31138e-05
24519 0.00450908
3 7.1195e-06
16181 5.68626e-05
14312 0.000305341
9 0.00014846
7 2.17652e-05
3535 2.08788e-05
7 2.55198e-05
18220 0.000111242
17423 0.000263727
8 2.89923e-06
19648 0.00054949
16996 2.3383e-05
5 8.08194e-06
19512 0.000117231
25745 0.00317334
34 2.9579e-05
18706 0.000373033
14181 0.000912588
5374 0.000445412
15784 0.000123187
15253 3.87665e-05
15 7.7825e-05
28262 0.00903698
4 3.31464e-07
18433 0.000168908
8 7.21891e-05
837 2.88703e-05
3 3.16255e-05
18551 0.000284153
17474 0.000104532
26 4.97581e-05
120 0.000346792
100 1.46189e-05
475 0.000932246
241 1.27846e-05
237 8.04759e-07
19778 0.000158746
11 1.87486e-05
9 1.54824e-05
116 0.000791914
4 1.86111e-07
122 0.000235238
4 3.71431e-08
8 3.29397e-06
5 1.17353e-05
31 0.000259202
27 9.33524e-07
11 3.63338e-06
18 2.17956e-05
451 3.19989e-05
3 3.17855e-08
6 7.70145e-05
39 3.52982e-05
18673 0.00162282
3300 0.000491473
29 0.000634462
3 7.20344e-06
6 3.61233e-05
17 9.89705e-06
21600 0.000328331
28527 0.0104006
210 0.000207519
82 6.51132e-05
627 4.30405e-05
11 2.4579e-06
19 1.543e-05
10 1.91584e-05
18477 0.000303663
5717 7.71038e-05
1920 0.000848266
25 1.20526e-05
13 5.35989e-05
3206 0.000544601
12 0.000405383
10 2.35878e-06
18496 0.000575147
26 7.84708e-05
3 7.75387e-08
34 5.38591e-05
17620 0.000179522
70 0.000257315
91 8.79077e-05
4 3.28538e-05
335 0.000196687
275 0.00123677
23705 0.00547315
3247 0.000362359
3217 9.68548e-05
77 5.90269e-05
7 4.80296e-05
5 3.39952e-05
4 0.000584822
457 0.000270788
39 0.000146801
18011 0.000457253
4 2.36758e-05
113 7.04897e-05
21 0.00065303
16 7.50187e-06
17965 0.000176412
3 5.93639e-05
17 1.84926e-05
15842 6.48248e-05
8 1.71181e-05
8 6.33424e-05
208 0.000339668
18 3.19162e-05
5387 0.000127826
3 9.36805e-07
22 2.35881e-05
696 8.46965e-05
31 0.000737133
6 2.73268e-06
4 1.23209e-05
9 2.9655e-05
10 0.000133801
3 3.68748e-06
14 1.12877e-05
4 8.97804e-05
28 2.65036e-05
44 2.82064e-05
2046 2.55615e-05
16690 0.00013833
5799 0.000105105
111 6.0594e-05
74 0.000138075
692 0.000390747
55 0.000194146
45 4.04919e-05
4 5.81025e-06
8 1.24586e-05
8 8.94758e-05
23 0.0002566
25 6.0686e-05
64 2.43431e-05
39 8.90877e-06
10 0.000216027
15 2.73889e-05
11 1.78178e-05
122 2.09561e-05
5 0.000148824
15778 4.68035e-05
4 4.1104e-06
11 8.66818e-05
5 9.87583e-07
3 2.00638e-05
13 1.92383e-06
3 1.89475e-05
35 1.1968e-05
28 0.000456462
4 6.12828e-06
12 0.00020515
142 9.46878e-06
15 0.000122928
19 0.0016634
18970 0.000460932
20 6.49563e-05
129 0.000267604
4 1.46722e-06
3 1.73738e-08
246 0.000500608
20 6.97217e-06
19 4.1709e-06
8 0.000537842
9 0.00017856
96 6.91682e-05
22149 0.00110447
30 0.00117217
3 7.94984e-06
35 8.59797e-06
4 6.81217e-06
9 0.000118017
17 3.22501e-05
29 3.61547e-06
5 0.000248635
4 1.28813e-05
13999 5.053e-05
4 1.10003e-05
13 0.000671805
14029 0.000320716
6 3.97278e-05
12 1.40425e-05
7 3.85136e-05
5 6.69987e-06
12 1.72372e-05
62 0.000190054
21379 0.000278541
8 9.37074e-05
71 7.90124e-07
104 2.07708e-05
3 0.000417079
3201 8.09998e-06
9 2.56563e-05
23 6.3172e-06
8 2.87037e-06
13 7.82507e-08
3 2.72459e-06
5 3.01725e-05
3270 3.2581e-05
3 4.30381e-05
10 4.38853e-05
23 1.51482e-05
7 1.22295e-05
22301 0.000874233
21578 0.000588806
15645 5.69778e-05
83 2.78319e-05
9 2.31524e-05
91 5.32123e-05
556 2.01515e-05
38 3.36296e-05
20171 0.000453827
7 7.88164e-05
15686 0.000105198
17084 0.000267854
7 3.80051e-06
31 0.000435621
3 2.53133e-06
21 2.70828e-06
5 4.90417e-05
30 3.51067e-05
6 8.73111e-05
333 0.000679839
15619 9.60936e-05
36 1.77384e-05
1930 1.49565e-05
35 0.000103176
21819 0.00322353
47 8.61138e-05
5940 8.04099e-05
2409 3.08252e-05
29 5.72334e-05
15853 6.97778e-05
8 0.000143118
3 2.50475e-05
18479 0.000114962
3198 4.44834e-05
46 0.000152021
137 0.000291147
4 5.9356e-05
9 1.74313e-07
209 4.72632e-05
4 2.92082e-05
5 4.56299e-06
15697 0.000406379
15 7.96558e-06
5694 9.29598e-05
8 1.41951e-05
5360 0.000254813
15058 0.000458669
17798 0.000234327
4 2.79766e-05
12 9.2705e-05
1039 0.000167618
15 6.38232e-05
7 0.000236834
27 7.18916e-05
8 4.76561e-05
7 0.000116666
16234 0.000160445
4 0.000180165
22169 0.00176624
5 3.23008e-05
2028 8.13207e-05
20 7.62889e-06
11 0.00011605
28919 0.00678403
18922 0.000161472
14416 0.000116273
15586 1.33875e-05
9 5.17518e-05
5944 1.90816e-05
16252 1.71122e-05
16830 0.000190831
21 4.03548e-05
25 1.10621e-05
16338 3.4595e-05
9 3.2042e-06
15844 6.79687e-05
50 8.87597e-06
12 1.89105e-05
5 9.11393e-05
17477 0.000125023
20124 0.00187436
14932 3.1765e-05
17678 6.86035e-05
4 2.10793e-06
22 0.000124753
4 8.22259e-06
15616 6.70932e-05
18060 0.000166391
7 7.76398e-06
20331 0.000565362
16225 2.92042e-05
612 1.7322e-05
16602 0.000165049
19874 0.000369174
20 3.69948e-06
23 3.38387e-05
17437 0.000199686
15699 0.000259857
15773 8.98203e-05
13 1.9193e-05
18375 8.47256e-05
195 8.11301e-05
4 1.54194e-05
18197 0.000127265
23261 0.00876756
22585 0.00469798
21226 0.00160281
803 0.000158909
15681 0.000395025
15408 2.92409e-05
249 8.89168e-05
15653 9.68191e-05
18031 0.000113949
385 0.000205801
787 6.57254e-05
73 7.95984e-05
18253 0.000167259
82 6.93683e-05
17624 0.000237563
22 5.55881e-05
21468 0.0021009
4 0.000113861
8 5.50443e-05
18934 6.73608e-05
20429 0.000228165
3 5.27637e-06
15643 8.39201e-05
19815 0.00106624
29 6.24824e-05
2443 0.00026614
23 0.000144401
88 1.33316e-06
9 5.08049e-05
18396 0.00112234
26 1.01399e-05
18133 0.000125911
15925 0.000142502
16809 4.86471e-05
21369 0.000480762
18048 0.00071115
16277 0.000108453
19742 0.00141655
17495 0.000197402
17746 0.000113699
4 1.10024e-05
20443 0.00359433
39 5.40866e-05
4 1.0873e-05
12 5.76066e-05
16751 9.61199e-05
14282 0.000202944
4 1.77966e-06
7 1.92215e-05
140 6.39028e-06
16373 0.000165001
14939 9.09649e-06
15 2.70892e-05
13960 0.000522999
16 5.97593e-05
10 0.000178485
46 0.00110883
6 0.000174789
14564 0.00102873
3 1.57293e-05
2430 6.11744e-05
17 9.79509e-06
8 5.39511e-06
10 1.30674e-06
15920 0.000471533
5 1.94073e-06
19062 0.000197738
791 0.000164988
13 1.49791e-05
34 1.70216e-06
101 2.03041e-05
7 7.58322e-07
17076 6.66557e-05
15354 1.78593e-05
2447 0.000141434
8 2.46372e-06
3 7.67802e-05
3 1.38245e-05
90 4.81221e-05
10 0.000112009
15347 1.91679e-05
3 3.70941e-06
17 5.31165e-06
7 2.81353e-06
14965 1.07903e-05
10 1.48254e-05
18 8.84599e-06
15004 4.66281e-05
386 2.01898e-05
11 2.76521e-05
20655 0.000448714
17 2.57813e-06
9 2.46252e-05
485 3.04608e-05
18120 9.09604e-05
6 4.30665e-06
17231 0.000108345
2439 7.99959e-05
24 1.11885e-05
16795 0.000176859
18019 3.49641e-05
24305 0.00458832
9 9.64337e-06
16416 4.72864e-05
8 1.09182e-05
17 0.000185273
67 7.27446e-05
83 7.75778e-05
64 8.84129e-07
6 3.50881e-06
41 1.15448e-05
15237 1.37441e-05
5 1.12979e-06
6 5.93748e-05
58 0.000555135
9 0.000185404
19599 0.000294146
15 4.5621e-06
17919 0.000215662
36 4.96677e-05
114 1.23721e-05
46 2.13234e-05
5810 0.000166796
18 2.96215e-05
5 2.28309e-05
14721 8.22007e-05
43 0.000196744
16 1.93818e-05
34 1.66597e-05
19781 7.97911e-05
18 2.30097e-07
16420 1.56162e-05
7 8.41438e-06
18094 0.000123258
5 9.15709e-06
13 2.41608e-06
25 1.91894e-05
17233 7.56423e-05
17762 0.000270771
19746 0.000320478
20826 0.000132308
6 0.000128757
18268 0.000176597
3 2.20744e-05
17662 0.000179953
66 3.42186e-06
15612 7.03415e-05
11 1.04739e-05
15910 1.32479e-05
9 2.11828e-05
3 6.92707e-06
4 6.79156e-06
84 7.86868e-05
17794 5.50985e-05
3 8.02488e-06
6 1.05383e-05
10 0.000203799
6 4.66953e-06
5 1.50608e-05
3 1.29305e-06
7 1.48698e-05
17236 6.34249e-05
7 7.23306e-06
8 2.50607e-05
13 0.000167947
6 5.16232e-05
15281 4.08927e-05
9 4.64668e-07
11 2.10817e-05
4 7.21679e-06
29 0.000210788
19039 0.000378459
317 5.58158e-05
17541 4.19634e-05
18056 0.000149038
14039 6.02344e-06
20638 0.000139918
3 2.14217e-05
24489 0.00268699
19 0.00106813
2411 6.77558e-06
10 0.000534091
18 0.000216433
6 2.02586e-08
5795 0.000508682
4 3.80757e-06
13 4.40644e-05
8 0.000237405
41 0.00029133
5 0.000238307
7 5.2988e-06
9 2.92629e-05
20060 0.000246118
5688 1.34675e-05
17804 5.93913e-05
12 6.50152e-06
17680 8.59846e-05
19946 0.00102945
16467 0.000107943
5 8.29989e-06
5 3.48113e-06
113 0.000184364
18536 0.000176396
19362 8.82621e-05
15 0.000119421
2428 0.000272298
179 5.10783e-05
7 8.84228e-05
51 9.97177e-06
14634 2.10291e-05
10 2.9319e-05
25 8.35982e-06
3 4.55577e-07
5 1.94556e-06
1744 0.000348631
4 5.63582e-07
14242 1.95547e-05
35 1.6928e-05
4 3.12132e-05
17568 0.000208064
23546 0.00206766
19930 0.000291482
16321 2.97461e-05
27870 0.015879
21187 0.000744629
5338 6.25826e-05
27592 0.0046951
18632 0.000245543
17852 5.5569e-05
14615 4.66653e-05
56 1.13547e-05
15693 0.000584556
338 1.10993e-05
6 6.72557e-06
1357 0.000141598
4 5.76148e-06
5 0.00024253
8 8.83188e-06
15672 0.000148352
16290 3.53404e-05
5 1.6634e-06
28 3.5695e-05
8 0.000415444
11 3.30842e-07
40 8.21973e-06
9 7.02927e-06
4 1.42357e-06
19 2.27667e-05
16748 0.000141255
14702 5.12766e-06
16486 6.13663e-05
17600 8.28804e-05
17515 4.0537e-05
3 1.09439e-05
7 4.14058e-06
18588 8.36294e-05
540 1.66083e-05
441 4.79646e-05
18 6.1986e-05
14 1.06935e-06
9 1.8324e-05
14357 1.39593e-05
9 1.61353e-05
4 3.64291e-05
7 3.22336e-06
5 1.44977e-07
16459 0.00181368
95 0.000493652
7 0.000122065
21312 0.00324938
17550 0.000333635
8 9.30387e-06
4 1.57557e-06
4 7.05968e-05
11 8.00664e-05
21 1.84385e-06
4 5.71653e-06
13 8.08788e-07
6 7.27579e-05
15175 0.00072184
4 2.58472e-07
8 1.22959e-05
4 3.80416e-07
4 2.13457e-06
6 5.80099e-06
7 1.61564e-05
8 2.34789e-06
19 5.58392e-06
6 3.81684e-09
8 0.000361861
12 4.9226e-05
3 3.26688e-06
16604 5.7774e-05
7 0.000296745
4 4.40405e-10
16805 4.56532e-05
4 9.72846e-06
14989 8.03975e-05
3328 6.5495e-05
3 6.06326e-05
16 0.00142553
19925 0.00243651
14530 0.000530322
23985 0.00912905
23 0.000794506
77 0.000426544
8 0.000170528
15574 0.00105723
104 0.000487119
15040 0.000548522
28208 0.0114429
16 0.000205188
22724 0.00741759
22 3.21233e-05
21982 0.0063764
33696 0.0768966
80 0.000499016
16154 0.00073794
14353 0.000364799
14078 7.77241e-05
11 0.000228651
16596 0.00137766
17407 0.00247867
17711 0.00119433
21432 0.00309726
49 0.000337409
10 0.000153235
13909 0.000168118
11 1.07105e-05
103 0.000320603
24159 0.00924591
14651 0.000784217
12 3.31451e-05
3 4.57705e-06
16356 0.00016801
20685 0.000506473
8 4.841e-05
9 3.98631e-06
28 2.14534e-05
6 5.56486e-05
12 6.64278e-06
3 5.12678e-05
76 5.20545e-06
11 4.37412e-05
26 0.000165998
14248 7.63499e-06
56 7.69221e-05
5 7.04098e-06
16491 0.000166873
9 6.02533e-05
8 1.57168e-05
4 7.94306e-06
16175 0.000207986
691 4.59993e-06
14385 3.46627e-05
18915 0.000369811
81 1.8969e-05
17989 0.000202218
14435 1.36419e-05
52 1.89225e-05
10 5.18892e-06
3 2.10747e-05
40 3.02982e-05
16483 0.00015361
4 5.38526e-07
32 0.000114564
8 5.16885e-05
87 1.61543e-05
4 2.23701e-06
11 1.80916e-05
4 1.38846e-05
15776 0.00012172
15516 2.32385e-05
35 0.000165474
15976 0.000153119
18774 0.000486904
18 9.68061e-06
15 1.56534e-05
319 0.00125831
15757 0.000196014
8 3.01556e-05
40 6.73984e-05
21771 0.00059305
20965 0.000629055
16695 8.20051e-05
19134 0.000171536
131 0.00122179
1707 6.10167e-05
41 5.83704e-06
27506 0.00712002
26 0.000257612
17489 7.77082e-05
21 0.000291793
20 4.94066e-05
56 2.39246e-05
4 1.99525e-05
21185 0.000175214
56 5.62989e-05
17171 0.000152726
19 1.33694e-05
8 5.37212e-05
19692 0.000556593
20173 0.000303229
14366 1.9e-05
4 3.3037e-06
9 6.1959e-05
19140 0.000173771
17574 0.000299013
3 6.12023e-08
27 2.065e-07
6 5.28708e-07
17579 6.08163e-05
74 7.82194e-05
6 4.14697e-05
34 3.55001e-05
9 8.62631e-06
5 5.52076e-05
19 9.96397e-05
20 0.000196334
17789 0.000197503
11 1.59711e-05
7 2.72537e-05
14830 1.28736e-05
42 3.70158e-05
3 2.9173e-06
144 2.49409e-05
20039 0.000351524
15209 2.67946e-05
15973 0.000164018
9 8.38781e-06
9 0.000114106
22 4.35126e-06
29 5.84605e-05
14969 5.88799e-06
14591 2.56851e-05
8 9.61736e-06
12 4.82545e-06
18232 2.84124e-05
21996 0.000717354
4 6.87022e-05
17781 0.000149859
4 6.57136e-06
6 9.13347e-05
20333 0.000515067
1618 8.70103e-05
334 0.000530884
5 0.000220621
25 9.15734e-05
3 4.67461e-06
66 1.30402e-05
4 3.30191e-05
11 9.38584e-06
5 6.35917e-06
9 1.50448e-05
3 5.99477e-07
15912 1.47156e-05
14 3.96667e-06
5730 1.10977e-05
4 2.93046e-05
15 3.20174e-06
4 0.000157211
6 4.6323e-05
3 4.71327e-06
16707 9.58666e-05
557 3.86709e-05
18736 9.82303e-05
5 7.48441e-06
11 2.47361e-05
11 6.146e-06
3 5.4303e-05
6 5.00463e-07
131 0.000241208
17974 0.000103928
17 6.48547e-05
14448 2.74317e-05
19358 7.85101e-05
1610 4.5638e-05
3 0.000141013
7 4.05862e-05
17 4.96879e-06
15995 0.000271178
785 2.30983e-05
45 0.000185655
21833 0.00125997
18077 0.000248972
16 9.31616e-06
14 2.13007e-05
9 0.000197928
31 0.00067627
5 1.1548e-07
14916 0.000260324
21067 0.000871034
16889 3.44939e-05
3221 0.000202008
77 4.02656e-05
15931 0.000155939
13947 1.6228e-05
131 2.35228e-05
15181 6.48145e-05
4 1.82082e-06
14 5.35639e-05
29 7.15667e-05
15368 7.11752e-05
15371 9.62423e-05
18316 7.07761e-05
18596 0.000380369
20431 0.00021997
4 1.67218e-07
39 0.000164478
18255 8.65488e-05
11 1.92403e-05
40 8.3879e-05
2420 0.000125069
24 8.59981e-05
4 1.39111e-06
9 1.45254e-06
16 2.36971e-06
7 4.36801e-06
57 0.00029817
4 0.000155419
7 6.17237e-05
347 0.000389747
20869 0.000433392
15328 0.00138328
62 3.76927e-06
30 8.31024e-05
11 3.5997e-05
4 3.23224e-06
36 2.65e-05
4 1.59027e-06
16285 2.96412e-05
13900 1.31485e-06
13 0.00042234
9 9.29686e-06
4 1.24627e-05
4 7.99514e-07
14962 1.21515e-05
5 1.44649e-05
8 0.000277613
3 1.97127e-05
3 5.9356e-05
10 2.76827e-05
3 1.05403e-05
6 8.24551e-06
28 4.8394e-05
89 8.22547e-05
4 9.25868e-06
3 2.22245e-07
14730 3.01571e-05
28 0.000143541
60 0.00119613
12 2.12884e-05
4 0.000179764
17742 0.000364656
6 6.79008e-05
4 1.78837e-06
3 2.36389e-05
16683 0.000237258
5680 6.27425e-05
11 4.0418e-05
4 2.09254e-05
337 0.000103492
4 1.76799e-07
8 9.08883e-06
9 2.15761e-05
11 0.000819835
17080 0.000115458
15 6.02358e-06
3 7.13244e-05
9 7.41204e-05
20 4.79872e-05
12 3.32669e-05
19939 0.000248116
4 3.94789e-05
15319 0.000151014
5 6.13265e-06
5 3.83102e-06
4 1.61484e-05
47 0.000160596
109 5.92839e-05
17 6.79461e-06
14952 8.19689e-06
194 3.60814e-06
18488 0.000164335
153 2.90585e-05
5675 2.35435e-06
12 2.0854e-06
3 9.70481e-08
5 5.88658e-06
7 9.14198e-06
528 3.06949e-06
10 1.43359e-05
15 6.89261e-06
10 8.4583e-06
39 2.0268e-05
4 9.79658e-07
8 1.35254e-06
13 0.000491153
5770 4.94404e-05
14083 1.74396e-05
14621 6.45002e-06
8 1.77473e-05
9 1.52337e-05
15 0.000102323
7 6.19484e-06
15087 7.14143e-05
16086 2.33095e-05
14960 2.63786e-05
17778 0.000176567
15196 3.0812e-05
6 9.18519e-07
16 3.07806e-05
16264 4.27911e-05
3 1.11328e-05
12 4.01467e-06
17616 0.000321539
97 1.96936e-05
17933 0.000164799
26 0.00019815
3 2.0708e-06
5692 8.77091e-05
3 2.95477e-06
4 6.17274e-06
14331 6.91697e-06
15889 0.00135596
15267 3.7563e-05
27 3.63881e-06
6 2.97805e-05
33 5.10794e-06
21 3.3564e-05
6 4.94352e-05
96 3.39326e-05
16 5.73238e-06
164 4.84097e-05
3688 4.58156e-05
7 2.76065e-06
3 7.06618e-05
3 1.17441e-09
17242 0.000184338
142 2.71351e-05
11 8.05189e-05
23 1.36459e-06
62 9.59673e-06
3 1.02761e-09
13 4.01997e-05
3 4.40405e-10
22 0.000194054
10 2.30832e-05
8 3.19046e-05
5673 1.98164e-05
16242 0.000112098
15 8.66944e-06
12 6.45292e-05
96 0.000120685
7 0.000356099
14750 4.90485e-05
18929 0.000350989
8 7.12825e-05
277 7.89267e-05
24 1.32596e-05
4 6.23752e-06
9 9.65171e-07
206 0.000882638
4 3.09606e-06
15988 1.82508e-05
20 1.14647e-05
12 2.44892e-05
15 1.23142e-06
14597 4.54251e-05
14677 1.20576e-05
15 2.53785e-05
8 4.99287e-05
8 4.7392e-06
18531 0.000673508
4 2.28205e-06
33 2.83778e-05
11 9.58928e-05
7 0.00019432
15362 0.000153031
20 1.94451e-05
9 2.48097e-05
5 1.64486e-06
4 5.0248e-05
29 0.000461579
9 0.000117649
13 2.35878e-05
6 0.000118698
15186 0.000139934
4 2.74047e-06
19935 8.89291e-05
4 6.91145e-05
10 2.68315e-05
15895 3.2673e-05
46 8.83241e-06
138 1.64821e-05
200 0.00130522
1086 0.000283333
12 3.11125e-05
10 1.34029e-05
14936 5.35291e-05
193 1.46188e-05
3 1.42235e-06
64 3.37315e-05
14197 7.23363e-06
14 1.81301e-05
6 2.72208e-06
14150 8.07338e-05
5 1.1308e-06
244 8.71839e-06
4 2.04208e-06
12 0.000140138
8 7.6269e-06
4 2.34561e-05
14431 1.14616e-05
14324 4.96763e-05
16766 0.000120933
7 0.000240257
13 6.53291e-05
12 3.7182e-05
3 6.19611e-07
4 2.25304e-06
4 3.85775e-06
5 4.03462e-07
4 3.51728e-05
6 1.54e-05
8 1.03611e-05
15604 0.000656571
863 7.83454e-05
10 9.1411e-06
17 1.35781e-05
37 2.04342e-05
5 3.25982e-06
3 5.1862e-06
21 1.04096e-05
20049 0.000242187
18007 0.000173696
15 4.23871e-05
17167 7.53776e-05
57 2.01616e-05
9 1.11068e-05
11 0.000212091
15231 1.52616e-05
15466 2.68002e-05
14051 7.9167e-05
39 0.000428394
4 3.54973e-05
6 8.74243e-06
7 7.05733e-07
11 1.11447e-05
8 2.43332e-05
18 4.04383e-05
21 3.07005e-05
16281 8.52051e-05
157 0.000150011
5 2.51705e-05
23 0.000611416
3526 0.00125229
15 7.70781e-06
80 4.91955e-06
3 2.83724e-05
5759 2.72514e-05
16104 0.000930498
3 1.41792e-08
5 2.20252e-06
15922 0.00021211
7 8.59598e-05
13986 4.69238e-05
7 1.75562e-06
15222 2.51059e-05
14716 0.000136713
13 1.65617e-05
307 0.00014106
7 6.61114e-05
4 1.85336e-05
9 0.000304078
19 6.27488e-06
4 6.95728e-06
4 1.0244e-05
15665 0.000425608
18 0.000464183
3 0.00011871
16660 0.000979012
19495 0.000341531
12 9.19012e-05
15091 2.88781e-05
5350 4.63558e-05
6 0.000237403
14928 2.68675e-05
14954 3.36659e-05
6 3.0991e-05
3 5.87206e-10
14707 1.2177e-05
4 5.08107e-06
5 7.57264e-06
294 0.000113201
8 7.72529e-05
1265 7.26018e-05
36 1.0338e-05
877 2.94708e-05
5 3.35653e-06
15108 0.000238221
24 7.43654e-06
15332 0.000119122
4 4.438e-06
3 7.03423e-06
6 3.67918e-06
14272 1.16073e-05
15 9.29777e-05
11 4.41082e-05
6 4.91111e-05
15312 7.58148e-05
4 3.42817e-05
15791 7.68823e-05
62 0.000449971
35 0.000100757
50 3.24111e-05
1702 0.000180752
25464 0.00296613
264 0.000203549
5357 0.000126338
15277 9.79272e-05
104 0.000155437
25 1.4433e-05
38 9.49566e-06
5 5.03758e-06
5 3.52324e-09
15 1.57196e-05
7 4.8015e-05
11 0.000336087
21 5.07417e-05
10 0.000193963
20137 0.000109134
47 1.76441e-05
1565 4.55811e-06
17141 4.98333e-05
5 1.68685e-05
17 5.77264e-05
100 2.128e-05
9 0.000155206
17978 9.77545e-05
480 0.000264778
16380 4.11921e-05
6 9.89265e-06
18688 0.000177383
3 3.13888e-05
14922 6.92271e-05
8 1.43763e-05
3 5.29519e-08
6 6.30166e-05
5 6.53437e-06
13 3.45474e-05
49 0.000296293
9 0.000178057
85 0.000188463
21 2.32962e-05
16071 0.000694005
15284 6.26647e-06
6 7.26467e-07
1637 3.99927e-05
3 5.48783e-06
30 4.44576e-05
1747 0.000358946
5 1.15973e-08
5 1.22331e-05
32 5.4949e-05
13979 5.28376e-05
3 1.12509e-05
17 1.99574e-06
15257 4.82629e-05
15860 3.33475e-05
11 3.89438e-06
13 0.000295474
10 2.5004e-06
1922 0.000230607
15352 0.000531457
72 9.75765e-06
15461 4.14151e-05
14 4.67364e-05
6 1.4642e-06
15384 0.000717014
3 3.81873e-07
188 5.2814e-05
9 5.58518e-05
4 0.000115765
20169 0.000280802
16 2.27398e-05
3 1.25634e-05
21 9.47238e-05
20 5.87023e-06
8 2.57917e-05
255 1.14294e-05
3 1.70729e-05
9 0.000187743
18 0.000130166
16812 0.000379916
13 1.19911e-05
10 2.49935e-05
4 3.73499e-05
7 0.000197146
16 0.000652795
4 3.35724e-06
15902 2.54429e-05
3 8.78232e-05
16404 4.34917e-05
7 6.32916e-07
6 4.66166e-06
55 5.30974e-06
15 9.65561e-05
39 4.07128e-05
3646 5.94159e-05
14288 0.000137808
15431 7.09282e-05
9 1.42687e-05
4 3.22359e-05
170 7.12688e-06
22 0.000365229
17635 5.12914e-05
63 2.97842e-06
14290 6.82577e-06
6 1.34877e-05
53 0.000190688
15007 1.93733e-05
49 2.27768e-05
5784 2.87271e-05
6 1.32037e-05
3 1.50189e-06
15514 0.000204424
148 1.317e-05
3 3.13011e-06
6 1.21792e-05
14175 0.000818506
5630 4.25256e-06
7 9.3715e-05
131 1.26382e-05
18 3.97771e-05
5726 1.65937e-05
39 4.69959e-05
3 5.89619e-07
59 4.32751e-06
12 6.38828e-06
8 0.000178057
3 5.42523e-06
96 2.53695e-05
4 8.80809e-09
15025 1.47288e-05
255 6.67876e-05
5 7.8569e-05
5 2.67332e-06
10 3.95062e-06
25 7.68787e-05
14541 6.26945e-05
16398 7.28609e-05
17528 0.000237014
3 1.10631e-05
4 6.23469e-06
9 9.46445e-06
18 6.54802e-06
9 1.05772e-05
19519 0.001
3 1.63543e-06
128 2.33207e-06
5640 5.5232e-05
15150 1.1584e-05
38 0.000407855
8 6.87134e-06
17819 5.52788e-05
7 1.60124e-06
830 7.58637e-05
7 5.10887e-05
620 2.81041e-05
6 5.93348e-05
10 9.2219e-06
14705 2.41555e-05
18290 0.000106146
1262 5.3867e-05
10 0.000170387
31 1.16925e-05
313 0.000185187
64 1.27971e-05
5382 6.66113e-05
526 9.86238e-06
11 2.25704e-07
14469 3.0793e-05
3310 2.12926e-05
16465 1.88987e-05
18482 0.000103351
14267 2.63827e-05
852 1.61742e-05
9 8.75611e-07
7 3.37091e-07
15021 8.02367e-05
5 1.81418e-07
3267 0.000145711
17 6.26338e-06
14699 2.06858e-05
16161 4.31752e-05
3303 0.000102509
13 1.1343e-06
3260 6.72959e-06
19 5.53904e-05
10 2.22116e-05
5 7.75186e-06
13 3.68055e-05
7 5.87297e-07
3 1.50985e-07
834 2.05931e-07
54 6.84532e-07
8 1.18892e-06
8 3.87505e-07
4 2.73223e-07
155 3.61921e-06
31 4.70614e-06
19 6.03359e-06
5 1.55775e-05
11 2.9159e-05
3 2.1291e-06
3 4.72049e-06
17968 3.23123e-05
9 5.90538e-05
14 0.000245735
11 1.58118e-05
6 2.05831e-06
4 6.44375e-09
6 2.14511e-05
172 2.05533e-05
3 7.00094e-07
9 8.10569e-05
15635 3.89852e-05
18295 0.000521123
110 9.76903e-06
17465 0.000211491
14 9.29046e-06
10 3.1557e-06
11 0.000360904
3 2.34858e-06
15782 0.000834095
12 5.16597e-05
10 4.00536e-06
6 2.88609e-06
3 7.2632e-06
7 6.88744e-06
3 2.67948e-06
7 1.31618e-06
35 1.29946e-05
6 7.74961e-06
16156 5.02836e-05
17 7.74522e-05
18 2.43933e-06
11 1.81029e-05
13 8.77595e-05
3 5.94714e-05
18 1.05959e-05
14545 3.07469e-05
7 5.71257e-06
3 2.1209e-05
19 6.71082e-05
9 5.61046e-06
3 6.1559e-05
13 2.50643e-05
3 6.59336e-07
84 2.12562e-05
16 3.71608e-05
98 1.13115e-05
16328 6.4453e-05
5 0.000110822
243 3.00766e-05
7 9.75529e-06
3 4.52191e-06
13 6.67283e-05
3566 9.88815e-05
5 9.72163e-06
10 4.93623e-05
16 4.84432e-05
8 0.000195757
14233 4.86454e-05
51 7.38305e-05
5 2.39275e-05
5 6.31903e-06
3 7.95042e-06
19 0.0002939
3 4.45877e-06
7 1.03077e-06
3 3.74641e-06
15584 0.000319269
39 3.42241e-05
23 1.103e-05
4 3.65687e-05
6 1.358e-07
3 8.95535e-10
17065 0.00101433
3 1.38161e-06
8 7.60237e-06
6 0.000152752
19 2.02472e-06
5 3.01471e-06
24924 0.000992243
6 6.94104e-06
4 1.21098e-05
8 6.05936e-05
381 7.69836e-06
19 1.20802e-05
7 5.70462e-06
9 1.07869e-05
29 4.07257e-06
7 6.31353e-06
12 9.97045e-05
39 3.25593e-06
1771 0.000303797
1606 9.30962e-06
20810 0.000670422
15908 2.55334e-05
5316 8.70901e-05
8 0.000262281
152 3.22448e-05
14211 6.75221e-06
14673 8.80779e-05
16872 6.05251e-05
5 2.72905e-05
19367 0.000134748
4 5.9394e-07
16 5.73827e-06
8 2.62726e-08
15269 1.59953e-05
14 2.58989e-06
36 5.16852e-05
335 0.000169027
7 3.11766e-06
4 2.60023e-06
1671 0.000116036
73 2.26266e-05
411 7.8086e-05
16219 0.00100941
15 9.65546e-05
17 6.00153e-06
15468 1.50528e-05
7 1.05483e-05
234 1.37552e-05
63 2.71671e-05
6 9.63958e-06
5 0.000134679
929 2.33246e-05
8 1.84486e-05
4 1.75468e-05
3 6.28107e-06
32 1.26288e-05
18763 0.000326334
291 0.000817432
6 0.000129703
4 1.20727e-06
16166 1.82708e-05
3 3.77439e-07
7 3.93807e-05
5 3.32935e-06
4 1.78726e-06
6 1.9584e-08
63 7.21955e-05
4 1.76162e-09
3 3.41623e-08
3 3.23109e-07
3 8.80809e-10
5 8.78974e-06
5 9.86841e-06
7 6.43032e-06
10 0.000130191
7 3.43929e-05
3 5.9356e-05
190 1.71701e-05
10 0.000172989
4 9.17222e-06
12 0.000115532
54 0.000737239
4 6.42346e-07
6 2.48263e-06
5 2.57534e-05
18 4.54566e-06
16426 7.15462e-05
4 7.59355e-06
25 1.54109e-05
4 8.10961e-06
9 8.25811e-05
10 5.95382e-06
7 4.16803e-06
16758 1.04094e-05
14382 5.65535e-05
3 3.2e-08
101 3.0879e-05
17 0.00010069
4 1.04601e-05
13 6.48469e-05
80 3.75487e-05
8 0.00028212
4 6.19145e-06
20 3.81257e-06
12 1.23302e-05
26 1.44992e-05
119 0.000533914
11 0.000294118
123 0.000252726
14 1.02545e-05
16756 6.35445e-05
103 0.000339287
102 0.00622274
15 4.17106e-05
70 0.000249518
5 7e-06
17078 5.72843e-05
9 0.000356684
7 1.84805e-05
30 5.62872e-05
14 6.18432e-06
5 1.41001e-06
7 0.000244504
1579 1.95642e-05
15479 4.08751e-05
14154 0.000291687
43 0.000282648
3 5.9356e-05
14145 9.08242e-06
14130 8.90583e-06
26 0.000120942
8 0.00130823
33 0.000772741
10 4.34709e-06
11 0.000200634
8 2.81076e-06
3 3.46193e-05
14983 2.32258e-05
7 0.000103606
22 0.000147361
19 3.64137e-06
11 0.000141441
3 0.00011871
19031 0.00199295
17139 0.00243592
194 0.00122041
14783 0.000271345
15750 0.00111375
13890 2.57074e-05
26 0.000408234
16048 0.00101531
21 1.48274e-06
3 6.30219e-08
41 2.0214e-05
19 0.000129945
21 0.000171445
4 0.000146787
7 0.000104083
6 2.16907e-05
16869 2.47342e-05
24 1.15639e-05
5 0.000356522
32 1.79348e-05
175 3.67997e-06
16461 6.2384e-05
3 7.47723e-08
15640 1.69372e-05
101 2.40694e-06
3 1.22116e-05
328 0.000174466
85 5.69953e-05
4 1.50927e-07
128 7.5331e-05
43 8.12305e-06
3 1.33918e-06
108 1.08618e-05
3545 0.000160218
17450 4.78715e-05
33 1.80164e-05
6 4.22407e-06
15387 4.80985e-05
65 1.8317e-05
25 4.29498e-06
3 4.5466e-06
25 4.43776e-05
8 1.71386e-05
6 3.84499e-07
5744 2.37265e-05
13 2.20881e-06
6 1.93589e-06
4 9.45384e-06
29 1.09312e-05
53 2.81781e-06
3 1.25542e-06
14593 3.43389e-05
14451 0.000143797
7 6.75613e-05
7 0.000121498
11 0.000476122
3 5.9848e-05
27 1.95556e-05
9 6.74524e-05
7 0.000179782
24 0.000125559
6 0.000106024
6 2.407e-06
14 0.000355706
133 1.87603e-05
67 1.72425e-05
4 3.42433e-05
73 4.04479e-05
5 2.13436e-05
64 2.62759e-05
10 7.15998e-07
15144 4.48314e-05
4 9.78368e-05
3 9.31085e-05
3 4.74582e-06
8 1.83764e-05
15014 6.91289e-05
15139 0.000213361
6 2.33398e-05
50 5.84706e-05
14995 0.000155434
9 2.70807e-05
14042 6.44039e-05
31 0.00144852
11 0.000118186
16878 9.67482e-05
57 9.90902e-06
6 0.000108286
112 0.000234416
15009 3.45941e-05
11 3.7708e-05
18875 0.00321617
111 0.000284988
39 0.000606661
143 0.00119868
4 0.000138086
9 0.000477079
16963 0.00153022
5 0.000129613
142 0.00238914
6 0.00052422
6 1.03041e-05
12 6.0388e-07
18 3.14111e-05
14724 1.12133e-05
15271 4.31145e-05
55 7.17742e-06
5 2.64243e-09
76 8.18892e-06
5 1.58953e-06
7 1.43815e-05
4 1.20739e-05
5 2.11525e-05
4 8.34734e-06
15403 0.000115583
16 2.69275e-05
6 1.08809e-05
4 8.14836e-07
3 6.10286e-07
16100 9.5854e-05
14160 0.000110269
411 5.37359e-05
16535 0.000303198
14 1.05822e-06
15343 0.000310111
12 3.86492e-05
40 3.07244e-05
3 8.27158e-06
28 4.65927e-05
4 8.37698e-06
22 3.36919e-05
33 7.50784e-05
61 0.000619355
37 0.000156265
17 2.97688e-05
5 1.97162e-05
35 6.92772e-05
11 4.06072e-05
16 2.42915e-08
6 2.92839e-05
13 6.45868e-05
16123 0.000159294
39 4.23132e-05
4 1.76162e-09
4 8.35449e-05
10 9.93573e-06
3 5.17731e-06
5 5.95584e-05
10 0.000415508
13 3.29596e-06
6 1.53565e-08
6 8.08589e-05
399 4.17359e-05
9 9.93542e-06
9 1.4928e-06
19 5.94807e-06
3 3.7259e-06
4 2.25339e-05
3358 0.0011351
65 0.000162888
4 8.42041e-05
20189 0.00232925
2404 2.28533e-06
17 6.40531e-08
3 8.41973e-06
25 1.34674e-05
4 4.99125e-09
8 1.02761e-09
13 5.9455e-05
120 1.28739e-05
12 6.91528e-07
9 0.000474773
44 0.000122828
6 2.81724e-07
11 2.40855e-06
6 5.04637e-06
16359 0.00010336
3 5.87206e-10
3 6.88143e-06
5 6.77956e-05
3 1.47409e-05
3 8.42193e-06
9 6.39877e-05
4 5.2193e-05
5 1.67985e-05
56 1.22387e-05
14 6.71851e-06
106 0.000178057
4 0.000178061
5 5.11655e-05
58 0.000544693
33 0.000272838
4 4.40132e-06
5 1.00816e-06
6 8.35247e-06
6 2.69926e-08
3 5.9356e-05
18207 0.000434362
4 1.1857e-05
4 3.05279e-09
5 4.44088e-06
6 0.000178288
14 2.03549e-05
9 0.000351463
55 5.66812e-06
48 0.00140528
4 2.17837e-05
5 0.000187854
40 2.4414e-05
30 2.86943e-07
7 2.80171e-05
16 9.83085e-05
23 1.3574e-05
9 1.05277e-05
9 3.60768e-05
99 5.40075e-05
16 2.90964e-05
4 9.90717e-05
15997 0.000143694
15929 0.000227709
43 6.30118e-05
262 5.07829e-06
14 0.00063255
3 0.00011871
7 4.70543e-05
4 0.000276859
24 0.000632924
144 8.60581e-06
8 5.91928e-05
4 0.000217527
14238 4.09963e-06
264 3.13292e-05
4 4.56312e-06
24 3.3205e-05
44 1.49366e-05
3 1.11772e-06
7 4.96139e-06
29 1.87332e-05
13 1.35755e-05
11 6.11624e-05
3 1.57356e-05
32 0.000153335
5 3.47755e-05
6 3.92169e-05
8 0.00019308
6 6.40311e-05
4 1.63386e-05
136 6.48912e-05
4 0.000101021
3 2.25644e-05
13 1.39131e-05
7 1.97947e-05
4 8.98102e-06
6 1.93066e-07
17865 0.000193917
6 3.57804e-06
14653 6.74924e-05
18111 0.000124559
8 5.59468e-06
5 3.01346e-06
9 1.50456e-05
10 9.53958e-07
3 2.68175e-05
11 7.49209e-07
14227 6.16344e-05
4 3.36827e-06
4 1.63784e-05
4 2.34178e-07
4 7.03818e-06
21 4.42946e-05
3 9.13774e-08
34 0.000583195
10 1.1049e-07
14 1.44551e-07
23 0.000103651
3 8.22085e-08
20 0.00043016
5715 0.000628169
19593 0.00251355
3 3.5348e-06
3 1.31395e-05
6 0.00023888
4 1.72708e-05
43 0.000627816
22 2.73037e-05
5 8.85353e-06
14369 2.32415e-06
88 4.13434e-05
21 4.06332e-05
14261 2.12168e-05
5 5.22131e-05
4 9.74946e-06
5684 7.44137e-05
6 5.53303e-06
7 7.72138e-06
14201 3.47704e-05
6 1.3873e-06
4 2.75769e-06
6 1.23068e-05
7 1.08416e-05
14 1.00778e-05
11 1.38699e-05
3 7.72882e-08
87 6.23023e-05
9 9.04181e-07
14631 0.000132524
16 1.35288e-05
8 0.000201091
11 1.38654e-05
3 9.22355e-06
16240 9.20432e-05
17 1.23074e-05
3 1.63267e-06
4 1.0024e-06
5 3.87301e-06
6 3.63242e-05
3 1.04369e-05
5 6.47066e-05
3 3.00447e-06
11 1.71219e-05
14941 1.14835e-05
5 4.26398e-06
16 4.23638e-05
6 3.25278e-06
26 5.43852e-05
4 1.80129e-06
10 8.36942e-06
6 1.37953e-05
5 7.84293e-09
9 0.000106494
14378 0.000568942
10 5.28012e-06
39 2.31425e-05
6 1.7509e-07
3 7.52478e-06
218 0.00024642
3 1.5259e-06
6 8.06096e-07
31 0.000110833
133 5.92961e-05
5 2.06629e-05
3 2.96771e-05
268 2.40398e-05
8 2.08004e-05
4 7.5188e-06
7 0.000335181
3 6.04342e-06
38 0.000187918
56 2.43523e-05
15 1.03742e-05
6 4.70165e-05
15964 0.00110941
3 1.2325e-05
1648 0.000192799
187 6.94776e-06
13 1.4498e-05
25 1.24914e-05
1641 5.13499e-05
1623 1.09212e-05
6 1.10193e-05
61 2.0645e-05
3 6.08098e-06
3 1.76004e-07
17 0.00018207
4 1.17441e-09
7 0.000297789
3 5.39568e-06
121 0.000663203
41 1.3444e-05
19 0.00064739
9 0.000356224
14191 0.000173134
3 3.19307e-05
5 2.24698e-06
11 1.27494e-05
7 9.61172e-06
15012 6.5726e-05
764 5.99546e-06
5 1.4464e-05
16025 3.03867e-05
6 1.97918e-05
14980 9.71043e-06
3 2.22438e-05
11 3.12129e-05
3 6.619e-06
6 3.39566e-06
15084 1.77436e-05
18371 5.65322e-05
10 0.000307035
17582 0.000127359
7 4.95359e-06
3 1.29317e-06
272 5.70745e-05
9 5.94559e-06
7 1.27689e-05
14355 6.77506e-05
14045 3.86773e-05
16056 5.57808e-05
14111 0.000139411
218 5.03336e-05
8 8.13246e-06
14407 6.1245e-06
5 3.15804e-05
7 2.79351e-06
22 1.4378e-05
17 6.66119e-06
8 6.24533e-07
25 1.28489e-06
15 3.92607e-07
4 1.40812e-06
48 1.74227e-05
11 1.26459e-06
7 4.44309e-06
32 5.01429e-06
9 1.41495e-06
3 1.16995e-06
5 1.84883e-05
8 5.15995e-05
72 1.93255e-05
10 0.000251309
4 6.20971e-05
3 9.57082e-06
7 8.02433e-07
10 4.44026e-05
14069 0.00107959
7 2.03452e-05
14320 2.28727e-05
19943 0.000196165
16080 3.52644e-05
7 1.44526e-05
9 5.99255e-07
32 0.000267338
10 0.000180786
15 4.47039e-05
3 2.24336e-06
25 0.000367095
3 3.69706e-08
11 1.20919e-05
7 6.86119e-06
5 2.49036e-07
4 1.41571e-06
14604 1.83911e-05
5 2.72648e-06
16 2.37572e-05
23 0.000791506
17 9.68397e-06
4 4.24749e-09
5 6.44822e-06
13919 2.64477e-05
4 1.65573e-05
15593 8.34886e-05
15 0.000228239
15 6.45945e-06
11 4.74728e-06
8 8.67425e-06
14169 8.37443e-05
8 4.25668e-05
15473 0.000177915
17 1.37594e-05
4 8.6415e-06
3 9.05246e-07
6 1.67912e-05
5 1.44114e-05
32 8.16256e-05
3 5.08251e-07
5 5.86817e-05
12 8.18723e-06
3 3.51673e-06
5644 4.13285e-05
101 8.13446e-05
11 4.4288e-05
15 0.000624306
14602 1.69363e-05
6 0.000245025
3 5.99485e-06
10 2.80667e-05
74 0.000509479
15786 2.29125e-05
5 1.35645e-05
34 1.88682e-05
14389 0.000173362
3 1.43709e-05
4 8.95516e-05
632 7.88628e-05
13 6.37232e-05
8 5.57846e-09
3 2.93603e-10
6 1.5374e-06
4 9.62514e-05
15464 7.17197e-05
14059 2.11698e-05
5 4.85421e-06
3 0.000121671
11 0.00059343
10 9.32228e-05
6 0.000237412
4 1.01282e-06
8 1.429e-06
133 3.86093e-05
5 7.05538e-06
15539 6.85433e-05
9 1.55733e-05
11 4.2991e-06
3 5.87206e-10
5 5.93566e-05
11 0.000461896
16 0.000206279
7 5.84238e-06
12 3.63848e-06
5 2.93603e-09
6 4.21219e-06
3 6.89886e-07
20152 0.00269675
60 9.96353e-05
3 1.33035e-07
10 0.000107583
3 9.51564e-06
45 0.000101165
13922 0.000209126
5 0.000151476
10 7.25196e-06
7 9.59992e-06
9 0.000220056
3 1.57361e-05
18 0.000203417
5 1.39758e-06
10 9.68197e-07
4 7.66553e-07
8 1.29363e-05
4 1.84469e-05
8 6.76535e-06
14322 6.18294e-05
8 1.74363e-07
7 1.27685e-06
40 1.75983e-05
5 1.20791e-05
3 5.87206e-10
27 0.000189534
25 0.000193384
14692 5.90712e-06
8 0.000130587
5 6.37302e-06
4 5.26653e-05
12 9.03367e-07
6 1.14619e-05
14090 0.000114777
7 5.4375e-07
189 0.000921925
14611 1.93028e-05
8 3.34865e-07
8 3.06414e-05
14543 3.02819e-06
3 1.57021e-07
79 4.24164e-05
6 2.98081e-05
4 1.50924e-06
72 0.000289983
3 6.91525e-07
6 0.000245725
6 9.08972e-06
6 1.66261e-05
3 9.96802e-07
43 8.59334e-06
3 3.94636e-06
3 1.79142e-05
6 7.49744e-07
7 8.03331e-06
5 8.20271e-06
7 3.35579e-06
5 3.84005e-07
3 4.055e-07
936 5.72947e-05
1600 0.000193293
6 1.33065e-05
45 2.72629e-05
3 4.29332e-06
31 2.24796e-05
27 3.81026e-05
35 6.16594e-05
14275 3.06201e-05
16701 3.29737e-05
6 0.000133926
19 6.02823e-05
13 0.000156099
8 2.55797e-07
19 1.9134e-05
3 0.00011871
3 4.6933e-07
7 0.000247418
8 0.00014287
14 1.93123e-06
7 1.06041e-05
5620 3.95308e-07
4 1.27677e-05
34 2.27525e-05
29 0.000116469
5 8.88686e-07
3 4.7473e-06
16 7.30974e-06
5 4.92184e-06
14 0.000172117
32 0.000181002
3 1.4127e-05
4 5.95672e-06
6 1.86016e-05
6 0.000238638
4 9.41026e-05
5 5.90865e-05
3 9.10905e-06
4 2.4526e-07
24 1.20163e-05
3 1.86828e-07
31 0.000137469
18 1.36308e-05
16 4.20571e-06
20 5.01473e-05
14 7.10889e-05
10 0.00014716
7 9.90784e-06
5 1.88018e-06
3 4.84757e-07
3 5.94251e-05
7 1.19151e-05
11 9.1975e-06
28 1.68576e-06
6 3.11544e-07
4 7.84317e-06
38 6.69322e-06
4 9.16145e-06
17 0.000315054
8 4.98121e-05
8 6.19459e-07
3 1.74443e-06
10 2.74047e-06
28 0.000179458
4 1.3076e-05
8 6.13218e-06
4 5.63381e-06
4 3.02128e-05
6 5.08916e-06
19 0.00010456
19459 0.000310961
3 3.21209e-06
17 6.00834e-05
3 6.5679e-05
14 4.72946e-06
4 1.90244e-05
8 2.86692e-05
4 1.06355e-05
14438 3.87908e-05
9 1.81482e-05
9 1.3349e-05
74 0.000120433
9 0.000135011
6 0.000102537
24 3.38921e-05
3 1.8772e-06
15 4.97357e-06
5 2.06255e-05
3 1.63408e-06
13 6.84811e-06
4 1.28571e-05
15071 0.000332667
3 3.10066e-06
4 1.9036e-05
3 5.93577e-05
5 8.3087e-06
3237 6.40432e-05
8 2.01659e-06
3 1.35208e-05
10 1.51443e-06
39 9.40396e-06
14548 1.02176e-05
15105 1.22704e-05
5615 0.00012399
3 1.86346e-06
6 9.63707e-06
9 0.000199845
9 0.000196449
27 0.000112593
4 1.19069e-05
19067 6.14602e-05
19 1.56149e-05
8 1.07871e-05
58 1.15982e-06
180 0.000109944
4 4.12176e-06
3 2.20241e-06
10 1.86542e-05
7 3.24369e-06
5 3.74131e-05
3 1.97006e-07
4 1.17441e-09
5 1.24504e-05
12 0.000152313
3 6.01646e-05
10 0.000417614
12 0.000423943
7 6.17218e-05
3 0.000118801
5 0.000178057
12 0.000356624
3 6.81553e-06
13 0.000179409
59 0.000669437
64 7.09251e-05
3 1.18592e-06
17 0.00024223
36 0.000299958
26 3.50083e-05
31 0.000387713
21 0.000603033
78 0.00010931
76 0.000116565
48 4.28445e-05
17445 0.00106995
122 0.000136345
20 2.44381e-07
5925 0.000446488
7 9.49522e-08
5 2.91753e-05
5 2.10863e-05
11 0.000299936
6 5.17209e-05
5 9.18333e-06
4 9.12887e-07
8 2.24865e-05
3 3.47028e-06
11 4.74491e-06
6 0.000237666
13872 0.00020047
5 6.47369e-06
4 0.000178219
4 7.60209e-08
3 5.94296e-05
5 0.000183459
5 0.000246504
5 0.000130467
15828 0.000672758
24 0.00119133
630 0.000646998
31 0.000777183
3 6.1354e-05
66 0.000666252
6 0.000113764
12 3.30622e-05
33 0.000310911
21 0.000133105
7 0.000356097
4 1.17441e-09
3 8.99905e-08
5 2.16055e-05
4 2.59897e-06
24 0.00190899
22 1.88244e-05
7 2.72028e-08
67 6.33022e-08
18 3.66191e-06
4 2.64243e-09
6 2.64243e-09
34 0.000609953
72 6.86811e-06
20 0.000164463
26 4.58906e-05
17 0.000104865
6 1.26336e-07
55 0.000145203
5 1.53793e-07
5 8.90434e-05
1029 6.54392e-06
5 2.69541e-05
3 8.0146e-06
5 2.68914e-05
4 0.000370479
10 2.32256e-05
5 0.000178057
15 1.61793e-05
32 3.55161e-05
99 5.2133e-06
3 3.12382e-06
5 3.40084e-07
5 2.68441e-05
11 0.00031665
4 1.99046e-05
3 2.37414e-07
10 8.61882e-06
82 2.47888e-05
3 1.88719e-06
128 3.24243e-05
100 2.88187e-06
4 0.00011871
7 1.56734e-05
25 1.41535e-06
23 0.000242434
148 1.08832e-06
10 1.89239e-06
75 1.69751e-05
12 2.48119e-06
23 2.09595e-05
12 0.000320616
8 1.31085e-07
4 9.71389e-08
3 1.25446e-07
3 1.71249e-07
14446 2.39253e-06
3 1.88559e-07
15 1.49688e-05
4 3.62229e-05
15 0.000180742
4 1.2413e-06
6 0.000186889
5 1.4408e-05
13877 1.95646e-06
10 8.08067e-06
14 0.000181148
16 8.72094e-06
9 3.30181e-05
5 3.19833e-06
5 1.63356e-06
9 0.000178062
16 0.000241985
5 2.00256e-07
17 1.74493e-06
9 1.80595e-07
24 2.95493e-05
6 4.77399e-05
14789 1.96848e-05
30 1.41342e-05
3 6.78382e-06
6 9.19108e-05
71 4.57016e-05
35 1.54658e-06
4 3.24042e-07
7 2.56471e-05
55 3.11881e-06
7 0.00065277
64 1.81826e-05
8 8.64805e-05
5 2.38227e-07
9 0.00023741
11 3.28518e-07
4 1.76162e-09
5 1.94357e-06
15376 1.83097e-05
3 9.89782e-08
10 6.44823e-05
3 3.40106e-06
425 2.13663e-06
12 2.71896e-05
17482 0.000354075
3 8.05707e-06
4 5.87206e-10
76 2.96153e-06
28 2.52229e-05
66 9.387e-08
7 5.43577e-06
14199 7.28968e-06
8 9.24365e-08
88 0.000400874
5 0.000178087
8 0.000114124
7 1.90693e-05
40 5.42195e-06
14 3.46731e-07
14 0.000171578
10 0.000247772
18 0.000978945
3 5.87206e-10
9 1.37192e-07
7 0.000248504
4 3.32217e-05
3 1.09512e-05
15606 3.63591e-05
10 6.28423e-06
8 3.98358e-05
3 5.87206e-10
16532 8.63666e-05
4 1.17441e-09
9 1.53402e-05
3 4.28616e-06
4 6.31788e-06
3 6.5422e-09
4 2.28414e-08
5 1.22634e-07
8 0.000356083
4 6.10405e-07
142 2.98191e-05
10 1.58593e-06
15 8.63401e-07
26 6.93886e-05
12 6.79749e-06
6 4.3858e-06
8 0.000189287
18 0.000236681
7 6.55783e-06
3 1.76162e-09
8 7.51949e-05
4 1.80096e-07
30 2.77001e-05
15625 8.44253e-05
13992 1.25536e-05
26 0.000142501
116 1.12748e-05
5341 7.214e-05
19444 5.808e-05
22 1.86258e-06
20745 8.1786e-05
1688 0.000223768
5 2.28079e-05
5 7.25341e-05
3 1.31781e-05
17591 0.0022377
3 1.11785e-07
27 6.4626e-06
86 1.92639e-06
3 8.80809e-10
14 2.22827e-07
10 2.0081e-05
3 5.98154e-05
6 0.000118695
18 2.85416e-06
14 6.61167e-05
39 0.00134405
41 8.09673e-05
4 1.78351e-05
3 7.21967e-08
30 3.06112e-06
7 7.91278e-05
9 2.53538e-06
8 1.13305e-05
18 5.19447e-06
8 1.89233e-05
3 2.88917e-06
3 8.80809e-10
17 0.000113715
122 4.71055e-05
12 1.15973e-08
6 0.000256987
25 0.000177818
9 0.000118703
5 2.27308e-05
3 5.98831e-05
3 3.77958e-08
12 0.000456104
3 1.97599e-05
4 1.05087e-07
5 0.000170409
64 0.000136131
5 0.000150571
3 4.85984e-07
19 0.000224384
7 3.46722e-06
13939 0.000122846
4 6.06823e-05
22 3.49364e-05
15 2.21832e-05
35 2.34043e-06
38 3.10979e-05
35 6.41416e-06
62 0.000181687
7 3.37991e-06
5 4.81725e-05
101 0.00152045
22 5.08526e-06
3 8.05282e-06
41 1.4956e-05
10 4.89711e-05
5 3.52336e-05
10 4.30677e-07
6 2.93454e-07
18 4.94267e-05
14 9.39505e-06
4 3.1745e-08
69 0.000523856
51 7.79966e-07
11 0.00053408
17 4.66793e-05
8 4.93612e-06
7 3.97752e-05
23 4.6071e-06
82 0.000421122
10 1.37011e-05
16 0.000160647
18 0.000109075
5 4.83364e-05
5 1.98798e-05
202 0.000169807
9 3.0324e-05
18 0.00018126
6 0.000118708
27 4.7992e-05
5 2.10966e-06
4 7.71715e-06
4 1.02596e-07
6 1.48298e-05
3 3.52324e-09
3 6.79604e-05
35 0.000257891
26 0.000336114
9 0.000300096
32 5.1181e-06
9 0.000159026
5 7.93947e-05
29 0.000348793
27 0.000236371
38 7.96794e-05
42 5.39768e-05
47 0.000227373
6 0.000139904
11 1.07202e-05
10 5.3966e-05
5 2.08742e-06
4 1.30014e-06
306 0.000848262
5 7.60473e-05
3 5.9356e-05
16 2.69385e-05
5 2.09077e-05
15518 2.0437e-05
13865 9.60229e-06
4 1.30543e-05
4 1.33636e-05
3 1.29224e-07
6 8.03992e-06
6 5.2884e-07
3 1.03467e-07
2024 0.000120633
8 3.99081e-06
15 4.44817e-07
9 0.000352842
6 0.000240185
4 9.60376e-06
4 0.000118708
10 2.2901e-08
13863 7.00242e-07
3 5.9356e-05
149 5.00513e-05
3 2.04668e-05
1259 3.4924e-06
12 6.41847e-06
3 3.83662e-06
511 5.5899e-06
3 2.34959e-06
95 6.74777e-05
64 7.62241e-05
8 2.92501e-05
9 5.575e-05
37 7.58961e-05
55 0.000278647
5 9.35822e-05
8 8.75994e-05
20287 0.00184495
154 0.00208345
42 0.000174153
93 0.000193767
118 6.35449e-05
3 5.87206e-10
10 0.000274601
30 3.4722e-05
10 4.32148e-06
8 7.47631e-06
5 1.81787e-06
11 9.76379e-06
8 1.0822e-06
7 3.08792e-06
63 9.06762e-05
4 0.000118708
6 8.20078e-06
12 0.000239591
335 8.26191e-05
9 6.88841e-06
4 1.04835e-05
3 1.57108e-06
4 3.65819e-06
104 0.00020149
5 5.65384e-07
3 5.95013e-05
4 1.3163e-07
3 1.39705e-06
3 3.53833e-05
4 5.12435e-07
6 5.55583e-05
20 3.91159e-06
4 0.000127845
3 0.000112381
6 2.34073e-05
3 8.13617e-05
3 4.7503e-06
51 2.44966e-06
53 3.35263e-05
11 5.11364e-05
3 2.27876e-07
18 0.000772817
3 1.36887e-05
20 0.000117085
52 3.2639e-05
5 2.83439e-05
1353 1.71241e-05
3 1.1047e-06
5 2.7368e-06
7 0.000184042
54 0.000509728
20 0.000550635
4 4.09494e-07
4 1.09746e-05
20 9.33821e-05
3 8.80809e-10
6 2.34883e-09
5 1.96212e-06
5 1.76162e-09
3 0.00011871
6 1.41628e-06
3 5.50497e-06
13 4.07774e-05
9 2.47037e-06
13964 7.82482e-06
47 0.002372
44 3.35267e-05
5 5.0087e-06
26 3.61044e-06
9 3.24603e-05
3 5.42384e-07
4 5.88362e-06
3 2.15431e-06
5 1.18296e-06
6 2.08212e-06
6 3.613e-06
14 5.77543e-07
4 4.87529e-08
31 0.000503309
3 2.29783e-06
75 0.000144127
4 3.49888e-06
36 4.78475e-05
49 2.57283e-06
87 4.3445e-06
47 6.03619e-07
7 2.73444e-07
18 1.48459e-06
11 4.43368e-06
20 0.000478951
4 8.51829e-09
214 4.93829e-05
14 1.17553e-05
218 7.58727e-06
14 4.60715e-07
4 1.14448e-06
4 4.36857e-06
5 1.23224e-06
11 2.29775e-07
4 7.10055e-07
3 8.80809e-10
28 2.12509e-06
12 2.841e-06
24 5.71888e-07
3 6.6712e-08
8 0.000208167
10 1.415e-05
47 1.19962e-05
22 2.09148e-06
3 1.28619e-06
15 0.00011025
7 6.76444e-07
35 8.56812e-07
5 5.99599e-05
35 0.000104615
43 0.000241999
3 3.41141e-05
16 2.05525e-06
6 0.000252733
12 2.85434e-06
3 9.50838e-07
6 4.64404e-05
3 7.9007e-07
5 1.97847e-05
8 0.000237407
70 2.41132e-05
61 3.53895e-06
4 1.69193e-05
12 0.000652801
9 7.91513e-05
5 2.13287e-06
7 5.06371e-05
41 9.61542e-05
6 2.33905e-05
5 3.19983e-07
5 8.43618e-08
13 9.25357e-06
31 1.5521e-05
7 3.75288e-06
137 3.43001e-05
150 0.000477422
13934 0.000144698
3 2.95375e-05
22 8.3717e-06
176 1.59205e-05
49 8.82982e-05
16 6.41344e-06
8 2.1541e-06
4 9.63714e-06
3 2.37172e-07
5 9.23929e-07
5 1.64628e-06
12 1.04748e-05
14 3.723e-07
4 5.0128e-05
4 3.8457e-08
12 1.991e-07
5 3.61235e-06
3 2.12384e-05
38 4.90932e-05
6 1.05975e-07
16 0.000682463
3 5.9356e-05
3 3.07675e-07
15 4.77222e-07
5 7.65482e-07
5 2.25998e-07
4 5.38656e-07
3 6.63213e-07
4 4.52131e-07
5 5.20075e-08
7 4.62074e-08
5 1.49096e-07
13 4.61199e-06
23 4.68375e-07
15 3.23323e-05
7 1.29002e-05
14957 4.5303e-05
261 5.61673e-05
38 2.58299e-05
19 1.7377e-06
36 1.31557e-06
28 4.18479e-06
3 4.10009e-06
3 7.12186e-07
4 1.11433e-06
4 1.06017e-06
4 4.17613e-08
3 1.76162e-09
3 1.67909e-08
8 6.47559e-06
3 2.96798e-05
6 0.000148383
7 0.000221156
4 1.14145e-05
5 3.96838e-07
9 6.03117e-06
4 1.17441e-09
9 2.51624e-06
28 1.62752e-05
7 1.74523e-06
54 1.32976e-06
14 1.69275e-06
5 3.67687e-05
3 5.87206e-10
9 8.48092e-05
4 9.01607e-07
3 1.59692e-06
5 1.75575e-05
5 2.15501e-06
15 6.71368e-05
3 2.08099e-06
3 1.43763e-05
11 4.50351e-06
11 6.117e-05
8 1.85574e-06
4 2.0172e-06
14194 7.26952e-05
3 5.87206e-10
8 0.000296871
7 1.78875e-05
5 1.43549e-06
12 8.55068e-07
7 5.3941e-05
5 5.06075e-06
3 1.90003e-09
17 2.53542e-06
13988 3.42174e-05
8 0.000377774
10 1.04023e-07
3 2.59061e-07
9 9.02659e-06
6 1.14446e-08
4 2.40755e-09
8 2.96197e-08
47 5.11701e-05
15 5.3052e-07
5308 9.69612e-07
6 7.76981e-08
5 3.14914e-07
3 6.72967e-07
3 3.42863e-08
4 2.20202e-09
15 0.00051036
7 3.87134e-07
3 6.51788e-09
4 2.97291e-06
6 1.23707e-07
13 1.44464e-05
4 1.66766e-07
13886 2.66868e-05
9 7.33303e-07
6 0.00030455
9 1.50421e-06
10 9.40106e-05
8 5.98616e-06
3 6.52978e-08
8 1.46802e-08
3 7.9469e-07
6 0.000319735
4 9.0695e-09
5 7.39712e-06
8 3.72111e-05
13868 4.86776e-07
10 7.04648e-09
3 5.87206e-10
3 4.40405e-10
5 5.93624e-05
6 2.63896e-05
4 1.03752e-06
20 3.27877e-05
5 4.69765e-09
10 0.000307425
14 0.000178057
4 0.000118708
10 2.34883e-08
10 0.000345616
3 5.87206e-10
12 3.51691e-05
13 6.82773e-05
4 0.000111227
24 0.000480486
5 1.0045e-05
4 7.0294e-06
9 1.69259e-05
3 2.50597e-06
15260 0.000116398
3 4.08429e-06
34 1.39354e-05
27 1.19808e-05
16 0.000618718
3 3.22082e-06
4 8.90322e-05
6 0.000237403
8 1.8056e-06
6 1.04195e-05
4 8.0958e-05
1751 3.47572e-05
3 8.69777e-07
5 6.88125e-07
3 8.80809e-10
1587 1.99112e-05
641 1.55505e-05
5 2.58734e-06
11 2.6292e-05
14205 2.15891e-05
32 6.58912e-06
10 4.48373e-06
14 0.000334646
7 2.05413e-06
3 5.67469e-07
6 3.3238e-05
3 1.17958e-05
17758 4.38481e-05
77 1.12299e-06
4 1.17701e-05
5 8.55462e-06
17245 9.43929e-06
11 0.000237414
7 5.93419e-05
38 0.000193609
4 0.000148371
4 2.72471e-05
9 1.53727e-05
4 2.32449e-07
7 3.35516e-05
13 1.95973e-05
9 0.000474776
18 2.10616e-06
11 0.000474779
53 4.03536e-05
22 8.94698e-06
4 1.36525e-09
8 0.000534102
11 1.20046e-05
5 8.80809e-09
7 2.72471e-05
6 1.5395e-05
280 0.00037047
4 1.83487e-06
8 8.14944e-07
20 6.4632e-07
5 5.9356e-05
4 4.61474e-06
11 4.16818e-06
7 1.28221e-05
23 7.43985e-06
6 8.50799e-08
11 2.23847e-05
6 0.000102476
113 2.23462e-05
125 0.000101862
14 2.29094e-05
5 1.17441e-09
12 4.64963e-06
15 0.000119924
6 7.72578e-07
4 1.96714e-09
8 0.000116742
15115 3.16562e-06
110 8.14556e-07
105 5.77128e-07
44 5.44881e-08
6 1.30697e-05
49 1.22235e-05
51 1.61422e-05
4 1.26146e-07
4 6.82762e-05
82 2.32121e-05
14116 4.2142e-06
4 2.64243e-09
7 5.28486e-09
6 1.18236e-05
7 0.000118831
12 6.78954e-06
15179 0.000138324
52 0.000180008
28 0.000138454
15 6.99728e-06
25 1.42629e-05
39 0.000235228
4 5.92851e-05
20 0.000290729
5 5.71736e-06
36 6.61657e-05
3 1.10546e-05
5 0.00012213
13 1.92345e-05
10 0.000489933
6 1.77582e-05
3 1.88271e-06
10 8.08698e-06
6 8.92021e-06
4 1.88364e-05
4 7.01947e-05
6 0.000167676
3 2.17539e-06
5 0.000237413
13 0.000120366
72 0.00162501
7 3.44643e-06
16 0.000437146
6 0.00015741
12 0.00024018
4 8.62866e-06
9 0.000100893
5 1.18703e-05
3 2.78923e-09
13 0.000278942
4 5.9356e-05
6 1.473e-05
4 2.91962e-05
3 2.09172e-06
7 2.2335e-06
9 1.14161e-05
7 0.000356099
3 8.80809e-10
15 2.93603e-09
6 1.1412e-05
3 1.17441e-09
4 1.76162e-09
7 3.01275e-05
5306 3.69157e-05
3 5.35963e-06
12 2.30502e-05
54 2.50718e-05
52 4.8895e-07
6 1.12875e-05
28 2.65603e-05
13 0.000450202
341 6.43343e-05
3 6.54133e-09
14 1.45504e-05
44 7.64576e-07
38 3.91188e-05
4 1.41435e-08
6 5.03005e-05
6 5.93087e-05
30 7.07033e-05
3 8.80809e-10
4 3.09653e-05
4 5.93525e-05
34 0.000404089
48 6.85629e-07
104 0.000819416
45 0.000257672
6 0.000216497
4 0.000197122
12 0.000296742
13 0.000342055
6 1.97301e-05
7 5.93701e-05
6 1.21089e-05
8 0.000177721
10 0.000415439
4 5.87206e-09
7 5.93554e-05
11 0.000416325
11 6.5091e-05
8 7.48609e-05
16 0.000415441
3 5.9356e-05
3 1.0153e-05
13 5.49516e-08
6 1.9231e-06
15 0.000415555
3 7.66054e-09
6 0.000200199
4 7.10943e-05
6 7.36905e-05
3 2.37679e-09
12 4.64342e-08
4 9.23166e-08
3 5.9356e-05
30 0.00130765
4 5.08491e-06
41 0.00024123
6 7.12898e-05
5 1.33871e-05
15 4.60088e-06
183 6.87189e-06
18 0.000592156
4 1.00654e-05
7 3.01302e-07
1562 5.69227e-07
7 1.65774e-06
25 0.00105107
12 4.64531e-06
14217 2.24266e-06
11 2.16643e-05
4 2.6162e-08
10 9.97219e-08
3 2.52967e-05
19 1.34033e-06
5 3.45671e-06
3 8.80809e-10
9 1.00024e-05
7 8.93731e-06
7 0.000356102
4 1.9785e-05
8 6.27524e-06
95 2.37924e-05
9 3.33765e-05
4 6.79545e-06
21 3.8437e-06
38 3.65092e-06
1663 5.80317e-05
3 2.15653e-08
30 1.69364e-05
4 5.08909e-06
9 0.000299332
10 4.3531e-05
4 3.52324e-09
13 4.45519e-05
10 1.30567e-07
7 7.94153e-07
3 5.87206e-10
5 2.54161e-05
7 0.000182698
5 1.04886e-05
12 0.000358433
15 1.56757e-05
19 1.33174e-06
10 7.62582e-07
1735 6.98713e-05
17506 3.35024e-05
11 1.4264e-05
1741 2.74717e-05
45 2.85786e-05
15990 1.45884e-05
20 1.32316e-05
97 2.96267e-06
3 5.2539e-07
53 0.00138153
9 2.0178e-06
3 8.51449e-09
3 1.76162e-09
8 5.93698e-05
37 0.000237632
26 0.000153773
22 3.5301e-05
7 1.06872e-08
55 4.95333e-05
53 5.36677e-07
49 0.000124741
4 4.69977e-05
4 5.92493e-05
6 2.1596e-06
19131 0.00315671
7 0.000296757
3 4.31736e-06
19216 0.00318763
3 5.34279e-06
94 0.000209459
42 8.90101e-05
7 0.000138491
3 1.9783e-05
4 1.8137e-06
6 4.51719e-06
8 6.57352e-05
6 1.32121e-08
9 1.12275e-05
3 5.90055e-07
4 6.09439e-05
14 0.000212392
8 3.28491e-05
11 1.1756e-06
20 4.49606e-06
51 1.24167e-05
4 1.82254e-06
7 1.07223e-06
4 1.67298e-05
6 0.000296839
6 0.000185831
3 4.27792e-08
44 0.000131993
5 2.04918e-06
8 5.57846e-09
6 1.24277e-05
6 3.52324e-09
3 8.80809e-10
14380 7.54028e-06
15 2.54537e-05
10 0.000115842
3 8.47915e-06
4 8.02332e-06
8 0.000185199
12 2.26493e-05
4 1.76162e-09
5 0.000119203
546 0.000189835
3 5.87206e-10
298 5.09732e-05
3 1.73327e-07
25 0.000198661
6 7.42319e-06
8 0.000296745
9 1.37993e-08
3 5.87206e-10
14 2.53886e-05
4 5.47586e-05
6 4.91325e-06
30 3.10353e-05
6 5.90895e-06
12 0.000247351
3 8.80809e-10
3 5.87206e-10
6 3.3056e-06
3 1.7244e-06
15983 6.2908e-06
18585 0.000146084
29 1.61676e-06
49 1.69828e-05
15891 6.44682e-06
15831 8.74397e-05
14689 6.60689e-06
1626 2.99892e-05
7 8.75227e-07
10 1.13044e-06
6 5.7764e-05
16258 8.4616e-05
84 0.000115466
4 1.87735e-05
3 0.00011871
8 3.14717e-05
9 0.000356587
65 0.00212416
60 9.60262e-05
4 1.76043e-08
3 5.87206e-10
6 0.000296752
4 1.83241e-05
5 0.000327533
3 3.41125e-08
3 1.82473e-08
5 5.95336e-05
5 0.000237408
4 4.73928e-05
35 0.00123257
5 1.29016e-08
3 4.66808e-06
5 6.72728e-05
3 4.40405e-10
11 6.63369e-05
5 2.39994e-05
7 2.52925e-06
7 4.6841e-06
6 3.25984e-06
311 2.43142e-07
14 4.54065e-05
7 3.03103e-06
81 1.28501e-05
12 3.46182e-06
9 0.000296855
4 1.17441e-09
6 8.51981e-06
7 1.4269e-05
8 0.000173819
5 1.30665e-07
3 1.50406e-06
12 2.38704e-05
5 3.36127e-07
4 2.20321e-06
16 3.55557e-05
8 2.49934e-05
33 2.33846e-05
71 0.000425899
3 5.87206e-10
5 5.22401e-06
3 2.93603e-10
1699 8.85949e-06
6 2.5628e-05
5 6.87273e-08
15 1.20418e-05
9 1.04785e-05
7 9.72357e-08
9 1.23487e-05
4 7.9257e-07
3 5.33915e-07
7 8.97117e-06
18 3.01653e-05
6 0.000237403
3 1.65065e-05
10 2.73754e-06
3 7.42078e-07
3672 0.000151278
12 1.17171e-06
3 7.2971e-07
3 7.01277e-07
5 1.21282e-07
4 0.000178063
7 6.01548e-06
4 7.0793e-07
14442 8.62102e-05
3 3.62523e-06
6 5.67155e-06
5 0.000110522
8 1.66933e-06
5 3.48588e-06
6 6.27862e-06
41 1.7191e-05
28 7.31274e-05
8 3.61759e-06
1685 0.000564694
15 5.44014e-05
3 1.31763e-06
5 8.64966e-07
9 2.02795e-05
3 5.9356e-05
3 1.62404e-06
7 3.88203e-06
11 4.47655e-06
22 5.73324e-06
4 9.95864e-06
5 3.12401e-06
7 0.000178057
1632 2.2411e-05
38 7.49549e-06
3 1.44744e-06
16745 0.000851497
3 6.06195e-06
26 7.40797e-05
4 1.29562e-05
37 6.29387e-06
15 1.27922e-05
7 0.000356099
9 0.000211098
14 0.000341052
19 2.7817e-05
7 3.99087e-05
8 9.77018e-06
4 6.49027e-06
3 1.28259e-06
3 8.80809e-10
6 9.99542e-08
9 3.54823e-06
8 0.000356083
5 2.41839e-06
6 2.67078e-05
12 1.1701e-05
8 7.14514e-06
5 4.57513e-06
3 7.02032e-06
3 3.87109e-06
58 3.02948e-06
14 7.93017e-06
34 5.9958e-06
5 0.000178061
4 8.36824e-06
53 3.10774e-05
10 1.69189e-06
6 1.20355e-05
5 2.53556e-06
31 2.59521e-06
1635 1.04822e-05
4 1.01021e-07
14157 0.000142048
5 3.37617e-06
8 7.92729e-09
14669 0.000495365
5 1.96534e-08
3 2.15831e-08
8 9.05582e-08
3 1.17441e-09
3 1.17441e-09
1644 0.000193526
16271 3.56115e-05
4 1.89774e-07
9 1.01401e-05
83 1.80528e-05
3 1.64579e-05
17212 7.90748e-05
3 6.16567e-09
5 8.80809e-10
3 3.76584e-06
4 1.17441e-09
4 1.44184e-06
4 5.04231e-07
8 6.27317e-07
4 1.20431e-05
4 8.80809e-10
7 4.76946e-06
4 2.69891e-05
303 0.000197601
4 2.64243e-09
22 2.24412e-05
3 9.02645e-07
7 8.84463e-06
4 1.17441e-09
8 1.8595e-05
39 6.51335e-06
51 1.6193e-06
3 5.02639e-06
13 2.24009e-05
5 6.05959e-05
1696 0.000617855
5 7.08621e-07
6 4.38376e-06
1593 8.06715e-05
283 9.71437e-06
3 6.42333e-07
3 4.14035e-08
20 1.83541e-05
5343 3.21706e-05
11 0.00020116
4 4.35215e-06
10 7.85817e-06
7 7.5757e-07
42 5.55228e-06
4 1.05028e-06
39 9.5018e-05
8 7.54591e-05
5 1.42594e-06
4 0.00012758
14 2.60433e-05
14279 3.18853e-05
5 3.18042e-05
4 7.04648e-10
12 1.65664e-06
3 5.85752e-07
7 6.23109e-06
44 6.09957e-06
61 5.32107e-05
5 0.000155694
8 4.71108e-05
9 4.91848e-06
6 8.47819e-05
12 0.000229953
7 0.000233709
3 1.06995e-06
12 5.25701e-06
12 1.36273e-06
6 1.74497e-06
4 1.92352e-06
5 1.36938e-06
21 8.69668e-06
12 0.000535786
12 4.51508e-06
3 4.49978e-08
9 3.45404e-06
4 7.01361e-05
7 0.00017854
3 2.73132e-07
12 4.46454e-05
6 7.37854e-07
35 0.000384481
6 2.19635e-06
3 5.96242e-07
10 5.85593e-05
7 2.67789e-05
7 0.00019784
9 0.00025712
9 2.96032e-05
4 4.69765e-09
47 6.70993e-05
3 5.9356e-05
5 2.68973e-06
18 3.32715e-05
15 0.000178093
11 2.61687e-07
5 1.62406e-05
4 1.98468e-05
3 2.8751e-05
16 0.000326554
22 0.00059474
6 8.80809e-09
4 1.76162e-09
4 1.88424e-05
6 0.000148356
11 0.000385764
6 0.000183046
3 0.0010075
13 0.000406443
9 0.000259481
54 0.000948401
3 1.16819e-06
4 1.67984e-07
3 4.40405e-10
4 8.80809e-10
4 8.85519e-08
7 0.000296774
11 1.20807e-06
4 1.32417e-07
4 0.000118708
111 0.000195486
15 0.000173958
4 1.87441e-07
8 5.07392e-08
7 0.000354877
4 1.42961e-06
6 0.000296755
4 1.17441e-09
7 1.91075e-06
7 3.80476e-06
3 1.59867e-05
3 2.98496e-06
4 7.14451e-06
6 7.13438e-05
18 7.13744e-05
14 4.70748e-05
11 0.000249451
9 3.66421e-07
5 1.91624e-05
9 2.55327e-05
41 7.21139e-06
6 2.1772e-06
8 8.29519e-05
13 4.59009e-05
4 1.31412e-05
10 2.097e-06
4 4.59504e-06
37 3.2496e-06
35 2.95718e-05
15 4.55312e-05
156 4.695e-05
11 5.25931e-05
95 1.5527e-05
9 4.45564e-07
6 7.87768e-09
126 1.20952e-06
4 1.13739e-06
82 6.54363e-07
7 4.09502e-05
89 4.31007e-06
87 7.71767e-05
109 7.70859e-05
7 0.000296745
354 1.86239e-05
3 1.84735e-05
83 0.00026577
13 0.000100996
90 0.000715102
116 0.000342543
16 1.14247e-05
30 7.71939e-06
4 6.58702e-06
4 2.05427e-05
25 4.85097e-08
3 2.5166e-10
120 0.00019295
4 7.15026e-07
4 2.29458e-06
4 2.87331e-06
9 3.6994e-09
31 0.000119158
3 5.87206e-10
6 9.72566e-07
7 1.90762e-06
5 1.76162e-09
3 3.52324e-10
28 0.00124583
5 5.93474e-05
7 3.12554e-09
5 3.95551e-05
17 2.17847e-05
8 4.84445e-09
5 1.76162e-09
4 2.93603e-09
14 1.11569e-08
3 1.76162e-09
7 7.78048e-09
6 1.97868e-06
7 0.000118729
4 3.2123e-05
6 2.39798e-06
5 4.72833e-06
14 5.83756e-06
9 0.000415418
4 2.39725e-06
3 6.75228e-06
25 0.000801134
6 7.90902e-05
10 0.000118642
3 6.90341e-08
5 0.000178057
3 1.6612e-05
3 1.66199e-05
5300 3.6387e-05
4 3.028e-06
193 0.00239132
54 0.000336382
185 0.000309378
59 7.29959e-05
10 7.6241e-05
30 0.000129358
9 0.000244691
4 2.18954e-07
10 2.2901e-08
17 7.63368e-09
3 5.87206e-10
4 3.52324e-09
8 0.000296761
3 8.80809e-10
5 0.000118746
4 3.87577e-06
3 5.0332e-10
6 3.07125e-06
12 2.23262e-06
3 6.60862e-05
9 5.09344e-06
4 4.0966e-06
37 4.57889e-06
5 1.65571e-08
7 5.22594e-05
3 5.9356e-05
3 5.9356e-05
4 1.76162e-09
19 5.13927e-06
5 1.76391e-05
30 0.000162602
3 1.76162e-09
17 2.14126e-06
8 2.21307e-06
3 9.22753e-10
37 2.98655e-06
22 4.72316e-06
16 0.000237989
4 1.95246e-08
10 2.1674e-06
6 6.22889e-07
52 2.13473e-07
3 6.66908e-07
10 1.82336e-05
6 5.30375e-07
4 3.97138e-05
3 5.46766e-06
8 0.000405781
32 0.00013452
85 1.15826e-05
4 5.9144e-06
12 9.8539e-07
5 6.04517e-06
35 5.68365e-07
43 1.89889e-05
5 2.58888e-07
79 3.23939e-07
88 7.41278e-07
10 2.57023e-07
4 4.64798e-07
38 0.000296227
4 7.00446e-07
21 0.000353364
9 4.73898e-07
11 8.43892e-07
41 1.71797e-05
15 1.56557e-06
3 2.99692e-07
6 3.77514e-05
16 1.23015e-05
84 1.11236e-05
5 4.88995e-07
8 0.000225067
4 2.39476e-05
5 0.000178057
65 0.000439557
53 0.000593581
100 2.80158e-06
4 2.35212e-07
4 1.76162e-09
4 5.34288e-05
13884 5.79266e-06
13 9.12376e-06
15 4.31595e-07
3 5.93702e-05
17 6.16966e-06
9 1.15321e-06
7 2.43739e-08
53 1.50823e-06
5 1.0187e-05
7 5.95271e-05
10 1.88663e-06
17 2.33077e-07
9 2.6676e-06
3 1.25589e-08
6 2.21601e-06
5 6.76581e-08
7 5.6029e-06
6 0.000120123
3 9.31782e-07
5 3.76944e-06
27 2.85274e-07
4 3.74151e-06
5 7.66919e-08
4 3.30998e-07
9 1.37622e-08
6 0.000178066
3212 3.36058e-05
21 0.000152588
3 1.02237e-06
5 3.51064e-06
33 1.97644e-06
4 6.48328e-07
32 1.82647e-06
4 1.08627e-05
6 3.32801e-07
9 5.54568e-07
308 0.00189685
6 5.7578e-06
293 0.000740239
4 5.2855e-06
3 1.48564e-05
13 9.8902e-05
7 1.57749e-07
5 2.14857e-07
3 9.16544e-08
10 6.23014e-07
18 1.06432e-06
6 5.62541e-07
14 0.000652794
5 9.79916e-06
252 0.000271121
6 4.50398e-05
11 1.83083e-05
4 2.14063e-07
4 6.61622e-06
63 0.000218021
267 0.00158184
6 1.92912e-06
284 1.23906e-05
17 2.49522e-05
5 1.0646e-05
8 1.71011e-05
4 5.12589e-06
7 8.13281e-09
19 0.000172423
4 2.86446e-05
7 1.84135e-05
11 1.24853e-05
41 3.74903e-05
21 0.000185146
96 0.000113969
11 1.58546e-08
6 2.93603e-09
344 0.000724661
3 1.41743e-07
131 0.000185607
5 2.01015e-06
3 1.842e-08
4 1.33314e-06
4 1.76162e-09
14 4.0336e-07
165 0.000153923
7 2.20202e-09
14 1.14335e-05
4 1.76162e-09
7 5.28486e-09
13 0.000150646
10 1.63324e-07
864 3.51696e-05
7 1.36763e-07
3 6.92367e-06
5 0.000178999
5 4.23667e-06
5 0.000178057
18 0.000445047
5 2.93603e-09
4 8.80809e-10
65 1.12399e-05
7 5.93525e-05
5 5.9369e-05
7 5.29257e-08
3 5.87206e-10
52 1.50711e-06
4 3.51323e-08
8 1.71875e-05
12 0.000289933
10 1.02761e-08
4 1.76162e-09
29 3.52234e-05
7 1.39985e-05
5 8.02656e-09
3 3.17986e-06
8 4.25725e-09
5 1.42035e-05
5 2.17289e-06
5 3.52324e-09
6 1.63815e-05
4 1.30581e-06
187 0.000960995
5 0.000178057
3 8.80809e-10
3 0.00011871
23 6.81929e-05
13 0.000419448
3 2.99278e-08
20 3.93286e-05
5 0.000178061
27 0.000319212
3 6.60228e-08
13 1.28011e-08
48 0.000240212
3 2.9673e-05
6 0.000124924
4 1.55905e-06
4 1.05697e-09
9 2.96884e-05
6 5.71791e-08
17 3.05834e-05
4 6.24374e-07
180 0.000688071
116 1.435e-05
37 5.22224e-05
6 5.96118e-05
51 1.40202e-05
35 0.000390563
6 5.94405e-05
11 1.69871e-05
3 0.000296752
14 3.95869e-05
7 0.000178058
59 5.97129e-05
8 5.14326e-05
3 5.87206e-10
14 0.000454994
3 1.53652e-08
44 0.000740632
39 0.000224397
8 0.00022246
8 1.9771e-05
5 3.95577e-05
5 5.92876e-05
3 6.16281e-05
14 4.30033e-06
6 1.52685e-05
41 2.94277e-06
4 5.16874e-06
31 0.000229213
4 3.64068e-09
11 8.64248e-05
16 1.3846e-08
12 0.000119361
6 0.000296752
6 1.81491e-06
3 1.30192e-06
7 0.000118707
4 0.000118708
4 4.07997e-06
18 2.94861e-09
3 1.21556e-07
6 0.000296762
4 0.000178061
3 2.56738e-06
3 4.63034e-06
5 0.000178057
13 0.000652722
9 0.000188424
8 9.31281e-05
12 8.89896e-06
4 6.34518e-05
4 1.17441e-09
3 5.46846e-07
3 5.47218e-06
5 5.49207e-06
4 1.47904e-07
5 0.000237408
3 5.87206e-10
8 4.15354e-06
17 1.20879e-06
11 6.6934e-06
10 3.12373e-07
8 1.49404e-07
3 5.87206e-10
23 0.00130268
4 1.76162e-09
11 1.73508e-05
37 3.08237e-05
3 0.00011871
9 0.000120969
3 2.93603e-09
4 5.69041e-08
7 1.95404e-05
7 1.09297e-05
3 5.87206e-10
5 9.1017e-09
15 4.69765e-09
4 2.49597e-06
7 1.2323e-07
5 3.52324e-09
5 2.81216e-06
21 0.00106811
3 5.87206e-10
6 2.96824e-05
24 0.000303319
3 8.80809e-10
3 1.35614e-06
26 0.000318456
3 2.71651e-07
4 4.54281e-06
16 0.000669294
3 0.00011871
5 5.93525e-05
4 2.46153e-05
13 0.000181223
5 2.33559e-06
3 3.6915e-08
7 6.54634e-07
6 7.95586e-08
3 5.87206e-10
9 6.24898e-05
5 1.76162e-09
4 3.61329e-06
4 4.61192e-07
5 5.93566e-05
6 5.13553e-06
3 4.37631e-09
11 9.27295e-05
6 8.57182e-05
5 3.52324e-09
6 7.07186e-06
4 0.000118708
6 5.93525e-05
3 8.80809e-10
9 5.03854e-08
7 0.000148368
5 0.000178057
8 5.87206e-09
4 3.52324e-09
3 5.87206e-10
3 8.6516e-06
7 3.52324e-09
4 3.52324e-09
3 2.11394e-09
71 3.11364e-07
34 2.43522e-07
17 3.01826e-07
10 0.000154247
7 4.16093e-05
4 1.17441e-09
7 5.28486e-09
28 4.16716e-05
3 5.87206e-10
4 7.39536e-08
9 5.73873e-08
15 3.86124e-06
6 4.14635e-08
3 1.25106e-08
3 5.87206e-10
9 6.0676e-07
6 0.000237407
3 1.62935e-08
3 1.38292e-07
7 0.000118885
4 2.50654e-05
11 0.000258684
4 0.000178061
4 0.00011871
25 4.05169e-05
173 5.7224e-06
13 1.4742e-05
3 2.5166e-10
6 5.87206e-09
3 5.87206e-10
5 8.0967e-08
3 8.06425e-08
19 0.000949551
3 5.87206e-10
4 4.99842e-06
19 0.000178118
11 6.55809e-08
55 1.60391e-07
9 5.22643e-06
6 3.52324e-09
4 1.76162e-09
6 1.18459e-05
13 2.72112e-05
8 5.91064e-06
7 2.98942e-05
4 0.000178063
3 5.87206e-10
65 3.83148e-06
5 3.18905e-05
7 9.72501e-06
5 4.07694e-06
6 9.55334e-06
3 4.31207e-06
3 2.52723e-07
3 4.87663e-07
8 1.17189e-05
7 0.00014837
7 0.000356113
5 0.000237413
4 2.03885e-06
3 1.58167e-06
3 2.93816e-06
11 2.60821e-06
6 8.22089e-09
4 1.46446e-06
5 2.23643e-08
25 0.000535145
3 5.87206e-10
8 3.1618e-08
3 5.87206e-10
8 1.4093e-08
3 5.87206e-10
8 6.32974e-05
6 1.80092e-07
8 9.98251e-09
6 5.57846e-09
12 1.78119e-09
9 1.37977e-05
16 9.01614e-06
9 0.000178057
3 9.56265e-08
3 8.80809e-10
7 6.14025e-05
33 4.93032e-08
6 0.000237403
5 0.000118708
3 3.28836e-09
3 5.9356e-05
6 1.78056e-05
12 0.000534077
3 7.72402e-09
5 6.50978e-06
8 1.98065e-05
25 1.22419e-05
101 3.43443e-06
5 0.000178057
8 0.000356083
11 5.55479e-06
12 0.000416721
27 4.86697e-05
4 0.000118714
3 8.80809e-10
3 5.9356e-05
3 3.22267e-06
10 1.01695e-05
11 0.000534091
8 0.000237403
3 5.9356e-05
3 7.29946e-08
5 1.61827e-07
4 1.18778e-05
6 2.37558e-05
6 8.90062e-05
13 0.000474776
3 5.87206e-10
6 2.34883e-09
4 2.5166e-10
4 4.50891e-09
8 8.90172e-05
8 0.000237403
3 4.40405e-10
6 8.22089e-09
4 6.01181e-05
10 0.000534431
7 5.28486e-09
3 2.96771e-05
3 0.00011871
5 1.76162e-09
4 2.48864e-07
8 0.000296745
5 0.000158261
9 5.28486e-09
4 2.35118e-07
51 0.00278782
3 8.80809e-10
5 2.53589e-06
3 5.87206e-10
5 1.76162e-09
3 1.76162e-09
5 5.93454e-05
9 0.000267079
5 5.62902e-06
3 7.04648e-10
9 0.000362207
21 0.000164752
3 8.80809e-10
4 3.52324e-09
8 4.69765e-09
4 1.17441e-09
5 2.64243e-09
4 5.79296e-06
6 4.45119e-05
5 2.96806e-05
4 1.14505e-09
3 5.28486e-09
12 0.000237403
3 5.87206e-10
4 8.56517e-09
3 5.87206e-10
18 7.22601e-08
4 9.73238e-07
9 1.90842e-08
3 5.87206e-10
5 0.000237412
5 3.52324e-09
3 4.40405e-10
31 2.92864e-06
4 1.83175e-07
5 1.00999e-08
3 2.43555e-07
6 3.95516e-05
8 7.91757e-05
3 8.80809e-10
4 2.64243e-09
3 8.80809e-10
8 1.12852e-05
19 0.000337448
5 5.9356e-05
6 0.000118708
3 3.52324e-09
4 6.60607e-09
7 7.81093e-06
7 3.52324e-09
4 3.52324e-09
3 3.22963e-09
21 1.37993e-08
7 3.22963e-09
16 7.92729e-09
4 1.76162e-09
3 5.87206e-10
6 3.96364e-09
7 3.96047e-05
7 4.05172e-09
17 7.92173e-05
7 8.51449e-09
3 5.87206e-10
7 0.000118698
5 2.34883e-09
8 0.000296752
3 5.87206e-10
3 8.80809e-10
3 5.87206e-10
5 1.12239e-08
6 0.000237403
3 5.9356e-05
3 5.87206e-10
16 3.75689e-05
11 0.000534186
7 3.31243e-05
9 5.27837e-06
4 6.7698e-07
18 0.000235554
9 6.12919e-05
3 8.80809e-10
6 0.000181335
5 3.52324e-09
7 0.000178058
3 5.87206e-10
5 3.74568e-08
3 0.00011871
5 0.000178057
6 5.28486e-09
5 1.29677e-08
11 0.000103731
17 0.000179449
5 4.02332e-07
7 4.13613e-06
4 1.17441e-09
4 3.22963e-09
11 1.4093e-08
27 1.76162e-08
3 7.92729e-10
7 5.63718e-09
11 3.19734e-08
14 1.20377e-08
32 1.12744e-08
3 3.52324e-09
74 0.00178795
4 9.96491e-07
39 0.000241407
19 1.8336e-07
12 1.36247e-05
6 1.37535e-05
3 8.6395e-05
9 7.77746e-08
9 6.23447e-06
4 6.65002e-07
6 0.000178057
3 0.00011871
7 0.000178057
3 2.87731e-09
5 0.000178057
4 3.52324e-09
3 3.85665e-05
16 0.000305636
7 5.34358e-09
3 5.87206e-10
5 5.93566e-05
3 5.87206e-10
13 0.000237403
5 0.000118708
8 1.67354e-08
5 3.52324e-09
