1 97
1 96
1 95
1 95
1 93
1 94
1 92
2 91
1 90
2 89
2 88
1 86
1 86
1 84
3 84
1 82
3 81
2 80
4 79
5 77
6 76
7 75
8 76
9 76
10 77
11 78
12 79
13 80
14 80
15 81
2 79
1 80
1 78
1 78
1 74
16 74
3 73
17 73
18 73
19 73
20 73
4 73
2 72
5 72
6 72
2 71
1 70
1 65
4 65
21 65
3 64
2 63
1 61
3 59
5 59
2 59
1 58
2 58
1 58
2 57
3 57
2 57
7 56
2 55
2 55
21 54
3 52
2 52
2 52
4 52
16 51
2 51
2 50
2 50
2 48
22 46
1 45
3 45
5 45
3 45
3 45
6 43
3 43
22 44
4 44
3 43
2 43
23 42
8 41
6 41
1 40
2 41
1 40
6 39
4 39
5 39
3 39
4 38
24 38
4 37
2 38
2 37
7 36
5 35
6 36
3 36
1 36
4 35
3 34
5 34
2 34
4 33
8 33
4 33
4 33
1 34
2 33
22 33
7 32
7 31
9 31
7 31
7 30
3 30
3 31
1 30
22 30
4 29
10 29
1 30
17 29
1 28
7 28
3 28
4 27
9 27
1 27
17 27
2 28
3 27
3 27
3 28
2 28
6 26
5 26
1 27
3 26
3 26
11 25
23 25
4 26
1 24
8 25
4 24
25 25
2 24
2 24
3 23
1 23
2 23
6 24
3 23
8 22
2 22
2 22
8 22
2 22
1 21
3 21
3 21
5 21
4 21
3 20
23 20
6 20
5 20
3 20
2 20
3 20
8 21
22 21
3 20
2 20
18 21
3 20
4 19
1 19
19 19
12 19
4 19
2 19
4 18
2 18
2 18
1 18
4 18
1 19
2 19
4 19
3 19
23 19
4 18
4 17
8 17
1 18
5 17
3 18
3 17
5 18
7 17
2 18
1 17
4 17
25 18
5 16
3 16
3 16
24 17
2 16
7 16
3 17
3 16
3 16
7 15
5 16
23 16
4 15
4 15
3 15
23 15
3 14
5 15
3 14
2 15
1 15
23 15
6 13
2 13
3 14
4 13
2 14
23 13
4 14
3 13
26 14
4 14
9 13
5 13
13 12
1 13
1 13
2 12
3 13
1 13
1 12
6 13
26 12
5 11
9 10
10 11
4 11
25 12
8 11
5 11
5 12
7 11
4 11
24 12
19 12
4 12
18 11
1 11
4 10
5 11
2 11
2 11
4 10
4 11
4 10
3 10
4 11
6 11
5 10
5 11
3 11
5 10
3 10
3 11
4 10
1 10
24 9
1 9
3 9
2 9
2 9
3 10
9 10
5 10
4 10
1 9
8 9
3 10
1 8
6 8
1 9
1 8
4 8
1 9
1 8
5 9
2 9
3 9
1 9
2 8
1 8
3 9
5 8
6 7
3 7
4 8
6 7
1 8
3 8
1 7
5 8
3 8
1 8
1 7
10 8
2 8
2 8
1 8
7 7
4 8
2 8
2 7
1 7
5 7
4 7
1 7
5 6
8 7
1 7
1 6
2 7
5 7
1 7
11 7
2 7
4 6
1 7
6 6
4 6
5 6
4 5
1 6
9 6
3 5
2 5
8 6
2 5
1 5
3 6
1 6
8 6
4 5
7 5
4 6
1 5
1 5
9 6
5 6
1 5
5 5
1 6
18 6
5 6
2 5
1 6
2 5
4 5
23 5
1 5
4 4
6 5
23 5
2 5
1 5
3 4
5 5
6 5
2 5
4 5
1 5
1 5
4 5
1 5
3 5
1 4
2 5
2 5
6 4
1 5
1 4
1 3
3 3
1 4
3 4
3 3
6 4
5 4
4 4
3 4
1 4
4 4
1 4
7 4
18 4
3 4
4 4
1 4
6 3
10 4
5 3
11 3
1 4
3 3
1 4
1 4
11 4
1 3
1 3
8 3
1 4
5 4
1 4
5 3
1 3
1 2
1 3
1 3
5 3
1 3
3 2
1 2
1 3
5 3
1 3
5 3
2 2
1 3
1 2
1 3
1 3
1 3
3 3
1 3
3 3
2 2
1 3
3 3
3 3
2 3
4 3
1 3
2 3
1 3
5 2
2 3
3 3
4 2
1 2
2 1
1 2
1 2
1 2
1 2
1 1
1 1
23 2
1 2
1 2
1 2
1 1
1 2
1 2
2 2
1 2
2 2
4 2
5 2
1 1
1 1
1 2
1 2
1 1
6 1
2 2
1 2
1 2
1 1
1 2
1 2
11 2
1 1
1 1
4 2
1 1
1 1
1 2
1 1
1 2
1 1
1 2
1 1
2 1
1 1
1 1
1 1
1 1
2 1
6 1
2 1
1 1
1 1
0 0
1 1
1 1
1 1
0 0
0 0
4 1
1 1
1 1
1 1
1 1
1 1
1 1
1 1
1 1
1 1
1 1
3 1
1 1
1 1
1 1
2 1
1 1
4 1
1 1
1 1
1 1
1 1
1 1
0 0
1 1
1 1
1 1
1 1
1 1
1 1
1 1
1 1
1 1
3 1
5 1
1 1
1 1
1 1
1 1
9 1
1 1
1 1
1 1
0 0
1 1
1 1
1 1
1 1
1 1
0 0
0 0
10 1
1 1
1 1
9 1
2 1
0 0
0 0
0 0
2 1
1 1
1 1
0 0
0 0
0 0
0 0
1 1
1 1
0 0
0 0
0 0
0 0
1 1
1 1
1 1
4 1
1 1
0 0
3 1
1 1
2 1
4 1
