0 0
1 1
2 2
3 3
4 4
5 5
6 6
7 7
8 8
9 9
10 10
11 11
12 12
13 13
14 14
15 15
16 16
17 17
18 18
19 19
20 20
21 21
22 22
23 23
24 24
25 25
26 26
27 27
28 28
29 23
30 24
31 25
32 25
29 23
33 21
28 20
29 20
30 21
31 20
33 19
34 20
35 17
34 17
32 16
35 16
30 15
35 13
31 12
33 10
34 8
35 9
36 9
37 10
38 10
39 11
40 12
32 11
33 12
32 12
31 12
30 12
41 11
34 11
36 11
36 11
42 10
38 10
41 10
36 10
34 9
36 9
34 9
36 9
36 9
37 8
33 8
32 8
31 8
33 8
37 8
32 7
37 7
43 7
31 7
32 6
35 6
38 6
37 6
34 6
35 4
36 4
37 5
39 5
37 5
33 5
36 5
38 5
33 4
34 5
38 4
39 4
37 4
35 4
37 4
35 4
38 4
32 4
34 4
33 4
36 4
32 4
40 3
41 3
37 3
32 3
34 3
36 3
32 3
35 3
36 2
37 2
33 2
40 2
8 2
13 2
36 2
34 2
36 2
33 2
38 2
17 2
34 2
38 2
39 2
34 2
33 2
38 1
36 1
15 1
39 1
33 1
39 1
37 1
