3 1
0 1
0 1
0 1
0 1
0 1
4 1
0 1
1 1
11 1
1 1
1 1
17 1
0 1
2 1
1 1
0 1
0 1
7 1
0 1
1 1
0 1
14 1
2 1
0 1
0 1
0 1
1 1
0 1
1 1
0 1
0 1
1 1
28 1
5 1
0 1
2 1
5 1
9 1
0 1
1 1
4 1
0 1
5 1
0 1
2 1
0 1
1 1
3 1
3 1
13 1
0 1
0 1
0 1
0 1
1 1
1 1
1 1
1 1
0 1
1 1
9 1
0 1
0 1
7 1
13 1
1 1
0 1
0 1
4 1
1 1
0 1
9 1
2 1
0 1
14 1
0 1
0 1
14 1
0 1
0 1
0 1
0 1
2 1
2 1
1 1
4 1
0 1
0 1
0 1
2 1
2 1
0 1
0 1
5 1
0 1
0 1
3 1
0 1
2 1
3 1
0 1
9 1
0 1
3 1
1 1
10 1
5 1
0 1
1 1
2 1
1 1
0 1
1 1
0 1
3 1
0 1
0 1
7 1
0 1
1 1
4 1
0 1
1 1
8 1
0 1
2 1
0 1
15 1
2 1
0 1
4 1
19 1
1 1
0 1
20 1
0 1
0 1
0 1
1 1
0 1
0 1
0 1
4 1
1 1
9 1
0 1
16 1
1 1
0 1
0 1
0 1
0 1
9 1
8 1
0 1
2 1
5 1
1 1
0 1
1 1
8 1
3 1
19 1
0 1
0 1
0 1
1 1
0 1
1 1
6 1
0 1
0 1
1 1
14 1
5 1
5 1
3 1
2 1
1 1
0 1
0 1
0 1
2 1
0 1
10 1
0 1
5 1
0 1
0 1
4 1
1 1
0 1
1 1
0 1
0 1
0 1
2 1
2 1
33 1
1 1
159 1
9 1
9 1
11 1
9 1
0 1
0 1
0 1
5 1
0 1
0 1
0 1
0 1
0 1
1 1
0 1
2 1
1 1
0 1
6 1
2 1
0 1
0 1
9 1
0 1
0 1
4 1
22 1
2 1
0 1
7 1
0 1
0 1
2 1
5 1
5 1
0 1
0 1
4 1
1 1
1 1
0 1
0 1
3 1
1 1
1 1
0 1
2 1
7 1
11 1
1 1
3 1
2 1
80 1
6 1
1 1
0 1
0 1
0 1
0 1
10 1
15 1
6 1
0 1
0 1
3 1
1 1
0 1
0 1
3 1
0 1
0 1
4 1
7 1
5 1
6 1
0 1
0 1
4 1
2 1
27 1
0 1
0 1
10 1
4 1
1 1
2 1
0 1
0 1
0 1
0 1
1 1
0 1
0 1
8 1
0 1
2 1
0 1
4 1
0 1
1 1
0 1
11 1
1 1
0 1
0 1
1 1
0 1
8 1
0 1
1 1
1 1
1 1
3 1
0 1
6 1
7 1
1 1
0 1
0 1
0 1
0 1
4 1
5 1
8 1
9 1
1 1
3 1
1 1
2 1
5 1
19 1
0 1
13 1
0 1
3 1
0 1
4 1
3 1
0 1
68 1
4 1
4 1
28 1
0 1
0 1
5 1
0 1
0 1
0 1
0 1
0 1
1 1
1 1
0 1
4 1
1 1
0 1
0 1
0 1
0 1
0 1
0 1
0 1
23 1
0 1
0 1
0 1
0 1
0 1
5 1
3 1
2 1
0 1
3 1
4 1
5 1
2 1
1 1
0 1
18 1
2 1
0 1
4 1
0 1
0 1
1 1
1 1
0 1
4 1
2 1
2 1
0 1
18 1
0 1
16 1
1 1
4 1
0 1
13 1
0 1
5 1
0 1
0 1
0 1
2 1
0 1
0 1
1 1
0 1
0 1
1 1
2 1
0 1
1 1
0 1
2 1
0 1
0 1
0 1
2 1
0 1
4 1
2 1
0 1
6 1
6 1
0 1
0 1
0 1
7 1
0 1
0 1
0 1
0 1
9 1
1 1
4 1
3 1
0 1
0 1
3 1
7 1
0 1
13 1
3 1
1 1
1 1
4 1
17 1
6 1
7 1
1 1
0 1
2 1
0 1
0 1
0 1
0 1
0 1
0 1
0 1
3 1
0 1
0 1
0 1
0 1
0 1
0 1
0 1
7 1
29 1
0 1
6 1
1 1
0 1
4 1
0 1
2 1
2 1
0 1
0 1
0 1
1 1
2 1
0 1
4 1
0 1
0 1
2 1
0 1
0 1
0 1
2 1
0 1
0 1
5 1
0 1
0 1
4 1
0 1
2 1
4 1
1 1
2 1
2 1
0 1
11 1
2 1
0 1
25 1
0 1
0 1
0 1
0 1
0 1
0 1
15 1
0 1
2 1
0 1
0 1
0 1
0 1
0 1
0 1
4 1
0 1
2 1
1 1
0 1
13 1
3 1
1 1
0 1
0 1
0 1
1 1
0 1
0 1
0 1
0 1
4 1
2 1
0 1
21 1
1 1
0 1
6 1
0 1
7 1
1 1
8 1
0 1
0 1
0 1
2 1
0 1
0 1
37 1
0 1
0 1
37 1
0 1
0 1
0 1
11 1
0 1
0 1
1 1
0 1
0 1
1 1
0 1
0 1
7 1
0 1
1 1
4 1
0 1
3 1
104 1
2 1
1 1
0 1
3 1
1 1
3 1
1 1
6 1
0 1
0 1
0 1
2 1
0 1
2 1
2 1
0 1
2 1
3 1
4 1
8 1
7 1
2 1
0 1
0 1
4 1
0 1
2 1
7 1
0 1
0 1
19 1
2 1
1 1
2 1
0 1
10 1
4 1
0 1
0 1
0 1
0 1
0 1
1 1
0 1
0 1
2 1
0 1
0 1
2 1
0 1
1 1
0 1
0 1
0 1
0 1
0 1
0 1
0 1
0 1
0 1
2 1
1 1
6 1
1 1
0 1
0 1
0 1
0 1
0 1
3 1
0 1
0 1
0 1
12 1
0 1
6 1
1 1
1 1
1 1
1 1
0 1
0 1
1 1
0 1
8 1
0 1
1 1
0 1
0 1
2 1
1 1
18 1
0 1
1 1
1 1
4 1
0 1
0 1
0 1
0 1
1 1
0 1
3 1
0 1
1 1
0 1
0 1
0 1
1 1
1 1
0 1
37 1
2 1
0 1
0 1
0 1
0 1
4 1
0 1
5 1
0 1
0 1
0 1
0 1
0 1
0 1
4 1
12 1
0 1
0 1
0 1
4 1
0 1
0 1
0 1
0 1
1 1
0 1
4 1
0 1
2 1
2 1
0 1
0 1
1 1
0 1
4 1
4 1
11 1
0 1
0 1
0 1
1 1
1 1
0 1
5 1
1 1
0 1
0 1
0 1
0 1
0 1
2 1
0 1
0 1
0 1
0 1
0 1
0 1
4 1
6 1
1 1
0 1
0 1
45 1
3 1
1 1
3 1
1 1
0 1
2 1
0 1
0 1
2 1
4 1
0 1
0 1
1 1
2 1
0 1
1 1
0 1
0 1
3 1
1 1
1 1
0 1
0 1
0 1
0 1
13 1
2 1
0 1
0 1
1 1
7 1
5 1
3 1
0 1
13 1
1 1
2 1
3 1
21 1
22 1
0 1
0 1
0 1
0 1
0 1
0 1
0 1
0 1
1 1
0 1
1 1
0 1
6 1
0 1
0 1
0 1
0 1
3 1
0 1
0 1
3 1
2 1
0 1
0 1
6 1
1 1
0 1
0 1
2 1
4 1
1 1
4 1
4 1
0 1
0 1
2 1
1 1
3 1
1 1
0 1
4 1
3 1
0 1
2 1
0 1
0 1
16 1
1 1
0 1
0 1
0 1
1 1
0 1
9 1
5 1
0 1
0 1
0 1
0 1
0 1
0 1
1 1
1 1
4 1
1 1
4 1
2 1
0 1
1 1
0 1
5 1
0 1
0 1
8 1
19 1
0 1
0 1
0 1
0 1
0 1
0 1
0 1
1 1
0 1
0 1
2 1
26 1
1 1
0 1
5 1
0 1
0 1
0 1
7 1
6 1
1 1
0 1
3 1
0 1
0 1
0 1
0 1
3 1
2 1
3 1
2 1
2 1
12 1
1 1
9 1
0 1
0 1
5 1
0 1
0 1
2 1
1 1
11 1
0 1
0 1
0 1
6 1
16 1
0 1
0 1
0 1
4 1
1 1
0 1
0 1
0 1
0 1
18 1
0 1
0 1
19 1
0 1
1 1
0 1
0 1
25 1
0 1
5 1
0 1
2 1
0 1
0 1
0 1
0 1
7 1
14 1
10 1
0 1
0 1
0 1
0 1
3 1
3 1
0 1
0 1
0 1
0 1
0 1
0 1
0 1
0 1
7 1
0 1
1 1
0 1
2 1
0 1
1 1
0 1
1 1
0 1
0 1
0 1
0 1
0 1
3 1
0 1
1 1
0 1
10 1
0 1
0 1
3 1
1 1
0 1
0 1
2 1
0 1
4 1
0 1
0 1
2 1
9 1
3 1
0 1
0 1
0 1
