13 2
3 1
5 3
13 1
2 1
39 1
9 1
15 1
23 1
6 1
11 1
2 1
9 1
12 1
14 1
19 1
15 3
22 2
9 1
18 1
12 1
3 1
9 1
23 1
6 1
8 2
19 2
26 1
9 1
10 1
12 1
7 1
19 1
5 3
13 1
22 1
7 1
15 1
13 1
11 1
14 1
13 1
14 1
3 1
2 1
5 2
28 1
23 1
9 3
13 1
7 1
10 2
10 1
6 3
17 1
11 1
9 2
7 2
7 1
40 2
11 1
16 1
9 1
7 1
10 1
7 1
12 1
10 1
10 2
19 1
9 1
11 1
8 1
10 1
11 1
7 1
11 1
7 1
10 1
17 1
8 1
8 1
6 3
17 1
9 1
7 1
15 1
21 1
14 2
14 1
23 1
12 1
17 1
8 2
14 1
28 1
53 1
14 1
10 1
33 1
4 1
8 1
6 1
15 1
6 1
10 1
10 1
8 2
8 1
9 3
6 1
11 1
17 1
28 1
22 1
7 1
15 1
18 1
17 3
10 1
9 1
14 2
11 1
2 1
14 1
14 1
19 1
26 3
12 1
3 1
8 2
2 1
9 3
11 3
15 1
7 1
11 1
12 1
14 1
5 1
9 1
11 1
8 1
6 1
38 1
21 1
29 1
21 1
16 1
6 1
13 1
13 1
12 1
13 1
3 1
12 1
9 1
13 1
9 1
12 1
15 1
14 1
12 1
5 7
17 1
16 1
11 1
10 1
3 1
4 1
13 2
10 1
29 1
10 1
7 2
12 2
11 1
13 1
9 1
8 1
12 1
19 1
3 1
23 1
6 1
11 2
8 3
3 5
8 1
15 1
14 2
5 1
19 1
20 1
28 2
21 1
26 1
31 1
14 1
10 1
8 1
13 1
12 1
48 1
23 1
8 1
12 1
15 1
24 1
36 5
12 1
6 2
20 1
11 1
11 1
12 1
16 1
7 1
12 1
12 1
7 1
19 1
13 1
13 2
11 1
7 1
12 1
11 1
13 1
3 1
8 1
8 1
11 1
3 1
9 2
6 2
18 1
9 1
7 1
30 2
14 1
7 1
10 1
16 1
9 2
22 1
21 1
12 1
16 1
8 1
11 1
19 1
12 1
25 1
12 1
8 3
8 1
4 1
38 2
11 5
34 1
41 1
7 4
8 1
9 1
16 1
9 1
20 1
11 1
4 3
13 1
8 1
7 1
5 1
10 2
12 1
14 1
14 1
10 1
13 1
18 1
13 1
10 1
85 1
14 1
15 1
10 1
9 1
10 1
25 1
8 1
35 1
8 1
12 1
17 1
12 1
15 1
12 3
13 1
4 1
56 1
21 1
13 1
29 1
9 2
8 1
9 1
23 1
13 2
8 1
31 1
3 1
6 1
10 1
14 1
14 2
6 1
31 1
28 1
12 1
8 1
6 1
12 1
16 1
20 1
8 1
9 1
6 2
7 3
6 1
19 1
12 2
13 1
22 1
13 1
7 1
19 5
13 3
13 1
45 1
13 1
24 1
9 1
27 1
6 2
3 1
10 1
13 1
3 1
5 1
8 1
5 1
12 1
11 1
15 1
16 1
7 1
23 1
12 1
13 1
9 1
18 1
9 1
15 1
16 1
16 1
11 2
20 1
11 1
12 1
13 1
11 1
8 2
10 1
3 1
2 1
22 1
2 1
23 1
7 1
4 1
19 2
10 1
15 1
11 1
15 1
12 1
9 1
3 1
57 1
11 1
2 8
10 1
20 1
14 1
13 1
19 1
11 1
18 1
14 1
7 1
2 1
8 1
16 1
14 1
76 1
14 1
28 1
3 1
2 11
9 1
14 1
24 1
9 1
15 1
17 1
4 1
10 1
6 1
7 3
8 2
6 1
11 1
28 1
7 1
12 1
13 1
13 1
18 1
15 1
6 1
32 1
23 1
23 1
8 1
15 1
9 1
12 1
18 1
13 1
50 1
11 1
8 1
9 1
9 1
10 1
11 1
14 1
6 1
8 1
9 1
11 1
28 1
11 1
12 2
13 1
7 1
11 1
10 1
18 1
11 2
19 1
8 2
18 1
10 1
10 1
16 1
5 4
19 1
11 1
11 5
7 2
11 1
7 1
5 1
8 1
7 1
15 1
14 1
17 1
9 1
6 2
6 1
12 1
18 1
12 1
11 2
71 3
21 2
2 6
8 1
11 1
21 1
8 4
3 3
3 1
9 2
5 1
11 1
14 1
16 1
17 2
9 1
24 1
17 1
7 1
12 1
17 1
12 1
5 1
17 1
7 1
19 1
15 1
10 1
9 1
22 1
26 1
16 4
9 3
12 1
16 2
17 1
6 2
25 2
9 1
11 1
13 1
3 1
6 1
14 2
6 4
12 1
12 2
15 1
9 1
3 1
12 1
16 1
16 1
13 1
9 1
9 1
23 2
7 1
7 1
15 1
25 1
31 1
20 1
35 1
11 1
20 1
39 1
17 1
7 1
12 1
11 1
10 3
20 1
6 1
14 2
6 1
8 7
11 1
4 1
7 1
17 1
2 1
12 1
5 1
9 1
22 1
12 1
22 1
23 2
25 1
15 1
47 2
13 1
13 1
7 2
8 2
8 1
8 1
8 1
25 1
16 2
23 1
9 2
9 1
14 2
7 1
8 1
13 1
27 1
11 1
11 1
26 1
10 1
22 1
10 1
22 1
8 1
12 1
13 1
5 1
19 1
11 1
14 1
7 1
11 1
9 1
12 1
23 1
10 2
15 2
29 1
27 1
10 1
6 1
9 1
8 1
10 1
20 1
16 1
33 1
9 1
6 3
6 3
29 1
2 1
35 1
6 2
9 1
14 1
8 1
24 2
8 1
8 6
9 1
13 1
15 1
8 1
7 2
9 2
8 1
2 1
6 1
10 1
31 1
8 1
10 1
10 1
29 1
24 1
13 1
12 1
9 1
11 1
20 1
20 1
30 1
8 1
38 2
10 2
12 1
13 1
18 1
12 2
10 1
11 1
17 1
11 1
12 1
11 1
12 1
12 1
8 1
8 1
6 5
20 2
13 1
12 1
14 1
13 1
14 1
9 3
14 1
30 1
9 1
8 1
9 1
12 1
17 1
13 1
10 1
7 1
8 1
6 3
4 4
12 1
10 2
9 2
8 1
18 1
2 1
28 1
19 1
18 1
9 2
8 2
18 1
17 1
16 1
13 1
10 1
9 1
2 1
19 1
18 1
10 1
10 1
15 1
7 2
21 1
13 1
33 1
9 1
9 1
14 1
11 1
22 4
15 1
2 1
12 1
21 1
9 1
20 1
36 2
12 1
20 1
7 1
12 1
5 6
12 1
21 1
6 1
44 1
12 1
6 2
8 1
11 2
50 1
7 1
9 1
8 1
7 1
8 1
20 1
11 1
21 1
6 1
7 1
6 1
5 1
27 1
16 2
57 1
9 3
10 1
19 1
21 1
11 1
3 1
17 1
11 1
7 7
2 1
8 2
8 1
8 1
16 1
8 2
11 1
5 3
14 1
36 1
12 2
5 1
14 1
13 1
9 1
10 1
18 1
10 1
19 1
11 2
8 1
26 1
10 1
14 1
11 1
14 1
14 1
35 1
9 1
11 1
23 1
15 1
8 1
12 1
25 1
23 1
11 1
11 1
8 1
10 2
13 1
19 1
10 1
8 1
19 1
10 1
22 2
12 1
9 1
24 1
5 2
10 1
10 1
18 1
12 1
7 1
11 1
13 1
5 4
9 1
9 1
13 1
10 2
21 1
19 3
12 1
22 1
14 1
14 1
16 1
4 1
8 1
8 1
14 1
26 1
19 1
18 1
9 2
13 1
73 1
12 1
4 1
8 1
14 1
15 2
8 1
2 1
10 1
5 3
17 1
11 1
7 2
16 1
7 1
9 1
2 2
4 1
20 2
10 2
13 1
9 3
20 3
12 1
14 1
11 1
6 1
11 1
10 1
17 1
18 1
13 1
23 1
25 1
16 1
12 1
7 1
4 1
5 2
7 1
16 1
12 1
15 1
20 1
25 1
12 1
17 1
13 2
11 1
8 1
11 1
18 1
14 1
6 5
23 2
24 1
19 1
51 3
9 2
19 1
12 1
16 1
9 1
13 1
8 1
15 1
8 1
13 1
4 1
8 1
10 1
4 1
12 1
8 1
9 1
2 1
10 1
15 1
10 1
9 1
7 2
6 3
12 1
18 2
16 1
7 3
13 1
26 1
11 1
9 1
19 1
84 1
33 1
22 1
36 1
6 4
16 1
9 1
8 1
14 1
9 6
10 1
11 1
14 2
13 2
3 1
12 1
9 2
10 1
9 2
14 1
19 1
12 1
16 1
15 1
25 1
3 1
14 1
13 1
6 1
13 1
6 1
31 1
17 1
8 1
7 2
2 1
13 1
7 1
12 1
2 1
13 1
13 1
14 1
8 1
12 1
14 1
36 1
22 2
11 1
12 2
14 1
9 1
