15 1
11 1
9 1
10 1
3 2
11 1
7 5
10 1
42 1
6 1
15 1
12 1
10 1
27 1
5 1
11 1
10 1
8 1
9 1
19 1
12 2
16 1
13 1
14 1
6 1
12 1
19 1
19 1
14 1
9 1
15 1
5 2
13 1
6 3
26 2
15 1
15 1
10 1
17 1
12 1
14 1
8 3
9 1
14 1
9 1
4 1
7 4
21 1
6 1
17 1
8 1
5 1
12 1
8 2
12 1
9 1
8 1
10 1
17 1
15 1
2 2
3 1
10 1
6 4
18 1
7 1
10 1
14 1
10 1
10 1
20 2
10 2
12 1
9 1
10 1
16 1
9 3
9 2
9 1
14 1
5 3
10 1
10 1
13 1
8 1
10 1
12 1
8 2
18 1
8 1
7 2
16 1
18 2
12 1
27 1
26 2
12 1
12 1
9 1
11 1
11 2
13 1
9 1
8 1
6 2
9 1
8 1
27 1
11 1
9 1
8 1
8 4
10 1
10 1
14 1
15 1
3 1
11 1
10 1
4 1
22 2
16 1
12 3
16 1
9 3
19 1
9 1
13 1
5 6
23 1
7 1
11 1
7 2
11 1
16 2
7 1
19 1
5 3
10 1
19 1
27 3
11 1
10 1
21 3
17 1
9 1
9 1
4 1
17 1
10 1
6 2
6 1
9 1
24 2
12 1
2 1
10 1
13 1
7 1
11 1
12 1
8 1
22 1
8 2
15 1
2 1
12 1
10 1
5 3
11 1
8 2
15 1
8 3
13 1
18 1
13 1
19 1
16 1
13 1
22 1
16 1
75 1
13 2
8 1
16 2
15 1
15 1
9 1
15 1
24 1
9 2
15 1
24 1
11 1
12 1
9 1
12 2
31 1
15 2
15 1
6 2
16 1
10 1
18 1
14 2
12 1
11 1
15 1
9 2
22 1
8 3
44 1
9 1
9 1
16 2
8 1
5 1
8 1
11 2
8 1
9 1
6 1
15 1
13 2
23 1
8 1
3 1
11 1
10 1
19 1
9 1
10 1
9 1
26 1
8 1
31 1
10 4
19 1
10 1
10 1
8 1
8 1
3 4
9 1
4 4
5 2
12 1
4 1
21 1
8 1
23 1
13 1
8 1
10 1
12 1
10 1
10 1
11 1
11 1
12 1
12 1
12 1
8 1
12 1
37 1
15 1
7 1
6 2
20 2
5 2
3 1
52 1
9 1
12 1
14 1
13 2
11 1
20 1
11 1
9 1
18 1
15 1
23 1
10 1
7 2
5 4
14 1
13 1
10 1
8 1
9 1
5 1
17 1
11 1
4 2
9 1
13 1
2 5
18 1
11 1
15 2
6 1
16 1
17 1
12 1
31 1
3 1
8 1
8 1
9 1
8 1
11 1
2 1
21 1
2 1
11 1
10 1
9 1
5 4
10 1
12 1
12 1
7 2
9 1
6 1
4 1
13 1
7 1
15 1
7 1
15 2
21 1
11 1
19 1
13 2
17 1
14 1
23 1
8 1
11 1
11 1
11 1
15 1
9 2
4 1
23 2
19 1
7 1
14 1
17 1
15 1
12 1
5 2
10 1
20 1
10 1
18 1
18 1
16 1
19 1
16 1
19 1
22 1
8 1
16 1
6 1
12 1
17 1
17 1
9 1
16 1
8 1
12 1
12 1
8 1
17 1
10 1
5 1
7 1
35 1
10 1
27 3
14 6
9 1
13 1
6 3
16 2
6 1
3 1
7 2
22 2
9 1
3 1
34 3
4 4
7 2
18 1
14 1
11 1
9 1
6 3
9 3
11 2
20 1
10 1
16 1
20 1
3 1
12 2
13 1
9 2
14 1
9 1
14 1
13 2
22 1
23 1
4 1
6 3
13 1
22 1
7 1
22 2
11 1
18 1
16 1
23 1
5 1
12 1
15 1
6 1
21 1
10 3
10 1
13 1
19 1
13 2
7 1
7 1
49 1
18 1
12 1
11 1
22 1
9 1
13 2
16 2
7 1
3 1
5 3
6 1
17 1
4 1
13 1
4 1
13 1
28 1
7 1
13 1
11 1
21 1
10 1
15 1
16 1
15 1
10 1
31 1
23 1
11 1
27 1
19 1
9 2
21 2
15 1
22 1
17 2
18 1
7 3
16 1
8 1
8 2
14 1
15 1
16 1
28 1
18 1
2 1
8 1
22 1
11 1
13 1
12 1
7 1
11 1
9 1
19 1
14 1
14 1
17 1
11 1
13 1
18 1
33 2
16 1
16 1
10 2
16 1
10 1
26 3
24 1
6 4
13 1
15 1
6 1
36 1
17 1
19 1
2 1
79 1
9 1
5 1
15 1
5 1
12 1
20 1
4 1
14 1
8 3
7 1
10 1
9 2
9 1
19 1
50 1
12 1
12 1
11 1
6 1
6 1
11 2
7 1
18 1
11 1
5 2
11 1
13 2
14 1
29 1
13 1
9 1
6 1
16 1
19 1
14 1
13 1
11 1
15 1
2 1
12 1
12 1
30 1
13 1
6 1
8 1
16 2
9 1
4 1
3 1
5 1
13 1
14 1
11 1
4 1
2 1
12 1
12 1
13 1
9 1
9 1
12 1
8 1
12 1
24 1
11 1
16 1
9 1
32 1
12 1
11 1
19 1
6 1
5 1
9 1
13 1
8 1
9 2
10 2
8 1
11 1
40 1
10 1
10 1
11 1
20 1
53 1
16 1
10 1
11 1
16 1
15 1
8 1
9 1
12 1
11 1
3 8
28 1
16 1
19 1
12 1
8 1
5 2
23 1
20 2
9 1
13 1
15 1
14 1
20 1
6 1
5 1
2 1
8 2
31 1
13 1
7 1
13 1
17 1
5 1
8 1
15 1
8 1
17 1
16 1
12 1
15 1
9 1
2 1
13 1
32 1
6 1
33 1
23 1
9 1
18 1
9 1
10 3
2 1
16 1
13 1
10 1
5 1
23 1
12 1
27 1
9 1
9 1
9 1
7 1
10 2
2 1
12 1
5 2
14 1
16 1
17 1
8 2
9 1
10 1
2 2
11 1
17 1
12 1
23 2
14 1
10 1
18 1
7 1
4 1
31 2
11 1
11 1
32 1
9 1
16 1
19 1
12 1
12 2
5 2
16 1
10 2
14 1
10 1
31 1
16 1
27 1
48 2
10 1
16 1
5 2
26 1
7 1
28 1
12 3
9 1
7 1
36 1
17 1
8 2
10 1
17 8
8 1
14 2
13 1
11 1
29 1
13 1
14 1
20 4
6 1
7 1
9 1
14 1
7 3
8 1
14 1
8 1
6 1
7 8
9 1
5 1
27 1
15 1
7 4
2 1
27 1
21 1
12 1
51 1
11 1
17 1
11 2
8 1
9 1
8 1
19 1
13 1
13 1
6 2
4 1
11 1
12 1
16 2
6 1
17 1
4 1
27 1
3 1
17 1
6 1
8 3
10 1
5 3
19 1
12 1
13 1
24 2
6 1
9 1
17 1
9 1
15 1
13 1
15 1
10 4
12 1
8 2
6 1
14 1
7 1
13 1
11 1
7 1
18 1
21 1
9 1
13 1
19 2
12 1
3 1
24 1
10 4
9 1
11 1
18 1
26 1
8 1
14 1
7 1
12 1
21 1
17 2
10 1
21 1
9 1
15 1
13 1
9 1
9 1
6 1
11 1
33 1
19 1
12 1
17 1
8 1
9 1
10 1
11 2
11 1
8 1
8 3
13 1
9 1
9 1
8 1
9 1
12 1
4 1
7 2
10 1
20 1
11 1
2 2
4 1
29 1
21 1
14 1
16 1
9 2
11 1
13 1
10 1
10 1
7 1
12 1
4 1
35 1
9 1
30 2
9 1
18 1
75 1
12 1
15 2
8 1
2 1
10 1
8 1
20 1
12 1
9 1
16 1
20 1
8 2
10 1
10 1
3 8
8 1
11 1
8 1
8 1
11 1
7 2
4 3
10 1
13 1
7 1
17 2
14 1
18 2
8 6
16 1
8 1
6 1
3 1
13 1
16 1
10 1
8 2
24 1
7 1
11 1
16 1
9 1
7 1
23 1
8 1
22 1
11 1
17 2
12 1
20 3
20 1
9 1
8 1
2 1
12 1
6 2
11 1
2 1
8 1
7 1
14 1
29 1
27 1
2 1
11 1
6 2
32 1
8 2
9 1
16 1
11 1
10 1
18 1
15 3
6 1
21 1
16 1
14 1
24 1
8 1
12 1
10 3
16 1
22 1
5 1
8 2
9 1
18 1
10 2
4 1
7 2
4 1
6 1
23 1
10 1
12 1
4 3
12 1
23 1
27 1
13 1
13 1
17 1
4 6
16 1
8 4
16 1
19 1
10 1
21 1
13 1
9 1
7 1
9 1
11 1
15 1
8 1
22 2
9 1
29 1
11 1
8 1
13 1
7 1
10 1
11 1
9 1
8 1
9 1
7 1
8 1
17 2
10 1
16 1
16 1
13 1
21 1
7 2
13 1
12 2
7 1
13 1
10 1
13 1
3 2
6 1
14 1
11 1
5 1
36 1
5 1
20 1
12 1
12 1
11 1
5 1
17 1
5 1
7 1
10 1
12 1
6 1
6 1
23 1
11 1
8 2
13 1
8 1
11 1
7 1
7 1
28 2
24 1
9 1
11 1
16 1
18 1
11 1
4 5
14 2
18 1
13 1
11 1
4 1
8 1
15 1
5 1
2 1
10 1
34 1
2 1
10 1
12 1
11 1
7 3
4 1
14 1
28 1
12 1
8 1
16 1
8 2
9 1
12 1
6 1
9 1
11 1
8 1
20 1
18 1
4 1
14 1
14 1
13 1
11 1
22 1
18 1
6 1
12 1
7 2
18 1
11 1
14 1
11 2
16 1
19 1
50 1
9 1
12 1
16 1
8 1
15 1
20 1
75 1
8 1
7 1
9 1
9 1
2 1
6 1
22 1
7 2
7 1
10 1
8 2
6 3
10 1
14 1
11 1
24 1
11 1
17 1
9 1
8 1
20 1
6 2
17 3
16 2
10 1
7 1
9 1
21 1
10 1
9 1
8 1
12 2
10 2
6 1
12 1
5 1
41 1
11 1
12 1
24 1
13 1
10 1
13 1
13 1
16 1
14 1
10 1
7 2
24 1
11 1
20 1
22 1
9 1
25 2
14 1
7 3
11 1
8 1
7 1
13 1
10 1
13 1
6 1
19 1
11 1
14 2
7 1
12 1
15 1
6 1
16 1
9 1
9 1
6 1
14 1
7 1
8 1
11 1
11 1
18 2
11 1
11 1
7 1
5 1
14 3
12 2
12 2
11 1
5 1
4 1
12 1
15 1
13 1
10 1
23 1
10 1
16 1
12 2
10 1
6 1
20 2
5 1
18 1
12 1
32 1
9 1
4 1
15 1
7 2
7 1
7 1
11 1
17 1
7 1
17 1
9 1
11 1
19 1
4 2
12 1
8 2
10 2
2 1
20 1
20 1
2 1
13 1
10 1
26 1
8 2
10 1
12 1
2 1
66 1
17 1
14 1
52 1
9 2
18 1
16 1
17 1
28 1
17 2
11 1
7 1
3 1
13 1
10 1
8 2
9 2
11 1
2 1
8 1
9 1
3 1
33 5
11 1
16 1
10 1
10 2
19 1
4 1
19 1
4 5
18 1
4 3
19 1
26 1
9 1
12 1
7 1
13 1
12 1
7 1
33 1
51 5
3 1
12 1
10 1
8 1
11 1
8 1
16 1
6 1
10 1
7 3
16 1
5 1
5 2
17 1
12 1
8 1
8 1
8 1
12 1
9 1
9 1
8 1
26 1
7 1
10 1
6 3
12 1
4 2
16 1
6 1
12 1
39 1
11 2
8 1
7 1
23 1
14 1
8 1
9 1
12 1
2 1
8 1
4 2
13 1
8 1
9 1
3 1
6 1
9 3
10 1
20 1
6 3
22 1
12 1
21 1
11 1
10 1
24 4
11 1
14 1
15 1
10 1
6 1
16 1
78 1
27 1
13 1
10 1
23 1
10 2
8 1
9 1
17 1
15 1
15 1
3 1
17 1
12 2
2 1
24 2
14 1
9 1
12 1
21 1
34 2
5 2
13 1
8 1
9 1
12 2
9 1
19 1
10 1
13 1
14 1
17 1
11 1
13 1
12 1
6 6
7 2
20 1
21 1
6 1
9 1
8 1
18 1
4 1
29 1
37 1
11 1
16 2
10 1
12 2
18 1
6 1
16 1
21 2
11 1
35 1
10 1
13 1
15 1
16 2
15 1
12 4
2 4
8 1
5 1
10 1
27 1
9 1
29 1
10 3
17 1
4 4
14 1
8 1
9 1
21 1
7 1
7 2
22 1
5 1
11 1
6 1
4 4
8 1
7 1
11 1
14 1
6 1
8 1
10 1
13 1
20 1
20 1
4 6
7 1
8 1
7 1
10 1
18 1
9 1
14 1
17 1
5 1
18 1
2 1
27 1
35 1
50 1
3 9
7 1
7 1
19 1
5 4
11 1
10 1
2 2
9 4
9 1
2 1
9 1
18 1
7 1
8 1
9 1
2 1
24 1
16 1
18 1
17 1
16 1
5 2
7 1
24 1
12 1
9 1
15 1
14 1
9 1
10 1
7 1
9 4
10 1
6 1
2 1
11 1
11 1
2 1
28 1
9 2
9 1
10 1
41 1
10 1
8 2
12 1
2 1
3 1
8 1
8 2
21 1
7 1
19 2
5 1
7 1
8 1
8 3
8 2
12 1
9 1
10 1
8 1
12 1
23 1
18 2
11 1
26 1
9 1
4 1
10 2
13 1
4 2
5 3
18 1
14 1
7 1
11 1
10 1
5 1
10 1
14 1
13 1
9 1
36 1
17 1
25 1
14 1
7 1
10 2
3 1
7 1
14 2
18 1
11 1
22 1
52 1
10 1
6 1
11 1
14 1
8 1
2 1
15 1
13 1
6 2
11 1
7 1
21 1
9 2
11 1
14 1
2 1
12 1
14 1
6 1
19 1
5 3
13 1
8 5
15 1
7 1
7 1
12 2
10 1
7 1
15 1
10 1
10 4
12 1
13 1
28 1
8 1
14 3
8 1
10 1
8 1
19 1
15 1
24 1
17 2
26 1
24 1
19 1
7 2
5 1
11 1
11 1
10 1
18 2
18 1
9 1
4 4
10 1
14 1
11 1
16 1
5 2
19 1
15 1
11 1
12 1
7 2
8 1
9 2
11 1
16 1
21 1
11 1
17 1
10 1
17 1
4 2
14 1
21 1
4 1
8 1
6 1
12 1
8 1
11 1
18 1
24 1
8 1
6 1
6 1
10 1
8 2
17 1
10 1
5 1
2 1
6 1
10 1
11 1
2 1
8 1
7 1
18 1
9 1
15 1
7 1
9 1
9 1
10 1
21 1
9 1
10 1
17 1
3 1
14 1
18 2
5 1
9 1
8 1
2 1
17 1
15 1
19 1
7 1
15 1
18 1
14 1
11 1
9 1
9 1
8 1
17 1
18 1
14 2
9 1
11 1
11 1
13 1
25 1
2 1
10 1
10 1
3 2
2 2
7 2
6 1
18 1
11 1
12 2
8 2
7 1
17 1
9 2
11 1
10 1
23 1
10 2
16 1
9 1
11 2
7 1
4 1
16 1
10 1
12 1
5 1
9 1
5 3
7 1
27 1
14 1
18 1
9 4
17 1
15 1
7 2
9 1
12 1
9 1
7 1
17 1
18 1
7 1
15 1
14 1
11 1
14 1
29 1
20 1
2 8
7 2
21 1
11 1
3 1
5 4
6 1
19 1
9 1
24 1
8 1
7 3
6 4
10 1
19 1
10 2
6 9
12 1
11 1
11 2
4 1
15 1
21 1
9 1
15 1
10 1
10 1
5 1
13 1
15 1
28 3
9 1
9 2
24 1
8 2
21 2
4 4
14 2
9 1
12 1
8 1
2 1
3 1
8 1
31 1
8 1
17 1
9 1
3 7
23 1
7 3
6 1
26 1
14 1
9 3
27 1
21 2
19 1
11 1
2 2
29 1
9 1
10 1
16 1
5 1
51 1
23 1
30 1
4 1
5 1
10 1
5 1
12 1
9 1
19 1
7 2
12 1
12 1
21 1
5 4
20 2
16 1
12 1
3 1
28 1
11 1
10 1
14 1
16 1
4 5
10 5
23 1
17 1
32 1
42 2
12 2
5 1
13 1
21 1
16 2
12 1
13 1
13 1
8 1
26 2
15 1
8 1
6 1
25 4
12 1
38 1
4 3
22 1
8 1
9 1
14 1
26 2
19 3
26 1
8 3
7 5
10 1
17 1
9 1
13 4
9 1
10 1
7 1
9 1
30 2
9 1
8 1
22 1
23 1
16 1
8 5
8 1
11 1
9 1
8 1
11 1
14 1
8 5
7 1
17 2
8 1
12 1
2 1
5 1
11 2
3 1
6 1
12 1
8 1
14 1
8 2
11 2
12 1
27 2
16 1
41 1
4 6
17 1
14 1
7 1
31 2
8 1
13 1
24 1
10 1
8 1
23 2
7 1
10 1
11 2
10 1
17 1
8 2
19 1
24 2
10 1
13 1
13 1
22 1
15 1
7 1
10 1
9 2
13 1
10 1
9 1
20 2
6 1
17 1
2 1
7 3
12 1
15 1
22 1
14 1
7 1
4 1
22 1
2 1
16 1
8 1
6 2
22 1
7 5
8 1
70 2
15 1
9 1
7 2
13 2
7 1
24 1
9 1
11 1
13 1
8 1
2 1
12 1
13 1
19 1
15 1
6 2
8 1
13 1
15 1
14 1
15 1
8 1
11 1
11 1
21 1
61 1
12 1
6 3
20 1
9 1
20 1
19 1
14 1
7 1
8 1
4 1
12 1
13 1
13 1
12 1
20 1
9 1
2 1
14 1
14 1
12 1
12 2
8 1
14 1
7 3
9 1
14 1
8 4
13 1
22 1
12 1
10 1
15 1
5 4
13 1
16 2
21 1
7 7
9 1
15 1
22 1
11 1
12 1
7 1
5 1
15 1
7 4
25 1
14 2
9 1
8 2
12 1
4 4
22 2
32 1
10 1
5 3
12 1
14 1
12 1
10 5
24 1
9 1
27 1
19 1
25 2
8 3
10 1
16 1
15 1
10 1
7 3
15 1
9 1
16 1
16 1
9 1
12 1
5 6
9 1
2 1
5 1
7 3
11 1
5 1
13 3
12 1
21 1
8 1
23 1
6 3
11 1
9 1
27 1
33 1
13 1
7 1
13 1
20 1
13 1
18 1
6 3
4 1
10 4
13 2
16 1
13 1
7 2
7 1
10 1
12 1
10 1
12 1
15 1
3 1
6 1
6 1
5 1
9 1
10 1
18 1
24 1
4 1
24 1
13 2
21 2
2 13
7 1
11 1
15 1
17 1
11 2
11 1
11 1
22 1
73 1
10 1
9 1
17 2
21 1
12 2
19 1
16 1
20 1
24 1
8 1
16 1
16 1
7 2
34 1
8 1
25 1
12 1
9 2
16 1
9 1
2 1
17 1
28 1
15 1
9 1
12 1
19 1
4 1
8 1
8 1
7 1
15 1
11 1
12 2
21 1
8 1
9 1
14 1
8 1
10 1
9 2
14 1
10 1
7 1
9 1
24 1
18 1
20 1
2 7
3 1
23 1
22 1
9 1
19 1
7 3
2 1
12 1
12 1
14 1
14 1
11 1
8 1
16 4
2 2
2 1
18 1
12 1
18 1
16 1
6 2
14 1
6 1
9 1
7 1
89 1
13 1
8 1
12 1
17 2
11 1
16 1
5 1
9 1
11 1
33 3
20 1
27 1
11 1
13 1
10 1
9 1
10 1
9 1
12 1
22 1
16 1
12 2
8 1
11 1
10 1
8 1
10 1
45 1
17 1
24 1
12 1
4 4
23 6
15 1
2 1
4 3
8 2
7 1
18 1
11 1
7 1
12 2
14 1
9 1
15 1
16 1
11 1
13 1
10 1
18 1
7 1
8 1
10 1
11 1
25 1
21 1
7 1
11 2
16 1
28 1
5 1
8 1
5 1
25 1
23 1
3 1
14 1
9 1
10 1
9 1
8 2
18 1
6 2
2 2
8 1
8 1
20 1
11 1
61 1
11 1
15 2
11 1
14 1
3 1
14 1
13 1
69 1
15 1
11 4
17 1
12 1
8 1
8 4
11 1
12 2
11 1
12 1
13 1
10 1
10 2
7 1
14 1
14 1
16 1
9 2
23 2
18 1
10 1
8 1
10 2
15 1
16 1
17 3
9 1
58 1
9 1
13 3
13 1
6 1
49 1
11 1
6 1
8 1
4 1
7 2
9 1
6 1
24 1
14 1
19 6
13 1
16 1
20 2
8 1
5 1
11 1
12 1
25 1
16 1
10 1
10 1
11 2
18 2
17 1
14 1
17 1
15 1
2 1
15 1
19 1
7 7
14 1
9 1
11 1
10 3
13 1
21 1
15 1
13 4
25 1
17 1
13 1
21 1
26 1
12 1
27 1
12 1
5 1
20 1
3 1
13 1
54 1
16 1
8 1
11 1
21 1
11 2
17 1
4 3
9 2
18 1
23 1
9 1
10 1
51 3
16 2
14 1
11 2
9 1
44 1
17 1
21 3
10 1
17 1
9 3
11 1
12 1
9 1
9 1
28 1
29 1
12 1
19 1
17 1
18 1
13 1
23 1
12 1
4 2
13 1
11 1
12 1
12 1
14 1
8 1
33 1
5 4
11 1
8 1
10 1
20 1
9 4
7 1
49 1
20 1
8 1
14 1
8 1
10 1
3 1
9 1
10 1
9 1
13 1
13 1
10 2
6 1
12 2
9 2
8 1
33 1
9 2
14 1
6 1
8 2
16 1
7 1
24 1
5 2
10 4
11 1
10 1
18 1
8 1
18 1
4 1
17 1
3 2
3 1
8 1
6 1
3 1
10 1
7 1
4 1
8 1
10 1
10 1
10 1
9 1
15 1
11 1
17 1
9 1
8 1
17 1
26 1
8 1
12 1
7 2
10 4
10 1
7 3
6 1
12 1
22 1
15 2
12 1
9 1
7 1
22 1
6 1
8 1
7 1
12 3
10 1
7 2
4 1
18 1
7 1
23 1
3 1
7 1
14 1
13 1
24 2
11 1
9 1
77 1
9 1
3 1
13 1
14 1
9 1
10 1
18 1
5 3
6 1
12 1
7 1
14 1
14 1
19 1
10 1
6 1
16 1
14 1
22 1
7 1
11 1
9 1
9 1
6 1
18 2
8 2
6 1
12 1
23 1
9 1
24 3
8 1
19 1
25 1
10 1
10 1
13 1
4 1
8 1
9 1
9 1
11 1
71 1
8 1
18 1
16 1
9 2
7 1
22 1
11 1
8 2
3 1
11 2
18 1
17 1
10 1
19 1
10 1
9 1
16 1
11 1
6 3
16 2
8 4
2 1
24 2
9 1
9 1
2 1
16 1
25 1
2 1
9 1
11 1
11 1
17 1
16 1
3 4
4 6
17 1
14 1
8 1
16 2
14 1
6 1
28 2
15 1
12 1
10 1
11 1
10 1
20 1
9 1
17 1
11 1
6 1
14 1
6 1
13 1
11 1
15 1
23 1
10 1
18 1
9 1
35 1
12 1
9 1
17 1
11 1
9 1
23 2
11 1
16 1
13 1
2 5
14 1
9 2
9 1
8 1
18 1
9 1
17 2
12 1
15 1
21 1
22 1
8 1
13 1
19 1
9 1
3 1
23 1
30 1
15 3
18 1
9 1
27 1
9 1
10 1
2 1
13 1
8 2
15 1
8 1
7 1
12 1
6 1
11 2
16 1
19 1
6 1
30 1
17 1
11 2
14 1
17 2
4 2
22 1
7 1
4 2
15 1
5 1
24 1
13 1
4 9
14 1
17 1
13 1
42 2
4 1
7 4
28 1
15 1
16 1
10 1
19 1
7 1
11 1
14 1
8 4
8 1
7 1
28 2
4 1
3 2
9 1
10 1
12 1
13 1
15 1
14 2
16 2
19 1
14 1
14 1
8 2
8 1
6 1
16 1
13 1
10 1
20 1
11 1
9 1
6 2
10 1
18 1
9 1
17 1
11 1
10 1
5 2
4 1
11 1
18 1
8 1
2 1
7 1
12 1
7 1
12 3
8 1
10 1
12 1
15 1
11 1
21 1
10 1
2 1
18 1
4 1
9 1
2 1
12 1
13 1
7 3
10 1
12 1
8 1
3 1
20 1
11 1
9 1
9 1
14 1
11 1
14 1
9 1
23 1
2 1
11 1
26 1
25 1
11 1
21 1
10 1
11 1
9 1
17 1
15 1
7 1
6 2
9 1
4 1
28 1
10 1
11 1
7 1
15 1
34 2
17 3
12 1
21 1
7 2
26 1
21 1
19 1
26 1
10 1
7 1
7 1
15 1
18 1
22 1
13 1
11 1
12 1
7 2
5 3
11 1
10 1
18 1
8 1
18 1
6 2
84 1
11 1
21 1
10 1
5 1
51 1
43 1
20 1
9 1
9 1
14 1
14 1
12 1
9 1
21 1
14 1
27 1
17 1
12 1
10 1
10 1
6 3
6 2
6 6
7 1
14 1
12 1
17 1
10 1
10 3
6 4
5 1
17 1
13 2
11 1
6 1
32 1
12 1
9 1
12 1
16 1
7 1
20 1
6 2
7 3
14 1
9 1
21 1
10 1
9 1
13 1
25 1
10 1
22 1
16 1
16 1
17 2
22 1
17 1
16 1
11 2
13 2
11 1
12 1
13 2
9 2
14 1
17 1
29 1
12 1
9 2
14 1
24 1
12 2
4 1
17 1
10 1
36 1
7 2
13 1
13 1
14 3
8 1
11 2
12 1
22 1
12 1
18 1
10 1
27 1
34 1
17 1
20 1
13 1
3 4
2 1
9 1
16 1
3 1
20 4
7 1
18 1
11 1
2 1
12 1
18 1
14 1
56 3
8 1
9 1
15 1
13 1
11 1
15 2
15 1
13 1
18 1
10 2
19 1
5 1
17 2
12 1
6 1
7 1
18 1
6 1
8 1
10 1
9 3
10 1
7 2
12 1
8 1
20 1
15 1
7 2
10 1
17 2
8 1
8 1
10 2
8 1
20 1
10 1
18 1
11 1
34 1
7 1
5 8
10 1
24 1
11 1
10 1
10 1
10 1
11 1
21 1
8 2
10 1
20 1
4 1
6 2
6 4
10 1
8 1
9 1
10 1
9 1
10 1
11 3
11 1
10 2
25 2
13 1
6 1
14 1
9 2
9 1
8 1
37 1
7 1
5 2
9 1
9 1
19 1
11 1
18 2
36 1
23 1
5 1
11 1
19 1
7 1
2 1
8 1
17 1
33 1
11 1
17 1
13 1
29 1
9 2
10 1
7 1
24 1
11 1
3 1
10 2
14 1
20 1
51 1
9 2
18 1
8 2
12 1
22 1
17 1
7 4
13 1
8 1
23 1
13 1
19 1
12 1
9 1
14 1
5 1
12 5
31 1
15 1
11 1
16 1
10 1
29 1
22 1
14 3
13 1
9 1
9 1
10 2
20 1
12 2
12 1
6 1
12 1
18 1
10 1
9 1
12 1
19 1
15 1
6 1
43 1
22 1
23 1
2 1
28 1
13 1
11 1
17 1
14 1
10 1
9 1
17 1
19 1
5 1
56 1
2 1
7 2
9 3
16 1
19 1
18 1
8 1
4 1
2 1
9 1
5 2
8 2
7 1
14 1
22 1
7 1
9 1
29 1
32 1
7 1
12 1
13 1
10 2
2 1
7 1
55 1
18 1
13 2
14 1
10 1
16 2
12 1
9 1
5 3
7 1
26 1
19 1
9 1
9 1
15 1
26 1
12 1
15 1
13 1
7 2
14 1
22 1
7 2
19 1
10 1
11 1
13 1
4 1
2 1
21 1
9 2
9 1
25 1
20 1
11 1
11 1
14 1
20 1
40 1
6 1
14 1
26 1
15 2
11 1
9 2
12 1
26 1
14 1
13 1
11 1
19 1
3 1
10 1
13 2
15 1
16 1
9 1
6 1
11 1
4 2
9 1
12 1
9 1
20 1
9 1
8 1
15 1
14 1
11 1
23 1
14 1
8 2
33 1
10 1
16 1
26 1
16 1
2 1
11 1
8 2
19 1
16 2
20 1
8 2
7 1
9 1
14 2
11 1
18 1
11 1
25 2
7 1
24 1
8 1
16 1
17 1
9 1
15 2
9 2
5 2
2 4
12 1
25 1
9 2
14 1
9 1
9 1
18 1
34 1
8 1
15 1
14 1
25 1
6 1
8 1
8 4
15 3
18 2
10 1
23 1
14 1
4 1
10 1
26 1
12 1
16 1
13 1
10 1
9 1
10 1
24 2
12 2
9 1
12 1
8 2
41 1
13 1
10 2
9 1
7 4
2 1
35 1
10 1
3 3
12 1
11 1
9 1
13 1
14 1
12 1
15 1
10 2
18 1
6 2
22 1
23 1
6 1
11 1
10 1
13 1
4 5
11 1
5 2
18 1
2 1
2 1
7 1
6 3
12 1
12 1
13 1
12 1
4 6
16 1
11 2
18 1
18 2
10 1
4 1
36 1
16 1
11 1
8 1
5 1
9 2
23 1
7 2
18 2
11 1
5 1
13 1
8 1
8 4
10 1
29 1
15 1
13 1
21 1
13 1
10 1
20 2
19 2
9 1
6 1
18 1
15 2
15 1
11 1
11 2
11 1
11 1
2 1
27 1
16 1
11 1
14 1
8 1
38 1
8 1
9 1
12 1
55 1
9 1
12 1
13 1
7 1
6 1
15 1
18 2
12 1
3 1
6 1
12 1
30 1
15 2
12 1
30 1
28 1
22 1
15 1
13 1
9 1
6 2
16 1
11 1
4 10
6 3
13 1
3 2
11 1
10 1
53 2
19 2
9 3
5 1
17 1
9 2
19 1
18 2
20 3
9 1
8 1
9 2
4 1
22 2
7 1
2 1
4 1
13 1
5 1
6 1
7 1
14 1
10 1
17 1
2 1
18 1
12 1
3 1
9 1
16 2
8 1
4 1
2 1
21 1
8 5
9 1
10 1
16 2
4 1
20 1
10 1
9 1
11 1
13 1
8 1
8 1
13 2
14 2
12 3
18 1
7 4
17 1
18 1
12 1
7 2
19 2
11 2
71 1
16 1
2 1
17 1
12 1
2 1
10 1
11 1
14 1
4 1
8 1
9 1
6 2
10 3
6 1
31 1
10 1
20 1
16 1
23 1
6 1
33 1
10 2
9 1
8 1
3 1
14 2
16 1
8 2
10 1
10 1
11 1
11 1
15 1
13 1
5 1
12 1
2 1
14 1
6 1
16 1
27 1
32 1
13 1
7 2
14 1
78 1
10 1
7 1
10 1
17 1
12 1
9 1
11 2
7 1
8 2
16 1
11 1
12 1
18 1
10 1
8 2
6 2
2 1
11 1
8 1
8 1
4 6
13 2
15 1
7 4
8 1
8 1
15 1
7 2
15 1
5 7
9 2
7 1
16 1
9 1
9 1
7 1
6 1
5 3
7 3
9 1
7 1
5 1
13 1
8 1
7 2
4 2
9 1
11 2
12 1
15 1
12 2
11 1
8 1
8 1
7 2
23 1
14 1
25 1
9 1
20 1
26 1
5 1
11 1
15 1
17 1
10 1
19 1
13 1
17 2
7 1
8 1
19 3
8 1
21 2
6 1
12 1
12 1
11 1
9 1
8 1
6 6
24 1
2 1
18 1
11 1
10 1
8 1
10 1
13 1
28 1
3 1
7 1
18 1
10 1
10 1
11 1
15 1
32 1
6 2
50 1
10 2
12 1
8 1
6 6
7 1
16 1
2 2
6 1
6 1
13 1
22 1
8 1
2 1
26 1
8 1
2 1
5 1
18 1
24 1
14 1
8 1
24 1
22 1
19 1
8 1
20 1
22 1
9 3
18 1
24 2
15 6
7 1
34 2
19 1
2 2
8 1
14 1
13 1
8 1
10 1
8 1
5 1
9 1
34 1
20 1
10 1
7 1
7 1
7 1
11 1
16 1
5 1
22 1
14 1
8 2
11 1
10 1
28 1
13 1
9 1
22 1
13 1
22 1
2 1
15 1
8 2
10 1
9 1
8 3
13 1
17 1
12 1
15 1
10 2
12 1
13 1
12 1
9 1
6 1
16 1
3 1
37 1
5 1
9 1
18 2
29 1
21 1
12 1
5 1
3 1
9 1
7 1
3 1
4 1
10 1
16 1
10 1
12 1
15 1
14 2
18 1
13 1
5 4
16 1
28 3
17 1
15 1
4 3
3 1
23 1
16 1
4 1
28 1
13 1
5 1
17 1
45 2
10 1
9 1
10 2
15 1
14 1
6 1
4 2
21 1
11 1
13 2
9 1
10 1
11 1
9 1
22 1
2 1
15 1
13 1
22 1
13 1
8 2
16 2
22 1
2 1
9 2
35 1
7 1
12 1
23 1
3 1
14 1
11 1
15 1
2 1
7 1
9 2
9 1
10 1
13 2
15 1
24 1
2 1
16 1
15 1
11 1
9 1
13 1
10 1
23 1
24 1
10 1
10 3
25 1
3 3
19 2
14 1
12 1
12 1
8 1
10 1
8 1
18 1
7 1
5 5
4 2
70 1
7 1
14 1
8 1
9 1
4 1
13 2
15 1
12 1
7 2
27 4
14 1
17 1
20 4
9 1
14 1
11 1
10 1
17 1
12 1
13 1
8 1
14 2
13 1
7 2
12 1
25 1
13 2
12 1
4 1
7 1
8 3
50 2
15 1
11 1
8 1
18 1
9 1
20 1
7 2
21 1
18 1
8 3
14 1
14 1
2 1
10 1
5 1
14 1
23 1
11 1
8 1
5 3
18 1
8 1
15 1
12 1
2 1
10 1
12 1
37 1
19 1
14 1
7 2
28 1
11 2
9 1
9 2
15 1
10 3
13 1
20 1
24 1
15 1
7 1
2 1
9 1
19 1
14 1
19 1
4 1
9 1
8 1
8 1
8 1
38 1
12 1
11 2
12 1
7 2
18 2
2 1
14 2
12 1
78 1
19 1
25 1
9 1
11 1
12 1
10 1
19 1
14 1
5 1
8 1
3 1
20 2
42 1
2 1
14 2
10 1
6 5
6 1
17 1
12 1
16 1
10 1
8 1
8 1
14 1
7 2
26 1
14 1
10 2
6 1
16 1
15 1
2 1
6 2
10 1
8 1
13 1
13 2
6 1
8 1
9 1
10 1
11 2
7 1
13 2
8 2
13 1
7 1
12 2
17 1
13 2
11 1
2 1
16 1
18 1
8 2
10 2
9 1
11 1
13 1
23 2
5 1
6 1
17 1
11 2
10 1
19 1
11 1
17 2
11 1
20 1
10 1
7 1
9 1
11 1
30 1
16 10
7 4
7 1
39 1
15 1
19 1
17 1
20 1
13 1
13 1
11 1
8 2
12 2
10 2
9 1
14 1
19 1
3 1
11 1
14 1
15 2
16 1
12 1
7 2
2 1
12 1
14 1
9 1
17 1
7 1
9 1
12 1
6 6
11 1
8 1
13 1
9 2
3 1
9 2
10 2
5 1
11 1
3 1
2 1
6 1
12 1
12 1
6 2
10 1
3 1
21 1
8 1
9 1
11 2
21 1
7 1
18 1
7 1
22 1
35 1
6 1
12 1
17 1
8 1
10 1
15 1
7 1
12 1
11 1
14 1
9 1
9 1
4 1
15 1
8 1
7 1
11 1
18 2
3 2
6 1
14 1
14 1
12 1
8 1
15 1
13 1
5 2
8 1
15 1
17 1
9 1
12 1
15 1
17 1
16 1
9 1
9 1
18 1
8 2
16 8
6 2
8 1
19 1
7 1
14 1
8 1
10 1
10 1
13 1
14 1
34 1
10 1
17 1
23 1
12 1
9 6
17 1
9 1
7 1
21 1
12 1
4 1
55 2
11 1
11 1
10 1
27 1
9 1
7 1
15 1
10 1
8 1
10 1
20 2
7 4
18 1
8 1
7 1
11 1
21 2
9 1
18 1
11 1
2 3
14 3
9 1
6 1
13 1
5 3
3 1
15 1
12 1
9 1
9 1
12 1
10 6
6 2
6 1
7 1
17 1
8 1
10 1
15 1
10 1
17 1
10 1
23 2
21 1
10 1
14 1
2 1
20 1
3 1
8 2
13 1
18 1
2 1
25 2
13 1
12 1
11 1
13 1
11 1
13 6
10 1
16 2
24 1
13 1
16 1
10 4
6 1
11 1
13 1
14 1
18 1
14 1
4 1
10 1
15 1
5 1
10 3
7 1
12 1
8 1
56 1
6 2
7 1
24 1
7 2
4 6
4 1
23 1
8 1
13 1
8 1
9 1
17 1
11 2
21 1
15 1
21 1
11 1
8 4
6 2
13 1
7 1
28 1
14 1
11 1
16 1
21 3
18 1
12 1
8 1
9 1
6 1
11 1
37 1
14 1
12 1
12 1
9 1
11 1
7 1
8 1
6 1
11 2
16 1
18 1
12 1
20 1
12 1
11 1
18 2
10 1
10 1
6 1
13 1
10 1
25 1
27 1
17 1
2 1
8 1
10 1
12 1
28 1
10 1
9 1
23 2
7 1
11 1
28 1
13 1
12 1
13 1
6 1
15 1
12 1
5 4
7 1
10 1
8 1
27 1
13 1
13 1
6 1
8 1
22 1
10 2
20 1
3 6
20 1
21 1
9 1
13 1
8 1
9 1
12 1
15 2
16 1
6 3
8 1
32 1
9 2
33 1
3 1
8 1
10 1
6 1
13 1
14 1
33 1
14 1
13 1
13 3
14 4
46 1
7 1
12 1
8 1
10 1
12 1
13 1
3 1
9 1
45 1
14 1
23 2
34 1
10 1
10 1
12 2
11 1
13 1
2 1
10 1
17 1
9 1
8 1
7 3
17 1
17 1
8 1
20 1
11 1
11 2
8 1
48 1
12 1
5 1
35 3
7 1
22 1
8 2
32 5
8 2
11 2
17 1
10 1
22 1
25 1
7 1
6 1
12 1
20 1
13 1
22 1
7 1
8 1
13 1
13 1
8 1
20 1
15 1
3 1
10 1
15 1
9 1
12 2
4 1
10 1
10 1
13 1
12 1
13 1
12 1
17 1
8 2
11 1
11 1
2 1
15 1
7 1
18 1
22 1
10 1
12 2
8 1
18 3
8 1
9 2
18 1
8 1
26 1
10 1
16 1
4 2
3 1
7 1
9 1
49 1
7 1
10 1
2 1
13 1
20 1
11 1
14 1
17 1
9 2
18 1
14 2
5 1
9 1
10 1
14 1
23 1
20 1
13 1
6 1
9 1
16 1
20 1
25 1
9 1
3 1
10 1
12 2
20 2
25 2
34 1
5 1
12 1
19 1
9 1
13 1
51 1
10 1
16 1
17 1
20 1
10 1
13 1
14 1
6 2
20 1
7 1
8 1
18 1
16 1
14 1
6 1
11 1
22 1
18 1
6 1
8 5
11 1
5 1
2 1
13 1
7 2
8 1
21 1
17 1
46 1
6 2
2 5
11 1
13 1
4 5
8 1
29 1
13 1
9 1
7 1
12 1
5 2
14 1
17 1
20 1
14 1
9 1
9 2
20 1
11 1
6 1
10 1
3 1
11 1
12 1
11 1
22 2
10 1
12 1
9 1
22 1
18 1
13 1
9 1
11 1
10 1
13 1
26 2
3 11
11 1
17 1
9 1
14 2
9 1
10 1
2 1
11 1
14 1
12 2
7 1
9 2
10 1
4 1
15 1
19 1
19 1
11 1
12 1
16 1
8 2
20 1
9 1
9 2
14 1
19 1
13 5
7 1
12 1
18 1
45 1
17 2
11 1
2 1
10 1
12 2
9 1
10 1
6 1
18 1
9 1
7 1
11 1
4 2
10 1
10 2
14 1
14 1
11 3
10 1
39 1
16 1
12 2
10 1
17 2
7 1
17 1
11 1
9 1
15 1
13 1
14 1
12 1
11 1
22 1
10 1
2 2
7 1
14 3
16 1
16 1
15 1
16 2
18 1
7 1
23 1
9 2
14 1
11 1
10 1
10 1
12 1
6 1
22 1
18 2
11 1
15 1
6 2
6 1
5 2
7 2
20 2
9 1
11 1
13 1
10 2
25 1
3 2
13 4
9 1
13 2
8 1
32 1
9 1
16 1
15 1
7 1
28 1
12 1
7 1
12 1
10 1
12 1
2 1
11 1
11 1
2 1
10 1
16 1
6 1
15 1
14 1
29 1
5 1
2 1
4 1
10 1
16 2
6 1
29 1
9 2
7 2
13 1
11 1
13 2
10 1
80 1
13 1
8 1
5 3
14 1
7 2
35 1
19 1
23 2
31 1
13 1
11 1
10 1
8 1
8 2
17 1
17 1
5 5
7 1
12 1
2 8
25 1
12 1
8 1
6 2
15 1
5 1
10 1
8 3
5 1
4 1
13 1
12 2
5 2
14 1
2 1
12 1
6 1
14 1
9 1
9 1
18 2
8 1
10 2
8 1
12 1
8 1
14 1
8 1
12 1
28 1
8 2
2 1
11 1
6 2
11 1
5 1
13 1
8 3
16 1
13 1
17 1
13 1
15 2
4 1
6 1
19 1
8 1
29 1
11 1
7 1
18 1
3 1
10 1
7 1
10 1
6 1
18 1
12 1
9 1
19 2
5 4
14 1
5 1
6 1
2 1
12 1
14 2
17 1
12 1
10 1
15 1
24 1
8 1
2 1
9 1
13 1
6 3
8 1
24 1
16 1
14 1
23 1
9 1
14 1
8 1
8 1
19 1
10 1
5 6
10 1
5 3
13 1
22 1
9 1
8 2
18 1
25 1
21 1
7 1
11 1
14 1
35 1
12 1
11 1
28 1
17 1
9 2
7 1
15 1
14 1
18 1
20 1
21 1
11 1
8 1
20 2
11 1
9 1
17 1
12 1
17 1
10 1
11 2
8 1
20 1
14 1
14 1
16 1
24 1
11 1
12 3
65 1
9 1
14 1
14 1
18 1
16 1
15 1
17 1
14 1
12 1
33 1
14 1
8 1
3 1
13 1
20 1
10 1
8 1
18 1
7 3
12 1
11 2
6 1
11 1
11 1
10 1
11 1
15 1
13 1
10 1
3 7
10 1
13 1
2 1
18 1
7 2
9 1
3 1
6 1
14 1
11 1
7 1
17 1
22 1
15 1
6 1
8 1
8 2
8 1
10 1
4 2
14 1
17 1
7 1
16 1
11 1
14 1
16 1
6 2
14 1
7 1
3 1
6 1
12 1
6 1
9 2
10 1
10 4
11 1
9 1
5 2
5 1
7 2
30 1
18 1
14 1
16 1
8 1
18 1
8 1
12 1
13 1
9 1
9 2
8 1
18 1
5 1
8 1
4 1
15 1
12 1
10 1
10 2
13 1
31 1
15 1
12 1
25 1
8 2
6 4
12 1
8 1
4 1
11 1
8 1
13 1
7 4
12 1
10 1
28 1
15 1
13 1
11 2
20 1
10 1
9 1
7 1
12 1
11 2
9 1
9 1
12 1
11 1
6 3
8 1
14 1
7 1
54 1
21 1
23 1
10 1
8 1
29 1
12 2
5 3
18 1
2 1
13 2
10 1
28 1
9 1
16 1
21 1
8 1
15 1
18 1
23 1
10 1
15 1
7 2
14 1
17 1
10 1
12 1
4 1
7 1
13 1
19 2
17 1
9 1
9 1
46 1
15 1
10 1
14 1
8 1
16 1
9 2
9 1
13 2
13 1
20 1
11 1
25 1
8 1
16 1
12 1
4 1
7 1
14 1
10 2
6 1
9 1
3 1
6 1
10 1
31 1
12 1
17 1
45 1
39 1
13 1
11 1
25 1
7 1
20 1
22 1
54 1
10 1
8 1
15 1
14 1
8 1
6 2
8 1
17 1
9 1
15 1
10 3
22 2
9 2
11 1
12 1
12 1
16 1
10 1
10 1
10 1
8 1
19 1
23 2
8 1
14 1
20 1
7 1
35 1
8 3
12 1
75 1
16 2
16 1
10 1
12 3
7 1
23 1
16 1
18 2
12 1
8 3
7 1
5 4
7 1
11 2
8 5
7 1
21 1
21 1
12 2
14 1
17 2
8 2
4 8
20 1
5 2
14 1
4 1
7 1
3 1
17 1
9 1
8 1
8 1
10 1
23 3
12 1
7 2
9 1
12 1
17 2
7 1
7 1
6 1
6 3
10 1
9 1
4 4
2 1
51 1
25 2
7 1
9 1
9 1
15 1
9 4
10 1
5 4
15 1
18 1
22 1
9 1
30 1
11 1
11 2
15 1
9 3
13 2
9 1
13 3
8 1
11 1
14 1
12 1
18 1
15 1
14 2
12 1
9 1
3 1
11 1
10 1
14 1
10 2
6 1
39 2
75 1
21 1
13 1
15 2
13 1
12 1
5 5
6 3
39 1
8 1
10 1
10 1
12 3
17 1
9 1
11 1
23 1
11 1
6 2
14 1
13 1
8 1
11 1
9 2
8 1
17 1
13 1
9 1
14 1
4 1
7 1
6 1
3 1
15 1
12 2
25 1
9 1
9 1
18 1
10 2
2 1
12 2
5 1
12 1
13 2
12 1
8 1
7 1
29 1
12 1
17 1
9 1
9 1
2 1
20 5
2 1
13 1
16 1
16 2
13 1
11 1
13 1
9 3
8 2
4 1
6 1
2 1
10 1
15 1
25 1
8 1
7 1
9 1
16 1
43 1
12 1
41 1
14 1
12 1
11 1
3 3
14 1
13 1
5 1
9 2
15 1
15 1
18 2
9 2
18 1
22 1
49 1
13 1
33 1
11 1
8 1
11 1
19 1
8 3
9 1
11 3
15 1
18 1
12 2
12 1
12 1
3 1
6 3
8 1
6 2
8 1
13 1
4 4
11 1
9 1
12 1
18 1
11 1
8 1
24 1
25 1
17 1
11 1
12 1
10 1
7 1
24 1
20 1
19 1
17 1
10 1
16 1
11 1
6 1
12 1
16 1
16 1
9 2
73 2
7 1
17 1
11 2
23 2
10 1
9 1
11 1
19 1
6 1
11 1
8 2
8 2
18 3
11 1
11 1
12 1
17 2
10 2
22 1
14 1
12 1
27 2
9 1
8 1
8 1
12 1
6 1
25 1
4 1
12 1
21 1
21 1
8 3
18 1
8 1
21 1
23 1
7 1
9 1
9 1
12 2
18 1
11 1
15 1
17 1
4 1
13 1
2 1
9 1
12 1
2 1
15 2
31 1
13 1
11 1
11 1
12 2
11 2
15 1
14 1
9 1
10 1
14 1
17 1
14 1
2 1
7 4
19 1
9 1
7 4
8 1
8 1
6 1
12 1
14 1
22 1
16 1
6 9
14 1
2 2
9 2
10 1
2 2
11 1
15 1
19 1
11 1
23 2
13 3
13 1
27 1
9 2
5 1
14 1
23 1
18 1
9 2
15 1
21 1
9 1
11 1
12 3
11 1
11 1
8 4
13 1
10 1
9 1
20 1
12 1
3 2
14 1
8 1
5 1
28 1
11 1
8 1
7 1
7 3
16 1
33 1
9 2
8 1
11 1
14 1
12 1
19 1
8 3
6 1
35 2
32 1
24 1
20 1
9 1
11 1
8 1
10 1
6 1
10 1
15 1
8 1
7 8
10 1
9 1
10 1
8 2
26 1
9 1
2 1
3 1
7 4
7 1
12 1
8 2
14 1
12 1
7 1
17 1
6 2
10 1
10 1
11 1
13 1
3 1
14 1
6 3
15 1
21 1
33 1
26 1
19 1
15 1
8 1
13 1
20 1
3 5
13 2
11 1
21 1
15 1
19 1
17 2
13 1
11 1
2 1
3 1
33 1
13 1
12 1
7 2
13 1
10 1
23 1
11 1
8 1
12 1
76 1
12 1
15 4
6 1
51 1
8 1
2 1
2 1
13 1
2 1
22 1
5 1
8 1
5 1
7 1
11 1
26 1
14 1
17 1
23 1
17 1
10 1
15 1
15 1
8 1
27 1
4 5
8 1
17 1
16 1
10 1
21 1
2 1
21 1
13 1
15 1
5 1
3 1
22 1
9 1
9 1
21 1
10 1
29 1
4 2
12 1
17 1
7 1
11 1
16 1
14 1
13 2
10 1
16 1
12 1
18 1
25 3
4 1
21 1
9 1
11 1
8 1
10 1
25 2
8 1
6 1
11 1
23 1
6 2
12 1
14 2
11 1
8 1
17 2
9 1
3 1
9 1
8 2
9 1
2 1
12 2
20 1
15 3
16 1
10 1
12 1
3 1
23 2
14 1
18 3
15 1
26 1
9 1
16 1
3 1
12 1
14 1
17 1
10 1
14 1
12 1
4 1
10 2
10 1
22 1
15 1
7 2
8 3
18 1
11 1
18 1
8 2
16 1
9 1
20 1
14 1
23 1
7 2
15 1
8 1
9 1
56 1
10 1
10 1
13 1
20 1
29 1
12 1
15 1
13 1
13 2
4 2
13 1
11 1
3 1
5 6
8 1
14 1
11 1
10 1
10 1
33 1
19 1
16 1
7 1
14 1
9 2
18 1
2 1
13 1
14 1
15 1
7 1
12 1
7 1
20 2
21 1
12 1
15 1
15 1
9 2
12 1
14 2
7 1
15 1
8 1
12 1
12 1
16 1
7 1
7 4
16 1
15 1
8 4
13 1
11 1
19 2
16 1
20 1
3 3
9 1
8 1
15 1
9 1
13 1
17 3
11 1
11 1
9 1
10 1
14 1
9 1
17 1
12 1
15 1
4 5
8 1
12 1
12 1
9 1
4 1
8 1
8 1
7 1
13 1
9 1
46 1
9 1
5 1
10 1
18 1
5 1
9 1
7 2
20 1
9 1
12 1
12 1
6 1
2 1
12 2
13 1
14 1
7 1
6 1
12 1
16 1
10 1
11 1
9 1
4 1
16 1
24 1
12 1
8 1
3 1
10 1
7 2
16 1
10 1
16 1
17 1
16 4
10 2
11 1
9 2
12 1
14 1
12 2
11 1
13 1
31 1
50 2
6 1
11 1
9 1
10 1
13 1
12 2
18 1
8 1
8 1
10 1
9 1
10 1
67 1
11 1
7 3
17 1
21 1
15 1
17 1
2 1
8 1
7 1
19 1
22 1
19 1
17 1
13 1
21 1
5 1
17 1
21 2
7 2
11 2
13 2
8 1
17 1
23 1
25 2
4 3
16 1
15 1
5 1
24 1
15 1
8 2
19 2
23 1
22 1
11 1
17 1
9 2
7 4
5 1
4 5
10 1
8 1
7 1
23 1
9 1
14 1
7 1
6 1
16 1
16 1
11 1
13 1
8 1
21 1
3 1
12 1
10 1
9 1
6 5
13 2
7 1
8 1
7 1
5 1
18 2
4 1
9 2
9 1
11 1
10 1
10 1
22 1
17 2
8 1
9 2
10 1
20 1
21 1
7 3
14 1
10 1
13 1
12 1
12 1
9 1
19 1
5 1
22 1
16 1
10 1
10 1
25 1
7 1
14 1
19 1
16 1
13 1
8 1
4 1
4 3
14 1
39 1
24 1
3 1
22 1
17 1
7 1
9 1
12 1
13 1
16 1
6 1
7 1
7 2
9 1
11 3
16 1
2 1
10 1
14 1
10 1
14 1
6 1
2 1
20 1
36 1
10 1
11 1
13 4
4 1
17 1
12 2
10 1
17 1
9 1
19 1
24 1
16 2
15 1
3 9
11 1
4 1
15 2
9 1
13 1
16 1
3 1
9 1
7 1
11 2
8 1
19 1
6 3
12 2
3 1
8 1
10 1
8 1
5 1
10 1
20 1
9 1
10 1
17 1
17 1
15 2
5 1
3 1
5 5
7 1
12 1
10 1
10 1
14 1
12 1
13 1
13 1
11 1
13 1
11 1
15 1
10 4
13 1
4 3
9 4
11 1
8 1
9 1
6 5
10 1
8 1
14 1
6 1
22 1
17 1
10 1
18 1
20 2
15 1
5 6
13 1
16 1
4 1
7 1
11 2
6 1
14 1
11 1
21 1
23 3
9 1
15 1
26 1
6 6
14 3
33 1
14 1
12 1
13 1
8 1
9 4
16 1
17 1
10 1
13 1
11 1
11 1
12 2
19 1
14 1
6 1
9 2
9 1
13 3
4 1
20 3
10 1
8 1
14 2
10 1
14 1
9 1
8 1
9 1
2 1
15 1
18 1
2 1
9 2
12 1
11 1
7 1
10 1
14 1
17 1
10 2
9 1
11 1
9 1
9 2
9 1
51 1
13 1
11 1
14 1
4 10
21 1
11 1
6 2
11 1
7 1
3 6
14 1
14 1
8 1
13 1
7 1
10 2
9 1
11 1
18 1
12 1
13 1
9 1
6 4
9 1
39 1
17 1
19 1
32 1
15 1
5 3
7 1
22 1
19 1
14 1
7 1
14 1
7 1
12 1
13 1
28 1
10 1
15 1
13 1
8 2
9 2
15 1
9 1
10 1
9 1
23 1
10 1
12 1
14 1
8 1
14 2
12 1
25 1
13 1
7 2
33 1
4 1
24 1
13 1
9 2
26 1
14 1
20 2
13 1
9 1
7 1
9 1
12 1
16 1
23 1
28 1
7 1
12 1
13 1
8 1
10 1
17 1
29 2
15 1
14 2
4 7
10 1
10 1
24 1
14 1
14 1
16 1
11 3
7 1
11 1
19 1
13 1
9 2
11 1
18 1
11 1
8 3
5 1
9 1
14 1
5 3
49 1
7 1
8 1
11 2
3 1
5 1
4 1
2 2
8 1
15 1
24 1
6 2
13 3
11 1
2 3
17 2
11 1
9 3
60 1
14 1
8 1
16 1
9 1
12 1
9 1
10 1
9 1
10 1
2 1
7 3
7 1
9 2
23 1
8 3
8 1
16 1
10 2
27 1
10 3
73 1
21 1
7 2
12 2
9 1
24 1
12 2
20 2
16 1
3 1
8 2
12 1
15 1
6 1
11 1
11 1
12 1
15 1
10 1
6 2
9 1
11 1
9 1
15 1
4 1
8 1
18 2
8 1
7 1
19 1
13 1
13 1
6 3
12 1
26 1
2 1
17 3
11 1
7 1
20 1
8 2
9 1
20 1
35 2
5 7
2 1
11 1
5 1
26 1
8 1
22 7
11 1
11 1
8 1
13 1
10 1
25 2
17 1
13 1
13 1
8 1
3 4
12 1
9 8
11 1
14 1
12 1
12 1
26 1
20 1
15 1
17 1
6 1
18 1
8 2
10 1
9 2
5 1
20 3
10 2
14 1
9 1
25 1
14 1
5 1
12 1
12 1
17 2
31 3
10 1
2 1
10 1
21 1
9 2
3 1
5 1
9 1
25 2
19 1
12 1
9 1
16 1
30 1
10 1
12 1
19 1
6 1
13 1
4 3
11 1
10 1
24 1
16 1
13 1
15 3
13 1
16 1
28 1
8 1
2 1
8 1
15 1
7 3
14 1
18 2
9 1
10 1
10 2
6 1
9 1
9 1
19 1
14 1
23 1
4 1
8 2
34 1
4 1
21 1
9 1
15 1
6 6
6 1
9 1
12 1
11 4
19 1
28 2
10 1
13 1
14 1
13 1
23 2
9 2
10 1
11 1
5 1
15 1
11 1
2 2
8 2
12 2
20 1
8 1
10 1
3 1
8 2
15 1
9 1
9 1
11 1
25 1
12 1
9 3
4 1
8 2
18 1
21 1
13 1
76 1
6 1
23 2
13 1
9 1
12 1
25 2
19 1
13 1
10 1
8 1
30 1
18 1
18 1
9 1
9 1
12 1
7 2
13 1
17 1
13 1
12 1
7 2
2 1
12 1
7 1
17 1
9 1
9 1
5 4
23 1
6 1
13 1
10 2
12 1
10 1
4 5
15 1
27 2
5 4
10 1
15 1
9 2
8 1
11 1
9 1
28 1
12 1
14 1
19 1
12 1
6 1
15 1
7 1
16 1
14 1
2 1
14 1
14 1
7 1
12 1
8 1
49 2
9 1
9 1
21 2
24 1
11 1
8 1
12 2
8 1
6 1
11 2
13 1
6 1
11 1
18 1
18 1
8 1
11 2
10 1
19 1
21 2
7 1
8 1
9 1
9 2
11 1
6 6
34 1
6 2
8 1
17 1
8 1
15 1
15 1
21 1
5 1
6 1
9 2
15 1
9 1
12 1
11 1
24 1
9 1
12 2
13 1
14 1
7 7
10 1
12 1
9 1
7 1
4 4
10 1
27 1
14 1
3 1
7 1
18 1
11 1
5 3
18 1
12 1
20 1
13 1
14 2
23 1
13 2
20 1
17 1
7 1
12 1
26 2
24 1
9 1
11 1
14 1
7 1
10 1
7 1
17 1
11 1
5 1
8 2
8 6
26 1
7 4
16 1
23 1
19 1
22 1
22 1
19 1
4 1
7 4
10 3
8 2
5 1
12 1
13 1
13 1
15 1
17 1
7 1
16 1
14 1
11 1
6 3
8 1
14 1
24 1
13 1
6 1
19 1
7 1
17 1
14 1
14 1
9 1
7 1
5 1
26 2
2 1
14 1
9 1
6 1
7 6
7 1
34 1
9 1
11 1
10 1
3 1
27 1
21 1
5 1
12 1
21 2
24 1
8 1
11 1
16 1
7 1
8 1
10 1
19 1
9 1
18 1
7 1
6 2
9 5
10 1
19 1
20 2
13 1
20 1
10 1
9 1
10 1
9 1
13 1
12 1
11 1
6 2
18 1
6 1
12 1
29 1
31 1
15 1
26 1
12 1
7 1
16 1
25 5
20 1
14 1
40 2
3 1
21 1
16 1
8 1
8 1
20 2
10 2
11 4
3 1
7 1
5 3
17 1
21 1
2 2
8 1
5 1
14 1
20 1
9 1
11 1
30 1
14 1
13 1
6 2
6 1
12 1
8 3
12 1
7 1
13 1
19 1
21 1
23 1
5 3
7 1
18 1
36 1
10 1
9 1
9 2
16 1
11 1
17 1
10 1
15 1
9 1
20 1
10 2
14 1
11 1
11 1
10 1
5 5
17 1
6 3
13 1
20 2
21 1
9 1
19 1
10 1
7 1
3 1
6 1
11 1
13 1
9 1
3 1
10 1
6 4
11 1
26 1
8 1
23 1
29 1
6 3
8 1
14 1
3 1
8 1
21 1
11 1
12 1
13 1
13 1
2 1
8 1
10 2
17 1
19 1
12 1
21 1
5 8
4 7
35 2
7 1
16 2
10 1
39 1
8 1
9 1
9 1
13 1
32 1
18 1
8 1
8 1
5 1
14 2
22 1
56 1
19 1
7 1
15 1
10 1
53 1
18 1
4 1
13 1
8 1
11 1
13 1
36 1
18 2
13 1
7 1
11 1
7 1
12 1
3 1
22 2
15 1
9 1
14 1
10 1
11 1
9 1
7 1
21 1
50 1
13 1
12 1
4 1
9 1
4 1
8 2
14 2
17 1
8 1
21 1
2 1
14 1
14 1
26 1
6 1
10 1
6 3
9 1
14 1
4 1
9 3
5 1
5 2
13 2
2 2
14 1
8 1
12 2
6 3
12 1
9 1
8 1
12 1
10 1
25 1
17 1
23 1
11 1
16 1
14 1
8 1
19 1
15 1
20 1
22 1
33 1
19 1
18 1
10 1
4 2
16 1
26 2
28 1
11 2
11 1
2 1
58 1
10 1
12 1
10 1
12 1
10 1
6 2
5 5
7 6
16 1
10 1
15 1
7 3
9 1
13 1
54 1
8 1
21 1
6 1
16 1
18 1
8 1
10 1
3 1
9 1
25 1
6 1
30 1
10 1
12 1
19 1
5 2
9 1
16 2
8 1
6 2
30 1
12 1
20 1
52 1
7 1
10 1
22 1
4 2
30 2
10 1
15 1
2 5
26 2
16 1
8 2
12 1
13 1
6 1
21 1
19 1
7 2
39 1
60 2
20 1
14 1
10 1
6 1
2 1
12 1
10 1
24 3
12 1
13 1
9 1
10 1
8 3
17 1
9 1
10 1
9 3
9 1
6 2
16 1
9 1
12 1
14 1
10 1
9 1
5 5
11 1
9 1
2 1
20 5
16 1
6 1
14 2
6 2
8 1
22 1
15 2
20 1
6 2
10 1
2 1
12 1
13 1
4 1
34 1
11 1
16 1
7 1
8 1
23 1
7 1
54 1
12 1
8 1
6 1
21 1
6 1
24 1
12 1
13 2
10 1
7 1
18 1
4 1
2 1
17 1
4 1
8 1
12 4
14 1
7 1
22 2
9 1
33 1
21 1
9 1
11 2
12 2
50 2
13 2
7 1
9 1
2 5
3 1
12 1
7 1
14 1
2 1
35 1
17 1
52 2
5 1
6 1
21 1
10 1
15 1
20 1
12 1
2 7
9 1
3 1
12 1
12 1
12 1
19 1
14 2
12 1
9 2
13 1
10 1
15 1
17 1
7 1
19 1
11 1
28 2
10 1
9 1
20 1
17 1
32 1
19 1
7 1
15 2
15 1
27 1
19 3
9 2
7 1
6 1
11 1
10 1
7 1
16 1
12 1
48 1
9 1
12 1
9 2
2 1
10 1
29 1
17 1
34 1
7 1
32 1
5 1
2 2
15 2
8 1
11 1
12 1
11 1
10 1
23 1
13 1
19 1
12 1
12 1
18 1
13 2
8 1
21 1
40 2
12 1
29 1
15 1
18 2
17 1
21 1
11 1
11 2
12 1
13 1
13 1
9 1
6 2
9 1
4 1
14 1
8 1
28 1
9 1
10 1
15 1
11 1
18 1
25 1
8 1
15 1
14 1
12 1
11 1
25 1
8 1
15 2
21 1
30 1
32 1
10 1
8 1
2 1
10 1
14 1
10 1
4 1
20 1
12 1
15 1
10 1
13 1
27 1
7 1
10 1
11 1
8 1
11 1
3 1
9 1
7 1
18 1
14 2
5 5
24 1
18 1
15 1
41 1
17 1
8 2
11 1
18 1
12 1
40 1
10 2
2 1
16 2
11 1
9 3
6 1
18 2
20 1
6 1
13 1
20 1
9 1
16 1
2 1
5 3
4 1
14 1
9 1
11 1
20 1
17 1
9 1
11 1
8 1
4 4
10 1
8 1
5 1
14 1
14 2
25 1
3 1
23 1
9 1
9 1
11 1
11 1
12 1
5 1
14 1
15 1
10 1
33 1
25 1
11 2
11 1
5 4
11 1
8 1
7 2
12 1
9 1
2 1
8 2
9 1
12 1
3 1
2 1
13 1
7 4
7 1
24 1
10 1
15 1
6 3
11 1
10 1
9 1
31 1
7 1
8 1
6 2
10 1
3 1
50 2
9 1
3 1
16 2
11 1
9 1
10 1
8 1
8 1
15 1
13 1
8 1
14 2
12 1
22 3
4 1
42 1
27 1
12 1
27 3
10 1
19 1
13 1
7 1
13 1
6 2
8 1
7 1
32 1
17 1
8 1
28 1
16 1
9 1
19 1
12 1
17 1
11 1
18 2
59 1
9 1
45 1
14 1
9 1
18 1
2 1
17 1
14 1
9 1
18 1
7 1
21 1
8 1
9 1
18 1
16 1
7 1
11 1
12 1
14 1
18 1
11 1
13 1
11 1
12 1
11 1
4 1
17 1
15 1
10 1
12 1
5 1
11 1
22 1
10 1
12 1
4 1
8 1
21 1
27 2
38 1
12 1
6 3
15 1
10 1
37 1
2 1
8 1
4 1
5 4
4 3
7 3
17 1
10 1
16 1
7 1
8 1
11 2
10 3
8 1
5 1
10 1
4 1
9 1
9 1
12 1
12 2
14 1
16 1
5 2
3 1
10 1
20 1
8 1
2 1
8 2
15 1
14 1
77 1
10 1
3 1
11 1
25 1
11 1
6 1
26 1
12 1
21 2
11 1
11 1
13 1
9 1
5 1
8 1
8 1
34 1
16 1
9 1
19 1
5 1
11 1
28 2
16 3
8 1
8 1
7 2
20 1
8 1
8 1
8 1
11 1
3 1
12 1
8 2
22 2
6 1
36 1
16 1
15 1
24 1
7 1
23 1
16 3
17 1
5 1
11 1
11 1
6 2
8 1
18 1
11 1
22 1
4 1
10 4
10 2
3 1
8 1
11 1
10 1
9 1
6 4
11 1
14 1
18 1
18 1
8 1
12 1
7 1
22 2
8 1
7 2
23 1
22 1
27 1
9 1
8 1
38 1
8 1
12 1
9 1
10 1
8 2
13 1
16 1
12 1
12 1
26 1
11 1
19 1
66 1
10 1
3 3
9 1
16 1
13 1
8 1
14 1
7 1
10 2
24 1
13 1
8 1
5 5
11 1
15 1
26 1
20 1
8 5
15 1
9 1
14 1
7 1
16 1
7 1
5 1
14 1
18 2
11 1
21 1
16 1
8 1
11 1
9 2
17 2
22 3
7 1
9 1
10 1
18 2
6 4
5 1
12 1
10 1
3 1
10 2
8 2
3 2
14 1
11 2
11 1
14 1
5 1
7 3
8 1
10 6
6 5
10 1
10 2
11 1
9 3
12 1
19 1
7 2
14 1
8 1
6 3
7 2
14 1
7 2
3 1
12 1
34 1
21 1
8 1
14 1
2 1
8 1
9 2
15 1
10 3
4 2
2 9
11 1
12 4
7 2
3 1
14 1
3 1
8 1
13 2
9 1
17 1
18 1
7 1
12 1
8 1
3 1
7 1
14 1
17 1
21 2
12 1
7 1
6 1
4 8
12 1
6 2
14 1
12 1
47 2
13 2
8 1
16 1
9 1
13 1
30 1
17 1
13 1
18 1
10 1
10 1
13 1
9 1
13 1
10 1
8 1
4 1
44 2
13 1
9 1
6 1
13 1
8 2
2 1
8 1
10 1
10 1
11 1
11 1
12 1
15 1
10 1
21 1
11 1
18 1
15 1
31 1
24 1
9 2
11 1
16 2
7 1
22 1
4 1
13 1
9 1
22 1
13 1
7 1
6 1
12 1
9 1
10 2
16 1
17 1
25 1
12 1
4 3
10 1
8 1
17 1
12 1
10 2
9 1
8 3
13 1
16 2
14 1
22 1
8 1
11 1
15 1
10 1
13 1
10 1
8 2
15 1
2 1
16 1
21 3
10 1
11 1
10 1
9 1
9 2
31 1
11 1
9 2
7 1
9 1
13 1
8 2
21 1
21 1
7 1
33 1
10 1
12 1
12 1
26 1
13 1
13 1
20 1
12 2
49 1
10 1
16 1
9 1
5 1
11 2
12 1
8 1
2 1
15 1
18 1
11 1
9 1
7 3
16 1
12 1
12 1
9 1
2 1
13 1
16 1
9 2
10 2
32 1
15 1
11 1
41 1
12 1
2 8
8 1
14 1
13 1
6 1
10 1
8 1
12 1
8 1
3 5
15 1
6 2
9 1
7 1
15 1
9 1
8 1
5 1
8 1
10 4
13 1
10 1
6 4
7 2
12 1
9 1
17 1
12 2
5 1
8 1
5 1
15 1
8 1
14 1
57 1
7 2
6 1
2 1
25 1
9 1
8 1
13 3
10 3
23 1
13 2
12 2
15 1
12 1
16 1
16 1
11 1
14 1
13 1
7 1
22 1
12 1
30 1
10 1
7 1
8 1
7 1
8 1
40 1
18 1
15 1
24 1
11 1
26 2
8 1
17 1
6 1
17 2
15 1
16 1
20 3
13 1
9 1
7 1
8 4
7 2
6 3
17 1
9 2
36 1
9 1
13 1
11 1
54 1
10 1
8 1
16 2
6 1
14 1
9 2
24 1
49 1
3 1
10 3
12 1
9 1
17 1
4 6
9 1
14 1
24 1
9 1
12 1
5 4
5 1
11 1
10 2
8 1
13 1
8 1
11 1
2 1
19 1
14 1
10 2
13 1
3 1
35 1
5 3
11 1
31 1
8 1
4 1
15 2
35 2
13 1
4 1
11 1
12 1
6 4
11 2
13 1
11 1
11 1
36 1
22 1
79 1
11 2
10 1
25 1
4 1
17 2
3 4
21 1
12 1
29 1
8 1
6 1
11 1
10 1
13 2
24 1
11 2
12 1
16 1
12 1
12 1
13 1
20 1
5 2
12 1
16 1
13 1
9 1
2 6
16 1
16 1
9 1
5 1
8 1
6 2
10 1
10 1
51 2
14 1
28 1
9 1
16 1
12 1
15 1
5 1
11 3
7 1
8 1
21 1
10 1
11 1
3 1
7 1
11 1
3 1
18 1
9 1
17 1
12 2
9 1
10 1
11 1
15 1
16 1
28 1
14 1
7 1
9 1
26 1
23 1
9 1
16 1
22 1
9 1
11 1
5 7
7 1
15 1
12 1
18 2
27 1
12 5
9 1
16 1
6 1
4 1
17 1
19 1
9 1
16 1
20 1
9 1
8 5
8 1
9 1
3 7
26 5
7 1
23 1
6 1
8 1
10 2
12 1
8 2
3 1
17 1
15 2
13 1
15 2
10 1
16 2
6 2
16 1
11 1
35 1
20 1
19 1
12 1
10 1
6 4
12 1
7 1
15 1
15 1
14 1
9 4
21 1
12 1
11 1
36 1
20 1
9 1
11 1
28 1
8 1
18 1
2 1
39 2
15 1
21 1
21 1
27 1
9 1
7 1
9 3
12 4
13 1
17 1
12 1
10 1
8 1
10 1
2 1
9 1
33 1
12 1
16 1
14 1
14 1
14 1
12 1
11 1
8 1
10 1
10 2
14 1
7 1
12 1
10 1
7 1
26 1
16 1
10 1
13 1
19 1
12 1
11 1
14 1
14 1
9 1
7 1
13 1
8 1
11 1
10 1
9 5
24 1
3 1
11 1
9 1
6 4
11 1
19 1
9 1
19 1
10 1
6 2
26 2
18 2
15 1
11 1
24 1
7 1
5 1
25 1
3 1
16 1
14 1
10 2
4 1
20 1
8 1
13 1
4 1
7 1
16 1
16 1
21 1
13 2
9 1
13 1
17 1
17 1
35 1
2 1
5 2
19 1
17 1
14 1
9 1
23 1
14 2
12 1
8 1
17 1
31 1
25 1
11 1
7 1
17 1
11 1
7 4
9 1
17 1
6 1
27 1
3 6
8 1
2 1
11 1
14 2
6 7
2 1
26 1
6 1
11 1
3 1
12 1
3 2
5 2
6 4
12 1
7 1
22 1
14 1
20 1
31 1
17 3
8 1
6 1
19 1
10 1
8 2
8 1
8 1
24 1
20 1
12 1
11 2
4 3
73 1
7 1
29 1
20 1
8 1
7 1
8 1
29 1
21 1
21 1
14 1
8 2
12 1
10 1
8 1
12 1
18 1
8 1
10 3
7 1
13 1
9 1
16 1
7 1
15 1
4 1
11 1
13 1
16 1
12 1
6 1
10 1
6 1
5 1
10 1
30 1
54 1
15 1
11 1
8 3
15 1
10 1
6 3
2 1
13 1
4 1
20 1
8 1
31 1
18 1
13 1
15 1
10 1
21 1
8 1
13 1
8 2
5 1
10 1
21 1
14 1
28 4
25 1
13 1
9 1
12 1
13 1
7 2
20 1
10 1
17 1
7 1
3 1
14 1
10 1
9 1
7 1
9 1
8 1
14 1
23 1
23 1
19 1
29 1
25 1
13 1
8 7
7 1
24 1
14 1
12 1
17 1
14 1
7 3
20 2
3 6
15 4
11 1
5 5
7 1
7 1
9 2
9 1
4 1
9 1
4 1
10 1
9 1
6 1
18 1
3 1
6 5
11 1
4 1
22 1
11 1
12 1
20 1
10 1
10 1
23 1
16 1
11 1
27 1
32 1
12 1
5 2
25 1
7 1
20 1
6 1
14 1
7 1
8 1
7 1
21 1
8 2
4 1
6 1
14 2
7 4
31 1
8 2
11 1
8 1
10 1
11 1
32 1
13 1
7 1
13 1
13 1
13 1
9 1
19 1
8 1
6 1
13 1
14 1
19 1
12 1
20 1
14 1
9 1
6 2
19 1
15 1
13 1
9 1
9 1
19 1
8 1
18 2
22 2
30 2
4 1
10 1
12 1
6 1
16 1
14 1
10 1
13 1
10 2
10 1
10 1
8 1
7 1
33 1
8 2
12 3
12 2
17 3
23 1
14 1
5 1
22 1
29 1
12 1
9 1
21 1
2 1
6 1
7 1
16 1
14 2
17 1
7 1
6 1
3 1
7 1
19 1
12 2
14 2
16 1
12 1
9 1
14 1
7 2
8 2
23 1
17 1
9 1
13 1
8 1
15 1
14 2
14 1
6 1
20 1
9 1
4 1
11 4
12 1
19 2
13 2
11 2
24 1
8 1
17 1
19 1
55 1
3 3
7 1
10 1
9 1
11 3
4 3
7 2
2 1
11 1
12 1
6 2
8 2
2 5
6 1
21 1
14 3
10 1
5 1
5 2
13 1
12 1
12 1
14 1
20 2
8 2
18 1
10 1
7 1
19 1
2 1
20 2
34 1
14 1
6 1
7 1
11 1
13 1
16 1
6 3
15 1
17 1
25 3
13 1
11 1
19 1
17 1
9 1
7 1
6 4
17 1
18 1
6 1
12 1
17 2
16 4
2 1
11 1
12 1
8 1
17 1
14 1
18 1
13 1
9 1
14 1
12 1
6 2
9 2
6 5
6 4
16 1
14 1
7 1
9 1
21 1
15 1
17 1
17 2
28 2
12 1
5 6
8 3
18 1
8 1
16 1
8 1
12 1
13 1
10 1
18 1
9 1
2 1
17 1
21 1
18 1
9 1
2 1
2 1
16 1
24 1
10 1
13 1
8 2
49 3
24 1
2 1
14 1
19 1
4 3
8 1
12 1
23 2
24 1
16 1
15 1
20 1
11 1
8 2
14 1
8 3
15 1
16 1
13 1
20 1
11 1
13 1
6 1
16 1
3 5
35 1
8 1
9 1
19 1
8 2
14 1
8 6
8 2
13 1
13 1
10 1
15 6
12 1
5 1
6 1
11 1
7 1
21 1
15 1
9 1
14 1
53 3
11 1
19 3
18 1
11 1
15 1
8 4
8 1
5 1
3 1
9 1
12 1
2 1
5 1
6 2
15 1
6 1
18 1
9 4
5 1
8 2
12 1
7 1
9 1
12 1
17 1
12 2
9 1
7 2
14 1
17 1
9 1
4 6
10 1
7 1
8 3
16 1
13 1
13 1
16 1
30 1
14 1
6 1
13 1
20 1
9 1
9 1
10 1
13 1
9 1
16 1
22 1
24 1
16 1
12 1
4 1
77 1
9 1
12 2
35 1
2 1
10 1
11 1
11 1
23 1
5 2
10 1
19 1
7 1
16 1
8 1
11 1
13 1
8 1
8 1
5 2
6 1
13 1
13 1
15 1
12 2
9 1
8 1
17 1
12 1
3 1
11 1
18 1
7 1
7 1
19 1
4 1
2 1
31 1
15 1
13 1
5 2
18 2
9 1
5 1
13 1
8 1
9 2
8 1
7 1
11 2
23 2
19 1
2 1
6 2
11 1
2 1
49 1
10 1
9 1
7 2
29 1
12 1
9 4
17 1
15 1
24 1
10 1
11 1
24 1
16 1
13 1
4 4
12 1
11 2
9 1
7 1
5 1
10 1
7 1
10 1
7 3
13 1
5 1
17 1
45 1
18 1
4 1
11 2
16 1
12 1
8 1
14 1
5 1
5 1
11 1
6 1
7 1
7 1
5 2
61 1
12 1
7 1
9 1
11 1
11 1
15 2
19 4
2 1
14 1
6 1
6 1
26 1
15 1
11 2
8 1
19 1
4 1
6 3
20 1
18 1
13 1
16 1
5 1
17 1
14 1
7 1
15 1
38 1
18 1
7 1
56 1
6 1
17 1
22 1
11 1
8 1
7 1
11 1
15 1
17 1
10 1
17 1
5 1
18 1
8 1
13 1
22 1
4 1
10 1
9 1
7 1
5 1
11 1
15 1
5 1
9 1
9 1
8 1
18 1
10 1
10 1
10 1
5 2
19 1
12 1
11 1
17 1
17 1
10 1
21 2
18 1
19 1
10 1
20 1
12 1
9 2
8 1
11 4
2 1
5 1
23 1
5 1
10 1
7 1
17 1
7 1
13 1
7 1
10 1
9 1
11 1
14 1
10 1
6 1
10 1
21 1
3 2
18 1
12 1
13 1
8 1
7 1
13 1
11 2
13 1
18 1
5 1
11 1
13 1
8 1
3 1
10 1
10 1
11 1
7 1
17 1
8 1
7 1
13 1
10 1
36 1
7 2
17 1
12 1
10 1
22 1
9 1
13 1
28 1
6 1
8 1
17 1
4 1
18 1
9 1
16 1
9 1
8 4
16 1
12 1
10 1
18 3
11 1
18 1
7 2
22 2
12 2
14 2
11 1
9 1
5 1
8 1
25 1
15 2
12 1
18 1
8 1
13 1
6 1
15 1
19 2
11 1
7 1
12 1
8 2
22 1
24 1
35 1
7 1
13 1
12 1
8 2
32 1
16 4
9 1
16 1
6 1
50 2
2 1
7 1
12 1
4 2
13 1
10 1
12 1
12 1
32 1
19 1
7 1
7 2
2 1
17 1
2 1
12 1
16 2
12 1
22 1
7 1
17 1
6 2
17 1
13 1
12 1
19 3
7 1
23 1
7 4
9 1
7 1
22 2
4 5
6 3
11 1
18 1
21 1
10 1
9 1
11 2
3 1
76 1
13 1
3 1
2 1
24 1
8 1
6 1
23 1
9 1
9 1
11 1
29 1
6 1
13 1
9 1
7 1
11 1
15 1
8 1
19 1
22 1
10 1
11 1
14 1
17 3
18 1
3 1
54 1
2 1
10 2
13 1
25 1
12 1
16 2
27 1
6 1
9 2
15 1
20 1
9 1
15 1
16 1
8 1
26 1
9 1
21 1
7 3
10 1
10 1
8 1
3 1
13 1
9 1
14 1
11 1
9 2
15 1
10 1
22 1
14 1
14 2
9 3
18 1
40 1
11 1
3 1
2 1
5 1
55 1
2 1
13 1
27 1
15 1
13 1
11 1
14 1
4 1
7 1
9 1
14 1
21 2
9 1
9 1
13 1
28 1
4 1
12 1
8 2
10 1
11 1
9 1
7 1
6 2
9 1
2 1
9 1
9 1
9 1
9 2
13 1
12 1
25 1
16 1
11 1
46 2
27 1
6 1
13 2
15 1
5 1
3 1
16 1
5 11
13 2
10 1
26 1
2 1
6 3
11 1
8 1
6 1
15 1
14 2
9 1
8 1
32 1
14 1
11 1
11 1
8 2
16 1
16 1
5 1
6 2
7 2
19 1
14 1
8 1
10 1
12 1
12 5
14 1
8 1
9 1
18 2
11 1
17 1
22 1
9 1
17 1
21 4
17 1
10 1
2 2
11 1
4 7
18 2
23 2
7 1
15 1
15 2
8 1
7 2
7 2
9 1
9 1
7 1
30 1
15 1
21 1
28 1
16 1
50 2
9 1
12 2
5 2
21 1
15 1
18 1
15 1
7 1
7 1
10 1
21 1
6 1
21 1
11 1
24 1
2 1
10 1
9 1
14 1
7 5
3 1
17 1
10 1
34 1
8 1
15 1
8 1
3 1
13 1
23 2
3 1
14 1
21 5
25 1
11 1
7 2
12 1
22 1
21 1
25 1
14 1
35 1
13 1
12 1
11 1
17 1
10 1
13 5
18 1
15 1
13 1
21 1
8 2
16 1
23 1
11 1
29 1
11 1
14 1
52 1
13 1
8 1
8 1
6 1
6 1
8 2
15 2
11 1
42 1
9 1
8 1
15 1
15 1
9 1
9 1
12 1
14 1
3 1
10 1
40 2
8 1
7 1
49 1
7 1
16 1
12 1
10 1
19 1
9 2
5 1
9 1
10 1
10 1
2 1
6 1
15 1
12 1
7 1
9 1
12 1
20 1
10 1
15 1
30 1
8 3
36 1
9 3
11 1
24 1
5 1
10 1
11 2
16 2
15 1
18 1
8 1
11 1
12 2
21 1
13 1
13 1
11 1
21 1
2 1
16 1
16 1
15 2
31 1
14 1
21 1
18 1
27 1
19 1
16 1
10 1
11 1
12 2
11 1
20 3
15 1
9 1
5 2
8 1
4 2
15 1
28 2
10 3
19 1
10 1
10 2
3 1
11 1
12 1
17 1
3 1
29 1
23 1
12 1
11 1
8 1
10 1
23 1
17 1
6 2
14 1
17 1
23 1
14 1
9 1
11 1
26 2
9 5
12 2
8 3
10 1
8 1
9 1
8 1
23 2
2 1
11 2
5 2
12 1
10 1
12 2
4 1
2 1
2 1
22 1
9 1
20 1
4 5
7 2
12 1
23 1
21 1
6 1
21 1
6 1
7 3
8 2
3 4
6 1
11 1
22 1
18 1
8 1
9 1
15 1
10 2
6 1
9 1
9 1
9 1
4 1
14 1
16 1
6 2
3 1
14 1
8 1
11 1
18 1
6 1
9 1
28 1
63 1
10 3
17 1
7 1
9 2
19 1
6 1
4 1
12 1
14 1
17 1
15 1
6 1
8 1
14 2
11 1
8 2
2 1
9 4
13 1
24 1
14 1
4 1
4 2
8 1
2 9
13 1
11 2
8 1
7 1
10 1
12 1
9 3
10 1
13 1
22 1
3 7
3 12
16 1
9 2
18 3
11 1
24 1
9 2
9 1
14 1
20 2
22 2
5 1
8 1
11 2
16 2
9 1
11 2
12 1
7 1
15 4
5 1
24 2
5 1
13 1
60 1
26 1
13 1
12 2
15 1
5 1
2 1
13 1
15 1
7 2
15 1
14 1
15 1
5 3
25 1
15 1
35 1
14 1
12 1
6 1
9 1
2 1
8 1
10 1
15 1
2 1
28 1
18 1
14 1
17 1
11 1
6 4
11 1
12 3
9 1
11 1
11 1
16 1
13 1
15 1
13 1
6 1
13 1
11 1
11 2
23 1
9 1
26 1
9 1
15 1
2 1
14 1
7 1
10 2
2 1
11 1
12 1
12 2
17 1
13 2
15 1
10 2
9 2
7 1
7 2
22 1
13 4
7 1
9 1
12 1
13 1
19 1
37 1
7 1
11 1
9 1
43 1
16 1
13 1
6 2
8 1
8 1
13 1
10 1
11 1
13 1
8 6
3 1
21 1
6 1
6 3
9 1
17 1
28 1
5 1
7 1
15 2
7 1
16 1
4 1
10 1
9 1
6 1
6 1
12 2
13 1
5 1
24 1
18 3
19 1
10 1
6 1
11 2
9 1
16 1
16 1
5 1
12 1
9 1
10 1
13 1
7 1
11 1
53 2
2 1
53 1
10 1
2 1
9 1
14 1
38 1
21 1
5 3
8 1
22 1
15 1
13 1
2 1
15 1
8 1
15 3
13 1
25 1
12 1
8 2
10 1
15 1
9 2
2 1
9 1
13 1
15 1
15 1
9 1
44 1
9 1
13 1
11 1
8 1
9 1
10 1
27 1
12 1
10 1
16 1
25 1
11 1
11 1
7 1
4 1
10 1
3 1
8 1
7 1
3 1
18 4
20 1
15 1
12 1
9 1
16 1
9 3
15 1
8 1
7 3
41 1
12 1
8 1
4 1
7 1
22 1
5 1
7 1
3 1
10 7
20 1
18 1
12 1
6 4
35 1
9 1
8 1
16 1
17 1
10 1
9 1
18 1
20 2
4 8
22 1
7 1
15 2
6 1
13 2
19 1
2 1
9 1
12 1
9 1
9 1
12 1
8 2
10 1
20 1
22 1
10 1
9 1
10 2
7 2
34 1
24 1
12 1
5 5
8 1
15 1
20 1
17 1
13 1
2 2
14 1
15 1
5 1
14 1
11 1
11 1
6 2
4 2
2 1
8 2
8 1
53 1
9 1
7 1
14 1
11 1
15 1
6 1
8 1
15 1
9 2
6 3
9 1
23 3
11 1
15 2
21 1
12 1
11 1
16 5
9 1
5 1
13 1
20 1
11 1
2 2
10 1
15 1
9 1
8 1
23 1
12 1
13 1
10 1
2 1
81 1
12 1
2 3
10 1
10 1
7 1
8 1
15 1
9 1
24 1
20 1
10 1
20 1
11 6
11 1
14 2
15 1
12 1
20 1
12 1
11 1
2 1
9 1
4 1
10 1
11 1
10 2
26 1
11 1
2 1
12 1
27 1
8 1
3 5
9 1
10 1
10 1
10 2
9 1
12 1
11 1
16 1
24 1
6 1
20 1
2 1
20 1
17 1
12 1
8 1
12 1
9 1
10 1
10 2
8 1
19 1
23 1
22 1
18 1
7 1
6 1
15 1
20 1
10 2
24 1
10 2
4 1
8 1
10 1
20 1
8 1
8 1
9 1
19 1
3 1
7 1
13 1
26 1
9 1
13 1
34 1
9 2
8 1
8 1
30 1
11 1
31 1
9 1
6 1
6 1
11 1
8 1
52 1
12 1
7 1
22 1
15 1
8 2
26 1
16 2
15 1
12 1
11 1
11 1
6 1
10 1
8 1
49 4
27 2
16 1
49 1
17 1
21 1
20 1
22 1
17 1
8 1
4 2
9 2
13 1
3 8
12 2
7 1
16 2
14 1
10 2
33 1
8 6
12 1
10 2
11 1
19 2
9 2
7 1
5 1
5 1
17 1
15 1
13 1
13 1
8 3
13 3
11 1
15 1
12 1
15 1
20 1
23 1
14 1
12 1
2 1
13 1
9 2
38 1
33 1
14 1
12 1
20 1
13 1
7 1
13 1
12 2
12 1
18 1
13 1
4 1
9 1
11 1
20 1
11 1
13 1
30 1
16 4
14 2
11 1
14 1
12 2
14 2
37 5
15 1
14 1
11 1
8 1
8 1
12 1
10 2
3 9
35 1
2 1
9 2
14 2
8 1
14 1
12 1
22 1
9 1
16 1
6 1
14 1
19 1
17 1
18 1
7 1
2 1
12 1
4 1
17 1
20 1
6 4
6 1
9 1
16 1
15 1
8 1
19 1
9 1
9 1
6 1
43 1
3 2
8 1
11 1
17 1
7 1
8 1
5 1
15 1
18 1
14 1
3 5
10 1
10 1
15 2
20 1
14 1
6 1
12 1
9 1
17 1
7 1
20 2
11 1
13 1
9 1
7 1
23 1
8 2
3 1
13 1
9 1
16 1
2 1
12 1
14 1
13 1
8 1
6 1
8 1
50 1
12 1
13 2
11 2
14 1
51 2
7 1
2 1
8 3
11 1
10 1
15 4
16 1
19 1
15 1
7 1
9 2
10 1
3 1
7 1
11 2
13 1
12 1
16 2
26 1
7 1
40 1
20 1
15 1
10 1
8 1
8 1
7 1
10 1
21 1
7 1
13 1
10 2
13 1
24 1
21 1
4 1
20 1
11 1
10 1
20 2
7 1
11 1
18 1
12 2
7 1
17 1
10 1
14 1
24 1
14 1
13 1
16 1
20 1
4 1
11 1
31 1
17 1
10 1
23 1
21 1
10 1
11 1
10 1
8 1
13 1
6 3
4 2
8 5
19 1
8 1
9 1
27 1
24 1
10 1
2 1
10 1
5 4
8 6
25 1
8 8
38 1
15 1
9 1
8 1
6 2
3 1
14 1
10 1
2 1
11 1
15 1
20 1
5 3
6 1
9 1
13 1
18 1
16 1
10 1
19 1
16 2
6 1
9 1
12 1
23 1
7 1
19 1
6 1
11 2
21 1
15 1
11 1
10 1
18 2
16 2
12 1
10 1
7 1
10 2
9 1
9 1
16 1
28 1
8 1
11 1
5 1
15 1
8 1
2 1
15 1
15 1
9 1
12 1
8 1
8 1
7 2
12 1
11 1
10 3
9 1
6 2
24 3
27 1
15 1
14 1
9 1
18 2
11 1
7 4
28 1
9 1
23 1
11 1
14 1
7 2
8 1
11 1
9 2
13 1
17 1
3 2
12 2
10 1
8 1
2 2
4 1
13 1
18 2
9 1
11 1
9 1
15 1
2 1
3 3
9 1
9 1
10 1
9 5
9 1
11 1
10 1
9 1
9 1
17 1
7 1
10 1
16 2
38 2
10 1
8 1
12 1
44 1
12 1
13 1
15 1
11 1
5 1
6 1
15 1
8 1
22 1
44 1
19 1
8 1
13 1
15 1
9 1
14 1
12 1
21 2
6 1
28 1
15 1
13 1
2 1
2 1
17 1
23 1
3 1
11 1
16 1
7 1
7 1
3 1
9 1
38 1
11 1
18 1
9 1
18 1
8 1
8 1
6 1
11 2
17 1
15 1
23 1
7 1
22 1
4 1
7 1
11 1
18 1
7 1
14 1
7 2
26 1
23 2
9 1
9 1
13 1
12 1
13 1
11 1
8 1
8 4
41 1
13 1
15 1
6 1
12 1
7 1
12 1
6 1
13 1
20 1
7 1
25 1
10 2
9 1
26 1
7 1
16 1
6 2
32 3
5 1
9 2
11 1
7 1
34 1
10 1
17 1
2 1
3 1
14 1
8 2
23 2
3 1
9 1
12 2
15 1
20 1
12 1
13 1
10 1
14 1
10 1
10 4
12 1
2 5
18 1
12 4
17 1
11 1
26 1
13 2
21 1
12 1
8 1
13 1
13 1
9 1
15 1
9 1
11 1
7 1
6 1
18 1
2 1
7 1
19 1
13 1
14 1
9 1
10 1
2 1
4 2
16 1
12 1
6 1
15 1
3 1
18 1
16 1
9 1
10 1
13 1
7 1
3 1
2 1
10 1
49 2
14 1
10 1
18 1
9 1
8 1
9 1
11 4
10 1
22 1
11 1
7 2
14 1
5 4
13 1
16 2
10 1
2 6
8 1
19 1
11 2
10 1
6 1
6 2
