0 1
1 1
0 1
0 1
1 1
4 2
0 1
3 1
6 5
0 1
0 1
1 1
1 1
1 1
0 1
3 1
0 1
2 1
4 1
0 1
0 1
0 1
9 1
0 1
3 1
1 1
1 1
0 1
0 1
1 1
7 2
2 1
0 1
1 1
1 1
0 1
2 1
2 1
4 1
0 1
0 1
0 1
2 1
0 1
1 1
0 1
2 1
0 1
1 1
4 1
3 1
0 1
2 1
0 1
1 1
2 1
0 1
1 1
1 1
23 1
1 1
0 1
5 1
0 1
6 1
0 1
0 1
0 1
0 1
3 1
1 1
0 1
1 1
1 1
3 1
4 1
0 1
0 1
0 1
6 4
0 1
3 1
0 1
1 1
2 1
2 1
0 1
0 1
0 1
1 1
1 1
6 1
0 1
0 1
2 1
0 1
0 1
0 1
2 1
9 1
0 1
0 1
10 4
5 1
2 1
0 1
1 1
0 1
3 1
0 1
0 1
0 1
0 1
1 1
3 1
19 5
6 1
0 1
2 1
1 1
9 2
0 1
1 1
0 1
2 1
1 1
3 1
13 5
0 1
1 1
0 1
1 1
0 1
0 1
1 1
1 1
1 1
0 1
1 1
0 1
0 1
6 1
3 1
0 1
1 1
2 1
3 1
0 1
0 1
1 1
4 2
3 1
2 2
16 1
7 1
0 1
0 1
0 1
0 1
0 1
0 1
0 1
14 1
0 1
0 1
0 1
1 1
4 3
0 1
0 1
1 1
1 1
1 1
1 1
0 1
0 1
3 1
3 1
6 2
0 1
0 1
1 1
0 1
1 1
0 1
0 1
0 1
12 1
2 1
3 1
1 1
0 1
0 1
1 1
2 1
0 1
3 1
2 1
0 1
0 1
1 1
3 2
0 1
0 1
0 1
6 1
4 1
3 1
0 1
0 1
0 1
6 2
2 1
0 1
0 1
0 1
0 1
1 1
0 1
0 1
1 1
1 1
3 1
0 1
0 1
5 3
0 1
2 1
0 1
8 5
5 1
1 1
4 2
1 1
0 1
1 1
0 1
3 2
1 1
1 1
0 1
0 1
0 1
3 2
0 1
3 1
0 1
0 1
0 1
0 1
0 1
0 1
2 1
0 1
0 1
0 1
1 1
0 1
4 1
1 1
0 1
0 1
1 1
0 1
1 1
1 1
11 2
0 1
0 1
9 3
0 1
3 2
2 1
0 1
7 1
0 1
1 1
1 1
0 1
1 1
0 1
0 1
0 1
13 5
3 1
4 1
6 2
2 1
0 1
0 1
2 1
0 1
0 1
7 1
1 1
1 1
0 1
4 1
0 1
0 1
14 2
4 1
1 1
2 1
2 1
2 1
1 1
2 1
0 1
4 1
2 1
0 1
0 1
1 1
4 1
0 1
0 1
1 1
0 1
0 1
0 1
1 1
0 1
0 1
1 1
0 1
3 1
0 1
9 1
0 1
0 1
0 1
1 1
4 1
0 1
1 1
0 1
0 1
0 1
8 1
0 1
0 1
2 1
1 1
0 1
1 1
0 1
0 1
2 1
5 2
4 1
3 1
6 2
8 2
1 1
1 1
1 1
0 1
0 1
2 1
2 1
1 1
0 1
0 1
0 1
3 1
0 1
1 1
0 1
5 1
0 1
0 1
1 1
0 1
0 1
1 1
0 1
0 1
0 1
4 1
2 1
2 1
0 1
0 1
1 1
2 1
9 1
14 1
0 1
0 1
3 1
1 1
4 1
2 1
0 1
0 1
1 1
0 1
0 1
0 1
1 1
1 1
1 1
0 1
0 1
0 1
0 1
0 1
0 1
1 1
2 1
1 1
0 1
1 1
3 1
0 1
0 1
0 1
0 1
3 1
0 1
0 1
5 1
0 1
2 1
2 1
5 1
6 1
5 1
7 1
0 1
20 1
0 1
6 2
1 1
2 1
0 1
0 1
0 1
8 2
0 1
1 1
1 1
1 1
1 1
0 1
7 1
3 1
0 1
1 1
0 1
2 2
3 1
0 1
1 1
6 1
0 1
0 1
1 1
2 1
4 1
1 1
0 1
1 1
1 1
1 1
0 1
1 2
2 1
0 1
0 1
0 1
0 1
0 1
1 1
1 1
0 1
1 1
2 1
7 1
0 1
0 1
0 1
0 1
0 1
2 1
0 1
3 1
0 1
1 1
0 1
1 1
0 1
1 1
0 1
0 1
1 1
10 3
1 1
2 1
1 1
1 1
0 1
8 1
2 1
1 1
14 1
2 1
0 1
1 1
7 2
3 1
3 2
0 1
1 1
1 1
2 1
4 1
0 1
1 1
1 1
0 1
7 1
0 1
0 1
0 1
0 1
1 1
0 1
1 1
1 1
2 1
1 1
2 1
1 1
2 1
0 1
2 1
2 1
1 1
1 1
0 1
1 1
6 4
1 1
1 1
0 1
0 1
1 1
0 1
0 1
1 1
0 1
0 1
7 2
0 1
0 1
1 1
0 1
2 1
0 1
0 1
1 1
1 1
3 1
1 1
0 1
8 2
0 1
0 1
1 1
0 1
9 1
0 1
1 1
2 1
0 1
0 1
1 1
4 1
2 1
5 2
4 1
1 1
5 1
1 1
1 1
2 1
1 1
1 1
10 1
1 1
0 1
6 1
0 1
1 1
3 1
0 1
5 1
3 1
0 1
1 1
0 1
2 1
1 1
0 1
0 1
1 1
3 1
2 2
4 1
0 1
4 2
2 1
1 1
1 1
3 2
0 1
0 1
1 1
0 1
2 1
10 4
0 1
0 1
0 1
3 1
0 1
0 1
0 1
0 1
0 1
0 1
1 1
0 1
0 1
0 1
1 1
1 1
0 1
0 1
1 1
0 1
0 1
4 2
0 1
0 1
0 1
1 1
1 1
0 1
2 1
1 1
5 1
0 1
0 1
2 1
2 1
0 1
0 1
0 1
10 1
0 1
0 1
7 1
12 1
0 1
1 1
0 1
2 1
2 1
4 1
0 1
0 1
0 1
0 1
1 1
0 1
2 1
1 1
4 1
0 1
0 1
0 1
0 1
6 1
0 1
0 1
1 1
0 1
0 1
0 1
3 1
0 1
0 1
8 1
0 1
0 1
0 1
0 1
1 1
6 1
0 1
0 1
4 1
0 1
0 1
1 1
2 1
1 1
7 2
1 1
1 1
0 1
0 1
0 1
0 1
2 1
0 1
1 1
0 1
4 1
3 1
0 1
4 3
10 2
3 1
2 1
1 1
1 1
0 1
0 1
0 1
7 1
1 1
4 2
0 1
2 1
0 1
0 1
8 2
1 1
0 1
0 1
0 1
2 1
0 1
2 1
1 1
0 1
13 4
4 1
0 1
7 3
8 4
0 1
1 1
4 1
0 1
1 1
0 1
0 1
1 1
2 1
2 1
2 1
1 1
1 1
8 5
1 1
0 1
0 1
0 1
0 1
1 1
1 1
1 1
0 1
6 1
1 1
2 1
0 1
0 1
0 1
0 1
1 1
0 1
2 1
1 1
1 1
1 1
0 1
1 1
0 1
0 1
4 1
1 1
1 1
0 1
0 1
2 1
0 1
0 1
0 1
2 1
10 3
1 1
0 1
0 1
1 1
1 1
0 1
0 1
0 1
0 1
7 1
0 1
0 1
0 1
0 1
1 1
0 1
0 1
0 1
0 1
0 1
0 1
0 1
0 1
0 1
3 1
0 1
0 1
4 1
0 1
0 1
0 1
2 1
0 1
3 1
0 1
0 1
2 1
0 1
10 1
0 1
0 1
0 1
2 1
6 2
0 1
0 1
2 1
0 1
0 1
1 1
3 1
0 1
1 1
16 4
0 1
2 1
0 1
0 1
0 1
0 1
0 1
1 1
0 1
0 1
0 1
2 1
0 1
4 1
2 1
2 1
1 1
2 1
0 1
1 1
11 4
0 1
0 1
7 1
2 1
7 1
7 1
1 1
0 1
0 1
0 1
1 1
0 1
3 1
8 2
1 1
0 1
0 1
0 1
1 1
1 1
0 1
9 1
2 1
0 1
0 1
0 1
0 1
0 1
5 1
0 1
0 1
1 1
1 1
0 1
1 1
1 1
3 1
3 1
0 1
1 1
3 1
0 1
4 1
1 1
0 1
0 1
4 1
5 1
8 2
4 1
6 1
2 1
2 1
0 1
0 1
1 1
1 1
1 1
0 1
5 3
0 1
0 1
0 1
0 1
0 1
0 1
0 1
0 1
0 1
0 1
0 1
0 1
2 1
4 2
0 1
1 1
12 1
0 1
2 1
2 1
7 3
0 1
1 1
0 1
2 1
7 1
2 1
2 1
9 1
9 1
2 1
1 1
0 1
2 1
0 1
1 1
0 1
10 3
1 1
2 1
1 1
0 1
0 1
0 1
0 1
10 1
0 1
0 1
3 1
0 1
1 1
1 1
7 1
0 1
0 1
0 1
0 1
1 1
0 1
