0.00111385 0.0231099
0.000746994 0.0363439
2.56805e-05 0.235849
0.000553717 0.0154604
0.000485568 0.0508911
4.62893e-07 0
0.00013782 0.0274038
2.54533e-05 0.185714
0.00234377 0.0627429
2.90381e-05 0
7.7782e-05 0.016092
8.32504e-05 0.0714286
0.000374111 0.0443238
0.000307593 0.0249433
0.000776974 0.0394541
0.00416069 0.0140781
2.86257e-05 0.0190476
0.000580084 0.0806565
9.13683e-05 0.0789474
0.000280275 0.0637409
0.000681184 0.00926108
0.000141894 0.0161943
0.00188882 0.0160623
0.00109546 0.0139421
0 1
0.00102209 0.080893
0 1
0.000151494 0.0343915
0 0
0.000100021 0
2.68113e-06 0.166667
4.42212e-05 0.166667
0.00042872 0.0382775
4.29724e-05 0.152381
0.0254875 0.00281248
0.000262507 0.0754936
0.000260824 0.0144558
0 0
5.04694e-06 0.242424
0 0
0.00156423 0.00705053
0.000152721 0.0138776
9.73946e-05 0.0735736
3.76635e-05 0.0666667
3.08968e-05 0.0343915
1.75547e-06 0
0.00957372 0.0357287
0.00035667 0.0759241
0.00221271 0.0147832
0.00137671 0.0380429
2.95118e-05 0.2
3.42879e-06 0.528139
0.00017131 0.138763
0.00011424 0.003003
0.000285201 0.021041
9.44095e-05 0.0796586
0.00145858 0.0121669
0.0002046 0.0412429
0.00153824 0.0122242
0.0030399 0.0317218
3.74871e-05 0.114114
3.03678e-05 0.355556
7.00327e-06 0.0666667
9.12144e-05 0.0905797
2.5899e-06 0
0.000280682 0.0660522
0.0035956 0.0255463
3.0727e-05 0.0606061
0.00168594 0.00705428
2.59594e-07 0.333333
0.000108714 0.0675301
2.86577e-05 0.0641026
7.86486e-07 0.4
4.67594e-07 0.3
0.00174374 0.00605923
0.00012304 0.0698413
7.8014e-08 0.666667
1.56557e-07 0
2.13835e-05 0.0888889
0.000349799 0.0372907
6.01534e-05 0.0802139
0.000588898 0.0320142
0 0
0.000325455 0.225529
0.000312885 0.0660694
0.000760789 0.0214607
0.000184122 0.11
4.52723e-06 0.1
0.000118555 0.108871
5.78607e-05 0.134921
9.57345e-06 0.233846
0.00170776 0.00818398
0.000271921 0.0190375
0.000871026 0.15356
9.30501e-05 0.138095
0.000691065 0.023668
8.25579e-05 0.00952381
0.000872421 0.0132773
8.58659e-05 0.0666667
0.000789305 0.0449455
0.000103515 0.0130719
7.8014e-08 0.666667
0.00033646 0.152475
0.00138124 0.0708942
0.000615005 0.016559
7.1224e-05 0.0270936
9.50218e-05 0.105263
0.000125356 0.298097
2.01122e-05 0.527273
6.63168e-05 0
0.000267485 0.0364912
0.00128947 0.026674
0.00078796 0.0176238
0.000202974 0.199391
8.85173e-05 0.048433
0.00285252 0.0170182
0.000197667 0.0489796
4.87415e-05 0.0701754
3.16773e-05 0.0987903
0.000140955 0.037234
0.000300905 0.0383632
0.000114295 0.02
0.000604631 0.0382485
1.81437e-06 0.2
3.65649e-05 0.043956
0.00118909 0.0252973
6.322e-05 0.0526316
1.25438e-06 0
0.00105327 0.0202227
2.93211e-05 0.047619
0.000100224 0.0374332
0.000737389 0.0142932
0.000433615 0.0208639
3.37505e-05 0.166667
0.000102146 0.0771526
0.000956776 0.00793576
9.58707e-05 0.0359848
0.00159231 0.0172172
5.41473e-07 0.666667
2.46797e-05 0.255411
0.00136593 0.0158152
0.000395513 0.0357895
0 0
0.00480105 0.0269898
0.000170375 0.0137931
0.000453739 0.0170882
1.64204e-06 0.428571
1.18818e-05 0.245059
1.77131e-06 0.333333
0.000618853 0.0266972
2.24798e-05 0.0571429
0.00293103 0.0270777
0.000172128 0.0365591
0.000301934 0.179361
7.08851e-08 0
0.000282023 0.27844
0 1
0.00131542 0.0114243
0.000248949 0.074359
2.83965e-05 0.2
8.7769e-05 0.432316
5.53457e-07 0
0.000169186 0.0962567
0.000131188 0.0320197
3.25989e-05 0.103896
0.000182243 0.0825826
0.000288247 0.0285714
7.51601e-05 0.037037
8.94582e-05 0.0633333
9.32662e-06 0.0641026
8.16101e-06 0.0545455
0.00158423 0.01199
0.000890469 0.0236915
0.000335072 0.0569801
5.63918e-05 0.0588235
0.00329424 0.00353331
0.000256333 0.0426587
0.00131525 0.0156554
5.88347e-05 0.00584795
6.9096e-05 0.0911681
0.00027521 0.190395
1.82206e-06 0
7.21892e-05 0.184211
7.08851e-08 0.666667
0.000643217 0.130896
0.00168878 0.066573
0.000656512 0.103077
2.53866e-06 0.2
5.8009e-08 0
0.00185782 0.0436262
0.000860489 0.0124486
0.000146706 0.132927
0.00392761 0.0916854
0.000193638 0.0281955
4.63072e-05 0.0423387
8.19699e-05 0.0354374
0 0
0 0
0.0012823 0.0608438
5.02893e-08 0
0.000139423 0.0817204
4.48967e-05 0.06
8.70532e-05 0.0565657
1.1141e-05 0.333333
1.37961e-06 0.0952381
0.00311299 0.038408
0.0025507 0.0109285
0.000104349 0.0498339
2.76716e-05 0.104575
0.000472988 0.020614
1.59286e-06 0.0952381
0.000319214 0.0310284
2.87288e-07 0
6.54887e-06 0.0454545
8.3115e-06 0.021978
0.000310527 0.0800732
0.00273445 0.0117588
0.00818766 0.00484529
4.51965e-06 0.27619
3.11506e-05 0.0909091
0.00245058 0.00972328
0.000334198 0.0162465
0.000597233 0.0432773
1.17209e-05 0.133333
4.05981e-06 0.0833333
0.0298039 0.00161477
1.98195e-05 0.269231
0.00020079 0.0305195
4.0486e-05 0.233918
0 0
9.41244e-06 0.333333
0.000167105 0.0120968
0 0
0 0
3.87278e-05 0.021978
2.94252e-05 0
9.21256e-07 0
5.11848e-07 0
0 0
0.00140887 0.0235018
0 0
4.33116e-06 0
1.22293e-05 0.166667
0.000429475 0.0075188
0.00064332 0.101125
3.02818e-05 0
0.000134871 0.0365591
0 0
5.32398e-06 0
2.55487e-06 0.2
0 0
0.00253833 0.0935802
0 0
8.65057e-06 0.472527
0 0
8.02273e-05 0.0144928
0 0
2.31583e-06 0
3.7276e-07 0
0 0
6.18915e-05 0.0952381
0 0
7.02011e-06 0.321429
0.00402966 0.065928
0 0
0.00116861 0.0116749
1.19911e-05 0.142857
1.55198e-05 0.043956
0 0
7.02011e-06 0.321429
8.8339e-05 0
0 1
0.00138905 0.0232008
0 0
0.000140298 0.010084
4.66779e-07 0.166667
0 0
5.4524e-07 0
0 0
3.10153e-07 0
9.55849e-08 0
0.0019733 0.010398
0.000667339 0.00963046
0.00143748 0.0199942
0.00279532 0.0765774
0 1
2.85441e-05 0
1.72634e-06 0
0 0
0 0
0.00135403 0.0211172
2.45037e-07 0.4
2.34089e-05 0.032967
0 0
6.48485e-05 0.034188
2.93344e-05 0
0 0
0 0
5.74964e-05 0
0 0
2.85441e-05 0
5.72245e-05 0.0514706
7.21813e-06 0.285714
3.40547e-05 0.022792
0 0
2.85441e-05 0
0 0
0 0
4.20036e-06 0
0.000257 0.0177187
9.54544e-07 0
3.16289e-05 0.0222222
0 0
0.000281623 0.0187538
4.74094e-06 0.0222222
0 0
6.34079e-06 0
0 0
0.000359484 0.0294486
0 0
0.000517537 0.206705
4.37867e-06 0.0357143
0 0
5.73558e-06 0.0909091
0.000434882 0.0156579
0 0
9.41244e-06 0.333333
7.02011e-06 0.321429
0 0
1.29557e-06 0
0 0
0.000669396 0.0595362
0.000407671 0.0372671
0 0
7.02011e-06 0.321429
8.95649e-07 0
4.17989e-06 0.047619
0.00225452 0.11299
0.000464718 0.0560224
3.09415e-05 0
0.000194121 0.0661224
2.85441e-05 0
0 0
0.000233811 0.0171717
0.000134164 0.042042
4.51527e-06 0.0666667
2.8607e-05 0
0.000128483 0.04
1.16099e-07 0
0.00145256 0.00888808
9.18136e-06 0.0416667
0.000202748 0.030303
2.90459e-06 0.266667
1.21628e-06 0.166667
0.00077766 0.0064688
1.12626e-06 0
0.00066964 0.00525984
0 1
0 0
0.000101441 0.0549451
5.75886e-05 0.0707692
0.00108746 0.133416
3.21467e-05 0.129231
4.99793e-05 0.0222222
0.000800477 0.0216847
2.89982e-05 0
0.000369235 0.00085034
4.05766e-06 0.2
0.000767079 0.0238926
0 0
0 0
9.21135e-05 0.365729
5.56587e-07 0
2.87657e-08 0.333333
0.00127037 0.0216435
8.69135e-07 0.466667
0.00149997 0.0090383
0.0307986 0.00190721
0 0
9.59909e-05 0.137931
0 0
0.00728472 0.0252914
3.03423e-06 0
0 0
0 0
1.07595e-06 0
4.75823e-06 0
0 0
1.57197e-06 0.166667
0.000574133 0.0531187
1.07586e-07 0.5
2.35882e-06 0
9.60483e-05 0.025
0 0
0.045433 0.00343866
3.38979e-05 0.142253
5.26885e-05 0.184669
0.00133274 0.0147742
0.000406351 0.0706199
0.000189241 0.0719281
0.00330956 0.0166811
0.000189071 0.0871497
3.79068e-05 0.180952
0.00569012 0.0110629
1.09164e-05 0.0952381
0.000624745 0.0369541
0.00112529 0.0172414
5.08743e-06 0.138889
0.0034474 0.0723575
0 1
2.96598e-05 0.1
4.22361e-07 0.5
3.28946e-07 0
0.000638319 0.022042
9.55831e-05 0.138889
9.46774e-06 0
0.00345628 0.0171412
2.76495e-06 0.166667
0 0
8.34574e-05 0.390476
0 0
8.92857e-05 0.00952381
2.08614e-05 0.0897436
0 0
2.97543e-05 0.10989
3.22803e-05 0.30303
1.36343e-05 0.4
0.000231186 0.0187075
2.30395e-05 0.151515
2.91693e-05 0.0326797
0.000109569 0.0344828
0 0
0 0
4.48764e-06 0.0666667
0.00186611 0.0137924
0 0
1.31091e-05 0.0384615
3.62252e-05 0.0512821
5.95954e-06 0.0666667
0 0
5.90202e-05 0.08
0.000375367 0.0154278
0.000150465 0.03433
4.25923e-06 0.194444
2.21407e-07 0
0.000145426 0.106061
0.00031255 0.279324
0.000130515 0.109179
5.54387e-05 0.0421053
0.000156537 0.0422323
0 0
1.46489e-05 0
0.000216788 0.0582011
0.000187478 0.078629
2.9536e-05 0.0666667
9.51515e-07 0.5
2.85441e-05 0.333333
7.56882e-05 0.0238095
4.26341e-05 0.25
3.037e-05 0.010989
0.000362576 0.250756
0.000121159 0.0255517
0 0
0.000411925 0.0253061
2.79181e-06 0
0 0
5.95763e-06 0.483333
0.000165199 0.0262626
1.09902e-07 0
5.07798e-06 0.1
2.84215e-06 0
0.000152679 0.0752688
8.71464e-07 0.5
5.5955e-05 0.0641026
0.000117886 0.038961
2.15861e-05 0.212121
0.000403837 0.00981013
8.10894e-06 0
2.57532e-05 0.180952
0.000444883 0.04
0.000112221 0.142857
6.10005e-05 0.0661765
1.88824e-05 0.0727273
2.42454e-06 0.1
0 1
4.34764e-07 0.333333
8.46066e-05 0.017094
6.39581e-05 0.043956
7.16321e-06 0.444444
9.1176e-06 0.107143
0 0
0.000105256 0.031746
0 0
1.2027e-06 0.466667
0 1
8.24465e-05 0.0833333
0 0
0.00202068 0.00527623
0 0
0.000143856 0.0209644
3.68079e-06 0.285714
0.000109735 0.34699
3.53874e-05 0.133333
1.21192e-05 0.296296
7.22836e-05 0.0291005
0 0
4.17243e-05 0.247619
0.000119777 0.0512821
0.00305267 0.0726064
0 0
0 0
9.32782e-05 0.0374332
3.59929e-06 0.142857
2.89498e-05 0
0.000411548 0.0177156
0.000373056 0.0244361
6.31799e-06 0.1
5.09123e-05 0
1.32205e-05 0
9.76155e-06 0.19697
0.0001054 0.0584795
0.000898135 0.0113907
3.63367e-06 0
3.56881e-05 0.111111
9.4776e-05 0.020202
0.000988047 0.0447052
6.55547e-05 0.121212
2.38181e-06 0
1.27658e-06 0.333333
8.78399e-06 0.194444
0.000126875 0.367282
1.86332e-06 0.4
5.04739e-05 0.0333333
6.98396e-07 0
4.67563e-07 0
4.68761e-06 0.3
9.52384e-06 0.2
0.00143079 0.0692537
0.000813612 0.025216
0 1
0 0
3.49469e-05 0.178571
0.000139992 0.0758621
0.000146403 0.0630631
0.00144759 0.0641899
3.25486e-05 0.107143
3.70916e-05 0.106061
0.000189384 0.0274987
0.00020925 0.04209
3.84165e-06 0.214286
0.000537793 0.0525947
3.91263e-05 0
9.81264e-05 0.0238095
1.21199e-05 0.0641026
0.000193794 0.300654
0.000452862 0.0379578
5.33937e-05 0.0718954
0.000740621 0.032345
2.74038e-05 0.0147059
2.04466e-05 0.0441176
6.23995e-05 0.177778
7.43391e-05 0.0047619
9.4202e-05 0.0333333
0.00169566 0.0162602
3.51181e-05 0.30303
1.22762e-05 0.128205
3.37845e-05 0
3.70912e-05 0.0181818
0 0
2.76415e-05 0.121212
5.74338e-05 0.0451613
5.72327e-05 0.2
0.000314433 0.205134
0.000206652 0.037037
4.75894e-05 0.224638
0.000389769 0.0324074
2.91569e-05 0
1.0627e-05 0.0363636
0.00012925 0.031339
8.89019e-05 0.0826211
3.69539e-06 0.285714
0.000297973 0.0137881
1.07733e-05 0
0.000399574 0.0232497
6.6236e-07 0
5.16888e-06 0.0666667
3.11744e-07 0
5.52496e-05 0.047619
7.39533e-05 0.0735931
2.22939e-06 0.2
0.000233263 0.221744
0 1
0.0045416 0.0333564
6.32074e-05 0.215789
4.37801e-05 0.0445633
4.84123e-05 0.0289855
0.00115727 0.0505077
0.000155444 0.0666667
4.08318e-07 0
0.00421823 0.0274835
2.90684e-05 0.133333
8.75718e-06 0.109091
4.97817e-05 0.04329
1.11477e-05 0.047619
3.76611e-06 0.333333
3.2078e-06 0.2
1.22869e-05 0.0606061
2.85441e-05 0
3.0064e-05 0.0294118
1.89568e-05 0
0 0
9.31478e-06 0.227273
8.93091e-05 0.0222222
4.4237e-05 0.133333
2.01112e-06 0
2.95733e-05 0
5.09432e-05 0.390999
6.4354e-05 0.152381
9.29427e-06 0.047619
4.1593e-06 0.4
3.48424e-05 0.0444444
0.000143932 0
0.000125691 0.0377104
6.84357e-07 0
0.000198077 0.0197445
2.65755e-06 0
0.000149613 0.0499419
2.71169e-05 0.0220588
0.000565539 0.0147368
0.000154907 0.0285563
0 0
2.64296e-07 0
1.79045e-05 0.169591
3.20213e-05 0.190476
0.00057555 0.0635827
0.0002639 0.0285714
5.62149e-05 0.034188
3.16349e-05 0
3.50403e-06 0.190476
0.000120477 0.03003
7.76038e-05 0.0405405
4.23389e-06 0.266667
0.000295437 0.0155794
3.64159e-05 0.0666667
0.000158397 0.0490196
4.04903e-06 0.0357143
4.05308e-05 0.0418719
2.85518e-05 0.333333
9.39095e-05 0.0661765
6.65998e-06 0.0666667
2.19026e-05 0.0222222
2.85441e-05 0.333333
1.00513e-06 0.333333
0.000516818 0.0287975
1.68528e-05 0
2.54437e-05 0.0769231
1.93695e-05 0.2
0.000290664 0.0432331
4.91636e-06 0.166667
0.000615089 0.0143003
0.000410569 0.00852515
2.58889e-05 0.133333
1.34074e-05 0.047619
6.42652e-05 0.0357143
0 0
5.51748e-06 0.0952381
0.000435781 0.03125
1.63589e-07 0.4
0.000926976 0.0209457
8.05272e-05 0.0190476
9.3689e-05 0.0222222
2.16002e-06 0.333333
3.83289e-06 0.333333
0.000122452 0.0735632
0.00104315 0.014763
2.94982e-05 0.0350877
0 0
0 0
0.000117495 0.0513834
4.95106e-05 0.192308
1.79987e-05 0.142857
0 0
0.000375125 0.0298701
6.42266e-05 0.027668
1.12383e-06 0
7.69473e-06 0.166667
1.74051e-06 0
0 0
0.00012187 0.0416667
0 0
7.12458e-07 0
1.35365e-05 0.0181818
7.24818e-05 0.0266667
0.000465149 0.171046
3.07404e-06 0
2.89524e-05 0
0.00123187 0.00478821
3.51149e-05 0.0952381
4.32401e-06 0.142857
1.38273e-06 0.166667
0.000119664 0.0473684
0 0
0.000446498 0.0237342
4.03739e-05 0.0190476
0.00010523 0.021978
0 0
3.94189e-06 0
0.00227194 0.0115495
0 0
9.2529e-05 0
2.94666e-05 0.3
0 1
0.000311307 0.239343
2.08506e-07 0.333333
1.14401e-05 0
1.99977e-05 0.0128205
0.000191787 0.0510511
0.00018079 0.0296296
2.9859e-06 0.047619
1.42136e-05 0.120879
1.19125e-06 0.285714
0.000233371 0.0276558
0.000995137 0.0129026
4.52464e-05 0.0549451
6.98691e-06 0
4.85466e-06 0
0.000407365 0.0243697
9.77022e-05 0.00735294
2.04488e-05 0
0.000108784 0.0600601
0.000232794 0.015083
0.000666994 0.00608828
2.07565e-05 0
1.90381e-06 0.0666667
0.00168523 0.00911939
5.26653e-05 0.145455
8.64481e-06 0.155556
0.000144541 0.0197628
0.000106184 0.159091
2.65428e-05 0.0666667
0 0
0.000131476 0.0387097
7.77697e-06 0.528736
8.7863e-07 0
0.000444785 0.0500782
2.48288e-06 0
0 0
0.000642081 0.0786399
3.20933e-05 0.047619
0 1
1.84948e-06 0.0666667
2.67063e-06 0
1.39689e-05 0.346405
2.22417e-05 0.133333
5.24689e-05 0.428571
4.70335e-06 0
1.68624e-06 0.2
5.26383e-06 0.0357143
0 0
7.41909e-05 0.021978
0 1
7.20524e-06 0.3
0.000507002 0.0216142
7.04204e-05 0.0367647
2.46631e-07 0
1.44882e-05 0.0181818
0.000315984 0.0453242
1.37462e-05 0.047619
0 0
0.000655047 0.0878558
7.45919e-05 0.0142857
9.20221e-05 0.110526
1.68772e-05 0.1
4.32036e-05 0.0326797
1.02562e-05 0.0545455
7.33848e-05 0.0236559
0.00132349 0.0119904
4.56041e-05 0.114286
2.89932e-07 0.666667
6.40344e-07 0.266667
0.000312652 0.0226142
0 0
6.58952e-06 0.333333
4.78401e-05 0.0555556
4.08318e-07 0
0.000199558 0.221538
2.71595e-05 0.0641026
6.20741e-05 0.032967
1.31445e-09 0.833333
0 0
0.000433627 0.0340376
0.000724228 0.0247093
4.03727e-06 0
0.00252821 0.0115697
3.67208e-05 0.08
0.000146482 0.0439024
0.00144285 0.0517344
2.36702e-07 0.733333
2.37039e-05 0.147059
5.15424e-05 0.010989
7.41951e-06 0.142857
0.000181879 0.0362976
0 0
8.62329e-06 0.166667
0.000183279 0.0486275
9.8248e-05 0.0643275
0.00114207 0.0142438
0.000514712 0.024325
6.11814e-05 0
0.000435023 0.0134825
0 1
5.88468e-05 0.0397727
0.000292764 0.0738204
5.70874e-05 0
0 1
0.001476 0.0135389
1.35312e-06 0
8.81622e-05 0.0266667
0.000124442 0.103333
0.000364699 0.0230415
2.31894e-05 0.0909091
5.21235e-05 0
0.000143885 0.0708479
0.000830274 0.0116801
4.09652e-05 0.0421053
0.000142359 0.0280488
0.000283881 0.0966576
0 0
5.47115e-06 0
2.58169e-06 0.166667
0.000138933 0.0190476
3.24885e-06 0
0.00200604 0.00715425
2.90742e-05 0.102564
0.000329629 0.172955
0.000170479 0.0391156
0 0
0.000182812 0.192006
7.78127e-07 0.666667
7.28679e-05 0.0989011
4.15919e-06 0.585714
0.00069439 0.0108314
3.61283e-05 0.363636
5.95235e-05 0.2
4.84002e-07 0.333333
0.000257905 0.0166667
0.000334481 0.0621849
0.0014706 0.0498688
6.62755e-05 0.0809524
3.85831e-06 0.166667
4.38709e-06 0
1.52469e-05 0.0727273
0.000298134 0.0294118
0 0
1.14229e-07 0
0.00101488 0.0427849
1.36728e-07 0
0 0
0.000479223 0.00786749
2.58408e-06 0.047619
2.6018e-05 0.0714286
3.11673e-05 0.166667
2.41816e-05 0.209524
0.000261193 0.0195936
0 0
0.000173527 0.0525641
9.68537e-06 0.142857
9.83714e-05 0.037037
0.00397237 0.036075
4.08318e-07 0
2.12924e-05 0.0849673
0.000107867 0.0995671
7.85503e-05 0.0784314
6.78713e-05 0.0409357
0 0
0.000189138 0.0670732
7.9352e-06 0
8.25686e-05 0.125
8.2031e-06 0.142857
4.20755e-05 0.111111
0.00135878 0.124952
0.000100965 0.0113636
1.78071e-06 0.277778
0.000143564 0.0906568
1.95685e-06 0
4.10864e-05 0.104762
5.15269e-05 0.0769231
0.000160872 0.0418118
4.60181e-05 0.12043
1.3186e-05 0
1.28286e-05 0.010989
3.36003e-05 0
4.91093e-07 0
1.94461e-05 0.152381
2.19302e-05 0.157895
1.41144e-05 0.49915
6.30585e-05 0.0357143
9.26499e-05 0.0727273
0 0
1.78038e-06 0.166667
0.000109461 0.0151261
0.000104546 0.0435897
3.26052e-06 0
3.07319e-05 0.0555556
3.1093e-05 0.047619
0 1
0.000128257 0.0449735
0 1
4.08318e-07 0
3.51674e-06 0.133333
0.00024171 0.0599778
1.34039e-06 0.466667
2.52577e-06 0.2
3.69975e-06 0.1
5.04088e-07 0
0.00117277 0.019453
7.79769e-05 0.192192
0 0
4.23259e-05 0.0849673
9.59972e-06 0.0277778
1.55419e-05 0.272727
0 0
3.28185e-05 0.218182
3.64421e-05 0.0631579
7.72201e-07 0.5
1.55092e-05 0.025641
2.5848e-05 0.0571429
0.000163647 0.0416667
7.53097e-05 0.037037
0.000682281 0.0234935
1.98479e-05 0.0952381
0 0
3.29432e-05 0.0833333
0.000404131 0.0533333
2.64262e-05 0.0384615
0.000113557 0.0682788
0.000242953 0.0106122
1.95654e-05 0.0833333
0.000262708 0.0409982
0 0
0.000142285 0.0461538
9.8266e-05 0.0262097
3.10434e-05 0.1
0.00012522 0.0172043
0.000538279 0.160935
6.84589e-07 0.333333
2.05721e-05 0.0980392
1.60476e-05 0.0909091
0.000145799 0.159091
4.80519e-05 0.2
1.72597e-05 0.27619
0.000932616 0.0443862
0.000294353 0.0316742
3.69208e-06 0.25
3.95801e-06 0.333333
1.4776e-05 0.0769231
6.71326e-05 0.0650794
1.4796e-05 0
0 0
4.00276e-06 0
0.000713349 0.0153283
1.08206e-06 0.166667
0 1
0 1
2.35379e-06 0
9.16412e-06 0.0666667
3.18704e-05 0.142857
0.000532232 0.0248974
8.40244e-05 0.0283401
7.60843e-05 0.06
1.36709e-05 0.115385
0 0
0.000109032 0.0549451
2.62258e-06 0.333333
0 1
7.7136e-05 0.0238095
0 0
4.91093e-07 0.666667
0.000284319 0.0191919
4.08115e-05 0.04329
0.000553049 0.0107388
0.000217347 0.0163265
3.43248e-05 0.106061
4.09003e-06 0
9.28227e-07 0
0.000791903 0.0118457
3.20404e-05 0.222222
0.000275782 0.059944
0.00029731 0.0222105
5.13114e-06 0.047619
2.75283e-06 0.227273
0.000118579 0.215476
0 0
1.8981e-05 0.111111
0 0
0.000281862 0.0414781
5.40574e-05 0.175403
2.44777e-06 0.466667
0.000638854 0.0719984
0 1
2.02923e-06 0
2.31447e-05 0.25
5.77784e-05 0.1
0 1
7.48225e-06 0.155556
9.88857e-06 0.163636
4.27079e-06 0
5.77659e-05 0.0326797
4.44352e-07 0
0.000328036 0.229612
0.000162929 0.0407031
5.75793e-07 0.333333
2.16975e-05 0.0606061
0.000366737 0.0326754
0.000126624 0.0367647
8.36993e-05 0.0285714
2.32921e-07 0
2.51987e-05 0.103896
0.000306909 0.0251208
0.00012467 0.0609756
0.000215244 0.02537
6.69105e-06 0.181818
4.48424e-06 0.166667
0.000556217 0.00665643
3.20573e-05 0.1
2.6493e-06 0.333333
3.09049e-05 0
8.79179e-05 0.0190476
4.73465e-07 0
0.000116258 0.0398671
1.20046e-05 0.166667
0.000305898 0.019314
7.0907e-06 0.0666667
9.31189e-05 0.0344828
3.92076e-06 0.238095
0 0
0.000245823 0.0111111
6.16908e-06 0.266667
0 0
0.00175821 0.0179737
2.06089e-06 0.2
0.000566014 0.0205704
3.68899e-05 0.0555556
2.89524e-05 0
0.000165108 0.0344086
4.07151e-05 0.0555556
3.34583e-05 0.0727273
1.39045e-06 0.166667
3.91226e-05 0.0151515
0 0
2.97554e-05 0.2
0.000173333 0.056899
7.80478e-06 0.0222222
0.000391538 0.00765027
0 0
0.00016933 0.0420168
0.00237718 0.0497697
3.98311e-06 0.133333
6.18449e-05 0.2
0.000307506 0.213787
0 1
9.61166e-05 0.0687831
0.00011186 0.0879121
3.10547e-06 0.0952381
1.01614e-06 0.333333
5.8228e-05 0.0181818
5.24745e-06 0.166667
2.39961e-06 0.1
0.00010515 0.0117647
4.27383e-06 0
0.000623295 0.00728155
0.00036129 0.0139423
4.26356e-05 0
0 0
1.66485e-05 0.0181818
0.000111018 0.0653595
0.000136976 0.0606061
0.000287172 0.0338164
0.000252603 0.0143965
8.83826e-05 0.128655
3.53912e-06 0.0666667
5.09998e-07 0.333333
5.78035e-05 0
0.00061488 0.0249925
0.000130591 0.177778
3.35282e-05 0.05
4.63953e-05 0.269231
0.000920645 0.116394
0.000369037 0.0725953
2.37371e-06 0.266667
0.000209368 0.0369674
1.22921e-05 0.0151515
1.49087e-06 0.2
5.61581e-06 0.333333
3.32925e-07 0
0.0018398 0.00552764
3.85591e-06 0
3.67202e-05 0.0398551
0 0
4.33426e-05 0.0549451
5.49354e-05 0.174089
0.000133734 0.0445344
6.22971e-07 0.333333
0 0
0 1
0.00117361 0.0170732
9.93773e-05 0.030303
4.37727e-06 0
0 0
0.000148405 0.0352941
0.000149037 0.0383065
3.79359e-05 0.129032
0.00038687 0.0304073
0 0
1.36624e-05 0.145455
7.57633e-05 0.0552585
8.54955e-05 0.0263158
0.00297317 0.0164537
3.00108e-08 0.75
0.000360357 0.0360273
0 0
5.88544e-05 0.0181452
0.000120987 0.0238095
1.7671e-05 0.128205
0 0
3.27734e-07 0
0.000121964 0.0302419
0 1
0.00014558 0.0227451
0.000207624 0.0407843
0.000131643 0.0357143
1.62057e-05 0.032967
2.85441e-05 0
7.64805e-06 0.0666667
0 1
0.000100978 0.163636
6.98685e-05 0.136364
0.000270016 0.0196078
4.42163e-05 0.076087
0.00189824 0.00919905
0.000125923 0.0222222
5.20754e-05 0.0474308
0.000116377 0.0758621
0.000134467 0.00793651
4.14246e-05 0.109091
3.33015e-05 0.0714286
0 1
1.64611e-05 0.242424
0 0
0 0
0 0
4.22914e-05 0.0692641
2.88987e-05 0.0384615
3.31712e-05 0.0357143
0.000288204 0.038961
0 0
9.15071e-05 0.0606061
3.91857e-05 0.1
9.36128e-06 0
9.89075e-05 0.0554622
6.14903e-05 0.0879121
4.80944e-08 0.666667
0.000974468 0.0303482
2.98932e-05 0.5
0 0
2.85441e-05 0
3.19341e-05 0.133333
7.08615e-05 0.0935961
3.96139e-05 0.0444444
3.67478e-07 0
9.09153e-05 0.0333333
3.56678e-06 0.190476
0 0
3.88314e-05 0.0457516
0 0
5.98381e-06 0.1
8.08389e-07 0
0 0
0.000164297 0.0149351
0.000161091 0.0283688
9.3398e-05 0.0430108
1.2538e-05 0.0444444
5.9285e-05 0
0.000222519 0.0141243
2.48246e-05 0.0428571
6.94973e-05 0.0151515
1.63111e-07 0
0.000131944 0.0221774
4.08318e-07 0
2.96437e-05 0
4.08318e-07 0
0 0
0.000156923 0.0323887
0.000269958 0.0722611
4.35757e-06 0
0.000128841 0.0445633
6.61558e-06 0.138889
0.000833074 0.0672418
4.21372e-05 0.0390805
7.07967e-05 0.0350877
4.8531e-06 0.277778
0.000198079 0.0490196
0.000148801 0.0141026
7.71982e-05 0
2.35154e-07 0.333333
4.49714e-06 0
2.4371e-05 0.021978
0 0
0.000931675 0.0608187
3.85709e-05 0.0643275
0.000268638 0.0615616
1.91542e-07 0.619048
7.67611e-06 0.107143
3.46003e-05 0.0421053
0.000376296 0.0169399
3.0832e-05 0
0.0015657 0.0489228
0.000775097 0.0238926
9.2237e-06 0.0277778
4.5935e-05 0.0822511
2.85639e-07 0
0.00027248 0.0222222
4.00622e-05 0
0 0
3.65952e-05 0
2.3524e-06 0
8.00217e-05 0.0571429
6.04561e-05 0.0818713
1.12768e-06 0
0.000114521 0.036036
0 1
1.36404e-06 0
9.36963e-06 0
3.84961e-06 0.333333
2.88624e-05 0
0.000801735 0.0219008
0.000238895 0.0541311
0 0
5.82806e-05 0.177778
6.48888e-05 0.0512821
0 0
3.31087e-06 0
0.000400426 0.0742433
9.75857e-06 0
0.000187783 0.00985222
0.000292514 0.0343434
3.68791e-05 0.0711462
0.000311064 0.0260017
1.23879e-06 0
0 0
8.90146e-06 0.0833333
0.00052115 0.109621
5.04961e-05 0.0196078
0.00139788 0.0118452
6.45316e-05 0.027668
0.000149814 0.042042
0 0
0.000105601 0.0380952
6.48352e-05 0.171429
6.59949e-05 0.0833333
3.30252e-06 0.333333
1.52428e-06 0
7.12805e-05 0.0181159
0 0
0.000206254 0.0190476
0 0
0 0
0.000231488 0.055371
0.000166319 0.00840336
3.46482e-06 0.0666667
0.00417978 0.0121117
3.12406e-08 0.666667
0.000417163 0.225839
2.81603e-07 0
0.000275251 0.013876
3.89391e-06 0
3.01168e-08 0.666667
0.000388277 0.0434783
3.4755e-05 0.0357143
0.000148532 0.0282828
0.000162954 0.057971
0.00139676 0.0147364
2.03596e-06 0.133333
3.45544e-05 0.166667
2.23739e-05 0.0526316
2.27109e-05 0.075
0.000136562 0.044335
0 0
0.000157625 0.0290851
0.000102548 0.308903
1.04646e-05 0.166667
0 0
7.82979e-05 0.0653595
0.000277549 0.0161616
0 0
0.00190689 0.0140185
3.23924e-05 0.0888889
7.08432e-05 0.163636
5.47373e-05 0.0367816
0.000963371 0.0142578
9.95472e-05 0.0769231
0.000112415 0.012012
5.76833e-06 0.0666667
8.19415e-06 0.5
2.92935e-05 0.166667
4.46498e-06 0.181818
0.000128999 0.0823212
2.33655e-07 0.714286
0.000222457 0.0292398
6.21686e-06 0.2
5.41795e-05 0.0181159
0.00014601 0.0169133
0.000582915 0.0210379
0 0
0.000140764 0.0483092
7.29486e-05 0.0615942
0.000260644 0.0264423
0.000186831 0.0211416
3.22912e-05 0.0952381
6.10166e-06 0.0555556
4.89882e-07 0.333333
0.000473578 0.029453
0.000301595 0.0230608
0.000138649 0.0368421
8.78259e-05 0.0343915
3.09229e-06 0
0.000609234 0.0189169
0.000318257 0.0458839
3.36956e-05 0.0562771
0.00015597 0.0161943
1.18559e-06 0.333333
0.00162362 0.00705428
0.000418962 0.0593804
8.73345e-05 0.0587121
6.98835e-05 0.0222222
3.0799e-06 0.107143
0 0
7.55916e-05 0.0151515
0.000102557 0.0301075
5.44742e-05 0.00833333
4.34384e-06 0.111111
0.000116074 0.236702
6.35933e-07 0
0.000319935 0.0126917
6.40837e-05 0.0606061
0.000903641 0.0162581
0 0
1.66999e-05 0.179487
0 0
9.89943e-05 0.00584795
3.53769e-05 0.0952381
2.96777e-05 0.2
0.000125801 0.0222017
0.000518754 0.0118919
0.000529299 0.0331226
2.9564e-06 0.1
0.000101077 0.0883191
0.000300804 0.0680135
0.00146891 0.0176076
2.7546e-07 0
0.000323351 0.0285338
0.000712294 0.148915
0 0
0.000356558 0.010929
0.000191436 0.0382993
2.53354e-06 0.190476
0.000169179 0.0443262
0.000254446 0.0107744
0.000663125 0.0274105
4.8475e-05 0.0571429
0.000374215 0.0194444
2.42873e-05 0.1
8.6422e-06 0
0 1
0.000168438 0.0193237
0 1
0.000588755 0.0221614
9.58858e-06 0.236364
5.12902e-05 0.012987
0.000302905 0.0286382
6.17947e-06 0.3
1.31475e-05 0.0666667
2.85441e-05 0
0.0012405 0.0117176
1.19108e-05 0
3.01649e-06 0.1
5.0048e-06 0.0714286
0 0
4.31458e-05 0.0555556
5.14322e-05 0.0444444
7.57539e-06 0.2
4.08318e-07 0.666667
0 0
0.000114273 0.0183908
6.15534e-05 0.0368421
6.88599e-06 0.107143
0 0
1.2776e-05 0.0384615
1.10773e-05 0.0444444
0.000209713 0.0301075
1.20506e-05 0.109091
1.95137e-05 0.0659341
5.62851e-06 0.1
0 0
3.87973e-05 0.16
4.18339e-05 0.0714286
6.5847e-05 0.025
7.86325e-05 0.0233918
0.000159526 0.0453782
0 0
4.94221e-06 0.166667
8.51547e-06 0.047619
0.00022508 0.0174863
1.66984e-05 0.0181818
5.92265e-06 0
4.08318e-07 0
8.33175e-05 0.331765
0 0
2.33884e-06 0
0.000179869 0.0516129
0.000102731 0.075
0.00108706 0.0134114
0.00113316 0.0206753
0.00179335 0.00867976
4.91093e-07 0
0.00131654 0.0303867
7.61424e-06 0.0666667
2.23382e-05 0.151515
9.63049e-05 0.0116959
0.000139925 0.027668
1.42417e-05 0.361111
0 1
8.7362e-07 0.3
0 0
5.20608e-05 0.0233918
0.000177541 0.0142248
4.95103e-05 0.0233918
0.000446363 0.0302099
0 0
0.000563658 0.0481155
0.00014695 0.016092
0.000103772 0.0397727
0.00125002 0.0226567
4.43966e-07 0
0 0
1.53334e-06 0.166667
5.72478e-05 0.0434783
4.92679e-05 0.0390805
4.55756e-06 0.190476
1.2306e-06 0
6.40272e-05 0.177489
0.00103686 0.0147499
1.09902e-07 0
0.000196973 0.0161616
0.000354526 0.0225836
2.39701e-05 0.0294118
2.30798e-05 0.0555556
3.18366e-05 0.142857
4.45745e-05 0.0666667
9.23762e-05 0.0148448
0 0
0.000469127 0.0191706
3.55469e-07 0.166667
1.36952e-05 0
4.9339e-05 0.0047619
0 0
7.78233e-06 0.111111
5.08818e-05 0.217949
3.34362e-05 0.2
2.15834e-05 0.0196078
3.79463e-05 0.0897436
6.9093e-07 0
7.17753e-05 0.0947368
5.75677e-05 0.0666667
0.000800158 0.0170799
0.00180167 0.0191937
6.48886e-05 0.244444
0.000122037 0
0.000246883 0.0705882
8.56311e-05 0.1
4.08318e-07 0
8.50339e-06 0.571429
0.000232845 0.0242915
0.000433553 0.0514629
0.000144386 0.0157895
0.000156795 0.203596
8.31766e-05 0.0514706
0.00101115 0.132922
0 0
1.55108e-06 0.166667
0.00018342 0.0120259
7.15911e-05 0.030303
0.000140021 0.0184615
5.90635e-05 0
4.09175e-06 0.1
0.000572169 0.207256
1.22959e-05 0.0512821
6.77559e-06 0.222222
1.14898e-05 0.0545455
0.000258336 0.00834065
7.48562e-05 0.0512821
2.57927e-06 0.166667
4.50539e-06 0.0666667
1.57332e-06 0.166667
9.16915e-05 0.396249
0.00154751 0.0127541
0.000322753 0.276849
0.000191618 0.0166512
0.000100316 0.141026
2.85441e-05 0
1.82335e-06 0
1.13157e-07 0
8.29565e-05 0.0526316
0 0
0.000109034 0.396423
2.43106e-05 0.2
8.09224e-05 0.0562771
2.35181e-07 0.714286
0.00610878 0.0270658
5.85416e-05 0.185383
0.00105575 0.0240323
2.85441e-05 0
0 0
2.78493e-05 0.0441176
0.000378444 0.0181818
0.000192448 0.0344288
5.49796e-06 0.166667
3.10034e-05 0.0666667
2.09941e-06 0.0357143
0.000421847 0.218246
9.72454e-07 0.1
0 1
0.000396194 0.242045
2.26339e-05 0.0659341
4.08318e-07 0
0.000166783 0.132797
1.38556e-05 0
2.43813e-06 0.4
4.04492e-06 0.0714286
0.000140931 0.0416281
0.000225405 0.0462777
0.000127702 0.0467836
3.38921e-06 0
4.89867e-06 0
2.56911e-06 0.0952381
1.66843e-06 0
0.000522753 0.22886
2.68827e-05 0.138889
2.82339e-06 0.0952381
1.12028e-05 0.030303
0.000838603 0.0343495
2.39815e-05 0.109091
0.000153657 0.025641
3.04772e-07 0
0.000146742 0.0585859
0.000185569 0.0546939
8.4278e-05 0.0384615
0.00119096 0.014283
1.43154e-06 0.266667
0 0
3.44616e-07 0
0.00018315 0.0566667
5.3685e-05 0.0757576
0.000150388 0.037415
0.000901221 0.0330959
2.7349e-06 0
0.000585828 0.0273292
0.000132289 0.047619
0.000110771 0.045584
8.8129e-05 0.047619
0.000126132 0.0254707
0 0
2.27239e-05 0.176471
3.21232e-05 0.212121
3.93409e-05 0.0190476
0 1
3.24444e-05 0.0833333
6.357e-05 0.222222
2.48487e-06 0
0.000300253 0.0551378
5.0737e-06 0.0833333
0.000748305 0.0111722
1.36016e-05 0.166667
1.96159e-06 0
4.20428e-06 0
1.64548e-05 0.152381
9.19799e-05 0.0604839
0.00134793 0.0493376
7.50156e-05 0.021978
5.15732e-06 0.25
3.8273e-05 0.0909091
0.00140857 0.0145916
2.82046e-06 0
0.000271242 0.0384025
8.16531e-05 0.0692641
6.8081e-07 0
9.39285e-05 0.0294118
6.8065e-05 0.0643678
0 1
1.79732e-05 0.266667
0.00101249 0.0168527
4.76157e-05 0.0537634
0 0
3.52965e-05 0.0277778
0 1
0.000298895 0.0292599
0.000207914 0.0422078
4.59754e-07 0
5.59308e-05 0.0253623
6.79599e-05 0.084127
0.000102732 0.0776471
0.000211058 0.0543478
0.00015678 0.0386555
3.37463e-05 0.0326087
9.10586e-06 0.0888889
0.000170526 0.0588235
2.26248e-06 0.133333
0.00198364 0.0168597
0.000487945 0.192476
0.00424056 0.0272656
1.16666e-06 0.3
8.10338e-06 0
2.56548e-05 0.2
0.000106771 0.0543478
0.000311801 0.0153209
0.000186328 0.0285714
0 0
4.68853e-05 0.0158103
0.000608874 0.0240506
0.000191338 0.0212121
0.000171502 0.00584795
0.000126635 0.0118577
0.00163583 0.0385635
1.98616e-05 0.163636
3.09871e-06 0
6.23257e-05 0.0467836
0 1
9.30022e-05 0.20915
0.00423476 0.0175436
1.70029e-05 0.127273
3.75483e-05 0
8.37257e-06 0.107143
0 0
1.21163e-06 0.166667
1.22078e-05 0.609756
0.00015782 0.0720721
0.000207104 0.0115942
0.000165971 0.0367647
5.46701e-05 0.0643275
4.60988e-05 0.0666667
1.53644e-05 0.208333
0 0
1.4652e-05 0.107143
0.000106575 0.030303
0.000297798 0.024547
0 0
1.87774e-05 0.0879121
0.000345815 0.0470608
8.19763e-05 0.0499109
3.30337e-06 0
2.56142e-05 0.136667
7.25504e-05 0.0237154
0 0
4.58465e-05 0.0718954
0.00152544 0.0217532
8.79507e-05 0
0.000198209 0.0386555
0.000766982 0.0283747
1.14006e-05 0.107143
0.000102029 0.0217391
0.000139934 0.0440967
3.40847e-07 0.333333
0.00029861 0.0509317
1.51162e-05 0.107143
6.8128e-06 0.333333
1.2605e-06 0.2
6.56482e-06 0.238095
2.73078e-05 0.124183
7.65578e-06 0.190476
1.98564e-08 0.666667
0.000429606 0.0178513
0.000301893 0.0142602
6.53768e-05 0.0633333
2.44705e-06 0.166667
2.38304e-05 0.0514706
0 0
0.000149029 0.036036
0.00032335 0.00967937
4.67046e-05 0.190476
0.00116146 0.0160282
0.000308133 0.0161565
7.19683e-05 0.142857
0.000115234 0.0298851
2.28428e-05 0.0392157
0 0
8.70754e-05 0
0.000494209 0.238566
2.20684e-05 0.0190476
1.09465e-05 0
3.54594e-05 0
0.000767323 0.0524403
0.000510476 0.255277
0.000186343 0.0344828
0.000243323 0.0159817
1.08983e-05 0.0357143
0.000455772 0.0232763
0 0
1.606e-05 0
6.99647e-05 0.0221675
0.00240072 0.117547
3.85952e-07 0.666667
1.90975e-06 0
0.000135747 0.0885936
0 0
5.18491e-05 0.0714286
7.06765e-05 0.0436782
4.011e-05 0.0727273
1.65843e-06 0
1.18254e-05 0.047619
3.11976e-05 0.333333
0.000146142 0.0132576
0 0
6.40743e-05 0.0434783
0.000189496 0.0429733
0.000406681 0.0293393
0.000323248 0.0171635
0.000783799 0.0189469
0.000113271 0.0270531
6.67352e-05 0.0185185
0.00028091 0.0181452
0 0
0.000156073 0.00768693
2.3916e-09 0.666667
6.65034e-06 0.047619
4.94297e-06 0.0714286
5.19806e-06 0.277778
3.95881e-05 0.0952381
0.000100006 0.0423387
0.000114975 0.0378788
0.000117567 0.0603949
3.38605e-05 0
0.000261322 0.171222
5.60394e-05 0.0284091
2.96381e-05 0.380952
2.74094e-06 0.166667
5.36554e-05 0.0879121
6.97238e-06 0.1
6.97174e-05 0.0333333
0.00256432 0.0129084
0.000121368 0.0909091
0 1
2.09736e-05 0.193548
0 0
0.000199908 0.10082
9.69375e-05 0.0433333
8.32022e-05 0.0222222
9.24212e-07 0
0.000171284 0.0170455
0.000230267 0.130601
4.53143e-06 0
0.000416876 0.0302703
0 1
0.000523926 0.0460496
0.000168644 0.0505051
1.2933e-05 0
0.00114346 0.0131266
0.000378273 0.0451128
2.78086e-05 0.0879121
0.000101104 0.0645161
0.00135558 0.0219275
6.96377e-06 0.0952381
2.99632e-07 0
0 1
7.3858e-05 0
6.02819e-06 0.142857
3.44608e-05 0
0.000737578 0.0330935
7.96445e-05 0.0512821
0.000202824 0.25378
3.5332e-05 0.0583333
0 0
0.000288366 0.0114087
3.42835e-05 0.145455
3.32756e-05 0.205128
8.7195e-07 0.333333
2.83771e-06 0.178571
0 0
8.01292e-06 0.318182
0.000112614 0.0276923
2.85441e-05 0.333333
0.000243999 0.0265152
1.54735e-05 0
4.95643e-07 0
1.18078e-05 0.333333
1.63164e-05 0
2.87344e-05 0
7.52143e-05 0.0553846
0.000126316 0.0566667
0.00136046 0.0904482
4.67622e-05 0.0326797
4.88083e-05 0.0549451
0.000380951 0.0513834
6.17081e-05 0.0584795
1.5142e-05 0.0584795
2.85441e-05 0
5.72182e-05 0.166667
2.75425e-05 0.0368421
0 0
2.89652e-05 0
0.000107505 0.108081
5.49559e-06 0.142857
2.48565e-06 0.0714286
3.16393e-06 0.155556
3.40731e-07 0.5
7.44614e-05 0.175824
3.14043e-07 0
0.0010097 0.0188624
0.000174491 0.0416667
3.41037e-06 0
2.77206e-06 0.190476
5.87586e-05 0.0549451
0.00122415 0.0225785
0.0051368 0.0365589
0.00184564 0.012267
4.90562e-07 0.428571
3.98389e-05 0
0.00187012 0.0120098
5.9092e-05 0.0511364
2.80176e-06 0
1.01049e-05 0.190476
3.01828e-05 0.142857
0 0
0.000406124 0.0272225
0.000131421 0.0418719
0.000423585 0.0421622
0.000349428 0.0219512
3.63499e-05 0.126667
1.49979e-07 0
4.43554e-05 0.0818713
0.000115405 0.0963415
0.000150982 0.0197628
0.000132051 0.0131313
0.000256939 0.00504202
0.000958683 0.00766284
0.000352279 0.025641
2.98438e-05 0.2
3.32846e-05 0.0467836
5.17239e-05 0.0238095
0.000393975 0.0178389
3.50515e-05 0.0757576
7.1553e-05 0.0326087
8.72264e-05 0.1
0.00210379 0.0253565
3.09576e-05 0.373626
2.12213e-06 0
2.1502e-05 0.0315789
2.81037e-06 0.166667
4.14666e-05 0.2
0.000165311 0.0253247
2.5759e-07 0.166667
2.34094e-06 0.166667
1.09156e-05 0.121212
1.04264e-05 0.190476
0.000115439 0
1.83126e-05 0.209524
0.000207862 0.0168067
8.08058e-05 0.0246154
0.00130378 0.0718259
5.95829e-06 0
4.68128e-05 0
1.38456e-05 0
0.00600911 0.016935
0 1
8.78136e-05 0.254545
4.82528e-05 0.0659341
3.8785e-05 0.0190476
3.48447e-07 0
1.21221e-06 0.2
3.0391e-05 0.428571
1.17318e-06 0.1
7.20967e-05 0.0416667
0.000552453 0.0166895
0 0
2.53332e-06 0.214286
3.67066e-05 0.047619
6.25564e-07 0
8.77891e-06 0.218182
0.00132128 0.0156281
8.70274e-05 0.214286
6.15827e-05 0.048433
4.75951e-06 0.0357143
0.000142868 0.0348432
5.90468e-06 0
5.08922e-05 0.161765
0.000141608 0.0238095
1.82e-06 0.333333
3.57842e-05 0.181818
0.00077224 0.0242947
0.00173302 0.101471
5.84087e-05 0.397661
0.000122797 0.0475192
2.2863e-06 0
5.8196e-05 0.0235294
0.000452562 0.0426501
1.92056e-05 0.333333
0.000108255 0.0512821
0 0
8.6204e-05 0.00735294
3.38316e-05 0.0666667
4.12774e-05 0.112903
0.00030027 0.0425225
5.88886e-06 0.19697
5.77091e-06 0.1
3.84943e-05 0.0181818
2.30491e-05 0.05
0 0
6.72733e-06 0.0666667
0 0
0 0
5.74703e-05 0.086771
0 0
0.00241144 0.00644092
0.00204197 0.0277912
0.000219455 0.010101
5.50821e-05 0.08
7.28596e-07 0.166667
9.82523e-05 0.0545455
2.85441e-05 0
7.46051e-06 0.047619
0 1
0.000566804 0.0366909
0 0
3.07602e-05 0
0.000300346 0.0268542
6.80629e-05 0.0666667
9.92439e-05 0.264069
1.70846e-06 0.166667
7.26808e-07 0
0.000545914 0.0304073
5.88615e-05 0.138889
3.07183e-05 0.0661765
0.0003211 0.12996
8.7905e-05 0.0320197
9.91711e-05 0.0241821
4.91186e-05 0.0545455
4.33558e-07 0.333333
0.000837256 0.00284858
0 0
6.91709e-07 0.666667
3.34492e-05 0
5.27566e-05 0.386986
2.87282e-05 0
5.81e-06 0.0555556
2.17771e-05 0.025
3.8227e-05 0.107143
0.000176805 0.0124777
7.572e-06 0.107143
0.000488815 0.241732
9.10564e-06 0.0181818
0.00125955 0.0336676
3.17691e-05 0.00584795
0 0
1.148e-06 0
8.09487e-06 0.109091
5.9376e-05 0.0551724
0.000296799 0.0464481
2.85441e-05 0
0.00180474 0.0212506
9.31989e-05 0.0769231
0.000467891 0.014811
1.58498e-05 0.0181818
4.91093e-07 0.666667
2.23327e-06 0.333333
8.65337e-06 0
0 0
7.04937e-05 0.1
0.00123729 0.0124902
0.000115738 0.305694
7.8617e-05 0.0757576
4.25077e-05 0.289641
0 0
3.36523e-05 0.238095
0.000374467 0.0362319
8.48757e-05 0.0241935
0 0
0.000167417 0.215789
6.90637e-07 0.666667
3.10737e-08 0.666667
0 1
8.081e-05 0.0569801
2.91753e-06 0
3.04678e-05 0.133333
2.41692e-05 0.0555556
0.00142057 0.0143178
0.00125536 0.00347376
8.56307e-05 0
0.000551671 0.206626
0.0001432 0.0215924
3.86139e-05 0.285714
1.89818e-05 0.163158
7.37539e-05 0.151515
2.88179e-05 0.025641
1.36291e-05 0.133333
0.000194426 0.0249554
8.4032e-05 0.0181818
9.73507e-06 0.0277778
0.000149464 0.0350877
1.42853e-05 0.0659341
4.37832e-05 0.0549451
3.85175e-06 0.3
0.000131256 0.00853485
3.50938e-05 0.107143
0.000685563 0.0222821
0 0
0 0
1.23482e-05 0.0512821
0.000187691 0.116498
3.66243e-06 0
0.000489589 0.0162434
2.32075e-05 0.217949
9.33305e-06 0.121212
4.94105e-05 0.0903226
0.000104798 0.0444444
7.07731e-05 0
9.99738e-05 0.00724638
0 0
5.74961e-05 0
1.3131e-06 0.166667
0.0019455 0.0188627
0 0
2.02258e-05 0.0714286
0.000145327 0.0266667
0.000149008 0.0326531
1.57228e-06 0.214286
9.10302e-06 0.1
5.16111e-06 0.333333
0.000111788 0.0355731
4.24132e-06 0
7.13626e-05 0.1
2.30036e-05 0.0606061
0.000575502 0.025308
5.46711e-06 0.0952381
3.92911e-05 0.142857
4.06361e-06 0.0952381
0 1
3.47644e-06 0.1
8.11349e-05 0.0989011
1.31281e-07 0.666667
1.26084e-05 0.257143
8.06822e-06 0.2
3.2555e-06 0.333333
1.58702e-06 0.333333
0.00012347 0.0238095
0.000111211 0.333916
3.30348e-05 0.133333
0.00027278 0.0228571
1.57806e-06 0.166667
9.63879e-05 0.030303
2.92653e-05 0
0.000659674 0.0163572
0 0
9.10254e-07 0.333333
0.000203489 0.0227451
3.90942e-05 0.0166667
3.71267e-07 0
5.47013e-05 0.0333333
0 0
8.58192e-05 0.0190476
0.000120285 0.0322404
4.6018e-07 0
0.000310254 0.0307692
0.000117619 0.0294118
0.000194889 0.0320513
0.000738738 0.0134454
0.000303175 0.0342857
5.77254e-05 0
0.000646443 0.0220183
3.42542e-05 0.141026
0.00024324 0.0764569
0 0
1.64309e-05 0.0363636
0.000155368 0.0309764
3.5809e-05 0
3.7603e-05 0
0.000185124 0.012549
1.85214e-07 0
0 1
0.00185662 0.0274988
0 0
0.0012942 0.011725
0 1
2.16634e-05 0.043956
0.000171573 0.0350282
0.000354018 0.0312281
1.59669e-06 0.266667
0 0
1.51108e-06 0.1
0.000105008 0.021978
3.45064e-05 0.0151515
6.19267e-05 0.0454545
6.28033e-05 0.142857
2.70915e-06 0
2.1661e-05 0.107143
1.17921e-06 0
0 0
3.44718e-05 0.0222222
1.34743e-05 0.0666667
1.17741e-06 0.1
2.81941e-06 0.166667
9.25456e-05 0.0545455
0 0
6.89404e-06 0.0277778
3.60048e-06 0
0.00109663 0.00737495
0 0
3.58274e-05 0.155556
0.000485865 0.0218438
1.50339e-05 0.0952381
3.21021e-05 0.111111
0.000180147 0.0695187
3.9511e-05 0.0128205
8.41201e-06 0.266667
8.22197e-07 0.461538
0 0
0.00029215 0.0261233
7.57885e-05 0.145646
3.37774e-08 0.666667
0.000109771 0.0492611
2.85441e-05 0.333333
0 0
8.57975e-05 0.272247
4.13831e-06 0.1
2.74855e-06 0.285714
7.80386e-06 0.171429
2.49838e-06 0.266667
1.31631e-05 0.212121
0.000556135 0.134287
0.00010909 0.158974
0.000111688 0.0429733
4.72679e-06 0
3.71163e-05 0.214286
0.000125734 0.044335
0 0
1.87407e-06 0
0.000184168 0.00768693
0.000594415 0.123495
2.24317e-07 0
0.000104642 0.029872
3.09414e-05 0.333333
1.40371e-06 0.466667
9.04213e-05 0.0968661
0.000194613 0.0833333
3.07928e-05 0.285714
2.90686e-05 0.3
3.20463e-06 0.333333
3.17376e-06 0.2
0.0001166 0.0634921
2.0178e-05 0.395161
2.8716e-05 0
1.09751e-05 0.0363636
4.11527e-07 0
2.90346e-06 0
4.91093e-07 0
5.36139e-06 0.0357143
1.01636e-06 0.5
1.60921e-05 0.030303
9.70128e-07 0.333333
0.000255664 0.0222222
6.81918e-07 0
2.85718e-05 0.128205
0.000110833 0.0137931
3.86018e-05 0.0292398
2.93219e-05 0.0416667
0.000386878 0.021067
4.91104e-05 0.209524
0 0
5.28023e-05 0
4.44621e-05 0.0909091
0.000507584 0.0156101
3.70511e-06 0.0714286
7.13262e-07 0.166667
0.000592905 0.00763268
8.72379e-07 0.333333
2.21685e-05 0.025641
3.60238e-05 0.0181818
0.00012044 0.0246305
0.00109997 0.0234905
0.000114435 0.0487179
7.5805e-05 0.0392157
0.000193306 0.104762
3.75226e-07 0
0.000232121 0.269565
5.35237e-06 0.2
0 0
0.000429579 0.0169674
1.61043e-05 0.0277778
0.000429542 0.0157211
0 1
0.000117717 0.0449735
0 0
0.00055208 0.0278167
5.57175e-06 0.1
4.8314e-06 0.142857
1.89776e-07 0.333333
0.000191769 0.0414141
0.00132075 0.0348929
2.68018e-05 0.0916667
9.31661e-05 0.219358
1.70933e-05 0.0952381
3.71774e-05 0.107692
1.92326e-05 0.153846
3.25287e-05 0
3.54842e-05 0.175824
0.0030837 0.012805
3.81939e-05 0.123333
6.84354e-06 0.214286
0 0
3.10284e-06 0
0 0
1.02246e-05 0.0454545
0.00097851 0.0178262
0.000196405 0.0328502
0.00031316 0.0198537
0 0
1.73762e-05 0.0897436
0 1
0.000250018 0.0200846
0.0003517 0.0207727
9.27716e-05 0
5.73865e-05 0.0276923
2.00592e-06 0.166667
3.65624e-05 0.141026
0 0
2.25484e-05 0.178571
0 0
2.85441e-05 0
0.000181834 0.00813008
0.000267805 0.0360777
0.000158442 0.0174603
0.000121835 0.257297
0 1
5.06108e-06 0
0.00032973 0.0311168
0.000117422 0.0265152
0.000191998 0.228485
0.000203858 0.0336818
0.000174968 0.0616162
0.000199765 0.0211765
8.40096e-07 0.166667
1.82576e-05 0.0380952
5.71725e-06 0.238095
3.6095e-05 0
1.31538e-06 0.2
0 1
3.81778e-06 0.177778
0.00142114 0.0148137
0 0
8.07645e-05 0.0367816
4.84345e-06 0
5.16883e-07 0
2.24268e-05 0.107143
1.1202e-06 0.0666667
3.04626e-06 0.0666667
0.000271074 0.0464646
2.89524e-05 0
6.00385e-05 0.136752
7.31245e-05 0.0466667
0.000339122 0.272594
0.000230886 0.0290381
6.20394e-05 0.0588235
3.96982e-05 0.114286
6.44193e-06 0
0.000162859 0.0112647
9.57174e-06 0.0641026
5.11075e-06 0.532609
0 0
2.32864e-05 0.0473684
4.02002e-05 0.047619
3.48343e-05 0.0363636
8.55191e-05 0.0222222
5.06504e-05 0.0854701
1.45811e-05 0.025641
2.85441e-05 0.333333
0.00182296 0.0182571
6.69691e-05 0.0571429
4.57627e-05 0.0197628
1.03339e-05 0.047619
0.000222648 0.0256831
0.000102592 0.0105263
0.000704556 0.190219
5.63934e-05 0.0395257
1.30368e-05 0.0549451
1.77909e-05 0
1.06342e-06 0
0.00118894 0.0183862
7.97774e-05 0.0142857
0.000633337 0.0827824
6.98267e-06 0
4.19745e-05 0.0735931
8.63401e-05 0
8.43891e-05 0.021978
1.67775e-05 0.1
1.40869e-05 0
8.13425e-07 0.333333
0.00057585 0.114914
0 0
6.16089e-05 0.0727273
5.73553e-05 0.0292398
7.60078e-05 0.047619
6.20415e-05 0.0514706
0 0
0.000133756 0.0463458
0.00030949 0.0293269
1.33788e-06 0
0.000602058 0.0197542
3.10304e-05 0
1.95071e-05 0.219697
6.68283e-05 0.0266667
2.85441e-05 0
0.0011933 0.0308718
3.23405e-05 0.107143
0.000167306 0.00333333
8.54409e-05 0.0405405
4.26343e-06 0.0952381
0 1
0 0
3.46406e-08 0.666667
8.71413e-05 0.0221675
0.00019256 0.229696
0 0
0.000120915 0.238668
0.000572857 0.0746826
0.000163505 0.0569106
1.50778e-06 0
5.70878e-05 0
2.92577e-05 0
2.89661e-05 0.166667
0.000523432 0.039557
0.000206731 0.030303
5.71986e-05 0.2
1.07213e-05 0.333333
2.00521e-05 0.131868
2.19445e-05 0.0315789
0.000371009 0.0335664
6.82209e-05 0.162055
2.40648e-05 0
0.000202666 0.0184615
0.00223016 0.0690884
4.548e-05 0.0471014
0.000440377 0.0367232
1.43737e-05 0.032967
0.000107442 0.0420168
2.58971e-06 0.133333
0.000114929 0.0833333
6.92818e-06 0.106061
0.00134263 0.0888833
0 0
2.88778e-05 0
1.12578e-06 0.533333
6.4743e-05 0.225
1.25979e-05 0.208791
4.89882e-07 0.666667
2.44445e-07 0
0.00359616 0.034027
0.00136064 0.0843527
6.38677e-05 0.105263
0.000140566 0.0298851
5.57661e-05 0.0181818
0.0005485 0.0109445
1.37553e-06 0.5
8.44239e-06 0.166667
0.000439724 0.246725
0 1
0 0
9.5415e-07 0.333333
0 0
0.00123513 0.0160034
0.000947182 0.0232016
3.23195e-05 0.2
2.18526e-05 0.021978
5.57624e-05 0.0338462
0.000239867 0.0345345
4.71197e-05 0.0549451
0.00201679 0.00879251
0.000118199 0.0562771
3.22817e-06 0.2
7.84636e-06 0.194444
3.15981e-05 0
7.6638e-06 0.0666667
7.42388e-05 0
7.66082e-05 0.0789474
0.00040241 0.0131579
3.13315e-05 0.0666667
0.00014911 0.0687104
0.000242668 0.00980392
0.00040238 0.0387004
5.12591e-05 0.0578947
0.00112494 0.0182148
0.00110758 0.149779
2.85441e-05 0
8.17283e-05 0.242424
7.90059e-05 0.0246154
0 0
1.16418e-06 0.214286
4.12263e-05 0.0584615
6.87338e-05 0.052381
1.63305e-05 0.0181818
0.00135463 0.027027
6.0209e-05 0.0409357
2.05378e-05 0.0833333
0 0
4.86918e-05 0.0233333
0 0
4.96856e-07 0.333333
5.07637e-06 0.145455
0.000185192 0.0658537
3.70643e-07 0.166667
3.24942e-05 0.1
0.000124886 0.0221484
2.16088e-06 0
0.000214911 0.020362
0.000327112 0.0135198
0.000442465 0.0103737
0 0
0.000252265 0.0131313
5.92827e-08 0
2.32505e-07 0.166667
0 0
0.00143424 0.0109354
6.65851e-05 0
0.000853228 0.0101125
2.52252e-07 0.333333
3.02647e-05 0.0666667
2.0508e-05 0.108333
0.000823627 0.0154684
3.42397e-05 0.0952381
7.82845e-05 0.109677
4.8109e-06 0.375
0.000244308 0.0333157
0 0
0.000173437 0.0661026
0.000115362 0
5.44144e-05 0.0514706
0 0
1.8925e-07 0
1.92048e-07 0
0.000113424 0.04
0.000836652 0.0399852
0.000124217 0.00808081
1.368e-06 0
7.66822e-05 0.0711462
3.49258e-05 0.0541872
0.000294515 0.0245192
3.39896e-05 0
3.2604e-05 0.0727273
3.28603e-05 0.00569801
0 0
0.000111536 0.0310284
5.29492e-05 0.22439
5.08017e-05 0.0137931
4.32237e-07 0
0 0
5.16891e-05 0.11
0.000527451 0.010989
4.02866e-08 0
3.49227e-05 0.222222
0.000199757 0.0243056
0.00838026 0.0131896
0.000105384 0.0172043
1.95431e-05 0.025
0.000277351 0.0047619
0.000896563 0.0189198
0.00146538 0.123291
0.000288384 0.25818
0.000196063 0.199216
0.00109715 0.131447
4.91835e-08 0
1.36096e-07 0
