26 0.00147342
724 0.00539588
672 0.00179526
640 0.00224551
531 0.00146929
593 0.00169331
410 0.000225958
24 0.000389083
761 0.0293415
592 0.000689027
600 0.00198651
202 0.00297475
739 0.0140874
632 0.000999404
715 0.00502982
1 4.97331e-05
1 0.000152438
670 0.00229296
711 0.00429273
649 0.00181167
725 0.0107827
65 0.000454616
621 0.00153973
647 0.00183505
637 0.00131776
501 0.00234262
411 0.000439821
714 0.00451099
641 0.00175067
614 0.00128545
67 0.00108596
485 0.000362352
537 0.002237
447 0.000918992
759 0.0433668
414 0.000356746
13 0.00025493
12 0.000534246
556 0.00298994
652 0.00255362
701 0.0127207
699 0.00605874
756 0.0128555
510 0.00067348
509 0.00114671
543 0.000725168
502 0.000929357
718 0.00489538
3 0.000994299
620 0.00299622
489 0.00114409
493 0.000472718
426 0.0011434
200 0.000616012
442 0.000471036
626 0.00161578
747 0.0136576
633 0.00146581
369 0.00148585
595 0.00108572
1 0.000214003
532 0.000753764
59 0.000240231
676 0.00436093
403 0.00134799
737 0.0129385
679 0.00193307
740 0.00774717
576 0.000852103
605 0.00091338
693 0.00530401
734 0.00664138
608 0.00242021
665 0.00207258
698 0.00344232
709 0.00261338
1 4.75007e-05
674 0.00658895
438 0.000673297
731 0.00665339
651 0.00142574
713 0.00542788
716 0.00481432
565 0.00097798
689 0.00292145
628 0.00145334
663 0.00218246
17 0.00031012
61 0.000917303
743 0.00945584
10 0.00175427
511 0.00240289
735 0.00572407
656 0.00305442
691 0.0045237
712 0.00459649
573 0.00150135
572 0.00247799
721 0.00761978
2 0.00060888
751 0.00980964
749 0.0141049
732 0.00550635
750 0.0186861
561 0.000861122
29 0.00198496
688 0.00434412
616 0.00245751
757 0.0186329
604 0.000941361
435 0.000992796
6 0.000256068
1 0.000261137
8 0.000404225
394 0.000170444
667 0.00319702
3 0.000332078
2 0.000184999
762 0.0479495
555 0.0017999
746 0.0218449
538 0.000793041
563 0.000681281
618 0.0011542
28 0.000398118
487 0.000807529
503 0.000955117
451 0.00168198
464 0.000368594
748 0.0145388
579 0.00559268
560 0.00141948
405 0.00039361
569 0.00216859
199 0.00268433
730 0.0179982
755 0.0309545
606 0.00219053
2 0.000682393
613 0.00219603
194 0.00514899
704 0.0050309
742 0.0222886
1 7.75345e-06
428 0.00190011
650 0.0043332
467 0.000862834
430 0.000991008
726 0.0101557
458 0.00321622
2 0.000184531
469 0.0017441
720 0.0113576
408 0.000797355
424 0.000638183
549 0.000983884
631 0.00211104
450 0.00974699
645 0.00490335
566 0.00155595
675 0.00756461
598 0.00179945
472 0.00253435
185 0.00284569
2 0.000406599
542 0.00126714
736 0.0129249
619 0.0027584
564 0.00744048
1 1.22917e-05
11 0.000994891
499 0.00157838
639 0.00568935
615 0.00279608
448 0.00368171
26 0.00023623
416 0.000777021
1 1.74063e-05
4 0.000130696
528 0.00357352
596 0.00498631
13 0.000341715
2 2.96053e-05
697 0.0100114
583 0.00316558
2 0.000228992
630 0.00178729
685 0.00524686
654 0.00224408
682 0.00360834
577 0.00194957
602 0.000983665
669 0.00902447
58 0.0014919
590 0.00138975
479 0.000445015
708 0.00511455
429 0.000574708
381 0.00283036
523 0.00162701
1 9.0292e-06
64 0.0026599
687 0.00850599
2 0.000742422
12 0.000150554
524 0.000432894
397 0.000399963
617 0.0016108
570 0.00108132
597 0.00112996
407 0.000537417
4 0.000162493
719 0.00652727
627 0.00119788
752 0.0143007
706 0.005276
1 0.000156115
653 0.00417375
5 0.000267771
517 0.000838523
525 0.00086117
727 0.00699969
629 0.0017579
81 0.000498477
13 0.000294683
677 0.00314346
495 0.000864275
492 0.000313819
636 0.00385816
571 0.00152394
681 0.00870334
574 0.00121486
80 0.000287866
684 0.00459237
624 0.00108995
6 0.000261366
683 0.00506016
588 0.000639553
506 0.00060366
733 0.0105532
1 1.76091e-05
292 0.0030147
420 0.00149852
466 0.00213048
3 0.000185823
657 0.00436173
482 0.000846153
1 1.71175e-05
470 0.000370087
648 0.00374281
516 0.000518688
710 0.00887961
692 0.00472752
26 0.000752394
707 0.00634556
56 0.000875714
603 0.00214451
678 0.00453476
601 0.00278173
536 0.00263485
655 0.00333522
374 0.00146165
1 3.62615e-06
372 0.000267056
390 0.0010504
5 0.000433932
406 0.000766013
412 0.000961723
19 0.000575129
530 0.000827781
694 0.00565839
4 0.000522933
362 0.000419931
2 0.000248196
4 0.000145249
3 8.98912e-05
455 0.00040319
6 0.000368364
2 4.05978e-05
1 6.26674e-06
1 2.00746e-07
6 0.000611152
402 0.000323711
582 0.0037834
478 0.000348449
2 0.000154116
515 0.000935794
3 0.000133063
419 0.000418278
41 0.000501281
371 0.000988403
453 0.00103103
85 0.000853626
594 0.00480921
13 0.000479672
580 0.00102902
541 0.00101602
671 0.00391559
642 0.00256897
8 0.000327404
391 0.00119215
446 0.000661149
1 2.24773e-06
668 0.00556474
518 0.000786509
625 0.00252764
664 0.00474978
504 0.000976909
544 0.00180779
2 7.8668e-05
460 0.00125426
1 0
443 0.00156692
4 0.000356943
498 0.00146847
554 0.00113845
1 5.52521e-05
623 0.0136698
547 0.00428206
553 0.0022937
690 0.00718997
575 0.00192502
1 2.50426e-05
417 0.000176555
1 0.000285743
609 0.00118196
540 0.000458848
1 3.04553e-05
550 0.00120132
658 0.00429524
475 0.000424211
3 3.38805e-05
587 0.00141242
661 0.00278321
643 0.00228544
717 0.00860788
599 0.0010683
705 0.0048803
695 0.00579761
1 0.000152817
7 0.000159327
6 0.000147585
612 0.0104065
581 0.00201714
17 0.00113247
196 0.00264478
24 0.00064314
1 3.54045e-07
1 0.000119089
115 0.00117801
484 0.000442305
1 1.36868e-05
3 0.000170773
7 0.000219693
2 5.71445e-05
53 0.000453819
1 4.13191e-05
378 0.000304957
1 0.000224488
559 0.00117674
660 0.00805843
1 8.85122e-05
539 0.0011621
1 0.000276626
4 0.000259129
431 0.0001757
4 0.00287423
195 0.00124925
477 0.000571847
42 0.000210347
17 0.00298797
723 0.00697561
2 1.36326e-05
18 0.000698546
497 0.00380839
1 8.07165e-05
28 0.000445282
9 0.0011139
584 0.0037157
8 0.000380555
1 0
379 0.00192506
634 0.00246121
486 0.0011534
7 0.000466033
444 0.000681747
389 0.000778992
84 0.00406647
2 0.000120004
384 0.000726308
526 0.00148767
415 0.000555759
1 0
4 0.00328019
586 0.0064054
508 0.00127974
2 0.000285115
396 0.000753267
1 6.23519e-05
483 0.000735316
2 9.41732e-05
1 2.67867e-05
425 0.000432812
418 0.000539366
4 0.00146133
382 0.000834639
666 0.00410188
1 0.00144445
3 0.000254853
548 0.00207762
6 0.000311296
16 0.00029159
3 0.000117561
552 0.00266683
440 0.000369919
551 0.00127376
1 0.000221001
78 0.00022568
2 0.000214495
82 0.00030595
529 0.000833585
79 0.000201563
644 0.00144326
400 0.000867468
52 0.000143246
480 0.000918257
51 0.000421403
432 0.000444188
474 0.00111972
1 0.000146125
3 7.01012e-05
71 0.000850292
14 0.000989535
646 0.00258545
1 4.59535e-05
2 3.74217e-05
377 0.000773694
2 6.64171e-05
1 2.60782e-05
568 0.00359138
401 0.000359696
395 0.000584412
364 0.000330032
3 0.000223914
2 0.00262869
5 2.73709e-05
468 0.000732755
19 0.000169427
6 0.000166905
3 0.000656542
2 1.47354e-05
4 0.00482751
1 0
23 0.000316275
9 0.000916203
1 7.82669e-05
5 0.000323064
21 0.000285288
463 0.00155342
441 0.00388113
1 1.76471e-05
473 0.000908681
439 0.000602088
1 0.00016065
514 0.00518784
1 1.85532e-05
476 0.00186688
2 4.55225e-05
1 0.000194379
591 0.00154564
393 0.000300537
589 0.00313997
1 6.66485e-05
1 2.42141e-05
8 0.000434013
1 0.000113227
1 4.0495e-05
494 0.000652185
491 0.000737677
9 0.000198752
361 0.00044493
386 0.00032325
3 0.000121729
12 0.000386126
387 0.000768352
1 0.00011561
7 0.000717345
4 0.000271806
6 0.000223388
1 4.11077e-05
2 3.06606e-05
190 0.0010204
7 0.000891375
3 0.000133541
5 0.000131851
1 1.24484e-05
17 0.000782988
1 2.2469e-05
436 0.000898208
14 0.0004521
293 4.99428e-05
1 0.00012121
490 0.000712977
11 0.000305673
434 0.000546693
1 2.41527e-05
1 6.77448e-05
3 0.000273284
507 0.00099809
533 0.00119119
521 0.00323034
2 9.19745e-05
519 0.000826241
557 0.00118964
6 0.000195783
3 0.000337834
409 0.000230496
388 0.000118899
1 0.000134143
488 0.000782033
2 0.000152101
1 6.06079e-05
662 0.00417887
610 0.00121445
545 0.000760544
23 0.00132333
2 0.000248968
421 0.000303802
7 0.000135089
1 2.37126e-06
5 0.00035831
3 0.000153233
7 0.000169755
4 0.000139935
2 0.000126939
2 6.63266e-05
423 0.000898073
26 9.70885e-05
27 0.000377803
4 0.000146384
1 0
1 2.28432e-05
500 0.000827023
77 0.000150547
399 0.000485563
2 0.00271614
1 0.000366944
1 7.97368e-05
366 0.00133946
1 3.08101e-06
1 0
189 0.000319863
2 0.00032973
16 0.000251629
462 0.000552773
1 4.44009e-06
191 0.00079748
1 7.9512e-05
454 0.0012359
3 0.00223526
1 4.1306e-05
53 0.0024202
1 0.00016927
5 0.00026952
2 4.31979e-05
113 0.000597844
398 0.0004902
2 0.000117082
375 0.000420739
2 0.000228525
367 0.000260172
1 2.09624e-05
1 1.32917e-05
6 0.000107469
186 0.000395706
512 0.00190453
1 0.000203481
1 2.38432e-06
1 0.000166022
1 4.59256e-05
4 0.00351536
3 0.000188994
1 7.51413e-05
1 6.09739e-05
2 0.000130731
4 0.000186563
1 5.72769e-05
188 0.00052744
67 0.000217336
433 0.000594792
1 9.55025e-06
5 0.000115873
1 0
1 0.000104712
9 0.000663786
3 8.40129e-05
505 0.00126886
3 0.00269092
404 0.000925262
5 0.000298119
1 2.51018e-05
1 0
6 0.000525556
558 0.00246585
1 3.53788e-06
1 1.5337e-06
1 1.06539e-05
114 0.000552413
392 0.000184478
1 0.0001003
1 2.23432e-06
8 0.00026177
204 0.00231733
368 0.00211148
4 3.64422e-05
10 0.000181517
1 0.000100131
8 6.46242e-05
50 0.000322252
2 0.000209626
1 0.000142797
1 7.18987e-07
40 0.00152784
1 4.78919e-05
1 3.19999e-05
1 0
10 0.000255281
385 0.000691426
7 0.000499712
1 1.5541e-05
1 5.46204e-06
1 0
1 4.24904e-05
1 2.92862e-05
2 0.000422198
1 1.60774e-05
1 7.11242e-06
1 2.96852e-05
12 0.00819375
2 0.00142015
1 5.07708e-05
1 0
2 0
1 0
1 1.68292e-05
25 0.000245897
1 9.27136e-05
3 0.000371859
1 1.30128e-05
1 0
1 0
1 1.68007e-05
413 0.000808048
1 5.2978e-06
1 2.35719e-06
1 4.51539e-05
3 0.00116723
2 9.42103e-05
1 4.54766e-05
1 1.09174e-06
1 2.46993e-05
1 0
1 3.83658e-05
1 0
12 0.000558649
11 0.000341342
1 8.48193e-05
3 7.50855e-05
2 0.00274721
1 1.99192e-07
1 0
1 0
1 0.000104737
1 0
1 2.0003e-05
1 4.99899e-06
1 5.17917e-05
1 4.25232e-05
3 1.41713e-05
2 0.00263693
3 7.30639e-05
1 8.37218e-06
2 5.00893e-05
1 0
1 3.62518e-05
8 0.000169758
1 8.21919e-06
1 1.97529e-06
1 1.58431e-06
1 0.000100098
1 0
3 0.00153869
2 0.000238265
7 0.000297939
1 0
1 8.5691e-05
1 0
1 0
1 1.78226e-05
4 0.00028635
3 0.000162618
1 0
5 0.00213153
1 8.01021e-06
8 0.000133622
1 2.62398e-05
1 9.69896e-06
1 2.78115e-05
1 4.2307e-05
1 0
1 3.92812e-06
1 0
1 0
1 0
1 0
2 6.25822e-05
2 4.19506e-05
1 8.3954e-05
1 0
5 5.92658e-05
1 2.95396e-05
2 0
1 0
1 0
2 0.000460567
1 0
1 0
1 1.75507e-05
2 0.000569066
1 0
6 0.000329371
1 0
1 5.22889e-06
1 0
1 0
1 0
1 5.7231e-07
1 0
1 1.04633e-05
1 2.71498e-06
1 2.5433e-06
1 0
1 0
2 3.34311e-05
1 0
1 0
1 0
1 0
1 8.33104e-07
1 0
1 0
1 6.07988e-06
1 0
1 0
1 0
1 0
1 8.66338e-07
1 0
1 0
1 0
1 0
1 0
