0.1 8.92857 1.95962 0.979519 0.652948 0.489687 0.391738 
0.2 16.369 3.91924 1.98872 1.32568 0.994213 0.795347 
0.3 22.0238 5.70071 2.99792 1.99842 1.49874 1.19896 
0.4 27.6786 7.60095 3.97744 2.65137 1.98843 1.59069 
0.5 31.5476 9.26366 4.92728 3.28453 2.46327 1.97056 
0.6 36.0119 10.9264 5.9068 3.93748 2.95296 2.3623 
0.7 40.1786 12.3515 6.88632 4.59042 3.44265 2.75404 
0.8 43.75 13.9549 7.86584 5.24337 3.93233 3.14577 
0.9 46.131 15.4394 8.81567 5.91611 4.43686 3.54938 
1 48.5119 16.8052 9.70614 6.52948 4.89687 3.91738 
1.1 50 17.8741 10.5966 7.14286 5.37172 4.29725 
1.2 53.5714 19.2399 11.4871 7.77602 5.84656 4.67711 
1.3 55.6548 20.6057 12.4072 8.38939 6.30657 5.05698 
1.4 57.4405 21.6152 13.2383 8.9632 6.7369 5.41311 
1.5 61.6071 23.0404 14.2179 9.63593 7.24143 5.81671 
1.6 63.6905 24.1093 14.9599 10.1899 7.67176 6.16097 
1.7 66.0714 25.5344 15.9394 10.8429 8.16145 6.55271 
1.8 67.8571 26.8409 16.919 11.4958 8.65114 6.94444 
1.9 68.75 27.791 17.8094 12.1488 9.14082 7.33618 
2 69.9405 28.6223 18.6405 12.7424 9.58599 7.69231 
2.1 71.131 29.8694 19.4717 13.3162 10.046 8.07217 
2.2 72.3214 30.5226 20.1543 13.9098 10.506 8.44017 
2.3 72.9167 31.4133 21.0448 14.5034 10.966 8.80817 
2.4 73.8095 32.304 21.8759 15.097 11.426 9.17616 
2.5 75.2976 33.1354 22.6774 15.7499 11.9157 9.5679 
2.6 76.7857 34.1449 23.4788 16.3435 12.3757 9.9359 
2.7 78.2738 34.9762 24.3099 16.9173 12.8209 10.292 
2.8 78.5714 35.6888 24.7848 17.4713 13.2661 10.66 
2.9 80.3571 36.7577 25.5862 18.0649 13.7409 11.0399 
3 80.6548 37.6485 26.4173 18.6585 14.2009 11.4079 
3.1 81.8452 38.1235 26.8032 19.1927 14.6461 11.7759 
3.2 82.1429 39.0143 27.5749 19.8061 15.1061 12.1557 
3.3 83.0357 39.905 28.3764 20.3799 15.5661 12.5356 
3.4 83.3333 40.6176 29.2372 21.0131 16.041 12.9155 
3.5 84.2262 41.5677 29.9792 21.6264 16.5158 13.2953 
3.6 84.2262 41.6865 30.2167 22.22 16.9758 13.6871 
3.7 84.8214 42.4584 31.1072 22.8136 17.4358 14.067 
3.8 86.0119 43.4679 31.9976 23.427 17.8958 14.4468 
3.9 86.3095 44.1805 32.7991 24.0008 18.3558 14.8267 
4 86.6071 44.715 33.4817 24.5746 18.7862 15.1709 
4.1 86.9048 45.5463 34.1348 25.1088 19.2313 15.5271 
4.2 87.5 46.0808 34.7878 25.7024 19.7062 15.9069 
4.3 87.7976 46.5558 35.2627 26.1773 20.1365 16.2512 
4.4 87.7976 46.5558 35.2627 26.4939 20.5817 16.6073 
4.5 88.3929 47.3278 36.0344 27.0875 21.0565 16.9872 
4.6 88.3929 48.2779 36.7171 27.681 21.5314 17.367 
4.7 88.6905 49.4062 37.4889 28.2351 21.9766 17.7232 
4.8 89.2857 50.3563 38.1716 28.8484 22.4662 18.1149 
4.9 89.2857 51.1876 38.8839 29.442 22.9263 18.4829 
5 89.2857 52.019 39.626 30.0752 23.4159 18.8746 
5.1 89.5833 52.6722 40.3087 30.649 23.8611 19.2308 
5.2 89.881 53.1473 40.8727 31.2624 24.3656 19.6344 
5.3 89.881 53.3848 41.2882 31.6977 24.7366 19.9549 
5.4 89.881 53.8005 41.7631 32.1528 25.1966 20.3348 
5.5 89.881 53.8005 41.7928 32.5485 25.6566 20.7028 
5.6 89.881 53.8005 41.7928 32.6276 26.0721 21.0351 
5.7 89.881 53.8005 41.7928 32.6474 26.5618 21.4269 
5.8 90.1786 54.3349 42.0896 32.9244 26.9625 21.7949 
5.9 90.1786 55.3444 42.8317 33.518 27.4521 22.1866 
6 90.1786 55.8789 43.3957 33.9929 27.8676 22.519 
6.1 90.7738 56.7102 44.1674 34.6063 28.3276 22.8989 
6.2 91.0714 57.6603 44.8501 35.1405 28.7283 23.2194 
6.3 91.0714 58.3729 45.4141 35.6351 29.129 23.5518 
6.4 91.0714 59.0261 46.0671 36.1694 29.5593 23.896 
6.5 91.0714 59.5606 46.4826 36.664 29.9896 24.2759 
6.6 91.369 60.3919 47.195 37.2774 30.4645 24.6676 
6.7 91.369 61.1639 47.9964 37.871 30.9245 25.0356 
6.8 91.369 61.7577 48.6495 38.3854 31.3548 25.4036 
6.9 91.6667 62.2922 49.1837 38.9592 31.8148 25.7716 
7 91.6667 62.7078 49.7774 39.4341 32.2451 26.1159 
7.1 92.2619 63.4204 50.3117 39.8694 32.631 26.4482 
7.2 92.2619 63.5392 50.8163 40.4036 33.0613 26.8162 
7.3 92.2619 63.5392 50.8163 40.5421 33.2839 27.1724 
7.4 92.2619 63.7767 50.9647 40.8192 33.5361 27.481 
7.5 92.2619 64.6081 51.5583 41.3336 33.9516 27.8134 
7.6 92.5595 65.2613 52.152 41.848 34.3523 28.1339 
7.7 92.8571 65.7363 52.7753 42.3625 34.7974 28.5138 
7.8 93.1548 66.5083 53.3986 42.8769 35.2278 28.858 
7.9 93.4524 67.1615 53.9329 43.3518 35.6729 29.2142 
8 93.4524 67.6366 54.5562 43.9058 36.133 29.5821 
8.1 94.0476 68.2304 55.1202 44.4203 36.5484 29.9264 
8.2 94.6429 69.0024 55.7732 44.9941 37.0085 30.2944 
8.3 94.6429 69.5962 56.2481 45.4491 37.3943 30.6387 
8.4 94.6429 70.1306 56.7824 45.9042 37.7652 30.9473 
8.5 94.6429 70.5463 57.3167 46.3395 38.2253 31.3272 
8.6 94.6429 71.1995 57.9697 46.8342 38.6259 31.6595 
8.7 94.9405 71.8527 58.5634 47.3486 39.0414 31.9919 
8.8 95.2381 72.3872 59.1273 47.8037 39.4272 32.3362 
8.9 95.2381 72.8029 59.5726 48.2786 39.8279 32.6804 
9 95.5357 73.4561 60.1365 48.8128 40.273 33.0366 
9.1 95.8333 73.8717 60.8786 49.3471 40.7182 33.4164 
9.2 95.8333 74.228 61.3832 49.8219 41.1337 33.7607 
9.3 96.7262 74.5249 61.9472 50.3364 41.5344 34.0931 
9.4 96.7262 75.0594 62.5111 50.8706 41.9647 34.4492 
9.5 97.0238 75.4751 63.0157 51.2861 42.306 34.7341 
9.6 97.0238 76.0095 63.55 51.6818 42.6621 35.0665 
9.7 97.3214 76.5439 64.0843 52.1765 43.137 35.4463 
9.8 97.3214 76.8409 64.5889 52.6712 43.5376 35.8025 
9.9 97.3214 77.2565 64.9748 53.1065 43.9234 36.1111 
10 97.3214 77.6722 65.3903 53.5417 44.2944 36.4435 
10.1 97.3214 77.9691 65.8059 53.9968 44.6951 36.7996 
10.2 97.3214 78.1473 66.1324 54.2936 45.0067 37.0726 
10.3 97.3214 78.3254 66.2808 54.4915 45.2738 37.3457 
10.4 97.3214 78.3254 66.2808 54.5904 45.4222 37.5475 
10.5 97.3214 78.3254 66.2808 54.5904 45.4518 37.6781 
10.6 97.3214 78.3254 66.2808 54.5904 45.4667 37.7374 
10.7 97.3214 78.3254 66.2808 54.7091 45.6893 37.9867 
10.8 97.619 78.4442 66.5479 54.9466 46.0157 38.3191 
10.9 97.9167 79.1568 67.2306 55.4017 46.4015 38.6515 
11 98.2143 79.5724 67.7056 55.7974 46.7132 38.9245 
11.1 98.2143 79.9881 68.2398 56.1733 47.0841 39.2569 
11.2 98.2143 80.3444 68.8632 56.6878 47.4996 39.613 
11.3 98.2143 80.7007 69.3084 57.1429 47.9151 39.9573 
11.4 98.5119 80.8789 69.6349 57.5386 48.2416 40.2422 
11.5 98.5119 81.2945 70.1098 57.9541 48.5977 40.5271 
11.6 98.5119 81.829 70.6144 58.4488 48.9984 40.8832 
11.7 98.5119 82.2447 71.03 58.8445 49.3545 41.1918 
11.8 98.5119 82.5416 71.3565 59.2204 49.7403 41.5005 
11.9 98.5119 83.0166 71.9205 59.6755 50.1261 41.8329 
12 98.5119 83.5511 72.4844 60.1504 50.5119 42.1534 
12.1 98.5119 83.7886 72.7812 60.5659 50.8384 42.4501 
12.2 98.5119 84.0855 73.2562 61.0605 51.2242 42.7707 
12.3 98.5119 84.4418 73.6123 61.5156 51.61 43.0793 
12.4 98.5119 84.7981 74.0576 61.9905 52.0255 43.4117 
12.5 98.5119 85.0356 74.295 62.3862 52.3965 43.7322 
12.6 98.8095 85.3919 74.6809 62.7028 52.7526 44.0646 
12.7 98.8095 85.6888 75.0668 63.0787 53.1088 44.3495 
12.8 99.1071 85.9264 75.3339 63.3558 53.4204 44.6225 
12.9 99.1071 86.0451 75.7792 63.7911 53.8359 44.9668 
13 99.1071 86.5796 76.2541 64.167 54.1772 45.2754 
13.1 99.1071 86.9952 76.6993 64.5627 54.6075 45.6434 
13.2 99.1071 87.2328 77.0852 64.9782 54.9933 45.9877 
13.3 99.1071 87.4703 77.5304 65.4135 55.4237 46.3438 
13.4 99.4048 87.9454 77.9163 65.8488 55.8243 46.6762 
13.5 99.4048 87.9454 78.1834 66.1654 56.1359 46.9373 
13.6 99.4048 88.2423 78.7177 66.6403 56.4921 47.246 
13.7 99.4048 88.361 79.0739 67.0558 56.863 47.5665 
13.8 99.4048 88.4798 79.163 67.1547 57.0263 47.8158 
13.9 99.4048 88.5986 79.3411 67.4317 57.323 48.1007 
14 99.4048 88.7767 79.7863 67.7681 57.6643 48.4212 
14.1 99.4048 89.2518 80.1722 68.0847 57.9908 48.6823 
14.2 99.4048 89.4893 80.6174 68.4804 58.3469 48.991 
14.3 99.7024 89.6081 80.8845 68.7772 58.6882 49.2996 
14.4 99.7024 90.1425 81.2407 69.1136 58.9702 49.5845 
14.5 99.7024 90.5582 81.6563 69.4895 59.2966 49.8575 
14.6 99.7024 90.7363 81.8344 69.7863 59.5786 50.1068 
14.7 99.7024 90.8551 82.2202 70.1029 59.8754 50.3799 
14.8 99.7024 90.9739 82.4577 70.4195 60.187 50.6529 
14.9 99.7024 91.3302 82.9029 70.835 60.5431 50.9497 
15 99.7024 91.5083 83.2294 71.1713 60.8696 51.2346 
15.1 99.7024 91.6865 83.5856 71.5275 61.1515 51.4601 
15.2 99.7024 91.7458 83.8231 71.8045 61.4186 51.7213 
15.3 99.7024 91.7458 84.0902 72.1409 61.7005 51.9824 
15.4 99.7024 91.9834 84.4464 72.4377 61.9973 52.2436 
15.5 99.7024 92.1021 84.6839 72.6949 62.2496 52.5047 
15.6 100 92.2209 84.8026 72.873 62.5315 52.754 
15.7 100 92.2209 84.8323 72.9719 62.7393 53.0152 
15.8 100 92.4584 85.2775 73.3281 63.0064 53.2645 
15.9 100 92.7553 85.5447 73.6446 63.318 53.5256 
16 100 92.8741 85.8712 73.9414 63.5999 53.7749 
16.1 100 93.1116 86.168 74.3372 63.9858 54.1073 
16.2 100 93.2304 86.4648 74.7329 64.3271 54.4041 
16.3 100 93.2898 86.732 75.0099 64.609 54.6415 
16.4 100 93.5273 87.0288 75.3067 64.8909 54.8908 
16.5 100 93.8242 87.2366 75.5046 65.1284 55.1045 
16.6 100 94.0024 87.5334 75.8013 65.4251 55.3894 
16.7 100 94.1211 87.8005 76.1377 65.7368 55.6624 
16.8 100 94.2399 87.9489 76.4147 65.989 55.8879 
16.9 100 94.4774 88.1567 76.6719 66.2858 56.1491 
17 100 94.6556 88.4239 76.9687 66.5826 56.4221 
17.1 100 94.7743 88.691 77.2062 66.8497 56.6477 
17.2 100 94.8337 88.8394 77.3843 67.1465 56.9207 
17.3 100 95.0119 89.0769 77.7008 67.4284 57.17 
17.4 100 95.19 89.255 77.8789 67.6065 57.3481 
17.5 100 95.2494 89.344 78.1559 67.9181 57.6211 
17.6 100 95.3682 89.4924 78.334 68.1407 57.8348 
17.7 100 95.4276 89.7299 78.611 68.4523 58.1197 
17.8 100 95.4869 89.9377 78.888 68.6897 58.3452 
17.9 100 95.6651 90.1751 79.2442 69.0459 58.6538 
18 100 95.7838 90.4126 79.6003 69.402 58.9625 
18.1 100 95.962 90.65 79.818 69.6691 59.1762 
18.2 100 96.1401 90.8281 80.1148 69.951 59.4255 
18.3 100 96.1401 91.0062 80.4907 70.2627 59.6866 
18.4 100 96.2589 91.3031 80.7677 70.5743 59.9478 
18.5 100 96.3777 91.4218 80.9854 70.782 60.1614 
18.6 100 96.4371 91.5108 81.1239 70.9898 60.3751 
18.7 100 96.5558 91.6592 81.3019 71.1827 60.5532 
18.8 100 96.7933 91.8373 81.5987 71.4498 60.7787 
18.9 100 96.9121 92.0451 81.9153 71.7465 61.0161 
19 100 96.9715 92.2232 82.1725 71.9988 61.2417 
19.1 100 97.0309 92.431 82.41 72.2362 61.491 
19.2 100 97.0309 92.5497 82.588 72.444 61.6809 
19.3 100 97.0309 92.6388 82.7859 72.6517 61.859 
19.4 100 97.0309 92.7872 83.0629 72.9485 62.132 
19.5 100 97.1496 92.9059 83.2212 73.1117 62.3219 
19.6 100 97.1496 93.0543 83.4191 73.364 62.5356 
19.7 100 97.209 93.1434 83.5972 73.6311 62.7493 
19.8 100 97.209 93.2621 83.7554 73.8537 62.9748 
19.9 100 97.2684 93.4402 83.8939 74.0763 63.1648 
20 100 97.2684 93.4699 84.0324 74.284 63.3547 
20.1 100 97.3278 93.6776 84.2303 74.5511 63.604 
20.2 100 97.3872 93.7667 84.3886 74.7737 63.7821 
20.3 100 97.4466 93.9745 84.5865 75.0705 64.0195 
20.4 100 97.4466 94.0932 84.7843 75.2782 64.2094 
20.5 100 97.5059 94.1822 84.9624 75.5008 64.4468 
20.6 100 97.5653 94.2713 85.1009 75.6344 64.5774 
20.7 100 97.6247 94.4197 85.3186 75.8718 64.8029 
20.8 100 97.6247 94.5384 85.4769 76.0647 64.9929 
20.9 100 97.6841 94.5978 85.6945 76.3912 65.254 
21 100 97.6841 94.7165 85.8726 76.5989 65.4677 
21.1 100 97.7435 94.8353 86.0507 76.8066 65.6814 
21.2 100 97.8029 94.9837 86.2683 77.0589 65.8951 
21.3 100 97.8622 95.043 86.4662 77.3112 66.1443 
21.4 100 97.8622 95.1024 86.6442 77.5486 66.3462 
21.5 100 97.8622 95.1024 86.664 77.6525 66.5005 
21.6 100 97.8622 95.1915 86.8619 77.8751 66.7023 
21.7 100 98.0404 95.3102 86.9806 78.0531 66.9041 
21.8 100 98.0998 95.4289 87.1389 78.3054 67.1296 
21.9 100 98.1591 95.4883 87.317 78.5725 67.367 
22 100 98.1591 95.518 87.3763 78.7357 67.5214 
22.1 100 98.1591 95.6367 87.5346 78.9286 67.7113 
22.2 100 98.1591 95.7554 87.7127 79.166 67.925 
22.3 100 98.2779 95.8741 87.9501 79.4332 68.1505 
22.4 100 98.3373 95.9335 88.0689 79.6261 68.3286 
22.5 100 98.3373 95.9929 88.1678 79.7299 68.5066 
22.6 100 98.4561 96.1413 88.425 79.997 68.7441 
22.7 100 98.5154 96.2007 88.5437 80.1454 68.8984 
22.8 100 98.5154 96.26 88.702 80.3235 69.0883 
22.9 100 98.5154 96.4381 88.8603 80.5164 69.2783 
23 100 98.5154 96.5272 88.9395 80.6054 69.3732 
23.1 100 98.5154 96.5568 89.1373 80.7687 69.5513 
23.2 100 98.5748 96.7349 89.3352 81.0061 69.7531 
23.3 100 98.753 96.8833 89.5133 81.2287 69.9549 
23.4 100 98.8717 96.9724 89.6122 81.4067 70.1211 
23.5 100 98.9311 97.0318 89.6913 81.5254 70.2754 
23.6 100 99.0499 97.1505 89.8298 81.6738 70.4535 
23.7 100 99.0499 97.2099 89.9486 81.7629 70.5603 
23.8 100 99.1686 97.3286 90.0871 81.9409 70.7384 
23.9 100 99.2874 97.477 90.2058 82.0745 70.9164 
24 100 99.2874 97.566 90.3443 82.2526 71.0708 
24.1 100 99.2874 97.5957 90.4234 82.3713 71.2013 
24.2 100 99.2874 97.5957 90.4828 82.4751 71.3438 
24.3 100 99.2874 97.6848 90.6213 82.7274 71.5812 
24.4 100 99.2874 97.7441 90.74 82.8461 71.7236 
24.5 100 99.3468 97.8332 90.8785 82.9648 71.8424 
24.6 100 99.4656 97.8925 90.9577 83.1281 72.0442 
24.7 100 99.5843 98.0113 91.1159 83.3061 72.1985 
24.8 100 99.5843 98.041 91.2347 83.4694 72.3765 
24.9 100 99.5843 98.0706 91.3732 83.6623 72.5665 
25 100 99.6437 98.2191 91.4919 83.781 72.7089 
25.1 100 99.6437 98.2784 91.5908 83.9739 72.887 
25.2 100 99.6437 98.3378 91.7491 84.1816 73.0532 
25.3 100 99.7031 98.3675 91.9074 84.3894 73.2787 
25.4 100 99.7031 98.3675 91.9272 84.4636 73.4212 
25.5 100 99.7031 98.4268 91.9865 84.5823 73.5636 
25.6 100 99.7625 98.5159 92.0657 84.701 73.7179 
25.7 100 99.7625 98.5456 92.1646 84.8494 73.8841 
25.8 100 99.7625 98.5752 92.224 84.9384 73.9791 
25.9 100 99.7625 98.5752 92.2833 85.0571 74.1334 
26 100 99.7625 98.6049 92.3823 85.2352 74.3115 
26.1 100 99.7625 98.6049 92.4416 85.3391 74.4421 
26.2 100 99.7625 98.6049 92.5208 85.4578 74.5608 
26.3 100 99.7625 98.6346 92.5801 85.5468 74.6795 
26.4 100 99.8219 98.6643 92.6593 85.6952 74.8101 
26.5 100 99.8812 98.7237 92.7384 85.7991 74.9525 
26.6 100 99.8812 98.7237 92.8571 85.9475 75.1187 
26.7 100 99.8812 98.7533 92.9165 86.0513 75.2849 
26.8 100 99.8812 98.783 92.9759 86.1552 75.4036 
26.9 100 99.8812 98.8424 93.0748 86.2739 75.5223 
27 100 99.8812 98.9018 93.1737 86.3926 75.6648 
27.1 100 99.8812 98.9314 93.1935 86.4817 75.7716 
27.2 100 99.8812 98.9611 93.2331 86.5707 75.8903 
27.3 100 99.8812 98.9908 93.2727 86.6301 75.9972 
27.4 100 99.8812 98.9908 93.2924 86.6894 76.0684 
27.5 100 99.9406 99.0798 93.3914 86.7933 76.1633 
27.6 100 100 99.1095 93.4507 86.912 76.2583 
27.7 100 100 99.1095 93.4507 87.001 76.3889 
27.8 100 100 99.1095 93.5497 87.0901 76.4839 
27.9 100 100 99.1392 93.609 87.1643 76.5907 
28 100 100 99.1392 93.6486 87.2681 76.7331 
28.1 100 100 99.1392 93.6684 87.3423 76.8281 
28.2 100 100 99.1689 93.7277 87.4314 76.9231 
28.3 100 100 99.2283 93.7871 87.4907 77.018 
28.4 100 100 99.2579 93.8465 87.5946 77.1724 
28.5 100 100 99.2876 93.9256 87.6985 77.3148 
28.6 100 100 99.3173 93.985 87.8172 77.4454 
28.7 100 100 99.3173 94.0443 87.9359 77.5522 
28.8 100 100 99.3173 94.1037 88.0546 77.6828 
28.9 100 100 99.3173 94.163 88.1733 77.8253 
29 100 100 99.3767 94.2422 88.2624 77.9202 
29.1 100 100 99.3767 94.262 88.3069 77.9796 
29.2 100 100 99.3767 94.3213 88.4107 78.0983 
29.3 100 100 99.4064 94.3807 88.4849 78.2051 
29.4 100 100 99.436 94.4203 88.6185 78.312 
29.5 100 100 99.436 94.44 88.6778 78.3951 
29.6 100 100 99.4657 94.4796 88.7669 78.5019 
29.7 100 100 99.4657 94.539 88.8411 78.6325 
29.8 100 100 99.4657 94.5588 88.8856 78.68 
29.9 100 100 99.4954 94.6379 89.0043 78.8105 
30 100 100 99.5251 94.6775 89.0785 78.8936 
30.1 100 100 99.5251 94.7171 89.1379 78.953 
30.2 100 100 99.5251 94.7171 89.1972 79.0242 
30.3 100 100 99.5251 94.7764 89.3011 79.1548 
30.4 100 100 99.5548 94.8556 89.4495 79.2972 
30.5 100 100 99.5548 94.9149 89.5237 79.3922 
30.6 100 100 99.5548 94.9941 89.6127 79.5109 
30.7 100 100 99.5548 95.0139 89.6424 79.5821 
30.8 100 100 99.5548 95.0139 89.7166 79.7009 
30.9 100 100 99.5548 95.0139 89.7611 79.7958 
31 100 100 99.5844 95.0732 89.8056 79.8789 
31.1 100 100 99.5844 95.093 89.8946 79.9976 
31.2 100 100 99.5844 95.1326 89.9985 80.1401 
31.3 100 100 99.6141 95.1919 90.1024 80.2469 
31.4 100 100 99.6141 95.2513 90.1914 80.3538 
31.5 100 100 99.6141 95.2711 90.2211 80.425 
31.6 100 100 99.6141 95.3502 90.3101 80.5793 
31.7 100 100 99.6141 95.37 90.3398 80.6624 
31.8 100 100 99.6438 95.4096 90.414 80.7455 
31.9 100 100 99.6438 95.4491 90.4437 80.793 
32 100 100 99.6438 95.5283 90.5624 80.9236 
32.1 100 100 99.6438 95.5679 90.6366 81.0304 
32.2 100 100 99.6438 95.6074 90.6811 81.1016 
32.3 100 100 99.6438 95.647 90.785 81.2441 
32.4 100 100 99.6438 95.6866 90.8443 81.3272 
32.5 100 100 99.6438 95.7064 90.8592 81.3865 
32.6 100 100 99.6438 95.7262 90.9037 81.4459 
32.7 100 100 99.6438 95.7657 90.9631 81.5171 
32.8 100 100 99.6438 95.7855 90.9927 81.6121 
32.9 100 100 99.6438 95.8251 91.1114 81.7189 
33 100 100 99.6438 95.924 91.2153 81.8376 
33.1 100 100 99.6438 95.9834 91.2895 81.9207 
33.2 100 100 99.6735 96.023 91.334 82.0157 
33.3 100 100 99.6735 96.023 91.334 82.0157 
33.4 100 100 99.6735 96.0427 91.3637 82.0513 
33.5 100 100 99.6735 96.0625 91.3934 82.1462 
33.6 100 100 99.6735 96.0823 91.4379 82.1819 
33.7 100 100 99.6735 96.0823 91.4824 82.2175 
33.8 100 100 99.6735 96.1417 91.5714 82.2887 
33.9 100 100 99.7922 96.2802 91.6753 82.3955 
34 100 100 99.7922 96.2802 91.6902 82.4549 
34.1 100 100 99.7922 96.2802 91.7198 82.4905 
34.2 100 100 99.7922 96.3197 91.7644 82.5736 
34.3 100 100 99.8516 96.3989 91.8386 82.6686 
34.4 100 100 99.8516 96.4187 91.8534 82.7042 
34.5 100 100 99.9406 96.478 91.9276 82.7873 
34.6 100 100 99.9703 96.577 92.0463 82.9297 
34.7 100 100 99.9703 96.5968 92.0908 82.9891 
34.8 100 100 99.9703 96.6363 92.165 83.0959 
34.9 100 100 99.9703 96.6957 92.2392 83.1909 
35 100 100 99.9703 96.755 92.3282 83.3096 
35.1 100 100 100 96.8935 92.4766 83.4639 
35.2 100 100 100 96.9925 92.5805 83.6064 
35.3 100 100 100 97.1508 92.7141 83.7369 
35.4 100 100 100 97.2497 92.8179 83.8438 
35.5 100 100 100 97.4476 93.0257 84.0456 
35.6 100 100 100 97.4476 93.0702 84.1287 
35.7 100 100 100 97.6059 93.2186 84.2711 
35.8 100 100 100 97.8235 93.456 84.4967 
35.9 100 100 100 97.9027 93.6192 84.6629 
36 100 100 100 98.1203 93.916 84.9478 
36.1 100 100 100 98.1401 94.0644 85.114 
36.2 100 100 100 98.239 94.2573 85.3158 
36.3 100 100 100 98.3577 94.4354 85.4938 
36.4 100 100 100 98.4962 94.6283 85.7194 
36.5 100 100 100 98.4962 94.8805 86.0399 
36.6 100 100 100 98.4962 94.8954 86.0636 
36.7 100 100 100 98.5754 95.0438 86.2061 
36.8 100 100 100 98.5754 95.2664 86.4554 
36.9 100 100 100 98.5952 95.296 86.5622 
37 100 100 100 98.615 95.3554 86.859 
37.1 100 100 100 98.7139 95.4296 86.9777 
37.2 100 100 100 98.7732 95.6373 87.2863 
37.3 100 100 100 98.7732 95.7709 87.595 
37.4 100 100 100 98.7732 95.8302 87.8443 
37.5 100 100 100 98.7732 95.8599 87.9986 
37.6 100 100 100 98.8128 95.949 88.1885 
37.7 100 100 100 98.8128 95.9935 88.2597 
37.8 100 100 100 98.8524 96.0825 88.4022 
37.9 100 100 100 98.8524 96.0973 88.4497 
38 100 100 100 98.8524 96.0973 88.4615 
38.1 100 100 100 98.8524 96.0973 88.4972 
38.2 100 100 100 98.8524 96.0973 88.5209 
38.3 100 100 100 98.8524 96.127 88.5921 
38.4 100 100 100 98.8722 96.1715 88.7108 
38.5 100 100 100 98.8722 96.2012 88.8058 
38.6 100 100 100 98.8722 96.2012 88.8058 
38.7 100 100 100 98.9118 96.2457 88.9008 
38.8 100 100 100 98.9513 96.2903 88.9839 
38.9 100 100 100 98.9513 96.3199 89.0551 
39 100 100 100 98.9513 96.3199 89.0788 
39.1 100 100 100 98.9513 96.3348 89.1738 
39.2 100 100 100 98.9711 96.3793 89.2806 
39.3 100 100 100 98.9711 96.3793 89.34 
39.4 100 100 100 98.9711 96.3793 89.3519 
39.5 100 100 100 98.9711 96.3793 89.4112 
39.6 100 100 100 98.9711 96.3793 89.4231 
39.7 100 100 100 98.9909 96.4238 89.5299 
39.8 100 100 100 98.9909 96.4238 89.5774 
39.9 100 100 100 98.9909 96.4386 89.6368 
40 100 100 100 98.9909 96.4386 89.6961 
40.1 100 100 100 98.9909 96.4386 89.7436 
40.2 100 100 100 98.9909 96.4386 89.7673 
40.3 100 100 100 98.9909 96.4683 89.8386 
40.4 100 100 100 99.0305 96.5277 89.9217 
40.5 100 100 100 99.0305 96.5277 89.9454 
40.6 100 100 100 99.0305 96.5425 89.9691 
40.7 100 100 100 99.0305 96.5425 89.9691 
40.8 100 100 100 99.0898 96.6019 90.0522 
40.9 100 100 100 99.0898 96.6019 90.0522 
41 100 100 100 99.0898 96.6019 90.0997 
41.1 100 100 100 99.0898 96.6019 90.1353 
41.2 100 100 100 99.0898 96.6019 90.1947 
41.3 100 100 100 99.0898 96.6167 90.2896 
41.4 100 100 100 99.0898 96.6167 90.2896 
41.5 100 100 100 99.0898 96.6167 90.2896 
41.6 100 100 100 99.0898 96.6167 90.2896 
41.7 100 100 100 99.0898 96.6315 90.3134 
41.8 100 100 100 99.0898 96.6464 90.349 
41.9 100 100 100 99.0898 96.6761 90.4202 
42 100 100 100 99.0898 96.6761 90.4796 
42.1 100 100 100 99.0898 96.6909 90.5271 
42.2 100 100 100 99.0898 96.6909 90.5627 
42.3 100 100 100 99.0898 96.6909 90.622 
42.4 100 100 100 99.0898 96.6909 90.6339 
42.5 100 100 100 99.0898 96.6909 90.6458 
42.6 100 100 100 99.1096 96.7354 90.717 
42.7 100 100 100 99.1096 96.7354 90.717 
42.8 100 100 100 99.1096 96.7354 90.717 
42.9 100 100 100 99.1096 96.7354 90.717 
43 100 100 100 99.1096 96.7354 90.717 
43.1 100 100 100 99.1096 96.7354 90.717 
43.2 100 100 100 99.1492 96.7799 90.7764 
43.3 100 100 100 99.1492 96.7799 90.8238 
43.4 100 100 100 99.1492 96.7799 90.8713 
43.5 100 100 100 99.1492 96.7799 90.8951 
43.6 100 100 100 99.1492 96.7948 90.9307 
43.7 100 100 100 99.169 96.8245 91.0019 
43.8 100 100 100 99.169 96.8393 91.085 
43.9 100 100 100 99.2085 96.8838 91.1325 
44 100 100 100 99.2085 96.8986 91.18 
44.1 100 100 100 99.2085 96.9135 91.2037 
44.2 100 100 100 99.2085 96.9135 91.2156 
44.3 100 100 100 99.2085 96.9135 91.2274 
44.4 100 100 100 99.2085 96.9135 91.2274 
44.5 100 100 100 99.2085 96.9135 91.2274 
44.6 100 100 100 99.2085 96.9135 91.2274 
44.7 100 100 100 99.2085 96.9135 91.2274 
44.8 100 100 100 99.2085 96.9135 91.2274 
44.9 100 100 100 99.2085 96.9135 91.2274 
45 100 100 100 99.2085 96.9135 91.2274 
45.1 100 100 100 99.2085 96.9135 91.2274 
45.2 100 100 100 99.2085 96.9135 91.2274 
45.3 100 100 100 99.2085 96.9135 91.2274 
45.4 100 100 100 99.2085 96.9135 91.2274 
45.5 100 100 100 99.2085 96.9135 91.2274 
45.6 100 100 100 99.2085 96.9135 91.2274 
45.7 100 100 100 99.2085 96.9135 91.2274 
45.8 100 100 100 99.2085 96.9135 91.2393 
45.9 100 100 100 99.2085 96.9135 91.2393 
46 100 100 100 99.2085 96.9135 91.2393 
46.1 100 100 100 99.2085 96.9135 91.2393 
46.2 100 100 100 99.2085 96.9135 91.2393 
46.3 100 100 100 99.2085 96.9135 91.2393 
46.4 100 100 100 99.2085 96.9283 91.2631 
46.5 100 100 100 99.2085 96.9283 91.2631 
46.6 100 100 100 99.2085 96.9283 91.2631 
46.7 100 100 100 99.2085 96.9432 91.2868 
46.8 100 100 100 99.2085 96.9432 91.2868 
46.9 100 100 100 99.2085 96.9432 91.2868 
47 100 100 100 99.2085 96.9432 91.2868 
47.1 100 100 100 99.2085 96.9432 91.2987 
47.2 100 100 100 99.2085 96.9432 91.2987 
47.3 100 100 100 99.2085 96.9432 91.2987 
47.4 100 100 100 99.2085 96.958 91.3224 
47.5 100 100 100 99.2085 96.958 91.3224 
47.6 100 100 100 99.2085 96.958 91.3224 
47.7 100 100 100 99.2085 96.958 91.3224 
47.8 100 100 100 99.2085 96.958 91.3224 
47.9 100 100 100 99.2085 96.958 91.3224 
48 100 100 100 99.2283 96.9728 91.358 
48.1 100 100 100 99.2481 97.0174 91.453 
48.2 100 100 100 99.2481 97.0322 91.4767 
48.3 100 100 100 99.2481 97.0322 91.4886 
48.4 100 100 100 99.2481 97.047 91.5954 
48.5 100 100 100 99.2481 97.047 91.6073 
48.6 100 100 100 99.2481 97.0619 91.6429 
48.7 100 100 100 99.2481 97.0767 91.6667 
48.8 100 100 100 99.2481 97.0767 91.6904 
48.9 100 100 100 99.2481 97.0767 91.7023 
49 100 100 100 99.2481 97.0767 91.7142 
49.1 100 100 100 99.2481 97.0916 91.7379 
49.2 100 100 100 99.2481 97.1064 91.7854 
49.3 100 100 100 99.2679 97.1361 91.821 
49.4 100 100 100 99.3668 97.2548 91.9516 
49.5 100 100 100 99.3668 97.2993 92.0703 
49.6 100 100 100 99.3866 97.329 92.1415 
49.7 100 100 100 99.3866 97.329 92.2009 
49.8 100 100 100 99.3866 97.329 92.2009 
49.9 100 100 100 99.3866 97.3438 92.2246 
50 100 100 100 99.3866 97.3587 92.284 
50.1 100 100 100 99.3866 97.3735 92.3433 
50.2 100 100 100 99.4658 97.4625 92.4501 
50.3 100 100 100 99.4658 97.4625 92.4858 
50.4 100 100 100 99.4658 97.4625 92.4858 
50.5 100 100 100 99.4658 97.4774 92.5095 
50.6 100 100 100 99.4658 97.4774 92.5451 
50.7 100 100 100 99.4658 97.4774 92.5807 
50.8 100 100 100 99.4658 97.4774 92.5926 
50.9 100 100 100 99.4658 97.4774 92.6282 
51 100 100 100 99.4856 97.5219 92.6994 
51.1 100 100 100 99.5449 97.5961 92.83 
51.2 100 100 100 99.5449 97.5961 92.8894 
51.3 100 100 100 99.5449 97.5961 92.925 
51.4 100 100 100 99.5449 97.5961 92.9725 
51.5 100 100 100 99.5449 97.5961 93.0199 
51.6 100 100 100 99.5449 97.6109 93.0556 
51.7 100 100 100 99.5449 97.6258 93.0912 
51.8 100 100 100 99.5449 97.6258 93.1387 
51.9 100 100 100 99.5449 97.6258 93.1387 
52 100 100 100 99.5449 97.6258 93.1624 
52.1 100 100 100 99.5647 97.6554 93.2099 
52.2 100 100 100 99.5647 97.6554 93.2217 
52.3 100 100 100 99.5647 97.6554 93.2574 
52.4 100 100 100 99.5647 97.6554 93.2692 
52.5 100 100 100 99.5647 97.6554 93.2692 
52.6 100 100 100 99.5647 97.6554 93.2692 
52.7 100 100 100 99.5647 97.6703 93.293 
52.8 100 100 100 99.5647 97.6703 93.3167 
52.9 100 100 100 99.5647 97.6703 93.3523 
53 100 100 100 99.5647 97.6703 93.3761 
53.1 100 100 100 99.5647 97.6703 93.3998 
53.2 100 100 100 99.5647 97.6703 93.4117 
53.3 100 100 100 99.5647 97.6703 93.4117 
53.4 100 100 100 99.5647 97.6703 93.4117 
53.5 100 100 100 99.5647 97.6703 93.4117 
53.6 100 100 100 99.5647 97.6703 93.4117 
53.7 100 100 100 99.5647 97.6703 93.4117 
53.8 100 100 100 99.5647 97.6703 93.4236 
53.9 100 100 100 99.6438 97.7742 93.5541 
54 100 100 100 99.6438 97.7742 93.5897 
54.1 100 100 100 99.6438 97.7742 93.5897 
54.2 100 100 100 99.6438 97.7742 93.5897 
54.3 100 100 100 99.6438 97.7742 93.6135 
54.4 100 100 100 99.6438 97.7742 93.6135 
54.5 100 100 100 99.6438 97.7742 93.6491 
54.6 100 100 100 99.6636 97.8187 93.7322 
54.7 100 100 100 99.6636 97.8187 93.7678 
54.8 100 100 100 99.6834 97.8483 93.839 
54.9 100 100 100 99.6834 97.8483 93.8628 
55 100 100 100 99.6834 97.8483 93.8984 
55.1 100 100 100 99.7032 97.8929 93.9934 
55.2 100 100 100 99.7032 97.8929 94.0646 
55.3 100 100 100 99.7032 97.8929 94.0764 
55.4 100 100 100 99.7032 97.8929 94.1002 
55.5 100 100 100 99.7428 97.9374 94.1833 
55.6 100 100 100 99.7626 97.9671 94.2189 
55.7 100 100 100 99.7626 97.9819 94.2901 
55.8 100 100 100 99.7626 97.9819 94.302 
55.9 100 100 100 99.7824 98.0264 94.3851 
56 100 100 100 99.9011 98.1748 94.5394 
56.1 100 100 100 99.9209 98.2045 94.5869 
56.2 100 100 100 99.9209 98.2193 94.6225 
56.3 100 100 100 99.9209 98.2193 94.6344 
56.4 100 100 100 99.9209 98.2342 94.7056 
56.5 100 100 100 99.9209 98.2342 94.7056 
56.6 100 100 100 99.9209 98.2342 94.7056 
56.7 100 100 100 99.9209 98.2342 94.7175 
56.8 100 100 100 99.9406 98.2787 94.7768 
56.9 100 100 100 99.9406 98.2787 94.7768 
57 100 100 100 99.9406 98.2787 94.7887 
57.1 100 100 100 99.9604 98.3084 94.8243 
57.2 100 100 100 99.9604 98.3084 94.8599 
57.3 100 100 100 99.9604 98.3084 94.8718 
57.4 100 100 100 99.9604 98.3084 94.8718 
57.5 100 100 100 99.9604 98.3084 94.8837 
57.6 100 100 100 99.9604 98.3232 94.9193 
57.7 100 100 100 99.9604 98.3529 94.9905 
57.8 100 100 100 99.9604 98.3529 94.9905 
57.9 100 100 100 99.9604 98.3529 95.0024 
58 100 100 100 99.9604 98.3529 95.0261 
58.1 100 100 100 99.9604 98.3825 95.0617 
58.2 100 100 100 99.9604 98.3825 95.0736 
58.3 100 100 100 99.9604 98.3825 95.0736 
58.4 100 100 100 99.9604 98.3825 95.0973 
58.5 100 100 100 99.9604 98.4122 95.1567 
58.6 100 100 100 99.9604 98.4271 95.1686 
58.7 100 100 100 99.9604 98.4419 95.1923 
58.8 100 100 100 99.9604 98.4419 95.1923 
58.9 100 100 100 99.9604 98.4419 95.216 
59 100 100 100 99.9604 98.4716 95.2517 
59.1 100 100 100 99.9604 98.4864 95.2873 
59.2 100 100 100 99.9604 98.5309 95.3704 
59.3 100 100 100 99.9604 98.5458 95.4179 
59.4 100 100 100 99.9604 98.5458 95.4179 
59.5 100 100 100 99.9604 98.5458 95.4179 
59.6 100 100 100 99.9604 98.5458 95.4297 
59.7 100 100 100 99.9604 98.5458 95.4297 
59.8 100 100 100 99.9604 98.5458 95.4297 
59.9 100 100 100 99.9604 98.5458 95.4416 
60 100 100 100 99.9604 98.5755 95.5128 
60.1 100 100 100 99.9604 98.5903 95.5603 
60.2 100 100 100 99.9604 98.5903 95.5959 
60.3 100 100 100 99.9604 98.5903 95.6078 
60.4 100 100 100 99.9604 98.6051 95.6315 
60.5 100 100 100 99.9604 98.6497 95.7146 
60.6 100 100 100 99.9604 98.6497 95.7502 
60.7 100 100 100 99.9604 98.6645 95.7977 
60.8 100 100 100 99.9604 98.6793 95.8452 
60.9 100 100 100 99.9604 98.6793 95.8452 
61 100 100 100 99.9604 98.6793 95.8689 
61.1 100 100 100 99.9604 98.6793 95.8689 
61.2 100 100 100 99.9604 98.6942 95.8927 
61.3 100 100 100 99.9604 98.6942 95.8927 
61.4 100 100 100 99.9604 98.6942 95.8927 
61.5 100 100 100 99.9604 98.6942 95.9046 
61.6 100 100 100 99.9604 98.6942 95.9164 
61.7 100 100 100 99.9604 98.6942 95.9283 
61.8 100 100 100 99.9604 98.6942 95.9283 
61.9 100 100 100 99.9604 98.6942 95.952 
62 100 100 100 99.9604 98.6942 95.9758 
62.1 100 100 100 99.9604 98.6942 95.9877 
62.2 100 100 100 99.9604 98.6942 95.9995 
62.3 100 100 100 99.9604 98.6942 96.0233 
62.4 100 100 100 99.9604 98.709 96.047 
62.5 100 100 100 99.9604 98.709 96.0708 
62.6 100 100 100 99.9604 98.709 96.0708 
62.7 100 100 100 99.9604 98.709 96.0708 
62.8 100 100 100 99.9604 98.709 96.0826 
62.9 100 100 100 99.9604 98.7238 96.1182 
63 100 100 100 99.9604 98.7238 96.1182 
63.1 100 100 100 99.9604 98.7238 96.1182 
63.2 100 100 100 99.9604 98.7238 96.1301 
63.3 100 100 100 99.9604 98.7238 96.1301 
63.4 100 100 100 99.9604 98.7238 96.1301 
63.5 100 100 100 99.9604 98.7238 96.142 
63.6 100 100 100 99.9604 98.7238 96.1538 
63.7 100 100 100 99.9604 98.7387 96.1657 
63.8 100 100 100 99.9604 98.7387 96.1776 
63.9 100 100 100 99.9604 98.7387 96.1776 
64 100 100 100 99.9604 98.7387 96.2013 
64.1 100 100 100 99.9604 98.7387 96.2013 
64.2 100 100 100 99.9604 98.7387 96.2013 
64.3 100 100 100 99.9604 98.7387 96.2013 
64.4 100 100 100 99.9604 98.7535 96.2132 
64.5 100 100 100 99.9604 98.7832 96.2726 
64.6 100 100 100 99.9604 98.798 96.3082 
64.7 100 100 100 99.9604 98.798 96.32 
64.8 100 100 100 99.9604 98.8574 96.3913 
64.9 100 100 100 99.9604 98.8574 96.3913 
65 100 100 100 99.9604 98.8574 96.3913 
65.1 100 100 100 99.9604 98.8574 96.4387 
65.2 100 100 100 99.9604 98.8722 96.4744 
65.3 100 100 100 99.9604 98.8871 96.5218 
65.4 100 100 100 99.9604 98.8871 96.5456 
65.5 100 100 100 99.9604 98.8871 96.5693 
65.6 100 100 100 99.9604 98.8871 96.6049 
65.7 100 100 100 99.9604 98.8871 96.6524 
65.8 100 100 100 99.9604 98.8871 96.6643 
65.9 100 100 100 99.9604 98.8871 96.6762 
66 100 100 100 99.9604 98.8871 96.6762 
66.1 100 100 100 99.9604 98.9019 96.7593 
66.2 100 100 100 99.9604 98.9316 96.8067 
66.3 100 100 100 99.9604 98.9613 96.8424 
66.4 100 100 100 99.9604 98.9613 96.8542 
66.5 100 100 100 99.9604 98.9613 96.8542 
66.6 100 100 100 99.9604 98.9613 96.8542 
66.7 100 100 100 99.9604 98.9613 96.8542 
66.8 100 100 100 99.9604 98.9613 96.8542 
66.9 100 100 100 99.9604 98.9909 96.8898 
67 100 100 100 99.9604 98.9909 96.8898 
67.1 100 100 100 99.9604 98.9909 96.8898 
67.2 100 100 100 99.9604 98.9909 96.8898 
67.3 100 100 100 99.9604 99.0058 96.9255 
67.4 100 100 100 99.9604 99.0058 96.9255 
67.5 100 100 100 99.9604 99.0058 96.9255 
67.6 100 100 100 99.9604 99.0058 96.9373 
67.7 100 100 100 99.9604 99.0058 96.9611 
67.8 100 100 100 99.9802 99.0503 97.0204 
67.9 100 100 100 99.9802 99.08 97.0679 
68 100 100 100 99.9802 99.08 97.0679 
68.1 100 100 100 99.9802 99.08 97.0798 
68.2 100 100 100 99.9802 99.08 97.0798 
68.3 100 100 100 99.9802 99.0948 97.1154 
68.4 100 100 100 99.9802 99.0948 97.1154 
68.5 100 100 100 99.9802 99.0948 97.1391 
68.6 100 100 100 99.9802 99.0948 97.1391 
68.7 100 100 100 99.9802 99.0948 97.151 
68.8 100 100 100 99.9802 99.0948 97.1629 
68.9 100 100 100 99.9802 99.1097 97.2222 
69 100 100 100 99.9802 99.1245 97.246 
69.1 100 100 100 99.9802 99.1245 97.2578 
69.2 100 100 100 99.9802 99.1245 97.2578 
69.3 100 100 100 99.9802 99.1393 97.3053 
69.4 100 100 100 99.9802 99.1393 97.3053 
69.5 100 100 100 99.9802 99.1393 97.3053 
69.6 100 100 100 99.9802 99.1393 97.3409 
69.7 100 100 100 99.9802 99.1393 97.3528 
69.8 100 100 100 99.9802 99.1393 97.3528 
69.9 100 100 100 99.9802 99.1393 97.3528 
70 100 100 100 99.9802 99.1393 97.3647 
70.1 100 100 100 99.9802 99.1393 97.3884 
70.2 100 100 100 99.9802 99.1393 97.4003 
70.3 100 100 100 99.9802 99.1393 97.4003 
70.4 100 100 100 99.9802 99.1393 97.4003 
70.5 100 100 100 99.9802 99.1393 97.424 
70.6 100 100 100 99.9802 99.1393 97.424 
70.7 100 100 100 99.9802 99.1393 97.4359 
70.8 100 100 100 99.9802 99.1393 97.4359 
70.9 100 100 100 99.9802 99.1393 97.4359 
71 100 100 100 99.9802 99.1393 97.4359 
71.1 100 100 100 99.9802 99.1393 97.4359 
71.2 100 100 100 99.9802 99.1393 97.4359 
71.3 100 100 100 99.9802 99.169 97.4953 
71.4 100 100 100 99.9802 99.169 97.4953 
71.5 100 100 100 99.9802 99.169 97.5071 
71.6 100 100 100 99.9802 99.169 97.5071 
71.7 100 100 100 99.9802 99.1839 97.5427 
71.8 100 100 100 99.9802 99.1839 97.5427 
71.9 100 100 100 99.9802 99.1839 97.5427 
72 100 100 100 99.9802 99.2135 97.5783 
72.1 100 100 100 99.9802 99.2135 97.5902 
72.2 100 100 100 99.9802 99.2135 97.5902 
72.3 100 100 100 99.9802 99.2135 97.6021 
72.4 100 100 100 99.9802 99.2135 97.6021 
72.5 100 100 100 99.9802 99.2135 97.6377 
72.6 100 100 100 99.9802 99.2135 97.6377 
72.7 100 100 100 99.9802 99.2135 97.6496 
72.8 100 100 100 99.9802 99.2432 97.6971 
72.9 100 100 100 99.9802 99.2432 97.7327 
73 100 100 100 99.9802 99.2432 97.7445 
73.1 100 100 100 99.9802 99.2432 97.7445 
73.2 100 100 100 99.9802 99.2432 97.7445 
73.3 100 100 100 99.9802 99.2432 97.7564 
73.4 100 100 100 99.9802 99.2432 97.7683 
73.5 100 100 100 99.9802 99.2432 97.7802 
73.6 100 100 100 99.9802 99.2432 97.792 
73.7 100 100 100 99.9802 99.2432 97.792 
73.8 100 100 100 99.9802 99.2581 97.8276 
73.9 100 100 100 99.9802 99.2581 97.8276 
74 100 100 100 99.9802 99.2581 97.8276 
74.1 100 100 100 99.9802 99.2581 97.8276 
74.2 100 100 100 99.9802 99.2581 97.8395 
74.3 100 100 100 99.9802 99.2581 97.8395 
74.4 100 100 100 99.9802 99.2581 97.8751 
74.5 100 100 100 99.9802 99.2581 97.887 
74.6 100 100 100 99.9802 99.2729 97.9226 
74.7 100 100 100 99.9802 99.2729 97.9226 
74.8 100 100 100 99.9802 99.2729 97.9226 
74.9 100 100 100 99.9802 99.2877 97.9582 
75 100 100 100 99.9802 99.2877 97.982 
75.1 100 100 100 99.9802 99.2877 98.0057 
75.2 100 100 100 99.9802 99.2877 98.0532 
75.3 100 100 100 99.9802 99.2877 98.0532 
75.4 100 100 100 99.9802 99.2877 98.0651 
75.5 100 100 100 99.9802 99.2877 98.0769 
75.6 100 100 100 99.9802 99.2877 98.0769 
75.7 100 100 100 99.9802 99.2877 98.0888 
75.8 100 100 100 99.9802 99.2877 98.1007 
75.9 100 100 100 99.9802 99.2877 98.1244 
76 100 100 100 99.9802 99.2877 98.1244 
76.1 100 100 100 99.9802 99.2877 98.1363 
76.2 100 100 100 99.9802 99.2877 98.1363 
76.3 100 100 100 99.9802 99.2877 98.1363 
76.4 100 100 100 99.9802 99.2877 98.1363 
76.5 100 100 100 99.9802 99.2877 98.1363 
76.6 100 100 100 99.9802 99.2877 98.1363 
76.7 100 100 100 99.9802 99.2877 98.1363 
76.8 100 100 100 99.9802 99.3026 98.1719 
76.9 100 100 100 99.9802 99.3026 98.1719 
77 100 100 100 99.9802 99.3174 98.1956 
77.1 100 100 100 99.9802 99.3471 98.2312 
77.2 100 100 100 99.9802 99.3471 98.2431 
77.3 100 100 100 99.9802 99.3471 98.2431 
77.4 100 100 100 99.9802 99.3471 98.2431 
77.5 100 100 100 99.9802 99.3619 98.2906 
77.6 100 100 100 99.9802 99.3619 98.3025 
77.7 100 100 100 99.9802 99.3768 98.3262 
77.8 100 100 100 99.9802 99.3768 98.3262 
77.9 100 100 100 99.9802 99.3768 98.3262 
78 100 100 100 99.9802 99.4064 98.4212 
78.1 100 100 100 99.9802 99.4064 98.4212 
78.2 100 100 100 99.9802 99.4064 98.433 
78.3 100 100 100 99.9802 99.4213 98.4687 
78.4 100 100 100 99.9802 99.4361 98.5161 
78.5 100 100 100 99.9802 99.4361 98.5518 
78.6 100 100 100 99.9802 99.451 98.5874 
78.7 100 100 100 99.9802 99.4658 98.6111 
78.8 100 100 100 99.9802 99.4658 98.6111 
78.9 100 100 100 99.9802 99.4658 98.623 
79 100 100 100 99.9802 99.4658 98.623 
79.1 100 100 100 99.9802 99.4658 98.6349 
79.2 100 100 100 99.9802 99.4658 98.6349 
79.3 100 100 100 99.9802 99.4806 98.6586 
79.4 100 100 100 99.9802 99.4806 98.6586 
79.5 100 100 100 99.9802 99.4806 98.6705 
79.6 100 100 100 99.9802 99.4806 98.6942 
79.7 100 100 100 99.9802 99.4955 98.7179 
79.8 100 100 100 99.9802 99.4955 98.7179 
79.9 100 100 100 99.9802 99.5103 98.7417 
80 100 100 100 99.9802 99.54 98.7773 
80.1 100 100 100 99.9802 99.54 98.7773 
80.2 100 100 100 99.9802 99.54 98.7773 
80.3 100 100 100 99.9802 99.5697 98.8248 
80.4 100 100 100 99.9802 99.5697 98.8367 
80.5 100 100 100 99.9802 99.5697 98.8485 
80.6 100 100 100 99.9802 99.5697 98.8604 
80.7 100 100 100 99.9802 99.5697 98.8723 
80.8 100 100 100 99.9802 99.5697 98.9316 
80.9 100 100 100 99.9802 99.5697 98.9435 
81 100 100 100 99.9802 99.5697 98.9554 
81.1 100 100 100 99.9802 99.5697 98.9554 
81.2 100 100 100 99.9802 99.5697 98.9554 
81.3 100 100 100 99.9802 99.5845 98.991 
81.4 100 100 100 99.9802 99.5845 98.991 
81.5 100 100 100 99.9802 99.5845 98.991 
81.6 100 100 100 99.9802 99.5993 99.0266 
81.7 100 100 100 99.9802 99.5993 99.0266 
81.8 100 100 100 99.9802 99.6142 99.0622 
81.9 100 100 100 99.9802 99.6142 99.0741 
82 100 100 100 99.9802 99.6142 99.0741 
82.1 100 100 100 99.9802 99.6142 99.0741 
82.2 100 100 100 99.9802 99.6142 99.0741 
82.3 100 100 100 99.9802 99.629 99.1334 
82.4 100 100 100 99.9802 99.629 99.1334 
82.5 100 100 100 99.9802 99.6439 99.1572 
82.6 100 100 100 99.9802 99.6439 99.169 
82.7 100 100 100 99.9802 99.6439 99.169 
82.8 100 100 100 99.9802 99.6439 99.169 
82.9 100 100 100 99.9802 99.6439 99.169 
83 100 100 100 99.9802 99.6587 99.1928 
83.1 100 100 100 99.9802 99.6587 99.1928 
83.2 100 100 100 99.9802 99.6587 99.2047 
83.3 100 100 100 99.9802 99.6587 99.2165 
83.4 100 100 100 99.9802 99.6587 99.2403 
83.5 100 100 100 99.9802 99.6587 99.2403 
83.6 100 100 100 99.9802 99.6587 99.264 
83.7 100 100 100 99.9802 99.6587 99.2759 
83.8 100 100 100 99.9802 99.6587 99.3115 
83.9 100 100 100 99.9802 99.6735 99.3471 
84 100 100 100 99.9802 99.6735 99.3471 
84.1 100 100 100 99.9802 99.6735 99.359 
84.2 100 100 100 99.9802 99.6735 99.359 
84.3 100 100 100 99.9802 99.6735 99.359 
84.4 100 100 100 99.9802 99.6735 99.359 
84.5 100 100 100 99.9802 99.6735 99.359 
84.6 100 100 100 99.9802 99.6735 99.3708 
84.7 100 100 100 99.9802 99.6884 99.3946 
84.8 100 100 100 99.9802 99.6884 99.3946 
84.9 100 100 100 99.9802 99.6884 99.3946 
85 100 100 100 99.9802 99.6884 99.3946 
85.1 100 100 100 99.9802 99.6884 99.3946 
85.2 100 100 100 99.9802 99.7032 99.4183 
85.3 100 100 100 99.9802 99.7032 99.4183 
85.4 100 100 100 99.9802 99.7032 99.4302 
85.5 100 100 100 99.9802 99.7181 99.4421 
85.6 100 100 100 99.9802 99.7181 99.4539 
85.7 100 100 100 99.9802 99.7181 99.4777 
85.8 100 100 100 99.9802 99.7181 99.4777 
85.9 100 100 100 99.9802 99.7181 99.4777 
86 100 100 100 99.9802 99.7181 99.4777 
86.1 100 100 100 99.9802 99.7181 99.5014 
86.2 100 100 100 99.9802 99.7181 99.5014 
86.3 100 100 100 99.9802 99.7181 99.5014 
86.4 100 100 100 99.9802 99.7626 99.5608 
86.5 100 100 100 99.9802 99.7626 99.5845 
86.6 100 100 100 99.9802 99.7626 99.6083 
86.7 100 100 100 99.9802 99.7626 99.6083 
86.8 100 100 100 99.9802 99.7626 99.6083 
86.9 100 100 100 99.9802 99.7626 99.6083 
87 100 100 100 99.9802 99.7626 99.6201 
87.1 100 100 100 99.9802 99.7626 99.632 
87.2 100 100 100 99.9802 99.7774 99.6557 
87.3 100 100 100 99.9802 99.7774 99.6676 
87.4 100 100 100 99.9802 99.7774 99.6795 
87.5 100 100 100 99.9802 99.7774 99.6795 
87.6 100 100 100 99.9802 99.7923 99.7151 
87.7 100 100 100 99.9802 99.7923 99.727 
87.8 100 100 100 99.9802 99.8071 99.7745 
87.9 100 100 100 99.9802 99.8071 99.7745 
88 100 100 100 99.9802 99.8071 99.7745 
88.1 100 100 100 99.9802 99.8071 99.7745 
88.2 100 100 100 99.9802 99.8071 99.7982 
88.3 100 100 100 99.9802 99.8071 99.8219 
88.4 100 100 100 99.9802 99.8071 99.8219 
88.5 100 100 100 99.9802 99.8071 99.8219 
88.6 100 100 100 99.9802 99.8071 99.8219 
88.7 100 100 100 99.9802 99.8071 99.8219 
88.8 100 100 100 99.9802 99.8071 99.8219 
88.9 100 100 100 99.9802 99.8219 99.8338 
89 100 100 100 99.9802 99.8219 99.8338 
89.1 100 100 100 99.9802 99.8219 99.8338 
89.2 100 100 100 99.9802 99.8219 99.8338 
89.3 100 100 100 99.9802 99.8219 99.8338 
89.4 100 100 100 99.9802 99.8219 99.8338 
89.5 100 100 100 99.9802 99.8219 99.8338 
89.6 100 100 100 99.9802 99.8219 99.8338 
89.7 100 100 100 99.9802 99.8219 99.8338 
89.8 100 100 100 99.9802 99.8219 99.8338 
89.9 100 100 100 99.9802 99.8219 99.8338 
90 100 100 100 99.9802 99.8219 99.8338 
90.1 100 100 100 99.9802 99.8219 99.8338 
90.2 100 100 100 99.9802 99.8219 99.8338 
90.3 100 100 100 99.9802 99.8219 99.8338 
90.4 100 100 100 99.9802 99.8219 99.8338 
90.5 100 100 100 99.9802 99.8219 99.8338 
90.6 100 100 100 99.9802 99.8219 99.8338 
90.7 100 100 100 99.9802 99.8219 99.8338 
90.8 100 100 100 99.9802 99.8219 99.8338 
90.9 100 100 100 99.9802 99.8219 99.8338 
91 100 100 100 99.9802 99.8219 99.8338 
91.1 100 100 100 99.9802 99.8219 99.8338 
91.2 100 100 100 99.9802 99.8219 99.8338 
91.3 100 100 100 99.9802 99.8219 99.8338 
91.4 100 100 100 99.9802 99.8219 99.8338 
91.5 100 100 100 99.9802 99.8219 99.8338 
91.6 100 100 100 99.9802 99.8219 99.8338 
91.7 100 100 100 99.9802 99.8219 99.8338 
91.8 100 100 100 99.9802 99.8219 99.8338 
91.9 100 100 100 99.9802 99.8219 99.8338 
92 100 100 100 99.9802 99.8219 99.8338 
92.1 100 100 100 99.9802 99.8219 99.8338 
92.2 100 100 100 99.9802 99.8219 99.8338 
92.3 100 100 100 99.9802 99.8219 99.8338 
92.4 100 100 100 99.9802 99.8219 99.8338 
92.5 100 100 100 99.9802 99.8219 99.8338 
92.6 100 100 100 99.9802 99.8219 99.8338 
92.7 100 100 100 99.9802 99.8219 99.8338 
92.8 100 100 100 99.9802 99.8219 99.8338 
92.9 100 100 100 99.9802 99.8219 99.8338 
93 100 100 100 99.9802 99.8219 99.8338 
93.1 100 100 100 99.9802 99.8219 99.8338 
93.2 100 100 100 99.9802 99.8368 99.8457 
93.3 100 100 100 99.9802 99.8368 99.8457 
93.4 100 100 100 99.9802 99.8368 99.8457 
93.5 100 100 100 99.9802 99.8368 99.8457 
93.6 100 100 100 99.9802 99.8368 99.8457 
93.7 100 100 100 99.9802 99.8664 99.8694 
93.8 100 100 100 99.9802 99.8664 99.8694 
93.9 100 100 100 99.9802 99.8664 99.8694 
94 100 100 100 99.9802 99.8664 99.8694 
94.1 100 100 100 99.9802 99.8664 99.8694 
94.2 100 100 100 99.9802 99.8664 99.8694 
94.3 100 100 100 99.9802 99.8664 99.8694 
94.4 100 100 100 99.9802 99.8664 99.8694 
94.5 100 100 100 99.9802 99.8664 99.8694 
94.6 100 100 100 99.9802 99.8664 99.8694 
94.7 100 100 100 99.9802 99.8664 99.8694 
94.8 100 100 100 99.9802 99.8813 99.8813 
94.9 100 100 100 99.9802 99.8813 99.8813 
95 100 100 100 99.9802 99.8813 99.8813 
95.1 100 100 100 99.9802 99.8961 99.8932 
95.2 100 100 100 99.9802 99.8961 99.8932 
95.3 100 100 100 99.9802 99.8961 99.8932 
95.4 100 100 100 99.9802 99.8961 99.8932 
95.5 100 100 100 99.9802 99.8961 99.8932 
95.6 100 100 100 99.9802 99.8961 99.8932 
95.7 100 100 100 99.9802 99.8961 99.8932 
95.8 100 100 100 99.9802 99.8961 99.8932 
95.9 100 100 100 99.9802 99.8961 99.8932 
96 100 100 100 99.9802 99.8961 99.8932 
96.1 100 100 100 99.9802 99.8961 99.8932 
96.2 100 100 100 99.9802 99.8961 99.8932 
96.3 100 100 100 99.9802 99.8961 99.8932 
96.4 100 100 100 99.9802 99.911 99.905 
96.5 100 100 100 99.9802 99.9258 99.9169 
96.6 100 100 100 99.9802 99.9258 99.9169 
96.7 100 100 100 99.9802 99.9258 99.9169 
96.8 100 100 100 99.9802 99.9258 99.9169 
96.9 100 100 100 99.9802 99.9258 99.9169 
97 100 100 100 99.9802 99.9258 99.9169 
97.1 100 100 100 99.9802 99.9258 99.9169 
97.2 100 100 100 99.9802 99.9258 99.9169 
97.3 100 100 100 100 99.9703 99.9525 
97.4 100 100 100 100 99.9852 99.9644 
97.5 100 100 100 100 99.9852 99.9644 
97.6 100 100 100 100 100 99.9763 
97.7 100 100 100 100 100 99.9763 
97.8 100 100 100 100 100 99.9763 
97.9 100 100 100 100 100 99.9763 
98 100 100 100 100 100 99.9763 
98.1 100 100 100 100 100 99.9763 
98.2 100 100 100 100 100 99.9763 
98.3 100 100 100 100 100 99.9763 
98.4 100 100 100 100 100 99.9763 
98.5 100 100 100 100 100 99.9763 
98.6 100 100 100 100 100 99.9763 
98.7 100 100 100 100 100 99.9763 
98.8 100 100 100 100 100 99.9763 
98.9 100 100 100 100 100 99.9763 
99 100 100 100 100 100 99.9763 
99.1 100 100 100 100 100 99.9763 
99.2 100 100 100 100 100 99.9763 
99.3 100 100 100 100 100 99.9763 
99.4 100 100 100 100 100 99.9881 
99.5 100 100 100 100 100 99.9881 
99.6 100 100 100 100 100 100 
99.7 100 100 100 100 100 100 
99.8 100 100 100 100 100 100 
99.9 100 100 100 100 100 100 
100 100 100 100 100 100 100 
