0.1 9.52381 1.95962 0.979519 0.652948 0.489687 0.391738 
0.2 19.0476 3.97862 1.98872 1.32568 0.994213 0.795347 
0.3 28.2738 5.87886 2.96824 1.97863 1.49874 1.19896 
0.4 37.7976 7.83848 3.94776 2.63158 1.98843 1.59069 
0.5 43.4524 9.61995 4.8976 3.26474 2.46327 1.97056 
0.6 50 11.4608 5.81775 3.8979 2.95296 2.3623 
0.7 55.3571 13.1235 6.76759 4.55085 3.44265 2.75404 
0.8 61.0119 14.905 7.74711 5.2038 3.93233 3.14577 
0.9 65.4762 16.5083 8.66726 5.87653 4.43686 3.54938 
1 69.6429 17.8741 9.46869 6.48991 4.91171 3.92925 
1.1 71.7262 18.8242 10.3295 7.12307 5.38656 4.30912 
1.2 75.8929 20.3682 11.1903 7.77602 5.87624 4.70085 
1.3 79.1667 21.8527 12.0214 8.36961 6.33625 5.06885 
1.4 82.4405 23.1591 12.8228 8.92362 6.78142 5.42498 
1.5 86.0119 24.5843 13.7726 9.57657 7.28595 5.82858 
1.6 88.6905 25.7126 14.485 10.1306 7.73112 6.18471 
1.7 91.0714 27.0784 15.4052 10.7835 8.2208 6.57645 
1.8 92.8571 28.5036 16.2363 11.4365 8.71049 6.96819 
1.9 94.9405 29.4537 16.919 12.0301 9.21502 7.37179 
2 95.5357 30.4038 17.6017 12.6435 9.67503 7.73979 
2.1 96.4286 31.7696 18.4328 13.237 10.1202 8.09592 
2.2 97.3214 32.4228 18.9967 13.8306 10.6099 8.48765 
2.3 97.619 33.6105 19.8278 14.444 11.0699 8.86752 
2.4 97.9167 34.4418 20.5996 15.0178 11.5151 9.22365 
2.5 97.9167 35.2732 21.2229 15.5916 11.9899 9.60351 
2.6 98.2143 36.342 21.965 16.205 12.4499 9.97151 
2.7 98.8095 37.3515 22.6774 16.759 12.8802 10.3158 
2.8 98.8095 38.0641 23.1226 17.313 13.3403 10.6838 
2.9 98.8095 39.2518 23.9537 17.9264 13.8151 11.0755 
3 98.8095 40.38 24.6661 18.4804 14.2603 11.4435 
3.1 99.1071 40.8551 25.0223 18.8959 14.6758 11.7996 
3.2 99.4048 41.8646 25.705 19.4697 15.1506 12.1914 
3.3 99.4048 42.8147 26.3877 20.0633 15.6255 12.5831 
3.4 99.4048 43.7055 27.1297 20.6767 16.1003 12.9748 
3.5 99.7024 44.7743 27.9015 21.2703 16.5752 13.3666 
3.6 99.7024 44.9525 28.1389 21.7056 17.0055 13.7346 
3.7 99.7024 46.0214 28.9403 22.3387 17.4952 14.1263 
3.8 100 47.4466 29.8308 22.9719 17.97 14.518 
3.9 100 48.2779 30.6322 23.5457 18.4152 14.886 
4 100 49.0499 31.2852 24.0602 18.8455 15.2422 
4.1 100 50.0594 31.9086 24.5548 19.261 15.5983 
4.2 100 50.8314 32.5022 25.1286 19.7359 15.99 
4.3 100 51.3658 32.8584 25.5639 20.1217 16.3105 
4.4 100 51.3658 32.8584 25.9794 20.5965 16.7142 
4.5 100 52.3753 33.6005 26.573 21.0862 17.1059 
4.6 100 53.3254 34.2535 27.0875 21.5759 17.4976 
4.7 100 54.3349 35.0252 27.6415 22.0062 17.8538 
4.8 100 55.285 35.7079 28.2548 22.4662 18.2574 
4.9 100 56.1758 36.3609 28.8089 22.9263 18.6254 
5 100 57.0071 37.103 29.3827 23.4011 19.0052 
5.1 100 57.8979 37.7857 29.9169 23.8463 19.3613 
5.2 100 58.4323 38.2903 30.4313 24.336 19.7531 
5.3 100 58.7292 38.6168 30.8073 24.7069 20.0736 
5.4 100 59.323 39.0324 31.1634 25.1373 20.4297 
5.5 100 59.323 39.0324 31.3415 25.5082 20.774 
5.6 100 59.323 39.0324 31.3415 25.9682 21.1657 
5.7 100 59.323 39.0324 31.3613 26.4579 21.5693 
5.8 100 59.9169 39.3589 31.6383 26.9328 21.9611 
5.9 100 60.867 40.0712 32.2121 27.3928 22.3409 
6 100 61.5202 40.6649 32.6672 27.8083 22.6852 
6.1 100 62.4703 41.4366 33.3004 28.2831 23.0651 
6.2 100 63.4204 42.149 33.8742 28.7283 23.433 
6.3 100 64.0736 42.6833 34.3292 29.1141 23.7773 
6.4 100 64.7862 43.2769 34.8833 29.5593 24.169 
6.5 100 65.4394 43.7222 35.3581 29.9451 24.537 
6.6 100 66.152 44.4642 35.9517 30.4051 24.9169 
6.7 100 66.9834 45.1766 36.4662 30.8503 25.2849 
6.8 100 67.5772 45.889 36.9806 31.2806 25.6529 
6.9 100 68.171 46.3936 37.4753 31.6813 25.9972 
7 100 69.0024 47.0466 37.9897 32.0968 26.3533 
7.1 100 69.8931 47.5215 38.425 32.4529 26.6975 
7.2 100 70.2494 47.9964 38.8999 32.8387 27.0537 
7.3 100 70.2494 47.9964 38.8999 32.9574 27.2792 
7.4 100 70.4869 48.1449 39.2362 33.2245 27.6709 
7.5 100 71.1401 48.7088 39.7111 33.64 28.0152 
7.6 100 71.734 49.2431 40.1662 34.0258 28.3357 
7.7 100 72.3872 49.8664 40.6609 34.4413 28.7037 
7.8 100 73.3373 50.4898 41.2149 34.8865 29.0598 
7.9 100 73.9311 51.024 41.7293 35.3465 29.4278 
8 100 74.3468 51.499 42.2042 35.7768 29.7958 
8.1 100 75 52.0332 42.7186 36.1923 30.1638 
8.2 100 76.0095 52.7456 43.2924 36.6375 30.5437 
8.3 100 76.6627 53.2205 43.7277 37.0085 30.8642 
8.4 100 77.1378 53.6955 44.2422 37.4091 31.2085 
8.5 100 77.6722 54.2001 44.6973 37.8394 31.6002 
8.6 100 78.3848 54.8234 45.1524 38.2253 31.9326 
8.7 100 79.2162 55.3874 45.5877 38.6259 32.2531 
8.8 100 79.8694 56.0107 46.1417 39.0414 32.6092 
8.9 100 80.2257 56.6043 46.6363 39.4421 32.9416 
9 100 80.8195 57.198 47.131 39.8575 33.2858 
9.1 100 81.2352 57.851 47.685 40.3027 33.6538 
9.2 100 81.4727 58.2962 48.1005 40.6737 33.9625 
9.3 100 81.9477 58.8899 48.5754 41.0595 34.2949 
9.4 100 82.6603 59.4835 49.0503 41.475 34.651 
9.5 100 83.1354 59.9881 49.446 41.8311 34.9715 
9.6 100 83.6698 60.5224 49.8813 42.1576 35.2802 
9.7 100 84.0855 61.0567 50.4155 42.6028 35.6719 
9.8 100 84.4418 61.4722 50.8706 42.9886 36.0043 
9.9 100 84.7387 61.8284 51.385 43.3744 36.3604 
10 100 85.095 62.333 51.8401 43.7602 36.6928 
10.1 100 85.3919 62.808 52.315 44.1609 37.0252 
10.2 100 85.6888 63.0751 52.592 44.3983 37.2388 
10.3 100 85.867 63.2235 52.7701 44.5912 37.4169 
10.4 100 85.867 63.2235 52.8097 44.6951 37.5356 
10.5 100 85.867 63.2235 52.8097 44.7099 37.5594 
10.6 100 85.867 63.2235 52.8097 44.7099 37.5594 
10.7 100 85.867 63.2235 52.869 44.9028 37.7849 
10.8 100 86.1045 63.4907 53.146 45.1847 38.1766 
10.9 100 86.6983 64.1437 53.6209 45.6002 38.509 
11 100 87.3515 64.6483 54.0364 45.9415 38.7939 
11.1 100 87.886 65.1529 54.4519 46.2977 39.1144 
11.2 100 88.2423 65.7762 54.9466 46.6983 39.4587 
11.3 100 88.4798 66.2214 55.3621 47.0841 39.8148 
11.4 100 88.7173 66.6073 55.7974 47.4848 40.1472 
11.5 100 89.133 67.1416 56.2129 47.8558 40.4677 
11.6 100 89.2518 67.6165 56.6482 48.2564 40.8001 
11.7 100 89.4893 68.0321 57.0044 48.5829 41.1087 
11.8 100 89.7268 68.3882 57.4001 48.9539 41.4411 
11.9 100 89.9644 68.9225 57.8354 49.3248 41.7498 
12 100 90.4394 69.5162 58.3102 49.7106 42.0821 
12.1 100 90.6176 69.8427 58.7258 50.0668 42.4027 
12.2 100 91.2114 70.377 59.1413 50.4378 42.7113 
12.3 100 91.5677 70.9409 59.5964 50.8236 43.0318 
12.4 100 91.8646 71.3565 60.0712 51.2539 43.3761 
12.5 100 91.9834 71.5939 60.368 51.61 43.7085 
12.6 100 92.1021 71.9798 60.7044 51.9217 44.0171 
12.7 100 92.4584 72.3063 61.0803 52.2481 44.3139 
12.8 100 92.696 72.6625 61.3969 52.53 44.6106 
12.9 100 92.9929 73.1374 61.852 52.9307 44.9549 
13 100 93.3492 73.5827 62.2675 53.2868 45.2517 
13.1 100 93.4679 74.0279 62.7622 53.6875 45.6197 
13.2 100 93.7648 74.4138 63.2173 54.0733 45.9402 
13.3 100 94.1211 74.859 63.6921 54.4443 46.2607 
13.4 100 94.3587 75.2746 64.0879 54.7856 46.5812 
13.5 100 94.5368 75.7198 64.4638 55.0824 46.8424 
13.6 100 94.715 76.1947 64.9584 55.4682 47.151 
13.7 100 94.8337 76.4322 65.2355 55.7946 47.4834 
13.8 100 94.8931 76.4619 65.3146 55.9727 47.6852 
13.9 100 95.0119 76.6696 65.6114 56.2546 47.9463 
14 100 95.3088 77.0555 65.9873 56.5811 48.255 
14.1 100 95.5463 77.5601 66.3831 56.9224 48.5518 
14.2 100 95.6057 77.946 66.759 57.2488 48.8723 
14.3 100 95.7838 78.2725 67.0756 57.5308 49.169 
14.4 100 95.962 78.6287 67.412 57.8424 49.4539 
14.5 100 96.1995 78.9849 67.7879 58.154 49.7745 
14.6 100 96.2589 79.1926 68.0847 58.436 50.0119 
14.7 100 96.4371 79.6082 68.3815 58.7179 50.2493 
14.8 100 96.4964 79.8753 68.6981 59.0147 50.5461 
14.9 100 96.7933 80.3799 69.1136 59.3708 50.8666 
15 100 97.0309 80.6768 69.4104 59.6379 51.1159 
15.1 100 97.1496 81.0329 69.7072 59.905 51.3414 
15.2 100 97.209 81.2704 70.004 60.1721 51.6026 
15.3 100 97.3872 81.5079 70.281 60.4244 51.8519 
15.4 100 97.5059 81.8937 70.5778 60.7063 52.1249 
15.5 100 97.6841 82.2499 70.9735 61.018 52.4217 
15.6 100 97.7435 82.3687 71.0724 61.2405 52.6709 
15.7 100 97.7435 82.3983 71.112 61.3889 52.8846 
15.8 100 97.8029 82.7842 71.4879 61.7302 53.1695 
15.9 100 97.8622 83.0514 71.7649 61.9825 53.3951 
16 100 98.0404 83.3779 72.1013 62.2644 53.68 
16.1 100 98.1591 83.7637 72.5168 62.6502 54.048 
16.2 100 98.2185 84.0902 72.8334 62.947 54.321 
16.3 100 98.2185 84.4167 73.15 63.1993 54.5703 
16.4 100 98.3373 84.6542 73.3874 63.4367 54.8433 
16.5 100 98.3967 84.8323 73.5655 63.6148 55.057 
16.6 100 98.3967 85.1885 73.8623 63.9264 55.33 
16.7 100 98.4561 85.515 74.1987 64.2083 55.5793 
16.8 100 98.5748 85.6931 74.4757 64.4754 55.8048 
16.9 100 98.753 85.9305 74.7329 64.7277 56.066 
17 100 98.8717 86.257 75.0297 65.0393 56.339 
17.1 100 99.1093 86.5539 75.2869 65.3064 56.5646 
17.2 100 99.1093 86.7617 75.5441 65.5587 56.8257 
17.3 100 99.1686 86.9991 75.8607 65.8406 57.0869 
17.4 100 99.1686 87.1475 76.1377 66.0484 57.2768 
17.5 100 99.228 87.3553 76.4543 66.3006 57.5261 
17.6 100 99.2874 87.5037 76.6324 66.4787 57.7279 
17.7 100 99.3468 87.8599 76.9094 66.7606 58.0009 
17.8 100 99.3468 88.0974 77.1468 67.0129 58.2384 
17.9 100 99.4062 88.3645 77.404 67.3245 58.547 
18 100 99.4062 88.602 77.7206 67.562 58.82 
18.1 100 99.4062 88.7801 77.9581 67.7845 59.0575 
18.2 100 99.4062 89.1066 78.2944 68.0962 59.3186 
18.3 100 99.4062 89.4627 78.6506 68.4078 59.6035 
18.4 100 99.4062 89.7002 78.9078 68.6304 59.8172 
18.5 100 99.4062 89.8486 79.0661 68.7936 60.0309 
18.6 100 99.4062 89.908 79.2639 69.031 60.2683 
18.7 100 99.4656 90.0564 79.4816 69.2388 60.5057 
18.8 100 99.5249 90.2642 79.7388 69.4613 60.7312 
18.9 100 99.5249 90.5016 80.0356 69.7581 60.9924 
19 100 99.5249 90.7391 80.3126 70.0252 61.2417 
19.1 100 99.6437 90.9766 80.6094 70.322 61.5266 
19.2 100 99.6437 91.0359 80.8271 70.5298 61.7403 
19.3 100 99.6437 91.0953 80.9854 70.693 61.9658 
19.4 100 99.6437 91.3624 81.3217 70.9898 62.2863 
19.5 100 99.6437 91.4515 81.4998 71.1678 62.4881 
19.6 100 99.6437 91.5702 81.6581 71.3311 62.6899 
19.7 100 99.6437 91.6889 81.8362 71.5091 62.9036 
19.8 100 99.6437 91.778 81.9945 71.7169 63.1054 
19.9 100 99.6437 91.867 82.1725 71.8653 63.2479 
20 100 99.6437 91.9561 82.311 72.073 63.4853 
20.1 100 99.7031 92.1342 82.5089 72.3401 63.7464 
20.2 100 99.7031 92.2826 82.7068 72.5033 63.9008 
20.3 100 99.7625 92.431 82.8848 72.7111 64.1382 
20.4 100 99.7625 92.5497 83.1025 72.9337 64.3519 
20.5 100 99.7625 92.6981 83.3201 73.1414 64.5655 
20.6 100 99.7625 92.7872 83.4389 73.2453 64.708 
20.7 100 99.8219 92.995 83.6565 73.4827 64.9454 
20.8 100 99.8812 93.173 83.795 73.6905 65.1709 
20.9 100 99.8812 93.3511 84.0127 73.913 65.4084 
21 100 99.8812 93.4699 84.1512 74.0911 65.5745 
21.1 100 99.9406 93.648 84.3886 74.284 65.7882 
21.2 100 99.9406 93.8261 84.5865 74.4769 66.0019 
21.3 100 99.9406 93.8854 84.8239 74.7143 66.2749 
21.4 100 99.9406 94.0338 85.002 74.9073 66.453 
21.5 100 99.9406 94.1229 85.1207 75.0111 66.5598 
21.6 100 99.9406 94.2713 85.3779 75.2486 66.7854 
21.7 100 99.9406 94.4197 85.4769 75.3821 66.9397 
21.8 100 99.9406 94.5384 85.6549 75.5899 67.1652 
21.9 100 99.9406 94.5681 85.833 75.8421 67.4383 
22 100 99.9406 94.5978 85.9517 75.946 67.5807 
22.1 100 99.9406 94.6275 86.0507 76.0795 67.7469 
22.2 100 99.9406 94.7165 86.2089 76.2279 67.9368 
22.3 100 99.9406 94.8056 86.4464 76.4654 68.1624 
22.4 100 99.9406 94.9243 86.6047 76.6286 68.3523 
22.5 100 99.9406 95.0134 86.7234 76.8066 68.5185 
22.6 100 99.9406 95.1915 86.9608 77.0441 68.7559 
22.7 100 99.9406 95.2508 87.1389 77.2073 68.934 
22.8 100 99.9406 95.3102 87.2576 77.326 69.1002 
22.9 100 99.9406 95.4586 87.4357 77.5041 69.3139 
23 100 99.9406 95.5773 87.5742 77.608 69.4207 
23.1 100 99.9406 95.6961 87.7523 77.8157 69.6344 
23.2 100 99.9406 95.9038 87.9304 77.9938 69.8362 
23.3 100 99.9406 96.0522 88.1876 78.2312 70.038 
23.4 100 99.9406 96.171 88.3459 78.3944 70.2398 
23.5 100 99.9406 96.2007 88.4448 78.4983 70.406 
23.6 100 99.9406 96.3194 88.6031 78.6467 70.584 
23.7 100 99.9406 96.3787 88.6624 78.7209 70.679 
23.8 100 99.9406 96.5568 88.7812 78.8396 70.8571 
23.9 100 99.9406 96.6756 88.9197 78.9731 71.0114 
24 100 99.9406 96.7349 89.0384 79.1364 71.1657 
24.1 100 99.9406 96.7349 89.1175 79.2402 71.32 
24.2 100 99.9406 96.7349 89.1175 79.2996 71.4387 
24.3 100 100 96.8537 89.2165 79.4777 71.6762 
24.4 100 100 96.8833 89.3352 79.6261 71.8424 
24.5 100 100 96.9427 89.4539 79.7448 71.9611 
24.6 100 100 97.0021 89.5528 79.8783 72.1273 
24.7 100 100 97.1505 89.6913 80.0267 72.2816 
24.8 100 100 97.2395 89.8298 80.1899 72.4953 
24.9 100 100 97.2692 89.9486 80.3532 72.6733 
25 100 100 97.3286 90.0673 80.457 72.792 
25.1 100 100 97.4176 90.2256 80.6203 72.9582 
25.2 100 100 97.477 90.3641 80.7983 73.1244 
25.3 100 100 97.5364 90.4828 81.0061 73.35 
25.4 100 100 97.5364 90.5224 81.0803 73.433 
25.5 100 100 97.5957 90.6609 81.2138 73.623 
25.6 100 100 97.5957 90.6806 81.2435 73.7298 
25.7 100 100 97.6848 90.7994 81.3622 73.8841 
25.8 100 100 97.7441 90.9181 81.4661 74.0147 
25.9 100 100 97.7738 91.017 81.57 74.1453 
26 100 100 97.8332 91.0566 81.7035 74.3115 
26.1 100 100 97.8332 91.1357 81.8371 74.4539 
26.2 100 100 97.8925 91.2742 81.9855 74.6201 
26.3 100 100 97.8925 91.3534 82.1042 74.727 
26.4 100 100 97.8925 91.4721 82.2526 74.8813 
26.5 100 100 97.8925 91.5315 82.3416 75 
26.6 100 100 97.9519 91.6502 82.49 75.1781 
26.7 100 100 98.041 91.7491 82.5939 75.3324 
26.8 100 100 98.041 91.7887 82.6829 75.4867 
26.9 100 100 98.1003 92.0063 82.8906 75.6529 
27 100 100 98.13 92.0855 82.9945 75.7835 
27.1 100 100 98.1597 92.1646 83.0835 75.8903 
27.2 100 100 98.2191 92.2438 83.1726 76.009 
27.3 100 100 98.2487 92.3427 83.2765 76.1752 
27.4 100 100 98.2487 92.3625 83.321 76.2821 
27.5 100 100 98.3378 92.4812 83.4397 76.472 
27.6 100 100 98.3675 92.5603 83.5287 76.6026 
27.7 100 100 98.3972 92.6197 83.6474 76.7569 
27.8 100 100 98.4268 92.6989 83.7513 76.8875 
27.9 100 100 98.4268 92.8176 83.87 77.0062 
28 100 100 98.4862 92.9363 83.959 77.1605 
28.1 100 100 98.5456 92.9956 84.0184 77.2555 
28.2 100 100 98.6346 93.055 84.1223 77.3742 
28.3 100 100 98.6643 93.1342 84.2113 77.4691 
28.4 100 100 98.6643 93.2331 84.33 77.5997 
28.5 100 100 98.7533 93.3518 84.4339 77.7422 
28.6 100 100 98.783 93.3914 84.5526 77.8727 
28.7 100 100 98.8127 93.4903 84.6565 78.0152 
28.8 100 100 98.8127 93.5497 84.7455 78.1576 
28.9 100 100 98.8424 93.6288 84.8345 78.3001 
29 100 100 98.9314 93.7475 84.9384 78.3951 
29.1 100 100 98.9314 93.7871 84.9978 78.49 
29.2 100 100 98.9611 93.8267 85.0423 78.5731 
29.3 100 100 98.9611 93.8662 85.1016 78.6681 
29.4 100 100 99.0205 93.9058 85.1758 78.7631 
29.5 100 100 99.0205 93.985 85.2352 78.8343 
29.6 100 100 99.0502 94.0443 85.3094 78.953 
29.7 100 100 99.0502 94.1235 85.4133 79.1192 
29.8 100 100 99.0798 94.1433 85.4429 79.1667 
29.9 100 100 99.1095 94.2224 85.5468 79.3447 
30 100 100 99.1095 94.2818 85.6062 79.4516 
30.1 100 100 99.1392 94.3411 85.6655 79.5228 
30.2 100 100 99.1689 94.3807 85.71 79.6178 
30.3 100 100 99.1689 94.44 85.8139 79.7602 
30.4 100 100 99.2283 94.5588 85.9475 79.9264 
30.5 100 100 99.2283 94.6181 86.0365 80.0214 
30.6 100 100 99.2283 94.6973 86.1255 80.1401 
30.7 100 100 99.2283 94.6973 86.1552 80.1876 
30.8 100 100 99.2283 94.7171 86.2294 80.2944 
30.9 100 100 99.2283 94.7171 86.3036 80.4012 
31 100 100 99.2876 94.7962 86.3926 80.5199 
31.1 100 100 99.2876 94.8556 86.452 80.6268 
31.2 100 100 99.2876 94.9149 86.5559 80.7811 
31.3 100 100 99.3173 94.9941 86.6597 80.8998 
31.4 100 100 99.347 95.0534 86.7785 81.0185 
31.5 100 100 99.347 95.0534 86.7785 81.1135 
31.6 100 100 99.3767 95.093 86.8675 81.2203 
31.7 100 100 99.3767 95.1128 86.9268 81.2915 
31.8 100 100 99.4064 95.1524 86.9714 81.3628 
31.9 100 100 99.436 95.1721 87.0159 81.3984 
32 100 100 99.436 95.2117 87.0901 81.5408 
32.1 100 100 99.436 95.2315 87.1494 81.6477 
32.2 100 100 99.436 95.2711 87.1939 81.7189 
32.3 100 100 99.436 95.2909 87.283 81.8732 
32.4 100 100 99.436 95.3304 87.3275 81.9444 
32.5 100 100 99.436 95.37 87.4017 82.0275 
32.6 100 100 99.436 95.4096 87.4314 82.0988 
32.7 100 100 99.436 95.4294 87.4907 82.17 
32.8 100 100 99.4657 95.4887 87.5501 82.3006 
32.9 100 100 99.4657 95.5679 87.6688 82.4311 
33 100 100 99.4657 95.6272 87.7578 82.5261 
33.1 100 100 99.4657 95.6866 87.832 82.6211 
33.2 100 100 99.4954 95.7262 87.8914 82.716 
33.3 100 100 99.4954 95.7262 87.8914 82.716 
33.4 100 100 99.4954 95.7262 87.9062 82.7635 
33.5 100 100 99.5251 95.7855 87.9953 82.8466 
33.6 100 100 99.5251 95.8251 88.0398 82.8941 
33.7 100 100 99.5251 95.8647 88.0843 82.9653 
33.8 100 100 99.5548 95.9042 88.1436 83.0247 
33.9 100 100 99.5844 96.0032 88.2327 83.1315 
34 100 100 99.5844 96.0032 88.2624 83.1671 
34.1 100 100 99.5844 96.0032 88.2772 83.2028 
34.2 100 100 99.5844 96.0032 88.3069 83.2502 
34.3 100 100 99.6438 96.0823 88.3811 83.3333 
34.4 100 100 99.6438 96.0823 88.3959 83.3571 
34.5 100 100 99.7329 96.201 88.4849 83.4639 
34.6 100 100 99.7329 96.3197 88.6185 83.6182 
34.7 100 100 99.7329 96.3197 88.6482 83.6538 
34.8 100 100 99.7329 96.3197 88.7224 83.7488 
34.9 100 100 99.7922 96.3791 88.8114 83.8557 
35 100 100 99.7922 96.3989 88.9004 83.9625 
35.1 100 100 99.8516 96.5374 89.0191 84.1049 
35.2 100 100 99.8813 96.6363 89.123 84.2118 
35.3 100 100 99.911 96.7946 89.2862 84.3661 
35.4 100 100 99.911 96.854 89.3456 84.4611 
35.5 100 100 99.911 96.9331 89.5088 84.6391 
35.6 100 100 99.911 96.9529 89.583 84.7222 
35.7 100 100 99.911 97.0321 89.7166 84.8647 
35.8 100 100 99.911 97.2101 89.954 85.0783 
35.9 100 100 99.911 97.3091 90.0727 85.2327 
36 100 100 99.911 97.3486 90.3547 85.4938 
36.1 100 100 99.911 97.4278 90.4585 85.6363 
36.2 100 100 99.911 97.5861 90.6218 85.8143 
36.3 100 100 99.9406 97.7246 90.7405 85.9687 
36.4 100 100 99.9703 97.8037 90.9037 86.1586 
36.5 100 100 99.9703 97.8037 90.9631 86.3723 
36.6 100 100 99.9703 97.8037 90.9779 86.4079 
36.7 100 100 99.9703 97.8631 91.1263 86.5503 
36.8 100 100 99.9703 97.8631 91.2153 86.7877 
36.9 100 100 99.9703 97.8631 91.245 86.859 
37 100 100 99.9703 97.8631 91.2747 86.9421 
37.1 100 100 100 97.9818 91.3934 87.0608 
37.2 100 100 100 98.0016 91.5566 87.227 
37.3 100 100 100 98.0214 91.6902 87.3575 
37.4 100 100 100 98.0214 91.6902 87.4288 
37.5 100 100 100 98.0214 91.705 87.5119 
37.6 100 100 100 98.0412 91.8237 87.6187 
37.7 100 100 100 98.0412 91.8534 87.6781 
37.8 100 100 100 98.0807 91.9869 87.7968 
37.9 100 100 100 98.1005 92.0463 87.8443 
38 100 100 100 98.1005 92.0611 87.8561 
38.1 100 100 100 98.1005 92.0908 87.8799 
38.2 100 100 100 98.1005 92.1353 87.9155 
38.3 100 100 100 98.1203 92.2095 87.9748 
38.4 100 100 100 98.1994 92.3728 88.1054 
38.5 100 100 100 98.239 92.4766 88.1885 
38.6 100 100 100 98.239 92.4915 88.2004 
38.7 100 100 100 98.2984 92.5953 88.2835 
38.8 100 100 100 98.3577 92.6992 88.3666 
38.9 100 100 100 98.3973 92.8031 88.4497 
39 100 100 100 98.3973 92.8328 88.4734 
39.1 100 100 100 98.4171 92.9515 88.5684 
39.2 100 100 100 98.4765 93.085 88.6752 
39.3 100 100 100 98.4765 93.1592 88.7346 
39.4 100 100 100 98.4765 93.1741 88.7464 
39.5 100 100 100 98.4765 93.2483 88.8058 
39.6 100 100 100 98.4765 93.2631 88.8177 
39.7 100 100 100 98.5358 93.3966 88.9245 
39.8 100 100 100 98.5358 93.4412 88.9601 
39.9 100 100 100 98.5556 93.5302 89.0313 
40 100 100 100 98.5556 93.6044 89.0907 
40.1 100 100 100 98.5556 93.6637 89.1382 
40.2 100 100 100 98.5556 93.6934 89.1619 
40.3 100 100 100 98.5952 93.7676 89.2213 
40.4 100 100 100 98.6347 93.8863 89.3162 
40.5 100 100 100 98.6347 93.916 89.34 
40.6 100 100 100 98.6347 93.9457 89.3637 
40.7 100 100 100 98.6347 93.9457 89.3637 
40.8 100 100 100 98.6941 94.0496 89.4468 
40.9 100 100 100 98.6941 94.0496 89.4468 
41 100 100 100 98.6941 94.1089 89.4943 
41.1 100 100 100 98.6941 94.1534 89.5299 
41.2 100 100 100 98.6941 94.2276 89.5893 
41.3 100 100 100 98.6941 94.3463 89.6842 
41.4 100 100 100 98.6941 94.3463 89.6842 
41.5 100 100 100 98.6941 94.3463 89.6842 
41.6 100 100 100 98.6941 94.3463 89.6842 
41.7 100 100 100 98.6941 94.376 89.708 
41.8 100 100 100 98.6941 94.4205 89.7436 
41.9 100 100 100 98.6941 94.5096 89.8148 
42 100 100 100 98.6941 94.5838 89.8742 
42.1 100 100 100 98.6941 94.6431 89.9217 
42.2 100 100 100 98.6941 94.6876 89.9573 
42.3 100 100 100 98.6941 94.747 90.0047 
42.4 100 100 100 98.6941 94.7767 90.0285 
42.5 100 100 100 98.6941 94.7767 90.0285 
42.6 100 100 100 98.7139 94.8805 90.1116 
42.7 100 100 100 98.7139 94.8805 90.1116 
42.8 100 100 100 98.7139 94.8805 90.1116 
42.9 100 100 100 98.7139 94.8805 90.1116 
43 100 100 100 98.7139 94.8805 90.1116 
43.1 100 100 100 98.7139 94.8805 90.1116 
43.2 100 100 100 98.7139 94.9251 90.1472 
43.3 100 100 100 98.7535 95.0141 90.2184 
43.4 100 100 100 98.7535 95.0735 90.2659 
43.5 100 100 100 98.7535 95.0883 90.2778 
43.6 100 100 100 98.7535 95.1476 90.3253 
43.7 100 100 100 98.7732 95.2367 90.3965 
43.8 100 100 100 98.7732 95.3109 90.4558 
43.9 100 100 100 98.8128 95.3999 90.5271 
44 100 100 100 98.8128 95.4444 90.5627 
44.1 100 100 100 98.8128 95.4889 90.5983 
44.2 100 100 100 98.8128 95.5038 90.6102 
44.3 100 100 100 98.8128 95.5186 90.622 
44.4 100 100 100 98.8128 95.5186 90.622 
44.5 100 100 100 98.8128 95.5186 90.622 
44.6 100 100 100 98.8128 95.5186 90.622 
44.7 100 100 100 98.8128 95.5186 90.622 
44.8 100 100 100 98.8128 95.5186 90.622 
44.9 100 100 100 98.8128 95.5186 90.622 
45 100 100 100 98.8128 95.5186 90.622 
45.1 100 100 100 98.8128 95.5186 90.622 
45.2 100 100 100 98.8128 95.5186 90.622 
45.3 100 100 100 98.8128 95.5186 90.622 
45.4 100 100 100 98.8128 95.5186 90.622 
45.5 100 100 100 98.8128 95.5186 90.622 
45.6 100 100 100 98.8128 95.5186 90.622 
45.7 100 100 100 98.8128 95.5186 90.622 
45.8 100 100 100 98.8128 95.5335 90.6339 
45.9 100 100 100 98.8128 95.5335 90.6339 
46 100 100 100 98.8128 95.5335 90.6339 
46.1 100 100 100 98.8128 95.5335 90.6339 
46.2 100 100 100 98.8128 95.5335 90.6339 
46.3 100 100 100 98.8128 95.5335 90.6339 
46.4 100 100 100 98.8128 95.5631 90.6576 
46.5 100 100 100 98.8128 95.5631 90.6576 
46.6 100 100 100 98.8128 95.5631 90.6576 
46.7 100 100 100 98.8128 95.5928 90.6814 
46.8 100 100 100 98.8128 95.5928 90.6814 
46.9 100 100 100 98.8128 95.5928 90.6814 
47 100 100 100 98.8128 95.5928 90.6814 
47.1 100 100 100 98.8128 95.6077 90.6933 
47.2 100 100 100 98.8128 95.6077 90.6933 
47.3 100 100 100 98.8128 95.6077 90.6933 
47.4 100 100 100 98.8128 95.6373 90.717 
47.5 100 100 100 98.8128 95.6373 90.717 
47.6 100 100 100 98.8128 95.6373 90.717 
47.7 100 100 100 98.8128 95.6373 90.717 
47.8 100 100 100 98.8128 95.6373 90.717 
47.9 100 100 100 98.8128 95.6373 90.717 
48 100 100 100 98.8128 95.667 90.7407 
48.1 100 100 100 98.8524 95.8006 90.8476 
48.2 100 100 100 98.8524 95.8302 90.8713 
48.3 100 100 100 98.8524 95.8451 90.8832 
48.4 100 100 100 98.8524 95.9786 90.99 
48.5 100 100 100 98.8524 95.9935 91.0019 
48.6 100 100 100 98.8524 96.038 91.0375 
48.7 100 100 100 98.8524 96.0677 91.0613 
48.8 100 100 100 98.8524 96.0973 91.085 
48.9 100 100 100 98.8524 96.1122 91.0969 
49 100 100 100 98.8524 96.127 91.1087 
49.1 100 100 100 98.8524 96.1567 91.1325 
49.2 100 100 100 98.8524 96.2012 91.1681 
49.3 100 100 100 98.8722 96.2606 91.2156 
49.4 100 100 100 98.9711 96.4238 91.3462 
49.5 100 100 100 98.9711 96.5722 91.4649 
49.6 100 100 100 98.9909 96.6464 91.5242 
49.7 100 100 100 98.9909 96.7354 91.5954 
49.8 100 100 100 98.9909 96.7354 91.5954 
49.9 100 100 100 98.9909 96.7651 91.6192 
50 100 100 100 98.9909 96.8393 91.6785 
50.1 100 100 100 98.9909 96.8986 91.726 
50.2 100 100 100 99.0305 97.0174 91.821 
50.3 100 100 100 99.07 97.0916 91.8803 
50.4 100 100 100 99.07 97.0916 91.8803 
50.5 100 100 100 99.07 97.1064 91.8922 
50.6 100 100 100 99.07 97.1658 91.9397 
50.7 100 100 100 99.07 97.2103 91.9753 
50.8 100 100 100 99.07 97.2103 91.9753 
50.9 100 100 100 99.07 97.2696 92.0228 
51 100 100 100 99.0898 97.3587 92.094 
51.1 100 100 100 99.1492 97.5219 92.2246 
51.2 100 100 100 99.1492 97.5664 92.2721 
51.3 100 100 100 99.1492 97.5664 92.3196 
51.4 100 100 100 99.1492 97.5664 92.3552 
51.5 100 100 100 99.1492 97.5664 92.4145 
51.6 100 100 100 99.1492 97.5812 92.4501 
51.7 100 100 100 99.1492 97.5812 92.4739 
51.8 100 100 100 99.1492 97.5961 92.5332 
51.9 100 100 100 99.1492 97.5961 92.5332 
52 100 100 100 99.1492 97.5961 92.557 
52.1 100 100 100 99.169 97.6258 92.6045 
52.2 100 100 100 99.169 97.6258 92.6163 
52.3 100 100 100 99.169 97.6258 92.6519 
52.4 100 100 100 99.169 97.6258 92.6638 
52.5 100 100 100 99.169 97.6258 92.6638 
52.6 100 100 100 99.169 97.6258 92.6638 
52.7 100 100 100 99.169 97.6406 92.6876 
52.8 100 100 100 99.169 97.6406 92.7113 
52.9 100 100 100 99.169 97.6406 92.735 
53 100 100 100 99.169 97.6406 92.7707 
53.1 100 100 100 99.169 97.6406 92.7944 
53.2 100 100 100 99.169 97.6406 92.8063 
53.3 100 100 100 99.169 97.6406 92.8063 
53.4 100 100 100 99.169 97.6406 92.8063 
53.5 100 100 100 99.169 97.6406 92.8063 
53.6 100 100 100 99.169 97.6406 92.8063 
53.7 100 100 100 99.169 97.6406 92.8063 
53.8 100 100 100 99.169 97.6406 92.8181 
53.9 100 100 100 99.1888 97.7 92.925 
54 100 100 100 99.2481 97.7445 92.9843 
54.1 100 100 100 99.2481 97.7445 92.9843 
54.2 100 100 100 99.2481 97.7445 92.9843 
54.3 100 100 100 99.2481 97.7445 92.9962 
54.4 100 100 100 99.2481 97.7445 93.0081 
54.5 100 100 100 99.2481 97.7445 93.0437 
54.6 100 100 100 99.2679 97.789 93.1268 
54.7 100 100 100 99.2679 97.789 93.1624 
54.8 100 100 100 99.2679 97.789 93.2099 
54.9 100 100 100 99.2877 97.8187 93.2574 
55 100 100 100 99.2877 97.8187 93.2811 
55.1 100 100 100 99.3075 97.8632 93.3761 
55.2 100 100 100 99.3075 97.8632 93.4592 
55.3 100 100 100 99.3075 97.8632 93.471 
55.4 100 100 100 99.3075 97.8632 93.4948 
55.5 100 100 100 99.3471 97.9077 93.5779 
55.6 100 100 100 99.3668 97.9374 93.6135 
55.7 100 100 100 99.3668 97.9374 93.6728 
55.8 100 100 100 99.3668 97.9522 93.6966 
55.9 100 100 100 99.3866 97.9967 93.7797 
56 100 100 100 99.4856 98.1154 93.9103 
56.1 100 100 100 99.5251 98.1748 93.9815 
56.2 100 100 100 99.5251 98.1896 94.0171 
56.3 100 100 100 99.5251 98.1896 94.029 
56.4 100 100 100 99.5251 98.2045 94.1002 
56.5 100 100 100 99.5251 98.2045 94.1002 
56.6 100 100 100 99.5251 98.2045 94.1002 
56.7 100 100 100 99.5251 98.2045 94.1002 
56.8 100 100 100 99.5449 98.249 94.1714 
56.9 100 100 100 99.5449 98.249 94.1714 
57 100 100 100 99.5449 98.249 94.1833 
57.1 100 100 100 99.5647 98.2787 94.2189 
57.2 100 100 100 99.5647 98.2787 94.2545 
57.3 100 100 100 99.5647 98.2787 94.2664 
57.4 100 100 100 99.5647 98.2787 94.2664 
57.5 100 100 100 99.5647 98.2787 94.2783 
57.6 100 100 100 99.5647 98.2935 94.3139 
57.7 100 100 100 99.5647 98.3232 94.3851 
57.8 100 100 100 99.5647 98.3232 94.3851 
57.9 100 100 100 99.5647 98.3232 94.3851 
58 100 100 100 99.5647 98.3232 94.4207 
58.1 100 100 100 99.5845 98.3529 94.4563 
58.2 100 100 100 99.5845 98.3529 94.4682 
58.3 100 100 100 99.5845 98.3529 94.4682 
58.4 100 100 100 99.5845 98.3529 94.4919 
58.5 100 100 100 99.5845 98.3825 94.5513 
58.6 100 100 100 99.5845 98.3825 94.5513 
58.7 100 100 100 99.6043 98.4122 94.5869 
58.8 100 100 100 99.6043 98.4122 94.5869 
58.9 100 100 100 99.6043 98.4122 94.6106 
59 100 100 100 99.6043 98.4122 94.6225 
59.1 100 100 100 99.6241 98.4567 94.6819 
59.2 100 100 100 99.6241 98.4864 94.7531 
59.3 100 100 100 99.6241 98.5161 94.8124 
59.4 100 100 100 99.6241 98.5161 94.8124 
59.5 100 100 100 99.6241 98.5161 94.8124 
59.6 100 100 100 99.6241 98.5161 94.8243 
59.7 100 100 100 99.6241 98.5161 94.8243 
59.8 100 100 100 99.6241 98.5161 94.8243 
59.9 100 100 100 99.6241 98.5161 94.8362 
60 100 100 100 99.6241 98.5458 94.8955 
60.1 100 100 100 99.6241 98.5606 94.943 
60.2 100 100 100 99.6241 98.5606 94.9905 
60.3 100 100 100 99.6241 98.5606 95.0024 
60.4 100 100 100 99.6241 98.5755 95.0261 
60.5 100 100 100 99.6438 98.62 95.1092 
60.6 100 100 100 99.6438 98.62 95.1448 
60.7 100 100 100 99.6438 98.6348 95.1923 
60.8 100 100 100 99.6438 98.6497 95.2398 
60.9 100 100 100 99.6438 98.6497 95.2398 
61 100 100 100 99.6438 98.6497 95.2635 
61.1 100 100 100 99.6438 98.6497 95.2635 
61.2 100 100 100 99.6438 98.6645 95.2873 
61.3 100 100 100 99.6438 98.6645 95.2873 
61.4 100 100 100 99.6438 98.6645 95.2873 
61.5 100 100 100 99.6438 98.6645 95.2991 
61.6 100 100 100 99.6438 98.6645 95.311 
61.7 100 100 100 99.6438 98.6645 95.3229 
61.8 100 100 100 99.6438 98.6645 95.3229 
61.9 100 100 100 99.6438 98.6645 95.3466 
62 100 100 100 99.6438 98.6645 95.3704 
62.1 100 100 100 99.6438 98.6645 95.3822 
62.2 100 100 100 99.6438 98.6645 95.3822 
62.3 100 100 100 99.6438 98.6645 95.4179 
62.4 100 100 100 99.6438 98.6793 95.4416 
62.5 100 100 100 99.6438 98.6793 95.4653 
62.6 100 100 100 99.6438 98.6793 95.4653 
62.7 100 100 100 99.6438 98.6793 95.4653 
62.8 100 100 100 99.6438 98.6793 95.4772 
62.9 100 100 100 99.6438 98.6942 95.5009 
63 100 100 100 99.6438 98.6942 95.5128 
63.1 100 100 100 99.6438 98.6942 95.5128 
63.2 100 100 100 99.6438 98.6942 95.5247 
63.3 100 100 100 99.6438 98.6942 95.5247 
63.4 100 100 100 99.6438 98.6942 95.5247 
63.5 100 100 100 99.6438 98.6942 95.5366 
63.6 100 100 100 99.6438 98.6942 95.5484 
63.7 100 100 100 99.6438 98.6942 95.5484 
63.8 100 100 100 99.6438 98.709 95.5722 
63.9 100 100 100 99.6438 98.709 95.5722 
64 100 100 100 99.6438 98.709 95.584 
64.1 100 100 100 99.6438 98.709 95.5959 
64.2 100 100 100 99.6438 98.709 95.5959 
64.3 100 100 100 99.6438 98.709 95.5959 
64.4 100 100 100 99.6438 98.709 95.5959 
64.5 100 100 100 99.6438 98.7238 95.6315 
64.6 100 100 100 99.6636 98.7684 95.7028 
64.7 100 100 100 99.6636 98.7684 95.7146 
64.8 100 100 100 99.7032 98.8277 95.7858 
64.9 100 100 100 99.7032 98.8277 95.7858 
65 100 100 100 99.7032 98.8277 95.7858 
65.1 100 100 100 99.7032 98.8277 95.8333 
65.2 100 100 100 99.7032 98.8426 95.8689 
65.3 100 100 100 99.7032 98.8574 95.9046 
65.4 100 100 100 99.7032 98.8574 95.9402 
65.5 100 100 100 99.7032 98.8574 95.9639 
65.6 100 100 100 99.7032 98.8574 95.9995 
65.7 100 100 100 99.7032 98.8574 96.0351 
65.8 100 100 100 99.7032 98.8574 96.0589 
65.9 100 100 100 99.7032 98.8574 96.0708 
66 100 100 100 99.7032 98.8574 96.0708 
66.1 100 100 100 99.7032 98.8722 96.1538 
66.2 100 100 100 99.723 98.9019 96.2013 
66.3 100 100 100 99.723 98.9168 96.2251 
66.4 100 100 100 99.723 98.9316 96.2488 
66.5 100 100 100 99.723 98.9316 96.2488 
66.6 100 100 100 99.723 98.9316 96.2488 
66.7 100 100 100 99.723 98.9316 96.2488 
66.8 100 100 100 99.723 98.9316 96.2488 
66.9 100 100 100 99.7428 98.9613 96.2844 
67 100 100 100 99.7428 98.9613 96.2844 
67.1 100 100 100 99.7428 98.9613 96.2844 
67.2 100 100 100 99.7428 98.9613 96.2844 
67.3 100 100 100 99.7428 98.9761 96.32 
67.4 100 100 100 99.7428 98.9761 96.32 
67.5 100 100 100 99.7428 98.9761 96.32 
67.6 100 100 100 99.7428 98.9761 96.3319 
67.7 100 100 100 99.7428 98.9761 96.3557 
67.8 100 100 100 99.7824 99.0206 96.415 
67.9 100 100 100 99.8021 99.0503 96.4625 
68 100 100 100 99.8021 99.0503 96.4625 
68.1 100 100 100 99.8021 99.0503 96.4744 
68.2 100 100 100 99.8021 99.0503 96.4744 
68.3 100 100 100 99.8021 99.0651 96.51 
68.4 100 100 100 99.8021 99.0651 96.51 
68.5 100 100 100 99.8021 99.0651 96.5337 
68.6 100 100 100 99.8021 99.0651 96.5337 
68.7 100 100 100 99.8021 99.0651 96.5456 
68.8 100 100 100 99.8021 99.0651 96.5575 
68.9 100 100 100 99.8021 99.08 96.6168 
69 100 100 100 99.8021 99.0948 96.6406 
69.1 100 100 100 99.8021 99.0948 96.6524 
69.2 100 100 100 99.8021 99.0948 96.6524 
69.3 100 100 100 99.8021 99.1097 96.6999 
69.4 100 100 100 99.8021 99.1097 96.6999 
69.5 100 100 100 99.8021 99.1097 96.6999 
69.6 100 100 100 99.8021 99.1097 96.7236 
69.7 100 100 100 99.8021 99.1097 96.7355 
69.8 100 100 100 99.8021 99.1097 96.7474 
69.9 100 100 100 99.8021 99.1097 96.7474 
70 100 100 100 99.8021 99.1097 96.7593 
70.1 100 100 100 99.8021 99.1097 96.783 
70.2 100 100 100 99.8021 99.1097 96.7949 
70.3 100 100 100 99.8021 99.1097 96.7949 
70.4 100 100 100 99.8021 99.1097 96.7949 
70.5 100 100 100 99.8021 99.1097 96.8186 
70.6 100 100 100 99.8021 99.1097 96.8186 
70.7 100 100 100 99.8021 99.1097 96.8305 
70.8 100 100 100 99.8021 99.1097 96.8305 
70.9 100 100 100 99.8021 99.1097 96.8305 
71 100 100 100 99.8021 99.1097 96.8305 
71.1 100 100 100 99.8021 99.1097 96.8305 
71.2 100 100 100 99.8021 99.1097 96.8305 
71.3 100 100 100 99.8219 99.1393 96.8898 
71.4 100 100 100 99.8219 99.1393 96.8898 
71.5 100 100 100 99.8219 99.1393 96.9017 
71.6 100 100 100 99.8219 99.1393 96.9017 
71.7 100 100 100 99.8219 99.1542 96.9373 
71.8 100 100 100 99.8219 99.1542 96.9373 
71.9 100 100 100 99.8219 99.1542 96.9373 
72 100 100 100 99.8417 99.1839 96.9729 
72.1 100 100 100 99.8417 99.1839 96.9848 
72.2 100 100 100 99.8417 99.1839 96.9848 
72.3 100 100 100 99.8417 99.1839 96.9967 
72.4 100 100 100 99.8417 99.1839 96.9967 
72.5 100 100 100 99.8417 99.1839 97.0323 
72.6 100 100 100 99.8417 99.1839 97.0323 
72.7 100 100 100 99.8417 99.1839 97.0323 
72.8 100 100 100 99.8615 99.2135 97.0916 
72.9 100 100 100 99.8615 99.2135 97.1273 
73 100 100 100 99.8615 99.2135 97.1391 
73.1 100 100 100 99.8615 99.2135 97.1391 
73.2 100 100 100 99.8615 99.2135 97.1391 
73.3 100 100 100 99.8615 99.2135 97.1391 
73.4 100 100 100 99.8615 99.2135 97.151 
73.5 100 100 100 99.8615 99.2135 97.151 
73.6 100 100 100 99.8615 99.2135 97.1629 
73.7 100 100 100 99.8615 99.2135 97.1629 
73.8 100 100 100 99.8615 99.2284 97.1985 
73.9 100 100 100 99.8615 99.2284 97.1985 
74 100 100 100 99.8615 99.2284 97.2222 
74.1 100 100 100 99.8615 99.2284 97.2222 
74.2 100 100 100 99.8615 99.2284 97.2341 
74.3 100 100 100 99.8615 99.2284 97.2341 
74.4 100 100 100 99.8615 99.2284 97.2578 
74.5 100 100 100 99.8615 99.2284 97.2578 
74.6 100 100 100 99.8615 99.2284 97.2816 
74.7 100 100 100 99.8615 99.2432 97.3172 
74.8 100 100 100 99.8615 99.2432 97.3172 
74.9 100 100 100 99.8615 99.2581 97.3528 
75 100 100 100 99.8615 99.2581 97.3765 
75.1 100 100 100 99.8615 99.2581 97.4003 
75.2 100 100 100 99.8615 99.2581 97.4478 
75.3 100 100 100 99.8615 99.2581 97.4478 
75.4 100 100 100 99.8615 99.2581 97.4478 
75.5 100 100 100 99.8615 99.2581 97.4596 
75.6 100 100 100 99.8615 99.2581 97.4596 
75.7 100 100 100 99.8615 99.2581 97.4715 
75.8 100 100 100 99.8615 99.2581 97.4715 
75.9 100 100 100 99.8615 99.2581 97.5071 
76 100 100 100 99.8615 99.2581 97.519 
76.1 100 100 100 99.8615 99.2581 97.5309 
76.2 100 100 100 99.8615 99.2581 97.5309 
76.3 100 100 100 99.8615 99.2581 97.5309 
76.4 100 100 100 99.8615 99.2581 97.5309 
76.5 100 100 100 99.8615 99.2581 97.5309 
76.6 100 100 100 99.8615 99.2581 97.5309 
76.7 100 100 100 99.8615 99.2581 97.5309 
76.8 100 100 100 99.8615 99.2729 97.5665 
76.9 100 100 100 99.8615 99.2729 97.5665 
77 100 100 100 99.8615 99.2877 97.5902 
77.1 100 100 100 99.8813 99.3174 97.6258 
77.2 100 100 100 99.8813 99.3174 97.6377 
77.3 100 100 100 99.8813 99.3174 97.6377 
77.4 100 100 100 99.8813 99.3174 97.6377 
77.5 100 100 100 99.8813 99.3322 97.6733 
77.6 100 100 100 99.8813 99.3322 97.6971 
77.7 100 100 100 99.8813 99.3471 97.7208 
77.8 100 100 100 99.8813 99.3471 97.7208 
77.9 100 100 100 99.8813 99.3471 97.7208 
78 100 100 100 99.8813 99.3768 97.8158 
78.1 100 100 100 99.8813 99.3768 97.8158 
78.2 100 100 100 99.8813 99.3768 97.8276 
78.3 100 100 100 99.8813 99.3916 97.8514 
78.4 100 100 100 99.8813 99.4064 97.9107 
78.5 100 100 100 99.8813 99.4064 97.9463 
78.6 100 100 100 99.8813 99.4213 97.982 
78.7 100 100 100 99.8813 99.4361 98.0057 
78.8 100 100 100 99.8813 99.4361 98.0057 
78.9 100 100 100 99.8813 99.4361 98.0176 
79 100 100 100 99.8813 99.4361 98.0176 
79.1 100 100 100 99.8813 99.4361 98.0294 
79.2 100 100 100 99.8813 99.4361 98.0294 
79.3 100 100 100 99.8813 99.451 98.0532 
79.4 100 100 100 99.8813 99.451 98.0532 
79.5 100 100 100 99.8813 99.451 98.0651 
79.6 100 100 100 99.8813 99.451 98.0888 
79.7 100 100 100 99.8813 99.4658 98.1125 
79.8 100 100 100 99.8813 99.4658 98.1125 
79.9 100 100 100 99.8813 99.4806 98.1363 
80 100 100 100 99.9011 99.5103 98.1719 
80.1 100 100 100 99.9011 99.5103 98.1719 
80.2 100 100 100 99.9011 99.5103 98.1719 
80.3 100 100 100 99.9209 99.54 98.2194 
80.4 100 100 100 99.9209 99.54 98.2194 
80.5 100 100 100 99.9209 99.54 98.2431 
80.6 100 100 100 99.9209 99.54 98.2431 
80.7 100 100 100 99.9209 99.54 98.2669 
80.8 100 100 100 99.9209 99.54 98.3025 
80.9 100 100 100 99.9209 99.54 98.3381 
81 100 100 100 99.9209 99.54 98.35 
81.1 100 100 100 99.9209 99.54 98.35 
81.2 100 100 100 99.9209 99.54 98.35 
81.3 100 100 100 99.9209 99.5548 98.3856 
81.4 100 100 100 99.9209 99.5548 98.3856 
81.5 100 100 100 99.9209 99.5548 98.3856 
81.6 100 100 100 99.9209 99.5548 98.3974 
81.7 100 100 100 99.9209 99.5548 98.3974 
81.8 100 100 100 99.9209 99.5697 98.433 
81.9 100 100 100 99.9209 99.5845 98.4687 
82 100 100 100 99.9209 99.5845 98.4687 
82.1 100 100 100 99.9209 99.5845 98.4687 
82.2 100 100 100 99.9209 99.5845 98.4687 
82.3 100 100 100 99.9209 99.5993 98.5161 
82.4 100 100 100 99.9209 99.5993 98.528 
82.5 100 100 100 99.9209 99.6142 98.5518 
82.6 100 100 100 99.9209 99.6142 98.5636 
82.7 100 100 100 99.9209 99.6142 98.5636 
82.8 100 100 100 99.9209 99.6142 98.5636 
82.9 100 100 100 99.9209 99.6142 98.5636 
83 100 100 100 99.9209 99.629 98.5874 
83.1 100 100 100 99.9209 99.629 98.5874 
83.2 100 100 100 99.9209 99.629 98.5874 
83.3 100 100 100 99.9209 99.629 98.5992 
83.4 100 100 100 99.9209 99.629 98.623 
83.5 100 100 100 99.9209 99.629 98.6349 
83.6 100 100 100 99.9209 99.629 98.6467 
83.7 100 100 100 99.9209 99.629 98.6586 
83.8 100 100 100 99.9209 99.629 98.7061 
83.9 100 100 100 99.9209 99.6439 98.7417 
84 100 100 100 99.9209 99.6439 98.7417 
84.1 100 100 100 99.9209 99.6439 98.7536 
84.2 100 100 100 99.9209 99.6439 98.7536 
84.3 100 100 100 99.9209 99.6439 98.7536 
84.4 100 100 100 99.9209 99.6439 98.7536 
84.5 100 100 100 99.9209 99.6439 98.7536 
84.6 100 100 100 99.9209 99.6439 98.7654 
84.7 100 100 100 99.9209 99.6587 98.7892 
84.8 100 100 100 99.9209 99.6587 98.7892 
84.9 100 100 100 99.9209 99.6587 98.7892 
85 100 100 100 99.9209 99.6587 98.7892 
85.1 100 100 100 99.9209 99.6587 98.7892 
85.2 100 100 100 99.9209 99.6735 98.8129 
85.3 100 100 100 99.9209 99.6735 98.8129 
85.4 100 100 100 99.9209 99.6735 98.8248 
85.5 100 100 100 99.9209 99.6735 98.8248 
85.6 100 100 100 99.9209 99.6884 98.8485 
85.7 100 100 100 99.9209 99.6884 98.8723 
85.8 100 100 100 99.9209 99.6884 98.8723 
85.9 100 100 100 99.9209 99.6884 98.8723 
86 100 100 100 99.9209 99.6884 98.8723 
86.1 100 100 100 99.9209 99.6884 98.896 
86.2 100 100 100 99.9209 99.6884 98.896 
86.3 100 100 100 99.9209 99.6884 98.896 
86.4 100 100 100 99.9406 99.7329 98.9554 
86.5 100 100 100 99.9406 99.7329 98.9791 
86.6 100 100 100 99.9406 99.7329 99.0028 
86.7 100 100 100 99.9406 99.7329 99.0028 
86.8 100 100 100 99.9406 99.7329 99.0028 
86.9 100 100 100 99.9406 99.7329 99.0028 
87 100 100 100 99.9406 99.7329 99.0147 
87.1 100 100 100 99.9406 99.7329 99.0266 
87.2 100 100 100 99.9406 99.7329 99.0385 
87.3 100 100 100 99.9406 99.7477 99.0622 
87.4 100 100 100 99.9406 99.7477 99.0622 
87.5 100 100 100 99.9406 99.7477 99.0741 
87.6 100 100 100 99.9406 99.7626 99.1097 
87.7 100 100 100 99.9406 99.7626 99.1216 
87.8 100 100 100 99.9406 99.7774 99.1453 
87.9 100 100 100 99.9406 99.7774 99.169 
88 100 100 100 99.9406 99.7774 99.169 
88.1 100 100 100 99.9406 99.7774 99.169 
88.2 100 100 100 99.9406 99.7774 99.1928 
88.3 100 100 100 99.9406 99.7774 99.2165 
88.4 100 100 100 99.9406 99.7774 99.2165 
88.5 100 100 100 99.9406 99.7774 99.2284 
88.6 100 100 100 99.9406 99.7774 99.2284 
88.7 100 100 100 99.9406 99.7774 99.2284 
88.8 100 100 100 99.9406 99.7774 99.2284 
88.9 100 100 100 99.9406 99.7923 99.2521 
89 100 100 100 99.9406 99.7923 99.2521 
89.1 100 100 100 99.9406 99.7923 99.2759 
89.2 100 100 100 99.9406 99.7923 99.2877 
89.3 100 100 100 99.9406 99.7923 99.2877 
89.4 100 100 100 99.9406 99.7923 99.3115 
89.5 100 100 100 99.9406 99.7923 99.3234 
89.6 100 100 100 99.9406 99.7923 99.3234 
89.7 100 100 100 99.9406 99.7923 99.3234 
89.8 100 100 100 99.9406 99.7923 99.3234 
89.9 100 100 100 99.9406 99.7923 99.3234 
90 100 100 100 99.9406 99.7923 99.3352 
90.1 100 100 100 99.9406 99.7923 99.3352 
90.2 100 100 100 99.9406 99.7923 99.3471 
90.3 100 100 100 99.9406 99.7923 99.359 
90.4 100 100 100 99.9406 99.7923 99.359 
90.5 100 100 100 99.9406 99.7923 99.359 
90.6 100 100 100 99.9406 99.7923 99.359 
90.7 100 100 100 99.9406 99.7923 99.3827 
90.8 100 100 100 99.9406 99.7923 99.3827 
90.9 100 100 100 99.9406 99.7923 99.3827 
91 100 100 100 99.9406 99.7923 99.3827 
91.1 100 100 100 99.9406 99.7923 99.3827 
91.2 100 100 100 99.9406 99.7923 99.3827 
91.3 100 100 100 99.9406 99.7923 99.3827 
91.4 100 100 100 99.9406 99.7923 99.3827 
91.5 100 100 100 99.9406 99.7923 99.3946 
91.6 100 100 100 99.9406 99.7923 99.3946 
91.7 100 100 100 99.9406 99.7923 99.3946 
91.8 100 100 100 99.9406 99.7923 99.4183 
91.9 100 100 100 99.9406 99.7923 99.4302 
92 100 100 100 99.9406 99.7923 99.4302 
92.1 100 100 100 99.9406 99.7923 99.4302 
92.2 100 100 100 99.9406 99.7923 99.4658 
92.3 100 100 100 99.9406 99.7923 99.4658 
92.4 100 100 100 99.9406 99.7923 99.4777 
92.5 100 100 100 99.9406 99.7923 99.4777 
92.6 100 100 100 99.9406 99.7923 99.5014 
92.7 100 100 100 99.9406 99.7923 99.5252 
92.8 100 100 100 99.9406 99.7923 99.5252 
92.9 100 100 100 99.9406 99.7923 99.5252 
93 100 100 100 99.9406 99.7923 99.5252 
93.1 100 100 100 99.9406 99.7923 99.5252 
93.2 100 100 100 99.9406 99.8071 99.5489 
93.3 100 100 100 99.9406 99.8071 99.5845 
93.4 100 100 100 99.9406 99.8071 99.5845 
93.5 100 100 100 99.9406 99.8071 99.5964 
93.6 100 100 100 99.9406 99.8071 99.5964 
93.7 100 100 100 99.9604 99.8368 99.632 
93.8 100 100 100 99.9604 99.8368 99.6439 
93.9 100 100 100 99.9604 99.8368 99.6439 
94 100 100 100 99.9604 99.8368 99.6439 
94.1 100 100 100 99.9604 99.8368 99.6439 
94.2 100 100 100 99.9604 99.8368 99.6676 
94.3 100 100 100 99.9604 99.8368 99.6795 
94.4 100 100 100 99.9604 99.8368 99.6795 
94.5 100 100 100 99.9604 99.8368 99.6795 
94.6 100 100 100 99.9604 99.8368 99.6795 
94.7 100 100 100 99.9604 99.8368 99.6795 
94.8 100 100 100 99.9604 99.8516 99.7151 
94.9 100 100 100 99.9604 99.8516 99.727 
95 100 100 100 99.9604 99.8516 99.727 
95.1 100 100 100 99.9604 99.8664 99.7507 
95.2 100 100 100 99.9604 99.8664 99.7626 
95.3 100 100 100 99.9604 99.8664 99.7626 
95.4 100 100 100 99.9604 99.8664 99.7626 
95.5 100 100 100 99.9604 99.8664 99.7745 
95.6 100 100 100 99.9604 99.8664 99.7745 
95.7 100 100 100 99.9604 99.8664 99.7863 
95.8 100 100 100 99.9604 99.8664 99.7982 
95.9 100 100 100 99.9604 99.8664 99.7982 
96 100 100 100 99.9604 99.8664 99.8338 
96.1 100 100 100 99.9604 99.8664 99.8338 
96.2 100 100 100 99.9604 99.8664 99.8457 
96.3 100 100 100 99.9604 99.8664 99.8457 
96.4 100 100 100 99.9604 99.8813 99.8932 
96.5 100 100 100 99.9604 99.8961 99.9169 
96.6 100 100 100 99.9604 99.8961 99.9169 
96.7 100 100 100 99.9604 99.8961 99.9169 
96.8 100 100 100 99.9604 99.8961 99.9169 
96.9 100 100 100 99.9604 99.8961 99.9169 
97 100 100 100 99.9604 99.8961 99.9169 
97.1 100 100 100 99.9604 99.8961 99.9169 
97.2 100 100 100 99.9604 99.8961 99.9169 
97.3 100 100 100 100 99.9406 99.9525 
97.4 100 100 100 100 99.9555 99.9644 
97.5 100 100 100 100 99.9555 99.9644 
97.6 100 100 100 100 99.9555 99.9644 
97.7 100 100 100 100 99.9703 99.9763 
97.8 100 100 100 100 99.9703 99.9763 
97.9 100 100 100 100 99.9703 99.9763 
98 100 100 100 100 99.9703 99.9763 
98.1 100 100 100 100 99.9703 99.9763 
98.2 100 100 100 100 99.9703 99.9763 
98.3 100 100 100 100 99.9703 99.9763 
98.4 100 100 100 100 99.9703 99.9763 
98.5 100 100 100 100 99.9703 99.9763 
98.6 100 100 100 100 99.9703 99.9763 
98.7 100 100 100 100 99.9703 99.9763 
98.8 100 100 100 100 99.9703 99.9763 
98.9 100 100 100 100 99.9703 99.9763 
99 100 100 100 100 99.9703 99.9763 
99.1 100 100 100 100 99.9703 99.9763 
99.2 100 100 100 100 99.9703 99.9763 
99.3 100 100 100 100 99.9703 99.9763 
99.4 100 100 100 100 99.9852 99.9881 
99.5 100 100 100 100 99.9852 99.9881 
99.6 100 100 100 100 100 100 
99.7 100 100 100 100 100 100 
99.8 100 100 100 100 100 100 
99.9 100 100 100 100 100 100 
100 100 100 100 100 100 100 
