0.1 2.7933 1.22905 0.837989 0.595903 0.47486 0.379888 
0.2 5.58659 2.56983 1.56425 1.22905 0.977654 0.782123 
0.3 9.49721 4.02235 2.40223 1.78771 1.48045 1.18436 
0.4 12.2905 5.2514 3.18436 2.38361 1.98324 1.58659 
0.5 15.0838 6.48045 3.91061 2.94227 2.48603 1.98883 
0.6 20.1117 7.59777 4.69274 3.50093 2.98883 2.39106 
0.7 22.3464 8.71508 5.64246 4.13408 3.49162 2.7933 
0.8 24.581 9.38547 6.20112 4.69274 3.99441 3.19553 
0.9 26.257 10.0559 6.98324 5.2514 4.44134 3.57542 
1 30.1676 11.0615 7.65363 5.77281 4.9162 3.95531 
1.1 30.7263 11.8436 8.26816 6.33147 5.39106 4.3352 
1.2 32.4022 13.0726 9.10615 6.96462 5.86592 4.73743 
1.3 33.5196 13.4078 9.55307 7.44879 6.31285 5.13966 
1.4 33.5196 14.1899 10.1117 7.9702 6.81564 5.5419 
1.5 34.0782 15.3073 10.8939 8.56611 7.31844 5.94413 
1.6 35.7542 16.0894 11.6201 9.16201 7.7933 6.34637 
1.7 37.9888 16.9832 12.4022 9.75791 8.29609 6.7486 
1.8 39.6648 17.9888 13.0726 10.3166 8.79888 7.15084 
1.9 39.6648 18.5475 13.6313 10.838 9.27374 7.53073 
2 41.8994 19.6648 14.4134 11.4339 9.72067 7.93296 
2.1 42.4581 20.6704 15.1397 11.9553 10.1676 8.2905 
2.2 43.5754 21.8994 15.8659 12.514 10.6425 8.69274 
2.3 45.2514 22.7933 16.5922 13.1099 11.1173 9.07263 
2.4 45.8101 23.2402 17.095 13.6313 11.5922 9.45251 
2.5 45.8101 24.1341 17.8771 14.1899 12.067 9.85475 
2.6 46.9274 24.9162 18.5475 14.7114 12.514 10.2346 
2.7 48.0447 25.8101 19.162 15.2328 13.0168 10.6369 
2.8 48.6034 26.5922 19.9441 15.8659 13.5196 11.0391 
2.9 49.162 27.1508 20.5028 16.3128 13.9385 11.4413 
3 50.838 27.933 21.2291 16.9088 14.4134 11.8212 
3.1 51.3966 28.7151 21.8436 17.4674 14.8324 12.1564 
3.2 53.0726 29.4972 22.4581 17.9143 15.2793 12.514 
3.3 53.0726 30.1676 23.1844 18.473 15.7263 12.8939 
3.4 54.7486 30.9497 23.743 18.9572 16.2291 13.2961 
3.5 54.7486 31.6201 24.3575 19.4786 16.676 13.6983 
3.6 54.7486 31.9553 24.6369 19.7765 17.0391 14.0559 
3.7 54.7486 32.1788 25.1397 20.2607 17.4581 14.4134 
3.8 55.3073 32.6257 25.5307 20.5959 17.905 14.7933 
3.9 56.4246 33.5196 26.257 21.1546 18.3799 15.1732 
4 57.5419 34.4134 26.7039 21.5642 18.8268 15.5307 
4.1 58.6592 35.0838 27.2067 22.0484 19.3296 15.933 
4.2 59.2179 35.5307 27.6536 22.4953 19.7207 16.2905 
4.3 60.3352 36.0894 28.2123 22.9795 20.1117 16.6257 
4.4 60.3352 36.4246 28.6034 23.352 20.4749 16.9609 
4.5 61.4525 36.8715 29.1061 23.7989 20.9218 17.3631 
4.6 61.4525 37.095 29.6648 24.3575 21.4246 17.7654 
4.7 61.4525 37.6536 30.2235 24.8045 21.7598 18.1229 
4.8 61.4525 38.324 30.7821 25.2142 22.2346 18.5251 
4.9 61.4525 38.9944 31.3408 25.6983 22.6816 18.8827 
5 61.4525 39.2179 31.7877 26.2197 23.1006 19.2179 
5.1 61.4525 39.8883 32.3464 26.6667 23.5196 19.5531 
5.2 61.4525 40.3352 32.6816 26.9646 23.8268 19.8883 
5.3 63.1285 40.7821 33.1844 27.4488 24.2458 20.2458 
5.4 63.1285 41.4525 33.7989 27.9702 24.6927 20.648 
5.5 63.6872 42.0112 34.3017 28.4171 25.1117 21.0056 
5.6 63.6872 42.6816 34.6369 28.8641 25.5587 21.3855 
5.7 63.6872 42.905 34.9721 29.3482 26.0335 21.7877 
5.8 63.6872 43.352 35.4749 29.7952 26.4246 22.1229 
5.9 64.2458 43.9106 35.8101 30.0931 26.7877 22.5028 
6 64.2458 44.2458 36.2011 30.4283 27.1229 22.7933 
6.1 64.8045 44.8045 36.5363 30.7635 27.486 23.1508 
6.2 64.8045 45.3631 37.0391 31.2477 27.905 23.5084 
6.3 64.8045 45.6983 37.3743 31.6201 28.352 23.8659 
6.4 66.4804 46.4804 38.1564 32.1788 28.7989 24.2235 
6.5 67.5978 47.1508 38.8827 32.7002 29.2458 24.6034 
6.6 69.2737 47.933 39.3855 33.2216 29.6927 25.0056 
6.7 70.3911 48.6034 39.9441 33.743 30.1117 25.3855 
6.8 71.5084 49.0503 40.5028 34.1899 30.5866 25.7877 
6.9 72.067 49.3855 41.0056 34.7114 31.0335 26.1899 
7 72.067 49.7207 41.5084 35.121 31.3687 26.4804 
7.1 72.067 50.0559 41.7877 35.4562 31.7318 26.7709 
7.2 72.6257 50.1676 41.9553 35.6425 31.9832 27.0168 
7.3 72.6257 50.5028 42.4581 36.0894 32.4022 27.3966 
7.4 73.1844 51.2849 43.1844 36.7225 32.905 27.7989 
7.5 73.1844 51.3966 43.5754 37.1695 33.2961 28.1341 
7.6 74.8603 52.1788 44.1341 37.5791 33.743 28.4916 
7.7 74.8603 52.514 44.8603 38.1378 34.2179 28.8715 
7.8 77.6536 53.2961 45.419 38.5847 34.6369 29.2291 
7.9 78.7709 53.8547 45.8101 39.0689 35.0838 29.6089 
8 78.7709 54.1899 46.4246 39.5531 35.5307 29.9888 
8.1 78.7709 54.6369 46.8156 39.9255 35.8939 30.3017 
8.2 78.7709 55.0838 47.2626 40.3352 36.3687 30.6816 
8.3 78.7709 55.5307 47.933 40.8939 36.8156 31.0391 
8.4 78.7709 56.0894 48.2682 41.2663 37.1508 31.3966 
8.5 79.8883 56.9832 48.7709 41.7132 37.5698 31.7765 
8.6 81.0056 57.3184 48.9944 42.1229 37.933 32.0894 
8.7 82.1229 57.7654 49.3296 42.4581 38.2961 32.4246 
8.8 82.1229 58.1006 49.6089 42.6816 38.5475 32.6257 
8.9 82.6816 58.6592 50.1117 43.0912 38.9665 33.0279 
9 82.6816 58.9944 50.6145 43.5009 39.3575 33.3631 
9.1 82.6816 59.4413 51.1173 43.9851 39.7765 33.6983 
9.2 82.6816 59.7765 51.4525 44.4693 40.1397 34.0335 
9.3 83.2402 60.3352 51.9553 44.9162 40.5028 34.3464 
9.4 84.3575 60.7821 52.3464 45.2142 40.8659 34.6369 
9.5 84.9162 61.676 52.905 45.6983 41.3687 35.0391 
9.6 85.4749 62.3464 53.4078 46.1453 41.7877 35.419 
9.7 85.4749 62.6816 53.743 46.5549 42.2346 35.7989 
9.8 85.4749 63.2402 54.0782 46.9646 42.6257 36.1341 
9.9 85.4749 63.5754 54.581 47.4115 42.9888 36.4693 
10 85.4749 63.5754 54.9162 47.7467 43.2961 36.7598 
10.1 86.0335 63.9106 55.3631 48.1564 43.6872 37.1173 
10.2 86.5922 64.3575 55.7542 48.5661 44.0782 37.4525 
10.3 87.1508 64.9162 56.3128 48.9758 44.4693 37.7877 
10.4 87.1508 65.0279 56.648 49.3855 44.8324 38.0782 
10.5 88.2682 65.4749 56.9274 49.7952 45.1955 38.4358 
10.6 89.3855 66.0335 57.3743 50.2048 45.5587 38.7709 
10.7 89.3855 66.257 57.7654 50.5773 45.9777 39.1285 
10.8 89.3855 66.4804 57.8771 50.7263 46.1453 39.3073 
10.9 89.3855 66.4804 57.8771 50.7263 46.1453 39.3073 
11 89.3855 66.9274 58.2682 51.0987 46.5084 39.6872 
11.1 89.9441 67.5978 58.8827 51.5456 46.9553 40.067 
11.2 89.9441 68.1564 59.2179 51.9553 47.3743 40.4469 
11.3 91.0615 68.3799 59.3855 52.2533 47.7095 40.7598 
11.4 92.1788 68.8268 59.8883 52.7002 48.0726 41.1173 
11.5 92.1788 69.0503 60.1676 53.1099 48.4078 41.4525 
11.6 92.1788 69.162 60.3352 53.3706 48.7151 41.743 
11.7 92.1788 69.4972 60.6145 53.743 49.0503 42.0335 
11.8 92.1788 69.9441 61.0615 54.1155 49.4413 42.3687 
11.9 92.1788 70.1676 61.4525 54.5624 49.8603 42.7486 
12 92.1788 70.6145 61.8436 54.8976 50.2235 43.0615 
12.1 92.1788 71.0615 62.2905 55.3073 50.5866 43.4413 
12.2 92.7374 71.5084 62.7374 55.7169 50.9777 43.7989 
12.3 93.2961 71.9553 63.1844 56.1639 51.3408 44.1341 
12.4 93.2961 72.2905 63.6313 56.6108 51.676 44.4693 
12.5 93.2961 72.514 64.1341 57.095 52.067 44.8492 
12.6 93.2961 72.7374 64.4134 57.3929 52.3464 45.1173 
12.7 93.2961 72.8492 64.7486 57.7654 52.7095 45.4078 
12.8 93.2961 73.0726 64.9721 58.0633 53.0168 45.6536 
12.9 93.2961 73.0726 65.2514 58.2868 53.2961 45.9218 
13 93.2961 73.2961 65.5866 58.6592 53.6034 46.2123 
13.1 93.2961 73.6313 65.9218 58.9944 53.9385 46.5698 
13.2 93.2961 74.0782 66.257 59.3296 54.2458 46.905 
13.3 93.2961 74.5251 66.5363 59.702 54.581 47.1955 
13.4 93.8547 75.0838 66.9832 60.0745 54.9441 47.5084 
13.5 93.8547 75.419 67.2067 60.3724 55.2235 47.7765 
13.6 93.8547 75.6425 67.486 60.7076 55.5866 48.1117 
13.7 94.4134 75.9777 67.8212 61.1173 56.0335 48.4693 
13.8 94.4134 76.3128 68.2123 61.4153 56.257 48.7374 
13.9 94.4134 76.3128 68.2682 61.4525 56.2849 48.7598 
14 94.4134 76.4246 68.4358 61.6015 56.4246 48.9385 
14.1 94.4134 76.648 68.8268 61.9367 56.8156 49.2961 
14.2 94.4134 76.8715 69.0503 62.1229 57.0391 49.5642 
14.3 94.4134 77.095 69.4413 62.4209 57.3743 49.8994 
14.4 94.4134 77.095 69.4972 62.5698 57.5978 50.1676 
14.5 94.4134 77.3184 69.7765 62.8678 57.9609 50.4804 
14.6 94.4134 77.4302 69.8883 63.054 58.2123 50.7263 
14.7 94.4134 77.6536 70.3352 63.4637 58.6034 51.1061 
14.8 94.9721 77.7654 70.6145 63.7989 58.9944 51.4413 
14.9 94.9721 78.1006 71.1173 64.1713 59.4134 51.7765 
15 94.9721 78.324 71.4525 64.5438 59.6927 52 
15.1 94.9721 78.6592 71.8436 64.879 59.9721 52.3128 
15.2 94.9721 79.2179 72.1788 65.1769 60.3073 52.6257 
15.3 94.9721 79.3296 72.3464 65.3259 60.5028 52.8492 
15.4 94.9721 79.4413 72.6816 65.7356 60.8659 53.1844 
15.5 95.5307 80.1117 73.0168 66.1453 61.2291 53.5196 
15.6 95.5307 80.1117 73.352 66.4432 61.5922 53.8547 
15.7 95.5307 80.5587 73.5754 66.7039 61.8156 54.1453 
15.8 95.5307 80.8939 73.9106 67.1508 62.1788 54.4358 
15.9 95.5307 81.0056 74.1899 67.4488 62.514 54.8156 
16 96.0894 81.3408 74.4693 67.7095 62.905 55.1955 
16.1 96.0894 81.4525 74.7486 68.0074 63.1844 55.4637 
16.2 96.0894 81.7877 75.0279 68.3054 63.4637 55.7989 
16.3 96.0894 81.8994 75.3073 68.6406 63.743 56.0447 
16.4 96.0894 82.1229 75.6425 69.0503 64.1061 56.3575 
16.5 96.0894 82.4581 76.0894 69.3855 64.3855 56.6257 
16.6 96.0894 82.6816 76.3128 69.6089 64.7486 56.9162 
16.7 96.648 83.1285 76.5922 70.0186 65.0838 57.2291 
16.8 96.648 83.352 76.9274 70.3166 65.3073 57.4302 
16.9 97.2067 83.5754 77.2626 70.7263 65.6704 57.743 
17 97.2067 83.5754 77.4302 70.8752 65.8659 58.0112 
17.1 97.2067 83.6872 77.6536 71.1732 66.1732 58.3017 
17.2 97.2067 83.9106 77.9888 71.4711 66.4525 58.5475 
17.3 97.2067 84.0223 78.1564 71.6574 66.6201 58.7486 
17.4 97.2067 84.0223 78.4916 71.9926 66.9274 59.0168 
17.5 97.2067 84.1341 78.6034 72.1043 67.1229 59.2626 
17.6 97.2067 84.581 78.9385 72.3277 67.4022 59.5531 
17.7 97.2067 84.6927 79.162 72.5885 67.6816 59.7989 
17.8 97.2067 84.9162 79.4972 72.8492 67.933 60.0447 
17.9 97.2067 84.9162 79.6648 73.0354 68.1564 60.2458 
18 97.2067 85.0279 79.9441 73.4823 68.5196 60.5363 
18.1 97.2067 85.0279 80.1117 73.6313 68.7151 60.7374 
18.2 97.2067 85.0279 80.1117 73.6313 68.7151 60.7598 
18.3 97.2067 85.0279 80.1117 73.6313 68.7151 60.7598 
18.4 97.2067 85.0279 80.1117 73.6313 68.743 60.7821 
18.5 97.2067 85.2514 80.5028 73.9292 69.0503 61.1173 
18.6 97.2067 85.3631 80.7263 74.1899 69.3296 61.3855 
18.7 97.2067 85.3631 80.838 74.4134 69.6369 61.6983 
18.8 97.2067 85.5866 81.1732 74.8231 69.9441 61.9888 
18.9 97.2067 85.6983 81.3966 75.1583 70.2514 62.3017 
19 97.2067 86.1453 81.7318 75.5307 70.5587 62.5475 
19.1 97.2067 86.4804 81.9553 75.7542 70.7263 62.7486 
19.2 97.2067 86.5922 82.1788 75.9777 70.9777 63.0391 
19.3 97.2067 86.5922 82.2905 76.3128 71.257 63.3296 
19.4 97.2067 86.7039 82.4022 76.4991 71.4804 63.5307 
19.5 97.7654 87.0391 82.6257 76.9088 71.8156 63.8436 
19.6 97.7654 87.1508 82.7374 76.9832 71.9274 64.0894 
19.7 98.324 87.3743 83.0168 77.1695 72.1788 64.3352 
19.8 98.8827 87.486 83.2961 77.4674 72.4581 64.6257 
19.9 98.8827 87.5978 83.4078 77.6536 72.6816 64.8715 
20 98.8827 87.8212 83.743 78.0261 73.0168 65.2067 
20.1 98.8827 88.1564 83.9665 78.2495 73.2961 65.4972 
20.2 98.8827 88.3799 84.1341 78.3985 73.4637 65.6983 
20.3 98.8827 88.4916 84.3017 78.6592 73.7151 65.9888 
20.4 98.8827 88.6034 84.5251 78.8827 73.9944 66.257 
20.5 99.4413 88.9385 84.6927 79.0689 74.2179 66.4581 
20.6 99.4413 89.162 84.9162 79.3296 74.5251 66.7709 
20.7 99.4413 89.4972 85.3073 79.6648 74.8045 67.0615 
20.8 99.4413 89.6089 85.5307 79.9255 75.1117 67.352 
20.9 99.4413 89.8324 85.8101 80.1862 75.3911 67.6201 
21 99.4413 89.9441 85.9777 80.5214 75.6704 67.8436 
21.1 99.4413 89.9441 86.0335 80.5959 75.8101 68.0447 
21.2 99.4413 90.2793 86.257 80.8194 76.0615 68.2458 
21.3 99.4413 90.2793 86.3128 80.8939 76.1732 68.4022 
21.4 99.4413 90.2793 86.3687 81.0801 76.3128 68.5363 
21.5 99.4413 90.3911 86.4804 81.3035 76.5363 68.8045 
21.6 99.4413 90.5028 86.5922 81.4525 76.648 68.9832 
21.7 99.4413 90.5028 86.7598 81.6015 76.8156 69.2067 
21.8 99.4413 90.6145 86.8156 81.7877 77.0112 69.3855 
21.9 99.4413 90.7263 86.9832 81.9739 77.2626 69.676 
22 99.4413 90.7263 87.2067 82.3091 77.5419 69.9665 
22.1 99.4413 91.0615 87.486 82.5698 77.7374 70.1899 
22.2 99.4413 91.1732 87.5978 82.7561 77.933 70.3911 
22.3 99.4413 91.2849 87.6536 82.8678 78.1285 70.5698 
22.4 99.4413 91.2849 87.8212 83.1285 78.352 70.8827 
22.5 99.4413 91.3966 87.933 83.352 78.6592 71.1732 
22.6 99.4413 91.6201 88.324 83.6872 78.9944 71.4637 
22.7 99.4413 91.7318 88.4916 83.8361 79.1341 71.6425 
22.8 99.4413 91.7318 88.6034 84.0596 79.3575 71.8883 
22.9 99.4413 91.9553 88.8268 84.2086 79.5251 72.0894 
23 99.4413 91.9553 88.8827 84.432 79.7486 72.2905 
23.1 99.4413 92.067 88.9944 84.5438 79.8883 72.4916 
23.2 99.4413 92.067 88.9944 84.7672 80.0838 72.6927 
23.3 100 92.1788 89.162 84.9907 80.2793 72.9385 
23.4 100 92.2905 89.3296 85.2514 80.5866 73.2291 
23.5 100 92.4022 89.4972 85.4749 80.8939 73.5196 
23.6 100 92.6257 89.6648 85.6238 81.0894 73.743 
23.7 100 92.7374 89.7765 85.7356 81.2011 73.8994 
23.8 100 92.7374 89.8324 85.8473 81.3687 74.0782 
23.9 100 92.9609 90.0559 86.0335 81.5642 74.324 
24 100 92.9609 90.1117 86.108 81.648 74.5475 
24.1 100 93.1844 90.2235 86.257 81.7877 74.6816 
24.2 100 93.1844 90.2793 86.2942 81.9274 74.8603 
24.3 100 93.1844 90.3911 86.3687 82.0391 74.9721 
24.4 100 93.2961 90.4469 86.5177 82.2346 75.1285 
24.5 100 93.4078 90.5587 86.6294 82.3743 75.2849 
24.6 100 93.4078 90.5587 86.6294 82.4581 75.419 
24.7 100 93.4078 90.7263 86.7412 82.5978 75.6425 
24.8 100 93.4078 90.7821 86.8901 82.7933 75.8212 
24.9 100 93.5196 90.838 86.9646 82.905 75.9777 
25 100 93.5196 90.9497 87.1881 83.0726 76.1564 
25.1 100 93.5196 91.0615 87.2998 83.2402 76.3352 
25.2 100 93.743 91.2291 87.4488 83.352 76.514 
25.3 100 93.9665 91.3966 87.5978 83.5196 76.6927 
25.4 100 94.0782 91.676 87.8585 83.743 76.8939 
25.5 100 94.3017 92.0112 88.0819 83.9665 77.0726 
25.6 100 94.4134 92.1229 88.1564 84.0782 77.1844 
25.7 100 94.4134 92.1229 88.1564 84.0782 77.1844 
25.8 100 94.4134 92.1229 88.1564 84.0782 77.1844 
25.9 100 94.4134 92.1229 88.1564 84.0782 77.1844 
26 100 94.4134 92.1229 88.1564 84.0782 77.1844 
26.1 100 94.4134 92.1229 88.1564 84.0782 77.1844 
26.2 100 94.4134 92.1229 88.1564 84.0782 77.1844 
26.3 100 94.4134 92.1229 88.1937 84.1341 77.2514 
26.4 100 94.4134 92.1788 88.3426 84.3017 77.4525 
26.5 100 94.5251 92.2905 88.4544 84.3855 77.6313 
26.6 100 94.6369 92.4581 88.6034 84.6089 77.8324 
26.7 100 94.7486 92.6257 88.8641 84.8324 78.1006 
26.8 100 94.7486 92.6816 88.9758 85.0559 78.2793 
26.9 100 94.8603 92.8492 89.162 85.3073 78.4804 
27 100 94.9721 93.0168 89.3482 85.5028 78.6592 
27.1 100 94.9721 93.1844 89.5717 85.7821 78.905 
27.2 100 95.1955 93.2961 89.7207 85.9777 79.1061 
27.3 100 95.1955 93.352 89.8696 86.1732 79.3073 
27.4 100 95.3073 93.4637 89.9814 86.2849 79.419 
27.5 100 95.419 93.6313 90.1676 86.4804 79.6201 
27.6 100 95.5307 93.7989 90.4655 86.7318 79.8212 
27.7 100 95.6425 93.8547 90.5773 86.8994 79.9553 
27.8 100 95.6425 93.9106 90.7263 87.0391 80.0894 
27.9 100 95.9777 94.1341 90.9125 87.2346 80.2682 
28 100 95.9777 94.1341 90.9125 87.3184 80.3799 
28.1 100 95.9777 94.2458 91.0987 87.486 80.5363 
28.2 100 95.9777 94.3017 91.1732 87.5698 80.6704 
28.3 100 95.9777 94.3575 91.2849 87.7654 80.8715 
28.4 100 95.9777 94.4693 91.3966 87.9609 81.095 
28.5 100 95.9777 94.5251 91.4711 88.0726 81.3184 
28.6 100 95.9777 94.581 91.5456 88.1564 81.4972 
28.7 100 96.0894 94.7486 91.7318 88.352 81.676 
28.8 100 96.2011 94.8603 91.8436 88.4637 81.8101 
28.9 100 96.4246 94.9721 91.9926 88.6034 81.9665 
29 100 96.4246 95.0279 92.0298 88.7151 82.2123 
29.1 100 96.5363 95.0838 92.067 88.8268 82.4134 
29.2 100 96.648 95.1955 92.2905 89.0782 82.6592 
29.3 100 96.7598 95.3073 92.4767 89.3017 82.8603 
29.4 100 96.8715 95.419 92.5885 89.4413 82.9944 
29.5 100 96.8715 95.419 92.7747 89.6369 83.1732 
29.6 100 96.9832 95.4749 92.8492 89.8045 83.3073 
29.7 100 96.9832 95.4749 92.9236 89.9441 83.5084 
29.8 100 97.095 95.5307 93.0354 90.0838 83.6425 
29.9 100 97.095 95.5866 93.0726 90.1955 83.7318 
30 100 97.095 95.6425 93.1099 90.3352 83.8883 
30.1 100 97.095 95.7542 93.2588 90.5028 84.1341 
30.2 100 97.2067 95.8659 93.4078 90.6425 84.3128 
30.3 100 97.2067 95.9777 93.4823 90.7263 84.4022 
30.4 100 97.2067 96.1453 93.6313 90.9218 84.5587 
30.5 100 97.2067 96.2011 93.6685 91.0335 84.6704 
30.6 100 97.2067 96.257 93.7058 91.1173 84.7374 
30.7 100 97.2067 96.257 93.7058 91.2011 84.8715 
30.8 100 97.2067 96.3128 93.8175 91.3408 85.0503 
30.9 100 97.2067 96.3128 93.9665 91.5084 85.2067 
31 100 97.2067 96.4246 94.0782 91.6201 85.3408 
31.1 100 97.2067 96.5363 94.2272 91.7877 85.5419 
31.2 100 97.2067 96.648 94.3017 91.9274 85.6536 
31.3 100 97.4302 96.8156 94.4507 92.067 85.8101 
31.4 100 97.4302 96.8156 94.4879 92.1508 85.8994 
31.5 100 97.4302 96.9832 94.5996 92.2626 85.9888 
31.6 100 97.5419 97.0391 94.7114 92.3464 86.1453 
31.7 100 97.5419 97.095 94.7858 92.4302 86.2346 
31.8 100 97.5419 97.095 94.8231 92.514 86.3911 
31.9 100 97.6536 97.2067 94.9348 92.6536 86.5698 
32 100 97.6536 97.2626 95.0093 92.7654 86.7486 
32.1 100 97.7654 97.3743 95.1583 92.905 86.8603 
32.2 100 97.8771 97.486 95.2328 92.9609 86.9721 
32.3 100 97.8771 97.5419 95.27 92.9888 86.9944 
32.4 100 97.9888 97.5978 95.3445 93.0726 87.1732 
32.5 100 98.1006 97.7095 95.419 93.1844 87.3073 
32.6 100 98.1006 97.7095 95.4562 93.2961 87.419 
32.7 100 98.1006 97.7654 95.568 93.4078 87.5531 
32.8 100 98.4358 97.9888 95.7542 93.5475 87.7318 
32.9 100 98.4358 97.9888 95.9032 93.6592 87.8883 
33 100 98.4358 97.9888 95.9777 93.8268 88.067 
33.1 100 98.4358 98.0447 96.0894 93.9665 88.2235 
33.2 100 98.4358 98.0447 96.1639 94.0223 88.3352 
33.3 100 98.5475 98.1006 96.2384 94.1061 88.5363 
33.4 100 98.5475 98.1564 96.2756 94.162 88.6034 
33.5 100 98.5475 98.2123 96.3128 94.2737 88.7598 
33.6 100 98.6592 98.324 96.4246 94.4972 88.9385 
33.7 100 98.6592 98.3799 96.4991 94.6089 89.1844 
33.8 100 98.6592 98.3799 96.5363 94.6648 89.2291 
33.9 100 98.6592 98.3799 96.5736 94.6927 89.3184 
34 100 98.6592 98.4358 96.648 94.8324 89.4525 
34.1 100 98.7709 98.4916 96.7225 94.9721 89.6536 
34.2 100 98.8827 98.6592 96.8715 95.1397 89.8547 
34.3 100 98.8827 98.6592 96.9832 95.2235 90.0559 
34.4 100 98.8827 98.7151 97.0577 95.2793 90.1453 
34.5 100 98.9944 98.8268 97.2067 95.4469 90.3464 
34.6 100 98.9944 98.8268 97.3184 95.5307 90.4581 
34.7 100 98.9944 98.8268 97.3184 95.5307 90.5475 
34.8 100 99.1061 98.8827 97.4302 95.6983 90.6816 
34.9 100 99.1061 98.9385 97.4674 95.838 90.8156 
35 100 99.1061 98.9944 97.5047 95.8939 90.8827 
35.1 100 99.1061 98.9944 97.5791 96.0056 91.0391 
35.2 100 99.1061 99.1061 97.6909 96.1453 91.2849 
35.3 100 99.2179 99.162 97.7281 96.2011 91.5531 
35.4 100 99.2179 99.2179 97.8399 96.2849 91.6425 
35.5 100 99.2179 99.2737 97.9143 96.3408 91.7318 
35.6 100 99.2179 99.2737 97.9516 96.3966 91.7989 
35.7 100 99.2179 99.2737 97.9888 96.4525 91.8659 
35.8 100 99.2179 99.3296 98.1378 96.5642 91.9777 
35.9 100 99.2179 99.3296 98.175 96.6201 92.0894 
36 100 99.3296 99.3855 98.2123 96.676 92.1788 
36.1 100 99.3296 99.3855 98.2495 96.7318 92.2682 
36.2 100 99.3296 99.3855 98.2868 96.7598 92.514 
36.3 100 99.3296 99.3855 98.2868 96.7598 92.581 
36.4 100 99.3296 99.4413 98.324 96.7877 92.648 
36.5 100 99.3296 99.4413 98.324 96.8156 92.7151 
36.6 100 99.3296 99.4413 98.3613 96.8436 92.7821 
36.7 100 99.3296 99.4413 98.3613 96.8715 92.8715 
36.8 100 99.3296 99.4413 98.3613 96.8994 92.9385 
36.9 100 99.3296 99.4413 98.4358 97.0112 93.0726 
37 100 99.3296 99.4413 98.4358 97.0391 93.1173 
37.1 100 99.3296 99.4413 98.4358 97.067 93.162 
37.2 100 99.3296 99.4413 98.4358 97.1229 93.2514 
37.3 100 99.3296 99.4413 98.5102 97.1788 93.2961 
37.4 100 99.3296 99.4413 98.5102 97.2067 93.3184 
37.5 100 99.3296 99.4413 98.5847 97.2905 93.3855 
37.6 100 99.3296 99.4413 98.5847 97.3464 93.4749 
37.7 100 99.3296 99.4413 98.622 97.3743 93.4972 
37.8 100 99.3296 99.4413 98.622 97.4022 93.5419 
37.9 100 99.3296 99.4413 98.6965 97.4581 93.6089 
38 100 99.4413 99.4972 98.7337 97.514 93.676 
38.1 100 99.4413 99.4972 98.7337 97.514 93.676 
38.2 100 99.4413 99.4972 98.7337 97.5978 93.743 
38.3 100 99.5531 99.5531 98.7709 97.6257 93.7654 
38.4 100 99.5531 99.5531 98.8082 97.6536 93.8324 
38.5 100 99.5531 99.5531 98.8082 97.6816 93.9665 
38.6 100 99.5531 99.6089 98.8454 97.7095 94.1899 
38.7 100 99.5531 99.6089 98.8454 97.7654 94.3017 
38.8 100 99.6648 99.6648 98.9199 97.8492 94.5028 
38.9 100 99.7765 99.7765 98.9944 97.905 94.6145 
39 100 99.7765 99.7765 99.0317 97.933 94.6592 
39.1 100 99.7765 99.7765 99.0689 97.9609 94.8156 
39.2 100 99.7765 99.7765 99.1061 98.0168 94.8827 
39.3 100 99.7765 99.7765 99.1434 98.1564 95.0391 
39.4 100 99.8883 99.8324 99.2179 98.2123 95.1732 
39.5 100 99.8883 99.8324 99.2179 98.2123 95.2179 
39.6 100 99.8883 99.8324 99.2179 98.2682 95.3743 
39.7 100 99.8883 99.8883 99.2551 98.2961 95.3966 
39.8 100 99.8883 99.8883 99.2924 98.3799 95.4637 
39.9 100 99.8883 99.8883 99.2924 98.4358 95.5307 
40 100 99.8883 99.8883 99.3296 98.4637 95.5754 
40.1 100 99.8883 99.8883 99.4041 98.5475 95.6425 
40.2 100 99.8883 99.9441 99.4786 98.6313 95.7095 
40.3 100 99.8883 99.9441 99.4786 98.6592 95.7318 
40.4 100 99.8883 99.9441 99.4786 98.6592 95.7989 
40.5 100 99.8883 99.9441 99.4786 98.6592 95.8212 
40.6 100 99.8883 99.9441 99.4786 98.6592 95.8436 
40.7 100 99.8883 99.9441 99.5158 98.6872 95.8883 
40.8 100 99.8883 99.9441 99.5158 98.6872 95.8883 
40.9 100 99.8883 99.9441 99.5158 98.7151 95.933 
41 100 99.8883 99.9441 99.5531 98.743 96 
41.1 100 99.8883 99.9441 99.5531 98.743 96.0223 
41.2 100 99.8883 99.9441 99.5531 98.7709 96.067 
41.3 100 99.8883 99.9441 99.5531 98.7989 96.1564 
41.4 100 99.8883 99.9441 99.5531 98.8268 96.2235 
41.5 100 99.8883 99.9441 99.5903 98.9106 96.3128 
41.6 100 99.8883 99.9441 99.5903 98.9106 96.3352 
41.7 100 99.8883 99.9441 99.5903 98.9106 96.3352 
41.8 100 99.8883 99.9441 99.5903 98.9106 96.3352 
41.9 100 99.8883 99.9441 99.5903 98.9385 96.3799 
42 100 99.8883 99.9441 99.6276 98.9665 96.4022 
42.1 100 99.8883 99.9441 99.6276 99.0503 96.4916 
42.2 100 100 100 99.6648 99.1061 96.6257 
42.3 100 100 100 99.6648 99.1341 96.6704 
42.4 100 100 100 99.6648 99.1341 96.6704 
42.5 100 100 100 99.702 99.2179 96.7598 
42.6 100 100 100 99.702 99.2179 96.7598 
42.7 100 100 100 99.702 99.2179 96.9609 
42.8 100 100 100 99.702 99.2179 97.0503 
42.9 100 100 100 99.702 99.2179 97.0503 
43 100 100 100 99.702 99.2179 97.0503 
43.1 100 100 100 99.702 99.2458 97.0726 
43.2 100 100 100 99.702 99.2458 97.1173 
43.3 100 100 100 99.702 99.2458 97.1173 
43.4 100 100 100 99.702 99.2458 97.1173 
43.5 100 100 100 99.702 99.2737 97.1397 
43.6 100 100 100 99.702 99.2737 97.1397 
43.7 100 100 100 99.702 99.2737 97.1844 
43.8 100 100 100 99.7393 99.3296 97.2737 
43.9 100 100 100 99.7393 99.3296 97.2737 
44 100 100 100 99.7393 99.3575 97.3184 
44.1 100 100 100 99.7393 99.3575 97.3631 
44.2 100 100 100 99.7393 99.3575 97.3855 
44.3 100 100 100 99.7765 99.3855 97.4078 
44.4 100 100 100 99.7765 99.3855 97.4302 
44.5 100 100 100 99.7765 99.3855 97.4525 
44.6 100 100 100 99.7765 99.3855 97.4525 
44.7 100 100 100 99.7765 99.4413 97.4972 
44.8 100 100 100 99.7765 99.4413 97.5642 
44.9 100 100 100 99.8138 99.4693 97.6536 
45 100 100 100 99.8138 99.4693 97.6983 
45.1 100 100 100 99.8138 99.4693 97.7207 
45.2 100 100 100 99.8138 99.4693 97.7654 
45.3 100 100 100 99.851 99.6927 97.9441 
45.4 100 100 100 99.851 99.8045 98.0335 
45.5 100 100 100 99.851 99.8045 98.0335 
45.6 100 100 100 99.851 99.8045 98.0782 
45.7 100 100 100 99.851 99.8324 98.1006 
45.8 100 100 100 99.851 99.8603 98.1229 
45.9 100 100 100 99.851 99.8603 98.1453 
46 100 100 100 99.851 99.8603 98.1453 
46.1 100 100 100 99.851 99.8603 98.1453 
46.2 100 100 100 99.851 99.8603 98.1676 
46.3 100 100 100 99.8883 99.8883 98.2123 
46.4 100 100 100 99.8883 99.8883 98.2123 
46.5 100 100 100 99.8883 99.8883 98.2346 
46.6 100 100 100 99.8883 99.8883 98.2346 
46.7 100 100 100 99.8883 99.8883 98.2346 
46.8 100 100 100 99.8883 99.8883 98.2346 
46.9 100 100 100 99.8883 99.8883 98.2346 
47 100 100 100 99.8883 99.8883 98.2346 
47.1 100 100 100 99.9255 99.9162 98.2793 
47.2 100 100 100 99.9255 99.9162 98.2793 
47.3 100 100 100 99.9255 99.9162 98.2793 
47.4 100 100 100 99.9255 99.9162 98.2793 
47.5 100 100 100 99.9255 99.9162 98.2793 
47.6 100 100 100 99.9255 99.9162 98.3017 
47.7 100 100 100 99.9255 99.9162 98.3017 
47.8 100 100 100 99.9255 99.9162 98.3017 
47.9 100 100 100 99.9628 99.9441 98.324 
48 100 100 100 99.9628 99.9441 98.324 
48.1 100 100 100 99.9628 99.9441 98.3464 
48.2 100 100 100 99.9628 99.9441 98.3687 
48.3 100 100 100 100 99.9721 98.3911 
48.4 100 100 100 100 99.9721 98.3911 
48.5 100 100 100 100 99.9721 98.3911 
48.6 100 100 100 100 99.9721 98.4134 
48.7 100 100 100 100 99.9721 98.4134 
48.8 100 100 100 100 99.9721 98.4358 
48.9 100 100 100 100 99.9721 98.4581 
49 100 100 100 100 99.9721 98.4581 
49.1 100 100 100 100 99.9721 98.4581 
49.2 100 100 100 100 99.9721 98.5251 
49.3 100 100 100 100 99.9721 98.5251 
49.4 100 100 100 100 99.9721 98.5251 
49.5 100 100 100 100 99.9721 98.5251 
49.6 100 100 100 100 99.9721 98.5251 
49.7 100 100 100 100 99.9721 98.5475 
49.8 100 100 100 100 99.9721 98.5475 
49.9 100 100 100 100 99.9721 98.5475 
50 100 100 100 100 99.9721 98.5475 
50.1 100 100 100 100 99.9721 98.6816 
50.2 100 100 100 100 99.9721 98.8603 
50.3 100 100 100 100 99.9721 98.8827 
50.4 100 100 100 100 99.9721 98.8827 
50.5 100 100 100 100 99.9721 98.8827 
50.6 100 100 100 100 99.9721 98.8827 
50.7 100 100 100 100 99.9721 98.8827 
50.8 100 100 100 100 99.9721 98.8827 
50.9 100 100 100 100 99.9721 98.9274 
51 100 100 100 100 99.9721 98.9274 
51.1 100 100 100 100 99.9721 99.0615 
51.2 100 100 100 100 99.9721 99.0615 
51.3 100 100 100 100 99.9721 99.0615 
51.4 100 100 100 100 99.9721 99.0615 
51.5 100 100 100 100 99.9721 99.0615 
51.6 100 100 100 100 99.9721 99.0615 
51.7 100 100 100 100 99.9721 99.0615 
51.8 100 100 100 100 99.9721 99.0615 
51.9 100 100 100 100 99.9721 99.0615 
52 100 100 100 100 99.9721 99.0615 
52.1 100 100 100 100 99.9721 99.0615 
52.2 100 100 100 100 99.9721 99.0615 
52.3 100 100 100 100 99.9721 99.0615 
52.4 100 100 100 100 99.9721 99.0615 
52.5 100 100 100 100 99.9721 99.0615 
52.6 100 100 100 100 99.9721 99.0615 
52.7 100 100 100 100 100 99.1061 
52.8 100 100 100 100 100 99.1061 
52.9 100 100 100 100 100 99.1061 
53 100 100 100 100 100 99.1061 
53.1 100 100 100 100 100 99.1061 
53.2 100 100 100 100 100 99.1061 
53.3 100 100 100 100 100 99.1061 
53.4 100 100 100 100 100 99.1061 
53.5 100 100 100 100 100 99.1061 
53.6 100 100 100 100 100 99.1061 
53.7 100 100 100 100 100 99.1061 
53.8 100 100 100 100 100 99.1061 
53.9 100 100 100 100 100 99.1061 
54 100 100 100 100 100 99.1061 
54.1 100 100 100 100 100 99.1061 
54.2 100 100 100 100 100 99.1061 
54.3 100 100 100 100 100 99.1061 
54.4 100 100 100 100 100 99.1061 
54.5 100 100 100 100 100 99.1061 
54.6 100 100 100 100 100 99.1061 
54.7 100 100 100 100 100 99.1061 
54.8 100 100 100 100 100 99.1061 
54.9 100 100 100 100 100 99.1061 
55 100 100 100 100 100 99.1061 
55.1 100 100 100 100 100 99.1061 
55.2 100 100 100 100 100 99.1061 
55.3 100 100 100 100 100 99.1061 
55.4 100 100 100 100 100 99.1061 
55.5 100 100 100 100 100 99.1061 
55.6 100 100 100 100 100 99.1061 
55.7 100 100 100 100 100 99.1061 
55.8 100 100 100 100 100 99.1285 
55.9 100 100 100 100 100 99.1285 
56 100 100 100 100 100 99.1285 
56.1 100 100 100 100 100 99.1285 
56.2 100 100 100 100 100 99.1285 
56.3 100 100 100 100 100 99.3073 
56.4 100 100 100 100 100 99.3073 
56.5 100 100 100 100 100 99.3073 
56.6 100 100 100 100 100 99.3073 
56.7 100 100 100 100 100 99.3073 
56.8 100 100 100 100 100 99.3073 
56.9 100 100 100 100 100 99.3073 
57 100 100 100 100 100 99.352 
57.1 100 100 100 100 100 99.352 
57.2 100 100 100 100 100 99.352 
57.3 100 100 100 100 100 99.352 
57.4 100 100 100 100 100 99.352 
57.5 100 100 100 100 100 99.352 
57.6 100 100 100 100 100 99.352 
57.7 100 100 100 100 100 99.352 
57.8 100 100 100 100 100 99.352 
57.9 100 100 100 100 100 99.3966 
58 100 100 100 100 100 99.3966 
58.1 100 100 100 100 100 99.3966 
58.2 100 100 100 100 100 99.3966 
58.3 100 100 100 100 100 99.419 
58.4 100 100 100 100 100 99.4637 
58.5 100 100 100 100 100 99.4637 
58.6 100 100 100 100 100 99.4637 
58.7 100 100 100 100 100 99.4637 
58.8 100 100 100 100 100 99.486 
58.9 100 100 100 100 100 99.486 
59 100 100 100 100 100 99.486 
59.1 100 100 100 100 100 99.486 
59.2 100 100 100 100 100 99.486 
59.3 100 100 100 100 100 99.486 
59.4 100 100 100 100 100 99.486 
59.5 100 100 100 100 100 99.486 
59.6 100 100 100 100 100 99.486 
59.7 100 100 100 100 100 99.486 
59.8 100 100 100 100 100 99.5084 
59.9 100 100 100 100 100 99.5084 
60 100 100 100 100 100 99.5531 
60.1 100 100 100 100 100 99.5531 
60.2 100 100 100 100 100 99.5978 
60.3 100 100 100 100 100 99.6201 
60.4 100 100 100 100 100 99.6201 
60.5 100 100 100 100 100 99.6201 
60.6 100 100 100 100 100 99.6425 
60.7 100 100 100 100 100 99.6425 
60.8 100 100 100 100 100 99.6425 
60.9 100 100 100 100 100 99.6425 
61 100 100 100 100 100 99.6425 
61.1 100 100 100 100 100 99.6425 
61.2 100 100 100 100 100 99.6872 
61.3 100 100 100 100 100 99.6872 
61.4 100 100 100 100 100 99.6872 
61.5 100 100 100 100 100 99.6872 
61.6 100 100 100 100 100 99.6872 
61.7 100 100 100 100 100 99.7095 
61.8 100 100 100 100 100 99.7095 
61.9 100 100 100 100 100 99.7095 
62 100 100 100 100 100 99.7318 
62.1 100 100 100 100 100 99.7318 
62.2 100 100 100 100 100 99.7318 
62.3 100 100 100 100 100 99.7318 
62.4 100 100 100 100 100 99.7542 
62.5 100 100 100 100 100 99.7542 
62.6 100 100 100 100 100 99.7542 
62.7 100 100 100 100 100 99.7765 
62.8 100 100 100 100 100 99.7765 
62.9 100 100 100 100 100 99.7765 
63 100 100 100 100 100 99.7765 
63.1 100 100 100 100 100 99.7765 
63.2 100 100 100 100 100 99.8212 
63.3 100 100 100 100 100 99.8436 
63.4 100 100 100 100 100 99.8883 
63.5 100 100 100 100 100 99.8883 
63.6 100 100 100 100 100 99.8883 
63.7 100 100 100 100 100 99.8883 
63.8 100 100 100 100 100 99.8883 
63.9 100 100 100 100 100 99.8883 
64 100 100 100 100 100 99.8883 
64.1 100 100 100 100 100 99.8883 
64.2 100 100 100 100 100 99.8883 
64.3 100 100 100 100 100 99.8883 
64.4 100 100 100 100 100 99.8883 
64.5 100 100 100 100 100 99.8883 
64.6 100 100 100 100 100 99.8883 
64.7 100 100 100 100 100 99.8883 
64.8 100 100 100 100 100 99.8883 
64.9 100 100 100 100 100 99.8883 
65 100 100 100 100 100 99.8883 
65.1 100 100 100 100 100 99.8883 
65.2 100 100 100 100 100 99.8883 
65.3 100 100 100 100 100 99.8883 
65.4 100 100 100 100 100 99.9106 
65.5 100 100 100 100 100 99.9106 
65.6 100 100 100 100 100 99.9106 
65.7 100 100 100 100 100 99.9106 
65.8 100 100 100 100 100 99.9106 
65.9 100 100 100 100 100 99.9106 
66 100 100 100 100 100 99.9106 
66.1 100 100 100 100 100 99.9106 
66.2 100 100 100 100 100 99.9106 
66.3 100 100 100 100 100 99.9106 
66.4 100 100 100 100 100 99.9106 
66.5 100 100 100 100 100 99.9106 
66.6 100 100 100 100 100 99.9106 
66.7 100 100 100 100 100 99.9106 
66.8 100 100 100 100 100 99.9106 
66.9 100 100 100 100 100 99.9106 
67 100 100 100 100 100 99.9106 
67.1 100 100 100 100 100 99.9106 
67.2 100 100 100 100 100 99.9106 
67.3 100 100 100 100 100 99.9106 
67.4 100 100 100 100 100 99.9106 
67.5 100 100 100 100 100 99.9106 
67.6 100 100 100 100 100 99.9106 
67.7 100 100 100 100 100 99.9106 
67.8 100 100 100 100 100 99.9106 
67.9 100 100 100 100 100 99.9106 
68 100 100 100 100 100 99.9106 
68.1 100 100 100 100 100 99.9106 
68.2 100 100 100 100 100 99.9106 
68.3 100 100 100 100 100 99.933 
68.4 100 100 100 100 100 99.933 
68.5 100 100 100 100 100 99.9553 
68.6 100 100 100 100 100 99.9553 
68.7 100 100 100 100 100 99.9553 
68.8 100 100 100 100 100 99.9553 
68.9 100 100 100 100 100 99.9553 
69 100 100 100 100 100 100 
69.1 100 100 100 100 100 100 
69.2 100 100 100 100 100 100 
69.3 100 100 100 100 100 100 
69.4 100 100 100 100 100 100 
69.5 100 100 100 100 100 100 
69.6 100 100 100 100 100 100 
69.7 100 100 100 100 100 100 
69.8 100 100 100 100 100 100 
69.9 100 100 100 100 100 100 
70 100 100 100 100 100 100 
70.1 100 100 100 100 100 100 
70.2 100 100 100 100 100 100 
70.3 100 100 100 100 100 100 
70.4 100 100 100 100 100 100 
70.5 100 100 100 100 100 100 
70.6 100 100 100 100 100 100 
70.7 100 100 100 100 100 100 
70.8 100 100 100 100 100 100 
70.9 100 100 100 100 100 100 
71 100 100 100 100 100 100 
71.1 100 100 100 100 100 100 
71.2 100 100 100 100 100 100 
71.3 100 100 100 100 100 100 
71.4 100 100 100 100 100 100 
71.5 100 100 100 100 100 100 
71.6 100 100 100 100 100 100 
71.7 100 100 100 100 100 100 
71.8 100 100 100 100 100 100 
71.9 100 100 100 100 100 100 
72 100 100 100 100 100 100 
72.1 100 100 100 100 100 100 
72.2 100 100 100 100 100 100 
72.3 100 100 100 100 100 100 
72.4 100 100 100 100 100 100 
72.5 100 100 100 100 100 100 
72.6 100 100 100 100 100 100 
72.7 100 100 100 100 100 100 
72.8 100 100 100 100 100 100 
72.9 100 100 100 100 100 100 
73 100 100 100 100 100 100 
73.1 100 100 100 100 100 100 
73.2 100 100 100 100 100 100 
73.3 100 100 100 100 100 100 
73.4 100 100 100 100 100 100 
73.5 100 100 100 100 100 100 
73.6 100 100 100 100 100 100 
73.7 100 100 100 100 100 100 
73.8 100 100 100 100 100 100 
73.9 100 100 100 100 100 100 
74 100 100 100 100 100 100 
74.1 100 100 100 100 100 100 
74.2 100 100 100 100 100 100 
74.3 100 100 100 100 100 100 
74.4 100 100 100 100 100 100 
74.5 100 100 100 100 100 100 
74.6 100 100 100 100 100 100 
74.7 100 100 100 100 100 100 
74.8 100 100 100 100 100 100 
74.9 100 100 100 100 100 100 
75 100 100 100 100 100 100 
75.1 100 100 100 100 100 100 
75.2 100 100 100 100 100 100 
75.3 100 100 100 100 100 100 
75.4 100 100 100 100 100 100 
75.5 100 100 100 100 100 100 
75.6 100 100 100 100 100 100 
75.7 100 100 100 100 100 100 
75.8 100 100 100 100 100 100 
75.9 100 100 100 100 100 100 
76 100 100 100 100 100 100 
76.1 100 100 100 100 100 100 
76.2 100 100 100 100 100 100 
76.3 100 100 100 100 100 100 
76.4 100 100 100 100 100 100 
76.5 100 100 100 100 100 100 
76.6 100 100 100 100 100 100 
76.7 100 100 100 100 100 100 
76.8 100 100 100 100 100 100 
76.9 100 100 100 100 100 100 
77 100 100 100 100 100 100 
77.1 100 100 100 100 100 100 
77.2 100 100 100 100 100 100 
77.3 100 100 100 100 100 100 
77.4 100 100 100 100 100 100 
77.5 100 100 100 100 100 100 
77.6 100 100 100 100 100 100 
77.7 100 100 100 100 100 100 
77.8 100 100 100 100 100 100 
77.9 100 100 100 100 100 100 
78 100 100 100 100 100 100 
78.1 100 100 100 100 100 100 
78.2 100 100 100 100 100 100 
78.3 100 100 100 100 100 100 
78.4 100 100 100 100 100 100 
78.5 100 100 100 100 100 100 
78.6 100 100 100 100 100 100 
78.7 100 100 100 100 100 100 
78.8 100 100 100 100 100 100 
78.9 100 100 100 100 100 100 
79 100 100 100 100 100 100 
79.1 100 100 100 100 100 100 
79.2 100 100 100 100 100 100 
79.3 100 100 100 100 100 100 
79.4 100 100 100 100 100 100 
79.5 100 100 100 100 100 100 
79.6 100 100 100 100 100 100 
79.7 100 100 100 100 100 100 
79.8 100 100 100 100 100 100 
79.9 100 100 100 100 100 100 
80 100 100 100 100 100 100 
80.1 100 100 100 100 100 100 
80.2 100 100 100 100 100 100 
80.3 100 100 100 100 100 100 
80.4 100 100 100 100 100 100 
80.5 100 100 100 100 100 100 
80.6 100 100 100 100 100 100 
80.7 100 100 100 100 100 100 
80.8 100 100 100 100 100 100 
80.9 100 100 100 100 100 100 
81 100 100 100 100 100 100 
81.1 100 100 100 100 100 100 
81.2 100 100 100 100 100 100 
81.3 100 100 100 100 100 100 
81.4 100 100 100 100 100 100 
81.5 100 100 100 100 100 100 
81.6 100 100 100 100 100 100 
81.7 100 100 100 100 100 100 
81.8 100 100 100 100 100 100 
81.9 100 100 100 100 100 100 
82 100 100 100 100 100 100 
82.1 100 100 100 100 100 100 
82.2 100 100 100 100 100 100 
82.3 100 100 100 100 100 100 
82.4 100 100 100 100 100 100 
82.5 100 100 100 100 100 100 
82.6 100 100 100 100 100 100 
82.7 100 100 100 100 100 100 
82.8 100 100 100 100 100 100 
82.9 100 100 100 100 100 100 
83 100 100 100 100 100 100 
83.1 100 100 100 100 100 100 
83.2 100 100 100 100 100 100 
83.3 100 100 100 100 100 100 
83.4 100 100 100 100 100 100 
83.5 100 100 100 100 100 100 
83.6 100 100 100 100 100 100 
83.7 100 100 100 100 100 100 
83.8 100 100 100 100 100 100 
83.9 100 100 100 100 100 100 
84 100 100 100 100 100 100 
84.1 100 100 100 100 100 100 
84.2 100 100 100 100 100 100 
84.3 100 100 100 100 100 100 
84.4 100 100 100 100 100 100 
84.5 100 100 100 100 100 100 
84.6 100 100 100 100 100 100 
84.7 100 100 100 100 100 100 
84.8 100 100 100 100 100 100 
84.9 100 100 100 100 100 100 
85 100 100 100 100 100 100 
85.1 100 100 100 100 100 100 
85.2 100 100 100 100 100 100 
85.3 100 100 100 100 100 100 
85.4 100 100 100 100 100 100 
85.5 100 100 100 100 100 100 
85.6 100 100 100 100 100 100 
85.7 100 100 100 100 100 100 
85.8 100 100 100 100 100 100 
85.9 100 100 100 100 100 100 
86 100 100 100 100 100 100 
86.1 100 100 100 100 100 100 
86.2 100 100 100 100 100 100 
86.3 100 100 100 100 100 100 
86.4 100 100 100 100 100 100 
86.5 100 100 100 100 100 100 
86.6 100 100 100 100 100 100 
86.7 100 100 100 100 100 100 
86.8 100 100 100 100 100 100 
86.9 100 100 100 100 100 100 
87 100 100 100 100 100 100 
87.1 100 100 100 100 100 100 
87.2 100 100 100 100 100 100 
87.3 100 100 100 100 100 100 
87.4 100 100 100 100 100 100 
87.5 100 100 100 100 100 100 
87.6 100 100 100 100 100 100 
87.7 100 100 100 100 100 100 
87.8 100 100 100 100 100 100 
87.9 100 100 100 100 100 100 
88 100 100 100 100 100 100 
88.1 100 100 100 100 100 100 
88.2 100 100 100 100 100 100 
88.3 100 100 100 100 100 100 
88.4 100 100 100 100 100 100 
88.5 100 100 100 100 100 100 
88.6 100 100 100 100 100 100 
88.7 100 100 100 100 100 100 
88.8 100 100 100 100 100 100 
88.9 100 100 100 100 100 100 
89 100 100 100 100 100 100 
89.1 100 100 100 100 100 100 
89.2 100 100 100 100 100 100 
89.3 100 100 100 100 100 100 
89.4 100 100 100 100 100 100 
89.5 100 100 100 100 100 100 
89.6 100 100 100 100 100 100 
89.7 100 100 100 100 100 100 
89.8 100 100 100 100 100 100 
89.9 100 100 100 100 100 100 
90 100 100 100 100 100 100 
90.1 100 100 100 100 100 100 
90.2 100 100 100 100 100 100 
90.3 100 100 100 100 100 100 
90.4 100 100 100 100 100 100 
90.5 100 100 100 100 100 100 
90.6 100 100 100 100 100 100 
90.7 100 100 100 100 100 100 
90.8 100 100 100 100 100 100 
90.9 100 100 100 100 100 100 
91 100 100 100 100 100 100 
91.1 100 100 100 100 100 100 
91.2 100 100 100 100 100 100 
91.3 100 100 100 100 100 100 
91.4 100 100 100 100 100 100 
91.5 100 100 100 100 100 100 
91.6 100 100 100 100 100 100 
91.7 100 100 100 100 100 100 
91.8 100 100 100 100 100 100 
91.9 100 100 100 100 100 100 
92 100 100 100 100 100 100 
92.1 100 100 100 100 100 100 
92.2 100 100 100 100 100 100 
92.3 100 100 100 100 100 100 
92.4 100 100 100 100 100 100 
92.5 100 100 100 100 100 100 
92.6 100 100 100 100 100 100 
92.7 100 100 100 100 100 100 
92.8 100 100 100 100 100 100 
92.9 100 100 100 100 100 100 
93 100 100 100 100 100 100 
93.1 100 100 100 100 100 100 
93.2 100 100 100 100 100 100 
93.3 100 100 100 100 100 100 
93.4 100 100 100 100 100 100 
93.5 100 100 100 100 100 100 
93.6 100 100 100 100 100 100 
93.7 100 100 100 100 100 100 
93.8 100 100 100 100 100 100 
93.9 100 100 100 100 100 100 
94 100 100 100 100 100 100 
94.1 100 100 100 100 100 100 
94.2 100 100 100 100 100 100 
94.3 100 100 100 100 100 100 
94.4 100 100 100 100 100 100 
94.5 100 100 100 100 100 100 
94.6 100 100 100 100 100 100 
94.7 100 100 100 100 100 100 
94.8 100 100 100 100 100 100 
94.9 100 100 100 100 100 100 
95 100 100 100 100 100 100 
95.1 100 100 100 100 100 100 
95.2 100 100 100 100 100 100 
95.3 100 100 100 100 100 100 
95.4 100 100 100 100 100 100 
95.5 100 100 100 100 100 100 
95.6 100 100 100 100 100 100 
95.7 100 100 100 100 100 100 
95.8 100 100 100 100 100 100 
95.9 100 100 100 100 100 100 
96 100 100 100 100 100 100 
96.1 100 100 100 100 100 100 
96.2 100 100 100 100 100 100 
96.3 100 100 100 100 100 100 
96.4 100 100 100 100 100 100 
96.5 100 100 100 100 100 100 
96.6 100 100 100 100 100 100 
96.7 100 100 100 100 100 100 
96.8 100 100 100 100 100 100 
96.9 100 100 100 100 100 100 
97 100 100 100 100 100 100 
97.1 100 100 100 100 100 100 
97.2 100 100 100 100 100 100 
97.3 100 100 100 100 100 100 
97.4 100 100 100 100 100 100 
97.5 100 100 100 100 100 100 
97.6 100 100 100 100 100 100 
97.7 100 100 100 100 100 100 
97.8 100 100 100 100 100 100 
97.9 100 100 100 100 100 100 
98 100 100 100 100 100 100 
98.1 100 100 100 100 100 100 
98.2 100 100 100 100 100 100 
98.3 100 100 100 100 100 100 
98.4 100 100 100 100 100 100 
98.5 100 100 100 100 100 100 
98.6 100 100 100 100 100 100 
98.7 100 100 100 100 100 100 
98.8 100 100 100 100 100 100 
98.9 100 100 100 100 100 100 
99 100 100 100 100 100 100 
99.1 100 100 100 100 100 100 
99.2 100 100 100 100 100 100 
99.3 100 100 100 100 100 100 
99.4 100 100 100 100 100 100 
99.5 100 100 100 100 100 100 
99.6 100 100 100 100 100 100 
99.7 100 100 100 100 100 100 
99.8 100 100 100 100 100 100 
99.9 100 100 100 100 100 100 
100 100 100 100 100 100 100 
