0.1 90 50 0 -50 -100 -150
0.2 90.9497 51.0056 1.00559 -48.9944 -98.9944 -148.994
0.3 91.7877 51.9553 2.01117 -47.9888 -97.9888 -147.989
0.4 92.5698 52.905 3.01676 -46.9832 -96.9832 -146.983
0.5 93.0726 53.743 3.96648 -45.9777 -95.9777 -145.978
0.6 93.352 54.6927 4.97207 -44.9721 -94.9721 -144.972
0.7 93.8547 55.5866 5.92179 -43.9665 -93.9665 -143.966
0.8 94.3575 56.3687 6.81564 -42.9609 -92.9609 -142.961
0.9 94.581 57.095 7.65363 -42.0112 -91.9553 -141.955
1 94.9162 57.8212 8.49162 -41.1173 -91.0615 -141.006
1.1 95.3631 58.6592 9.38547 -40.1676 -90.1117 -140.056
1.2 95.5307 59.2737 10.0559 -39.2737 -89.2179 -139.106
1.3 95.8101 59.8883 10.9497 -38.324 -88.2123 -138.101
1.4 96.1453 60.6145 11.8436 -37.4302 -87.3184 -137.095
1.5 96.257 61.2849 12.7374 -36.4246 -86.3128 -136.089
1.6 96.3128 61.8994 13.6313 -35.419 -85.3073 -135.084
1.7 96.4804 62.5698 14.581 -34.4693 -84.3575 -134.078
1.8 96.648 63.1844 15.3631 -33.5196 -83.352 -133.073
1.9 96.8156 63.8547 16.2011 -32.5698 -82.3464 -132.067
2 96.9832 64.3017 16.9274 -31.7318 -81.5084 -131.117
2.1 97.1508 65.0279 17.7095 -30.838 -80.6145 -130.168
2.2 97.2626 65.7542 18.5475 -29.9441 -79.7207 -129.218
2.3 97.4302 66.257 19.3855 -28.9385 -78.7151 -128.212
2.4 97.5419 66.7598 20.1117 -28.0447 -77.8212 -127.207
2.5 97.8212 67.3743 21.0056 -27.095 -76.8715 -126.257
2.6 97.8771 67.9888 21.7877 -26.2011 -75.8659 -125.251
2.7 98.0447 68.5475 22.514 -25.419 -74.9721 -124.302
2.8 98.3799 69.3296 23.4078 -24.5251 -74.0223 -123.296
2.9 98.5475 70 24.3017 -23.5754 -73.0168 -122.291
3 98.6592 70.5028 25.0838 -22.7933 -72.1229 -121.285
3.1 98.7709 71.0615 25.6983 -22.067 -71.2291 -120.335
3.2 98.8827 71.3966 26.2011 -21.3408 -70.3911 -119.441
3.3 98.9944 71.9553 26.8715 -20.6145 -69.6089 -118.659
3.4 99.1061 72.4022 27.486 -19.8883 -68.7151 -117.709
3.5 99.2737 72.905 28.324 -18.8827 -67.7095 -116.704
3.6 99.2737 73.4637 28.9944 -18.1006 -66.8715 -115.754
3.7 99.2737 73.8547 29.4972 -17.4302 -66.1453 -114.86
3.8 99.2737 74.1899 30.1676 -16.648 -65.3073 -113.911
3.9 99.3296 74.6927 30.8939 -15.8659 -64.5251 -113.017
4 99.4413 75.2514 31.6201 -15.0279 -63.5196 -112.011
4.1 99.4413 75.4749 32.2905 -14.3017 -62.6257 -111.061
4.2 99.4413 75.9218 32.9609 -13.4637 -61.676 -110.112
4.3 99.4413 76.0894 33.4637 -12.8492 -60.8939 -109.218
4.4 99.4413 76.4246 34.0223 -12.2346 -60.1117 -108.324
4.5 99.4972 76.5363 34.4134 -11.676 -59.3296 -107.43
4.6 99.4972 77.095 35.0838 -10.838 -58.3799 -106.425
4.7 99.4972 77.5978 35.9218 -9.88827 -57.4302 -105.419
4.8 99.4972 77.8212 36.3687 -9.27374 -56.7039 -104.525
4.9 99.4972 78.2123 37.095 -8.49162 -55.6983 -103.52
5 99.4972 78.6034 37.7095 -7.76536 -54.8603 -102.626
5.1 99.4972 78.8268 38.1564 -7.2067 -54.0223 -101.788
5.2 99.4972 79.162 38.7709 -6.53631 -53.2402 -101.006
5.3 99.4972 79.4972 39.4413 -5.86592 -52.514 -100.223
5.4 99.4972 80 40.1117 -5.0838 -51.676 -99.3296
5.5 99.4972 80.2793 40.7263 -4.30168 -50.7263 -98.324
5.6 99.4972 80.7821 41.2849 -3.63128 -49.9441 -97.4302
5.7 99.4972 81.3966 42.1229 -2.68156 -48.9944 -96.4804
5.8 99.4972 81.5642 42.514 -2.01117 -48.2123 -95.5307
5.9 99.5531 81.9553 43.0168 -1.28492 -47.3743 -94.6369
6 99.5531 82.2346 43.5196 -0.502793 -46.5922 -93.743
6.1 99.5531 82.2905 43.8547 0.111732 -45.9218 -92.9609
6.2 99.6089 82.4022 44.3575 0.670391 -45.2514 -92.1229
6.3 99.6089 82.7374 44.8603 1.45251 -44.4134 -91.2291
6.4 99.6089 83.0726 45.6425 2.34637 -43.4637 -90.2793
6.5 99.6089 83.5196 46.3687 3.07263 -42.5698 -89.3855
6.6 99.6089 83.6313 47.095 3.96648 -41.5642 -88.3799
6.7 99.6648 83.7989 47.7654 4.7486 -40.6704 -87.3743
6.8 99.6648 84.1899 48.3799 5.41899 -39.8883 -86.4804
6.9 99.6648 84.6369 48.9944 6.20112 -38.9385 -85.4749
7 99.6648 84.8603 49.3855 6.92737 -38.1006 -84.581
7.1 99.6648 84.9721 49.6648 7.48603 -37.4302 -83.8547
7.2 99.7207 85.3631 50.0559 8.04469 -36.7598 -83.1844
7.3 99.7207 85.4749 50.3911 8.43575 -36.3128 -82.6816
7.4 99.7207 85.6983 50.838 9.10615 -35.5307 -81.7318
7.5 99.7207 86.0335 51.3966 10 -34.581 -80.7821
7.6 99.7207 86.4246 52.0112 10.6704 -33.7989 -79.9441
7.7 99.7207 86.8156 52.6816 11.5084 -32.9609 -79.0503
7.8 99.7207 87.0391 53.352 12.3464 -32.0112 -78.0447
7.9 99.7207 87.3184 54.0782 13.1285 -31.1173 -77.1508
8 99.7207 87.5978 54.6369 13.7989 -30.2235 -76.2011
8.1 99.7207 88.0447 55.3073 14.581 -29.3296 -75.3073
8.2 99.7207 88.2682 55.7542 15.1955 -28.7151 -74.4693
8.3 99.7207 88.5475 56.257 15.8659 -27.8771 -73.5754
8.4 99.7207 88.8827 56.9274 16.7598 -26.9832 -72.6816
8.5 99.7207 89.0503 57.3184 17.5419 -26.2011 -71.8994
8.6 99.7207 89.2179 57.7654 18.1564 -25.3631 -71.0056
8.7 99.7207 89.2737 58.1006 18.7709 -24.6369 -70.2235
8.8 99.7207 89.4972 58.6592 19.4413 -23.8547 -69.3296
8.9 99.7207 89.6089 59.1061 19.8883 -23.352 -68.8268
9 99.7765 89.8324 59.7207 20.6145 -22.4581 -67.8771
9.1 99.7765 90 60.2793 21.3408 -21.676 -67.0391
9.2 99.7765 90.2235 60.838 22.0112 -20.8939 -66.2011
9.3 99.7765 90.5028 61.2849 22.5698 -20.1676 -65.3631
9.4 99.7765 90.7263 61.7877 23.2402 -19.4413 -64.581
9.5 99.7765 91.0056 62.2905 23.9665 -18.6592 -63.7989
9.6 99.7765 91.3408 62.905 24.6927 -17.7654 -62.8492
9.7 99.7765 91.5084 63.4078 25.419 -16.9274 -61.8994
9.8 99.7765 91.5642 63.6872 26.0335 -16.0335 -61.0056
9.9 99.8324 91.8436 64.1899 26.7039 -15.1955 -60.1117
10 99.8324 91.8994 64.3575 27.3743 -14.4134 -59.3296
10.1 99.8324 92.067 64.6927 27.933 -13.743 -58.5475
10.2 99.8324 92.1788 64.9721 28.4916 -12.9609 -57.6536
10.3 99.8324 92.4022 65.419 29.162 -12.1229 -56.8156
10.4 99.8324 92.4581 65.9218 29.6648 -11.5084 -56.0894
10.5 99.8324 92.514 66.257 30.2793 -10.7821 -55.3073
10.6 99.8324 92.6816 66.648 30.7821 -10.1676 -54.3575
10.7 99.8324 92.905 67.095 31.3408 -9.44134 -53.6313
10.8 99.8324 92.9609 67.3184 31.7318 -8.71508 -52.7374
10.9 99.8324 93.0168 67.5419 31.9553 -8.32402 -52.2905
11 99.8324 93.0168 67.5419 31.9553 -8.26816 -52.2346
11.1 99.8324 93.1285 68.0447 32.6816 -7.3743 -51.2849
11.2 99.8883 93.4078 68.5475 33.4078 -6.48045 -50.3352
11.3 99.8883 93.5754 68.9944 33.9665 -5.81006 -49.4972
11.4 99.8883 93.6872 69.2737 34.5251 -5.13966 -48.7151
11.5 99.8883 93.743 69.6648 35.1397 -4.30168 -47.8212
11.6 99.8883 93.7989 70.2235 35.9218 -3.51955 -46.9832
11.7 99.9441 93.8547 70.5028 36.3687 -2.96089 -46.257
11.8 99.9441 94.0223 70.838 36.8156 -2.34637 -45.4749
11.9 99.9441 94.1341 71.2291 37.5419 -1.62011 -44.6927
12 99.9441 94.3017 71.676 38.2123 -0.726257 -43.7989
12.1 99.9441 94.3575 71.7877 38.7151 -0.111732 -43.0726
12.2 99.9441 94.5251 72.2905 39.4413 0.782123 -42.1788
12.3 99.9441 94.6927 72.7374 40.1117 1.62011 -41.2849
12.4 99.9441 94.8045 73.1844 40.7263 2.34637 -40.3911
12.5 99.9441 94.8603 73.4078 41.2291 3.01676 -39.5531
12.6 99.9441 95.0279 73.9106 41.7877 3.85475 -38.6034
12.7 99.9441 95.1397 74.3017 42.3464 4.63687 -37.8212
12.8 99.9441 95.1955 74.6369 42.9609 5.36313 -37.095
12.9 99.9441 95.2514 74.9721 43.352 5.92179 -36.5363
13 99.9441 95.2514 75.2514 43.7989 6.53631 -35.8659
13.1 99.9441 95.3073 75.5866 44.1899 6.98324 -35.1955
13.2 99.9441 95.3073 75.9777 44.8045 7.65363 -34.3575
13.3 99.9441 95.419 76.3687 45.419 8.37989 -33.5754
13.4 99.9441 95.5866 76.8156 45.9777 8.99441 -32.9609
13.5 99.9441 95.8101 77.2067 46.5922 9.72067 -32.2346
13.6 99.9441 95.8659 77.486 47.1508 10.3352 -31.5642
13.7 99.9441 96.0335 77.933 47.7654 11.0615 -30.7821
13.8 99.9441 96.2011 78.4358 48.324 11.8994 -29.8883
13.9 99.9441 96.2011 78.6034 48.7151 12.4022 -29.2179
14 99.9441 96.2011 78.6034 48.7151 12.4022 -29.2179
14.1 99.9441 96.2011 78.7151 49.162 12.8492 -28.7151
14.2 99.9441 96.257 78.9385 49.6089 13.4637 -27.8212
14.3 99.9441 96.257 79.1061 50.0559 14.0782 -27.095
14.4 99.9441 96.3128 79.3296 50.4469 14.6927 -26.3687
14.5 100 96.4804 79.5531 50.7263 15.2514 -25.6425
14.6 100 96.5363 79.7765 51.2291 15.9218 -24.8603
14.7 100 96.648 79.8883 51.5642 16.3687 -24.3575
14.8 100 96.648 80.1117 52.2346 17.0391 -23.5196
14.9 100 96.7039 80.3911 52.7374 17.8212 -22.7374
15 100 96.8156 80.8939 53.4637 18.7151 -21.8436
15.1 100 96.8156 81.0056 53.8547 19.2737 -21.2291
15.2 100 96.9274 81.2849 54.3575 19.8324 -20.5028
15.3 100 97.0391 81.7877 55.0279 20.5587 -19.7207
15.4 100 97.0391 81.8994 55.1955 20.9497 -19.2179
15.5 100 97.0391 82.2346 55.8101 21.6201 -18.3799
15.6 100 97.1508 82.514 56.4246 22.4022 -17.5419
15.7 100 97.1508 82.7374 56.8715 23.1285 -16.7039
15.8 100 97.3184 82.9609 57.2626 23.743 -15.9777
15.9 100 97.3184 83.1285 57.6536 24.4693 -15.2514
16 100 97.3743 83.4078 58.2123 25.3073 -14.3575
16.1 100 97.4302 83.6872 58.7151 26.0335 -13.4078
16.2 100 97.4302 83.7989 59.162 26.5922 -12.7374
16.3 100 97.4302 84.0782 59.6089 27.3184 -11.8994
16.4 100 97.486 84.4693 60.1676 27.9888 -11.2291
16.5 100 97.486 84.6369 60.6704 28.6034 -10.5028
16.6 100 97.486 84.6927 60.9497 29.0503 -9.88827
16.7 100 97.5978 84.8603 61.3408 29.6648 -9.16201
16.8 100 97.6536 85.1955 61.8436 30.3911 -8.32402
16.9 100 97.6536 85.3073 62.1229 30.9497 -7.65363
17 100 97.7095 85.5866 62.6257 31.6201 -6.81564
17.1 100 97.7654 85.8101 63.0168 32.1229 -6.20112
17.2 100 97.8212 85.9218 63.352 32.6257 -5.47486
17.3 100 97.8212 86.1453 63.9106 33.352 -4.7486
17.4 100 97.8771 86.3687 64.2458 33.7989 -4.13408
17.5 100 97.933 86.5922 64.6927 34.4134 -3.40782
17.6 100 97.933 86.8156 65.3073 35.0838 -2.73743
17.7 100 98.0447 86.9832 65.8101 35.6983 -1.95531
17.8 100 98.0447 87.2067 66.1453 36.1453 -1.39665
17.9 100 98.1006 87.3184 66.4246 36.648 -0.726257
18 100 98.1564 87.4302 66.648 37.0391 -0.111732
18.1 100 98.1564 87.5978 67.1508 37.7095 0.614525
18.2 100 98.1564 87.6536 67.3184 37.933 1.00559
18.3 100 98.1564 87.6536 67.3184 37.933 1.06145
18.4 100 98.1564 87.6536 67.3184 37.933 1.06145
18.5 100 98.1564 87.7095 67.3743 37.9888 1.11732
18.6 100 98.2123 87.933 67.7095 38.6034 1.89944
18.7 100 98.2682 88.0447 67.9888 39.1061 2.51397
18.8 100 98.3799 88.2123 68.4916 39.8324 3.35196
18.9 100 98.3799 88.3799 68.8827 40.2235 4.02235
19 100 98.3799 88.6034 69.2179 40.7263 4.7486
19.1 100 98.4358 88.7151 69.5531 41.2291 5.30726
19.2 100 98.4358 88.9385 69.8883 41.7318 5.86592
19.3 100 98.4916 89.1061 70.4469 42.4022 6.70391
19.4 100 98.4916 89.2179 70.7263 43.0168 7.3743
19.5 100 98.5475 89.3296 71.0056 43.4637 7.98883
19.6 100 98.6592 89.5531 71.3966 44.1341 8.88268
19.7 100 98.6592 89.6089 71.676 44.581 9.55307
19.8 100 98.7151 89.8883 72.067 45.1397 10.2235
19.9 100 98.7151 90.1117 72.4581 45.7542 10.9497
20 100 98.7151 90.1676 72.7933 46.3687 11.7318
20.1 100 98.7151 90.2793 73.352 47.095 12.514
20.2 100 98.7151 90.3911 73.743 47.6536 13.2402
20.3 100 98.7151 90.5028 74.0782 48.0447 13.743
20.4 100 98.7151 90.6704 74.3575 48.5475 14.3575
20.5 100 98.7709 90.838 74.581 48.9385 14.9721
20.6 100 98.7709 90.8939 74.8603 49.4413 15.5307
20.7 100 98.7709 90.8939 74.9721 49.8324 16.0894
20.8 100 98.8268 91.1732 75.4749 50.5028 16.8156
20.9 100 98.8268 91.3408 75.7542 50.9497 17.4302
21 100 98.8268 91.5084 76.0894 51.3966 18.1006
21.1 100 98.8268 91.7877 76.4804 52.0112 18.7151
21.2 100 98.8268 91.7877 76.5363 52.3464 19.162
21.3 100 98.8827 92.067 76.9274 52.8492 19.7765
21.4 100 98.8827 92.1229 76.9832 53.1285 20.1676
21.5 100 98.8827 92.1229 77.1508 53.4637 20.5587
21.6 100 98.8827 92.2346 77.4302 53.9665 21.2291
21.7 100 98.8827 92.3464 77.7095 54.4134 21.8436
21.8 100 98.9385 92.4581 77.933 54.7486 22.2346
21.9 100 98.9385 92.4581 78.2123 55.1955 22.7374
22 100 99.0503 92.6816 78.6034 55.6425 23.4078
22.1 100 99.0503 92.7933 78.7151 55.9777 23.9106
22.2 100 99.0503 92.7933 78.9385 56.4246 24.5251
22.3 100 99.0503 92.8492 79.0503 56.5922 24.9162
22.4 100 99.0503 92.8492 79.2179 56.9274 25.3631
22.5 100 99.0503 92.9609 79.4413 57.3743 25.8659
22.6 100 99.0503 93.1285 79.8324 57.933 26.4804
22.7 100 99.0503 93.2402 80.2793 58.4916 27.1508
22.8 100 99.0503 93.2402 80.5028 58.8827 27.5978
22.9 100 99.0503 93.2961 80.7263 59.3296 28.1564
23 100 99.0503 93.4637 80.9497 59.6648 28.7151
23.1 100 99.0503 93.6313 81.3408 60.3352 29.3855
23.2 100 99.1061 93.6872 81.4525 60.5587 29.8324
23.3 100 99.1061 93.7989 81.676 60.8939 30.3352
23.4 100 99.1061 93.9665 82.0112 61.3408 30.9497
23.5 100 99.2179 94.2458 82.4581 61.8436 31.676
23.6 100 99.2179 94.3017 82.7374 62.2905 32.2905
23.7 100 99.2179 94.4134 83.0726 62.7374 32.8492
23.8 100 99.2737 94.581 83.352 63.1285 33.2402
23.9 100 99.2737 94.581 83.4637 63.4637 33.6313
24 100 99.2737 94.581 83.6872 63.6872 34.0223
24.1 100 99.2737 94.6927 83.9106 64.0223 34.5251
24.2 100 99.2737 94.6927 84.0782 64.3575 34.9721
24.3 100 99.3296 94.7486 84.2458 64.8045 35.5866
24.4 100 99.3296 94.8045 84.3575 65.1397 35.9777
24.5 100 99.3855 94.8603 84.4693 65.4749 36.3687
24.6 100 99.3855 94.8603 84.5251 65.6983 36.7039
24.7 100 99.3855 94.8603 84.581 65.8101 36.8715
24.8 100 99.3855 94.9721 84.8603 66.1453 37.3743
24.9 100 99.3855 95.1397 85.0838 66.5922 37.8212
25 100 99.3855 95.1955 85.1397 66.8715 38.2682
25.1 100 99.4413 95.2514 85.3631 67.095 38.8268
25.2 100 99.4413 95.3631 85.5866 67.3743 39.162
25.3 100 99.4413 95.419 85.8101 67.8212 39.6648
25.4 100 99.4413 95.419 85.8101 68.1006 40.1117
25.5 100 99.4413 95.5866 86.0335 68.4916 40.5587
25.6 100 99.4972 95.6983 86.3687 68.8268 41.0615
25.7 100 99.4972 95.7542 86.4246 68.9944 41.2291
25.8 100 99.4972 95.7542 86.4246 68.9944 41.2291
25.9 100 99.4972 95.7542 86.4246 68.9944 41.2291
26 100 99.4972 95.7542 86.4246 68.9944 41.2291
26.1 100 99.4972 95.7542 86.4246 68.9944 41.2291
26.2 100 99.4972 95.7542 86.4246 68.9944 41.2291
26.3 100 99.4972 95.7542 86.4246 68.9944 41.2291
26.4 100 99.4972 95.7542 86.5363 69.162 41.5084
26.5 100 99.4972 95.8101 86.7039 69.3855 41.8994
26.6 100 99.4972 95.8659 86.8715 69.6089 42.2905
26.7 100 99.5531 95.9218 87.1508 70 42.7374
26.8 100 99.5531 95.9777 87.2626 70.2793 43.0168
26.9 100 99.5531 95.9777 87.5978 70.7821 43.6872
27 100 99.5531 96.0894 87.8771 71.2291 44.1341
27.1 100 99.6089 96.1453 88.1006 71.6201 44.6927
27.2 100 99.6089 96.2011 88.3799 72.1788 45.419
27.3 100 99.6089 96.257 88.6034 72.514 45.8101
27.4 100 99.6089 96.3128 88.8268 72.9609 46.3687
27.5 100 99.6089 96.3687 88.8827 73.1844 46.5922
27.6 100 99.6089 96.4804 89.0503 73.5754 47.095
27.7 100 99.6089 96.4804 89.162 73.9106 47.4302
27.8 100 99.6089 96.648 89.4413 74.3017 47.8771
27.9 100 99.6089 96.648 89.5531 74.4693 48.1564
28 100 99.6648 96.7598 89.7207 74.8045 48.6592
28.1 100 99.6648 96.8156 89.9441 75.1397 49.0503
28.2 100 99.6648 96.8156 90 75.3073 49.3296
28.3 100 99.6648 96.9274 90.1676 75.5307 49.6648
28.4 100 99.6648 96.9274 90.5587 76.0894 50.2235
28.5 100 99.6648 96.9832 90.7821 76.5922 50.838
28.6 100 99.6648 96.9832 90.8939 76.8156 51.2849
28.7 100 99.6648 97.095 91.0615 77.0391 51.676
28.8 100 99.6648 97.095 91.2291 77.3743 52.0112
28.9 100 99.6648 97.095 91.2849 77.5419 52.2905
29 100 99.6648 97.095 91.3408 77.9888 52.8492
29.1 100 99.6648 97.095 91.3408 78.0447 53.2402
29.2 100 99.7207 97.1508 91.5642 78.324 53.743
29.3 100 99.7207 97.2067 91.7318 78.7151 54.3017
29.4 100 99.7207 97.2067 91.7877 79.1061 54.6927
29.5 100 99.7207 97.2067 91.8994 79.3855 55.0279
29.6 100 99.7765 97.3184 92.2346 79.7765 55.4749
29.7 100 99.8324 97.3743 92.2905 80.1117 55.9218
29.8 100 99.8883 97.5419 92.514 80.3911 56.4246
29.9 100 99.8883 97.5419 92.5698 80.6704 56.7039
30 100 99.8883 97.5419 92.5698 80.7821 56.8715
30.1 100 99.8883 97.5978 92.7933 81.1173 57.3184
30.2 100 99.8883 97.7095 93.0168 81.5642 57.933
30.3 100 99.8883 97.7095 93.1285 81.7318 58.4358
30.4 100 99.8883 97.7654 93.1844 81.8436 58.5475
30.5 100 99.8883 97.8771 93.4637 82.2346 59.0503
30.6 100 99.8883 97.933 93.5196 82.4581 59.3855
30.7 100 99.8883 97.933 93.6313 82.7933 59.7207
30.8 100 99.8883 97.933 93.743 83.0168 60.0559
30.9 100 99.8883 97.933 93.9106 83.4078 60.5587
31 100 99.8883 97.933 93.9665 83.5754 60.8939
31.1 100 99.8883 97.9888 94.1341 83.8547 61.2849
31.2 100 99.8883 97.9888 94.2458 84.1341 61.7318
31.3 100 99.8883 98.1564 94.4693 84.4693 62.067
31.4 100 99.8883 98.2123 94.5251 84.7486 62.4581
31.5 100 99.8883 98.2682 94.6369 85.0838 62.8492
31.6 100 99.8883 98.324 94.7486 85.419 63.2402
31.7 100 99.8883 98.3799 94.9721 85.6983 63.7989
31.8 100 99.8883 98.3799 94.9721 85.7542 64.0223
31.9 100 99.8883 98.4916 95.0838 86.1453 64.5251
32 100 99.8883 98.5475 95.2514 86.4246 64.8603
32.1 100 99.9441 98.6034 95.5307 86.8156 65.3073
32.2 100 99.9441 98.6034 95.6983 87.095 65.6425
32.3 100 99.9441 98.6034 95.7542 87.2626 65.8101
32.4 100 99.9441 98.6034 95.7542 87.2626 65.9218
32.5 100 99.9441 98.6034 95.7542 87.4302 66.3687
32.6 100 99.9441 98.7151 95.9218 87.7095 66.7598
32.7 100 99.9441 98.7709 95.9777 87.933 66.9832
32.8 100 99.9441 98.8268 96.1453 88.1564 67.3743
32.9 100 100 98.8827 96.2011 88.4358 67.7654
33 100 100 98.8827 96.3128 88.7709 68.1564
33.1 100 100 98.9385 96.3687 88.8827 68.6592
33.2 100 100 98.9385 96.3687 89.0503 68.9385
33.3 100 100 99.0503 96.5363 89.2737 69.162
33.4 100 100 99.0503 96.648 89.4413 69.6089
33.5 100 100 99.0503 96.7039 89.6089 69.8324
33.6 100 100 99.0503 96.7598 89.8324 70.2793
33.7 100 100 99.1061 96.9274 90.0559 70.5587
33.8 100 100 99.1061 96.9274 90.2235 71.0615
33.9 100 100 99.1061 96.9832 90.3352 71.1732
34 100 100 99.162 97.0391 90.5028 71.5642
34.1 100 100 99.162 97.095 90.6704 71.7877
34.2 100 100 99.162 97.095 90.8939 72.2905
34.3 100 100 99.2737 97.3184 91.1173 72.6257
34.4 100 100 99.2737 97.3743 91.2849 73.1285
34.5 100 100 99.2737 97.4302 91.3408 73.1844
34.6 100 100 99.3296 97.5419 91.5084 73.5754
34.7 100 100 99.3296 97.5419 91.676 73.8547
34.8 100 100 99.3296 97.5419 91.7877 74.1899
34.9 100 100 99.3855 97.5978 91.9553 74.5251
35 100 100 99.3855 97.5978 92.067 74.6927
35.1 100 100 99.4413 97.6536 92.2905 74.9162
35.2 100 100 99.4413 97.7095 92.4022 75.2514
35.3 100 100 99.4413 97.7654 92.5698 75.7542
35.4 100 100 99.4413 97.8771 92.7374 76.4246
35.5 100 100 99.4413 97.933 92.8492 76.7039
35.6 100 100 99.4972 98.0447 93.0168 77.0391
35.7 100 100 99.4972 98.0447 93.1285 77.1508
35.8 100 100 99.4972 98.1006 93.1844 77.2067
35.9 100 100 99.4972 98.2123 93.4078 77.486
36 100 100 99.4972 98.2682 93.5196 77.7095
36.1 100 100 99.4972 98.2682 93.6872 77.9888
36.2 100 100 99.5531 98.324 93.7989 78.1564
36.3 100 100 99.5531 98.324 93.8547 78.7709
36.4 100 100 99.5531 98.324 93.9106 78.9944
36.5 100 100 99.5531 98.324 94.0223 79.162
36.6 100 100 99.5531 98.324 94.1341 79.3296
36.7 100 100 99.5531 98.3799 94.3575 79.5531
36.8 100 100 99.5531 98.3799 94.4693 79.7207
36.9 100 100 99.6089 98.4358 94.6369 80
37 100 100 99.6089 98.4358 94.6927 80.1676
37.1 100 100 99.6089 98.4358 94.6927 80.2793
37.2 100 100 99.6648 98.4916 94.7486 80.4469
37.3 100 100 99.6648 98.4916 94.8045 80.6145
37.4 100 100 99.6648 98.4916 94.9162 80.7263
37.5 100 100 99.6648 98.4916 94.9721 80.7821
37.6 100 100 99.6648 98.6034 95.1955 81.1173
37.7 100 100 99.6648 98.6592 95.2514 81.2849
37.8 100 100 99.6648 98.7151 95.419 81.4525
37.9 100 100 99.6648 98.7151 95.5307 81.6201
38 100 100 99.6648 98.7709 95.5866 81.7877
38.1 100 100 99.6648 98.8268 95.6425 81.8994
38.2 100 100 99.6648 98.8268 95.7542 82.067
38.3 100 100 99.6648 98.8268 95.8101 82.2346
38.4 100 100 99.6648 98.8268 95.9218 82.3464
38.5 100 100 99.6648 98.8268 95.9777 82.7374
38.6 100 100 99.6648 98.8268 96.0335 83.0726
38.7 100 100 99.6648 98.8268 96.0335 83.5754
38.8 100 100 99.6648 98.8268 96.0335 83.6872
38.9 100 100 99.7765 98.9385 96.3687 84.3575
39 100 100 99.8324 98.9944 96.4246 84.4693
39.1 100 100 99.8883 99.0503 96.5363 84.581
39.2 100 100 99.8883 99.0503 96.5363 84.9162
39.3 100 100 99.8883 99.0503 96.648 85.1397
39.4 100 100 99.8883 99.1061 96.8156 85.6983
39.5 100 100 99.8883 99.1061 96.9274 85.9777
39.6 100 100 99.8883 99.1061 96.9274 86.0894
39.7 100 100 99.8883 99.1061 96.9274 86.3128
39.8 100 100 99.8883 99.1061 96.9832 86.3687
39.9 100 100 99.8883 99.162 97.1508 86.5922
40 100 100 99.8883 99.162 97.2067 86.7598
40.1 100 100 99.8883 99.162 97.2067 86.8715
40.2 100 100 99.8883 99.2179 97.3743 87.0391
40.3 100 100 99.8883 99.2179 97.5419 87.3184
40.4 100 100 99.8883 99.2179 97.5419 87.3184
40.5 100 100 99.8883 99.2179 97.5978 87.4302
40.6 100 100 99.8883 99.2179 97.6536 87.5419
40.7 100 100 99.8883 99.2179 97.7095 87.5978
40.8 100 100 99.8883 99.2737 97.7654 87.7095
40.9 100 100 99.9441 99.3296 97.8771 87.8212
41 100 100 99.9441 99.3296 97.8771 87.933
41.1 100 100 99.9441 99.3296 97.8771 88.0447
41.2 100 100 99.9441 99.3296 97.8771 88.1564
41.3 100 100 100 99.3855 97.933 88.2123
41.4 100 100 100 99.3855 98.0447 88.4916
41.5 100 100 100 99.3855 98.0447 88.6592
41.6 100 100 100 99.3855 98.1006 88.8827
41.7 100 100 100 99.3855 98.1006 88.9385
41.8 100 100 100 99.3855 98.1006 88.9385
41.9 100 100 100 99.3855 98.1006 88.9385
42 100 100 100 99.3855 98.2123 89.1061
42.1 100 100 100 99.3855 98.2682 89.162
42.2 100 100 100 99.3855 98.324 89.3855
42.3 100 100 100 99.4413 98.4358 89.7207
42.4 100 100 100 99.5531 98.6034 89.9441
42.5 100 100 100 99.5531 98.6034 89.9441
42.6 100 100 100 99.6089 98.7151 90.1676
42.7 100 100 100 99.6089 98.7709 90.2235
42.8 100 100 100 99.6089 98.7709 90.7263
42.9 100 100 100 99.6648 98.8268 90.9497
43 100 100 100 99.6648 98.8268 91.0056
43.1 100 100 100 99.6648 98.8268 91.0056
43.2 100 100 100 99.7207 98.8827 91.0615
43.3 100 100 100 99.7207 98.8827 91.0615
43.4 100 100 100 99.7207 98.8827 91.1173
43.5 100 100 100 99.7207 98.9944 91.2291
43.6 100 100 100 99.7207 99.0503 91.2849
43.7 100 100 100 99.7207 99.0503 91.2849
43.8 100 100 100 99.7207 99.0503 91.4525
43.9 100 100 100 99.7207 99.0503 91.7318
44 100 100 100 99.7207 99.0503 91.7877
44.1 100 100 100 99.7207 99.0503 91.8436
44.2 100 100 100 99.7207 99.0503 91.8994
44.3 100 100 100 99.7207 99.1061 92.0112
44.4 100 100 100 99.7207 99.162 92.067
44.5 100 100 100 99.7207 99.2179 92.1788
44.6 100 100 100 99.7207 99.2179 92.2346
44.7 100 100 100 99.7207 99.2179 92.2905
44.8 100 100 100 99.7207 99.2737 92.4581
44.9 100 100 100 99.8324 99.3855 92.5698
45 100 100 100 99.8324 99.3855 92.6816
45.1 100 100 100 99.8324 99.3855 92.8492
45.2 100 100 100 99.8324 99.3855 92.9609
45.3 100 100 100 99.8324 99.3855 93.0168
45.4 100 100 100 99.8324 99.3855 93.5196
45.5 100 100 100 99.8324 99.3855 93.6872
45.6 100 100 100 99.8324 99.3855 93.6872
45.7 100 100 100 99.8324 99.3855 93.7989
45.8 100 100 100 99.8324 99.3855 93.7989
45.9 100 100 100 99.8324 99.3855 93.7989
46 100 100 100 99.8883 99.4413 93.9106
46.1 100 100 100 99.8883 99.4413 93.9106
46.2 100 100 100 99.8883 99.4413 93.9106
46.3 100 100 100 99.8883 99.4413 93.9665
46.4 100 100 100 99.8883 99.5531 94.0782
46.5 100 100 100 99.8883 99.6089 94.1341
46.6 100 100 100 99.8883 99.6089 94.1899
46.7 100 100 100 99.8883 99.6089 94.2458
46.8 100 100 100 99.8883 99.6089 94.3017
46.9 100 100 100 99.8883 99.6089 94.3017
47 100 100 100 99.8883 99.6089 94.3017
47.1 100 100 100 99.8883 99.6089 94.3017
47.2 100 100 100 99.8883 99.6089 94.3017
47.3 100 100 100 99.8883 99.6648 94.3575
47.4 100 100 100 99.8883 99.6648 94.3575
47.5 100 100 100 99.8883 99.6648 94.4693
47.6 100 100 100 99.8883 99.6648 94.4693
47.7 100 100 100 99.8883 99.6648 94.4693
47.8 100 100 100 99.8883 99.6648 94.4693
47.9 100 100 100 99.8883 99.6648 94.4693
48 100 100 100 99.8883 99.7207 94.581
48.1 100 100 100 99.8883 99.7765 94.6927
48.2 100 100 100 99.8883 99.7765 94.8045
48.3 100 100 100 99.8883 99.7765 94.9162
48.4 100 100 100 99.8883 99.7765 94.9721
48.5 100 100 100 99.8883 99.7765 94.9721
48.6 100 100 100 99.8883 99.7765 94.9721
48.7 100 100 100 99.8883 99.7765 94.9721
48.8 100 100 100 99.8883 99.7765 94.9721
48.9 100 100 100 99.8883 99.7765 95.0838
49 100 100 100 100 99.8883 95.2514
49.1 100 100 100 100 99.8883 95.2514
49.2 100 100 100 100 99.8883 95.2514
49.3 100 100 100 100 99.8883 95.3631
49.4 100 100 100 100 99.8883 95.5866
49.5 100 100 100 100 99.8883 95.5866
49.6 100 100 100 100 99.8883 95.5866
49.7 100 100 100 100 99.8883 95.5866
49.8 100 100 100 100 99.8883 95.5866
49.9 100 100 100 100 99.8883 95.6425
50 100 100 100 100 99.8883 95.6425
50.1 100 100 100 100 99.9441 95.6983
50.2 100 100 100 100 99.9441 96.0894
50.3 100 100 100 100 99.9441 96.4804
50.4 100 100 100 100 99.9441 96.5363
50.5 100 100 100 100 99.9441 96.5363
50.6 100 100 100 100 99.9441 96.5363
50.7 100 100 100 100 99.9441 96.5363
50.8 100 100 100 100 99.9441 96.5363
50.9 100 100 100 100 100 96.648
51 100 100 100 100 100 96.648
51.1 100 100 100 100 100 96.648
51.2 100 100 100 100 100 96.9832
51.3 100 100 100 100 100 96.9832
51.4 100 100 100 100 100 96.9832
51.5 100 100 100 100 100 96.9832
51.6 100 100 100 100 100 96.9832
51.7 100 100 100 100 100 96.9832
51.8 100 100 100 100 100 96.9832
51.9 100 100 100 100 100 96.9832
52 100 100 100 100 100 96.9832
52.1 100 100 100 100 100 96.9832
52.2 100 100 100 100 100 96.9832
52.3 100 100 100 100 100 96.9832
52.4 100 100 100 100 100 96.9832
52.5 100 100 100 100 100 96.9832
52.6 100 100 100 100 100 96.9832
52.7 100 100 100 100 100 96.9832
52.8 100 100 100 100 100 97.0391
52.9 100 100 100 100 100 97.0391
53 100 100 100 100 100 97.0391
53.1 100 100 100 100 100 97.0391
53.2 100 100 100 100 100 97.0391
53.3 100 100 100 100 100 97.0391
53.4 100 100 100 100 100 97.0391
53.5 100 100 100 100 100 97.0391
53.6 100 100 100 100 100 97.0391
53.7 100 100 100 100 100 97.0391
53.8 100 100 100 100 100 97.0391
53.9 100 100 100 100 100 97.0391
54 100 100 100 100 100 97.0391
54.1 100 100 100 100 100 97.0391
54.2 100 100 100 100 100 97.0391
54.3 100 100 100 100 100 97.0391
54.4 100 100 100 100 100 97.0391
54.5 100 100 100 100 100 97.0391
54.6 100 100 100 100 100 97.0391
54.7 100 100 100 100 100 97.0391
54.8 100 100 100 100 100 97.0391
54.9 100 100 100 100 100 97.0391
55 100 100 100 100 100 97.0391
55.1 100 100 100 100 100 97.0391
55.2 100 100 100 100 100 97.0391
55.3 100 100 100 100 100 97.0391
55.4 100 100 100 100 100 97.0391
55.5 100 100 100 100 100 97.0391
55.6 100 100 100 100 100 97.095
55.7 100 100 100 100 100 97.095
55.8 100 100 100 100 100 97.095
55.9 100 100 100 100 100 97.1508
56 100 100 100 100 100 97.1508
56.1 100 100 100 100 100 97.1508
56.2 100 100 100 100 100 97.1508
56.3 100 100 100 100 100 97.1508
56.4 100 100 100 100 100 97.4302
56.5 100 100 100 100 100 97.6536
56.6 100 100 100 100 100 97.6536
56.7 100 100 100 100 100 97.6536
56.8 100 100 100 100 100 97.6536
56.9 100 100 100 100 100 97.6536
57 100 100 100 100 100 97.6536
57.1 100 100 100 100 100 97.8212
57.2 100 100 100 100 100 97.8212
57.3 100 100 100 100 100 97.8212
57.4 100 100 100 100 100 97.8212
57.5 100 100 100 100 100 97.8212
57.6 100 100 100 100 100 97.8212
57.7 100 100 100 100 100 97.8212
57.8 100 100 100 100 100 97.8212
57.9 100 100 100 100 100 97.8212
58 100 100 100 100 100 97.8212
58.1 100 100 100 100 100 97.8212
58.2 100 100 100 100 100 97.8212
58.3 100 100 100 100 100 97.8212
58.4 100 100 100 100 100 97.8212
58.5 100 100 100 100 100 97.8212
58.6 100 100 100 100 100 97.8212
58.7 100 100 100 100 100 97.8212
58.8 100 100 100 100 100 97.8212
58.9 100 100 100 100 100 97.8212
59 100 100 100 100 100 97.8212
59.1 100 100 100 100 100 97.8212
59.2 100 100 100 100 100 97.8212
59.3 100 100 100 100 100 97.8212
59.4 100 100 100 100 100 97.8212
59.5 100 100 100 100 100 97.8212
59.6 100 100 100 100 100 97.8212
59.7 100 100 100 100 100 97.8212
59.8 100 100 100 100 100 97.8212
59.9 100 100 100 100 100 97.8212
60 100 100 100 100 100 97.8212
60.1 100 100 100 100 100 97.8212
60.2 100 100 100 100 100 97.8212
60.3 100 100 100 100 100 97.8212
60.4 100 100 100 100 100 97.8771
60.5 100 100 100 100 100 97.8771
60.6 100 100 100 100 100 97.8771
60.7 100 100 100 100 100 97.8771
60.8 100 100 100 100 100 97.8771
60.9 100 100 100 100 100 97.8771
61 100 100 100 100 100 97.8771
61.1 100 100 100 100 100 97.8771
61.2 100 100 100 100 100 97.8771
61.3 100 100 100 100 100 97.8771
61.4 100 100 100 100 100 97.8771
61.5 100 100 100 100 100 97.8771
61.6 100 100 100 100 100 97.8771
61.7 100 100 100 100 100 97.8771
61.8 100 100 100 100 100 97.8771
61.9 100 100 100 100 100 97.8771
62 100 100 100 100 100 97.8771
62.1 100 100 100 100 100 97.8771
62.2 100 100 100 100 100 97.8771
62.3 100 100 100 100 100 97.8771
62.4 100 100 100 100 100 97.8771
62.5 100 100 100 100 100 97.8771
62.6 100 100 100 100 100 97.8771
62.7 100 100 100 100 100 97.8771
62.8 100 100 100 100 100 97.8771
62.9 100 100 100 100 100 97.8771
63 100 100 100 100 100 97.8771
63.1 100 100 100 100 100 97.8771
63.2 100 100 100 100 100 97.8771
63.3 100 100 100 100 100 97.8771
63.4 100 100 100 100 100 97.933
63.5 100 100 100 100 100 97.933
63.6 100 100 100 100 100 97.933
63.7 100 100 100 100 100 97.933
63.8 100 100 100 100 100 97.933
63.9 100 100 100 100 100 97.933
64 100 100 100 100 100 97.933
64.1 100 100 100 100 100 97.933
64.2 100 100 100 100 100 97.933
64.3 100 100 100 100 100 97.933
64.4 100 100 100 100 100 97.933
64.5 100 100 100 100 100 97.933
64.6 100 100 100 100 100 97.933
64.7 100 100 100 100 100 97.933
64.8 100 100 100 100 100 97.933
64.9 100 100 100 100 100 97.933
65 100 100 100 100 100 97.933
65.1 100 100 100 100 100 97.933
65.2 100 100 100 100 100 97.933
65.3 100 100 100 100 100 97.933
65.4 100 100 100 100 100 97.933
65.5 100 100 100 100 100 97.9888
65.6 100 100 100 100 100 97.9888
65.7 100 100 100 100 100 97.9888
65.8 100 100 100 100 100 97.9888
65.9 100 100 100 100 100 97.9888
66 100 100 100 100 100 97.9888
66.1 100 100 100 100 100 97.9888
66.2 100 100 100 100 100 97.9888
66.3 100 100 100 100 100 98.1006
66.4 100 100 100 100 100 98.1006
66.5 100 100 100 100 100 98.1006
66.6 100 100 100 100 100 98.1006
66.7 100 100 100 100 100 98.1006
66.8 100 100 100 100 100 98.1006
66.9 100 100 100 100 100 98.1006
67 100 100 100 100 100 98.1564
67.1 100 100 100 100 100 98.1564
67.2 100 100 100 100 100 98.1564
67.3 100 100 100 100 100 98.2123
67.4 100 100 100 100 100 98.2123
67.5 100 100 100 100 100 98.2123
67.6 100 100 100 100 100 98.2123
67.7 100 100 100 100 100 98.2123
67.8 100 100 100 100 100 98.2123
67.9 100 100 100 100 100 98.2123
68 100 100 100 100 100 98.2123
68.1 100 100 100 100 100 98.2123
68.2 100 100 100 100 100 98.2123
68.3 100 100 100 100 100 98.2682
68.4 100 100 100 100 100 98.2682
68.5 100 100 100 100 100 98.2682
68.6 100 100 100 100 100 98.2682
68.7 100 100 100 100 100 98.2682
68.8 100 100 100 100 100 98.2682
68.9 100 100 100 100 100 98.2682
69 100 100 100 100 100 98.2682
69.1 100 100 100 100 100 98.2682
69.2 100 100 100 100 100 98.2682
69.3 100 100 100 100 100 98.2682
69.4 100 100 100 100 100 98.2682
69.5 100 100 100 100 100 98.2682
69.6 100 100 100 100 100 98.2682
69.7 100 100 100 100 100 98.2682
69.8 100 100 100 100 100 98.2682
69.9 100 100 100 100 100 98.324
70 100 100 100 100 100 98.324
70.1 100 100 100 100 100 98.324
70.2 100 100 100 100 100 98.324
70.3 100 100 100 100 100 98.3799
70.4 100 100 100 100 100 98.3799
70.5 100 100 100 100 100 98.3799
70.6 100 100 100 100 100 98.3799
70.7 100 100 100 100 100 98.3799
70.8 100 100 100 100 100 98.3799
70.9 100 100 100 100 100 98.4358
71 100 100 100 100 100 98.4358
71.1 100 100 100 100 100 98.4358
71.2 100 100 100 100 100 98.4358
71.3 100 100 100 100 100 98.4358
71.4 100 100 100 100 100 98.4358
71.5 100 100 100 100 100 98.4358
71.6 100 100 100 100 100 98.4358
71.7 100 100 100 100 100 98.4358
71.8 100 100 100 100 100 98.4358
71.9 100 100 100 100 100 98.4358
72 100 100 100 100 100 98.4358
72.1 100 100 100 100 100 98.4358
72.2 100 100 100 100 100 98.4358
72.3 100 100 100 100 100 98.4358
72.4 100 100 100 100 100 98.4358
72.5 100 100 100 100 100 98.4358
72.6 100 100 100 100 100 98.4916
72.7 100 100 100 100 100 98.5475
72.8 100 100 100 100 100 98.5475
72.9 100 100 100 100 100 98.5475
73 100 100 100 100 100 98.6034
73.1 100 100 100 100 100 98.6034
73.2 100 100 100 100 100 98.6034
73.3 100 100 100 100 100 98.6034
73.4 100 100 100 100 100 98.6034
73.5 100 100 100 100 100 98.6034
73.6 100 100 100 100 100 98.6034
73.7 100 100 100 100 100 98.6034
73.8 100 100 100 100 100 98.6034
73.9 100 100 100 100 100 98.6034
74 100 100 100 100 100 98.6034
74.1 100 100 100 100 100 98.6034
74.2 100 100 100 100 100 98.6034
74.3 100 100 100 100 100 98.6034
74.4 100 100 100 100 100 98.6034
74.5 100 100 100 100 100 98.6034
74.6 100 100 100 100 100 98.6034
74.7 100 100 100 100 100 98.6034
74.8 100 100 100 100 100 98.6034
74.9 100 100 100 100 100 98.6034
75 100 100 100 100 100 98.6034
75.1 100 100 100 100 100 98.6034
75.2 100 100 100 100 100 98.6034
75.3 100 100 100 100 100 98.6034
75.4 100 100 100 100 100 98.6034
75.5 100 100 100 100 100 98.6034
75.6 100 100 100 100 100 98.6034
75.7 100 100 100 100 100 98.6034
75.8 100 100 100 100 100 98.6034
75.9 100 100 100 100 100 98.6034
76 100 100 100 100 100 98.6592
76.1 100 100 100 100 100 98.7151
76.2 100 100 100 100 100 98.7151
76.3 100 100 100 100 100 98.7151
76.4 100 100 100 100 100 98.8827
76.5 100 100 100 100 100 98.8827
76.6 100 100 100 100 100 98.8827
76.7 100 100 100 100 100 98.8827
76.8 100 100 100 100 100 98.8827
76.9 100 100 100 100 100 98.8827
77 100 100 100 100 100 98.9385
77.1 100 100 100 100 100 98.9385
77.2 100 100 100 100 100 98.9385
77.3 100 100 100 100 100 98.9385
77.4 100 100 100 100 100 98.9385
77.5 100 100 100 100 100 98.9385
77.6 100 100 100 100 100 98.9385
77.7 100 100 100 100 100 98.9385
77.8 100 100 100 100 100 98.9385
77.9 100 100 100 100 100 98.9385
78 100 100 100 100 100 98.9385
78.1 100 100 100 100 100 98.9385
78.2 100 100 100 100 100 98.9385
78.3 100 100 100 100 100 98.9385
78.4 100 100 100 100 100 98.9385
78.5 100 100 100 100 100 98.9944
78.6 100 100 100 100 100 98.9944
78.7 100 100 100 100 100 98.9944
78.8 100 100 100 100 100 98.9944
78.9 100 100 100 100 100 98.9944
79 100 100 100 100 100 98.9944
79.1 100 100 100 100 100 99.1061
79.2 100 100 100 100 100 99.1061
79.3 100 100 100 100 100 99.162
79.4 100 100 100 100 100 99.162
79.5 100 100 100 100 100 99.2179
79.6 100 100 100 100 100 99.2179
79.7 100 100 100 100 100 99.2737
79.8 100 100 100 100 100 99.2737
79.9 100 100 100 100 100 99.2737
80 100 100 100 100 100 99.2737
80.1 100 100 100 100 100 99.2737
80.2 100 100 100 100 100 99.2737
80.3 100 100 100 100 100 99.2737
80.4 100 100 100 100 100 99.2737
80.5 100 100 100 100 100 99.2737
80.6 100 100 100 100 100 99.3296
80.7 100 100 100 100 100 99.3296
80.8 100 100 100 100 100 99.3296
80.9 100 100 100 100 100 99.3296
81 100 100 100 100 100 99.3296
81.1 100 100 100 100 100 99.3296
81.2 100 100 100 100 100 99.3296
81.3 100 100 100 100 100 99.3296
81.4 100 100 100 100 100 99.3296
81.5 100 100 100 100 100 99.3296
81.6 100 100 100 100 100 99.3296
81.7 100 100 100 100 100 99.3296
81.8 100 100 100 100 100 99.3296
81.9 100 100 100 100 100 99.3296
82 100 100 100 100 100 99.3296
82.1 100 100 100 100 100 99.3296
82.2 100 100 100 100 100 99.3296
82.3 100 100 100 100 100 99.3296
82.4 100 100 100 100 100 99.3296
82.5 100 100 100 100 100 99.3296
82.6 100 100 100 100 100 99.3296
82.7 100 100 100 100 100 99.3296
82.8 100 100 100 100 100 99.3296
82.9 100 100 100 100 100 99.3855
83 100 100 100 100 100 99.3855
83.1 100 100 100 100 100 99.3855
83.2 100 100 100 100 100 99.3855
83.3 100 100 100 100 100 99.3855
83.4 100 100 100 100 100 99.3855
83.5 100 100 100 100 100 99.3855
83.6 100 100 100 100 100 99.3855
83.7 100 100 100 100 100 99.3855
83.8 100 100 100 100 100 99.3855
83.9 100 100 100 100 100 99.3855
84 100 100 100 100 100 99.3855
84.1 100 100 100 100 100 99.3855
84.2 100 100 100 100 100 99.3855
84.3 100 100 100 100 100 99.3855
84.4 100 100 100 100 100 99.3855
84.5 100 100 100 100 100 99.3855
84.6 100 100 100 100 100 99.3855
84.7 100 100 100 100 100 99.4413
84.8 100 100 100 100 100 99.4413
84.9 100 100 100 100 100 99.4413
85 100 100 100 100 100 99.4413
85.1 100 100 100 100 100 99.4413
85.2 100 100 100 100 100 99.4413
85.3 100 100 100 100 100 99.4413
85.4 100 100 100 100 100 99.4413
85.5 100 100 100 100 100 99.4972
85.6 100 100 100 100 100 99.4972
85.7 100 100 100 100 100 99.4972
85.8 100 100 100 100 100 99.4972
85.9 100 100 100 100 100 99.4972
86 100 100 100 100 100 99.4972
86.1 100 100 100 100 100 99.5531
86.2 100 100 100 100 100 99.5531
86.3 100 100 100 100 100 99.5531
86.4 100 100 100 100 100 99.5531
86.5 100 100 100 100 100 99.6089
86.6 100 100 100 100 100 99.6089
86.7 100 100 100 100 100 99.6089
86.8 100 100 100 100 100 99.6089
86.9 100 100 100 100 100 99.6089
87 100 100 100 100 100 99.6089
87.1 100 100 100 100 100 99.6089
87.2 100 100 100 100 100 99.6089
87.3 100 100 100 100 100 99.6089
87.4 100 100 100 100 100 99.6089
87.5 100 100 100 100 100 99.6089
87.6 100 100 100 100 100 99.6089
87.7 100 100 100 100 100 99.6089
87.8 100 100 100 100 100 99.6089
87.9 100 100 100 100 100 99.6648
88 100 100 100 100 100 99.6648
88.1 100 100 100 100 100 99.6648
88.2 100 100 100 100 100 99.6648
88.3 100 100 100 100 100 99.6648
88.4 100 100 100 100 100 99.6648
88.5 100 100 100 100 100 99.6648
88.6 100 100 100 100 100 99.6648
88.7 100 100 100 100 100 99.7207
88.8 100 100 100 100 100 99.7207
88.9 100 100 100 100 100 99.7207
89 100 100 100 100 100 99.7207
89.1 100 100 100 100 100 99.7207
89.2 100 100 100 100 100 99.7207
89.3 100 100 100 100 100 99.7207
89.4 100 100 100 100 100 99.7207
89.5 100 100 100 100 100 99.7207
89.6 100 100 100 100 100 99.7207
89.7 100 100 100 100 100 99.7207
89.8 100 100 100 100 100 99.7207
89.9 100 100 100 100 100 99.7207
90 100 100 100 100 100 99.7207
90.1 100 100 100 100 100 99.7207
90.2 100 100 100 100 100 99.7207
90.3 100 100 100 100 100 99.7207
90.4 100 100 100 100 100 99.7207
90.5 100 100 100 100 100 99.7207
90.6 100 100 100 100 100 99.7207
90.7 100 100 100 100 100 99.7207
90.8 100 100 100 100 100 99.7207
90.9 100 100 100 100 100 99.7207
91 100 100 100 100 100 99.7207
91.1 100 100 100 100 100 99.7207
91.2 100 100 100 100 100 99.7207
91.3 100 100 100 100 100 99.7207
91.4 100 100 100 100 100 99.7207
91.5 100 100 100 100 100 99.7207
91.6 100 100 100 100 100 99.7207
91.7 100 100 100 100 100 99.7207
91.8 100 100 100 100 100 99.7207
91.9 100 100 100 100 100 99.7765
92 100 100 100 100 100 99.7765
92.1 100 100 100 100 100 99.7765
92.2 100 100 100 100 100 99.7765
92.3 100 100 100 100 100 99.8324
92.4 100 100 100 100 100 99.8324
92.5 100 100 100 100 100 99.8324
92.6 100 100 100 100 100 99.8324
92.7 100 100 100 100 100 99.8324
92.8 100 100 100 100 100 99.8324
92.9 100 100 100 100 100 99.8324
93 100 100 100 100 100 99.8324
93.1 100 100 100 100 100 99.8324
93.2 100 100 100 100 100 99.8324
93.3 100 100 100 100 100 99.8324
93.4 100 100 100 100 100 99.8324
93.5 100 100 100 100 100 99.8324
93.6 100 100 100 100 100 99.8324
93.7 100 100 100 100 100 99.8324
93.8 100 100 100 100 100 99.8324
93.9 100 100 100 100 100 99.8324
94 100 100 100 100 100 99.8324
94.1 100 100 100 100 100 99.8883
94.2 100 100 100 100 100 99.8883
94.3 100 100 100 100 100 99.8883
94.4 100 100 100 100 100 99.8883
94.5 100 100 100 100 100 99.8883
94.6 100 100 100 100 100 99.8883
94.7 100 100 100 100 100 99.8883
94.8 100 100 100 100 100 99.8883
94.9 100 100 100 100 100 99.8883
95 100 100 100 100 100 99.8883
95.1 100 100 100 100 100 99.8883
95.2 100 100 100 100 100 99.8883
95.3 100 100 100 100 100 99.8883
95.4 100 100 100 100 100 99.8883
95.5 100 100 100 100 100 99.8883
95.6 100 100 100 100 100 99.8883
95.7 100 100 100 100 100 99.8883
95.8 100 100 100 100 100 99.8883
95.9 100 100 100 100 100 99.8883
96 100 100 100 100 100 99.8883
96.1 100 100 100 100 100 99.8883
96.2 100 100 100 100 100 99.8883
96.3 100 100 100 100 100 99.8883
96.4 100 100 100 100 100 99.8883
96.5 100 100 100 100 100 99.9441
96.6 100 100 100 100 100 99.9441
96.7 100 100 100 100 100 99.9441
96.8 100 100 100 100 100 99.9441
96.9 100 100 100 100 100 99.9441
97 100 100 100 100 100 99.9441
97.1 100 100 100 100 100 99.9441
97.2 100 100 100 100 100 99.9441
97.3 100 100 100 100 100 99.9441
97.4 100 100 100 100 100 99.9441
97.5 100 100 100 100 100 99.9441
97.6 100 100 100 100 100 99.9441
97.7 100 100 100 100 100 99.9441
97.8 100 100 100 100 100 99.9441
97.9 100 100 100 100 100 99.9441
98 100 100 100 100 100 99.9441
98.1 100 100 100 100 100 99.9441
98.2 100 100 100 100 100 99.9441
98.3 100 100 100 100 100 99.9441
98.4 100 100 100 100 100 99.9441
98.5 100 100 100 100 100 99.9441
98.6 100 100 100 100 100 99.9441
98.7 100 100 100 100 100 99.9441
98.8 100 100 100 100 100 99.9441
98.9 100 100 100 100 100 99.9441
99 100 100 100 100 100 99.9441
99.1 100 100 100 100 100 99.9441
99.2 100 100 100 100 100 99.9441
99.3 100 100 100 100 100 99.9441
99.4 100 100 100 100 100 99.9441
99.5 100 100 100 100 100 99.9441
99.6 100 100 100 100 100 99.9441
99.7 100 100 100 100 100 99.9441
99.8 100 100 100 100 100 99.9441
99.9 100 100 100 100 100 100
100 100 100 100 100 100 100
