0.1 90.7895 50 0 -50 -100 -150
0.2 92.1053 51.3158 1.31579 -48.6842 -98.6842 -148.684
0.3 93.4211 52.6316 2.63158 -47.3684 -97.3684 -147.368
0.4 94.7368 53.9474 3.94737 -46.0526 -96.0526 -146.053
0.5 96.0526 55.2632 5.26316 -44.7368 -94.7368 -144.737
0.6 96.0526 55.2632 5.26316 -44.7368 -94.7368 -144.737
0.7 96.0526 56.5789 6.57895 -43.4211 -93.4211 -143.421
0.8 96.0526 57.8947 7.89474 -42.1053 -92.1053 -142.105
0.9 97.3684 59.2105 9.21053 -40.7895 -90.7895 -140.789
1 97.3684 59.2105 9.21053 -40.7895 -90.7895 -140.789
1.1 97.3684 60.5263 10.5263 -39.4737 -89.4737 -139.474
1.2 97.3684 61.8421 11.8421 -38.1579 -88.1579 -138.158
1.3 97.3684 63.1579 13.1579 -36.8421 -86.8421 -136.842
1.4 97.3684 63.1579 13.1579 -36.8421 -86.8421 -136.842
1.5 97.3684 64.4737 14.4737 -35.5263 -85.5263 -135.526
1.6 98.6842 65.7895 15.7895 -34.2105 -84.2105 -134.211
1.7 98.6842 67.1053 17.1053 -32.8947 -82.8947 -132.895
1.8 98.6842 67.1053 17.1053 -32.8947 -82.8947 -132.895
1.9 98.6842 67.1053 17.1053 -31.5789 -81.5789 -131.579
2 98.6842 68.4211 18.4211 -30.2632 -80.2632 -130.263
2.1 98.6842 69.7368 19.7368 -28.9474 -78.9474 -128.947
2.2 98.6842 71.0526 21.0526 -27.6316 -77.6316 -127.632
2.3 98.6842 71.0526 21.0526 -27.6316 -77.6316 -127.632
2.4 100 72.3684 22.3684 -26.3158 -76.3158 -126.316
2.5 100 72.3684 23.6842 -25 -75 -125
2.6 100 73.6842 25 -23.6842 -73.6842 -123.684
2.7 100 73.6842 25 -23.6842 -73.6842 -123.684
2.8 100 75 26.3158 -22.3684 -72.3684 -122.368
2.9 100 76.3158 27.6316 -21.0526 -71.0526 -121.053
3 100 76.3158 27.6316 -19.7368 -69.7368 -119.737
3.1 100 76.3158 27.6316 -19.7368 -69.7368 -119.737
3.2 100 77.6316 28.9474 -18.4211 -68.4211 -118.421
3.3 100 77.6316 30.2632 -17.1053 -67.1053 -117.105
3.4 100 78.9474 31.5789 -15.7895 -65.7895 -115.789
3.5 100 78.9474 31.5789 -15.7895 -65.7895 -115.789
3.6 100 78.9474 31.5789 -15.7895 -65.7895 -115.789
3.7 100 80.2632 32.8947 -14.4737 -64.4737 -114.474
3.8 100 80.2632 34.2105 -13.1579 -63.1579 -113.158
3.9 100 80.2632 34.2105 -13.1579 -63.1579 -113.158
4 100 81.5789 35.5263 -11.8421 -61.8421 -111.842
4.1 100 81.5789 36.8421 -10.5263 -60.5263 -110.526
4.2 100 82.8947 38.1579 -9.21053 -59.2105 -109.211
4.3 100 82.8947 39.4737 -7.89474 -57.8947 -107.895
4.4 100 82.8947 39.4737 -7.89474 -57.8947 -107.895
4.5 100 82.8947 39.4737 -7.89474 -57.8947 -107.895
4.6 100 82.8947 40.7895 -6.57895 -56.5789 -106.579
4.7 100 84.2105 42.1053 -5.26316 -55.2632 -105.263
4.8 100 84.2105 42.1053 -5.26316 -55.2632 -105.263
4.9 100 85.5263 43.4211 -3.94737 -53.9474 -103.947
5 100 85.5263 44.7368 -2.63158 -52.6316 -102.632
5.1 100 85.5263 44.7368 -2.63158 -52.6316 -101.316
5.2 100 85.5263 44.7368 -2.63158 -52.6316 -101.316
5.3 100 85.5263 46.0526 -1.31579 -51.3158 -100
5.4 100 86.8421 47.3684 0 -50 -98.6842
5.5 100 88.1579 48.6842 1.31579 -48.6842 -97.3684
5.6 100 88.1579 48.6842 1.31579 -48.6842 -97.3684
5.7 100 88.1579 50 2.63158 -47.3684 -96.0526
5.8 100 89.4737 51.3158 3.94737 -46.0526 -94.7368
5.9 100 89.4737 51.3158 5.26316 -44.7368 -93.4211
6 100 89.4737 51.3158 5.26316 -44.7368 -93.4211
6.1 100 90.7895 52.6316 6.57895 -43.4211 -92.1053
6.2 100 90.7895 52.6316 6.57895 -42.1053 -90.7895
6.3 100 90.7895 53.9474 7.89474 -40.7895 -89.4737
6.4 100 90.7895 55.2632 9.21053 -39.4737 -88.1579
6.5 100 90.7895 55.2632 9.21053 -39.4737 -88.1579
6.6 100 92.1053 56.5789 10.5263 -38.1579 -86.8421
6.7 100 93.4211 57.8947 11.8421 -36.8421 -85.5263
6.8 100 93.4211 57.8947 13.1579 -35.5263 -84.2105
6.9 100 93.4211 57.8947 13.1579 -35.5263 -84.2105
7 100 93.4211 59.2105 14.4737 -34.2105 -82.8947
7.1 100 93.4211 59.2105 14.4737 -32.8947 -81.5789
7.2 100 93.4211 60.5263 15.7895 -31.5789 -80.2632
7.3 100 93.4211 60.5263 15.7895 -31.5789 -80.2632
7.4 100 94.7368 61.8421 17.1053 -30.2632 -78.9474
7.5 100 96.0526 63.1579 18.4211 -28.9474 -77.6316
7.6 100 97.3684 64.4737 19.7368 -27.6316 -76.3158
7.7 100 97.3684 64.4737 19.7368 -27.6316 -76.3158
7.8 100 97.3684 65.7895 21.0526 -26.3158 -75
7.9 100 97.3684 67.1053 22.3684 -25 -73.6842
8 100 97.3684 68.4211 23.6842 -23.6842 -72.3684
8.1 100 97.3684 68.4211 23.6842 -23.6842 -72.3684
8.2 100 97.3684 68.4211 23.6842 -23.6842 -72.3684
8.3 100 97.3684 68.4211 23.6842 -23.6842 -72.3684
8.4 100 97.3684 69.7368 25 -22.3684 -71.0526
8.5 100 97.3684 71.0526 26.3158 -21.0526 -69.7368
8.6 100 97.3684 71.0526 26.3158 -21.0526 -69.7368
8.7 100 97.3684 72.3684 27.6316 -19.7368 -68.4211
8.8 100 98.6842 73.6842 28.9474 -18.4211 -67.1053
8.9 100 98.6842 73.6842 28.9474 -17.1053 -65.7895
9 100 98.6842 73.6842 28.9474 -17.1053 -65.7895
9.1 100 98.6842 73.6842 30.2632 -15.7895 -64.4737
9.2 100 98.6842 75 31.5789 -14.4737 -63.1579
9.3 100 98.6842 76.3158 32.8947 -13.1579 -61.8421
9.4 100 98.6842 76.3158 32.8947 -13.1579 -61.8421
9.5 100 98.6842 76.3158 32.8947 -13.1579 -61.8421
9.6 100 100 77.6316 34.2105 -11.8421 -60.5263
9.7 100 100 77.6316 34.2105 -10.5263 -59.2105
9.8 100 100 77.6316 34.2105 -10.5263 -59.2105
9.9 100 100 77.6316 35.5263 -9.21053 -57.8947
10 100 100 78.9474 36.8421 -7.89474 -56.5789
10.1 100 100 80.2632 38.1579 -6.57895 -55.2632
10.2 100 100 80.2632 38.1579 -6.57895 -55.2632
10.3 100 100 81.5789 39.4737 -5.26316 -53.9474
10.4 100 100 82.8947 40.7895 -3.94737 -52.6316
10.5 100 100 84.2105 42.1053 -2.63158 -51.3158
10.6 100 100 85.5263 43.4211 -1.31579 -50
10.7 100 100 85.5263 43.4211 -1.31579 -50
10.8 100 100 85.5263 44.7368 0 -48.6842
10.9 100 100 85.5263 46.0526 1.31579 -47.3684
11 100 100 86.8421 47.3684 2.63158 -46.0526
11.1 100 100 86.8421 47.3684 2.63158 -46.0526
11.2 100 100 86.8421 48.6842 3.94737 -44.7368
11.3 100 100 86.8421 50 5.26316 -43.4211
11.4 100 100 88.1579 51.3158 6.57895 -42.1053
11.5 100 100 88.1579 51.3158 6.57895 -42.1053
11.6 100 100 88.1579 51.3158 6.57895 -40.7895
11.7 100 100 89.4737 52.6316 7.89474 -39.4737
11.8 100 100 89.4737 53.9474 9.21053 -38.1579
11.9 100 100 89.4737 53.9474 9.21053 -38.1579
12 100 100 90.7895 55.2632 10.5263 -36.8421
12.1 100 100 90.7895 55.2632 10.5263 -36.8421
12.2 100 100 90.7895 56.5789 11.8421 -35.5263
12.3 100 100 90.7895 56.5789 11.8421 -35.5263
12.4 100 100 90.7895 56.5789 11.8421 -35.5263
12.5 100 100 90.7895 57.8947 13.1579 -34.2105
12.6 100 100 90.7895 57.8947 13.1579 -34.2105
12.7 100 100 90.7895 57.8947 13.1579 -32.8947
12.8 100 100 90.7895 57.8947 13.1579 -32.8947
12.9 100 100 90.7895 59.2105 14.4737 -31.5789
13 100 100 90.7895 59.2105 14.4737 -30.2632
13.1 100 100 90.7895 59.2105 14.4737 -30.2632
13.2 100 100 90.7895 59.2105 14.4737 -30.2632
13.3 100 100 92.1053 60.5263 15.7895 -28.9474
13.4 100 100 92.1053 60.5263 15.7895 -27.6316
13.5 100 100 92.1053 60.5263 15.7895 -26.3158
13.6 100 100 92.1053 60.5263 15.7895 -26.3158
13.7 100 100 92.1053 60.5263 15.7895 -26.3158
13.8 100 100 93.4211 61.8421 17.1053 -25
13.9 100 100 93.4211 63.1579 18.4211 -23.6842
14 100 100 93.4211 63.1579 18.4211 -23.6842
14.1 100 100 93.4211 63.1579 18.4211 -23.6842
14.2 100 100 93.4211 63.1579 18.4211 -23.6842
14.3 100 100 93.4211 63.1579 18.4211 -23.6842
14.4 100 100 93.4211 63.1579 18.4211 -23.6842
14.5 100 100 94.7368 64.4737 19.7368 -22.3684
14.6 100 100 94.7368 64.4737 21.0526 -21.0526
14.7 100 100 96.0526 65.7895 22.3684 -19.7368
14.8 100 100 96.0526 65.7895 23.6842 -18.4211
14.9 100 100 96.0526 65.7895 23.6842 -18.4211
15 100 100 96.0526 67.1053 25 -17.1053
15.1 100 100 96.0526 67.1053 25 -17.1053
15.2 100 100 96.0526 68.4211 26.3158 -15.7895
15.3 100 100 96.0526 68.4211 26.3158 -15.7895
15.4 100 100 96.0526 68.4211 26.3158 -14.4737
15.5 100 100 96.0526 68.4211 26.3158 -14.4737
15.6 100 100 96.0526 68.4211 26.3158 -14.4737
15.7 100 100 96.0526 68.4211 26.3158 -14.4737
15.8 100 100 97.3684 69.7368 27.6316 -13.1579
15.9 100 100 97.3684 69.7368 27.6316 -13.1579
16 100 100 97.3684 69.7368 27.6316 -13.1579
16.1 100 100 97.3684 69.7368 27.6316 -13.1579
16.2 100 100 97.3684 69.7368 27.6316 -13.1579
16.3 100 100 97.3684 71.0526 28.9474 -11.8421
16.4 100 100 97.3684 72.3684 30.2632 -10.5263
16.5 100 100 97.3684 72.3684 30.2632 -10.5263
16.6 100 100 97.3684 72.3684 31.5789 -9.21053
16.7 100 100 97.3684 72.3684 32.8947 -7.89474
16.8 100 100 97.3684 72.3684 32.8947 -7.89474
16.9 100 100 97.3684 72.3684 32.8947 -7.89474
17 100 100 97.3684 72.3684 32.8947 -7.89474
17.1 100 100 97.3684 72.3684 32.8947 -7.89474
17.2 100 100 97.3684 72.3684 32.8947 -7.89474
17.3 100 100 97.3684 72.3684 32.8947 -6.57895
17.4 100 100 97.3684 72.3684 32.8947 -6.57895
17.5 100 100 97.3684 72.3684 32.8947 -6.57895
17.6 100 100 97.3684 72.3684 32.8947 -6.57895
17.7 100 100 97.3684 72.3684 32.8947 -6.57895
17.8 100 100 97.3684 72.3684 32.8947 -6.57895
17.9 100 100 97.3684 72.3684 32.8947 -6.57895
18 100 100 97.3684 72.3684 32.8947 -6.57895
18.1 100 100 98.6842 73.6842 34.2105 -5.26316
18.2 100 100 98.6842 73.6842 34.2105 -5.26316
18.3 100 100 98.6842 75 35.5263 -3.94737
18.4 100 100 98.6842 76.3158 36.8421 -2.63158
18.5 100 100 98.6842 77.6316 38.1579 -1.31579
18.6 100 100 98.6842 77.6316 38.1579 -1.31579
18.7 100 100 98.6842 77.6316 38.1579 -1.31579
18.8 100 100 98.6842 77.6316 39.4737 0
18.9 100 100 98.6842 77.6316 39.4737 1.31579
19 100 100 98.6842 77.6316 39.4737 1.31579
19.1 100 100 98.6842 77.6316 39.4737 1.31579
19.2 100 100 98.6842 77.6316 40.7895 2.63158
19.3 100 100 98.6842 77.6316 42.1053 3.94737
19.4 100 100 98.6842 77.6316 43.4211 5.26316
19.5 100 100 98.6842 77.6316 43.4211 5.26316
19.6 100 100 98.6842 77.6316 43.4211 5.26316
19.7 100 100 98.6842 77.6316 43.4211 5.26316
19.8 100 100 98.6842 77.6316 43.4211 5.26316
19.9 100 100 98.6842 77.6316 43.4211 5.26316
20 100 100 98.6842 77.6316 43.4211 5.26316
20.1 100 100 98.6842 77.6316 43.4211 6.57895
20.2 100 100 98.6842 78.9474 44.7368 7.89474
20.3 100 100 98.6842 78.9474 44.7368 7.89474
20.4 100 100 98.6842 80.2632 46.0526 9.21053
20.5 100 100 98.6842 81.5789 47.3684 10.5263
20.6 100 100 98.6842 82.8947 48.6842 11.8421
20.7 100 100 98.6842 82.8947 48.6842 11.8421
20.8 100 100 98.6842 82.8947 48.6842 11.8421
20.9 100 100 98.6842 82.8947 48.6842 11.8421
21 100 100 98.6842 82.8947 50 13.1579
21.1 100 100 98.6842 82.8947 51.3158 14.4737
21.2 100 100 98.6842 82.8947 51.3158 14.4737
21.3 100 100 98.6842 84.2105 52.6316 15.7895
21.4 100 100 98.6842 84.2105 53.9474 17.1053
21.5 100 100 98.6842 84.2105 55.2632 18.4211
21.6 100 100 98.6842 84.2105 55.2632 18.4211
21.7 100 100 98.6842 84.2105 55.2632 18.4211
21.8 100 100 98.6842 84.2105 55.2632 18.4211
21.9 100 100 98.6842 84.2105 55.2632 18.4211
22 100 100 98.6842 84.2105 55.2632 18.4211
22.1 100 100 98.6842 85.5263 56.5789 19.7368
22.2 100 100 98.6842 85.5263 56.5789 21.0526
22.3 100 100 98.6842 86.8421 57.8947 22.3684
22.4 100 100 98.6842 86.8421 57.8947 22.3684
22.5 100 100 98.6842 86.8421 59.2105 23.6842
22.6 100 100 98.6842 86.8421 60.5263 25
22.7 100 100 98.6842 86.8421 60.5263 25
22.8 100 100 98.6842 86.8421 60.5263 25
22.9 100 100 98.6842 86.8421 60.5263 26.3158
23 100 100 100 88.1579 61.8421 27.6316
23.1 100 100 100 88.1579 61.8421 27.6316
23.2 100 100 100 88.1579 61.8421 28.9474
23.3 100 100 100 88.1579 61.8421 28.9474
23.4 100 100 100 88.1579 61.8421 28.9474
23.5 100 100 100 88.1579 61.8421 28.9474
23.6 100 100 100 88.1579 61.8421 28.9474
23.7 100 100 100 88.1579 61.8421 28.9474
23.8 100 100 100 89.4737 63.1579 30.2632
23.9 100 100 100 90.7895 64.4737 31.5789
24 100 100 100 90.7895 64.4737 32.8947
24.1 100 100 100 90.7895 64.4737 32.8947
24.2 100 100 100 90.7895 64.4737 34.2105
24.3 100 100 100 90.7895 65.7895 35.5263
24.4 100 100 100 92.1053 67.1053 36.8421
24.5 100 100 100 92.1053 67.1053 36.8421
24.6 100 100 100 92.1053 68.4211 38.1579
24.7 100 100 100 92.1053 69.7368 39.4737
24.8 100 100 100 92.1053 69.7368 39.4737
24.9 100 100 100 92.1053 69.7368 39.4737
25 100 100 100 93.4211 71.0526 40.7895
25.1 100 100 100 93.4211 71.0526 40.7895
25.2 100 100 100 93.4211 72.3684 42.1053
25.3 100 100 100 93.4211 72.3684 42.1053
25.4 100 100 100 93.4211 72.3684 42.1053
25.5 100 100 100 93.4211 72.3684 42.1053
25.6 100 100 100 93.4211 73.6842 43.4211
25.7 100 100 100 94.7368 75 44.7368
25.8 100 100 100 94.7368 75 44.7368
25.9 100 100 100 94.7368 75 44.7368
26 100 100 100 94.7368 75 44.7368
26.1 100 100 100 94.7368 75 46.0526
26.2 100 100 100 94.7368 75 46.0526
26.3 100 100 100 94.7368 75 46.0526
26.4 100 100 100 94.7368 76.3158 47.3684
26.5 100 100 100 94.7368 77.6316 48.6842
26.6 100 100 100 94.7368 77.6316 48.6842
26.7 100 100 100 94.7368 77.6316 48.6842
26.8 100 100 100 94.7368 77.6316 48.6842
26.9 100 100 100 94.7368 77.6316 50
27 100 100 100 94.7368 77.6316 50
27.1 100 100 100 94.7368 77.6316 51.3158
27.2 100 100 100 94.7368 77.6316 51.3158
27.3 100 100 100 94.7368 77.6316 51.3158
27.4 100 100 100 94.7368 77.6316 51.3158
27.5 100 100 100 94.7368 77.6316 51.3158
27.6 100 100 100 94.7368 77.6316 51.3158
27.7 100 100 100 94.7368 77.6316 51.3158
27.8 100 100 100 94.7368 77.6316 51.3158
27.9 100 100 100 94.7368 77.6316 51.3158
28 100 100 100 94.7368 77.6316 51.3158
28.1 100 100 100 96.0526 78.9474 52.6316
28.2 100 100 100 96.0526 78.9474 52.6316
28.3 100 100 100 96.0526 78.9474 52.6316
28.4 100 100 100 96.0526 78.9474 52.6316
28.5 100 100 100 97.3684 80.2632 53.9474
28.6 100 100 100 97.3684 80.2632 53.9474
28.7 100 100 100 97.3684 80.2632 53.9474
28.8 100 100 100 98.6842 81.5789 55.2632
28.9 100 100 100 100 82.8947 56.5789
29 100 100 100 100 82.8947 56.5789
29.1 100 100 100 100 82.8947 56.5789
29.2 100 100 100 100 82.8947 57.8947
29.3 100 100 100 100 82.8947 59.2105
29.4 100 100 100 100 82.8947 60.5263
29.5 100 100 100 100 82.8947 60.5263
29.6 100 100 100 100 82.8947 60.5263
29.7 100 100 100 100 82.8947 60.5263
29.8 100 100 100 100 82.8947 60.5263
29.9 100 100 100 100 84.2105 61.8421
30 100 100 100 100 84.2105 61.8421
30.1 100 100 100 100 85.5263 63.1579
30.2 100 100 100 100 85.5263 63.1579
30.3 100 100 100 100 85.5263 64.4737
30.4 100 100 100 100 85.5263 64.4737
30.5 100 100 100 100 85.5263 64.4737
30.6 100 100 100 100 85.5263 64.4737
30.7 100 100 100 100 85.5263 64.4737
30.8 100 100 100 100 85.5263 64.4737
30.9 100 100 100 100 85.5263 64.4737
31 100 100 100 100 85.5263 64.4737
31.1 100 100 100 100 86.8421 65.7895
31.2 100 100 100 100 86.8421 65.7895
31.3 100 100 100 100 86.8421 67.1053
31.4 100 100 100 100 86.8421 67.1053
31.5 100 100 100 100 88.1579 68.4211
31.6 100 100 100 100 88.1579 68.4211
31.7 100 100 100 100 88.1579 68.4211
31.8 100 100 100 100 88.1579 68.4211
31.9 100 100 100 100 88.1579 69.7368
32 100 100 100 100 89.4737 71.0526
32.1 100 100 100 100 89.4737 71.0526
32.2 100 100 100 100 89.4737 71.0526
32.3 100 100 100 100 89.4737 72.3684
32.4 100 100 100 100 89.4737 72.3684
32.5 100 100 100 100 89.4737 72.3684
32.6 100 100 100 100 89.4737 72.3684
32.7 100 100 100 100 90.7895 73.6842
32.8 100 100 100 100 90.7895 73.6842
32.9 100 100 100 100 90.7895 73.6842
33 100 100 100 100 90.7895 73.6842
33.1 100 100 100 100 90.7895 73.6842
33.2 100 100 100 100 90.7895 73.6842
33.3 100 100 100 100 90.7895 73.6842
33.4 100 100 100 100 90.7895 75
33.5 100 100 100 100 90.7895 75
33.6 100 100 100 100 92.1053 76.3158
33.7 100 100 100 100 92.1053 76.3158
33.8 100 100 100 100 92.1053 76.3158
33.9 100 100 100 100 92.1053 76.3158
34 100 100 100 100 93.4211 77.6316
34.1 100 100 100 100 93.4211 77.6316
34.2 100 100 100 100 93.4211 77.6316
34.3 100 100 100 100 93.4211 78.9474
34.4 100 100 100 100 93.4211 80.2632
34.5 100 100 100 100 94.7368 81.5789
34.6 100 100 100 100 94.7368 81.5789
34.7 100 100 100 100 94.7368 81.5789
34.8 100 100 100 100 94.7368 81.5789
34.9 100 100 100 100 94.7368 82.8947
35 100 100 100 100 94.7368 82.8947
35.1 100 100 100 100 94.7368 82.8947
35.2 100 100 100 100 94.7368 84.2105
35.3 100 100 100 100 96.0526 85.5263
35.4 100 100 100 100 96.0526 85.5263
35.5 100 100 100 100 96.0526 85.5263
35.6 100 100 100 100 96.0526 85.5263
35.7 100 100 100 100 96.0526 85.5263
35.8 100 100 100 100 96.0526 85.5263
35.9 100 100 100 100 96.0526 85.5263
36 100 100 100 100 96.0526 85.5263
36.1 100 100 100 100 96.0526 85.5263
36.2 100 100 100 100 96.0526 85.5263
36.3 100 100 100 100 96.0526 85.5263
36.4 100 100 100 100 96.0526 85.5263
36.5 100 100 100 100 97.3684 86.8421
36.6 100 100 100 100 97.3684 88.1579
36.7 100 100 100 100 97.3684 88.1579
36.8 100 100 100 100 97.3684 88.1579
36.9 100 100 100 100 97.3684 88.1579
37 100 100 100 100 97.3684 88.1579
37.1 100 100 100 100 97.3684 88.1579
37.2 100 100 100 100 98.6842 89.4737
37.3 100 100 100 100 98.6842 89.4737
37.4 100 100 100 100 98.6842 89.4737
37.5 100 100 100 100 98.6842 89.4737
37.6 100 100 100 100 98.6842 89.4737
37.7 100 100 100 100 98.6842 89.4737
37.8 100 100 100 100 98.6842 89.4737
37.9 100 100 100 100 98.6842 89.4737
38 100 100 100 100 98.6842 89.4737
38.1 100 100 100 100 98.6842 89.4737
38.2 100 100 100 100 100 90.7895
38.3 100 100 100 100 100 90.7895
38.4 100 100 100 100 100 90.7895
38.5 100 100 100 100 100 90.7895
38.6 100 100 100 100 100 90.7895
38.7 100 100 100 100 100 90.7895
38.8 100 100 100 100 100 90.7895
38.9 100 100 100 100 100 90.7895
39 100 100 100 100 100 90.7895
39.1 100 100 100 100 100 90.7895
39.2 100 100 100 100 100 90.7895
39.3 100 100 100 100 100 90.7895
39.4 100 100 100 100 100 90.7895
39.5 100 100 100 100 100 92.1053
39.6 100 100 100 100 100 92.1053
39.7 100 100 100 100 100 92.1053
39.8 100 100 100 100 100 93.4211
39.9 100 100 100 100 100 93.4211
40 100 100 100 100 100 93.4211
40.1 100 100 100 100 100 93.4211
40.2 100 100 100 100 100 93.4211
40.3 100 100 100 100 100 93.4211
40.4 100 100 100 100 100 93.4211
40.5 100 100 100 100 100 93.4211
40.6 100 100 100 100 100 93.4211
40.7 100 100 100 100 100 93.4211
40.8 100 100 100 100 100 93.4211
40.9 100 100 100 100 100 93.4211
41 100 100 100 100 100 93.4211
41.1 100 100 100 100 100 93.4211
41.2 100 100 100 100 100 93.4211
41.3 100 100 100 100 100 93.4211
41.4 100 100 100 100 100 93.4211
41.5 100 100 100 100 100 93.4211
41.6 100 100 100 100 100 93.4211
41.7 100 100 100 100 100 93.4211
41.8 100 100 100 100 100 93.4211
41.9 100 100 100 100 100 93.4211
42 100 100 100 100 100 93.4211
42.1 100 100 100 100 100 93.4211
42.2 100 100 100 100 100 93.4211
42.3 100 100 100 100 100 93.4211
42.4 100 100 100 100 100 93.4211
42.5 100 100 100 100 100 93.4211
42.6 100 100 100 100 100 93.4211
42.7 100 100 100 100 100 94.7368
42.8 100 100 100 100 100 94.7368
42.9 100 100 100 100 100 94.7368
43 100 100 100 100 100 94.7368
43.1 100 100 100 100 100 94.7368
43.2 100 100 100 100 100 94.7368
43.3 100 100 100 100 100 94.7368
43.4 100 100 100 100 100 94.7368
43.5 100 100 100 100 100 94.7368
43.6 100 100 100 100 100 94.7368
43.7 100 100 100 100 100 94.7368
43.8 100 100 100 100 100 94.7368
43.9 100 100 100 100 100 96.0526
44 100 100 100 100 100 96.0526
44.1 100 100 100 100 100 96.0526
44.2 100 100 100 100 100 96.0526
44.3 100 100 100 100 100 96.0526
44.4 100 100 100 100 100 96.0526
44.5 100 100 100 100 100 97.3684
44.6 100 100 100 100 100 97.3684
44.7 100 100 100 100 100 97.3684
44.8 100 100 100 100 100 97.3684
44.9 100 100 100 100 100 98.6842
45 100 100 100 100 100 98.6842
45.1 100 100 100 100 100 98.6842
45.2 100 100 100 100 100 98.6842
45.3 100 100 100 100 100 98.6842
45.4 100 100 100 100 100 98.6842
45.5 100 100 100 100 100 98.6842
45.6 100 100 100 100 100 98.6842
45.7 100 100 100 100 100 98.6842
45.8 100 100 100 100 100 98.6842
45.9 100 100 100 100 100 98.6842
46 100 100 100 100 100 100
46.1 100 100 100 100 100 100
46.2 100 100 100 100 100 100
46.3 100 100 100 100 100 100
46.4 100 100 100 100 100 100
46.5 100 100 100 100 100 100
46.6 100 100 100 100 100 100
46.7 100 100 100 100 100 100
46.8 100 100 100 100 100 100
46.9 100 100 100 100 100 100
47 100 100 100 100 100 100
47.1 100 100 100 100 100 100
47.2 100 100 100 100 100 100
47.3 100 100 100 100 100 100
47.4 100 100 100 100 100 100
47.5 100 100 100 100 100 100
47.6 100 100 100 100 100 100
47.7 100 100 100 100 100 100
47.8 100 100 100 100 100 100
47.9 100 100 100 100 100 100
48 100 100 100 100 100 100
48.1 100 100 100 100 100 100
48.2 100 100 100 100 100 100
48.3 100 100 100 100 100 100
48.4 100 100 100 100 100 100
48.5 100 100 100 100 100 100
48.6 100 100 100 100 100 100
48.7 100 100 100 100 100 100
48.8 100 100 100 100 100 100
48.9 100 100 100 100 100 100
49 100 100 100 100 100 100
49.1 100 100 100 100 100 100
49.2 100 100 100 100 100 100
49.3 100 100 100 100 100 100
49.4 100 100 100 100 100 100
49.5 100 100 100 100 100 100
49.6 100 100 100 100 100 100
49.7 100 100 100 100 100 100
49.8 100 100 100 100 100 100
49.9 100 100 100 100 100 100
50 100 100 100 100 100 100
50.1 100 100 100 100 100 100
50.2 100 100 100 100 100 100
50.3 100 100 100 100 100 100
50.4 100 100 100 100 100 100
50.5 100 100 100 100 100 100
50.6 100 100 100 100 100 100
50.7 100 100 100 100 100 100
50.8 100 100 100 100 100 100
50.9 100 100 100 100 100 100
51 100 100 100 100 100 100
51.1 100 100 100 100 100 100
51.2 100 100 100 100 100 100
51.3 100 100 100 100 100 100
51.4 100 100 100 100 100 100
51.5 100 100 100 100 100 100
51.6 100 100 100 100 100 100
51.7 100 100 100 100 100 100
51.8 100 100 100 100 100 100
51.9 100 100 100 100 100 100
52 100 100 100 100 100 100
52.1 100 100 100 100 100 100
52.2 100 100 100 100 100 100
52.3 100 100 100 100 100 100
52.4 100 100 100 100 100 100
52.5 100 100 100 100 100 100
52.6 100 100 100 100 100 100
52.7 100 100 100 100 100 100
52.8 100 100 100 100 100 100
52.9 100 100 100 100 100 100
53 100 100 100 100 100 100
53.1 100 100 100 100 100 100
53.2 100 100 100 100 100 100
53.3 100 100 100 100 100 100
53.4 100 100 100 100 100 100
53.5 100 100 100 100 100 100
53.6 100 100 100 100 100 100
53.7 100 100 100 100 100 100
53.8 100 100 100 100 100 100
53.9 100 100 100 100 100 100
54 100 100 100 100 100 100
54.1 100 100 100 100 100 100
54.2 100 100 100 100 100 100
54.3 100 100 100 100 100 100
54.4 100 100 100 100 100 100
54.5 100 100 100 100 100 100
54.6 100 100 100 100 100 100
54.7 100 100 100 100 100 100
54.8 100 100 100 100 100 100
54.9 100 100 100 100 100 100
55 100 100 100 100 100 100
55.1 100 100 100 100 100 100
55.2 100 100 100 100 100 100
55.3 100 100 100 100 100 100
55.4 100 100 100 100 100 100
55.5 100 100 100 100 100 100
55.6 100 100 100 100 100 100
55.7 100 100 100 100 100 100
55.8 100 100 100 100 100 100
55.9 100 100 100 100 100 100
56 100 100 100 100 100 100
56.1 100 100 100 100 100 100
56.2 100 100 100 100 100 100
56.3 100 100 100 100 100 100
56.4 100 100 100 100 100 100
56.5 100 100 100 100 100 100
56.6 100 100 100 100 100 100
56.7 100 100 100 100 100 100
56.8 100 100 100 100 100 100
56.9 100 100 100 100 100 100
57 100 100 100 100 100 100
57.1 100 100 100 100 100 100
57.2 100 100 100 100 100 100
57.3 100 100 100 100 100 100
57.4 100 100 100 100 100 100
57.5 100 100 100 100 100 100
57.6 100 100 100 100 100 100
57.7 100 100 100 100 100 100
57.8 100 100 100 100 100 100
57.9 100 100 100 100 100 100
58 100 100 100 100 100 100
58.1 100 100 100 100 100 100
58.2 100 100 100 100 100 100
58.3 100 100 100 100 100 100
58.4 100 100 100 100 100 100
58.5 100 100 100 100 100 100
58.6 100 100 100 100 100 100
58.7 100 100 100 100 100 100
58.8 100 100 100 100 100 100
58.9 100 100 100 100 100 100
59 100 100 100 100 100 100
59.1 100 100 100 100 100 100
59.2 100 100 100 100 100 100
59.3 100 100 100 100 100 100
59.4 100 100 100 100 100 100
59.5 100 100 100 100 100 100
59.6 100 100 100 100 100 100
59.7 100 100 100 100 100 100
59.8 100 100 100 100 100 100
59.9 100 100 100 100 100 100
60 100 100 100 100 100 100
60.1 100 100 100 100 100 100
60.2 100 100 100 100 100 100
60.3 100 100 100 100 100 100
60.4 100 100 100 100 100 100
60.5 100 100 100 100 100 100
60.6 100 100 100 100 100 100
60.7 100 100 100 100 100 100
60.8 100 100 100 100 100 100
60.9 100 100 100 100 100 100
61 100 100 100 100 100 100
61.1 100 100 100 100 100 100
61.2 100 100 100 100 100 100
61.3 100 100 100 100 100 100
61.4 100 100 100 100 100 100
61.5 100 100 100 100 100 100
61.6 100 100 100 100 100 100
61.7 100 100 100 100 100 100
61.8 100 100 100 100 100 100
61.9 100 100 100 100 100 100
62 100 100 100 100 100 100
62.1 100 100 100 100 100 100
62.2 100 100 100 100 100 100
62.3 100 100 100 100 100 100
62.4 100 100 100 100 100 100
62.5 100 100 100 100 100 100
62.6 100 100 100 100 100 100
62.7 100 100 100 100 100 100
62.8 100 100 100 100 100 100
62.9 100 100 100 100 100 100
63 100 100 100 100 100 100
63.1 100 100 100 100 100 100
63.2 100 100 100 100 100 100
63.3 100 100 100 100 100 100
63.4 100 100 100 100 100 100
63.5 100 100 100 100 100 100
63.6 100 100 100 100 100 100
63.7 100 100 100 100 100 100
63.8 100 100 100 100 100 100
63.9 100 100 100 100 100 100
64 100 100 100 100 100 100
64.1 100 100 100 100 100 100
64.2 100 100 100 100 100 100
64.3 100 100 100 100 100 100
64.4 100 100 100 100 100 100
64.5 100 100 100 100 100 100
64.6 100 100 100 100 100 100
64.7 100 100 100 100 100 100
64.8 100 100 100 100 100 100
64.9 100 100 100 100 100 100
65 100 100 100 100 100 100
65.1 100 100 100 100 100 100
65.2 100 100 100 100 100 100
65.3 100 100 100 100 100 100
65.4 100 100 100 100 100 100
65.5 100 100 100 100 100 100
65.6 100 100 100 100 100 100
65.7 100 100 100 100 100 100
65.8 100 100 100 100 100 100
65.9 100 100 100 100 100 100
66 100 100 100 100 100 100
66.1 100 100 100 100 100 100
66.2 100 100 100 100 100 100
66.3 100 100 100 100 100 100
66.4 100 100 100 100 100 100
66.5 100 100 100 100 100 100
66.6 100 100 100 100 100 100
66.7 100 100 100 100 100 100
66.8 100 100 100 100 100 100
66.9 100 100 100 100 100 100
67 100 100 100 100 100 100
67.1 100 100 100 100 100 100
67.2 100 100 100 100 100 100
67.3 100 100 100 100 100 100
67.4 100 100 100 100 100 100
67.5 100 100 100 100 100 100
67.6 100 100 100 100 100 100
67.7 100 100 100 100 100 100
67.8 100 100 100 100 100 100
67.9 100 100 100 100 100 100
68 100 100 100 100 100 100
68.1 100 100 100 100 100 100
68.2 100 100 100 100 100 100
68.3 100 100 100 100 100 100
68.4 100 100 100 100 100 100
68.5 100 100 100 100 100 100
68.6 100 100 100 100 100 100
68.7 100 100 100 100 100 100
68.8 100 100 100 100 100 100
68.9 100 100 100 100 100 100
69 100 100 100 100 100 100
69.1 100 100 100 100 100 100
69.2 100 100 100 100 100 100
69.3 100 100 100 100 100 100
69.4 100 100 100 100 100 100
69.5 100 100 100 100 100 100
69.6 100 100 100 100 100 100
69.7 100 100 100 100 100 100
69.8 100 100 100 100 100 100
69.9 100 100 100 100 100 100
70 100 100 100 100 100 100
70.1 100 100 100 100 100 100
70.2 100 100 100 100 100 100
70.3 100 100 100 100 100 100
70.4 100 100 100 100 100 100
70.5 100 100 100 100 100 100
70.6 100 100 100 100 100 100
70.7 100 100 100 100 100 100
70.8 100 100 100 100 100 100
70.9 100 100 100 100 100 100
71 100 100 100 100 100 100
71.1 100 100 100 100 100 100
71.2 100 100 100 100 100 100
71.3 100 100 100 100 100 100
71.4 100 100 100 100 100 100
71.5 100 100 100 100 100 100
71.6 100 100 100 100 100 100
71.7 100 100 100 100 100 100
71.8 100 100 100 100 100 100
71.9 100 100 100 100 100 100
72 100 100 100 100 100 100
72.1 100 100 100 100 100 100
72.2 100 100 100 100 100 100
72.3 100 100 100 100 100 100
72.4 100 100 100 100 100 100
72.5 100 100 100 100 100 100
72.6 100 100 100 100 100 100
72.7 100 100 100 100 100 100
72.8 100 100 100 100 100 100
72.9 100 100 100 100 100 100
73 100 100 100 100 100 100
73.1 100 100 100 100 100 100
73.2 100 100 100 100 100 100
73.3 100 100 100 100 100 100
73.4 100 100 100 100 100 100
73.5 100 100 100 100 100 100
73.6 100 100 100 100 100 100
73.7 100 100 100 100 100 100
73.8 100 100 100 100 100 100
73.9 100 100 100 100 100 100
74 100 100 100 100 100 100
74.1 100 100 100 100 100 100
74.2 100 100 100 100 100 100
74.3 100 100 100 100 100 100
74.4 100 100 100 100 100 100
74.5 100 100 100 100 100 100
74.6 100 100 100 100 100 100
74.7 100 100 100 100 100 100
74.8 100 100 100 100 100 100
74.9 100 100 100 100 100 100
75 100 100 100 100 100 100
75.1 100 100 100 100 100 100
75.2 100 100 100 100 100 100
75.3 100 100 100 100 100 100
75.4 100 100 100 100 100 100
75.5 100 100 100 100 100 100
75.6 100 100 100 100 100 100
75.7 100 100 100 100 100 100
75.8 100 100 100 100 100 100
75.9 100 100 100 100 100 100
76 100 100 100 100 100 100
76.1 100 100 100 100 100 100
76.2 100 100 100 100 100 100
76.3 100 100 100 100 100 100
76.4 100 100 100 100 100 100
76.5 100 100 100 100 100 100
76.6 100 100 100 100 100 100
76.7 100 100 100 100 100 100
76.8 100 100 100 100 100 100
76.9 100 100 100 100 100 100
77 100 100 100 100 100 100
77.1 100 100 100 100 100 100
77.2 100 100 100 100 100 100
77.3 100 100 100 100 100 100
77.4 100 100 100 100 100 100
77.5 100 100 100 100 100 100
77.6 100 100 100 100 100 100
77.7 100 100 100 100 100 100
77.8 100 100 100 100 100 100
77.9 100 100 100 100 100 100
78 100 100 100 100 100 100
78.1 100 100 100 100 100 100
78.2 100 100 100 100 100 100
78.3 100 100 100 100 100 100
78.4 100 100 100 100 100 100
78.5 100 100 100 100 100 100
78.6 100 100 100 100 100 100
78.7 100 100 100 100 100 100
78.8 100 100 100 100 100 100
78.9 100 100 100 100 100 100
79 100 100 100 100 100 100
79.1 100 100 100 100 100 100
79.2 100 100 100 100 100 100
79.3 100 100 100 100 100 100
79.4 100 100 100 100 100 100
79.5 100 100 100 100 100 100
79.6 100 100 100 100 100 100
79.7 100 100 100 100 100 100
79.8 100 100 100 100 100 100
79.9 100 100 100 100 100 100
80 100 100 100 100 100 100
80.1 100 100 100 100 100 100
80.2 100 100 100 100 100 100
80.3 100 100 100 100 100 100
80.4 100 100 100 100 100 100
80.5 100 100 100 100 100 100
80.6 100 100 100 100 100 100
80.7 100 100 100 100 100 100
80.8 100 100 100 100 100 100
80.9 100 100 100 100 100 100
81 100 100 100 100 100 100
81.1 100 100 100 100 100 100
81.2 100 100 100 100 100 100
81.3 100 100 100 100 100 100
81.4 100 100 100 100 100 100
81.5 100 100 100 100 100 100
81.6 100 100 100 100 100 100
81.7 100 100 100 100 100 100
81.8 100 100 100 100 100 100
81.9 100 100 100 100 100 100
82 100 100 100 100 100 100
82.1 100 100 100 100 100 100
82.2 100 100 100 100 100 100
82.3 100 100 100 100 100 100
82.4 100 100 100 100 100 100
82.5 100 100 100 100 100 100
82.6 100 100 100 100 100 100
82.7 100 100 100 100 100 100
82.8 100 100 100 100 100 100
82.9 100 100 100 100 100 100
83 100 100 100 100 100 100
83.1 100 100 100 100 100 100
83.2 100 100 100 100 100 100
83.3 100 100 100 100 100 100
83.4 100 100 100 100 100 100
83.5 100 100 100 100 100 100
83.6 100 100 100 100 100 100
83.7 100 100 100 100 100 100
83.8 100 100 100 100 100 100
83.9 100 100 100 100 100 100
84 100 100 100 100 100 100
84.1 100 100 100 100 100 100
84.2 100 100 100 100 100 100
84.3 100 100 100 100 100 100
84.4 100 100 100 100 100 100
84.5 100 100 100 100 100 100
84.6 100 100 100 100 100 100
84.7 100 100 100 100 100 100
84.8 100 100 100 100 100 100
84.9 100 100 100 100 100 100
85 100 100 100 100 100 100
85.1 100 100 100 100 100 100
85.2 100 100 100 100 100 100
85.3 100 100 100 100 100 100
85.4 100 100 100 100 100 100
85.5 100 100 100 100 100 100
85.6 100 100 100 100 100 100
85.7 100 100 100 100 100 100
85.8 100 100 100 100 100 100
85.9 100 100 100 100 100 100
86 100 100 100 100 100 100
86.1 100 100 100 100 100 100
86.2 100 100 100 100 100 100
86.3 100 100 100 100 100 100
86.4 100 100 100 100 100 100
86.5 100 100 100 100 100 100
86.6 100 100 100 100 100 100
86.7 100 100 100 100 100 100
86.8 100 100 100 100 100 100
86.9 100 100 100 100 100 100
87 100 100 100 100 100 100
87.1 100 100 100 100 100 100
87.2 100 100 100 100 100 100
87.3 100 100 100 100 100 100
87.4 100 100 100 100 100 100
87.5 100 100 100 100 100 100
87.6 100 100 100 100 100 100
87.7 100 100 100 100 100 100
87.8 100 100 100 100 100 100
87.9 100 100 100 100 100 100
88 100 100 100 100 100 100
88.1 100 100 100 100 100 100
88.2 100 100 100 100 100 100
88.3 100 100 100 100 100 100
88.4 100 100 100 100 100 100
88.5 100 100 100 100 100 100
88.6 100 100 100 100 100 100
88.7 100 100 100 100 100 100
88.8 100 100 100 100 100 100
88.9 100 100 100 100 100 100
89 100 100 100 100 100 100
89.1 100 100 100 100 100 100
89.2 100 100 100 100 100 100
89.3 100 100 100 100 100 100
89.4 100 100 100 100 100 100
89.5 100 100 100 100 100 100
89.6 100 100 100 100 100 100
89.7 100 100 100 100 100 100
89.8 100 100 100 100 100 100
89.9 100 100 100 100 100 100
90 100 100 100 100 100 100
90.1 100 100 100 100 100 100
90.2 100 100 100 100 100 100
90.3 100 100 100 100 100 100
90.4 100 100 100 100 100 100
90.5 100 100 100 100 100 100
90.6 100 100 100 100 100 100
90.7 100 100 100 100 100 100
90.8 100 100 100 100 100 100
90.9 100 100 100 100 100 100
91 100 100 100 100 100 100
91.1 100 100 100 100 100 100
91.2 100 100 100 100 100 100
91.3 100 100 100 100 100 100
91.4 100 100 100 100 100 100
91.5 100 100 100 100 100 100
91.6 100 100 100 100 100 100
91.7 100 100 100 100 100 100
91.8 100 100 100 100 100 100
91.9 100 100 100 100 100 100
92 100 100 100 100 100 100
92.1 100 100 100 100 100 100
92.2 100 100 100 100 100 100
92.3 100 100 100 100 100 100
92.4 100 100 100 100 100 100
92.5 100 100 100 100 100 100
92.6 100 100 100 100 100 100
92.7 100 100 100 100 100 100
92.8 100 100 100 100 100 100
92.9 100 100 100 100 100 100
93 100 100 100 100 100 100
93.1 100 100 100 100 100 100
93.2 100 100 100 100 100 100
93.3 100 100 100 100 100 100
93.4 100 100 100 100 100 100
93.5 100 100 100 100 100 100
93.6 100 100 100 100 100 100
93.7 100 100 100 100 100 100
93.8 100 100 100 100 100 100
93.9 100 100 100 100 100 100
94 100 100 100 100 100 100
94.1 100 100 100 100 100 100
94.2 100 100 100 100 100 100
94.3 100 100 100 100 100 100
94.4 100 100 100 100 100 100
94.5 100 100 100 100 100 100
94.6 100 100 100 100 100 100
94.7 100 100 100 100 100 100
94.8 100 100 100 100 100 100
94.9 100 100 100 100 100 100
95 100 100 100 100 100 100
95.1 100 100 100 100 100 100
95.2 100 100 100 100 100 100
95.3 100 100 100 100 100 100
95.4 100 100 100 100 100 100
95.5 100 100 100 100 100 100
95.6 100 100 100 100 100 100
95.7 100 100 100 100 100 100
95.8 100 100 100 100 100 100
95.9 100 100 100 100 100 100
96 100 100 100 100 100 100
96.1 100 100 100 100 100 100
96.2 100 100 100 100 100 100
96.3 100 100 100 100 100 100
96.4 100 100 100 100 100 100
96.5 100 100 100 100 100 100
96.6 100 100 100 100 100 100
96.7 100 100 100 100 100 100
96.8 100 100 100 100 100 100
96.9 100 100 100 100 100 100
97 100 100 100 100 100 100
97.1 100 100 100 100 100 100
97.2 100 100 100 100 100 100
97.3 100 100 100 100 100 100
97.4 100 100 100 100 100 100
97.5 100 100 100 100 100 100
97.6 100 100 100 100 100 100
97.7 100 100 100 100 100 100
97.8 100 100 100 100 100 100
97.9 100 100 100 100 100 100
98 100 100 100 100 100 100
98.1 100 100 100 100 100 100
98.2 100 100 100 100 100 100
98.3 100 100 100 100 100 100
98.4 100 100 100 100 100 100
98.5 100 100 100 100 100 100
98.6 100 100 100 100 100 100
98.7 100 100 100 100 100 100
98.8 100 100 100 100 100 100
98.9 100 100 100 100 100 100
99 100 100 100 100 100 100
99.1 100 100 100 100 100 100
99.2 100 100 100 100 100 100
99.3 100 100 100 100 100 100
99.4 100 100 100 100 100 100
99.5 100 100 100 100 100 100
99.6 100 100 100 100 100 100
99.7 100 100 100 100 100 100
99.8 100 100 100 100 100 100
99.9 100 100 100 100 100 100
100 100 100 100 100 100 100
