0.1 10 1.99829 0.999144 0.666032 0.499536 0.399612 
0.2 20 3.99657 1.99829 1.33206 0.999072 0.799224 
0.3 29.8571 5.99486 2.99743 1.9981 1.49861 1.19884 
0.4 39.5714 7.99315 3.99657 2.66413 1.99814 1.59845 
0.5 49.2857 9.99144 4.99572 3.33016 2.49768 1.99806 
0.6 59 11.9897 5.99486 3.99619 2.99722 2.39767 
0.7 68.2857 13.988 6.99401 4.66223 3.49675 2.79728 
0.8 76.5714 15.9863 7.99315 5.32826 3.99629 3.19689 
0.9 82.2857 17.9846 8.99229 5.99429 4.49583 3.59651 
1 86.7143 19.9829 9.99144 6.66032 4.99536 3.99612 
1.1 89 21.9812 10.9906 7.32636 5.4949 4.39573 
1.2 91.7143 23.9509 11.9754 7.99239 5.99443 4.79534 
1.3 94 25.9492 12.9746 8.65842 6.49397 5.19495 
1.4 95.7143 27.9475 13.9737 9.32445 6.99351 5.59457 
1.5 96.4286 29.9743 14.9872 10 7.50018 5.99989 
1.6 97.1429 31.944 15.972 10.666 7.99971 6.3995 
1.7 98.1429 33.8852 16.9426 11.3321 8.49925 6.79911 
1.8 98.4286 35.855 17.9275 11.9886 8.99165 7.19872 
1.9 98.4286 37.8533 18.9266 12.6546 9.49119 7.59833 
2 98.5714 39.823 19.9258 13.3206 9.99072 7.99794 
2.1 99 41.7642 20.8964 13.9867 10.4903 8.39756 
2.2 99.1429 43.7625 21.8955 14.6527 10.9898 8.79717 
2.3 99.1429 45.6466 22.8804 15.3187 11.4893 9.19678 
2.4 99.4286 47.5307 23.8653 15.9848 11.9889 9.59639 
2.5 99.5714 49.3862 24.8644 16.6508 12.4884 9.996 
2.6 99.8571 51.2703 25.8635 17.3168 12.9879 10.3956 
2.7 99.8571 53.1259 26.8484 17.9829 13.4875 10.7952 
2.8 100 55.01 27.819 18.6489 13.987 11.1948 
2.9 100 56.6086 28.7753 19.3149 14.4865 11.5945 
3 100 58.2929 29.7317 19.9905 14.9932 11.9998 
3.1 100 60.0057 30.7308 20.6565 15.4928 12.3994 
3.2 100 61.6329 31.6586 21.313 15.9923 12.799 
3.3 100 63.0317 32.5721 21.9791 16.4918 13.1986 
3.4 100 64.5447 33.4856 22.6356 16.9914 13.5982 
3.5 100 66.0862 34.3705 23.3016 17.4909 13.9978 
3.6 100 67.485 35.3269 23.9676 17.9904 14.3974 
3.7 100 68.8267 36.2404 24.6337 18.49 14.7971 
3.8 100 70.2541 37.111 25.2997 18.9895 15.1967 
3.9 100 71.6529 38.0388 25.9467 19.489 15.5963 
4 100 73.0517 38.9381 26.6032 19.9886 15.9959 
4.1 100 74.3648 39.8516 27.2693 20.4881 16.3955 
4.2 100 75.3354 40.7365 27.9258 20.9877 16.7951 
4.3 100 76.5629 41.6215 28.5633 21.4729 17.189 
4.4 100 77.5621 42.4065 29.1722 21.951 17.5772 
4.5 100 78.704 43.3343 29.8382 22.4577 17.9825 
4.6 100 79.6175 44.1907 30.4948 22.9573 18.3821 
4.7 100 80.6166 45.0899 31.1418 23.4497 18.7818 
4.8 100 81.6158 45.9178 31.8078 23.9492 19.1814 
4.9 100 82.3294 46.7028 32.4453 24.4345 19.581 
5 100 83.2429 47.5307 33.0923 24.934 19.9806 
5.1 100 84.1564 48.3585 33.7012 25.4335 20.3802 
5.2 100 84.6703 48.8724 34.215 25.8831 20.7684 
5.3 100 85.6123 49.6717 34.843 26.3612 21.1509 
5.4 100 86.3831 50.5138 35.4995 26.8608 21.5505 
5.5 100 86.9826 51.3132 36.1275 27.3532 21.9444 
5.6 100 87.4393 52.0554 36.784 27.8456 22.3383 
5.7 100 88.0103 52.7548 37.412 28.3451 22.7379 
5.8 100 88.8381 53.5398 38.0685 28.8446 23.1375 
5.9 100 89.5518 54.3249 38.706 29.3513 23.5428 
6 100 90.2369 55.0814 39.372 29.8509 23.9425 
6.1 100 90.6366 55.7665 39.9619 30.3433 24.3364 
6.2 100 91.0363 56.3517 40.5423 30.8285 24.736 
6.3 100 91.2932 56.8084 41.0086 31.271 25.1185 
6.4 100 91.5501 57.1225 41.294 31.6706 25.4667 
6.5 100 91.9783 57.9075 41.9125 32.163 25.8606 
6.6 100 92.6634 58.664 42.55 32.6625 26.2602 
6.7 100 92.9204 59.3919 43.216 33.1621 26.6598 
6.8 100 93.2629 60.1484 43.8725 33.6545 27.0537 
6.9 100 93.6626 60.8764 44.491 34.1326 27.4476 
7 100 94.1193 61.5187 45.1094 34.6321 27.8472 
7.1 100 94.4333 62.0611 45.6898 35.1245 28.2468 
7.2 100 94.6903 62.6035 46.2797 35.5955 28.6407 
7.3 100 94.9757 63.1459 46.8506 36.0808 29.0404 
7.4 100 95.1756 63.7454 47.4596 36.5732 29.44 
7.5 100 95.4325 64.302 47.9829 37.0513 29.8339 
7.6 100 95.6323 64.7731 48.5252 37.5294 30.2221 
7.7 100 95.775 65.2013 49.02 38.0218 30.6217 
7.8 100 95.8892 65.6295 49.4672 38.4857 31.0156 
7.9 100 96.0034 65.9149 49.8382 38.9424 31.4152 
8 100 96.0891 66.0719 50.0856 39.3349 31.7863 
8.1 100 96.1176 66.2575 50.295 39.7131 32.1573 
8.2 100 96.1747 66.3289 50.352 40.0842 32.5341 
8.3 100 96.1747 66.4145 50.4567 40.2341 32.7739 
8.4 100 96.4887 66.9854 51.0561 40.7265 33.1735 
8.5 100 96.8027 67.6277 51.5794 41.226 33.5731 
8.6 100 97.0026 68.1701 52.1789 41.7113 33.967 
8.7 100 97.1453 68.684 52.7212 42.1751 34.3552 
8.8 100 97.3451 69.3263 53.3111 42.6747 34.7548 
8.9 100 97.4022 69.8259 53.882 43.1671 35.1601 
9 100 97.5164 70.4111 54.4434 43.6452 35.5483 
9.1 100 97.6591 70.8821 54.9572 44.1305 35.9479 
9.2 100 97.7162 71.3817 55.509 44.6157 36.3418 
9.3 100 97.859 71.8955 56.0038 45.101 36.7357 
9.4 100 97.9161 72.3808 56.5557 45.5862 37.1354 
9.5 100 98.0303 72.8233 57.0314 46.0715 37.5293 
9.6 100 98.1159 73.28 57.5071 46.5211 37.9175 
9.7 100 98.173 73.6797 57.9258 46.9849 38.3171 
9.8 100 98.2872 74.2221 58.4015 47.4559 38.711 
9.9 100 98.4585 74.6788 58.9248 47.9341 39.1106 
10 100 98.487 75.0785 59.3815 48.4122 39.5045 
10.1 100 98.5156 75.3925 59.8763 48.8903 39.9041 
10.2 100 98.5156 75.7208 60.333 49.3542 40.298 
10.3 100 98.5441 76.0206 60.7992 49.8323 40.7033 
10.4 100 98.6012 76.2917 61.1989 50.2676 41.0915 
10.5 100 98.6297 76.6058 61.5604 50.6744 41.4911 
10.6 100 98.7439 76.8627 61.9505 51.1311 41.8907 
10.7 100 98.7725 77.0768 62.2931 51.5379 42.2789 
10.8 100 98.801 77.3623 62.6356 51.9232 42.6728 
10.9 100 98.8296 77.5335 62.8735 52.2229 43.0268 
11 100 98.8581 77.7905 63.1399 52.5583 43.3864 
11.1 100 98.9152 77.9332 63.3492 52.8367 43.7461 
11.2 100 98.9152 77.9903 63.4443 53.0293 44.0943 
11.3 100 98.9152 78.0759 63.6061 53.3076 44.4197 
11.4 100 98.9152 78.1616 63.7488 53.486 44.7622 
11.5 100 98.9152 78.2472 63.8344 53.6359 45.0762 
11.6 100 98.9152 78.29 63.863 53.6859 45.3559 
11.7 100 98.9152 78.29 63.8725 53.7572 45.6699 
11.8 100 98.9152 78.29 63.8725 53.7929 45.9782 
12 100 98.9152 78.29 63.882 53.8357 46.8231 
12.1 100 98.9152 78.29 63.882 53.85 47.0058 
12.2 100 98.9152 78.29 63.882 53.85 47.0058 
12.3 100 99.0009 78.6897 64.3292 54.2924 47.3883 
12.4 100 99.0294 79.0894 64.824 54.7492 47.7879 
12.5 100 99.0294 79.5461 65.3378 55.1845 48.1703 
12.6 100 99.0865 79.9315 65.7945 55.6697 48.5643 
12.7 100 99.1721 80.374 66.2322 56.1336 48.9639 
12.8 100 99.2292 80.8878 66.7364 56.6117 49.3635 
12.9 100 99.2578 81.3017 67.2312 57.0756 49.7517 
13 100 99.3149 81.7442 67.7355 57.518 50.1513 
13.1 100 99.372 82.2152 68.2873 57.9961 50.5509 
13.2 100 99.4005 82.5578 68.7345 58.4529 50.9505 
13.3 100 99.4005 82.8861 69.1627 58.9167 51.3387 
13.4 100 99.4576 83.2572 69.6004 59.3592 51.7212 
13.5 100 99.4576 83.7282 70.0951 59.823 52.1208 
13.6 100 99.4862 84.0565 70.5233 60.2583 52.5033 
13.7 100 99.5147 84.5133 70.98 60.6794 52.8915 
13.8 100 99.5147 84.813 71.4462 61.1432 53.2797 
13.9 100 99.5432 85.1128 71.8554 61.5785 53.6736 
14 100 99.5718 85.4981 72.3597 62.0495 54.0618 
14.1 100 99.5718 85.7836 72.7212 62.492 54.4557 
14.2 100 99.5718 86.0976 73.197 62.9487 54.8496 
14.3 100 99.5718 86.3403 73.5585 63.384 55.2378 
14.4 100 99.6003 86.5829 73.901 63.7908 55.626 
14.5 100 99.6289 86.9112 74.2436 64.2118 56.0142 
14.6 100 99.6289 87.1967 74.6337 64.64 56.3966 
14.7 100 99.6289 87.4536 74.9572 65.0182 56.7734 
14.8 100 99.6289 87.6963 75.2902 65.3964 57.1616 
14.9 100 99.6289 87.9389 75.6232 65.8389 57.5498 
15 100 99.6574 88.1387 75.8991 66.2242 57.9266 
15.1 100 99.6574 88.3386 76.1941 66.581 58.2977 
15.2 100 99.6574 88.5384 76.4605 66.9378 58.6687 
15.3 100 99.6574 88.6526 76.7174 67.2947 59.0284 
15.4 100 99.6574 88.9095 77.0885 67.68 59.3937 
15.5 100 99.6574 89.0094 77.393 68.0582 59.7534 
15.6 100 99.6574 89.195 77.6403 68.3722 60.1187 
15.7 100 99.686 89.2806 77.8877 68.7148 60.4727 
15.8 100 99.686 89.4091 78.1161 69.0502 60.8266 
15.9 100 99.686 89.4947 78.3444 69.3713 61.1806 
16 100 99.686 89.5946 78.5918 69.671 61.5174 
16.1 100 99.7145 89.6945 78.8677 70.0064 61.8599 
16.2 100 99.7145 89.8373 79.1246 70.3561 62.2138 
16.3 100 99.7145 89.8944 79.2959 70.5987 62.545 
16.4 100 99.7716 90.0086 79.4767 70.9127 62.8875 
16.5 100 99.7716 90.0942 79.6289 71.1696 63.1958 
16.6 100 99.7716 90.1798 79.8287 71.4622 63.5154 
16.7 100 99.7716 90.2369 79.9429 71.6478 63.7952 
16.8 100 99.7716 90.3226 80.1047 71.9189 64.1149 
16.9 100 99.7716 90.4225 80.3425 72.1687 64.4003 
17 100 99.7716 90.4653 80.4377 72.34 64.6914 
17.1 100 99.7716 90.551 80.5614 72.5612 64.9712 
17.2 100 99.7716 90.5652 80.6565 72.8038 65.268 
17.3 100 99.7716 90.6223 80.8088 73.0179 65.5306 
17.4 100 99.7716 90.6509 80.8754 73.1749 65.7932 
17.5 100 99.7716 90.708 80.98 73.3462 66.0216 
17.6 100 99.7716 90.7793 81.0657 73.4889 66.2556 
17.7 100 99.7716 90.8507 81.1513 73.6602 66.4954 
17.8 100 99.7716 90.865 81.1893 73.7387 66.6838 
17.9 100 99.7716 90.8935 81.2845 73.8885 66.8836 
18 100 99.7716 90.9363 81.3606 73.9956 67.0549 
18.1 100 99.7716 90.9649 81.4177 74.0741 67.2261 
18.2 100 99.7716 90.9934 81.4748 74.1597 67.4031 
18.3 100 99.7716 91.022 81.5509 74.2525 67.5458 
18.4 100 99.7716 91.0363 81.6175 74.3524 67.7057 
18.5 100 99.7716 91.0648 81.6746 74.4237 67.8198 
18.6 100 99.7716 91.1362 81.7602 74.5165 67.9683 
18.7 100 99.7716 91.1504 81.7888 74.595 68.1224 
18.8 100 99.7716 91.1647 81.8363 74.6592 68.2594 
18.9 100 99.7716 91.1933 81.8554 74.7449 68.4078 
19 100 99.7716 91.2075 81.8744 74.7734 68.4935 
19.1 100 99.7716 91.2075 81.9029 74.8091 68.5734 
19.2 100 99.7716 91.2218 81.922 74.8305 68.6704 
19.3 100 99.7716 91.2504 81.9696 74.8876 68.7789 
19.4 100 99.7716 91.2646 81.9981 74.9161 68.8702 
19.5 100 99.7716 91.2789 82.0076 74.9304 68.9102 
19.6 100 99.7716 91.2932 82.0266 74.9661 68.9787 
19.7 100 99.7716 91.3075 82.0362 75.0018 69.0529 
19.8 100 99.7716 91.3217 82.0552 75.0375 69.1271 
19.9 100 99.7716 91.3217 82.0552 75.0375 69.1614 
20 100 99.7716 91.3217 82.0552 75.0375 69.1899 
20.1 100 99.7716 91.3217 82.0742 75.0517 69.2413 
20.2 100 99.7716 91.336 82.0837 75.0589 69.2756 
20.3 100 99.7716 91.336 82.0837 75.066 69.3041 
20.4 100 99.7716 91.336 82.0837 75.0731 69.3155 
20.5 100 99.7716 91.336 82.0837 75.0803 69.3612 
20.6 100 99.7716 91.336 82.0837 75.0803 69.3726 
20.7 100 99.7716 91.3503 82.0932 75.0946 69.4126 
20.8 100 99.7716 91.3645 82.1028 75.1017 69.4411 
20.9 100 99.7716 91.3645 82.1028 75.1017 69.4525 
23.2 100 99.7716 91.3645 82.1028 75.1302 69.6409 
23.3 100 99.7716 91.5644 82.3597 75.4442 69.9492 
23.4 100 99.7716 91.7927 82.7022 75.8225 70.3088 
23.5 100 99.7716 92.0354 83.0162 76.165 70.6571 
23.6 100 99.8002 92.3209 83.3492 76.5004 70.9996 
23.7 100 99.8287 92.5921 83.7298 76.9143 71.3535 
23.8 100 99.8287 92.9204 84.1389 77.2782 71.7075 
23.9 100 99.8287 93.1487 84.51 77.6493 72.0614 
24 100 99.8287 93.32 84.8525 78.0275 72.4268 
24.1 100 99.8573 93.634 85.2236 78.3558 72.7693 
24.2 100 99.8858 93.8624 85.5281 78.6698 73.0776 
24.3 100 99.8858 94.1479 85.8325 79.0409 73.4144 
24.4 100 99.8858 94.5047 86.2417 79.4477 73.7683 
24.5 100 99.8858 94.7045 86.5271 79.7831 74.1052 
24.6 100 99.8858 94.9472 86.8221 80.1185 74.442 
24.7 100 99.9144 95.0756 87.0695 80.4396 74.7502 
24.8 100 99.9144 95.2327 87.3168 80.7393 75.0813 
24.9 100 99.9144 95.3897 87.6023 81.0533 75.4067 
25 100 99.9144 95.5895 87.9258 81.4173 75.715 
25.1 100 99.9144 95.7465 88.2017 81.7455 76.0575 
25.2 100 99.9144 95.9178 88.4681 82.0881 76.3887 
25.3 100 99.9144 96.0462 88.725 82.3378 76.6798 
25.4 100 99.9144 96.2603 89.02 82.6732 76.9938 
25.5 100 99.9144 96.3745 89.2769 83.0086 77.3192 
25.6 100 99.9429 96.5173 89.5528 83.3226 77.6503 
25.7 100 99.9429 96.7028 89.8478 83.6438 77.9928 
25.8 100 99.9429 96.7742 90.0381 83.8864 78.3011 
25.9 100 99.9429 96.9027 90.2093 84.1433 78.558 
26 100 99.9429 97.0882 90.4662 84.4502 78.8891 
26.1 100 99.9429 97.2167 90.7422 84.7998 79.2202 
26.2 100 99.9429 97.3166 90.9324 85.0996 79.5456 
26.3 100 99.9429 97.4022 91.0942 85.3208 79.7854 
26.4 100 99.9429 97.5307 91.3511 85.6134 80.0936 
26.5 100 99.9429 97.6306 91.5794 85.8703 80.3905 
26.6 100 99.9429 97.6734 91.7793 86.0844 80.6873 
26.7 100 99.9429 97.8162 92.0266 86.3983 81.007 
26.8 100 99.9429 97.9303 92.2074 86.6124 81.2753 
26.9 100 99.9715 98.016 92.3501 86.8122 81.4923 
27 100 99.9715 98.1444 92.588 87.0906 81.7549 
27.1 100 99.9715 98.2872 92.8164 87.376 82.0346 
27.2 100 99.9715 98.3871 92.9686 87.583 82.2515 
27.3 100 99.9715 98.4442 93.0733 87.7756 82.5027 
27.4 100 99.9715 98.5298 93.254 87.9969 82.7539 
27.5 100 99.9715 98.5869 93.4063 88.1967 83.0108 
27.6 100 99.9715 98.6868 93.568 88.4393 83.262 
27.7 100 99.9715 98.801 93.7583 88.6677 83.5189 
27.8 100 99.9715 98.8581 93.882 88.8889 83.7815 
27.9 100 99.9715 98.9295 94.0723 89.1529 84.0783 
28 100 99.9715 98.9866 94.215 89.417 84.3809 
28.1 100 99.9715 99.0294 94.3863 89.6311 84.6435 
28.2 100 99.9715 99.0865 94.4814 89.7666 84.8604 
28.3 100 99.9715 99.1293 94.6813 90.0021 85.123 
28.4 100 99.9715 99.1864 94.7954 90.1449 85.3114 
28.5 100 99.9715 99.2292 94.9667 90.3661 85.5455 
28.6 100 99.9715 99.2578 95.1094 90.5445 85.7852 
28.7 100 99.9715 99.3434 95.2807 90.7514 86.0364 
28.8 100 99.9715 99.4148 95.4329 90.9727 86.2933 
28.9 100 99.9715 99.4433 95.5376 91.1725 86.5331 
29 100 99.9715 99.4719 95.6232 91.3794 86.79 
29.1 100 99.9715 99.4862 95.7374 91.5293 87.0069 
29.2 100 99.9715 99.5575 95.8896 91.7362 87.2353 
29.3 100 99.9715 99.5861 96.0133 91.9218 87.4465 
29.4 100 99.9715 99.6003 96.0704 92.0716 87.6235 
29.5 100 99.9715 99.6432 96.1846 92.2358 87.8518 
29.6 100 99.9715 99.7003 96.2797 92.3642 88.0516 
29.7 100 99.9715 99.7288 96.4034 92.5569 88.2742 
29.8 100 99.9715 99.7288 96.5271 92.7353 88.514 
29.9 100 99.9715 99.7574 96.6127 92.9209 88.7081 
30 100 99.9715 99.7716 96.6889 93.0636 88.868 
30.1 100 99.9715 99.8144 96.7935 93.2349 89.0792 
30.2 100 99.9715 99.8144 96.8316 93.3419 89.2733 
30.3 100 99.9715 99.8144 96.9267 93.506 89.5073 
30.4 100 99.9715 99.8144 97.0124 93.6559 89.69 
30.5 100 99.9715 99.8144 97.0885 93.7701 89.8327 
30.6 100 99.9715 99.8287 97.1646 93.8914 90.004 
30.7 100 99.9715 99.8573 97.2693 94.0412 90.1753 
30.8 100 99.9715 99.8715 97.3454 94.184 90.3636 
30.9 100 99.9715 99.8715 97.4405 94.3767 90.5577 
31 100 99.9715 99.8715 97.5357 94.5051 90.7404 
31.1 100 99.9715 99.8858 97.6023 94.6478 90.9402 
31.2 100 99.9715 99.8858 97.6308 94.7977 91.14 
31.3 100 99.9715 99.8858 97.726 94.9475 91.317 
31.4 100 99.9715 99.8858 97.8021 95.0903 91.494 
31.5 100 99.9715 99.8858 97.8497 95.183 91.6481 
31.6 100 99.9715 99.8858 97.9258 95.2901 91.7851 
31.7 100 99.9715 99.8858 97.9734 95.3829 91.9507 
31.8 100 99.9715 99.9001 98.0114 95.4471 92.1105 
31.9 100 99.9715 99.9001 98.04 95.5256 92.2589 
32 100 99.9715 99.9001 98.0685 95.6112 92.4074 
32.1 100 99.9715 99.9001 98.1066 95.7183 92.5615 
32.2 100 99.9715 99.9001 98.1922 95.8467 92.7156 
32.3 100 99.9715 99.9286 98.2683 95.9395 92.8584 
32.4 100 99.9715 99.9286 98.3254 96.0108 92.9897 
32.5 100 99.9715 99.9286 98.3349 96.0822 93.1153 
32.6 100 100 99.9429 98.3635 96.175 93.2123 
32.7 100 100 99.9572 98.4301 96.282 93.3379 
32.8 100 100 99.9572 98.4776 96.3819 93.4692 
32.9 100 100 99.9572 98.5347 96.4676 93.6062 
33 100 100 99.9572 98.5633 96.5318 93.709 
33.1 100 100 99.9857 98.6584 96.6174 93.8231 
33.2 100 100 99.9857 98.687 96.6674 93.9316 
33.3 100 100 99.9857 98.7345 96.7316 94.0344 
33.4 100 100 99.9857 98.7821 96.8172 94.1714 
33.5 100 100 99.9857 98.8202 96.9243 94.2798 
33.6 100 100 99.9857 98.8677 97.0099 94.394 
33.7 100 100 99.9857 98.8677 97.0813 94.5253 
33.8 100 100 99.9857 98.8773 97.1526 94.6509 
33.9 100 100 99.9857 98.8868 97.2311 94.7594 
34 100 100 99.9857 98.9248 97.3025 94.8564 
34.1 100 100 99.9857 98.9629 97.3667 94.9649 
34.2 100 100 99.9857 98.9819 97.4024 95.0791 
34.3 100 100 99.9857 99.039 97.4595 95.2047 
34.4 100 100 99.9857 99.058 97.4952 95.3188 
34.5 100 100 99.9857 99.0771 97.5451 95.433 
34.6 100 100 99.9857 99.0961 97.5808 95.5015 
34.7 100 100 99.9857 99.1056 97.6379 95.6043 
34.8 100 100 99.9857 99.1627 97.7164 95.7013 
34.9 100 100 99.9857 99.2293 97.7949 95.7984 
35 100 100 99.9857 99.2388 97.852 95.9011 
35.1 100 100 99.9857 99.2578 97.8877 95.9753 
35.2 100 100 99.9857 99.2769 97.9519 96.0724 
35.3 100 100 99.9857 99.2864 98.009 96.1466 
35.4 100 100 99.9857 99.3245 98.0875 96.2722 
35.5 100 100 99.9857 99.353 98.1803 96.3578 
35.6 100 100 99.9857 99.3815 98.2231 96.4206 
35.7 100 100 99.9857 99.3815 98.2659 96.5177 
35.8 100 100 99.9857 99.3815 98.3016 96.5862 
35.9 100 100 99.9857 99.4006 98.3444 96.6661 
36 100 100 99.9857 99.4101 98.3729 96.7403 
36.1 100 100 99.9857 99.4291 98.4158 96.8031 
36.2 100 100 99.9857 99.4767 98.48 96.883 
36.3 100 100 99.9857 99.4767 98.4871 96.9287 
36.4 100 100 99.9857 99.5052 98.5299 96.9744 
36.5 100 100 99.9857 99.5147 98.5513 97.0257 
36.6 100 100 99.9857 99.5243 98.5799 97.0885 
36.7 100 100 99.9857 99.5528 98.637 97.1685 
36.8 100 100 99.9857 99.5623 98.6727 97.2256 
36.9 100 100 99.9857 99.5909 98.7226 97.2998 
37 100 100 99.9857 99.6004 98.7369 97.3797 
37.1 100 100 100 99.6099 98.7583 97.4425 
37.2 100 100 100 99.6194 98.7868 97.4939 
37.3 100 100 100 99.6289 98.794 97.511 
37.4 100 100 100 99.6384 98.8154 97.5795 
37.5 100 100 100 99.6575 98.8582 97.6309 
37.6 100 100 100 99.686 98.8939 97.7108 
37.7 100 100 100 99.686 98.901 97.7679 
37.8 100 100 100 99.6955 98.9153 97.8078 
37.9 100 100 100 99.6955 98.9224 97.825 
38 100 100 100 99.6955 98.9224 97.8364 
38.1 100 100 100 99.705 98.9438 97.8706 
38.2 100 100 100 99.705 98.951 97.9106 
38.3 100 100 100 99.705 98.9795 97.9563 
38.4 100 100 100 99.7146 99.0009 98.0019 
38.5 100 100 100 99.7146 99.0009 98.0134 
38.6 100 100 100 99.7336 99.0223 98.059 
38.7 100 100 100 99.7336 99.0295 98.0819 
38.8 100 100 100 99.7431 99.0437 98.1161 
38.9 100 100 100 99.7431 99.0723 98.1447 
39 100 100 100 99.7431 99.108 98.2075 
39.1 100 100 100 99.7526 99.1365 98.2531 
39.2 100 100 100 99.7621 99.1508 98.2817 
39.3 100 100 100 99.7621 99.1793 98.3445 
39.4 100 100 100 99.7812 99.2222 98.4016 
39.5 100 100 100 99.7907 99.2364 98.4358 
39.6 100 100 100 99.8097 99.265 98.4643 
39.7 100 100 100 99.8192 99.2864 98.4929 
39.8 100 100 100 99.8287 99.3078 98.5157 
39.9 100 100 100 99.8478 99.3363 98.5728 
40 100 100 100 99.8573 99.3577 98.6071 
40.1 100 100 100 99.8573 99.3649 98.6185 
40.2 100 100 100 99.8573 99.3791 98.647 
40.3 100 100 100 99.8573 99.3791 98.647 
40.4 100 100 100 99.8668 99.4006 98.6699 
40.5 100 100 100 99.8668 99.4077 98.687 
40.6 100 100 100 99.8668 99.4291 98.7041 
40.7 100 100 100 99.8763 99.4434 98.7212 
40.8 100 100 100 99.8763 99.4576 98.7555 
40.9 100 100 100 99.8763 99.4719 98.7783 
41 100 100 100 99.8763 99.4719 98.8012 
41.1 100 100 100 99.8763 99.4719 98.8126 
41.2 100 100 100 99.8953 99.4933 98.8468 
41.3 100 100 100 99.8953 99.4933 98.864 
41.4 100 100 100 99.8953 99.4933 98.8697 
41.5 100 100 100 99.8953 99.4933 98.8754 
41.6 100 100 100 99.8953 99.5076 98.8982 
41.7 100 100 100 99.8953 99.5219 98.9268 
41.8 100 100 100 99.8953 99.5219 98.9325 
41.9 100 100 100 99.8953 99.5219 98.9439 
42 100 100 100 99.8953 99.5361 98.9553 
42.1 100 100 100 99.8953 99.5433 98.9667 
42.2 100 100 100 99.8953 99.5433 98.9724 
42.3 100 100 100 99.8953 99.5433 98.9896 
42.4 100 100 100 99.8953 99.5576 99.0067 
42.5 100 100 100 99.8953 99.5647 99.0238 
42.6 100 100 100 99.8953 99.5718 99.0352 
42.7 100 100 100 99.8953 99.579 99.0466 
42.8 100 100 100 99.8953 99.5861 99.0638 
42.9 100 100 100 99.8953 99.5861 99.0695 
43 100 100 100 99.8953 99.5861 99.0752 
43.1 100 100 100 99.8953 99.5932 99.0866 
43.2 100 100 100 99.8953 99.5932 99.098 
43.3 100 100 100 99.9049 99.6004 99.1037 
43.4 100 100 100 99.9049 99.6004 99.1094 
43.5 100 100 100 99.9049 99.6004 99.1209 
43.6 100 100 100 99.9049 99.6004 99.1323 
43.7 100 100 100 99.9049 99.6004 99.138 
43.8 100 100 100 99.9049 99.6075 99.1551 
43.9 100 100 100 99.9049 99.6075 99.1608 
44 100 100 100 99.9049 99.6075 99.1665 
44.1 100 100 100 99.9144 99.6146 99.1722 
44.2 100 100 100 99.9144 99.6218 99.1779 
44.3 100 100 100 99.9144 99.6218 99.1837 
44.4 100 100 100 99.9144 99.6218 99.1894 
44.5 100 100 100 99.9144 99.6289 99.2122 
44.6 100 100 100 99.9144 99.6432 99.2236 
44.7 100 100 100 99.9144 99.6432 99.235 
44.8 100 100 100 99.9144 99.6503 99.2522 
44.9 100 100 100 99.9334 99.6646 99.2693 
45 100 100 100 99.9334 99.6789 99.2921 
45.1 100 100 100 99.9334 99.686 99.2978 
45.2 100 100 100 99.9334 99.686 99.3035 
45.3 100 100 100 99.9334 99.6931 99.3092 
45.4 100 100 100 99.9334 99.6931 99.315 
45.5 100 100 100 99.9334 99.6931 99.3207 
45.6 100 100 100 99.9334 99.6931 99.3264 
45.7 100 100 100 99.9334 99.7074 99.3378 
45.8 100 100 100 99.9334 99.7074 99.3435 
45.9 100 100 100 99.9334 99.7074 99.3492 
46 100 100 100 99.9334 99.7074 99.3663 
46.1 100 100 100 99.9334 99.7146 99.3777 
46.2 100 100 100 99.9429 99.7217 99.3835 
46.3 100 100 100 99.9429 99.7217 99.3949 
46.4 100 100 100 99.9429 99.7288 99.4006 
46.5 100 100 100 99.9429 99.7288 99.4006 
46.6 100 100 100 99.9524 99.736 99.412 
46.7 100 100 100 99.9524 99.736 99.412 
46.8 100 100 100 99.9524 99.7431 99.4234 
46.9 100 100 100 99.9524 99.7502 99.4348 
47 100 100 100 99.9524 99.7574 99.4405 
47.1 100 100 100 99.9524 99.7574 99.452 
47.2 100 100 100 99.9524 99.7716 99.4691 
47.3 100 100 100 99.9524 99.7716 99.4805 
47.4 100 100 100 99.9524 99.7716 99.4805 
47.5 100 100 100 99.9619 99.7788 99.4976 
47.6 100 100 100 99.9619 99.7859 99.5033 
47.7 100 100 100 99.9619 99.7859 99.509 
47.8 100 100 100 99.9619 99.7859 99.5148 
47.9 100 100 100 99.9619 99.7859 99.5148 
48 100 100 100 99.9619 99.793 99.5262 
48.1 100 100 100 99.9619 99.793 99.5262 
48.2 100 100 100 99.9619 99.793 99.5262 
48.3 100 100 100 99.9619 99.793 99.5262 
48.4 100 100 100 99.9619 99.793 99.5376 
48.5 100 100 100 99.9619 99.793 99.5376 
48.6 100 100 100 99.9619 99.793 99.5376 
48.7 100 100 100 99.9619 99.793 99.5376 
48.8 100 100 100 99.9619 99.793 99.549 
48.9 100 100 100 99.9619 99.793 99.549 
49 100 100 100 99.9619 99.793 99.5547 
49.1 100 100 100 99.9619 99.793 99.5547 
49.2 100 100 100 99.9619 99.793 99.5604 
49.3 100 100 100 99.9619 99.793 99.5604 
49.4 100 100 100 99.9619 99.793 99.5604 
49.5 100 100 100 99.9619 99.793 99.5604 
49.6 100 100 100 99.9715 99.8002 99.5661 
49.7 100 100 100 99.9715 99.8002 99.5661 
49.8 100 100 100 99.9715 99.8073 99.5718 
49.9 100 100 100 99.9715 99.8073 99.5718 
50 100 100 100 99.9715 99.8145 99.5776 
50.1 100 100 100 99.9715 99.8145 99.5776 
50.2 100 100 100 99.9715 99.8145 99.5776 
50.3 100 100 100 99.9715 99.8145 99.5833 
50.4 100 100 100 99.9715 99.8145 99.5833 
50.5 100 100 100 99.9715 99.8145 99.5833 
50.6 100 100 100 99.9715 99.8145 99.589 
50.7 100 100 100 99.9715 99.8145 99.589 
50.8 100 100 100 99.9715 99.8145 99.589 
50.9 100 100 100 99.9715 99.8145 99.589 
51 100 100 100 99.9715 99.8145 99.5947 
51.1 100 100 100 99.9715 99.8145 99.5947 
51.2 100 100 100 99.9715 99.8145 99.6061 
51.3 100 100 100 99.9715 99.8145 99.6061 
51.4 100 100 100 99.9715 99.8145 99.6061 
51.5 100 100 100 99.9715 99.8145 99.6061 
51.6 100 100 100 99.9715 99.8287 99.6175 
51.7 100 100 100 99.9715 99.8287 99.6175 
51.8 100 100 100 99.9715 99.8287 99.6175 
51.9 100 100 100 99.9715 99.8287 99.6175 
52 100 100 100 99.9715 99.8287 99.6175 
52.1 100 100 100 99.9715 99.8287 99.6175 
52.2 100 100 100 99.9715 99.8287 99.6175 
52.3 100 100 100 99.9715 99.8287 99.6175 
52.4 100 100 100 99.9715 99.8287 99.6175 
52.5 100 100 100 99.9715 99.8287 99.6175 
52.6 100 100 100 99.9715 99.8287 99.6175 
52.7 100 100 100 99.9715 99.8287 99.6232 
52.8 100 100 100 99.9715 99.8287 99.6232 
52.9 100 100 100 99.9715 99.8287 99.6232 
53 100 100 100 99.9715 99.8287 99.6346 
53.1 100 100 100 99.9715 99.8287 99.6346 
53.2 100 100 100 99.9715 99.8287 99.6346 
53.3 100 100 100 99.9715 99.8359 99.6403 
53.4 100 100 100 99.9715 99.8359 99.6461 
53.5 100 100 100 99.9715 99.8501 99.6575 
53.6 100 100 100 99.9715 99.8501 99.6575 
53.7 100 100 100 99.9715 99.8501 99.6575 
53.8 100 100 100 99.9715 99.8501 99.6575 
53.9 100 100 100 99.9715 99.8573 99.6632 
54 100 100 100 99.9715 99.8573 99.6689 
54.1 100 100 100 99.9715 99.8573 99.6746 
54.2 100 100 100 99.9715 99.8573 99.6746 
54.3 100 100 100 99.9715 99.8573 99.6746 
54.4 100 100 100 99.9715 99.8573 99.6803 
54.5 100 100 100 99.9715 99.8573 99.6803 
54.6 100 100 100 99.9715 99.8573 99.6803 
54.7 100 100 100 99.9715 99.8573 99.6803 
54.8 100 100 100 99.9715 99.8573 99.6803 
54.9 100 100 100 99.9715 99.8573 99.686 
55 100 100 100 99.9715 99.8573 99.686 
55.1 100 100 100 99.9715 99.8573 99.686 
55.2 100 100 100 99.9715 99.8573 99.686 
55.3 100 100 100 99.9715 99.8573 99.686 
55.4 100 100 100 99.9715 99.8573 99.686 
55.5 100 100 100 99.9715 99.8573 99.686 
55.6 100 100 100 99.9715 99.8573 99.6917 
55.7 100 100 100 99.9715 99.8573 99.6974 
55.8 100 100 100 99.9715 99.8573 99.6974 
55.9 100 100 100 99.9715 99.8573 99.6974 
56 100 100 100 99.9715 99.8573 99.6974 
56.1 100 100 100 99.9715 99.8573 99.6974 
56.2 100 100 100 99.9715 99.8573 99.6974 
56.3 100 100 100 99.9715 99.8573 99.6974 
56.4 100 100 100 99.9715 99.8573 99.6974 
56.5 100 100 100 99.9715 99.8573 99.6974 
56.6 100 100 100 99.9715 99.8573 99.6974 
56.7 100 100 100 99.9715 99.8573 99.6974 
56.8 100 100 100 99.9715 99.8573 99.6974 
56.9 100 100 100 99.9715 99.8573 99.6974 
57 100 100 100 99.9715 99.8573 99.6974 
57.1 100 100 100 99.9715 99.8573 99.6974 
57.2 100 100 100 99.9715 99.8573 99.6974 
57.3 100 100 100 99.9715 99.8573 99.7031 
57.4 100 100 100 99.9715 99.8573 99.7031 
57.5 100 100 100 99.9715 99.8644 99.7089 
57.6 100 100 100 99.9715 99.8644 99.7089 
57.7 100 100 100 99.9715 99.8644 99.7089 
57.8 100 100 100 99.9715 99.8644 99.7089 
57.9 100 100 100 99.9715 99.8644 99.7089 
58 100 100 100 99.9715 99.8644 99.7203 
58.1 100 100 100 99.9715 99.8644 99.7203 
58.2 100 100 100 99.9715 99.8644 99.726 
58.3 100 100 100 99.9715 99.8715 99.7317 
58.4 100 100 100 99.9715 99.8715 99.7317 
58.5 100 100 100 99.9715 99.8787 99.7374 
58.6 100 100 100 99.9715 99.8858 99.7488 
58.7 100 100 100 99.9715 99.9001 99.7602 
58.8 100 100 100 99.9905 99.9643 99.9201 
58.9 100 100 100 100 100 100 
