0.1 90.1205 50.1205 0 -50.1205 -100.241 -150.361
0.2 91.3253 51.3253 1.20482 -48.9157 -99.0361 -149.157
0.3 92.0482 52.2892 2.16867 -47.9518 -98.0723 -148.193
0.4 93.012 53.253 3.13253 -46.988 -97.1084 -147.229
0.5 93.7349 53.9759 4.09639 -46.0241 -96.1446 -146.265
0.6 94.2169 54.6988 5.06024 -45.0602 -95.1807 -145.301
0.7 94.4578 55.6627 6.0241 -44.0964 -94.2169 -144.337
0.8 94.6988 56.3855 7.22892 -42.8916 -93.012 -143.133
0.9 94.9398 57.3494 8.19277 -41.9277 -92.0482 -142.169
1 95.1807 57.8313 9.15663 -40.9639 -91.0843 -141.205
1.1 95.4217 58.7952 10.1205 -40 -90.1205 -140.241
1.2 95.4217 59.5181 11.0843 -39.0361 -89.1566 -139.277
1.3 95.6627 60.241 12.0482 -38.0723 -88.1928 -138.313
1.4 96.1446 61.2048 13.012 -36.8675 -86.988 -137.108
1.5 96.6265 61.9277 13.9759 -35.9036 -86.0241 -136.145
1.6 96.8675 62.6506 14.9398 -34.9398 -85.0602 -135.181
1.7 96.8675 63.1325 15.6627 -33.9759 -84.0964 -134.217
1.8 97.1084 63.8554 16.6265 -33.012 -83.1325 -133.253
1.9 97.3494 64.5783 17.3494 -32.0482 -82.1687 -132.289
2 97.3494 65.3012 18.5542 -30.8434 -80.9639 -131.084
2.1 97.3494 66.0241 19.2771 -29.8795 -80 -130.12
2.2 97.3494 66.506 20 -29.1566 -79.2771 -129.157
2.3 97.3494 66.506 20.7229 -28.4337 -78.5542 -128.193
2.4 97.3494 67.2289 21.6867 -27.4699 -77.5904 -127.229
2.5 97.3494 67.9518 22.6506 -26.506 -76.6265 -126.265
2.6 97.5904 68.9157 23.6145 -25.5422 -75.6627 -125.301
2.7 97.5904 69.1566 24.3373 -24.8193 -74.9398 -124.578
2.8 97.5904 69.6386 25.3012 -23.8554 -73.9759 -123.614
2.9 97.5904 70.1205 26.0241 -22.8916 -73.012 -122.651
3 97.5904 70.6024 26.747 -22.1687 -72.2892 -121.928
3.1 98.0723 71.0843 27.7108 -21.2048 -71.3253 -120.964
3.2 98.0723 71.8072 28.4337 -20.4819 -70.6024 -120
3.3 98.0723 72.5301 29.3976 -19.2771 -69.3976 -118.795
3.4 98.0723 72.7711 30.1205 -18.5542 -68.4337 -117.831
3.5 98.0723 73.494 30.8434 -17.5904 -67.4699 -116.867
3.6 98.0723 73.9759 31.5663 -16.6265 -66.506 -115.904
3.7 98.0723 74.6988 32.2892 -15.9036 -65.7831 -115.181
3.8 98.0723 75.1807 33.012 -14.9398 -64.8193 -114.217
3.9 98.0723 75.6627 33.494 -13.9759 -63.8554 -113.012
4 98.0723 76.1446 34.4578 -13.012 -62.8916 -112.048
4.1 98.0723 76.3855 34.6988 -12.0482 -61.9277 -111.084
4.2 98.0723 76.8675 35.1807 -11.3253 -60.9639 -110.12
4.3 98.0723 77.1084 35.9036 -10.3614 -60 -109.157
4.4 98.0723 77.3494 36.1446 -10.1205 -59.2771 -108.434
4.5 98.0723 77.8313 36.8675 -9.15663 -58.3133 -107.47
4.6 98.0723 78.3133 37.3494 -7.95181 -57.1084 -106.265
4.7 98.3133 78.7952 38.0723 -6.98795 -56.1446 -105.301
4.8 98.3133 79.2771 38.5542 -6.26506 -55.4217 -104.578
4.9 98.3133 79.5181 39.0361 -5.78313 -54.9398 -103.855
5 98.3133 80.241 39.759 -4.81928 -53.9759 -102.892
5.1 98.3133 80.7229 40.241 -4.09639 -53.012 -101.928
5.2 98.3133 81.2048 40.7229 -3.37349 -52.0482 -100.723
5.3 98.3133 81.6867 41.4458 -2.6506 -51.3253 -100
5.4 98.3133 81.9277 41.6867 -1.68675 -50.3614 -99.0361
5.5 98.3133 82.6506 42.4096 -0.963855 -49.3976 -98.0723
5.6 98.3133 83.1325 43.3735 0 -48.4337 -97.1084
5.7 98.3133 83.3735 43.6145 0.481928 -47.4699 -96.1446
5.8 98.3133 83.3735 44.0964 1.20482 -46.747 -95.1807
5.9 98.3133 83.6145 44.5783 1.92771 -46.0241 -94.2169
6 98.3133 83.8554 45.3012 2.89157 -45.0602 -93.253
6.1 98.3133 84.3373 46.2651 3.85542 -44.0964 -92.2892
6.2 98.3133 85.0602 46.988 4.81928 -43.1325 -91.3253
6.3 98.3133 85.3012 47.2289 5.54217 -42.4096 -90.3614
6.4 98.3133 85.3012 47.7108 6.26506 -41.6867 -89.3976
6.5 98.3133 85.7831 48.4337 6.98795 -40.7229 -88.4337
6.6 98.3133 85.7831 48.6747 7.46988 -40 -87.7108
6.7 98.3133 86.2651 49.6386 8.43373 -39.0361 -86.747
6.8 98.3133 86.747 50.3614 9.39759 -38.0723 -85.7831
6.9 98.3133 86.988 50.8434 10.1205 -37.1084 -84.8193
7 98.3133 87.2289 51.3253 11.0843 -36.1446 -83.8554
7.1 98.3133 87.7108 51.8072 11.8072 -34.9398 -82.6506
7.2 98.3133 88.1928 52.2892 12.2892 -34.2169 -81.9277
7.3 98.5542 88.6747 53.012 13.012 -33.253 -80.9639
7.4 98.5542 88.9157 53.253 13.7349 -32.2892 -80
7.5 98.5542 88.9157 53.253 13.9759 -31.5663 -79.0361
7.6 98.7952 89.1566 53.494 14.4578 -31.0843 -78.3133
7.7 98.7952 89.3976 53.9759 15.4217 -29.8795 -77.1084
7.8 98.7952 89.3976 54.2169 15.9036 -29.1566 -76.1446
7.9 98.7952 89.8795 54.6988 16.6265 -28.1928 -75.1807
8 98.7952 90.1205 55.1807 17.1084 -27.4699 -74.4578
8.1 99.0361 90.6024 55.6627 17.5904 -26.988 -73.494
8.2 99.0361 90.8434 55.9036 18.3133 -26.0241 -72.5301
8.3 99.0361 91.0843 56.3855 19.0361 -25.0602 -71.5663
8.4 99.0361 91.0843 57.1084 20 -24.0964 -70.3614
8.5 99.0361 91.3253 57.5904 20.4819 -23.6145 -69.6386
8.6 99.0361 91.3253 57.5904 20.7229 -23.1325 -69.1566
8.7 99.0361 91.3253 57.5904 20.9639 -22.8916 -68.6747
8.8 99.0361 91.3253 57.8313 21.2048 -22.4096 -68.1928
8.9 99.0361 91.5663 58.0723 21.4458 -21.4458 -67.2289
9 99.0361 91.8072 58.7952 22.4096 -20.241 -66.0241
9.1 99.0361 91.8072 58.7952 23.1325 -19.2771 -65.0602
9.2 99.0361 91.8072 59.0361 23.3735 -19.0361 -64.3373
9.3 99.0361 92.0482 59.2771 23.8554 -18.5542 -63.3735
9.4 99.0361 92.2892 59.5181 24.3373 -17.8313 -62.6506
9.5 99.0361 92.2892 59.759 24.8193 -17.3494 -62.1687
9.6 99.0361 92.5301 60.241 25.7831 -16.1446 -60.9639
9.7 99.0361 93.012 60.9639 26.506 -15.4217 -60
9.8 99.0361 93.253 61.4458 27.4699 -14.4578 -59.0361
9.9 99.0361 93.253 61.4458 27.4699 -13.9759 -58.3133
10 99.0361 93.494 61.6867 27.7108 -13.494 -57.5904
10.1 99.0361 93.494 61.9277 28.4337 -12.5301 -56.6265
10.2 99.0361 93.494 62.1687 28.9157 -12.0482 -56.1446
10.3 99.0361 93.494 62.4096 29.3976 -11.3253 -55.4217
10.4 99.0361 93.9759 62.8916 29.8795 -10.8434 -54.6988
10.5 99.0361 94.2169 63.6145 30.8434 -9.87952 -53.7349
10.6 99.0361 94.6988 64.3373 31.5663 -8.91566 -52.7711
10.7 99.0361 94.6988 64.5783 32.0482 -8.19277 -52.0482
10.8 99.0361 94.9398 64.8193 32.2892 -7.95181 -51.5663
10.9 99.2771 95.1807 65.3012 33.012 -7.22892 -50.6024
11 99.2771 95.4217 65.5422 33.494 -6.74699 -49.8795
11.1 99.2771 95.4217 65.5422 34.2169 -6.0241 -49.1566
11.2 99.2771 95.4217 65.7831 34.6988 -5.54217 -48.6747
11.3 99.2771 95.4217 66.0241 34.9398 -5.06024 -47.7108
11.4 99.2771 95.4217 66.0241 34.9398 -5.06024 -47.7108
11.5 99.2771 95.4217 66.0241 34.9398 -4.57831 -46.988
11.6 99.2771 95.4217 66.0241 34.9398 -4.57831 -46.747
11.7 99.2771 95.6627 66.2651 35.1807 -4.09639 -46.2651
11.8 99.2771 95.9036 66.506 35.4217 -3.85542 -45.5422
11.9 99.2771 95.9036 66.506 35.9036 -3.37349 -45.0602
12 99.2771 95.9036 66.506 36.1446 -2.40964 -44.0964
12.1 99.2771 95.9036 66.506 36.3855 -1.68675 -43.1325
12.2 99.2771 95.9036 66.747 36.8675 -1.20482 -42.6506
12.3 99.2771 95.9036 66.747 37.1084 -0.722892 -42.1687
12.4 99.2771 95.9036 66.747 37.3494 0 -41.2048
12.5 99.2771 96.1446 66.988 38.0723 0.963855 -40.241
12.6 99.2771 96.1446 67.2289 38.5542 1.44578 -39.759
12.7 99.2771 96.3855 67.4699 39.2771 2.16867 -39.0361
12.8 99.2771 96.3855 67.4699 39.2771 2.40964 -38.3133
12.9 99.2771 96.3855 67.7108 39.759 3.13253 -37.3494
13 99.2771 96.3855 68.1928 40.4819 4.09639 -36.3855
13.1 99.2771 96.3855 68.4337 40.9639 4.81928 -35.6627
13.2 99.2771 96.3855 68.9157 41.4458 5.3012 -35.1807
13.3 99.2771 96.3855 69.1566 41.6867 6.26506 -34.2169
13.4 99.2771 96.6265 69.6386 42.4096 7.46988 -33.012
13.5 99.2771 96.6265 69.8795 42.6506 8.19277 -32.2892
13.6 99.2771 96.6265 69.8795 42.8916 8.6747 -31.3253
13.7 99.2771 96.6265 69.8795 42.8916 9.15663 -30.6024
13.8 99.2771 96.6265 69.8795 42.8916 9.63855 -29.8795
13.9 99.2771 96.6265 69.8795 43.3735 10.1205 -28.9157
14 99.2771 96.6265 70.1205 43.6145 10.6024 -28.4337
14.1 99.2771 96.6265 70.3614 44.0964 11.5663 -27.4699
14.2 99.2771 96.6265 70.3614 44.0964 11.8072 -26.988
14.3 99.2771 96.6265 70.3614 44.0964 12.2892 -26.506
14.4 99.2771 96.6265 70.6024 44.5783 13.012 -25.5422
14.5 99.2771 96.6265 70.6024 44.8193 13.253 -25.3012
14.6 99.2771 96.6265 70.6024 44.8193 13.253 -24.8193
14.7 99.2771 96.8675 70.8434 45.0602 13.9759 -23.8554
14.8 99.2771 96.8675 70.8434 45.3012 14.2169 -23.3735
14.9 99.2771 96.8675 70.8434 45.5422 14.9398 -22.6506
15 99.2771 96.8675 71.0843 45.7831 15.6627 -21.9277
15.1 99.2771 96.8675 71.3253 46.0241 16.3855 -21.2048
15.2 99.2771 96.8675 71.5663 46.2651 16.6265 -20.7229
15.3 99.2771 96.8675 71.5663 46.2651 17.1084 -20
15.4 99.2771 96.8675 71.5663 46.506 17.3494 -19.5181
15.5 99.2771 96.8675 71.8072 46.747 17.5904 -19.0361
15.6 99.2771 96.8675 71.8072 46.988 18.0723 -18.3133
15.7 99.2771 96.8675 71.8072 46.988 18.3133 -17.8313
15.8 99.2771 96.8675 71.8072 46.988 18.3133 -17.1084
15.9 99.2771 96.8675 71.8072 46.988 18.3133 -16.8675
16 99.2771 96.8675 71.8072 46.988 18.3133 -16.6265
16.1 99.2771 96.8675 71.8072 46.988 18.3133 -16.3855
16.2 99.2771 97.1084 72.0482 47.4699 19.2771 -15.4217
16.3 99.2771 97.1084 72.5301 48.1928 20 -14.6988
16.4 99.2771 97.1084 73.012 48.6747 20.4819 -14.2169
16.5 99.2771 97.1084 73.012 49.1566 20.9639 -13.7349
16.6 99.2771 97.3494 73.253 49.6386 21.9277 -12.5301
16.7 99.2771 97.3494 73.253 49.6386 22.4096 -11.5663
16.8 99.2771 97.3494 73.494 50.1205 22.8916 -10.8434
16.9 99.2771 97.3494 73.7349 50.3614 23.1325 -10.3614
17 99.2771 97.3494 73.9759 50.8434 23.6145 -9.63855
17.1 99.2771 97.3494 73.9759 50.8434 23.8554 -9.39759
17.2 99.2771 97.5904 74.2169 51.0843 24.3373 -8.6747
17.3 99.2771 97.8313 74.6988 51.5663 25.0602 -7.95181
17.4 99.2771 97.8313 74.6988 51.5663 25.3012 -7.71084
17.5 99.2771 97.8313 74.9398 52.0482 25.7831 -7.22892
17.6 99.2771 97.8313 74.9398 52.0482 26.0241 -6.74699
17.7 99.2771 97.8313 74.9398 52.0482 26.0241 -6.26506
17.8 99.2771 97.8313 74.9398 52.2892 26.506 -5.78313
17.9 99.2771 98.0723 75.1807 52.7711 27.2289 -4.81928
18 99.2771 98.0723 75.4217 53.012 27.4699 -4.09639
18.1 99.2771 98.0723 75.4217 53.012 27.7108 -3.85542
18.2 99.2771 98.0723 75.6627 53.253 27.9518 -3.37349
18.3 99.2771 98.0723 75.6627 53.253 27.9518 -3.13253
18.4 99.2771 98.0723 75.9036 53.494 28.1928 -2.6506
18.5 99.2771 98.0723 76.3855 53.9759 29.1566 -1.68675
18.6 99.5181 98.3133 76.8675 54.6988 29.8795 -0.963855
18.7 99.5181 98.3133 77.1084 54.9398 30.6024 0
18.8 99.759 98.5542 77.3494 55.1807 30.8434 0.240964
18.9 99.759 98.5542 77.8313 55.6627 31.5663 0.963855
19 99.759 98.5542 78.0723 56.1446 32.0482 1.68675
19.1 99.759 98.5542 78.0723 56.1446 32.0482 1.92771
19.2 99.759 98.5542 78.0723 56.1446 32.2892 2.40964
19.3 99.759 98.5542 78.0723 56.1446 32.5301 2.89157
19.4 99.759 98.5542 78.0723 56.1446 32.5301 3.37349
19.5 99.759 98.5542 78.0723 56.1446 32.5301 3.85542
19.6 99.759 98.5542 78.0723 56.1446 32.5301 4.09639
19.7 99.759 98.5542 78.3133 56.3855 32.7711 4.81928
19.8 99.759 98.7952 78.5542 56.8675 33.494 5.78313
19.9 99.759 98.7952 78.5542 57.3494 33.9759 6.50602
20 99.759 98.7952 78.5542 57.3494 33.9759 6.50602
20.1 99.759 98.7952 78.5542 57.3494 33.9759 6.98795
20.2 99.759 98.7952 79.0361 57.8313 34.4578 7.71084
20.3 99.759 99.0361 79.2771 58.3133 34.9398 8.19277
20.4 99.759 99.0361 79.2771 58.3133 35.1807 8.43373
20.5 99.759 99.0361 79.5181 58.5542 35.6627 8.91566
20.6 99.759 99.0361 79.759 58.7952 36.3855 9.63855
20.7 99.759 99.0361 80 59.0361 36.6265 10.1205
20.8 99.759 99.0361 80 59.0361 36.8675 10.3614
20.9 99.759 99.0361 80.241 59.2771 37.3494 11.0843
21 99.759 99.2771 80.7229 59.759 38.0723 11.8072
21.1 99.759 99.2771 80.7229 59.759 38.3133 12.0482
21.2 99.759 99.2771 80.7229 59.759 38.3133 12.0482
21.3 99.759 99.2771 80.7229 60 38.7952 12.5301
21.4 99.759 99.2771 80.7229 60 38.7952 12.5301
21.5 99.759 99.2771 80.7229 60 39.0361 12.7711
21.6 99.759 99.2771 80.7229 60 39.0361 13.253
21.7 99.759 99.2771 80.7229 60 39.0361 13.494
21.8 99.759 99.2771 81.2048 60.7229 39.759 14.4578
21.9 99.759 99.2771 81.2048 60.7229 40 14.6988
22 99.759 99.2771 81.2048 60.7229 40.241 15.4217
22.1 99.759 99.2771 81.2048 60.9639 40.4819 15.9036
22.2 99.759 99.2771 81.4458 61.2048 40.7229 16.1446
22.3 99.759 99.2771 81.4458 61.2048 40.9639 16.8675
22.4 99.759 99.2771 81.6867 61.4458 41.2048 17.1084
22.5 99.759 99.2771 81.6867 61.6867 41.4458 17.5904
22.6 99.759 99.2771 81.6867 61.6867 41.4458 18.0723
22.7 99.759 99.2771 81.6867 61.6867 41.6867 18.5542
22.8 99.759 99.2771 81.6867 62.1687 42.1687 19.2771
22.9 99.759 99.2771 81.6867 62.1687 42.1687 19.2771
23 99.759 99.2771 81.6867 62.1687 42.1687 19.2771
23.1 99.759 99.2771 81.6867 62.1687 42.1687 19.2771
23.2 99.759 99.2771 81.6867 62.1687 42.1687 19.2771
23.3 99.759 99.2771 81.6867 62.1687 42.1687 19.2771
23.4 99.759 99.2771 81.6867 62.1687 42.1687 19.5181
23.5 99.759 99.2771 81.6867 62.1687 42.1687 19.5181
23.6 99.759 99.2771 81.6867 62.1687 42.1687 19.5181
23.7 99.759 99.2771 81.6867 62.1687 42.1687 19.759
23.8 99.759 99.2771 81.6867 62.1687 42.1687 19.759
23.9 99.759 99.2771 81.6867 62.1687 42.1687 19.759
24 99.759 99.2771 81.9277 62.4096 42.4096 20
24.1 99.759 99.2771 81.9277 62.4096 42.4096 20
24.2 99.759 99.2771 81.9277 62.4096 42.6506 20.241
24.3 99.759 99.2771 82.1687 62.6506 42.8916 20.4819
24.4 99.759 99.2771 82.1687 62.6506 42.8916 20.7229
24.5 99.759 99.2771 82.1687 62.6506 42.8916 20.9639
24.6 99.759 99.2771 82.1687 62.6506 43.1325 21.4458
24.7 99.759 99.5181 82.4096 62.8916 43.3735 21.9277
24.8 99.759 99.5181 82.4096 62.8916 44.0964 22.6506
24.9 99.759 99.5181 82.4096 62.8916 44.5783 23.1325
25 99.759 99.5181 82.4096 62.8916 44.8193 23.3735
25.1 99.759 99.5181 82.4096 63.3735 45.5422 24.0964
25.2 99.759 99.5181 82.4096 63.3735 45.7831 24.3373
25.3 99.759 99.5181 82.4096 63.3735 46.0241 24.5783
25.4 99.759 99.5181 82.4096 63.3735 46.2651 24.8193
25.5 99.759 99.5181 82.4096 63.6145 46.747 25.3012
25.6 99.759 99.5181 82.4096 63.6145 46.747 25.5422
25.7 99.759 99.5181 82.4096 63.6145 46.988 26.0241
25.8 100 99.759 82.6506 63.8554 47.4699 26.506
25.9 100 99.759 82.6506 63.8554 47.4699 26.747
26 100 99.759 82.6506 63.8554 47.4699 26.747
26.1 100 99.759 82.6506 63.8554 47.4699 27.2289
26.2 100 99.759 82.6506 64.0964 47.7108 27.4699
26.3 100 99.759 82.6506 64.0964 47.7108 27.4699
26.4 100 99.759 82.6506 64.0964 47.7108 27.7108
26.5 100 99.759 82.6506 64.0964 47.7108 27.7108
26.6 100 99.759 82.6506 64.0964 47.7108 27.9518
26.7 100 99.759 82.6506 64.0964 47.7108 28.4337
26.8 100 99.759 82.6506 64.0964 47.7108 28.9157
26.9 100 99.759 82.8916 64.3373 47.9518 29.1566
27 100 99.759 82.8916 64.5783 48.1928 29.6386
27.1 100 99.759 82.8916 64.5783 48.1928 29.6386
27.2 100 99.759 82.8916 64.5783 48.1928 29.8795
27.3 100 99.759 82.8916 64.5783 48.1928 30.1205
27.4 100 99.759 82.8916 64.8193 48.4337 30.3614
27.5 100 99.759 82.8916 64.8193 48.4337 30.6024
27.6 100 99.759 83.1325 65.0602 48.6747 30.8434
27.7 100 99.759 83.1325 65.0602 48.6747 31.0843
27.8 100 99.759 83.1325 65.0602 48.9157 31.5663
27.9 100 99.759 83.1325 65.0602 48.9157 31.8072
28 100 99.759 83.1325 65.5422 49.3976 32.5301
28.1 100 99.759 83.1325 65.5422 49.6386 33.253
28.2 100 99.759 83.1325 65.5422 49.6386 33.253
28.3 100 99.759 83.1325 65.5422 49.6386 33.494
28.4 100 99.759 83.1325 66.0241 50.1205 33.9759
28.5 100 99.759 83.1325 66.0241 50.1205 33.9759
28.6 100 99.759 83.3735 66.2651 50.6024 34.4578
28.7 100 99.759 83.3735 66.2651 50.6024 34.6988
28.8 100 99.759 83.3735 66.2651 50.6024 34.6988
28.9 100 99.759 83.6145 66.506 51.0843 35.4217
29 100 99.759 83.6145 66.747 51.3253 35.9036
29.1 100 99.759 83.6145 66.747 51.3253 35.9036
29.2 100 99.759 83.6145 66.747 51.3253 35.9036
29.3 100 99.759 83.6145 66.747 51.3253 35.9036
29.4 100 99.759 83.6145 66.747 51.3253 35.9036
29.5 100 99.759 83.6145 66.747 51.3253 35.9036
29.6 100 99.759 83.6145 66.747 51.3253 35.9036
29.7 100 99.759 83.6145 66.747 51.3253 35.9036
29.8 100 99.759 83.6145 66.747 51.3253 35.9036
29.9 100 99.759 83.6145 66.747 51.3253 35.9036
30 100 99.759 83.6145 66.747 51.3253 35.9036
30.1 100 99.759 83.6145 66.747 51.3253 35.9036
30.2 100 99.759 83.6145 66.747 51.3253 35.9036
30.3 100 99.759 83.6145 66.747 51.3253 35.9036
30.4 100 99.759 83.6145 66.747 51.3253 35.9036
30.5 100 99.759 83.6145 66.747 51.3253 35.9036
30.6 100 99.759 83.6145 66.747 51.3253 35.9036
30.7 100 99.759 83.6145 66.747 51.3253 36.1446
30.8 100 99.759 83.6145 66.747 51.3253 36.1446
30.9 100 99.759 83.6145 66.747 51.3253 36.1446
31 100 99.759 83.6145 66.747 51.3253 36.1446
31.1 100 99.759 83.6145 66.747 51.3253 36.1446
31.2 100 99.759 83.6145 66.747 51.3253 36.1446
31.3 100 99.759 83.6145 66.747 51.3253 36.1446
31.4 100 99.759 83.6145 66.747 51.3253 36.3855
31.5 100 99.759 83.6145 66.747 51.3253 36.3855
31.6 100 99.759 83.6145 66.747 51.3253 36.3855
31.7 100 99.759 83.6145 66.747 51.3253 36.3855
31.8 100 99.759 83.6145 66.747 51.5663 36.8675
31.9 100 100 83.8554 66.988 51.8072 37.3494
32 100 100 83.8554 66.988 52.0482 37.5904
32.1 100 100 83.8554 67.2289 52.5301 38.0723
32.2 100 100 84.0964 67.4699 52.7711 38.5542
32.3 100 100 84.3373 67.7108 53.012 39.2771
32.4 100 100 84.3373 67.7108 53.012 39.5181
32.5 100 100 84.3373 67.7108 53.012 39.759
32.6 100 100 84.3373 67.7108 53.494 40.241
32.7 100 100 84.3373 67.7108 53.494 40.241
32.8 100 100 84.3373 68.1928 53.9759 40.7229
32.9 100 100 84.3373 68.1928 54.2169 40.9639
33 100 100 84.3373 68.1928 54.4578 41.4458
33.1 100 100 84.3373 68.1928 54.4578 41.4458
33.2 100 100 84.3373 68.1928 54.4578 41.4458
33.3 100 100 84.3373 68.1928 54.9398 42.1687
33.4 100 100 84.3373 68.1928 54.9398 42.4096
33.5 100 100 84.3373 68.1928 54.9398 42.4096
33.6 100 100 84.3373 68.1928 54.9398 42.4096
33.7 100 100 84.3373 68.4337 55.4217 43.1325
33.8 100 100 84.3373 68.4337 55.4217 43.1325
33.9 100 100 84.3373 68.4337 55.6627 43.3735
34 100 100 84.3373 68.4337 55.6627 43.6145
34.1 100 100 84.3373 68.4337 55.9036 43.8554
34.2 100 100 84.3373 68.4337 55.9036 44.0964
34.3 100 100 84.3373 68.4337 56.1446 44.3373
34.4 100 100 84.3373 68.4337 56.1446 44.5783
34.5 100 100 84.5783 68.9157 56.8675 45.3012
34.6 100 100 84.5783 68.9157 56.8675 45.3012
34.7 100 100 84.5783 68.9157 57.1084 45.5422
34.8 100 100 84.5783 68.9157 57.1084 45.5422
34.9 100 100 84.5783 68.9157 57.3494 46.0241
35 100 100 84.5783 68.9157 57.3494 46.0241
35.1 100 100 84.5783 68.9157 57.3494 46.0241
35.2 100 100 84.5783 68.9157 57.3494 46.0241
35.3 100 100 84.5783 68.9157 57.3494 46.2651
35.4 100 100 84.5783 68.9157 57.3494 46.2651
35.5 100 100 84.5783 68.9157 57.3494 46.506
35.6 100 100 84.5783 68.9157 57.5904 46.747
35.7 100 100 84.8193 69.1566 57.8313 46.988
35.8 100 100 84.8193 69.1566 57.8313 46.988
35.9 100 100 84.8193 69.1566 57.8313 46.988
36 100 100 84.8193 69.1566 57.8313 47.2289
36.1 100 100 84.8193 69.1566 57.8313 47.2289
36.2 100 100 84.8193 69.1566 57.8313 47.2289
36.3 100 100 84.8193 69.1566 57.8313 47.7108
36.4 100 100 84.8193 69.1566 57.8313 47.7108
36.5 100 100 84.8193 69.3976 58.0723 47.9518
36.6 100 100 84.8193 69.3976 58.0723 47.9518
36.7 100 100 84.8193 69.3976 58.0723 48.1928
36.8 100 100 84.8193 69.8795 58.5542 48.6747
36.9 100 100 85.3012 70.3614 59.0361 49.1566
37 100 100 85.3012 70.3614 59.0361 49.1566
37.1 100 100 85.3012 70.3614 59.0361 49.3976
37.2 100 100 85.3012 70.3614 59.2771 49.8795
37.3 100 100 85.3012 70.3614 59.2771 49.8795
37.4 100 100 85.3012 70.3614 59.5181 50.6024
37.5 100 100 85.3012 70.3614 59.5181 50.6024
37.6 100 100 85.3012 70.3614 59.5181 50.6024
37.7 100 100 85.3012 70.3614 59.5181 50.8434
37.8 100 100 85.3012 70.3614 59.759 51.0843
37.9 100 100 85.3012 70.3614 59.759 51.0843
38 100 100 85.3012 70.3614 59.759 51.0843
38.1 100 100 85.7831 70.8434 60.241 51.5663
38.2 100 100 85.7831 70.8434 60.241 52.0482
38.3 100 100 85.7831 70.8434 60.241 52.0482
38.4 100 100 85.7831 70.8434 60.4819 52.2892
38.5 100 100 85.7831 70.8434 60.4819 52.2892
38.6 100 100 85.7831 70.8434 60.4819 52.2892
38.7 100 100 85.7831 70.8434 60.4819 52.2892
38.8 100 100 85.7831 70.8434 60.4819 52.2892
38.9 100 100 85.7831 71.0843 60.7229 52.5301
39 100 100 86.0241 71.3253 60.9639 52.7711
39.1 100 100 86.2651 71.5663 61.2048 53.012
39.2 100 100 86.2651 71.5663 61.2048 53.253
39.3 100 100 86.2651 71.5663 61.2048 53.253
39.4 100 100 86.2651 71.5663 61.2048 53.253
39.5 100 100 86.2651 71.8072 61.4458 53.7349
39.6 100 100 86.2651 71.8072 61.4458 53.7349
39.7 100 100 86.2651 71.8072 61.4458 53.7349
39.8 100 100 86.2651 71.8072 61.4458 53.7349
39.9 100 100 86.2651 71.8072 61.4458 53.7349
40 100 100 86.2651 71.8072 61.4458 53.7349
40.1 100 100 86.2651 71.8072 61.4458 53.7349
40.2 100 100 86.2651 71.8072 61.4458 53.7349
40.3 100 100 86.2651 71.8072 61.9277 54.2169
40.4 100 100 86.2651 71.8072 62.1687 54.6988
40.5 100 100 86.2651 71.8072 62.1687 54.6988
40.6 100 100 86.2651 71.8072 62.1687 54.6988
40.7 100 100 87.2289 72.7711 63.1325 55.6627
40.8 100 100 88.1928 73.7349 64.0964 56.6265
40.9 100 100 89.1566 74.6988 65.0602 57.5904
41 100 100 90.1205 75.6627 66.0241 58.5542
41.1 100 100 90.6024 76.1446 66.506 59.0361
41.2 100 100 90.6024 76.1446 66.506 59.0361
41.3 100 100 90.6024 76.6265 66.988 59.5181
41.4 100 100 91.0843 77.3494 67.7108 60.241
41.5 100 100 91.0843 77.3494 67.7108 60.4819
41.6 100 100 91.0843 77.3494 67.7108 60.4819
41.7 100 100 91.0843 77.3494 67.7108 60.4819
41.8 100 100 91.0843 77.3494 67.9518 60.7229
41.9 100 100 91.0843 77.3494 67.9518 61.2048
42 100 100 91.0843 77.3494 67.9518 61.2048
42.1 100 100 91.0843 77.3494 68.1928 61.4458
42.2 100 100 91.0843 77.3494 68.1928 61.4458
42.3 100 100 91.0843 77.3494 68.1928 61.4458
42.4 100 100 91.0843 77.3494 68.1928 61.4458
42.5 100 100 91.0843 77.3494 68.1928 61.4458
42.6 100 100 91.0843 77.3494 68.6747 61.9277
42.7 100 100 91.0843 77.3494 68.6747 61.9277
42.8 100 100 91.0843 77.3494 68.6747 61.9277
42.9 100 100 91.0843 77.3494 68.6747 61.9277
43 100 100 91.0843 77.3494 68.6747 61.9277
43.1 100 100 91.0843 77.3494 68.6747 61.9277
43.2 100 100 91.0843 77.5904 68.9157 62.1687
43.3 100 100 91.3253 78.5542 69.8795 63.1325
43.4 100 100 91.3253 79.0361 70.3614 63.6145
43.5 100 100 91.3253 79.0361 70.3614 63.6145
43.6 100 100 91.3253 79.2771 70.8434 64.3373
43.7 100 100 91.3253 79.5181 71.5663 65.0602
43.8 100 100 91.3253 80 72.5301 66.2651
43.9 100 100 91.3253 80.4819 73.253 67.2289
44 100 100 91.3253 80.4819 73.253 67.4699
44.1 100 100 91.3253 80.4819 73.253 67.4699
44.2 100 100 91.3253 80.4819 73.253 67.7108
44.3 100 100 91.3253 80.4819 73.253 67.7108
44.4 100 100 91.3253 80.4819 73.253 67.7108
44.5 100 100 91.3253 80.7229 73.494 67.9518
44.6 100 100 91.3253 81.2048 74.4578 68.9157
44.7 100 100 91.8072 82.1687 75.4217 69.8795
44.8 100 100 92.5301 83.1325 76.3855 70.8434
44.9 100 100 92.5301 83.3735 77.1084 71.5663
45 100 100 92.5301 83.3735 77.1084 71.5663
45.1 100 100 92.5301 83.3735 77.1084 71.5663
45.2 100 100 92.5301 83.3735 77.1084 71.5663
45.3 100 100 92.5301 83.3735 77.1084 71.5663
45.4 100 100 92.5301 83.3735 77.1084 71.5663
45.5 100 100 92.5301 83.3735 77.1084 71.5663
45.6 100 100 92.5301 83.3735 77.1084 71.5663
45.7 100 100 92.5301 83.3735 77.1084 71.5663
45.8 100 100 92.5301 83.3735 77.1084 71.5663
45.9 100 100 92.5301 83.3735 77.1084 71.5663
46 100 100 92.5301 83.3735 77.1084 71.5663
46.1 100 100 92.5301 83.3735 77.1084 71.5663
46.2 100 100 92.5301 83.3735 77.1084 71.5663
46.3 100 100 92.5301 83.3735 77.1084 71.5663
46.4 100 100 92.5301 83.3735 77.1084 71.5663
46.5 100 100 92.5301 83.3735 77.1084 71.5663
46.6 100 100 92.5301 83.3735 77.1084 71.5663
46.7 100 100 92.5301 83.3735 77.1084 71.5663
46.8 100 100 92.5301 83.3735 77.1084 71.5663
46.9 100 100 92.5301 83.3735 77.1084 71.5663
47 100 100 92.5301 83.3735 77.1084 71.5663
47.1 100 100 92.5301 83.3735 77.1084 71.5663
47.2 100 100 92.5301 83.3735 77.1084 71.5663
47.3 100 100 92.5301 83.3735 77.1084 71.5663
47.4 100 100 92.5301 83.3735 77.1084 71.5663
47.5 100 100 92.5301 83.3735 77.1084 71.5663
47.6 100 100 92.5301 83.3735 77.1084 71.5663
47.7 100 100 92.5301 83.3735 77.1084 71.5663
47.8 100 100 92.5301 83.3735 77.1084 71.5663
47.9 100 100 92.5301 83.3735 77.1084 71.5663
48 100 100 92.5301 83.3735 77.1084 71.5663
48.1 100 100 92.5301 83.3735 77.1084 71.5663
48.2 100 100 92.5301 83.3735 77.3494 71.8072
48.3 100 100 92.5301 83.3735 77.3494 71.8072
48.4 100 100 92.5301 83.3735 77.3494 71.8072
48.5 100 100 92.7711 83.6145 77.5904 72.0482
48.6 100 100 92.7711 83.6145 77.5904 72.0482
48.7 100 100 92.7711 83.6145 77.5904 72.0482
48.8 100 100 92.7711 83.6145 77.8313 72.2892
48.9 100 100 92.7711 83.6145 77.8313 72.2892
49 100 100 92.7711 83.6145 77.8313 72.2892
49.1 100 100 92.7711 83.6145 77.8313 72.2892
49.2 100 100 92.7711 83.6145 77.8313 72.2892
49.3 100 100 92.7711 83.6145 77.8313 72.2892
49.4 100 100 92.7711 83.6145 77.8313 72.2892
49.5 100 100 92.7711 83.6145 78.0723 72.5301
49.6 100 100 92.7711 83.6145 78.0723 72.5301
49.7 100 100 92.7711 83.6145 78.0723 72.5301
49.8 100 100 92.7711 83.6145 78.0723 72.5301
49.9 100 100 92.7711 83.6145 78.3133 72.7711
50 100 100 92.7711 83.6145 78.3133 72.7711
50.1 100 100 92.7711 83.6145 78.3133 72.7711
50.2 100 100 92.7711 83.6145 78.3133 72.7711
50.3 100 100 92.7711 83.6145 78.3133 72.7711
50.4 100 100 92.7711 83.6145 78.3133 72.7711
50.5 100 100 92.7711 83.6145 78.3133 72.7711
50.6 100 100 92.7711 83.6145 78.3133 72.7711
50.7 100 100 92.7711 83.6145 78.3133 72.7711
50.8 100 100 92.7711 83.6145 78.3133 72.7711
50.9 100 100 92.7711 83.6145 78.3133 72.7711
51 100 100 92.7711 83.6145 78.3133 72.7711
51.1 100 100 92.7711 83.6145 78.3133 72.7711
51.2 100 100 92.7711 83.6145 78.3133 72.7711
51.3 100 100 92.7711 83.6145 78.3133 72.7711
51.4 100 100 92.7711 83.6145 78.3133 72.7711
51.5 100 100 92.7711 83.6145 78.3133 72.7711
51.6 100 100 92.7711 83.6145 78.3133 72.7711
51.7 100 100 92.7711 83.8554 78.5542 73.012
51.8 100 100 92.7711 83.8554 78.5542 73.012
51.9 100 100 93.012 84.0964 78.7952 73.253
52 100 100 93.012 84.0964 78.7952 73.253
52.1 100 100 93.012 84.0964 78.7952 73.253
52.2 100 100 93.012 84.0964 78.7952 73.253
52.3 100 100 93.012 84.0964 78.7952 73.253
52.4 100 100 93.012 84.0964 78.7952 73.253
52.5 100 100 93.012 84.0964 78.7952 73.253
52.6 100 100 93.012 84.0964 78.7952 73.253
52.7 100 100 93.012 84.0964 78.7952 73.253
52.8 100 100 93.012 84.0964 79.0361 73.494
52.9 100 100 93.012 84.0964 79.0361 73.494
53 100 100 93.012 84.0964 79.0361 73.494
53.1 100 100 93.012 84.0964 79.0361 73.494
53.2 100 100 93.012 84.0964 79.0361 73.494
53.3 100 100 93.012 84.0964 79.0361 73.494
53.4 100 100 93.012 84.3373 79.2771 73.7349
53.5 100 100 93.012 84.3373 79.2771 73.7349
53.6 100 100 93.012 84.3373 79.2771 73.7349
53.7 100 100 93.012 84.3373 79.2771 73.7349
53.8 100 100 93.012 84.3373 79.2771 73.7349
53.9 100 100 93.012 84.3373 79.2771 73.7349
54 100 100 93.012 84.3373 79.2771 73.7349
54.1 100 100 93.012 84.3373 79.2771 73.7349
54.2 100 100 93.012 84.3373 79.2771 73.7349
54.3 100 100 93.012 84.3373 79.2771 73.7349
54.4 100 100 93.012 84.3373 79.2771 73.7349
54.5 100 100 93.012 84.3373 79.2771 73.7349
54.6 100 100 93.012 84.3373 79.2771 73.7349
54.7 100 100 93.012 84.3373 79.2771 73.7349
54.8 100 100 93.012 84.3373 79.2771 73.7349
54.9 100 100 93.012 84.3373 79.2771 73.7349
55 100 100 93.012 84.3373 79.2771 73.7349
55.1 100 100 93.012 84.3373 79.2771 73.7349
55.2 100 100 93.012 84.3373 79.2771 73.7349
55.3 100 100 93.012 84.3373 79.2771 73.7349
55.4 100 100 93.012 84.3373 79.2771 73.7349
55.5 100 100 93.012 84.3373 79.2771 73.9759
55.6 100 100 93.012 84.3373 79.2771 73.9759
55.7 100 100 93.012 84.3373 79.2771 73.9759
55.8 100 100 93.012 84.3373 79.2771 73.9759
55.9 100 100 93.012 84.3373 79.5181 74.2169
56 100 100 93.012 84.3373 79.5181 74.4578
56.1 100 100 93.012 84.3373 79.5181 74.4578
56.2 100 100 93.012 84.3373 79.5181 74.4578
56.3 100 100 93.012 84.3373 79.5181 74.4578
56.4 100 100 93.012 84.3373 79.5181 74.4578
56.5 100 100 93.012 84.3373 79.5181 74.4578
56.6 100 100 93.012 84.3373 79.5181 74.4578
56.7 100 100 93.012 84.3373 79.5181 74.4578
56.8 100 100 93.012 84.3373 79.5181 74.4578
56.9 100 100 93.012 84.3373 79.5181 74.4578
57 100 100 93.012 84.3373 79.5181 74.4578
57.1 100 100 93.012 84.3373 79.5181 74.4578
57.2 100 100 93.012 84.3373 79.5181 74.4578
57.3 100 100 93.012 84.5783 79.759 74.6988
57.4 100 100 93.012 84.5783 79.759 74.6988
57.5 100 100 93.012 84.5783 79.759 74.6988
57.6 100 100 93.012 84.5783 79.759 74.6988
57.7 100 100 93.012 84.5783 79.759 74.6988
57.8 100 100 93.012 84.5783 79.759 74.6988
57.9 100 100 93.012 84.5783 79.759 74.6988
58 100 100 93.253 84.8193 80.241 75.1807
58.1 100 100 93.253 84.8193 80.241 75.4217
58.2 100 100 93.253 84.8193 80.241 75.4217
58.3 100 100 93.253 84.8193 80.241 75.4217
58.4 100 100 93.253 84.8193 80.241 75.4217
58.5 100 100 93.253 84.8193 80.241 75.4217
58.6 100 100 93.253 84.8193 80.241 75.4217
58.7 100 100 93.253 84.8193 80.4819 75.6627
58.8 100 100 93.253 84.8193 80.4819 75.6627
58.9 100 100 93.253 85.0602 80.7229 75.9036
59 100 100 93.253 85.0602 80.7229 76.1446
59.1 100 100 93.253 85.0602 80.7229 76.1446
59.2 100 100 93.253 85.0602 80.9639 76.3855
59.3 100 100 93.253 85.0602 80.9639 76.3855
59.4 100 100 93.253 85.0602 80.9639 76.3855
59.5 100 100 93.253 85.0602 80.9639 76.3855
59.6 100 100 93.253 85.0602 80.9639 76.3855
59.7 100 100 93.253 85.3012 81.2048 76.6265
59.8 100 100 93.253 85.3012 81.2048 76.6265
59.9 100 100 93.253 85.3012 81.2048 76.6265
60 100 100 93.253 85.3012 81.2048 76.6265
60.1 100 100 93.253 85.3012 81.2048 76.6265
60.2 100 100 93.253 85.3012 81.2048 76.6265
60.3 100 100 93.253 85.3012 81.2048 76.6265
60.4 100 100 93.253 85.3012 81.2048 76.6265
60.5 100 100 93.253 85.3012 81.2048 76.6265
60.6 100 100 93.253 85.3012 81.4458 76.8675
60.7 100 100 93.253 85.3012 81.4458 76.8675
60.8 100 100 93.253 85.3012 81.4458 76.8675
60.9 100 100 93.253 85.3012 81.4458 76.8675
61 100 100 93.253 85.3012 81.4458 76.8675
61.1 100 100 93.253 85.3012 81.6867 77.1084
61.2 100 100 93.253 85.3012 81.6867 77.1084
61.3 100 100 93.253 85.3012 81.9277 77.3494
61.4 100 100 93.253 85.3012 81.9277 77.3494
61.5 100 100 93.253 85.3012 81.9277 77.3494
61.6 100 100 93.253 85.3012 81.9277 77.3494
61.7 100 100 93.253 85.3012 81.9277 77.3494
61.8 100 100 93.253 85.3012 81.9277 77.3494
61.9 100 100 93.494 85.5422 82.1687 77.5904
62 100 100 93.494 85.5422 82.1687 77.5904
62.1 100 100 93.494 85.5422 82.1687 77.5904
62.2 100 100 93.494 85.5422 82.1687 77.5904
62.3 100 100 93.494 85.5422 82.1687 77.5904
62.4 100 100 93.494 85.5422 82.1687 77.5904
62.5 100 100 93.494 85.5422 82.4096 77.8313
62.6 100 100 93.494 85.5422 82.4096 77.8313
62.7 100 100 93.494 85.7831 82.6506 78.0723
62.8 100 100 93.494 86.0241 82.8916 78.3133
62.9 100 100 93.494 86.0241 82.8916 78.3133
63 100 100 93.7349 86.2651 83.1325 78.5542
63.1 100 100 93.7349 86.2651 83.1325 78.5542
63.2 100 100 93.7349 86.2651 83.1325 78.5542
63.3 100 100 93.7349 86.2651 83.1325 78.5542
63.4 100 100 93.7349 86.2651 83.1325 78.5542
63.5 100 100 93.7349 86.2651 83.1325 78.5542
63.6 100 100 93.9759 86.506 83.6145 79.2771
63.7 100 100 93.9759 86.506 83.6145 79.2771
63.8 100 100 94.2169 86.747 83.8554 79.5181
63.9 100 100 94.4578 86.988 84.0964 79.759
64 100 100 94.4578 86.988 84.0964 79.759
64.1 100 100 94.4578 86.988 84.0964 79.759
64.2 100 100 94.4578 86.988 84.0964 79.759
64.3 100 100 94.4578 86.988 84.0964 79.759
64.4 100 100 94.4578 86.988 84.0964 79.759
64.5 100 100 94.4578 86.988 84.0964 79.759
64.6 100 100 94.4578 86.988 84.0964 79.759
64.7 100 100 94.4578 86.988 84.0964 79.759
64.8 100 100 94.4578 86.988 84.0964 79.759
64.9 100 100 94.4578 86.988 84.0964 79.759
65 100 100 94.4578 86.988 84.0964 79.759
65.1 100 100 94.4578 86.988 84.0964 79.759
65.2 100 100 94.4578 86.988 84.0964 79.759
65.3 100 100 94.4578 86.988 84.0964 79.759
65.4 100 100 94.4578 86.988 84.0964 79.759
65.5 100 100 94.4578 86.988 84.0964 79.759
65.6 100 100 94.4578 86.988 84.0964 79.759
65.7 100 100 94.4578 86.988 84.0964 80
65.8 100 100 94.4578 86.988 84.0964 80
65.9 100 100 94.4578 86.988 84.0964 80
66 100 100 94.4578 86.988 84.0964 80
66.1 100 100 94.4578 87.2289 84.3373 80.241
66.2 100 100 94.4578 87.2289 84.3373 80.241
66.3 100 100 94.4578 87.2289 84.3373 80.241
66.4 100 100 94.4578 87.2289 84.3373 80.241
66.5 100 100 94.4578 87.2289 84.3373 80.241
66.6 100 100 94.4578 87.4699 84.5783 80.4819
66.7 100 100 94.4578 87.4699 84.5783 80.4819
66.8 100 100 94.4578 87.4699 84.5783 80.4819
66.9 100 100 94.4578 87.4699 84.5783 80.4819
67 100 100 94.4578 87.7108 84.8193 80.7229
67.1 100 100 94.4578 87.7108 84.8193 80.7229
67.2 100 100 94.4578 87.7108 84.8193 80.7229
67.3 100 100 94.4578 87.7108 85.0602 80.9639
67.4 100 100 94.4578 87.7108 85.0602 80.9639
67.5 100 100 94.4578 87.7108 85.0602 80.9639
67.6 100 100 94.4578 87.7108 85.0602 80.9639
67.7 100 100 94.4578 87.7108 85.0602 80.9639
67.8 100 100 94.4578 87.9518 85.3012 81.2048
67.9 100 100 94.4578 87.9518 85.3012 81.2048
68 100 100 94.4578 87.9518 85.3012 81.2048
68.1 100 100 94.4578 87.9518 85.3012 81.2048
68.2 100 100 94.4578 87.9518 85.3012 81.2048
68.3 100 100 94.6988 88.1928 85.5422 81.4458
68.4 100 100 94.6988 88.1928 85.5422 81.4458
68.5 100 100 94.6988 88.1928 85.5422 81.4458
68.6 100 100 94.6988 88.1928 85.5422 81.4458
68.7 100 100 94.6988 88.1928 85.5422 81.4458
68.8 100 100 94.6988 88.1928 85.5422 81.4458
68.9 100 100 94.6988 88.1928 85.5422 81.6867
69 100 100 94.6988 88.1928 85.5422 81.6867
69.1 100 100 94.6988 88.1928 85.5422 81.6867
69.2 100 100 94.6988 88.1928 85.5422 81.6867
69.3 100 100 94.6988 88.1928 85.5422 81.6867
69.4 100 100 94.6988 88.1928 85.5422 81.6867
69.5 100 100 94.6988 88.1928 85.5422 81.6867
69.6 100 100 94.6988 88.1928 85.5422 81.6867
69.7 100 100 94.6988 88.1928 85.5422 81.6867
69.8 100 100 94.6988 88.1928 85.7831 81.9277
69.9 100 100 94.6988 88.1928 85.7831 81.9277
70 100 100 94.6988 88.1928 85.7831 81.9277
70.1 100 100 94.6988 88.1928 86.0241 82.1687
70.2 100 100 94.6988 88.1928 86.2651 82.4096
70.3 100 100 94.6988 88.1928 86.2651 82.4096
70.4 100 100 94.9398 88.4337 86.506 82.6506
70.5 100 100 94.9398 88.4337 86.506 82.6506
70.6 100 100 94.9398 88.4337 86.747 82.8916
70.7 100 100 94.9398 88.4337 86.747 82.8916
70.8 100 100 94.9398 88.4337 86.747 82.8916
70.9 100 100 94.9398 88.6747 86.988 83.1325
71 100 100 94.9398 88.6747 86.988 83.6145
71.1 100 100 94.9398 88.6747 86.988 83.8554
71.2 100 100 94.9398 88.6747 86.988 83.8554
71.3 100 100 94.9398 88.6747 86.988 83.8554
71.4 100 100 94.9398 88.6747 86.988 83.8554
71.5 100 100 94.9398 88.6747 87.2289 84.0964
71.6 100 100 94.9398 88.6747 87.2289 84.0964
71.7 100 100 94.9398 88.6747 87.2289 84.0964
71.8 100 100 95.1807 88.9157 87.4699 84.3373
71.9 100 100 95.1807 88.9157 87.7108 84.5783
72 100 100 95.1807 88.9157 87.7108 84.5783
72.1 100 100 95.1807 88.9157 87.7108 84.5783
72.2 100 100 95.1807 88.9157 87.7108 84.5783
72.3 100 100 95.1807 88.9157 87.7108 84.5783
72.4 100 100 95.1807 88.9157 87.9518 84.8193
72.5 100 100 95.1807 88.9157 87.9518 84.8193
72.6 100 100 95.1807 88.9157 87.9518 84.8193
72.7 100 100 95.1807 88.9157 87.9518 84.8193
72.8 100 100 95.1807 88.9157 87.9518 84.8193
72.9 100 100 95.4217 89.1566 88.1928 85.0602
73 100 100 95.4217 89.1566 88.1928 85.0602
73.1 100 100 95.4217 89.1566 88.1928 85.0602
73.2 100 100 95.6627 89.3976 88.4337 85.3012
73.3 100 100 95.6627 89.3976 88.4337 85.3012
73.4 100 100 95.6627 89.3976 88.4337 85.3012
73.5 100 100 95.6627 89.3976 88.4337 85.3012
73.6 100 100 95.6627 89.3976 88.4337 85.3012
73.7 100 100 95.6627 89.3976 88.4337 85.3012
73.8 100 100 95.6627 89.3976 88.4337 85.3012
73.9 100 100 95.6627 89.6386 88.6747 85.5422
74 100 100 95.6627 89.6386 88.6747 85.5422
74.1 100 100 95.6627 89.8795 88.9157 85.7831
74.2 100 100 95.6627 89.8795 88.9157 85.7831
74.3 100 100 95.6627 89.8795 88.9157 86.0241
74.4 100 100 95.6627 89.8795 88.9157 86.0241
74.5 100 100 95.6627 89.8795 88.9157 86.0241
74.6 100 100 95.6627 89.8795 88.9157 86.0241
74.7 100 100 95.6627 89.8795 88.9157 86.0241
74.8 100 100 95.6627 89.8795 88.9157 86.0241
74.9 100 100 95.9036 90.1205 89.1566 86.2651
75 100 100 95.9036 90.1205 89.1566 86.2651
75.1 100 100 95.9036 90.1205 89.1566 86.2651
75.2 100 100 95.9036 90.1205 89.1566 86.2651
75.3 100 100 95.9036 90.1205 89.1566 86.2651
75.4 100 100 95.9036 90.1205 89.1566 86.2651
75.5 100 100 95.9036 90.1205 89.1566 86.2651
75.6 100 100 95.9036 90.1205 89.1566 86.2651
75.7 100 100 96.1446 90.3614 89.3976 86.506
75.8 100 100 96.1446 90.3614 89.3976 86.506
75.9 100 100 96.1446 90.3614 89.3976 86.506
76 100 100 96.1446 90.3614 89.3976 86.506
76.1 100 100 96.1446 90.3614 89.3976 86.506
76.2 100 100 96.1446 90.3614 89.3976 86.506
76.3 100 100 96.1446 90.3614 89.3976 86.506
76.4 100 100 96.1446 90.3614 89.3976 86.506
76.5 100 100 96.1446 90.3614 89.3976 86.506
76.6 100 100 96.1446 90.3614 89.3976 86.506
76.7 100 100 96.1446 90.3614 89.3976 86.506
76.8 100 100 96.1446 90.3614 89.3976 86.506
76.9 100 100 96.3855 90.6024 89.6386 86.747
77 100 100 96.3855 90.6024 89.6386 86.747
77.1 100 100 96.3855 90.6024 89.6386 86.747
77.2 100 100 96.3855 90.6024 89.6386 86.747
77.3 100 100 96.3855 90.6024 89.6386 86.747
77.4 100 100 96.3855 90.6024 89.6386 86.747
77.5 100 100 96.3855 90.6024 89.6386 86.747
77.6 100 100 96.3855 90.6024 89.6386 86.747
77.7 100 100 96.3855 90.6024 89.6386 86.747
77.8 100 100 96.3855 90.6024 89.6386 86.747
77.9 100 100 96.3855 90.6024 89.6386 86.747
78 100 100 96.3855 90.6024 89.6386 86.747
78.1 100 100 96.3855 90.6024 89.6386 86.747
78.2 100 100 96.3855 90.6024 89.6386 86.747
78.3 100 100 96.3855 90.6024 89.6386 86.747
78.4 100 100 96.3855 90.6024 89.8795 86.988
78.5 100 100 96.3855 90.6024 89.8795 86.988
78.6 100 100 96.3855 90.6024 89.8795 86.988
78.7 100 100 96.3855 90.6024 89.8795 86.988
78.8 100 100 96.3855 90.6024 89.8795 86.988
78.9 100 100 96.3855 90.6024 89.8795 86.988
79 100 100 96.3855 90.6024 89.8795 86.988
79.1 100 100 96.3855 90.6024 89.8795 86.988
79.2 100 100 96.3855 90.6024 89.8795 86.988
79.3 100 100 96.3855 90.6024 89.8795 86.988
79.4 100 100 96.3855 90.6024 89.8795 86.988
79.5 100 100 96.3855 90.8434 90.1205 87.2289
79.6 100 100 96.3855 90.8434 90.1205 87.2289
79.7 100 100 96.3855 90.8434 90.1205 87.2289
79.8 100 100 96.3855 90.8434 90.1205 87.2289
79.9 100 100 96.3855 91.0843 90.3614 87.4699
80 100 100 96.3855 91.0843 90.3614 87.4699
80.1 100 100 96.3855 91.0843 90.3614 87.4699
80.2 100 100 96.3855 91.0843 90.3614 87.4699
80.3 100 100 96.3855 91.0843 90.3614 87.4699
80.4 100 100 96.6265 91.3253 90.6024 87.7108
80.5 100 100 96.6265 91.5663 90.8434 87.9518
80.6 100 100 96.6265 91.5663 90.8434 87.9518
80.7 100 100 96.6265 91.5663 90.8434 87.9518
80.8 100 100 96.6265 91.5663 90.8434 87.9518
80.9 100 100 96.6265 91.8072 91.0843 88.1928
81 100 100 96.6265 91.8072 91.0843 88.1928
81.1 100 100 96.6265 91.8072 91.0843 88.1928
81.2 100 100 96.6265 91.8072 91.0843 88.1928
81.3 100 100 96.6265 91.8072 91.0843 88.1928
81.4 100 100 96.6265 91.8072 91.0843 88.1928
81.5 100 100 96.6265 91.8072 91.0843 88.1928
81.6 100 100 96.6265 91.8072 91.0843 88.1928
81.7 100 100 96.6265 91.8072 91.0843 88.1928
81.8 100 100 96.6265 91.8072 91.0843 88.1928
81.9 100 100 96.6265 91.8072 91.0843 88.1928
82 100 100 96.6265 92.0482 91.3253 88.4337
82.1 100 100 96.6265 92.0482 91.3253 88.4337
82.2 100 100 96.6265 92.0482 91.3253 88.4337
82.3 100 100 96.6265 92.0482 91.3253 88.4337
82.4 100 100 96.6265 92.0482 91.3253 88.4337
82.5 100 100 96.6265 92.0482 91.3253 88.4337
82.6 100 100 96.6265 92.0482 91.3253 88.4337
82.7 100 100 96.6265 92.0482 91.3253 88.4337
82.8 100 100 96.6265 92.2892 91.5663 88.6747
82.9 100 100 96.6265 92.2892 91.5663 88.6747
83 100 100 96.6265 92.2892 91.5663 88.6747
83.1 100 100 96.6265 92.2892 91.5663 88.6747
83.2 100 100 96.6265 92.2892 91.5663 88.6747
83.3 100 100 96.6265 92.2892 91.5663 88.6747
83.4 100 100 96.8675 92.5301 92.0482 89.3976
83.5 100 100 96.8675 92.5301 92.0482 89.3976
83.6 100 100 96.8675 92.5301 92.0482 89.3976
83.7 100 100 97.1084 92.7711 92.2892 89.6386
83.8 100 100 97.1084 92.7711 92.2892 89.6386
83.9 100 100 97.1084 92.7711 92.2892 89.8795
84 100 100 97.1084 93.012 92.5301 90.1205
84.1 100 100 97.1084 93.012 92.5301 90.1205
84.2 100 100 97.1084 93.012 92.5301 90.1205
84.3 100 100 97.3494 93.253 92.7711 90.3614
84.4 100 100 97.3494 93.253 92.7711 90.3614
84.5 100 100 97.3494 93.253 92.7711 90.3614
84.6 100 100 97.3494 93.253 92.7711 90.3614
84.7 100 100 97.3494 93.253 92.7711 90.3614
84.8 100 100 97.3494 93.253 92.7711 90.3614
84.9 100 100 97.3494 93.494 93.012 90.6024
85 100 100 97.3494 93.494 93.012 90.6024
85.1 100 100 97.3494 93.494 93.012 90.6024
85.2 100 100 97.3494 93.494 93.012 90.6024
85.3 100 100 97.3494 93.494 93.012 90.6024
85.4 100 100 97.3494 93.494 93.253 90.8434
85.5 100 100 97.3494 93.494 93.253 90.8434
85.6 100 100 97.3494 93.494 93.253 90.8434
85.7 100 100 97.3494 93.494 93.253 90.8434
85.8 100 100 97.3494 93.7349 93.494 91.0843
85.9 100 100 97.3494 93.7349 93.494 91.0843
86 100 100 97.5904 94.2169 93.9759 91.5663
86.1 100 100 97.5904 94.4578 94.2169 91.8072
86.2 100 100 97.5904 94.4578 94.2169 91.8072
86.3 100 100 97.5904 94.4578 94.2169 91.8072
86.4 100 100 97.8313 94.6988 94.4578 92.0482
86.5 100 100 97.8313 94.6988 94.4578 92.0482
86.6 100 100 97.8313 94.6988 94.4578 92.0482
86.7 100 100 97.8313 94.6988 94.4578 92.0482
86.8 100 100 97.8313 94.6988 94.4578 92.0482
86.9 100 100 97.8313 94.6988 94.4578 92.0482
87 100 100 97.8313 94.6988 94.4578 92.0482
87.1 100 100 97.8313 94.6988 94.4578 92.0482
87.2 100 100 97.8313 94.6988 94.4578 92.0482
87.3 100 100 97.8313 94.6988 94.4578 92.0482
87.4 100 100 97.8313 94.6988 94.4578 92.0482
87.5 100 100 97.8313 94.6988 94.4578 92.0482
87.6 100 100 97.8313 94.6988 94.4578 92.0482
87.7 100 100 97.8313 94.6988 94.4578 92.0482
87.8 100 100 97.8313 94.6988 94.4578 92.0482
87.9 100 100 97.8313 94.6988 94.4578 92.0482
88 100 100 97.8313 94.6988 94.4578 92.0482
88.1 100 100 97.8313 94.6988 94.4578 92.0482
88.2 100 100 97.8313 94.9398 94.6988 92.2892
88.3 100 100 97.8313 94.9398 94.6988 92.2892
88.4 100 100 97.8313 94.9398 94.6988 92.2892
88.5 100 100 97.8313 94.9398 94.6988 92.2892
88.6 100 100 97.8313 94.9398 94.6988 92.2892
88.7 100 100 97.8313 94.9398 94.6988 92.2892
88.8 100 100 97.8313 94.9398 94.6988 92.2892
88.9 100 100 97.8313 95.1807 94.9398 92.5301
89 100 100 97.8313 95.1807 94.9398 92.5301
89.1 100 100 97.8313 95.1807 94.9398 92.5301
89.2 100 100 97.8313 95.1807 94.9398 92.5301
89.3 100 100 97.8313 95.1807 94.9398 92.5301
89.4 100 100 97.8313 95.1807 94.9398 92.7711
89.5 100 100 97.8313 95.1807 94.9398 92.7711
89.6 100 100 97.8313 95.1807 94.9398 92.7711
89.7 100 100 97.8313 95.1807 94.9398 92.7711
89.8 100 100 97.8313 95.4217 95.1807 93.012
89.9 100 100 97.8313 95.4217 95.1807 93.012
90 100 100 97.8313 95.4217 95.1807 93.012
90.1 100 100 97.8313 95.4217 95.1807 93.012
90.2 100 100 97.8313 95.6627 95.4217 93.253
90.3 100 100 97.8313 95.6627 95.4217 93.253
90.4 100 100 97.8313 95.6627 95.4217 93.253
90.5 100 100 97.8313 95.6627 95.4217 93.253
90.6 100 100 97.8313 95.9036 95.6627 93.494
90.7 100 100 97.8313 95.9036 95.6627 93.494
90.8 100 100 97.8313 95.9036 95.6627 93.494
90.9 100 100 97.8313 95.9036 95.6627 93.494
91 100 100 97.8313 95.9036 95.6627 93.494
91.1 100 100 97.8313 95.9036 95.6627 93.494
91.2 100 100 97.8313 95.9036 95.6627 93.494
91.3 100 100 97.8313 95.9036 95.6627 93.494
91.4 100 100 97.8313 95.9036 95.6627 93.494
91.5 100 100 97.8313 95.9036 95.6627 93.494
91.6 100 100 97.8313 95.9036 95.6627 93.494
91.7 100 100 97.8313 95.9036 95.6627 93.494
91.8 100 100 97.8313 96.1446 95.9036 93.7349
91.9 100 100 97.8313 96.1446 95.9036 93.7349
92 100 100 97.8313 96.1446 95.9036 93.7349
92.1 100 100 98.3133 96.6265 96.3855 94.2169
92.2 100 100 98.5542 97.1084 96.8675 94.6988
92.3 100 100 98.7952 97.3494 97.1084 95.1807
92.4 100 100 98.7952 97.3494 97.1084 95.1807
92.5 100 100 99.0361 97.5904 97.3494 95.4217
92.6 100 100 99.2771 97.8313 97.5904 95.6627
92.7 100 100 99.2771 97.8313 97.5904 95.6627
92.8 100 100 99.2771 97.8313 97.5904 95.6627
92.9 100 100 99.2771 97.8313 97.5904 95.6627
93 100 100 99.2771 97.8313 97.5904 95.6627
93.1 100 100 99.2771 97.8313 97.8313 95.9036
93.2 100 100 99.2771 98.0723 98.0723 96.1446
93.3 100 100 99.2771 98.0723 98.0723 96.1446
93.4 100 100 99.2771 98.0723 98.0723 96.1446
93.5 100 100 99.2771 98.0723 98.0723 96.1446
93.6 100 100 99.2771 98.0723 98.0723 96.1446
93.7 100 100 99.2771 98.0723 98.0723 96.1446
93.8 100 100 99.2771 98.0723 98.0723 96.1446
93.9 100 100 99.2771 98.0723 98.0723 96.1446
94 100 100 99.2771 98.0723 98.0723 96.1446
94.1 100 100 99.2771 98.0723 98.0723 96.1446
94.2 100 100 99.2771 98.3133 98.3133 96.3855
94.3 100 100 99.2771 98.3133 98.3133 96.3855
94.4 100 100 99.5181 98.7952 98.7952 96.8675
94.5 100 100 99.5181 98.7952 98.7952 96.8675
94.6 100 100 99.5181 98.7952 98.7952 96.8675
94.7 100 100 99.5181 98.7952 98.7952 96.8675
94.8 100 100 99.5181 98.7952 98.7952 96.8675
94.9 100 100 99.5181 98.7952 98.7952 96.8675
95 100 100 99.5181 98.7952 98.7952 96.8675
95.1 100 100 99.5181 98.7952 98.7952 96.8675
95.2 100 100 99.5181 98.7952 98.7952 96.8675
95.3 100 100 99.5181 98.7952 98.7952 96.8675
95.4 100 100 99.5181 98.7952 98.7952 97.3494
95.5 100 100 99.5181 98.7952 98.7952 97.3494
95.6 100 100 99.759 99.0361 99.0361 97.5904
95.7 100 100 99.759 99.0361 99.0361 97.5904
95.8 100 100 99.759 99.0361 99.0361 97.5904
95.9 100 100 99.759 99.0361 99.0361 97.5904
96 100 100 99.759 99.0361 99.0361 97.5904
96.1 100 100 99.759 99.0361 99.0361 97.5904
96.2 100 100 99.759 99.0361 99.0361 97.5904
96.3 100 100 99.759 99.0361 99.0361 97.5904
96.4 100 100 99.759 99.2771 99.2771 97.8313
96.5 100 100 99.759 99.2771 99.2771 98.0723
96.6 100 100 99.759 99.2771 99.2771 98.0723
96.7 100 100 99.759 99.2771 99.2771 98.0723
96.8 100 100 99.759 99.2771 99.2771 98.0723
96.9 100 100 99.759 99.2771 99.2771 98.0723
97 100 100 99.759 99.2771 99.2771 98.0723
97.1 100 100 99.759 99.2771 99.2771 98.0723
97.2 100 100 99.759 99.2771 99.2771 98.0723
97.3 100 100 99.759 99.2771 99.2771 98.0723
97.4 100 100 99.759 99.2771 99.2771 98.0723
97.5 100 100 100 99.5181 99.5181 98.3133
97.6 100 100 100 99.5181 99.5181 98.3133
97.7 100 100 100 99.5181 99.5181 98.5542
97.8 100 100 100 99.5181 99.5181 98.5542
97.9 100 100 100 99.5181 99.5181 98.7952
98 100 100 100 99.5181 99.5181 98.7952
98.1 100 100 100 99.5181 99.5181 99.0361
98.2 100 100 100 99.5181 99.5181 99.0361
98.3 100 100 100 99.5181 99.5181 99.2771
98.4 100 100 100 99.5181 99.5181 99.2771
98.5 100 100 100 99.5181 99.5181 99.2771
98.6 100 100 100 99.759 99.759 99.5181
98.7 100 100 100 99.759 99.759 99.5181
98.8 100 100 100 99.759 99.759 99.5181
98.9 100 100 100 99.759 99.759 99.759
99 100 100 100 99.759 99.759 99.759
99.1 100 100 100 99.759 99.759 99.759
99.2 100 100 100 100 100 100
99.3 100 100 100 100 100 100
99.4 100 100 100 100 100 100
99.5 100 100 100 100 100 100
99.6 100 100 100 100 100 100
99.7 100 100 100 100 100 100
99.8 100 100 100 100 100 100
99.9 100 100 100 100 100 100
100 100 100 100 100 100 100
