0.2 nan 0 0 0 0 0 
0.3 nan 0 0 0 0 0 
0.4 nan 0 0 0 0 0 
0.5 nan 0 0 0 0 0 
0.6 nan 0 0 0 0 0 
0.7 nan 0 0 0 0 0 
0.8 nan 0 0 0 0 0 
0.9 nan 0 0 0 0 0 
1 nan 0 0 0 0 0 
1.1 nan 0 0 0 0 0 
1.2 nan 0 0 0 0 0 
1.3 nan 0 0 0 0 0 
1.4 nan 0 0 0 0 0 
1.5 nan 0 0 0 0 0 
1.6 nan 0 0 0 0 0 
1.7 nan 0 0 0 0 0 
1.8 nan 0 0 0 0 0 
1.9 nan 0 0 0 0 0 
2 nan 0 0 0 0 0 
2.1 nan 0 0 0 0 0 
2.2 nan 0 0 0 0 0 
2.3 nan 0 0 0 0 0 
2.4 nan 0 0 0 0 0 
2.5 nan 0 0 0 0 0 
2.6 nan 0 0 0 0 0 
2.7 nan 0 0 0 0 0 
2.8 nan 0 0 0 0 0 
2.9 nan 0 0 0 0 0 
3 nan 0 0 0 0 0 
3.1 nan 0 0 0 0 0 
3.2 nan 0 0 0 0 0 
3.3 nan 0 0 0 0 0 
3.4 nan 0 0 0 0 0 
3.5 nan 0 0 0 0 0 
3.6 nan 0 0 0 0 0 
3.7 nan 0 0 0 0 0 
3.8 nan 0 0 0 0 0 
3.9 nan 0 0 0 0 0 
4 nan 0 0 0 0 0 
4.1 nan 0 0 0 0 0 
4.2 nan 0 0 0 0 0 
4.3 nan 0 0 0 0 0 
4.4 nan 0 0 0 0 0 
4.5 nan 0 0 0 0 0 
4.6 nan 0 0 0 0 0 
4.7 nan 0 0 0 0 0 
4.8 nan 0 0 0 0 0 
4.9 nan 0 0 0 0 0 
5 nan 0 0 0 0 0 
5.1 nan 0 0 0 0 0 
5.2 nan 0 0 0 0 0 
5.3 nan 0 0 0 0 0 
5.4 nan 0 0 0 0 0 
5.5 nan 0 0 0 0 0 
5.6 nan 0 0 0 0 0 
5.7 nan 0 0 0 0 0 
5.8 nan 0 0 0 0 0 
5.9 nan 0 0 0 0 0 
6 nan 0 0 0 0 0 
6.1 nan 0 0 0 0 0 
6.2 nan 0 0 0 0 0 
6.3 nan 0 0 0 0 0 
6.4 nan 0 0 0 0 0 
6.5 nan 0 0 0 0 0 
6.6 nan 0 0 0 0 0 
6.7 nan 0 0 0 0 0 
6.8 nan 0 0 0 0 0 
6.9 nan 0 0 0 0 0 
7 nan 0 0 0 0 0 
7.1 nan 0 0 0 0 0 
7.2 nan 0 0 0 0 0 
7.3 nan 0 0 0 0 0 
7.4 nan 0 0 0 0 0 
7.5 nan 0 0 0 0 0 
7.6 nan 0 0 0 0 0 
7.7 nan 0 0 0 0 0 
7.8 nan 0 0 0 0 0 
7.9 nan 0 0 0 0 0 
8 nan 0 0 0 0 0 
8.1 nan 0 0 0 0 0 
8.2 nan 0 0 0 0 0 
8.3 nan 0 0 0 0 0 
8.4 nan 0 0 0 0 0 
8.5 nan 0 0 0 0 0 
8.6 nan 0 0 0 0 0 
8.7 nan 0 0 0 0 0 
8.8 nan 0 0 0 0 0 
8.9 nan 0 0 0 0 0 
9 nan 0 0 0 0 0 
9.1 nan 0 0 0 0 0 
9.2 nan 0 0 0 0 0 
9.3 nan 0 0 0 0 0 
9.4 nan 0 0 0 0 0 
9.5 nan 0 0 0 0 0 
9.6 nan 0 0 0 0 0 
9.7 nan 0 0 0 0 0 
9.8 nan 0 0 0 0 0 
9.9 nan 0 0 0 0 0 
10 nan 0 0 0 0 0 
10.1 nan 0 0 0 0 0 
10.2 nan 0 0 0 0 0 
10.3 nan 0 0 0 0 0 
10.4 nan 0 0 0 0 0 
10.5 nan 0 0 0 0 0 
10.6 nan 0 0 0 0 0 
10.7 nan 0 0 0 0 0 
10.8 nan 0 0 0 0 0 
10.9 nan 0 0 0 0 0 
11 nan 0 0 0 0 0 
11.1 nan 0 0 0 0 0 
11.2 nan 0 0 0 0 0 
11.3 nan 0 0 0 0 0 
11.4 nan 0 0 0 0 0 
11.5 nan 0 0 0 0 0 
11.6 nan 0 0 0 0 0 
11.7 nan 0 0 0 0 0 
11.8 nan 0 0 0 0 0 
11.9 nan 0 0 0 0 0 
12 nan 0 0 0 0 0 
12.1 nan 0 0 0 0 0 
12.2 nan 0 0 0 0 0 
12.3 nan 0 0 0 0 0 
12.4 nan 0 0 0 0 0 
12.5 nan 0 0 0 0 0 
12.6 nan 0 0 0 0 0 
12.7 nan 0 0 0 0 0 
12.8 nan 0 0 0 0 0 
12.9 nan 0 0 0 0 0 
13 nan 0 0 0 0 0 
13.1 nan 0 0 0 0 0 
13.2 nan 0 0 0 0 0 
13.3 nan 0 0 0 0 0 
13.4 nan 0 0 0 0 0 
13.5 nan 0 0 0 0 0 
13.6 nan 0 0 0 0 0 
13.7 nan 0 0 0 0 0 
13.8 nan 0 0 0 0 0 
13.9 nan 0 0 0 0 0 
14 nan 0 0 0 0 0 
14.1 nan 0 0 0 0 0 
14.2 nan 0 0 0 0 0 
14.3 nan 0 0 0 0 0 
14.4 nan 0 0 0 0 0 
14.5 nan 0 0 0 0 0 
14.6 nan 0 0 0 0 0 
14.7 nan 0 0 0 0 0 
14.8 nan 0 0 0 0 0 
14.9 nan 0 0 0 0 0 
15 nan 0 0 0 0 0 
15.1 nan 0 0 0 0 0 
15.2 nan 0 0 0 0 0 
15.3 nan 0 0 0 0 0 
15.4 nan 0 0 0 0 0 
15.5 nan 0 0 0 0 0 
15.6 nan 0 0 0 0 0 
15.7 nan 0 0 0 0 0 
15.8 nan 0 0 0 0 0 
15.9 nan 0 0 0 0 0 
16 nan 0 0 0 0 0 
16.1 nan 0 0 0 0 0 
16.2 nan 0 0 0 0 0 
16.3 nan 0 0 0 0 0 
16.4 nan 0 0 0 0 0 
16.5 nan 0 0 0 0 0 
16.6 nan 0 0 0 0 0 
16.7 nan 0 0 0 0 0 
16.8 nan 0 0 0 0 0 
16.9 nan 0 0 0 0 0 
17 nan 0 0 0 0 0 
17.1 nan 0 0 0 0 0 
17.2 nan 0 0 0 0 0 
17.3 nan 0 0 0 0 0 
17.4 nan 0 0 0 0 0 
17.5 nan 0 0 0 0 0 
17.6 nan 0 0 0 0 0 
17.7 nan 0 0 0 0 0 
17.8 nan 0 0 0 0 0 
17.9 nan 0 0 0 0 0 
18 nan 0 0 0 0 0 
18.1 nan 0 0 0 0 0 
18.2 nan 0 0 0 0 0 
18.3 nan 0 0 0 0 0 
18.4 nan 0 0 0 0 0 
18.5 nan 0 0 0 0 0 
18.6 nan 0 0 0 0 0 
18.7 nan 0 0 0 0 0 
18.8 nan 0 0 0 0 0 
18.9 nan 0 0 0 0 0 
19 nan 0 0 0 0 0 
19.1 nan 0 0 0 0 0 
19.2 nan 0 0 0 0 0 
19.3 nan 0 0 0 0 0 
19.4 nan 0 0 0 0 0 
19.5 nan 0 0 0 0 0 
19.6 nan 0 0 0 0 0 
19.7 nan 0 0 0 0 0 
19.8 nan 0 0 0 0 0 
19.9 nan 0 0 0 0 0 
20 nan 0 0 0 0 0 
20.1 nan 0 0 0 0 0 
20.2 nan 0 0 0 0 0 
20.3 nan 0 0 0 0 0 
20.4 nan 0 0 0 0 0 
20.5 nan 0 0 0 0 0 
20.6 nan 0 0 0 0 0 
20.7 nan 0 0 0 0 0 
20.8 nan 0 0 0 0 0 
20.9 nan 0 0 0 0 0 
21 nan 0 0 0 0 0 
21.1 nan 0 0 0 0 0 
21.2 nan 0 0 0 0 0 
21.3 nan 0 0 0 0 0 
21.4 nan 0 0 0 0 0 
21.5 nan 0 0 0 0 0 
21.6 nan 0 0 0 0 0 
21.7 nan 0 0 0 0 0 
21.8 nan 0 0 0 0 0 
21.9 nan 0 0 0 0 0 
22 nan 0 0 0 0 0 
22.1 nan 0 0 0 0 0 
22.2 nan 0 0 0 0 0 
22.3 nan 0 0 0 0 0 
22.4 nan 0 0 0 0 0 
22.5 nan 0 0 0 0 0 
22.6 nan 0 0 0 0 0 
22.7 nan 0 0 0 0 0 
22.8 nan 0 0 0 0 0 
22.9 nan 0 0 0 0 0 
23 nan 0 0 0 0 0 
23.1 nan 0 0 0 0 0 
23.2 nan 0 0 0 0 0 
23.3 nan 0 0 0 0 0 
23.4 nan 0 0 0 0 0 
23.5 nan 0 0 0 0 0 
23.6 nan 0 0 0 0 0 
23.7 nan 0 0 0 0 0 
23.8 nan 0 0 0 0 0 
23.9 nan 0 0 0 0 0 
24 nan 0 0 0 0 0 
24.1 nan 0 0 0 0 0 
24.2 nan 0 0 0 0 0 
24.3 nan 0 0 0 0 0 
24.4 nan 0 0 0 0 0 
24.5 nan 0 0 0 0 0 
24.6 nan 0 0 0 0 0 
24.7 nan 0 0 0 0 0 
24.8 nan 0 0 0 0 0 
24.9 nan 0 0 0 0 0 
25 nan 0 0 0 0 0 
25.1 nan 0 0 0 0 0 
25.2 nan 0 0 0 0 0 
25.3 nan 0 0 0 0 0 
25.4 nan 0 0 0 0 0 
25.5 nan 0 0 0 0 0 
25.6 nan 0 0 0 0 0 
25.7 nan 0 0 0 0 0 
25.8 nan 0 0 0 0 0 
25.9 nan 0 0 0 0 0 
26 nan 0 0 0 0 0 
26.1 nan 0 0 0 0 0 
26.2 nan 0 0 0 0 0 
26.3 nan 0 0 0 0 0 
26.4 nan 0 0 0 0 0 
26.5 nan 0 0 0 0 0 
26.6 nan 0 0 0 0 0 
26.7 nan 0 0 0 0 0 
26.8 nan 0 0 0 0 0 
26.9 nan 0 0 0 0 0 
27 nan 0 0 0 0 0 
27.1 nan 0 0 0 0 0 
27.2 nan 0 0 0 0 0 
27.3 nan 0 0 0 0 0 
27.4 nan 0 0 0 0 0 
27.5 nan 0 0 0 0 0 
27.6 nan 0 0 0 0 0 
27.7 nan 0 0 0 0 0 
27.8 nan 0 0 0 0 0 
27.9 nan 0 0 0 0 0 
28 nan 0 0 0 0 0 
28.1 nan 0 0 0 0 0 
28.2 nan 0 0 0 0 0 
28.3 nan 0 0 0 0 0 
28.4 nan 0 0 0 0 0 
28.5 nan 0 0 0 0 0 
28.6 nan 0 0 0 0 0 
28.7 nan 0 0 0 0 0 
28.8 nan 0 0 0 0 0 
28.9 nan 0 0 0 0 0 
29 nan 0 0 0 0 0 
29.1 nan 0 0 0 0 0 
29.2 nan 0 0 0 0 0 
29.3 nan 0 0 0 0 0 
29.4 nan 0 0 0 0 0 
29.5 nan 0 0 0 0 0 
29.6 nan 0 0 0 0 0 
29.7 nan 0 0 0 0 0 
29.8 nan 0 0 0 0 0 
29.9 nan 0 0 0 0 0 
30 nan 0 0 0 0 0 
30.1 nan 0 0 0 0 0 
30.2 nan 0 0 0 0 0 
30.3 nan 0 0 0 0 0 
30.4 nan 0 0 0 0 0 
30.5 nan 0 0 0 0 0 
30.6 nan 0 0 0 0 0 
30.7 nan 0 0 0 0 0 
30.8 nan 0 0 0 0 0 
30.9 nan 0 0 0 0 0 
31 nan 0 0 0 0 0 
31.1 nan 0 0 0 0 0 
31.2 nan 0 0 0 0 0 
31.3 nan 0 0 0 0 0 
31.4 nan 0 0 0 0 0 
31.5 nan 0 0 0 0 0 
31.6 nan 0 0 0 0 0 
31.7 nan 0 0 0 0 0 
31.8 nan 0 0 0 0 0 
31.9 nan 0 0 0 0 0 
32 nan 0 0 0 0 0 
32.1 nan 0 0 0 0 0 
32.2 nan 0 0 0 0 0 
32.3 nan 0 0 0 0 0 
32.4 nan 0 0 0 0 0 
32.5 nan 0 0 0 0 0 
32.6 nan 0 0 0 0 0 
32.7 nan 0 0 0 0 0 
32.8 nan 0 0 0 0 0 
32.9 nan 0 0 0 0 0 
33 nan 0 0 0 0 0 
33.1 nan 0 0 0 0 0 
33.2 nan 0 0 0 0 0 
33.3 nan 0 0 0 0 0 
33.4 nan 0 0 0 0 0 
33.5 nan 0 0 0 0 0 
33.6 nan 0 0 0 0 0 
33.7 nan 0 0 0 0 0 
33.8 nan 0 0 0 0 0 
33.9 nan 0 0 0 0 0 
34 nan 0 0 0 0 0 
34.1 nan 0 0 0 0 0 
34.2 nan 0 0 0 0 0 
34.3 nan 0 0 0 0 0 
34.4 nan 0 0 0 0 0 
34.5 nan 0 0 0 0 0 
34.6 nan 0 0 0 0 0 
34.7 nan 0 0 0 0 0 
34.8 nan 0 0 0 0 0 
34.9 nan 0 0 0 0 0 
35 nan 0 0 0 0 0 
35.1 nan 0 0 0 0 0 
35.2 nan 0 0 0 0 0 
35.3 nan 0 0 0 0 0 
35.4 nan 0 0 0 0 0 
35.5 nan 0 0 0 0 0 
35.6 nan 0 0 0 0 0 
35.7 nan 0 0 0 0 0 
35.8 nan 0 0 0 0 0 
35.9 nan 0 0 0 0 0 
36 nan 0 0 0 0 0 
36.1 nan 0 0 0 0 0 
36.2 nan 0 0 0 0 0 
36.3 nan 0 0 0 0 0 
36.4 nan 0 0 0 0 0 
36.5 nan 0 0 0 0 0 
36.6 nan 0 0 0 0 0 
36.7 nan 0 0 0 0 0 
36.8 nan 0 0 0 0 0 
36.9 nan 0 0 0 0 0 
37 nan 0 0 0 0 0 
37.1 nan 0 0 0 0 0 
37.2 nan 0 0 0 0 0 
37.3 nan 0 0 0 0 0 
37.4 nan 0 0 0 0 0 
37.5 nan 0 0 0 0 0 
37.6 nan 0 0 0 0 0 
37.7 nan 0 0 0 0 0 
37.8 nan 0 0 0 0 0 
37.9 nan 0 0 0 0 0 
38 nan 0 0 0 0 0 
38.1 nan 0 0 0 0 0 
38.2 nan 0 0 0 0 0 
38.3 nan 0 0 0 0 0 
38.4 nan 0 0 0 0 0 
38.5 nan 0 0 0 0 0 
38.6 nan 0 0 0 0 0 
38.7 nan 0 0 0 0 0 
38.8 nan 0 0 0 0 0 
38.9 nan 0 0 0 0 0 
39 nan 0 0 0 0 0 
39.1 nan 0 0 0 0 0 
39.2 nan 0 0 0 0 0 
39.3 nan 0 0 0 0 0 
39.4 nan 0 0 0 0 0 
39.5 nan 0 0 0 0 0 
39.6 nan 0 0 0 0 0 
39.7 nan 0 0 0 0 0 
39.8 nan 0 0 0 0 0 
39.9 nan 0 0 0 0 0 
40 nan 0 0 0 0 0 
40.1 nan 0 0 0 0 0 
40.2 nan 0 0 0 0 0 
40.3 nan 0 0 0 0 0 
40.4 nan 0 0 0 0 0 
40.5 nan 0 0 0 0 0 
40.6 nan 0 0 0 0 0 
40.7 nan 0 0 0 0 0 
40.8 nan 0 0 0 0 0 
40.9 nan 0 0 0 0 0 
41 nan 0 0 0 0 0 
41.1 nan 0 0 0 0 0 
41.2 nan 0 0 0 0 0 
41.3 nan 0 0 0 0 0 
41.4 nan 0 0 0 0 0 
41.5 nan 0 0 0 0 0 
41.6 nan 0 0 0 0 0 
41.7 nan 0 0 0 0 0 
41.8 nan 0 0 0 0 0 
41.9 nan 0 0 0 0 0 
42 nan 0 0 0 0 0 
42.1 nan 0 0 0 0 0 
42.2 nan 0 0 0 0 0 
42.3 nan 0 0 0 0 0 
42.4 nan 0 0 0 0 0 
42.5 nan 0 0 0 0 0 
42.6 nan 0 0 0 0 0 
42.7 nan 0 0 0 0 0 
42.8 nan 0 0 0 0 0 
42.9 nan 0 0 0 0 0 
43 nan 0 0 0 0 0 
43.1 nan 0 0 0 0 0 
43.2 nan 0 0 0 0 0 
43.3 nan 0 0 0 0 0 
43.4 nan 0 0 0 0 0 
43.5 nan 0 0 0 0 0 
43.6 nan 0 0 0 0 0 
43.7 nan 0 0 0 0 0 
43.8 nan 0 0 0 0 0 
43.9 nan 0 0 0 0 0 
44 nan 0 0 0 0 0 
44.1 nan 0 0 0 0 0 
44.2 nan 0 0 0 0 0 
44.3 nan 0 0 0 0 0 
44.4 nan 0 0 0 0 0 
44.5 nan 0 0 0 0 0 
44.6 nan 0 0 0 0 0 
44.7 nan 0 0 0 0 0 
44.8 nan 0 0 0 0 0 
44.9 nan 0 0 0 0 0 
45 nan 0 0 0 0 0 
45.1 nan 0 0 0 0 0 
45.2 nan 0 0 0 0 0 
45.3 nan 0 0 0 0 0 
45.4 nan 0 0 0 0 0 
45.5 nan 0 0 0 0 0 
45.6 nan 0 0 0 0 0 
45.7 nan 0 0 0 0 0 
45.8 nan 0 0 0 0 0 
45.9 nan 0 0 0 0 0 
46 nan 0 0 0 0 0 
46.1 nan 0 0 0 0 0 
46.2 nan 0 0 0 0 0 
46.3 nan 0 0 0 0 0 
46.4 nan 0 0 0 0 0 
46.5 nan 0 0 0 0 0 
46.6 nan 0 0 0 0 0 
46.7 nan 0 0 0 0 0 
46.8 nan 0 0 0 0 0 
46.9 nan 0 0 0 0 0 
47 nan 0 0 33.3333 20 16.6667 
47.1 nan 0 0 33.3333 20 16.6667 
47.2 nan 0 0 33.3333 20 16.6667 
47.3 nan 0 0 33.3333 20 16.6667 
47.4 nan 0 0 33.3333 20 16.6667 
47.5 nan 0 0 33.3333 20 16.6667 
47.6 nan 0 0 33.3333 20 16.6667 
47.7 nan 0 0 33.3333 20 16.6667 
47.8 nan 0 0 33.3333 20 16.6667 
47.9 nan 0 0 33.3333 20 16.6667 
48 nan 0 0 33.3333 20 16.6667 
48.1 nan 0 0 33.3333 20 16.6667 
48.2 nan 0 0 33.3333 20 16.6667 
48.3 nan 0 0 33.3333 20 16.6667 
48.4 nan 0 0 33.3333 20 16.6667 
48.5 nan 0 0 33.3333 20 16.6667 
48.6 nan 0 0 33.3333 20 16.6667 
48.7 nan 0 0 33.3333 20 16.6667 
48.8 nan 0 0 33.3333 20 16.6667 
48.9 nan 0 0 33.3333 20 16.6667 
49 nan 0 0 33.3333 20 16.6667 
49.1 nan 0 0 33.3333 20 16.6667 
49.2 nan 0 0 33.3333 20 16.6667 
49.3 nan 0 0 33.3333 20 16.6667 
49.4 nan 0 0 33.3333 20 16.6667 
49.5 nan 0 0 33.3333 20 16.6667 
49.6 nan 0 0 33.3333 20 16.6667 
49.7 nan 0 0 33.3333 20 16.6667 
49.8 nan 0 0 33.3333 20 16.6667 
49.9 nan 0 0 33.3333 20 16.6667 
50 nan 0 0 33.3333 20 16.6667 
50.1 nan 0 0 33.3333 20 16.6667 
50.2 nan 0 0 33.3333 20 16.6667 
50.3 nan 0 0 33.3333 20 16.6667 
50.4 nan 0 0 33.3333 20 16.6667 
50.5 nan 0 0 33.3333 20 16.6667 
50.6 nan 0 0 33.3333 20 16.6667 
50.7 nan 0 0 33.3333 20 16.6667 
50.8 nan 0 0 33.3333 20 16.6667 
50.9 nan 0 0 33.3333 20 16.6667 
51 nan 0 0 33.3333 20 16.6667 
51.1 nan 0 0 33.3333 20 16.6667 
51.2 nan 0 50 66.6667 40 33.3333 
51.3 nan 0 50 66.6667 40 33.3333 
51.4 nan 0 50 66.6667 40 33.3333 
51.5 nan 0 50 66.6667 40 33.3333 
51.6 nan 0 50 66.6667 40 33.3333 
51.7 nan 0 50 66.6667 40 33.3333 
51.8 nan 0 50 66.6667 40 33.3333 
51.9 nan 0 50 66.6667 40 33.3333 
52 nan 0 50 66.6667 40 33.3333 
52.1 nan 0 50 66.6667 40 33.3333 
52.2 nan 0 50 66.6667 40 33.3333 
52.3 nan 0 50 66.6667 40 33.3333 
52.4 nan 0 50 66.6667 40 33.3333 
52.5 nan 0 50 66.6667 40 33.3333 
52.6 nan 0 50 66.6667 40 33.3333 
52.7 nan 0 50 66.6667 40 33.3333 
52.8 nan 0 50 66.6667 40 33.3333 
52.9 nan 0 50 66.6667 40 33.3333 
53 nan 0 50 66.6667 40 33.3333 
53.1 nan 0 50 66.6667 40 33.3333 
53.2 nan 0 50 66.6667 40 33.3333 
53.3 nan 0 50 66.6667 40 33.3333 
53.4 nan 0 50 66.6667 40 33.3333 
53.5 nan 0 50 66.6667 40 33.3333 
53.6 nan 0 50 66.6667 40 33.3333 
53.7 nan 0 50 66.6667 40 33.3333 
53.8 nan 0 50 66.6667 40 33.3333 
53.9 nan 0 50 66.6667 40 33.3333 
54 nan 0 50 66.6667 40 33.3333 
54.1 nan 0 50 66.6667 40 33.3333 
54.2 nan 0 50 66.6667 40 33.3333 
54.3 nan 0 50 66.6667 40 33.3333 
54.4 nan 0 50 66.6667 40 33.3333 
54.5 nan 0 50 66.6667 40 33.3333 
54.6 nan 0 50 66.6667 40 33.3333 
54.7 nan 0 50 66.6667 40 33.3333 
54.8 nan 0 50 66.6667 40 33.3333 
54.9 nan 0 50 66.6667 40 33.3333 
55 nan 0 50 66.6667 40 33.3333 
55.1 nan 0 50 66.6667 40 33.3333 
55.2 nan 0 50 66.6667 40 33.3333 
55.3 nan 0 50 66.6667 40 33.3333 
55.4 nan 0 50 66.6667 40 33.3333 
55.5 nan 0 50 66.6667 40 33.3333 
55.6 nan 0 50 66.6667 40 33.3333 
55.7 nan 0 50 66.6667 40 33.3333 
55.8 nan 0 50 66.6667 40 33.3333 
55.9 nan 0 50 66.6667 40 33.3333 
56 nan 0 50 66.6667 40 33.3333 
56.1 nan 0 50 66.6667 40 33.3333 
56.2 nan 0 50 66.6667 40 33.3333 
56.3 nan 0 50 66.6667 40 33.3333 
56.4 nan 0 50 66.6667 40 33.3333 
56.5 nan 0 50 66.6667 40 33.3333 
56.6 nan 0 50 66.6667 40 33.3333 
56.7 nan 0 50 66.6667 40 33.3333 
56.8 nan 0 50 66.6667 40 33.3333 
56.9 nan 0 50 66.6667 40 33.3333 
57 nan 0 50 66.6667 40 33.3333 
57.1 nan 0 50 66.6667 40 33.3333 
57.2 nan 0 50 66.6667 40 33.3333 
57.3 nan 0 50 66.6667 40 33.3333 
57.4 nan 0 50 66.6667 40 33.3333 
57.5 nan 0 50 66.6667 40 33.3333 
57.6 nan 0 50 66.6667 40 33.3333 
57.7 nan 0 50 66.6667 40 33.3333 
57.8 nan 0 50 66.6667 40 33.3333 
57.9 nan 0 50 66.6667 40 33.3333 
58 nan 0 50 66.6667 40 33.3333 
58.1 nan 0 50 66.6667 40 33.3333 
58.2 nan 0 50 66.6667 40 33.3333 
58.3 nan 0 50 66.6667 40 33.3333 
58.4 nan 0 50 66.6667 40 33.3333 
58.5 nan 0 50 66.6667 40 33.3333 
58.6 nan 0 50 66.6667 40 33.3333 
58.7 nan 0 50 66.6667 40 33.3333 
58.8 nan 0 50 66.6667 40 33.3333 
58.9 nan 0 50 66.6667 40 33.3333 
59 nan 0 50 66.6667 40 33.3333 
59.1 nan 0 50 66.6667 40 33.3333 
59.2 nan 0 50 66.6667 40 33.3333 
59.3 nan 0 50 66.6667 40 33.3333 
59.4 nan 0 50 66.6667 40 33.3333 
59.5 nan 0 50 66.6667 40 33.3333 
59.6 nan 0 50 66.6667 40 33.3333 
59.7 nan 0 50 66.6667 40 33.3333 
59.8 nan 0 50 66.6667 40 33.3333 
59.9 nan 0 50 66.6667 40 33.3333 
60 nan 0 50 66.6667 40 33.3333 
60.1 nan 0 50 66.6667 40 33.3333 
60.2 nan 0 50 66.6667 40 33.3333 
60.3 nan 0 50 66.6667 40 33.3333 
60.4 nan 0 50 66.6667 40 33.3333 
60.5 nan 0 50 66.6667 40 33.3333 
60.6 nan 0 50 66.6667 40 33.3333 
60.7 nan 0 50 66.6667 40 33.3333 
60.8 nan 0 50 66.6667 40 33.3333 
60.9 nan 0 50 66.6667 40 33.3333 
61 nan 0 50 66.6667 40 33.3333 
61.1 nan 0 50 66.6667 40 33.3333 
61.2 nan 0 50 66.6667 40 33.3333 
61.3 nan 0 50 66.6667 40 33.3333 
61.4 nan 0 50 66.6667 40 33.3333 
61.5 nan 0 50 66.6667 40 33.3333 
61.6 nan 0 50 66.6667 40 33.3333 
61.7 nan 0 50 66.6667 40 33.3333 
61.8 nan 0 50 66.6667 40 33.3333 
61.9 nan 0 50 66.6667 60 50 
62 nan 0 50 66.6667 60 50 
62.1 nan 0 50 66.6667 60 50 
62.2 nan 0 50 66.6667 60 50 
62.3 nan 0 50 66.6667 60 50 
62.4 nan 0 50 66.6667 60 50 
62.5 nan 0 50 66.6667 60 50 
62.6 nan 0 50 66.6667 60 50 
62.7 nan 0 50 66.6667 60 50 
62.8 nan 0 50 66.6667 60 50 
62.9 nan 0 50 66.6667 60 50 
63 nan 0 50 66.6667 60 50 
63.1 nan 0 50 66.6667 60 50 
63.2 nan 0 50 66.6667 60 50 
63.3 nan 0 50 66.6667 60 50 
63.4 nan 0 50 66.6667 60 50 
63.5 nan 0 50 66.6667 60 50 
63.6 nan 0 50 66.6667 60 50 
63.7 nan 0 50 66.6667 60 50 
63.8 nan 0 50 66.6667 60 50 
63.9 nan 0 50 66.6667 60 50 
64 nan 0 50 66.6667 60 50 
64.1 nan 0 50 66.6667 60 50 
64.2 nan 0 50 66.6667 60 50 
64.3 nan 0 50 66.6667 60 50 
64.4 nan 0 50 66.6667 60 50 
64.5 nan 0 50 66.6667 60 50 
64.6 nan 0 50 66.6667 60 50 
64.7 nan 0 50 66.6667 60 50 
64.8 nan 0 50 66.6667 60 50 
64.9 nan 0 50 66.6667 60 50 
65 nan 0 50 66.6667 60 50 
65.1 nan 0 50 66.6667 60 50 
65.2 nan 0 50 66.6667 60 50 
65.3 nan 0 50 66.6667 60 50 
65.4 nan 0 50 66.6667 60 50 
65.5 nan 0 50 66.6667 60 50 
65.6 nan 0 50 66.6667 60 50 
65.7 nan 0 50 66.6667 60 50 
65.8 nan 0 50 66.6667 60 50 
65.9 nan 0 50 66.6667 60 50 
66 nan 0 50 66.6667 60 50 
66.1 nan 0 50 66.6667 60 50 
66.2 nan 0 50 66.6667 60 50 
66.3 nan 0 50 66.6667 60 50 
66.4 nan 0 50 66.6667 60 50 
66.5 nan 0 50 66.6667 60 50 
66.6 nan 0 50 66.6667 60 50 
66.7 nan 0 50 66.6667 60 50 
66.8 nan 0 50 66.6667 60 50 
66.9 nan 0 50 66.6667 60 50 
67 nan 0 50 66.6667 60 50 
67.1 nan 0 50 66.6667 60 50 
67.2 nan 0 50 66.6667 60 50 
67.3 nan 0 50 66.6667 60 50 
67.4 nan 0 50 66.6667 60 50 
67.5 nan 0 50 66.6667 60 50 
67.6 nan 0 50 66.6667 60 50 
67.7 nan 0 50 66.6667 60 50 
67.8 nan 0 50 66.6667 60 50 
67.9 nan 0 50 66.6667 60 50 
68 nan 0 50 66.6667 60 50 
68.1 nan 0 50 66.6667 60 50 
68.2 nan 100 100 100 80 66.6667 
68.3 nan 100 100 100 80 66.6667 
68.4 nan 100 100 100 80 66.6667 
68.5 nan 100 100 100 80 66.6667 
68.6 nan 100 100 100 80 66.6667 
68.7 nan 100 100 100 80 66.6667 
68.8 nan 100 100 100 80 66.6667 
68.9 nan 100 100 100 80 66.6667 
69 nan 100 100 100 80 66.6667 
69.1 nan 100 100 100 80 66.6667 
69.2 nan 100 100 100 80 66.6667 
69.3 nan 100 100 100 80 66.6667 
69.4 nan 100 100 100 80 66.6667 
69.5 nan 100 100 100 80 66.6667 
69.6 nan 100 100 100 80 66.6667 
69.7 nan 100 100 100 80 66.6667 
69.8 nan 100 100 100 80 66.6667 
69.9 nan 100 100 100 80 66.6667 
70 nan 100 100 100 80 66.6667 
70.1 nan 100 100 100 80 66.6667 
70.2 nan 100 100 100 80 66.6667 
70.3 nan 100 100 100 80 66.6667 
70.4 nan 100 100 100 80 66.6667 
70.5 nan 100 100 100 80 66.6667 
70.6 nan 100 100 100 80 66.6667 
70.7 nan 100 100 100 80 66.6667 
70.8 nan 100 100 100 80 66.6667 
70.9 nan 100 100 100 80 66.6667 
71 nan 100 100 100 80 66.6667 
71.1 nan 100 100 100 80 66.6667 
71.2 nan 100 100 100 80 66.6667 
71.3 nan 100 100 100 80 66.6667 
71.4 nan 100 100 100 80 66.6667 
71.5 nan 100 100 100 80 66.6667 
71.6 nan 100 100 100 80 66.6667 
71.7 nan 100 100 100 80 66.6667 
71.8 nan 100 100 100 80 66.6667 
71.9 nan 100 100 100 80 66.6667 
72 nan 100 100 100 80 66.6667 
72.1 nan 100 100 100 80 66.6667 
72.2 nan 100 100 100 80 66.6667 
72.3 nan 100 100 100 80 66.6667 
72.4 nan 100 100 100 80 66.6667 
72.5 nan 100 100 100 80 66.6667 
72.6 nan 100 100 100 80 66.6667 
72.7 nan 100 100 100 80 66.6667 
72.8 nan 100 100 100 80 66.6667 
72.9 nan 100 100 100 80 66.6667 
73 nan 100 100 100 80 66.6667 
73.1 nan 100 100 100 80 66.6667 
73.2 nan 100 100 100 80 66.6667 
73.3 nan 100 100 100 80 66.6667 
73.4 nan 100 100 100 80 66.6667 
73.5 nan 100 100 100 80 66.6667 
73.6 nan 100 100 100 80 66.6667 
73.7 nan 100 100 100 80 66.6667 
73.8 nan 100 100 100 80 66.6667 
73.9 nan 100 100 100 80 66.6667 
74 nan 100 100 100 80 66.6667 
74.1 nan 100 100 100 80 66.6667 
74.2 nan 100 100 100 80 66.6667 
74.3 nan 100 100 100 80 66.6667 
74.4 nan 100 100 100 80 66.6667 
74.5 nan 100 100 100 80 66.6667 
74.6 nan 100 100 100 80 66.6667 
74.7 nan 100 100 100 80 66.6667 
74.8 nan 100 100 100 80 66.6667 
74.9 nan 100 100 100 80 66.6667 
75 nan 100 100 100 80 66.6667 
75.1 nan 100 100 100 80 66.6667 
75.2 nan 100 100 100 80 66.6667 
75.3 nan 100 100 100 80 66.6667 
75.4 nan 100 100 100 80 66.6667 
75.5 nan 100 100 100 80 66.6667 
75.6 nan 100 100 100 80 66.6667 
75.7 nan 100 100 100 80 66.6667 
75.8 nan 100 100 100 80 66.6667 
75.9 nan 100 100 100 80 66.6667 
76 nan 100 100 100 80 66.6667 
76.1 nan 100 100 100 80 66.6667 
76.2 nan 100 100 100 80 66.6667 
76.3 nan 100 100 100 80 66.6667 
76.4 nan 100 100 100 80 66.6667 
76.5 nan 100 100 100 80 66.6667 
76.6 nan 100 100 100 80 66.6667 
76.7 nan 100 100 100 80 66.6667 
76.8 nan 100 100 100 80 66.6667 
76.9 nan 100 100 100 80 66.6667 
77 nan 100 100 100 80 66.6667 
77.1 nan 100 100 100 80 66.6667 
77.2 nan 100 100 100 80 66.6667 
77.3 nan 100 100 100 80 66.6667 
77.4 nan 100 100 100 80 66.6667 
77.5 nan 100 100 100 80 66.6667 
77.6 nan 100 100 100 80 66.6667 
77.7 nan 100 100 100 80 66.6667 
77.8 nan 100 100 100 80 66.6667 
77.9 nan 100 100 100 80 66.6667 
78 nan 100 100 100 80 66.6667 
78.1 nan 100 100 100 80 66.6667 
78.2 nan 100 100 100 80 66.6667 
78.3 nan 100 100 100 80 66.6667 
78.4 nan 100 100 100 80 66.6667 
78.5 nan 100 100 100 80 66.6667 
78.6 nan 100 100 100 80 66.6667 
78.7 nan 100 100 100 80 66.6667 
78.8 nan 100 100 100 80 66.6667 
78.9 nan 100 100 100 80 66.6667 
79 nan 100 100 100 80 66.6667 
79.1 nan 100 100 100 80 66.6667 
79.2 nan 100 100 100 80 66.6667 
79.3 nan 100 100 100 80 66.6667 
79.4 nan 100 100 100 80 66.6667 
79.5 nan 100 100 100 80 66.6667 
79.6 nan 100 100 100 80 66.6667 
79.7 nan 100 100 100 80 66.6667 
79.8 nan 100 100 100 80 66.6667 
79.9 nan 100 100 100 80 66.6667 
80 nan 100 100 100 80 66.6667 
80.1 nan 100 100 100 80 66.6667 
80.2 nan 100 100 100 80 66.6667 
80.3 nan 100 100 100 80 66.6667 
80.4 nan 100 100 100 80 66.6667 
80.5 nan 100 100 100 80 66.6667 
80.6 nan 100 100 100 80 66.6667 
80.7 nan 100 100 100 80 66.6667 
80.8 nan 100 100 100 80 66.6667 
80.9 nan 100 100 100 80 66.6667 
81 nan 100 100 100 80 66.6667 
81.1 nan 100 100 100 80 66.6667 
81.2 nan 100 100 100 80 66.6667 
81.3 nan 100 100 100 80 66.6667 
81.4 nan 100 100 100 80 66.6667 
81.5 nan 100 100 100 80 66.6667 
81.6 nan 100 100 100 80 66.6667 
81.7 nan 100 100 100 80 66.6667 
81.8 nan 100 100 100 80 66.6667 
81.9 nan 100 100 100 80 66.6667 
82 nan 100 100 100 80 66.6667 
82.1 nan 100 100 100 80 66.6667 
82.2 nan 100 100 100 80 66.6667 
82.3 nan 100 100 100 80 66.6667 
82.4 nan 100 100 100 80 66.6667 
82.5 nan 100 100 100 80 66.6667 
82.6 nan 100 100 100 80 66.6667 
82.7 nan 100 100 100 80 66.6667 
82.8 nan 100 100 100 80 66.6667 
82.9 nan 100 100 100 80 66.6667 
83 nan 100 100 100 80 66.6667 
83.1 nan 100 100 100 80 66.6667 
83.2 nan 100 100 100 80 66.6667 
83.3 nan 100 100 100 80 66.6667 
83.4 nan 100 100 100 80 66.6667 
83.5 nan 100 100 100 80 66.6667 
83.6 nan 100 100 100 80 66.6667 
83.7 nan 100 100 100 80 66.6667 
83.8 nan 100 100 100 80 66.6667 
83.9 nan 100 100 100 80 66.6667 
84 nan 100 100 100 80 66.6667 
84.1 nan 100 100 100 80 66.6667 
84.2 nan 100 100 100 80 66.6667 
84.3 nan 100 100 100 80 66.6667 
84.4 nan 100 100 100 80 66.6667 
84.5 nan 100 100 100 80 66.6667 
84.6 nan 100 100 100 80 66.6667 
84.7 nan 100 100 100 80 66.6667 
84.8 nan 100 100 100 80 66.6667 
84.9 nan 100 100 100 80 66.6667 
85 nan 100 100 100 80 66.6667 
85.1 nan 100 100 100 80 66.6667 
85.2 nan 100 100 100 80 66.6667 
85.3 nan 100 100 100 80 66.6667 
85.4 nan 100 100 100 80 66.6667 
85.5 nan 100 100 100 80 66.6667 
85.6 nan 100 100 100 80 66.6667 
85.7 nan 100 100 100 80 66.6667 
85.8 nan 100 100 100 80 66.6667 
85.9 nan 100 100 100 80 66.6667 
86 nan 100 100 100 80 66.6667 
86.1 nan 100 100 100 80 66.6667 
86.2 nan 100 100 100 80 66.6667 
86.3 nan 100 100 100 80 66.6667 
86.4 nan 100 100 100 80 66.6667 
86.5 nan 100 100 100 80 66.6667 
86.6 nan 100 100 100 80 66.6667 
86.7 nan 100 100 100 80 66.6667 
86.8 nan 100 100 100 80 66.6667 
86.9 nan 100 100 100 80 66.6667 
87 nan 100 100 100 80 66.6667 
87.1 nan 100 100 100 80 66.6667 
87.2 nan 100 100 100 80 66.6667 
87.3 nan 100 100 100 80 66.6667 
87.4 nan 100 100 100 80 66.6667 
87.5 nan 100 100 100 80 66.6667 
87.6 nan 100 100 100 80 66.6667 
87.7 nan 100 100 100 80 66.6667 
87.8 nan 100 100 100 80 66.6667 
87.9 nan 100 100 100 80 66.6667 
88 nan 100 100 100 80 66.6667 
88.1 nan 100 100 100 80 66.6667 
88.2 nan 100 100 100 80 66.6667 
88.3 nan 100 100 100 80 66.6667 
88.4 nan 100 100 100 80 66.6667 
88.5 nan 100 100 100 80 66.6667 
88.6 nan 100 100 100 80 66.6667 
88.7 nan 100 100 100 80 66.6667 
88.8 nan 100 100 100 80 66.6667 
88.9 nan 100 100 100 80 66.6667 
89 nan 100 100 100 80 66.6667 
89.1 nan 100 100 100 80 66.6667 
89.2 nan 100 100 100 80 66.6667 
89.3 nan 100 100 100 80 66.6667 
89.4 nan 100 100 100 80 66.6667 
89.5 nan 100 100 100 80 83.3333 
89.6 nan 100 100 100 80 83.3333 
89.7 nan 100 100 100 80 83.3333 
89.8 nan 100 100 100 80 83.3333 
89.9 nan 100 100 100 80 83.3333 
90 nan 100 100 100 80 83.3333 
90.1 nan 100 100 100 80 83.3333 
90.2 nan 100 100 100 80 83.3333 
90.3 nan 100 100 100 80 83.3333 
90.4 nan 100 100 100 80 83.3333 
90.5 nan 100 100 100 80 83.3333 
90.6 nan 100 100 100 80 83.3333 
90.7 nan 100 100 100 80 83.3333 
90.8 nan 100 100 100 80 83.3333 
90.9 nan 100 100 100 80 83.3333 
91 nan 100 100 100 80 83.3333 
91.1 nan 100 100 100 80 83.3333 
91.2 nan 100 100 100 80 83.3333 
91.3 nan 100 100 100 80 83.3333 
91.4 nan 100 100 100 80 83.3333 
91.5 nan 100 100 100 80 83.3333 
91.6 nan 100 100 100 80 83.3333 
91.7 nan 100 100 100 80 83.3333 
91.8 nan 100 100 100 80 83.3333 
91.9 nan 100 100 100 80 83.3333 
92 nan 100 100 100 80 83.3333 
92.1 nan 100 100 100 80 83.3333 
92.2 nan 100 100 100 80 83.3333 
92.3 nan 100 100 100 80 83.3333 
92.4 nan 100 100 100 80 83.3333 
92.5 nan 100 100 100 80 83.3333 
92.6 nan 100 100 100 80 83.3333 
92.7 nan 100 100 100 80 83.3333 
92.8 nan 100 100 100 80 83.3333 
92.9 nan 100 100 100 80 83.3333 
93 nan 100 100 100 80 83.3333 
93.1 nan 100 100 100 80 83.3333 
93.2 nan 100 100 100 80 83.3333 
93.3 nan 100 100 100 80 83.3333 
93.4 nan 100 100 100 80 83.3333 
93.5 nan 100 100 100 80 83.3333 
93.6 nan 100 100 100 80 83.3333 
93.7 nan 100 100 100 80 83.3333 
93.8 nan 100 100 100 80 83.3333 
93.9 nan 100 100 100 80 83.3333 
94 nan 100 100 100 80 83.3333 
94.1 nan 100 100 100 80 83.3333 
94.2 nan 100 100 100 80 83.3333 
94.3 nan 100 100 100 80 83.3333 
94.4 nan 100 100 100 80 83.3333 
94.5 nan 100 100 100 80 83.3333 
94.6 nan 100 100 100 80 83.3333 
94.7 nan 100 100 100 80 83.3333 
94.8 nan 100 100 100 80 83.3333 
94.9 nan 100 100 100 80 83.3333 
95 nan 100 100 100 80 83.3333 
95.1 nan 100 100 100 80 83.3333 
95.2 nan 100 100 100 80 83.3333 
95.3 nan 100 100 100 80 83.3333 
95.4 nan 100 100 100 80 83.3333 
95.5 nan 100 100 100 80 83.3333 
95.6 nan 100 100 100 80 83.3333 
95.7 nan 100 100 100 80 83.3333 
95.8 nan 100 100 100 80 83.3333 
95.9 nan 100 100 100 100 100 
96 nan 100 100 100 100 100 
96.1 nan 100 100 100 100 100 
96.2 nan 100 100 100 100 100 
96.3 nan 100 100 100 100 100 
96.4 nan 100 100 100 100 100 
96.5 nan 100 100 100 100 100 
96.6 nan 100 100 100 100 100 
96.7 nan 100 100 100 100 100 
96.8 nan 100 100 100 100 100 
96.9 nan 100 100 100 100 100 
97 nan 100 100 100 100 100 
97.1 nan 100 100 100 100 100 
97.2 nan 100 100 100 100 100 
97.3 nan 100 100 100 100 100 
97.4 nan 100 100 100 100 100 
97.5 nan 100 100 100 100 100 
97.6 nan 100 100 100 100 100 
97.7 nan 100 100 100 100 100 
97.8 nan 100 100 100 100 100 
97.9 nan 100 100 100 100 100 
98 nan 100 100 100 100 100 
98.1 nan 100 100 100 100 100 
98.2 nan 100 100 100 100 100 
98.3 nan 100 100 100 100 100 
98.4 nan 100 100 100 100 100 
98.5 nan 100 100 100 100 100 
98.6 nan 100 100 100 100 100 
98.7 nan 100 100 100 100 100 
98.8 nan 100 100 100 100 100 
98.9 nan 100 100 100 100 100 
99 nan 100 100 100 100 100 
99.1 nan 100 100 100 100 100 
99.2 nan 100 100 100 100 100 
99.3 nan 100 100 100 100 100 
99.4 nan 100 100 100 100 100 
99.5 nan 100 100 100 100 100 
99.6 nan 100 100 100 100 100 
99.7 nan 100 100 100 100 100 
99.8 nan 100 100 100 100 100 
99.9 nan 100 100 100 100 100 
100 nan 100 100 100 100 100 
100.1 nan 100 100 100 100 100 
