0.1 8.37989 1.89944 0.949721 0.633147 0.47486 0.379888 
0.2 16.7598 3.79888 1.95531 1.30354 0.977654 0.782123 
0.3 25.1397 5.69832 2.96089 1.97393 1.48045 1.18436 
0.4 29.6089 7.3743 3.85475 2.60708 1.98324 1.58659 
0.5 32.4022 9.38547 4.86034 3.27747 2.48603 1.98883 
0.6 36.8715 11.0615 5.75419 3.91061 2.98883 2.39106 
0.7 40.7821 12.514 6.64804 4.50652 3.49162 2.7933 
0.8 44.1341 14.1899 7.5419 5.10242 3.96648 3.17318 
0.9 47.486 15.5307 8.21229 5.69832 4.41341 3.55307 
1 50.838 17.095 9.10615 6.29423 4.88827 3.93296 
1.1 51.9553 18.2123 9.8324 6.7784 5.30726 4.31285 
1.2 54.7486 19.6648 10.6704 7.41155 5.78212 4.71508 
1.3 58.1006 20.8939 11.5084 8.00745 6.22905 5.09497 
1.4 59.2179 22.2346 12.4022 8.60335 6.70391 5.49721 
1.5 60.3352 23.5754 13.2402 9.19926 7.17877 5.89944 
1.6 61.4525 24.8045 14.2458 9.86965 7.68156 6.30168 
1.7 62.5698 26.0335 14.9721 10.3911 8.07263 6.68156 
1.8 63.6872 27.1508 15.6425 10.9497 8.51955 7.06145 
1.9 65.3631 28.1564 16.3687 11.4711 8.99441 7.44134 
2 67.0391 29.6089 17.095 12.067 9.46927 7.84358 
2.1 68.1564 30.838 17.8771 12.5885 9.86034 8.20112 
2.2 69.8324 31.8436 18.6034 13.1471 10.3352 8.60335 
2.3 70.3911 32.8492 19.2737 13.6685 10.8101 8.98324 
2.4 73.1844 34.1899 20.1117 14.2644 11.2849 9.38547 
2.5 73.743 35.3073 20.7821 14.7858 11.7039 9.74302 
2.6 74.8603 36.3128 21.5084 15.3073 12.1229 10.0782 
2.7 78.2123 37.8771 22.4022 15.9032 12.5698 10.4358 
2.8 79.8883 39.1061 23.2402 16.5363 13.0447 10.8156 
2.9 80.4469 40 23.9106 17.0205 13.4358 11.1508 
3 81.5642 41.0056 24.5251 17.4674 13.7989 11.4637 
3.1 82.1229 41.5642 24.9721 17.8026 14.1341 11.7542 
3.2 83.2402 42.5698 25.5866 18.2868 14.4972 12.067 
3.3 84.3575 43.4637 26.1453 18.7337 14.8324 12.3352 
3.4 86.5922 44.581 26.9274 19.3296 15.3073 12.7374 
3.5 86.5922 45.6983 27.5978 19.7765 15.6704 13.095 
3.6 87.7095 46.5922 28.2682 20.3352 16.1173 13.4749 
3.7 88.2682 47.0391 28.7709 20.7821 16.4804 13.8101 
3.8 88.8268 48.0447 29.3296 21.3035 16.8994 14.1453 
3.9 89.9441 49.162 30.1117 21.825 17.3464 14.5028 
4 89.9441 49.3855 30.7263 22.2719 17.7095 14.8156 
4.1 89.9441 50.0559 31.4525 22.7933 18.1285 15.1732 
4.2 89.9441 50.3911 31.7877 23.1657 18.4637 15.4413 
4.3 89.9441 50.9497 32.3464 23.5382 18.7709 15.7318 
4.4 90.5028 51.0615 32.7374 23.8734 19.0782 16 
4.5 91.0615 52.067 33.4078 24.3948 19.4972 16.3575 
4.6 91.0615 53.0726 34.2458 24.9534 20 16.7598 
4.7 91.6201 53.5196 34.6369 25.3259 20.3352 17.0726 
4.8 91.6201 54.0782 35.1955 25.8473 20.7263 17.3855 
4.9 91.6201 54.8603 35.8659 26.2942 21.0894 17.7207 
5 91.6201 55.3073 36.2011 26.5922 21.3687 17.9888 
5.1 91.6201 55.8659 36.7039 27.0019 21.7318 18.2793 
5.2 91.6201 56.648 37.4302 27.5233 22.1229 18.5922 
5.3 92.1788 57.6536 37.9888 28.0074 22.514 18.9274 
5.4 92.1788 58.2123 38.4916 28.4916 22.8771 19.2626 
5.5 92.1788 59.1061 39.162 28.9385 23.2682 19.5754 
5.6 92.1788 60.2235 39.9441 29.4972 23.6872 19.9553 
5.7 92.7374 60.5587 40.2793 29.8324 24.0503 20.2682 
5.8 92.7374 61.2291 40.7821 30.2421 24.4134 20.6034 
5.9 92.7374 61.676 41.2849 30.6145 24.7486 20.9609 
6 92.7374 61.8994 41.5084 30.8752 25 21.2291 
6.1 93.2961 62.1229 42.1229 31.3222 25.3631 21.5419 
6.2 93.2961 62.6816 42.514 31.7318 25.7542 21.8771 
6.3 93.2961 63.2402 43.2961 32.2533 26.2011 22.257 
6.4 93.2961 64.2458 43.8547 32.7374 26.5642 22.5922 
6.5 93.2961 64.3575 44.5251 33.2961 26.9832 22.9497 
6.6 93.8547 64.6927 45.1397 33.8175 27.4581 23.3296 
6.7 94.4134 65.4749 45.6425 34.2272 27.7654 23.5978 
6.8 94.4134 65.9218 46.257 34.7114 28.1285 23.933 
6.9 94.4134 66.3687 46.5922 35.0466 28.4637 24.2682 
7 94.4134 66.5922 46.7598 35.2328 28.6872 24.4916 
7.1 95.5307 67.2626 47.1508 35.568 28.9665 24.7374 
7.2 95.5307 67.5978 47.5419 35.8287 29.162 24.9162 
7.3 95.5307 68.3799 48.2123 36.2756 29.5531 25.2737 
7.4 95.5307 68.7151 48.6034 36.6108 29.9441 25.6089 
7.5 95.5307 69.4972 49.2179 37.095 30.3073 25.8994 
7.6 95.5307 70.2793 49.8324 37.5419 30.6983 26.2346 
7.7 95.5307 70.7263 50.3911 38.0261 31.0894 26.6145 
7.8 95.5307 71.3966 51.2291 38.5847 31.5084 26.9497 
7.9 95.5307 71.9553 51.7318 38.9944 31.8436 27.3073 
8 95.5307 72.7374 52.4581 39.5158 32.2346 27.6425 
8.1 95.5307 73.1844 52.8492 39.8883 32.5698 27.9106 
8.2 95.5307 73.6313 53.352 40.2607 32.905 28.2235 
8.3 96.0894 74.4134 53.9665 40.7076 33.2961 28.581 
8.4 96.0894 74.5251 54.3017 41.0801 33.6592 28.9385 
8.5 96.0894 74.8603 54.6927 41.4525 33.9944 29.2291 
8.6 96.0894 74.8603 54.9721 41.676 34.2458 29.4749 
8.7 96.0894 75.0838 55.4749 42.0857 34.581 29.7654 
8.8 96.0894 75.419 55.8101 42.3836 34.8045 29.9441 
8.9 96.648 75.8659 56.3128 42.8678 35.1676 30.2793 
9 96.648 76.2011 56.7039 43.2775 35.5587 30.5922 
9.1 96.648 76.648 57.095 43.6499 35.8939 30.8603 
9.2 96.648 77.095 57.5419 44.0596 36.2291 31.1285 
9.3 96.648 77.5419 57.8212 44.3575 36.5084 31.419 
9.4 97.2067 77.8771 58.1564 44.6927 36.7877 31.7095 
9.5 97.2067 78.5475 58.8268 45.1769 37.1788 32.0447 
9.6 97.2067 78.8827 59.3855 45.6611 37.6257 32.4022 
9.7 97.2067 78.9944 59.5531 45.8845 37.905 32.6704 
9.8 97.2067 79.3296 60 46.2197 38.1844 32.9832 
9.9 97.7654 79.5531 60.1676 46.406 38.4916 33.2514 
10 97.7654 79.8883 60.5587 46.7784 38.7709 33.5196 
10.1 97.7654 79.8883 60.7821 47.0019 39.0503 33.7654 
10.2 97.7654 79.8883 61.1173 47.2998 39.3296 34.0335 
10.3 97.7654 80.1117 61.676 47.7467 39.6648 34.3464 
10.4 97.7654 80.2235 61.9553 48.0819 40.0279 34.6592 
10.5 97.7654 80.5587 62.3464 48.4916 40.3631 34.9497 
10.6 97.7654 80.8939 62.7374 48.8268 40.6425 35.1955 
10.7 97.7654 81.0056 62.8492 48.9758 40.838 35.3966 
10.8 97.7654 81.1173 63.0726 49.1248 40.9777 35.5084 
10.9 97.7654 81.1173 63.0726 49.1248 40.9777 35.5084 
11 97.7654 81.3408 63.5196 49.5717 41.3687 35.8436 
11.1 98.324 81.8994 63.9665 49.9441 41.676 36.1117 
11.2 98.324 82.2346 64.4693 50.3538 42.0391 36.4022 
11.3 98.324 82.4581 64.7486 50.6145 42.2905 36.6704 
11.4 98.324 82.5698 65.0279 50.987 42.6257 36.9832 
11.5 98.324 82.5698 65.5307 51.3966 43.0168 37.3184 
11.6 98.8827 82.6816 65.7542 51.6574 43.324 37.5642 
11.7 98.8827 83.0168 66.0335 51.9181 43.5754 37.7654 
11.8 98.8827 83.2402 66.3128 52.216 43.9385 38.0782 
11.9 98.8827 83.5754 66.5922 52.4767 44.2179 38.3464 
12 99.4413 83.6872 66.7039 52.6629 44.4693 38.5922 
12.1 99.4413 83.9106 67.0391 52.9981 44.7765 38.9274 
12.2 99.4413 84.1341 67.3743 53.3706 45.1117 39.2179 
12.3 99.4413 84.2458 67.7654 53.743 45.4469 39.5084 
12.4 99.4413 84.3575 67.933 54.0037 45.7263 39.8212 
12.5 99.4413 84.581 68.3799 54.3762 46.0056 40.0894 
12.6 99.4413 84.8045 68.7151 54.6369 46.257 40.3128 
12.7 99.4413 84.9162 68.9944 54.8603 46.4804 40.581 
12.8 99.4413 85.1397 69.162 55.0838 46.7318 40.8268 
12.9 99.4413 85.1397 69.3855 55.3073 46.9274 41.0056 
13 99.4413 85.4749 69.7207 55.568 47.1788 41.2514 
13.1 99.4413 85.4749 70.0559 55.9404 47.5698 41.5642 
13.2 99.4413 85.6983 70.3352 56.2384 47.8771 41.8771 
13.3 99.4413 86.0335 70.6145 56.5363 48.1285 42.1006 
13.4 99.4413 86.3687 71.0056 56.9088 48.4637 42.4134 
13.5 99.4413 86.4804 71.1732 57.1322 48.7151 42.6369 
13.6 99.4413 86.7039 71.6201 57.5047 49.0503 42.905 
13.7 99.4413 87.1508 72.0112 57.8771 49.3855 43.1732 
13.8 99.4413 87.1508 72.1229 58.1006 49.6369 43.419 
13.9 99.4413 87.1508 72.1229 58.1006 49.6369 43.486 
14 99.4413 87.1508 72.1229 58.2868 49.8045 43.6872 
14.1 99.4413 87.3743 72.2905 58.622 50.1397 44 
14.2 99.4413 87.486 72.514 58.8082 50.3352 44.2011 
14.3 99.4413 87.7095 72.6816 58.9944 50.5307 44.4246 
14.4 100 87.933 72.9609 59.2551 50.7542 44.648 
14.5 100 87.933 73.1844 59.4413 50.9777 44.9385 
14.6 100 88.1564 73.2961 59.5531 51.1173 45.1397 
14.7 100 88.2682 73.4637 59.8138 51.5084 45.4749 
14.8 100 88.3799 73.6872 60.0372 51.7598 45.6983 
14.9 100 88.6034 74.0223 60.4469 52.095 46.0112 
15 100 88.6034 74.0223 60.4842 52.2346 46.2123 
15.1 100 88.7151 74.4134 60.7821 52.514 46.4581 
15.2 100 88.9385 74.6927 61.1173 52.8492 46.7486 
15.3 100 88.9385 74.8603 61.3035 53.0168 46.905 
15.4 100 88.9385 74.8603 61.6387 53.2961 47.2179 
15.5 100 89.2737 75.0838 61.8622 53.5475 47.4637 
15.6 100 89.2737 75.2514 62.0857 53.8268 47.7318 
15.7 100 89.6089 75.5307 62.2719 53.9944 47.9777 
15.8 100 89.6089 75.6425 62.3836 54.162 48.1788 
15.9 100 89.6089 75.8101 62.5698 54.3855 48.4022 
16 100 90.0559 76.1453 62.8678 54.7207 48.6704 
16.1 100 90.1676 76.3687 63.0168 54.9721 48.9385 
16.2 100 90.1676 76.5363 63.2402 55.2235 49.1844 
16.3 100 90.2793 76.8715 63.5009 55.419 49.4078 
16.4 100 90.2793 77.0391 63.7244 55.6704 49.6983 
16.5 100 90.3911 77.095 63.8361 55.8659 49.9218 
16.6 100 90.6145 77.2626 64.0223 56.0056 50.1006 
16.7 100 90.838 77.5419 64.2458 56.2291 50.324 
16.8 100 90.838 77.6536 64.432 56.4246 50.4804 
16.9 100 91.0615 78.1006 64.73 56.7877 50.7709 
17 100 91.1732 78.2682 64.9534 57.0112 50.9721 
17.1 100 91.2849 78.4358 65.1397 57.2346 51.1955 
17.2 100 91.2849 78.6034 65.2514 57.4022 51.3966 
17.3 100 91.5084 78.7709 65.4749 57.5978 51.5978 
17.4 100 91.6201 78.8827 65.7356 57.8771 51.8883 
17.5 100 91.6201 79.0503 65.9218 58.0168 52.1341 
17.6 100 91.7318 79.162 66.0708 58.2123 52.3352 
17.7 100 91.8436 79.3855 66.3315 58.4637 52.5587 
17.8 100 91.9553 79.6089 66.4804 58.6872 52.7598 
17.9 100 92.067 79.7207 66.5922 58.8547 52.9162 
18 100 92.067 79.8324 66.7412 59.1061 53.1397 
18.1 100 92.067 79.9441 66.8529 59.2458 53.2961 
18.2 100 92.067 79.9441 66.8529 59.2737 53.3408 
18.3 100 92.067 79.9441 66.8529 59.2737 53.3408 
18.4 100 92.067 79.9441 66.8901 59.3017 53.3631 
18.5 100 92.2905 80.1117 67.1136 59.4972 53.5419 
18.6 100 92.4022 80.1676 67.2626 59.6369 53.7207 
18.7 100 92.6257 80.3911 67.5978 59.9162 53.9888 
18.8 100 93.0726 80.6145 67.8957 60.2514 54.3017 
18.9 100 93.2961 80.8939 68.1564 60.5028 54.5475 
19 100 93.4078 81.0615 68.2682 60.6704 54.7039 
19.1 100 93.4078 81.2291 68.4544 60.8101 54.8603 
19.2 100 93.5196 81.3408 68.6406 61.0894 55.1955 
19.3 100 93.5196 81.5084 68.8268 61.3128 55.419 
19.4 100 93.5196 81.676 69.013 61.4804 55.6201 
19.5 100 93.743 81.8994 69.2737 61.7318 55.8659 
19.6 100 93.743 81.8994 69.3855 61.9832 56.1341 
19.7 100 93.9665 82.1229 69.5717 62.1788 56.3575 
19.8 100 93.9665 82.4022 69.8324 62.4581 56.6257 
19.9 100 93.9665 82.4581 69.9069 62.6257 56.8715 
20 100 93.9665 82.514 70.0186 62.8492 57.1173 
20.1 100 93.9665 82.6816 70.2421 63.1006 57.3408 
20.2 100 93.9665 82.6816 70.3911 63.2682 57.5196 
20.3 100 93.9665 82.7374 70.5773 63.4358 57.7207 
20.4 100 94.0782 82.8492 70.8007 63.6592 57.8994 
20.5 100 94.0782 82.8492 70.8752 63.8547 58.1006 
20.6 100 94.0782 82.905 70.987 63.9385 58.257 
20.7 100 94.0782 83.0726 71.1359 64.1061 58.4804 
20.8 100 94.1899 83.2402 71.3222 64.3296 58.7039 
20.9 100 94.1899 83.4078 71.5456 64.581 58.9274 
21 100 94.1899 83.6313 71.7318 64.7765 59.1061 
21.1 100 94.1899 83.6313 71.7318 64.8045 59.1508 
21.2 100 94.3017 83.7989 71.9181 64.9721 59.3296 
21.3 100 94.3017 83.8547 71.9926 65.0559 59.3966 
21.4 100 94.3017 83.8547 72.0298 65.1397 59.5307 
21.5 100 94.3017 83.9665 72.1788 65.2793 59.7318 
21.6 100 94.3017 84.0782 72.2905 65.419 59.8883 
21.7 100 94.4134 84.3017 72.4767 65.6145 60.067 
21.8 100 94.4134 84.3017 72.514 65.6983 60.2235 
21.9 100 94.6369 84.5251 72.7374 65.9218 60.4469 
22 100 94.6369 84.5251 72.8492 66.0894 60.6257 
22.1 100 94.6369 84.5251 72.8864 66.1732 60.7821 
22.2 100 94.6369 84.5251 72.9609 66.2849 60.9609 
22.3 100 94.7486 84.581 72.9981 66.3687 61.0503 
22.4 100 94.8603 84.7486 73.1471 66.5363 61.1844 
22.5 100 94.8603 84.9162 73.3706 66.8156 61.4302 
22.6 100 94.8603 85.0279 73.4823 67.0112 61.6536 
22.7 100 94.8603 85.0838 73.5568 67.1508 61.8101 
22.8 100 94.8603 85.1397 73.6685 67.2626 61.9218 
22.9 100 94.9721 85.1955 73.892 67.4581 62.0782 
23 100 94.9721 85.2514 74.041 67.6257 62.257 
23.1 100 95.0838 85.3631 74.1527 67.8212 62.4581 
23.2 100 95.1955 85.5307 74.3389 68.0726 62.6816 
23.3 100 95.1955 85.6425 74.5251 68.2682 62.905 
23.4 100 95.3073 85.8659 74.7858 68.5196 63.1732 
23.5 100 95.3073 85.9777 74.8603 68.7151 63.3743 
23.6 100 95.3073 86.0894 74.9721 68.8268 63.5531 
23.7 100 95.419 86.257 75.0838 68.9385 63.6872 
23.8 100 95.419 86.3128 75.1583 69.0782 63.8212 
23.9 100 95.419 86.3687 75.2328 69.3017 64.0223 
24 100 95.419 86.4804 75.3445 69.5251 64.2235 
24.1 100 95.419 86.5363 75.419 69.6089 64.3575 
24.2 100 95.5307 86.648 75.4935 69.7207 64.4469 
24.3 100 95.5307 86.648 75.5307 69.7486 64.4916 
24.4 100 95.6425 86.7598 75.6425 69.8883 64.6257 
24.5 100 95.6425 86.7598 75.6797 69.9721 64.6927 
24.6 100 95.7542 86.8156 75.7169 70 64.7374 
24.7 100 95.7542 86.8156 75.7914 70.0559 64.8268 
24.8 100 95.7542 86.8715 75.9404 70.1955 65.0279 
24.9 100 95.7542 86.8715 75.9777 70.3073 65.1397 
25 100 95.8659 87.095 76.2011 70.5587 65.4078 
25.1 100 95.8659 87.2067 76.3128 70.6704 65.5866 
25.2 100 95.8659 87.2067 76.3873 70.7263 65.7207 
25.3 100 95.8659 87.2067 76.4246 70.7821 65.8101 
25.4 100 95.9777 87.3743 76.5736 70.9218 65.9441 
25.5 100 95.9777 87.486 76.6853 71.0335 66.1229 
25.6 100 95.9777 87.5419 76.7225 71.1173 66.2123 
25.7 100 95.9777 87.5419 76.7225 71.1453 66.2346 
25.8 100 95.9777 87.5419 76.7225 71.1453 66.2346 
25.9 100 95.9777 87.5419 76.7225 71.1453 66.2346 
26 100 95.9777 87.5419 76.7225 71.1453 66.2346 
26.1 100 95.9777 87.5419 76.7225 71.1453 66.2346 
26.2 100 95.9777 87.5419 76.7225 71.1453 66.2346 
26.3 100 95.9777 87.5419 76.7225 71.1732 66.3017 
26.4 100 96.0894 87.6536 76.8343 71.3687 66.5251 
26.5 100 96.0894 87.7095 76.9832 71.5363 66.6816 
26.6 100 96.3128 87.8212 77.0577 71.648 66.8156 
26.7 100 96.3128 87.8771 77.1695 71.8156 66.9721 
26.8 100 96.3128 87.8771 77.2067 71.9832 67.1732 
26.9 100 96.3128 87.933 77.3184 72.1508 67.352 
27 100 96.4246 88.0447 77.4302 72.2626 67.486 
27.1 100 96.5363 88.1564 77.5419 72.4022 67.6425 
27.2 100 96.5363 88.2123 77.5791 72.486 67.7765 
27.3 100 96.5363 88.2123 77.6536 72.5698 67.9553 
27.4 100 96.5363 88.3799 77.8026 72.6816 68.067 
27.5 100 96.5363 88.4358 77.9143 72.7933 68.2235 
27.6 100 96.5363 88.4358 77.9888 72.8771 68.3352 
27.7 100 96.5363 88.5475 78.1006 72.9888 68.4916 
27.8 100 96.648 88.6592 78.2123 73.1564 68.6257 
27.9 100 96.8715 88.8268 78.3613 73.2961 68.7598 
28 100 96.8715 88.8827 78.5102 73.4916 68.9385 
28.1 100 96.8715 88.9944 78.5847 73.5475 69.0279 
28.2 100 96.8715 89.1061 78.6965 73.6313 69.1397 
28.3 100 96.8715 89.162 78.7709 73.7989 69.3184 
28.4 100 96.8715 89.2737 78.8827 73.9385 69.4749 
28.5 100 96.8715 89.2737 78.9199 73.9665 69.5419 
28.6 100 97.095 89.4972 79.0689 74.1061 69.6983 
28.7 100 97.2067 89.5531 79.1806 74.2179 69.8771 
28.8 100 97.2067 89.5531 79.1806 74.2737 69.9888 
28.9 100 97.2067 89.5531 79.1806 74.3296 70.0559 
29 100 97.2067 89.5531 79.3296 74.4693 70.2123 
29.1 100 97.2067 89.6648 79.4413 74.6648 70.3687 
29.2 100 97.3184 89.7207 79.6276 74.8603 70.6145 
29.3 100 97.3184 89.7207 79.6276 74.8883 70.6816 
29.4 100 97.3184 89.7207 79.6648 74.9162 70.7709 
29.5 100 97.4302 89.7765 79.7393 75.0279 70.905 
29.6 100 97.4302 89.8324 79.851 75.1117 71.0168 
29.7 100 97.5419 90.0559 80.0372 75.3073 71.1732 
29.8 100 97.5419 90.0559 80.0745 75.3352 71.2179 
29.9 100 97.6536 90.1117 80.1117 75.3911 71.2626 
30 100 97.7654 90.2235 80.1862 75.5307 71.419 
30.1 100 97.7654 90.3352 80.298 75.6983 71.6201 
30.2 100 97.8771 90.3911 80.3352 75.8101 71.7542 
30.3 100 97.8771 90.4469 80.4097 75.9497 71.8659 
30.4 100 97.8771 90.4469 80.5214 76.1173 72.0447 
30.5 100 97.8771 90.5028 80.5959 76.2011 72.1564 
30.6 100 97.8771 90.5587 80.6331 76.3128 72.2905 
30.7 100 97.8771 90.5587 80.6331 76.4246 72.4469 
30.8 100 97.8771 90.6145 80.6704 76.5922 72.6034 
30.9 100 97.8771 90.6145 80.7449 76.7318 72.7821 
31 100 97.8771 90.6145 80.8194 76.8156 72.9162 
31.1 100 97.8771 90.6145 80.8194 76.8436 72.9832 
31.2 100 97.8771 90.6704 80.9311 76.9553 73.0726 
31.3 100 97.8771 90.7263 81.0428 77.0391 73.2067 
31.4 100 97.8771 90.7821 81.1173 77.095 73.2961 
31.5 100 97.8771 90.7821 81.2291 77.2067 73.3855 
31.6 100 97.9888 91.0056 81.378 77.4302 73.5866 
31.7 100 97.9888 91.0056 81.378 77.4302 73.5866 
31.8 100 97.9888 91.1173 81.527 77.5419 73.676 
31.9 100 97.9888 91.1173 81.5642 77.6536 73.8101 
32 100 98.1006 91.1732 81.676 77.7654 73.9441 
32.1 100 98.1006 91.1732 81.676 77.8492 74.0782 
32.2 100 98.1006 91.1732 81.676 77.933 74.1453 
32.3 100 98.1006 91.1732 81.676 77.9609 74.1676 
32.4 100 98.1006 91.1732 81.7132 78.0447 74.257 
32.5 100 98.1006 91.2291 81.8622 78.1844 74.4134 
32.6 100 98.1006 91.2291 81.9367 78.2402 74.5251 
32.7 100 98.1006 91.2849 82.0484 78.3799 74.6816 
32.8 100 98.1006 91.4525 82.1601 78.5196 74.8156 
32.9 100 98.1006 91.4525 82.1601 78.5754 74.8827 
33 100 98.1006 91.4525 82.2346 78.6313 75.0168 
33.1 100 98.1006 91.4525 82.2719 78.6592 75.0615 
33.2 100 98.1006 91.6201 82.3836 78.7709 75.2179 
33.3 100 98.1006 91.8994 82.6443 78.9665 75.3966 
33.4 100 98.1006 91.8994 82.6443 78.9665 75.419 
33.5 100 98.1006 91.8994 82.6816 79.0503 75.5978 
33.6 100 98.1006 91.9553 82.7561 79.1341 75.7095 
33.7 100 98.1006 92.0112 82.8305 79.2737 75.9106 
33.8 100 98.1006 92.0112 82.8305 79.2737 75.933 
33.9 100 98.1006 92.067 82.905 79.3575 76.0447 
34 100 98.1006 92.1229 82.9423 79.4413 76.1564 
34.1 100 98.1006 92.2346 83.1285 79.6369 76.3799 
34.2 100 98.1006 92.3464 83.2775 79.8045 76.5587 
34.3 100 98.6592 92.6816 83.5009 80 76.7598 
34.4 100 98.6592 92.6816 83.5382 80.0838 76.8492 
34.5 100 98.6592 92.7933 83.6127 80.1955 76.9832 
34.6 100 98.6592 92.7933 83.6127 80.1955 76.9832 
34.7 100 98.6592 92.9609 83.7244 80.2793 77.095 
34.8 100 98.6592 92.9609 83.7244 80.3352 77.1397 
34.9 100 98.6592 93.0726 83.8361 80.419 77.2514 
35 100 98.6592 93.1285 83.8734 80.4749 77.3408 
35.1 100 98.6592 93.1285 83.9851 80.5587 77.4525 
35.2 100 98.6592 93.1844 84.1713 80.6983 77.6089 
35.3 100 98.6592 93.1844 84.5438 81.0335 77.8771 
35.4 100 98.6592 93.1844 84.6182 81.1453 77.9888 
35.5 100 98.6592 93.2961 84.6927 81.2291 78.1006 
35.6 100 98.6592 93.352 84.73 81.3408 78.1899 
35.7 100 98.6592 93.352 84.73 81.3408 78.2123 
35.8 100 98.6592 93.352 84.7672 81.3966 78.3017 
35.9 100 98.6592 93.352 84.8417 81.4525 78.3911 
36 100 98.6592 93.4078 84.9162 81.5084 78.4581 
36.1 100 98.6592 93.4637 84.9907 81.5642 78.5251 
36.2 100 99.1061 94.0223 85.3631 81.8436 78.7486 
36.3 100 99.1061 94.0782 85.4749 81.9274 78.838 
36.4 100 99.2179 94.1899 85.5493 81.9832 78.9274 
36.5 100 99.2179 94.2458 85.5866 82.0112 79.0168 
36.6 100 99.2179 94.2458 85.6238 82.0391 79.0838 
36.7 100 99.2179 94.2458 85.6238 82.1229 79.1508 
36.8 100 99.3296 94.3575 85.7356 82.2067 79.2179 
36.9 100 99.3296 94.4134 85.8101 82.2626 79.2849 
37 100 99.3296 94.4134 85.8473 82.2905 79.3296 
37.1 100 99.3296 94.4134 85.8845 82.3464 79.3743 
37.2 100 99.3296 94.4134 85.959 82.4302 79.4413 
37.3 100 99.3296 94.4134 85.9963 82.4581 79.4637 
37.4 100 99.3296 94.4134 85.9963 82.4581 79.486 
37.5 100 99.3296 94.4693 86.0335 82.486 79.5754 
37.6 100 99.3296 94.4693 86.108 82.5698 79.6648 
37.7 100 99.3296 94.4693 86.1453 82.5978 79.7095 
37.8 100 99.3296 94.4693 86.1453 82.5978 79.7095 
37.9 100 99.3296 94.581 86.2197 82.6816 79.7765 
38 100 99.3296 94.581 86.2197 82.7654 79.8659 
38.1 100 99.3296 94.581 86.2942 82.8492 79.9553 
38.2 100 99.3296 94.6369 86.3687 82.905 80 
38.3 100 99.3296 94.6369 86.3687 82.905 80.0223 
38.4 100 99.3296 94.6927 86.5549 83.0447 80.1341 
38.5 100 99.3296 94.6927 86.7412 83.2123 80.2905 
38.6 100 99.3296 94.7486 87.0764 83.4637 80.5363 
38.7 100 99.3296 94.8045 87.2253 83.6313 80.6704 
38.8 100 99.3296 95.1955 87.486 83.8268 80.8268 
38.9 100 99.3296 95.3073 87.6723 83.9944 80.9609 
39 100 99.3296 95.3073 87.7095 84.0503 81.0056 
39.1 100 99.8883 95.6425 87.933 84.2179 81.1844 
39.2 100 99.8883 95.6425 87.933 84.2179 81.1844 
39.3 100 99.8883 95.9218 88.1192 84.3575 81.3184 
39.4 100 99.8883 96.1453 88.2682 84.4693 81.4302 
39.5 100 99.8883 96.1453 88.3426 84.5251 81.4972 
39.6 100 99.8883 96.3128 88.4916 84.6648 81.6089 
39.7 100 99.8883 96.3128 88.4916 84.6648 81.6313 
39.8 100 99.8883 96.3128 88.5289 84.7207 81.6983 
39.9 100 100 96.4246 88.6034 84.7765 81.743 
40 100 100 96.4804 88.6406 84.8603 81.8324 
40.1 100 100 96.4804 88.6406 84.8603 81.8547 
40.2 100 100 96.4804 88.6406 84.8883 81.8994 
40.3 100 100 96.4804 88.6778 84.9441 81.9665 
40.4 100 100 96.5922 88.7523 85.0279 82.0559 
40.5 100 100 96.5922 88.7896 85.0838 82.1229 
40.6 100 100 96.5922 88.8268 85.1397 82.1676 
40.7 100 100 96.5922 88.8641 85.1955 82.257 
40.8 100 100 96.648 88.9013 85.2235 82.2793 
40.9 100 100 96.7039 88.9758 85.2793 82.324 
41 100 100 96.7598 89.0503 85.3352 82.3687 
41.1 100 100 96.7598 89.162 85.4469 82.4804 
41.2 100 100 96.8715 89.2365 85.5028 82.5475 
41.3 100 100 96.8715 89.3482 85.6145 82.6816 
41.4 100 100 96.9832 89.4227 85.7263 82.7709 
41.5 100 100 97.0391 89.4972 85.7821 82.838 
41.6 100 100 97.095 89.5345 85.8101 82.905 
41.7 100 100 97.095 89.5345 85.8101 82.905 
41.8 100 100 97.095 89.5345 85.8101 82.9274 
41.9 100 100 97.2067 89.6089 85.8659 82.9721 
42 100 100 97.2067 89.6089 85.8659 82.9944 
42.1 100 100 97.3743 89.7952 86.0056 83.1061 
42.2 100 100 97.3743 89.9441 86.1173 83.2402 
42.3 100 100 97.3743 89.9441 86.2011 83.3296 
42.4 100 100 97.3743 89.9814 86.257 83.3743 
42.5 100 100 97.3743 89.9814 86.3128 83.4413 
42.6 100 100 97.3743 89.9814 86.3128 83.4413 
42.7 100 100 97.8771 90.3166 86.5922 83.6648 
42.8 100 100 97.8771 90.3166 86.7039 83.7989 
42.9 100 100 97.8771 90.3166 86.7039 83.7989 
43 100 100 97.8771 90.3166 86.7039 83.8212 
43.1 100 100 97.8771 90.3166 86.7318 83.8883 
43.2 100 100 97.933 90.3538 86.8156 83.9777 
43.3 100 100 97.933 90.3538 86.8436 84 
43.4 100 100 97.933 90.3538 86.8436 84.0447 
43.5 100 100 97.933 90.3538 86.8436 84.067 
43.6 100 100 97.933 90.3538 86.8436 84.067 
43.7 100 100 98.0447 90.54 86.9832 84.2235 
43.8 100 100 98.324 90.7263 87.1229 84.3575 
43.9 100 100 98.3799 90.7635 87.1508 84.4022 
44 100 100 98.3799 90.7635 87.1508 84.4022 
44.1 100 100 98.4916 90.838 87.2067 84.4469 
44.2 100 100 98.4916 90.838 87.2067 84.4693 
44.3 100 100 98.4916 90.838 87.2067 84.514 
44.4 100 100 98.5475 90.8752 87.2346 84.5587 
44.5 100 100 98.5475 90.8752 87.2626 84.581 
44.6 100 100 98.5475 90.9125 87.3184 84.6257 
44.7 100 100 98.6592 90.987 87.4581 84.7598 
44.8 100 100 98.6592 90.987 87.4581 84.9162 
44.9 100 100 98.7151 91.0615 87.514 84.9832 
45 100 100 98.8827 91.1732 87.6257 85.095 
45.1 100 100 98.9385 91.2477 87.6816 85.162 
45.2 100 100 99.0503 91.3222 87.7654 85.2291 
45.3 100 100 99.0503 91.6201 87.9888 85.4078 
45.4 100 100 99.0503 91.7691 88.1006 85.5196 
45.5 100 100 99.0503 91.7691 88.1006 85.5419 
45.6 100 100 99.1061 91.8808 88.1844 85.6313 
45.7 100 100 99.162 91.9181 88.2123 85.6983 
45.8 100 100 99.162 91.9181 88.2123 85.743 
45.9 100 100 99.162 91.9553 88.2682 85.7877 
46 100 100 99.162 91.9553 88.2682 85.8101 
46.1 100 100 99.162 91.9553 88.2961 85.8771 
46.2 100 100 99.162 91.9553 88.324 85.8994 
46.3 100 100 99.162 91.9926 88.352 85.9441 
46.4 100 100 99.162 91.9926 88.3799 85.9888 
46.5 100 100 99.162 92.0298 88.4078 86.0112 
46.6 100 100 99.162 92.0298 88.4637 86.0559 
46.7 100 100 99.162 92.0298 88.4637 86.1229 
46.8 100 100 99.162 92.0298 88.4637 86.1676 
46.9 100 100 99.162 92.0298 88.4637 86.1676 
47 100 100 99.2179 92.1043 88.5196 86.2123 
47.1 100 100 99.2179 92.1788 88.5754 86.2793 
47.2 100 100 99.2179 92.1788 88.5754 86.3017 
47.3 100 100 99.2179 92.1788 88.5754 86.324 
47.4 100 100 99.2179 92.216 88.6034 86.3464 
47.5 100 100 99.2179 92.216 88.6313 86.4134 
47.6 100 100 99.2179 92.216 88.6313 86.4134 
47.7 100 100 99.2179 92.216 88.6313 86.4134 
47.8 100 100 99.2179 92.216 88.7151 86.5028 
47.9 100 100 99.2179 92.2533 88.7989 86.6145 
48 100 100 99.2179 92.3277 88.8547 86.6592 
48.1 100 100 99.3855 92.4395 88.9385 86.7263 
48.2 100 100 99.4413 92.5512 89.0223 86.7933 
48.3 100 100 99.4413 92.5512 89.0223 86.8156 
48.4 100 100 99.4413 92.5512 89.0223 86.838 
48.5 100 100 99.4413 92.5512 89.0223 86.838 
48.6 100 100 99.4413 92.5512 89.0503 86.8603 
48.7 100 100 99.4413 92.5885 89.0782 86.905 
48.8 100 100 99.4413 92.5885 89.0782 86.9497 
48.9 100 100 99.4413 92.5885 89.1341 86.9944 
49 100 100 99.4413 92.5885 89.162 87.0168 
49.1 100 100 99.4413 92.5885 89.2458 87.0838 
49.2 100 100 99.4413 92.5885 89.4413 87.2402 
49.3 100 100 99.4413 92.5885 89.7486 87.486 
49.4 100 100 99.4413 92.5885 89.7486 87.486 
49.5 100 100 99.4413 92.5885 89.7486 87.486 
49.6 100 100 99.4413 92.7002 89.8324 87.5754 
49.7 100 100 99.4413 92.7374 89.8603 87.5978 
49.8 100 100 99.4413 92.7374 89.8883 87.6201 
49.9 100 100 99.4413 92.7374 89.9162 87.6425 
50 100 100 99.4413 92.7747 89.9441 87.6648 
50.1 100 100 99.4413 92.9981 90.1117 87.7989 
50.2 100 100 99.5531 93.2961 90.3352 87.9777 
50.3 100 100 99.6648 93.3706 90.419 88.0447 
50.4 100 100 99.6648 93.3706 90.419 88.0447 
50.5 100 100 99.6648 93.3706 90.419 88.0447 
50.6 100 100 99.6648 93.3706 90.419 88.0447 
50.7 100 100 99.6648 93.3706 90.419 88.067 
50.8 100 100 99.6648 93.4078 90.5307 88.1564 
50.9 100 100 99.6648 93.4823 90.6145 88.2458 
51 100 100 99.6648 93.4823 90.6145 88.2458 
51.1 100 100 99.6648 93.7803 90.8939 88.4693 
51.2 100 100 99.6648 93.7803 90.8939 88.4693 
51.3 100 100 99.6648 93.7803 90.8939 88.4693 
51.4 100 100 99.6648 93.7803 90.8939 88.4693 
51.5 100 100 99.6648 93.7803 90.9497 88.5587 
51.6 100 100 99.6648 93.7803 91.0056 88.6034 
51.7 100 100 99.6648 93.7803 91.0335 88.6257 
51.8 100 100 99.6648 93.7803 91.0335 88.6257 
51.9 100 100 99.6648 93.7803 91.0335 88.648 
52 100 100 99.6648 93.7803 91.0894 88.6927 
52.1 100 100 99.6648 93.7803 91.1453 88.7598 
52.2 100 100 99.6648 93.7803 91.1453 88.7598 
52.3 100 100 99.6648 93.7803 91.1453 88.7821 
52.4 100 100 99.6648 93.8175 91.1732 88.8045 
52.5 100 100 99.6648 93.8175 91.2849 88.8939 
52.6 100 100 99.6648 93.8175 91.3128 88.9162 
52.7 100 100 99.7207 93.8547 91.3687 88.9609 
52.8 100 100 99.7207 93.8547 91.3687 88.9609 
52.9 100 100 99.7207 93.8547 91.3687 88.9832 
53 100 100 99.7207 93.8547 91.3687 88.9832 
53.1 100 100 99.7207 93.8547 91.3687 88.9832 
53.2 100 100 99.7207 93.8547 91.3687 89.0056 
53.3 100 100 99.7207 93.892 91.3966 89.0279 
53.4 100 100 99.7207 93.892 91.3966 89.0279 
53.5 100 100 99.7207 94.1527 91.5922 89.2067 
53.6 100 100 99.7207 94.2272 91.648 89.2514 
53.7 100 100 99.7207 94.2272 91.648 89.2961 
53.8 100 100 99.7207 94.2644 91.676 89.3184 
53.9 100 100 99.7207 94.2644 91.676 89.3184 
54 100 100 99.7207 94.2644 91.7318 89.3631 
54.1 100 100 99.7207 94.2644 91.7318 89.3631 
54.2 100 100 99.7207 94.2644 91.7318 89.3855 
54.3 100 100 99.7207 94.2644 91.7318 89.4749 
54.4 100 100 99.7207 94.2644 91.7318 89.4749 
54.5 100 100 99.7207 94.2644 91.7318 89.4972 
54.6 100 100 99.7207 94.2644 91.7318 89.4972 
54.7 100 100 99.7207 94.2644 91.7318 89.4972 
54.8 100 100 99.7207 94.3389 91.7877 89.5419 
54.9 100 100 99.7207 94.3389 91.8156 89.5642 
55 100 100 99.7207 94.3389 91.8436 89.5866 
55.1 100 100 99.7207 94.3389 91.8436 89.5866 
55.2 100 100 99.7207 94.3389 91.8436 89.5866 
55.3 100 100 99.7207 94.7858 92.1788 89.8547 
55.4 100 100 99.7207 94.7858 92.1788 89.8547 
55.5 100 100 99.7207 94.9721 92.4022 90.0335 
55.6 100 100 99.7207 94.9721 92.4022 90.0335 
55.7 100 100 99.7207 94.9721 92.4302 90.1229 
55.8 100 100 99.7765 95.0093 92.4581 90.1453 
55.9 100 100 99.7765 95.0093 92.4581 90.1676 
56 100 100 99.7765 95.0093 92.514 90.2123 
56.1 100 100 99.7765 95.0093 92.514 90.2123 
56.2 100 100 99.7765 95.0093 92.5419 90.257 
56.3 100 100 99.7765 95.568 92.9609 90.5922 
56.4 100 100 99.7765 95.7542 93.1006 90.7039 
56.5 100 100 99.7765 95.7542 93.1006 90.7709 
56.6 100 100 99.7765 95.7542 93.1006 90.7709 
56.7 100 100 99.7765 95.7542 93.1285 90.7933 
56.8 100 100 99.7765 95.7542 93.1285 90.7933 
56.9 100 100 99.7765 95.7542 93.1285 90.8603 
57 100 100 99.7765 95.8659 93.2123 90.9721 
57.1 100 100 99.7765 95.8659 93.2123 90.9944 
57.2 100 100 99.7765 95.8659 93.2123 90.9944 
57.3 100 100 99.7765 95.8659 93.2123 90.9944 
57.4 100 100 99.7765 95.8659 93.2682 91.0615 
57.5 100 100 99.7765 95.8659 93.2682 91.0615 
57.6 100 100 99.7765 95.8659 93.2682 91.0615 
57.7 100 100 99.7765 95.8659 93.2682 91.0615 
57.8 100 100 99.7765 95.8659 93.2682 91.0838 
57.9 100 100 99.7765 95.8659 93.2682 91.1061 
58 100 100 99.7765 95.8659 93.2961 91.1508 
58.1 100 100 99.7765 95.8659 93.2961 91.1508 
58.2 100 100 99.7765 95.8659 93.2961 91.1508 
58.3 100 100 99.7765 95.8659 93.2961 91.1732 
58.4 100 100 99.7765 95.8659 93.3799 91.2626 
58.5 100 100 99.7765 95.8659 93.4078 91.3073 
58.6 100 100 99.7765 95.8659 93.4078 91.3073 
58.7 100 100 99.7765 95.8659 93.4078 91.3073 
58.8 100 100 99.7765 95.8659 93.4078 91.3296 
58.9 100 100 99.7765 95.8659 93.4078 91.3296 
59 100 100 99.7765 95.8659 93.4358 91.352 
59.1 100 100 99.7765 95.9404 93.4916 91.3966 
59.2 100 100 99.7765 95.9777 93.5196 91.419 
59.3 100 100 99.7765 95.9777 93.5196 91.419 
59.4 100 100 99.7765 95.9777 93.5196 91.419 
59.5 100 100 99.7765 95.9777 93.5475 91.4637 
59.6 100 100 99.7765 95.9777 93.6034 91.5084 
59.7 100 100 99.7765 95.9777 93.6034 91.5084 
59.8 100 100 99.7765 95.9777 93.6034 91.5531 
59.9 100 100 99.7765 95.9777 93.6034 91.5531 
60 100 100 99.7765 95.9777 93.6034 91.6201 
60.1 100 100 99.7765 95.9777 93.6034 91.6425 
60.2 100 100 99.7765 96.0894 93.6872 91.7095 
60.3 100 100 99.7765 96.1266 93.743 91.7542 
60.4 100 100 99.7765 96.1266 93.743 91.7765 
60.5 100 100 99.7765 96.1266 93.743 91.7765 
60.6 100 100 99.7765 96.1639 93.7709 91.7989 
60.7 100 100 99.7765 96.1639 93.7989 91.8212 
60.8 100 100 99.7765 96.1639 93.8268 91.8436 
60.9 100 100 99.7765 96.1639 93.8268 91.8436 
61 100 100 99.7765 96.1639 93.8547 91.8659 
61.1 100 100 99.7765 96.1639 93.8547 91.8659 
61.2 100 100 99.7765 96.1639 93.8547 91.933 
61.3 100 100 99.7765 96.1639 93.8547 91.9553 
61.4 100 100 99.7765 96.1639 93.8827 91.9777 
61.5 100 100 99.7765 96.1639 93.8827 92 
61.6 100 100 99.7765 96.1639 93.9106 92.0223 
61.7 100 100 99.7765 96.1639 93.9385 92.0447 
61.8 100 100 99.7765 96.2011 93.9665 92.067 
61.9 100 100 99.7765 96.2011 93.9665 92.067 
62 100 100 99.7765 96.2756 94.0503 92.1341 
62.1 100 100 99.7765 96.2756 94.0503 92.1341 
62.2 100 100 99.7765 96.2756 94.0503 92.1341 
62.3 100 100 99.7765 96.2756 94.0503 92.1341 
62.4 100 100 99.7765 96.2756 94.0503 92.1564 
62.5 100 100 99.7765 96.2756 94.0503 92.1564 
62.6 100 100 99.7765 96.2756 94.0782 92.1788 
62.7 100 100 99.7765 96.3128 94.162 92.2458 
62.8 100 100 99.7765 96.3501 94.2179 92.2905 
62.9 100 100 99.7765 96.3501 94.2458 92.3352 
63 100 100 99.7765 96.3873 94.2737 92.3575 
63.1 100 100 99.7765 96.3873 94.3017 92.3799 
63.2 100 100 99.7765 96.3873 94.3017 92.4246 
63.3 100 100 99.7765 96.4246 94.3296 92.4469 
63.4 100 100 99.7765 96.4246 94.3296 92.514 
63.5 100 100 99.7765 96.4246 94.3296 92.514 
63.6 100 100 99.7765 96.4246 94.3296 92.514 
63.7 100 100 99.7765 96.4246 94.3296 92.5363 
63.8 100 100 99.7765 96.4246 94.3296 92.5587 
63.9 100 100 99.7765 96.4246 94.3296 92.5587 
64 100 100 99.7765 96.4618 94.3575 92.581 
64.1 100 100 99.7765 96.4618 94.3575 92.6034 
64.2 100 100 99.7765 96.4991 94.3855 92.648 
64.3 100 100 99.7765 96.4991 94.3855 92.6704 
64.4 100 100 99.7765 96.4991 94.3855 92.6927 
64.5 100 100 99.7765 96.4991 94.3855 92.6927 
64.6 100 100 99.7765 96.4991 94.3855 92.7151 
64.7 100 100 99.7765 96.5363 94.4413 92.7598 
64.8 100 100 99.7765 96.5363 94.4413 92.7598 
64.9 100 100 99.7765 96.5363 94.4413 92.7598 
65 100 100 99.7765 96.5736 94.4693 92.7821 
65.1 100 100 99.7765 96.5736 94.4972 92.8045 
65.2 100 100 99.7765 96.6108 94.5251 92.8492 
65.3 100 100 99.7765 96.6108 94.5251 92.8715 
65.4 100 100 99.7765 96.6853 94.581 92.9162 
65.5 100 100 99.7765 96.6853 94.581 92.9162 
65.6 100 100 99.7765 96.6853 94.581 92.9162 
65.7 100 100 99.7765 96.6853 94.581 92.9162 
65.8 100 100 99.7765 96.6853 94.581 92.9609 
65.9 100 100 99.7765 96.6853 94.581 92.9609 
66 100 100 99.7765 96.7225 94.6089 92.9832 
66.1 100 100 99.7765 96.7225 94.6089 92.9832 
66.2 100 100 99.7765 96.7225 94.6089 93.0503 
66.3 100 100 99.7765 96.7225 94.6369 93.0726 
66.4 100 100 99.7765 96.7225 94.6648 93.1173 
66.5 100 100 99.7765 96.7225 94.6927 93.1397 
66.6 100 100 99.7765 96.7225 94.6927 93.162 
66.7 100 100 99.7765 96.7225 94.7207 93.1844 
66.8 100 100 99.7765 96.7225 94.7207 93.1844 
66.9 100 100 99.7765 96.7598 94.7486 93.2067 
67 100 100 99.7765 96.7598 94.7486 93.2067 
67.1 100 100 99.7765 96.7598 94.7486 93.2067 
67.2 100 100 99.7765 96.8343 94.8045 93.2514 
67.3 100 100 99.7765 96.8343 94.8324 93.2737 
67.4 100 100 99.7765 96.8343 94.8324 93.2737 
67.5 100 100 99.7765 96.8343 94.8324 93.2737 
67.6 100 100 99.7765 96.8343 94.8603 93.2961 
67.7 100 100 99.7765 96.8343 94.8603 93.3184 
67.8 100 100 99.7765 96.8343 94.8603 93.3408 
67.9 100 100 99.7765 96.9088 94.9162 93.3855 
68 100 100 99.7765 96.9088 94.9441 93.4078 
68.1 100 100 99.7765 96.9088 94.9721 93.4302 
68.2 100 100 99.7765 96.946 95 93.4749 
68.3 100 100 99.7765 96.946 95.0838 93.5419 
68.4 100 100 99.7765 96.946 95.0838 93.5419 
68.5 100 100 99.7765 96.946 95.0838 93.5642 
68.6 100 100 99.7765 96.9832 95.1117 93.5866 
68.7 100 100 99.7765 97.0205 95.1676 93.6536 
68.8 100 100 99.7765 97.0577 95.1955 93.6983 
68.9 100 100 99.7765 97.095 95.2235 93.743 
69 100 100 99.7765 97.095 95.2235 93.8101 
69.1 100 100 99.7765 97.095 95.2235 93.8101 
69.2 100 100 99.7765 97.095 95.2235 93.8101 
69.3 100 100 99.7765 97.095 95.2235 93.8101 
69.4 100 100 99.7765 97.095 95.2235 93.8324 
69.5 100 100 99.7765 97.095 95.2235 93.8547 
69.6 100 100 99.7765 97.095 95.2793 93.8994 
69.7 100 100 99.7765 97.1322 95.3073 93.9218 
69.8 100 100 99.7765 97.1322 95.3352 93.9665 
69.9 100 100 99.7765 97.1322 95.3631 93.9888 
70 100 100 99.7765 97.1322 95.3631 93.9888 
70.1 100 100 99.7765 97.1322 95.3631 94.0112 
70.2 100 100 99.7765 97.1322 95.3631 94.0112 
70.3 100 100 99.7765 97.1322 95.3631 94.0112 
70.4 100 100 99.7765 97.1322 95.3631 94.0112 
70.5 100 100 99.7765 97.1322 95.3631 94.0112 
70.6 100 100 99.7765 97.1322 95.3631 94.0112 
70.7 100 100 99.7765 97.1322 95.3631 94.0335 
70.8 100 100 99.7765 97.1322 95.3631 94.0559 
70.9 100 100 99.7765 97.1695 95.4469 94.1229 
71 100 100 99.7765 97.1695 95.4469 94.1899 
71.1 100 100 99.7765 97.1695 95.4469 94.1899 
71.2 100 100 99.7765 97.1695 95.4469 94.1899 
71.3 100 100 99.7765 97.1695 95.4469 94.1899 
71.4 100 100 99.7765 97.1695 95.4749 94.2123 
71.5 100 100 99.7765 97.1695 95.5028 94.2346 
71.6 100 100 99.7765 97.2067 95.5587 94.2793 
71.7 100 100 99.7765 97.2067 95.5587 94.2793 
71.8 100 100 99.7765 97.2439 95.6145 94.324 
71.9 100 100 99.7765 97.2439 95.6425 94.3687 
72 100 100 99.7765 97.2812 95.6704 94.3911 
72.1 100 100 99.7765 97.2812 95.6704 94.3911 
72.2 100 100 99.7765 97.2812 95.6704 94.3911 
72.3 100 100 99.7765 97.2812 95.6704 94.4134 
72.4 100 100 99.7765 97.2812 95.6704 94.4358 
72.5 100 100 99.7765 97.3184 95.6983 94.5028 
72.6 100 100 99.7765 97.3184 95.6983 94.5475 
72.7 100 100 99.7765 97.3184 95.6983 94.5698 
72.8 100 100 99.7765 97.3184 95.7263 94.5922 
72.9 100 100 99.7765 97.3184 95.7263 94.6145 
73 100 100 99.7765 97.3184 95.7263 94.6145 
73.1 100 100 99.7765 97.3184 95.7263 94.6145 
73.2 100 100 99.7765 97.3184 95.7263 94.6145 
73.3 100 100 99.7765 97.3184 95.7263 94.6145 
73.4 100 100 99.7765 97.3184 95.7263 94.6145 
73.5 100 100 99.7765 97.3184 95.7263 94.6145 
73.6 100 100 99.7765 97.3184 95.7263 94.6145 
73.7 100 100 99.7765 97.3184 95.7263 94.6369 
73.8 100 100 99.7765 97.3184 95.7263 94.6369 
73.9 100 100 99.7765 97.3184 95.7263 94.6369 
74 100 100 99.7765 97.3184 95.7821 94.6816 
74.1 100 100 99.7765 97.3184 95.7821 94.6816 
74.2 100 100 99.7765 97.3557 95.8101 94.7263 
74.3 100 100 99.7765 97.3557 95.8101 94.7486 
74.4 100 100 99.7765 97.3557 95.838 94.7709 
74.5 100 100 99.7765 97.3929 95.8939 94.8156 
74.6 100 100 99.7765 97.4302 95.9497 94.8603 
74.7 100 100 99.7765 97.4302 95.9497 94.8603 
74.8 100 100 99.7765 97.4674 95.9777 94.8827 
74.9 100 100 99.7765 97.5047 96.0056 94.905 
75 100 100 99.7765 97.5047 96.0056 94.905 
75.1 100 100 99.7765 97.5047 96.0056 94.9274 
75.2 100 100 99.7765 97.5047 96.0056 94.9274 
75.3 100 100 99.7765 97.5047 96.0056 94.9274 
75.4 100 100 99.7765 97.5419 96.0335 94.9497 
75.5 100 100 99.7765 97.5419 96.0335 94.9497 
75.6 100 100 99.7765 97.5419 96.0335 94.9497 
75.7 100 100 99.7765 97.5419 96.0615 94.9721 
75.8 100 100 99.7765 97.5419 96.0615 94.9721 
75.9 100 100 99.7765 97.5419 96.0894 94.9944 
76 100 100 99.7765 97.5791 96.1453 95.0391 
76.1 100 100 99.7765 97.5791 96.1453 95.0391 
76.2 100 100 99.7765 97.5791 96.1453 95.0391 
76.3 100 100 99.7765 97.6536 96.2011 95.1508 
76.4 100 100 99.7765 97.6536 96.257 95.1955 
76.5 100 100 99.7765 97.6536 96.257 95.1955 
76.6 100 100 99.7765 97.6909 96.2849 95.2179 
76.7 100 100 99.7765 97.6909 96.3128 95.2402 
76.8 100 100 99.7765 97.6909 96.3128 95.2626 
76.9 100 100 99.7765 97.6909 96.3408 95.3296 
77 100 100 99.7765 97.7281 96.3687 95.352 
77.1 100 100 99.7765 97.7654 96.4246 95.419 
77.2 100 100 99.7765 97.7654 96.4246 95.4413 
77.3 100 100 99.7765 97.7654 96.4246 95.4413 
77.4 100 100 99.7765 97.7654 96.4246 95.4413 
77.5 100 100 99.7765 97.7654 96.4246 95.4413 
77.6 100 100 99.7765 97.7654 96.4525 95.4637 
77.7 100 100 99.7765 97.7654 96.4525 95.4637 
77.8 100 100 99.8324 97.8026 96.4804 95.486 
77.9 100 100 99.8324 97.8026 96.4804 95.486 
78 100 100 99.8324 97.8399 96.5363 95.5307 
78.1 100 100 99.8324 97.8399 96.5642 95.5531 
78.2 100 100 99.8324 97.8399 96.6201 95.5978 
78.3 100 100 99.8324 97.8399 96.6201 95.5978 
78.4 100 100 99.8324 97.8399 96.648 95.6201 
78.5 100 100 99.8324 97.8399 96.676 95.6425 
78.6 100 100 99.8324 97.8399 96.676 95.6425 
78.7 100 100 99.8324 97.8399 96.676 95.6425 
78.8 100 100 99.8324 97.8399 96.676 95.6425 
78.9 100 100 99.8324 97.8399 96.7039 95.6648 
79 100 100 99.8324 97.8771 96.7598 95.7765 
79.1 100 100 99.8324 97.8771 96.7877 95.7989 
79.2 100 100 99.8324 97.8771 96.7877 95.8212 
79.3 100 100 99.8324 97.8771 96.7877 95.8212 
79.4 100 100 99.8324 97.9143 96.8156 95.8659 
79.5 100 100 99.8324 97.9143 96.8156 95.8659 
79.6 100 100 99.8324 97.9143 96.8156 95.8883 
79.7 100 100 99.8324 97.9888 96.8715 95.933 
79.8 100 100 99.8324 97.9888 96.8715 95.9553 
79.9 100 100 99.8324 97.9888 96.8994 95.9777 
80 100 100 99.8324 97.9888 96.8994 95.9777 
80.1 100 100 99.8324 97.9888 96.8994 95.9777 
80.2 100 100 99.8883 98.0261 96.9553 96.0223 
80.3 100 100 99.8883 98.0633 97.0112 96.067 
80.4 100 100 99.8883 98.0633 97.0391 96.0894 
80.5 100 100 99.8883 98.0633 97.0391 96.1117 
80.6 100 100 99.8883 98.0633 97.0391 96.1341 
80.7 100 100 99.8883 98.0633 97.0391 96.1564 
80.8 100 100 99.8883 98.1006 97.067 96.2011 
80.9 100 100 99.8883 98.1006 97.067 96.2011 
81 100 100 99.9441 98.1378 97.095 96.2458 
81.1 100 100 99.9441 98.1378 97.1229 96.2905 
81.2 100 100 99.9441 98.1378 97.1508 96.3352 
81.3 100 100 99.9441 98.175 97.1788 96.3575 
81.4 100 100 99.9441 98.175 97.1788 96.3575 
81.5 100 100 99.9441 98.175 97.1788 96.3575 
81.6 100 100 99.9441 98.2123 97.2067 96.4022 
81.7 100 100 99.9441 98.2123 97.2346 96.4246 
81.8 100 100 99.9441 98.2495 97.2626 96.4693 
81.9 100 100 99.9441 98.2495 97.2626 96.4693 
82 100 100 99.9441 98.2868 97.2905 96.514 
82.1 100 100 99.9441 98.2868 97.2905 96.514 
82.2 100 100 99.9441 98.324 97.3743 96.581 
82.3 100 100 99.9441 98.324 97.3743 96.6034 
82.4 100 100 99.9441 98.324 97.4302 96.648 
82.5 100 100 99.9441 98.324 97.4302 96.6704 
82.6 100 100 99.9441 98.324 97.4302 96.6704 
82.7 100 100 99.9441 98.324 97.4302 96.6704 
82.8 100 100 99.9441 98.324 97.4581 96.7151 
82.9 100 100 99.9441 98.3985 97.5419 96.7821 
83 100 100 99.9441 98.4358 97.5698 96.8268 
83.1 100 100 99.9441 98.4358 97.5698 96.8492 
83.2 100 100 99.9441 98.4358 97.5698 96.8715 
83.3 100 100 99.9441 98.4358 97.5698 96.8715 
83.4 100 100 99.9441 98.4358 97.5698 96.8715 
83.5 100 100 99.9441 98.4358 97.5978 96.8939 
83.6 100 100 99.9441 98.473 97.6536 96.9385 
83.7 100 100 99.9441 98.473 97.6536 96.9385 
83.8 100 100 99.9441 98.5102 97.6816 96.9832 
83.9 100 100 99.9441 98.5475 97.7374 97.0279 
84 100 100 99.9441 98.622 97.7933 97.0726 
84.1 100 100 99.9441 98.622 97.7933 97.0726 
84.2 100 100 99.9441 98.6592 97.8212 97.095 
84.3 100 100 99.9441 98.6965 97.8771 97.1397 
84.4 100 100 99.9441 98.6965 97.8771 97.1397 
84.5 100 100 99.9441 98.6965 97.8771 97.1844 
84.6 100 100 99.9441 98.6965 97.8771 97.1844 
84.7 100 100 99.9441 98.7337 97.933 97.2514 
84.8 100 100 99.9441 98.7709 97.9609 97.2961 
84.9 100 100 99.9441 98.8082 98.0168 97.3408 
85 100 100 99.9441 98.8082 98.0168 97.3631 
85.1 100 100 99.9441 98.8082 98.0168 97.3631 
85.2 100 100 99.9441 98.8082 98.0447 97.3855 
85.3 100 100 99.9441 98.8082 98.0726 97.4078 
85.4 100 100 99.9441 98.8454 98.1006 97.4749 
85.5 100 100 99.9441 98.8827 98.1564 97.5419 
85.6 100 100 99.9441 98.8827 98.1564 97.5419 
85.7 100 100 99.9441 98.8827 98.1564 97.5419 
85.8 100 100 99.9441 98.8827 98.1844 97.5642 
85.9 100 100 99.9441 98.8827 98.1844 97.5642 
86 100 100 99.9441 98.8827 98.1844 97.5866 
86.1 100 100 99.9441 98.8827 98.1844 97.5866 
86.2 100 100 99.9441 98.9199 98.2123 97.6313 
86.3 100 100 99.9441 98.9199 98.2682 97.676 
86.4 100 100 99.9441 98.9199 98.2682 97.676 
86.5 100 100 99.9441 98.9572 98.324 97.7207 
86.6 100 100 99.9441 98.9572 98.324 97.7207 
86.7 100 100 99.9441 98.9572 98.324 97.743 
86.8 100 100 99.9441 98.9572 98.324 97.743 
86.9 100 100 99.9441 98.9572 98.324 97.743 
87 100 100 99.9441 98.9572 98.352 97.7654 
87.1 100 100 99.9441 98.9944 98.3799 97.7877 
87.2 100 100 99.9441 98.9944 98.4078 97.8101 
87.3 100 100 99.9441 98.9944 98.4358 97.8547 
87.4 100 100 99.9441 98.9944 98.4358 97.8771 
87.5 100 100 99.9441 98.9944 98.4637 97.8994 
87.6 100 100 99.9441 98.9944 98.4637 97.8994 
87.7 100 100 99.9441 98.9944 98.4637 97.8994 
87.8 100 100 99.9441 98.9944 98.4916 97.9441 
87.9 100 100 99.9441 98.9944 98.5475 97.9888 
88 100 100 99.9441 98.9944 98.5475 97.9888 
88.1 100 100 99.9441 98.9944 98.5754 98.0559 
88.2 100 100 99.9441 98.9944 98.5754 98.0559 
88.3 100 100 99.9441 99.0317 98.6034 98.0782 
88.4 100 100 99.9441 99.0689 98.6313 98.1006 
88.5 100 100 99.9441 99.0689 98.6592 98.1229 
88.6 100 100 99.9441 99.0689 98.6592 98.1453 
88.7 100 100 99.9441 99.0689 98.6592 98.1453 
88.8 100 100 99.9441 99.0689 98.6592 98.1453 
88.9 100 100 99.9441 99.0689 98.6592 98.1453 
89 100 100 99.9441 99.0689 98.6592 98.1453 
89.1 100 100 99.9441 99.0689 98.6592 98.1453 
89.2 100 100 99.9441 99.0689 98.6592 98.1453 
89.3 100 100 99.9441 99.0689 98.6592 98.1453 
89.4 100 100 99.9441 99.1061 98.6872 98.1676 
89.5 100 100 99.9441 99.1061 98.6872 98.1676 
89.6 100 100 99.9441 99.1061 98.6872 98.1676 
89.7 100 100 99.9441 99.1061 98.6872 98.1676 
89.8 100 100 99.9441 99.1061 98.6872 98.1676 
89.9 100 100 99.9441 99.1434 98.7151 98.2123 
90 100 100 99.9441 99.1434 98.7151 98.2123 
90.1 100 100 99.9441 99.1434 98.7151 98.2123 
90.2 100 100 99.9441 99.1434 98.7151 98.2346 
90.3 100 100 99.9441 99.1434 98.7151 98.257 
90.4 100 100 99.9441 99.1806 98.7709 98.3017 
90.5 100 100 99.9441 99.1806 98.7709 98.3017 
90.6 100 100 99.9441 99.1806 98.7709 98.324 
90.7 100 100 99.9441 99.1806 98.7709 98.324 
90.8 100 100 99.9441 99.1806 98.7989 98.3464 
90.9 100 100 99.9441 99.1806 98.8268 98.3911 
91 100 100 99.9441 99.1806 98.8268 98.3911 
91.1 100 100 99.9441 99.1806 98.8268 98.3911 
91.2 100 100 99.9441 99.2179 98.8827 98.4358 
91.3 100 100 99.9441 99.2551 98.9385 98.4804 
91.4 100 100 99.9441 99.2924 98.9665 98.5028 
91.5 100 100 99.9441 99.2924 98.9944 98.5475 
91.6 100 100 99.9441 99.2924 98.9944 98.5475 
91.7 100 100 99.9441 99.2924 99.0223 98.5698 
91.8 100 100 99.9441 99.3296 99.0503 98.6369 
91.9 100 100 99.9441 99.3296 99.0503 98.6369 
92 100 100 99.9441 99.3296 99.0503 98.6816 
92.1 100 100 99.9441 99.3296 99.0503 98.6816 
92.2 100 100 99.9441 99.3296 99.1061 98.7709 
92.3 100 100 99.9441 99.3296 99.1061 98.7709 
92.4 100 100 99.9441 99.3296 99.1061 98.7709 
92.5 100 100 99.9441 99.3669 99.1341 98.7933 
92.6 100 100 99.9441 99.3669 99.1341 98.7933 
92.7 100 100 99.9441 99.3669 99.162 98.8156 
92.8 100 100 99.9441 99.3669 99.162 98.8156 
92.9 100 100 99.9441 99.3669 99.162 98.8156 
93 100 100 99.9441 99.3669 99.162 98.8156 
93.1 100 100 99.9441 99.3669 99.162 98.838 
93.2 100 100 99.9441 99.3669 99.162 98.838 
93.3 100 100 99.9441 99.3669 99.162 98.838 
93.4 100 100 99.9441 99.3669 99.162 98.838 
93.5 100 100 99.9441 99.4041 99.1899 98.8603 
93.6 100 100 99.9441 99.4041 99.2179 98.905 
93.7 100 100 99.9441 99.4041 99.2179 98.905 
93.8 100 100 99.9441 99.4413 99.2458 98.9274 
93.9 100 100 99.9441 99.4786 99.2737 98.9497 
94 100 100 99.9441 99.4786 99.3017 98.9944 
94.1 100 100 99.9441 99.4786 99.3017 99.0168 
94.2 100 100 99.9441 99.4786 99.3017 99.0168 
94.3 100 100 99.9441 99.4786 99.3017 99.0168 
94.4 100 100 99.9441 99.4786 99.3017 99.0168 
94.5 100 100 99.9441 99.4786 99.3017 99.0168 
94.6 100 100 99.9441 99.4786 99.3296 99.0391 
94.7 100 100 99.9441 99.4786 99.3575 99.0838 
94.8 100 100 99.9441 99.4786 99.3575 99.0838 
94.9 100 100 99.9441 99.4786 99.3575 99.1285 
95 100 100 99.9441 99.4786 99.3575 99.1508 
95.1 100 100 99.9441 99.4786 99.3575 99.1732 
95.2 100 100 99.9441 99.4786 99.3855 99.1955 
95.3 100 100 99.9441 99.4786 99.3855 99.2179 
95.4 100 100 99.9441 99.4786 99.3855 99.2402 
95.5 100 100 99.9441 99.4786 99.3855 99.2626 
95.6 100 100 99.9441 99.4786 99.3855 99.2626 
95.7 100 100 99.9441 99.5158 99.4134 99.3073 
95.8 100 100 99.9441 99.5158 99.4134 99.352 
95.9 100 100 99.9441 99.5158 99.4134 99.352 
96 100 100 99.9441 99.5158 99.4134 99.352 
96.1 100 100 99.9441 99.5531 99.4413 99.3966 
96.2 100 100 99.9441 99.5531 99.4413 99.3966 
96.3 100 100 99.9441 99.5531 99.4413 99.3966 
96.4 100 100 99.9441 99.6276 99.4972 99.4637 
96.5 100 100 99.9441 99.6648 99.5251 99.486 
96.6 100 100 99.9441 99.6648 99.5531 99.5084 
96.7 100 100 99.9441 99.702 99.6089 99.5531 
96.8 100 100 99.9441 99.702 99.6089 99.5754 
96.9 100 100 99.9441 99.702 99.6369 99.5978 
97 100 100 99.9441 99.702 99.6369 99.6201 
97.1 100 100 99.9441 99.702 99.6369 99.6201 
97.2 100 100 99.9441 99.7393 99.6648 99.6425 
97.3 100 100 99.9441 99.7393 99.6927 99.6648 
97.4 100 100 99.9441 99.7393 99.6927 99.6872 
97.5 100 100 99.9441 99.7393 99.6927 99.6872 
97.6 100 100 99.9441 99.7393 99.6927 99.6872 
97.7 100 100 99.9441 99.7393 99.6927 99.7095 
97.8 100 100 99.9441 99.7393 99.6927 99.7095 
97.9 100 100 99.9441 99.7393 99.6927 99.7095 
98 100 100 99.9441 99.7393 99.6927 99.7095 
98.1 100 100 99.9441 99.7393 99.6927 99.7318 
98.2 100 100 99.9441 99.7765 99.7207 99.7542 
98.3 100 100 99.9441 99.7765 99.7207 99.7542 
98.4 100 100 99.9441 99.7765 99.7207 99.7542 
98.5 100 100 99.9441 99.7765 99.7207 99.7542 
98.6 100 100 99.9441 99.7765 99.7207 99.7542 
98.7 100 100 99.9441 99.7765 99.7486 99.7765 
98.8 100 100 99.9441 99.7765 99.7486 99.7765 
98.9 100 100 99.9441 99.7765 99.7486 99.7765 
99 100 100 99.9441 99.7765 99.7486 99.7765 
99.1 100 100 99.9441 99.7765 99.7486 99.7765 
99.2 100 100 99.9441 99.7765 99.7486 99.7765 
99.3 100 100 99.9441 99.8138 99.7765 99.8212 
99.4 100 100 100 99.8883 99.8603 99.8883 
99.5 100 100 100 99.8883 99.8603 99.8883 
99.6 100 100 100 99.8883 99.8603 99.8883 
99.7 100 100 100 99.9255 99.9162 99.933 
99.8 100 100 100 99.9255 99.9162 99.933 
99.9 100 100 100 99.9628 99.9721 99.9777 
100 100 100 100 100 100 100 
