0.1 9.52381 1.95962 0.979519 0.652948 0.489687 0.391738 
0.2 19.0476 3.97862 1.98872 1.32568 0.994213 0.795347 
0.3 28.2738 5.93824 2.99792 1.99842 1.49874 1.19896 
0.4 37.7976 7.89786 3.97744 2.65137 1.98843 1.59069 
0.5 43.4524 9.73872 4.95696 3.3241 2.49295 1.9943 
0.6 50 11.5796 5.93648 3.97705 2.99748 2.39791 
0.7 55.0595 13.5392 6.916 4.63 3.48716 2.78965 
0.8 60.7143 15.4394 7.89552 5.30273 3.99169 3.19326 
0.9 65.1786 17.1615 8.84535 5.93589 4.48138 3.59687 
1 69.3452 18.5273 9.70614 6.56905 4.97106 3.9886 
1.1 71.4286 19.6556 10.5373 7.18243 5.46075 4.39221 
1.2 75.5952 21.0808 11.4277 7.81559 5.96528 4.79582 
1.3 78.869 22.6247 12.3182 8.44875 6.44012 5.18756 
1.4 82.1429 24.0499 13.1196 9.02256 6.88529 5.54368 
1.5 85.7143 25.5344 14.0991 9.69529 7.38982 5.94729 
1.6 88.3929 26.7815 14.9006 10.2295 7.83499 6.3509 
1.7 90.7738 28.3254 15.8504 10.8825 8.32468 6.74264 
1.8 92.5595 29.6912 16.6518 11.5354 8.81436 7.14625 
1.9 94.6429 30.7007 17.3642 12.129 9.28921 7.53799 
2 95.5357 31.7102 18.0172 12.683 9.71954 7.89411 
2.1 96.4286 33.1948 18.878 13.2568 10.1944 8.29772 
2.2 97.3214 33.848 19.4123 13.7119 10.6099 8.65385 
2.3 97.619 35.095 20.184 14.2857 11.0996 9.04558 
2.4 97.9167 36.1045 20.8964 14.9189 11.5893 9.43732 
2.5 97.9167 36.9952 21.5197 15.3937 12.0344 9.82906 
2.6 98.2143 38.1235 22.2618 16.0071 12.539 10.2327 
2.7 98.8095 39.1924 22.9445 16.5809 12.999 10.6244 
2.8 98.8095 39.8456 23.3007 16.9173 13.3848 10.9568 
2.9 98.8095 41.0926 24.0724 17.4911 13.8596 11.3604 
3 98.8095 42.2803 24.7551 18.0253 14.3196 11.7403 
3.1 99.1071 42.8741 25.141 18.3419 14.6313 12.0608 
3.2 99.4048 44.0024 25.8237 18.8564 15.0764 12.4406 
3.3 99.4048 44.9525 26.5361 19.3906 15.5068 12.8086 
3.4 99.4048 45.7838 27.3078 19.9644 15.9519 13.1885 
3.5 99.7024 46.9715 27.9905 20.4986 16.4119 13.5802 
3.6 99.7024 47.0903 28.1389 20.6569 16.5752 13.8177 
3.7 99.7024 48.2779 28.9107 21.2703 17.0352 14.2094 
3.8 100 49.7031 29.7714 21.8639 17.4952 14.6011 
3.9 100 50.5938 30.4245 22.3981 17.9552 14.981 
4 100 51.3064 30.9587 22.8532 18.3558 15.3371 
4.1 100 52.3753 31.5227 23.2885 18.7417 15.6814 
4.2 100 53.266 32.146 23.8425 19.2017 16.0731 
4.3 100 53.7411 32.5616 24.1987 19.5578 16.3699 
4.4 100 53.7411 32.5616 24.1987 19.5726 16.453 
4.5 100 54.81 33.274 24.7527 20.003 16.821 
4.6 100 55.7601 33.927 25.2473 20.4481 17.189 
4.7 100 56.8884 34.669 25.7618 20.8636 17.5332 
4.8 100 57.7197 35.3221 26.296 21.3236 17.925 
4.9 100 58.5511 35.9751 26.7511 21.754 18.2811 
5 100 59.323 36.7468 27.2655 22.214 18.6728 
5.1 100 60.2732 37.4295 27.78 22.6443 19.029 
5.2 100 60.8076 37.9044 28.2548 23.0895 19.4207 
5.3 100 61.1639 38.2606 28.5516 23.3714 19.7056 
5.4 100 61.6983 38.6465 28.9276 23.6682 20.0261 
5.5 100 61.6983 38.6465 28.9474 23.7572 20.1567 
5.6 100 61.6983 38.6465 28.9474 23.7572 20.1686 
5.7 100 61.6983 38.6465 28.9474 23.7572 20.1923 
5.8 100 62.2328 38.9433 29.165 23.9353 20.3585 
5.9 100 63.4204 39.6854 29.7586 24.3953 20.7502 
6 100 64.0143 40.2493 30.1741 24.7366 21.0589 
6.1 100 65.0831 40.9617 30.7479 25.1966 21.4269 
6.2 100 66.152 41.6444 31.2822 25.6121 21.7949 
6.3 100 66.6865 42.2084 31.7175 25.9534 22.1154 
6.4 100 67.3397 42.8614 32.2517 26.3837 22.4715 
6.5 100 67.9335 43.2176 32.5683 26.725 22.7683 
6.6 100 68.5273 43.7815 33.1619 27.1999 23.1481 
6.7 100 69.4181 44.4642 33.7357 27.6451 23.528 
6.8 100 70.1306 45.0579 34.2303 28.0605 23.896 
6.9 100 70.7838 45.5031 34.6854 28.476 24.2521 
7 100 71.6746 46.1264 35.1405 28.8618 24.5845 
7.1 100 72.3872 46.6904 35.5758 29.2477 24.9288 
7.2 100 72.8029 47.1356 35.9517 29.6186 25.2612 
7.3 100 72.8029 47.1356 35.9517 29.6335 25.2968 
7.4 100 72.981 47.2841 36.0704 29.7373 25.4392 
7.5 100 73.6342 47.8183 36.5057 30.1528 25.7835 
7.6 100 74.2874 48.4417 37.0004 30.5387 26.104 
7.7 100 74.8219 49.0353 37.4951 30.9987 26.472 
7.8 100 75.5938 49.7477 38.0293 31.4142 26.8162 
7.9 100 76.1283 50.2523 38.4448 31.7703 27.1368 
8 100 76.6627 50.7569 38.8999 32.1858 27.5047 
8.1 100 77.2565 51.3505 39.4143 32.6013 27.8609 
8.2 100 78.1473 52.0332 39.9881 33.0761 28.2526 
8.3 100 78.8005 52.7159 40.4828 33.4916 28.6206 
8.4 100 79.2162 53.2799 40.9181 33.8329 28.9411 
8.5 100 79.6318 53.8439 41.3336 34.1742 29.2379 
8.6 100 80.1663 54.5266 41.8283 34.5897 29.5703 
8.7 100 80.8789 55.1499 42.2833 34.9607 29.9027 
8.8 100 81.4727 55.7435 42.7384 35.3613 30.235 
8.9 100 81.829 56.2778 43.2331 35.7768 30.5912 
9 100 82.5416 56.8715 43.6882 36.1923 30.9354 
9.1 100 82.9572 57.5542 44.2818 36.6672 31.3272 
9.2 100 83.1948 58.0588 44.6973 37.0678 31.6714 
9.3 100 83.6698 58.6524 45.2117 37.4685 32.0038 
9.4 100 84.2637 59.2461 45.7064 37.8543 32.3481 
9.5 100 84.6793 59.6913 46.1219 38.1956 32.6567 
9.6 100 84.9762 60.2553 46.577 38.5962 32.9772 
9.7 100 85.4513 60.7896 47.0321 38.9672 33.3096 
9.8 100 85.867 61.2645 47.4476 39.353 33.642 
9.9 100 86.1639 61.591 47.8433 39.6795 33.9625 
10 100 86.5796 62.0659 48.3182 40.0653 34.2949 
10.1 100 86.9359 62.5705 48.7732 40.4363 34.6154 
10.2 100 87.2328 62.8376 49.07 40.7034 34.8409 
10.3 100 87.4703 62.986 49.2085 40.8666 35.0427 
10.4 100 87.4703 62.986 49.2085 40.8814 35.0783 
10.5 100 87.4703 62.986 49.2085 40.8814 35.0783 
10.6 100 87.4703 62.986 49.2085 40.8814 35.0783 
10.7 100 87.4703 62.986 49.2085 40.8814 35.1258 
10.8 100 87.7078 63.2532 49.4064 41.0743 35.292 
10.9 100 88.3017 63.9062 49.8813 41.475 35.6125 
11 100 89.0143 64.4702 50.3364 41.8163 35.9093 
11.1 100 89.6081 65.0045 50.7915 42.2615 36.301 
11.2 100 89.7862 65.5091 51.2861 42.6621 36.6572 
11.3 100 90.1425 65.8949 51.7214 43.0628 37.0133 
11.4 100 90.4394 66.3105 52.0776 43.3892 37.3219 
11.5 100 90.7957 66.7854 52.4931 43.775 37.6425 
11.6 100 91.0333 67.3197 52.9482 44.1609 37.9867 
11.7 100 91.2708 67.7649 53.423 44.5467 38.2953 
11.8 100 91.3302 68.0321 53.7594 44.8731 38.604 
11.9 100 91.6271 68.6257 54.2145 45.2738 38.9245 
12 100 92.0428 69.1897 54.6894 45.6448 39.2688 
12.1 100 92.2209 69.3974 55.0455 45.9861 39.5774 
12.2 100 92.6366 69.902 55.4412 46.3719 39.9335 
12.3 100 92.9929 70.4066 55.9161 46.7428 40.2659 
12.4 100 93.2898 70.9706 56.4108 47.1583 40.622 
12.5 100 93.4679 71.2971 56.668 47.4551 40.8951 
12.6 100 93.6461 71.6533 57.0835 47.7816 41.2037 
12.7 100 94.0618 72.0689 57.499 48.1377 41.5123 
12.8 100 94.1805 72.5438 57.9343 48.5384 41.8447 
12.9 100 94.4774 72.989 58.4092 48.9539 42.2009 
13 100 94.7743 73.3749 58.7455 49.2951 42.4976 
13.1 100 94.8931 73.8201 59.1611 49.6958 42.8538 
13.2 100 95.0713 74.3841 59.6557 50.0965 43.2336 
13.3 100 95.3088 74.7403 60.1702 50.5268 43.5897 
13.4 100 95.6057 75.1558 60.6055 50.9274 43.9577 
13.5 100 95.7838 75.4823 61.0012 51.2539 44.2308 
13.6 100 95.962 76.0166 61.575 51.6991 44.5869 
13.7 100 96.1401 76.3728 61.8916 51.9958 44.8955 
13.8 100 96.1995 76.4915 61.9905 52.07 44.9668 
13.9 100 96.3777 76.7587 62.2675 52.3965 45.2754 
14 100 96.6746 77.2633 62.6632 52.7675 45.5959 
14.1 100 96.8527 77.6788 63.0392 53.0939 45.8808 
14.2 100 97.0309 78.1834 63.4745 53.4797 46.1895 
14.3 100 97.1496 78.5396 63.8108 53.821 46.4981 
14.4 100 97.3278 78.9552 64.167 54.1623 46.8305 
14.5 100 97.4466 79.2817 64.5429 54.5185 47.1391 
14.6 100 97.4466 79.5191 64.8595 54.8449 47.424 
14.7 100 97.5653 79.905 65.2948 55.2011 47.7327 
14.8 100 97.6247 80.2018 65.6312 55.5424 48.0888 
14.9 100 97.8029 80.558 66.0665 55.9133 48.4093 
15 100 97.8622 80.9142 66.4226 56.2398 48.7061 
15.1 100 98.0404 81.211 66.759 56.5811 48.991 
15.2 100 98.0404 81.5672 67.0756 56.9076 49.3115 
15.3 100 98.2779 82.0125 67.4515 57.2785 49.6201 
15.4 100 98.3373 82.3983 67.8472 57.6198 49.9169 
15.5 100 98.3373 82.7545 68.2034 57.9314 50.1899 
15.6 100 98.3967 82.8733 68.3023 58.0502 50.3324 
15.7 100 98.3967 82.9326 68.3419 58.0798 50.3561 
15.8 100 98.4561 83.2591 68.7178 58.4063 50.6292 
15.9 100 98.5748 83.6747 69.0938 58.7624 50.9141 
16 100 98.8124 84.0012 69.4697 59.1037 51.2227 
16.1 100 98.8717 84.2386 69.7863 59.445 51.5195 
16.2 100 98.8717 84.5058 70.1029 59.8457 51.8756 
16.3 100 98.8717 84.7432 70.4195 60.1573 52.1605 
16.4 100 98.9311 85.0698 70.7954 60.5134 52.4573 
16.5 100 98.9311 85.3369 71.1318 60.8547 52.7422 
16.6 100 98.9311 85.5744 71.5077 61.196 53.0745 
16.7 100 98.9905 85.9602 71.9232 61.5225 53.3713 
16.8 100 99.1686 86.1086 72.2794 61.8638 53.6681 
16.9 100 99.3468 86.3758 72.596 62.1754 53.9767 
17 100 99.3468 86.7023 73.0115 62.5315 54.2854 
17.1 100 99.4062 87.0288 73.3281 62.8135 54.5347 
17.2 100 99.4062 87.2069 73.6051 63.1844 54.8552 
17.3 100 99.4062 87.4443 73.9216 63.5406 55.1519 
17.4 100 99.4062 87.6521 74.1195 63.8077 55.4131 
17.5 100 99.4062 87.9193 74.4163 64.149 55.698 
17.6 100 99.4062 88.2161 74.7329 64.3864 55.8998 
17.7 100 99.4062 88.4535 75.1088 64.7425 56.2441 
17.8 100 99.4062 88.6613 75.4254 65.069 56.5646 
17.9 100 99.4062 88.8988 75.742 65.3955 56.8851 
18 100 99.4062 89.1956 76.1377 65.7813 57.2531 
18.1 100 99.4062 89.4331 76.3949 66.0335 57.4905 
18.2 100 99.4062 89.7002 76.7115 66.3748 57.811 
18.3 100 99.4062 90.0267 77.0479 66.6568 58.1434 
18.4 100 99.4062 90.4126 77.404 66.9832 58.452 
18.5 100 99.4062 90.5907 77.681 67.2503 58.6895 
18.6 100 99.4656 90.7391 77.8591 67.4878 58.9981 
18.7 100 99.5249 90.9469 78.1163 67.8291 59.3186 
18.8 100 99.5249 91.1843 78.4527 68.1852 59.6273 
18.9 100 99.5249 91.3327 78.8089 68.5265 59.9359 
19 100 99.5249 91.5702 79.0859 68.8678 60.2208 
19.1 100 99.5843 91.8077 79.442 69.1646 60.5057 
19.2 100 99.5843 92.0154 79.818 69.491 60.8143 
19.3 100 99.6437 92.2529 80.0752 69.8026 61.1111 
19.4 100 99.7625 92.4607 80.3918 70.1143 61.4198 
19.5 100 99.7625 92.5497 80.5501 70.3517 61.6809 
19.6 100 99.7625 92.6091 80.7875 70.6633 61.9896 
19.7 100 99.8219 92.8169 81.1041 71.0046 62.2982 
19.8 100 99.8219 92.9653 81.4009 71.3014 62.5712 
19.9 100 99.8219 93.173 81.6185 71.5536 62.7968 
20 100 99.8219 93.3215 81.8757 71.8059 63.0817 
20.1 100 99.8219 93.4699 82.1923 72.1324 63.3784 
20.2 100 99.8219 93.648 82.4298 72.3995 63.6159 
20.3 100 99.8219 93.9151 82.7859 72.6962 63.9364 
20.4 100 99.8219 94.0338 83.0431 72.9633 64.1857 
20.5 100 99.8812 94.1526 83.2806 73.2601 64.4706 
20.6 100 99.8812 94.2416 83.5378 73.4976 64.7317 
20.7 100 99.8812 94.4494 83.795 73.7795 65.0047 
20.8 100 99.8812 94.5978 84.0522 74.0466 65.254 
20.9 100 99.8812 94.8649 84.4282 74.3731 65.5389 
21 100 99.8812 94.954 84.626 74.6105 65.7526 
21.1 100 99.9406 95.1321 84.8239 74.9221 66.0375 
21.2 100 99.9406 95.3102 85.1009 75.2634 66.3343 
21.3 100 99.9406 95.3992 85.3581 75.5602 66.6073 
21.4 100 99.9406 95.518 85.556 75.8124 66.8566 
21.5 100 99.9406 95.607 85.7143 76.035 67.0703 
21.6 100 99.9406 95.6961 85.9517 76.3466 67.3433 
21.7 100 99.9406 95.8445 86.1298 76.5989 67.5926 
21.8 100 99.9406 95.9632 86.2683 76.8363 67.83 
21.9 100 99.9406 96.0522 86.486 77.1628 68.1387 
22 100 99.9406 96.1116 86.664 77.4002 68.3761 
22.1 100 99.9406 96.171 86.8619 77.6376 68.6491 
22.2 100 99.9406 96.3491 87.0993 77.9196 68.8984 
22.3 100 99.9406 96.4084 87.3565 78.2609 69.2189 
22.4 100 99.9406 96.4678 87.5742 78.4983 69.4444 
22.5 100 100 96.5272 87.8116 78.7802 69.6937 
22.6 100 100 96.6756 88.1084 79.077 69.9905 
22.7 100 100 96.7053 88.2667 79.2848 70.1686 
22.8 100 100 96.7943 88.425 79.4925 70.3941 
22.9 100 100 96.9724 88.6427 79.7448 70.6671 
23 100 100 97.0911 88.8999 79.997 70.8927 
23.1 100 100 97.1208 89.1571 80.2641 71.1657 
23.2 100 100 97.2989 89.355 80.5016 71.4387 
23.3 100 100 97.4176 89.6122 80.7687 71.7236 
23.4 100 100 97.566 89.8101 81.0358 71.9967 
23.5 100 100 97.6254 89.8892 81.199 72.1985 
23.6 100 100 97.7145 90.0673 81.4364 72.4596 
23.7 100 100 97.7441 90.2256 81.6442 72.6733 
23.8 100 100 97.8332 90.4036 81.8816 72.9701 
23.9 100 100 97.9519 90.6411 82.1487 73.2075 
24 100 100 98.0113 90.8389 82.3713 73.4805 
24.1 100 100 98.0113 91.0368 82.6532 73.7536 
24.2 100 100 98.0706 91.1357 82.8313 73.9791 
24.3 100 100 98.2487 91.3534 83.039 74.2403 
24.4 100 100 98.2784 91.5315 83.2023 74.4421 
24.5 100 100 98.3378 91.7293 83.3655 74.6439 
24.6 100 100 98.3972 91.8678 83.5436 74.8338 
24.7 100 100 98.4565 92.0261 83.7958 75.095 
24.8 100 100 98.5159 92.1646 84.0778 75.3799 
24.9 100 100 98.5752 92.3625 84.3152 75.6292 
25 100 100 98.694 92.5603 84.5378 75.8547 
25.1 100 100 98.7237 92.6989 84.7604 76.0921 
25.2 100 100 98.7237 92.8571 85.1016 76.3889 
25.3 100 100 98.783 93.0748 85.3687 76.6738 
25.4 100 100 98.8127 93.1737 85.5617 76.8519 
25.5 100 100 98.8424 93.3122 85.7694 77.1011 
25.6 100 100 98.9314 93.4309 85.9771 77.3267 
25.7 100 100 98.9908 93.609 86.2146 77.6116 
25.8 100 100 99.0205 93.7871 86.3778 77.8609 
25.9 100 100 99.0798 93.985 86.6894 78.1933 
26 100 100 99.1392 94.1235 86.912 78.4544 
26.1 100 100 99.1392 94.2026 87.1791 78.7274 
26.2 100 100 99.1392 94.3411 87.4017 78.9767 
26.3 100 100 99.1392 94.4796 87.6391 79.2142 
26.4 100 100 99.2283 94.6775 87.9359 79.4872 
26.5 100 100 99.2579 94.7764 88.1585 79.7483 
26.6 100 100 99.3173 94.8753 88.2624 79.9264 
26.7 100 100 99.347 95.0139 88.4404 80.1401 
26.8 100 100 99.3767 95.0732 88.6185 80.3419 
26.9 100 100 99.3767 95.1919 88.8262 80.5199 
27 100 100 99.3767 95.2909 89.0043 80.7455 
27.1 100 100 99.4064 95.3898 89.1972 80.9829 
27.2 100 100 99.436 95.4887 89.3308 81.1728 
27.3 100 100 99.4657 95.647 89.583 81.434 
27.4 100 100 99.4657 95.7459 89.7017 81.5764 
27.5 100 100 99.5251 95.8647 89.954 81.897 
27.6 100 100 99.5844 95.9834 90.1024 82.0275 
27.7 100 100 99.5844 96.0625 90.325 82.2887 
27.8 100 100 99.6438 96.2802 90.5772 82.5261 
27.9 100 100 99.6438 96.3989 90.7405 82.7042 
28 100 100 99.7032 96.577 90.9927 82.9297 
28.1 100 100 99.7032 96.6957 91.1708 83.1671 
28.2 100 100 99.7032 96.7748 91.2747 83.3452 
28.3 100 100 99.7625 96.854 91.4231 83.5114 
28.4 100 100 99.7625 97.0123 91.6308 83.7251 
28.5 100 100 99.7922 97.131 91.8237 83.9506 
28.6 100 100 99.8219 97.1903 91.9424 84.1524 
28.7 100 100 99.8516 97.2695 92.2095 84.4611 
28.8 100 100 99.8516 97.2893 92.3282 84.651 
28.9 100 100 99.8516 97.3486 92.5063 84.8884 
29 100 100 99.8813 97.4674 92.6399 85.0783 
29.1 100 100 99.911 97.5267 92.7882 85.2327 
29.2 100 100 99.911 97.5861 92.996 85.482 
29.3 100 100 99.9406 97.6652 93.1444 85.6481 
29.4 100 100 99.9406 97.7048 93.2334 85.85 
29.5 100 100 99.9406 97.7839 93.456 86.0755 
29.6 100 100 99.9703 97.962 93.6637 86.2773 
29.7 100 100 100 98.0412 93.8863 86.5028 
29.8 100 100 100 98.1203 93.9754 86.6334 
29.9 100 100 100 98.1994 94.0792 86.8352 
30 100 100 100 98.2588 94.1831 86.9658 
30.1 100 100 100 98.2984 94.376 87.1676 
30.2 100 100 100 98.338 94.5096 87.3338 
30.3 100 100 100 98.3973 94.658 87.5237 
30.4 100 100 100 98.4962 94.8064 87.7849 
30.5 100 100 100 98.5556 94.9844 88.0342 
30.6 100 100 100 98.615 95.1625 88.2716 
30.7 100 100 100 98.6941 95.3109 88.4378 
30.8 100 100 100 98.7139 95.4444 88.6277 
30.9 100 100 100 98.7535 95.5483 88.8058 
31 100 100 100 98.8128 95.6819 88.9482 
31.1 100 100 100 98.892 95.8006 89.1263 
31.2 100 100 100 98.9315 95.949 89.3044 
31.3 100 100 100 98.9711 96.0825 89.5537 
31.4 100 100 100 99.07 96.2309 89.7673 
31.5 100 100 100 99.1096 96.2903 89.9335 
31.6 100 100 100 99.1492 96.3941 90.1353 
31.7 100 100 100 99.1888 96.4832 90.349 
31.8 100 100 100 99.2481 96.587 90.4558 
31.9 100 100 100 99.2877 96.7057 90.6102 
32 100 100 100 99.3075 96.7948 90.8357 
32.1 100 100 100 99.3668 96.9135 91.0494 
32.2 100 100 100 99.3866 96.9728 91.1681 
32.3 100 100 100 99.4064 97.0619 91.3224 
32.4 100 100 100 99.4064 97.0916 91.4411 
32.5 100 100 100 99.4658 97.2103 91.5836 
32.6 100 100 100 99.5053 97.2548 91.6785 
32.7 100 100 100 99.5251 97.3141 91.8447 
32.8 100 100 100 99.5449 97.4329 92.0109 
32.9 100 100 100 99.5647 97.5367 92.2365 
33 100 100 100 99.5845 97.7593 92.4739 
33.1 100 100 100 99.6241 97.8483 92.6994 
33.2 100 100 100 99.6438 97.878 92.8181 
33.3 100 100 100 99.6438 97.8929 92.83 
33.4 100 100 100 99.6438 97.9077 92.9012 
33.5 100 100 100 99.6834 98.0116 93.0318 
33.6 100 100 100 99.723 98.0858 93.1624 
33.7 100 100 100 99.723 98.1303 93.2455 
33.8 100 100 100 99.7824 98.2193 93.3642 
33.9 100 100 100 99.8219 98.338 93.5304 
34 100 100 100 99.8219 98.4271 93.7085 
34.1 100 100 100 99.8615 98.5161 93.8509 
34.2 100 100 100 99.8615 98.5606 94.0052 
34.3 100 100 100 99.9011 98.6348 94.1714 
34.4 100 100 100 99.9011 98.6645 94.2783 
34.5 100 100 100 99.9604 98.7238 94.4326 
34.6 100 100 100 99.9802 98.798 94.575 
34.7 100 100 100 99.9802 98.8277 94.6819 
34.8 100 100 100 99.9802 98.8574 94.7531 
34.9 100 100 100 100 98.8871 94.8006 
35 100 100 100 100 98.9464 94.9668 
35.1 100 100 100 100 98.9909 95.1448 
35.2 100 100 100 100 99.08 95.311 
35.3 100 100 100 100 99.1987 95.5366 
35.4 100 100 100 100 99.2432 95.6315 
35.5 100 100 100 100 99.3026 95.7977 
35.6 100 100 100 100 99.3174 95.9164 
35.7 100 100 100 100 99.3916 96.047 
35.8 100 100 100 100 99.4213 96.1538 
35.9 100 100 100 100 99.5103 96.3557 
36 100 100 100 100 99.5252 96.3913 
36.1 100 100 100 100 99.54 96.51 
36.2 100 100 100 100 99.5845 96.5931 
36.3 100 100 100 100 99.6587 96.7711 
36.4 100 100 100 100 99.7181 96.9729 
36.5 100 100 100 100 99.7329 97.0085 
36.6 100 100 100 100 99.7477 97.0798 
36.7 100 100 100 100 99.7626 97.2104 
36.8 100 100 100 100 99.7774 97.3053 
36.9 100 100 100 100 99.8071 97.3765 
37 100 100 100 100 99.8071 97.3765 
37.1 100 100 100 100 99.8813 97.5071 
37.2 100 100 100 100 99.8961 97.6021 
37.3 100 100 100 100 99.8961 97.6021 
37.4 100 100 100 100 99.8961 97.6021 
37.5 100 100 100 100 99.8961 97.6852 
37.6 100 100 100 100 99.9258 97.7089 
37.7 100 100 100 100 99.9258 97.7327 
37.8 100 100 100 100 99.9406 97.887 
37.9 100 100 100 100 99.9406 97.887 
38 100 100 100 100 99.9406 97.887 
38.1 100 100 100 100 99.9406 97.887 
38.2 100 100 100 100 99.9406 97.887 
38.3 100 100 100 100 99.9406 97.887 
38.4 100 100 100 100 99.9406 97.9226 
38.5 100 100 100 100 99.9406 97.9226 
38.6 100 100 100 100 99.9406 97.9226 
38.7 100 100 100 100 99.9406 97.9226 
38.8 100 100 100 100 99.9406 97.9226 
38.9 100 100 100 100 99.9406 97.9226 
39 100 100 100 100 99.9406 97.9226 
39.1 100 100 100 100 99.9406 97.9701 
39.2 100 100 100 100 99.9406 97.9701 
39.3 100 100 100 100 99.9406 97.9701 
39.4 100 100 100 100 99.9406 97.9701 
39.5 100 100 100 100 99.9406 97.9701 
39.6 100 100 100 100 99.9406 97.9701 
39.7 100 100 100 100 99.9406 97.9701 
39.8 100 100 100 100 99.9406 97.9701 
39.9 100 100 100 100 99.9406 97.9701 
40 100 100 100 100 99.9406 97.9701 
40.1 100 100 100 100 99.9406 97.9701 
40.2 100 100 100 100 99.9406 97.9701 
40.3 100 100 100 100 99.9406 97.9701 
40.4 100 100 100 100 99.9406 98.0413 
40.5 100 100 100 100 99.9406 98.0413 
40.6 100 100 100 100 99.9406 98.0413 
40.7 100 100 100 100 99.9406 98.0413 
40.8 100 100 100 100 99.9406 98.1244 
40.9 100 100 100 100 99.9406 98.1244 
41 100 100 100 100 99.9406 98.1244 
41.1 100 100 100 100 99.9406 98.1244 
41.2 100 100 100 100 99.9406 98.1244 
41.3 100 100 100 100 99.9406 98.1244 
41.4 100 100 100 100 99.9406 98.1244 
41.5 100 100 100 100 99.9406 98.1244 
41.6 100 100 100 100 99.9406 98.1244 
41.7 100 100 100 100 99.9406 98.1244 
41.8 100 100 100 100 99.9406 98.1244 
41.9 100 100 100 100 99.9406 98.1244 
42 100 100 100 100 99.9406 98.1244 
42.1 100 100 100 100 99.9406 98.1244 
42.2 100 100 100 100 99.9406 98.1244 
42.3 100 100 100 100 99.9406 98.1244 
42.4 100 100 100 100 99.9406 98.1244 
42.5 100 100 100 100 99.9406 98.1244 
42.6 100 100 100 100 99.9406 98.1244 
42.7 100 100 100 100 99.9406 98.1244 
42.8 100 100 100 100 99.9406 98.1244 
42.9 100 100 100 100 99.9406 98.1244 
43 100 100 100 100 99.9406 98.1244 
43.1 100 100 100 100 99.9406 98.1244 
43.2 100 100 100 100 99.9406 98.1244 
43.3 100 100 100 100 99.9406 98.1244 
43.4 100 100 100 100 99.9406 98.1244 
43.5 100 100 100 100 99.9406 98.1244 
43.6 100 100 100 100 99.9406 98.16 
43.7 100 100 100 100 99.9406 98.16 
43.8 100 100 100 100 99.9406 98.16 
43.9 100 100 100 100 99.9406 98.16 
44 100 100 100 100 99.9406 98.16 
44.1 100 100 100 100 99.9406 98.16 
44.2 100 100 100 100 99.9406 98.16 
44.3 100 100 100 100 99.9406 98.16 
44.4 100 100 100 100 99.9406 98.16 
44.5 100 100 100 100 99.9406 98.16 
44.6 100 100 100 100 99.9406 98.16 
44.7 100 100 100 100 99.9406 98.16 
44.8 100 100 100 100 99.9406 98.16 
44.9 100 100 100 100 99.9406 98.16 
45 100 100 100 100 99.9406 98.16 
45.1 100 100 100 100 99.9406 98.16 
45.2 100 100 100 100 99.9406 98.16 
45.3 100 100 100 100 99.9406 98.16 
45.4 100 100 100 100 99.9406 98.16 
45.5 100 100 100 100 99.9406 98.16 
45.6 100 100 100 100 99.9406 98.16 
45.7 100 100 100 100 99.9406 98.16 
45.8 100 100 100 100 99.9406 98.16 
45.9 100 100 100 100 99.9406 98.16 
46 100 100 100 100 99.9406 98.16 
46.1 100 100 100 100 99.9406 98.16 
46.2 100 100 100 100 99.9406 98.16 
46.3 100 100 100 100 99.9406 98.16 
46.4 100 100 100 100 99.9406 98.16 
46.5 100 100 100 100 99.9406 98.16 
46.6 100 100 100 100 99.9406 98.16 
46.7 100 100 100 100 99.9406 98.16 
46.8 100 100 100 100 99.9406 98.16 
46.9 100 100 100 100 99.9406 98.16 
47 100 100 100 100 99.9406 98.16 
47.1 100 100 100 100 99.9406 98.1719 
47.2 100 100 100 100 99.9406 98.1719 
47.3 100 100 100 100 99.9406 98.1719 
47.4 100 100 100 100 99.9406 98.1719 
47.5 100 100 100 100 99.9406 98.1838 
47.6 100 100 100 100 99.9406 98.1838 
47.7 100 100 100 100 99.9406 98.1838 
47.8 100 100 100 100 99.9406 98.1838 
47.9 100 100 100 100 99.9406 98.1956 
48 100 100 100 100 99.9406 98.1956 
48.1 100 100 100 100 99.9406 98.2194 
48.2 100 100 100 100 99.9406 98.2194 
48.3 100 100 100 100 99.9406 98.2194 
48.4 100 100 100 100 99.9406 98.2194 
48.5 100 100 100 100 99.9406 98.2194 
48.6 100 100 100 100 99.9406 98.2194 
48.7 100 100 100 100 99.9406 98.2194 
48.8 100 100 100 100 99.9406 98.2194 
48.9 100 100 100 100 99.9406 98.2194 
49 100 100 100 100 99.9406 98.2194 
49.1 100 100 100 100 99.9406 98.2194 
49.2 100 100 100 100 99.9406 98.255 
49.3 100 100 100 100 99.9406 98.255 
49.4 100 100 100 100 99.9406 98.3381 
49.5 100 100 100 100 99.9406 98.3856 
49.6 100 100 100 100 99.9406 98.3856 
49.7 100 100 100 100 99.9406 98.4093 
49.8 100 100 100 100 99.9406 98.4093 
49.9 100 100 100 100 99.9406 98.4093 
50 100 100 100 100 99.9406 98.4093 
50.1 100 100 100 100 99.9406 98.433 
50.2 100 100 100 100 99.9406 98.433 
50.3 100 100 100 100 99.9406 98.4568 
50.4 100 100 100 100 99.9406 98.4568 
50.5 100 100 100 100 99.9406 98.4568 
50.6 100 100 100 100 99.9406 98.4687 
50.7 100 100 100 100 99.9406 98.4687 
50.8 100 100 100 100 99.9406 98.4687 
50.9 100 100 100 100 99.9406 98.4687 
51 100 100 100 100 99.9406 98.4687 
51.1 100 100 100 100 99.9406 98.4687 
51.2 100 100 100 100 99.9406 98.4687 
51.3 100 100 100 100 99.9406 98.4687 
51.4 100 100 100 100 99.9406 98.4687 
51.5 100 100 100 100 99.9406 98.4687 
51.6 100 100 100 100 99.9406 98.4687 
51.7 100 100 100 100 99.9406 98.4687 
51.8 100 100 100 100 99.9406 98.4687 
51.9 100 100 100 100 99.9406 98.4805 
52 100 100 100 100 99.9406 98.4805 
52.1 100 100 100 100 99.9406 98.4805 
52.2 100 100 100 100 99.9406 98.4805 
52.3 100 100 100 100 99.9406 98.4805 
52.4 100 100 100 100 99.9406 98.4805 
52.5 100 100 100 100 99.9406 98.4805 
52.6 100 100 100 100 99.9406 98.4805 
52.7 100 100 100 100 99.9406 98.4805 
52.8 100 100 100 100 99.9406 98.4805 
52.9 100 100 100 100 99.9406 98.4805 
53 100 100 100 100 99.9406 98.4805 
53.1 100 100 100 100 99.9406 98.4805 
53.2 100 100 100 100 99.9406 98.4805 
53.3 100 100 100 100 99.9406 98.4805 
53.4 100 100 100 100 99.9406 98.4805 
53.5 100 100 100 100 99.9406 98.4805 
53.6 100 100 100 100 99.9406 98.4805 
53.7 100 100 100 100 99.9406 98.4805 
53.8 100 100 100 100 99.9406 98.4805 
53.9 100 100 100 100 99.9406 98.528 
54 100 100 100 100 99.9406 98.5636 
54.1 100 100 100 100 99.9406 98.5636 
54.2 100 100 100 100 99.9406 98.5874 
54.3 100 100 100 100 99.9406 98.5874 
54.4 100 100 100 100 99.9406 98.5874 
54.5 100 100 100 100 99.9406 98.623 
54.6 100 100 100 100 99.9406 98.6467 
54.7 100 100 100 100 99.9406 98.6467 
54.8 100 100 100 100 99.9406 98.6467 
54.9 100 100 100 100 99.9406 98.6467 
55 100 100 100 100 99.9406 98.6467 
55.1 100 100 100 100 99.9406 98.6467 
55.2 100 100 100 100 99.9406 98.6467 
55.3 100 100 100 100 99.9406 98.6467 
55.4 100 100 100 100 99.9406 98.6467 
55.5 100 100 100 100 99.9406 98.6467 
55.6 100 100 100 100 99.9406 98.6467 
55.7 100 100 100 100 99.9406 98.6467 
55.8 100 100 100 100 99.9406 98.6467 
55.9 100 100 100 100 99.9406 98.6467 
56 100 100 100 100 99.9406 98.7298 
56.1 100 100 100 100 99.9406 98.801 
56.2 100 100 100 100 99.9406 98.801 
56.3 100 100 100 100 99.9406 98.801 
56.4 100 100 100 100 99.9406 98.8485 
56.5 100 100 100 100 99.9406 98.8485 
56.6 100 100 100 100 99.9406 98.8485 
56.7 100 100 100 100 99.9406 98.8485 
56.8 100 100 100 100 99.9406 98.8485 
56.9 100 100 100 100 99.9406 98.8485 
57 100 100 100 100 99.9406 98.8485 
57.1 100 100 100 100 99.9406 98.8485 
57.2 100 100 100 100 99.9406 98.8485 
57.3 100 100 100 100 99.9406 98.8485 
57.4 100 100 100 100 99.9406 98.8723 
57.5 100 100 100 100 99.9406 98.8723 
57.6 100 100 100 100 99.9406 98.9079 
57.7 100 100 100 100 99.9406 98.9198 
57.8 100 100 100 100 99.9406 98.9198 
57.9 100 100 100 100 99.9406 98.9198 
58 100 100 100 100 99.9406 98.9198 
58.1 100 100 100 100 99.9406 98.9791 
58.2 100 100 100 100 99.9406 98.9791 
58.3 100 100 100 100 99.9406 98.9791 
58.4 100 100 100 100 99.9406 98.9791 
58.5 100 100 100 100 99.9406 98.9791 
58.6 100 100 100 100 99.9406 99.0266 
58.7 100 100 100 100 99.9406 99.0741 
58.8 100 100 100 100 99.9406 99.0741 
58.9 100 100 100 100 99.9406 99.0741 
59 100 100 100 100 99.9406 99.1216 
59.1 100 100 100 100 99.9406 99.1216 
59.2 100 100 100 100 99.9406 99.1334 
59.3 100 100 100 100 99.9406 99.1928 
59.4 100 100 100 100 99.9406 99.1928 
59.5 100 100 100 100 99.9406 99.1928 
59.6 100 100 100 100 99.9406 99.1928 
59.7 100 100 100 100 99.9406 99.1928 
59.8 100 100 100 100 99.9406 99.1928 
59.9 100 100 100 100 99.9406 99.1928 
60 100 100 100 100 99.9406 99.1928 
60.1 100 100 100 100 99.9406 99.1928 
60.2 100 100 100 100 99.9406 99.1928 
60.3 100 100 100 100 99.9406 99.2165 
60.4 100 100 100 100 99.9406 99.2165 
60.5 100 100 100 100 99.9406 99.2521 
60.6 100 100 100 100 99.9406 99.2759 
60.7 100 100 100 100 99.9406 99.2759 
60.8 100 100 100 100 99.9406 99.2759 
60.9 100 100 100 100 99.9406 99.2759 
61 100 100 100 100 99.9406 99.2759 
61.1 100 100 100 100 99.9406 99.2759 
61.2 100 100 100 100 99.9406 99.2759 
61.3 100 100 100 100 99.9406 99.2759 
61.4 100 100 100 100 99.9406 99.2759 
61.5 100 100 100 100 99.9406 99.2759 
61.6 100 100 100 100 99.9406 99.2759 
61.7 100 100 100 100 99.9406 99.2759 
61.8 100 100 100 100 99.9406 99.2759 
61.9 100 100 100 100 99.9406 99.2759 
62 100 100 100 100 99.9406 99.2759 
62.1 100 100 100 100 99.9406 99.2759 
62.2 100 100 100 100 99.9406 99.2759 
62.3 100 100 100 100 99.9406 99.2759 
62.4 100 100 100 100 99.9406 99.2759 
62.5 100 100 100 100 99.9406 99.2759 
62.6 100 100 100 100 99.9406 99.2759 
62.7 100 100 100 100 99.9406 99.2877 
62.8 100 100 100 100 99.9406 99.2877 
62.9 100 100 100 100 99.9406 99.2877 
63 100 100 100 100 99.9406 99.2996 
63.1 100 100 100 100 99.9406 99.2996 
63.2 100 100 100 100 99.9406 99.2996 
63.3 100 100 100 100 99.9406 99.3234 
63.4 100 100 100 100 99.9406 99.3234 
63.5 100 100 100 100 99.9406 99.3234 
63.6 100 100 100 100 99.9406 99.3234 
63.7 100 100 100 100 99.9406 99.3234 
63.8 100 100 100 100 99.9406 99.3234 
63.9 100 100 100 100 99.9406 99.3234 
64 100 100 100 100 99.9406 99.3234 
64.1 100 100 100 100 99.9406 99.3234 
64.2 100 100 100 100 99.9406 99.3234 
64.3 100 100 100 100 99.9406 99.3234 
64.4 100 100 100 100 99.9406 99.3234 
64.5 100 100 100 100 99.9406 99.3234 
64.6 100 100 100 100 99.9406 99.3234 
64.7 100 100 100 100 99.9406 99.3234 
64.8 100 100 100 100 99.9406 99.3234 
64.9 100 100 100 100 99.9406 99.3234 
65 100 100 100 100 99.9406 99.3234 
65.1 100 100 100 100 99.9406 99.3234 
65.2 100 100 100 100 99.9406 99.3234 
65.3 100 100 100 100 99.9406 99.3234 
65.4 100 100 100 100 99.9406 99.3234 
65.5 100 100 100 100 99.9406 99.359 
65.6 100 100 100 100 99.9406 99.359 
65.7 100 100 100 100 99.9406 99.359 
65.8 100 100 100 100 99.9406 99.359 
65.9 100 100 100 100 99.9406 99.359 
66 100 100 100 100 99.9406 99.359 
66.1 100 100 100 100 99.9406 99.359 
66.2 100 100 100 100 99.9406 99.359 
66.3 100 100 100 100 99.9406 99.359 
66.4 100 100 100 100 99.9406 99.359 
66.5 100 100 100 100 99.9406 99.359 
66.6 100 100 100 100 99.9406 99.359 
66.7 100 100 100 100 99.9406 99.359 
66.8 100 100 100 100 99.9406 99.359 
66.9 100 100 100 100 99.9406 99.359 
67 100 100 100 100 99.9406 99.359 
67.1 100 100 100 100 99.9406 99.359 
67.2 100 100 100 100 99.9406 99.359 
67.3 100 100 100 100 99.9406 99.359 
67.4 100 100 100 100 99.9406 99.359 
67.5 100 100 100 100 99.9406 99.359 
67.6 100 100 100 100 99.9406 99.359 
67.7 100 100 100 100 99.9406 99.359 
67.8 100 100 100 100 99.9406 99.359 
67.9 100 100 100 100 99.9406 99.359 
68 100 100 100 100 99.9406 99.359 
68.1 100 100 100 100 99.9406 99.359 
68.2 100 100 100 100 99.9406 99.359 
68.3 100 100 100 100 99.9406 99.359 
68.4 100 100 100 100 99.9406 99.359 
68.5 100 100 100 100 99.9406 99.359 
68.6 100 100 100 100 99.9406 99.3708 
68.7 100 100 100 100 99.9406 99.3708 
68.8 100 100 100 100 99.9406 99.3708 
68.9 100 100 100 100 99.9406 99.3708 
69 100 100 100 100 99.9406 99.3708 
69.1 100 100 100 100 99.9406 99.3708 
69.2 100 100 100 100 99.9406 99.3708 
69.3 100 100 100 100 99.9406 99.3708 
69.4 100 100 100 100 99.9406 99.3708 
69.5 100 100 100 100 99.9406 99.3708 
69.6 100 100 100 100 99.9406 99.3708 
69.7 100 100 100 100 99.9406 99.3708 
69.8 100 100 100 100 99.9406 99.3708 
69.9 100 100 100 100 99.9406 99.3708 
70 100 100 100 100 99.9406 99.3708 
70.1 100 100 100 100 99.9406 99.3708 
70.2 100 100 100 100 99.9406 99.3708 
70.3 100 100 100 100 99.9406 99.3708 
70.4 100 100 100 100 99.9406 99.3708 
70.5 100 100 100 100 99.9406 99.3708 
70.6 100 100 100 100 99.9406 99.3708 
70.7 100 100 100 100 99.9406 99.3708 
70.8 100 100 100 100 99.9406 99.3708 
70.9 100 100 100 100 99.9406 99.3708 
71 100 100 100 100 99.9406 99.3708 
71.1 100 100 100 100 99.9406 99.3708 
71.2 100 100 100 100 99.9406 99.3708 
71.3 100 100 100 100 99.9406 99.4302 
71.4 100 100 100 100 99.9406 99.4302 
71.5 100 100 100 100 99.9406 99.4539 
71.6 100 100 100 100 99.9406 99.4539 
71.7 100 100 100 100 99.9406 99.4539 
71.8 100 100 100 100 99.9406 99.4539 
71.9 100 100 100 100 99.9406 99.4539 
72 100 100 100 100 99.9406 99.4539 
72.1 100 100 100 100 99.9406 99.4539 
72.2 100 100 100 100 99.9406 99.4539 
72.3 100 100 100 100 99.9406 99.4539 
72.4 100 100 100 100 99.9406 99.4539 
72.5 100 100 100 100 99.9406 99.5133 
72.6 100 100 100 100 99.9406 99.5133 
72.7 100 100 100 100 99.9406 99.5133 
72.8 100 100 100 100 99.9406 99.5133 
72.9 100 100 100 100 99.9406 99.5133 
73 100 100 100 100 99.9406 99.5252 
73.1 100 100 100 100 99.9406 99.5252 
73.2 100 100 100 100 99.9406 99.5252 
73.3 100 100 100 100 99.9406 99.5252 
73.4 100 100 100 100 99.9406 99.5252 
73.5 100 100 100 100 99.9406 99.5252 
73.6 100 100 100 100 99.9406 99.5252 
73.7 100 100 100 100 99.9406 99.5252 
73.8 100 100 100 100 99.9406 99.5252 
73.9 100 100 100 100 99.9406 99.5252 
74 100 100 100 100 99.9406 99.5252 
74.1 100 100 100 100 99.9406 99.5252 
74.2 100 100 100 100 99.9406 99.537 
74.3 100 100 100 100 99.9406 99.537 
74.4 100 100 100 100 99.9406 99.537 
74.5 100 100 100 100 99.9406 99.537 
74.6 100 100 100 100 99.9406 99.537 
74.7 100 100 100 100 99.9406 99.537 
74.8 100 100 100 100 99.9555 99.5489 
74.9 100 100 100 100 99.9555 99.5489 
75 100 100 100 100 99.9555 99.5489 
75.1 100 100 100 100 99.9555 99.5489 
75.2 100 100 100 100 99.9555 99.5489 
75.3 100 100 100 100 99.9555 99.5489 
75.4 100 100 100 100 99.9555 99.5489 
75.5 100 100 100 100 99.9555 99.5489 
75.6 100 100 100 100 99.9555 99.5489 
75.7 100 100 100 100 99.9555 99.5489 
75.8 100 100 100 100 99.9555 99.5489 
75.9 100 100 100 100 99.9555 99.5608 
76 100 100 100 100 99.9555 99.5608 
76.1 100 100 100 100 99.9555 99.5608 
76.2 100 100 100 100 99.9555 99.5608 
76.3 100 100 100 100 99.9555 99.5608 
76.4 100 100 100 100 99.9555 99.5608 
76.5 100 100 100 100 99.9555 99.5726 
76.6 100 100 100 100 99.9555 99.5726 
76.7 100 100 100 100 99.9555 99.5726 
76.8 100 100 100 100 99.9555 99.5726 
76.9 100 100 100 100 99.9555 99.5726 
77 100 100 100 100 99.9555 99.5726 
77.1 100 100 100 100 99.9555 99.5726 
77.2 100 100 100 100 99.9852 99.7032 
77.3 100 100 100 100 99.9852 99.7032 
77.4 100 100 100 100 99.9852 99.7032 
77.5 100 100 100 100 99.9852 99.7032 
77.6 100 100 100 100 99.9852 99.7032 
77.7 100 100 100 100 99.9852 99.7032 
77.8 100 100 100 100 99.9852 99.7032 
77.9 100 100 100 100 99.9852 99.7032 
78 100 100 100 100 99.9852 99.7745 
78.1 100 100 100 100 99.9852 99.7745 
78.2 100 100 100 100 99.9852 99.7863 
78.3 100 100 100 100 99.9852 99.7863 
78.4 100 100 100 100 99.9852 99.7863 
78.5 100 100 100 100 99.9852 99.7863 
78.6 100 100 100 100 99.9852 99.7863 
78.7 100 100 100 100 99.9852 99.7863 
78.8 100 100 100 100 99.9852 99.7863 
78.9 100 100 100 100 99.9852 99.7863 
79 100 100 100 100 99.9852 99.7863 
79.1 100 100 100 100 99.9852 99.7863 
79.2 100 100 100 100 99.9852 99.7863 
79.3 100 100 100 100 99.9852 99.7863 
79.4 100 100 100 100 99.9852 99.7863 
79.5 100 100 100 100 99.9852 99.7863 
79.6 100 100 100 100 99.9852 99.7863 
79.7 100 100 100 100 99.9852 99.7863 
79.8 100 100 100 100 99.9852 99.7863 
79.9 100 100 100 100 99.9852 99.7863 
80 100 100 100 100 99.9852 99.7863 
80.1 100 100 100 100 99.9852 99.7863 
80.2 100 100 100 100 99.9852 99.7863 
80.3 100 100 100 100 99.9852 99.7863 
80.4 100 100 100 100 99.9852 99.7863 
80.5 100 100 100 100 99.9852 99.7863 
80.6 100 100 100 100 99.9852 99.7863 
80.7 100 100 100 100 99.9852 99.7863 
80.8 100 100 100 100 99.9852 99.7863 
80.9 100 100 100 100 99.9852 99.7863 
81 100 100 100 100 99.9852 99.7863 
81.1 100 100 100 100 99.9852 99.7863 
81.2 100 100 100 100 99.9852 99.7863 
81.3 100 100 100 100 99.9852 99.7863 
81.4 100 100 100 100 99.9852 99.7863 
81.5 100 100 100 100 99.9852 99.7863 
81.6 100 100 100 100 99.9852 99.7863 
81.7 100 100 100 100 99.9852 99.7863 
81.8 100 100 100 100 99.9852 99.7863 
81.9 100 100 100 100 99.9852 99.7863 
82 100 100 100 100 99.9852 99.7863 
82.1 100 100 100 100 99.9852 99.7863 
82.2 100 100 100 100 99.9852 99.7863 
82.3 100 100 100 100 99.9852 99.7863 
82.4 100 100 100 100 99.9852 99.7863 
82.5 100 100 100 100 100 99.8101 
82.6 100 100 100 100 100 99.8101 
82.7 100 100 100 100 100 99.8101 
82.8 100 100 100 100 100 99.8101 
82.9 100 100 100 100 100 99.8101 
83 100 100 100 100 100 99.8101 
83.1 100 100 100 100 100 99.8101 
83.2 100 100 100 100 100 99.8101 
83.3 100 100 100 100 100 99.8101 
83.4 100 100 100 100 100 99.8101 
83.5 100 100 100 100 100 99.8101 
83.6 100 100 100 100 100 99.8101 
83.7 100 100 100 100 100 99.8101 
83.8 100 100 100 100 100 99.8101 
83.9 100 100 100 100 100 99.8101 
84 100 100 100 100 100 99.8101 
84.1 100 100 100 100 100 99.8101 
84.2 100 100 100 100 100 99.8101 
84.3 100 100 100 100 100 99.8101 
84.4 100 100 100 100 100 99.8101 
84.5 100 100 100 100 100 99.8101 
84.6 100 100 100 100 100 99.8101 
84.7 100 100 100 100 100 99.8101 
84.8 100 100 100 100 100 99.8101 
84.9 100 100 100 100 100 99.8101 
85 100 100 100 100 100 99.8101 
85.1 100 100 100 100 100 99.8101 
85.2 100 100 100 100 100 99.8101 
85.3 100 100 100 100 100 99.8101 
85.4 100 100 100 100 100 99.8101 
85.5 100 100 100 100 100 99.8101 
85.6 100 100 100 100 100 99.8101 
85.7 100 100 100 100 100 99.8101 
85.8 100 100 100 100 100 99.8101 
85.9 100 100 100 100 100 99.8101 
86 100 100 100 100 100 99.8101 
86.1 100 100 100 100 100 99.8101 
86.2 100 100 100 100 100 99.8101 
86.3 100 100 100 100 100 99.8101 
86.4 100 100 100 100 100 99.8101 
86.5 100 100 100 100 100 99.8219 
86.6 100 100 100 100 100 99.8219 
86.7 100 100 100 100 100 99.8219 
86.8 100 100 100 100 100 99.8219 
86.9 100 100 100 100 100 99.8219 
87 100 100 100 100 100 99.8219 
87.1 100 100 100 100 100 99.8219 
87.2 100 100 100 100 100 99.8219 
87.3 100 100 100 100 100 99.8219 
87.4 100 100 100 100 100 99.8219 
87.5 100 100 100 100 100 99.8219 
87.6 100 100 100 100 100 99.8219 
87.7 100 100 100 100 100 99.8219 
87.8 100 100 100 100 100 99.8219 
87.9 100 100 100 100 100 99.8219 
88 100 100 100 100 100 99.8219 
88.1 100 100 100 100 100 99.8219 
88.2 100 100 100 100 100 99.8219 
88.3 100 100 100 100 100 99.8219 
88.4 100 100 100 100 100 99.8219 
88.5 100 100 100 100 100 99.8219 
88.6 100 100 100 100 100 99.8219 
88.7 100 100 100 100 100 99.8219 
88.8 100 100 100 100 100 99.8219 
88.9 100 100 100 100 100 99.8219 
89 100 100 100 100 100 99.8219 
89.1 100 100 100 100 100 99.8219 
89.2 100 100 100 100 100 99.8219 
89.3 100 100 100 100 100 99.8219 
89.4 100 100 100 100 100 99.8219 
89.5 100 100 100 100 100 99.8219 
89.6 100 100 100 100 100 99.8219 
89.7 100 100 100 100 100 99.8219 
89.8 100 100 100 100 100 99.8219 
89.9 100 100 100 100 100 99.8219 
90 100 100 100 100 100 99.8219 
90.1 100 100 100 100 100 99.8219 
90.2 100 100 100 100 100 99.8219 
90.3 100 100 100 100 100 99.8219 
90.4 100 100 100 100 100 99.8219 
90.5 100 100 100 100 100 99.8219 
90.6 100 100 100 100 100 99.8219 
90.7 100 100 100 100 100 99.8219 
90.8 100 100 100 100 100 99.8219 
90.9 100 100 100 100 100 99.8219 
91 100 100 100 100 100 99.8219 
91.1 100 100 100 100 100 99.8219 
91.2 100 100 100 100 100 99.8219 
91.3 100 100 100 100 100 99.8219 
91.4 100 100 100 100 100 99.8219 
91.5 100 100 100 100 100 99.8219 
91.6 100 100 100 100 100 99.8219 
91.7 100 100 100 100 100 99.8219 
91.8 100 100 100 100 100 99.8219 
91.9 100 100 100 100 100 99.8219 
92 100 100 100 100 100 99.8219 
92.1 100 100 100 100 100 99.8219 
92.2 100 100 100 100 100 99.8219 
92.3 100 100 100 100 100 99.8219 
92.4 100 100 100 100 100 99.8219 
92.5 100 100 100 100 100 99.8457 
92.6 100 100 100 100 100 99.8457 
92.7 100 100 100 100 100 99.8457 
92.8 100 100 100 100 100 99.8457 
92.9 100 100 100 100 100 99.8457 
93 100 100 100 100 100 99.8457 
93.1 100 100 100 100 100 99.8457 
93.2 100 100 100 100 100 99.8457 
93.3 100 100 100 100 100 99.8457 
93.4 100 100 100 100 100 99.8457 
93.5 100 100 100 100 100 99.8457 
93.6 100 100 100 100 100 99.8457 
93.7 100 100 100 100 100 99.8457 
93.8 100 100 100 100 100 99.8457 
93.9 100 100 100 100 100 99.8457 
94 100 100 100 100 100 99.8457 
94.1 100 100 100 100 100 99.8457 
94.2 100 100 100 100 100 99.8457 
94.3 100 100 100 100 100 99.8457 
94.4 100 100 100 100 100 99.8457 
94.5 100 100 100 100 100 99.8457 
94.6 100 100 100 100 100 99.8457 
94.7 100 100 100 100 100 99.8457 
94.8 100 100 100 100 100 99.8575 
94.9 100 100 100 100 100 99.8575 
95 100 100 100 100 100 99.8575 
95.1 100 100 100 100 100 99.8575 
95.2 100 100 100 100 100 99.8575 
95.3 100 100 100 100 100 99.8575 
95.4 100 100 100 100 100 99.8575 
95.5 100 100 100 100 100 99.8575 
95.6 100 100 100 100 100 99.8575 
95.7 100 100 100 100 100 99.8575 
95.8 100 100 100 100 100 99.8575 
95.9 100 100 100 100 100 99.8575 
96 100 100 100 100 100 99.8575 
96.1 100 100 100 100 100 99.8575 
96.2 100 100 100 100 100 99.8575 
96.3 100 100 100 100 100 99.8575 
96.4 100 100 100 100 100 99.905 
96.5 100 100 100 100 100 99.905 
96.6 100 100 100 100 100 99.905 
96.7 100 100 100 100 100 99.905 
96.8 100 100 100 100 100 99.905 
96.9 100 100 100 100 100 99.9288 
97 100 100 100 100 100 99.9288 
97.1 100 100 100 100 100 99.9288 
97.2 100 100 100 100 100 99.9288 
97.3 100 100 100 100 100 99.9525 
97.4 100 100 100 100 100 99.9525 
97.5 100 100 100 100 100 99.9644 
97.6 100 100 100 100 100 99.9644 
97.7 100 100 100 100 100 99.9644 
97.8 100 100 100 100 100 99.9644 
97.9 100 100 100 100 100 99.9644 
98 100 100 100 100 100 99.9644 
98.1 100 100 100 100 100 99.9644 
98.2 100 100 100 100 100 99.9644 
98.3 100 100 100 100 100 99.9644 
98.4 100 100 100 100 100 99.9644 
98.5 100 100 100 100 100 99.9644 
98.6 100 100 100 100 100 99.9644 
98.7 100 100 100 100 100 99.9644 
98.8 100 100 100 100 100 99.9644 
98.9 100 100 100 100 100 99.9644 
99 100 100 100 100 100 99.9644 
99.1 100 100 100 100 100 99.9644 
99.2 100 100 100 100 100 99.9644 
99.3 100 100 100 100 100 99.9644 
99.4 100 100 100 100 100 99.9644 
99.5 100 100 100 100 100 99.9644 
99.6 100 100 100 100 100 100 
99.7 100 100 100 100 100 100 
99.8 100 100 100 100 100 100 
99.9 100 100 100 100 100 100 
100 100 100 100 100 100 100 
