0.1 0 0 0 0 0 0 
0.2 14.2857 2.63158 1.31579 0.877193 0.657895 0.526316 
0.3 28.5714 5.26316 2.63158 1.75439 1.31579 1.05263 
0.4 42.8571 7.89474 3.94737 2.63158 1.97368 1.57895 
0.5 42.8571 7.89474 3.94737 2.63158 1.97368 1.57895 
0.6 57.1429 10.5263 5.26316 3.50877 2.63158 2.10526 
0.7 57.1429 13.1579 6.57895 4.38596 3.28947 2.63158 
0.8 57.1429 15.7895 7.89474 5.26316 3.94737 3.15789 
0.9 57.1429 15.7895 7.89474 5.26316 3.94737 3.15789 
1 57.1429 18.4211 9.21053 6.14035 4.60526 3.68421 
1.1 71.4286 21.0526 10.5263 7.01754 5.26316 4.21053 
1.2 71.4286 23.6842 11.8421 7.89474 5.92105 4.73684 
1.3 71.4286 23.6842 11.8421 7.89474 5.92105 4.73684 
1.4 71.4286 26.3158 13.1579 8.77193 6.57895 5.26316 
1.5 85.7143 28.9474 14.4737 9.64912 7.23684 5.78947 
1.6 85.7143 31.5789 15.7895 10.5263 7.89474 6.31579 
1.7 85.7143 31.5789 15.7895 10.5263 7.89474 6.31579 
1.8 85.7143 34.2105 17.1053 11.4035 8.55263 6.84211 
1.9 85.7143 34.2105 17.1053 11.4035 9.21053 7.36842 
2 85.7143 36.8421 18.4211 12.2807 9.86842 7.89474 
2.1 85.7143 39.4737 19.7368 13.1579 10.5263 8.42105 
2.2 85.7143 39.4737 19.7368 13.1579 10.5263 8.42105 
2.3 85.7143 42.1053 21.0526 14.0351 11.1842 8.94737 
2.4 100 44.7368 22.3684 14.9123 11.8421 9.47368 
2.5 100 44.7368 23.6842 15.7895 12.5 10 
2.6 100 44.7368 23.6842 15.7895 12.5 10 
2.7 100 47.3684 25 16.6667 13.1579 10.5263 
2.8 100 50 26.3158 17.5439 13.8158 11.0526 
2.9 100 52.6316 27.6316 18.4211 14.4737 11.5789 
3 100 52.6316 27.6316 18.4211 14.4737 11.5789 
3.1 100 52.6316 27.6316 18.4211 15.1316 12.1053 
3.2 100 55.2632 28.9474 19.2982 15.7895 12.6316 
3.3 100 55.2632 30.2632 20.1754 16.4474 13.1579 
3.4 100 55.2632 30.2632 20.1754 16.4474 13.1579 
3.5 100 57.8947 31.5789 21.0526 17.1053 13.6842 
3.6 100 57.8947 31.5789 21.0526 17.1053 13.6842 
3.7 100 60.5263 32.8947 21.9298 17.7632 14.2105 
3.8 100 60.5263 32.8947 21.9298 17.7632 14.2105 
3.9 100 60.5263 34.2105 22.807 18.4211 14.7368 
4 100 60.5263 35.5263 23.6842 19.0789 15.2632 
4.1 100 60.5263 36.8421 24.5614 19.7368 15.7895 
4.2 100 63.1579 38.1579 25.4386 20.3947 16.3158 
4.3 100 63.1579 38.1579 25.4386 20.3947 16.3158 
4.4 100 63.1579 39.4737 26.3158 21.0526 16.8421 
4.5 100 63.1579 39.4737 26.3158 21.0526 16.8421 
4.6 100 63.1579 39.4737 27.193 21.7105 17.3684 
4.7 100 63.1579 39.4737 27.193 21.7105 17.3684 
4.8 100 65.7895 40.7895 28.0702 22.3684 17.8947 
4.9 100 68.4211 42.1053 28.9474 23.0263 18.4211 
5 100 68.4211 43.4211 29.8246 23.6842 18.9474 
5.1 100 68.4211 43.4211 29.8246 23.6842 18.9474 
5.2 100 68.4211 43.4211 29.8246 23.6842 19.4737 
5.3 100 68.4211 44.7368 30.7018 24.3421 20 
5.4 100 71.0526 46.0526 31.5789 25 20.5263 
5.5 100 71.0526 46.0526 31.5789 25 20.5263 
5.6 100 73.6842 47.3684 32.4561 25.6579 21.0526 
5.7 100 76.3158 48.6842 33.3333 26.3158 21.5789 
5.8 100 78.9474 50 34.2105 26.9737 22.1053 
5.9 100 78.9474 50 34.2105 26.9737 22.1053 
6 100 78.9474 51.3158 35.0877 27.6316 22.6316 
6.1 100 81.5789 52.6316 35.9649 28.2895 23.1579 
6.2 100 81.5789 52.6316 35.9649 28.2895 23.6842 
6.3 100 81.5789 53.9474 36.8421 28.9474 24.2105 
6.4 100 81.5789 53.9474 36.8421 28.9474 24.2105 
6.5 100 81.5789 55.2632 37.7193 29.6053 24.7368 
6.6 100 81.5789 56.5789 38.5965 30.2632 25.2632 
6.7 100 84.2105 57.8947 39.4737 30.9211 25.7895 
6.8 100 84.2105 57.8947 39.4737 30.9211 25.7895 
6.9 100 84.2105 57.8947 40.3509 31.5789 26.3158 
7 100 84.2105 59.2105 41.2281 32.2368 26.8421 
7.1 100 84.2105 59.2105 41.2281 32.2368 27.3684 
7.2 100 84.2105 59.2105 41.2281 32.2368 27.3684 
7.3 100 84.2105 60.5263 42.1053 32.8947 27.8947 
7.4 100 86.8421 61.8421 42.9825 33.5526 28.4211 
7.5 100 86.8421 63.1579 43.8596 34.2105 28.9474 
7.6 100 86.8421 63.1579 43.8596 34.2105 28.9474 
7.7 100 89.4737 64.4737 44.7368 34.8684 29.4737 
7.8 100 89.4737 65.7895 45.614 35.5263 30 
7.9 100 89.4737 67.1053 46.4912 36.1842 30.5263 
8 100 89.4737 67.1053 46.4912 36.1842 30.5263 
8.1 100 89.4737 68.4211 47.3684 36.8421 31.0526 
8.2 100 89.4737 68.4211 47.3684 36.8421 31.0526 
8.3 100 89.4737 68.4211 47.3684 36.8421 31.0526 
8.4 100 89.4737 69.7368 48.2456 37.5 31.5789 
8.5 100 89.4737 69.7368 48.2456 37.5 31.5789 
8.6 100 89.4737 71.0526 49.1228 38.1579 32.1053 
8.7 100 89.4737 72.3684 50 38.8158 32.6316 
8.8 100 92.1053 73.6842 50.8772 39.4737 33.1579 
8.9 100 92.1053 73.6842 50.8772 39.4737 33.1579 
9 100 92.1053 73.6842 50.8772 40.1316 33.6842 
9.1 100 92.1053 73.6842 51.7544 40.7895 34.2105 
9.2 100 94.7368 75 52.6316 41.4474 34.7368 
9.3 100 94.7368 75 52.6316 41.4474 34.7368 
9.4 100 94.7368 76.3158 53.5088 42.1053 35.2632 
9.5 100 94.7368 76.3158 53.5088 42.1053 35.2632 
9.6 100 97.3684 77.6316 54.386 42.7632 35.7895 
9.7 100 97.3684 77.6316 54.386 42.7632 35.7895 
9.8 100 97.3684 77.6316 54.386 43.4211 36.3158 
9.9 100 97.3684 77.6316 55.2632 44.0789 36.8421 
10 100 97.3684 78.9474 56.1404 44.7368 37.3684 
10.1 100 97.3684 78.9474 56.1404 44.7368 37.3684 
10.2 100 97.3684 80.2632 57.0175 45.3947 37.8947 
10.3 100 97.3684 81.5789 57.8947 46.0526 38.4211 
10.4 100 97.3684 82.8947 58.7719 46.7105 38.9474 
10.5 100 97.3684 84.2105 59.6491 47.3684 39.4737 
10.6 100 97.3684 84.2105 59.6491 47.3684 39.4737 
10.7 100 100 85.5263 60.5263 48.0263 40 
10.8 100 100 85.5263 61.4035 48.6842 40.5263 
10.9 100 100 86.8421 62.2807 49.3421 41.0526 
11 100 100 86.8421 62.2807 49.3421 41.0526 
11.1 100 100 88.1579 63.1579 50 41.5789 
11.2 100 100 88.1579 64.0351 50.6579 42.1053 
11.3 100 100 88.1579 64.9123 51.3158 42.6316 
11.4 100 100 88.1579 64.9123 51.3158 42.6316 
11.5 100 100 89.4737 65.7895 51.9737 43.1579 
11.6 100 100 89.4737 65.7895 51.9737 43.1579 
11.7 100 100 89.4737 66.6667 52.6316 43.6842 
11.8 100 100 89.4737 66.6667 52.6316 43.6842 
11.9 100 100 89.4737 67.5439 53.2895 44.2105 
12 100 100 89.4737 68.4211 53.9474 44.7368 
12.1 100 100 89.4737 68.4211 53.9474 44.7368 
12.2 100 100 89.4737 68.4211 53.9474 44.7368 
12.3 100 100 90.7895 69.2982 54.6053 45.2632 
12.4 100 100 90.7895 69.2982 54.6053 45.2632 
12.5 100 100 90.7895 70.1754 55.2632 45.7895 
12.6 100 100 90.7895 70.1754 55.2632 45.7895 
12.7 100 100 90.7895 70.1754 55.2632 45.7895 
12.8 100 100 90.7895 70.1754 55.2632 46.3158 
12.9 100 100 90.7895 71.0526 55.9211 46.8421 
13 100 100 90.7895 71.0526 55.9211 47.3684 
13.1 100 100 90.7895 71.0526 55.9211 47.3684 
13.2 100 100 90.7895 71.0526 55.9211 47.3684 
13.3 100 100 92.1053 71.9298 56.5789 47.8947 
13.4 100 100 92.1053 71.9298 56.5789 48.4211 
13.5 100 100 92.1053 71.9298 56.5789 48.4211 
13.6 100 100 92.1053 71.9298 56.5789 48.4211 
13.7 100 100 92.1053 71.9298 56.5789 48.4211 
13.8 100 100 93.4211 72.807 57.2368 48.9474 
13.9 100 100 93.4211 72.807 57.2368 48.9474 
14 100 100 93.4211 73.6842 57.8947 49.4737 
14.1 100 100 93.4211 73.6842 57.8947 49.4737 
14.2 100 100 93.4211 73.6842 57.8947 49.4737 
14.3 100 100 93.4211 73.6842 57.8947 49.4737 
14.4 100 100 93.4211 73.6842 57.8947 49.4737 
14.5 100 100 93.4211 74.5614 58.5526 50 
14.6 100 100 93.4211 74.5614 58.5526 50.5263 
14.7 100 100 94.7368 75.4386 59.2105 51.0526 
14.8 100 100 94.7368 75.4386 59.2105 51.0526 
14.9 100 100 94.7368 75.4386 59.2105 51.5789 
15 100 100 94.7368 76.3158 59.8684 52.1053 
15.1 100 100 94.7368 76.3158 59.8684 52.1053 
15.2 100 100 94.7368 76.3158 59.8684 52.1053 
15.3 100 100 94.7368 76.3158 60.5263 52.6316 
15.4 100 100 94.7368 76.3158 60.5263 53.1579 
15.5 100 100 94.7368 76.3158 60.5263 53.1579 
15.6 100 100 94.7368 76.3158 60.5263 53.1579 
15.7 100 100 94.7368 77.193 61.1842 53.6842 
15.8 100 100 96.0526 78.0702 61.8421 54.2105 
15.9 100 100 96.0526 78.0702 61.8421 54.2105 
16 100 100 96.0526 78.0702 61.8421 54.2105 
16.1 100 100 96.0526 78.0702 61.8421 54.2105 
16.2 100 100 96.0526 78.0702 61.8421 54.2105 
16.3 100 100 96.0526 78.0702 62.5 54.7368 
16.4 100 100 96.0526 78.0702 62.5 54.7368 
16.5 100 100 96.0526 78.9474 63.1579 55.2632 
16.6 100 100 96.0526 78.9474 63.8158 55.7895 
16.7 100 100 96.0526 78.9474 64.4737 56.3158 
16.8 100 100 96.0526 78.9474 64.4737 56.3158 
16.9 100 100 96.0526 78.9474 64.4737 56.3158 
17 100 100 96.0526 78.9474 64.4737 56.3158 
17.1 100 100 96.0526 78.9474 64.4737 56.3158 
17.2 100 100 96.0526 78.9474 64.4737 56.3158 
17.3 100 100 96.0526 78.9474 64.4737 56.3158 
17.4 100 100 96.0526 78.9474 64.4737 56.3158 
17.5 100 100 96.0526 79.8246 65.1316 56.8421 
17.6 100 100 96.0526 79.8246 65.1316 57.3684 
17.7 100 100 96.0526 79.8246 65.1316 57.3684 
17.8 100 100 96.0526 79.8246 65.1316 57.3684 
17.9 100 100 96.0526 79.8246 65.1316 57.3684 
18 100 100 96.0526 79.8246 65.1316 57.3684 
18.1 100 100 96.0526 79.8246 65.1316 57.3684 
18.2 100 100 97.3684 80.7018 65.7895 57.8947 
18.3 100 100 97.3684 81.5789 66.4474 58.4211 
18.4 100 100 97.3684 82.4561 67.1053 58.9474 
18.5 100 100 97.3684 82.4561 67.1053 58.9474 
18.6 100 100 97.3684 83.3333 67.7632 59.4737 
18.7 100 100 97.3684 83.3333 67.7632 59.4737 
18.8 100 100 97.3684 83.3333 68.4211 60 
18.9 100 100 97.3684 83.3333 68.4211 60.5263 
19 100 100 97.3684 83.3333 68.4211 60.5263 
19.1 100 100 97.3684 83.3333 68.4211 61.0526 
19.2 100 100 97.3684 84.2105 69.0789 61.5789 
19.3 100 100 97.3684 84.2105 69.7368 62.1053 
19.4 100 100 97.3684 84.2105 69.7368 62.1053 
19.5 100 100 97.3684 84.2105 70.3947 62.6316 
19.6 100 100 97.3684 84.2105 70.3947 62.6316 
19.7 100 100 97.3684 84.2105 70.3947 62.6316 
19.8 100 100 97.3684 84.2105 70.3947 62.6316 
19.9 100 100 97.3684 84.2105 70.3947 62.6316 
20 100 100 97.3684 84.2105 70.3947 62.6316 
20.1 100 100 97.3684 84.2105 70.3947 63.1579 
20.2 100 100 97.3684 84.2105 70.3947 63.1579 
20.3 100 100 97.3684 85.0877 71.0526 63.6842 
20.4 100 100 97.3684 85.9649 71.7105 64.2105 
20.5 100 100 97.3684 86.8421 72.3684 64.7368 
20.6 100 100 97.3684 86.8421 72.3684 64.7368 
20.7 100 100 97.3684 87.7193 73.0263 65.2632 
20.8 100 100 97.3684 87.7193 73.0263 65.2632 
20.9 100 100 97.3684 87.7193 73.0263 65.2632 
21 100 100 97.3684 87.7193 73.6842 65.7895 
21.1 100 100 97.3684 87.7193 73.6842 65.7895 
21.2 100 100 97.3684 87.7193 74.3421 66.3158 
21.3 100 100 97.3684 88.5965 75 66.8421 
21.4 100 100 97.3684 88.5965 75 67.3684 
21.5 100 100 97.3684 88.5965 75 67.3684 
21.6 100 100 97.3684 88.5965 75.6579 67.8947 
21.7 100 100 97.3684 88.5965 75.6579 67.8947 
21.8 100 100 97.3684 88.5965 75.6579 67.8947 
21.9 100 100 97.3684 88.5965 75.6579 67.8947 
22 100 100 97.3684 88.5965 75.6579 67.8947 
22.1 100 100 97.3684 89.4737 76.3158 68.4211 
22.2 100 100 97.3684 89.4737 76.3158 68.4211 
22.3 100 100 97.3684 89.4737 76.3158 68.4211 
22.4 100 100 97.3684 90.3509 76.9737 68.9474 
22.5 100 100 97.3684 90.3509 76.9737 69.4737 
22.6 100 100 97.3684 90.3509 77.6316 70 
22.7 100 100 97.3684 90.3509 77.6316 70 
22.8 100 100 97.3684 90.3509 77.6316 70 
22.9 100 100 97.3684 90.3509 77.6316 70.5263 
23 100 100 98.6842 91.2281 78.2895 71.0526 
23.1 100 100 98.6842 91.2281 78.2895 71.0526 
23.2 100 100 98.6842 91.2281 78.2895 71.0526 
23.3 100 100 98.6842 91.2281 78.2895 71.5789 
23.4 100 100 98.6842 91.2281 78.2895 71.5789 
23.5 100 100 98.6842 91.2281 78.2895 71.5789 
23.6 100 100 98.6842 91.2281 78.2895 71.5789 
23.7 100 100 98.6842 91.2281 78.2895 71.5789 
23.8 100 100 98.6842 92.1053 78.9474 72.1053 
23.9 100 100 98.6842 92.9825 79.6053 72.6316 
24 100 100 98.6842 92.9825 79.6053 72.6316 
24.1 100 100 98.6842 92.9825 79.6053 72.6316 
24.2 100 100 98.6842 92.9825 79.6053 73.1579 
24.3 100 100 98.6842 92.9825 80.2632 73.6842 
24.4 100 100 98.6842 92.9825 80.2632 73.6842 
24.5 100 100 100 93.8596 80.9211 74.2105 
24.6 100 100 100 93.8596 81.5789 74.7368 
24.7 100 100 100 93.8596 82.2368 75.2632 
24.8 100 100 100 93.8596 82.2368 75.2632 
24.9 100 100 100 93.8596 82.2368 75.2632 
25 100 100 100 94.7368 82.8947 75.7895 
25.1 100 100 100 94.7368 82.8947 75.7895 
25.2 100 100 100 94.7368 83.5526 76.3158 
25.3 100 100 100 94.7368 83.5526 76.3158 
25.4 100 100 100 94.7368 83.5526 76.3158 
25.5 100 100 100 94.7368 83.5526 76.3158 
25.6 100 100 100 94.7368 84.2105 76.8421 
25.7 100 100 100 94.7368 84.2105 76.8421 
25.8 100 100 100 94.7368 84.8684 77.3684 
25.9 100 100 100 94.7368 84.8684 77.3684 
26 100 100 100 94.7368 84.8684 77.3684 
26.1 100 100 100 94.7368 84.8684 77.3684 
26.2 100 100 100 94.7368 84.8684 77.8947 
26.3 100 100 100 94.7368 84.8684 77.8947 
26.4 100 100 100 94.7368 84.8684 78.4211 
26.5 100 100 100 94.7368 84.8684 78.4211 
26.6 100 100 100 94.7368 85.5263 78.9474 
26.7 100 100 100 94.7368 85.5263 78.9474 
26.8 100 100 100 94.7368 85.5263 78.9474 
26.9 100 100 100 94.7368 85.5263 78.9474 
27 100 100 100 94.7368 85.5263 79.4737 
27.1 100 100 100 94.7368 85.5263 80 
27.2 100 100 100 94.7368 85.5263 80 
27.3 100 100 100 94.7368 86.1842 80.5263 
27.4 100 100 100 94.7368 86.1842 80.5263 
27.5 100 100 100 94.7368 86.1842 80.5263 
27.6 100 100 100 94.7368 86.1842 80.5263 
27.7 100 100 100 95.614 86.8421 81.0526 
27.8 100 100 100 95.614 86.8421 81.0526 
27.9 100 100 100 95.614 86.8421 81.0526 
28 100 100 100 95.614 86.8421 81.0526 
28.1 100 100 100 96.4912 87.5 81.5789 
28.2 100 100 100 96.4912 87.5 81.5789 
28.3 100 100 100 96.4912 87.5 81.5789 
28.4 100 100 100 96.4912 87.5 81.5789 
28.5 100 100 100 96.4912 88.1579 82.1053 
28.6 100 100 100 96.4912 88.1579 82.1053 
28.7 100 100 100 96.4912 88.8158 82.6316 
28.8 100 100 100 97.3684 89.4737 83.1579 
28.9 100 100 100 98.2456 90.1316 83.6842 
29 100 100 100 98.2456 90.1316 83.6842 
29.1 100 100 100 98.2456 90.1316 83.6842 
29.2 100 100 100 98.2456 90.1316 84.2105 
29.3 100 100 100 98.2456 90.1316 84.7368 
29.4 100 100 100 98.2456 90.1316 85.2632 
29.5 100 100 100 98.2456 90.1316 85.2632 
29.6 100 100 100 98.2456 90.1316 85.2632 
29.7 100 100 100 98.2456 90.1316 85.2632 
29.8 100 100 100 98.2456 90.1316 85.7895 
29.9 100 100 100 98.2456 90.1316 85.7895 
30 100 100 100 99.1228 90.7895 86.3158 
30.1 100 100 100 99.1228 91.4474 86.8421 
30.2 100 100 100 99.1228 91.4474 86.8421 
30.3 100 100 100 99.1228 91.4474 86.8421 
30.4 100 100 100 99.1228 91.4474 86.8421 
30.5 100 100 100 99.1228 91.4474 86.8421 
30.6 100 100 100 99.1228 91.4474 86.8421 
30.7 100 100 100 99.1228 91.4474 86.8421 
30.8 100 100 100 99.1228 91.4474 86.8421 
30.9 100 100 100 99.1228 91.4474 86.8421 
31 100 100 100 99.1228 91.4474 86.8421 
31.1 100 100 100 99.1228 91.4474 86.8421 
31.2 100 100 100 99.1228 91.4474 87.3684 
31.3 100 100 100 99.1228 92.1053 87.8947 
31.4 100 100 100 99.1228 92.1053 87.8947 
31.5 100 100 100 99.1228 92.7632 88.4211 
31.6 100 100 100 99.1228 92.7632 88.4211 
31.7 100 100 100 99.1228 92.7632 88.4211 
31.8 100 100 100 99.1228 92.7632 88.4211 
31.9 100 100 100 99.1228 92.7632 88.9474 
32 100 100 100 99.1228 92.7632 88.9474 
32.1 100 100 100 99.1228 93.4211 89.4737 
32.2 100 100 100 99.1228 93.4211 89.4737 
32.3 100 100 100 99.1228 93.4211 90 
32.4 100 100 100 99.1228 93.4211 90 
32.5 100 100 100 99.1228 93.4211 90 
32.6 100 100 100 99.1228 93.4211 90 
32.7 100 100 100 99.1228 94.0789 90.5263 
32.8 100 100 100 99.1228 94.0789 90.5263 
32.9 100 100 100 99.1228 94.0789 90.5263 
33 100 100 100 99.1228 94.0789 90.5263 
33.1 100 100 100 99.1228 94.0789 90.5263 
33.2 100 100 100 99.1228 94.0789 90.5263 
33.3 100 100 100 99.1228 94.0789 90.5263 
33.4 100 100 100 99.1228 94.0789 91.0526 
33.5 100 100 100 99.1228 94.0789 91.0526 
33.6 100 100 100 99.1228 94.7368 91.5789 
33.7 100 100 100 99.1228 94.7368 91.5789 
33.8 100 100 100 99.1228 94.7368 91.5789 
33.9 100 100 100 99.1228 94.7368 91.5789 
34 100 100 100 99.1228 95.3947 92.1053 
34.1 100 100 100 99.1228 95.3947 92.1053 
34.2 100 100 100 99.1228 95.3947 92.1053 
34.3 100 100 100 99.1228 96.0526 92.6316 
34.4 100 100 100 99.1228 96.0526 93.1579 
34.5 100 100 100 99.1228 96.0526 93.1579 
34.6 100 100 100 99.1228 96.7105 93.6842 
34.7 100 100 100 99.1228 96.7105 93.6842 
34.8 100 100 100 99.1228 96.7105 93.6842 
34.9 100 100 100 99.1228 96.7105 93.6842 
35 100 100 100 99.1228 96.7105 94.2105 
35.1 100 100 100 99.1228 96.7105 94.2105 
35.2 100 100 100 99.1228 96.7105 94.2105 
35.3 100 100 100 99.1228 96.7105 94.2105 
35.4 100 100 100 100 97.3684 94.7368 
35.5 100 100 100 100 97.3684 94.7368 
35.6 100 100 100 100 97.3684 95.2632 
35.7 100 100 100 100 97.3684 95.2632 
35.8 100 100 100 100 97.3684 95.2632 
35.9 100 100 100 100 97.3684 95.2632 
36 100 100 100 100 97.3684 95.2632 
36.1 100 100 100 100 97.3684 95.2632 
36.2 100 100 100 100 97.3684 95.2632 
36.3 100 100 100 100 97.3684 95.2632 
36.4 100 100 100 100 97.3684 95.2632 
36.5 100 100 100 100 98.0263 95.7895 
36.6 100 100 100 100 98.0263 95.7895 
36.7 100 100 100 100 98.0263 96.3158 
36.8 100 100 100 100 98.0263 96.3158 
36.9 100 100 100 100 98.0263 96.3158 
37 100 100 100 100 98.0263 96.3158 
37.1 100 100 100 100 98.0263 96.3158 
37.2 100 100 100 100 98.6842 96.8421 
37.3 100 100 100 100 98.6842 96.8421 
37.4 100 100 100 100 98.6842 96.8421 
37.5 100 100 100 100 98.6842 96.8421 
37.6 100 100 100 100 98.6842 96.8421 
37.7 100 100 100 100 98.6842 96.8421 
37.8 100 100 100 100 98.6842 96.8421 
37.9 100 100 100 100 98.6842 96.8421 
38 100 100 100 100 98.6842 96.8421 
38.1 100 100 100 100 98.6842 96.8421 
38.2 100 100 100 100 99.3421 97.3684 
38.3 100 100 100 100 99.3421 97.3684 
38.4 100 100 100 100 99.3421 97.3684 
38.5 100 100 100 100 99.3421 97.3684 
38.6 100 100 100 100 99.3421 97.3684 
38.7 100 100 100 100 99.3421 97.3684 
38.8 100 100 100 100 99.3421 97.3684 
38.9 100 100 100 100 99.3421 97.3684 
39 100 100 100 100 99.3421 97.3684 
39.1 100 100 100 100 99.3421 97.3684 
39.2 100 100 100 100 99.3421 97.3684 
39.3 100 100 100 100 99.3421 97.3684 
39.4 100 100 100 100 99.3421 97.3684 
39.5 100 100 100 100 99.3421 97.3684 
39.6 100 100 100 100 99.3421 97.8947 
39.7 100 100 100 100 99.3421 97.8947 
39.8 100 100 100 100 99.3421 98.4211 
39.9 100 100 100 100 99.3421 98.4211 
40 100 100 100 100 99.3421 98.4211 
40.1 100 100 100 100 99.3421 98.4211 
40.2 100 100 100 100 99.3421 98.4211 
40.3 100 100 100 100 99.3421 98.4211 
40.4 100 100 100 100 99.3421 98.4211 
40.5 100 100 100 100 99.3421 98.4211 
40.6 100 100 100 100 99.3421 98.4211 
40.7 100 100 100 100 99.3421 98.4211 
40.8 100 100 100 100 99.3421 98.4211 
40.9 100 100 100 100 99.3421 98.4211 
41 100 100 100 100 99.3421 98.4211 
41.1 100 100 100 100 99.3421 98.4211 
41.2 100 100 100 100 99.3421 98.4211 
41.3 100 100 100 100 99.3421 98.4211 
41.4 100 100 100 100 99.3421 98.4211 
41.5 100 100 100 100 99.3421 98.4211 
41.6 100 100 100 100 99.3421 98.4211 
41.7 100 100 100 100 99.3421 98.4211 
41.8 100 100 100 100 99.3421 98.4211 
41.9 100 100 100 100 99.3421 98.4211 
42 100 100 100 100 99.3421 98.4211 
42.1 100 100 100 100 99.3421 98.4211 
42.2 100 100 100 100 99.3421 98.4211 
42.3 100 100 100 100 99.3421 98.4211 
42.4 100 100 100 100 99.3421 98.4211 
42.5 100 100 100 100 99.3421 98.4211 
42.6 100 100 100 100 99.3421 98.4211 
42.7 100 100 100 100 99.3421 98.4211 
42.8 100 100 100 100 99.3421 98.4211 
42.9 100 100 100 100 99.3421 98.4211 
43 100 100 100 100 99.3421 98.4211 
43.1 100 100 100 100 99.3421 98.4211 
43.2 100 100 100 100 99.3421 98.4211 
43.3 100 100 100 100 99.3421 98.4211 
43.4 100 100 100 100 99.3421 98.4211 
43.5 100 100 100 100 99.3421 98.4211 
43.6 100 100 100 100 99.3421 98.4211 
43.7 100 100 100 100 99.3421 98.4211 
43.8 100 100 100 100 99.3421 98.4211 
43.9 100 100 100 100 99.3421 98.4211 
44 100 100 100 100 99.3421 98.4211 
44.1 100 100 100 100 99.3421 98.4211 
44.2 100 100 100 100 99.3421 98.4211 
44.3 100 100 100 100 99.3421 98.4211 
44.4 100 100 100 100 99.3421 98.4211 
44.5 100 100 100 100 100 98.9474 
44.6 100 100 100 100 100 98.9474 
44.7 100 100 100 100 100 98.9474 
44.8 100 100 100 100 100 98.9474 
44.9 100 100 100 100 100 99.4737 
45 100 100 100 100 100 99.4737 
45.1 100 100 100 100 100 99.4737 
45.2 100 100 100 100 100 99.4737 
45.3 100 100 100 100 100 99.4737 
45.4 100 100 100 100 100 99.4737 
45.5 100 100 100 100 100 99.4737 
45.6 100 100 100 100 100 99.4737 
45.7 100 100 100 100 100 99.4737 
45.8 100 100 100 100 100 99.4737 
45.9 100 100 100 100 100 99.4737 
46 100 100 100 100 100 100 
46.1 100 100 100 100 100 100 
46.2 100 100 100 100 100 100 
46.3 100 100 100 100 100 100 
46.4 100 100 100 100 100 100 
46.5 100 100 100 100 100 100 
46.6 100 100 100 100 100 100 
46.7 100 100 100 100 100 100 
46.8 100 100 100 100 100 100 
46.9 100 100 100 100 100 100 
47 100 100 100 100 100 100 
47.1 100 100 100 100 100 100 
47.2 100 100 100 100 100 100 
47.3 100 100 100 100 100 100 
47.4 100 100 100 100 100 100 
47.5 100 100 100 100 100 100 
47.6 100 100 100 100 100 100 
47.7 100 100 100 100 100 100 
47.8 100 100 100 100 100 100 
47.9 100 100 100 100 100 100 
48 100 100 100 100 100 100 
48.1 100 100 100 100 100 100 
48.2 100 100 100 100 100 100 
48.3 100 100 100 100 100 100 
48.4 100 100 100 100 100 100 
48.5 100 100 100 100 100 100 
48.6 100 100 100 100 100 100 
48.7 100 100 100 100 100 100 
48.8 100 100 100 100 100 100 
48.9 100 100 100 100 100 100 
49 100 100 100 100 100 100 
49.1 100 100 100 100 100 100 
49.2 100 100 100 100 100 100 
49.3 100 100 100 100 100 100 
49.4 100 100 100 100 100 100 
49.5 100 100 100 100 100 100 
49.6 100 100 100 100 100 100 
49.7 100 100 100 100 100 100 
49.8 100 100 100 100 100 100 
49.9 100 100 100 100 100 100 
50 100 100 100 100 100 100 
50.1 100 100 100 100 100 100 
50.2 100 100 100 100 100 100 
50.3 100 100 100 100 100 100 
50.4 100 100 100 100 100 100 
50.5 100 100 100 100 100 100 
50.6 100 100 100 100 100 100 
50.7 100 100 100 100 100 100 
50.8 100 100 100 100 100 100 
50.9 100 100 100 100 100 100 
51 100 100 100 100 100 100 
51.1 100 100 100 100 100 100 
51.2 100 100 100 100 100 100 
51.3 100 100 100 100 100 100 
51.4 100 100 100 100 100 100 
51.5 100 100 100 100 100 100 
51.6 100 100 100 100 100 100 
51.7 100 100 100 100 100 100 
51.8 100 100 100 100 100 100 
51.9 100 100 100 100 100 100 
52 100 100 100 100 100 100 
52.1 100 100 100 100 100 100 
52.2 100 100 100 100 100 100 
52.3 100 100 100 100 100 100 
52.4 100 100 100 100 100 100 
52.5 100 100 100 100 100 100 
52.6 100 100 100 100 100 100 
52.7 100 100 100 100 100 100 
52.8 100 100 100 100 100 100 
52.9 100 100 100 100 100 100 
53 100 100 100 100 100 100 
53.1 100 100 100 100 100 100 
53.2 100 100 100 100 100 100 
53.3 100 100 100 100 100 100 
53.4 100 100 100 100 100 100 
53.5 100 100 100 100 100 100 
53.6 100 100 100 100 100 100 
53.7 100 100 100 100 100 100 
53.8 100 100 100 100 100 100 
53.9 100 100 100 100 100 100 
54 100 100 100 100 100 100 
54.1 100 100 100 100 100 100 
54.2 100 100 100 100 100 100 
54.3 100 100 100 100 100 100 
54.4 100 100 100 100 100 100 
54.5 100 100 100 100 100 100 
54.6 100 100 100 100 100 100 
54.7 100 100 100 100 100 100 
54.8 100 100 100 100 100 100 
54.9 100 100 100 100 100 100 
55 100 100 100 100 100 100 
55.1 100 100 100 100 100 100 
55.2 100 100 100 100 100 100 
55.3 100 100 100 100 100 100 
55.4 100 100 100 100 100 100 
55.5 100 100 100 100 100 100 
55.6 100 100 100 100 100 100 
55.7 100 100 100 100 100 100 
55.8 100 100 100 100 100 100 
55.9 100 100 100 100 100 100 
56 100 100 100 100 100 100 
56.1 100 100 100 100 100 100 
56.2 100 100 100 100 100 100 
56.3 100 100 100 100 100 100 
56.4 100 100 100 100 100 100 
56.5 100 100 100 100 100 100 
56.6 100 100 100 100 100 100 
56.7 100 100 100 100 100 100 
56.8 100 100 100 100 100 100 
56.9 100 100 100 100 100 100 
57 100 100 100 100 100 100 
57.1 100 100 100 100 100 100 
57.2 100 100 100 100 100 100 
57.3 100 100 100 100 100 100 
57.4 100 100 100 100 100 100 
57.5 100 100 100 100 100 100 
57.6 100 100 100 100 100 100 
57.7 100 100 100 100 100 100 
57.8 100 100 100 100 100 100 
57.9 100 100 100 100 100 100 
58 100 100 100 100 100 100 
58.1 100 100 100 100 100 100 
58.2 100 100 100 100 100 100 
58.3 100 100 100 100 100 100 
58.4 100 100 100 100 100 100 
58.5 100 100 100 100 100 100 
58.6 100 100 100 100 100 100 
58.7 100 100 100 100 100 100 
58.8 100 100 100 100 100 100 
58.9 100 100 100 100 100 100 
59 100 100 100 100 100 100 
59.1 100 100 100 100 100 100 
59.2 100 100 100 100 100 100 
59.3 100 100 100 100 100 100 
59.4 100 100 100 100 100 100 
59.5 100 100 100 100 100 100 
59.6 100 100 100 100 100 100 
59.7 100 100 100 100 100 100 
59.8 100 100 100 100 100 100 
59.9 100 100 100 100 100 100 
60 100 100 100 100 100 100 
60.1 100 100 100 100 100 100 
60.2 100 100 100 100 100 100 
60.3 100 100 100 100 100 100 
60.4 100 100 100 100 100 100 
60.5 100 100 100 100 100 100 
60.6 100 100 100 100 100 100 
60.7 100 100 100 100 100 100 
60.8 100 100 100 100 100 100 
60.9 100 100 100 100 100 100 
61 100 100 100 100 100 100 
61.1 100 100 100 100 100 100 
61.2 100 100 100 100 100 100 
61.3 100 100 100 100 100 100 
61.4 100 100 100 100 100 100 
61.5 100 100 100 100 100 100 
61.6 100 100 100 100 100 100 
61.7 100 100 100 100 100 100 
61.8 100 100 100 100 100 100 
61.9 100 100 100 100 100 100 
62 100 100 100 100 100 100 
62.1 100 100 100 100 100 100 
62.2 100 100 100 100 100 100 
62.3 100 100 100 100 100 100 
62.4 100 100 100 100 100 100 
62.5 100 100 100 100 100 100 
62.6 100 100 100 100 100 100 
62.7 100 100 100 100 100 100 
62.8 100 100 100 100 100 100 
62.9 100 100 100 100 100 100 
63 100 100 100 100 100 100 
63.1 100 100 100 100 100 100 
63.2 100 100 100 100 100 100 
63.3 100 100 100 100 100 100 
63.4 100 100 100 100 100 100 
63.5 100 100 100 100 100 100 
63.6 100 100 100 100 100 100 
63.7 100 100 100 100 100 100 
63.8 100 100 100 100 100 100 
63.9 100 100 100 100 100 100 
64 100 100 100 100 100 100 
64.1 100 100 100 100 100 100 
64.2 100 100 100 100 100 100 
64.3 100 100 100 100 100 100 
64.4 100 100 100 100 100 100 
64.5 100 100 100 100 100 100 
64.6 100 100 100 100 100 100 
64.7 100 100 100 100 100 100 
64.8 100 100 100 100 100 100 
64.9 100 100 100 100 100 100 
65 100 100 100 100 100 100 
65.1 100 100 100 100 100 100 
65.2 100 100 100 100 100 100 
65.3 100 100 100 100 100 100 
65.4 100 100 100 100 100 100 
65.5 100 100 100 100 100 100 
65.6 100 100 100 100 100 100 
65.7 100 100 100 100 100 100 
65.8 100 100 100 100 100 100 
65.9 100 100 100 100 100 100 
66 100 100 100 100 100 100 
66.1 100 100 100 100 100 100 
66.2 100 100 100 100 100 100 
66.3 100 100 100 100 100 100 
66.4 100 100 100 100 100 100 
66.5 100 100 100 100 100 100 
66.6 100 100 100 100 100 100 
66.7 100 100 100 100 100 100 
66.8 100 100 100 100 100 100 
66.9 100 100 100 100 100 100 
67 100 100 100 100 100 100 
67.1 100 100 100 100 100 100 
67.2 100 100 100 100 100 100 
67.3 100 100 100 100 100 100 
67.4 100 100 100 100 100 100 
67.5 100 100 100 100 100 100 
67.6 100 100 100 100 100 100 
67.7 100 100 100 100 100 100 
67.8 100 100 100 100 100 100 
67.9 100 100 100 100 100 100 
68 100 100 100 100 100 100 
68.1 100 100 100 100 100 100 
68.2 100 100 100 100 100 100 
68.3 100 100 100 100 100 100 
68.4 100 100 100 100 100 100 
68.5 100 100 100 100 100 100 
68.6 100 100 100 100 100 100 
68.7 100 100 100 100 100 100 
68.8 100 100 100 100 100 100 
68.9 100 100 100 100 100 100 
69 100 100 100 100 100 100 
69.1 100 100 100 100 100 100 
69.2 100 100 100 100 100 100 
69.3 100 100 100 100 100 100 
69.4 100 100 100 100 100 100 
69.5 100 100 100 100 100 100 
69.6 100 100 100 100 100 100 
69.7 100 100 100 100 100 100 
69.8 100 100 100 100 100 100 
69.9 100 100 100 100 100 100 
70 100 100 100 100 100 100 
70.1 100 100 100 100 100 100 
70.2 100 100 100 100 100 100 
70.3 100 100 100 100 100 100 
70.4 100 100 100 100 100 100 
70.5 100 100 100 100 100 100 
70.6 100 100 100 100 100 100 
70.7 100 100 100 100 100 100 
70.8 100 100 100 100 100 100 
70.9 100 100 100 100 100 100 
71 100 100 100 100 100 100 
71.1 100 100 100 100 100 100 
71.2 100 100 100 100 100 100 
71.3 100 100 100 100 100 100 
71.4 100 100 100 100 100 100 
71.5 100 100 100 100 100 100 
71.6 100 100 100 100 100 100 
71.7 100 100 100 100 100 100 
71.8 100 100 100 100 100 100 
71.9 100 100 100 100 100 100 
72 100 100 100 100 100 100 
72.1 100 100 100 100 100 100 
72.2 100 100 100 100 100 100 
72.3 100 100 100 100 100 100 
72.4 100 100 100 100 100 100 
72.5 100 100 100 100 100 100 
72.6 100 100 100 100 100 100 
72.7 100 100 100 100 100 100 
72.8 100 100 100 100 100 100 
72.9 100 100 100 100 100 100 
73 100 100 100 100 100 100 
73.1 100 100 100 100 100 100 
73.2 100 100 100 100 100 100 
73.3 100 100 100 100 100 100 
73.4 100 100 100 100 100 100 
73.5 100 100 100 100 100 100 
73.6 100 100 100 100 100 100 
73.7 100 100 100 100 100 100 
73.8 100 100 100 100 100 100 
73.9 100 100 100 100 100 100 
74 100 100 100 100 100 100 
74.1 100 100 100 100 100 100 
74.2 100 100 100 100 100 100 
74.3 100 100 100 100 100 100 
74.4 100 100 100 100 100 100 
74.5 100 100 100 100 100 100 
74.6 100 100 100 100 100 100 
74.7 100 100 100 100 100 100 
74.8 100 100 100 100 100 100 
74.9 100 100 100 100 100 100 
75 100 100 100 100 100 100 
75.1 100 100 100 100 100 100 
75.2 100 100 100 100 100 100 
75.3 100 100 100 100 100 100 
75.4 100 100 100 100 100 100 
75.5 100 100 100 100 100 100 
75.6 100 100 100 100 100 100 
75.7 100 100 100 100 100 100 
75.8 100 100 100 100 100 100 
75.9 100 100 100 100 100 100 
76 100 100 100 100 100 100 
76.1 100 100 100 100 100 100 
76.2 100 100 100 100 100 100 
76.3 100 100 100 100 100 100 
76.4 100 100 100 100 100 100 
76.5 100 100 100 100 100 100 
76.6 100 100 100 100 100 100 
76.7 100 100 100 100 100 100 
76.8 100 100 100 100 100 100 
76.9 100 100 100 100 100 100 
77 100 100 100 100 100 100 
77.1 100 100 100 100 100 100 
77.2 100 100 100 100 100 100 
77.3 100 100 100 100 100 100 
77.4 100 100 100 100 100 100 
77.5 100 100 100 100 100 100 
77.6 100 100 100 100 100 100 
77.7 100 100 100 100 100 100 
77.8 100 100 100 100 100 100 
77.9 100 100 100 100 100 100 
78 100 100 100 100 100 100 
78.1 100 100 100 100 100 100 
78.2 100 100 100 100 100 100 
78.3 100 100 100 100 100 100 
78.4 100 100 100 100 100 100 
78.5 100 100 100 100 100 100 
78.6 100 100 100 100 100 100 
78.7 100 100 100 100 100 100 
78.8 100 100 100 100 100 100 
78.9 100 100 100 100 100 100 
79 100 100 100 100 100 100 
79.1 100 100 100 100 100 100 
79.2 100 100 100 100 100 100 
79.3 100 100 100 100 100 100 
79.4 100 100 100 100 100 100 
79.5 100 100 100 100 100 100 
79.6 100 100 100 100 100 100 
79.7 100 100 100 100 100 100 
79.8 100 100 100 100 100 100 
79.9 100 100 100 100 100 100 
80 100 100 100 100 100 100 
80.1 100 100 100 100 100 100 
80.2 100 100 100 100 100 100 
80.3 100 100 100 100 100 100 
80.4 100 100 100 100 100 100 
80.5 100 100 100 100 100 100 
80.6 100 100 100 100 100 100 
80.7 100 100 100 100 100 100 
80.8 100 100 100 100 100 100 
80.9 100 100 100 100 100 100 
81 100 100 100 100 100 100 
81.1 100 100 100 100 100 100 
81.2 100 100 100 100 100 100 
81.3 100 100 100 100 100 100 
81.4 100 100 100 100 100 100 
81.5 100 100 100 100 100 100 
81.6 100 100 100 100 100 100 
81.7 100 100 100 100 100 100 
81.8 100 100 100 100 100 100 
81.9 100 100 100 100 100 100 
82 100 100 100 100 100 100 
82.1 100 100 100 100 100 100 
82.2 100 100 100 100 100 100 
82.3 100 100 100 100 100 100 
82.4 100 100 100 100 100 100 
82.5 100 100 100 100 100 100 
82.6 100 100 100 100 100 100 
82.7 100 100 100 100 100 100 
82.8 100 100 100 100 100 100 
82.9 100 100 100 100 100 100 
83 100 100 100 100 100 100 
83.1 100 100 100 100 100 100 
83.2 100 100 100 100 100 100 
83.3 100 100 100 100 100 100 
83.4 100 100 100 100 100 100 
83.5 100 100 100 100 100 100 
83.6 100 100 100 100 100 100 
83.7 100 100 100 100 100 100 
83.8 100 100 100 100 100 100 
83.9 100 100 100 100 100 100 
84 100 100 100 100 100 100 
84.1 100 100 100 100 100 100 
84.2 100 100 100 100 100 100 
84.3 100 100 100 100 100 100 
84.4 100 100 100 100 100 100 
84.5 100 100 100 100 100 100 
84.6 100 100 100 100 100 100 
84.7 100 100 100 100 100 100 
84.8 100 100 100 100 100 100 
84.9 100 100 100 100 100 100 
85 100 100 100 100 100 100 
85.1 100 100 100 100 100 100 
85.2 100 100 100 100 100 100 
85.3 100 100 100 100 100 100 
85.4 100 100 100 100 100 100 
85.5 100 100 100 100 100 100 
85.6 100 100 100 100 100 100 
85.7 100 100 100 100 100 100 
85.8 100 100 100 100 100 100 
85.9 100 100 100 100 100 100 
86 100 100 100 100 100 100 
86.1 100 100 100 100 100 100 
86.2 100 100 100 100 100 100 
86.3 100 100 100 100 100 100 
86.4 100 100 100 100 100 100 
86.5 100 100 100 100 100 100 
86.6 100 100 100 100 100 100 
86.7 100 100 100 100 100 100 
86.8 100 100 100 100 100 100 
86.9 100 100 100 100 100 100 
87 100 100 100 100 100 100 
87.1 100 100 100 100 100 100 
87.2 100 100 100 100 100 100 
87.3 100 100 100 100 100 100 
87.4 100 100 100 100 100 100 
87.5 100 100 100 100 100 100 
87.6 100 100 100 100 100 100 
87.7 100 100 100 100 100 100 
87.8 100 100 100 100 100 100 
87.9 100 100 100 100 100 100 
88 100 100 100 100 100 100 
88.1 100 100 100 100 100 100 
88.2 100 100 100 100 100 100 
88.3 100 100 100 100 100 100 
88.4 100 100 100 100 100 100 
88.5 100 100 100 100 100 100 
88.6 100 100 100 100 100 100 
88.7 100 100 100 100 100 100 
88.8 100 100 100 100 100 100 
88.9 100 100 100 100 100 100 
89 100 100 100 100 100 100 
89.1 100 100 100 100 100 100 
89.2 100 100 100 100 100 100 
89.3 100 100 100 100 100 100 
89.4 100 100 100 100 100 100 
89.5 100 100 100 100 100 100 
89.6 100 100 100 100 100 100 
89.7 100 100 100 100 100 100 
89.8 100 100 100 100 100 100 
89.9 100 100 100 100 100 100 
90 100 100 100 100 100 100 
90.1 100 100 100 100 100 100 
90.2 100 100 100 100 100 100 
90.3 100 100 100 100 100 100 
90.4 100 100 100 100 100 100 
90.5 100 100 100 100 100 100 
90.6 100 100 100 100 100 100 
90.7 100 100 100 100 100 100 
90.8 100 100 100 100 100 100 
90.9 100 100 100 100 100 100 
91 100 100 100 100 100 100 
91.1 100 100 100 100 100 100 
91.2 100 100 100 100 100 100 
91.3 100 100 100 100 100 100 
91.4 100 100 100 100 100 100 
91.5 100 100 100 100 100 100 
91.6 100 100 100 100 100 100 
91.7 100 100 100 100 100 100 
91.8 100 100 100 100 100 100 
91.9 100 100 100 100 100 100 
92 100 100 100 100 100 100 
92.1 100 100 100 100 100 100 
92.2 100 100 100 100 100 100 
92.3 100 100 100 100 100 100 
92.4 100 100 100 100 100 100 
92.5 100 100 100 100 100 100 
92.6 100 100 100 100 100 100 
92.7 100 100 100 100 100 100 
92.8 100 100 100 100 100 100 
92.9 100 100 100 100 100 100 
93 100 100 100 100 100 100 
93.1 100 100 100 100 100 100 
93.2 100 100 100 100 100 100 
93.3 100 100 100 100 100 100 
93.4 100 100 100 100 100 100 
93.5 100 100 100 100 100 100 
93.6 100 100 100 100 100 100 
93.7 100 100 100 100 100 100 
93.8 100 100 100 100 100 100 
93.9 100 100 100 100 100 100 
94 100 100 100 100 100 100 
94.1 100 100 100 100 100 100 
94.2 100 100 100 100 100 100 
94.3 100 100 100 100 100 100 
94.4 100 100 100 100 100 100 
94.5 100 100 100 100 100 100 
94.6 100 100 100 100 100 100 
94.7 100 100 100 100 100 100 
94.8 100 100 100 100 100 100 
94.9 100 100 100 100 100 100 
95 100 100 100 100 100 100 
95.1 100 100 100 100 100 100 
95.2 100 100 100 100 100 100 
95.3 100 100 100 100 100 100 
95.4 100 100 100 100 100 100 
95.5 100 100 100 100 100 100 
95.6 100 100 100 100 100 100 
95.7 100 100 100 100 100 100 
95.8 100 100 100 100 100 100 
95.9 100 100 100 100 100 100 
96 100 100 100 100 100 100 
96.1 100 100 100 100 100 100 
96.2 100 100 100 100 100 100 
96.3 100 100 100 100 100 100 
96.4 100 100 100 100 100 100 
96.5 100 100 100 100 100 100 
96.6 100 100 100 100 100 100 
96.7 100 100 100 100 100 100 
96.8 100 100 100 100 100 100 
96.9 100 100 100 100 100 100 
97 100 100 100 100 100 100 
97.1 100 100 100 100 100 100 
97.2 100 100 100 100 100 100 
97.3 100 100 100 100 100 100 
97.4 100 100 100 100 100 100 
97.5 100 100 100 100 100 100 
97.6 100 100 100 100 100 100 
97.7 100 100 100 100 100 100 
97.8 100 100 100 100 100 100 
97.9 100 100 100 100 100 100 
98 100 100 100 100 100 100 
98.1 100 100 100 100 100 100 
98.2 100 100 100 100 100 100 
98.3 100 100 100 100 100 100 
98.4 100 100 100 100 100 100 
98.5 100 100 100 100 100 100 
98.6 100 100 100 100 100 100 
98.7 100 100 100 100 100 100 
98.8 100 100 100 100 100 100 
98.9 100 100 100 100 100 100 
99 100 100 100 100 100 100 
99.1 100 100 100 100 100 100 
99.2 100 100 100 100 100 100 
99.3 100 100 100 100 100 100 
99.4 100 100 100 100 100 100 
99.5 100 100 100 100 100 100 
99.6 100 100 100 100 100 100 
99.7 100 100 100 100 100 100 
99.8 100 100 100 100 100 100 
99.9 100 100 100 100 100 100 
100 100 100 100 100 100 100 
