0.1 0 1.93237 0.963855 0.642055 0.481348 0.384986 
0.2 2.43902 3.38164 1.92771 1.28411 0.962696 0.769971 
0.3 4.87805 5.31401 2.89157 1.92616 1.44404 1.15496 
0.4 4.87805 6.76329 3.85542 2.56822 1.92539 1.53994 
0.5 4.87805 8.21256 4.81928 3.21027 2.40674 1.92493 
0.6 4.87805 9.66184 5.78313 3.85233 2.88809 2.30991 
0.7 4.87805 11.1111 6.98795 4.6549 3.48977 2.79115 
0.8 7.31707 13.0435 7.95181 5.29695 3.97112 3.17613 
0.9 9.7561 14.0097 8.91566 5.939 4.45247 3.56112 
1 9.7561 14.9758 9.87952 6.58106 4.93381 3.9461 
1.1 12.1951 15.942 10.8434 7.22311 5.41516 4.33109 
1.2 12.1951 17.3913 11.8072 7.86517 5.89651 4.71607 
1.3 12.1951 17.8744 13.012 8.66774 6.49819 5.19731 
1.4 17.0732 19.3237 13.9759 9.30979 6.97954 5.58229 
1.5 19.5122 19.8068 14.9398 9.95185 7.46089 5.96728 
1.6 19.5122 20.2899 15.1807 10.2729 7.94224 6.35226 
1.7 21.9512 21.256 15.9036 10.9149 8.42359 6.73725 
1.8 21.9512 22.2222 16.8675 11.557 8.90493 7.12223 
1.9 21.9512 22.2222 17.8313 12.3596 9.50662 7.60346 
2 21.9512 22.2222 18.3133 13.0016 9.98797 7.98845 
2.1 24.3902 23.6715 19.2771 13.6437 10.4693 8.37344 
2.2 26.8293 24.1546 20 14.1252 10.8303 8.75842 
2.3 29.2683 24.6377 20.9639 14.7673 11.3117 9.14341 
2.4 29.2683 25.1208 21.6867 15.4093 11.793 9.52839 
2.5 29.2683 26.087 22.4096 16.0514 12.2744 9.91338 
2.6 29.2683 26.087 22.4096 16.3724 12.8761 10.3946 
2.7 29.2683 26.087 23.1325 16.8539 13.2371 10.7796 
2.8 29.2683 26.57 23.6145 17.496 13.7184 11.1646 
2.9 29.2683 27.0531 24.0964 17.9775 14.0794 11.5496 
3 31.7073 28.0193 24.8193 18.6196 14.5608 11.9346 
3.1 34.1463 28.9855 25.7831 19.2616 15.0421 12.3195 
3.2 34.1463 28.9855 26.506 20.0642 15.6438 12.8008 
3.3 34.1463 28.9855 27.2289 20.5457 16.1252 13.1858 
3.4 34.1463 28.9855 27.4699 21.0273 16.6065 13.5707 
3.5 34.1463 29.4686 27.9518 21.3483 17.0878 13.9557 
3.6 34.1463 29.4686 28.4337 21.9904 17.5692 14.3407 
3.7 34.1463 29.4686 28.9157 22.3114 18.0505 14.7257 
3.8 34.1463 29.4686 29.3976 22.7929 18.6522 15.2069 
3.9 34.1463 30.4348 29.8795 23.2745 19.1336 15.5919 
4 34.1463 30.4348 30.3614 23.756 19.6149 15.9769 
4.1 34.1463 30.4348 30.6024 24.2376 20.0963 16.3619 
4.2 34.1463 30.9179 31.5663 24.8796 20.5776 16.7469 
4.3 34.1463 30.9179 32.0482 25.3612 20.9386 17.0356 
4.4 34.1463 30.9179 32.2892 26.0032 21.42 17.4206 
4.5 34.1463 30.9179 32.5301 26.6453 22.0217 17.9018 
4.6 36.5854 31.401 33.253 27.1268 22.3827 18.2868 
4.7 36.5854 31.8841 33.7349 27.7689 22.864 18.6718 
4.8 36.5854 31.8841 33.7349 27.9294 23.225 18.9605 
4.9 36.5854 31.8841 33.9759 28.4109 23.7064 19.3455 
5 36.5854 31.8841 34.4578 29.053 24.1877 19.7305 
5.1 36.5854 31.8841 34.6988 29.374 24.7894 20.2117 
5.2 36.5854 31.8841 34.6988 29.695 25.2708 20.5967 
5.3 36.5854 31.8841 34.6988 30.1766 25.7521 20.9817 
5.4 36.5854 31.8841 34.6988 30.6581 26.2335 21.3667 
5.5 36.5854 31.8841 35.1807 31.3002 26.7148 21.7517 
5.6 36.5854 32.3671 35.4217 31.7817 27.1961 22.1367 
5.7 36.5854 32.3671 35.4217 31.9422 27.5572 22.4254 
5.8 36.5854 32.3671 35.9036 32.4238 28.0385 22.8104 
5.9 36.5854 32.3671 36.3855 32.9053 28.3995 23.1954 
6 36.5854 32.8502 36.8675 33.3868 28.8809 23.5804 
6.1 36.5854 33.3333 37.5904 33.8684 29.3622 23.9654 
6.2 36.5854 33.3333 37.8313 34.3499 29.7232 24.3503 
6.3 39.0244 33.8164 38.3133 34.8315 30.2046 24.7353 
6.4 39.0244 33.8164 38.3133 35.1525 30.4452 25.0241 
6.5 39.0244 33.8164 38.5542 35.634 30.8063 25.3128 
6.6 41.4634 34.2995 38.7952 36.1156 31.2876 25.6978 
6.7 41.4634 34.7826 39.0361 36.5971 31.769 26.0828 
6.8 41.4634 34.7826 39.0361 36.9181 32.0096 26.4678 
6.9 41.4634 35.7488 39.5181 37.5602 32.491 26.8527 
7 41.4634 35.7488 39.5181 38.0417 32.9723 27.2377 
7.1 41.4634 35.7488 39.759 38.2022 33.0927 27.5265 
7.2 43.9024 36.2319 40.241 38.6838 33.574 27.9115 
7.3 43.9024 36.715 40.7229 39.3258 34.0554 28.2964 
7.4 43.9024 36.715 40.7229 39.3258 34.4164 28.5852 
7.5 46.3415 37.1981 40.9639 39.6469 34.657 28.7777 
7.6 46.3415 37.1981 40.9639 39.9679 35.1384 29.2589 
7.7 46.3415 37.1981 40.9639 40.1284 35.3791 29.5476 
7.8 46.3415 37.1981 40.9639 40.4494 35.7401 29.8364 
7.9 46.3415 37.1981 40.9639 40.7705 35.9807 30.1251 
8 48.7805 37.6812 41.4458 41.252 36.3418 30.5101 
8.1 48.7805 37.6812 41.4458 41.573 36.8231 30.8951 
8.2 48.7805 37.6812 41.4458 41.7335 37.1841 31.2801 
8.3 48.7805 37.6812 41.6867 42.2151 37.7858 31.7613 
8.4 48.7805 37.6812 41.6867 42.3756 38.1468 32.1463 
8.5 48.7805 37.6812 41.6867 42.5361 38.5078 32.435 
8.6 48.7805 37.6812 41.6867 42.6966 38.6282 32.5313 
8.7 48.7805 37.6812 41.6867 42.8571 38.7485 32.6275 
8.8 48.7805 37.6812 41.6867 43.0177 39.1095 33.0125 
8.9 48.7805 37.6812 41.9277 43.6597 39.5909 33.3975 
9 48.7805 37.6812 41.9277 43.9807 39.9519 33.7825 
9.1 48.7805 37.6812 42.4096 44.3018 40.1925 33.975 
9.2 48.7805 37.6812 42.4096 44.3018 40.4332 34.2637 
9.3 48.7805 37.6812 42.6506 44.4623 40.7942 34.5525 
9.4 48.7805 37.6812 42.6506 44.6228 41.1552 34.8412 
9.5 48.7805 38.1643 42.8916 44.7833 41.5162 35.3224 
9.6 48.7805 38.1643 42.8916 45.1043 41.8773 35.6112 
9.7 48.7805 38.1643 43.1325 45.4254 42.3586 35.9962 
9.8 51.2195 38.6473 43.3735 45.5859 42.4789 36.1886 
9.9 51.2195 38.6473 43.3735 45.5859 42.4789 36.2849 
10 51.2195 38.6473 43.6145 45.7464 42.9603 36.6699 
10.1 51.2195 38.6473 43.8554 46.2279 43.4416 37.0549 
10.2 51.2195 38.6473 43.8554 46.2279 43.6823 37.2474 
10.3 51.2195 38.6473 43.8554 46.3884 44.0433 37.6323 
10.4 51.2195 38.6473 44.0964 46.87 44.4043 37.9211 
10.5 51.2195 38.6473 44.0964 47.3515 44.7653 38.2098 
10.6 51.2195 38.6473 44.3373 47.6726 45.1264 38.4986 
10.7 51.2195 38.6473 44.3373 47.6726 45.2467 38.691 
10.8 51.2195 39.1304 44.8193 48.1541 45.6077 39.1723 
10.9 51.2195 39.1304 45.0602 48.4751 45.9687 39.461 
11 51.2195 39.1304 45.0602 48.6356 46.2094 39.846 
11.1 51.2195 39.1304 45.0602 48.7961 46.4501 40.0385 
11.2 51.2195 39.1304 45.0602 48.7961 46.5704 40.231 
11.3 51.2195 39.1304 45.0602 48.7961 46.5704 40.231 
11.4 51.2195 39.1304 45.0602 48.7961 46.6907 40.5197 
11.5 51.2195 39.1304 45.0602 48.7961 46.8111 40.616 
11.6 53.6585 39.6135 45.3012 48.9567 46.9314 40.8085 
11.7 53.6585 39.6135 45.3012 49.1172 47.1721 41.0972 
11.8 53.6585 39.6135 45.3012 49.1172 47.2924 41.2897 
11.9 53.6585 39.6135 45.3012 49.2777 47.6534 41.5784 
12 53.6585 39.6135 45.3012 49.2777 48.0144 41.8672 
12.1 53.6585 39.6135 45.3012 49.2777 48.1348 42.1559 
12.2 53.6585 39.6135 45.3012 49.4382 48.2551 42.3484 
12.3 53.6585 39.6135 45.3012 49.5987 48.3755 42.5409 
12.4 53.6585 39.6135 45.3012 49.7592 48.8568 42.9259 
12.5 53.6585 39.6135 45.3012 49.9197 49.2178 43.2146 
12.6 53.6585 39.6135 45.3012 50.0803 49.4585 43.4071 
12.7 53.6585 39.6135 45.3012 50.2408 49.5788 43.6959 
12.8 53.6585 39.6135 45.3012 50.4013 49.6992 43.9846 
12.9 53.6585 40.0966 45.5422 50.8828 50.0602 44.3696 
13 53.6585 40.0966 45.5422 50.8828 50.3008 44.5621 
13.1 53.6585 40.0966 45.5422 51.2039 50.5415 44.8508 
13.2 53.6585 40.0966 45.7831 51.3644 50.7822 45.1396 
13.3 53.6585 40.0966 46.0241 51.8459 51.2635 45.6208 
13.4 53.6585 40.0966 46.2651 52.0064 51.5042 46.0058 
13.5 53.6585 40.0966 46.2651 52.0064 51.6245 46.1983 
13.6 53.6585 40.0966 46.2651 52.0064 51.6245 46.3908 
13.7 53.6585 40.0966 46.2651 52.0064 51.6245 46.487 
13.8 53.6585 40.0966 46.2651 52.3274 51.9856 46.7757 
13.9 53.6585 40.5797 46.506 52.488 52.2262 46.9682 
14 53.6585 40.5797 46.506 52.809 52.5872 47.257 
14.1 53.6585 40.5797 46.506 52.9695 52.7076 47.4495 
14.2 53.6585 40.5797 46.506 52.9695 52.8279 47.642 
14.3 53.6585 40.5797 46.747 53.13 53.1889 48.0269 
14.4 53.6585 40.5797 46.747 53.13 53.3093 48.1232 
14.5 53.6585 40.5797 46.747 53.13 53.3093 48.4119 
14.6 53.6585 40.5797 46.988 53.2905 53.5499 48.6044 
14.7 53.6585 40.5797 46.988 53.2905 53.7906 48.7969 
14.8 53.6585 40.5797 46.988 53.451 53.911 48.9894 
14.9 53.6585 40.5797 46.988 53.451 54.0313 49.3744 
15 53.6585 40.5797 46.988 53.451 54.1516 49.4706 
15.1 53.6585 41.0628 47.2289 53.7721 54.3923 49.7594 
15.2 53.6585 41.0628 47.2289 53.9326 54.5126 49.8556 
15.3 53.6585 41.0628 47.2289 53.9326 54.633 49.9519 
15.4 56.0976 41.5459 47.4699 54.0931 54.7533 50.1444 
15.5 56.0976 41.5459 47.4699 54.0931 54.8736 50.3369 
15.6 56.0976 41.5459 47.4699 54.0931 54.8736 50.4331 
15.7 56.0976 41.5459 47.4699 54.0931 54.8736 50.4331 
15.8 56.0976 41.5459 47.4699 54.0931 54.8736 50.4331 
15.9 56.0976 41.5459 47.4699 54.0931 54.8736 50.4331 
16 56.0976 41.5459 47.4699 54.0931 54.8736 50.4331 
16.1 56.0976 41.5459 47.7108 54.4141 55.1143 50.6256 
16.2 60.9756 42.5121 48.1928 54.7352 55.355 50.9143 
16.3 60.9756 42.5121 48.1928 54.8957 55.5957 51.2031 
16.4 60.9756 42.5121 48.1928 55.0562 55.716 51.2993 
16.5 60.9756 42.5121 48.4337 55.3772 56.077 51.7806 
16.6 60.9756 42.5121 48.4337 55.3772 56.1974 52.0693 
16.7 60.9756 42.5121 48.6747 55.5377 56.3177 52.358 
16.8 63.4146 42.9952 48.9157 55.8587 56.5584 52.5505 
16.9 63.4146 42.9952 48.9157 55.8587 56.5584 52.8393 
17 63.4146 42.9952 49.1566 56.0193 56.799 53.0318 
17.1 63.4146 43.4783 49.3976 56.1798 56.9194 53.2243 
17.2 63.4146 43.4783 49.3976 56.3403 57.0397 53.513 
17.3 63.4146 43.4783 49.3976 56.3403 57.0397 53.6092 
17.4 63.4146 43.4783 49.6386 56.5008 57.4007 53.898 
17.5 63.4146 43.4783 49.6386 56.5008 57.4007 53.898 
17.6 63.4146 43.4783 49.6386 56.5008 57.5211 53.9942 
17.7 63.4146 43.4783 49.6386 56.5008 57.7617 54.283 
17.8 63.4146 43.4783 49.6386 56.8218 58.0024 54.5717 
17.9 63.4146 43.4783 49.6386 56.8218 58.1227 54.8604 
18 63.4146 43.4783 49.8795 56.9823 58.2431 54.9567 
18.1 63.4146 43.9614 50.1205 57.1429 58.3634 55.0529 
18.2 63.4146 43.9614 50.1205 57.1429 58.3634 55.1492 
18.3 63.4146 43.9614 50.1205 57.1429 58.3634 55.1492 
18.4 63.4146 43.9614 50.1205 57.3034 58.6041 55.4379 
18.5 63.4146 44.4444 50.3614 57.4639 58.8448 55.6304 
18.6 65.8537 44.9275 50.6024 57.7849 59.2058 55.9192 
18.7 65.8537 44.9275 50.6024 57.7849 59.2058 56.0154 
18.8 68.2927 45.4106 51.0843 58.1059 59.4465 56.2079 
18.9 68.2927 45.4106 51.3253 58.2665 59.6871 56.5929 
19 68.2927 45.4106 51.3253 58.2665 59.6871 56.6891 
19.1 68.2927 45.4106 51.3253 58.2665 59.6871 56.6891 
19.2 68.2927 45.4106 51.3253 58.2665 59.6871 56.6891 
19.3 68.2927 45.4106 51.3253 58.2665 59.6871 56.6891 
19.4 68.2927 45.4106 51.3253 58.2665 59.6871 56.6891 
19.5 68.2927 45.4106 51.3253 58.2665 59.6871 56.6891 
19.6 68.2927 45.8937 51.5663 58.427 59.8075 56.7854 
19.7 68.2927 45.8937 51.5663 58.5875 60.1685 57.0741 
19.8 68.2927 45.8937 51.5663 58.5875 60.2888 57.3628 
19.9 68.2927 45.8937 51.5663 58.5875 60.4091 57.4591 
20 68.2927 45.8937 51.5663 58.5875 60.4091 57.7478 
20.1 68.2927 45.8937 51.5663 58.748 60.6498 58.0366 
20.2 68.2927 45.8937 51.5663 58.748 60.6498 58.2291 
20.3 68.2927 45.8937 51.8072 58.9085 60.7702 58.3253 
20.4 68.2927 46.3768 52.0482 59.069 60.8905 58.5178 
20.5 70.7317 46.8599 52.2892 59.2295 61.0108 58.8065 
20.6 70.7317 46.8599 52.2892 59.2295 61.0108 58.9028 
20.7 70.7317 46.8599 52.2892 59.2295 61.0108 58.999 
20.8 70.7317 46.8599 52.2892 59.2295 61.0108 59.1915 
20.9 70.7317 46.8599 52.5301 59.7111 61.3718 59.4803 
21 70.7317 46.8599 52.5301 59.7111 61.3718 59.5765 
21.1 70.7317 46.8599 52.5301 59.7111 61.3718 59.5765 
21.2 70.7317 46.8599 52.5301 59.7111 61.4922 59.769 
21.3 70.7317 46.8599 52.5301 59.7111 61.4922 59.769 
21.4 70.7317 46.8599 52.5301 59.7111 61.4922 59.769 
21.5 70.7317 46.8599 52.5301 59.7111 61.4922 59.769 
21.6 70.7317 46.8599 52.5301 59.7111 61.4922 59.769 
21.7 70.7317 47.343 53.012 60.0321 61.7329 59.9615 
21.8 70.7317 47.343 53.012 60.0321 61.8532 60.154 
21.9 70.7317 47.343 53.012 60.0321 61.8532 60.2502 
22 70.7317 47.343 53.012 60.1926 62.0939 60.4427 
22.1 70.7317 47.343 53.012 60.1926 62.0939 60.4427 
22.2 70.7317 47.343 53.012 60.1926 62.2142 60.539 
22.3 70.7317 47.343 53.012 60.1926 62.3345 60.6352 
22.4 70.7317 47.343 53.012 60.1926 62.4549 60.7315 
22.5 70.7317 47.343 53.012 60.1926 62.4549 60.924 
22.6 70.7317 47.343 53.012 60.1926 62.5752 61.1165 
22.7 70.7317 47.343 53.012 60.1926 62.8159 61.4052 
22.8 70.7317 47.343 53.012 60.1926 62.8159 61.4052 
22.9 70.7317 47.343 53.012 60.1926 62.8159 61.4052 
23 70.7317 47.343 53.012 60.1926 62.8159 61.4052 
23.1 70.7317 47.343 53.012 60.1926 62.8159 61.4052 
23.2 70.7317 47.343 53.012 60.1926 62.8159 61.4052 
23.3 70.7317 47.343 53.012 60.1926 62.8159 61.4052 
23.4 70.7317 47.343 53.012 60.1926 62.8159 61.4052 
23.5 70.7317 47.343 53.012 60.1926 62.8159 61.4052 
23.6 70.7317 47.343 53.012 60.1926 62.8159 61.4052 
23.7 70.7317 47.343 53.012 60.1926 62.8159 61.4052 
23.8 70.7317 47.343 53.012 60.1926 62.8159 61.4052 
23.9 70.7317 47.8261 53.253 60.3531 62.9362 61.5014 
24 70.7317 47.8261 53.253 60.3531 62.9362 61.5014 
24.1 70.7317 47.8261 53.253 60.3531 63.0566 61.5977 
24.2 70.7317 47.8261 53.253 60.3531 63.0566 61.7902 
24.3 70.7317 47.8261 53.253 60.3531 63.0566 61.8864 
24.4 70.7317 47.8261 53.253 60.3531 63.0566 61.8864 
24.5 70.7317 47.8261 53.253 60.3531 63.0566 61.9827 
24.6 70.7317 47.8261 53.253 60.3531 63.0566 62.1752 
24.7 70.7317 47.8261 53.253 60.5136 63.1769 62.3677 
24.8 70.7317 47.8261 53.253 60.5136 63.2972 62.4639 
24.9 70.7317 47.8261 53.253 60.5136 63.2972 62.4639 
25 70.7317 47.8261 53.253 60.5136 63.5379 62.6564 
25.1 70.7317 47.8261 53.253 60.5136 63.5379 62.6564 
25.2 70.7317 47.8261 53.253 60.5136 63.5379 62.6564 
25.3 70.7317 47.8261 53.253 60.5136 63.5379 62.6564 
25.4 70.7317 47.8261 53.253 60.5136 63.5379 62.7526 
25.5 70.7317 47.8261 53.253 60.5136 63.5379 62.8489 
25.6 70.7317 47.8261 53.253 60.6742 63.6582 62.9451 
25.7 70.7317 47.8261 53.253 60.6742 63.6582 63.0414 
25.8 73.1707 48.3092 53.494 60.8347 63.7786 63.1376 
25.9 73.1707 48.3092 53.494 60.8347 63.7786 63.3301 
26 73.1707 48.3092 53.494 60.8347 63.7786 63.3301 
26.1 73.1707 48.3092 53.494 60.8347 63.7786 63.4264 
26.2 73.1707 48.3092 53.494 60.8347 63.7786 63.4264 
26.3 73.1707 48.3092 53.494 60.8347 63.8989 63.5226 
26.4 73.1707 48.3092 53.494 60.8347 63.8989 63.5226 
26.5 73.1707 48.3092 53.494 60.8347 64.1396 63.7151 
26.6 73.1707 48.3092 53.494 60.9952 64.2599 63.8114 
26.7 73.1707 48.3092 53.494 60.9952 64.3803 63.9076 
26.8 73.1707 48.3092 53.494 60.9952 64.3803 64.0038 
26.9 73.1707 48.3092 53.494 60.9952 64.3803 64.1001 
27 73.1707 48.3092 53.494 60.9952 64.5006 64.1963 
27.1 73.1707 48.3092 53.494 60.9952 64.5006 64.2926 
27.2 73.1707 48.3092 53.494 60.9952 64.6209 64.3888 
27.3 73.1707 48.3092 53.494 60.9952 64.7413 64.4851 
27.4 73.1707 48.3092 53.494 60.9952 64.7413 64.4851 
27.5 75.6098 48.7923 53.7349 61.1557 64.8616 64.6776 
27.6 75.6098 48.7923 53.7349 61.1557 64.9819 64.7738 
27.7 75.6098 48.7923 53.7349 61.1557 64.9819 64.7738 
27.8 75.6098 48.7923 53.7349 61.1557 64.9819 64.7738 
27.9 75.6098 48.7923 53.7349 61.3162 65.1023 64.8701 
28 75.6098 48.7923 53.7349 61.3162 65.1023 64.8701 
28.1 75.6098 48.7923 53.7349 61.3162 65.1023 64.8701 
28.2 75.6098 48.7923 53.7349 61.3162 65.1023 64.8701 
28.3 75.6098 48.7923 53.7349 61.3162 65.2226 65.0626 
28.4 75.6098 48.7923 53.7349 61.3162 65.343 65.1588 
28.5 75.6098 48.7923 53.7349 61.3162 65.4633 65.2551 
28.6 75.6098 48.7923 53.7349 61.3162 65.4633 65.3513 
28.7 75.6098 48.7923 53.7349 61.3162 65.4633 65.3513 
28.8 75.6098 49.2754 53.9759 61.4767 65.5836 65.5438 
28.9 78.0488 49.7585 54.2169 61.6372 65.704 65.64 
29 78.0488 49.7585 54.2169 61.6372 65.704 65.64 
29.1 78.0488 49.7585 54.2169 61.6372 65.704 65.64 
29.2 78.0488 49.7585 54.2169 61.6372 65.704 65.64 
29.3 78.0488 49.7585 54.2169 61.6372 65.704 65.64 
29.4 78.0488 49.7585 54.2169 61.6372 65.704 65.64 
29.5 78.0488 49.7585 54.2169 61.6372 65.704 65.64 
29.6 78.0488 49.7585 54.2169 61.6372 65.704 65.64 
29.7 78.0488 49.7585 54.2169 61.6372 65.704 65.64 
29.8 78.0488 49.7585 54.2169 61.6372 65.704 65.64 
29.9 78.0488 49.7585 54.2169 61.6372 65.704 65.64 
30 78.0488 49.7585 54.2169 61.6372 65.704 65.64 
30.1 78.0488 49.7585 54.2169 61.6372 65.704 65.64 
30.2 78.0488 49.7585 54.2169 61.6372 65.704 65.64 
30.3 78.0488 49.7585 54.2169 61.6372 65.704 65.64 
30.4 78.0488 49.7585 54.2169 61.6372 65.704 65.64 
30.5 78.0488 49.7585 54.2169 61.6372 65.704 65.64 
30.6 78.0488 49.7585 54.2169 61.6372 65.704 65.64 
30.7 78.0488 49.7585 54.2169 61.6372 65.704 65.64 
30.8 78.0488 49.7585 54.2169 61.6372 65.704 65.64 
30.9 78.0488 49.7585 54.2169 61.6372 65.704 65.64 
31 78.0488 49.7585 54.2169 61.6372 65.704 65.64 
31.1 78.0488 49.7585 54.2169 61.6372 65.704 65.64 
31.2 78.0488 49.7585 54.2169 61.6372 65.704 65.64 
31.3 78.0488 49.7585 54.2169 61.6372 65.704 65.64 
31.4 78.0488 49.7585 54.2169 61.6372 65.704 65.64 
31.5 78.0488 49.7585 54.2169 61.6372 65.704 65.64 
31.6 78.0488 49.7585 54.2169 61.6372 65.704 65.64 
31.7 78.0488 49.7585 54.2169 61.6372 65.704 65.7363 
31.8 78.0488 49.7585 54.2169 61.7978 65.8243 65.8325 
31.9 78.0488 49.7585 54.2169 61.7978 65.9446 66.025 
32 78.0488 49.7585 54.2169 61.7978 65.9446 66.2175 
32.1 78.0488 49.7585 54.2169 61.9583 66.065 66.41 
32.2 78.0488 49.7585 54.2169 61.9583 66.065 66.41 
32.3 78.0488 49.7585 54.2169 61.9583 66.065 66.6025 
32.4 78.0488 49.7585 54.2169 61.9583 66.065 66.6987 
32.5 78.0488 49.7585 54.2169 61.9583 66.065 66.6987 
32.6 78.0488 49.7585 54.2169 61.9583 66.065 66.795 
32.7 78.0488 49.7585 54.4578 62.2793 66.426 67.0837 
32.8 78.0488 49.7585 54.4578 62.2793 66.426 67.0837 
32.9 78.0488 49.7585 54.4578 62.2793 66.426 67.18 
33 78.0488 49.7585 54.4578 62.2793 66.426 67.18 
33.1 78.0488 49.7585 54.4578 62.2793 66.426 67.18 
33.2 78.0488 49.7585 54.4578 62.2793 66.5463 67.3725 
33.3 78.0488 49.7585 54.4578 62.2793 66.5463 67.565 
33.4 78.0488 49.7585 54.4578 62.2793 66.5463 67.565 
33.5 78.0488 49.7585 54.4578 62.2793 66.5463 67.565 
33.6 78.0488 49.7585 54.4578 62.4398 66.6667 67.6612 
33.7 78.0488 49.7585 54.4578 62.4398 66.6667 67.6612 
33.8 78.0488 49.7585 54.4578 62.4398 66.6667 67.6612 
33.9 78.0488 49.7585 54.4578 62.4398 66.6667 67.6612 
34 78.0488 49.7585 54.4578 62.4398 66.6667 67.7575 
34.1 78.0488 49.7585 54.4578 62.4398 66.6667 67.7575 
34.2 78.0488 49.7585 54.4578 62.4398 66.787 68.0462 
34.3 78.0488 49.7585 54.4578 62.4398 66.787 68.2387 
34.4 78.0488 49.7585 54.4578 62.4398 66.9073 68.3349 
34.5 78.0488 49.7585 54.4578 62.4398 66.9073 68.4312 
34.6 78.0488 49.7585 54.4578 62.4398 66.9073 68.4312 
34.7 78.0488 49.7585 54.4578 62.4398 66.9073 68.5274 
34.8 78.0488 49.7585 54.4578 62.4398 66.9073 68.6237 
34.9 78.0488 49.7585 54.4578 62.4398 66.9073 68.6237 
35 78.0488 49.7585 54.4578 62.4398 66.9073 68.6237 
35.1 78.0488 49.7585 54.4578 62.4398 66.9073 68.6237 
35.2 78.0488 49.7585 54.4578 62.4398 66.9073 68.6237 
35.3 78.0488 49.7585 54.4578 62.4398 66.9073 68.8162 
35.4 78.0488 49.7585 54.4578 62.4398 66.9073 68.8162 
35.5 78.0488 49.7585 54.4578 62.4398 66.9073 68.9124 
35.6 78.0488 49.7585 54.6988 62.6003 67.148 69.1049 
35.7 78.0488 49.7585 54.6988 62.6003 67.148 69.1049 
35.8 78.0488 49.7585 54.6988 62.6003 67.148 69.1049 
35.9 78.0488 49.7585 54.6988 62.6003 67.2684 69.2012 
36 78.0488 49.7585 54.6988 62.6003 67.2684 69.2012 
36.1 78.0488 49.7585 54.6988 62.6003 67.2684 69.2012 
36.2 78.0488 49.7585 54.6988 62.6003 67.3887 69.2974 
36.3 78.0488 49.7585 54.6988 62.6003 67.3887 69.3936 
36.4 78.0488 49.7585 54.9398 62.7608 67.509 69.4899 
36.5 78.0488 49.7585 54.9398 62.7608 67.509 69.4899 
36.6 78.0488 49.7585 54.9398 62.7608 67.509 69.4899 
36.7 78.0488 49.7585 55.1807 62.9213 67.6294 69.5861 
36.8 80.4878 50.2415 55.6627 63.2424 67.87 69.7786 
36.9 82.9268 50.7246 55.9036 63.4029 67.9904 69.8749 
37 82.9268 50.7246 55.9036 63.4029 67.9904 69.9711 
37.1 82.9268 51.2077 56.1446 63.7239 68.231 70.1636 
37.2 82.9268 51.2077 56.1446 63.7239 68.231 70.1636 
37.3 82.9268 51.2077 56.1446 63.7239 68.231 70.2599 
37.4 82.9268 51.2077 56.1446 63.7239 68.3514 70.3561 
37.5 82.9268 51.2077 56.1446 63.7239 68.3514 70.3561 
37.6 82.9268 51.2077 56.1446 63.7239 68.3514 70.3561 
37.7 82.9268 51.2077 56.1446 63.7239 68.3514 70.3561 
37.8 82.9268 51.2077 56.1446 63.7239 68.3514 70.3561 
37.9 82.9268 51.2077 56.1446 63.7239 68.3514 70.3561 
38 87.8049 52.1739 56.6265 64.0449 68.5921 70.5486 
38.1 87.8049 52.1739 56.6265 64.0449 68.7124 70.7411 
38.2 87.8049 52.1739 56.6265 64.0449 68.7124 70.7411 
38.3 87.8049 52.1739 56.6265 64.0449 68.7124 70.8373 
38.4 87.8049 52.1739 56.6265 64.0449 68.7124 70.8373 
38.5 87.8049 52.1739 56.6265 64.0449 68.7124 70.8373 
38.6 87.8049 52.1739 56.6265 64.0449 68.7124 70.8373 
38.7 87.8049 52.1739 56.6265 64.0449 68.7124 70.8373 
38.8 87.8049 52.1739 56.6265 64.2055 68.8327 70.9336 
38.9 87.8049 52.1739 56.8675 64.366 68.9531 71.0298 
39 87.8049 52.657 57.1084 64.5265 69.0734 71.1261 
39.1 87.8049 52.657 57.1084 64.5265 69.0734 71.1261 
39.2 87.8049 52.657 57.1084 64.687 69.1937 71.2223 
39.3 87.8049 52.657 57.1084 64.687 69.1937 71.2223 
39.4 87.8049 52.657 57.1084 64.687 69.1937 71.2223 
39.5 87.8049 52.657 57.1084 64.687 69.1937 71.2223 
39.6 87.8049 52.657 57.1084 64.687 69.1937 71.2223 
39.7 87.8049 52.657 57.1084 64.687 69.1937 71.2223 
39.8 87.8049 52.657 57.1084 64.687 69.1937 71.2223 
39.9 87.8049 52.657 57.1084 64.687 69.1937 71.2223 
40 87.8049 52.657 57.1084 64.687 69.1937 71.2223 
40.1 87.8049 52.657 57.1084 64.687 69.1937 71.2223 
40.2 87.8049 52.657 57.1084 64.687 69.4344 71.4148 
40.3 87.8049 52.657 57.1084 64.687 69.9158 71.7998 
40.4 87.8049 52.657 57.1084 64.687 70.0361 71.8961 
40.5 87.8049 52.657 57.1084 64.687 70.0361 71.8961 
40.6 87.8049 54.1063 57.8313 65.1685 70.3971 72.1848 
40.7 87.8049 56.0386 58.7952 65.8106 70.8785 72.5698 
40.8 87.8049 57.971 59.759 66.4526 71.3598 72.9548 
40.9 87.8049 59.9034 60.7229 67.0947 71.8412 73.3397 
41 87.8049 61.3527 61.4458 67.5762 72.2022 73.6285 
41.1 87.8049 61.3527 61.4458 67.5762 72.2022 73.6285 
41.2 87.8049 61.3527 61.6867 68.0578 72.5632 73.9172 
41.3 87.8049 62.3188 62.1687 68.3788 72.8039 74.1097 
41.4 87.8049 62.8019 62.4096 68.5393 72.9242 74.206 
41.5 87.8049 62.8019 62.4096 68.5393 72.9242 74.206 
41.6 87.8049 62.8019 62.4096 68.5393 72.9242 74.206 
41.7 87.8049 62.8019 62.4096 68.5393 73.0445 74.3022 
41.8 87.8049 62.8019 62.4096 68.5393 73.0445 74.3022 
41.9 87.8049 62.8019 62.4096 68.5393 73.0445 74.3022 
42 87.8049 62.8019 62.4096 68.5393 73.0445 74.3022 
42.1 87.8049 62.8019 62.4096 68.5393 73.1649 74.591 
42.2 87.8049 62.8019 62.4096 68.5393 73.1649 74.591 
42.3 87.8049 62.8019 62.4096 68.5393 73.1649 74.591 
42.4 87.8049 62.8019 62.4096 68.5393 73.1649 74.591 
42.5 87.8049 62.8019 62.4096 68.5393 73.1649 74.6872 
42.6 87.8049 62.8019 62.4096 68.5393 73.1649 74.7834 
42.7 87.8049 62.8019 62.4096 68.5393 73.1649 74.7834 
42.8 87.8049 62.8019 62.4096 68.5393 73.1649 74.7834 
42.9 87.8049 62.8019 62.4096 68.5393 73.1649 74.7834 
43 87.8049 62.8019 62.4096 68.5393 73.1649 74.8797 
43.1 87.8049 62.8019 62.4096 68.5393 73.1649 74.8797 
43.2 87.8049 62.8019 63.1325 69.1814 73.6462 75.2647 
43.3 87.8049 62.8019 63.6145 69.5024 74.0072 75.5534 
43.4 87.8049 62.8019 63.6145 69.5024 74.0072 75.5534 
43.5 87.8049 62.8019 63.8554 69.8234 74.2479 75.7459 
43.6 92.6829 63.7681 64.3373 70.4655 74.7292 76.1309 
43.7 100 66.1836 65.5422 71.2681 75.3309 76.6121 
43.8 100 67.6329 66.2651 71.7496 75.6919 76.9009 
43.9 100 67.6329 66.2651 71.7496 75.6919 76.9009 
44 100 67.6329 66.2651 71.7496 75.6919 76.9009 
44.1 100 67.6329 66.2651 71.7496 75.6919 76.9971 
44.2 100 67.6329 66.2651 71.7496 75.6919 76.9971 
44.3 100 67.6329 66.2651 71.7496 75.6919 76.9971 
44.4 100 67.6329 66.2651 71.7496 75.6919 76.9971 
44.5 100 69.5652 67.2289 72.3917 76.1733 77.3821 
44.6 100 71.4976 68.1928 73.0337 76.6546 77.7671 
44.7 100 71.9807 69.1566 73.6758 77.136 78.1521 
44.8 100 72.9469 70.1205 74.3178 77.6173 78.5371 
44.9 100 72.9469 70.1205 74.3178 77.6173 78.5371 
45 100 72.9469 70.1205 74.3178 77.7377 78.6333 
45.1 100 72.9469 70.1205 74.3178 77.7377 78.6333 
45.2 100 72.9469 70.1205 74.3178 77.7377 78.6333 
45.3 100 72.9469 70.1205 74.3178 77.7377 78.6333 
45.4 100 72.9469 70.1205 74.3178 77.7377 78.6333 
45.5 100 73.43 70.3614 74.4783 77.858 78.7295 
45.6 100 73.43 70.3614 74.4783 77.858 78.7295 
45.7 100 73.43 70.3614 74.4783 77.858 78.7295 
45.8 100 73.43 70.3614 74.4783 77.858 78.7295 
45.9 100 73.43 70.3614 74.4783 77.858 78.7295 
46 100 73.43 70.3614 74.4783 77.858 78.7295 
46.1 100 73.43 70.3614 74.4783 77.858 78.7295 
46.2 100 73.43 70.3614 74.4783 77.858 78.7295 
46.3 100 73.43 70.3614 74.4783 77.858 78.7295 
46.4 100 73.43 70.3614 74.4783 77.858 78.7295 
46.5 100 73.43 70.3614 74.4783 77.858 78.7295 
46.6 100 73.43 70.3614 74.4783 77.858 78.7295 
46.7 100 73.43 70.3614 74.4783 77.858 78.7295 
46.8 100 73.43 70.3614 74.4783 77.858 78.8258 
46.9 100 73.43 70.3614 74.4783 77.858 78.922 
47 100 73.43 70.3614 74.4783 77.858 78.922 
47.1 100 73.43 70.3614 74.4783 77.9783 79.0183 
47.2 100 73.43 70.3614 74.4783 77.9783 79.0183 
47.3 100 73.43 70.3614 74.4783 77.9783 79.0183 
47.4 100 73.43 70.3614 74.4783 77.9783 79.0183 
47.5 100 73.43 70.6024 74.6388 78.0987 79.1145 
47.6 100 73.43 70.6024 74.6388 78.0987 79.1145 
47.7 100 73.913 70.8434 74.7994 78.219 79.2108 
47.8 100 73.913 70.8434 74.9599 78.3394 79.307 
47.9 100 73.913 70.8434 75.1204 78.4597 79.4033 
48 100 73.913 70.8434 75.1204 78.4597 79.4033 
48.1 100 73.913 71.3253 75.6019 78.8207 79.692 
48.2 100 74.3961 71.5663 75.7624 78.941 79.7883 
48.3 100 74.3961 71.5663 75.7624 78.941 79.7883 
48.4 100 74.8792 71.8072 75.923 79.0614 79.8845 
48.5 100 75.3623 72.0482 76.0835 79.1817 79.9808 
48.6 100 75.3623 72.0482 76.0835 79.1817 79.9808 
48.7 100 75.3623 72.0482 76.244 79.302 80.077 
48.8 100 75.3623 72.0482 76.244 79.302 80.077 
48.9 100 75.3623 72.0482 76.244 79.302 80.077 
49 100 75.3623 72.0482 76.244 79.302 80.077 
49.1 100 75.3623 72.0482 76.244 79.302 80.077 
49.2 100 75.3623 72.0482 76.244 79.302 80.077 
49.3 100 75.3623 72.0482 76.244 79.302 80.077 
49.4 100 75.3623 72.0482 76.244 79.4224 80.1732 
49.5 100 75.3623 72.0482 76.244 79.4224 80.1732 
49.6 100 75.3623 72.0482 76.244 79.4224 80.1732 
49.7 100 75.3623 72.0482 76.244 79.4224 80.1732 
49.8 100 75.3623 72.0482 76.4045 79.5427 80.2695 
49.9 100 75.3623 72.0482 76.4045 79.6631 80.3657 
50 100 75.3623 72.0482 76.4045 79.7834 80.462 
50.1 100 75.3623 72.2892 76.565 79.9037 80.5582 
50.2 100 75.3623 72.2892 76.565 79.9037 80.5582 
50.3 100 75.3623 72.2892 76.565 79.9037 80.5582 
50.4 100 75.3623 72.2892 76.565 79.9037 80.5582 
50.5 100 75.3623 72.2892 76.565 79.9037 80.6545 
50.6 100 75.3623 72.2892 76.565 79.9037 80.6545 
50.7 100 75.3623 72.2892 76.565 79.9037 80.6545 
50.8 100 75.3623 72.5301 76.7255 80.0241 80.7507 
50.9 100 75.3623 72.5301 76.7255 80.0241 80.7507 
51 100 75.3623 72.5301 76.7255 80.0241 80.847 
51.1 100 75.3623 72.5301 76.7255 80.0241 80.847 
51.2 100 75.3623 72.5301 76.7255 80.0241 80.847 
51.3 100 75.3623 72.5301 76.7255 80.0241 80.847 
51.4 100 75.8454 72.7711 76.886 80.1444 80.9432 
51.5 100 75.8454 72.7711 76.886 80.1444 81.0395 
51.6 100 75.8454 73.012 77.2071 80.3851 81.232 
51.7 100 75.8454 73.012 77.2071 80.3851 81.232 
51.8 100 75.8454 73.253 77.3676 80.5054 81.3282 
51.9 100 75.8454 73.253 77.3676 80.5054 81.3282 
52 100 75.8454 73.253 77.3676 80.5054 81.3282 
52.1 100 75.8454 73.253 77.3676 80.5054 81.3282 
52.2 100 75.8454 73.253 77.3676 80.5054 81.3282 
52.3 100 76.3285 73.494 77.5281 80.6258 81.4244 
52.4 100 76.3285 73.494 77.5281 80.6258 81.4244 
52.5 100 76.3285 73.494 77.5281 80.6258 81.4244 
52.6 100 76.3285 73.494 77.5281 80.6258 81.4244 
52.7 100 76.3285 73.494 77.6886 80.7461 81.5207 
52.8 100 76.8116 73.9759 78.0096 80.9868 81.8094 
52.9 100 76.8116 74.2169 78.1701 81.1071 81.9057 
53 100 76.8116 74.2169 78.1701 81.1071 81.9057 
53.1 100 76.8116 74.2169 78.1701 81.1071 81.9057 
53.2 100 76.8116 74.2169 78.1701 81.1071 82.0019 
53.3 100 76.8116 74.2169 78.3307 81.2274 82.0982 
53.4 100 76.8116 74.2169 78.4912 81.3478 82.1944 
53.5 100 76.8116 74.2169 78.4912 81.3478 82.2907 
53.6 100 76.8116 74.6988 78.8122 81.5884 82.5794 
53.7 100 77.2947 74.9398 78.9727 81.8291 82.8681 
53.8 100 77.2947 74.9398 78.9727 81.8291 82.8681 
53.9 100 77.2947 74.9398 78.9727 81.8291 82.8681 
54 100 77.2947 74.9398 78.9727 81.8291 82.8681 
54.1 100 77.2947 74.9398 78.9727 81.8291 82.8681 
54.2 100 77.2947 74.9398 78.9727 81.8291 82.8681 
54.3 100 77.2947 74.9398 78.9727 81.8291 82.8681 
54.4 100 77.2947 74.9398 78.9727 81.8291 82.8681 
54.5 100 77.2947 74.9398 78.9727 81.8291 82.8681 
54.6 100 77.2947 74.9398 78.9727 81.8291 82.8681 
54.7 100 77.2947 74.9398 78.9727 81.8291 82.8681 
54.8 100 77.2947 74.9398 78.9727 81.8291 82.8681 
54.9 100 77.2947 74.9398 78.9727 81.8291 82.8681 
55 100 77.2947 74.9398 78.9727 81.8291 82.8681 
55.1 100 77.7778 75.1807 79.1332 81.9495 82.9644 
55.2 100 77.7778 75.1807 79.1332 81.9495 82.9644 
55.3 100 77.7778 75.1807 79.1332 81.9495 82.9644 
55.4 100 77.7778 75.1807 79.1332 81.9495 82.9644 
55.5 100 78.2609 75.4217 79.2937 82.0698 83.0606 
55.6 100 78.2609 75.4217 79.2937 82.0698 83.0606 
55.7 100 78.2609 75.4217 79.2937 82.0698 83.0606 
55.8 100 78.2609 75.4217 79.2937 82.0698 83.1569 
55.9 100 78.2609 75.4217 79.2937 82.0698 83.1569 
56 100 78.2609 75.6627 79.4543 82.1901 83.2531 
56.1 100 78.2609 75.6627 79.4543 82.3105 83.3494 
56.2 100 78.2609 75.6627 79.4543 82.3105 83.4456 
56.3 100 78.2609 75.6627 79.4543 82.3105 83.4456 
56.4 100 78.2609 75.6627 79.4543 82.3105 83.4456 
56.5 100 78.2609 75.6627 79.4543 82.3105 83.4456 
56.6 100 78.2609 75.9036 79.6148 82.4308 83.5419 
56.7 100 78.2609 75.9036 79.6148 82.4308 83.5419 
56.8 100 78.2609 75.9036 79.6148 82.4308 83.5419 
56.9 100 78.2609 75.9036 79.6148 82.4308 83.5419 
57 100 78.2609 75.9036 79.6148 82.4308 83.5419 
57.1 100 78.2609 75.9036 79.6148 82.4308 83.5419 
57.2 100 78.744 76.1446 79.7753 82.5511 83.6381 
57.3 100 78.744 76.1446 79.7753 82.5511 83.6381 
57.4 100 78.744 76.1446 79.7753 82.5511 83.6381 
57.5 100 78.744 76.1446 79.7753 82.5511 83.6381 
57.6 100 78.744 76.1446 79.7753 82.5511 83.6381 
57.7 100 78.744 76.1446 79.7753 82.5511 83.6381 
57.8 100 78.744 76.1446 79.7753 82.5511 83.6381 
57.9 100 78.744 76.1446 79.7753 82.5511 83.7344 
58 100 78.744 76.3855 79.9358 82.6715 83.9269 
58.1 100 78.744 76.3855 79.9358 82.7918 84.0231 
58.2 100 78.744 76.3855 80.0963 82.9122 84.1193 
58.3 100 78.744 76.3855 80.0963 82.9122 84.1193 
58.4 100 78.744 76.3855 80.0963 82.9122 84.1193 
58.5 100 79.2271 76.6265 80.2568 83.0325 84.3118 
58.6 100 79.2271 76.6265 80.4173 83.1528 84.4081 
58.7 100 79.2271 76.6265 80.4173 83.1528 84.4081 
58.8 100 79.2271 76.6265 80.5778 83.2732 84.5043 
58.9 100 79.2271 76.8675 80.8989 83.5138 84.6968 
59 100 79.2271 76.8675 80.8989 83.5138 84.6968 
59.1 100 79.2271 77.1084 81.0594 83.6342 84.7931 
59.2 100 79.2271 77.1084 81.0594 83.6342 84.7931 
59.3 100 79.7101 77.3494 81.2199 83.7545 84.8893 
59.4 100 79.7101 77.3494 81.2199 83.7545 84.8893 
59.5 100 79.7101 77.3494 81.2199 83.7545 84.8893 
59.6 100 79.7101 77.5904 81.3804 83.8748 84.9856 
59.7 100 79.7101 77.8313 81.5409 83.9952 85.0818 
59.8 100 79.7101 77.8313 81.5409 83.9952 85.0818 
59.9 100 79.7101 77.8313 81.5409 83.9952 85.0818 
60 100 79.7101 77.8313 81.5409 83.9952 85.0818 
60.1 100 80.1932 78.0723 81.7014 84.1155 85.1781 
60.2 100 80.1932 78.0723 81.7014 84.1155 85.1781 
60.3 100 80.1932 78.0723 81.7014 84.1155 85.1781 
60.4 100 80.1932 78.0723 81.7014 84.1155 85.1781 
60.5 100 80.6763 78.7952 82.183 84.4765 85.4668 
60.6 100 80.6763 78.7952 82.183 84.4765 85.4668 
60.7 100 80.6763 78.7952 82.183 84.4765 85.4668 
60.8 100 80.6763 78.7952 82.183 84.4765 85.4668 
60.9 100 80.6763 78.7952 82.183 84.4765 85.4668 
61 100 80.6763 78.7952 82.3435 84.5969 85.6593 
61.1 100 80.6763 78.7952 82.3435 84.5969 85.7555 
61.2 100 80.6763 79.0361 82.504 84.8375 85.948 
61.3 100 80.6763 79.0361 82.504 84.8375 86.0443 
61.4 100 80.6763 79.0361 82.504 84.8375 86.0443 
61.5 100 80.6763 79.0361 82.504 84.8375 86.0443 
61.6 100 80.6763 79.0361 82.504 84.8375 86.0443 
61.7 100 80.6763 79.0361 82.504 84.8375 86.0443 
61.8 100 81.1594 79.2771 82.6645 84.9579 86.1405 
61.9 100 81.1594 79.2771 82.6645 84.9579 86.2368 
62 100 81.1594 79.2771 82.6645 84.9579 86.2368 
62.1 100 81.1594 79.2771 82.6645 84.9579 86.2368 
62.2 100 81.1594 79.2771 82.6645 84.9579 86.2368 
62.3 100 81.1594 79.2771 82.6645 84.9579 86.2368 
62.4 100 81.1594 79.5181 82.825 85.0782 86.333 
62.5 100 81.1594 79.5181 82.825 85.0782 86.333 
62.6 100 81.1594 79.759 82.9856 85.1986 86.4293 
62.7 100 81.1594 80 83.1461 85.3189 86.5255 
62.8 100 81.1594 80 83.1461 85.3189 86.5255 
62.9 100 81.6425 80.241 83.3066 85.4392 86.6218 
63 100 81.6425 80.241 83.3066 85.4392 86.6218 
63.1 100 81.6425 80.241 83.3066 85.4392 86.6218 
63.2 100 81.6425 80.241 83.3066 85.4392 86.6218 
63.3 100 81.6425 80.241 83.3066 85.4392 86.6218 
63.4 100 81.6425 80.241 83.3066 85.5596 86.718 
63.5 100 82.6087 80.7229 83.6276 85.8002 86.9105 
63.6 100 83.0918 80.9639 83.7881 85.9206 87.0067 
63.7 100 83.0918 81.2048 83.9486 86.0409 87.103 
63.8 100 83.5749 81.4458 84.1091 86.1613 87.1992 
63.9 100 83.5749 81.6867 84.2697 86.2816 87.2955 
64 100 83.5749 81.6867 84.2697 86.2816 87.2955 
64.1 100 83.5749 81.6867 84.2697 86.2816 87.3917 
64.2 100 83.5749 81.6867 84.2697 86.2816 87.3917 
64.3 100 83.5749 81.6867 84.2697 86.2816 87.3917 
64.4 100 83.5749 81.6867 84.2697 86.2816 87.3917 
64.5 100 83.5749 81.6867 84.2697 86.2816 87.3917 
64.6 100 83.5749 81.6867 84.2697 86.2816 87.3917 
64.7 100 83.5749 81.6867 84.2697 86.2816 87.3917 
64.8 100 83.5749 81.6867 84.2697 86.2816 87.3917 
64.9 100 83.5749 81.6867 84.2697 86.2816 87.3917 
65 100 83.5749 81.6867 84.2697 86.2816 87.3917 
65.1 100 83.5749 81.6867 84.2697 86.2816 87.3917 
65.2 100 83.5749 81.6867 84.2697 86.2816 87.3917 
65.3 100 83.5749 81.6867 84.2697 86.2816 87.3917 
65.4 100 83.5749 81.6867 84.2697 86.2816 87.3917 
65.5 100 83.5749 81.6867 84.2697 86.2816 87.3917 
65.6 100 83.5749 81.6867 84.4302 86.4019 87.488 
65.7 100 83.5749 81.6867 84.4302 86.4019 87.488 
65.8 100 83.5749 81.6867 84.4302 86.4019 87.488 
65.9 100 83.5749 81.6867 84.4302 86.4019 87.488 
66 100 83.5749 81.6867 84.5907 86.6426 87.6805 
66.1 100 83.5749 81.6867 84.5907 86.6426 87.7767 
66.2 100 83.5749 81.6867 84.5907 86.6426 87.7767 
66.3 100 83.5749 81.6867 84.5907 86.6426 87.7767 
66.4 100 83.5749 81.6867 84.5907 86.6426 87.7767 
66.5 100 83.5749 81.9277 84.7512 86.7629 87.873 
66.6 100 83.5749 81.9277 84.7512 86.7629 88.0654 
66.7 100 83.5749 81.9277 84.7512 86.7629 88.0654 
66.8 100 83.5749 81.9277 84.7512 86.7629 88.0654 
66.9 100 83.5749 82.1687 84.9117 86.8833 88.1617 
67 100 83.5749 82.1687 84.9117 86.8833 88.1617 
67.1 100 83.5749 82.1687 84.9117 86.8833 88.1617 
67.2 100 83.5749 82.1687 84.9117 86.8833 88.1617 
67.3 100 83.5749 82.1687 84.9117 86.8833 88.1617 
67.4 100 83.5749 82.1687 84.9117 86.8833 88.1617 
67.5 100 83.5749 82.1687 84.9117 86.8833 88.2579 
67.6 100 83.5749 82.1687 84.9117 86.8833 88.2579 
67.7 100 83.5749 82.4096 85.0722 87.0036 88.3542 
67.8 100 83.5749 82.4096 85.0722 87.0036 88.3542 
67.9 100 83.5749 82.4096 85.0722 87.0036 88.3542 
68 100 83.5749 82.4096 85.0722 87.0036 88.3542 
68.1 100 83.5749 82.4096 85.0722 87.0036 88.3542 
68.2 100 84.058 82.6506 85.2327 87.1239 88.4504 
68.3 100 84.058 82.6506 85.2327 87.1239 88.4504 
68.4 100 84.058 82.6506 85.2327 87.1239 88.4504 
68.5 100 84.058 82.6506 85.2327 87.1239 88.4504 
68.6 100 84.058 82.6506 85.2327 87.1239 88.4504 
68.7 100 84.058 82.6506 85.2327 87.1239 88.4504 
68.8 100 84.058 82.6506 85.2327 87.2443 88.5467 
68.9 100 84.058 82.6506 85.2327 87.2443 88.5467 
69 100 84.058 82.6506 85.2327 87.2443 88.5467 
69.1 100 84.058 82.6506 85.2327 87.2443 88.5467 
69.2 100 84.058 82.6506 85.2327 87.2443 88.5467 
69.3 100 84.058 82.6506 85.2327 87.2443 88.5467 
69.4 100 84.058 82.6506 85.3933 87.3646 88.6429 
69.5 100 84.058 82.6506 85.3933 87.3646 88.6429 
69.6 100 84.058 82.6506 85.3933 87.3646 88.6429 
69.7 100 84.058 82.6506 85.3933 87.3646 88.6429 
69.8 100 84.5411 82.8916 85.5538 87.485 88.7392 
69.9 100 84.5411 82.8916 85.5538 87.485 88.7392 
70 100 84.5411 82.8916 85.5538 87.485 88.7392 
70.1 100 85.5072 83.3735 85.8748 87.7256 88.9317 
70.2 100 85.5072 83.3735 85.8748 87.7256 88.9317 
70.3 100 85.9903 83.6145 86.0353 87.846 89.0279 
70.4 100 85.9903 83.8554 86.1958 88.0866 89.2204 
70.5 100 85.9903 84.0964 86.3563 88.207 89.3167 
70.6 100 85.9903 84.0964 86.3563 88.207 89.3167 
70.7 100 85.9903 84.0964 86.3563 88.207 89.3167 
70.8 100 86.4734 84.3373 86.5169 88.3273 89.4129 
70.9 100 86.4734 84.5783 86.6774 88.4477 89.5091 
71 100 86.4734 84.5783 86.6774 88.4477 89.5091 
71.1 100 86.9565 84.8193 86.8379 88.568 89.6054 
71.2 100 86.9565 84.8193 86.8379 88.568 89.6054 
71.3 100 86.9565 84.8193 86.8379 88.568 89.6054 
71.4 100 86.9565 84.8193 86.8379 88.568 89.6054 
71.5 100 86.9565 85.0602 86.9984 88.6883 89.7016 
71.6 100 86.9565 85.0602 86.9984 88.6883 89.7016 
71.7 100 87.4396 85.3012 87.1589 88.8087 89.7979 
71.8 100 87.4396 85.7831 87.4799 89.0493 89.9904 
71.9 100 87.4396 85.7831 87.4799 89.0493 89.9904 
72 100 87.4396 85.7831 87.4799 89.0493 90.0866 
72.1 100 87.4396 85.7831 87.4799 89.0493 90.0866 
72.2 100 87.4396 85.7831 87.4799 89.0493 90.0866 
72.3 100 87.4396 85.7831 87.4799 89.0493 90.0866 
72.4 100 87.4396 86.0241 87.6404 89.1697 90.1829 
72.5 100 87.4396 86.0241 87.6404 89.1697 90.1829 
72.6 100 87.4396 86.0241 87.6404 89.1697 90.1829 
72.7 100 87.4396 86.0241 87.6404 89.1697 90.1829 
72.8 100 87.4396 86.0241 87.6404 89.1697 90.1829 
72.9 100 87.9227 86.2651 87.801 89.29 90.2791 
73 100 87.9227 86.2651 87.801 89.29 90.2791 
73.1 100 88.4058 86.506 87.9615 89.4103 90.3754 
73.2 100 88.4058 86.506 87.9615 89.4103 90.3754 
73.3 100 88.4058 86.506 87.9615 89.4103 90.3754 
73.4 100 88.4058 86.506 87.9615 89.4103 90.3754 
73.5 100 88.4058 86.506 87.9615 89.4103 90.3754 
73.6 100 88.4058 86.506 87.9615 89.4103 90.3754 
73.7 100 88.4058 86.506 87.9615 89.4103 90.3754 
73.8 100 88.8889 86.747 88.2825 89.651 90.5679 
73.9 100 88.8889 86.747 88.2825 89.651 90.5679 
74 100 89.372 86.988 88.443 89.7714 90.6641 
74.1 100 89.372 87.2289 88.6035 89.8917 90.7603 
74.2 100 89.8551 87.4699 88.764 90.012 90.8566 
74.3 100 89.8551 87.4699 88.764 90.012 90.8566 
74.4 100 89.8551 87.4699 88.764 90.012 90.8566 
74.5 100 89.8551 87.4699 88.764 90.012 90.8566 
74.6 100 89.8551 87.4699 88.764 90.012 90.8566 
74.7 100 89.8551 87.4699 88.764 90.1324 90.9528 
74.8 100 89.8551 87.7108 88.9246 90.2527 91.0491 
74.9 100 89.8551 87.7108 88.9246 90.2527 91.0491 
75 100 89.8551 87.7108 88.9246 90.2527 91.0491 
75.1 100 89.8551 87.7108 88.9246 90.2527 91.0491 
75.2 100 89.8551 87.7108 88.9246 90.2527 91.0491 
75.3 100 89.8551 87.7108 88.9246 90.2527 91.0491 
75.4 100 89.8551 87.7108 88.9246 90.2527 91.0491 
75.5 100 89.8551 87.7108 88.9246 90.2527 91.1453 
75.6 100 89.8551 87.9518 89.0851 90.373 91.2416 
75.7 100 89.8551 87.9518 89.0851 90.373 91.2416 
75.8 100 89.8551 87.9518 89.0851 90.373 91.2416 
75.9 100 89.8551 87.9518 89.0851 90.373 91.2416 
76 100 89.8551 87.9518 89.0851 90.373 91.2416 
76.1 100 89.8551 87.9518 89.0851 90.373 91.3378 
76.2 100 89.8551 87.9518 89.0851 90.373 91.3378 
76.3 100 89.8551 87.9518 89.0851 90.373 91.3378 
76.4 100 89.8551 87.9518 89.0851 90.373 91.3378 
76.5 100 89.8551 87.9518 89.0851 90.373 91.3378 
76.6 100 89.8551 87.9518 89.0851 90.373 91.3378 
76.7 100 89.8551 87.9518 89.0851 90.373 91.3378 
76.8 100 89.8551 88.1928 89.2456 90.4934 91.4341 
76.9 100 89.8551 88.1928 89.2456 90.4934 91.5303 
77 100 89.8551 88.1928 89.2456 90.4934 91.5303 
77.1 100 89.8551 88.1928 89.2456 90.4934 91.5303 
77.2 100 89.8551 88.1928 89.2456 90.4934 91.5303 
77.3 100 89.8551 88.1928 89.2456 90.4934 91.5303 
77.4 100 89.8551 88.1928 89.2456 90.6137 91.6266 
77.5 100 89.8551 88.1928 89.2456 90.6137 91.6266 
77.6 100 89.8551 88.1928 89.2456 90.6137 91.6266 
77.7 100 89.8551 88.1928 89.2456 90.6137 91.6266 
77.8 100 89.8551 88.1928 89.2456 90.6137 91.6266 
77.9 100 89.8551 88.1928 89.2456 90.6137 91.6266 
78 100 89.8551 88.1928 89.2456 90.6137 91.6266 
78.1 100 89.8551 88.1928 89.2456 90.6137 91.6266 
78.2 100 89.8551 88.1928 89.2456 90.6137 91.6266 
78.3 100 89.8551 88.1928 89.2456 90.6137 91.6266 
78.4 100 89.8551 88.4337 89.4061 90.7341 91.7228 
78.5 100 89.8551 88.4337 89.4061 90.7341 91.7228 
78.6 100 89.8551 88.4337 89.4061 90.7341 91.7228 
78.7 100 89.8551 88.4337 89.4061 90.7341 91.7228 
78.8 100 89.8551 88.4337 89.4061 90.7341 91.7228 
78.9 100 89.8551 88.4337 89.5666 90.8544 91.8191 
79 100 89.8551 88.4337 89.5666 90.8544 91.8191 
79.1 100 89.8551 88.4337 89.5666 90.8544 91.8191 
79.2 100 89.8551 88.4337 89.5666 90.8544 91.8191 
79.3 100 89.8551 88.4337 89.5666 90.8544 91.8191 
79.4 100 89.8551 88.4337 89.5666 90.8544 91.8191 
79.5 100 89.8551 88.4337 89.7271 90.9747 91.9153 
79.6 100 89.8551 88.4337 89.8876 91.0951 92.0115 
79.7 100 89.8551 88.4337 89.8876 91.0951 92.0115 
79.8 100 89.8551 88.4337 89.8876 91.0951 92.0115 
79.9 100 90.3382 88.6747 90.0482 91.2154 92.1078 
80 100 90.3382 88.6747 90.0482 91.2154 92.1078 
80.1 100 90.3382 88.6747 90.0482 91.2154 92.1078 
80.2 100 90.8213 88.9157 90.2087 91.3357 92.204 
80.3 100 90.8213 89.1566 90.3692 91.4561 92.3003 
80.4 100 90.8213 89.1566 90.5297 91.5764 92.3965 
80.5 100 90.8213 89.1566 90.5297 91.5764 92.3965 
80.6 100 90.8213 89.1566 90.5297 91.5764 92.3965 
80.7 100 90.8213 89.1566 90.5297 91.6968 92.4928 
80.8 100 90.8213 89.1566 90.6902 91.8171 92.589 
80.9 100 90.8213 89.1566 90.8507 91.9374 92.6853 
81 100 90.8213 89.1566 90.8507 91.9374 92.6853 
81.1 100 90.8213 89.1566 90.8507 91.9374 92.6853 
81.2 100 90.8213 89.1566 90.8507 91.9374 92.6853 
81.3 100 90.8213 89.1566 90.8507 91.9374 92.6853 
81.4 100 91.3043 89.3976 91.0112 92.0578 92.7815 
81.5 100 91.3043 89.3976 91.0112 92.0578 92.8778 
81.6 100 91.3043 89.3976 91.0112 92.0578 92.8778 
81.7 100 91.3043 89.3976 91.0112 92.1781 92.974 
81.8 100 91.3043 89.3976 91.0112 92.1781 92.974 
81.9 100 91.3043 89.3976 91.0112 92.1781 92.974 
82 100 91.7874 89.6386 91.1717 92.2984 93.0703 
82.1 100 91.7874 89.6386 91.1717 92.4188 93.1665 
82.2 100 91.7874 89.6386 91.1717 92.4188 93.1665 
82.3 100 91.7874 89.8795 91.3323 92.5391 93.2628 
82.4 100 91.7874 89.8795 91.3323 92.5391 93.2628 
82.5 100 91.7874 89.8795 91.3323 92.5391 93.2628 
82.6 100 91.7874 89.8795 91.3323 92.5391 93.2628 
82.7 100 91.7874 89.8795 91.4928 92.6594 93.359 
82.8 100 91.7874 89.8795 91.4928 92.7798 93.4552 
82.9 100 91.7874 89.8795 91.4928 92.7798 93.5515 
83 100 91.7874 89.8795 91.4928 92.7798 93.5515 
83.1 100 91.7874 89.8795 91.4928 92.7798 93.5515 
83.2 100 91.7874 89.8795 91.4928 92.7798 93.5515 
83.3 100 91.7874 90.3614 91.8138 93.0205 93.744 
83.4 100 91.7874 90.3614 91.8138 93.0205 93.8402 
83.5 100 91.7874 90.3614 91.8138 93.0205 93.8402 
83.6 100 92.2705 90.6024 91.9743 93.1408 93.9365 
83.7 100 92.2705 90.6024 91.9743 93.1408 93.9365 
83.8 100 92.2705 90.6024 92.1348 93.2611 94.0327 
83.9 100 92.2705 90.8434 92.2953 93.3815 94.129 
84 100 92.2705 90.8434 92.2953 93.3815 94.129 
84.1 100 92.2705 90.8434 92.2953 93.3815 94.129 
84.2 100 92.2705 91.0843 92.4559 93.5018 94.2252 
84.3 100 92.2705 91.0843 92.4559 93.5018 94.2252 
84.4 100 92.2705 91.0843 92.4559 93.5018 94.2252 
84.5 100 92.2705 91.0843 92.4559 93.5018 94.2252 
84.6 100 92.2705 91.0843 92.4559 93.5018 94.2252 
84.7 100 92.2705 91.0843 92.4559 93.5018 94.2252 
84.8 100 92.2705 91.3253 92.6164 93.6221 94.3215 
84.9 100 92.7536 91.5663 92.7769 93.7425 94.4177 
85 100 92.7536 91.5663 92.7769 93.7425 94.4177 
85.1 100 92.7536 91.5663 92.7769 93.7425 94.4177 
85.2 100 92.7536 91.5663 92.7769 93.7425 94.4177 
85.3 100 92.7536 91.5663 92.7769 93.7425 94.4177 
85.4 100 92.7536 91.5663 92.9374 93.8628 94.514 
85.5 100 92.7536 91.5663 92.9374 93.8628 94.514 
85.6 100 92.7536 91.5663 92.9374 93.8628 94.6102 
85.7 100 92.7536 91.8072 93.0979 93.9832 94.7064 
85.8 100 92.7536 91.8072 93.0979 93.9832 94.7064 
85.9 100 93.7198 92.2892 93.4189 94.2238 94.8989 
86 100 93.7198 92.5301 93.5795 94.3442 94.9952 
86.1 100 93.7198 92.5301 93.5795 94.3442 94.9952 
86.2 100 93.7198 92.5301 93.74 94.4645 95.0914 
86.3 100 94.2029 92.7711 93.9005 94.5848 95.1877 
86.4 100 94.2029 92.7711 93.9005 94.5848 95.1877 
86.5 100 94.2029 92.7711 93.9005 94.5848 95.1877 
86.6 100 94.2029 92.7711 93.9005 94.5848 95.1877 
86.7 100 94.2029 92.7711 93.9005 94.5848 95.2839 
86.8 100 94.2029 92.7711 93.9005 94.5848 95.2839 
86.9 100 94.2029 92.7711 93.9005 94.5848 95.2839 
87 100 94.2029 92.7711 93.9005 94.5848 95.2839 
87.1 100 94.2029 92.7711 93.9005 94.5848 95.2839 
87.2 100 94.2029 92.7711 93.9005 94.5848 95.2839 
87.3 100 94.2029 92.7711 93.9005 94.5848 95.2839 
87.4 100 94.2029 92.7711 93.9005 94.5848 95.2839 
87.5 100 94.2029 92.7711 93.9005 94.5848 95.2839 
87.6 100 94.2029 92.7711 93.9005 94.5848 95.2839 
87.7 100 94.2029 92.7711 93.9005 94.5848 95.2839 
87.8 100 94.2029 92.7711 93.9005 94.5848 95.2839 
87.9 100 94.2029 92.7711 93.9005 94.5848 95.2839 
88 100 94.2029 92.7711 93.9005 94.5848 95.2839 
88.1 100 94.2029 93.012 94.061 94.7052 95.3802 
88.2 100 94.2029 93.012 94.061 94.8255 95.4764 
88.3 100 94.2029 93.012 94.061 94.8255 95.4764 
88.4 100 94.2029 93.012 94.061 94.8255 95.4764 
88.5 100 94.2029 93.012 94.061 94.8255 95.4764 
88.6 100 94.686 93.253 94.2215 94.9458 95.5727 
88.7 100 94.686 93.253 94.2215 94.9458 95.5727 
88.8 100 95.1691 93.494 94.382 95.0662 95.6689 
88.9 100 95.1691 93.494 94.382 95.0662 95.6689 
89 100 95.1691 93.494 94.382 95.0662 95.6689 
89.1 100 95.1691 93.494 94.382 95.0662 95.6689 
89.2 100 95.1691 93.494 94.382 95.0662 95.6689 
89.3 100 95.1691 93.494 94.382 95.0662 95.6689 
89.4 100 95.1691 93.494 94.382 95.0662 95.6689 
89.5 100 95.1691 93.494 94.382 95.0662 95.6689 
89.6 100 95.1691 93.494 94.382 95.1865 95.7652 
89.7 100 95.1691 93.494 94.5425 95.3069 95.8614 
89.8 100 95.1691 93.494 94.5425 95.3069 95.8614 
89.9 100 95.1691 93.7349 94.8636 95.5475 96.0539 
90 100 95.1691 93.7349 94.8636 95.5475 96.0539 
90.1 100 95.6522 94.2169 95.1846 95.7882 96.2464 
90.2 100 95.6522 94.2169 95.1846 95.7882 96.2464 
90.3 100 95.6522 94.2169 95.1846 95.7882 96.2464 
90.4 100 95.6522 94.2169 95.1846 95.7882 96.2464 
90.5 100 96.1353 94.6988 95.5056 96.0289 96.4389 
90.6 100 96.1353 94.6988 95.5056 96.0289 96.4389 
90.7 100 96.1353 94.6988 95.5056 96.0289 96.4389 
90.8 100 96.1353 94.6988 95.5056 96.0289 96.4389 
90.9 100 96.1353 94.6988 95.5056 96.0289 96.4389 
91 100 96.1353 94.6988 95.5056 96.0289 96.4389 
91.1 100 96.1353 94.6988 95.5056 96.0289 96.4389 
91.2 100 96.1353 94.6988 95.5056 96.0289 96.4389 
91.3 100 96.1353 94.6988 95.5056 96.0289 96.4389 
91.4 100 96.1353 94.6988 95.5056 96.0289 96.4389 
91.5 100 96.1353 94.6988 95.5056 96.0289 96.4389 
91.6 100 96.1353 94.6988 95.5056 96.0289 96.4389 
91.7 100 96.1353 94.6988 95.5056 96.0289 96.4389 
91.8 100 96.1353 94.9398 95.6661 96.1492 96.5351 
91.9 100 96.1353 94.9398 95.6661 96.1492 96.5351 
92 100 96.6184 95.1807 95.8266 96.2696 96.6314 
92.1 100 97.5845 95.9036 96.3082 96.6306 96.9201 
92.2 100 97.5845 96.1446 96.4687 96.7509 97.0164 
92.3 100 97.5845 96.1446 96.4687 96.9916 97.2089 
92.4 100 97.5845 96.1446 96.4687 96.9916 97.2089 
92.5 100 97.5845 96.6265 96.7897 97.2323 97.4013 
92.6 100 97.5845 96.6265 96.7897 97.2323 97.4013 
92.7 100 97.5845 96.6265 96.7897 97.2323 97.4013 
92.8 100 97.5845 96.6265 96.7897 97.3526 97.4976 
92.9 100 97.5845 96.6265 96.7897 97.3526 97.4976 
93 100 97.5845 96.6265 96.9502 97.4729 97.5938 
93.1 100 98.0676 96.8675 97.1108 97.5933 97.6901 
93.2 100 98.0676 96.8675 97.1108 97.5933 97.6901 
93.3 100 98.0676 96.8675 97.1108 97.5933 97.6901 
93.4 100 98.0676 96.8675 97.1108 97.5933 97.6901 
93.5 100 98.0676 96.8675 97.1108 97.5933 97.6901 
93.6 100 98.0676 97.1084 97.2713 97.7136 97.7863 
93.7 100 98.0676 97.1084 97.2713 97.7136 97.7863 
93.8 100 98.0676 97.1084 97.2713 97.7136 97.7863 
93.9 100 98.0676 97.1084 97.2713 97.7136 97.7863 
94 100 98.0676 97.1084 97.2713 97.7136 97.7863 
94.1 100 98.0676 97.3494 97.4318 97.8339 97.8826 
94.2 100 98.0676 97.3494 97.4318 97.8339 97.8826 
94.3 100 98.5507 97.5904 97.5923 97.9543 97.9788 
94.4 100 99.0338 97.8313 97.7528 98.0746 98.0751 
94.5 100 99.0338 97.8313 97.7528 98.1949 98.1713 
94.6 100 99.0338 97.8313 97.7528 98.1949 98.1713 
94.7 100 99.0338 97.8313 97.7528 98.1949 98.1713 
94.8 100 99.0338 97.8313 97.7528 98.1949 98.1713 
94.9 100 99.0338 97.8313 97.7528 98.1949 98.1713 
95 100 99.0338 97.8313 97.9133 98.3153 98.2676 
95.1 100 99.0338 97.8313 97.9133 98.3153 98.2676 
95.2 100 99.0338 97.8313 97.9133 98.3153 98.2676 
95.3 100 99.0338 98.0723 98.0738 98.4356 98.4601 
95.4 100 99.0338 98.0723 98.0738 98.4356 98.4601 
95.5 100 99.0338 98.3133 98.2343 98.556 98.6526 
95.6 100 99.0338 98.3133 98.2343 98.556 98.6526 
95.7 100 99.0338 98.3133 98.2343 98.556 98.6526 
95.8 100 99.0338 98.3133 98.2343 98.556 98.6526 
95.9 100 99.0338 98.3133 98.2343 98.556 98.7488 
96 100 99.0338 98.3133 98.2343 98.556 98.7488 
96.1 100 99.0338 98.3133 98.2343 98.556 98.7488 
96.2 100 99.0338 98.3133 98.2343 98.556 98.7488 
96.3 100 99.0338 98.5542 98.3949 98.6763 98.845 
96.4 100 99.0338 98.5542 98.3949 98.7966 98.9413 
96.5 100 99.0338 98.5542 98.3949 98.7966 98.9413 
96.6 100 99.0338 98.5542 98.3949 98.7966 98.9413 
96.7 100 99.0338 98.5542 98.3949 98.7966 98.9413 
96.8 100 99.0338 98.5542 98.3949 98.7966 98.9413 
96.9 100 99.0338 98.5542 98.3949 98.7966 98.9413 
97 100 99.0338 98.5542 98.3949 98.7966 98.9413 
97.1 100 99.0338 98.5542 98.3949 98.7966 98.9413 
97.2 100 99.0338 98.5542 98.3949 98.7966 98.9413 
97.3 100 99.0338 98.5542 98.3949 98.7966 98.9413 
97.4 100 99.5169 98.7952 98.5554 98.917 99.0375 
97.5 100 99.5169 98.7952 98.5554 98.917 99.0375 
97.6 100 99.5169 98.7952 98.7159 99.0373 99.1338 
97.7 100 99.5169 98.7952 98.7159 99.0373 99.1338 
97.8 100 99.5169 99.0361 98.8764 99.1576 99.23 
97.9 100 99.5169 99.0361 98.8764 99.1576 99.23 
98 100 99.5169 99.0361 98.8764 99.1576 99.3263 
98.1 100 99.5169 99.0361 98.8764 99.1576 99.3263 
98.2 100 99.5169 99.0361 98.8764 99.1576 99.3263 
98.3 100 99.5169 99.0361 98.8764 99.1576 99.3263 
98.4 100 99.5169 99.0361 98.8764 99.1576 99.3263 
98.5 100 99.5169 99.0361 99.0369 99.278 99.4225 
98.6 100 99.5169 99.0361 99.0369 99.278 99.4225 
98.7 100 99.5169 99.0361 99.0369 99.278 99.4225 
98.8 100 99.5169 99.0361 99.1974 99.3983 99.5188 
98.9 100 99.5169 99.0361 99.1974 99.3983 99.5188 
99 100 99.5169 99.0361 99.1974 99.3983 99.5188 
99.1 100 99.5169 99.0361 99.1974 99.3983 99.5188 
99.2 100 99.5169 99.2771 99.3579 99.5187 99.615 
99.3 100 99.5169 99.2771 99.3579 99.5187 99.615 
99.4 100 99.5169 99.2771 99.3579 99.5187 99.615 
99.5 100 99.5169 99.5181 99.679 99.7593 99.8075 
99.6 100 99.5169 99.759 99.8395 99.8797 99.9038 
99.7 100 99.5169 99.759 99.8395 99.8797 99.9038 
99.8 100 99.5169 99.759 99.8395 99.8797 99.9038 
99.9 100 99.5169 99.759 99.8395 99.8797 99.9038 
100 100 100 100 100 100 100 
