0.1 9.7561 1.93237 0.963855 0.642055 0.481348 0.384986 
0.2 17.0732 3.86473 1.92771 1.28411 0.962696 0.769971 
0.3 26.8293 5.7971 2.89157 1.92616 1.44404 1.15496 
0.4 29.2683 7.24638 3.85542 2.56822 1.92539 1.53994 
0.5 31.7073 8.69565 4.81928 3.21027 2.40674 1.92493 
0.6 36.5854 10.628 5.78313 3.85233 2.88809 2.30991 
0.7 36.5854 12.0773 6.74699 4.6549 3.48977 2.79115 
0.8 41.4634 14.0097 7.71084 5.29695 3.97112 3.17613 
0.9 43.9024 15.4589 8.6747 5.939 4.45247 3.56112 
1 43.9024 16.9082 9.63855 6.58106 4.93381 3.9461 
1.1 46.3415 18.3575 10.6024 7.22311 5.41516 4.33109 
1.2 48.7805 19.8068 11.5663 7.86517 5.89651 4.71607 
1.3 51.2195 21.7391 12.5301 8.50722 6.49819 5.19731 
1.4 56.0976 23.1884 13.494 9.14928 6.97954 5.58229 
1.5 58.5366 24.6377 14.2169 9.79133 7.46089 5.96728 
1.6 60.9756 26.087 14.9398 10.4334 7.94224 6.35226 
1.7 63.4146 27.5362 15.9036 11.0754 8.42359 6.73725 
1.8 65.8537 28.5024 16.6265 11.557 8.90493 7.12223 
1.9 65.8537 30.4348 17.8313 12.3596 9.50662 7.60346 
2 65.8537 31.401 18.5542 13.0016 9.98797 7.98845 
2.1 65.8537 32.8502 19.5181 13.6437 10.4693 8.37344 
2.2 65.8537 32.8502 20 13.9647 10.8303 8.66218 
2.3 65.8537 33.8164 20.9639 14.6067 11.3117 9.04716 
2.4 65.8537 35.2657 21.9277 15.2488 11.793 9.43215 
2.5 68.2927 37.1981 22.8916 15.8909 12.2744 9.81713 
2.6 68.2927 38.1643 23.8554 16.5329 12.7557 10.2984 
2.7 68.2927 39.1304 24.5783 17.0144 13.1167 10.6833 
2.8 68.2927 40.0966 25.3012 17.6565 13.5981 11.0683 
2.9 68.2927 40.5797 25.7831 17.9775 13.8387 11.2608 
3 70.7317 41.5459 26.747 18.6196 14.3201 11.6458 
3.1 73.1707 43.4783 27.7108 19.2616 14.8014 12.0308 
3.2 73.1707 44.9275 28.4337 19.9037 15.2828 12.4158 
3.3 73.1707 45.4106 28.9157 20.3852 15.7641 12.8008 
3.4 73.1707 46.3768 29.6386 21.0273 16.2455 13.1858 
3.5 73.1707 47.8261 30.3614 21.6693 16.7268 13.5707 
3.6 73.1707 49.2754 31.0843 22.3114 17.2082 13.9557 
3.7 73.1707 50.2415 31.5663 22.7929 17.5692 14.2445 
3.8 73.1707 50.7246 32.0482 23.2745 18.0505 14.6295 
3.9 75.6098 51.6908 33.012 23.9165 18.5319 15.0144 
4 75.6098 52.657 33.494 24.3981 19.0132 15.3994 
4.1 75.6098 53.1401 33.7349 24.7191 19.3742 15.7844 
4.2 75.6098 53.6232 34.4578 25.2006 19.7353 16.1694 
4.3 75.6098 54.5894 34.9398 25.6822 20.2166 16.5544 
4.4 75.6098 55.5556 35.6627 26.3242 20.698 16.9394 
4.5 75.6098 56.0386 36.1446 26.8058 21.2996 17.4206 
4.6 78.0488 57.4879 36.8675 27.4478 21.781 17.8056 
4.7 78.0488 58.4541 37.5904 28.0899 22.2623 18.1906 
4.8 78.0488 58.4541 37.8313 28.5714 22.6233 18.4793 
4.9 78.0488 59.4203 38.5542 29.053 23.1047 18.8643 
5 78.0488 60.8696 39.2771 29.5345 23.586 19.2493 
5.1 78.0488 61.8357 39.759 29.8555 24.1877 19.7305 
5.2 78.0488 62.3188 40 30.1766 24.5487 20.1155 
5.3 78.0488 62.8019 40.241 30.6581 24.9097 20.5005 
5.4 78.0488 64.2512 40.9639 31.1396 25.3911 20.8855 
5.5 78.0488 65.2174 41.4458 31.7817 25.8724 21.2705 
5.6 78.0488 66.1836 41.9277 32.2632 26.3538 21.6554 
5.7 78.0488 66.1836 42.1687 32.5843 26.8351 22.1367 
5.8 78.0488 66.6667 42.8916 33.0658 27.1961 22.5217 
5.9 78.0488 66.6667 43.3735 33.5474 27.5572 22.8104 
6 78.0488 68.1159 44.0964 34.1894 28.0385 23.1954 
6.1 78.0488 69.0821 44.8193 34.8315 28.5199 23.5804 
6.2 78.0488 70.0483 45.3012 35.1525 29.0012 23.9654 
6.3 78.0488 70.0483 46.0241 35.634 29.4826 24.3503 
6.4 78.0488 70.5314 46.2651 35.9551 29.7232 24.7353 
6.5 78.0488 71.0145 46.506 36.2761 30.0842 25.0241 
6.6 78.0488 71.9807 47.4699 36.9181 30.5656 25.409 
6.7 80.4878 72.9469 48.1928 37.3997 30.9266 25.6978 
6.8 80.4878 72.9469 48.6747 37.7207 31.2876 26.0828 
6.9 80.4878 73.913 49.3976 38.3628 31.769 26.4678 
7 80.4878 74.8792 49.8795 38.6838 32.13 26.949 
7.1 80.4878 75.3623 50.1205 38.8443 32.2503 27.2377 
7.2 82.9268 76.3285 50.8434 39.3258 32.6113 27.6227 
7.3 85.3659 77.2947 51.3253 39.9679 33.0927 28.0077 
7.4 85.3659 77.2947 51.3253 39.9679 33.3333 28.2964 
7.5 87.8049 77.7778 51.5663 40.1284 33.574 28.6814 
7.6 87.8049 78.2609 51.8072 40.4494 33.935 29.1627 
7.7 87.8049 78.2609 52.0482 40.7705 34.1757 29.3551 
7.8 87.8049 79.2271 52.7711 41.252 34.5367 29.7401 
7.9 87.8049 79.7101 53.253 41.7335 34.8977 30.0289 
8 90.2439 80.6763 53.7349 42.0546 35.2587 30.3176 
8.1 90.2439 81.1594 53.9759 42.3756 35.6197 30.6064 
8.2 90.2439 81.1594 54.2169 42.6966 36.1011 30.9913 
8.3 90.2439 81.6425 54.6988 43.3387 36.7028 31.4726 
8.4 90.2439 82.1256 55.4217 43.8202 37.0638 31.7613 
8.5 90.2439 82.1256 55.4217 43.9807 37.1841 32.05 
8.6 90.2439 82.1256 55.4217 43.9807 37.3045 32.2425 
8.7 90.2439 82.1256 55.6627 44.1413 37.6655 32.6275 
8.8 90.2439 82.6087 55.9036 44.4623 38.0265 33.0125 
8.9 90.2439 83.0918 56.1446 45.1043 38.6282 33.4937 
9 90.2439 83.0918 56.6265 45.5859 39.1095 33.8787 
9.1 90.2439 83.0918 56.8675 45.9069 39.3502 34.1675 
9.2 90.2439 83.5749 57.1084 46.3884 39.8315 34.5525 
9.3 90.2439 84.058 57.3494 46.7095 40.3129 34.9374 
9.4 90.2439 84.058 57.5904 47.0305 40.6739 35.2262 
9.5 90.2439 84.5411 57.8313 47.3515 41.0349 35.6112 
9.6 90.2439 85.0242 58.5542 47.8331 41.3959 35.9962 
9.7 90.2439 85.9903 59.0361 48.3146 41.8773 36.3811 
9.8 90.2439 85.9903 59.2771 48.4751 41.9976 36.5736 
9.9 90.2439 85.9903 59.2771 48.4751 41.9976 36.6699 
10 90.2439 86.4734 59.759 49.1172 42.4789 37.0549 
10.1 90.2439 86.4734 60 49.4382 42.84 37.4398 
10.2 90.2439 86.4734 60 49.5987 43.0806 37.6323 
10.3 90.2439 86.9565 60.4819 49.9197 43.3213 37.9211 
10.4 90.2439 87.4396 60.9639 50.4013 43.6823 38.3061 
10.5 90.2439 88.4058 61.6867 51.0433 44.1637 38.691 
10.6 90.2439 88.8889 62.1687 51.5249 44.5247 38.9798 
10.7 90.2439 89.372 62.4096 51.6854 44.8857 39.2685 
10.8 92.6829 89.8551 62.8916 52.1669 45.367 39.6535 
10.9 92.6829 90.3382 63.1325 52.488 45.6077 39.9423 
11 92.6829 90.3382 63.3735 52.6485 45.9687 40.231 
11.1 92.6829 90.8213 63.6145 52.9695 46.2094 40.5197 
11.2 92.6829 90.8213 63.8554 53.13 46.4501 40.8085 
11.3 92.6829 90.8213 63.8554 53.13 46.4501 41.001 
11.4 92.6829 90.8213 63.8554 53.13 46.5704 41.1935 
11.5 92.6829 90.8213 63.8554 53.13 46.5704 41.2897 
11.6 92.6829 90.8213 64.0964 53.2905 46.6907 41.4822 
11.7 92.6829 91.3043 64.3373 53.451 46.9314 41.6747 
11.8 92.6829 91.3043 64.3373 53.7721 47.1721 41.8672 
11.9 92.6829 91.3043 64.3373 53.7721 47.2924 42.1559 
12 92.6829 91.3043 64.3373 54.0931 47.6534 42.5409 
12.1 92.6829 91.3043 64.5783 54.4141 47.8941 42.8296 
12.2 92.6829 91.3043 64.5783 54.4141 48.0144 43.0221 
12.3 92.6829 91.3043 64.5783 54.7352 48.3755 43.3109 
12.4 92.6829 91.7874 64.8193 54.8957 48.6161 43.5034 
12.5 92.6829 91.7874 65.0602 55.5377 49.0975 43.8884 
12.6 92.6829 91.7874 65.3012 55.8587 49.3381 44.1771 
12.7 92.6829 92.2705 65.5422 56.0193 49.5788 44.5621 
12.8 92.6829 92.2705 65.7831 56.1798 49.6992 44.7546 
12.9 92.6829 92.2705 66.2651 56.6613 50.0602 45.1396 
13 92.6829 92.2705 66.506 56.8218 50.4212 45.4283 
13.1 92.6829 92.2705 66.747 56.9823 50.5415 45.6208 
13.2 92.6829 92.2705 67.2289 57.6244 51.0229 46.0058 
13.3 92.6829 92.7536 67.7108 58.1059 51.5042 46.487 
13.4 92.6829 92.7536 67.7108 58.427 51.9856 46.872 
13.5 92.6829 92.7536 67.7108 58.427 52.1059 46.9682 
13.6 92.6829 92.7536 67.7108 58.427 52.2262 47.1607 
13.7 92.6829 92.7536 67.7108 58.427 52.3466 47.4495 
13.8 92.6829 92.7536 67.7108 58.427 52.4669 47.642 
13.9 92.6829 92.7536 67.9518 58.5875 52.7076 47.8345 
14 92.6829 92.7536 67.9518 58.9085 53.0686 48.2194 
14.1 92.6829 92.7536 67.9518 59.2295 53.4296 48.6044 
14.2 92.6829 92.7536 67.9518 59.2295 53.5499 48.8932 
14.3 92.6829 93.2367 68.1928 59.7111 53.911 49.1819 
14.4 92.6829 93.2367 68.1928 59.7111 54.0313 49.4706 
14.5 92.6829 93.2367 68.1928 59.7111 54.0313 49.7594 
14.6 92.6829 93.7198 68.4337 60.0321 54.3923 50.0481 
14.7 92.6829 93.7198 68.4337 60.1926 54.5126 50.2406 
14.8 92.6829 93.7198 68.6747 60.3531 54.633 50.4331 
14.9 92.6829 93.7198 68.9157 60.6742 54.994 50.7218 
15 92.6829 93.7198 68.9157 60.8347 55.2347 50.9143 
15.1 92.6829 93.7198 69.1566 61.1557 55.716 51.2993 
15.2 92.6829 93.7198 69.1566 61.1557 55.716 51.2993 
15.3 92.6829 93.7198 69.1566 61.1557 55.8363 51.3956 
15.4 92.6829 93.7198 69.3976 61.4767 56.077 51.5881 
15.5 92.6829 93.7198 69.3976 61.6372 56.3177 51.7806 
15.6 92.6829 93.7198 69.3976 61.6372 56.3177 51.7806 
15.7 92.6829 93.7198 69.3976 61.6372 56.3177 51.8768 
15.8 92.6829 93.7198 69.3976 61.6372 56.438 52.0693 
15.9 92.6829 93.7198 69.3976 61.6372 56.438 52.4543 
16 92.6829 93.7198 69.3976 61.6372 56.438 52.5505 
16.1 92.6829 94.2029 69.6386 61.7978 56.5584 52.8393 
16.2 92.6829 94.2029 70.3614 62.2793 56.9194 53.128 
16.3 92.6829 94.2029 70.6024 62.7608 57.4007 53.513 
16.4 92.6829 94.2029 70.6024 62.9213 57.5211 53.6092 
16.5 92.6829 94.686 70.8434 63.2424 57.8821 53.9942 
16.6 92.6829 94.686 70.8434 63.2424 58.0024 54.3792 
16.7 92.6829 94.686 71.0843 63.4029 58.4838 54.7642 
16.8 92.6829 94.686 71.3253 63.5634 58.6041 54.8604 
16.9 92.6829 94.686 71.5663 63.8844 58.8448 55.0529 
17 92.6829 94.686 71.8072 64.0449 59.0854 55.2454 
17.1 92.6829 95.1691 72.0482 64.2055 59.2058 55.4379 
17.2 92.6829 95.6522 72.5301 64.5265 59.5668 55.7267 
17.3 92.6829 95.6522 72.5301 64.5265 59.5668 55.7267 
17.4 92.6829 95.6522 72.7711 64.687 59.9278 56.0154 
17.5 92.6829 95.6522 72.7711 65.008 60.1685 56.3041 
17.6 92.6829 95.6522 72.7711 65.1685 60.2888 56.4966 
17.7 92.6829 95.6522 72.7711 65.3291 60.5295 56.7854 
17.8 92.6829 96.1353 73.012 65.6501 60.7702 57.0741 
17.9 92.6829 96.1353 73.253 65.8106 60.8905 57.1704 
18 92.6829 96.1353 73.494 65.9711 61.0108 57.3628 
18.1 92.6829 96.1353 73.7349 66.1316 61.1312 57.4591 
18.2 92.6829 96.1353 73.7349 66.2921 61.2515 57.5553 
18.3 92.6829 96.1353 73.9759 66.4526 61.3718 57.6516 
18.4 92.6829 96.1353 74.2169 66.7737 61.6125 57.8441 
18.5 92.6829 96.1353 74.4578 67.0947 61.8532 58.0366 
18.6 95.122 96.6184 74.9398 67.4157 62.0939 58.2291 
18.7 95.122 96.6184 74.9398 67.4157 62.0939 58.2291 
18.8 97.561 97.1014 75.1807 67.8973 62.5752 58.6141 
18.9 97.561 97.1014 75.6627 68.3788 62.9362 58.9028 
19 97.561 97.1014 75.6627 68.3788 62.9362 58.9028 
19.1 97.561 97.1014 75.6627 68.3788 62.9362 58.9028 
19.2 97.561 97.1014 75.6627 68.3788 62.9362 58.9028 
19.3 97.561 97.1014 75.6627 68.3788 62.9362 58.9028 
19.4 97.561 97.1014 75.6627 68.3788 62.9362 59.1915 
19.5 97.561 97.1014 75.6627 68.3788 62.9362 59.4803 
19.6 97.561 97.1014 75.9036 68.5393 63.0566 59.5765 
19.7 97.561 97.5845 76.1446 68.6998 63.4176 59.8653 
19.8 97.561 97.5845 76.1446 68.8604 63.6582 60.154 
19.9 97.561 97.5845 76.1446 69.0209 63.7786 60.3465 
20 97.561 97.5845 76.1446 69.1814 63.8989 60.4427 
20.1 97.561 97.5845 76.6265 69.5024 64.1396 60.6352 
20.2 97.561 97.5845 76.6265 69.6629 64.2599 60.7315 
20.3 97.561 98.0676 76.8675 69.8234 64.3803 61.0202 
20.4 97.561 98.0676 77.1084 69.9839 64.5006 61.309 
20.5 97.561 98.0676 77.3494 70.1445 64.7413 61.5977 
20.6 97.561 98.0676 77.5904 70.305 64.8616 61.6939 
20.7 97.561 98.0676 77.5904 70.305 64.9819 61.8864 
20.8 97.561 98.0676 77.5904 70.305 65.2226 62.1752 
20.9 97.561 98.5507 78.3133 70.7865 65.704 62.6564 
21 97.561 98.5507 78.3133 70.7865 65.8243 62.7526 
21.1 97.561 98.5507 78.3133 70.7865 66.065 62.9451 
21.2 97.561 98.5507 78.3133 70.7865 66.3057 63.2339 
21.3 97.561 98.5507 78.3133 70.7865 66.3057 63.2339 
21.4 97.561 98.5507 78.3133 70.7865 66.3057 63.3301 
21.5 97.561 98.5507 78.3133 70.7865 66.3057 63.4264 
21.6 97.561 98.5507 78.3133 70.947 66.426 63.5226 
21.7 97.561 98.5507 78.5542 71.2681 66.9073 63.9076 
21.8 97.561 98.5507 78.5542 71.4286 67.148 64.1001 
21.9 97.561 98.5507 78.5542 71.4286 67.148 64.1963 
22 97.561 98.5507 78.5542 71.4286 67.2684 64.2926 
22.1 97.561 98.5507 78.5542 71.4286 67.2684 64.3888 
22.2 97.561 98.5507 78.7952 71.5891 67.509 64.6776 
22.3 97.561 98.5507 79.0361 71.7496 67.6294 64.8701 
22.4 97.561 98.5507 79.0361 71.7496 67.7497 64.9663 
22.5 97.561 98.5507 79.0361 71.7496 67.7497 65.0626 
22.6 97.561 98.5507 79.0361 71.7496 67.87 65.2551 
22.7 97.561 98.5507 79.0361 71.9101 68.231 65.5438 
22.8 97.561 98.5507 79.0361 71.9101 68.231 65.5438 
22.9 97.561 98.5507 79.0361 71.9101 68.231 65.5438 
23 97.561 98.5507 79.0361 71.9101 68.231 65.5438 
23.1 97.561 98.5507 79.0361 71.9101 68.231 65.5438 
23.2 97.561 98.5507 79.0361 71.9101 68.231 65.5438 
23.3 97.561 98.5507 79.0361 71.9101 68.231 65.5438 
23.4 97.561 98.5507 79.0361 71.9101 68.231 65.5438 
23.5 97.561 98.5507 79.0361 71.9101 68.231 65.5438 
23.6 97.561 98.5507 79.0361 71.9101 68.231 65.5438 
23.7 97.561 98.5507 79.0361 71.9101 68.231 65.5438 
23.8 97.561 98.5507 79.0361 71.9101 68.231 65.5438 
23.9 97.561 98.5507 79.2771 72.0706 68.3514 65.64 
24 97.561 98.5507 79.2771 72.0706 68.3514 65.64 
24.1 97.561 98.5507 79.2771 72.0706 68.4717 65.9288 
24.2 97.561 98.5507 79.5181 72.2311 68.7124 66.1213 
24.3 97.561 98.5507 79.5181 72.3917 68.8327 66.2175 
24.4 97.561 98.5507 79.5181 72.3917 68.9531 66.5063 
24.5 97.561 98.5507 79.5181 72.3917 68.9531 66.5063 
24.6 97.561 98.5507 79.5181 72.3917 68.9531 66.5063 
24.7 97.561 99.0338 79.759 72.5522 69.1937 66.8912 
24.8 97.561 99.0338 79.759 72.5522 69.3141 67.0837 
24.9 97.561 99.0338 79.759 72.5522 69.5548 67.2762 
25 97.561 99.0338 79.759 72.5522 69.7954 67.4687 
25.1 97.561 99.0338 79.759 72.7127 69.9158 67.8537 
25.2 97.561 99.0338 79.759 72.7127 69.9158 67.95 
25.3 97.561 99.0338 79.759 72.7127 69.9158 67.95 
25.4 97.561 99.0338 79.759 72.8732 70.1564 68.1424 
25.5 97.561 99.0338 79.759 72.8732 70.1564 68.1424 
25.6 97.561 99.0338 79.759 72.8732 70.2768 68.2387 
25.7 97.561 99.0338 79.759 73.0337 70.3971 68.4312 
25.8 100 99.5169 80 73.1942 70.5174 68.6237 
25.9 100 99.5169 80 73.1942 70.5174 68.6237 
26 100 99.5169 80 73.1942 70.5174 68.6237 
26.1 100 99.5169 80 73.1942 70.7581 68.8162 
26.2 100 99.5169 80 73.3547 70.8785 68.9124 
26.3 100 99.5169 80 73.5152 70.9988 69.0087 
26.4 100 99.5169 80 73.5152 70.9988 69.0087 
26.5 100 99.5169 80 73.5152 71.1191 69.1049 
26.6 100 99.5169 80 73.6758 71.3598 69.2974 
26.7 100 99.5169 80 73.8363 71.4801 69.4899 
26.8 100 99.5169 80 73.8363 71.4801 69.4899 
26.9 100 99.5169 80.241 73.9968 71.6005 69.5861 
27 100 99.5169 80.241 74.1573 71.9615 69.8749 
27.1 100 99.5169 80.241 74.1573 72.0818 69.9711 
27.2 100 99.5169 80.241 74.1573 72.0818 69.9711 
27.3 100 99.5169 80.241 74.1573 72.2022 70.1636 
27.4 100 99.5169 80.241 74.1573 72.3225 70.3561 
27.5 100 99.5169 80.4819 74.3178 72.4428 70.4524 
27.6 100 99.5169 80.4819 74.3178 72.5632 70.6449 
27.7 100 99.5169 80.4819 74.3178 72.6835 70.8373 
27.8 100 99.5169 80.4819 74.3178 72.8039 71.0298 
27.9 100 99.5169 80.7229 74.4783 72.9242 71.2223 
28 100 99.5169 80.7229 74.4783 72.9242 71.3186 
28.1 100 99.5169 80.7229 74.4783 72.9242 71.3186 
28.2 100 99.5169 80.7229 74.4783 72.9242 71.5111 
28.3 100 99.5169 80.7229 74.6388 73.0445 71.6073 
28.4 100 99.5169 80.7229 74.7994 73.1649 71.7036 
28.5 100 99.5169 80.9639 74.9599 73.2852 71.8961 
28.6 100 99.5169 80.9639 74.9599 73.4055 71.9923 
28.7 100 99.5169 80.9639 74.9599 73.4055 71.9923 
28.8 100 99.5169 81.2048 75.1204 73.6462 72.281 
28.9 100 99.5169 81.4458 75.2809 73.7665 72.3773 
29 100 99.5169 81.4458 75.2809 73.7665 72.3773 
29.1 100 99.5169 81.4458 75.2809 73.7665 72.3773 
29.2 100 99.5169 81.4458 75.2809 73.7665 72.3773 
29.3 100 99.5169 81.4458 75.2809 73.7665 72.3773 
29.4 100 99.5169 81.4458 75.2809 73.7665 72.3773 
29.5 100 99.5169 81.4458 75.2809 73.7665 72.3773 
29.6 100 99.5169 81.4458 75.2809 73.7665 72.3773 
29.7 100 99.5169 81.4458 75.2809 73.7665 72.3773 
29.8 100 99.5169 81.4458 75.2809 73.7665 72.3773 
29.9 100 99.5169 81.4458 75.2809 73.7665 72.3773 
30 100 99.5169 81.4458 75.2809 73.7665 72.3773 
30.1 100 99.5169 81.4458 75.2809 73.7665 72.3773 
30.2 100 99.5169 81.4458 75.2809 73.7665 72.3773 
30.3 100 99.5169 81.4458 75.2809 73.7665 72.3773 
30.4 100 99.5169 81.4458 75.2809 73.7665 72.3773 
30.5 100 99.5169 81.4458 75.2809 73.7665 72.3773 
30.6 100 99.5169 81.4458 75.2809 73.7665 72.3773 
30.7 100 99.5169 81.4458 75.2809 73.7665 72.3773 
30.8 100 99.5169 81.4458 75.2809 73.7665 72.3773 
30.9 100 99.5169 81.4458 75.2809 73.7665 72.3773 
31 100 99.5169 81.4458 75.2809 73.7665 72.3773 
31.1 100 99.5169 81.4458 75.2809 73.7665 72.3773 
31.2 100 99.5169 81.4458 75.2809 73.7665 72.3773 
31.3 100 99.5169 81.4458 75.2809 73.7665 72.3773 
31.4 100 99.5169 81.4458 75.2809 73.7665 72.3773 
31.5 100 99.5169 81.4458 75.2809 73.7665 72.3773 
31.6 100 99.5169 81.4458 75.2809 73.7665 72.3773 
31.7 100 99.5169 81.4458 75.4414 74.0072 72.5698 
31.8 100 100 81.6867 75.6019 74.1276 72.7623 
31.9 100 100 81.6867 75.6019 74.2479 72.8585 
32 100 100 81.6867 75.923 74.4886 73.1473 
32.1 100 100 81.6867 76.0835 74.7292 73.3397 
32.2 100 100 81.9277 76.244 74.8496 73.5322 
32.3 100 100 81.9277 76.244 74.8496 73.7247 
32.4 100 100 81.9277 76.244 74.8496 73.9172 
32.5 100 100 81.9277 76.244 74.9699 74.0135 
32.6 100 100 81.9277 76.244 74.9699 74.1097 
32.7 100 100 81.9277 76.4045 75.2106 74.3022 
32.8 100 100 81.9277 76.4045 75.2106 74.4947 
32.9 100 100 81.9277 76.4045 75.3309 74.591 
33 100 100 81.9277 76.4045 75.3309 74.591 
33.1 100 100 81.9277 76.4045 75.3309 74.6872 
33.2 100 100 81.9277 76.4045 75.5716 74.9759 
33.3 100 100 81.9277 76.4045 75.6919 75.0722 
33.4 100 100 81.9277 76.4045 75.6919 75.0722 
33.5 100 100 81.9277 76.4045 75.6919 75.0722 
33.6 100 100 81.9277 76.7255 75.9326 75.3609 
33.7 100 100 81.9277 76.7255 76.0529 75.4572 
33.8 100 100 81.9277 76.7255 76.1733 75.5534 
33.9 100 100 81.9277 76.7255 76.1733 75.5534 
34 100 100 81.9277 76.7255 76.2936 75.6497 
34.1 100 100 81.9277 76.7255 76.2936 75.8422 
34.2 100 100 81.9277 76.7255 76.2936 75.8422 
34.3 100 100 81.9277 76.7255 76.414 76.0346 
34.4 100 100 82.1687 76.886 76.6546 76.2271 
34.5 100 100 82.1687 76.886 76.775 76.4196 
34.6 100 100 82.1687 76.886 76.775 76.4196 
34.7 100 100 82.1687 77.0465 76.8953 76.5159 
34.8 100 100 82.1687 77.0465 77.0156 76.6121 
34.9 100 100 82.1687 77.0465 77.0156 76.6121 
35 100 100 82.1687 77.0465 77.0156 76.6121 
35.1 100 100 82.1687 77.0465 77.0156 76.6121 
35.2 100 100 82.1687 77.0465 77.0156 76.7084 
35.3 100 100 82.1687 77.0465 77.0156 76.7084 
35.4 100 100 82.1687 77.0465 77.0156 76.7084 
35.5 100 100 82.1687 77.0465 77.0156 76.8046 
35.6 100 100 82.4096 77.2071 77.2563 77.0934 
35.7 100 100 82.4096 77.2071 77.2563 77.0934 
35.8 100 100 82.4096 77.2071 77.2563 77.0934 
35.9 100 100 82.4096 77.2071 77.2563 77.1896 
36 100 100 82.4096 77.2071 77.2563 77.1896 
36.1 100 100 82.4096 77.3676 77.3767 77.3821 
36.2 100 100 82.4096 77.3676 77.497 77.4783 
36.3 100 100 82.4096 77.3676 77.497 77.4783 
36.4 100 100 82.4096 77.5281 77.6173 77.5746 
36.5 100 100 82.4096 77.5281 77.7377 77.6708 
36.6 100 100 82.4096 77.5281 77.7377 77.6708 
36.7 100 100 82.4096 77.6886 77.858 77.7671 
36.8 100 100 82.6506 78.0096 78.0987 77.9596 
36.9 100 100 82.8916 78.1701 78.219 78.0558 
37 100 100 82.8916 78.1701 78.219 78.1521 
37.1 100 100 82.8916 78.1701 78.219 78.3446 
37.2 100 100 82.8916 78.1701 78.219 78.4408 
37.3 100 100 82.8916 78.4912 78.4597 78.6333 
37.4 100 100 82.8916 78.4912 78.4597 78.6333 
37.5 100 100 82.8916 78.4912 78.58 78.7295 
37.6 100 100 82.8916 78.4912 78.58 78.8258 
37.7 100 100 82.8916 78.4912 78.7004 78.922 
37.8 100 100 82.8916 78.6517 78.8207 79.0183 
37.9 100 100 82.8916 78.6517 78.8207 79.1145 
38 100 100 83.3735 78.9727 79.0614 79.307 
38.1 100 100 83.3735 78.9727 79.0614 79.307 
38.2 100 100 83.3735 78.9727 79.0614 79.307 
38.3 100 100 83.3735 78.9727 79.1817 79.4995 
38.4 100 100 83.3735 78.9727 79.1817 79.4995 
38.5 100 100 83.3735 78.9727 79.1817 79.4995 
38.6 100 100 83.3735 78.9727 79.1817 79.4995 
38.7 100 100 83.3735 78.9727 79.1817 79.4995 
38.8 100 100 83.3735 79.1332 79.302 79.5958 
38.9 100 100 83.3735 79.2937 79.4224 79.692 
39 100 100 83.6145 79.4543 79.6631 79.8845 
39.1 100 100 83.6145 79.4543 79.6631 79.8845 
39.2 100 100 83.6145 79.4543 79.7834 79.9808 
39.3 100 100 83.6145 79.4543 79.7834 79.9808 
39.4 100 100 83.6145 79.4543 79.7834 79.9808 
39.5 100 100 83.8554 79.6148 79.9037 80.077 
39.6 100 100 83.8554 79.6148 80.0241 80.1732 
39.7 100 100 83.8554 79.6148 80.0241 80.1732 
39.8 100 100 83.8554 79.6148 80.0241 80.1732 
39.9 100 100 83.8554 79.6148 80.0241 80.1732 
40 100 100 83.8554 79.6148 80.0241 80.1732 
40.1 100 100 83.8554 79.6148 80.0241 80.1732 
40.2 100 100 83.8554 79.7753 80.1444 80.2695 
40.3 100 100 83.8554 79.9358 80.3851 80.5582 
40.4 100 100 83.8554 79.9358 80.3851 80.6545 
40.5 100 100 83.8554 79.9358 80.3851 80.6545 
40.6 100 100 84.3373 80.4173 80.7461 80.9432 
40.7 100 100 85.3012 81.0594 81.2274 81.3282 
40.8 100 100 86.2651 81.7014 81.7088 81.7132 
40.9 100 100 87.2289 82.3435 82.1901 82.0982 
41 100 100 87.9518 82.825 82.5511 82.3869 
41.1 100 100 87.9518 82.825 82.5511 82.3869 
41.2 100 100 87.9518 83.1461 82.7918 82.5794 
41.3 100 100 87.9518 83.4671 83.0325 82.7719 
41.4 100 100 87.9518 83.6276 83.1528 82.8681 
41.5 100 100 87.9518 83.6276 83.1528 82.8681 
41.6 100 100 87.9518 83.6276 83.1528 82.8681 
41.7 100 100 87.9518 83.6276 83.2732 82.9644 
41.8 100 100 87.9518 83.6276 83.3935 83.0606 
41.9 100 100 87.9518 83.6276 83.3935 83.0606 
42 100 100 87.9518 83.6276 83.3935 83.0606 
42.1 100 100 87.9518 83.6276 83.3935 83.1569 
42.2 100 100 87.9518 83.6276 83.3935 83.1569 
42.3 100 100 87.9518 83.6276 83.3935 83.1569 
42.4 100 100 87.9518 83.6276 83.3935 83.1569 
42.5 100 100 87.9518 83.6276 83.5138 83.2531 
42.6 100 100 87.9518 83.6276 83.5138 83.2531 
42.7 100 100 87.9518 83.6276 83.5138 83.2531 
42.8 100 100 87.9518 83.6276 83.6342 83.4456 
42.9 100 100 87.9518 83.6276 83.6342 83.4456 
43 100 100 87.9518 83.6276 83.6342 83.4456 
43.1 100 100 87.9518 83.6276 83.6342 83.4456 
43.2 100 100 87.9518 84.1091 84.1155 83.8306 
43.3 100 100 87.9518 84.2697 84.4765 84.1193 
43.4 100 100 87.9518 84.2697 84.4765 84.1193 
43.5 100 100 87.9518 84.4302 84.7172 84.3118 
43.6 100 100 87.9518 84.4302 84.9579 84.6006 
43.7 100 100 87.9518 84.7512 85.3189 85.0818 
43.8 100 100 87.9518 85.2327 85.6799 85.4668 
43.9 100 100 87.9518 85.2327 85.6799 85.6593 
44 100 100 87.9518 85.2327 85.6799 85.6593 
44.1 100 100 87.9518 85.2327 85.6799 85.7555 
44.2 100 100 87.9518 85.2327 85.6799 85.7555 
44.3 100 100 87.9518 85.2327 85.6799 85.7555 
44.4 100 100 87.9518 85.2327 85.6799 85.7555 
44.5 100 100 87.9518 85.3933 86.1613 86.1405 
44.6 100 100 88.4337 86.0353 86.6426 86.5255 
44.7 100 100 89.1566 86.6774 87.1239 86.9105 
44.8 100 100 89.3976 87.3194 87.6053 87.2955 
44.9 100 100 89.3976 87.3194 87.6053 87.2955 
45 100 100 89.3976 87.3194 87.6053 87.2955 
45.1 100 100 89.3976 87.3194 87.6053 87.2955 
45.2 100 100 89.3976 87.3194 87.6053 87.2955 
45.3 100 100 89.3976 87.3194 87.6053 87.2955 
45.4 100 100 89.3976 87.3194 87.6053 87.2955 
45.5 100 100 89.3976 87.3194 87.6053 87.2955 
45.6 100 100 89.3976 87.3194 87.6053 87.2955 
45.7 100 100 89.3976 87.3194 87.6053 87.2955 
45.8 100 100 89.3976 87.3194 87.6053 87.2955 
45.9 100 100 89.3976 87.3194 87.6053 87.2955 
46 100 100 89.3976 87.3194 87.6053 87.2955 
46.1 100 100 89.3976 87.3194 87.6053 87.2955 
46.2 100 100 89.3976 87.3194 87.6053 87.2955 
46.3 100 100 89.3976 87.3194 87.6053 87.2955 
46.4 100 100 89.3976 87.3194 87.6053 87.2955 
46.5 100 100 89.3976 87.3194 87.6053 87.2955 
46.6 100 100 89.3976 87.3194 87.6053 87.2955 
46.7 100 100 89.3976 87.3194 87.6053 87.2955 
46.8 100 100 89.3976 87.3194 87.6053 87.2955 
46.9 100 100 89.3976 87.3194 87.6053 87.2955 
47 100 100 89.3976 87.3194 87.6053 87.2955 
47.1 100 100 89.3976 87.3194 87.6053 87.2955 
47.2 100 100 89.3976 87.3194 87.6053 87.2955 
47.3 100 100 89.3976 87.3194 87.6053 87.2955 
47.4 100 100 89.3976 87.3194 87.6053 87.2955 
47.5 100 100 89.3976 87.3194 87.6053 87.2955 
47.6 100 100 89.3976 87.3194 87.6053 87.2955 
47.7 100 100 89.3976 87.3194 87.6053 87.2955 
47.8 100 100 89.3976 87.3194 87.6053 87.2955 
47.9 100 100 89.3976 87.3194 87.6053 87.2955 
48 100 100 89.3976 87.3194 87.6053 87.2955 
48.1 100 100 89.3976 87.3194 87.6053 87.2955 
48.2 100 100 89.3976 87.4799 87.7256 87.3917 
48.3 100 100 89.3976 87.4799 87.7256 87.3917 
48.4 100 100 89.3976 87.4799 87.7256 87.3917 
48.5 100 100 89.6386 87.6404 87.846 87.488 
48.6 100 100 89.6386 87.6404 87.846 87.488 
48.7 100 100 89.6386 87.801 87.9663 87.5842 
48.8 100 100 89.6386 87.801 87.9663 87.5842 
48.9 100 100 89.6386 87.801 87.9663 87.5842 
49 100 100 89.6386 87.801 87.9663 87.5842 
49.1 100 100 89.6386 87.801 87.9663 87.5842 
49.2 100 100 89.6386 87.801 87.9663 87.5842 
49.3 100 100 89.6386 87.801 87.9663 87.5842 
49.4 100 100 89.6386 87.801 88.0866 87.6805 
49.5 100 100 89.6386 87.801 88.0866 87.6805 
49.6 100 100 89.6386 87.801 88.0866 87.6805 
49.7 100 100 89.6386 87.801 88.0866 87.6805 
49.8 100 100 89.6386 87.801 88.207 87.7767 
49.9 100 100 89.6386 87.801 88.207 87.7767 
50 100 100 89.6386 87.801 88.207 87.7767 
50.1 100 100 89.6386 87.801 88.207 87.7767 
50.2 100 100 89.6386 87.801 88.207 87.7767 
50.3 100 100 89.6386 87.801 88.207 87.7767 
50.4 100 100 89.6386 87.801 88.207 87.873 
50.5 100 100 89.6386 87.801 88.207 87.873 
50.6 100 100 89.6386 87.801 88.207 87.873 
50.7 100 100 89.6386 87.801 88.207 87.873 
50.8 100 100 89.6386 87.801 88.207 87.873 
50.9 100 100 89.6386 87.801 88.207 87.873 
51 100 100 89.6386 87.801 88.207 87.873 
51.1 100 100 89.6386 87.801 88.207 87.873 
51.2 100 100 89.6386 87.801 88.207 87.873 
51.3 100 100 89.6386 87.801 88.207 87.873 
51.4 100 100 89.6386 87.801 88.207 87.9692 
51.5 100 100 89.6386 87.801 88.207 87.9692 
51.6 100 100 89.6386 87.9615 88.3273 88.0654 
51.7 100 100 89.6386 87.9615 88.3273 88.0654 
51.8 100 100 89.8795 88.122 88.4477 88.1617 
51.9 100 100 89.8795 88.122 88.4477 88.1617 
52 100 100 89.8795 88.122 88.4477 88.1617 
52.1 100 100 89.8795 88.122 88.4477 88.1617 
52.2 100 100 89.8795 88.122 88.4477 88.1617 
52.3 100 100 89.8795 88.122 88.4477 88.2579 
52.4 100 100 89.8795 88.122 88.4477 88.2579 
52.5 100 100 89.8795 88.122 88.4477 88.2579 
52.6 100 100 89.8795 88.122 88.4477 88.2579 
52.7 100 100 89.8795 88.122 88.4477 88.2579 
52.8 100 100 89.8795 88.2825 88.568 88.4504 
52.9 100 100 89.8795 88.2825 88.568 88.4504 
53 100 100 89.8795 88.2825 88.568 88.4504 
53.1 100 100 89.8795 88.2825 88.568 88.4504 
53.2 100 100 89.8795 88.2825 88.568 88.4504 
53.3 100 100 89.8795 88.443 88.6883 88.5467 
53.4 100 100 89.8795 88.443 88.6883 88.5467 
53.5 100 100 89.8795 88.443 88.6883 88.5467 
53.6 100 100 89.8795 88.443 88.6883 88.6429 
53.7 100 100 89.8795 88.443 88.6883 88.7392 
53.8 100 100 89.8795 88.443 88.6883 88.7392 
53.9 100 100 89.8795 88.443 88.6883 88.7392 
54 100 100 89.8795 88.443 88.6883 88.7392 
54.1 100 100 89.8795 88.443 88.6883 88.7392 
54.2 100 100 89.8795 88.443 88.6883 88.7392 
54.3 100 100 89.8795 88.443 88.6883 88.7392 
54.4 100 100 89.8795 88.443 88.6883 88.7392 
54.5 100 100 89.8795 88.443 88.6883 88.8354 
54.6 100 100 89.8795 88.443 88.6883 88.8354 
54.7 100 100 89.8795 88.443 88.6883 88.8354 
54.8 100 100 89.8795 88.443 88.6883 88.8354 
54.9 100 100 89.8795 88.443 88.6883 88.8354 
55 100 100 89.8795 88.443 88.6883 88.8354 
55.1 100 100 89.8795 88.443 88.6883 88.8354 
55.2 100 100 89.8795 88.443 88.6883 88.8354 
55.3 100 100 89.8795 88.443 88.6883 88.8354 
55.4 100 100 89.8795 88.443 88.6883 88.8354 
55.5 100 100 89.8795 88.443 88.8087 88.9317 
55.6 100 100 89.8795 88.443 88.8087 88.9317 
55.7 100 100 89.8795 88.443 88.8087 88.9317 
55.8 100 100 89.8795 88.443 88.929 89.0279 
55.9 100 100 89.8795 88.443 88.929 89.0279 
56 100 100 89.8795 88.443 89.0493 89.1242 
56.1 100 100 89.8795 88.443 89.0493 89.1242 
56.2 100 100 89.8795 88.443 89.0493 89.1242 
56.3 100 100 89.8795 88.443 89.0493 89.1242 
56.4 100 100 89.8795 88.443 89.0493 89.1242 
56.5 100 100 89.8795 88.443 89.0493 89.1242 
56.6 100 100 89.8795 88.443 89.0493 89.1242 
56.7 100 100 89.8795 88.443 89.0493 89.1242 
56.8 100 100 89.8795 88.443 89.0493 89.1242 
56.9 100 100 89.8795 88.443 89.0493 89.1242 
57 100 100 89.8795 88.443 89.0493 89.1242 
57.1 100 100 89.8795 88.443 89.0493 89.1242 
57.2 100 100 90.1205 88.6035 89.1697 89.2204 
57.3 100 100 90.1205 88.6035 89.1697 89.2204 
57.4 100 100 90.1205 88.6035 89.1697 89.2204 
57.5 100 100 90.1205 88.6035 89.1697 89.2204 
57.6 100 100 90.1205 88.6035 89.1697 89.2204 
57.7 100 100 90.1205 88.6035 89.1697 89.2204 
57.8 100 100 90.1205 88.6035 89.1697 89.2204 
57.9 100 100 90.1205 88.6035 89.29 89.3167 
58 100 100 90.3614 88.764 89.5307 89.5091 
58.1 100 100 90.3614 88.764 89.5307 89.5091 
58.2 100 100 90.3614 88.764 89.5307 89.6054 
58.3 100 100 90.3614 88.764 89.5307 89.6054 
58.4 100 100 90.3614 88.764 89.5307 89.6054 
58.5 100 100 90.3614 88.764 89.5307 89.7979 
58.6 100 100 90.3614 88.9246 89.651 89.8941 
58.7 100 100 90.3614 88.9246 89.651 89.8941 
58.8 100 100 90.6024 89.0851 89.7714 89.9904 
58.9 100 100 90.6024 89.0851 89.8917 90.0866 
59 100 100 90.6024 89.0851 89.8917 90.0866 
59.1 100 100 90.6024 89.2456 90.012 90.1829 
59.2 100 100 90.6024 89.2456 90.012 90.1829 
59.3 100 100 90.6024 89.2456 90.012 90.1829 
59.4 100 100 90.6024 89.2456 90.012 90.1829 
59.5 100 100 90.6024 89.2456 90.012 90.1829 
59.6 100 100 90.8434 89.4061 90.1324 90.2791 
59.7 100 100 90.8434 89.4061 90.1324 90.2791 
59.8 100 100 90.8434 89.4061 90.1324 90.2791 
59.9 100 100 90.8434 89.4061 90.1324 90.2791 
60 100 100 90.8434 89.4061 90.1324 90.2791 
60.1 100 100 90.8434 89.4061 90.1324 90.2791 
60.2 100 100 90.8434 89.4061 90.1324 90.2791 
60.3 100 100 90.8434 89.4061 90.1324 90.2791 
60.4 100 100 90.8434 89.4061 90.1324 90.2791 
60.5 100 100 90.8434 89.4061 90.2527 90.4716 
60.6 100 100 90.8434 89.4061 90.2527 90.4716 
60.7 100 100 90.8434 89.4061 90.2527 90.4716 
60.8 100 100 90.8434 89.4061 90.2527 90.4716 
60.9 100 100 90.8434 89.4061 90.2527 90.4716 
61 100 100 90.8434 89.5666 90.373 90.5679 
61.1 100 100 90.8434 89.5666 90.373 90.5679 
61.2 100 100 90.8434 89.5666 90.4934 90.6641 
61.3 100 100 90.8434 89.5666 90.4934 90.7603 
61.4 100 100 90.8434 89.5666 90.4934 90.7603 
61.5 100 100 90.8434 89.5666 90.4934 90.7603 
61.6 100 100 90.8434 89.5666 90.4934 90.7603 
61.7 100 100 90.8434 89.5666 90.4934 90.7603 
61.8 100 100 91.0843 89.7271 90.6137 90.8566 
61.9 100 100 91.0843 89.7271 90.6137 90.8566 
62 100 100 91.0843 89.7271 90.6137 90.8566 
62.1 100 100 91.0843 89.7271 90.6137 90.8566 
62.2 100 100 91.0843 89.7271 90.6137 90.8566 
62.3 100 100 91.0843 89.7271 90.6137 90.8566 
62.4 100 100 91.0843 89.7271 90.7341 90.9528 
62.5 100 100 91.0843 89.7271 90.7341 90.9528 
62.6 100 100 91.0843 89.8876 90.8544 91.0491 
62.7 100 100 91.3253 90.0482 90.9747 91.1453 
62.8 100 100 91.3253 90.0482 90.9747 91.1453 
62.9 100 100 91.5663 90.2087 91.0951 91.2416 
63 100 100 91.5663 90.2087 91.0951 91.2416 
63.1 100 100 91.5663 90.2087 91.0951 91.2416 
63.2 100 100 91.5663 90.2087 91.0951 91.2416 
63.3 100 100 91.5663 90.2087 91.0951 91.2416 
63.4 100 100 91.5663 90.2087 91.0951 91.2416 
63.5 100 100 91.8072 90.3692 91.3357 91.4341 
63.6 100 100 91.8072 90.3692 91.3357 91.5303 
63.7 100 100 92.0482 90.5297 91.4561 91.6266 
63.8 100 100 92.2892 90.6902 91.5764 91.7228 
63.9 100 100 92.2892 90.6902 91.5764 91.7228 
64 100 100 92.2892 90.6902 91.5764 91.8191 
64.1 100 100 92.2892 90.6902 91.5764 91.8191 
64.2 100 100 92.2892 90.6902 91.5764 91.8191 
64.3 100 100 92.2892 90.6902 91.5764 91.8191 
64.4 100 100 92.2892 90.6902 91.5764 91.8191 
64.5 100 100 92.2892 90.6902 91.5764 91.8191 
64.6 100 100 92.2892 90.6902 91.5764 91.8191 
64.7 100 100 92.2892 90.6902 91.5764 91.8191 
64.8 100 100 92.2892 90.6902 91.5764 91.8191 
64.9 100 100 92.2892 90.6902 91.5764 91.8191 
65 100 100 92.2892 90.6902 91.5764 91.8191 
65.1 100 100 92.2892 90.6902 91.5764 91.8191 
65.2 100 100 92.2892 90.6902 91.5764 91.8191 
65.3 100 100 92.2892 90.6902 91.5764 91.8191 
65.4 100 100 92.2892 90.6902 91.5764 91.8191 
65.5 100 100 92.2892 90.6902 91.5764 91.8191 
65.6 100 100 92.2892 90.6902 91.5764 91.9153 
65.7 100 100 92.2892 90.6902 91.5764 91.9153 
65.8 100 100 92.2892 90.6902 91.5764 91.9153 
65.9 100 100 92.2892 90.6902 91.5764 91.9153 
66 100 100 92.2892 90.8507 91.6968 92.0115 
66.1 100 100 92.2892 90.8507 91.6968 92.0115 
66.2 100 100 92.2892 90.8507 91.6968 92.0115 
66.3 100 100 92.2892 90.8507 91.6968 92.0115 
66.4 100 100 92.2892 90.8507 91.6968 92.0115 
66.5 100 100 92.5301 91.0112 91.8171 92.1078 
66.6 100 100 92.5301 91.0112 91.8171 92.1078 
66.7 100 100 92.5301 91.0112 91.8171 92.1078 
66.8 100 100 92.5301 91.0112 91.8171 92.1078 
66.9 100 100 92.5301 91.1717 91.9374 92.204 
67 100 100 92.5301 91.1717 91.9374 92.204 
67.1 100 100 92.5301 91.1717 91.9374 92.204 
67.2 100 100 92.5301 91.1717 92.0578 92.3003 
67.3 100 100 92.5301 91.1717 92.0578 92.3003 
67.4 100 100 92.5301 91.1717 92.0578 92.3003 
67.5 100 100 92.5301 91.1717 92.0578 92.3003 
67.6 100 100 92.5301 91.1717 92.0578 92.3003 
67.7 100 100 92.5301 91.3323 92.1781 92.3965 
67.8 100 100 92.5301 91.3323 92.1781 92.3965 
67.9 100 100 92.5301 91.3323 92.1781 92.3965 
68 100 100 92.5301 91.3323 92.1781 92.3965 
68.1 100 100 92.5301 91.3323 92.1781 92.3965 
68.2 100 100 92.7711 91.4928 92.2984 92.4928 
68.3 100 100 92.7711 91.4928 92.2984 92.4928 
68.4 100 100 92.7711 91.4928 92.2984 92.4928 
68.5 100 100 92.7711 91.4928 92.2984 92.4928 
68.6 100 100 92.7711 91.4928 92.2984 92.4928 
68.7 100 100 92.7711 91.4928 92.2984 92.4928 
68.8 100 100 92.7711 91.4928 92.2984 92.589 
68.9 100 100 92.7711 91.4928 92.2984 92.589 
69 100 100 92.7711 91.4928 92.2984 92.589 
69.1 100 100 92.7711 91.4928 92.2984 92.589 
69.2 100 100 92.7711 91.4928 92.2984 92.589 
69.3 100 100 92.7711 91.4928 92.2984 92.589 
69.4 100 100 92.7711 91.4928 92.2984 92.589 
69.5 100 100 92.7711 91.4928 92.2984 92.589 
69.6 100 100 92.7711 91.4928 92.2984 92.589 
69.7 100 100 92.7711 91.4928 92.2984 92.589 
69.8 100 100 92.7711 91.4928 92.4188 92.6853 
69.9 100 100 92.7711 91.4928 92.4188 92.6853 
70 100 100 92.7711 91.4928 92.4188 92.6853 
70.1 100 100 92.7711 91.6533 92.6594 92.8778 
70.2 100 100 92.7711 91.6533 92.6594 92.8778 
70.3 100 100 93.012 91.8138 92.7798 92.974 
70.4 100 100 93.012 91.8138 92.7798 92.974 
70.5 100 100 93.012 91.9743 92.9001 93.0703 
70.6 100 100 93.012 91.9743 92.9001 93.0703 
70.7 100 100 93.012 91.9743 92.9001 93.0703 
70.8 100 100 93.012 92.1348 93.0205 93.1665 
70.9 100 100 93.012 92.1348 93.0205 93.359 
71 100 100 93.012 92.1348 93.0205 93.359 
71.1 100 100 93.012 92.1348 93.0205 93.4552 
71.2 100 100 93.012 92.1348 93.0205 93.4552 
71.3 100 100 93.012 92.1348 93.0205 93.4552 
71.4 100 100 93.012 92.1348 93.0205 93.4552 
71.5 100 100 93.012 92.2953 93.1408 93.5515 
71.6 100 100 93.012 92.2953 93.1408 93.5515 
71.7 100 100 93.253 92.4559 93.2611 93.6477 
71.8 100 100 93.253 92.4559 93.3815 93.744 
71.9 100 100 93.253 92.4559 93.3815 93.744 
72 100 100 93.253 92.4559 93.3815 93.744 
72.1 100 100 93.253 92.4559 93.3815 93.744 
72.2 100 100 93.253 92.4559 93.3815 93.744 
72.3 100 100 93.253 92.4559 93.3815 93.744 
72.4 100 100 93.253 92.6164 93.5018 93.8402 
72.5 100 100 93.253 92.6164 93.5018 93.8402 
72.6 100 100 93.253 92.6164 93.5018 93.8402 
72.7 100 100 93.253 92.6164 93.5018 93.8402 
72.8 100 100 93.253 92.6164 93.5018 93.8402 
72.9 100 100 93.494 92.7769 93.6221 93.9365 
73 100 100 93.494 92.7769 93.6221 93.9365 
73.1 100 100 93.7349 92.9374 93.7425 94.0327 
73.2 100 100 93.7349 92.9374 93.7425 94.0327 
73.3 100 100 93.7349 92.9374 93.7425 94.0327 
73.4 100 100 93.7349 92.9374 93.7425 94.0327 
73.5 100 100 93.7349 92.9374 93.7425 94.0327 
73.6 100 100 93.7349 92.9374 93.7425 94.0327 
73.7 100 100 93.7349 92.9374 93.7425 94.0327 
73.8 100 100 93.7349 93.0979 93.8628 94.129 
73.9 100 100 93.7349 93.0979 93.8628 94.129 
74 100 100 93.7349 93.2584 93.9832 94.2252 
74.1 100 100 93.7349 93.2584 93.9832 94.2252 
74.2 100 100 93.7349 93.2584 93.9832 94.3215 
74.3 100 100 93.7349 93.2584 93.9832 94.3215 
74.4 100 100 93.7349 93.2584 93.9832 94.3215 
74.5 100 100 93.7349 93.2584 93.9832 94.3215 
74.6 100 100 93.7349 93.2584 93.9832 94.3215 
74.7 100 100 93.7349 93.2584 93.9832 94.3215 
74.8 100 100 93.9759 93.4189 94.1035 94.4177 
74.9 100 100 93.9759 93.4189 94.1035 94.4177 
75 100 100 93.9759 93.4189 94.1035 94.4177 
75.1 100 100 93.9759 93.4189 94.1035 94.4177 
75.2 100 100 93.9759 93.4189 94.1035 94.4177 
75.3 100 100 93.9759 93.4189 94.1035 94.4177 
75.4 100 100 93.9759 93.4189 94.1035 94.4177 
75.5 100 100 93.9759 93.4189 94.1035 94.4177 
75.6 100 100 94.2169 93.5795 94.2238 94.514 
75.7 100 100 94.2169 93.5795 94.2238 94.514 
75.8 100 100 94.2169 93.5795 94.2238 94.514 
75.9 100 100 94.2169 93.5795 94.2238 94.514 
76 100 100 94.2169 93.5795 94.2238 94.514 
76.1 100 100 94.2169 93.5795 94.2238 94.514 
76.2 100 100 94.2169 93.5795 94.2238 94.514 
76.3 100 100 94.2169 93.5795 94.2238 94.514 
76.4 100 100 94.2169 93.5795 94.2238 94.514 
76.5 100 100 94.2169 93.5795 94.2238 94.514 
76.6 100 100 94.2169 93.5795 94.2238 94.514 
76.7 100 100 94.2169 93.5795 94.2238 94.514 
76.8 100 100 94.4578 93.74 94.3442 94.6102 
76.9 100 100 94.4578 93.74 94.3442 94.6102 
77 100 100 94.4578 93.74 94.3442 94.6102 
77.1 100 100 94.4578 93.74 94.3442 94.6102 
77.2 100 100 94.4578 93.74 94.3442 94.6102 
77.3 100 100 94.4578 93.74 94.3442 94.6102 
77.4 100 100 94.4578 93.74 94.3442 94.6102 
77.5 100 100 94.4578 93.74 94.3442 94.6102 
77.6 100 100 94.4578 93.74 94.3442 94.6102 
77.7 100 100 94.4578 93.74 94.3442 94.6102 
77.8 100 100 94.4578 93.74 94.3442 94.6102 
77.9 100 100 94.4578 93.74 94.3442 94.6102 
78 100 100 94.4578 93.74 94.3442 94.6102 
78.1 100 100 94.4578 93.74 94.3442 94.6102 
78.2 100 100 94.4578 93.74 94.3442 94.6102 
78.3 100 100 94.4578 93.74 94.3442 94.6102 
78.4 100 100 94.4578 93.74 94.4645 94.7064 
78.5 100 100 94.4578 93.74 94.4645 94.7064 
78.6 100 100 94.4578 93.74 94.4645 94.7064 
78.7 100 100 94.4578 93.74 94.4645 94.7064 
78.8 100 100 94.4578 93.74 94.4645 94.7064 
78.9 100 100 94.4578 93.74 94.4645 94.7064 
79 100 100 94.4578 93.74 94.4645 94.7064 
79.1 100 100 94.4578 93.74 94.4645 94.7064 
79.2 100 100 94.4578 93.74 94.4645 94.7064 
79.3 100 100 94.4578 93.74 94.4645 94.7064 
79.4 100 100 94.4578 93.74 94.4645 94.7064 
79.5 100 100 94.4578 93.9005 94.5848 94.8027 
79.6 100 100 94.4578 93.9005 94.5848 94.8027 
79.7 100 100 94.4578 93.9005 94.5848 94.8027 
79.8 100 100 94.4578 93.9005 94.5848 94.8027 
79.9 100 100 94.4578 94.061 94.7052 94.8989 
80 100 100 94.4578 94.061 94.7052 94.8989 
80.1 100 100 94.4578 94.061 94.7052 94.8989 
80.2 100 100 94.4578 94.061 94.7052 94.8989 
80.3 100 100 94.6988 94.2215 94.8255 94.9952 
80.4 100 100 94.6988 94.382 94.9458 95.0914 
80.5 100 100 94.6988 94.382 94.9458 95.0914 
80.6 100 100 94.6988 94.382 94.9458 95.0914 
80.7 100 100 94.6988 94.382 94.9458 95.0914 
80.8 100 100 94.6988 94.5425 95.0662 95.1877 
80.9 100 100 94.6988 94.5425 95.0662 95.1877 
81 100 100 94.6988 94.5425 95.0662 95.1877 
81.1 100 100 94.6988 94.5425 95.0662 95.1877 
81.2 100 100 94.6988 94.5425 95.0662 95.1877 
81.3 100 100 94.6988 94.5425 95.0662 95.1877 
81.4 100 100 94.6988 94.5425 95.0662 95.1877 
81.5 100 100 94.6988 94.5425 95.0662 95.1877 
81.6 100 100 94.6988 94.5425 95.0662 95.1877 
81.7 100 100 94.6988 94.5425 95.0662 95.1877 
81.8 100 100 94.6988 94.5425 95.0662 95.1877 
81.9 100 100 94.6988 94.5425 95.0662 95.1877 
82 100 100 94.9398 94.703 95.1865 95.2839 
82.1 100 100 94.9398 94.703 95.1865 95.2839 
82.2 100 100 94.9398 94.703 95.1865 95.2839 
82.3 100 100 94.9398 94.703 95.1865 95.2839 
82.4 100 100 94.9398 94.703 95.1865 95.2839 
82.5 100 100 94.9398 94.703 95.1865 95.2839 
82.6 100 100 94.9398 94.703 95.1865 95.2839 
82.7 100 100 94.9398 94.8636 95.3069 95.3802 
82.8 100 100 94.9398 94.8636 95.3069 95.3802 
82.9 100 100 94.9398 94.8636 95.3069 95.3802 
83 100 100 94.9398 94.8636 95.3069 95.3802 
83.1 100 100 94.9398 94.8636 95.3069 95.3802 
83.2 100 100 94.9398 94.8636 95.3069 95.3802 
83.3 100 100 95.1807 95.0241 95.5475 95.5727 
83.4 100 100 95.1807 95.0241 95.5475 95.6689 
83.5 100 100 95.1807 95.0241 95.5475 95.6689 
83.6 100 100 95.4217 95.1846 95.6679 95.7652 
83.7 100 100 95.4217 95.1846 95.6679 95.7652 
83.8 100 100 95.4217 95.1846 95.6679 95.8614 
83.9 100 100 95.4217 95.3451 95.7882 95.9577 
84 100 100 95.4217 95.3451 95.7882 95.9577 
84.1 100 100 95.4217 95.3451 95.7882 95.9577 
84.2 100 100 95.6627 95.5056 95.9085 96.0539 
84.3 100 100 95.6627 95.5056 95.9085 96.0539 
84.4 100 100 95.6627 95.5056 95.9085 96.0539 
84.5 100 100 95.6627 95.5056 95.9085 96.0539 
84.6 100 100 95.6627 95.5056 95.9085 96.0539 
84.7 100 100 95.6627 95.5056 95.9085 96.0539 
84.8 100 100 95.9036 95.6661 96.0289 96.1501 
84.9 100 100 95.9036 95.6661 96.0289 96.1501 
85 100 100 95.9036 95.6661 96.0289 96.1501 
85.1 100 100 95.9036 95.6661 96.0289 96.1501 
85.2 100 100 95.9036 95.6661 96.0289 96.1501 
85.3 100 100 95.9036 95.6661 96.0289 96.1501 
85.4 100 100 95.9036 95.6661 96.1492 96.2464 
85.5 100 100 95.9036 95.6661 96.1492 96.2464 
85.6 100 100 95.9036 95.6661 96.1492 96.2464 
85.7 100 100 96.1446 95.8266 96.2696 96.3426 
85.8 100 100 96.1446 95.8266 96.2696 96.3426 
85.9 100 100 96.6265 96.1477 96.5102 96.5351 
86 100 100 96.8675 96.3082 96.6306 96.6314 
86.1 100 100 96.8675 96.3082 96.6306 96.6314 
86.2 100 100 96.8675 96.3082 96.6306 96.6314 
86.3 100 100 97.1084 96.4687 96.7509 96.7276 
86.4 100 100 97.1084 96.4687 96.7509 96.7276 
86.5 100 100 97.1084 96.4687 96.7509 96.7276 
86.6 100 100 97.1084 96.4687 96.7509 96.7276 
86.7 100 100 97.1084 96.4687 96.7509 96.7276 
86.8 100 100 97.1084 96.4687 96.7509 96.7276 
86.9 100 100 97.1084 96.4687 96.7509 96.7276 
87 100 100 97.1084 96.4687 96.7509 96.7276 
87.1 100 100 97.1084 96.4687 96.7509 96.7276 
87.2 100 100 97.1084 96.4687 96.7509 96.7276 
87.3 100 100 97.1084 96.4687 96.7509 96.7276 
87.4 100 100 97.1084 96.4687 96.7509 96.7276 
87.5 100 100 97.1084 96.4687 96.7509 96.7276 
87.6 100 100 97.1084 96.4687 96.7509 96.7276 
87.7 100 100 97.1084 96.4687 96.7509 96.7276 
87.8 100 100 97.1084 96.4687 96.7509 96.7276 
87.9 100 100 97.1084 96.4687 96.7509 96.7276 
88 100 100 97.1084 96.4687 96.7509 96.7276 
88.1 100 100 97.1084 96.6292 96.8712 96.8239 
88.2 100 100 97.1084 96.6292 96.8712 96.8239 
88.3 100 100 97.1084 96.6292 96.8712 96.8239 
88.4 100 100 97.1084 96.6292 96.8712 96.8239 
88.5 100 100 97.1084 96.6292 96.8712 96.8239 
88.6 100 100 97.1084 96.6292 96.8712 96.8239 
88.7 100 100 97.1084 96.6292 96.8712 96.8239 
88.8 100 100 97.1084 96.7897 96.9916 96.9201 
88.9 100 100 97.1084 96.7897 96.9916 96.9201 
89 100 100 97.1084 96.7897 96.9916 96.9201 
89.1 100 100 97.1084 96.7897 96.9916 96.9201 
89.2 100 100 97.1084 96.7897 96.9916 96.9201 
89.3 100 100 97.1084 96.7897 96.9916 96.9201 
89.4 100 100 97.1084 96.7897 96.9916 97.0164 
89.5 100 100 97.1084 96.7897 96.9916 97.0164 
89.6 100 100 97.1084 96.7897 96.9916 97.0164 
89.7 100 100 97.3494 96.9502 97.1119 97.1126 
89.8 100 100 97.3494 96.9502 97.1119 97.1126 
89.9 100 100 97.3494 96.9502 97.1119 97.1126 
90 100 100 97.3494 96.9502 97.1119 97.1126 
90.1 100 100 97.3494 97.1108 97.2323 97.2089 
90.2 100 100 97.3494 97.1108 97.2323 97.2089 
90.3 100 100 97.3494 97.1108 97.2323 97.2089 
90.4 100 100 97.3494 97.1108 97.2323 97.2089 
90.5 100 100 97.3494 97.2713 97.3526 97.3051 
90.6 100 100 97.3494 97.2713 97.3526 97.3051 
90.7 100 100 97.3494 97.2713 97.3526 97.3051 
90.8 100 100 97.3494 97.2713 97.3526 97.3051 
90.9 100 100 97.3494 97.2713 97.3526 97.3051 
91 100 100 97.3494 97.2713 97.3526 97.3051 
91.1 100 100 97.3494 97.2713 97.3526 97.3051 
91.2 100 100 97.3494 97.2713 97.3526 97.3051 
91.3 100 100 97.3494 97.2713 97.3526 97.3051 
91.4 100 100 97.3494 97.2713 97.3526 97.3051 
91.5 100 100 97.3494 97.2713 97.3526 97.3051 
91.6 100 100 97.3494 97.2713 97.3526 97.3051 
91.7 100 100 97.3494 97.2713 97.3526 97.3051 
91.8 100 100 97.3494 97.4318 97.4729 97.4013 
91.9 100 100 97.3494 97.4318 97.4729 97.4013 
92 100 100 97.5904 97.5923 97.5933 97.4976 
92.1 100 100 98.0723 98.0738 97.9543 97.7863 
92.2 100 100 98.3133 98.2343 98.0746 97.8826 
92.3 100 100 98.3133 98.2343 98.0746 97.9788 
92.4 100 100 98.3133 98.2343 98.0746 97.9788 
92.5 100 100 98.7952 98.5554 98.3153 98.1713 
92.6 100 100 98.7952 98.5554 98.3153 98.1713 
92.7 100 100 98.7952 98.5554 98.3153 98.1713 
92.8 100 100 98.7952 98.5554 98.3153 98.1713 
92.9 100 100 98.7952 98.5554 98.3153 98.1713 
93 100 100 98.7952 98.5554 98.4356 98.2676 
93.1 100 100 98.7952 98.7159 98.556 98.3638 
93.2 100 100 98.7952 98.7159 98.556 98.3638 
93.3 100 100 98.7952 98.7159 98.556 98.3638 
93.4 100 100 98.7952 98.7159 98.556 98.3638 
93.5 100 100 98.7952 98.7159 98.556 98.3638 
93.6 100 100 98.7952 98.7159 98.556 98.3638 
93.7 100 100 98.7952 98.7159 98.556 98.3638 
93.8 100 100 98.7952 98.7159 98.556 98.3638 
93.9 100 100 98.7952 98.7159 98.556 98.3638 
94 100 100 98.7952 98.7159 98.556 98.3638 
94.1 100 100 98.7952 98.8764 98.6763 98.4601 
94.2 100 100 98.7952 98.8764 98.6763 98.4601 
94.3 100 100 99.0361 99.0369 98.7966 98.5563 
94.4 100 100 99.2771 99.1974 98.917 98.6526 
94.5 100 100 99.2771 99.1974 98.917 98.6526 
94.6 100 100 99.2771 99.1974 98.917 98.6526 
94.7 100 100 99.2771 99.1974 98.917 98.6526 
94.8 100 100 99.2771 99.1974 98.917 98.6526 
94.9 100 100 99.2771 99.1974 98.917 98.6526 
95 100 100 99.2771 99.1974 98.917 98.6526 
95.1 100 100 99.2771 99.1974 98.917 98.6526 
95.2 100 100 99.2771 99.1974 98.917 98.6526 
95.3 100 100 99.2771 99.1974 99.1576 98.845 
95.4 100 100 99.2771 99.1974 99.1576 98.845 
95.5 100 100 99.5181 99.3579 99.278 98.9413 
95.6 100 100 99.5181 99.3579 99.278 98.9413 
95.7 100 100 99.5181 99.3579 99.278 98.9413 
95.8 100 100 99.5181 99.3579 99.278 98.9413 
95.9 100 100 99.5181 99.3579 99.278 98.9413 
96 100 100 99.5181 99.3579 99.278 98.9413 
96.1 100 100 99.5181 99.3579 99.278 98.9413 
96.2 100 100 99.5181 99.3579 99.278 98.9413 
96.3 100 100 99.5181 99.5185 99.3983 99.0375 
96.4 100 100 99.5181 99.5185 99.3983 99.1338 
96.5 100 100 99.5181 99.5185 99.3983 99.1338 
96.6 100 100 99.5181 99.5185 99.3983 99.1338 
96.7 100 100 99.5181 99.5185 99.3983 99.1338 
96.8 100 100 99.5181 99.5185 99.3983 99.1338 
96.9 100 100 99.5181 99.5185 99.3983 99.1338 
97 100 100 99.5181 99.5185 99.3983 99.1338 
97.1 100 100 99.5181 99.5185 99.3983 99.1338 
97.2 100 100 99.5181 99.5185 99.3983 99.1338 
97.3 100 100 99.5181 99.5185 99.3983 99.1338 
97.4 100 100 99.759 99.679 99.5187 99.23 
97.5 100 100 99.759 99.679 99.5187 99.23 
97.6 100 100 99.759 99.679 99.5187 99.3263 
97.7 100 100 99.759 99.679 99.5187 99.3263 
97.8 100 100 99.759 99.679 99.639 99.4225 
97.9 100 100 99.759 99.679 99.639 99.4225 
98 100 100 99.759 99.679 99.639 99.5188 
98.1 100 100 99.759 99.679 99.639 99.5188 
98.2 100 100 99.759 99.679 99.639 99.615 
98.3 100 100 99.759 99.679 99.639 99.615 
98.4 100 100 99.759 99.679 99.639 99.615 
98.5 100 100 99.759 99.8395 99.7593 99.7113 
98.6 100 100 99.759 99.8395 99.7593 99.7113 
98.7 100 100 99.759 99.8395 99.7593 99.7113 
98.8 100 100 99.759 99.8395 99.8797 99.8075 
98.9 100 100 99.759 99.8395 99.8797 99.8075 
99 100 100 99.759 99.8395 99.8797 99.8075 
99.1 100 100 99.759 99.8395 99.8797 99.8075 
99.2 100 100 100 100 100 99.9038 
99.3 100 100 100 100 100 99.9038 
99.4 100 100 100 100 100 99.9038 
99.5 100 100 100 100 100 99.9038 
99.6 100 100 100 100 100 100 
99.7 100 100 100 100 100 100 
99.8 100 100 100 100 100 100 
99.9 100 100 100 100 100 100 
100 100 100 100 100 100 100 
