0.1 8.37989 1.89944 0.949721 0.633147 0.47486 0.379888 
0.2 16.7598 3.79888 1.95531 1.30354 0.977654 0.782123 
0.3 25.1397 5.69832 2.96089 1.97393 1.48045 1.18436 
0.4 29.6089 7.3743 3.91061 2.64432 1.98324 1.58659 
0.5 32.4022 9.38547 4.9162 3.31471 2.48603 1.98883 
0.6 36.8715 11.0615 5.81006 3.9851 2.98883 2.39106 
0.7 40.7821 12.6257 6.70391 4.65549 3.49162 2.7933 
0.8 43.5754 14.1899 7.5419 5.2514 3.99441 3.19553 
0.9 46.9274 15.5307 8.32402 5.8473 4.44134 3.57542 
1 50.2793 17.2067 9.21788 6.48045 4.9162 3.95531 
1.1 51.3966 18.324 9.88827 7.07635 5.36313 4.3352 
1.2 54.1899 19.6648 10.7821 7.7095 5.86592 4.73743 
1.3 57.5419 21.0056 11.676 8.3054 6.31285 5.09497 
1.4 58.6592 22.3464 12.5698 8.97579 6.81564 5.49721 
1.5 59.7765 23.6872 13.4637 9.64618 7.31844 5.89944 
1.6 60.8939 24.9162 14.4134 10.2793 7.7933 6.30168 
1.7 62.0112 26.1453 15.1955 10.9125 8.29609 6.70391 
1.8 63.6872 27.486 16.0335 11.5456 8.79888 7.10615 
1.9 65.3631 28.4916 16.7598 12.1043 9.21788 7.46369 
2 67.0391 29.9441 17.5978 12.7374 9.69274 7.86592 
2.1 68.1564 31.1732 18.3799 13.2961 10.1117 8.22346 
2.2 69.8324 32.1788 19.2179 13.9665 10.6145 8.6257 
2.3 70.3911 33.1844 19.9441 14.5624 11.0615 9.00559 
2.4 73.1844 34.5251 20.7821 15.1955 11.5363 9.38547 
2.5 73.743 35.6425 21.5642 15.7914 12.0391 9.78771 
2.6 74.8603 36.7598 22.2905 16.3128 12.486 10.1676 
2.7 78.2123 38.324 23.1844 16.9088 12.9609 10.5698 
2.8 79.8883 39.6648 24.0782 17.5419 13.4637 10.9721 
2.9 81.0056 40.5587 24.8045 18.0633 13.9106 11.352 
3 82.1229 41.5642 25.419 18.5475 14.3575 11.7318 
3.1 82.6816 42.2346 25.9218 19.0317 14.7765 12.067 
3.2 83.7989 43.4637 26.648 19.5531 15.1955 12.4022 
3.3 84.9162 44.2458 27.2067 19.9628 15.6145 12.7598 
3.4 87.1508 45.3631 28.1006 20.6331 16.1173 13.162 
3.5 87.1508 46.4804 28.7709 21.1918 16.5642 13.5196 
3.6 87.7095 47.2626 29.2737 21.6015 16.8994 13.8547 
3.7 88.2682 47.7095 29.8883 22.1229 17.3184 14.1899 
3.8 88.8268 48.7151 30.6145 22.6443 17.7095 14.5475 
3.9 89.9441 49.8324 31.3966 23.2402 18.2123 14.9497 
4 89.9441 50.3911 32.0112 23.6872 18.6592 15.3073 
4.1 89.9441 51.1732 32.7374 24.2831 19.162 15.7095 
4.2 89.9441 51.5084 33.2402 24.6927 19.5531 16.0447 
4.3 89.9441 52.067 33.743 25.0652 19.9162 16.3799 
4.4 90.5028 52.2905 34.1341 25.4376 20.3073 16.7151 
4.5 91.0615 53.5196 34.8603 25.9963 20.7542 17.095 
4.6 91.0615 54.5251 35.6425 26.6294 21.2291 17.4972 
4.7 91.6201 54.9721 36.1453 27.0764 21.6201 17.8547 
4.8 91.6201 55.5307 36.7039 27.5605 22.095 18.257 
4.9 91.6201 56.4246 37.3184 28.0447 22.514 18.6145 
5 91.6201 56.8715 37.7654 28.4171 22.933 18.9497 
5.1 91.6201 57.5419 38.3799 28.8641 23.324 19.2849 
5.2 91.6201 58.2123 39.0503 29.311 23.6872 19.5978 
5.3 92.1788 59.2179 39.7207 29.8324 24.1061 19.933 
5.4 92.1788 59.7765 40.3352 30.3538 24.581 20.3352 
5.5 92.1788 60.6704 40.8939 30.8007 24.9721 20.6927 
5.6 92.1788 61.8994 41.7318 31.4339 25.4469 21.0726 
5.7 92.1788 62.3464 42.1229 31.8808 25.838 21.4302 
5.8 92.1788 63.2402 42.6816 32.4022 26.2849 21.7877 
5.9 92.1788 63.6872 43.1844 32.8864 26.676 22.1229 
6 92.1788 63.7989 43.5196 33.2588 27.0112 22.4134 
6.1 92.7374 64.0223 44.0223 33.6313 27.3464 22.7263 
6.2 92.7374 64.581 44.5251 34.1527 27.7654 23.0838 
6.3 92.7374 65.1397 45.3073 34.7858 28.2402 23.4637 
6.4 92.7374 66.1453 46.0335 35.27 28.6872 23.8212 
6.5 92.7374 66.4804 46.8156 35.8659 29.1899 24.2235 
6.6 93.2961 66.8156 47.5419 36.4246 29.6369 24.581 
6.7 93.8547 67.5978 48.0447 36.8343 30.0279 24.9162 
6.8 93.8547 68.1564 48.6592 37.3557 30.5028 25.3184 
6.9 93.8547 68.7151 49.1061 37.8771 30.9497 25.7207 
7 93.8547 68.9385 49.2737 38.2123 31.257 25.9888 
7.1 94.9721 69.6089 49.6648 38.5847 31.5922 26.257 
7.2 94.9721 70.1676 50.0559 38.8827 31.8436 26.4581 
7.3 94.9721 70.6145 50.5028 39.2551 32.1788 26.838 
7.4 94.9721 71.1732 50.9497 39.8138 32.6536 27.2179 
7.5 94.9721 72.067 51.6201 40.298 33.0447 27.5531 
7.6 94.9721 72.8492 52.2905 40.8566 33.4916 27.9106 
7.7 94.9721 73.2961 52.905 41.4153 33.9385 28.3128 
7.8 94.9721 73.8547 53.6872 41.9367 34.3855 28.6704 
7.9 94.9721 74.3017 54.1899 42.4209 34.8324 29.0503 
8 94.9721 75.3073 54.9162 42.9795 35.3073 29.4302 
8.1 94.9721 75.7542 55.3073 43.352 35.5866 29.7207 
8.2 94.9721 76.2011 55.8101 43.7989 36.0056 30.0782 
8.3 95.5307 76.9832 56.4804 44.3948 36.4525 30.4358 
8.4 95.5307 77.3184 56.9274 44.9162 36.8436 30.7486 
8.5 95.5307 77.6536 57.3184 45.3631 37.2626 31.1061 
8.6 95.5307 77.7654 57.6536 45.7356 37.6536 31.4637 
8.7 95.5307 77.9888 58.1564 46.1453 38.0168 31.7765 
8.8 95.5307 78.324 58.6034 46.4432 38.2682 31.9777 
8.9 96.0894 78.7709 59.2179 46.9646 38.743 32.3799 
9 96.0894 79.1061 59.6648 47.4115 39.1061 32.7151 
9.1 96.0894 79.5531 60.2235 47.8585 39.4972 33.0503 
9.2 96.648 80.1117 60.7263 48.2682 39.8883 33.3855 
9.3 96.648 80.5587 61.1732 48.6778 40.2235 33.6983 
9.4 97.2067 81.0056 61.676 49.162 40.6145 34.0112 
9.5 97.2067 81.676 62.2905 49.6089 41.0615 34.3911 
9.6 97.2067 82.0112 62.8492 50.0931 41.4804 34.7709 
9.7 97.2067 82.1229 63.1285 50.54 41.9553 35.1508 
9.8 97.2067 82.5698 63.5754 50.9497 42.3464 35.5084 
9.9 97.7654 82.905 63.743 51.3966 42.7374 35.8212 
10 97.7654 83.2402 64.1341 51.8063 43.1006 36.1341 
10.1 97.7654 83.4637 64.3575 52.1415 43.4637 36.4916 
10.2 97.7654 83.6872 64.8045 52.5885 43.8827 36.8268 
10.3 97.7654 83.7989 65.3073 52.9236 44.1899 37.1173 
10.4 97.7654 84.0223 65.6983 53.3706 44.5531 37.4525 
10.5 97.7654 84.2458 66.0335 53.6685 44.8603 37.8101 
10.6 97.7654 84.8045 66.5363 54.0782 45.2514 38.1229 
10.7 97.7654 84.9162 66.7598 54.3389 45.6145 38.4358 
10.8 97.7654 85.0279 66.9832 54.4879 45.8101 38.6369 
10.9 97.7654 85.0279 66.9832 54.4879 45.8101 38.6369 
11 97.7654 85.2514 67.5419 54.9721 46.257 39.0391 
11.1 98.324 85.8101 68.0447 55.3818 46.676 39.3966 
11.2 98.324 86.257 68.4916 55.7914 47.0391 39.7095 
11.3 98.324 86.4804 68.7709 56.1266 47.3464 40 
11.4 98.324 86.5922 69.162 56.5736 47.7654 40.3575 
11.5 98.324 86.7039 69.7207 57.0577 48.1564 40.6927 
11.6 98.8827 86.8156 70 57.3929 48.4637 40.9832 
11.7 98.8827 87.1508 70.3352 57.6909 48.743 41.2737 
11.8 98.8827 87.3743 70.7263 58.1378 49.1061 41.5866 
11.9 98.8827 87.7095 71.1173 58.5475 49.5531 41.9441 
12 99.4413 87.8212 71.2849 58.8827 49.8883 42.2346 
12.1 99.4413 88.0447 71.7318 59.3296 50.3073 42.5922 
12.2 99.4413 88.2682 72.1229 59.7765 50.7263 42.9274 
12.3 99.4413 88.6034 72.5698 60.1862 51.0894 43.2849 
12.4 99.4413 88.6034 72.8492 60.5587 51.4246 43.5978 
12.5 99.4413 88.9385 73.352 60.8939 51.8436 43.9553 
12.6 99.4413 89.162 73.743 61.2663 52.2346 44.2682 
12.7 99.4413 89.2737 74.0782 61.6387 52.5978 44.5587 
12.8 99.4413 89.4972 74.4134 61.9367 52.905 44.8045 
12.9 99.4413 89.4972 74.6927 62.1974 53.1844 45.0503 
13 99.4413 89.6089 74.9721 62.4581 53.4078 45.2961 
13.1 99.4413 89.6089 75.4749 62.8678 53.743 45.6313 
13.2 99.4413 89.8324 75.8659 63.3147 54.1341 45.9441 
13.3 99.4413 90.1676 76.257 63.6499 54.4134 46.1899 
13.4 99.4413 90.6145 76.7039 64.0596 54.7765 46.4804 
13.5 99.4413 90.7263 77.0391 64.3948 55.1117 46.7486 
13.6 99.4413 91.0615 77.486 64.7672 55.4469 47.0838 
13.7 99.4413 91.3966 77.933 65.1397 55.8659 47.4413 
13.8 99.4413 91.3966 78.1564 65.4376 56.1453 47.7095 
13.9 99.4413 91.3966 78.1564 65.4376 56.1453 47.7095 
14 99.4413 91.3966 78.2682 65.6983 56.3408 47.8883 
14.1 99.4413 91.5084 78.4916 66.0335 56.676 48.2682 
14.2 99.4413 91.5084 78.6592 66.3315 56.9553 48.5363 
14.3 99.4413 91.6201 78.8827 66.5922 57.2905 48.8715 
14.4 100 92.067 79.1061 66.7784 57.5698 49.1173 
14.5 100 92.1788 79.3296 67.1136 57.905 49.4302 
14.6 100 92.4022 79.4413 67.3743 58.1285 49.6089 
14.7 100 92.4022 79.6648 67.8212 58.4916 49.9441 
14.8 100 92.514 79.9441 68.1564 58.8827 50.2793 
14.9 100 92.7374 80.4469 68.6034 59.3017 50.6145 
15 100 92.7374 80.5028 68.8641 59.581 50.838 
15.1 100 92.8492 80.838 69.1993 59.8603 51.1285 
15.2 100 93.0726 81.2849 69.6462 60.2235 51.4413 
15.3 100 93.0726 81.4525 69.7952 60.4469 51.6648 
15.4 100 93.0726 81.7877 70.2048 60.7821 52.0223 
15.5 100 93.4078 82.067 70.5773 61.1453 52.3352 
15.6 100 93.4078 82.2905 70.9125 61.5363 52.6704 
15.7 100 93.743 82.514 71.1732 61.8436 52.9832 
15.8 100 93.743 82.6816 71.4711 62.2067 53.2737 
15.9 100 93.743 82.905 71.8063 62.5978 53.6536 
16 100 93.9665 83.2402 72.1788 62.9609 54.0335 
16.1 100 93.9665 83.352 72.4395 63.2402 54.324 
16.2 100 93.9665 83.6313 72.7747 63.6313 54.6816 
16.3 100 94.1899 83.9665 73.1099 63.9385 54.9274 
16.4 100 94.1899 84.2458 73.4451 64.2458 55.2179 
16.5 100 94.1899 84.3017 73.6313 64.4693 55.4637 
16.6 100 94.4134 84.4693 73.9292 64.8045 55.7542 
16.7 100 94.5251 84.7486 74.2272 65.1397 56.0894 
16.8 100 94.5251 84.8603 74.4134 65.419 56.3799 
16.9 100 94.7486 85.1955 74.7858 65.7821 56.7151 
17 100 94.8603 85.419 75.0093 66.0056 56.9609 
17.1 100 94.9721 85.5307 75.27 66.2849 57.2737 
17.2 100 94.9721 85.6983 75.6052 66.6201 57.5419 
17.3 100 95.0838 85.9777 75.8659 66.8715 57.8101 
17.4 100 95.1955 86.2011 76.1639 67.1788 58.1006 
17.5 100 95.419 86.4246 76.5736 67.514 58.3687 
17.6 100 95.5307 86.5922 76.8715 67.7933 58.6592 
17.7 100 95.6425 86.8715 77.1322 68.0447 58.905 
17.8 100 95.7542 86.9832 77.3184 68.2682 59.1508 
17.9 100 95.8659 87.0391 77.4302 68.4358 59.3966 
18 100 95.8659 87.2626 77.7654 68.7709 59.6872 
18.1 100 95.8659 87.3184 77.9143 68.9106 59.8436 
18.2 100 95.8659 87.3184 77.9143 68.9106 59.8659 
18.3 100 95.8659 87.3184 77.9143 68.9106 59.8659 
18.4 100 95.8659 87.3743 77.9516 68.9385 59.8883 
18.5 100 95.9777 87.5978 78.175 69.2179 60.1788 
18.6 100 96.0894 87.7095 78.3613 69.4972 60.4693 
18.7 100 96.3128 88.0447 78.7337 69.8324 60.7821 
18.8 100 96.3128 88.1564 78.9944 70.0559 61.0726 
18.9 100 96.3128 88.3799 79.2179 70.3073 61.3631 
19 100 96.4246 88.4916 79.4413 70.5587 61.6089 
19.1 100 96.5363 88.7151 79.6648 70.8101 61.8324 
19.2 100 96.648 88.8827 80.0372 71.1453 62.1453 
19.3 100 96.648 88.9944 80.2235 71.4246 62.4134 
19.4 100 96.7598 89.1061 80.4097 71.648 62.6592 
19.5 100 96.9832 89.3296 80.6704 72.0112 63.0168 
19.6 100 96.9832 89.3855 80.8194 72.2067 63.2849 
19.7 100 97.095 89.6089 81.0801 72.486 63.5754 
19.8 100 97.095 89.8883 81.3408 72.7933 63.8659 
19.9 100 97.095 89.9441 81.5642 73.1006 64.1564 
20 100 97.095 90.0559 81.9367 73.4916 64.4693 
20.1 100 97.095 90.1676 82.1974 73.7709 64.7598 
20.2 100 97.095 90.2793 82.4209 73.9665 64.9609 
20.3 100 97.095 90.4469 82.6443 74.2458 65.2291 
20.4 100 97.2067 90.5587 82.7561 74.4134 65.4749 
20.5 100 97.2067 90.6704 82.9423 74.6648 65.676 
20.6 100 97.2067 90.6704 83.0168 74.8603 65.8771 
20.7 100 97.2067 90.8939 83.352 75.1955 66.1453 
20.8 100 97.3184 91.1173 83.5754 75.4749 66.4358 
20.9 100 97.3184 91.2849 83.7989 75.6983 66.7039 
21 100 97.3184 91.5642 84.0596 76.0056 66.9497 
21.1 100 97.3184 91.5642 84.0968 76.1732 67.1061 
21.2 100 97.4302 91.8436 84.3575 76.4246 67.3743 
21.3 100 97.4302 91.8994 84.3948 76.5642 67.5531 
21.4 100 97.4302 91.8994 84.5065 76.7039 67.6872 
21.5 100 97.4302 92.0112 84.6927 76.9832 67.9777 
21.6 100 97.5419 92.067 84.8417 77.1788 68.2235 
21.7 100 97.6536 92.2346 85.0279 77.3743 68.4022 
21.8 100 97.6536 92.2346 85.1769 77.5698 68.581 
21.9 100 97.8771 92.4581 85.4749 77.8212 68.8492 
22 100 97.8771 92.5698 85.5493 77.9609 69.0503 
22.1 100 97.8771 92.5698 85.6611 78.1844 69.2961 
22.2 100 97.8771 92.6257 85.7728 78.2961 69.4749 
22.3 100 97.8771 92.6257 85.8845 78.4637 69.6536 
22.4 100 97.8771 92.7374 86.0335 78.6872 69.8547 
22.5 100 97.8771 92.905 86.2942 78.9665 70.1006 
22.6 100 97.8771 93.0168 86.5549 79.2179 70.3464 
22.7 100 97.8771 93.0168 86.7412 79.4134 70.5251 
22.8 100 97.8771 93.0726 86.8901 79.6369 70.7486 
22.9 100 97.8771 93.2402 87.0391 79.8045 70.9721 
23 100 97.8771 93.4078 87.2626 80.1397 71.2402 
23.1 100 97.9888 93.4637 87.3743 80.2793 71.4413 
23.2 100 97.9888 93.5754 87.5233 80.419 71.5978 
23.3 100 97.9888 93.6872 87.7467 80.6704 71.8212 
23.4 100 98.2123 93.9665 88.0447 80.9218 72.1117 
23.5 100 98.2123 94.0223 88.1937 81.1173 72.3799 
23.6 100 98.2123 94.1341 88.4544 81.3687 72.6257 
23.7 100 98.324 94.3017 88.6034 81.5642 72.7821 
23.8 100 98.324 94.3017 88.6778 81.7039 72.9385 
23.9 100 98.324 94.3017 88.8268 81.8156 73.095 
24 100 98.324 94.4134 88.9758 81.9832 73.3408 
24.1 100 98.324 94.4134 89.0875 82.1508 73.5196 
24.2 100 98.4358 94.4693 89.1993 82.3743 73.743 
24.3 100 98.4358 94.4693 89.2365 82.514 73.8771 
24.4 100 98.5475 94.581 89.3855 82.7095 74.0559 
24.5 100 98.5475 94.581 89.4227 82.7933 74.1676 
24.6 100 98.5475 94.581 89.46 82.8771 74.257 
24.7 100 98.5475 94.6369 89.6089 83.0168 74.4358 
24.8 100 98.5475 94.8603 89.8324 83.2402 74.6145 
24.9 100 98.5475 94.9162 89.8696 83.4078 74.8156 
25 100 98.6592 94.9721 90.0186 83.5196 74.9944 
25.1 100 98.6592 95.0838 90.1676 83.6592 75.1508 
25.2 100 98.6592 95.1397 90.3166 83.8827 75.352 
25.3 100 98.6592 95.1397 90.3166 84.0223 75.5084 
25.4 100 98.6592 95.3073 90.5028 84.2179 75.6872 
25.5 100 98.7709 95.419 90.7263 84.3855 75.8883 
25.6 100 98.7709 95.4749 90.7635 84.4693 75.9777 
25.7 100 98.7709 95.4749 90.7635 84.4693 75.9777 
25.8 100 98.7709 95.4749 90.7635 84.4693 75.9777 
25.9 100 98.7709 95.4749 90.7635 84.4693 75.9777 
26 100 98.7709 95.4749 90.7635 84.4693 75.9777 
26.1 100 98.7709 95.4749 90.7635 84.4693 75.9777 
26.2 100 98.7709 95.4749 90.7635 84.4693 75.9777 
26.3 100 98.7709 95.4749 90.838 84.5251 76.0223 
26.4 100 98.7709 95.5307 90.9497 84.6648 76.1788 
26.5 100 98.7709 95.5866 91.0615 84.7765 76.2905 
26.6 100 98.8827 95.6425 91.2104 84.9441 76.4469 
26.7 100 98.8827 95.6983 91.3222 85.1117 76.6034 
26.8 100 98.8827 95.6983 91.5084 85.3352 76.8492 
26.9 100 98.9944 95.8101 91.6946 85.5587 77.0503 
27 100 98.9944 95.8659 91.8436 85.7542 77.2737 
27.1 100 99.1061 96.0335 92.067 86.0615 77.5866 
27.2 100 99.1061 96.0894 92.216 86.2291 77.743 
27.3 100 99.1061 96.1453 92.3277 86.4246 77.9441 
27.4 100 99.1061 96.2011 92.4022 86.5642 78.0559 
27.5 100 99.1061 96.3687 92.514 86.7598 78.2346 
27.6 100 99.1061 96.3687 92.5885 86.9274 78.3687 
27.7 100 99.1061 96.5363 92.7747 87.1229 78.5475 
27.8 100 99.1061 96.5363 92.8492 87.2067 78.6592 
27.9 100 99.2179 96.648 92.9609 87.3743 78.8603 
28 100 99.2179 96.7039 93.1099 87.514 79.0168 
28.1 100 99.2179 96.7039 93.1471 87.6257 79.1732 
28.2 100 99.2179 96.7598 93.2216 87.7095 79.2849 
28.3 100 99.2179 96.8156 93.5196 88.0168 79.5307 
28.4 100 99.2179 96.8715 93.6685 88.2402 79.7542 
28.5 100 99.2179 96.8715 93.743 88.3799 79.9106 
28.6 100 99.2179 96.9832 93.8547 88.4916 80.067 
28.7 100 99.2179 96.9832 93.9665 88.6592 80.2235 
28.8 100 99.2179 96.9832 94.041 88.7709 80.3352 
28.9 100 99.2179 96.9832 94.0782 88.9665 80.5363 
29 100 99.2179 96.9832 94.0782 89.0223 80.7151 
29.1 100 99.3296 97.0391 94.2272 89.162 80.8939 
29.2 100 99.3296 97.095 94.3762 89.3296 81.1173 
29.3 100 99.3296 97.095 94.4134 89.5531 81.2961 
29.4 100 99.3296 97.095 94.4879 89.6927 81.4302 
29.5 100 99.4413 97.2067 94.5996 89.8603 81.5866 
29.6 100 99.5531 97.3184 94.6741 90.0279 81.7877 
29.7 100 99.6648 97.486 94.8231 90.1676 81.9665 
29.8 100 99.6648 97.486 94.8231 90.3073 82.1006 
29.9 100 99.6648 97.486 94.8603 90.3911 82.1899 
30 100 99.6648 97.5419 95.0093 90.5307 82.3687 
30.1 100 99.6648 97.6536 95.1583 90.7821 82.6592 
30.2 100 99.6648 97.6536 95.2328 90.8659 82.838 
30.3 100 99.7765 97.7095 95.27 90.9218 82.905 
30.4 100 99.7765 97.8771 95.419 91.0894 83.1061 
30.5 100 99.7765 97.8771 95.4935 91.2011 83.2626 
30.6 100 99.7765 97.8771 95.568 91.3966 83.419 
30.7 100 99.7765 97.8771 95.6425 91.5084 83.5307 
30.8 100 99.7765 97.8771 95.7914 91.7039 83.7318 
30.9 100 99.7765 97.8771 95.8287 91.7877 83.8659 
31 100 99.7765 97.933 95.9404 91.9274 84.0223 
31.1 100 99.7765 97.933 96.0149 92.067 84.2011 
31.2 100 99.7765 98.1006 96.1639 92.2067 84.3128 
31.3 100 99.7765 98.1564 96.2384 92.3184 84.4693 
31.4 100 99.7765 98.2123 96.3501 92.514 84.648 
31.5 100 99.7765 98.2123 96.3873 92.6536 84.8045 
31.6 100 99.7765 98.324 96.5736 92.8212 85.0503 
31.7 100 99.7765 98.324 96.5736 92.8492 85.095 
31.8 100 99.7765 98.4358 96.648 93.0447 85.2737 
31.9 100 99.7765 98.4916 96.7598 93.1844 85.4078 
32 100 99.8883 98.5475 96.946 93.3799 85.5866 
32.1 100 99.8883 98.5475 97.0577 93.5196 85.6983 
32.2 100 99.8883 98.5475 97.095 93.6034 85.8101 
32.3 100 99.8883 98.5475 97.095 93.6034 85.8547 
32.4 100 99.8883 98.5475 97.095 93.6872 86.0112 
32.5 100 99.8883 98.6592 97.2067 93.7989 86.1676 
32.6 100 99.8883 98.7151 97.2439 93.9385 86.2793 
32.7 100 99.8883 98.7709 97.3557 94.0503 86.3911 
32.8 100 100 98.8268 97.3929 94.1899 86.5922 
32.9 100 100 98.8268 97.4674 94.3575 86.7486 
33 100 100 98.8827 97.5047 94.4134 86.8827 
33.1 100 100 98.8827 97.5047 94.4972 86.9944 
33.2 100 100 98.9944 97.6164 94.6089 87.1061 
33.3 100 100 98.9944 97.6909 94.6648 87.2626 
33.4 100 100 98.9944 97.7281 94.7765 87.352 
33.5 100 100 98.9944 97.7654 94.8603 87.5084 
33.6 100 100 99.0503 97.8771 95 87.6201 
33.7 100 100 99.0503 97.8771 95.0838 87.7989 
33.8 100 100 99.0503 97.9143 95.1397 87.8436 
33.9 100 100 99.0503 97.9143 95.1955 87.9777 
34 100 100 99.1061 97.9888 95.3073 88.0894 
34.1 100 100 99.1061 97.9888 95.419 88.2905 
34.2 100 100 99.2179 98.1378 95.5307 88.4246 
34.3 100 100 99.2179 98.175 95.6145 88.6257 
34.4 100 100 99.2179 98.2123 95.6425 88.6704 
34.5 100 100 99.2737 98.2868 95.7263 88.7821 
34.6 100 100 99.2737 98.2868 95.8101 88.8939 
34.7 100 100 99.2737 98.324 95.8659 89.0279 
34.8 100 100 99.2737 98.324 95.9218 89.1397 
34.9 100 100 99.3296 98.3613 96.0056 89.2514 
35 100 100 99.3855 98.3985 96.1173 89.3408 
35.1 100 100 99.3855 98.4358 96.1453 89.4525 
35.2 100 100 99.3855 98.5102 96.257 89.6536 
35.3 100 100 99.3855 98.5475 96.3128 89.9218 
35.4 100 100 99.3855 98.622 96.3966 90.0559 
35.5 100 100 99.4413 98.6965 96.4804 90.1899 
35.6 100 100 99.4413 98.6965 96.5084 90.2346 
35.7 100 100 99.4413 98.7337 96.5363 90.2793 
35.8 100 100 99.4413 98.8082 96.676 90.3911 
35.9 100 100 99.4413 98.8454 96.7318 90.4804 
36 100 100 99.4413 98.8454 96.8156 90.5698 
36.1 100 100 99.4972 98.8827 96.8715 90.6369 
36.2 100 100 99.4972 98.8827 96.8994 90.8827 
36.3 100 100 99.4972 98.8827 96.9274 90.9721 
36.4 100 100 99.4972 98.8827 96.9832 91.0391 
36.5 100 100 99.4972 98.8827 97.0391 91.1285 
36.6 100 100 99.5531 98.9199 97.1229 91.1955 
36.7 100 100 99.5531 98.9199 97.2067 91.3073 
36.8 100 100 99.5531 98.9199 97.2626 91.3966 
36.9 100 100 99.6089 98.9572 97.3184 91.4637 
37 100 100 99.6089 98.9572 97.3184 91.5084 
37.1 100 100 99.6648 98.9944 97.3464 91.5531 
37.2 100 100 99.6648 98.9944 97.3743 91.6201 
37.3 100 100 99.6648 98.9944 97.4302 91.6648 
37.4 100 100 99.6648 98.9944 97.4581 91.6872 
37.5 100 100 99.6648 99.0689 97.5698 91.7989 
37.6 100 100 99.6648 99.1061 97.5978 91.8659 
37.7 100 100 99.6648 99.1434 97.6816 91.933 
37.8 100 100 99.6648 99.1434 97.7374 92 
37.9 100 100 99.6648 99.1806 97.7654 92.067 
38 100 100 99.6648 99.1806 97.7933 92.1117 
38.1 100 100 99.6648 99.1806 97.8492 92.1564 
38.2 100 100 99.6648 99.1806 97.8771 92.2235 
38.3 100 100 99.6648 99.1806 97.933 92.2682 
38.4 100 100 99.6648 99.1806 97.9609 92.3352 
38.5 100 100 99.6648 99.1806 97.9888 92.4916 
38.6 100 100 99.6648 99.1806 97.9888 92.6927 
38.7 100 100 99.6648 99.1806 97.9888 92.7821 
38.8 100 100 99.7207 99.2179 98.1285 93.0279 
38.9 100 100 99.8324 99.2924 98.1844 93.1397 
39 100 100 99.8883 99.3296 98.2402 93.1844 
39.1 100 100 99.8883 99.3296 98.2402 93.3184 
39.2 100 100 99.8883 99.3296 98.2961 93.4078 
39.3 100 100 99.8883 99.3669 98.3799 93.6089 
39.4 100 100 99.8883 99.3669 98.4358 93.743 
39.5 100 100 99.8883 99.3669 98.4358 93.8101 
39.6 100 100 99.8883 99.3669 98.4358 93.8771 
39.7 100 100 99.8883 99.3669 98.4637 93.8994 
39.8 100 100 99.8883 99.4041 98.5475 93.9888 
39.9 100 100 99.8883 99.4041 98.5754 94.0559 
40 100 100 99.8883 99.4041 98.5754 94.1006 
40.1 100 100 99.8883 99.4413 98.6592 94.1676 
40.2 100 100 99.8883 99.4413 98.743 94.2793 
40.3 100 100 99.8883 99.4413 98.743 94.2793 
40.4 100 100 99.8883 99.4413 98.7709 94.3464 
40.5 100 100 99.8883 99.4413 98.7989 94.3911 
40.6 100 100 99.8883 99.4413 98.8268 94.4358 
40.7 100 100 99.8883 99.4786 98.8547 94.4804 
40.8 100 100 99.9441 99.5158 98.9106 94.5251 
40.9 100 100 99.9441 99.5158 98.9106 94.5698 
41 100 100 99.9441 99.5158 98.9106 94.6145 
41.1 100 100 99.9441 99.5158 98.9106 94.6369 
41.2 100 100 100 99.5531 98.9385 94.6592 
41.3 100 100 100 99.5531 99.0223 94.7933 
41.4 100 100 100 99.5531 99.0223 94.8603 
41.5 100 100 100 99.5531 99.0503 94.9497 
41.6 100 100 100 99.5531 99.0503 94.9944 
41.7 100 100 100 99.5531 99.0503 94.9944 
41.8 100 100 100 99.5531 99.0503 94.9944 
41.9 100 100 100 99.5531 99.1061 95.0615 
42 100 100 100 99.5531 99.1341 95.0838 
42.1 100 100 100 99.5531 99.1341 95.1508 
42.2 100 100 100 99.5903 99.2179 95.2179 
42.3 100 100 100 99.6648 99.3017 95.2849 
42.4 100 100 100 99.6648 99.3017 95.2849 
42.5 100 100 100 99.702 99.3575 95.352 
42.6 100 100 100 99.702 99.3855 95.3743 
42.7 100 100 100 99.702 99.3855 95.5754 
42.8 100 100 100 99.7393 99.4134 95.6648 
42.9 100 100 100 99.7393 99.4134 95.6872 
43 100 100 100 99.7393 99.4134 95.6872 
43.1 100 100 100 99.7765 99.4413 95.7095 
43.2 100 100 100 99.7765 99.4413 95.7095 
43.3 100 100 100 99.7765 99.4413 95.7318 
43.4 100 100 100 99.8138 99.4972 95.7989 
43.5 100 100 100 99.8138 99.5251 95.8212 
43.6 100 100 100 99.8138 99.5251 95.8436 
43.7 100 100 100 99.8138 99.5251 95.9106 
43.8 100 100 100 99.8138 99.5251 95.933 
43.9 100 100 100 99.8138 99.5251 95.933 
44 100 100 100 99.8138 99.5251 95.933 
44.1 100 100 100 99.8138 99.5251 95.9777 
44.2 100 100 100 99.8138 99.5531 96 
44.3 100 100 100 99.8138 99.581 96.0447 
44.4 100 100 100 99.8138 99.6089 96.0894 
44.5 100 100 100 99.8138 99.6089 96.1341 
44.6 100 100 100 99.8138 99.6089 96.1341 
44.7 100 100 100 99.8138 99.6369 96.2682 
44.8 100 100 100 99.8883 99.6927 96.3128 
44.9 100 100 100 99.8883 99.6927 96.3352 
45 100 100 100 99.8883 99.6927 96.3575 
45.1 100 100 100 99.8883 99.6927 96.3575 
45.2 100 100 100 99.8883 99.6927 96.3575 
45.3 100 100 100 99.8883 99.6927 96.5363 
45.4 100 100 100 99.8883 99.6927 96.6257 
45.5 100 100 100 99.8883 99.6927 96.6257 
45.6 100 100 100 99.8883 99.6927 96.648 
45.7 100 100 100 99.8883 99.6927 96.648 
45.8 100 100 100 99.8883 99.6927 96.648 
45.9 100 100 100 99.9255 99.7207 96.6927 
46 100 100 100 99.9255 99.7207 96.6927 
46.1 100 100 100 99.9255 99.7207 96.6927 
46.2 100 100 100 99.9255 99.7207 96.7151 
46.3 100 100 100 99.9255 99.7765 96.7821 
46.4 100 100 100 99.9255 99.8045 96.8045 
46.5 100 100 100 99.9255 99.8045 96.8268 
46.6 100 100 100 99.9255 99.8045 96.8268 
46.7 100 100 100 99.9255 99.8045 96.8715 
46.8 100 100 100 99.9255 99.8045 96.8715 
46.9 100 100 100 99.9255 99.8045 96.8715 
47 100 100 100 99.9255 99.8045 96.8715 
47.1 100 100 100 99.9255 99.8045 96.8715 
47.2 100 100 100 99.9255 99.8324 96.8939 
47.3 100 100 100 99.9255 99.8324 96.8939 
47.4 100 100 100 99.9255 99.8324 96.9162 
47.5 100 100 100 99.9255 99.8324 96.9162 
47.6 100 100 100 99.9255 99.8324 96.9162 
47.7 100 100 100 99.9255 99.8324 96.9162 
47.8 100 100 100 99.9255 99.8324 96.9162 
47.9 100 100 100 99.9255 99.8603 96.9385 
48 100 100 100 99.9255 99.8883 97.0056 
48.1 100 100 100 99.9255 99.8883 97.0503 
48.2 100 100 100 99.9255 99.8883 97.095 
48.3 100 100 100 99.9255 99.8883 97.1173 
48.4 100 100 100 99.9255 99.8883 97.1173 
48.5 100 100 100 99.9255 99.8883 97.1173 
48.6 100 100 100 99.9255 99.8883 97.1173 
48.7 100 100 100 99.9255 99.8883 97.1173 
48.8 100 100 100 99.9255 99.8883 97.1397 
48.9 100 100 100 100 99.9441 97.2067 
49 100 100 100 100 99.9441 97.2067 
49.1 100 100 100 100 99.9441 97.2067 
49.2 100 100 100 100 99.9441 97.2961 
49.3 100 100 100 100 99.9441 97.5196 
49.4 100 100 100 100 99.9441 97.5196 
49.5 100 100 100 100 99.9441 97.5419 
49.6 100 100 100 100 99.9441 97.5419 
49.7 100 100 100 100 99.9441 97.5419 
49.8 100 100 100 100 99.9441 97.5642 
49.9 100 100 100 100 99.9441 97.5642 
50 100 100 100 100 99.9721 97.5866 
50.1 100 100 100 100 99.9721 97.7207 
50.2 100 100 100 100 99.9721 97.8994 
50.3 100 100 100 100 99.9721 97.9218 
50.4 100 100 100 100 99.9721 97.9218 
50.5 100 100 100 100 99.9721 97.9218 
50.6 100 100 100 100 99.9721 97.9218 
50.7 100 100 100 100 99.9721 97.9218 
50.8 100 100 100 100 100 97.9441 
50.9 100 100 100 100 100 97.9441 
51 100 100 100 100 100 97.9441 
51.1 100 100 100 100 100 98.1006 
51.2 100 100 100 100 100 98.1006 
51.3 100 100 100 100 100 98.1006 
51.4 100 100 100 100 100 98.1006 
51.5 100 100 100 100 100 98.1006 
51.6 100 100 100 100 100 98.1006 
51.7 100 100 100 100 100 98.1006 
51.8 100 100 100 100 100 98.1006 
51.9 100 100 100 100 100 98.1006 
52 100 100 100 100 100 98.1006 
52.1 100 100 100 100 100 98.1006 
52.2 100 100 100 100 100 98.1006 
52.3 100 100 100 100 100 98.1006 
52.4 100 100 100 100 100 98.1006 
52.5 100 100 100 100 100 98.1006 
52.6 100 100 100 100 100 98.1006 
52.7 100 100 100 100 100 98.1453 
52.8 100 100 100 100 100 98.1453 
52.9 100 100 100 100 100 98.1453 
53 100 100 100 100 100 98.1453 
53.1 100 100 100 100 100 98.1453 
53.2 100 100 100 100 100 98.1453 
53.3 100 100 100 100 100 98.1453 
53.4 100 100 100 100 100 98.1453 
53.5 100 100 100 100 100 98.1453 
53.6 100 100 100 100 100 98.1453 
53.7 100 100 100 100 100 98.1453 
53.8 100 100 100 100 100 98.1453 
53.9 100 100 100 100 100 98.1453 
54 100 100 100 100 100 98.1453 
54.1 100 100 100 100 100 98.1453 
54.2 100 100 100 100 100 98.1453 
54.3 100 100 100 100 100 98.1453 
54.4 100 100 100 100 100 98.1453 
54.5 100 100 100 100 100 98.1453 
54.6 100 100 100 100 100 98.1453 
54.7 100 100 100 100 100 98.1453 
54.8 100 100 100 100 100 98.1453 
54.9 100 100 100 100 100 98.1453 
55 100 100 100 100 100 98.1453 
55.1 100 100 100 100 100 98.1453 
55.2 100 100 100 100 100 98.1453 
55.3 100 100 100 100 100 98.1453 
55.4 100 100 100 100 100 98.1453 
55.5 100 100 100 100 100 98.1899 
55.6 100 100 100 100 100 98.1899 
55.7 100 100 100 100 100 98.1899 
55.8 100 100 100 100 100 98.2123 
55.9 100 100 100 100 100 98.2123 
56 100 100 100 100 100 98.2123 
56.1 100 100 100 100 100 98.2123 
56.2 100 100 100 100 100 98.2123 
56.3 100 100 100 100 100 98.4134 
56.4 100 100 100 100 100 98.5251 
56.5 100 100 100 100 100 98.5251 
56.6 100 100 100 100 100 98.5251 
56.7 100 100 100 100 100 98.5251 
56.8 100 100 100 100 100 98.5251 
56.9 100 100 100 100 100 98.5251 
57 100 100 100 100 100 98.5922 
57.1 100 100 100 100 100 98.5922 
57.2 100 100 100 100 100 98.5922 
57.3 100 100 100 100 100 98.5922 
57.4 100 100 100 100 100 98.5922 
57.5 100 100 100 100 100 98.5922 
57.6 100 100 100 100 100 98.5922 
57.7 100 100 100 100 100 98.5922 
57.8 100 100 100 100 100 98.5922 
57.9 100 100 100 100 100 98.5922 
58 100 100 100 100 100 98.5922 
58.1 100 100 100 100 100 98.5922 
58.2 100 100 100 100 100 98.5922 
58.3 100 100 100 100 100 98.5922 
58.4 100 100 100 100 100 98.5922 
58.5 100 100 100 100 100 98.5922 
58.6 100 100 100 100 100 98.5922 
58.7 100 100 100 100 100 98.5922 
58.8 100 100 100 100 100 98.5922 
58.9 100 100 100 100 100 98.5922 
59 100 100 100 100 100 98.5922 
59.1 100 100 100 100 100 98.5922 
59.2 100 100 100 100 100 98.5922 
59.3 100 100 100 100 100 98.5922 
59.4 100 100 100 100 100 98.5922 
59.5 100 100 100 100 100 98.5922 
59.6 100 100 100 100 100 98.5922 
59.7 100 100 100 100 100 98.5922 
59.8 100 100 100 100 100 98.5922 
59.9 100 100 100 100 100 98.5922 
60 100 100 100 100 100 98.5922 
60.1 100 100 100 100 100 98.5922 
60.2 100 100 100 100 100 98.5922 
60.3 100 100 100 100 100 98.6145 
60.4 100 100 100 100 100 98.6369 
60.5 100 100 100 100 100 98.6369 
60.6 100 100 100 100 100 98.6369 
60.7 100 100 100 100 100 98.6369 
60.8 100 100 100 100 100 98.6369 
60.9 100 100 100 100 100 98.6369 
61 100 100 100 100 100 98.6369 
61.1 100 100 100 100 100 98.6369 
61.2 100 100 100 100 100 98.6369 
61.3 100 100 100 100 100 98.6369 
61.4 100 100 100 100 100 98.6369 
61.5 100 100 100 100 100 98.6369 
61.6 100 100 100 100 100 98.6369 
61.7 100 100 100 100 100 98.6369 
61.8 100 100 100 100 100 98.6369 
61.9 100 100 100 100 100 98.6369 
62 100 100 100 100 100 98.6592 
62.1 100 100 100 100 100 98.6592 
62.2 100 100 100 100 100 98.6592 
62.3 100 100 100 100 100 98.6592 
62.4 100 100 100 100 100 98.6592 
62.5 100 100 100 100 100 98.6592 
62.6 100 100 100 100 100 98.6592 
62.7 100 100 100 100 100 98.6592 
62.8 100 100 100 100 100 98.6592 
62.9 100 100 100 100 100 98.6592 
63 100 100 100 100 100 98.6592 
63.1 100 100 100 100 100 98.6592 
63.2 100 100 100 100 100 98.6592 
63.3 100 100 100 100 100 98.6816 
63.4 100 100 100 100 100 98.7039 
63.5 100 100 100 100 100 98.7039 
63.6 100 100 100 100 100 98.7039 
63.7 100 100 100 100 100 98.7039 
63.8 100 100 100 100 100 98.7039 
63.9 100 100 100 100 100 98.7039 
64 100 100 100 100 100 98.7039 
64.1 100 100 100 100 100 98.7039 
64.2 100 100 100 100 100 98.7039 
64.3 100 100 100 100 100 98.7039 
64.4 100 100 100 100 100 98.7039 
64.5 100 100 100 100 100 98.7039 
64.6 100 100 100 100 100 98.7039 
64.7 100 100 100 100 100 98.7039 
64.8 100 100 100 100 100 98.7039 
64.9 100 100 100 100 100 98.7039 
65 100 100 100 100 100 98.7039 
65.1 100 100 100 100 100 98.7039 
65.2 100 100 100 100 100 98.7039 
65.3 100 100 100 100 100 98.7039 
65.4 100 100 100 100 100 98.7263 
65.5 100 100 100 100 100 98.7263 
65.6 100 100 100 100 100 98.7263 
65.7 100 100 100 100 100 98.7263 
65.8 100 100 100 100 100 98.7263 
65.9 100 100 100 100 100 98.7263 
66 100 100 100 100 100 98.7263 
66.1 100 100 100 100 100 98.7263 
66.2 100 100 100 100 100 98.7709 
66.3 100 100 100 100 100 98.7709 
66.4 100 100 100 100 100 98.7709 
66.5 100 100 100 100 100 98.7709 
66.6 100 100 100 100 100 98.7709 
66.7 100 100 100 100 100 98.7709 
66.8 100 100 100 100 100 98.7933 
66.9 100 100 100 100 100 98.8156 
67 100 100 100 100 100 98.8156 
67.1 100 100 100 100 100 98.8156 
67.2 100 100 100 100 100 98.838 
67.3 100 100 100 100 100 98.8603 
67.4 100 100 100 100 100 98.8603 
67.5 100 100 100 100 100 98.8827 
67.6 100 100 100 100 100 98.8827 
67.7 100 100 100 100 100 98.8827 
67.8 100 100 100 100 100 98.8827 
67.9 100 100 100 100 100 98.8827 
68 100 100 100 100 100 98.8827 
68.1 100 100 100 100 100 98.8827 
68.2 100 100 100 100 100 98.905 
68.3 100 100 100 100 100 98.905 
68.4 100 100 100 100 100 98.905 
68.5 100 100 100 100 100 98.905 
68.6 100 100 100 100 100 98.905 
68.7 100 100 100 100 100 98.905 
68.8 100 100 100 100 100 98.905 
68.9 100 100 100 100 100 98.905 
69 100 100 100 100 100 98.905 
69.1 100 100 100 100 100 98.905 
69.2 100 100 100 100 100 98.905 
69.3 100 100 100 100 100 98.905 
69.4 100 100 100 100 100 98.905 
69.5 100 100 100 100 100 98.905 
69.6 100 100 100 100 100 98.905 
69.7 100 100 100 100 100 98.9274 
69.8 100 100 100 100 100 98.9497 
69.9 100 100 100 100 100 98.9497 
70 100 100 100 100 100 98.9497 
70.1 100 100 100 100 100 98.9497 
70.2 100 100 100 100 100 98.9944 
70.3 100 100 100 100 100 98.9944 
70.4 100 100 100 100 100 98.9944 
70.5 100 100 100 100 100 98.9944 
70.6 100 100 100 100 100 98.9944 
70.7 100 100 100 100 100 98.9944 
70.8 100 100 100 100 100 99.0168 
70.9 100 100 100 100 100 99.0168 
71 100 100 100 100 100 99.0391 
71.1 100 100 100 100 100 99.0391 
71.2 100 100 100 100 100 99.0391 
71.3 100 100 100 100 100 99.0391 
71.4 100 100 100 100 100 99.0391 
71.5 100 100 100 100 100 99.0391 
71.6 100 100 100 100 100 99.0391 
71.7 100 100 100 100 100 99.0391 
71.8 100 100 100 100 100 99.0391 
71.9 100 100 100 100 100 99.0391 
72 100 100 100 100 100 99.0391 
72.1 100 100 100 100 100 99.0391 
72.2 100 100 100 100 100 99.0391 
72.3 100 100 100 100 100 99.0391 
72.4 100 100 100 100 100 99.0391 
72.5 100 100 100 100 100 99.0615 
72.6 100 100 100 100 100 99.0838 
72.7 100 100 100 100 100 99.0838 
72.8 100 100 100 100 100 99.1061 
72.9 100 100 100 100 100 99.1285 
73 100 100 100 100 100 99.1285 
73.1 100 100 100 100 100 99.1285 
73.2 100 100 100 100 100 99.1285 
73.3 100 100 100 100 100 99.1285 
73.4 100 100 100 100 100 99.1285 
73.5 100 100 100 100 100 99.1285 
73.6 100 100 100 100 100 99.1285 
73.7 100 100 100 100 100 99.1285 
73.8 100 100 100 100 100 99.1285 
73.9 100 100 100 100 100 99.1285 
74 100 100 100 100 100 99.1285 
74.1 100 100 100 100 100 99.1285 
74.2 100 100 100 100 100 99.1285 
74.3 100 100 100 100 100 99.1285 
74.4 100 100 100 100 100 99.1285 
74.5 100 100 100 100 100 99.1285 
74.6 100 100 100 100 100 99.1285 
74.7 100 100 100 100 100 99.1285 
74.8 100 100 100 100 100 99.1285 
74.9 100 100 100 100 100 99.1508 
75 100 100 100 100 100 99.1508 
75.1 100 100 100 100 100 99.1508 
75.2 100 100 100 100 100 99.1508 
75.3 100 100 100 100 100 99.1508 
75.4 100 100 100 100 100 99.1508 
75.5 100 100 100 100 100 99.1508 
75.6 100 100 100 100 100 99.1508 
75.7 100 100 100 100 100 99.1508 
75.8 100 100 100 100 100 99.1732 
75.9 100 100 100 100 100 99.1955 
76 100 100 100 100 100 99.2179 
76.1 100 100 100 100 100 99.2179 
76.2 100 100 100 100 100 99.2179 
76.3 100 100 100 100 100 99.2849 
76.4 100 100 100 100 100 99.2849 
76.5 100 100 100 100 100 99.2849 
76.6 100 100 100 100 100 99.2849 
76.7 100 100 100 100 100 99.2849 
76.8 100 100 100 100 100 99.2849 
76.9 100 100 100 100 100 99.3073 
77 100 100 100 100 100 99.3073 
77.1 100 100 100 100 100 99.3073 
77.2 100 100 100 100 100 99.3073 
77.3 100 100 100 100 100 99.3073 
77.4 100 100 100 100 100 99.3073 
77.5 100 100 100 100 100 99.3073 
77.6 100 100 100 100 100 99.3073 
77.7 100 100 100 100 100 99.3073 
77.8 100 100 100 100 100 99.3073 
77.9 100 100 100 100 100 99.3073 
78 100 100 100 100 100 99.3073 
78.1 100 100 100 100 100 99.3073 
78.2 100 100 100 100 100 99.3073 
78.3 100 100 100 100 100 99.3073 
78.4 100 100 100 100 100 99.3296 
78.5 100 100 100 100 100 99.3296 
78.6 100 100 100 100 100 99.3296 
78.7 100 100 100 100 100 99.3296 
78.8 100 100 100 100 100 99.3296 
78.9 100 100 100 100 100 99.352 
79 100 100 100 100 100 99.3966 
79.1 100 100 100 100 100 99.3966 
79.2 100 100 100 100 100 99.419 
79.3 100 100 100 100 100 99.419 
79.4 100 100 100 100 100 99.4413 
79.5 100 100 100 100 100 99.4413 
79.6 100 100 100 100 100 99.4637 
79.7 100 100 100 100 100 99.486 
79.8 100 100 100 100 100 99.486 
79.9 100 100 100 100 100 99.486 
80 100 100 100 100 100 99.486 
80.1 100 100 100 100 100 99.486 
80.2 100 100 100 100 100 99.486 
80.3 100 100 100 100 100 99.5084 
80.4 100 100 100 100 100 99.5084 
80.5 100 100 100 100 100 99.5307 
80.6 100 100 100 100 100 99.5307 
80.7 100 100 100 100 100 99.5307 
80.8 100 100 100 100 100 99.5531 
80.9 100 100 100 100 100 99.5531 
81 100 100 100 100 100 99.5754 
81.1 100 100 100 100 100 99.5754 
81.2 100 100 100 100 100 99.5978 
81.3 100 100 100 100 100 99.5978 
81.4 100 100 100 100 100 99.5978 
81.5 100 100 100 100 100 99.5978 
81.6 100 100 100 100 100 99.5978 
81.7 100 100 100 100 100 99.5978 
81.8 100 100 100 100 100 99.5978 
81.9 100 100 100 100 100 99.5978 
82 100 100 100 100 100 99.5978 
82.1 100 100 100 100 100 99.5978 
82.2 100 100 100 100 100 99.5978 
82.3 100 100 100 100 100 99.5978 
82.4 100 100 100 100 100 99.5978 
82.5 100 100 100 100 100 99.6201 
82.6 100 100 100 100 100 99.6201 
82.7 100 100 100 100 100 99.6201 
82.8 100 100 100 100 100 99.6425 
82.9 100 100 100 100 100 99.6425 
83 100 100 100 100 100 99.6425 
83.1 100 100 100 100 100 99.6425 
83.2 100 100 100 100 100 99.6425 
83.3 100 100 100 100 100 99.6425 
83.4 100 100 100 100 100 99.6425 
83.5 100 100 100 100 100 99.6425 
83.6 100 100 100 100 100 99.6425 
83.7 100 100 100 100 100 99.6425 
83.8 100 100 100 100 100 99.6425 
83.9 100 100 100 100 100 99.6425 
84 100 100 100 100 100 99.6425 
84.1 100 100 100 100 100 99.6425 
84.2 100 100 100 100 100 99.6425 
84.3 100 100 100 100 100 99.6425 
84.4 100 100 100 100 100 99.6425 
84.5 100 100 100 100 100 99.6425 
84.6 100 100 100 100 100 99.6425 
84.7 100 100 100 100 100 99.6648 
84.8 100 100 100 100 100 99.6648 
84.9 100 100 100 100 100 99.6648 
85 100 100 100 100 100 99.6648 
85.1 100 100 100 100 100 99.6648 
85.2 100 100 100 100 100 99.6648 
85.3 100 100 100 100 100 99.6648 
85.4 100 100 100 100 100 99.6872 
85.5 100 100 100 100 100 99.6872 
85.6 100 100 100 100 100 99.6872 
85.7 100 100 100 100 100 99.6872 
85.8 100 100 100 100 100 99.6872 
85.9 100 100 100 100 100 99.6872 
86 100 100 100 100 100 99.7095 
86.1 100 100 100 100 100 99.7095 
86.2 100 100 100 100 100 99.7095 
86.3 100 100 100 100 100 99.7095 
86.4 100 100 100 100 100 99.7318 
86.5 100 100 100 100 100 99.7318 
86.6 100 100 100 100 100 99.7318 
86.7 100 100 100 100 100 99.7318 
86.8 100 100 100 100 100 99.7318 
86.9 100 100 100 100 100 99.7318 
87 100 100 100 100 100 99.7318 
87.1 100 100 100 100 100 99.7318 
87.2 100 100 100 100 100 99.7318 
87.3 100 100 100 100 100 99.7318 
87.4 100 100 100 100 100 99.7542 
87.5 100 100 100 100 100 99.7542 
87.6 100 100 100 100 100 99.7542 
87.7 100 100 100 100 100 99.7542 
87.8 100 100 100 100 100 99.7765 
87.9 100 100 100 100 100 99.7765 
88 100 100 100 100 100 99.7765 
88.1 100 100 100 100 100 99.7765 
88.2 100 100 100 100 100 99.7765 
88.3 100 100 100 100 100 99.7765 
88.4 100 100 100 100 100 99.7765 
88.5 100 100 100 100 100 99.7765 
88.6 100 100 100 100 100 99.7989 
88.7 100 100 100 100 100 99.7989 
88.8 100 100 100 100 100 99.7989 
88.9 100 100 100 100 100 99.7989 
89 100 100 100 100 100 99.7989 
89.1 100 100 100 100 100 99.7989 
89.2 100 100 100 100 100 99.7989 
89.3 100 100 100 100 100 99.7989 
89.4 100 100 100 100 100 99.7989 
89.5 100 100 100 100 100 99.7989 
89.6 100 100 100 100 100 99.7989 
89.7 100 100 100 100 100 99.7989 
89.8 100 100 100 100 100 99.7989 
89.9 100 100 100 100 100 99.7989 
90 100 100 100 100 100 99.7989 
90.1 100 100 100 100 100 99.7989 
90.2 100 100 100 100 100 99.8212 
90.3 100 100 100 100 100 99.8212 
90.4 100 100 100 100 100 99.8212 
90.5 100 100 100 100 100 99.8212 
90.6 100 100 100 100 100 99.8212 
90.7 100 100 100 100 100 99.8212 
90.8 100 100 100 100 100 99.8212 
90.9 100 100 100 100 100 99.8212 
91 100 100 100 100 100 99.8212 
91.1 100 100 100 100 100 99.8436 
91.2 100 100 100 100 100 99.8436 
91.3 100 100 100 100 100 99.8436 
91.4 100 100 100 100 100 99.8436 
91.5 100 100 100 100 100 99.8436 
91.6 100 100 100 100 100 99.8436 
91.7 100 100 100 100 100 99.8436 
91.8 100 100 100 100 100 99.8659 
91.9 100 100 100 100 100 99.8659 
92 100 100 100 100 100 99.8883 
92.1 100 100 100 100 100 99.8883 
92.2 100 100 100 100 100 99.9106 
92.3 100 100 100 100 100 99.9106 
92.4 100 100 100 100 100 99.9106 
92.5 100 100 100 100 100 99.9106 
92.6 100 100 100 100 100 99.9106 
92.7 100 100 100 100 100 99.9106 
92.8 100 100 100 100 100 99.9106 
92.9 100 100 100 100 100 99.9106 
93 100 100 100 100 100 99.9106 
93.1 100 100 100 100 100 99.9106 
93.2 100 100 100 100 100 99.9106 
93.3 100 100 100 100 100 99.9106 
93.4 100 100 100 100 100 99.9106 
93.5 100 100 100 100 100 99.9106 
93.6 100 100 100 100 100 99.9106 
93.7 100 100 100 100 100 99.9106 
93.8 100 100 100 100 100 99.9106 
93.9 100 100 100 100 100 99.9106 
94 100 100 100 100 100 99.933 
94.1 100 100 100 100 100 99.933 
94.2 100 100 100 100 100 99.933 
94.3 100 100 100 100 100 99.933 
94.4 100 100 100 100 100 99.933 
94.5 100 100 100 100 100 99.933 
94.6 100 100 100 100 100 99.933 
94.7 100 100 100 100 100 99.933 
94.8 100 100 100 100 100 99.933 
94.9 100 100 100 100 100 99.933 
95 100 100 100 100 100 99.933 
95.1 100 100 100 100 100 99.933 
95.2 100 100 100 100 100 99.933 
95.3 100 100 100 100 100 99.933 
95.4 100 100 100 100 100 99.933 
95.5 100 100 100 100 100 99.933 
95.6 100 100 100 100 100 99.933 
95.7 100 100 100 100 100 99.933 
95.8 100 100 100 100 100 99.933 
95.9 100 100 100 100 100 99.933 
96 100 100 100 100 100 99.933 
96.1 100 100 100 100 100 99.933 
96.2 100 100 100 100 100 99.933 
96.3 100 100 100 100 100 99.933 
96.4 100 100 100 100 100 99.9553 
96.5 100 100 100 100 100 99.9553 
96.6 100 100 100 100 100 99.9553 
96.7 100 100 100 100 100 99.9553 
96.8 100 100 100 100 100 99.9553 
96.9 100 100 100 100 100 99.9553 
97 100 100 100 100 100 99.9553 
97.1 100 100 100 100 100 99.9553 
97.2 100 100 100 100 100 99.9553 
97.3 100 100 100 100 100 99.9553 
97.4 100 100 100 100 100 99.9553 
97.5 100 100 100 100 100 99.9553 
97.6 100 100 100 100 100 99.9553 
97.7 100 100 100 100 100 99.9553 
97.8 100 100 100 100 100 99.9553 
97.9 100 100 100 100 100 99.9553 
98 100 100 100 100 100 99.9553 
98.1 100 100 100 100 100 99.9553 
98.2 100 100 100 100 100 99.9553 
98.3 100 100 100 100 100 99.9553 
98.4 100 100 100 100 100 99.9553 
98.5 100 100 100 100 100 99.9553 
98.6 100 100 100 100 100 99.9553 
98.7 100 100 100 100 100 99.9553 
98.8 100 100 100 100 100 99.9553 
98.9 100 100 100 100 100 99.9553 
99 100 100 100 100 100 99.9553 
99.1 100 100 100 100 100 99.9553 
99.2 100 100 100 100 100 99.9553 
99.3 100 100 100 100 100 99.9553 
99.4 100 100 100 100 100 99.9777 
99.5 100 100 100 100 100 99.9777 
99.6 100 100 100 100 100 99.9777 
99.7 100 100 100 100 100 99.9777 
99.8 100 100 100 100 100 100 
99.9 100 100 100 100 100 100 
100 100 100 100 100 100 100 
