0 1 0.021728 1 1 nan inf 1
0 2 0.017325 2 0.5 1 inf 1
0 3 0.027405 3 0.333333 1 inf 1
0 4 0.031378 4 0.25 1 inf 1
0 5 0.04366 5 0.2 1 inf 1
0 6 0.053636 6 0.166667 1 inf 1
0 7 0.060248 7 0.142857 1 inf 1
0 8 0.052826 8 0.125 1 inf 1
0 9 0.05464 9 0.111111 1 inf 1
0 10 0.062933 10 0.1 1 inf 1
0 11 0.063796 11 0.0909091 1 inf 1
0 12 0.058363 12 0.0833333 1 inf 1
0 13 0.058023 13 0.0769231 1 inf 1
0 14 0.059167 14 0.0714286 1 inf 1
0 15 0.059819 15 0.0666667 1 inf 1
0 16 0.066514 16 0.0625 1 inf 1
0 17 0.068968 17 0.0588235 1 inf 1
0 18 0.072382 18 0.0555556 1 inf 1
0 19 0.069189 19 0.0526316 1 inf 1
0 20 0.071379 20 0.05 1 inf 1
0 21 0.073448 21 0.047619 1 inf 1
0 22 0.076474 22 0.0454545 1 inf 1
0 23 0.076471 23 0.0434783 1 inf 1
0 24 0.077661 24 0.0416667 1 inf 1
0 25 0.076417 25 0.04 1 inf 1
0 26 0.076824 26 0.0384615 1 inf 1
0 27 0.078658 27 0.037037 1 inf 1
0 28 0.079652 28 0.0357143 1 inf 1
0 29 0.080043 29 0.0344828 1 inf 1
0 30 0.08108 30 0.0333333 1 inf 1
0 31 0.08356 31 0.0322581 1 inf 1
0 32 0.085356 32 0.03125 1 inf 1
0 33 0.085412 33 0.030303 1 inf 1
0 34 0.086057 34 0.0294118 1 inf 1
0 35 0.08566 35 0.0285714 1 inf 1
0 36 0.087564 36 0.0277778 1 inf 1
0 37 0.086006 37 0.027027 1 inf 1
0 38 0.08511 38 0.0263158 1 inf 1
0 39 0.089107 39 0.025641 1 inf 1
0 40 0.08988 40 0.025 1 inf 1
0 41 0.086028 41 0.0243902 1 inf 1
0 42 0.088436 42 0.0238095 1 inf 1
0 43 0.089073 43 0.0232558 1 inf 1
0 44 0.089788 44 0.0227273 1 inf 1
0 45 0.09003 45 0.0222222 1 inf 1
0 46 0.090956 46 0.0217391 1 inf 1
0 47 0.09033 47 0.0212766 1 inf 1
0 48 0.090874 48 0.0208333 1 inf 1
0 49 0.09415 49 0.0204082 1 inf 1
0 50 0.096427 50 0.02 1 inf 1
0 51 0.096043 51 0.0196078 1 inf 1
0 52 0.090536 52 0.0192308 1 inf 1
0 53 0.094041 53 0.0188679 1 inf 1
0 54 0.095028 54 0.0185185 1 inf 1
0 55 0.096605 55 0.0181818 1 inf 1
0 56 0.096436 56 0.0178571 1 inf 1
0 57 0.096906 57 0.0175439 1 inf 1
0 58 0.096027 58 0.0172414 1 inf 1
0 59 0.093927 59 0.0169492 1 inf 1
0 60 0.096091 60 0.0166667 1 inf 1
0 61 0.096994 61 0.0163934 1 inf 1
0 62 0.095155 62 0.016129 1 inf 1
0 63 0.097911 63 0.015873 1 inf 1
0 64 0.100257 64 0.015625 1 inf 1
0 65 0.095408 65 0.0153846 1 inf 1
0 66 0.09599 66 0.0151515 1 inf 1
0 67 0.09539 67 0.0149254 1 inf 1
0 68 0.098022 68 0.0147059 1 inf 1
0 69 0.096124 69 0.0144928 1 inf 1
0 70 0.097716 70 0.0142857 1 inf 1
0 71 0.099195 71 0.0140845 1 inf 1
0 72 0.099009 72 0.0138889 1 inf 1
0 73 0.096996 73 0.0136986 1 inf 1
0 74 0.098946 74 0.0135135 1 inf 1
0 75 0.100158 75 0.0133333 1 inf 1
0 76 0.098222 76 0.0131579 1 inf 1
0 77 0.099663 77 0.012987 1 inf 1
0 78 0.098202 78 0.0128205 1 inf 1
0 79 0.101055 79 0.0126582 1 inf 1
0 80 0.099261 80 0.0125 1 inf 1
0 81 0.099745 81 0.0123457 1 inf 1
0 82 0.10031 82 0.0121951 1 inf 1
0 83 0.09999 83 0.0120482 1 inf 1
0 84 0.101501 84 0.0119048 1 inf 1
0 85 0.100768 85 0.0117647 1 inf 1
0 86 0.10017 86 0.0116279 1 inf 1
0 87 0.099909 87 0.0114943 1 inf 1
0 88 0.100101 88 0.0113636 1 inf 1
0 89 0.100862 89 0.011236 1 inf 1
0 90 0.101994 90 0.0111111 1 inf 1
0 91 0.10063 91 0.010989 1 inf 1
0 92 0.101828 92 0.0108696 1 inf 1
0 93 0.100802 93 0.0107527 1 inf 1
0 94 0.104243 94 0.0106383 1 inf 1
0 95 0.100875 95 0.0105263 1 inf 1
0 96 0.106965 96 0.0104167 1 inf 1
0 97 0.10264 97 0.0103093 1 inf 1
0 98 0.103522 98 0.0102041 1 inf 1
0 99 0.102761 99 0.010101 1 inf 1
0 100 0.10255 100 0.01 1 inf 1
