0 1 0.000336 1 1 nan inf 1
0 2 0.000435 2 0.5 1 inf 1
0 3 0.000561 3 0.333333 1 inf 1
0 4 0.000551 4 0.25 1 inf 1
0 5 0.000707 5 0.2 1 inf 1
0 6 0.001024 6 0.166667 1 inf 1
0 7 0.000903 7 0.142857 1 inf 1
0 8 0.001036 8 0.125 1 inf 1
0 9 0.001188 9 0.111111 1 inf 1
0 10 0.001064 10 0.1 1 inf 1
0 11 0.002039 11 0.0909091 1 inf 1
0 12 0.001775 12 0.0833333 1 inf 1
0 13 0.001285 13 0.0769231 1 inf 1
0 14 0.001143 14 0.0714286 1 inf 1
0 15 0.001221 15 0.0666667 1 inf 1
0 16 0.001324 16 0.0625 1 inf 1
0 17 0.001249 17 0.0588235 1 inf 1
0 18 0.001192 18 0.0555556 1 inf 1
0 19 0.00125 19 0.0526316 1 inf 1
0 20 0.001366 20 0.05 1 inf 1
