0 1 0.022243 1 1 nan inf 1
0 2 0.019273 2 0.5 1 inf 1
0 3 0.029869 3 0.333333 1 inf 1
0 4 0.03384 4 0.25 1 inf 1
0 5 0.044947 5 0.2 1 inf 1
0 6 0.052478 6 0.166667 1 inf 1
0 7 0.052745 7 0.142857 1 inf 1
0 8 0.053438 8 0.125 1 inf 1
0 9 0.058147 9 0.111111 1 inf 1
0 10 0.062733 10 0.1 1 inf 1
0 11 0.058824 11 0.0909091 1 inf 1
0 12 0.060265 12 0.0833333 1 inf 1
0 13 0.062319 13 0.0769231 1 inf 1
0 14 0.062347 14 0.0714286 1 inf 1
0 15 0.06408 15 0.0666667 1 inf 1
0 16 0.064252 16 0.0625 1 inf 1
0 17 0.065494 17 0.0588235 1 inf 1
0 18 0.065515 18 0.0555556 1 inf 1
0 19 0.068444 19 0.0526316 1 inf 1
0 20 0.069116 20 0.05 1 inf 1
