0 1 0.268694 1 1 -nan inf 1
0 2 0.164696 2 0.5 1 inf 1
0 3 0.174597 3 0.333333 1 inf 1
0 4 0.190373 4 0.25 1 inf 1
0 5 0.19894 5 0.2 1 inf 1
0 6 0.212594 6 0.166667 1 inf 1
0 7 0.259317 7 0.142857 1 inf 1
0 8 0.266091 8 0.125 1 inf 1
0 9 0.275695 9 0.111111 1 inf 1
0 10 0.289633 10 0.1 1 inf 1
0 11 0.301287 11 0.0909091 1 inf 1
0 12 0.347885 12 0.0833333 1 inf 1
0 13 0.363128 13 0.0769231 1 inf 1
0 14 0.390817 14 0.0714286 1 inf 1
0 15 0.455103 15 0.0666667 1 inf 1
0 16 0.473148 16 0.0625 1 inf 1
0 17 0.576253 17 0.0588235 1 inf 1
0 18 0.531314 18 0.0555556 1 inf 1
0 19 0.621762 19 0.0526316 1 inf 1
0 20 0.580968 20 0.05 1 inf 1
0 21 0.593027 21 0.047619 1 inf 1
0 22 0.707083 22 0.0454545 1 inf 1
0 23 0.695666 23 0.0434783 1 inf 1
0 24 0.77598 24 0.0416667 1 inf 1
0 25 0.777502 25 0.04 1 inf 1
0 26 0.803667 26 0.0384615 1 inf 1
0 27 0.792122 27 0.037037 1 inf 1
0 28 0.841939 28 0.0357143 1 inf 1
0 29 0.905337 29 0.0344828 1 inf 1
0 30 0.887448 30 0.0333333 1 inf 1
0 31 0.927463 31 0.0322581 1 inf 1
0 32 0.927086 32 0.03125 1 inf 1
0 33 0.946498 33 0.030303 1 inf 1
0 34 0.985059 34 0.0294118 1 inf 1
0 35 1.11166 35 0.0285714 1 inf 1
0 36 1.07985 36 0.0277778 1 inf 1
0 37 1.11957 37 0.027027 1 inf 1
0 38 1.11497 38 0.0263158 1 inf 1
0 39 1.14691 39 0.025641 1 inf 1
0 40 1.26984 40 0.025 1 inf 1
0 41 1.32058 41 0.0243902 1 inf 1
0 42 1.34177 42 0.0238095 1 inf 1
0 43 1.30566 43 0.0232558 1 inf 1
0 44 1.40896 44 0.0227273 1 inf 1
0 45 1.41912 45 0.0222222 1 inf 1
0 46 1.40545 46 0.0217391 1 inf 1
0 47 1.43764 47 0.0212766 1 inf 1
0 48 1.52609 48 0.0208333 1 inf 1
0 49 1.64095 49 0.0204082 1 inf 1
0 50 1.679 50 0.02 1 inf 1
0 51 1.70341 51 0.0196078 1 inf 1
0 52 1.74678 52 0.0192308 1 inf 1
0 53 1.90218 53 0.0188679 1 inf 1
0 54 1.93209 54 0.0185185 1 inf 1
0 55 1.95654 55 0.0181818 1 inf 1
0 56 2.04918 56 0.0178571 1 inf 1
0 57 2.16906 57 0.0175439 1 inf 1
0 58 2.18185 58 0.0172414 1 inf 1
0 59 2.27541 59 0.0169492 1 inf 1
0 60 2.50145 60 0.0166667 1 inf 1
0 61 2.48782 61 0.0163934 1 inf 1
0 62 2.81207 62 0.016129 1 inf 1
0 63 2.56196 63 0.015873 1 inf 1
0 64 2.62133 64 0.015625 1 inf 1
0 65 2.67114 65 0.0153846 1 inf 1
0 66 2.67635 66 0.0151515 1 inf 1
0 67 2.73103 67 0.0149254 1 inf 1
0 68 2.79056 68 0.0147059 1 inf 1
0 69 2.92443 69 0.0144928 1 inf 1
0 70 2.98611 70 0.0142857 1 inf 1
0 71 2.94787 71 0.0140845 1 inf 1
0 72 2.9777 72 0.0138889 1 inf 1
0 73 3.11852 73 0.0136986 1 inf 1
0 74 3.12027 74 0.0135135 1 inf 1
0 75 3.12517 75 0.0133333 1 inf 1
0 76 3.13998 76 0.0131579 1 inf 1
0 77 3.22378 77 0.012987 1 inf 1
0 78 3.66032 78 0.0128205 1 inf 1
0 79 3.66938 79 0.0126582 1 inf 1
0 80 3.69711 80 0.0125 1 inf 1
0 81 3.72608 81 0.0123457 1 inf 1
0 82 3.78613 82 0.0121951 1 inf 1
0 83 3.84106 83 0.0120482 1 inf 1
0 84 3.84256 84 0.0119048 1 inf 1
0 85 3.9499 85 0.0117647 1 inf 1
0 86 3.89844 86 0.0116279 1 inf 1
0 87 4.06608 87 0.0114943 1 inf 1
0 88 4.23665 88 0.0113636 1 inf 1
0 89 4.33859 89 0.011236 1 inf 1
0 90 4.33987 90 0.0111111 1 inf 1
0 91 4.41727 91 0.010989 1 inf 1
0 92 4.70672 92 0.0108696 1 inf 1
0 93 4.73103 93 0.0107527 1 inf 1
0 94 4.74481 94 0.0106383 1 inf 1
0 95 4.77993 95 0.0105263 1 inf 1
0 96 4.76161 96 0.0104167 1 inf 1
0 97 4.85838 97 0.0103093 1 inf 1
0 98 5.0262 98 0.0102041 1 inf 1
0 99 4.97643 99 0.010101 1 inf 1
0 100 5.00514 100 0.01 1 inf 1
0 101 4.96452 101 0.00990099 1 inf 1
0 102 5.19695 102 0.00980392 1 inf 1
0 103 5.38682 103 0.00970874 1 inf 1
0 104 5.51452 104 0.00961538 1 inf 1
0 105 5.5923 105 0.00952381 1 inf 1
0 106 5.61267 106 0.00943396 1 inf 1
0 107 5.70486 107 0.00934579 1 inf 1
0 108 5.74465 108 0.00925926 1 inf 1
0 109 5.84699 109 0.00917431 1 inf 1
0 110 5.89215 110 0.00909091 1 inf 1
0 111 6.45939 111 0.00900901 1 inf 1
0 112 6.31578 112 0.00892857 1 inf 1
0 113 6.40411 113 0.00884956 1 inf 1
0 114 6.43407 114 0.00877193 1 inf 1
0 115 6.68666 115 0.00869565 1 inf 1
0 116 6.81299 116 0.00862069 1 inf 1
0 117 6.14253 117 0.00854701 1 inf 1
0 118 5.98988 118 0.00847458 1 inf 1
0 119 6.30872 119 0.00840336 1 inf 1
0 120 6.31611 120 0.00833333 1 inf 1
0 121 6.53093 121 0.00826446 1 inf 1
0 122 6.69097 122 0.00819672 1 inf 1
0 123 6.76597 123 0.00813008 1 inf 1
0 124 6.71434 124 0.00806452 1 inf 1
0 125 6.85809 125 0.008 1 inf 1
0 126 6.91977 126 0.00793651 1 inf 1
0 127 6.92962 127 0.00787402 1 inf 1
0 128 7.13084 128 0.0078125 1 inf 1
0 129 7.15483 129 0.00775194 1 inf 1
0 130 7.22494 130 0.00769231 1 inf 1
0 131 7.30241 131 0.00763359 1 inf 1
0 132 7.43334 132 0.00757576 1 inf 1
0 133 7.43714 133 0.0075188 1 inf 1
0 134 7.517 134 0.00746269 1 inf 1
0 135 7.55907 135 0.00740741 1 inf 1
0 136 7.66762 136 0.00735294 1 inf 1
0 137 7.60484 137 0.00729927 1 inf 1
0 138 7.71743 138 0.00724638 1 inf 1
0 139 7.84667 139 0.00719424 1 inf 1
0 140 7.81246 140 0.00714286 1 inf 1
0 141 8.0762 141 0.0070922 1 inf 1
0 142 8.10811 142 0.00704225 1 inf 1
0 143 8.25344 143 0.00699301 1 inf 1
0 144 8.21225 144 0.00694444 1 inf 1
0 145 8.14512 145 0.00689655 1 inf 1
0 146 8.16034 146 0.00684932 1 inf 1
0 147 8.20924 147 0.00680272 1 inf 1
0 148 8.34 148 0.00675676 1 inf 1
0 149 8.31943 149 0.00671141 1 inf 1
0 150 8.54649 150 0.00666667 1 inf 1
0 151 8.47908 151 0.00662252 1 inf 1
0 152 8.55898 152 0.00657895 1 inf 1
0 153 8.63474 153 0.00653595 1 inf 1
0 154 8.81049 154 0.00649351 1 inf 1
0 155 8.89491 155 0.00645161 1 inf 1
0 156 9.09423 156 0.00641026 1 inf 1
0 157 8.93893 157 0.00636943 1 inf 1
0 158 8.94948 158 0.00632911 1 inf 1
0 159 9.06206 159 0.00628931 1 inf 1
0 160 9.10418 160 0.00625 1 inf 1
0 161 9.43107 161 0.00621118 1 inf 1
0 162 9.43497 162 0.00617284 1 inf 1
0 163 9.3977 163 0.00613497 1 inf 1
0 164 9.49517 164 0.00609756 1 inf 1
0 165 9.535 165 0.00606061 1 inf 1
0 166 9.69974 166 0.0060241 1 inf 1
0 167 9.94277 167 0.00598802 1 inf 1
0 168 9.85497 168 0.00595238 1 inf 1
0 169 9.76159 169 0.00591716 1 inf 1
0 170 10.1794 170 0.00588235 1 inf 1
0 171 10.2628 171 0.00584795 1 inf 1
0 172 10.4323 172 0.00581395 1 inf 1
0 173 12.7937 173 0.00578035 1 inf 1
0 174 10.6134 174 0.00574713 1 inf 1
0 175 10.7152 175 0.00571429 1 inf 1
0 176 10.6852 176 0.00568182 1 inf 1
0 177 10.819 177 0.00564972 1 inf 1
0 178 10.8046 178 0.00561798 1 inf 1
0 179 10.9544 179 0.00558659 1 inf 1
0 180 10.8532 180 0.00555556 1 inf 1
0 181 10.9556 181 0.00552486 1 inf 1
0 182 11.0121 182 0.00549451 1 inf 1
0 183 10.9865 183 0.00546448 1 inf 1
0 184 11.0771 184 0.00543478 1 inf 1
0 185 11.0922 185 0.00540541 1 inf 1
0 186 11.148 186 0.00537634 1 inf 1
0 187 11.4777 187 0.00534759 1 inf 1
0 188 11.6116 188 0.00531915 1 inf 1
0 189 11.6808 189 0.00529101 1 inf 1
0 190 11.7985 190 0.00526316 1 inf 1
0 191 11.8441 191 0.0052356 1 inf 1
0 192 11.816 192 0.00520833 1 inf 1
0 193 11.9707 193 0.00518135 1 inf 1
0 194 11.962 194 0.00515464 1 inf 1
0 195 11.9584 195 0.00512821 1 inf 1
0 196 12.0276 196 0.00510204 1 inf 1
0 197 12.1446 197 0.00507614 1 inf 1
0 198 12.2861 198 0.00505051 1 inf 1
0 199 12.2779 199 0.00502513 1 inf 1
0 200 12.2038 200 0.005 1 inf 1
