0 1 6.4e-05 1 1 nan inf 1
0 2 5.4e-05 2 0.5 1 inf 1
0 3 7.8e-05 3 0.333333 1 inf 1
0 4 0.00011 4 0.25 1 inf 1
0 5 0.000103 5 0.2 1 inf 1
0 6 0.000111 6 0.166667 1 inf 1
0 7 0.000129 7 0.142857 1 inf 1
0 8 0.000112 8 0.125 1 inf 1
0 9 0.000112 9 0.111111 1 inf 1
0 10 0.000153 10 0.1 1 inf 1
0 11 0.000201 11 0.0909091 1 inf 1
0 12 0.000178 12 0.0833333 1 inf 1
0 13 8.1e-05 13 0.0769231 1 inf 1
0 14 7e-05 14 0.0714286 1 inf 1
0 15 7.8e-05 15 0.0666667 1 inf 1
0 16 5.7e-05 16 0.0625 1 inf 1
0 17 5e-05 17 0.0588235 1 inf 1
0 18 4.2e-05 18 0.0555556 1 inf 1
0 19 3.6e-05 19 0.0526316 1 inf 1
0 20 3.1e-05 20 0.05 1 inf 1
0 21 4.3e-05 21 0.047619 1 inf 1
0 22 2.1e-05 22 0.0454545 1 inf 1
0 23 1.7e-05 23 0.0434783 1 inf 1
0 24 1.2e-05 24 0.0416667 1 inf 1
0 25 9e-06 25 0.04 1 inf 1
0 26 1.8e-05 26 0.0384615 1 inf 1
0 27 6e-06 27 0.037037 1 inf 1
0 28 2e-06 27 0.0357143 1 inf 1
