0 1 0.02231 1 1 nan inf 1
0 2 0.018651 2 0.5 1 inf 1
0 3 0.031505 3 0.333333 1 inf 1
0 4 0.03348 4 0.25 1 inf 1
0 5 0.044904 5 0.2 1 inf 1
0 6 0.052227 6 0.166667 1 inf 1
0 7 0.05139 7 0.142857 1 inf 1
0 8 0.053355 8 0.125 1 inf 1
0 9 0.058661 9 0.111111 1 inf 1
0 10 0.06114 10 0.1 1 inf 1
0 11 0.060116 11 0.0909091 1 inf 1
0 12 0.060327 12 0.0833333 1 inf 1
0 13 0.060941 13 0.0769231 1 inf 1
0 14 0.060404 14 0.0714286 1 inf 1
0 15 0.059196 15 0.0666667 1 inf 1
0 16 0.06045 16 0.0625 1 inf 1
0 17 0.064824 17 0.0588235 1 inf 1
0 18 0.065791 18 0.0555556 1 inf 1
0 19 0.07142 19 0.0526316 1 inf 1
0 20 0.078824 20 0.05 1 inf 1
0 21 0.068458 21 0.047619 1 inf 1
0 22 0.071254 22 0.0454545 1 inf 1
0 23 0.070814 23 0.0434783 1 inf 1
0 24 0.074378 24 0.0416667 1 inf 1
0 25 0.072018 25 0.04 1 inf 1
0 26 0.075622 26 0.0384615 1 inf 1
0 27 0.077747 27 0.037037 1 inf 1
0 28 0.085259 28 0.0357143 1 inf 1
0 29 0.082243 29 0.0344828 1 inf 1
0 30 0.080564 30 0.0333333 1 inf 1
