0 1 0.021896 1 1 nan inf 1
0 2 0.016975 2 0.5 1 inf 1
0 3 0.028176 3 0.333333 1 inf 1
0 4 0.033096 4 0.25 1 inf 1
0 5 0.041495 5 0.2 1 inf 1
0 6 0.048344 6 0.166667 1 inf 1
0 7 0.048582 7 0.142857 1 inf 1
0 8 0.05159 8 0.125 1 inf 1
0 9 0.054553 9 0.111111 1 inf 1
0 10 0.059881 10 0.1 1 inf 1
0 11 0.053618 11 0.0909091 1 inf 1
0 12 0.059174 12 0.0833333 1 inf 1
0 13 0.060057 13 0.0769231 1 inf 1
0 14 0.05774 14 0.0714286 1 inf 1
0 15 0.060612 15 0.0666667 1 inf 1
0 16 0.05995 16 0.0625 1 inf 1
0 17 0.061663 17 0.0588235 1 inf 1
0 18 0.06974 18 0.0555556 1 inf 1
0 19 0.070821 19 0.0526316 1 inf 1
0 20 0.070461 20 0.05 1 inf 1
0 21 0.073685 21 0.047619 1 inf 1
0 22 0.073802 22 0.0454545 1 inf 1
0 23 0.077744 23 0.0434783 1 inf 1
0 24 0.07564 24 0.0416667 1 inf 1
0 25 0.079677 25 0.04 1 inf 1
0 26 0.079264 26 0.0384615 1 inf 1
0 27 0.080715 27 0.037037 1 inf 1
0 28 0.085798 28 0.0357143 1 inf 1
0 29 0.082665 29 0.0344828 1 inf 1
0 30 0.082594 30 0.0333333 1 inf 1
0 31 0.082587 31 0.0322581 1 inf 1
0 32 0.084674 32 0.03125 1 inf 1
0 33 0.085557 33 0.030303 1 inf 1
0 34 0.086395 34 0.0294118 1 inf 1
0 35 0.084168 35 0.0285714 1 inf 1
0 36 0.087439 36 0.0277778 1 inf 1
0 37 0.091048 37 0.027027 1 inf 1
0 38 0.08744 38 0.0263158 1 inf 1
0 39 0.088801 39 0.025641 1 inf 1
0 40 0.089554 40 0.025 1 inf 1
0 41 0.086783 41 0.0243902 1 inf 1
0 42 0.090596 42 0.0238095 1 inf 1
0 43 0.09174 43 0.0232558 1 inf 1
0 44 0.090273 44 0.0227273 1 inf 1
0 45 0.090632 45 0.0222222 1 inf 1
0 46 0.093173 46 0.0217391 1 inf 1
0 47 0.093608 47 0.0212766 1 inf 1
0 48 0.091599 48 0.0208333 1 inf 1
0 49 0.093315 49 0.0204082 1 inf 1
0 50 0.090293 50 0.02 1 inf 1
