0 0
1 1
2 2
3 3
4 4
5 5
6 6
7 7
8 8
9 9
10 10
11 11
12 12
13 13
14 14
15 15
16 16
17 17
18 18
19 19
20 20
21 21
22 22
23 23
24 24
25 25
26 26
27 27
28 28
29 29
30 30
31 31
32 32
33 33
34 34
35 35
36 36
37 37
38 38
39 39
40 40
41 41
42 42
43 43
44 44
45 45
46 46
47 47
48 48
49 49
50 50
51 51
52 52
53 53
54 54
55 55
56 56
57 57
58 58
59 59
60 60
61 61
62 62
63 63
64 64
65 65
66 66
67 67
68 68
69 69
70 70
71 71
72 72
73 73
74 74
75 75
76 76
77 77
78 78
79 79
80 80
81 81
82 82
83 83
84 84
85 85
86 86
87 87
88 88
89 89
90 90
91 91
92 92
93 93
94 94
95 95
96 96
97 97
98 98
99 99
100 100
101 101
102 102
103 103
104 104
105 105
106 106
107 107
108 108
109 109
110 110
111 111
112 112
113 113
114 114
115 115
116 116
117 117
118 118
119 119
120 120
121 121
122 122
123 123
124 124
125 125
126 126
127 127
128 128
129 129
130 130
131 131
132 132
133 133
134 134
135 135
136 136
137 137
138 138
139 139
140 140
141 141
142 142
143 143
144 144
145 145
146 146
147 147
148 148
149 149
150 150
151 151
152 152
153 153
154 154
155 155
156 156
157 157
158 158
159 159
160 160
161 161
162 162
163 163
164 164
165 165
166 166
167 167
168 168
169 169
170 170
171 171
172 172
173 173
174 174
175 175
176 176
177 177
178 178
179 179
180 180
181 181
182 182
183 183
184 184
185 185
186 186
187 187
188 188
189 189
190 190
191 191
192 192
193 193
194 194
195 195
196 196
197 197
198 198
199 199
200 200
201 201
202 202
203 203
204 204
205 205
206 206
207 207
208 208
209 209
210 210
211 211
212 212
213 213
214 214
215 215
216 216
217 217
218 218
219 219
220 220
221 221
222 222
223 223
224 224
225 225
226 226
227 227
228 228
229 229
230 230
231 231
232 232
233 233
234 234
235 235
236 236
237 237
238 238
239 239
240 240
241 241
242 242
243 243
244 244
245 245
246 246
247 247
248 248
249 249
250 250
251 251
252 252
253 253
254 254
255 255
256 256
257 257
258 258
259 259
260 260
261 261
262 262
263 263
264 264
265 265
266 266
267 267
268 268
269 269
270 270
271 271
272 272
273 273
274 274
275 275
276 276
277 277
278 278
279 279
280 280
281 281
282 282
283 283
284 284
285 285
286 286
287 287
288 288
289 289
290 290
291 291
292 292
293 293
294 294
295 295
296 296
297 297
298 298
299 299
300 300
301 301
302 302
303 303
304 304
305 305
306 306
307 307
308 308
309 309
310 310
311 311
312 312
313 313
314 314
315 315
316 316
317 317
318 318
319 319
320 320
321 321
322 322
323 323
324 324
325 325
326 326
327 327
328 328
329 329
330 330
331 331
332 332
333 333
334 334
335 335
336 336
337 337
338 338
339 339
340 340
341 341
342 342
343 343
344 344
345 345
346 346
347 347
348 317
349 316
350 316
351 316
352 316
353 317
354 318
355 319
356 320
357 321
358 322
359 323
360 324
346 285
347 284
361 282
362 283
363 284
348 283
349 281
350 279
351 278
352 278
348 273
349 272
350 272
351 272
352 273
353 274
354 275
355 276
361 218
353 214
356 212
357 210
358 207
354 206
364 206
359 206
364 194
353 190
356 186
354 162
355 159
362 158
365 154
362 154
366 150
355 146
365 146
360 145
355 141
357 138
365 138
366 136
366 136
363 129
356 125
358 123
360 121
356 114
364 109
356 107
367 107
367 102
356 102
361 102
367 100
368 100
357 97
363 97
357 87
363 87
365 86
361 86
359 85
367 85
365 83
367 80
368 79
362 77
358 77
360 76
359 75
357 71
369 71
357 70
356 67
357 66
357 66
364 65
363 64
358 64
369 63
368 63
361 61
369 60
359 59
366 59
363 57
364 56
361 56
368 55
364 52
365 52
366 53
365 52
364 51
370 50
362 50
361 48
366 47
368 46
362 46
360 45
349 45
368 45
357 45
367 44
362 44
370 43
358 43
369 43
357 41
363 41
360 41
367 41
365 40
363 39
359 39
365 38
370 38
363 38
366 38
371 38
357 38
362 38
366 37
358 37
368 37
366 37
368 36
367 36
365 35
361 35
369 35
356 34
357 34
368 34
360 33
354 33
363 33
366 32
354 32
358 32
359 32
367 32
367 32
369 31
361 31
358 31
362 31
354 30
357 29
368 29
358 28
357 28
358 28
358 28
364 27
367 27
366 27
366 27
366 26
367 26
364 26
372 26
370 26
367 26
369 25
364 25
350 24
369 24
363 23
370 23
364 23
359 23
371 23
364 22
350 22
364 22
363 22
368 21
369 21
362 21
355 21
367 21
370 21
361 20
350 20
364 20
371 20
360 20
363 20
368 19
359 19
362 19
373 19
358 19
368 19
358 19
369 18
364 18
370 18
370 18
368 18
368 17
367 17
370 17
365 16
370 16
369 16
369 16
357 16
371 16
369 16
371 16
363 16
371 16
362 15
370 15
359 15
370 15
363 15
371 15
364 15
365 14
370 14
358 14
368 14
347 14
363 13
364 13
368 13
359 13
262 13
372 13
363 13
358 13
371 13
372 13
359 12
352 12
334 12
365 12
358 12
372 12
368 12
360 12
359 12
365 12
372 12
369 12
369 12
363 11
368 11
176 11
362 11
372 11
359 11
364 11
367 11
369 11
373 10
364 10
369 10
371 10
365 9
368 9
360 9
374 9
368 9
364 9
364 9
369 9
373 9
372 9
370 9
368 9
352 9
370 9
365 8
365 8
368 8
365 8
365 8
361 8
291 8
362 8
343 8
367 8
372 8
367 7
358 7
279 7
369 7
370 7
370 7
267 7
368 7
203 7
371 6
371 6
289 6
371 6
371 5
275 5
371 5
255 5
358 5
206 5
368 5
366 5
353 5
367 5
368 5
372 5
364 4
354 4
169 4
132 4
348 4
245 4
368 4
47 4
331 4
204 4
372 3
366 3
373 3
30 3
372 3
345 3
263 3
265 3
368 3
360 3
49 3
369 3
366 3
369 3
336 3
366 2
367 2
13 2
372 2
356 2
60 2
17 2
367 2
25 1
26 2
229 2
6 2
365 2
368 2
47 2
366 2
349 2
369 2
208 2
372 2
338 2
369 2
373 2
106 2
368 2
356 2
263 2
260 2
371 1
372 2
359 2
157 1
51 1
348 1
359 1
365 1
270 1
6 1
119 1
361 1
359 1
3 1
85 1
350 1
209 1
332 1
2 1
367 1
129 1
148 1
367 1
365 1
366 1
66 1
13 1
104 1
187 1
369 1
372 1
15 1
216 1
71 1
