0 0
1 1
2 2
3 3
4 4
5 5
6 6
7 7
8 8
9 9
10 10
11 11
12 12
13 13
14 14
15 15
16 16
17 17
18 18
19 19
20 20
21 21
22 22
23 23
24 24
25 25
26 26
27 27
28 28
29 29
30 30
31 31
32 32
33 33
34 34
35 35
36 36
37 37
38 38
39 39
40 40
41 41
42 42
43 43
44 44
45 45
46 46
47 47
48 48
49 49
50 50
51 51
52 52
53 53
54 54
55 55
56 56
57 57
58 58
59 59
60 60
61 61
62 62
63 63
64 64
65 65
66 66
67 67
68 68
69 69
70 70
71 71
72 72
73 73
74 74
75 75
76 76
77 77
78 78
79 79
80 80
81 81
82 82
83 83
84 84
85 85
86 86
87 87
88 88
89 89
90 90
91 91
92 92
93 93
94 94
95 95
96 96
97 97
98 98
99 99
100 100
101 101
102 102
103 103
104 104
105 105
106 106
107 107
108 108
109 109
110 110
111 111
112 112
113 113
114 114
115 115
116 116
117 117
118 118
119 119
120 120
121 121
122 122
123 123
124 124
125 125
126 126
127 127
128 128
129 129
130 130
131 131
132 132
133 133
134 134
135 135
136 136
137 137
138 138
139 139
140 140
141 141
142 142
143 143
144 144
145 145
146 146
147 147
148 148
149 149
150 150
151 151
152 152
153 153
154 154
155 155
156 156
157 157
158 158
159 159
160 160
161 161
162 162
163 163
164 164
165 165
166 166
167 167
168 168
169 169
170 170
171 171
172 172
173 173
174 174
175 175
176 176
177 177
178 178
179 179
180 180
181 181
182 182
183 183
184 184
185 185
186 186
187 187
188 188
189 189
190 190
191 191
192 192
193 193
194 194
195 195
196 196
197 197
198 198
199 199
200 200
201 201
202 202
203 203
204 204
205 205
206 206
207 207
208 208
209 209
210 210
211 211
212 212
213 213
214 214
215 215
216 216
217 217
218 218
219 219
220 220
221 221
222 222
223 223
224 224
225 225
226 226
227 227
228 228
229 229
230 230
231 231
232 202
233 203
234 203
235 203
236 203
237 204
238 205
239 206
240 207
241 208
242 209
243 210
244 211
245 212
246 213
247 214
248 215
249 216
250 217
232 188
233 187
234 188
235 189
251 172
252 167
253 165
231 156
232 157
233 158
234 159
235 160
236 161
237 162
236 131
251 129
252 130
236 122
238 117
239 118
240 119
241 120
242 121
254 102
238 97
254 97
255 95
253 80
253 79
243 78
244 78
245 78
237 78
237 78
237 76
243 74
256 72
237 69
255 65
239 61
238 59
254 59
246 54
254 54
244 54
239 51
240 50
255 48
256 49
257 48
238 48
255 47
238 46
238 44
256 44
256 44
247 42
248 35
249 36
250 29
251 30
252 31
253 32
254 33
255 34
256 35
257 36
258 37
259 38
260 39
261 40
262 41
263 42
264 43
264 42
265 42
238 42
239 40
246 40
240 36
254 36
245 35
255 35
241 30
242 1
243 2
244 3
245 4
246 5
247 6
248 7
249 8
250 9
251 10
252 11
253 12
254 13
255 14
256 15
257 16
258 17
259 18
260 19
261 20
262 21
263 22
264 23
265 24
266 25
267 26
268 27
269 28
270 29
271 30
272 31
273 32
274 33
275 34
257 34
257 28
258 29
259 9
260 9
261 10
262 11
263 12
264 13
265 14
266 15
267 16
268 17
269 18
270 19
271 20
272 21
273 22
274 23
275 24
276 25
277 26
278 27
279 28
280 29
281 27
282 28
283 28
284 29
285 30
286 31
287 32
288 33
254 33
238 32
239 32
281 27
282 28
283 29
284 30
285 31
242 31
255 31
244 30
257 29
257 29
239 29
239 29
241 28
240 28
258 28
258 28
239 27
240 27
256 26
247 26
258 26
256 26
257 25
258 24
240 24
259 24
259 19
260 1
261 2
262 3
263 4
264 5
265 6
266 7
267 8
268 9
269 10
270 11
271 12
272 13
273 14
274 15
275 16
276 17
277 18
278 19
279 20
280 21
281 22
282 23
256 23
245 23
239 23
241 23
247 22
241 22
242 22
246 22
256 22
259 22
239 22
259 3
260 4
261 5
262 6
263 7
264 8
265 9
266 10
267 11
268 12
269 13
270 14
271 15
272 16
273 17
274 18
275 19
276 20
277 21
257 21
248 4
249 4
250 4
251 5
252 6
253 7
254 8
255 9
256 10
257 11
258 12
259 13
260 14
261 15
262 16
263 17
264 18
265 19
266 20
260 20
240 19
274 18
275 19
241 19
246 19
257 19
241 19
246 19
242 18
255 18
243 18
257 18
243 18
240 17
249 2
250 2
251 3
252 4
253 5
254 6
255 7
256 8
257 9
258 10
259 11
260 12
261 13
262 14
263 15
264 16
265 17
243 14
244 11
245 10
246 11
247 12
248 13
249 14
250 15
251 16
252 17
239 17
259 17
257 17
258 17
256 17
245 17
258 17
259 16
244 16
240 16
255 16
247 16
260 16
258 15
259 16
240 16
238 16
244 16
256 16
242 13
243 1
244 2
245 3
246 4
247 5
248 6
249 7
250 8
251 9
252 10
253 11
254 12
255 13
256 14
257 15
257 15
242 15
248 15
257 15
255 15
248 14
243 14
248 14
260 4
261 2
262 3
263 4
264 5
265 6
266 7
267 8
268 9
269 10
270 11
271 12
272 13
273 14
239 14
240 14
240 14
247 14
243 14
238 14
245 14
241 14
260 14
238 13
247 13
241 13
240 13
242 13
245 13
249 6
250 3
251 4
252 5
253 5
254 6
255 7
256 8
257 9
258 10
259 11
260 12
261 13
240 13
241 13
256 13
239 13
239 13
260 13
261 13
241 13
242 12
248 12
247 12
249 12
240 12
260 12
258 12
255 12
242 12
246 11
240 11
239 11
258 11
241 11
257 11
259 11
242 11
243 11
259 11
248 7
249 8
250 9
251 10
252 5
253 6
254 7
255 7
256 8
257 9
258 10
259 8
260 9
261 10
262 11
243 11
259 11
252 10
253 2
254 3
255 4
256 5
257 6
258 7
259 8
260 9
261 10
262 11
244 10
245 10
246 11
260 11
259 11
258 11
256 11
250 11
258 11
245 11
257 11
248 10
249 11
258 11
258 11
259 11
252 10
247 10
244 10
257 10
249 10
239 10
258 6
259 7
260 8
261 9
262 10
261 10
256 10
260 10
249 10
259 10
242 10
260 10
259 10
246 10
259 10
240 10
238 10
240 10
241 10
242 10
241 9
241 9
256 9
242 9
238 9
255 9
262 9
260 8
261 9
239 9
245 9
235 9
261 9
257 9
247 9
246 8
247 5
248 6
249 7
250 8
251 9
139 3
140 3
141 4
142 5
143 6
144 7
145 8
146 9
248 7
249 6
250 7
251 8
252 9
245 9
241 9
259 9
244 9
243 9
241 9
248 9
240 9
257 9
259 9
244 8
261 7
262 8
240 8
255 8
258 8
245 8
257 8
240 8
241 8
250 7
251 8
243 8
246 8
257 8
251 8
250 8
241 8
260 8
258 8
244 5
245 3
246 2
247 3
248 4
249 5
250 6
251 7
252 8
258 8
252 8
261 8
248 8
239 8
248 8
253 8
263 5
264 3
265 4
266 5
267 6
268 7
269 8
240 8
255 7
256 5
257 2
258 3
259 4
260 5
261 6
262 7
263 8
258 3
259 4
260 5
261 6
262 7
263 8
243 8
260 8
241 8
258 8
239 8
257 8
239 6
240 7
241 8
239 8
261 8
260 8
242 7
241 7
243 7
246 7
241 7
262 7
247 7
261 7
242 7
243 7
260 7
248 7
241 7
258 7
263 7
240 7
261 7
258 6
259 7
249 7
248 7
248 7
260 7
239 7
259 7
242 7
261 7
245 7
243 7
261 7
249 7
241 7
259 7
262 6
263 3
264 4
265 5
266 6
267 7
259 5
260 3
261 4
262 5
263 6
264 7
248 6
249 3
250 3
251 4
252 5
253 5
254 6
255 7
234 7
255 6
256 6
257 7
96 7
244 6
245 4
246 4
247 4
248 5
249 6
250 7
258 6
259 7
262 6
263 6
264 7
251 7
241 7
242 7
31 1
32 2
33 3
34 4
35 5
36 6
37 7
241 7
242 7
259 7
250 6
251 6
252 7
246 7
258 7
246 7
242 7
249 7
241 7
241 7
256 6
243 6
247 6
251 6
258 6
248 6
241 6
258 6
263 6
260 6
260 6
257 6
247 6
247 6
261 6
262 6
242 6
257 6
262 5
263 6
236 6
250 6
249 6
244 6
247 6
248 6
261 6
259 6
258 6
258 6
264 6
243 6
249 6
241 6
260 6
246 6
257 6
259 6
239 6
257 6
253 6
243 6
242 6
243 4
244 5
245 6
248 5
249 6
242 6
239 6
244 6
259 5
260 5
261 6
246 5
247 5
248 6
262 6
263 6
258 6
249 6
261 6
240 6
256 6
261 6
243 6
250 5
251 6
258 6
259 6
240 6
248 5
249 6
258 6
253 6
245 6
262 6
239 3
240 3
241 3
242 4
243 5
244 6
247 6
250 6
245 6
243 6
261 6
242 4
243 1
244 2
245 3
246 4
247 5
248 6
248 6
237 5
238 6
260 6
244 5
245 6
245 4
246 2
247 3
248 4
249 5
250 6
243 6
242 6
260 6
245 6
250 6
248 3
249 3
250 4
251 4
252 5
253 6
259 6
242 6
259 6
258 6
242 6
241 6
262 6
261 6
243 6
243 5
253 5
264 5
239 5
240 5
261 5
256 5
257 4
258 5
244 5
242 5
249 5
242 5
253 5
241 5
242 5
260 5
252 5
250 5
259 5
262 5
246 5
244 5
241 5
260 5
242 5
252 5
244 5
243 5
244 5
260 5
259 5
260 5
241 5
115 5
240 5
241 5
260 5
239 5
241 5
247 5
252 5
260 5
250 5
241 5
261 5
245 2
246 3
247 4
248 5
246 5
264 5
261 5
242 5
262 5
249 5
260 5
241 5
259 5
258 5
241 5
260 4
261 5
260 5
262 5
249 5
242 5
248 5
244 5
244 5
264 5
244 5
242 5
244 5
240 5
243 5
261 5
252 5
262 5
245 4
246 5
247 5
256 5
261 5
251 4
252 5
243 5
244 5
258 5
241 5
262 5
238 5
263 5
253 5
249 5
249 4
250 3
251 4
252 5
256 5
259 5
260 5
258 5
259 5
257 3
258 4
259 3
260 4
261 5
247 5
258 5
261 5
262 5
241 4
242 5
242 2
243 3
244 4
245 5
242 5
256 5
245 3
246 4
247 5
238 5
260 5
241 5
245 5
263 5
263 4
264 3
265 4
266 5
257 5
253 5
243 5
240 5
258 5
261 5
249 4
250 5
262 5
249 5
250 5
242 5
247 4
248 5
258 4
259 3
260 3
261 4
262 5
245 5
248 5
240 5
263 4
264 5
261 5
245 5
265 4
266 5
141 3
142 2
143 3
144 4
145 5
248 5
80 4
81 4
82 5
261 5
241 5
242 5
246 5
264 3
265 2
266 3
267 4
268 5
243 5
263 5
264 5
246 4
259 4
259 4
259 4
247 4
260 4
259 4
242 4
262 4
253 4
242 4
258 4
244 4
262 4
243 4
253 3
254 4
248 4
254 4
249 4
263 4
258 4
240 4
250 4
242 4
242 4
242 4
259 4
261 4
241 4
259 4
242 4
256 4
247 4
257 4
243 4
255 3
256 4
257 4
262 4
162 4
254 4
260 4
260 4
259 4
259 4
242 4
246 4
242 4
259 4
259 4
243 3
244 4
255 4
256 4
259 4
244 4
250 4
251 4
258 4
245 4
258 4
259 3
260 4
249 4
257 4
254 4
240 4
244 4
265 4
236 4
259 4
260 4
259 3
260 4
250 3
251 4
241 4
260 4
263 4
259 4
236 4
259 4
259 4
260 4
251 4
263 4
260 4
262 4
255 4
248 4
244 4
247 4
262 4
260 4
241 4
265 4
238 4
239 4
237 4
245 4
259 4
243 4
257 4
257 4
243 4
242 4
261 3
262 3
263 3
264 4
245 4
257 4
259 4
253 4
260 4
263 4
260 4
243 4
249 4
252 4
240 3
241 4
251 3
252 4
259 4
240 4
245 4
241 4
240 4
257 4
257 4
242 4
255 4
250 4
254 3
255 3
256 3
257 4
240 4
248 4
260 4
263 4
265 4
259 4
261 4
252 2
253 3
254 4
258 4
248 4
241 4
258 4
244 4
246 4
263 2
264 3
265 3
266 4
260 2
261 3
262 4
256 4
250 4
242 4
250 4
242 3
243 4
264 4
253 4
260 4
242 3
243 4
249 4
251 4
261 3
262 3
263 4
264 4
258 4
237 4
254 3
255 4
242 4
260 4
259 4
252 3
253 2
254 3
255 4
259 2
260 3
261 3
262 4
261 4
250 4
243 2
244 3
245 3
246 4
257 4
264 3
265 4
242 3
243 4
264 4
244 3
245 3
246 4
245 4
140 3
141 4
263 4
245 3
246 3
247 3
248 4
261 4
73 4
264 4
242 3
243 2
244 3
245 4
255 3
256 2
257 2
258 3
259 4
246 4
260 4
258 3
259 3
260 4
246 4
262 4
244 3
245 3
246 1
247 2
248 3
249 4
257 4
264 4
265 4
262 4
243 2
244 3
245 4
241 4
244 4
261 4
245 4
254 2
255 3
256 4
258 2
259 2
260 3
261 4
260 4
243 4
253 3
254 4
248 3
249 4
249 4
243 4
259 3
260 4
243 3
244 4
265 4
244 4
241 3
242 4
240 4
255 4
240 4
260 4
259 4
245 3
246 4
259 2
260 1
261 2
262 3
263 4
243 4
239 4
245 4
263 3
264 3
265 4
258 4
243 4
242 2
243 3
244 4
234 4
261 4
259 2
260 3
261 4
249 4
245 4
243 4
255 4
243 4
264 3
265 4
250 1
251 2
252 3
253 4
258 3
259 4
244 3
245 2
246 3
247 4
243 3
244 2
245 3
246 4
262 4
257 4
34 4
245 3
246 2
247 3
248 4
248 1
249 2
250 3
251 4
265 4
246 3
247 4
242 3
243 1
244 2
245 3
246 4
261 4
209 3
210 4
261 4
260 4
262 4
262 2
263 3
264 4
249 4
240 2
241 3
242 4
260 3
261 4
245 4
260 3
261 4
265 4
256 4
260 1
261 2
262 3
263 4
245 3
246 1
247 2
248 3
249 4
240 1
241 2
242 3
243 4
265 4
264 4
251 3
252 4
262 4
242 3
243 4
242 3
243 2
244 3
245 4
261 4
243 3
244 4
181 1
182 1
183 2
184 3
185 4
257 1
258 2
259 3
260 4
242 4
242 1
243 2
244 3
245 4
246 4
241 4
243 3
244 4
259 3
236 3
263 3
247 3
263 3
247 3
243 3
256 3
249 3
243 3
243 3
261 3
244 3
243 3
249 3
259 3
240 3
244 3
243 3
243 3
246 3
246 3
233 3
247 3
242 3
256 3
266 3
103 3
240 3
243 3
241 3
242 3
257 3
256 3
243 2
244 2
245 3
241 3
250 3
240 3
257 2
258 3
258 3
242 3
260 3
241 3
256 3
234 3
242 3
258 3
243 3
251 3
264 3
243 3
155 3
244 3
254 3
241 3
262 3
255 3
242 3
242 3
260 3
258 3
246 3
259 3
263 3
258 3
261 3
244 3
244 3
243 3
247 3
242 3
241 3
246 3
265 3
237 3
244 3
244 2
245 2
246 3
240 3
244 3
245 3
244 3
234 3
259 3
242 3
247 3
260 3
251 3
257 2
258 3
152 3
256 3
244 3
257 3
243 3
241 3
243 3
245 3
260 3
259 3
264 3
251 2
252 3
251 3
253 3
251 3
256 3
244 3
262 3
260 3
242 3
257 2
258 3
251 3
237 2
238 2
239 3
255 3
247 1
248 2
249 3
260 3
239 3
240 3
265 3
256 3
243 3
245 3
261 3
246 3
243 3
260 3
247 3
264 3
261 1
262 1
263 2
264 3
244 3
245 3
244 3
254 3
260 3
259 3
240 3
262 3
259 3
239 3
256 3
241 3
243 3
240 2
241 3
241 2
242 2
243 3
257 3
242 3
242 3
74 3
247 3
243 3
243 3
264 2
265 2
266 3
41 3
244 3
253 3
241 3
242 3
238 3
243 3
242 1
243 2
244 3
263 3
259 3
249 3
258 3
262 3
245 3
241 3
261 2
262 3
57 3
258 3
243 3
263 3
253 3
243 3
244 2
245 2
246 3
247 3
257 3
238 3
244 3
263 2
264 3
249 1
250 2
251 3
258 2
259 3
259 3
261 3
256 3
259 3
264 3
250 2
251 3
245 3
258 3
116 3
257 3
259 2
260 3
242 3
262 3
265 3
249 3
253 3
254 3
238 3
214 3
259 3
246 3
247 3
243 3
247 3
259 3
260 3
259 3
234 3
260 3
254 2
255 3
242 3
249 3
240 3
250 3
82 3
248 3
245 3
248 2
249 3
244 3
244 3
251 3
261 3
241 2
242 2
243 3
244 3
245 3
235 3
245 1
246 2
247 3
262 1
263 2
264 3
248 3
242 2
243 3
241 3
252 3
243 2
244 3
260 2
261 3
240 3
246 1
247 2
248 2
249 3
93 3
265 2
266 3
265 2
266 3
261 3
248 3
258 2
259 2
260 3
261 3
246 3
112 3
233 2
234 3
262 3
259 3
243 3
245 3
92 2
93 3
240 3
261 3
246 3
252 2
253 3
207 2
208 3
116 3
259 3
245 3
243 3
160 2
161 1
162 2
163 3
247 3
264 3
247 3
256 3
248 1
249 2
250 3
265 3
259 3
255 3
260 3
245 3
266 3
260 3
260 3
257 3
258 3
244 2
245 3
248 2
249 3
242 3
261 3
247 2
248 3
243 3
242 1
243 1
244 2
245 3
254 3
263 3
260 2
261 1
262 2
263 3
241 2
242 2
243 3
261 2
262 3
247 1
248 2
249 3
244 3
257 3
259 2
260 2
261 3
261 1
262 2
263 3
260 3
261 3
241 3
259 3
244 3
256 3
262 3
248 3
259 3
239 3
250 3
245 3
257 2
258 3
240 3
261 3
266 3
106 1
107 2
108 3
240 3
259 3
263 3
140 3
126 2
127 3
244 3
156 3
135 1
136 2
137 3
244 3
259 2
260 2
261 2
262 3
265 3
240 2
241 3
241 3
243 3
260 2
261 3
242 3
265 2
266 3
243 2
244 3
245 3
263 1
264 2
265 3
104 1
105 2
106 3
253 2
254 3
262 2
263 3
249 2
250 3
245 2
246 3
262 1
263 2
264 3
241 2
242 3
264 2
265 3
254 3
267 2
268 2
269 3
261 3
250 3
252 3
252 2
253 3
244 3
260 2
261 3
243 1
244 2
245 3
263 3
80 2
81 3
251 3
239 2
240 1
241 2
242 3
244 1
245 2
246 3
242 2
243 3
239 3
262 3
259 3
265 2
266 3
267 3
249 3
260 3
242 3
261 3
259 3
202 1
203 1
204 2
205 3
242 1
243 1
244 2
245 3
258 3
257 2
258 3
244 2
245 3
264 3
249 2
250 3
263 3
251 3
243 2
244 3
261 3
259 3
259 2
260 3
119 1
120 2
121 3
241 2
242 3
259 3
241 2
242 3
130 1
131 1
132 2
133 3
243 3
247 3
250 2
251 2
252 3
239 1
240 1
241 2
242 3
243 3
243 3
244 2
245 2
246 3
260 2
261 2
262 3
256 3
244 1
245 2
246 3
261 3
243 2
244 3
245 2
246 3
247 3
243 3
155 2
156 3
236 1
237 1
238 2
239 3
66 2
67 3
258 3
64 1
65 2
66 3
32 1
33 1
34 2
35 3
263 3
243 2
244 3
243 3
243 3
245 2
246 1
247 2
248 3
243 2
244 3
263 3
261 2
262 3
260 2
261 3
35 1
36 1
37 2
38 3
239 3
259 3
263 2
264 2
265 3
241 1
242 2
243 3
245 2
246 3
259 3
237 2
238 3
242 2
243 3
53 1
54 2
55 3
262 1
263 2
264 3
262 3
242 3
197 1
198 1
199 2
200 3
258 3
261 2
262 3
242 1
243 2
244 3
256 2
257 3
258 3
242 3
247 3
185 3
263 3
262 3
247 3
246 3
262 3
242 3
258 1
259 2
260 3
61 1
62 2
63 3
248 3
238 2
239 3
243 1
244 2
245 3
256 3
245 2
246 3
244 2
245 1
246 1
247 2
248 3
248 1
249 2
250 3
240 1
241 1
242 2
243 3
245 3
10 2
11 3
141 3
264 3
260 3
245 2
246 1
247 2
248 3
260 2
261 3
255 1
256 2
257 3
33 1
34 2
35 3
242 3
248 3
242 3
261 3
256 3
241 2
242 3
261 2
262 3
255 2
256 2
257 3
261 2
262 3
263 3
60 1
61 2
62 3
245 3
241 3
22 1
23 2
24 3
201 1
202 1
203 2
204 3
250 2
251 3
158 3
242 1
243 1
244 2
245 3
260 3
246 2
247 3
246 3
215 3
245 3
258 2
259 3
61 1
62 2
63 3
257 2
258 3
250 3
244 2
245 3
245 2
246 3
249 2
250 3
242 3
262 3
262 3
264 3
259 3
260 3
250 3
244 3
244 2
245 1
246 1
247 2
248 3
263 3
244 2
245 3
260 3
245 1
246 1
247 2
248 3
114 3
264 3
243 1
244 2
245 3
241 2
242 3
243 3
2 1
3 2
4 3
243 3
252 1
253 2
254 3
245 2
246 3
239 3
246 2
247 3
259 3
243 1
244 2
245 3
123 2
124 3
244 3
248 2
249 2
250 3
247 3
257 2
258 3
250 3
245 2
246 3
242 1
243 2
244 3
247 3
248 3
241 3
245 2
246 1
247 1
248 2
249 3
156 2
157 1
158 1
159 2
160 3
244 3
242 3
246 3
243 2
244 2
245 3
260 3
239 2
240 2
241 2
242 3
243 2
247 2
253 2
244 2
244 2
259 2
141 2
242 2
248 2
243 1
244 2
244 2
248 2
249 2
260 2
146 2
147 2
261 2
243 2
248 2
248 2
259 2
260 1
261 2
262 2
256 2
257 2
258 2
242 2
245 2
259 2
241 2
262 2
264 2
257 2
245 1
246 2
260 2
257 2
265 2
116 2
239 2
264 2
243 2
241 1
242 2
243 2
244 2
266 2
240 2
244 2
254 1
255 2
260 2
233 2
239 2
247 2
240 2
242 2
264 2
242 2
260 2
261 2
248 2
242 2
240 2
90 2
243 2
239 2
235 2
261 2
257 2
240 2
149 1
150 2
59 1
60 1
61 2
243 2
240 1
241 2
260 2
242 2
240 2
238 2
247 2
163 2
260 2
241 2
191 2
261 2
252 2
257 2
252 2
245 2
261 2
237 2
261 2
252 2
252 2
254 2
194 2
254 2
253 2
252 2
245 2
262 2
246 2
242 1
243 2
240 2
244 2
242 2
242 2
247 2
244 2
241 2
249 2
66 2
190 2
261 2
240 2
243 2
245 2
260 2
250 2
262 2
248 2
243 2
246 2
244 1
245 1
246 2
241 2
241 2
238 2
257 2
244 2
148 1
149 2
262 2
262 2
265 2
260 2
75 2
234 2
244 2
249 1
250 2
254 2
168 1
169 1
170 2
242 2
243 2
266 2
235 2
243 1
244 1
245 1
246 2
261 2
243 2
263 2
261 2
249 2
238 2
250 2
243 2
239 2
243 2
241 1
242 1
243 2
237 2
244 2
249 2
248 2
163 2
58 2
244 2
257 2
264 2
244 2
268 2
237 2
241 2
245 1
246 2
245 2
261 2
246 2
255 2
244 2
260 2
261 2
239 2
264 2
183 2
245 2
50 2
24 1
25 2
258 2
245 1
246 2
79 1
80 1
81 2
158 2
244 2
261 2
90 1
91 2
260 2
260 2
245 2
82 2
250 2
243 2
238 2
249 2
246 2
250 2
201 1
202 2
241 2
243 2
250 1
251 2
242 2
241 2
242 2
259 2
232 1
233 2
45 2
260 2
247 2
263 2
10 1
11 2
258 2
265 2
250 2
250 2
260 2
246 2
262 2
244 2
248 1
249 2
257 2
172 2
244 2
245 2
244 2
256 2
86 2
79 2
243 2
240 2
257 2
251 2
251 2
248 2
260 2
241 2
243 2
244 2
244 2
258 2
244 2
252 2
254 1
255 2
258 2
261 2
243 1
244 2
259 2
259 2
247 2
134 2
266 2
257 2
255 1
256 2
242 2
258 2
117 2
259 2
257 2
244 2
241 2
243 2
253 2
242 2
261 2
234 2
266 1
267 2
246 2
247 2
255 2
261 2
259 2
244 2
244 2
246 1
247 2
249 2
188 1
189 2
246 2
258 2
243 2
246 2
261 2
265 2
131 2
242 2
260 2
263 2
243 2
243 2
261 2
180 2
257 2
257 1
258 2
61 2
205 2
254 2
233 1
234 1
235 2
263 2
248 2
183 2
245 2
237 2
259 2
260 2
250 2
230 2
247 2
239 2
245 1
246 2
257 2
258 1
259 2
261 2
242 2
265 2
235 2
205 2
257 2
250 2
243 2
259 2
245 2
260 2
247 1
248 2
251 2
260 2
247 1
248 2
265 2
255 2
244 1
245 2
247 2
263 2
244 2
260 2
25 1
26 2
248 2
253 2
247 2
242 2
237 2
253 2
265 2
244 2
246 2
65 1
66 2
175 2
240 1
241 2
257 1
258 2
260 2
259 2
248 2
264 2
36 1
37 2
266 2
34 2
22 1
23 2
265 2
240 1
241 2
195 2
250 2
241 2
249 1
250 2
251 2
261 1
262 2
260 2
251 2
239 2
244 2
245 2
263 2
244 2
242 2
260 2
244 2
246 2
245 1
246 2
245 2
166 2
260 2
258 2
247 1
248 1
249 2
241 2
260 2
261 2
57 1
58 2
102 1
103 2
250 1
251 2
244 2
264 2
247 2
247 1
248 1
249 2
242 2
149 1
150 2
262 2
260 1
261 2
234 2
245 1
246 2
244 2
234 1
235 2
239 2
248 2
181 2
263 1
264 2
117 2
243 2
91 1
92 2
95 1
96 2
239 2
267 1
268 2
242 2
262 2
242 2
244 2
250 2
246 2
243 2
104 2
246 2
258 2
135 1
136 2
260 2
243 2
261 2
262 1
263 1
264 1
265 2
247 1
248 2
260 1
261 2
263 2
244 2
22 1
23 2
240 1
241 2
261 1
262 2
249 2
247 2
246 2
245 2
255 2
248 2
234 2
263 2
241 1
242 2
245 2
242 2
248 1
249 2
246 1
247 2
250 1
251 2
252 2
87 2
236 2
242 2
244 2
260 2
263 2
235 1
236 2
111 1
112 2
243 2
90 1
91 2
243 2
261 2
183 1
184 2
232 1
233 1
234 1
235 2
109 1
110 2
244 2
245 2
262 2
260 2
247 1
248 2
244 2
255 2
244 2
242 1
243 2
245 2
240 1
241 2
248 2
96 2
253 2
257 2
249 2
257 2
253 1
254 1
255 2
243 1
244 2
126 2
244 2
241 1
242 1
243 2
17 1
18 2
243 2
246 2
249 2
214 2
263 2
265 2
247 1
248 2
140 2
244 2
211 2
32 2
240 2
241 2
266 1
267 2
258 1
259 2
255 1
256 2
242 2
85 1
86 2
260 1
261 2
261 2
187 1
188 2
241 2
262 2
239 2
259 2
262 1
263 2
141 2
244 1
245 1
246 2
244 2
238 2
261 1
262 1
263 2
153 2
262 2
245 2
144 2
249 2
246 2
260 1
261 2
259 1
260 1
261 2
244 1
245 2
244 2
245 2
253 2
239 1
240 2
252 2
257 1
258 2
241 2
60 1
61 2
241 1
242 2
265 2
246 1
247 2
248 1
249 2
258 2
258 2
248 2
260 1
261 2
244 1
245 2
254 2
183 1
184 2
117 1
118 2
252 2
245 2
246 2
91 1
92 2
237 1
238 2
249 1
250 1
251 2
253 2
125 2
245 1
246 2
260 2
233 1
234 2
262 2
247 1
248 2
240 1
241 2
258 2
247 2
244 2
245 2
242 2
260 2
247 1
248 2
33 1
34 2
192 2
250 2
100 1
101 2
168 1
169 2
244 2
260 2
258 2
262 2
241 2
246 1
247 1
248 2
242 2
250 1
251 2
240 2
242 1
243 1
244 2
250 2
240 2
262 2
261 2
249 2
248 1
249 2
247 2
249 1
250 2
244 2
245 2
171 2
44 2
245 2
238 2
198 2
256 2
248 2
164 2
244 2
257 1
258 2
248 2
162 1
163 1
164 1
165 2
258 1
259 2
261 1
262 2
243 1
244 2
240 2
246 1
247 2
248 2
241 2
125 2
239 2
241 1
242 2
262 1
263 2
23 1
24 2
260 2
24 2
236 2
142 1
143 2
245 1
246 2
261 2
243 2
243 2
248 2
244 2
118 2
243 2
57 1
58 1
59 2
245 2
258 2
256 2
250 1
251 2
235 2
256 2
97 2
245 2
250 2
62 2
243 1
244 2
244 2
262 2
242 2
151 2
256 2
259 2
248 2
242 2
243 2
260 2
157 2
250 2
241 1
242 2
243 2
261 2
247 2
169 2
260 2
241 2
260 2
257 2
144 2
57 1
58 2
269 2
253 1
254 2
241 2
247 1
248 1
249 2
79 2
248 2
58 2
244 2
246 2
259 1
260 2
37 1
38 2
241 2
239 2
245 2
244 1
245 2
264 1
265 2
258 2
265 2
242 1
243 2
246 1
247 1
248 1
249 2
246 1
247 2
261 2
245 2
262 2
259 1
260 2
259 1
260 2
242 1
243 2
260 2
240 2
243 1
244 2
163 2
233 2
263 2
249 2
258 2
236 2
258 2
258 2
261 2
248 2
244 2
170 2
262 1
263 2
243 2
258 1
259 2
263 1
264 2
262 2
249 1
250 1
251 2
131 1
132 2
260 2
244 1
245 2
16 2
248 2
244 2
251 2
242 2
109 1
110 2
262 1
263 2
252 2
248 1
249 2
247 1
248 2
241 2
264 2
246 2
6 2
243 2
189 2
255 2
241 2
91 2
251 1
252 2
240 1
241 2
261 2
262 1
263 2
248 1
249 2
245 2
244 2
261 1
262 2
244 2
241 1
242 2
243 2
202 2
248 2
244 1
245 2
242 1
243 2
243 2
248 2
245 2
259 1
260 2
254 2
234 1
235 2
244 1
245 1
245 1
250 1
251 1
246 1
251 1
252 1
243 1
233 1
245 1
127 1
242 1
94 1
71 1
245 1
182 1
256 1
72 1
240 1
111 1
259 1
241 1
246 1
251 1
25 1
244 1
240 1
261 1
249 1
252 1
237 1
261 1
242 1
247 1
60 1
260 1
257 1
265 1
213 1
92 1
243 1
252 1
264 1
255 1
24 1
255 1
256 1
253 1
242 1
65 1
241 1
183 1
257 1
243 1
244 1
96 1
246 1
259 1
265 1
263 1
261 1
240 1
110 1
142 1
263 1
24 1
261 1
239 1
263 1
183 1
241 1
241 1
246 1
240 1
260 1
245 1
242 1
101 1
260 1
192 1
259 1
247 1
259 1
243 1
264 1
260 1
242 1
173 1
73 1
244 1
244 1
251 1
243 1
246 1
239 1
242 1
248 1
23 1
240 1
258 1
241 1
130 1
242 1
247 1
260 1
255 1
97 1
260 1
244 1
244 1
62 1
258 1
259 1
90 1
263 1
243 1
241 1
49 1
245 1
252 1
260 1
58 1
171 1
260 1
246 1
257 1
45 1
253 1
264 1
258 1
211 1
241 1
259 1
243 1
262 1
243 1
261 1
173 1
241 1
250 1
262 1
263 1
264 1
242 1
255 1
245 1
26 1
248 1
241 1
263 1
259 1
163 1
245 1
246 1
262 1
248 1
261 1
136 1
153 1
238 1
18 1
151 1
22 1
241 1
261 1
259 1
241 1
233 1
239 1
244 1
167 1
243 1
250 1
250 1
241 1
32 1
243 1
263 1
261 1
245 1
253 1
182 1
239 1
255 1
49 1
257 1
262 1
116 1
244 1
243 1
245 1
245 1
263 1
250 1
258 1
120 1
164 1
259 1
249 1
260 1
244 1
260 1
266 1
260 1
80 1
244 1
245 1
22 1
247 1
249 1
115 1
259 1
257 1
243 1
115 1
243 1
69 1
244 1
265 1
252 1
251 1
22 1
246 1
240 1
63 1
266 1
242 1
99 1
60 1
181 1
246 1
253 1
263 1
262 1
132 1
164 1
240 1
266 1
260 1
243 1
22 1
243 1
259 1
246 1
85 1
246 1
244 1
256 1
244 1
261 1
77 1
73 1
89 1
261 1
176 1
250 1
248 1
164 1
164 1
258 1
61 1
101 1
241 1
5 1
174 1
250 1
259 1
205 1
240 1
261 1
261 1
247 1
244 1
241 1
242 1
240 1
183 1
165 1
259 1
12 1
90 1
244 1
198 1
261 1
190 1
256 1
258 1
262 1
244 1
245 1
80 1
30 1
106 1
249 1
115 1
245 1
257 1
244 1
240 1
31 1
256 1
250 1
252 1
256 1
248 1
257 1
266 1
261 1
246 1
263 1
124 1
244 1
241 1
177 1
31 1
259 1
246 1
123 1
264 1
258 1
259 1
65 1
243 1
90 1
244 1
246 1
214 1
244 1
239 1
261 1
257 1
89 1
250 1
153 1
242 1
261 1
43 1
93 1
132 1
165 1
217 1
259 1
245 1
238 1
253 1
84 1
264 1
242 1
12 1
243 1
38 1
245 1
42 1
235 1
254 1
247 1
239 1
253 1
248 1
248 1
258 1
127 1
253 1
27 1
244 1
93 1
259 1
243 1
240 1
246 1
27 1
38 1
263 1
244 1
244 1
264 1
242 1
254 1
242 1
246 1
244 1
143 1
240 1
265 1
242 1
255 1
245 1
243 1
259 1
244 1
246 1
260 1
260 1
242 1
242 1
254 1
112 1
244 1
233 1
233 1
188 1
223 1
191 1
256 1
260 1
67 1
251 1
82 1
261 1
256 1
233 1
27 1
25 1
117 1
12 1
242 1
242 1
41 1
256 1
49 1
256 1
241 1
247 1
241 1
257 1
87 1
239 1
246 1
260 1
242 1
244 1
235 1
260 1
257 1
245 1
254 1
103 1
115 1
265 1
103 1
256 1
69 1
259 1
248 1
27 1
243 1
29 1
150 1
234 1
257 1
248 1
149 1
81 1
234 1
260 1
162 1
152 1
260 1
266 1
262 1
160 1
27 1
247 1
100 1
262 1
261 1
267 1
250 1
192 1
250 1
76 1
202 1
248 1
66 1
249 1
244 1
233 1
24 1
267 1
251 1
248 1
245 1
240 1
42 1
243 1
39 1
242 1
246 1
245 1
242 1
262 1
261 1
243 1
246 1
148 1
136 1
248 1
234 1
247 1
260 1
243 1
128 1
55 1
123 1
248 1
88 1
84 1
244 1
184 1
258 1
259 1
243 1
242 1
243 1
241 1
251 1
95 1
182 1
258 1
244 1
155 1
243 1
241 1
258 1
24 1
71 1
168 1
251 1
23 1
84 1
243 1
241 1
260 1
154 1
247 1
32 1
255 1
244 1
245 1
162 1
182 1
220 1
160 1
263 1
255 1
242 1
252 1
234 1
5 1
255 1
257 1
260 1
60 1
258 1
243 1
97 1
22 1
243 1
257 1
265 1
261 1
169 1
128 1
253 1
183 1
247 1
254 1
242 1
253 1
267 1
258 1
260 1
260 1
241 1
243 1
260 1
251 1
243 1
67 1
248 1
244 1
250 1
266 1
243 1
251 1
262 1
128 1
71 1
152 1
241 1
17 1
257 1
249 1
249 1
24 1
264 1
262 1
249 1
243 1
30 1
250 1
264 1
258 1
243 1
256 1
41 1
254 1
235 1
145 1
202 1
91 1
261 1
247 1
263 1
241 1
91 1
242 1
262 1
263 1
132 1
101 1
264 1
238 1
241 1
244 1
244 1
258 1
18 1
111 1
250 1
243 1
251 1
114 1
35 1
244 1
258 1
172 1
262 1
241 1
143 1
240 1
244 1
262 1
264 1
260 1
242 1
38 1
151 1
262 1
95 1
50 1
242 1
262 1
115 1
243 1
49 1
260 1
247 1
236 1
250 1
234 1
105 1
243 1
245 1
256 1
262 1
240 1
138 1
240 1
23 1
146 1
259 1
115 1
239 1
245 1
148 1
25 1
54 1
62 1
38 1
246 1
227 1
260 1
234 1
242 1
254 1
257 1
263 1
58 1
264 1
248 1
261 1
65 1
250 1
242 1
91 1
241 1
251 1
148 1
51 1
257 1
250 1
244 1
248 1
240 1
248 1
131 1
244 1
171 1
99 1
147 1
165 1
241 1
263 1
245 1
239 1
263 1
22 1
18 1
249 1
79 1
244 1
256 1
262 1
24 1
240 1
163 1
240 1
246 1
249 1
112 1
260 1
262 1
260 1
240 1
258 1
263 1
243 1
259 1
117 1
260 1
234 1
250 1
256 1
