0 0
1 1
2 2
3 3
4 4
5 5
6 6
7 7
8 8
9 9
10 10
11 11
12 12
13 13
14 14
15 15
16 16
17 17
18 18
19 19
20 20
21 21
22 22
23 23
24 24
25 25
26 26
27 27
28 28
29 29
30 30
31 31
32 32
33 33
34 34
35 35
36 36
37 37
38 38
39 39
40 40
41 41
42 42
43 43
44 44
45 45
46 46
47 47
48 48
49 49
50 50
51 51
52 52
53 53
54 54
55 55
56 56
57 57
58 58
59 59
60 60
61 61
62 62
63 63
64 64
65 65
66 66
67 67
68 68
69 69
70 70
71 71
72 72
73 73
74 74
75 75
76 76
77 77
78 78
79 79
80 80
81 81
82 82
83 83
84 84
85 85
86 86
87 87
88 88
89 89
90 90
91 91
92 92
93 93
94 94
95 95
96 96
97 97
98 98
99 99
100 100
101 101
102 102
103 103
104 104
105 105
106 106
107 107
108 108
109 109
110 110
111 111
112 112
113 113
114 114
115 115
116 116
117 117
118 118
119 119
120 120
121 121
122 122
123 123
124 124
125 125
126 126
127 127
128 128
129 129
130 130
131 131
132 132
133 133
134 134
135 135
136 136
137 137
138 138
139 139
140 140
141 141
142 142
143 143
144 144
145 145
146 146
147 147
148 148
149 149
150 150
151 151
152 152
153 153
154 154
155 155
156 156
157 157
158 158
159 159
160 160
161 161
162 162
163 163
164 164
165 165
166 166
167 167
168 168
169 169
170 170
171 171
172 172
173 173
174 174
175 175
176 176
177 177
178 178
179 179
180 180
181 181
182 182
183 183
184 184
185 185
186 186
187 187
188 188
189 189
190 190
191 191
192 192
193 193
194 194
195 195
196 196
197 197
198 198
199 199
200 200
201 201
202 202
203 203
204 204
205 205
206 206
207 207
208 208
209 209
210 210
211 211
212 212
213 213
214 214
215 215
216 216
217 217
218 218
219 219
220 220
221 221
222 222
223 223
224 224
225 225
226 226
227 193
228 193
229 194
230 195
231 196
232 197
233 198
234 199
235 200
236 201
237 202
238 203
239 204
240 205
241 206
242 207
243 208
244 209
245 210
246 211
247 212
248 213
249 214
250 215
251 216
252 217
253 218
254 219
226 182
255 174
256 174
257 175
258 176
259 177
260 178
261 179
262 180
227 150
228 151
229 152
255 144
263 134
264 135
227 119
228 120
227 104
230 103
256 103
263 102
264 96
231 93
265 91
230 88
231 89
229 77
266 76
230 75
257 74
265 73
266 73
228 73
232 73
229 70
230 71
231 72
232 73
256 69
265 65
229 59
232 55
233 55
267 54
267 50
232 49
231 48
257 48
233 47
258 47
228 44
231 44
268 43
269 29
270 30
271 31
272 32
273 33
274 34
275 35
276 36
277 37
278 38
279 39
280 40
281 41
282 42
283 43
283 42
284 42
257 40
233 40
266 40
234 39
265 38
267 37
266 35
230 35
235 26
236 1
237 2
238 3
239 4
240 5
241 6
242 7
243 8
244 9
245 10
246 11
247 12
248 13
249 14
250 15
251 16
252 17
253 18
254 19
255 20
256 21
257 22
258 23
259 24
260 25
261 26
262 27
263 28
264 29
265 30
266 31
267 32
268 33
269 34
234 34
233 34
233 28
234 29
235 9
236 9
237 10
238 11
239 12
240 13
241 14
242 15
243 16
244 17
245 18
246 19
247 20
248 21
249 22
250 23
251 24
252 25
253 26
254 27
255 28
256 29
257 27
258 28
259 28
260 29
261 30
262 31
263 32
264 33
258 33
258 32
257 27
258 28
259 29
260 30
261 31
230 31
268 30
232 29
233 29
234 29
229 29
267 28
234 28
233 28
259 28
230 28
234 28
232 28
234 27
236 27
268 27
267 26
232 26
235 25
232 25
233 25
232 24
235 24
235 24
233 23
233 19
234 1
235 2
236 3
237 4
238 5
239 6
240 7
241 8
242 9
243 10
244 11
245 12
246 13
247 14
248 15
249 16
250 17
251 18
252 19
253 20
254 21
255 22
256 23
266 23
231 23
258 23
268 22
269 22
236 22
237 22
231 22
235 22
258 22
234 3
235 4
236 5
237 6
238 7
239 8
240 9
241 10
242 11
243 12
244 13
245 14
246 15
247 16
248 17
249 18
250 19
251 20
252 21
267 21
232 21
258 20
269 4
270 4
271 4
272 5
273 6
274 7
275 8
276 9
277 10
278 11
279 12
280 13
281 14
282 15
283 16
284 17
285 18
286 19
287 20
234 20
249 18
250 19
266 19
268 19
259 19
231 19
268 18
234 18
237 18
238 18
233 17
233 17
270 2
271 2
272 3
273 4
274 5
275 6
276 7
277 8
278 9
279 10
280 11
281 12
282 13
283 14
284 15
285 16
286 17
269 14
270 11
271 10
272 11
273 12
274 13
275 14
276 15
277 16
278 17
259 17
233 17
269 17
231 17
234 17
238 16
235 16
268 16
235 16
234 16
235 16
267 16
236 16
257 16
259 16
269 15
270 16
231 16
239 16
234 15
268 13
269 1
270 2
271 3
272 4
273 5
274 6
275 7
276 8
277 9
278 10
279 11
280 12
281 13
282 14
283 15
267 15
235 15
269 15
266 15
259 15
268 14
269 14
268 14
235 4
236 2
237 3
238 4
239 5
240 6
241 7
242 8
243 9
244 10
245 11
246 12
247 13
248 14
229 14
268 14
232 14
260 14
228 14
259 14
269 14
236 14
236 14
224 13
234 13
240 13
269 6
270 3
271 4
272 5
273 5
274 6
275 7
276 8
277 9
278 10
279 11
280 12
281 13
259 13
235 13
231 13
260 13
236 13
259 13
233 13
235 13
231 13
270 12
268 12
235 12
269 12
260 12
236 12
236 12
259 12
234 12
237 12
234 11
267 11
267 11
232 11
234 11
236 11
236 11
268 11
237 10
238 10
239 11
269 7
270 8
271 9
272 10
273 5
274 6
275 7
276 7
277 8
278 9
279 10
280 11
280 8
281 9
282 10
283 11
238 11
273 10
274 2
275 3
276 4
277 5
278 6
279 7
280 8
281 9
282 10
283 11
234 11
270 11
233 11
267 11
235 11
233 11
239 11
232 11
268 10
269 11
269 11
235 11
197 10
270 10
237 10
267 10
279 6
280 7
281 8
282 9
283 10
237 10
260 10
232 10
270 10
234 10
235 10
241 10
233 10
235 10
269 10
271 10
259 9
260 10
260 10
229 10
234 10
260 10
236 9
260 9
236 9
237 9
236 9
257 9
234 9
235 8
236 9
264 9
239 9
212 9
269 7
270 6
271 7
272 8
273 9
269 9
235 9
232 9
270 8
271 5
272 6
273 7
274 8
275 9
135 3
136 3
137 4
138 5
139 6
140 7
141 8
142 9
233 9
238 9
260 9
236 9
239 9
233 9
259 9
261 9
269 9
235 9
239 8
272 7
273 8
235 8
234 8
261 8
236 8
232 8
240 8
269 8
269 8
237 8
238 8
240 8
270 8
238 5
239 3
240 2
241 3
242 4
243 5
244 6
245 7
246 8
235 8
236 8
235 8
229 8
270 8
271 8
247 8
270 8
258 8
271 8
235 8
274 5
275 3
276 4
277 5
278 6
279 7
280 8
259 7
260 5
261 2
262 3
263 4
264 5
265 6
266 7
267 8
230 8
262 3
263 4
264 5
265 6
266 7
267 8
234 8
269 8
270 8
233 8
258 8
232 8
268 8
237 8
236 8
237 8
260 8
237 7
260 7
236 7
239 7
236 7
236 7
241 7
235 7
261 7
237 7
261 7
268 7
271 7
268 7
237 7
229 7
234 7
233 6
234 7
270 6
271 7
261 7
260 7
261 7
271 7
236 7
271 7
269 7
237 7
240 7
259 7
235 7
238 7
234 7
236 7
235 7
276 6
277 6
278 7
238 6
239 6
240 7
272 7
232 7
261 7
268 7
267 7
237 6
238 3
239 4
240 5
241 6
242 7
24 1
25 2
26 3
27 4
28 5
29 6
30 7
270 6
271 7
269 6
270 3
271 3
272 4
273 5
274 5
275 6
276 7
270 5
271 3
272 4
273 5
274 6
275 7
237 6
238 4
239 4
240 4
241 5
242 6
243 7
241 7
270 6
271 6
272 7
260 7
241 7
232 7
234 7
234 7
237 7
262 7
267 7
261 7
260 6
236 6
260 6
271 6
232 6
242 6
235 6
274 6
269 6
272 6
261 6
236 6
240 6
236 6
269 6
237 6
236 6
213 6
236 5
237 6
270 6
267 6
234 6
233 6
234 6
275 6
271 6
242 6
243 6
262 6
260 6
234 6
233 6
270 6
240 5
241 5
242 6
235 6
270 5
271 5
272 6
261 6
198 6
237 6
232 6
236 6
270 6
261 6
230 6
237 6
260 6
244 6
227 6
261 6
236 6
234 6
261 6
270 6
238 4
239 5
240 6
262 6
258 6
237 5
238 6
270 6
270 6
242 6
235 6
273 6
214 5
215 6
271 6
262 3
263 3
264 4
265 4
266 5
267 6
241 5
242 6
271 6
237 6
259 6
236 6
240 6
233 6
238 4
239 2
240 2
241 3
242 4
243 5
244 6
272 5
273 6
238 6
261 4
262 1
263 2
264 3
265 4
266 5
267 6
234 6
272 6
235 6
270 6
225 3
226 3
227 3
228 4
229 5
230 6
235 6
273 6
236 6
261 6
233 6
229 6
268 6
236 6
262 6
237 6
238 5
266 5
238 5
237 5
236 5
236 5
237 4
238 5
235 5
265 5
225 5
273 5
231 5
261 5
269 5
236 5
234 5
237 5
260 5
235 5
237 5
271 5
262 5
237 5
269 5
241 5
261 5
272 5
260 5
230 5
268 5
269 5
231 5
268 5
263 5
238 2
239 3
240 4
241 5
262 5
235 5
241 5
272 5
242 5
233 5
262 5
230 5
236 5
275 5
236 5
110 5
237 5
271 5
234 5
239 5
236 5
238 5
235 5
236 5
272 5
230 4
231 5
236 5
235 5
239 5
233 5
262 5
235 4
236 5
232 4
233 5
263 5
238 5
238 4
239 5
233 5
236 5
270 5
235 5
237 5
265 4
266 5
236 5
235 5
237 5
260 5
235 5
240 5
271 5
239 5
271 5
257 5
272 5
242 5
268 5
233 5
263 5
74 4
75 4
76 5
241 5
238 5
235 5
238 4
239 5
270 5
259 5
242 4
243 5
237 4
238 5
243 5
273 5
269 5
267 5
237 5
261 2
262 3
263 4
264 5
269 5
183 5
260 5
264 5
238 3
239 4
240 5
262 5
233 5
235 5
235 5
261 5
237 5
242 5
273 5
242 5
237 3
238 4
239 3
240 4
241 5
269 5
237 5
272 5
238 5
237 5
236 5
270 5
266 5
238 4
239 3
240 2
241 3
242 4
243 5
241 5
270 4
271 5
270 5
270 5
239 3
240 2
241 3
242 4
243 5
262 4
263 3
264 4
265 5
239 3
240 4
241 5
237 5
237 4
238 3
239 3
240 4
241 5
236 5
276 4
277 5
236 5
238 5
262 5
238 5
240 4
271 4
233 4
269 4
234 4
242 4
271 4
261 4
236 4
272 4
268 4
273 3
274 4
263 4
236 4
273 4
233 4
274 4
261 4
199 4
261 4
261 4
238 4
233 4
232 4
236 4
236 4
237 4
239 4
234 4
261 4
271 4
237 4
237 4
230 4
242 4
275 3
276 4
277 4
233 4
237 4
239 4
261 4
267 4
262 3
263 4
235 4
274 4
262 4
239 4
236 4
200 4
201 4
238 4
238 4
269 3
270 4
262 4
241 4
259 4
258 4
234 4
264 4
235 4
234 4
276 4
234 4
233 4
199 4
195 4
237 4
237 4
264 4
234 4
269 4
260 4
271 4
265 4
237 4
261 4
263 3
264 4
235 3
236 4
271 4
231 4
263 4
237 4
264 4
260 4
271 4
234 4
244 4
238 4
236 4
235 3
236 3
237 3
238 4
261 4
230 4
235 4
261 4
234 4
239 4
243 4
273 4
264 4
234 3
235 4
236 4
271 3
272 4
234 4
196 4
237 4
260 4
261 4
234 4
271 4
236 4
235 4
271 4
234 4
235 4
272 4
238 4
270 4
213 4
232 4
269 4
264 4
240 4
237 4
238 4
237 3
238 4
274 3
275 3
276 4
244 4
236 4
214 4
273 4
240 4
273 3
274 4
236 4
236 3
237 2
238 3
239 3
240 4
27 4
261 4
238 4
239 4
243 3
244 4
236 3
237 4
263 4
264 4
241 4
237 4
260 4
238 4
233 4
229 4
235 4
267 1
268 2
269 3
270 4
259 3
260 2
261 3
262 4
237 1
238 2
239 3
240 4
270 4
239 4
269 2
270 3
271 4
233 3
234 4
66 4
230 4
239 4
239 4
237 4
239 4
239 3
240 4
262 4
243 4
240 4
237 4
235 4
236 4
240 4
234 4
238 2
239 2
240 3
241 4
236 4
237 2
238 3
239 4
262 4
238 4
261 3
262 4
240 3
241 4
245 4
232 3
233 4
230 4
274 2
275 3
276 4
270 4
272 3
273 4
237 4
235 4
233 2
234 3
235 3
236 4
241 4
262 3
263 4
270 4
136 3
137 4
238 3
239 4
238 2
239 3
240 4
259 4
235 3
236 3
237 4
238 4
284 4
239 4
273 3
274 4
202 4
259 4
244 4
238 4
234 4
264 3
265 1
266 2
267 3
268 4
239 4
271 1
272 2
273 3
274 4
237 4
236 4
235 4
275 4
272 4
237 4
238 4
239 3
240 3
241 3
242 4
234 3
235 3
236 4
237 4
236 4
272 4
268 4
238 3
239 1
240 2
241 3
242 4
260 2
261 3
262 4
243 3
244 4
241 4
239 3
240 4
237 2
238 3
239 3
240 4
266 4
237 3
238 2
239 3
240 4
272 3
273 2
274 3
275 4
238 4
238 3
239 2
240 3
241 4
261 3
262 2
263 3
264 4
231 3
232 2
233 3
234 4
241 4
263 3
264 4
239 4
239 4
276 4
259 4
275 2
276 3
277 3
278 4
239 4
237 4
237 4
239 3
240 3
241 1
242 2
243 3
244 4
238 3
239 4
261 3
262 4
259 4
238 4
267 3
268 2
269 3
270 4
237 4
238 3
239 4
235 2
236 3
237 4
235 4
259 4
231 2
232 3
233 4
284 4
241 4
238 4
237 4
271 3
272 3
273 4
271 4
235 2
236 1
237 2
238 3
239 4
275 3
276 4
188 1
189 1
190 2
191 3
192 4
237 3
238 3
239 4
242 1
243 2
244 3
245 4
263 4
258 1
259 2
260 3
261 4
271 4
260 4
275 4
270 1
271 2
272 3
273 4
276 3
277 4
269 3
228 3
239 3
242 3
241 3
237 3
262 3
235 3
262 3
234 3
233 3
263 3
237 3
262 3
235 3
243 3
262 3
238 3
262 3
237 3
235 3
260 3
233 3
270 3
261 3
236 2
237 3
259 3
261 3
262 3
238 3
262 2
263 2
264 3
240 3
235 3
262 3
232 3
262 3
93 3
242 3
236 3
240 3
206 3
239 3
270 3
236 3
231 3
259 3
261 3
264 3
277 3
201 3
238 3
242 3
260 3
234 3
197 3
233 3
267 3
232 3
238 3
234 3
270 3
238 2
239 2
240 3
268 3
238 3
196 3
263 3
235 3
239 3
234 3
265 3
238 3
141 3
240 3
235 3
261 3
233 3
238 3
235 3
235 3
261 3
239 3
237 3
262 3
271 3
234 3
236 3
235 3
234 3
267 3
261 3
238 3
237 3
264 3
67 3
267 3
239 3
229 3
260 3
238 2
239 2
240 3
234 3
270 1
271 1
272 2
273 3
265 3
238 3
238 3
231 3
238 3
270 3
235 3
271 3
262 3
148 3
238 2
239 3
260 3
240 3
268 3
261 3
238 1
239 2
240 3
239 3
236 3
264 3
275 3
238 2
239 3
267 2
268 3
236 3
197 3
237 3
268 3
239 3
238 3
235 3
271 2
272 3
238 3
235 3
230 3
273 3
235 3
231 3
49 3
233 3
274 3
260 3
230 3
271 3
262 3
260 3
271 3
241 1
242 2
243 3
266 2
267 2
268 3
236 3
236 3
239 3
240 3
262 3
235 3
234 3
234 3
261 3
237 3
231 3
226 2
227 3
236 3
262 3
229 2
230 2
231 3
238 3
232 3
238 3
240 3
198 2
199 2
200 3
263 3
234 3
240 3
234 3
239 3
236 3
242 3
262 3
240 3
237 2
238 3
241 3
263 3
238 3
263 3
232 2
233 1
234 2
235 3
258 3
235 3
238 3
269 3
240 3
234 3
234 2
235 1
236 1
237 2
238 3
158 3
235 3
264 3
237 3
231 3
238 3
236 3
238 3
238 3
235 3
271 3
240 3
240 3
269 3
236 3
234 3
230 3
260 2
261 2
262 3
271 3
235 3
231 3
237 3
233 3
269 3
271 3
236 3
236 3
231 3
262 2
263 3
241 2
242 1
243 2
244 3
262 2
263 3
235 3
275 3
133 3
240 3
277 2
278 3
262 2
263 2
264 3
53 1
54 2
55 3
270 3
243 3
262 3
235 3
237 3
239 3
242 3
243 3
236 3
240 3
240 2
241 3
187 3
241 3
268 3
237 3
261 3
239 3
268 3
232 3
236 3
237 2
238 3
263 3
235 3
244 2
245 2
246 3
239 2
240 2
241 3
269 3
230 2
231 3
263 3
198 3
237 2
238 3
272 3
237 3
262 3
115 2
116 3
232 3
271 3
237 3
272 3
263 2
264 3
237 3
238 2
239 3
262 3
268 3
243 2
244 3
234 3
264 3
237 3
241 3
269 3
261 1
262 1
263 2
264 3
235 2
236 2
237 3
270 3
272 2
273 3
262 3
232 3
260 3
262 1
263 2
264 3
262 3
235 2
236 3
236 2
237 3
261 2
262 3
233 2
234 3
271 3
236 1
237 2
238 3
235 3
261 3
265 3
238 3
241 1
242 2
243 2
244 2
245 3
268 2
269 2
270 3
238 3
235 3
239 2
240 3
268 3
236 3
236 3
243 3
241 3
25 1
26 1
27 2
28 3
276 2
277 3
240 3
235 2
236 3
238 3
238 2
239 3
278 1
279 2
280 3
258 3
236 2
237 3
235 3
235 2
236 3
74 2
75 3
263 3
237 3
237 1
238 2
239 3
150 1
151 2
152 3
233 3
236 3
272 2
273 3
237 3
262 1
263 2
264 3
261 1
262 1
263 2
264 3
76 3
263 3
270 2
271 2
272 3
263 3
265 3
236 1
237 2
238 3
272 3
244 3
189 1
190 1
191 2
192 3
58 2
59 3
84 3
235 2
236 1
237 1
238 2
239 3
241 3
234 2
235 3
237 3
238 3
263 3
239 2
240 3
231 3
235 3
231 2
232 3
111 3
238 3
239 2
240 2
241 3
241 3
235 3
275 3
27 1
28 1
29 2
30 3
239 3
237 2
238 3
237 1
238 2
239 3
237 3
239 3
237 1
238 2
239 3
265 2
266 3
236 3
272 3
263 3
227 2
228 3
9 2
10 3
263 3
237 3
241 2
242 2
243 3
163 3
237 1
238 2
239 3
28 1
29 2
30 3
237 3
239 2
240 3
276 3
240 2
241 3
243 3
262 2
263 3
270 2
271 3
270 3
239 3
261 2
262 3
260 1
261 2
262 3
238 2
239 1
240 1
241 2
242 3
239 1
240 2
241 3
243 3
15 1
16 2
17 3
240 3
235 3
239 2
240 2
241 3
239 2
240 3
262 2
263 3
236 2
237 3
258 3
261 3
235 2
236 3
259 3
237 3
239 1
240 2
241 3
111 1
112 2
113 3
264 2
265 3
193 1
194 1
195 2
196 3
168 2
169 3
236 2
237 3
235 2
236 3
274 3
234 2
235 2
236 2
237 3
238 3
240 3
232 3
239 3
266 3
125 2
126 3
45 1
46 2
47 3
132 3
255 3
260 2
261 3
268 1
269 2
270 3
266 3
128 1
129 1
130 2
131 3
231 3
264 1
265 2
266 3
271 3
235 2
236 3
235 3
240 2
241 3
235 3
240 3
199 2
200 3
261 1
262 1
263 2
264 3
266 3
273 3
238 3
240 3
236 3
231 2
232 2
233 3
229 2
230 3
231 3
270 3
242 3
239 3
228 2
229 3
102 3
261 1
262 2
263 3
270 2
271 3
235 3
271 3
200 2
201 2
202 3
263 3
238 3
50 1
51 2
52 3
274 2
275 3
257 3
269 2
270 3
261 2
262 3
263 2
264 3
237 3
262 2
263 3
262 3
2 1
3 2
4 3
56 1
57 2
58 3
239 3
267 3
124 2
125 2
126 3
265 3
231 3
258 2
259 1
260 2
261 3
142 2
143 1
144 1
145 2
146 3
237 2
238 3
238 3
272 3
237 1
238 2
239 3
241 1
242 2
243 3
236 3
236 3
235 3
107 1
108 2
109 3
206 3
238 1
239 2
240 3
94 1
95 2
96 3
272 2
273 3
263 3
231 1
232 1
233 2
234 3
234 2
235 3
239 2
240 1
241 1
242 2
243 3
238 3
234 2
235 3
198 3
263 3
273 3
213 1
214 1
215 2
216 3
269 3
238 3
230 1
231 2
232 3
244 2
245 3
111 3
53 1
54 2
55 3
233 3
239 3
236 2
237 3
261 3
263 2
264 3
262 3
241 2
242 3
232 2
233 2
234 3
272 3
238 3
264 3
191 1
192 1
193 2
194 3
271 2
272 3
237 3
272 2
273 3
236 3
237 3
236 3
237 2
238 3
259 2
260 3
232 3
141 2
142 3
238 3
143 2
144 1
145 2
146 3
239 2
240 1
241 2
242 3
239 2
240 3
233 3
263 2
264 3
273 3
236 3
240 2
241 1
242 1
243 2
244 3
117 1
118 2
119 3
239 3
258 1
259 1
260 2
261 3
270 2
260 2
240 2
263 2
273 2
239 2
238 2
133 2
264 2
238 2
261 2
263 2
137 2
138 2
265 2
261 2
242 2
243 2
235 1
236 2
262 2
263 1
264 2
265 2
241 2
260 2
261 2
262 2
239 2
261 2
240 2
240 2
264 2
199 1
200 2
268 2
267 1
268 2
269 2
270 2
239 2
264 1
265 2
231 2
202 2
240 2
233 2
267 2
238 2
263 2
240 2
239 2
240 2
199 2
259 2
111 2
263 2
260 2
225 2
241 2
240 2
278 2
261 2
262 2
263 2
259 2
258 2
234 2
261 2
262 2
245 2
197 2
272 2
273 2
232 2
236 2
237 2
236 2
238 2
269 2
261 2
262 1
263 1
264 2
262 2
232 2
239 2
197 2
139 2
260 2
261 2
270 2
238 2
261 2
278 2
238 2
239 1
240 2
265 2
241 2
68 2
236 2
239 2
139 1
140 2
58 2
176 2
235 2
239 2
237 2
147 2
200 2
262 2
261 2
269 2
270 2
237 2
240 2
232 2
267 2
235 2
179 2
228 2
266 2
272 2
238 2
262 2
88 2
182 2
230 2
262 2
225 2
233 2
235 2
237 2
235 2
273 2
261 2
237 2
264 2
238 2
265 2
241 2
263 2
173 2
259 1
260 2
141 1
142 2
275 2
52 1
53 1
54 2
241 2
236 2
236 2
236 2
273 2
233 2
237 2
274 2
235 2
157 1
158 1
159 2
263 1
264 1
265 2
240 2
261 1
262 2
274 2
235 2
243 2
264 2
263 1
264 2
243 2
194 2
239 2
235 2
40 2
238 2
270 2
235 2
238 1
239 2
234 2
260 2
237 1
238 2
274 1
275 2
229 2
262 2
240 2
236 2
262 2
259 1
260 2
269 2
144 2
234 2
232 2
271 2
239 2
234 2
239 2
80 1
81 2
240 2
235 2
239 2
241 2
76 2
237 1
238 2
162 2
245 2
243 2
263 2
272 2
89 2
262 2
237 2
239 2
262 2
262 2
68 2
258 1
259 2
226 2
270 2
238 2
237 1
238 2
244 2
193 1
194 2
231 2
238 2
238 1
239 2
238 2
240 1
241 2
238 2
272 2
263 2
266 2
261 2
200 1
201 2
262 2
239 2
6 1
7 2
234 2
258 2
267 2
270 1
271 2
265 2
37 2
239 2
243 2
50 2
129 1
130 2
73 2
235 2
260 2
243 2
228 2
242 2
232 2
240 2
231 2
158 2
237 2
242 2
232 1
233 2
237 2
244 2
268 1
269 2
264 2
143 2
235 2
269 2
232 2
242 2
235 2
260 2
272 1
273 2
263 2
261 2
239 2
143 2
237 2
240 2
266 2
92 2
55 2
236 2
235 2
268 2
9 1
10 2
235 2
269 2
259 1
260 2
237 2
240 2
233 2
269 2
236 2
241 1
242 2
240 2
241 2
237 2
243 1
244 2
235 2
15 1
16 1
17 2
272 2
17 2
240 2
241 2
238 1
239 2
198 2
129 2
229 2
261 2
180 2
266 2
238 1
239 2
237 2
259 1
260 1
261 2
268 2
240 2
235 2
140 2
243 1
244 2
6 1
7 1
8 2
190 2
186 1
187 1
188 2
260 2
241 1
242 1
243 2
36 2
240 2
160 2
235 2
262 1
263 2
237 2
233 2
244 2
236 2
232 2
244 2
236 2
242 2
180 2
236 2
263 2
233 2
241 2
156 2
264 1
265 2
239 2
236 2
269 2
270 2
271 2
180 2
241 2
239 2
241 1
242 2
270 2
235 2
232 2
264 2
234 2
241 2
234 2
238 2
73 2
237 2
235 2
238 2
264 1
265 2
49 1
50 1
51 2
275 2
129 2
226 2
87 1
88 2
272 2
261 2
264 2
240 2
272 2
242 2
268 2
264 2
243 2
270 2
190 1
191 2
239 2
271 2
242 1
243 2
241 2
269 2
233 2
237 2
50 1
51 2
262 2
238 1
239 2
265 2
266 2
270 2
263 2
263 1
264 2
237 1
238 2
241 2
260 1
261 2
242 2
244 2
237 2
228 2
240 2
149 2
238 2
238 1
239 2
200 1
201 2
174 2
261 2
263 2
232 2
27 1
28 2
137 2
272 1
273 1
274 2
271 1
272 2
112 2
225 2
234 2
237 2
46 2
264 1
265 2
236 2
236 2
238 2
260 2
230 1
231 2
261 2
262 1
263 2
262 2
273 1
274 2
230 2
253 2
27 2
269 1
270 2
132 2
235 2
241 2
206 2
239 2
236 1
237 2
181 1
182 2
237 1
238 1
239 2
49 1
50 2
242 2
237 2
238 2
227 1
228 2
134 1
135 2
274 2
238 1
239 2
232 2
234 2
125 2
266 1
267 1
268 2
272 2
207 2
278 1
279 2
269 2
238 1
239 2
239 2
88 1
89 2
273 2
271 2
260 1
261 2
237 2
239 2
271 1
272 2
239 2
259 2
263 2
236 2
266 2
242 2
240 2
242 2
239 2
104 1
105 2
266 1
267 2
275 2
263 1
264 2
236 2
237 2
259 1
260 2
262 2
269 2
262 2
239 2
263 2
124 2
270 2
270 2
261 2
213 2
265 1
266 2
85 2
232 1
233 2
237 2
236 2
263 2
239 2
233 1
234 1
235 2
237 2
242 2
237 2
228 1
229 1
230 2
270 1
271 2
241 2
125 2
242 2
266 2
276 2
241 1
242 2
16 2
276 2
129 2
271 2
238 2
233 2
237 2
262 2
241 2
235 2
237 2
264 1
265 2
240 2
232 1
233 2
262 2
236 2
117 1
118 2
227 2
265 2
262 2
209 2
198 2
238 2
228 2
279 1
280 2
62 2
263 1
264 2
89 2
236 1
237 2
53 2
112 2
238 2
234 1
235 2
242 2
172 2
229 2
236 2
173 2
239 2
63 1
64 1
65 2
274 2
265 1
266 2
243 1
244 2
235 1
236 2
235 2
273 2
234 2
140 1
141 2
256 2
268 1
269 2
233 1
234 2
234 2
266 2
235 2
7 1
8 2
238 2
273 2
263 2
49 1
50 2
264 1
265 2
126 1
127 2
236 2
259 2
235 1
236 2
241 1
242 1
243 2
257 2
262 2
76 1
77 2
261 1
262 2
64 1
65 2
258 2
263 1
264 2
239 1
240 2
239 2
222 2
198 1
199 2
240 1
241 1
242 1
243 1
244 2
239 2
239 2
241 1
242 2
263 2
237 1
238 2
234 2
238 1
239 1
240 1
241 2
239 2
242 1
243 2
271 2
264 2
269 2
271 2
272 2
258 2
273 2
241 1
242 2
262 2
242 1
243 2
242 2
261 1
262 2
236 2
80 1
81 2
263 2
183 2
214 1
215 2
161 1
162 1
163 2
259 1
260 2
241 2
230 2
15 1
16 2
29 2
264 1
265 2
240 2
241 1
242 2
268 2
238 2
236 1
237 2
232 2
269 2
236 2
271 2
238 1
239 2
7 1
8 2
269 1
270 1
271 2
227 2
241 2
55 1
56 2
262 2
234 2
257 2
239 2
265 1
266 2
236 1
237 2
151 2
262 2
265 1
266 2
214 2
81 1
82 2
263 2
261 2
273 2
241 2
17 1
18 2
243 2
234 2
239 2
237 1
238 2
104 1
105 2
237 1
238 2
271 2
239 2
242 2
264 2
271 1
272 2
268 2
272 1
273 2
241 2
235 1
236 2
234 2
266 1
267 2
264 2
240 2
275 2
240 1
241 2
234 2
271 2
270 2
69 2
244 2
238 2
239 1
240 2
233 1
234 2
240 1
241 2
261 2
190 1
191 2
237 2
265 2
239 2
184 2
240 1
241 2
238 1
239 2
235 2
240 2
267 2
261 2
235 2
157 1
158 2
203 1
204 2
237 2
268 2
270 1
271 1
272 2
238 2
265 2
241 2
262 2
262 2
232 2
240 2
271 2
243 2
234 2
238 2
238 2
261 1
262 2
263 2
236 2
236 2
236 2
240 1
241 2
265 2
229 2
239 2
91 1
92 2
242 2
264 2
260 2
269 2
261 2
183 2
234 2
236 2
236 1
237 2
272 2
238 2
73 1
74 1
75 2
273 2
184 2
272 1
273 2
275 2
275 2
239 2
239 2
25 1
26 2
266 2
242 2
234 2
16 1
17 2
259 2
264 2
262 1
263 2
236 2
236 2
240 2
268 1
269 2
7 2
260 1
261 2
50 2
249 2
243 2
26 1
27 2
240 1
241 2
236 1
237 1
238 2
234 1
235 1
269 1
271 1
239 1
81 1
123 1
60 1
264 1
237 1
272 1
273 1
187 1
188 1
240 1
230 1
275 1
258 1
16 1
272 1
238 1
239 1
134 1
105 1
230 1
270 1
274 1
241 1
234 1
264 1
89 1
239 1
238 1
266 1
177 1
55 1
178 1
237 1
274 1
200 1
16 1
269 1
240 1
235 1
189 1
88 1
202 1
239 1
202 1
235 1
268 1
53 1
261 1
269 1
235 1
235 1
262 1
236 1
65 1
236 1
242 1
256 1
260 1
263 1
17 1
241 1
267 1
66 1
240 1
260 1
236 1
234 1
238 1
235 1
239 1
244 1
241 1
262 1
236 1
229 1
16 1
259 1
239 1
268 1
271 1
259 1
261 1
12 1
73 1
259 1
234 1
237 1
235 1
155 1
145 1
237 1
258 1
167 1
121 1
270 1
99 1
239 1
263 1
243 1
267 1
42 1
146 1
267 1
234 1
231 1
272 1
228 1
81 1
246 1
242 1
15 1
241 1
50 1
269 1
238 1
276 1
268 1
235 1
274 1
162 1
30 1
272 1
220 1
47 1
54 1
236 1
236 1
110 1
198 1
240 1
137 1
238 1
146 1
234 1
259 1
261 1
229 1
239 1
96 1
236 1
273 1
228 1
17 1
55 1
239 1
238 1
38 1
110 1
235 1
40 1
236 1
237 1
82 1
236 1
240 1
234 1
261 1
30 1
273 1
239 1
240 1
151 1
195 1
156 1
236 1
236 1
25 1
239 1
262 1
271 1
234 1
237 1
135 1
268 1
263 1
233 1
12 1
266 1
106 1
94 1
127 1
239 1
262 1
237 1
231 1
87 1
237 1
257 1
270 1
260 1
270 1
136 1
65 1
191 1
34 1
274 1
87 1
240 1
237 1
238 1
272 1
260 1
237 1
271 1
243 1
263 1
243 1
16 1
275 1
22 1
265 1
148 1
236 1
122 1
65 1
227 1
238 1
267 1
242 1
262 1
245 1
271 1
271 1
275 1
242 1
7 1
235 1
261 1
262 1
271 1
279 1
269 1
274 1
235 1
265 1
134 1
229 1
237 1
229 1
237 1
158 1
124 1
267 1
15 1
238 1
241 1
198 1
237 1
262 1
53 1
90 1
184 1
266 1
229 1
189 1
200 1
207 1
143 1
274 1
5 1
240 1
258 1
271 1
239 1
177 1
237 1
26 1
208 1
200 1
238 1
262 1
77 1
269 1
157 1
16 1
65 1
272 1
228 1
142 1
269 1
138 1
263 1
189 1
237 1
82 1
239 1
262 1
262 1
268 1
263 1
232 1
234 1
272 1
237 1
236 1
268 1
261 1
79 1
124 1
44 1
115 1
77 1
242 1
118 1
61 1
242 1
240 1
272 1
239 1
139 1
239 1
267 1
272 1
240 1
237 1
233 1
263 1
233 1
160 1
238 1
260 1
241 1
241 1
230 1
32 1
271 1
56 1
269 1
60 1
194 1
272 1
69 1
268 1
16 1
237 1
179 1
237 1
91 1
237 1
20 1
143 1
237 1
241 1
258 1
148 1
235 1
270 1
61 1
240 1
261 1
141 1
236 1
229 1
273 1
261 1
20 1
238 1
21 1
59 1
270 1
162 1
141 1
241 1
93 1
235 1
275 1
93 1
110 1
260 1
207 1
174 1
237 1
239 1
263 1
236 1
85 1
214 1
260 1
265 1
38 1
237 1
201 1
235 1
34 1
241 1
236 1
241 1
10 1
20 1
17 1
261 1
270 1
270 1
59 1
271 1
239 1
239 1
63 1
236 1
232 1
237 1
60 1
60 1
215 1
261 1
134 1
102 1
268 1
270 1
177 1
237 1
236 1
270 1
235 1
240 1
233 1
269 1
235 1
124 1
268 1
244 1
267 1
261 1
265 1
234 1
263 1
239 1
30 1
271 1
275 1
241 1
226 1
20 1
232 1
241 1
20 1
236 1
84 1
123 1
190 1
270 1
198 1
267 1
148 1
261 1
238 1
232 1
261 1
264 1
237 1
30 1
35 1
23 1
240 1
77 1
201 1
237 1
234 1
183 1
155 1
211 1
198 1
10 1
273 1
33 1
263 1
144 1
265 1
89 1
86 1
270 1
127 1
240 1
200 1
65 1
263 1
241 1
55 1
229 1
80 1
203 1
115 1
240 1
232 1
268 1
263 1
24 1
234 1
236 1
234 1
236 1
258 1
269 1
240 1
235 1
237 1
267 1
108 1
24 1
235 1
263 1
226 1
271 1
266 1
240 1
236 1
235 1
22 1
107 1
262 1
241 1
74 1
110 1
260 1
124 1
272 1
272 1
176 1
190 1
237 1
234 1
10 1
155 1
80 1
263 1
203 1
263 1
235 1
261 1
242 1
265 1
229 1
235 1
236 1
234 1
237 1
184 1
271 1
94 1
237 1
54 1
237 1
243 1
169 1
169 1
5 1
168 1
86 1
272 1
263 1
165 1
271 1
201 1
124 1
238 1
68 1
76 1
240 1
265 1
66 1
272 1
237 1
261 1
269 1
232 1
169 1
240 1
239 1
239 1
127 1
235 1
188 1
265 1
261 1
99 1
50 1
198 1
237 1
15 1
271 1
236 1
98 1
231 1
234 1
262 1
110 1
59 1
239 1
57 1
110 1
234 1
243 1
202 1
261 1
74 1
237 1
263 1
15 1
237 1
277 1
234 1
262 1
277 1
15 1
109 1
169 1
275 1
187 1
233 1
234 1
264 1
240 1
114 1
262 1
239 1
244 1
38 1
189 1
233 1
270 1
259 1
196 1
238 1
235 1
236 1
237 1
263 1
263 1
262 1
236 1
225 1
239 1
170 1
26 1
267 1
60 1
229 1
267 1
12 1
151 1
15 1
272 1
120 1
236 1
144 1
237 1
243 1
257 1
234 1
239 1
239 1
238 1
261 1
241 1
266 1
264 1
200 1
18 1
234 1
237 1
238 1
244 1
154 1
231 1
236 1
262 1
259 1
234 1
262 1
231 1
238 1
240 1
269 1
37 1
261 1
273 1
253 1
229 1
167 1
51 1
236 1
235 1
38 1
272 1
236 1
240 1
237 1
235 1
233 1
234 1
80 1
239 1
54 1
239 1
274 1
92 1
242 1
271 1
269 1
128 1
229 1
267 1
264 1
262 1
268 1
230 1
268 1
228 1
271 1
237 1
238 1
67 1
154 1
124 1
241 1
231 1
262 1
238 1
270 1
241 1
270 1
272 1
261 1
94 1
271 1
235 1
240 1
226 1
184 1
261 1
266 1
235 1
174 1
263 1
268 1
260 1
236 1
234 1
261 1
201 1
