0 0
1 1
2 2
3 3
4 4
5 5
6 6
7 7
8 8
9 9
10 10
11 11
12 12
13 13
13 11
14 12
15 10
16 11
17 12
14 9
15 10
14 9
15 9
18 9
18 8
16 8
15 7
19 7
20 7
21 7
22 7
17 6
18 7
16 7
16 6
19 6
17 6
18 6
20 6
21 6
19 6
16 6
19 6
23 6
24 6
20 6
19 5
25 5
22 5
20 5
26 5
19 4
20 4
17 4
19 4
22 4
16 4
21 4
21 4
23 4
21 4
19 4
20 4
21 4
27 4
17 4
20 4
19 4
25 4
17 4
19 4
17 4
16 4
15 4
20 4
24 4
17 4
20 4
28 4
22 4
22 4
23 3
21 3
24 3
21 3
23 3
23 3
25 3
18 3
27 3
29 3
25 3
23 3
21 3
29 3
23 3
24 2
24 2
30 2
26 2
