0 0
1 1
2 2
3 3
4 4
5 5
6 6
7 7
8 8
9 9
10 10
11 11
12 12
13 13
14 14
15 15
16 16
17 17
18 18
19 19
20 20
21 21
22 22
23 23
24 24
25 25
26 26
27 27
28 28
29 29
30 30
31 31
32 32
33 33
34 34
35 35
36 36
37 37
38 38
39 39
40 40
41 41
42 42
43 43
44 44
45 45
46 46
47 47
48 48
49 49
50 50
51 51
52 52
53 53
54 54
55 55
56 56
57 57
58 58
59 59
60 60
61 61
62 62
63 63
64 64
65 65
66 66
67 67
68 68
69 69
70 70
71 71
72 72
73 73
74 74
75 75
76 76
77 77
78 78
79 79
80 80
81 81
82 82
83 83
84 84
85 85
86 86
87 87
88 88
89 89
90 90
91 91
92 92
93 93
94 94
95 95
96 96
97 97
98 98
99 99
100 100
101 101
102 102
103 103
104 104
105 105
106 106
107 107
108 108
109 109
110 110
111 111
112 112
113 113
114 114
115 115
116 116
117 117
118 118
119 119
120 120
121 121
122 122
123 123
124 124
125 125
126 126
127 127
128 128
129 129
130 130
131 131
132 132
133 133
134 134
135 135
136 136
137 137
138 138
139 139
140 140
141 141
142 142
143 143
144 144
145 145
146 146
147 147
148 148
149 149
150 150
151 151
152 152
153 153
154 154
155 155
156 156
157 157
158 158
159 159
160 160
161 161
162 162
163 163
164 164
165 165
166 166
167 167
168 168
169 169
170 170
171 171
172 172
173 173
174 174
175 175
176 176
177 177
178 178
179 179
180 180
181 181
182 182
183 183
184 184
185 185
186 186
187 187
188 188
189 189
190 190
191 191
192 192
193 193
194 194
195 195
196 196
197 197
198 198
199 199
200 200
201 201
202 202
203 203
204 204
205 205
206 206
207 207
208 208
209 209
210 210
211 211
212 212
213 213
214 214
215 215
216 216
217 217
218 218
219 219
220 220
221 221
222 222
223 223
224 224
225 225
226 226
227 197
228 198
229 199
230 200
231 201
232 202
233 203
234 204
235 205
236 206
237 207
238 208
239 209
240 210
226 177
227 176
228 176
229 177
230 178
231 179
232 180
227 164
228 164
229 165
230 166
231 167
232 168
233 169
234 170
241 156
242 157
243 158
244 159
245 160
246 161
241 136
242 136
243 137
244 138
245 139
233 135
235 128
236 117
247 110
235 100
236 101
237 102
233 98
247 96
246 88
247 89
234 86
246 80
248 78
237 77
234 77
235 75
234 74
238 70
248 69
239 67
238 61
239 61
240 61
241 62
242 63
249 60
237 60
249 59
247 59
248 55
248 51
249 50
248 49
243 48
236 48
235 48
235 47
235 46
240 46
238 44
248 44
236 44
244 36
245 29
246 30
247 31
248 32
249 33
250 34
251 35
252 36
253 37
254 38
255 39
256 40
257 41
258 42
259 43
259 42
260 42
250 42
250 40
247 36
248 35
250 30
251 1
252 2
253 3
254 4
255 5
256 6
257 7
258 8
259 9
260 10
261 11
262 12
263 13
264 14
265 15
266 16
267 17
268 18
269 19
270 20
271 21
272 22
273 23
274 24
275 25
276 26
277 27
278 28
279 29
280 30
281 31
282 32
283 33
284 34
249 34
249 28
250 29
251 9
252 9
253 10
254 11
255 12
256 13
257 14
258 15
259 16
260 17
261 18
262 19
263 20
264 21
265 22
266 23
267 24
268 25
269 26
270 27
271 28
272 29
273 27
274 28
275 28
276 29
277 30
278 31
279 32
280 33
234 33
238 32
235 32
236 32
273 27
274 28
275 29
276 30
277 31
251 31
248 31
243 30
249 29
249 29
251 29
236 29
238 28
241 28
238 28
250 28
250 28
237 28
250 27
251 27
237 26
236 26
239 26
237 25
238 24
252 24
251 24
238 19
239 1
240 2
241 3
242 4
243 5
244 6
245 7
246 8
247 9
248 10
249 11
250 12
251 13
252 14
253 15
254 16
255 17
256 18
257 19
258 20
259 21
260 22
261 23
236 23
240 23
241 23
250 23
244 22
253 22
254 22
249 22
251 22
236 22
239 3
240 4
241 5
242 6
243 7
244 8
245 9
246 10
247 11
248 12
249 13
250 14
251 15
252 16
253 17
254 18
255 19
256 20
257 21
239 20
240 21
250 21
245 4
246 4
247 4
248 5
249 6
250 7
251 8
252 9
253 10
254 11
255 12
256 13
257 14
258 15
259 16
260 17
261 18
262 19
263 20
239 20
236 19
254 18
255 19
252 19
242 19
239 19
251 19
241 19
239 18
248 18
252 18
239 17
240 18
255 18
244 17
249 17
240 14
241 11
242 10
243 11
244 12
245 13
246 14
247 15
248 16
249 17
246 2
247 2
248 3
249 4
250 5
251 6
252 7
253 8
254 9
255 10
256 11
257 12
258 13
259 14
260 15
261 16
262 17
236 17
238 17
239 17
237 17
249 17
250 17
239 16
253 16
240 16
251 16
248 16
237 16
252 16
237 16
236 16
256 16
249 16
239 13
240 1
241 2
242 3
243 4
244 5
245 6
246 7
247 8
248 9
249 10
250 11
251 12
252 13
253 14
254 15
237 15
251 15
245 15
241 15
237 15
235 15
237 14
240 14
245 14
240 4
241 2
242 3
243 4
244 5
245 6
246 7
247 8
248 9
249 10
250 11
251 12
252 13
253 14
249 14
249 14
237 14
251 14
242 14
252 14
252 14
252 14
249 13
242 13
250 13
257 13
253 13
237 13
238 6
239 3
240 4
241 5
242 5
243 6
244 7
245 8
246 9
247 10
248 11
249 12
250 13
251 13
252 13
249 13
236 13
250 13
240 13
240 13
251 13
241 12
245 12
251 12
239 12
246 12
242 12
252 12
235 12
253 12
242 11
250 11
238 11
237 11
237 11
239 11
252 11
252 11
239 11
243 7
244 8
245 9
246 10
247 5
248 6
249 7
250 7
251 8
252 9
253 10
254 11
254 11
253 10
254 10
255 11
247 10
248 2
249 3
250 4
251 5
252 6
253 7
254 8
255 9
256 10
257 11
254 8
255 9
256 10
257 11
240 11
239 11
251 11
249 11
244 11
251 11
254 11
238 10
239 11
250 11
238 11
239 11
240 11
205 10
243 10
253 10
238 10
237 10
253 6
254 7
255 8
256 9
257 10
253 10
251 10
239 10
246 10
236 10
252 10
258 10
238 10
242 10
251 10
249 10
237 10
238 10
251 10
251 10
238 9
243 9
249 9
253 9
238 9
234 9
241 9
254 9
240 8
241 9
251 9
246 9
240 9
250 9
148 3
149 3
150 4
151 5
152 6
153 7
154 8
155 9
240 8
241 5
242 6
243 7
244 8
245 9
245 7
246 6
247 7
248 8
249 9
243 9
254 9
238 9
238 9
255 9
241 9
252 9
252 9
243 9
237 9
251 9
237 9
255 8
243 7
244 8
251 8
250 8
248 8
257 8
250 8
252 8
237 8
255 8
255 8
241 8
239 7
240 8
241 8
250 8
253 5
254 3
255 2
256 3
257 4
258 5
259 6
260 7
261 8
246 8
250 8
240 8
238 8
252 8
262 8
247 8
244 8
250 8
240 8
245 5
246 3
247 4
248 5
249 6
250 7
251 8
235 7
236 5
237 2
238 3
239 4
240 5
241 6
242 7
243 8
237 8
238 3
239 4
240 5
241 6
242 7
243 8
250 8
253 8
240 8
240 8
238 8
237 8
250 8
249 6
250 7
251 8
251 8
240 8
253 8
244 7
238 7
252 7
255 7
256 7
252 7
241 7
239 7
240 7
254 7
242 7
241 7
238 7
238 7
251 6
252 7
242 7
238 7
253 7
250 7
252 7
243 7
244 7
241 7
246 7
243 7
236 7
256 7
253 7
246 7
241 7
255 7
253 7
237 7
243 7
193 7
250 6
251 6
252 7
239 7
252 7
253 6
254 4
255 4
256 4
257 5
258 6
259 7
242 6
243 7
240 6
241 3
242 3
243 4
244 5
245 5
246 6
247 7
29 1
30 2
31 3
32 4
33 5
34 6
35 7
245 7
242 7
254 6
255 6
256 7
242 5
243 3
244 4
245 5
246 6
247 7
242 6
243 3
244 4
245 5
246 6
247 7
250 7
238 7
253 7
253 7
252 7
257 7
240 6
241 6
242 7
258 7
244 7
244 7
243 7
236 6
254 6
242 6
241 6
237 6
257 6
240 6
245 6
252 6
251 6
243 6
237 6
252 6
240 6
250 6
242 6
256 6
247 6
239 6
241 5
242 6
244 6
239 6
251 6
238 6
252 6
253 6
254 6
246 6
241 6
245 6
238 6
258 6
259 6
241 6
228 6
237 6
241 6
250 6
250 6
254 6
241 5
242 5
243 6
250 6
239 6
252 6
255 5
256 5
257 6
241 6
242 6
241 6
245 4
246 5
247 6
237 6
260 6
242 6
206 6
236 6
242 6
244 6
259 6
247 6
253 6
245 6
248 5
249 6
241 6
256 6
250 6
251 6
254 4
255 2
256 3
257 4
258 5
259 6
252 6
252 6
254 6
247 5
248 6
240 6
243 6
251 6
239 4
240 1
241 2
242 3
243 4
244 5
245 6
237 6
257 5
258 6
243 6
250 3
251 3
252 3
253 4
254 5
255 6
252 6
243 6
255 5
256 6
0 0
1 1
2 2
3 3
4 4
5 5
6 6
243 3
244 3
245 4
246 4
247 5
248 6
238 6
241 6
0 0
1 1
2 2
3 3
4 4
5 5
6 6
239 6
252 6
252 6
238 6
238 6
241 6
240 6
241 6
245 5
236 5
243 5
240 5
250 5
253 5
252 5
249 5
250 4
251 5
253 5
239 5
239 5
242 5
251 5
242 5
238 5
240 5
253 5
253 5
247 5
253 5
239 5
239 5
258 5
242 5
239 5
253 5
240 5
241 5
245 5
238 5
250 5
251 5
253 5
246 5
241 5
114 5
251 5
238 5
258 5
241 5
252 5
248 5
252 5
254 2
255 3
256 4
257 5
253 5
254 5
238 5
239 5
240 5
254 5
246 5
253 4
254 5
238 5
253 5
243 5
242 5
252 5
244 5
253 5
241 5
252 5
256 5
242 5
251 5
251 5
240 5
247 5
241 5
254 4
255 5
257 5
241 5
238 5
254 5
252 5
256 5
249 5
253 5
255 5
246 4
247 5
252 5
234 5
253 5
254 5
256 5
239 2
240 3
241 4
242 5
243 4
244 5
253 5
248 5
239 5
240 5
244 5
243 4
244 5
258 5
245 5
77 4
78 4
79 5
239 5
239 5
247 4
248 5
239 5
255 5
252 5
248 5
242 5
253 5
238 5
257 5
249 5
241 5
252 5
0 0
1 1
2 2
3 3
4 4
5 5
253 5
236 5
257 5
249 4
250 5
252 5
258 5
239 5
238 5
254 5
250 3
251 4
252 3
253 4
254 5
243 4
244 3
245 2
246 3
247 4
248 5
249 5
251 5
250 5
251 4
252 3
253 3
254 4
255 5
244 4
245 3
246 4
247 5
244 5
242 5
254 5
236 5
0 0
1 1
2 2
3 3
4 4
5 5
254 3
255 4
256 5
238 5
246 4
247 5
244 3
245 4
246 5
0 0
1 1
2 2
3 3
4 4
5 5
0 0
1 1
2 2
3 3
4 4
5 5
242 5
242 5
240 5
144 3
145 2
146 3
147 4
148 5
240 5
243 5
243 5
255 4
238 4
239 4
252 4
259 4
239 4
239 4
242 4
251 4
239 4
254 4
255 4
253 4
243 4
244 4
243 4
242 4
243 3
244 4
207 4
244 4
238 4
252 4
252 4
239 4
245 3
246 4
247 4
253 4
253 4
252 4
259 4
247 4
251 4
249 4
251 4
241 4
253 4
252 4
250 4
237 4
239 4
240 3
241 4
253 4
239 4
254 4
252 4
245 4
238 4
252 4
208 4
209 4
255 4
244 4
251 4
254 4
245 4
246 4
251 4
244 4
238 4
247 4
258 4
242 4
207 4
239 3
240 4
239 4
252 4
164 4
252 4
242 4
245 3
246 4
252 3
253 4
252 4
253 4
237 4
242 4
254 4
242 4
241 4
242 4
251 4
247 4
237 4
239 4
239 4
239 4
240 3
241 4
252 4
250 4
252 3
253 4
251 4
249 4
251 4
237 4
252 4
254 4
237 4
254 4
244 4
246 4
237 4
247 4
252 4
253 4
239 4
240 3
241 3
242 3
243 4
250 4
243 4
260 4
243 4
242 4
242 4
240 4
243 4
242 4
243 4
253 4
240 4
261 4
252 4
245 4
238 4
243 4
251 4
244 4
246 4
235 4
253 4
252 4
235 3
236 2
237 3
238 4
70 4
255 4
70 4
254 4
251 4
239 2
240 3
241 4
245 4
195 4
258 4
251 3
252 4
253 4
242 4
244 3
245 3
246 4
252 3
253 2
254 3
255 4
254 4
237 4
32 4
255 3
256 4
241 4
0 0
1 1
2 2
3 3
4 4
243 3
244 4
251 4
253 4
253 3
254 4
245 3
246 4
245 4
236 4
240 4
238 4
236 4
244 4
255 4
247 2
248 3
249 4
257 4
243 4
250 4
244 4
252 4
244 4
243 2
244 3
245 4
242 4
246 4
3 3
4 4
251 4
237 1
238 2
239 3
240 4
254 4
254 4
241 4
251 4
244 4
254 4
252 2
253 3
254 4
254 3
255 2
256 3
257 4
251 4
254 3
255 2
256 3
257 4
260 4
244 4
257 4
227 3
228 4
242 4
244 4
252 2
253 3
254 4
242 4
245 4
254 1
255 2
256 3
257 4
253 4
253 2
254 3
255 4
238 4
242 3
243 3
244 4
235 4
243 3
244 4
243 3
244 4
252 4
254 3
255 1
256 2
257 3
258 4
253 4
0 0
1 1
2 2
3 3
4 4
255 4
245 2
246 3
247 3
248 4
244 4
246 4
0 0
1 1
2 2
3 3
4 4
254 3
255 4
0 0
1 1
2 2
3 3
4 4
257 4
257 4
246 3
247 4
248 4
252 3
253 4
254 2
255 3
256 3
257 4
237 2
238 3
239 4
245 4
253 4
238 4
254 3
255 3
256 4
241 4
246 3
247 4
245 1
246 2
247 3
248 4
256 4
239 4
242 3
243 2
244 3
245 4
253 4
241 3
242 3
243 4
251 4
228 1
229 1
230 2
231 3
232 4
238 4
251 2
252 1
253 2
254 3
255 4
245 3
246 4
239 3
240 2
241 3
242 4
256 3
257 3
258 1
259 2
260 3
261 4
260 4
0 0
1 1
2 2
3 3
4 4
254 2
255 3
256 4
238 3
239 3
240 4
254 3
255 4
243 1
244 2
245 3
246 4
256 3
257 3
258 3
259 4
210 4
239 3
240 4
249 4
238 2
239 3
240 3
241 4
244 4
251 4
253 4
248 3
249 4
253 3
254 2
255 3
256 4
0 0
1 1
2 2
3 3
4 4
240 1
241 2
242 3
243 4
252 3
253 4
253 3
254 4
262 4
247 4
149 3
150 4
239 3
240 4
242 4
0 0
1 1
2 2
3 3
4 4
242 3
243 1
244 2
245 3
246 4
244 4
253 4
0 0
1 1
2 2
3 3
4 4
253 4
251 2
252 2
253 3
254 4
254 4
242 3
243 4
248 4
254 4
0 0
1 1
2 2
3 3
4 4
237 1
238 2
239 3
240 4
254 4
259 3
260 4
253 4
245 4
0 0
1 1
2 2
3 3
4 4
240 4
252 3
253 4
258 4
255 4
239 3
248 3
256 3
259 3
255 3
242 3
240 3
251 3
241 3
249 3
258 3
240 3
241 3
253 3
249 3
244 3
240 3
237 3
258 3
238 3
239 3
255 3
256 3
212 3
250 3
254 3
244 3
240 3
238 3
240 3
249 3
240 2
241 2
242 3
240 3
252 3
254 3
246 3
237 3
93 3
239 3
250 2
251 3
239 3
239 3
239 3
241 3
251 3
254 3
243 3
253 3
246 3
239 3
254 3
253 3
255 3
241 3
254 3
255 2
256 2
257 3
254 3
253 3
251 3
251 3
251 3
237 3
239 3
238 3
243 3
254 3
251 3
239 3
253 3
166 3
241 3
243 3
251 3
259 3
247 3
255 3
114 3
209 3
38 3
253 3
241 3
248 3
237 3
240 3
252 3
256 3
239 3
193 3
252 3
253 3
240 3
156 3
55 3
255 3
254 3
256 3
249 3
252 3
237 3
246 3
253 3
241 2
242 3
248 3
239 3
250 2
251 3
256 3
256 3
245 3
245 3
240 3
239 3
243 3
244 3
242 3
241 1
242 1
243 2
244 3
237 2
238 3
256 3
256 1
257 2
258 3
238 3
250 3
253 3
253 3
242 3
246 3
241 3
239 3
241 3
241 3
236 3
252 3
244 3
241 2
242 3
252 3
251 3
254 3
244 1
245 2
246 3
256 3
253 3
254 3
254 3
251 2
252 3
254 3
240 3
249 2
250 2
251 3
240 3
255 3
242 3
254 3
253 3
246 3
252 3
253 2
254 2
255 3
252 3
250 3
243 3
246 3
251 3
254 3
238 3
243 2
244 2
245 3
240 3
242 3
75 3
253 3
249 3
249 3
240 3
239 3
238 3
255 3
238 2
239 2
240 3
242 3
246 3
252 2
253 3
238 2
239 3
258 1
259 2
260 2
261 2
262 3
242 3
240 3
241 3
0 0
1 1
2 2
3 3
254 3
240 3
240 2
241 2
242 3
239 3
240 3
254 3
2 2
3 2
4 3
242 3
256 3
252 3
238 3
238 3
240 3
252 3
240 3
242 3
254 3
240 3
252 3
253 2
254 3
256 3
253 2
254 3
240 3
245 3
255 2
256 2
257 3
242 3
243 3
245 3
253 3
253 1
254 2
255 3
239 2
240 3
239 3
239 3
241 3
238 3
255 3
240 2
241 3
0 0
1 1
2 2
3 3
251 3
256 3
183 3
241 3
252 3
255 3
0 0
1 1
2 2
3 3
239 3
255 3
237 3
243 3
254 3
250 2
251 3
245 3
239 3
240 1
241 2
242 3
247 2
248 3
255 3
257 3
246 3
253 3
3 1
4 2
5 3
260 3
244 2
245 3
247 2
248 1
249 2
250 3
250 3
245 3
239 3
252 3
260 2
261 3
252 2
253 3
144 3
252 3
251 3
240 2
241 3
253 3
253 2
254 3
259 3
260 3
241 3
242 3
242 2
243 3
243 3
253 3
237 3
254 2
255 1
256 1
257 2
258 3
244 3
256 2
257 3
3 3
239 3
252 3
240 2
241 3
239 3
241 3
247 2
248 3
248 1
249 2
250 3
253 2
254 3
112 3
240 3
252 3
240 2
241 2
242 3
248 3
58 1
59 2
60 3
241 3
242 3
256 3
111 3
163 2
164 3
244 3
257 3
241 3
241 3
252 3
63 2
64 3
241 2
242 3
251 3
229 2
230 3
232 3
242 3
251 3
254 3
247 2
248 3
254 3
237 3
0 0
1 1
2 2
3 3
240 3
254 3
256 2
257 3
254 3
115 3
244 3
242 3
241 3
35 1
36 1
37 2
38 3
239 2
240 3
3 3
255 3
247 1
248 1
249 2
250 3
239 3
240 2
241 3
251 3
0 0
1 1
2 2
3 3
254 2
255 3
254 3
250 3
248 1
249 2
250 3
245 2
246 2
247 3
252 3
259 2
260 3
256 1
257 2
258 3
255 3
255 2
256 1
257 1
258 2
259 3
259 3
239 3
255 3
255 1
256 2
257 3
240 3
251 3
240 2
241 3
254 2
255 3
256 3
179 2
180 3
245 3
0 0
1 1
2 2
3 3
239 3
243 3
60 1
61 2
62 3
239 3
239 3
132 3
250 2
251 2
252 3
240 3
257 3
107 1
108 2
109 3
0 0
1 1
2 2
3 3
239 1
240 1
241 2
242 3
255 2
256 3
247 2
248 3
253 1
254 2
255 3
239 3
253 3
241 3
242 2
243 3
242 2
243 3
242 3
241 3
133 2
134 2
135 3
239 2
240 2
241 3
253 3
243 3
253 1
254 2
255 3
256 3
245 3
236 3
254 2
255 1
256 2
257 3
249 2
250 3
1 1
2 2
3 3
166 2
167 3
255 2
256 3
250 3
242 3
234 3
242 2
243 3
240 1
241 2
242 3
238 2
239 3
199 1
200 1
201 2
202 3
245 3
249 3
258 3
249 3
167 2
168 1
169 1
170 2
171 3
254 3
253 2
254 1
255 2
256 3
256 2
257 1
258 1
259 2
260 3
244 3
244 3
244 3
240 3
255 3
242 3
240 3
240 3
238 2
239 3
240 3
251 2
252 2
253 3
127 2
128 3
253 3
252 3
258 3
244 3
243 3
238 1
239 2
240 3
136 1
137 1
138 2
139 3
147 3
204 1
205 1
206 2
207 3
255 3
236 3
252 3
241 3
255 3
252 3
245 3
241 3
252 2
253 2
254 2
255 3
255 2
256 3
250 2
251 3
252 2
253 2
254 3
255 2
256 1
257 1
258 2
259 3
242 2
243 3
54 1
55 2
56 3
239 3
235 3
252 3
237 2
238 3
241 2
242 3
255 2
256 2
257 3
257 3
19 1
20 2
21 3
245 2
246 2
247 2
248 3
244 2
245 3
116 1
117 2
118 3
241 3
2 2
3 3
94 1
95 2
96 3
0 0
1 1
2 2
3 3
253 2
254 3
241 2
242 3
260 3
256 2
257 3
0 0
1 1
2 2
3 3
238 2
239 2
240 3
0 0
1 1
2 2
3 3
254 1
255 2
256 3
255 3
244 2
245 3
246 3
238 2
239 3
239 2
240 3
255 1
256 2
257 3
252 2
253 3
253 3
178 3
250 2
251 3
10 2
11 3
256 2
257 3
245 3
49 1
50 2
51 3
0 0
1 1
2 2
3 3
212 3
242 3
243 2
244 3
252 3
253 1
254 2
255 3
253 3
253 1
254 2
255 3
0 0
1 1
2 2
3 3
243 3
255 2
256 2
257 3
2 1
3 2
4 3
255 3
241 2
242 3
257 3
245 3
160 2
161 1
162 2
163 3
257 3
244 3
238 3
237 3
202 2
203 3
240 3
0 0
1 1
2 2
3 3
115 3
208 2
209 2
210 3
240 3
128 1
129 2
130 3
252 3
253 3
250 2
251 3
241 3
87 2
88 3
198 1
199 1
200 2
201 3
245 2
246 3
239 3
255 1
256 2
257 3
238 3
246 3
239 1
240 1
241 2
242 3
257 3
245 3
241 3
242 1
243 2
244 3
79 3
261 3
252 1
253 1
254 2
255 3
36 1
37 2
38 3
252 3
251 3
241 1
242 2
243 3
243 2
244 3
54 1
55 2
56 3
243 1
244 2
245 3
240 1
241 2
242 3
252 1
253 2
254 3
244 2
245 3
239 3
239 3
253 2
254 3
77 2
78 3
237 3
235 2
236 1
237 2
238 3
0 0
1 1
2 2
3 3
0 0
1 1
2 2
3 3
240 2
241 3
246 1
247 2
248 3
245 3
254 2
255 3
254 3
253 2
254 3
252 3
0 0
1 1
2 2
3 3
243 3
255 2
256 3
243 1
244 2
245 3
243 3
235 3
240 2
241 3
0 0
1 1
2 2
3 3
258 3
254 3
239 1
240 1
241 2
242 3
255 3
31 1
32 1
33 2
34 3
241 3
0 0
1 1
2 2
3 3
0 0
1 1
2 2
3 3
236 3
252 2
253 3
243 3
237 1
238 1
239 2
240 3
246 2
242 2
256 2
252 2
241 2
242 2
243 2
257 2
258 2
254 1
255 2
254 2
240 2
241 2
240 2
241 2
257 2
238 2
239 1
240 2
241 2
144 2
151 2
152 2
258 2
256 2
239 2
253 2
254 2
254 2
254 2
239 2
256 2
256 2
244 2
253 2
119 2
115 2
253 2
253 2
238 2
255 2
240 2
236 2
237 2
207 1
208 2
237 1
238 2
239 2
240 2
242 1
243 2
237 2
238 2
250 2
237 2
248 2
242 2
250 2
210 2
246 2
239 2
238 2
239 2
250 2
248 2
240 2
240 2
246 2
254 2
254 2
241 2
258 2
191 2
238 2
237 2
154 2
229 2
255 2
240 2
244 2
152 1
153 2
236 1
237 2
251 2
254 2
255 2
237 2
243 2
256 2
90 2
254 2
240 2
239 2
255 2
257 2
241 1
242 1
243 2
253 2
253 2
187 2
254 2
57 1
58 1
59 2
244 2
249 2
253 2
249 2
0 0
1 1
2 2
241 2
254 2
243 2
242 2
247 2
240 2
243 2
194 2
250 2
174 2
175 2
236 2
256 2
255 2
172 1
173 1
174 2
237 2
241 2
239 2
235 2
190 2
237 2
240 2
240 2
249 2
253 2
239 1
240 2
0 0
1 1
2 2
252 2
242 2
238 2
259 2
256 2
0 0
1 1
2 2
3 2
242 2
254 2
255 2
252 2
243 2
241 1
242 1
243 2
254 2
253 2
250 2
247 2
231 2
255 2
255 2
247 2
62 2
153 1
154 2
244 2
244 2
252 2
76 2
259 1
260 2
246 2
241 2
253 2
3 2
257 2
257 1
258 2
251 2
240 2
1 1
2 2
253 2
247 2
249 2
4 2
170 2
247 2
119 1
120 2
230 1
231 2
242 2
241 2
248 2
86 1
87 2
242 2
259 2
230 2
125 2
239 2
242 1
243 2
255 2
254 2
237 2
253 2
242 2
251 2
244 2
76 2
250 2
244 2
259 2
244 2
252 2
240 2
256 2
192 2
242 2
256 2
256 2
241 2
2 2
0 0
1 1
2 2
242 2
255 2
241 2
252 2
2 2
241 2
239 2
254 2
257 2
0 0
1 1
2 2
2 2
240 2
242 2
252 2
259 2
175 2
0 0
1 1
2 2
260 1
261 2
257 2
174 2
255 2
250 2
41 2
251 2
255 2
208 2
254 2
155 2
257 2
256 2
238 2
241 1
242 2
199 2
253 2
0 0
1 1
2 2
244 1
245 2
242 2
242 2
230 2
243 2
125 2
253 2
120 2
247 2
253 2
257 2
261 2
176 2
245 2
257 2
0 0
1 1
2 2
254 2
253 2
239 2
257 2
255 2
255 2
238 2
238 2
249 2
236 2
19 1
20 1
21 2
21 2
256 2
0 0
1 1
2 2
94 2
236 2
256 2
242 1
243 2
241 2
251 2
257 2
0 0
1 1
2 2
239 2
252 2
168 2
55 1
56 1
57 2
259 2
194 2
60 2
1 1
2 2
260 2
259 2
154 2
255 2
173 2
238 2
250 2
141 2
253 2
247 2
0 0
1 1
2 2
253 2
253 2
253 2
76 2
255 2
42 2
243 2
0 0
1 1
2 2
56 2
252 2
237 2
240 2
0 0
1 1
2 2
239 2
237 2
238 2
260 2
239 2
254 2
253 2
239 2
254 2
257 1
258 1
259 1
260 2
91 2
255 2
2 2
253 2
251 2
141 2
240 2
2 2
254 2
242 2
245 1
246 2
259 2
256 2
258 2
241 2
150 2
204 1
205 2
254 2
0 0
1 1
2 2
230 2
0 0
1 1
2 2
243 2
255 2
68 1
69 1
70 2
240 2
228 2
56 2
254 2
238 1
239 2
240 2
0 0
1 1
2 2
0 0
1 1
2 2
0 0
1 1
2 2
164 1
165 1
166 1
167 2
252 2
258 1
259 2
240 2
254 1
255 2
250 2
244 2
256 1
257 1
258 2
165 2
79 2
259 2
253 2
120 2
260 2
256 2
0 0
1 1
2 2
255 2
256 2
253 1
254 1
255 2
253 2
247 2
235 2
189 2
238 2
253 2
240 2
238 2
244 2
54 2
116 2
241 1
242 2
254 1
255 2
3 2
251 2
238 2
2 2
257 2
255 2
242 2
244 2
239 2
255 2
246 2
248 2
240 2
254 1
255 1
256 1
257 2
254 2
240 1
241 1
242 2
255 2
2 2
169 2
241 2
137 1
138 2
254 2
256 2
1 1
2 2
245 1
246 2
1 1
2 2
241 2
257 2
74 2
254 1
255 2
238 2
252 2
255 2
238 1
239 2
251 2
244 2
243 2
236 2
242 2
0 0
1 1
2 2
0 0
1 1
2 2
242 1
243 2
196 1
197 1
198 2
91 1
92 2
0 0
1 1
2 2
246 2
253 2
242 1
243 2
241 2
6 2
15 2
248 1
249 2
243 2
243 2
239 2
237 2
250 2
255 2
0 0
1 1
2 2
254 2
10 1
11 2
254 2
248 1
249 2
31 1
32 2
0 0
1 1
2 2
241 1
242 2
236 1
237 2
249 2
2 2
0 0
1 1
2 2
245 2
255 2
246 2
76 1
77 1
78 2
185 2
243 2
0 0
1 1
2 2
252 2
249 2
262 2
255 2
1 1
2 2
245 2
97 1
98 2
255 2
252 2
0 0
1 1
2 2
241 2
241 2
256 2
247 1
248 2
251 2
252 2
239 2
252 2
247 2
227 2
245 2
238 2
238 2
247 2
258 2
249 2
205 2
185 2
254 2
259 1
260 2
0 0
1 1
2 2
172 1
173 2
257 1
258 2
247 2
0 0
1 1
2 2
0 0
1 1
2 2
242 2
238 2
253 2
246 1
247 2
243 2
259 2
243 1
244 2
247 2
1 1
2 2
237 2
250 2
0 0
1 1
2 2
253 1
254 2
255 2
248 2
260 1
261 2
72 2
0 0
1 1
2 2
259 2
239 2
255 1
256 2
240 2
242 2
243 1
244 2
0 0
1 1
2 2
242 2
257 2
245 2
23 1
24 2
0 0
1 1
2 2
253 2
250 1
251 2
138 1
139 2
239 2
0 0
1 1
2 2
195 2
0 0
1 1
2 2
0 0
1 1
2 2
257 1
258 2
244 2
0 0
1 1
2 2
0 0
1 1
2 2
239 2
254 2
238 2
252 1
253 2
61 1
62 2
46 2
239 2
239 1
240 2
257 1
258 2
254 2
243 1
244 2
7 1
8 2
0 0
1 1
2 2
0 0
1 1
2 2
0 0
1 1
2 2
243 2
250 2
0 0
1 1
2 2
0 0
1 1
2 2
3 2
0 0
1 1
2 2
242 2
239 2
37 2
19 1
20 2
243 2
243 2
32 1
33 2
260 2
238 1
239 2
180 1
181 1
182 2
248 1
249 2
8 1
9 2
245 2
247 2
0 0
1 1
2 2
235 2
253 2
253 2
1 1
2 2
258 2
258 1
259 2
242 2
256 1
257 2
206 1
207 2
241 2
241 1
242 2
242 1
243 2
235 2
255 2
240 1
241 2
0 0
1 1
2 2
254 2
241 2
260 2
253 2
255 2
224 2
104 1
105 2
258 1
259 1
260 2
244 2
235 2
2 2
0 0
1 1
2 2
242 1
243 2
254 2
252 2
252 1
253 2
175 2
238 2
256 1
257 1
258 2
238 2
154 1
155 2
244 1
245 2
55 1
56 2
245 2
0 0
1 1
2 2
253 2
7 1
8 1
9 2
253 2
244 2
0 0
1 1
2 2
244 2
239 1
240 2
250 1
251 2
253 2
64 2
69 1
70 2
242 1
243 2
240 1
241 2
250 1
251 2
260 1
261 2
254 2
254 1
255 2
244 2
243 2
239 2
242 2
255 2
251 2
257 2
239 2
190 2
0 0
1 1
2 2
239 1
240 2
250 1
251 2
92 1
93 2
8 1
9 2
90 1
91 2
67 2
0 0
1 1
2 2
241 1
242 2
256 2
254 2
249 1
250 2
253 2
243 2
241 2
243 1
244 2
0 0
1 1
2 2
245 2
240 2
0 0
1 1
2 2
0 0
1 1
2 2
252 1
253 2
250 2
0 0
1 1
2 2
228 2
239 2
253 2
128 1
129 2
259 2
242 2
240 2
238 2
247 1
248 2
0 0
1 1
2 2
240 2
256 1
257 2
0 0
1 1
2 2
253 2
240 1
241 2
158 2
256 2
256 1
257 2
254 2
137 2
250 2
244 2
258 2
1 1
2 2
257 2
240 1
241 2
247 2
0 0
1 1
2 2
247 2
254 2
250 2
20 2
0 0
1 1
2 2
254 1
255 2
8 2
251 1
252 2
241 2
255 2
244 2
258 2
256 2
239 2
134 2
0 0
1 1
2 2
242 2
255 2
88 2
35 2
165 2
0 0
1 1
2 2
252 1
253 2
251 2
252 2
250 1
251 2
0 0
1 1
2 2
135 1
136 2
239 1
240 2
255 2
243 1
244 2
22 1
23 2
0 0
1 1
2 2
250 1
251 2
239 2
0 0
1 1
2 2
0 0
1 1
2 2
0 0
1 1
2 2
238 1
239 2
0 0
1 1
2 2
240 2
239 2
0 0
1 1
2 2
0 0
1 1
2 2
108 1
109 2
0 0
1 1
2 2
253 2
240 2
133 2
254 2
241 2
115 1
116 2
245 2
0 0
1 1
2 2
116 2
230 1
231 2
241 2
242 1
243 2
113 1
114 2
0 0
1 1
2 2
0 0
1 1
2 2
245 1
246 2
0 0
1 1
2 2
242 2
256 2
242 1
243 2
255 2
255 2
2 1
3 2
241 2
250 2
241 2
239 1
240 2
257 2
255 2
253 2
237 1
238 2
145 1
146 2
0 0
1 1
2 2
91 2
256 2
0 0
1 1
2 2
91 1
92 2
213 2
0 0
1 1
2 2
127 2
243 2
248 1
249 1
250 2
118 1
119 1
120 2
245 1
246 2
1 1
2 2
258 2
244 2
254 2
252 2
257 2
241 1
242 2
211 1
212 2
255 2
255 2
0 0
1 1
2 2
55 1
56 2
247 1
248 2
0 0
1 1
2 2
243 1
244 2
0 0
1 1
2 2
251 2
239 2
241 1
242 2
113 1
114 2
253 1
254 1
255 2
0 0
1 1
2 2
239 1
240 1
241 2
0 0
1 1
2 2
210 2
239 1
240 2
255 2
0 0
1 1
2 2
212 2
0 0
1 1
2 2
1 1
2 2
0 0
1 1
2 2
0 0
1 1
2 2
251 1
252 2
0 0
1 1
2 2
246 2
0 0
1 1
2 2
240 2
0 0
1 1
2 2
0 0
1 1
2 2
251 2
238 2
245 1
246 2
235 1
236 2
250 1
251 2
253 2
240 1
241 2
239 2
193 1
194 2
228 1
229 2
252 2
0 0
1 1
2 2
250 2
83 1
84 2
244 1
245 2
1 1
2 2
253 1
254 2
0 0
1 1
2 2
255 2
33 1
34 2
237 2
255 1
256 1
257 2
208 1
209 2
188 2
256 2
157 2
254 2
250 2
257 2
50 2
254 2
253 2
258 1
259 2
2 1
3 2
258 2
242 1
243 2
254 2
252 1
253 2
58 1
59 2
240 2
258 2
0 0
1 1
2 2
247 1
248 2
0 0
1 1
2 2
0 0
1 1
2 2
248 2
239 1
240 2
255 2
254 1
255 2
256 1
1 1
257 1
254 1
255 1
197 1
198 1
248 1
249 1
63 1
242 1
130 1
240 1
92 1
242 1
184 1
0 0
1 1
66 1
245 1
145 1
249 1
253 1
185 1
22 1
237 1
243 1
250 1
244 1
255 1
2 1
256 1
211 1
255 1
244 1
241 1
91 1
1 1
251 1
255 1
235 1
252 1
235 1
208 1
108 1
245 1
257 1
114 1
245 1
239 1
0 0
1 1
252 1
236 1
67 1
257 1
1 1
241 1
23 1
237 1
254 1
240 1
246 1
259 1
240 1
58 1
1 1
210 1
244 1
1 1
87 1
199 1
250 1
254 1
256 1
22 1
250 1
0 0
1 1
253 1
61 1
250 1
254 1
238 1
63 1
253 1
176 1
253 1
2 1
64 1
237 1
39 1
256 1
0 0
1 1
257 1
0 0
1 1
243 1
0 0
1 1
243 1
255 1
254 1
186 1
238 1
242 1
51 1
131 1
153 1
243 1
0 0
1 1
129 1
257 1
254 1
0 0
1 1
0 0
1 1
257 1
0 0
1 1
248 1
89 1
82 1
252 1
255 1
252 1
250 1
0 0
1 1
239 1
240 1
240 1
0 0
1 1
256 1
3 1
93 1
241 1
229 1
251 1
240 1
166 1
0 0
1 1
0 0
1 1
251 1
241 1
238 1
3 1
66 1
22 1
4 1
172 1
218 1
82 1
253 1
0 0
1 1
255 1
238 1
20 1
30 1
248 1
5 1
257 1
256 1
244 1
0 0
1 1
162 1
70 1
160 1
119 1
199 1
208 1
245 1
255 1
184 1
164 1
257 1
240 1
58 1
213 1
237 1
255 1
1 1
208 1
92 1
2 1
19 1
1 1
1 1
0 0
1 1
240 1
253 1
173 1
241 1
119 1
251 1
139 1
149 1
0 0
1 1
1 1
245 1
0 0
1 1
240 1
250 1
0 0
1 1
249 1
0 0
1 1
241 1
253 1
185 1
236 1
240 1
0 0
1 1
238 1
0 0
1 1
253 1
1 1
131 1
0 0
1 1
1 1
1 1
1 1
1 1
0 0
1 1
0 0
1 1
206 1
0 0
1 1
258 1
254 1
126 1
66 1
240 1
0 0
1 1
262 1
1 1
2 1
22 1
246 1
237 1
0 0
1 1
0 0
1 1
0 0
1 1
245 1
258 1
0 0
1 1
240 1
1 1
0 0
1 1
0 0
1 1
258 1
242 1
0 0
1 1
0 0
1 1
246 1
251 1
244 1
256 1
0 0
1 1
0 0
1 1
0 0
1 1
252 1
228 1
156 1
199 1
0 0
1 1
28 1
245 1
86 1
145 1
239 1
252 1
70 1
96 1
131 1
253 1
16 1
240 1
0 0
1 1
255 1
238 1
241 1
1 1
253 1
240 1
0 0
1 1
240 1
236 1
240 1
86 1
1 1
38 1
244 1
255 1
243 1
240 1
120 1
1 1
241 1
242 1
0 0
1 1
174 1
255 1
234 1
2 1
255 1
0 0
1 1
257 1
1 1
244 1
0 0
1 1
115 1
255 1
251 1
239 1
252 1
0 0
1 1
1 1
256 1
165 1
1 1
0 0
1 1
112 1
146 1
237 1
93 1
0 0
1 1
255 1
31 1
46 1
253 1
0 0
1 1
37 1
114 1
0 0
1 1
45 1
1 1
0 0
1 1
254 1
256 1
103 1
249 1
139 1
239 1
252 1
256 1
0 0
1 1
236 1
20 1
242 1
1 1
1 1
0 0
1 1
8 1
0 0
1 1
142 1
0 0
1 1
0 0
1 1
151 1
252 1
242 1
256 1
0 0
1 1
253 1
114 1
48 1
59 1
245 1
0 0
1 1
244 1
1 1
23 1
4 1
37 1
254 1
0 0
1 1
241 1
238 1
0 0
1 1
243 1
0 0
1 1
61 1
0 0
1 1
158 1
92 1
247 1
252 1
253 1
0 0
1 1
181 1
1 1
56 1
246 1
0 0
1 1
243 1
244 1
1 1
252 1
236 1
0 0
1 1
47 1
168 1
223 1
241 1
0 0
1 1
153 1
63 1
0 0
1 1
242 1
129 1
1 1
177 1
64 1
0 0
1 1
239 1
251 1
237 1
256 1
253 1
0 0
1 1
96 1
158 1
0 0
1 1
256 1
0 0
1 1
241 1
16 1
242 1
0 0
1 1
0 0
1 1
0 0
1 1
243 1
1 1
93 1
259 1
242 1
0 0
1 1
245 1
257 1
235 1
243 1
252 1
250 1
1 1
1 1
0 0
1 1
119 1
0 0
1 1
22 1
19 1
208 1
237 1
259 1
1 1
2 1
252 1
260 1
109 1
19 1
243 1
1 1
99 1
241 1
241 1
171 1
255 1
171 1
99 1
1 1
1 1
251 1
185 1
259 1
0 0
1 1
1 1
252 1
235 1
0 0
1 1
0 0
1 1
238 1
239 1
0 0
1 1
19 1
257 1
239 1
252 1
121 1
139 1
257 1
0 0
1 1
242 1
0 0
1 1
243 1
182 1
237 1
242 1
29 1
1 1
240 1
91 1
165 1
2 1
0 0
1 1
1 1
1 1
235 1
249 1
242 1
82 1
212 1
1 1
0 0
1 1
40 1
232 1
236 1
11 1
0 0
1 1
1 1
26 1
0 0
1 1
252 1
241 1
0 0
1 1
256 1
80 1
0 0
1 1
111 1
251 1
93 1
191 1
0 0
1 1
0 0
1 1
238 1
1 1
160 1
253 1
229 1
238 1
209 1
0 0
1 1
253 1
237 1
1 1
1 1
253 1
186 1
0 0
1 1
0 0
1 1
85 1
77 1
253 1
0 0
1 1
240 1
240 1
243 1
1 1
0 0
1 1
133 1
257 1
238 1
68 1
1 1
253 1
241 1
245 1
168 1
251 1
238 1
1 1
0 0
1 1
1 1
20 1
252 1
258 1
1 1
254 1
238 1
250 1
1 1
136 1
1 1
1 1
243 1
1 1
240 1
241 1
240 1
94 1
244 1
1 1
258 1
246 1
0 0
1 1
91 1
59 1
0 0
1 1
243 1
1 1
251 1
2 1
252 1
1 1
252 1
0 0
1 1
255 1
255 1
45 1
242 1
255 1
0 0
1 1
56 1
0 0
1 1
242 1
210 1
177 1
252 1
253 1
257 1
238 1
246 1
42 1
237 1
256 1
251 1
240 1
254 1
0 0
1 1
252 1
251 1
241 1
239 1
0 0
1 1
0 0
1 1
243 1
1 1
165 1
0 0
1 1
139 1
260 1
249 1
242 1
209 1
242 1
0 0
1 1
24 1
0 0
1 1
257 1
238 1
252 1
0 0
1 1
260 1
157 1
255 1
242 1
139 1
0 0
1 1
134 1
254 1
63 1
165 1
19 1
1 1
16 1
237 1
1 1
232 1
240 1
30 1
245 1
0 0
1 1
252 1
0 0
1 1
237 1
1 1
1 1
250 1
0 0
1 1
255 1
241 1
0 0
1 1
1 1
240 1
0 0
1 1
45 1
0 0
1 1
0 0
1 1
235 1
0 0
1 1
241 1
1 1
256 1
261 1
229 1
247 1
0 0
1 1
0 0
1 1
206 1
240 1
115 1
1 1
246 1
240 1
252 1
252 1
241 1
0 0
1 1
0 0
1 1
242 1
171 1
0 0
1 1
251 1
19 1
245 1
197 1
117 1
0 0
1 1
240 1
248 1
1 1
210 1
257 1
0 0
1 1
240 1
254 1
258 1
0 0
1 1
0 0
1 1
1 1
2 1
1 1
252 1
114 1
231 1
244 1
0 0
1 1
248 1
240 1
114 1
254 1
258 1
242 1
102 1
0 0
1 1
254 1
230 1
1 1
58 1
0 0
1 1
0 0
1 1
0 0
1 1
255 1
0 0
1 1
239 1
240 1
228 1
0 0
1 1
243 1
0 0
1 1
254 1
0 0
1 1
243 1
242 1
1 1
1 1
0 0
1 1
131 1
255 1
74 1
0 0
1 1
0 0
1 1
245 1
251 1
1 1
257 1
1 1
234 1
133 1
208 1
83 1
0 0
1 1
244 1
241 1
2 1
245 1
253 1
5 1
1 1
85 1
179 1
1 1
260 1
0 0
1 1
251 1
59 1
243 1
171 1
241 1
70 1
0 0
1 1
211 1
252 1
96 1
1 1
239 1
1 1
0 0
1 1
2 1
0 0
1 1
252 1
1 1
0 0
1 1
250 1
241 1
239 1
0 0
1 1
0 0
1 1
242 1
1 1
91 1
0 0
1 1
11 1
235 1
241 1
0 0
1 1
0 0
1 1
0 0
1 1
1 1
1 1
197 1
251 1
243 1
190 1
0 0
1 1
249 1
1 1
76 1
77 1
0 0
1 1
257 1
0 0
1 1
114 1
249 1
0 0
1 1
253 1
28 1
256 1
250 1
107 1
244 1
241 1
251 1
185 1
29 1
0 0
1 1
237 1
242 1
247 1
243 1
253 1
237 1
0 0
1 1
0 0
1 1
251 1
240 1
242 1
1 1
245 1
0 0
1 1
0 0
1 1
242 1
0 0
1 1
258 1
1 1
239 1
0 0
1 1
0 0
1 1
0 0
1 1
0 0
1 1
0 0
1 1
252 1
0 0
1 1
1 1
133 1
0 0
1 1
0 0
1 1
1 1
238 1
1 1
256 1
1 1
252 1
0 0
1 1
239 1
1 1
2 1
139 1
1 1
0 0
1 1
61 1
4 1
0 0
1 1
248 1
0 0
1 1
0 0
1 1
241 1
0 0
1 1
241 1
243 1
0 0
1 1
157 1
255 1
254 1
0 0
1 1
0 0
1 1
1 1
0 0
1 1
215 1
0 0
1 1
1 1
240 1
252 1
256 1
0 0
1 1
88 1
131 1
0 0
1 1
241 1
1 1
30 1
0 0
1 1
37 1
254 1
0 0
1 1
206 1
0 0
1 1
0 0
1 1
241 1
251 1
242 1
248 1
249 1
256 1
243 1
0 0
1 1
244 1
200 1
206 1
232 1
0 0
1 1
130 1
1 1
39 1
1 1
251 1
0 0
1 1
0 0
1 1
242 1
26 1
255 1
0 0
1 1
257 1
248 1
37 1
253 1
255 1
242 1
0 0
1 1
254 1
256 1
239 1
209 1
1 1
239 1
243 1
1 1
237 1
143 1
0 0
1 1
1 1
256 1
247 1
251 1
246 1
0 0
1 1
0 0
1 1
253 1
256 1
238 1
256 1
253 1
0 0
1 1
1 1
0 0
1 1
239 1
253 1
63 1
248 1
0 0
1 1
0 0
1 1
2 1
252 1
0 0
1 1
240 1
253 1
149 1
0 0
1 1
1 1
63 1
253 1
1 1
241 1
68 1
23 1
26 1
0 0
1 1
252 1
0 0
1 1
249 1
237 1
97 1
119 1
0 0
1 1
1 1
38 1
11 1
239 1
1 1
0 0
1 1
258 1
45 1
0 0
1 1
243 1
249 1
1 1
0 0
1 1
219 1
250 1
88 1
250 1
213 1
1 1
114 1
251 1
0 0
1 1
220 1
240 1
1 1
0 0
1 1
257 1
1 1
255 1
2 1
240 1
231 1
240 1
0 0
1 1
181 1
155 1
0 0
1 1
1 1
236 1
0 0
1 1
1 1
250 1
152 1
26 1
254 1
243 1
64 1
243 1
27 1
0 0
1 1
0 0
1 1
164 1
1 1
245 1
242 1
0 0
1 1
156 1
26 1
257 1
240 1
246 1
186 1
0 0
1 1
0 0
1 1
255 1
1 1
0 0
1 1
77 1
244 1
253 1
0 0
1 1
241 1
1 1
62 1
22 1
0 0
1 1
1 1
247 1
261 1
245 1
205 1
238 1
0 0
1 1
251 1
133 1
240 1
0 0
1 1
