1 493
1 492
1 465
1 463
1 463
1 448
1 444
1 437
1 428
1 401
1 390
2 391
1 388
2 387
1 369
1 367
1 367
1 366
1 364
1 364
1 362
2 356
1 354
3 353
4 353
1 351
1 342
1 337
1 337
1 334
1 330
2 327
1 322
2 323
3 324
4 325
1 319
2 319
3 320
4 321
1 320
1 319
1 316
1 315
1 314
1 311
2 310
3 311
1 306
1 302
1 300
2 301
1 296
1 291
2 289
1 289
2 286
1 284
1 283
2 281
2 281
2 280
1 278
1 270
2 270
2 270
1 267
1 263
2 262
3 261
4 262
2 259
1 258
1 251
2 250
2 248
2 243
2 243
1 238
2 233
2 233
2 232
2 230
2 229
2 227
3 224
2 223
2 222
1 218
5 211
2 210
2 210
2 209
2 209
2 208
3 207
2 207
2 201
6 198
2 197
2 197
3 196
2 195
2 189
5 189
3 189
3 188
3 188
2 188
2 188
5 187
2 187
6 186
5 184
6 185
3 182
2 181
2 181
2 179
2 178
2 178
2 177
3 177
4 177
2 177
2 177
4 176
2 174
2 172
2 171
2 171
3 170
3 169
5 166
6 167
2 167
2 163
3 164
4 165
5 166
3 166
2 166
2 165
2 165
2 164
3 163
5 162
2 162
4 160
5 161
2 159
2 158
2 158
3 158
3 157
3 156
7 156
2 155
3 153
2 153
3 150
3 150
2 149
3 149
2 146
4 146
3 146
2 143
3 143
2 142
3 141
3 141
3 141
4 140
5 140
3 140
2 140
2 139
3 139
5 136
6 137
7 136
8 135
9 136
10 137
11 138
6 137
7 135
8 136
9 137
3 137
3 137
3 136
3 136
2 134
5 133
3 132
3 128
4 129
5 130
6 131
3 131
2 131
4 129
5 130
6 131
2 130
6 129
2 129
6 128
3 128
3 126
2 126
3 126
3 119
4 120
5 120
6 121
7 122
8 123
9 124
10 125
3 125
3 124
3 124
2 124
2 124
3 123
2 121
3 121
3 120
2 120
2 120
3 120
3 119
3 119
3 119
3 118
3 117
3 117
3 116
3 116
3 114
3 114
6 114
2 114
3 114
4 110
5 111
6 112
7 113
3 113
3 112
3 111
4 112
4 112
3 112
4 112
7 111
3 111
11 110
3 110
7 110
3 110
3 110
4 109
3 109
3 109
3 109
2 109
3 108
3 108
3 108
5 108
7 107
3 107
3 106
3 106
6 106
3 105
4 105
4 105
3 104
4 104
4 103
3 103
3 102
4 102
6 101
4 101
3 100
5 99
5 98
4 97
5 98
4 98
4 98
3 98
6 98
3 97
4 97
5 97
3 97
4 96
7 96
3 96
3 96
3 95
3 95
4 95
3 95
4 94
4 94
4 94
4 93
7 84
8 84
9 84
10 85
11 86
12 87
13 88
14 89
15 90
16 91
17 92
18 93
3 93
2 92
4 92
3 92
3 92
8 91
4 91
3 91
3 91
4 90
3 90
6 89
12 84
13 85
14 86
15 87
16 88
17 89
4 89
4 89
12 89
7 85
8 86
9 87
10 88
3 88
3 88
4 88
3 87
4 87
3 86
4 87
5 87
3 87
4 86
5 87
7 86
3 86
6 86
3 86
3 86
8 85
2 85
8 85
3 85
3 84
10 84
5 84
4 84
4 83
8 83
3 83
3 83
4 81
5 82
6 83
2 82
4 82
3 82
2 82
4 82
4 82
3 82
5 81
3 81
4 80
4 80
4 69
5 70
6 71
7 72
8 73
9 74
10 75
11 76
12 77
13 78
14 79
4 79
4 79
3 79
3 78
4 79
4 78
3 78
4 78
7 78
3 78
3 77
3 77
4 77
4 77
19 75
20 72
21 72
22 73
23 74
24 75
25 74
26 75
27 76
5 76
1 76
3 76
4 76
5 76
4 76
4 75
4 75
4 75
3 75
7 75
3 75
9 75
4 75
3 75
7 75
4 75
5 74
4 74
3 74
9 58
10 59
11 60
12 61
13 62
14 63
15 64
16 65
17 66
18 67
19 68
20 69
21 70
22 71
23 72
24 73
7 73
4 72
5 73
7 73
8 72
6 72
5 72
4 72
3 72
4 72
4 72
3 72
4 72
4 72
3 72
4 71
3 71
4 71
4 70
5 71
4 71
7 71
3 71
9 70
7 70
3 70
3 70
4 70
4 70
4 70
8 69
18 69
4 69
3 69
1 69
4 69
4 69
7 69
6 69
3 69
3 69
5 68
4 67
5 68
4 65
5 66
6 67
7 68
3 68
4 68
6 68
3 67
3 67
5 66
12 66
13 66
10 66
4 66
4 66
7 66
4 66
4 66
6 66
8 66
4 65
8 54
9 53
10 54
11 55
12 56
13 57
14 58
15 59
16 60
17 61
18 62
19 63
20 64
21 65
4 65
4 65
7 65
4 65
6 65
4 65
4 65
6 63
7 64
3 64
3 64
5 64
4 64
5 64
5 64
7 63
5 63
8 63
4 63
4 63
4 63
4 62
5 62
4 62
2 62
4 62
5 61
4 61
10 61
4 61
3 61
5 61
5 61
5 61
9 60
5 60
5 60
7 60
5 60
3 60
4 60
4 60
3 60
7 60
4 60
6 58
7 59
4 59
5 59
7 59
5 58
6 58
5 58
5 58
4 57
5 58
4 58
5 58
4 58
4 58
4 58
4 58
4 58
8 57
11 57
5 57
28 56
29 56
30 56
31 57
5 57
4 57
4 57
4 57
3 57
6 56
12 53
13 54
14 55
15 56
5 56
6 56
5 56
7 56
3 56
4 56
4 55
25 53
26 54
27 48
28 49
29 50
30 51
31 52
32 53
33 54
34 55
5 42
6 42
7 42
8 42
9 43
10 44
11 45
12 46
13 47
14 48
15 49
16 50
17 51
18 52
19 53
20 54
21 55
5 55
28 55
4 55
5 53
6 54
7 55
11 52
12 53
13 54
14 55
5 55
8 55
5 55
5 55
4 55
3 55
4 55
4 55
8 55
8 54
6 54
4 54
8 54
4 54
4 54
5 54
5 54
9 54
4 54
7 51
8 52
9 53
19 38
20 39
21 40
22 41
23 42
24 26
25 27
26 28
27 29
28 30
29 31
30 32
31 33
32 34
33 35
34 36
35 37
36 38
37 34
38 35
39 36
40 37
41 38
42 39
43 40
44 41
45 42
46 43
47 44
48 45
49 46
50 47
51 48
52 49
53 50
54 51
55 52
56 53
22 53
15 53
5 53
3 53
4 53
8 53
4 53
4 53
5 53
9 51
10 49
11 50
12 51
13 52
10 49
11 46
12 47
13 46
14 47
15 45
16 46
17 47
18 48
19 49
20 50
21 51
22 52
6 52
5 52
4 52
4 52
8 52
5 52
3 52
11 52
5 52
3 52
5 52
25 48
26 45
27 46
28 47
29 48
30 49
31 50
32 51
9 40
10 27
11 28
12 29
13 30
14 31
15 32
16 33
17 34
18 35
19 36
20 37
21 38
22 39
23 40
24 35
25 35
26 35
27 36
28 37
29 34
30 35
31 36
32 37
33 38
34 39
35 40
36 41
37 42
38 43
39 44
40 45
41 46
42 47
43 48
44 49
45 50
46 51
4 51
8 51
7 51
3 51
2 51
4 51
5 51
4 51
5 51
5 51
23 49
24 50
13 50
19 50
7 50
5 50
4 50
4 50
4 50
3 50
3 50
5 50
8 49
11 42
12 43
13 44
14 45
15 46
16 47
17 48
18 49
14 49
6 49
8 49
5 49
4 49
4 49
6 49
4 49
3 49
5 49
4 49
11 49
5 49
4 49
6 49
4 49
5 48
22 32
23 23
24 24
25 23
26 24
27 25
28 26
29 26
30 27
31 28
32 29
33 30
34 31
35 32
36 33
37 34
38 35
39 36
40 37
41 38
42 39
43 40
44 41
45 42
46 43
47 44
48 45
49 46
50 47
51 48
6 46
7 47
8 48
6 48
4 48
4 48
4 48
4 48
5 48
4 47
18 47
5 47
3 47
9 47
4 47
7 47
16 42
17 43
18 44
19 45
20 46
19 36
20 32
21 30
22 31
23 31
24 32
25 33
26 33
27 34
28 35
29 36
30 37
31 38
32 39
33 40
34 41
35 42
36 43
37 44
38 45
39 46
23 41
24 42
25 42
26 43
27 44
28 45
29 46
6 46
33 40
34 41
35 42
36 43
37 44
38 45
39 46
5 45
6 46
4 46
8 46
6 46
4 46
4 46
4 46
4 46
5 46
3 46
4 46
5 46
5 46
4 46
7 46
4 46
4 46
4 46
32 45
8 44
9 45
20 45
22 43
23 41
24 41
25 42
26 43
27 44
28 45
19 45
33 37
34 38
35 39
36 40
37 41
38 42
39 43
40 44
41 45
5 45
7 45
6 45
5 45
5 45
4 45
5 45
4 45
4 45
6 45
4 45
4 45
21 33
22 33
23 34
24 35
25 36
26 37
27 38
28 39
29 40
30 41
31 42
32 43
33 44
4 42
5 43
6 44
34 43
35 44
8 42
9 43
10 42
11 43
12 44
6 44
8 44
9 44
4 44
4 44
7 44
3 44
4 44
8 44
3 44
4 44
4 44
4 44
4 44
4 44
6 44
7 44
4 44
6 44
6 43
6 43
29 43
7 43
23 43
4 43
22 43
8 43
3 43
4 43
4 43
4 43
6 43
5 43
5 43
7 43
5 43
9 43
4 43
6 43
4 43
4 43
4 43
5 42
11 42
8 42
24 42
34 42
25 42
33 42
6 22
7 18
8 17
9 18
10 19
11 20
12 21
13 21
14 22
15 23
16 24
17 25
18 26
19 27
20 28
21 29
22 30
23 31
24 32
25 33
26 34
27 35
28 36
29 37
30 38
31 39
32 40
33 39
34 40
35 41
36 42
5 42
4 42
4 42
5 42
5 42
5 42
15 42
8 42
7 42
13 42
5 42
5 42
4 42
4 42
29 41
7 24
8 25
9 26
10 17
11 14
12 15
13 16
14 17
15 18
16 19
17 20
18 21
19 22
20 23
21 24
22 25
23 26
24 27
25 28
26 29
27 30
28 31
29 32
30 33
31 33
32 34
33 35
34 36
35 37
36 38
37 39
38 40
39 41
30 41
8 40
9 41
5 41
5 41
5 41
6 40
7 41
5 41
6 41
4 41
8 41
4 41
6 41
5 41
5 41
6 41
4 41
5 41
3 41
6 41
5 41
5 41
3 41
7 39
8 40
1 40
25 40
21 40
22 40
10 37
11 27
12 28
13 29
14 30
15 31
16 32
17 33
18 34
19 35
20 36
21 37
22 38
23 39
24 40
6 40
5 40
4 39
5 40
4 40
6 40
4 40
5 40
5 40
9 40
5 40
4 40
6 40
5 40
5 40
7 40
6 40
2 40
6 39
21 37
22 37
23 38
24 36
25 37
26 38
27 38
28 39
7 39
4 37
5 37
6 38
7 39
33 39
34 39
7 38
8 37
9 26
10 26
11 27
12 28
13 29
14 30
15 31
16 32
17 33
18 34
19 35
20 36
21 37
22 38
23 39
7 39
4 39
6 39
8 38
9 39
6 39
5 39
5 38
6 39
4 39
5 39
6 39
4 39
5 39
4 39
4 39
4 39
4 38
5 38
5 38
8 38
15 37
16 37
17 38
9 36
10 37
11 38
9 38
7 33
8 31
9 30
10 31
11 32
12 33
13 34
14 35
15 36
16 37
17 38
6 37
7 26
8 27
9 28
10 28
11 29
12 30
13 31
14 32
15 33
16 34
17 35
18 36
19 37
20 38
4 38
5 38
5 38
5 38
7 38
5 38
4 38
5 36
6 37
7 38
4 38
6 38
11 38
5 38
5 38
6 38
8 38
5 38
5 38
6 37
4 37
6 37
26 37
6 37
6 24
7 25
8 26
9 10
10 7
11 8
12 9
13 10
14 11
15 12
16 13
17 14
18 15
19 16
20 17
21 18
22 19
23 20
24 21
25 22
26 23
27 24
28 25
29 26
30 27
31 28
32 29
33 30
34 31
35 32
36 33
37 34
38 35
39 35
40 36
41 35
42 36
43 37
10 31
11 32
12 33
13 34
14 35
15 36
16 37
5 37
4 37
4 37
5 37
5 37
5 37
5 37
5 37
4 37
5 37
5 37
8 37
4 37
6 36
6 36
9 36
7 34
8 35
9 36
39 36
10 35
11 36
12 22
13 19
14 17
15 16
16 17
17 18
18 19
19 20
20 21
21 22
22 23
23 24
24 25
25 26
26 27
27 28
28 29
29 30
30 31
31 32
32 33
33 34
34 35
35 36
8 36
4 36
9 36
4 36
5 36
5 36
5 36
8 36
4 36
5 36
5 36
9 35
9 35
14 35
13 35
4 35
5 34
6 35
9 35
32 35
32 35
15 34
16 31
17 8
18 9
19 10
20 11
21 12
22 13
23 14
24 15
25 16
26 17
27 18
28 19
29 20
30 21
31 22
32 23
33 24
34 25
35 26
36 27
37 28
38 29
39 30
40 30
41 30
42 31
43 32
44 33
45 34
46 35
15 32
16 31
17 32
18 33
19 34
20 35
9 33
10 27
11 28
12 22
13 20
14 21
15 20
16 20
17 20
18 20
19 21
20 21
21 22
22 23
23 24
24 25
25 26
26 27
27 28
28 29
29 30
30 31
31 32
32 33
33 34
34 35
32 35
46 34
47 34
48 35
5 35
5 35
5 35
5 35
5 35
8 35
10 35
5 35
4 35
8 35
4 34
5 35
1 35
4 35
4 35
5 35
6 35
5 35
8 35
6 34
7 35
5 35
25 34
2 34
29 34
9 33
10 34
7 34
14 34
29 32
30 33
31 34
6 34
9 34
6 34
15 34
6 34
7 34
4 34
5 34
5 34
5 34
5 34
5 34
5 34
5 34
6 34
6 34
6 34
5 34
5 34
4 34
4 34
4 34
5 34
9 34
8 34
8 34
5 34
5 34
5 34
6 33
19 32
20 33
31 33
30 33
8 33
4 33
5 33
21 32
22 33
47 33
30 33
5 33
7 31
8 32
9 33
32 33
25 33
24 26
25 27
26 28
27 29
28 30
29 31
30 32
31 33
8 33
12 33
10 33
4 33
5 33
5 33
10 33
8 33
5 33
6 33
6 33
6 33
4 33
5 33
5 33
3 33
5 32
10 32
6 32
10 32
9 31
10 32
4 32
29 32
30 32
5 31
6 32
5 32
7 31
8 32
8 32
16 32
9 32
5 32
5 32
7 32
6 32
1 32
3 32
5 32
4 32
6 32
5 32
7 32
4 32
5 32
6 32
8 32
7 31
8 32
5 32
6 32
6 32
7 31
40 28
41 29
42 30
43 31
5 31
10 31
7 31
2 31
37 25
38 24
39 24
40 25
41 26
42 27
43 28
44 29
45 29
46 30
47 31
28 31
29 31
11 31
24 27
25 27
26 28
27 29
28 30
29 23
30 23
31 24
32 25
33 26
34 27
35 28
36 29
37 30
38 31
8 17
9 18
10 5
11 6
12 7
13 8
14 9
15 10
16 11
17 12
18 13
19 14
20 15
21 16
22 17
23 18
24 19
25 20
26 21
27 22
28 23
29 24
30 25
31 26
32 27
33 28
34 29
35 30
36 31
7 28
8 29
9 30
10 31
2 31
6 31
5 31
4 31
5 31
5 31
5 31
5 31
6 31
5 31
4 31
4 31
6 31
3 31
10 31
3 31
5 31
5 31
9 30
19 30
11 30
9 30
13 30
5 30
6 30
14 30
10 27
11 27
12 28
13 29
14 30
7 30
5 30
44 30
5 30
30 30
9 30
6 30
27 30
24 30
7 21
8 16
9 13
10 12
11 13
12 14
13 15
14 16
15 17
16 18
17 19
18 20
19 21
20 22
21 23
22 24
23 25
24 26
25 27
26 28
27 29
28 30
33 30
8 30
5 30
3 30
6 30
4 30
5 30
4 30
4 30
4 30
4 30
5 30
6 30
6 30
5 30
5 30
5 30
4 30
6 30
4 30
5 30
5 30
9 29
9 29
6 28
7 29
12 29
6 29
4 29
4 29
30 29
9 29
28 29
31 29
23 29
6 29
4 29
6 29
31 29
6 24
7 25
8 26
9 27
10 28
11 29
7 29
5 29
7 17
8 6
9 7
10 8
11 9
12 10
13 11
14 12
15 13
16 14
17 15
18 16
19 17
20 18
21 19
22 20
23 21
24 22
25 23
26 24
27 25
28 26
29 27
30 28
31 29
8 29
6 18
7 13
8 10
9 11
10 12
11 13
12 14
13 15
14 16
15 17
16 18
17 19
18 20
19 21
20 22
21 23
22 24
23 25
24 26
25 27
26 28
27 29
5 29
7 28
8 29
4 29
6 29
3 29
5 29
5 29
6 26
7 27
8 28
9 28
10 28
11 29
12 29
5 28
6 29
10 29
5 29
5 29
4 29
5 29
7 29
5 29
6 29
7 29
4 29
10 29
5 29
5 29
9 29
6 28
7 28
12 28
8 28
7 28
6 28
10 26
11 26
12 26
13 27
14 28
10 28
11 28
4 28
5 28
6 28
9 28
45 28
5 28
15 28
4 28
48 28
6 28
17 26
18 26
19 27
20 18
21 19
22 20
23 21
24 22
25 23
26 24
27 25
28 26
29 27
30 28
7 27
8 22
9 19
10 19
11 20
12 21
13 22
14 23
15 24
16 25
17 26
18 27
19 28
6 28
15 25
16 26
17 27
18 28
44 26
45 27
46 26
47 27
48 28
4 28
10 22
11 21
12 22
13 23
14 24
15 25
16 26
17 27
18 28
11 28
5 28
6 28
7 27
8 28
5 28
3 28
4 28
6 28
5 28
4 28
4 28
6 28
5 28
7 28
12 28
5 28
5 26
6 26
7 27
8 28
16 28
4 28
6 28
6 28
4 28
9 28
7 27
5 27
5 27
6 27
15 27
11 27
6 27
12 27
7 27
5 27
7 26
8 27
9 27
30 27
7 27
7 27
7 27
5 27
6 27
6 27
6 26
7 27
8 27
6 27
32 27
6 27
16 27
7 27
26 26
27 27
46 27
3 27
2 27
7 24
8 25
9 26
10 27
7 27
8 21
9 18
10 18
11 18
12 19
13 20
14 21
15 22
16 23
17 24
18 25
19 26
20 27
6 24
7 17
8 18
9 19
10 20
11 21
12 22
13 23
14 24
15 25
16 26
17 27
9 27
6 27
6 27
5 27
7 27
5 27
5 27
1 27
6 27
6 27
4 27
5 27
6 27
6 27
5 27
4 27
5 27
8 27
7 27
5 27
9 27
5 27
6 27
6 27
5 27
5 27
8 27
5 27
9 27
6 27
23 27
10 26
5 26
7 26
6 26
4 26
6 26
6 26
8 26
10 26
25 26
19 26
9 26
30 26
11 24
12 25
13 26
15 26
6 17
7 18
8 19
9 20
10 21
11 22
12 23
13 24
14 25
15 26
26 23
27 24
28 25
29 26
41 18
42 19
43 20
44 21
45 22
46 23
47 24
48 25
49 26
29 23
30 24
31 25
32 26
1 26
6 25
7 26
6 26
6 26
5 26
3 26
5 26
7 26
4 26
5 26
5 26
5 26
6 26
8 26
6 25
7 26
8 26
5 26
7 26
5 26
6 26
11 26
8 26
8 26
9 26
6 26
8 26
16 19
17 20
18 17
19 18
20 19
21 20
22 21
23 22
24 23
25 24
26 25
27 22
28 23
29 24
30 25
31 23
32 23
33 24
34 25
35 25
5 25
9 24
10 25
36 25
6 25
4 25
8 25
26 25
32 25
1 25
31 19
32 17
33 18
34 19
35 20
36 21
37 22
38 23
39 24
40 25
37 20
38 20
39 19
40 20
41 21
42 22
43 23
44 24
45 25
4 25
3 25
6 25
9 25
9 25
4 25
7 25
9 25
10 25
6 25
5 25
6 25
6 24
7 25
4 25
6 25
5 25
5 25
4 25
5 25
6 25
9 25
6 25
6 25
4 25
6 25
6 25
6 25
5 25
4 25
7 25
6 25
7 24
5 24
7 24
7 24
5 24
5 24
6 24
11 24
12 24
9 24
7 24
7 24
6 24
4 24
10 24
5 24
7 24
9 24
5 24
7 24
11 24
30 23
31 24
10 23
11 24
6 23
7 24
3 24
12 24
6 24
5 24
2 24
11 24
12 24
6 21
7 21
8 22
9 23
10 24
7 24
7 21
8 22
9 23
10 24
6 24
5 24
5 24
6 24
3 24
5 24
10 24
6 24
5 24
6 24
9 24
7 24
4 24
9 24
7 24
7 24
5 24
4 24
5 24
14 24
6 24
1 24
4 24
5 24
6 24
5 24
6 24
6 24
7 24
5 24
6 24
11 23
8 21
9 19
10 20
11 21
12 22
13 23
7 23
14 22
15 23
8 19
9 19
10 20
11 21
12 22
13 22
14 23
7 23
8 23
8 23
10 23
10 23
9 23
5 23
1 23
4 23
5 23
5 23
6 23
7 23
8 23
8 23
6 23
8 23
1 23
9 23
32 22
33 23
9 23
9 23
32 23
8 20
9 20
10 21
11 22
12 23
8 19
9 20
10 21
11 22
12 23
11 18
12 15
13 16
14 17
15 18
16 19
17 20
18 21
19 22
20 23
8 23
37 23
9 22
10 23
13 20
14 21
15 22
16 23
11 19
12 6
13 7
14 8
15 9
16 10
17 11
18 12
19 13
20 14
21 15
22 16
23 17
24 18
25 19
26 20
27 21
28 22
29 23
5 22
6 5
7 4
8 5
9 6
10 7
11 8
12 9
13 10
14 11
15 12
16 13
17 14
18 15
19 16
20 17
21 18
22 19
23 20
24 21
25 22
26 23
5 23
5 23
6 23
3 23
1 23
6 23
7 23
6 23
8 23
5 23
5 23
5 23
4 23
5 23
5 23
4 23
5 23
14 23
5 23
5 23
9 23
1 23
7 23
5 23
6 23
6 23
7 23
9 23
4 23
5 23
6 23
7 23
5 23
6 22
6 22
15 22
6 22
6 22
3 22
12 21
13 22
5 22
7 22
8 22
13 22
16 22
6 22
1 22
6 22
6 22
4 22
6 22
1 22
7 22
8 22
6 22
8 22
1 22
46 22
7 22
6 22
8 22
9 20
10 21
11 22
9 22
6 22
6 22
6 22
6 22
8 16
9 17
10 18
11 19
12 20
13 21
14 22
10 21
11 22
10 22
8 19
9 19
10 20
11 21
12 22
6 22
6 13
7 14
8 15
9 16
10 17
11 18
12 19
13 20
14 21
15 22
5 18
6 19
7 9
8 4
9 5
10 6
11 7
12 8
13 9
14 10
15 11
16 12
17 13
18 14
19 15
20 16
21 17
22 18
23 19
24 20
25 21
26 22
6 19
7 19
8 20
9 21
10 22
8 13
9 10
10 7
11 8
12 8
13 9
14 10
15 11
16 12
17 13
18 14
19 15
20 16
21 17
22 18
23 19
24 20
25 21
26 22
7 22
9 22
20 22
6 22
9 22
6 22
6 22
5 22
7 22
5 22
8 22
6 22
8 22
5 22
5 22
4 22
6 22
5 22
1 22
6 22
5 22
6 22
11 22
5 22
6 22
7 22
8 20
9 21
5 21
5 21
9 21
7 20
8 21
7 21
20 18
21 17
22 17
23 18
24 19
25 20
26 21
10 21
9 21
7 21
5 21
7 21
6 21
6 21
5 21
5 21
6 21
5 21
5 21
8 21
7 21
3 21
7 21
27 19
28 20
29 20
30 21
8 21
6 21
13 21
9 21
8 17
9 18
10 19
11 20
12 21
3 21
15 21
12 21
10 21
10 21
6 16
7 15
8 16
9 17
10 18
11 19
12 20
13 20
14 21
21 21
3 21
14 21
7 21
23 19
24 20
25 21
11 13
12 14
13 15
14 16
15 17
16 18
17 19
18 20
19 21
8 21
10 20
11 21
6 21
4 21
13 21
5 21
5 21
9 21
8 21
7 21
6 21
7 21
5 21
6 21
5 21
7 21
5 21
10 20
11 21
7 21
7 21
5 21
1 21
12 21
4 21
8 21
6 21
5 21
4 21
7 21
9 21
4 21
5 21
6 21
5 21
4 21
10 21
7 21
8 21
4 21
6 21
4 21
5 21
6 21
4 21
6 21
7 21
7 21
14 21
12 21
5 21
7 21
9 20
14 20
11 20
7 20
5 20
4 20
16 20
10 14
11 13
12 14
13 15
14 16
15 17
16 18
17 19
18 20
6 20
7 20
27 20
6 20
6 20
4 20
2 20
28 20
4 20
10 20
5 20
7 20
15 20
5 20
6 20
6 20
7 20
10 14
11 7
12 8
13 9
14 10
15 11
16 12
17 13
18 14
19 15
20 16
21 17
22 18
23 19
24 20
1 20
31 20
6 20
3 20
6 20
6 20
5 20
6 20
14 20
13 20
22 17
23 18
24 19
25 20
9 20
5 20
25 20
1 20
6 19
7 20
14 19
15 20
10 17
11 16
12 16
13 17
14 18
15 16
16 17
17 18
18 19
19 20
13 13
14 14
15 15
16 16
17 17
18 18
19 14
20 13
21 14
22 14
23 15
24 16
25 17
26 18
27 19
28 20
24 19
25 6
26 7
27 8
28 9
29 10
30 11
31 12
32 13
33 14
34 15
35 16
36 17
37 18
38 19
39 20
5 20
9 16
10 9
11 6
12 7
13 7
14 8
15 9
16 10
17 11
18 12
19 13
20 14
21 15
22 16
23 17
24 18
25 19
26 20
5 20
5 20
6 20
5 20
5 19
6 20
5 20
6 20
5 20
6 20
11 20
6 17
7 18
8 19
9 20
6 20
11 20
7 20
6 20
8 20
5 20
6 19
7 20
6 20
5 20
9 20
5 20
6 20
8 20
6 20
6 20
6 20
6 20
7 19
8 20
3 20
7 20
5 20
8 20
5 20
7 20
6 20
4 20
10 20
6 20
5 20
6 20
7 20
11 19
10 19
6 19
12 19
13 18
14 18
15 19
8 19
11 18
12 19
19 19
11 19
8 19
5 19
7 19
5 19
7 19
6 19
2 19
20 19
6 19
8 19
6 19
1 19
6 19
13 19
9 19
11 19
8 19
9 19
3 19
19 19
9 19
15 19
21 19
5 19
14 18
15 19
1 19
4 19
9 18
10 19
5 19
3 18
4 19
14 19
16 19
6 19
7 19
29 18
30 19
4 19
4 19
6 19
10 19
1 19
5 19
31 17
32 18
33 19
16 18
17 19
5 19
10 19
17 19
6 17
7 18
8 19
7 19
7 18
8 19
16 16
17 13
18 6
19 7
20 8
21 9
22 10
23 11
24 12
25 13
26 14
27 15
28 16
29 17
30 18
31 19
11 12
12 12
13 13
14 14
15 15
16 16
17 17
18 18
19 19
10 12
11 12
12 13
13 14
14 15
15 16
16 17
17 18
18 19
8 19
6 19
6 19
6 19
1 19
5 19
6 19
5 19
7 19
5 19
4 19
9 19
7 19
4 19
6 19
6 19
7 19
5 19
8 19
6 19
7 19
7 19
6 19
6 19
5 19
4 19
6 19
6 19
6 19
4 19
2 19
6 19
5 19
10 19
5 19
4 19
5 19
15 18
7 18
6 18
5 18
11 18
5 18
7 18
7 18
5 18
6 18
5 18
5 18
7 18
8 18
8 16
9 17
10 18
6 18
10 18
3 17
4 17
5 18
39 18
8 18
4 18
12 18
3 18
6 18
5 18
8 17
9 18
3 18
6 18
3 17
4 18
5 18
5 18
6 18
12 18
4 18
2 18
8 17
9 18
7 17
8 18
12 13
13 14
14 15
15 16
16 17
17 18
12 14
13 15
14 16
15 17
16 18
7 17
8 18
11 12
12 13
13 14
14 15
15 16
16 17
17 18
7 18
3 18
6 10
7 11
8 12
9 13
10 14
11 15
12 16
13 17
14 18
14 17
15 18
12 10
13 11
14 12
15 13
16 14
17 15
18 16
19 17
20 18
5 18
7 13
8 7
9 5
10 6
11 7
12 8
13 9
14 10
15 11
16 12
17 13
18 14
19 15
20 16
21 17
22 18
4 18
6 15
7 16
8 17
9 18
40 18
7 18
10 16
11 15
12 16
13 17
14 18
5 18
7 6
8 5
9 6
10 7
11 8
12 9
13 10
14 11
15 12
16 13
17 14
18 15
19 16
20 17
21 18
6 16
7 15
8 16
9 17
10 18
6 18
9 14
10 15
11 16
12 17
13 18
5 18
5 18
5 18
5 18
5 18
8 18
6 18
6 18
8 18
5 18
6 18
6 18
6 18
6 18
10 18
10 18
9 18
5 18
7 18
7 18
6 18
6 18
7 18
7 18
7 18
10 17
5 17
6 17
6 17
8 17
6 17
6 17
9 17
11 17
8 17
9 17
7 17
7 17
7 16
8 12
9 13
10 14
11 15
12 16
13 17
11 16
12 17
6 17
8 17
13 17
16 14
17 15
18 16
19 17
8 17
21 17
7 17
16 17
8 17
7 17
1 17
12 17
11 17
10 16
11 17
13 17
7 17
9 17
7 17
6 17
4 17
5 17
3 17
2 17
21 17
2 17
20 17
5 17
9 17
8 17
10 17
7 17
6 17
4 17
14 15
15 16
16 17
1 8
2 5
3 6
4 6
5 7
6 8
7 9
8 10
9 11
10 12
11 13
12 14
13 15
14 16
15 17
5 17
5 17
8 17
15 15
16 14
17 15
18 16
19 17
2 17
20 17
9 16
10 16
11 17
6 17
3 16
4 17
2 17
4 17
5 17
10 15
11 15
12 16
13 17
1 17
14 17
8 17
6 17
11 15
12 16
13 15
14 16
15 17
8 16
9 17
6 17
6 14
7 9
8 7
9 7
10 8
11 9
12 10
13 11
14 12
15 13
16 14
17 15
18 16
19 17
20 15
21 16
22 14
23 15
24 16
25 17
1 16
2 16
3 17
10 12
11 13
12 13
13 14
14 15
15 16
16 17
7 13
8 14
9 15
10 16
11 17
16 16
17 17
12 16
13 17
0 0
1 1
2 2
3 3
4 4
5 5
6 6
7 7
8 8
9 9
10 10
11 11
12 12
13 13
14 14
15 15
16 16
17 17
10 16
11 5
12 4
13 5
14 6
15 7
16 8
17 9
18 10
19 11
20 12
21 13
22 14
23 15
24 16
25 17
6 17
6 17
19 17
4 17
5 17
7 17
13 17
4 17
6 17
6 17
6 17
10 17
9 17
5 17
5 17
1 17
7 17
7 17
7 17
8 17
9 17
7 17
6 17
1 17
7 17
7 17
7 17
6 17
7 17
7 17
6 17
5 17
6 17
6 17
6 17
6 17
6 17
6 17
6 17
9 16
9 16
8 16
6 16
5 16
9 16
12 16
5 16
6 16
4 16
5 16
5 16
4 16
6 16
12 16
7 16
6 16
8 16
8 16
7 16
6 16
9 15
10 16
3 16
6 16
12 16
2 16
7 16
6 16
3 16
5 16
1 16
6 16
5 16
17 16
7 16
6 15
7 16
7 16
6 16
11 16
6 16
6 16
8 16
14 15
15 16
7 16
11 15
12 16
15 16
6 16
4 16
9 16
6 16
9 14
10 13
11 14
12 15
13 16
13 16
6 16
6 16
10 15
11 16
8 16
6 16
6 16
15 16
7 16
30 16
8 15
9 13
10 13
11 14
12 15
13 16
10 14
11 12
12 13
13 14
14 15
15 16
11 15
12 16
6 16
5 15
6 16
7 16
4 15
5 16
10 16
4 16
17 16
7 15
8 7
9 8
10 9
11 10
12 11
13 12
14 13
15 14
16 15
17 16
6 13
7 11
8 12
9 13
10 14
11 14
12 15
13 16
6 16
6 16
7 16
5 16
6 16
5 16
5 16
5 16
5 16
7 16
4 16
7 16
7 16
6 16
9 16
5 16
6 16
6 16
7 16
9 16
7 16
7 16
5 16
6 16
7 16
5 16
6 16
4 16
5 16
5 16
8 16
3 16
7 16
5 16
5 16
7 16
8 16
5 16
7 16
8 16
5 16
7 16
5 16
6 16
9 16
2 16
5 16
5 16
5 16
6 16
5 16
5 15
7 15
7 15
6 15
8 15
3 15
1 15
5 15
7 15
9 15
5 15
6 15
5 15
4 15
9 15
6 15
12 15
7 15
3 15
6 15
6 15
5 15
8 15
4 15
7 5
8 6
9 7
10 8
11 9
12 10
13 11
14 12
15 13
16 14
17 14
18 15
5 15
12 15
7 15
9 15
7 15
8 14
9 14
10 15
1 15
8 15
7 15
13 15
8 15
20 15
12 14
13 15
7 15
9 15
5 15
9 15
17 15
19 15
5 15
11 15
1 15
6 15
11 13
12 10
13 8
14 9
15 10
16 11
17 12
18 13
19 14
20 15
11 14
12 15
27 15
9 15
6 15
10 14
11 14
12 14
13 15
9 15
13 15
4 15
7 13
8 14
9 15
1 15
16 15
10 14
11 14
12 15
10 11
11 6
12 7
13 8
14 9
15 10
16 11
17 12
18 13
19 14
20 15
7 15
13 13
14 14
15 15
5 14
6 15
6 15
7 13
8 10
9 11
10 12
11 13
12 14
13 15
15 14
16 15
1 14
2 15
8 14
9 15
7 15
17 13
18 14
19 15
7 15
10 14
11 15
9 13
10 11
11 12
12 11
13 12
14 13
15 14
16 15
7 12
8 9
9 10
10 11
11 12
12 13
13 14
14 15
7 11
8 11
9 12
10 13
11 14
12 15
13 14
14 15
6 15
9 15
10 15
6 15
6 15
7 15
8 15
7 15
6 15
4 15
25 15
8 15
6 15
5 15
7 15
9 15
5 15
7 15
6 15
7 15
7 15
6 15
5 15
7 15
8 15
6 15
6 15
6 15
8 15
5 15
8 15
10 15
5 15
6 15
6 15
3 15
7 14
8 14
12 14
7 14
6 14
5 14
8 14
7 14
6 14
6 14
15 14
14 14
3 14
5 14
7 14
7 14
7 14
16 14
10 14
6 14
6 14
13 14
7 14
5 14
8 14
7 14
6 14
6 14
7 14
9 12
10 13
11 14
27 14
7 14
7 14
6 14
6 13
7 14
2 14
4 14
17 14
4 14
9 13
10 14
11 14
5 14
6 14
7 14
6 14
8 14
6 14
7 14
10 14
11 14
7 14
9 14
6 14
7 14
9 14
3 14
8 14
6 14
8 13
9 14
6 14
6 14
6 14
8 14
9 14
6 14
14 14
1 14
8 14
2 14
12 14
8 14
5 14
8 13
9 14
9 14
6 14
8 14
7 13
8 14
12 14
6 14
28 13
29 14
10 14
10 12
11 13
12 14
7 14
6 14
6 14
4 13
5 14
3 14
1 13
2 14
10 14
7 11
8 8
9 9
10 10
11 11
12 12
13 13
14 14
7 14
8 14
4 14
5 14
6 14
1 14
13 14
4 14
21 12
22 13
23 14
6 13
7 14
6 14
7 14
2 14
22 13
23 13
24 14
35 6
36 2
37 3
38 4
39 5
40 6
41 7
42 8
43 9
44 10
45 11
46 12
47 13
48 14
5 14
5 14
16 14
5 14
9 14
7 14
6 14
6 14
6 14
6 14
10 14
7 14
7 14
1 14
7 14
7 14
10 14
7 14
12 14
7 14
8 14
6 14
1 14
6 14
6 14
7 14
7 14
7 14
9 14
9 14
5 14
7 14
5 14
7 14
6 14
2 14
5 14
7 14
2 14
5 14
5 14
4 14
5 14
8 14
8 14
10 14
8 14
7 13
8 12
9 13
7 13
3 13
8 13
10 13
8 13
10 13
6 13
9 13
10 10
11 11
12 12
13 13
8 12
9 13
13 13
10 13
9 13
8 13
6 13
8 13
19 13
10 13
7 13
6 13
1 13
6 13
6 13
7 13
6 13
5 13
6 13
5 13
6 13
8 13
11 13
7 13
9 13
7 13
7 13
4 13
6 13
9 13
10 13
5 13
7 13
6 13
11 13
9 13
11 13
6 13
7 13
4 13
5 13
23 13
5 13
5 13
6 13
6 13
5 13
10 13
6 13
7 13
8 13
12 13
8 13
5 13
13 13
8 12
9 13
7 13
8 13
8 13
6 13
6 13
6 12
7 12
8 13
10 12
11 13
5 13
6 13
6 13
5 13
6 13
6 13
10 13
1 13
11 13
7 13
5 13
14 11
15 10
16 11
17 12
18 13
9 12
10 13
8 12
9 12
10 12
11 13
8 13
10 12
11 13
6 13
3 12
4 13
6 13
3 13
1 12
2 9
3 10
4 11
5 12
6 13
8 13
8 12
9 11
10 12
11 13
10 9
11 6
12 7
13 8
14 9
15 10
16 11
17 12
18 13
7 13
6 13
7 12
8 13
6 13
6 10
7 10
8 11
9 12
10 13
6 13
6 13
6 13
7 12
8 13
2 10
3 11
4 12
5 13
9 13
7 13
6 9
7 10
8 11
9 12
10 10
11 11
12 12
13 10
14 11
15 12
16 13
6 11
7 8
8 9
9 10
10 11
11 11
12 12
13 13
7 13
11 13
6 13
9 11
10 10
11 9
12 10
13 11
14 12
15 13
11 12
12 12
13 9
14 10
15 11
16 8
17 9
18 10
19 11
20 12
21 13
6 13
8 13
1 13
6 13
7 10
8 11
9 12
10 13
8 12
9 8
10 9
11 6
12 6
13 7
14 8
15 9
16 10
17 11
18 12
19 13
8 13
1 13
7 12
8 13
8 2
9 2
10 3
11 4
12 5
13 6
14 7
15 8
16 9
17 10
18 11
19 12
20 13
7 13
5 13
10 13
8 13
1 13
6 13
7 13
16 13
8 13
5 13
10 13
6 13
7 13
5 13
1 13
7 13
7 13
5 13
6 13
7 13
6 13
6 13
12 13
5 13
7 13
11 13
6 13
6 13
1 13
12 13
8 13
7 13
5 13
6 13
1 13
7 13
10 13
5 13
11 13
8 12
1 12
10 12
8 12
6 12
8 12
7 12
9 12
8 12
6 12
8 12
6 12
16 12
11 12
7 12
5 12
6 12
6 12
7 12
12 12
10 12
7 12
1 12
5 12
9 11
10 12
1 12
6 12
7 12
7 12
5 12
9 12
9 12
6 12
8 11
9 12
6 12
6 12
6 12
8 12
10 12
5 12
7 12
12 12
7 12
6 12
2 12
8 12
7 12
1 12
8 12
8 12
7 12
16 12
6 12
5 12
8 12
7 12
7 12
8 12
7 12
7 12
8 12
1 12
6 12
13 12
10 12
10 12
4 12
2 12
11 12
1 12
6 12
9 12
6 12
8 12
4 12
7 12
5 12
4 12
6 12
4 12
6 12
7 12
7 12
3 12
2 12
6 12
1 12
6 10
7 10
8 11
9 12
6 12
2 12
6 12
6 12
8 12
5 12
1 12
6 12
10 8
11 9
12 10
13 11
14 12
5 12
13 12
5 11
6 12
13 11
14 10
15 10
16 10
17 11
18 12
7 12
6 12
16 12
1 12
10 9
11 9
12 9
13 10
14 11
15 12
10 11
11 12
10 12
6 12
10 12
8 10
9 11
10 12
11 12
11 10
12 11
13 12
5 12
13 10
14 11
15 12
3 12
7 12
4 12
7 12
4 12
9 9
10 3
11 4
12 5
13 6
14 7
15 8
16 9
17 10
18 11
19 12
9 12
1 12
7 11
8 12
1 12
6 10
7 11
8 12
5 12
6 12
2 12
6 12
9 6
10 5
11 6
12 7
13 8
14 8
15 9
16 10
17 11
18 12
8 11
9 12
8 12
8 12
1 11
2 12
8 10
9 11
10 12
12 10
13 10
14 11
15 12
6 12
8 12
8 12
8 12
5 12
1 12
8 4
9 5
10 6
11 7
12 8
13 9
14 10
15 11
16 12
7 7
8 7
9 8
10 9
11 10
12 11
13 12
11 10
12 11
13 11
14 12
1 7
2 8
3 9
4 10
5 11
6 12
10 12
13 12
14 8
15 9
16 10
17 11
18 12
7 5
8 5
9 6
10 7
11 8
12 9
13 10
14 11
15 12
7 12
9 11
10 8
11 9
12 10
13 11
14 12
17 9
18 10
19 11
20 12
3 10
4 11
5 12
7 8
8 1
9 2
10 3
11 4
12 5
13 6
14 7
15 8
16 9
17 10
18 11
19 12
1 1
2 2
3 3
4 4
5 5
6 6
7 7
8 8
9 9
10 10
11 11
12 12
7 12
7 12
6 12
8 7
9 6
10 7
11 8
12 9
13 10
14 11
15 12
1 12
7 12
6 12
2 12
1 12
7 12
10 12
6 12
5 12
5 12
6 12
7 12
5 12
5 12
15 12
12 12
7 9
8 9
9 10
10 11
11 12
12 12
6 12
6 12
8 12
6 12
7 12
15 12
8 12
8 12
9 12
6 12
8 12
24 12
6 12
6 12
6 12
7 12
6 12
2 12
6 12
6 12
6 12
8 12
1 12
6 12
6 12
6 12
10 12
6 12
7 12
10 12
6 12
6 11
11 11
10 10
11 11
8 11
8 11
10 11
7 11
7 11
8 11
7 11
10 11
8 11
14 11
10 11
9 11
9 11
7 11
7 11
7 11
8 11
4 11
6 11
7 11
10 11
10 11
8 11
5 11
9 11
7 11
11 11
7 11
7 11
6 11
10 11
4 11
9 11
10 11
1 11
1 10
2 11
6 10
7 11
6 11
7 10
8 11
23 11
7 11
8 11
6 11
7 9
8 10
9 11
1 11
6 11
5 11
13 11
6 11
9 11
1 11
5 11
6 11
6 11
9 10
10 11
7 11
20 11
10 11
8 11
8 11
6 11
7 11
2 11
7 11
7 11
7 11
8 11
7 11
1 11
6 10
7 11
1 11
7 11
6 11
3 11
10 11
11 11
9 11
8 11
6 11
4 11
13 11
7 11
7 11
4 11
6 11
5 11
10 11
1 11
12 9
13 8
14 9
15 10
16 11
7 11
11 11
26 11
8 11
5 11
8 11
6 11
7 11
9 10
10 11
1 11
17 11
10 11
7 11
8 11
18 10
19 11
1 11
1 11
9 11
8 11
7 11
7 11
10 11
9 11
7 9
8 10
9 11
7 11
12 11
5 11
6 11
12 6
13 7
14 8
15 9
16 10
17 11
18 6
19 3
20 4
21 5
22 6
23 7
24 8
25 9
26 10
27 11
6 10
7 11
6 11
6 9
7 5
8 6
9 7
10 8
11 9
12 10
13 11
6 11
5 11
6 10
7 11
7 11
7 11
8 11
11 11
5 11
11 11
1 11
11 11
4 11
7 9
8 8
9 9
10 10
11 11
8 11
13 11
10 10
11 10
12 11
1 8
2 8
3 9
4 10
5 11
5 11
7 11
9 9
10 6
11 7
12 8
13 9
14 10
15 11
7 10
8 9
9 10
10 11
9 8
10 9
11 10
12 11
4 11
9 9
10 10
11 11
11 7
12 6
13 4
14 5
15 6
16 7
17 8
18 9
19 10
20 11
18 9
19 9
20 10
21 11
13 10
14 10
15 11
5 11
8 5
9 6
10 7
11 8
12 9
13 10
14 11
5 9
6 9
7 10
8 11
2 11
6 11
8 10
9 9
10 10
11 11
7 11
8 11
8 8
9 3
10 4
11 5
12 6
13 7
14 8
15 9
16 10
17 11
4 11
20 11
5 11
5 11
17 4
18 5
19 6
20 7
21 8
22 9
23 10
24 11
6 11
5 11
15 6
16 7
17 8
18 9
19 10
20 11
8 9
9 10
10 11
7 11
21 11
8 10
9 11
8 10
9 11
9 11
3 11
6 11
3 11
8 11
1 11
7 9
8 10
9 11
7 11
8 10
9 11
7 11
13 11
5 11
7 11
7 11
11 11
6 11
7 11
7 11
4 11
8 11
4 11
8 11
7 11
9 11
7 11
6 11
6 11
5 11
8 11
6 11
6 11
6 11
8 11
8 11
6 11
6 11
6 11
8 11
7 11
7 11
9 10
10 11
7 10
9 10
8 10
8 10
9 10
14 10
12 10
7 10
7 10
9 9
10 10
6 10
7 10
9 10
9 10
7 10
3 10
10 10
13 10
10 10
9 10
11 10
13 10
5 10
20 10
7 10
5 10
7 10
10 10
20 10
9 10
11 10
10 10
7 10
9 10
5 9
6 4
7 5
8 6
9 7
10 8
11 8
12 9
13 10
10 10
5 10
5 10
1 10
7 10
7 10
6 10
7 10
7 10
7 10
6 10
24 10
6 10
10 10
6 10
7 10
8 10
6 10
9 10
9 10
7 10
6 10
10 10
9 10
6 10
6 10
6 10
6 10
6 10
18 10
5 10
8 10
7 10
10 10
10 10
6 10
5 10
7 10
4 10
8 10
2 10
6 10
7 10
4 10
7 10
8 10
15 10
7 10
6 10
2 10
7 10
11 10
9 10
8 10
7 10
6 10
17 9
18 10
11 10
6 10
11 10
5 10
8 10
1 10
8 10
15 10
8 10
6 9
7 10
1 10
11 10
9 10
7 10
1 10
8 10
5 9
6 10
8 10
6 10
7 10
5 10
7 10
12 10
9 10
4 10
11 10
11 10
14 10
11 10
6 10
5 10
5 10
10 10
7 10
8 8
9 9
10 9
11 10
11 9
12 10
7 10
3 10
6 10
5 10
6 10
6 10
10 10
8 10
4 10
7 9
8 10
7 10
12 7
13 8
14 9
15 10
2 10
4 9
5 10
5 10
8 10
6 10
6 10
6 10
5 10
6 10
7 10
0 0
1 1
2 2
3 3
4 4
5 5
6 6
7 7
8 8
9 9
10 10
1 10
12 10
10 9
11 10
7 10
8 9
9 10
8 10
7 8
8 9
9 10
18 10
6 10
13 10
6 9
7 10
7 10
9 9
10 10
13 9
14 8
15 8
16 9
17 10
7 10
10 7
11 8
12 9
13 10
7 10
1 10
5 10
7 8
8 8
9 9
10 10
14 9
15 10
10 10
5 7
6 8
7 9
8 10
4 10
15 9
16 8
17 9
18 10
6 10
7 10
4 10
8 9
9 6
10 7
11 8
12 9
13 10
2 10
9 7
10 4
11 5
12 6
13 7
14 8
15 9
16 10
9 10
6 10
6 10
1 10
1 9
2 10
7 10
9 9
10 10
7 10
7 10
11 10
8 10
10 9
11 10
6 10
10 10
7 9
8 10
5 10
2 9
3 8
4 9
5 10
5 10
4 10
6 9
7 3
8 4
9 3
10 4
11 5
12 6
13 7
14 8
15 9
16 10
5 10
10 10
8 9
9 10
6 10
4 2
5 3
6 4
7 5
8 6
9 7
10 8
11 9
12 10
9 8
10 6
11 7
12 8
13 9
14 10
7 9
8 10
9 10
6 10
6 6
7 6
8 7
9 8
10 9
11 10
10 9
11 10
6 10
1 1
2 2
3 3
4 4
5 5
6 6
7 7
8 8
9 9
10 10
4 10
5 10
10 10
6 8
7 9
8 10
12 9
13 10
1 10
5 10
6 9
7 8
8 7
9 8
10 9
11 10
7 8
8 2
9 3
10 4
11 5
12 6
13 7
14 8
15 9
16 10
11 9
12 10
8 10
7 10
6 10
6 10
6 10
5 10
7 10
6 10
7 10
10 10
6 10
6 10
9 10
8 10
4 10
11 10
6 10
7 10
9 10
6 10
6 10
8 10
7 10
5 10
9 10
9 10
7 10
8 10
7 10
5 10
6 10
9 10
8 10
7 10
5 10
9 10
5 10
8 9
7 9
7 9
7 9
6 9
7 9
4 9
8 9
12 9
7 9
11 9
8 9
11 9
8 9
9 9
6 9
9 9
6 9
5 9
6 9
10 9
11 8
12 9
11 8
12 9
10 9
7 9
13 9
8 9
6 9
8 9
5 9
6 9
9 9
7 9
7 9
6 9
10 9
8 9
1 9
11 9
8 9
6 9
8 9
7 9
6 9
6 9
8 9
3 9
6 9
7 9
6 9
10 9
11 9
11 8
12 9
8 9
8 9
3 9
8 9
5 9
8 9
8 9
8 9
9 9
6 9
8 9
7 9
6 9
10 9
9 9
10 9
9 9
8 9
7 9
1 9
10 9
8 9
5 9
6 9
3 9
10 9
7 9
6 9
14 9
1 9
7 9
9 7
10 7
11 8
12 9
2 8
3 9
8 9
5 9
7 9
12 9
8 9
8 9
20 9
8 9
5 9
10 9
7 9
8 9
16 9
12 9
6 9
8 8
9 9
8 9
11 9
3 9
9 9
7 9
7 9
7 9
10 9
1 9
7 9
9 9
7 9
3 9
1 9
6 9
7 9
10 9
5 9
7 9
8 9
11 9
11 9
8 9
7 9
10 8
11 9
8 9
8 9
1 9
8 9
7 9
8 8
9 9
6 9
1 8
2 9
19 8
20 9
10 9
9 9
5 9
6 9
6 8
7 9
10 9
14 8
15 9
1 8
2 9
1 8
2 9
9 9
6 9
10 8
11 9
7 8
8 9
6 9
11 9
10 9
8 8
9 8
10 9
6 9
8 9
11 9
11 9
1 9
10 9
1 9
8 9
6 7
7 8
8 9
8 9
7 8
8 9
5 8
6 9
1 9
1 9
10 8
11 9
7 8
8 9
11 9
6 9
6 9
9 9
7 9
5 9
10 9
4 9
2 9
6 9
2 9
5 9
1 9
10 6
11 7
12 8
13 6
14 7
15 8
16 9
20 8
21 9
7 8
8 7
9 8
10 9
11 9
9 9
7 9
3 9
4 9
8 9
8 9
8 7
9 8
10 9
6 9
13 8
14 9
12 8
13 8
14 9
6 9
8 9
8 6
9 7
10 7
11 8
12 9
1 9
9 8
10 9
9 9
6 9
9 6
10 7
11 8
12 9
1 8
2 9
7 8
8 8
9 8
10 9
7 9
1 9
9 9
14 5
15 6
16 6
17 7
18 8
19 9
9 8
10 9
1 9
7 9
5 8
6 9
8 7
9 8
10 9
8 9
5 9
7 9
9 8
10 6
11 6
12 7
13 8
14 9
7 9
9 9
7 9
7 6
8 4
9 5
10 6
11 7
12 8
13 9
8 9
11 9
11 9
21 7
22 8
23 9
21 8
22 9
9 9
10 8
11 9
6 9
16 8
17 5
18 6
19 7
20 8
21 9
11 9
5 9
6 9
8 9
7 9
16 8
17 9
8 9
8 8
9 5
10 6
11 7
12 8
13 9
6 9
5 9
11 8
12 9
2 9
11 9
7 9
10 8
11 7
12 8
13 9
10 9
9 9
8 9
9 9
11 8
12 9
8 4
9 2
10 3
11 4
12 5
13 6
14 7
15 8
16 9
8 2
9 2
10 3
11 4
12 5
13 6
14 7
15 8
16 9
13 9
6 9
6 9
7 9
11 9
3 9
10 4
11 5
12 6
13 7
14 8
15 9
15 9
6 9
5 9
6 9
6 9
7 9
7 9
14 9
11 9
5 9
7 9
8 9
13 9
7 9
6 9
5 9
1 9
6 9
7 9
6 9
7 9
5 9
8 9
7 9
7 9
7 9
6 9
6 9
10 9
7 9
5 9
11 9
7 9
8 9
8 8
14 8
9 8
10 8
7 8
4 8
8 8
8 8
8 8
9 8
7 8
7 8
8 8
7 8
8 8
7 8
1 8
6 8
3 8
14 8
8 8
8 8
7 8
8 8
3 8
11 8
13 8
8 8
6 8
7 8
3 8
7 8
5 8
6 8
5 8
8 8
6 8
5 8
8 8
9 8
4 8
8 8
8 8
6 8
5 8
7 8
9 8
7 8
11 8
10 8
6 7
7 8
2 8
6 8
13 8
9 8
12 8
8 8
7 8
2 8
8 8
7 8
9 8
13 8
8 8
11 8
10 8
1 8
7 8
7 8
7 8
8 8
7 8
1 8
11 8
3 8
6 8
6 8
5 8
7 8
5 8
1 8
8 8
14 8
8 8
9 8
6 8
5 8
3 8
7 8
2 8
10 8
5 8
13 7
14 8
7 8
5 8
9 8
2 8
6 8
1 8
7 8
8 8
10 8
10 8
7 7
8 7
9 8
8 8
9 8
29 8
6 8
1 8
7 8
8 8
10 8
9 8
22 8
8 7
9 5
10 5
11 6
12 7
13 8
13 8
1 8
6 8
7 8
8 8
6 8
6 8
10 8
9 8
10 8
4 8
1 8
9 8
1 8
8 8
8 8
8 8
1 8
11 8
36 7
37 8
7 8
8 8
14 8
1 8
10 8
2 8
7 8
7 8
6 8
8 8
1 8
8 8
7 8
6 8
1 8
9 7
10 8
1 8
1 7
2 8
2 8
11 8
9 8
8 8
7 8
8 8
1 8
1 8
7 8
6 8
5 7
6 8
4 8
4 8
8 8
9 7
10 8
23 8
6 8
2 8
14 8
10 7
11 8
7 8
13 8
6 8
1 8
7 8
1 8
3 8
8 8
9 8
7 8
1 8
18 7
19 7
20 8
6 8
1 8
8 8
6 8
7 8
8 7
9 8
7 7
8 7
9 8
5 8
1 8
1 8
17 6
18 7
19 8
20 8
9 7
10 8
8 8
7 8
8 8
2 8
1 8
7 8
7 8
9 8
4 8
7 8
9 8
1 8
7 8
8 8
9 7
10 8
10 7
11 8
1 8
11 8
8 8
11 8
7 8
7 8
9 8
8 8
8 8
11 8
11 8
7 8
10 7
11 7
12 8
8 8
9 8
11 8
7 8
2 8
4 8
5 8
8 8
8 8
13 8
5 8
1 8
8 7
9 8
14 8
8 8
11 7
12 8
7 8
2 8
6 8
9 7
10 7
11 8
7 8
5 8
3 8
10 8
15 5
16 6
17 7
18 8
7 8
7 8
5 8
15 8
7 8
6 8
8 8
11 7
12 8
8 7
9 5
10 4
11 5
12 6
13 7
14 8
9 7
10 8
10 8
11 6
12 7
13 8
6 8
8 8
9 8
10 7
11 8
6 8
6 8
15 4
16 5
17 6
18 7
19 8
11 8
15 7
16 8
4 7
5 8
14 6
15 7
16 8
11 8
6 8
9 5
10 5
11 6
12 7
13 8
7 8
11 8
10 8
7 8
1 8
7 8
3 8
14 4
15 5
16 4
17 5
18 6
19 7
20 8
2 8
11 8
13 8
8 8
7 7
8 8
9 7
10 7
11 7
12 8
1 8
8 8
8 7
9 5
10 1
11 2
12 3
13 4
14 5
15 6
16 7
17 8
6 6
7 7
8 8
14 8
9 7
10 8
15 5
16 6
17 7
18 8
1 2
2 3
3 4
4 5
5 6
6 7
7 8
2 8
3 8
4 8
2 7
3 8
10 8
13 8
10 8
8 7
9 5
10 6
11 7
12 8
7 8
14 8
9 8
8 7
9 8
6 8
11 8
9 8
12 8
8 8
7 8
4 8
1 6
2 7
3 8
5 8
4 4
5 5
6 6
7 7
8 8
7 8
13 8
7 8
3 8
11 7
12 8
8 8
7 6
8 4
9 4
10 5
11 6
12 7
13 8
7 7
8 7
9 7
10 8
4 4
5 5
6 6
7 7
8 8
8 8
5 8
7 8
7 8
14 8
7 8
8 8
1 8
2 8
10 8
7 8
9 8
8 8
6 8
7 8
10 8
1 8
5 8
7 8
8 8
4 8
6 8
7 8
6 8
8 8
7 8
8 8
11 8
8 8
26 8
8 7
9 7
19 7
7 7
8 6
9 7
6 7
8 7
4 7
9 7
11 6
12 7
7 7
14 7
9 7
1 7
11 7
13 7
8 7
7 7
7 6
8 7
9 7
5 7
4 7
12 7
11 7
7 7
8 7
1 7
11 7
9 7
6 7
9 7
8 7
9 7
26 7
12 7
4 7
9 7
14 7
8 7
8 7
8 7
7 7
5 7
10 7
2 7
6 7
7 7
16 7
7 7
9 7
6 7
7 7
3 6
4 7
8 7
7 7
5 7
6 7
13 7
20 7
1 7
4 7
12 7
9 7
6 7
12 7
3 7
7 7
9 7
9 7
7 7
8 6
9 6
10 7
8 7
12 7
4 7
8 7
8 7
6 7
3 7
7 7
6 7
7 7
9 7
7 7
1 7
6 7
7 7
6 7
12 7
6 7
1 7
9 7
7 7
11 7
6 7
9 7
7 7
6 7
7 7
7 7
13 7
7 7
14 7
16 7
7 7
9 7
6 7
5 7
7 7
5 7
4 7
7 7
7 7
6 7
1 7
6 7
6 7
9 7
4 7
6 7
11 7
13 7
13 7
7 7
9 7
4 7
7 7
25 7
1 7
6 7
6 7
9 7
7 7
5 7
5 7
10 7
11 7
2 7
8 7
7 7
8 7
8 7
7 7
10 7
9 7
7 7
1 7
6 7
6 7
7 7
4 7
12 7
7 7
21 7
5 7
12 7
12 7
6 7
2 7
9 7
5 7
7 7
1 7
8 7
11 7
13 7
11 7
7 7
8 7
8 7
8 7
7 7
1 7
10 6
11 6
12 7
7 7
6 7
25 7
2 7
10 7
10 7
7 7
1 7
7 7
7 7
1 7
7 7
9 7
9 7
7 5
8 6
9 7
10 7
8 7
1 7
6 6
7 7
7 7
9 7
1 7
1 7
10 7
11 7
8 5
9 6
10 7
8 6
9 7
7 7
6 7
8 7
7 7
6 7
7 7
11 6
12 7
2 7
7 7
7 7
1 7
1 7
8 7
10 7
8 7
9 7
11 7
4 7
7 6
8 7
8 7
1 7
5 7
7 7
1 7
7 7
1 7
23 7
4 6
5 7
7 7
9 6
10 7
16 7
13 7
16 7
2 7
4 7
9 7
7 7
10 7
5 7
9 7
7 7
8 7
7 7
7 7
6 7
10 7
8 7
10 6
11 7
6 7
1 7
5 7
9 7
8 7
7 7
5 7
10 7
6 7
7 7
8 6
9 7
11 7
7 7
1 7
1 7
11 6
12 7
11 4
12 5
13 6
14 7
6 7
15 3
16 4
17 5
18 6
19 7
9 6
10 7
2 7
7 7
6 7
10 7
2 7
8 7
8 6
9 5
10 6
11 7
1 7
9 7
5 6
6 7
8 7
7 5
8 5
9 6
10 7
1 6
2 7
8 7
10 2
11 3
12 4
13 4
14 5
15 6
16 7
8 7
6 7
8 7
1 6
2 7
11 7
11 6
12 7
1 7
15 6
16 5
17 6
18 7
7 7
6 7
11 6
12 7
3 5
4 6
5 7
16 7
1 6
2 7
1 6
2 7
2 7
8 7
10 7
9 7
8 7
2 6
3 7
6 7
9 5
10 4
11 5
12 6
13 7
12 7
10 6
11 5
12 6
13 5
14 6
15 7
13 7
1 6
2 7
6 7
6 7
4 6
5 7
9 6
10 7
12 7
1 7
8 6
9 7
5 7
8 7
1 7
4 7
15 7
5 7
5 7
8 7
8 7
1 5
2 5
3 6
4 7
11 6
12 5
13 5
14 6
15 7
7 7
15 7
13 6
14 7
6 7
13 6
14 7
9 7
5 7
1 7
4 7
9 7
1 7
9 7
8 7
7 6
8 7
8 5
9 6
10 7
10 7
8 5
9 6
10 7
8 5
9 6
10 7
9 6
10 7
7 7
5 7
7 7
8 7
1 5
2 6
3 7
1 7
6 7
8 7
13 5
14 6
15 7
7 7
6 3
7 2
8 3
9 4
10 5
11 6
12 7
10 6
11 7
9 7
1 7
6 5
7 6
8 7
1 7
11 6
12 6
13 7
7 7
12 7
14 5
15 6
16 7
12 7
1 7
9 5
10 6
11 7
5 6
6 7
4 6
5 7
12 2
13 3
14 4
15 5
16 6
17 7
12 7
7 7
7 7
6 4
7 5
8 6
9 7
2 7
9 5
10 6
11 7
17 7
1 7
8 7
7 7
7 6
8 5
9 1
10 2
11 3
12 4
13 5
14 6
15 7
1 7
5 7
10 3
11 4
12 5
13 6
14 7
1 2
2 3
3 4
4 5
5 6
6 7
3 7
12 7
11 6
12 7
7 7
9 6
10 6
11 6
12 7
9 5
10 4
11 4
12 5
13 6
14 7
7 7
10 6
11 6
12 7
7 7
8 7
13 4
14 3
15 4
16 5
17 6
18 7
2 7
13 5
14 6
15 7
8 7
7 5
8 6
9 7
9 7
1 7
9 7
5 6
6 7
6 7
8 5
9 6
10 7
6 7
7 7
8 4
9 4
10 5
11 6
12 7
1 7
1 5
2 5
3 5
4 6
5 7
8 7
13 6
14 7
5 6
6 7
10 7
8 7
6 7
1 6
2 7
7 7
1 2
2 3
3 4
4 5
5 6
6 7
11 7
9 7
5 7
7 5
8 6
9 7
9 7
11 6
12 7
1 7
7 7
12 7
8 7
8 7
9 7
12 7
9 7
9 7
6 7
8 7
10 7
9 7
5 7
10 7
1 7
11 7
8 7
11 7
8 7
9 6
7 6
7 6
8 6
9 6
9 6
8 6
2 6
7 6
8 6
7 6
1 6
2 6
17 6
7 6
4 6
8 6
8 6
10 6
7 6
7 6
7 6
7 4
8 5
9 6
10 6
7 5
8 6
6 6
9 6
7 6
12 6
9 6
7 6
9 6
8 6
9 6
12 6
8 6
4 6
7 6
6 6
2 6
3 6
11 6
7 6
12 6
8 6
8 6
11 5
12 6
13 6
6 6
7 6
8 6
7 6
6 6
7 4
8 5
9 6
13 6
12 6
6 6
1 6
8 6
7 6
11 6
5 6
8 6
11 6
9 6
5 6
10 6
7 6
7 6
7 6
7 6
8 6
5 6
9 6
6 6
7 6
7 6
7 6
8 6
14 6
7 6
7 6
16 6
1 6
6 6
8 6
2 5
3 5
4 6
7 6
8 6
7 6
8 6
7 6
13 6
9 6
3 6
8 6
8 5
9 6
12 6
8 6
21 6
4 6
6 6
27 6
1 6
7 6
8 6
8 6
5 6
7 6
10 6
7 6
6 6
1 6
7 6
7 6
8 6
8 6
14 6
10 6
8 6
7 6
8 6
13 6
14 6
9 6
8 6
10 6
5 6
8 6
9 6
8 6
5 6
15 6
8 6
11 6
7 6
1 6
6 6
15 6
9 6
11 6
8 6
6 6
7 6
7 6
10 6
3 6
6 6
7 6
5 6
6 6
8 6
6 6
5 6
7 6
8 6
9 6
13 6
1 6
10 6
7 6
8 6
8 6
6 6
6 5
7 6
2 6
1 6
1 6
9 6
6 6
10 3
11 4
12 5
13 6
5 6
6 6
27 6
12 6
4 6
8 6
1 6
7 6
8 6
10 6
8 6
1 6
10 6
6 6
8 6
9 6
9 6
8 6
10 6
14 6
8 5
9 6
9 6
5 6
6 6
5 6
10 4
11 5
12 6
9 6
14 6
10 6
6 6
12 6
7 6
11 6
6 6
11 6
16 6
9 6
6 6
7 6
1 6
12 6
11 6
8 6
7 6
9 6
1 6
4 6
11 6
6 6
4 6
3 6
6 6
14 6
12 6
9 6
7 6
1 6
8 6
6 6
7 6
10 6
8 6
6 6
9 6
4 6
4 6
9 5
10 6
5 6
1 6
8 6
12 6
9 6
8 6
1 6
7 6
10 6
8 6
5 6
4 6
2 6
1 6
8 6
1 6
5 6
7 6
3 6
1 6
15 6
5 6
6 3
7 4
8 5
9 5
10 6
12 6
11 6
15 6
9 6
3 6
1 6
8 6
7 6
9 6
7 6
1 6
11 5
12 6
1 3
2 4
3 5
4 6
7 6
11 6
8 6
11 6
9 6
13 6
9 6
6 6
5 6
6 6
6 6
1 6
13 6
7 6
6 5
7 6
8 5
9 6
6 6
3 6
13 6
1 6
10 6
8 6
9 6
6 6
10 6
5 6
10 6
3 6
7 6
7 6
9 6
6 6
13 4
14 5
15 6
9 6
11 6
10 6
8 6
8 6
7 6
6 6
8 6
10 6
7 6
1 6
11 6
9 6
11 6
5 5
6 6
2 6
7 6
7 6
6 6
17 5
18 6
6 6
9 6
8 6
36 6
1 6
8 6
8 6
10 6
21 6
5 6
11 6
11 6
8 6
8 5
9 6
1 6
3 6
6 6
22 6
8 4
9 4
10 5
11 6
22 6
6 6
9 5
10 2
11 3
12 4
13 5
14 6
10 6
1 2
2 3
3 4
4 5
5 6
5 5
6 6
9 4
10 5
11 6
10 6
10 6
13 5
14 6
8 6
8 5
9 6
11 6
28 6
6 6
7 6
6 6
9 6
15 5
16 6
10 6
9 6
7 6
10 6
1 6
9 6
21 6
6 6
10 6
10 6
8 5
9 6
10 6
7 6
5 6
13 4
14 5
15 6
1 6
7 6
21 6
13 6
7 6
4 6
1 5
2 6
26 6
6 6
1 6
1 6
6 6
9 6
13 4
14 5
15 6
4 6
6 4
7 5
8 6
10 5
11 6
8 6
4 4
5 5
6 6
8 6
7 6
1 5
2 6
10 6
1 6
7 6
12 6
6 6
8 6
11 5
12 6
7 5
8 6
5 6
20 5
21 6
9 6
10 6
4 4
5 5
6 6
5 6
1 6
4 6
7 6
6 6
8 6
2 6
1 6
8 6
8 6
9 5
10 6
6 6
9 5
10 6
10 5
11 6
20 6
8 4
9 4
10 5
11 6
9 6
9 6
8 6
9 6
10 5
11 6
7 6
8 6
6 6
1 6
11 6
6 6
7 6
7 6
1 6
6 6
8 6
6 6
6 6
1 6
3 6
3 6
7 6
9 2
10 3
11 4
12 5
13 6
5 6
8 2
9 3
10 4
11 5
12 6
6 6
13 6
7 5
8 6
6 6
8 5
9 6
9 5
10 4
11 4
12 5
13 6
14 6
8 6
11 6
10 6
4 6
10 6
17 3
18 4
19 5
20 6
1 2
2 2
3 2
4 3
5 4
6 5
7 6
6 6
10 6
10 6
1 6
16 4
17 3
18 4
19 5
20 6
10 6
10 6
6 5
7 6
1 6
7 5
8 6
1 6
32 3
33 4
34 5
35 6
7 6
7 6
9 3
10 2
11 2
12 3
13 4
14 5
15 6
5 6
8 6
5 4
6 5
7 6
9 6
8 4
9 4
10 5
11 6
14 5
15 6
3 6
5 6
6 6
5 6
8 5
9 5
10 5
11 6
1 6
7 6
11 6
1 6
8 4
9 5
10 6
8 6
21 6
6 6
1 6
7 6
8 6
7 6
6 5
7 6
5 6
10 6
1 6
12 6
12 6
10 4
11 4
12 5
13 6
8 6
6 6
1 4
2 5
3 6
7 6
13 5
14 6
9 6
8 6
6 6
6 5
7 6
10 6
5 5
6 6
8 5
9 6
5 6
25 1
26 2
27 3
28 4
29 5
30 6
7 2
8 3
9 4
10 5
11 6
8 4
9 5
10 6
9 5
10 6
7 6
10 6
8 6
7 6
12 6
4 3
5 4
6 5
7 6
2 6
1 6
12 5
13 4
14 5
15 6
7 6
9 6
8 6
5 6
11 6
2 6
7 6
4 6
8 6
9 6
9 3
10 2
11 3
12 4
13 5
14 6
9 6
6 6
8 6
7 6
7 6
1 5
2 6
10 5
11 4
12 5
13 6
12 6
6 6
8 6
10 6
8 5
9 5
10 6
1 1
2 2
3 3
4 4
5 5
6 6
7 5
8 6
7 6
0 0
1 1
2 2
3 3
4 4
5 5
6 6
7 6
8 5
9 6
2 6
8 6
9 5
10 6
7 4
8 5
9 6
6 6
10 6
7 6
8 6
12 6
5 6
0 0
1 1
2 2
3 3
4 4
5 5
6 6
8 6
1 6
9 5
10 6
9 2
10 1
11 2
12 3
13 4
14 5
15 6
7 4
8 5
9 6
13 6
12 6
11 6
11 6
8 1
9 2
10 3
11 4
12 5
13 6
10 6
1 6
34 3
35 1
36 2
37 3
38 4
39 5
40 6
15 6
7 5
8 4
9 4
10 5
11 6
9 6
7 6
1 6
7 6
10 6
8 6
7 6
6 6
2 6
9 6
11 6
9 6
8 6
10 5
12 5
11 5
5 5
9 5
26 4
27 5
7 5
7 5
6 5
7 5
7 5
12 5
10 5
7 5
9 5
15 5
7 5
9 5
8 5
8 5
8 5
7 5
4 5
8 5
11 5
9 5
11 5
8 5
1 5
7 4
8 5
17 5
10 5
8 4
9 5
9 4
10 5
9 5
1 5
2 5
13 4
14 5
6 5
11 5
5 5
6 5
9 5
7 5
11 5
9 5
7 5
1 5
7 5
7 5
13 5
7 5
8 5
9 5
6 5
8 5
9 5
9 5
12 5
8 5
3 4
4 5
8 5
8 5
1 5
9 5
8 5
4 5
8 5
5 5
8 5
10 5
9 5
2 5
9 5
8 5
11 5
1 5
8 5
1 5
5 3
6 4
7 5
8 4
9 5
9 5
11 5
11 5
12 5
14 5
3 5
6 5
14 5
9 5
7 5
10 5
9 5
8 5
2 4
3 5
1 5
9 5
8 5
1 5
5 5
10 5
2 5
9 5
9 5
9 5
2 5
7 5
7 5
10 5
6 5
7 5
5 5
8 5
15 5
8 4
9 5
5 5
11 5
11 5
7 5
1 5
15 4
16 5
15 5
7 5
6 5
4 5
5 5
5 5
8 5
9 5
1 5
7 5
3 5
4 5
2 5
7 5
14 5
8 5
9 5
1 5
6 5
8 5
6 5
9 5
1 5
8 5
12 5
7 5
2 5
7 5
5 5
9 5
9 5
8 5
10 4
11 4
12 5
7 5
12 5
10 5
13 5
1 5
11 5
6 5
3 5
13 5
9 5
2 5
7 5
7 5
13 5
16 5
2 5
11 5
9 5
12 5
9 5
17 5
11 5
7 5
9 5
5 5
10 5
1 5
8 5
9 5
7 5
7 5
5 5
5 4
6 4
7 5
28 5
7 5
11 5
11 5
1 3
2 4
3 5
3 5
4 5
4 5
4 5
2 5
5 5
1 5
10 5
7 5
7 5
1 5
1 5
13 5
8 5
5 5
20 5
3 5
8 5
11 5
12 5
4 5
1 5
7 5
7 5
9 5
7 5
6 5
8 5
7 5
13 5
6 5
7 5
11 5
14 5
10 4
11 5
5 5
6 5
1 5
1 5
7 5
6 5
7 5
1 5
9 5
11 5
15 5
1 5
1 5
7 5
1 5
10 5
1 5
8 4
9 5
4 5
1 5
1 5
1 5
9 5
7 5
5 5
4 5
1 5
1 5
10 5
7 5
8 5
1 5
8 5
7 5
1 5
8 5
5 5
8 5
29 5
27 5
12 5
8 5
7 5
7 5
8 4
9 5
5 5
10 5
4 5
6 4
7 4
8 5
10 5
10 5
8 5
12 5
8 4
9 5
5 5
5 3
6 4
7 5
6 5
2 5
8 5
8 5
2 5
10 4
11 5
10 4
11 4
12 5
5 5
4 5
1 3
2 4
3 5
9 4
10 5
8 5
9 5
3 5
12 5
2 5
13 5
8 5
6 5
1 5
6 5
21 5
7 5
5 5
6 5
8 5
5 5
6 5
7 5
9 5
8 5
7 5
10 4
11 3
12 4
13 5
9 5
5 4
6 5
8 5
6 5
11 5
9 3
10 3
11 4
12 5
10 5
8 5
6 5
8 5
7 5
9 5
2 5
8 5
7 5
8 5
6 5
25 5
7 5
2 5
5 5
7 5
8 5
4 5
8 5
7 5
11 5
13 5
4 5
7 5
8 5
1 5
10 4
11 5
9 4
10 5
9 5
9 5
3 5
5 5
8 5
6 4
7 5
1 5
9 5
10 4
11 5
7 5
6 4
7 5
7 5
7 5
3 5
9 3
10 4
11 5
6 5
8 4
9 4
10 5
6 5
2 5
10 5
6 5
2 5
8 5
7 5
5 5
6 5
10 5
7 5
8 5
6 5
5 5
10 5
11 4
12 5
5 5
9 4
10 2
11 3
12 4
13 5
6 5
9 5
13 5
9 5
1 4
2 3
3 4
4 5
7 5
6 5
6 5
9 4
10 5
7 5
7 5
3 5
9 5
3 5
17 4
18 5
5 5
1 5
2 5
7 5
7 5
1 5
11 5
7 5
10 5
1 5
8 5
1 5
13 5
4 5
9 4
10 4
11 5
5 5
9 4
10 5
8 5
9 5
2 5
6 5
6 5
9 3
10 4
11 5
8 5
2 5
3 5
2 3
3 3
4 4
5 5
7 5
12 3
13 4
14 5
7 5
17 4
18 5
3 5
5 5
1 5
9 5
7 5
8 5
9 5
9 4
10 4
11 5
10 4
11 4
12 5
11 5
7 4
8 5
5 3
6 4
7 5
13 2
14 3
15 4
16 5
7 5
4 5
5 5
4 5
6 5
11 5
1 5
8 4
9 5
6 5
8 2
9 3
10 4
11 5
8 5
6 5
8 5
8 5
1 4
2 5
1 5
7 4
8 5
8 4
9 5
9 5
10 4
11 4
12 5
1 5
15 5
6 3
7 4
8 5
5 5
3 5
8 4
9 5
15 4
16 5
5 5
6 5
6 5
1 5
3 5
8 5
6 3
7 4
8 5
9 4
10 5
8 5
6 4
7 5
10 5
11 3
12 4
13 5
4 5
13 5
10 5
11 5
1 5
10 5
4 5
8 4
9 5
10 2
11 3
12 4
13 5
8 5
1 4
2 5
6 5
1 5
7 5
1 4
2 5
12 5
10 2
11 3
12 4
13 5
1 5
7 5
11 5
10 5
8 5
6 5
2 5
3 5
7 4
8 5
11 2
12 3
13 4
14 5
10 5
9 5
8 4
9 5
2 5
5 5
8 5
8 5
7 5
14 5
3 4
4 5
11 5
6 5
28 5
1 3
2 4
3 5
12 4
13 5
3 2
4 3
5 4
6 5
1 4
2 5
9 3
10 4
11 5
10 5
14 5
1 5
5 5
1 5
8 5
9 4
10 4
11 5
6 5
5 5
4 5
1 5
9 5
12 5
15 4
16 5
7 5
12 4
13 5
2 5
7 5
10 5
10 5
6 5
4 5
7 5
7 5
1 4
2 5
2 2
3 3
4 4
5 5
1 3
2 4
3 2
4 3
5 4
6 4
7 5
8 5
5 5
3 5
8 4
9 2
10 3
11 4
12 5
15 5
6 4
7 5
28 5
9 3
10 4
11 5
6 5
2 5
8 5
4 4
5 5
1 4
2 5
6 5
6 5
26 2
27 3
28 4
29 5
1 5
9 5
4 4
5 5
9 5
9 5
7 4
8 3
9 4
10 5
7 5
7 5
9 4
10 5
6 4
7 4
8 5
8 5
5 4
6 5
1 5
8 3
9 3
10 4
11 5
1 2
2 3
3 4
4 5
7 5
8 5
10 3
11 4
12 5
8 5
1 5
5 5
1 5
5 5
1 3
2 4
3 5
16 5
4 5
5 5
1 5
7 5
7 4
8 5
7 5
12 5
10 5
6 5
8 2
9 3
10 4
11 5
17 5
3 5
1 3
2 4
3 5
6 5
10 3
11 4
12 5
8 5
4 5
8 5
1 5
6 5
9 4
10 5
3 5
7 5
8 3
9 2
10 3
11 4
12 5
1 5
7 5
1 3
2 4
3 5
9 2
10 3
11 4
12 5
9 5
11 5
5 5
8 4
9 5
16 5
1 5
2 5
11 4
12 5
4 5
9 3
10 4
11 5
13 2
14 3
15 4
16 5
10 5
13 4
14 5
1 5
5 4
6 5
10 3
11 4
12 5
10 2
11 3
12 4
13 5
6 5
1 5
7 4
8 3
9 4
10 5
7 5
8 3
9 4
10 5
0 0
1 1
2 2
3 3
4 4
5 5
10 4
11 5
1 5
8 5
1 3
2 4
3 5
9 5
12 3
13 3
14 4
15 5
4 5
1 5
7 5
5 5
7 5
4 5
1 4
2 5
8 5
5 4
6 5
3 5
24 5
8 5
11 5
7 5
6 2
7 3
8 4
9 5
9 4
10 5
10 4
11 5
6 5
1 1
2 1
3 2
4 3
5 4
6 5
16 2
17 3
18 4
19 5
10 4
11 5
11 4
12 4
13 5
7 5
27 5
7 3
8 4
9 5
7 5
13 5
9 1
10 2
11 3
12 4
13 5
1 3
2 4
3 5
3 5
14 4
15 5
6 5
9 5
8 3
9 4
10 5
7 5
8 3
9 4
10 5
5 4
6 5
11 5
8 3
9 4
10 4
11 5
7 5
3 4
4 5
8 5
11 3
12 3
13 4
14 5
8 5
11 5
8 3
9 4
10 5
2 5
6 3
7 4
8 5
11 2
12 3
13 4
14 5
8 3
9 1
10 2
11 3
12 4
13 5
27 2
28 3
29 4
30 5
33 2
34 3
35 4
36 5
1 5
14 5
7 5
7 5
6 5
10 5
10 5
3 5
9 5
1 5
18 4
8 4
9 4
8 4
8 4
6 4
30 4
8 4
12 4
10 4
2 4
9 4
9 4
7 4
10 4
10 4
8 4
9 4
3 4
11 4
7 4
5 4
10 4
8 4
1 4
6 4
5 4
13 4
5 4
6 4
1 3
2 4
9 4
11 4
14 4
10 4
8 4
11 4
10 3
11 4
1 4
5 4
8 4
7 4
9 4
8 4
10 4
27 4
1 4
7 4
13 4
6 4
8 4
5 4
9 4
9 4
9 4
9 4
1 4
3 4
8 4
8 4
16 4
9 4
10 4
11 4
14 4
6 4
10 3
11 4
9 4
1 4
9 4
14 3
15 4
13 4
11 4
5 3
6 4
4 4
8 4
8 4
3 4
7 4
9 4
8 4
8 4
7 4
1 4
9 4
10 4
10 4
6 4
16 4
4 4
8 4
5 4
1 4
12 4
8 4
1 4
12 4
6 3
7 3
8 4
6 4
8 4
9 4
12 4
9 4
8 4
9 4
9 4
7 4
7 4
7 4
8 4
12 4
7 4
8 4
5 4
5 4
7 4
8 4
1 4
6 4
12 4
1 4
1 4
9 4
8 4
8 4
1 4
8 4
7 4
4 4
10 4
8 4
1 4
4 4
12 4
7 4
4 4
3 4
5 4
10 4
8 3
9 3
10 4
12 4
9 4
9 4
5 4
2 4
25 4
9 4
8 4
1 4
8 4
12 4
6 4
10 4
5 3
6 4
9 4
18 4
7 4
5 4
8 4
16 4
9 4
1 4
10 4
17 4
8 4
3 4
10 4
9 4
8 4
12 4
9 4
8 3
9 4
2 4
15 4
13 4
8 4
9 4
10 4
15 4
4 4
7 4
8 4
8 4
6 4
12 4
9 4
4 4
1 2
2 3
3 4
3 4
8 4
1 4
10 4
2 3
3 4
8 4
13 4
9 4
1 4
6 4
1 4
7 4
8 4
8 4
10 4
1 4
1 1
2 2
3 3
4 4
5 4
6 4
9 4
6 4
9 4
9 4
11 4
10 4
11 4
6 4
13 4
1 4
8 4
2 4
12 4
5 4
9 4
1 4
14 4
8 4
3 4
2 4
8 4
4 4
1 4
2 4
8 4
11 4
9 3
10 4
9 4
7 4
5 4
5 3
6 4
21 4
9 4
1 4
2 4
11 4
7 4
1 4
1 4
2 4
5 4
7 4
10 4
7 4
9 4
9 4
6 4
8 4
8 4
2 4
8 4
4 4
10 4
14 4
9 4
6 4
9 4
9 4
7 4
7 4
6 4
1 3
2 4
11 4
9 4
8 4
1 4
11 4
5 4
6 4
6 4
7 4
8 4
9 4
6 4
6 4
5 4
8 4
7 4
6 3
7 4
1 4
7 4
3 4
1 4
8 4
14 4
7 4
10 4
5 4
5 4
1 4
8 4
8 4
9 4
11 2
12 3
13 4
9 4
15 4
1 3
2 4
5 4
11 4
8 4
2 4
1 3
2 4
1 4
9 4
11 4
2 4
1 4
6 4
4 4
1 4
4 4
6 4
10 4
6 4
8 4
7 4
1 4
2 4
14 4
1 4
9 3
10 2
11 3
12 4
1 4
8 4
1 4
9 3
10 4
10 4
11 4
6 4
10 4
12 4
8 4
15 4
6 4
8 4
9 3
10 1
11 2
12 3
13 4
7 4
9 3
10 4
13 4
1 4
1 4
2 4
9 4
1 4
11 4
7 4
10 4
6 4
6 4
1 4
8 4
9 4
12 4
1 4
8 4
9 4
6 4
4 4
13 4
1 4
5 3
6 4
6 4
6 4
4 4
3 4
10 4
12 4
11 3
12 4
14 4
8 4
6 4
6 4
1 4
9 4
9 4
5 4
10 4
9 4
5 4
7 4
7 4
9 4
8 4
7 4
6 4
1 3
2 4
1 4
7 3
8 4
9 4
13 4
2 4
8 4
7 4
12 4
12 4
8 4
1 4
2 4
2 4
7 4
13 4
17 4
8 4
8 4
7 4
8 4
5 4
4 4
8 4
6 4
10 3
11 4
13 4
1 4
8 4
8 4
8 4
8 4
11 4
6 4
8 4
8 4
3 4
11 4
5 3
6 4
9 3
10 4
1 4
2 4
9 4
12 4
9 3
10 4
5 4
5 4
9 2
10 3
11 4
4 4
11 3
12 4
10 4
7 4
9 4
1 4
14 3
15 3
16 4
4 4
14 4
10 4
10 4
8 4
4 4
4 4
2 4
4 4
8 4
1 4
1 1
2 1
3 2
4 3
5 4
7 4
8 4
9 4
9 4
9 4
35 4
10 2
11 3
12 4
7 3
8 4
8 3
9 3
10 4
1 4
7 4
4 4
13 4
1 3
2 4
1 4
14 4
16 4
8 4
10 4
7 4
10 4
9 4
1 4
7 4
20 3
21 4
8 4
5 4
5 4
9 4
8 4
5 4
15 4
1 4
2 4
10 1
11 2
12 3
13 4
2 4
8 4
9 4
10 4
1 4
6 4
11 4
1 2
2 3
3 4
1 4
19 3
20 4
8 4
5 4
1 4
10 3
11 3
12 4
8 4
1 4
5 4
5 4
12 3
13 4
8 4
9 4
4 3
5 4
13 3
14 4
8 4
2 4
10 3
11 4
11 4
9 3
10 4
10 4
12 4
1 4
1 4
8 4
10 4
1 4
1 4
16 4
12 1
13 2
14 3
15 4
6 4
10 4
7 4
11 4
7 4
1 3
2 4
10 3
11 4
1 3
2 4
9 4
10 2
11 3
12 4
9 4
8 4
8 3
9 4
8 4
6 4
1 4
6 3
7 4
7 4
9 4
5 4
1 4
9 2
10 3
11 4
1 4
11 4
1 4
9 4
14 4
11 1
12 2
13 3
14 4
2 2
3 2
4 2
5 3
6 4
9 4
10 4
2 3
3 3
4 4
3 4
16 4
1 4
8 3
9 4
6 1
7 2
8 3
9 4
7 4
7 4
11 3
12 4
7 4
14 4
8 4
7 4
2 3
3 4
10 4
9 2
10 3
11 4
1 4
7 3
8 3
9 4
6 4
8 4
12 3
13 4
1 4
9 3
10 4
28 3
29 4
9 1
10 2
11 3
12 4
8 4
7 4
9 4
15 3
16 4
8 4
8 4
4 4
9 3
10 4
1 3
2 4
1 4
1 4
1 3
2 4
1 4
8 4
1 4
1 3
2 2
3 3
4 4
3 2
4 3
5 4
6 4
9 3
10 4
11 4
7 4
17 4
9 3
10 3
11 4
8 4
8 4
7 3
8 2
9 3
10 3
11 4
8 4
16 4
7 4
14 4
11 3
12 4
1 3
2 4
5 4
3 4
1 4
5 3
6 4
6 4
10 4
2 4
12 4
1 4
16 1
17 2
18 2
19 3
20 4
10 4
14 3
15 3
16 4
5 4
15 4
2 3
3 4
2 4
1 4
13 4
7 4
11 2
12 1
13 2
14 3
15 4
10 4
2 4
6 4
1 4
1 3
2 3
3 4
1 4
1 4
7 3
8 4
12 3
13 4
8 4
5 3
6 4
9 4
5 4
6 3
7 4
1 3
2 4
6 4
8 4
1 4
6 4
7 2
8 3
9 4
10 4
1 2
2 2
3 3
4 4
3 1
4 2
5 3
6 4
10 4
7 4
7 4
8 4
10 4
19 1
20 2
21 3
22 4
9 4
13 3
14 4
10 3
11 4
7 3
8 4
9 4
12 4
8 4
8 3
9 4
5 3
6 4
6 4
13 4
26 4
6 4
6 4
16 3
17 4
0 0
1 1
2 2
3 3
4 4
1 1
2 2
3 3
4 4
2 4
1 4
6 4
1 4
11 4
1 3
2 4
8 4
2 4
11 2
12 3
13 4
10 4
7 4
1 4
1 3
2 4
3 4
7 4
1 4
11 3
12 4
6 3
7 4
1 4
10 4
7 4
6 4
2 4
10 4
5 4
9 2
10 3
11 4
7 4
1 1
2 2
3 3
4 4
0 0
1 1
2 2
3 3
4 4
4 2
5 3
6 4
4 4
9 2
10 3
11 4
11 4
0 0
1 1
2 2
3 3
4 4
8 4
8 3
9 3
10 4
7 3
8 4
8 3
9 4
4 4
1 4
3 4
11 2
12 3
13 4
23 3
24 4
39 4
12 2
13 3
14 4
3 3
4 4
12 4
18 4
9 4
1 3
2 4
2 4
1 3
2 4
1 4
1 4
7 4
1 4
9 4
6 4
9 4
7 4
14 3
15 4
14 3
15 2
16 3
17 3
18 4
10 4
8 4
1 3
2 4
10 4
2 4
8 4
10 4
4 4
9 3
10 4
5 4
9 1
10 2
11 3
12 4
1 3
2 4
9 4
8 4
10 4
1 3
2 4
11 3
12 4
8 2
9 3
10 4
10 3
11 4
5 4
16 4
10 2
11 3
12 4
1 4
6 4
7 4
9 3
10 3
11 3
12 4
1 4
7 4
0 0
1 1
2 2
3 3
4 4
0 0
1 1
2 2
3 3
4 4
2 3
3 4
7 4
9 3
10 4
12 3
13 4
11 4
5 3
6 4
12 2
13 3
14 4
0 0
1 1
2 2
3 3
4 4
21 4
4 4
1 3
2 4
12 3
13 4
9 4
5 4
2 3
3 4
6 3
7 4
8 4
7 4
9 4
12 4
1 4
7 2
8 1
9 2
10 3
11 4
9 3
10 4
1 4
8 4
4 2
5 1
6 2
7 3
8 4
8 4
10 4
1 3
2 4
7 4
14 3
15 4
9 4
9 4
0 0
1 1
2 2
3 3
4 4
6 4
10 4
1 4
10 4
13 3
14 4
3 3
4 4
12 4
1 3
2 4
16 4
18 4
12 3
13 4
10 2
11 3
12 4
7 2
8 3
9 4
9 3
10 4
1 4
7 4
1 4
6 4
8 4
10 3
11 3
12 4
11 4
1 2
2 3
3 4
5 2
6 3
7 4
1 4
2 4
11 3
12 4
7 3
8 4
8 3
9 4
8 4
8 4
3 4
1 4
1 4
6 4
7 4
10 4
12 4
15 3
16 4
11 4
1 4
12 4
19 1
20 1
21 2
22 3
23 4
1 1
2 2
3 3
4 4
6 4
12 4
10 4
11 4
4 4
20 3
21 4
10 4
10 3
11 4
0 0
1 1
2 2
3 3
4 4
10 3
11 3
12 4
9 2
10 2
11 3
12 4
1 3
2 2
3 3
4 4
0 0
1 1
2 2
3 3
4 4
20 2
21 3
22 4
6 2
7 3
8 4
14 2
15 3
16 4
9 4
8 4
1 4
6 4
11 4
1 1
2 2
3 3
4 4
9 4
1 4
8 4
11 2
12 1
13 2
14 3
15 4
13 4
7 2
8 3
9 4
2 4
5 2
6 3
7 4
1 4
10 4
10 1
11 2
12 3
13 4
9 3
10 3
11 4
10 4
9 3
10 3
11 4
9 3
10 4
10 4
7 3
8 3
9 4
5 1
6 2
7 3
8 4
6 4
10 4
7 4
1 4
12 4
7 4
10 4
9 4
7 4
7 4
1 1
2 1
3 2
4 3
5 4
7 4
8 4
1 3
2 4
7 4
8 4
7 3
8 4
5 1
6 1
7 2
8 3
9 4
7 4
1 4
10 3
11 4
9 3
10 4
6 4
9 3
10 4
1 4
9 3
10 4
1 4
10 4
12 3
13 4
1 4
0 0
1 1
2 2
3 3
4 4
3 3
4 4
1 4
9 4
11 3
12 3
13 4
10 3
11 3
12 4
1 1
2 2
3 3
4 3
5 4
8 3
9 4
5 4
10 3
11 4
0 0
1 1
2 2
3 3
4 4
9 4
4 1
5 2
6 3
7 4
6 4
1 4
10 3
11 4
8 4
10 4
7 4
1 2
2 3
3 4
7 3
8 4
7 4
12 4
4 4
4 4
13 2
14 3
15 4
7 4
9 4
9 4
9 1
10 2
11 3
12 4
8 2
9 3
10 4
9 4
1 4
1 3
10 3
8 3
10 3
4 3
11 3
10 3
26 3
8 3
10 3
7 3
6 3
19 3
1 3
8 3
7 3
6 3
18 3
8 3
9 3
27 3
6 3
11 3
7 3
9 3
7 3
11 3
9 3
1 3
11 3
7 3
8 3
15 3
9 3
5 3
9 3
6 3
2 3
7 3
5 3
10 3
9 3
10 3
6 3
3 3
4 3
4 3
1 2
2 3
9 3
7 3
15 3
4 3
9 3
9 3
6 3
3 3
10 3
13 3
8 3
9 3
9 3
10 3
25 3
15 3
11 3
9 3
9 3
17 3
10 3
11 3
11 3
12 3
13 3
15 3
5 3
9 3
11 3
1 3
1 3
10 3
8 3
7 3
26 3
1 3
1 3
9 2
10 3
7 3
1 3
11 3
15 3
2 3
7 3
8 3
1 3
7 3
9 3
4 3
11 3
17 3
9 3
7 3
1 3
12 3
7 3
9 3
8 3
7 3
8 3
6 3
6 3
7 3
9 2
10 3
7 3
4 3
11 3
10 3
12 3
7 2
8 2
9 3
7 3
15 3
1 3
8 3
16 3
10 3
1 3
10 2
11 3
10 2
11 3
7 3
8 3
1 3
17 3
9 3
1 3
8 3
6 1
7 2
8 3
1 3
4 3
2 3
9 3
6 3
10 3
20 3
9 3
4 3
7 3
8 3
7 3
1 1
2 2
3 3
9 3
6 3
13 3
11 3
2 3
9 3
27 3
8 3
9 3
28 2
29 3
7 1
8 2
9 3
6 1
7 1
8 2
9 3
13 3
1 3
9 2
10 2
11 3
13 3
1 3
7 3
8 3
29 3
3 3
7 3
1 3
12 3
3 3
6 3
6 3
1 3
10 3
26 3
14 3
8 3
7 3
10 3
22 3
1 3
1 3
7 3
6 3
2 3
1 2
2 3
2 3
5 3
7 3
11 3
10 3
8 3
1 3
11 3
1 3
8 3
7 3
9 3
10 3
1 3
24 3
8 3
9 3
2 3
1 3
6 2
7 3
1 3
10 3
6 3
10 3
10 3
8 3
1 3
5 3
1 3
11 3
2 3
1 3
2 3
10 3
1 3
8 3
6 3
10 3
31 3
1 3
3 3
6 3
1 3
3 3
5 3
10 3
1 3
1 3
7 3
1 3
1 3
7 3
7 3
1 3
14 3
1 3
8 3
1 3
1 3
30 3
8 3
19 3
1 3
7 3
1 3
5 3
14 3
1 3
9 3
20 3
10 3
11 3
7 3
7 3
5 3
8 3
8 3
7 3
7 3
8 3
10 1
11 2
12 3
9 3
6 3
10 3
4 3
7 3
6 3
10 3
6 3
1 3
8 2
9 3
1 3
8 3
21 3
3 3
1 3
9 3
13 3
1 3
15 3
10 3
1 3
10 3
8 2
9 3
9 3
19 3
4 3
1 3
7 3
1 1
2 2
3 3
11 2
12 3
8 3
2 3
10 3
13 3
7 2
8 3
1 3
6 2
7 3
7 3
1 3
5 3
10 3
9 3
8 3
1 3
12 3
6 3
0 0
1 1
2 2
3 3
1 3
12 3
20 2
21 1
22 2
23 3
4 3
6 3
1 3
4 3
1 3
8 3
3 1
4 2
5 3
10 3
8 2
9 3
11 2
12 3
1 1
2 2
3 3
1 3
1 3
8 3
4 3
5 3
3 3
1 3
8 3
13 2
14 3
10 3
7 3
5 3
8 3
12 3
1 3
11 2
12 1
13 2
14 3
7 3
11 2
12 3
14 2
15 3
1 2
2 3
1 3
4 3
1 3
6 3
7 3
5 3
11 3
14 3
7 1
8 2
9 3
1 2
2 3
14 3
5 3
1 3
1 2
2 2
3 3
8 3
10 3
0 0
1 1
2 2
3 3
9 3
8 3
1 3
2 3
6 3
1 3
1 3
10 3
9 3
26 3
8 3
13 3
10 3
12 3
1 3
19 3
7 3
28 2
29 3
4 2
5 3
6 3
3 3
1 2
2 2
3 3
10 3
1 2
2 3
7 3
4 3
7 3
7 3
2 3
1 3
15 3
1 2
2 3
1 3
1 3
1 3
1 3
10 2
11 3
9 2
10 3
8 3
15 3
1 3
8 3
1 3
0 0
1 1
2 2
3 3
1 2
2 3
1 3
2 3
6 3
9 3
7 3
14 3
2 3
10 3
8 3
3 3
6 3
7 3
8 3
8 3
6 3
13 1
14 2
15 3
8 2
9 3
11 3
4 3
8 3
10 3
8 2
9 3
8 3
1 3
5 3
2 1
3 2
4 3
10 3
10 3
1 3
1 3
8 3
1 2
2 3
10 3
9 3
1 3
7 3
10 3
6 2
7 3
1 3
10 3
1 3
6 3
1 3
1 3
8 3
1 3
4 3
28 3
4 2
5 3
10 3
1 3
11 3
9 3
1 3
1 3
9 2
10 3
1 3
2 3
1 3
11 2
12 3
13 3
2 3
10 3
4 3
1 3
1 3
8 3
7 3
4 3
8 3
2 3
1 3
1 3
7 3
4 3
6 3
9 3
1 2
2 3
9 3
1 3
8 2
9 3
10 3
8 3
1 3
4 3
21 3
11 3
9 3
1 3
6 2
7 3
8 3
5 3
7 3
1 3
1 3
4 3
1 2
2 3
1 3
10 3
6 3
10 3
10 3
7 3
10 3
10 2
11 3
1 3
5 3
17 3
11 3
8 2
9 3
10 3
1 3
10 3
10 3
9 3
9 3
13 1
14 2
15 3
6 3
9 3
7 3
6 3
8 3
12 3
8 3
10 3
11 3
5 2
6 2
7 3
1 1
2 2
3 3
16 2
17 3
1 2
2 3
5 2
6 2
7 3
7 3
1 3
9 2
10 3
3 3
1 3
5 2
6 3
3 3
1 3
1 3
6 3
2 2
3 3
10 3
18 2
19 3
9 2
10 3
9 3
12 3
4 3
9 3
8 3
10 1
11 2
12 3
10 3
1 3
9 2
10 3
11 2
12 3
2 3
1 3
1 3
11 3
1 3
9 3
6 3
12 3
1 3
10 3
1 1
2 2
3 3
9 3
1 3
10 2
11 3
1 3
1 3
10 3
1 3
1 3
8 3
11 2
12 3
8 3
1 3
3 3
1 3
11 3
8 2
9 3
6 3
1 3
1 3
8 3
11 1
12 2
13 3
1 3
6 3
8 2
9 3
12 3
3 3
9 3
2 3
0 0
1 1
2 2
3 3
8 3
6 3
12 3
7 3
14 3
15 3
8 3
1 2
2 2
3 3
8 3
1 1
2 2
3 3
6 3
8 3
12 3
1 3
10 3
7 3
4 3
2 2
3 3
6 2
7 3
6 3
8 2
9 2
10 3
11 3
9 3
8 2
9 3
12 3
1 3
27 1
28 1
29 2
30 3
9 3
12 2
13 3
1 3
10 2
11 3
7 2
8 3
4 3
6 3
1 2
2 3
2 2
3 3
0 0
1 1
2 2
3 3
1 2
2 2
3 3
7 3
5 3
7 3
7 3
6 3
6 3
7 2
8 3
7 3
14 3
9 3
5 2
6 1
7 1
8 2
9 3
8 2
9 3
10 2
11 3
9 3
0 0
1 1
2 2
3 3
6 3
10 3
23 3
2 2
3 3
9 3
8 3
10 2
11 2
12 3
9 3
6 2
7 3
14 3
1 3
12 3
7 2
8 3
5 3
8 3
1 3
6 3
6 3
8 3
1 2
2 3
9 3
1 3
1 3
4 3
5 3
13 3
13 3
6 3
7 3
10 3
5 3
14 3
9 3
10 2
11 3
1 3
1 2
2 3
11 3
8 3
10 3
1 3
1 3
9 3
1 3
6 3
1 2
2 3
14 2
15 3
1 1
2 2
3 3
7 3
6 3
6 3
8 2
9 3
9 3
1 3
1 2
2 3
6 2
7 3
15 3
3 2
4 3
8 3
5 3
19 2
20 3
8 3
1 3
9 3
6 3
1 3
9 3
9 1
10 2
11 3
7 3
4 3
7 3
1 2
2 3
9 3
5 3
5 3
9 2
10 3
16 2
17 2
18 3
1 3
1 1
2 1
3 2
4 3
8 3
10 3
6 3
8 2
9 1
10 2
11 3
1 3
2 3
1 3
1 3
2 3
10 3
10 3
8 3
1 3
1 3
8 3
12 1
13 2
14 3
1 3
6 3
9 1
10 1
11 2
12 3
1 3
18 3
5 2
6 3
3 2
4 3
5 2
6 3
9 3
10 3
1 2
2 3
1 3
7 3
2 3
9 3
9 2
10 3
4 2
5 3
8 3
9 3
8 2
9 3
11 3
1 3
7 3
1 2
2 3
10 2
11 3
7 2
8 2
9 3
2 3
1 2
2 3
8 3
3 3
2 3
10 2
11 3
1 3
6 3
1 3
1 3
5 2
6 2
7 3
5 3
28 3
4 2
5 2
6 3
3 3
9 3
23 3
9 2
10 3
1 3
8 2
9 3
6 3
9 2
10 3
10 3
1 3
9 3
7 2
8 3
6 3
1 3
2 2
3 3
12 2
13 3
3 3
11 3
6 3
5 3
5 3
7 3
9 1
10 2
11 3
5 2
6 3
1 3
9 3
7 3
0 0
1 1
2 2
3 3
1 3
14 2
15 3
9 3
25 3
1 1
2 1
3 2
4 3
28 3
10 3
1 3
11 2
12 3
9 1
10 2
11 3
1 1
2 2
3 3
7 3
5 3
1 3
7 2
8 3
9 3
28 2
29 3
8 2
9 3
2 3
1 3
8 3
13 2
14 3
7 2
8 3
5 3
12 3
8 2
9 3
10 2
11 3
8 2
9 2
10 3
8 3
10 3
9 3
1 3
13 3
1 2
2 3
7 3
8 3
10 3
1 3
10 2
11 3
10 3
6 3
12 3
31 2
32 2
33 3
1 3
5 3
8 3
1 2
2 3
6 3
12 3
10 1
11 2
12 3
19 3
1 1
2 2
3 3
15 2
16 3
1 3
1 3
1 3
7 3
1 3
0 0
1 1
2 2
3 3
10 3
9 2
10 3
1 2
2 3
6 1
7 2
8 3
0 0
1 1
2 2
3 3
9 2
10 1
11 2
12 3
9 3
9 3
1 1
2 1
3 2
4 3
5 2
6 3
3 3
8 3
6 3
14 3
7 3
1 1
2 2
3 3
14 3
1 2
2 3
1 3
6 3
12 3
7 3
7 3
11 2
12 3
10 3
1 3
1 3
7 2
8 1
9 1
10 2
11 3
0 0
1 1
2 2
3 3
8 3
9 3
1 3
10 3
8 3
1 3
6 3
9 3
0 0
1 1
2 2
3 3
10 2
11 3
1 2
2 3
2 3
10 3
12 3
10 2
11 3
9 3
8 3
4 3
9 3
1 3
12 2
13 3
7 3
11 3
10 2
11 3
1 3
1 3
1 3
9 2
10 3
20 2
21 3
1 2
2 3
6 3
5 3
11 3
1 3
8 2
9 3
7 2
8 2
9 2
10 3
1 3
4 2
5 3
1 3
7 3
11 3
10 3
12 1
13 2
14 3
8 3
16 3
11 2
12 3
0 0
1 1
2 2
3 3
1 3
12 3
9 3
2 3
11 3
1 1
2 2
3 3
11 1
12 2
13 3
9 3
1 3
1 3
8 3
12 3
12 3
1 2
2 3
7 3
9 3
4 2
5 3
10 3
1 3
7 3
1 2
2 3
9 3
1 3
9 2
10 3
2 1
3 2
4 3
8 2
9 3
6 3
11 2
12 2
13 3
10 3
7 3
6 3
21 2
22 3
2 3
9 3
12 3
12 3
1 3
7 3
6 3
10 2
11 3
1 3
0 0
1 1
2 2
3 3
6 3
17 2
18 3
4 2
5 3
14 3
10 3
8 3
1 3
17 3
10 3
10 3
8 3
10 3
6 3
1 3
7 3
1 1
2 2
3 3
1 3
1 3
8 3
10 2
11 3
7 3
1 2
2 2
3 3
9 3
0 0
1 1
2 2
3 3
1 2
2 3
2 3
8 3
6 3
0 0
1 1
2 2
3 3
1 3
0 0
1 1
2 2
3 3
11 3
3 3
2 3
0 0
1 1
2 2
3 3
8 3
5 1
6 2
7 3
8 2
9 3
1 3
8 2
9 3
1 3
13 3
7 3
2 3
1 1
2 2
3 3
8 3
7 3
0 0
1 1
2 2
3 3
1 2
2 3
1 3
1 3
1 1
2 2
3 3
2 3
1 3
0 0
1 1
2 2
3 3
7 2
8 3
2 3
1 1
2 2
3 3
11 1
12 2
13 3
5 3
1 3
31 3
1 3
9 3
1 1
2 2
3 3
7 3
1 2
2 2
3 3
8 3
4 1
5 2
6 3
1 3
6 3
8 1
9 2
10 3
8 1
9 2
10 3
1 2
2 3
12 3
7 3
11 3
6 3
8 3
6 3
8 3
11 3
3 3
5 1
6 2
7 3
2 2
3 3
2 2
3 3
7 1
8 2
9 3
13 3
13 3
4 3
10 3
1 3
10 3
5 2
6 2
7 3
1 3
6 3
7 3
7 3
1 3
1 3
7 3
9 2
10 3
5 3
11 3
1 3
10 3
7 3
12 3
7 3
9 2
10 3
3 3
10 3
10 2
11 2
12 3
12 3
9 2
10 3
7 2
8 3
1 2
2 3
9 1
10 2
11 3
2 3
9 3
6 2
7 3
7 3
0 0
1 1
2 2
3 3
1 2
2 3
1 3
1 1
2 2
3 3
1 3
2 3
8 1
9 2
10 3
0 0
1 1
2 2
3 3
0 0
1 1
2 2
3 3
9 3
1 3
8 3
9 2
10 3
8 3
1 3
0 0
1 1
2 2
3 3
9 2
10 3
8 2
9 3
6 3
10 3
9 3
6 3
8 3
10 1
11 2
12 3
2 2
3 3
7 2
8 3
10 2
11 3
28 2
29 2
30 3
8 3
1 3
14 3
11 2
12 3
6 3
9 2
10 3
10 3
1 3
5 2
6 3
1 3
8 1
9 2
10 3
1 3
3 2
4 3
11 3
1 2
2 3
5 3
1 3
8 1
9 2
10 3
1 3
8 3
7 3
7 2
8 1
9 2
10 3
1 3
8 3
1 3
8 3
10 1
11 2
12 3
21 1
22 2
23 3
10 3
10 3
11 3
8 3
9 3
9 1
10 2
11 3
5 3
1 3
0 0
1 1
2 2
3 3
8 3
9 3
8 3
1 2
2 3
6 2
7 3
8 2
9 3
6 2
7 2
8 1
9 1
10 2
11 3
1 1
2 2
3 3
12 3
7 3
9 3
1 1
2 2
3 3
1 3
1 1
2 2
3 3
9 3
6 3
12 3
1 3
0 0
1 1
2 2
3 3
1 3
11 1
12 2
13 3
1 3
7 1
8 2
9 3
6 2
7 3
7 2
8 3
13 3
0 0
1 1
2 2
3 3
7 2
8 3
5 3
1 1
2 2
3 3
1 3
11 3
1 3
6 2
7 3
1 2
2 3
2 3
28 3
1 3
2 2
3 2
4 3
11 2
12 3
6 2
7 3
11 2
12 2
13 3
6 3
9 3
0 0
1 1
2 2
3 3
1 3
9 3
8 3
1 3
1 2
2 3
0 0
1 1
2 2
3 3
12 3
8 2
9 3
6 3
1 2
2 3
0 0
1 1
2 2
3 3
1 3
10 2
11 1
12 2
13 3
16 3
13 2
14 3
0 0
1 1
2 2
3 3
6 3
7 1
8 2
9 3
11 2
12 3
5 3
10 3
6 3
12 3
1 3
12 3
1 2
2 3
7 3
0 0
1 1
2 2
3 3
7 3
11 3
9 3
20 2
21 3
7 2
8 2
9 2
15 2
6 2
6 2
2 2
6 2
9 2
1 2
6 2
1 2
13 2
14 2
15 2
11 2
1 2
6 2
8 2
13 2
14 2
10 2
7 2
1 2
7 2
8 2
9 2
12 2
1 2
5 2
1 2
19 2
9 2
26 2
7 2
8 2
9 2
10 2
1 2
2 2
1 2
5 2
5 2
1 2
9 2
10 2
1 2
8 2
6 2
7 2
7 2
13 2
2 2
1 2
9 2
1 2
7 2
27 2
2 2
8 2
9 2
8 2
8 2
6 1
7 2
9 2
9 2
10 2
1 2
9 2
11 2
1 2
5 2
10 1
11 2
16 2
7 2
1 2
7 2
10 2
7 2
5 2
6 2
9 2
9 2
13 2
8 2
4 2
11 2
6 2
9 2
8 2
8 2
8 2
3 2
8 2
8 2
8 2
1 2
0 0
1 1
2 2
6 2
9 1
10 2
1 1
2 2
3 2
12 2
8 2
1 2
9 2
1 2
11 2
9 2
3 2
4 2
25 2
7 2
13 2
10 2
7 2
4 2
17 2
10 2
17 2
11 2
2 2
9 2
1 2
1 2
9 2
1 2
10 2
1 2
8 2
1 1
2 2
9 2
1 2
13 2
13 2
10 2
5 2
1 2
5 2
1 2
1 2
2 1
3 2
8 2
9 2
1 2
3 2
1 2
10 2
1 2
1 2
1 2
1 2
9 2
8 2
9 2
16 2
7 2
11 2
7 2
5 2
3 2
9 2
1 2
7 2
7 2
7 2
1 2
8 2
19 2
8 2
14 2
7 2
4 2
1 2
1 2
9 2
2 2
1 2
11 1
12 2
1 2
6 2
1 2
2 2
8 2
1 2
1 2
10 2
2 2
4 2
7 2
12 2
1 2
2 2
1 2
11 2
6 2
13 2
9 2
5 2
5 2
1 2
6 2
10 2
1 2
4 2
10 2
11 2
6 2
8 2
1 1
2 2
7 2
7 2
3 2
21 2
32 2
7 2
1 2
1 2
1 2
7 2
6 2
11 2
13 2
9 2
8 2
7 2
8 2
2 2
9 2
3 2
2 2
9 2
1 2
8 2
9 2
8 2
8 2
1 2
10 2
9 2
1 2
1 2
3 2
1 2
1 2
1 2
8 2
8 2
4 2
12 2
1 2
8 2
28 2
4 2
11 2
1 2
9 2
6 2
1 2
7 2
2 2
7 2
1 2
1 2
8 2
10 2
9 2
7 2
8 2
9 2
1 2
11 2
18 2
1 2
8 2
1 1
2 1
3 2
8 2
1 1
2 2
15 2
11 2
1 2
8 2
0 0
1 1
2 2
7 2
14 2
4 2
1 2
12 2
1 1
2 2
1 2
3 2
2 2
20 2
1 2
8 2
9 2
1 2
8 2
1 2
7 2
11 1
12 2
1 2
6 1
7 2
6 2
8 1
9 2
8 2
4 2
15 2
1 2
7 2
1 2
1 2
10 2
7 2
11 2
14 2
5 2
1 2
6 2
10 2
1 1
2 2
20 2
6 2
12 2
1 2
7 2
5 2
6 2
6 2
9 2
1 2
8 2
6 2
1 2
10 2
17 2
3 2
1 1
2 2
1 2
5 2
10 2
5 2
1 2
12 2
2 2
9 2
8 2
1 2
4 2
1 2
9 2
5 2
5 2
7 2
8 2
1 2
3 2
7 2
1 2
4 2
1 1
2 2
2 2
1 2
8 2
18 2
2 2
9 2
1 2
1 2
9 2
9 2
1 2
1 2
3 2
4 2
7 2
2 1
3 2
0 0
1 1
2 2
1 2
7 2
2 2
6 2
12 2
6 2
8 2
2 2
20 2
9 2
1 2
11 2
10 1
11 2
2 2
10 2
6 2
11 2
2 1
3 2
10 2
7 2
1 1
2 2
1 1
2 2
8 2
1 2
1 2
6 2
7 2
10 2
1 2
0 0
1 1
2 2
0 0
1 1
2 2
7 1
8 2
2 1
3 2
7 2
1 2
1 2
1 2
9 2
10 2
10 2
11 2
7 1
8 2
1 2
11 2
9 2
5 1
6 2
1 2
4 2
5 2
5 1
6 2
1 2
5 2
4 2
7 2
7 2
7 2
1 2
1 2
7 1
8 2
10 2
8 2
7 2
1 2
9 2
1 2
10 2
9 1
10 2
11 1
12 2
16 2
3 2
2 1
3 2
0 0
1 1
2 2
9 2
9 2
7 2
12 2
1 2
2 2
1 2
6 1
7 2
1 2
9 2
2 2
1 2
5 2
1 2
1 2
6 2
1 2
7 1
8 2
13 2
7 2
6 1
7 2
1 2
10 1
11 2
1 2
10 2
1 2
1 2
2 2
7 2
13 2
1 2
8 2
8 2
10 2
3 2
14 2
2 2
9 2
7 2
5 2
7 2
8 2
1 2
0 0
1 1
2 2
1 2
1 2
11 2
10 2
10 2
10 2
1 1
2 2
7 2
1 2
9 2
6 2
16 1
17 1
18 2
6 2
0 0
1 1
2 2
1 2
2 2
2 1
3 2
8 2
6 2
8 2
2 2
1 2
7 2
7 2
7 2
3 2
10 2
8 2
0 0
1 1
2 2
1 2
17 2
7 1
8 2
1 2
8 2
7 2
8 2
0 0
1 1
2 2
1 2
4 2
2 1
3 2
16 2
0 0
1 1
2 2
1 2
10 2
9 2
6 1
7 2
12 2
6 2
6 2
1 2
7 2
10 2
10 2
1 2
1 1
2 2
1 2
5 2
1 2
1 2
12 2
10 2
1 2
1 1
2 2
9 1
10 2
20 2
8 2
1 1
2 2
8 1
9 2
9 2
13 2
9 2
9 2
8 2
7 2
11 2
6 2
8 2
9 1
10 1
11 2
8 2
8 2
1 2
2 2
8 2
7 1
8 2
4 2
3 2
2 2
7 2
6 2
1 1
2 2
10 2
1 2
8 1
9 2
7 2
10 2
12 2
10 2
1 2
7 2
1 1
2 2
2 2
1 2
7 2
1 1
2 1
3 1
4 2
1 2
1 2
4 2
8 2
8 2
5 2
3 2
8 2
12 2
2 2
6 2
1 1
2 2
1 2
1 1
2 2
4 2
11 2
0 0
1 1
2 2
10 2
8 2
10 2
6 2
7 2
14 2
13 2
1 1
2 2
7 2
7 2
9 2
11 2
15 2
8 2
12 2
3 1
4 1
5 2
6 2
12 2
9 2
6 2
1 2
2 2
6 2
1 1
2 2
1 2
10 2
3 2
9 2
8 2
7 2
1 2
10 2
1 2
1 2
6 2
1 2
6 2
1 2
7 2
1 2
0 0
1 1
2 2
1 2
9 2
1 2
10 2
1 2
7 2
9 2
9 2
6 2
1 2
1 2
1 2
7 2
1 2
1 2
11 2
8 1
9 2
6 2
4 2
1 2
6 2
1 1
2 2
10 2
1 2
1 2
9 2
1 1
2 2
10 2
9 2
24 2
8 1
9 2
1 2
2 1
3 2
1 2
0 0
1 1
2 2
3 2
1 2
9 2
1 2
6 2
7 1
8 2
7 2
5 2
12 2
1 2
8 1
9 2
1 2
1 2
9 2
1 2
5 2
0 0
1 1
2 2
7 1
8 2
9 1
10 2
8 1
9 2
1 2
11 2
1 1
2 2
8 2
11 1
12 2
8 1
9 2
16 2
1 2
8 1
9 2
8 1
9 2
1 2
2 2
6 2
1 2
7 1
8 2
5 2
0 0
1 1
2 2
4 1
5 2
12 2
8 2
1 2
10 1
11 2
9 2
1 1
2 2
0 0
1 1
2 2
7 2
5 2
12 2
0 0
1 1
2 2
3 2
7 2
17 2
1 2
2 2
5 2
10 2
1 1
2 2
7 2
2 2
1 2
4 2
17 2
9 2
1 1
2 1
3 2
5 2
9 2
11 2
27 2
11 2
13 2
8 2
1 2
1 2
2 2
1 2
1 2
21 2
1 1
2 2
8 1
9 2
1 2
5 2
9 2
8 2
0 0
1 1
2 2
1 2
1 2
20 2
5 2
9 2
1 2
9 2
1 2
1 2
1 1
2 2
11 2
5 1
6 2
1 1
2 2
6 2
1 1
2 2
6 1
7 2
7 2
7 2
11 2
7 2
15 2
1 2
15 2
5 2
1 2
7 2
4 2
9 2
8 2
13 2
1 1
2 2
10 2
17 2
1 2
12 2
9 2
5 2
1 2
0 0
1 1
2 2
0 0
1 1
2 2
6 2
2 1
3 2
3 2
13 2
0 0
1 1
2 2
0 0
1 1
2 2
10 2
8 2
1 2
0 0
1 1
2 2
6 2
1 2
1 2
1 1
2 2
3 2
13 2
8 2
0 0
1 1
2 2
8 2
18 2
8 2
11 2
10 2
1 2
6 2
6 2
4 2
9 1
10 2
0 0
1 1
2 2
0 0
1 1
2 2
5 2
9 2
1 2
1 1
2 2
5 1
6 2
11 2
1 2
1 1
2 1
3 2
8 2
6 1
7 2
1 2
1 2
1 2
8 2
7 1
8 2
1 2
8 2
1 2
1 2
2 2
2 2
8 2
8 2
1 1
2 2
1 2
5 1
6 2
0 0
1 1
2 2
1 2
6 2
1 2
3 1
4 2
3 2
0 0
1 1
2 2
9 2
0 0
1 1
2 2
1 2
10 2
1 2
7 2
1 2
1 1
2 2
4 2
16 2
1 1
2 2
1 1
2 1
3 2
14 2
1 2
7 2
11 2
9 2
9 2
10 2
1 2
7 1
8 2
1 2
9 1
10 2
2 2
12 2
1 2
4 2
1 1
2 2
6 2
11 2
1 1
2 2
8 2
12 2
1 2
8 2
8 2
1 2
3 2
1 1
2 2
13 2
1 2
7 1
8 2
0 0
1 1
2 2
1 2
0 0
1 1
2 2
9 2
1 1
2 2
8 2
6 1
7 2
8 1
9 2
2 2
0 0
1 1
2 2
18 1
19 2
1 1
2 2
1 2
0 0
1 1
2 2
38 2
14 2
1 2
1 1
2 2
0 0
1 1
2 2
1 1
2 2
30 2
15 2
12 2
1 2
7 2
1 2
9 2
11 2
6 1
7 2
1 2
6 2
10 2
7 2
5 2
1 2
3 2
1 2
1 2
8 2
8 2
9 1
10 2
7 1
8 2
1 1
2 2
1 2
8 2
5 2
8 2
0 0
1 1
2 2
1 2
3 2
1 2
10 2
10 2
7 2
0 0
1 1
2 2
5 2
3 2
1 2
1 1
2 2
1 2
1 2
1 2
2 2
10 1
11 2
1 2
1 2
7 2
10 2
10 1
11 2
4 2
2 2
1 1
2 2
11 2
10 2
1 1
2 2
1 1
2 2
2 2
11 2
10 1
11 2
16 2
4 1
5 1
6 2
9 2
8 2
7 2
4 2
1 2
9 1
10 2
10 2
7 2
7 2
12 2
7 2
8 2
13 2
1 2
1 2
1 2
6 2
3 2
22 2
7 1
8 2
1 2
15 2
1 1
2 2
8 2
1 2
1 2
7 1
8 2
1 2
5 2
8 2
2 2
1 2
12 2
1 1
2 2
7 2
6 2
10 2
0 0
1 1
2 2
1 2
10 2
11 2
0 0
1 1
2 2
11 2
7 2
5 2
1 1
2 2
0 0
1 1
2 2
8 2
5 2
7 1
8 2
0 0
1 1
2 2
18 2
10 2
2 1
3 2
6 2
1 2
7 2
17 1
18 2
0 0
1 1
2 2
0 0
1 1
2 2
2 2
27 1
28 2
6 2
0 0
1 1
2 2
7 2
1 2
6 2
9 2
10 2
2 2
1 2
11 2
0 0
1 1
2 2
13 2
0 0
1 1
2 2
10 1
11 2
1 1
2 2
8 2
2 1
3 2
0 0
1 1
2 2
1 1
2 2
2 2
0 0
1 1
2 2
8 2
8 2
1 1
2 2
0 0
1 1
2 2
1 2
5 2
12 2
1 1
2 2
2 2
1 2
1 2
4 2
10 2
1 2
0 0
1 1
2 2
7 1
8 2
1 1
2 2
0 0
1 1
2 2
1 2
7 2
18 2
1 1
2 2
5 2
0 0
1 1
2 2
1 1
2 2
7 2
21 2
22 2
1 2
10 2
4 2
7 2
12 2
1 2
2 2
6 1
7 2
7 2
11 1
12 2
9 1
10 2
0 0
1 1
2 2
9 1
10 2
12 2
4 2
0 0
1 1
2 2
7 2
1 2
3 2
9 2
12 2
1 2
6 2
1 2
1 2
1 1
2 2
20 2
16 2
3 2
11 2
7 2
42 1
43 2
0 0
1 1
2 2
9 2
0 0
1 1
2 2
26 1
27 2
7 2
2 2
0 0
1 1
2 2
3 2
11 2
0 0
1 1
2 2
1 2
16 1
17 2
0 0
1 1
2 2
7 2
8 2
6 2
10 2
1 1
2 2
1 1
2 2
15 2
7 2
1 2
0 0
1 1
2 2
1 2
11 2
1 2
5 1
6 2
1 1
2 2
7 2
0 0
1 1
2 2
1 2
1 2
1 2
0 0
1 1
2 2
10 2
0 0
1 1
2 2
1 2
1 2
1 1
2 2
1 2
2 1
3 2
2 2
1 2
21 2
8 2
7 2
7 2
2 2
1 1
2 2
8 2
10 1
11 2
27 2
1 2
11 2
8 2
6 2
4 2
1 1
2 2
6 1
7 2
10 2
7 2
1 1
2 2
10 1
11 2
8 2
9 2
9 2
1 2
9 2
0 0
1 1
2 2
12 2
0 0
1 1
2 2
5 1
6 2
1 1
2 2
9 2
2 2
13 2
3 2
7 2
11 2
11 2
18 1
19 2
0 0
1 1
2 2
1 1
2 2
3 1
4 2
2 2
7 1
8 2
1 1
2 2
9 2
7 1
8 2
10 2
8 2
10 2
2 1
3 2
9 2
2 2
7 2
2 2
7 1
8 2
1 2
8 2
10 2
9 2
6 2
1 2
1 2
1 2
1 2
1 2
1 2
1 2
10 1
11 2
12 2
2 1
3 2
6 2
1 2
12 1
13 2
3 2
1 1
2 2
7 2
8 1
9 2
1 1
2 2
6 1
7 2
2 2
0 0
1 1
2 2
7 2
9 2
7 2
10 1
11 2
1 2
1 2
5 2
28 2
1 1
2 2
1 2
8 2
11 1
12 2
1 2
4 2
3 2
1 2
0 0
1 1
2 2
13 2
26 2
9 2
1 2
1 2
2 2
10 2
11 2
10 1
11 2
2 2
1 2
11 2
2 2
1 2
0 0
1 1
2 2
1 2
10 2
21 2
11 1
12 2
10 1
11 2
10 2
0 0
1 1
2 2
11 2
1 1
2 2
21 2
3 1
4 2
26 2
1 2
7 1
8 2
10 2
0 0
1 1
2 2
11 2
28 1
29 2
10 1
11 2
13 2
11 2
3 2
0 0
1 1
2 2
6 2
6 2
1 2
9 2
9 2
3 2
11 2
8 2
9 1
10 2
9 2
1 2
1 1
2 2
12 1
13 2
1 2
0 0
1 1
2 2
18 1
19 2
13 2
6 2
1 2
1 1
2 2
7 2
4 2
27 2
0 0
1 1
2 2
0 0
1 1
2 2
6 2
1 1
2 2
9 2
9 2
13 2
10 2
1 1
2 2
1 1
2 2
0 0
1 1
2 2
15 1
16 2
8 1
9 2
2 2
6 1
7 2
7 2
10 2
12 2
12 2
1 1
2 2
1 1
2 2
1 2
1 1
2 2
10 2
1 1
2 2
2 2
4 1
5 2
13 1
14 2
1 1
2 2
8 1
9 2
1 1
2 2
1 2
1 2
11 2
13 2
10 2
2 2
9 1
10 2
14 2
7 2
9 2
1 2
0 0
1 1
2 2
12 1
13 2
1 1
2 1
3 2
7 2
7 1
8 2
2 2
3 2
0 0
1 1
2 2
0 0
1 1
2 2
11 1
12 2
1 2
8 2
15 1
16 2
0 0
1 1
2 2
1 2
1 2
9 2
4 2
2 2
1 1
2 1
3 2
11 1
12 2
0 0
1 1
2 2
2 2
9 2
0 0
1 1
2 2
0 0
1 1
2 2
6 2
5 2
6 2
1 2
12 2
10 2
1 2
1 2
1 2
0 0
1 1
2 2
1 1
2 2
9 2
1 2
1 2
11 2
0 0
1 1
2 2
10 2
2 2
1 2
1 2
9 1
10 2
9 2
5 2
0 0
1 1
2 2
1 1
2 2
7 2
16 2
0 0
1 1
2 2
3 1
4 2
7 1
8 2
12 2
0 0
1 1
2 2
2 2
0 0
1 1
2 2
9 1
10 2
6 2
3 1
10 1
1 1
2 1
1 1
6 1
1 1
2 1
1 1
9 1
5 1
5 1
7 1
9 1
2 1
1 1
7 1
8 1
12 1
1 1
8 1
1 1
9 1
11 1
8 1
10 1
6 1
1 1
1 1
11 1
1 1
1 1
1 1
10 1
1 1
2 1
1 1
1 1
9 1
5 1
8 1
1 1
1 1
1 1
10 1
1 1
0 0
1 1
1 1
4 1
1 1
1 1
10 1
1 1
7 1
11 1
17 1
1 1
1 1
1 1
1 1
13 1
1 1
1 1
1 1
1 1
1 1
8 1
10 1
0 0
1 1
1 1
11 1
6 1
13 1
1 1
1 1
10 1
1 1
8 1
1 1
1 1
1 1
2 1
2 1
1 1
1 1
16 1
1 1
7 1
1 1
10 1
1 1
1 1
3 1
7 1
1 1
0 0
1 1
1 1
1 1
9 1
12 1
9 1
1 1
2 1
28 1
1 1
7 1
1 1
3 1
3 1
1 1
1 1
0 0
1 1
7 1
1 1
10 1
6 1
0 0
1 1
0 0
1 1
0 0
1 1
7 1
1 1
12 1
1 1
1 1
7 1
1 1
1 1
9 1
1 1
1 1
1 1
4 1
27 1
12 1
11 1
0 0
1 1
1 1
1 1
6 1
1 1
12 1
1 1
1 1
1 1
5 1
4 1
1 1
10 1
1 1
1 1
10 1
1 1
5 1
1 1
1 1
1 1
1 1
1 1
1 1
10 1
1 1
9 1
2 1
1 1
8 1
12 1
1 1
6 1
0 0
1 1
10 1
12 1
1 1
6 1
9 1
1 1
6 1
1 1
2 1
1 1
2 1
7 1
1 1
1 1
3 1
1 1
1 1
0 0
1 1
1 1
1 1
1 1
10 1
7 1
1 1
15 1
2 1
1 1
2 1
1 1
1 1
1 1
1 1
4 1
16 1
1 1
1 1
1 1
1 1
1 1
1 1
1 1
1 1
1 1
2 1
1 1
1 1
1 1
1 1
9 1
11 1
2 1
1 1
1 1
2 1
1 1
5 1
5 1
0 0
1 1
1 1
6 1
1 1
11 1
1 1
1 1
1 1
6 1
18 1
6 1
8 1
12 1
1 1
1 1
10 1
7 1
1 1
11 1
10 1
0 0
1 1
6 1
1 1
1 1
9 1
1 1
1 1
1 1
1 1
10 1
2 1
8 1
0 0
1 1
1 1
9 1
1 1
1 1
5 1
8 1
9 1
1 1
11 1
12 1
1 1
6 1
2 1
8 1
6 1
1 1
1 1
1 1
1 1
0 0
1 1
1 1
2 1
1 1
0 0
1 1
10 1
2 1
7 1
1 1
2 1
0 0
1 1
1 1
8 1
1 1
8 1
7 1
1 1
1 1
1 1
4 1
10 1
7 1
11 1
1 1
1 1
6 1
8 1
3 1
1 1
2 1
3 1
1 1
1 1
1 1
2 1
10 1
1 1
6 1
1 1
1 1
1 1
1 1
9 1
1 1
1 1
8 1
1 1
0 0
1 1
23 1
7 1
4 1
1 1
5 1
8 1
5 1
16 1
9 1
3 1
6 1
6 1
1 1
1 1
1 1
4 1
10 1
0 0
1 1
1 1
1 1
8 1
1 1
1 1
1 1
9 1
1 1
8 1
1 1
1 1
26 1
10 1
6 1
8 1
5 1
10 1
1 1
1 1
2 1
1 1
1 1
11 1
1 1
1 1
11 1
0 0
1 1
0 0
1 1
1 1
7 1
6 1
8 1
1 1
1 1
0 0
1 1
1 1
4 1
10 1
1 1
10 1
0 0
1 1
7 1
0 0
1 1
9 1
3 1
6 1
6 1
6 1
8 1
1 1
9 1
10 1
2 1
1 1
1 1
13 1
7 1
1 1
1 1
1 1
12 1
2 1
0 0
1 1
1 1
10 1
0 0
1 1
11 1
1 1
1 1
1 1
0 0
1 1
11 1
1 1
4 1
1 1
1 1
1 1
0 0
1 1
8 1
1 1
1 1
1 1
1 1
1 1
1 1
1 1
7 1
8 1
3 1
11 1
1 1
8 1
1 1
1 1
1 1
7 1
2 1
1 1
2 1
1 1
1 1
10 1
1 1
1 1
1 1
10 1
1 1
2 1
1 1
9 1
3 1
1 1
27 1
10 1
10 1
1 1
1 1
0 0
1 1
0 0
1 1
3 1
10 1
8 1
10 1
10 1
8 1
8 1
0 0
1 1
9 1
1 1
0 0
1 1
9 1
1 1
1 1
0 0
1 1
3 1
11 1
0 0
1 1
7 1
1 1
6 1
0 0
1 1
9 1
1 1
11 1
3 1
9 1
2 1
1 1
1 1
9 1
4 1
1 1
7 1
1 1
1 1
1 1
0 0
1 1
1 1
3 1
0 0
1 1
6 1
1 1
1 1
1 1
5 1
10 1
1 1
25 1
1 1
1 1
1 1
10 1
9 1
0 0
1 1
10 1
1 1
10 1
1 1
1 1
2 1
0 0
1 1
9 1
1 1
1 1
1 1
1 1
1 1
1 1
1 1
0 0
1 1
1 1
1 1
8 1
6 1
1 1
8 1
1 1
1 1
1 1
1 1
1 1
11 1
9 1
1 1
10 1
9 1
1 1
3 1
0 0
1 1
1 1
7 1
0 0
1 1
1 1
7 1
0 0
1 1
12 1
9 1
0 0
1 1
10 1
11 1
7 1
1 1
5 1
0 0
1 1
5 1
1 1
8 1
1 1
0 0
1 1
0 0
1 1
1 1
1 1
7 1
0 0
1 1
0 0
1 1
1 1
1 1
3 1
1 1
10 1
1 1
1 1
1 1
1 1
0 0
1 1
0 0
1 1
0 0
1 1
1 1
6 1
1 1
6 1
5 1
1 1
1 1
1 1
6 1
6 1
1 1
9 1
32 1
2 1
1 1
11 1
9 1
1 1
1 1
2 1
8 1
1 1
3 1
1 1
1 1
7 1
5 1
1 1
10 1
3 1
1 1
1 1
2 1
10 1
10 1
0 0
1 1
10 1
17 1
1 1
1 1
1 1
0 0
1 1
12 1
1 1
1 1
1 1
2 1
8 1
0 0
1 1
0 0
1 1
1 1
7 1
1 1
12 1
0 0
1 1
7 1
1 1
8 1
0 0
1 1
8 1
5 1
1 1
21 1
0 0
1 1
8 1
1 1
1 1
1 1
6 1
11 1
1 1
6 1
1 1
10 1
1 1
0 0
1 1
0 0
1 1
7 1
1 1
1 1
8 1
1 1
1 1
19 1
10 1
12 1
2 1
0 0
1 1
2 1
1 1
1 1
1 1
1 1
1 1
8 1
12 1
8 1
0 0
1 1
10 1
1 1
1 1
1 1
1 1
12 1
0 0
1 1
0 0
1 1
10 1
4 1
2 1
1 1
1 1
0 0
1 1
1 1
8 1
1 1
1 1
4 1
1 1
1 1
1 1
6 1
4 1
1 1
1 1
0 0
1 1
1 1
1 1
0 0
1 1
1 1
6 1
1 1
6 1
8 1
1 1
1 1
0 0
1 1
1 1
6 1
0 0
1 1
1 1
1 1
6 1
1 1
2 1
4 1
1 1
10 1
27 1
1 1
1 1
2 1
11 1
6 1
0 0
1 1
8 1
1 1
0 0
1 1
0 0
1 1
1 1
6 1
0 0
1 1
10 1
1 1
1 1
7 1
1 1
0 0
1 1
0 0
1 1
1 1
0 0
1 1
0 0
1 1
1 1
8 1
1 1
13 1
10 1
6 1
8 1
0 0
1 1
0 0
1 1
0 0
1 1
1 1
1 1
1 1
7 1
1 1
1 1
8 1
0 0
1 1
7 1
1 1
8 1
1 1
10 1
8 1
1 1
1 1
1 1
5 1
1 1
0 0
1 1
2 1
1 1
5 1
1 1
0 0
1 1
1 1
0 0
1 1
0 0
1 1
1 1
1 1
16 1
1 1
8 1
1 1
0 0
1 1
1 1
6 1
4 1
5 1
2 1
1 1
9 1
1 1
10 1
1 1
1 1
1 1
7 1
7 1
1 1
1 1
0 0
1 1
12 1
7 1
0 0
1 1
5 1
1 1
1 1
11 1
1 1
0 0
1 1
0 0
1 1
2 1
1 1
1 1
1 1
6 1
10 1
1 1
7 1
1 1
7 1
2 1
9 1
7 1
1 1
1 1
0 0
1 1
1 1
0 0
1 1
1 1
1 1
1 1
0 0
1 1
1 1
8 1
1 1
4 1
0 0
1 1
1 1
0 0
1 1
1 1
5 1
9 1
11 1
11 1
4 1
1 1
6 1
9 1
1 1
0 0
1 1
2 1
0 0
1 1
8 1
1 1
1 1
1 1
1 1
0 0
1 1
6 1
1 1
1 1
1 1
25 1
0 0
1 1
1 1
1 1
7 1
1 1
0 0
1 1
1 1
1 1
1 1
2 1
1 1
1 1
1 1
1 1
0 0
1 1
1 1
12 1
10 1
1 1
2 1
1 1
7 1
0 0
1 1
0 0
1 1
27 1
0 0
1 1
1 1
0 0
1 1
18 1
11 1
1 1
1 1
1 1
1 1
0 0
1 1
10 1
1 1
0 0
1 1
1 1
11 1
1 1
1 1
1 1
8 1
1 1
8 1
0 0
1 1
0 0
1 1
8 1
1 1
3 1
1 1
9 1
7 1
1 1
1 1
1 1
9 1
1 1
1 1
1 1
1 1
1 1
1 1
2 1
10 1
1 1
0 0
1 1
10 1
1 1
7 1
1 1
8 1
2 1
1 1
1 1
0 0
1 1
9 1
12 1
20 1
2 1
7 1
7 1
5 1
1 1
0 0
1 1
0 0
1 1
7 1
1 1
42 1
11 1
6 1
1 1
1 1
0 0
1 1
1 1
10 1
1 1
1 1
1 1
1 1
1 1
1 1
5 1
8 1
0 0
1 1
10 1
1 1
10 1
1 1
1 1
10 1
8 1
1 1
10 1
1 1
6 1
6 1
1 1
1 1
6 1
1 1
0 0
1 1
1 1
2 1
5 1
1 1
2 1
1 1
1 1
1 1
10 1
1 1
1 1
0 0
1 1
0 0
1 1
0 0
1 1
0 0
1 1
0 0
1 1
30 1
1 1
1 1
1 1
1 1
12 1
1 1
1 1
1 1
9 1
9 1
7 1
0 0
1 1
1 1
1 1
6 1
1 1
1 1
3 1
1 1
1 1
9 1
1 1
0 0
1 1
1 1
1 1
16 1
1 1
8 1
1 1
1 1
0 0
1 1
9 1
10 1
10 1
11 1
2 1
10 1
1 1
9 1
10 1
0 0
1 1
2 1
6 1
1 1
2 1
2 1
9 1
0 0
1 1
0 0
1 1
5 1
1 1
1 1
0 0
1 1
1 1
9 1
8 1
2 1
11 1
10 1
1 1
1 1
1 1
0 0
1 1
11 1
1 1
1 1
1 1
0 0
1 1
7 1
1 1
1 1
12 1
1 1
0 0
1 1
0 0
1 1
1 1
4 1
1 1
2 1
3 1
0 0
1 1
1 1
1 1
1 1
1 1
1 1
1 1
1 1
0 0
1 1
0 0
1 1
0 0
1 1
6 1
2 1
0 0
1 1
0 0
1 1
0 0
1 1
11 1
7 1
0 0
1 1
0 0
1 1
1 1
10 1
1 1
1 1
0 0
1 1
1 1
1 1
3 1
0 0
1 1
0 0
1 1
10 1
1 1
3 1
0 0
1 1
28 1
7 1
1 1
7 1
1 1
1 1
2 1
0 0
1 1
8 1
7 1
0 0
1 1
8 1
1 1
2 1
0 0
1 1
1 1
1 1
0 0
1 1
3 1
45 1
7 1
20 1
1 1
1 1
8 1
5 1
15 1
1 1
3 1
0 0
1 1
11 1
0 0
1 1
1 1
0 0
1 1
7 1
1 1
8 1
1 1
6 1
