0 0
1 1
2 2
3 3
4 4
5 5
6 6
7 7
8 8
9 9
10 10
11 11
12 12
13 13
14 14
15 15
16 16
17 17
18 18
19 19
20 20
21 21
22 22
23 23
24 24
25 25
26 26
27 27
28 28
29 29
30 30
31 31
32 32
33 33
34 34
35 35
36 36
37 37
38 38
39 39
40 40
41 41
42 42
43 43
44 44
45 45
46 46
47 47
48 48
49 49
50 50
51 41
52 41
53 38
54 39
55 40
56 41
57 42
58 43
59 44
60 45
61 46
62 47
51 43
52 37
53 33
54 33
55 33
56 34
57 35
58 36
59 37
60 38
61 39
62 40
63 41
64 42
65 43
66 44
67 45
68 46
69 40
70 41
71 42
72 43
73 44
74 45
75 46
63 44
64 44
65 43
50 43
76 42
66 41
67 41
68 39
69 39
70 38
71 38
72 39
76 38
69 37
77 36
70 36
77 35
63 34
71 33
73 29
64 27
51 27
78 27
78 26
78 25
72 24
72 23
73 23
74 23
78 23
79 22
79 21
53 20
77 20
51 19
80 19
75 17
73 17
79 17
65 16
51 16
74 16
79 16
64 16
65 15
74 15
75 15
74 14
75 14
73 14
81 14
65 14
52 13
80 13
79 13
73 13
76 12
65 12
79 12
77 12
75 11
73 11
79 11
52 11
52 11
78 11
70 11
75 11
80 11
54 11
76 10
64 10
76 10
71 10
66 10
53 10
73 10
54 9
66 9
73 9
80 9
74 9
74 9
77 9
53 8
75 8
80 8
52 8
52 8
80 8
76 8
80 8
82 8
79 8
80 7
77 7
79 7
79 7
64 7
55 7
78 7
77 7
66 7
81 7
81 7
78 7
82 7
70 7
62 7
52 6
64 6
54 6
73 6
81 6
79 6
63 6
74 6
77 6
80 6
60 6
75 6
53 6
80 6
71 6
52 6
71 6
59 6
55 6
74 6
80 6
69 6
54 6
78 6
78 5
74 5
65 5
32 5
67 5
81 5
71 5
78 5
81 5
74 5
70 5
67 5
52 5
74 5
65 5
76 5
53 5
61 5
78 5
71 5
77 5
79 5
63 5
63 5
82 5
76 5
81 5
63 5
72 5
70 5
80 5
72 5
74 5
74 4
74 4
80 4
83 4
60 4
54 4
75 4
81 4
77 4
59 4
51 4
64 4
82 4
51 4
57 4
54 4
75 4
53 4
72 4
76 4
76 4
71 4
63 4
83 4
82 4
60 4
63 4
55 4
82 4
70 4
61 4
58 4
79 4
77 4
80 4
77 4
56 4
67 4
81 4
79 4
61 4
55 4
79 4
75 3
73 3
55 3
81 3
81 3
53 3
80 3
64 3
75 3
78 3
75 3
79 3
57 3
60 3
81 3
53 3
79 3
53 3
82 3
81 3
82 3
71 3
59 3
73 3
61 3
68 3
72 3
71 3
62 3
57 3
78 3
75 3
59 3
75 3
72 3
73 3
60 3
76 3
73 3
82 3
79 3
60 3
81 3
78 3
76 3
83 3
70 3
54 3
61 3
80 3
80 3
61 3
57 3
58 3
80 3
82 3
62 3
61 3
80 3
57 3
64 3
79 3
83 3
75 3
71 3
82 3
61 3
64 3
79 3
70 2
81 2
76 2
77 2
61 2
75 2
61 2
76 2
76 2
76 2
64 2
72 2
57 2
57 2
61 2
66 2
72 2
54 2
61 2
57 2
78 2
13 2
55 2
81 2
54 2
62 2
52 2
70 2
79 2
74 2
13 2
81 2
14 2
28 2
75 2
66 2
73 2
74 2
57 2
72 2
61 2
61 2
71 2
56 2
78 2
54 2
62 2
29 2
81 2
13 2
79 2
57 2
66 2
80 2
80 2
71 2
62 2
84 2
55 2
52 2
75 2
67 1
68 2
65 2
57 2
79 2
76 2
79 2
54 2
37 2
59 2
77 2
56 2
62 2
77 2
79 2
80 2
79 2
61 2
74 2
84 2
81 2
63 2
62 2
57 2
77 2
57 2
66 2
59 2
76 2
73 2
23 2
55 2
57 2
77 2
57 2
57 2
59 2
57 2
77 2
74 2
73 2
57 2
4 1
5 1
74 1
83 1
76 1
76 1
56 1
68 1
9 1
80 1
12 1
78 1
56 1
70 1
39 1
81 1
56 1
48 1
77 1
56 1
6 1
56 1
56 1
75 1
55 1
84 1
68 1
74 1
77 1
56 1
78 1
67 1
6 1
56 1
57 1
56 1
15 1
4 1
71 1
78 1
56 1
82 1
56 1
19 1
16 1
57 1
56 1
56 1
74 1
57 1
16 1
49 1
28 1
59 1
77 1
56 1
74 1
58 1
76 1
2 1
56 1
57 1
56 1
73 1
77 1
65 1
54 1
56 1
38 1
73 1
57 1
54 1
65 1
65 1
81 1
56 1
69 1
64 1
75 1
54 1
14 1
76 1
55 1
26 1
56 1
4 1
56 1
10 1
56 1
38 1
54 1
59 1
82 1
82 1
56 1
56 1
6 1
74 1
29 1
78 1
54 1
57 1
56 1
57 1
56 1
59 1
56 1
23 1
57 1
78 1
56 1
13 1
34 1
56 1
56 1
65 1
54 1
57 1
73 1
62 1
56 1
11 1
67 1
15 1
79 1
56 1
56 1
33 1
67 1
71 1
75 1
56 1
6 1
56 1
57 1
62 1
57 1
56 1
56 1
61 1
56 1
52 1
2 1
82 1
63 1
79 1
56 1
77 1
57 1
77 1
56 1
56 1
56 1
81 1
59 1
76 1
67 1
76 1
67 1
78 1
53 1
19 1
65 1
9 1
38 1
82 1
59 1
79 1
73 1
57 1
13 1
1 1
46 1
53 1
