1 50
1 48
1 46
1 45
1 45
1 45
1 45
1 45
1 43
1 43
1 44
1 44
1 43
1 43
2 42
1 41
1 41
1 40
1 41
1 40
2 39
2 39
2 39
2 39
1 38
3 38
1 37
1 38
1 37
3 36
3 35
4 36
1 36
1 36
2 35
1 34
3 34
1 34
1 33
4 33
1 33
2 33
1 34
1 33
1 33
1 32
2 31
5 31
1 31
2 30
1 30
1 31
1 30
1 30
2 29
6 29
1 30
1 29
1 28
5 28
1 28
2 27
2 27
1 27
1 27
1 28
1 27
1 27
2 28
1 28
3 26
2 26
1 27
1 26
2 26
7 25
2 25
2 26
1 24
1 25
2 24
4 25
1 24
1 24
1 23
1 23
1 23
4 24
1 23
3 22
1 22
2 22
2 22
1 22
1 21
2 21
1 21
2 21
2 21
2 20
2 20
3 20
3 20
1 20
1 20
1 20
2 21
1 21
1 20
1 20
2 21
1 20
1 19
1 19
1 19
8 19
1 19
1 19
3 18
1 18
2 18
1 18
2 18
1 19
2 19
2 19
2 19
2 19
3 18
2 17
6 17
1 18
2 17
2 18
2 17
3 18
5 17
2 18
1 17
2 17
4 18
3 16
1 16
1 16
3 17
1 16
2 16
2 17
2 16
1 16
5 15
1 16
2 16
2 15
2 15
1 15
2 15
2 14
3 15
1 14
2 15
1 15
2 15
3 13
2 13
1 14
2 13
1 14
2 13
2 14
1 13
5 14
3 14
1 13
3 13
9 12
1 13
1 13
2 12
1 13
1 13
1 12
4 13
5 12
3 11
3 10
4 11
1 11
4 12
6 11
3 11
3 12
4 11
3 11
3 12
3 12
2 12
2 11
1 11
2 10
2 11
2 11
2 11
3 10
1 11
2 10
1 10
2 11
3 11
2 10
1 11
1 11
2 10
2 10
2 11
2 10
1 10
3 9
1 9
2 9
1 9
2 9
2 10
3 10
3 10
2 10
1 9
3 9
1 10
1 8
1 8
1 9
1 8
1 8
1 9
1 8
4 9
1 9
1 9
1 9
1 8
1 8
1 9
3 8
4 7
1 7
2 8
4 7
1 8
2 8
1 7
3 8
1 8
1 8
1 7
2 8
2 8
2 8
1 8
5 7
2 8
1 8
2 7
1 7
2 7
3 7
1 7
3 6
6 7
1 7
1 6
2 7
2 7
1 7
7 7
1 7
3 6
1 7
1 6
2 6
3 6
3 5
1 6
4 6
1 5
1 5
2 6
2 5
1 5
2 6
1 6
2 6
3 5
2 5
1 6
1 5
1 5
2 6
2 6
1 5
3 5
1 6
2 6
3 6
2 5
1 6
2 5
2 5
2 5
1 5
2 4
4 5
2 5
1 5
1 5
2 4
1 5
3 5
2 5
1 5
1 5
1 5
2 5
1 5
1 5
1 4
1 5
1 5
4 4
1 5
1 4
1 3
2 3
1 4
2 4
2 3
4 4
3 4
2 4
1 4
1 4
1 4
1 4
5 4
2 4
2 4
3 4
1 4
4 3
6 4
4 3
5 3
1 4
3 3
1 4
1 4
7 4
1 3
1 3
3 3
1 4
4 4
1 4
3 3
1 3
1 2
1 3
1 3
4 3
1 3
3 2
1 2
1 3
3 3
1 3
2 3
2 2
1 3
1 2
1 3
1 3
1 3
2 3
1 3
2 3
1 2
1 3
3 3
1 3
2 3
2 3
1 3
1 3
1 3
2 2
1 3
2 3
1 2
1 2
2 1
1 2
1 2
1 2
1 2
1 1
1 1
2 2
1 2
1 2
1 2
1 1
1 2
1 2
1 2
1 2
2 2
3 2
1 2
1 1
1 1
1 2
1 2
1 1
4 1
2 2
1 2
1 2
1 1
1 2
1 2
7 2
1 1
1 1
3 2
1 1
1 1
1 2
1 1
1 2
1 1
1 2
1 1
2 1
1 1
1 1
1 1
1 1
1 1
4 1
2 1
1 1
1 1
0 0
1 1
1 1
1 1
0 0
0 0
1 1
1 1
1 1
1 1
1 1
1 1
1 1
1 1
1 1
1 1
1 1
2 1
1 1
1 1
1 1
2 1
1 1
2 1
1 1
1 1
1 1
1 1
1 1
0 0
1 1
1 1
1 1
1 1
1 1
1 1
1 1
1 1
1 1
1 1
3 1
1 1
1 1
1 1
1 1
1 1
1 1
1 1
1 1
0 0
1 1
1 1
1 1
1 1
1 1
0 0
0 0
4 1
1 1
1 1
2 1
2 1
0 0
0 0
0 0
1 1
1 1
1 1
0 0
0 0
0 0
0 0
1 1
1 1
0 0
0 0
0 0
0 0
1 1
1 1
1 1
2 1
1 1
0 0
2 1
1 1
2 1
2 1
