15 5
10 6
14 5
10 6
20 9
14 6
21 5
19 8
17 5
13 10
22 7
12 8
14 9
18 6
18 7
14 7
14 7
23 7
3 6
11 7
20 7
8 7
18 12
24 10
13 7
13 8
9 6
20 8
19 8
22 6
10 5
21 7
20 8
9 8
7 5
9 7
2 7
23 8
14 7
12 8
18 6
6 7
15 5
16 8
19 6
11 6
10 8
14 5
15 5
13 7
24 8
11 8
6 6
6 10
22 7
20 8
24 10
23 8
11 6
12 7
16 7
20 9
4 9
14 7
13 6
13 7
14 9
13 6
19 7
21 7
7 6
11 10
5 5
11 6
24 10
19 7
22 6
31 7
8 7
20 7
20 8
13 7
11 8
18 7
17 8
14 7
13 7
27 8
9 7
23 6
19 7
18 7
10 8
17 11
19 8
19 6
15 10
20 8
18 7
22 8
8 7
21 6
13 6
26 6
14 6
15 10
19 8
17 7
12 7
7 6
24 8
21 8
7 7
16 5
7 7
10 5
15 6
16 8
34 7
10 8
23 7
14 6
13 7
17 8
2 8
10 6
19 7
28 9
11 5
2 6
16 5
16 8
18 7
12 9
18 6
17 9
17 9
12 10
8 6
20 8
22 9
22 8
26 7
14 6
10 5
17 5
9 7
9 7
5 7
19 5
17 9
13 7
14 7
7 5
13 8
4 6
20 8
7 7
9 5
16 7
8 7
6 6
13 8
6 7
19 9
3 7
25 9
17 6
18 8
12 7
24 8
17 9
16 8
10 9
6 6
18 8
11 7
8 5
15 6
15 8
16 8
21 7
13 4
2 8
13 7
8 6
17 7
23 9
20 8
14 5
8 6
15 6
7 8
25 6
13 7
27 10
18 6
17 8
19 6
8 10
13 8
11 5
10 10
21 8
24 8
26 7
5 5
9 7
12 6
17 7
10 6
10 6
19 7
16 6
5 6
16 6
17 6
20 5
11 9
24 8
27 8
10 7
10 7
17 5
11 8
7 5
15 4
14 10
12 5
11 5
20 7
12 8
18 8
11 6
23 6
16 6
10 7
19 8
22 5
3 6
14 7
13 7
13 6
14 7
19 8
15 11
14 7
12 5
18 8
10 7
7 6
30 5
17 6
11 7
12 5
17 7
10 7
20 5
17 6
9 6
9 7
12 6
7 6
25 7
6 6
21 9
6 6
10 9
11 7
19 12
15 6
20 7
9 7
21 9
19 6
10 10
15 7
16 8
12 7
21 7
12 8
13 6
19 7
20 9
2 6
16 8
20 5
13 7
19 7
16 9
28 8
16 8
11 6
15 6
18 7
15 10
17 7
16 6
12 7
22 9
17 7
14 5
17 9
15 9
24 8
17 8
13 9
22 6
2 6
11 6
12 6
19 9
23 7
10 8
20 6
13 12
5 4
13 8
18 9
4 7
17 5
14 5
9 8
11 8
26 7
10 7
22 9
14 6
16 7
9 7
13 6
15 8
9 6
9 6
7 5
15 6
19 6
21 7
18 6
16 7
2 6
13 6
13 7
21 6
10 6
21 7
5 8
19 7
27 9
18 6
19 9
23 7
16 8
18 9
3 5
2 7
21 4
20 9
18 6
12 8
7 7
15 6
16 9
14 6
4 8
15 5
18 7
20 5
19 8
10 6
9 5
15 6
17 7
3 8
19 5
13 6
7 5
9 7
6 5
17 6
2 6
12 5
7 6
25 7
20 7
13 5
16 6
10 7
20 6
23 8
13 8
19 8
12 6
18 6
8 6
18 8
8 5
9 6
23 7
16 6
23 9
16 9
16 6
9 8
5 6
17 7
10 7
14 5
9 6
15 5
21 6
15 8
27 10
14 8
20 7
14 7
7 6
10 7
12 6
16 8
9 7
8 6
20 8
15 7
19 9
13 8
16 8
11 8
12 7
5 6
2 5
18 9
17 6
17 9
18 10
18 6
14 6
18 7
9 7
15 10
19 8
16 5
5 7
22 7
12 5
6 10
3 4
18 7
16 6
13 7
15 7
28 7
7 5
10 6
13 6
11 7
6 5
11 7
17 6
13 8
9 5
2 6
27 7
26 7
19 7
17 8
13 7
8 8
2 6
29 9
11 7
13 5
10 7
11 6
21 7
17 7
14 5
15 7
16 6
19 7
23 9
10 7
23 8
14 7
31 6
15 8
13 6
20 8
9 5
15 7
8 7
17 6
14 6
15 7
9 6
15 6
18 6
21 7
13 10
14 7
7 6
10 7
17 7
15 6
13 9
12 9
13 7
32 6
13 7
13 6
11 8
19 7
20 10
3 7
13 10
7 6
29 10
9 7
11 6
21 8
6 5
17 8
12 7
20 7
11 8
19 8
13 5
32 8
7 6
11 8
10 6
11 6
8 7
11 7
20 6
9 6
8 7
17 8
8 6
4 5
29 10
13 8
9 8
23 9
13 9
15 6
15 4
7 5
8 6
4 7
13 5
19 7
17 7
9 6
24 10
27 12
14 8
24 10
15 5
2 6
8 7
10 8
23 7
10 9
18 7
20 8
19 6
21 10
16 8
14 4
6 6
17 7
33 8
16 6
13 7
6 6
16 9
9 6
12 7
3 7
20 8
19 6
13 6
20 12
5 6
31 5
18 7
17 7
20 7
9 9
11 7
21 6
14 6
6 6
10 5
11 8
11 7
7 7
9 6
18 7
2 5
10 6
13 8
17 9
4 6
14 6
16 7
18 8
3 6
8 8
23 8
18 6
12 6
3 7
21 7
13 8
14 4
44 8
14 7
4 9
16 6
15 8
16 8
20 3
13 6
22 7
11 6
20 7
2 5
19 7
4 6
12 7
9 6
19 7
12 8
8 8
10 7
3 6
19 6
8 6
5 6
22 12
23 7
8 8
21 8
13 7
11 7
12 5
17 8
2 7
21 9
13 7
9 7
14 7
12 6
15 7
17 7
9 5
15 5
22 5
22 8
22 10
15 7
11 7
14 5
11 6
13 6
9 8
23 5
18 6
18 9
10 6
9 11
24 7
11 8
13 7
16 6
14 7
18 7
20 7
11 7
9 6
24 6
11 7
9 6
15 5
2 6
13 5
18 8
13 7
17 7
11 8
20 9
16 6
13 8
38 6
10 8
24 10
19 5
6 8
18 6
10 7
5 6
20 7
10 6
12 8
22 7
17 6
21 9
16 7
5 7
23 7
19 6
14 6
16 6
18 9
28 6
14 7
7 8
20 7
18 10
33 7
4 9
17 6
35 4
12 5
8 7
22 6
19 8
15 8
15 6
23 8
13 7
19 9
17 5
10 6
10 9
12 5
24 8
14 9
4 6
15 9
7 5
27 9
19 8
7 7
22 8
10 6
4 6
17 6
17 7
8 7
17 6
2 2
15 7
8 6
23 6
10 8
23 7
22 8
15 6
11 6
8 5
2 6
5 4
15 7
16 6
17 8
9 9
14 6
20 8
10 5
10 7
10 5
22 7
8 7
12 5
11 9
14 7
9 8
12 5
22 7
22 8
8 7
3 7
13 6
19 7
15 8
12 6
15 7
16 6
6 5
20 7
17 6
10 5
17 6
16 6
14 7
17 6
21 7
65 8
17 8
8 9
9 7
27 8
17 7
13 8
22 9
21 12
23 8
17 7
18 7
8 7
7 6
2 5
10 5
22 7
15 10
21 7
2 8
9 8
19 6
20 8
11 6
9 6
15 6
4 8
15 8
22 6
15 6
16 9
7 5
20 7
15 7
18 6
7 7
20 7
25 10
23 6
22 6
21 7
19 8
8 10
10 6
9 8
22 10
13 8
9 6
3 7
26 8
18 7
19 7
17 8
12 6
16 6
13 5
12 7
14 5
9 7
4 6
13 8
7 7
15 6
5 7
32 8
11 6
17 5
13 7
12 5
12 10
8 4
5 6
10 6
6 6
13 8
13 7
17 6
15 7
7 9
37 6
13 8
15 8
10 6
14 7
2 1
7 7
23 9
13 7
19 7
14 8
17 7
14 8
22 10
22 6
12 7
9 6
13 7
18 6
6 4
15 6
13 7
14 7
14 6
18 8
20 10
9 6
6 5
16 8
11 6
17 7
17 6
22 9
17 6
19 8
20 4
13 6
15 8
9 7
16 6
16 6
18 7
4 6
11 5
15 6
18 9
5 6
19 10
15 7
14 8
3 6
18 6
24 6
11 7
21 9
23 8
18 9
20 7
14 6
13 7
13 6
14 7
7 5
39 8
15 5
8 6
19 9
13 7
7 6
17 6
19 9
14 8
23 6
23 8
13 8
11 6
15 6
13 6
21 6
16 8
11 7
21 8
17 8
12 7
12 8
11 6
18 9
8 7
19 9
12 6
10 6
9 5
23 9
19 6
17 6
15 6
3 8
18 7
16 6
13 7
12 5
11 8
3 6
8 6
14 6
15 8
28 10
9 7
21 7
16 5
19 8
15 9
13 8
8 8
10 5
22 7
10 7
4 6
20 7
13 6
20 10
