14815 2077183 518.643 104 0.530497 1.91401 68.8545 6
12870 2077642 531.628 129 0.530535 1.91448 68.8651 6
9442 2077572 530.867 114 0.530599 1.91427 68.8584 6
6045 2077357 530.736 114 0.530597 1.91439 68.8564 6
5631 2077104 530.566 114 0.53059 1.91465 68.8555 6
5150 2077100 531.03 114 0.530575 1.91445 68.8556 6
4937 2077360 530.456 114 0.530589 1.9143 68.857 6
4733 2077263 530.421 114 0.530605 1.91456 68.8553 6
4699 2077421 530.758 114 0.530584 1.91437 68.8571 6
4649 2077322 530.736 114 0.530554 1.9143 68.8566 6
4634 2077175 530.779 114 0.530577 1.91452 68.8559 6
4533 2077590 530.682 114 0.530666 1.91454 68.86 6
4421 2077609 530.737 114 0.530621 1.91418 68.8592 6
4345 2077636 531.718 129 0.530465 1.91442 68.8635 6
4325 2076744 530.417 114 0.530587 1.91446 68.8515 6
4202 2077252 530.824 117 0.530472 1.9143 68.8579 6
4177 2077086 531.131 114 0.530582 1.91454 68.8545 6
4122 2077563 530.603 114 0.530615 1.91447 68.8598 6
4031 2077082 530.387 114 0.53059 1.91436 68.853 6
3954 2077286 530.754 114 0.530573 1.91457 68.8579 6
3938 2076943 530.965 114 0.530571 1.91452 68.8532 6
3747 2077149 530.648 114 0.530609 1.91447 68.854 6
3726 2076946 530.067 114 0.530578 1.91448 68.8514 6
3600 2077230 530.402 114 0.530558 1.91426 68.8544 6
3495 2076767 531.113 129 0.530513 1.91451 68.8597 6
3493 2077248 530.525 114 0.530593 1.91442 68.8573 6
3447 2076892 530.294 114 0.530557 1.91434 68.8513 6
3308 2077108 530.561 129 0.530526 1.91442 68.8552 6
3260 2076891 530.716 114 0.5306 1.91462 68.8536 6
3205 2076966 530.804 114 0.530573 1.91449 68.8535 6
3093 2077012 530.772 109 0.530587 1.91449 68.8544 6
3033 2076746 530.348 109 0.530648 1.91472 68.8531 6
3007 2077449 530.579 114 0.530645 1.9145 68.8585 6
2999 2077184 530.505 114 0.530635 1.91461 68.8561 6
2992 2076871 530.645 114 0.530655 1.91468 68.8546 6
2986 2077312 530.895 114 0.530572 1.91441 68.8563 6
2966 2077055 530.7 114 0.530589 1.91426 68.8531 6
2952 2076305 529.745 104 0.530646 1.91442 68.8446 6
2935 2077446 530.439 114 0.530599 1.91425 68.8577 6
2930 2077359 530.911 114 0.530585 1.91468 68.8577 6
2930 2077035 530.332 114 0.530576 1.91462 68.8535 6
2895 2077289 530.387 114 0.530637 1.91459 68.8577 6
2856 2076989 530.75 114 0.530598 1.91433 68.8519 6
2851 2077646 531.03 114 0.530517 1.91413 68.8633 6
2824 2076959 530.444 114 0.530579 1.91448 68.854 6
2815 2077202 530.886 114 0.530488 1.91426 68.8575 6
2809 2077159 530.549 114 0.5306 1.91451 68.8562 6
2757 2077210 530.907 114 0.530582 1.91436 68.8567 6
2740 2076881 531.12 104 0.530561 1.91478 68.8548 6
2729 2077472 530.561 114 0.530624 1.91448 68.8586 6
2716 2077310 530.631 114 0.530567 1.91446 68.8562 6
2710 2076880 530.512 114 0.530567 1.9145 68.8567 6
2665 2077037 530.401 114 0.530678 1.91491 68.8552 6
2646 2077304 530.548 114 0.530559 1.91423 68.8583 6
2627 2077158 530.434 114 0.530601 1.91439 68.8543 6
2610 2077305 530.496 114 0.530592 1.9143 68.856 6
2591 2076793 530.482 114 0.530555 1.91429 68.8518 6
2558 2077100 530.736 114 0.530638 1.91456 68.856 6
2557 2077139 530.77 114 0.530562 1.91432 68.8563 6
2525 2077036 530.393 114 0.530523 1.91433 68.8536 6
2525 2077019 530.518 114 0.530547 1.91433 68.8539 6
2504 2076431 530.38 104 0.530639 1.91482 68.8487 6
2501 2077125 530.899 114 0.530472 1.91435 68.8561 6
2499 2076981 530.262 114 0.530601 1.91449 68.8552 6
2498 2077573 530.842 114 0.530576 1.91445 68.8611 6
2480 2076662 530.054 114 0.530635 1.91476 68.8468 6
2477 2076951 530.437 114 0.530598 1.91449 68.8534 6
2477 2076967 530.24 114 0.53067 1.91486 68.8558 6
2471 2076641 530.84 117 0.530499 1.91426 68.8514 6
