14815 313837 558.884 355 0.0231936 1.00007 41.7139 3
12870 311694 543.303 233 0.0221916 1.00012 43.3118 3
9442 58146 112.439 90 0.064854 1.00042 36.7561 3
6045 23252 53.1824 60 0.0815844 1 26.057 2
5631 94097 185.132 180 0.0285344 1 31.8916 2
5150 23833 52.4426 82 0.0756094 1.00014 26.7021 3
4937 31828 63.8761 86 0.0614239 1.00017 30.1336 3
4733 27933 58.3912 90 0.0702395 1.00027 28.6628 3
4699 24930 53.7044 81 0.0698355 1.00017 27.934 3
4649 51293 88.5608 153 0.0509621 1.00033 37.2012 3
4634 116397 213.683 183 0.0261948 1.00005 34.1135 3
4533 30118 64.0286 122 0.05847 1.00018 26.2281 3
4421 25636 54.3713 229 0.071189 1.00008 27.67 3
4345 187743 304.53 241 0.0187916 1.00008 41.4055 3
4325 84663 165.804 348 0.0274736 1.00012 34.4154 3
4202 158270 269.801 150 0.0223858 1.00009 37.3506 3
4177 17294 38.8297 70 0.0736672 1.00012 24.3002 3
4122 19525 42.7816 91 0.067452 1.00011 25.0388 3
4031 24046 50.8626 96 0.0652499 1.00018 26.9269 3
3954 29158 60.094 79 0.0539475 1.00011 29.2922 3
3938 19576 43.3135 83 0.0674806 1.00016 25.3103 3
3747 17212 38.0321 76 0.0772136 1.00025 23.9661 3
3726 15118 34.264 88 0.0853949 1.00029 23.0594 3
3600 20423 44.2109 132 0.0613524 1.00016 26.0887 3
3495 147815 240.666 306 0.0195515 1.00006 39.4712 3
3493 21833 45.2048 147 0.0600009 1.00015 26.6584 3
3447 39783 71.0242 99 0.0466782 1.00016 34.7216 3
3308 82656 149.538 192 0.0259388 1.0001 33.1338 3
3260 100397 179.741 180 0.0226102 1.00008 35.521 3
3205 15868 34.865 96 0.0734182 1.00061 23.7282 3
3093 19684 40.8409 132 0.0636558 1.00033 26.582 3
3033 58168 108.734 139 0.0287959 1.00009 31.2696 3
3007 15663 33.3281 85 0.0725276 1.00021 24.5779 3
2999 13677 30.3093 207 0.0798421 1.00008 22.7737 2
2992 9731 22.1676 72 0.0941322 1.00045 20.7144 3
2986 11764 26.2264 64 0.08254 1.00037 22.1482 3
2966 10722 23.318 120 0.0904682 1.00051 22.2218 3
2952 68718 126.318 166 0.0265869 1.00006 33.6482 3
2935 14765 32.1313 144 0.0753132 1.00015 23.4332 3
2930 14458 27.5767 118 0.0707567 1.00097 24.6362 3
2930 17422 37.3989 83 0.0666399 1.00018 24.9135 3
2895 13482 30.1708 83 0.0706868 1 22.3475 2
2856 13391 30.1324 79 0.079083 1.00008 22.5442 2
2851 46843 91.3253 127 0.0289478 1.00004 33.3186 3
2824 55269 102.977 130 0.0289855 1.00019 31.3416 3
2815 57163 106.782 163 0.0285849 1.00013 33.2749 3
2809 11327 25.4842 69 0.0780436 1.00038 21.3018 3
2757 16327 35.6378 85 0.0731916 1.0002 24.1975 3
2740 123585 202.766 216 0.0189586 1.00006 40.0304 3
2729 11565 26.19 75 0.0817121 1.00038 21.4016 3
2716 14673 31.0768 80 0.0648811 1.00022 23.6242 3
2710 51284 96.702 111 0.0278839 1.00012 30.8845 3
2665 90474 158.02 182 0.025499 1.00033 34.0961 3
2646 77135 138.208 215 0.0252415 1.00019 36.0903 3
2627 67075 123.795 154 0.0247633 1.00003 33.4357 3
2610 11327 25.2043 61 0.0774256 1.00048 21.2053 3
2591 55765 105.164 243 0.0279566 1.00004 31.3091 3
2558 8557 20.0083 124 0.0971135 1 19.6853 2
2557 60781 110.57 133 0.0265544 1.00027 32.4146 3
2525 50632 94.8415 129 0.0288553 1.00022 30.4566 3
2525 11281 25.6185 62 0.0802234 1.00019 21.5024 2
2504 55320 101.145 175 0.0270065 1.00004 32.3827 3
2501 73186 127.499 180 0.0218211 1 36.0162 2
2499 16101 33.9076 99 0.0589404 1.00013 23.2852 3
2498 47688 88.0864 175 0.025541 1.00006 33.3208 3
2480 8137 16.4582 103 0.0774241 1.00053 20.6933 3
2477 13368 28.8169 59 0.0743567 1.0004 22.0856 3
2477 76210 137.789 190 0.0243406 1 33.5805 2
2471 61836 115.334 138 0.0259558 1.00005 31.9468 3
