1 13486 6.3477 164 0.0182411 1.00166 63.4755 3
1 18403 8.19829 252 0.016193 1.00199 67.0541 3
1 7867 3.71748 162 0.0189399 1.00259 61.9351 3
1 3096 1.43329 170 0.0145349 1.00164 63.8614 3
1 15896 7.30504 231 0.0171112 1.00186 65.2384 4
1 10367 4.65035 214 0.0135044 1.00098 71.0701 3
1 14964 6.82173 220 0.0165731 1.00129 65.5023 3
1 19686 8.91647 189 0.0191507 1.00326 66.6622 3
2 4927 2.26492 205 0.0186726 1.00124 60.2765 3
2 6207 2.87963 175 0.0177219 1.00344 65.4126 3
2 11407 5.29019 239 0.0191111 1.00152 61.9979 3
2 21855 10.2743 193 0.0188515 1.00247 65.231 3
2 13326 6.0663 252 0.0155335 1.00168 67.1572 3
2 8671 4.19184 272 0.0185676 1.00212 62.7969 3
2 13274 6.14254 177 0.0177791 1.00184 63.7529 3
2 1716 0.775002 177 0.016317 1.00059 61.8156 2
2 5169 2.29383 226 0.0168311 1.00197 66.1759 3
2 15890 7.00095 201 0.0164254 1.00141 64.4233 3
2 20246 9.16965 200 0.019757 1.00222 64.5744 3
3 3248 1.49417 145 0.0163177 1.0025 67.9925 3
3 17138 7.75828 191 0.0177384 1.00249 65.5699 3
3 7154 3.45192 222 0.0159351 1.00327 68.8746 3
3 8601 4.09505 255 0.0197651 1.00142 62.1415 3
3 9993 4.62971 176 0.0176123 1.00143 62.7071 3
3 1465 0.69893 185 0.0143345 1.00069 64.1419 2
3 3235 1.52683 167 0.018238 1.00157 60.0743 3
3 5901 2.81963 231 0.0181325 1.00207 61.2137 3
3 27705 12.7513 353 0.0172171 1.00209 67.0239 3
3 6714 3.0187 210 0.01549 1.00257 70.8452 3
3 18110 8.50705 164 0.0200442 1.0022 63.4815 3
3 11448 5.37712 138 0.0186059 1.00134 61.6246 3
3 16211 7.46588 251 0.0172105 1.00138 64.6629 3
3 7094 3.28633 183 0.0170567 1.00072 61.1341 3
3 11683 5.4763 162 0.0180604 1.0007 62.3526 3
3 11018 5.26937 237 0.0175168 1.00203 64.8385 3
4 12791 5.82131 242 0.0157924 1.00294 68.6249 3
4 10835 5.00003 238 0.0167051 1.00141 63.5894 3
4 8407 3.95508 186 0.0166528 1.00157 64.5897 3
4 7475 3.3514 168 0.018194 1.00191 60.5705 3
4 8729 4.06132 241 0.0153511 1.00291 69.3053 3
4 6504 3.17828 164 0.0175277 1.00141 61.4048 3
4 4596 2.20705 216 0.0171889 1.00089 62.3948 3
4 6830 3.12648 205 0.0175695 1.0006 60.8843 3
4 3341 1.54223 238 0.0215504 1.00489 60.4706 3
4 6734 3.03299 225 0.0185625 1.00166 62.8465 3
4 6641 3.04598 194 0.0200271 1.00215 60.5213 3
4 7419 3.31666 168 0.0181965 1.00192 60.6375 3
4 1737 0.818802 104 0.0172712 1 56.323 2
4 2866 1.34658 146 0.0160502 1.00142 64.2169 3
4 10960 5.09861 319 0.0184307 1.00158 62.5714 3
4 17185 7.92617 201 0.0167588 1.00201 65.382 3
4 23794 10.9992 234 0.0169791 1.00197 65.8767 3
4 279 0.137328 90 0.0179211 1 62.1381 2
5 13455 6.17859 235 0.0177629 1.00151 63.5029 3
5 8175 3.73193 386 0.0162691 1.00261 67.5843 3
5 5673 2.70601 220 0.0163934 1.00251 67.794 3
5 24009 11.3562 324 0.0192011 1.00335 65.7799 3
5 4077 1.94032 154 0.0201128 1.00275 66.0457 3
5 10803 5.00753 138 0.0208275 1.00217 60.7524 3
5 7656 3.4812 264 0.0168495 1.00066 61.588 3
5 7568 3.49752 198 0.0187632 1.00377 63.586 3
5 15090 6.98355 248 0.01723 1.00155 63.6978 3
5 11779 5.45056 137 0.0192716 1.00147 62.7076 3
5 3888 1.8599 151 0.0182613 1.00131 62.7198 3
5 6204 2.92037 143 0.0182141 1.00082 60.0697 3
5 7758 3.72417 174 0.020495 1.00237 60.9666 3
5 13952 6.46502 186 0.0194954 1.00241 63.5395 3
5 15005 6.99536 321 0.0156614 1.00203 67.4594 3
5 11588 5.39864 353 0.0168278 1.00149 63.4264 3
5 6401 2.89033 154 0.0182784 1.00191 59.985 3
5 5614 2.60254 175 0.0178126 1.00127 61.0549 3
6 12112 5.6935 333 0.0179161 1.00143 63.4335 3
6 12570 5.92359 275 0.0198886 1.00211 62.1078 3
6 12539 5.78388 260 0.0165085 1.00162 65.8215 3
6 12419 5.704 260 0.0164264 1.00115 64.8952 3
6 15630 7.4658 160 0.0202175 1.00261 61.4387 3
6 10342 4.68801 163 0.0176948 1.00118 62.4178 3
6 6674 3.2088 183 0.0169314 1.00107 61.4266 3
7 13407 6.17836 315 0.0164093 1.00197 65.5824 3
7 7154 3.15387 397 0.0167738 1.00199 63.529 3
7 3797 1.75341 157 0.018699 1.00107 58.8135 3
7 5502 2.47238 140 0.01763 1.00167 61.0994 3
7 4092 1.90719 109 0.019306 1.00125 57.3913 3
8 13438 6.1474 190 0.0164459 1.00106 64.1646 3
8 4435 2.04679 147 0.0196167 1.00092 59.1728 3
