10 1731 1.12401 5 0.169844 1 20.149 2
10 1691 1.15351 5 0.170905 1 19.9387 2
10 1465 0.988533 5 0.167235 1 18.4184 2
10 1393 1.10966 5 0.167265 1 18.0464 2
10 1573 1.10664 5 0.167196 1 19.1572 2
10 1092 0.752017 5 0.166667 1 16.25 2
10 1320 1.05917 5 0.166667 1 17.4973 2
10 1392 1.14091 5 0.166667 1 17.9381 2
10 1607 1.13992 5 0.169259 1 19.3265 2
10 1074 0.65251 5 0.166667 1 16.0346 2
10 1655 1.02623 5 0.167976 1 19.6462 2
10 1503 0.965483 5 0.167665 1 18.7453 2
10 1585 1.08581 5 0.167192 1 19.2588 2
10 1296 0.858381 5 0.166667 1 17.4334 2
10 1768 1.21015 5 0.171946 1 20.4086 2
10 1566 1.05799 5 0.16986 1 19.0976 2
10 1502 1.0162 5 0.167776 1 18.6514 2
10 1522 0.958169 5 0.168857 1 18.7693 2
10 1368 0.896306 5 0.166667 1 17.9905 2
10 1219 0.758738 5 0.16735 1 16.8883 2
10 1480 0.985377 5 0.168919 1 18.5232 2
10 1605 1.13602 5 0.168224 1 19.4428 2
10 954 0.687795 5 0.166667 1 15.6393 2
10 1743 1.23532 5 0.170396 1 20.2958 2
10 948 0.658309 5 0.166667 1 15.5563 2
10 1262 0.880149 5 0.167987 1 17.2924 2
10 1358 0.824544 5 0.167894 1 17.7912 2
10 1266 0.765286 5 0.166667 1 17.3211 2
10 1183 0.709207 5 0.167371 1 16.8088 2
10 1486 0.885027 5 0.16891 1 18.5773 2
10 1563 0.936568 5 0.168266 1 19.1521 2
10 1853 1.12149 5 0.171614 1 21.0425 2
10 1105 0.680055 5 0.167421 1 16.2763 2
10 1387 0.837415 5 0.167267 1 17.9873 2
10 1311 0.783031 5 0.168574 1 17.6471 2
10 1528 0.914486 5 0.168194 1 18.7853 2
10 1021 0.606867 5 0.167483 1 15.8442 2
10 1392 0.83062 5 0.166667 1 18.0101 2
10 1672 0.987972 5 0.171053 1 19.8128 2
10 1560 0.92806 5 0.166667 1 19.2118 2
10 1521 0.961585 5 0.167653 1 18.7685 2
10 1559 1.02318 5 0.168056 1 19.0494 2
10 1453 0.952005 5 0.16724 1 18.3854 2
10 1534 0.977358 5 0.169492 1 18.8591 2
10 1689 1.18408 5 0.171107 1 19.9128 2
10 1580 1.08198 5 0.168987 1 19.1701 2
10 1381 0.939552 5 0.16727 1 18.0099 2
10 1646 0.983836 5 0.167679 1 19.5626 2
10 1603 0.95851 5 0.169058 1 19.3927 2
10 1290 0.815461 5 0.166667 1 17.4607 2
10 1231 0.830932 5 0.167344 1 17.0806 2
10 1772 1.20301 5 0.169865 1 20.4713 2
10 1462 0.986865 5 0.168947 1 18.5462 2
10 1248 0.806447 5 0.166667 1 17.2543 2
10 1134 0.759971 5 0.166667 1 16.562 2
10 1930 1.29553 5 0.169948 1 21.6053 2
10 1594 1.08449 5 0.168758 1 19.3917 2
10 1674 1.12132 5 0.166667 1 19.8529 2
10 1803 1.19163 5 0.170272 1 20.7719 2
10 1541 0.921608 5 0.169371 1 18.9942 2
10 1455 0.868916 5 0.168385 1 18.4107 2
10 1020 0.65 5 0.166667 1 15.9375 2
10 1575 0.992194 5 0.168254 1 19.0517 2
10 1713 1.148 5 0.168126 1 20.1458 2
10 1725 1.1257 5 0.170435 1 20.2133 2
10 1421 0.885167 5 0.168895 1 18.1458 2
10 1450 1.03241 5 0.168966 1 18.3428 2
10 1610 1.13607 5 0.170186 1 19.3953 2
10 1212 0.796891 5 0.166667 1 17.044 2
10 1604 1.12171 5 0.167706 1 19.3978 2
10 1068 0.75369 5 0.166667 1 16.1427 2
10 1263 0.82551 5 0.168646 1 17.2848 2
10 1458 1.02293 5 0.166667 1 18.4417 2
10 1581 1.11302 5 0.167615 1 19.2312 2
10 1710 1.05658 5 0.168421 1 20.0094 2
10 1395 0.853953 5 0.168459 1 18.0629 2
10 1641 1.00431 5 0.16819 1 19.6104 2
10 1645 0.989413 5 0.170213 1 19.71 2
10 1220 0.744755 5 0.167213 1 17.118 2
10 1654 1.00416 5 0.167473 1 19.7634 2
10 1056 0.635267 5 0.166667 1 16.0755 2
10 1622 0.974459 5 0.17016 1 19.5022 2
10 1617 0.979994 5 0.168213 1 19.4141 2
10 1158 0.702684 5 0.166667 1 16.7705 2
10 1663 1.00735 5 0.169573 1 19.7225 2
10 1667 1.01035 5 0.170366 1 19.824 2
10 1308 0.788956 5 0.166667 1 17.6257 2
10 1290 0.774968 5 0.166667 1 17.4113 2
10 1466 0.886761 5 0.167804 1 18.4751 2
10 1291 0.786719 5 0.167312 1 17.4412 2
10 1316 0.790137 5 0.167933 1 17.5186 2
10 1386 0.829528 5 0.166667 1 18.1153 2
10 900 0.540806 5 0.166667 1 15.2983 2
10 1425 0.860374 5 0.167719 1 18.2248 2
10 1279 0.792674 5 0.167318 1 17.3565 2
10 1634 1.05499 5 0.170135 1 19.6441 2
10 1609 1.1166 5 0.170292 1 19.2972 2
10 1592 1.02602 5 0.167714 1 19.3204 2
10 1555 1.00462 5 0.170418 1 18.9403 2
10 1544 0.998182 5 0.168394 1 19.0265 2
10 1690 1.08183 5 0.169822 1 19.9575 2
10 1117 0.711171 5 0.167413 1 16.3759 2
10 1679 1.1163 5 0.167957 1 19.7925 2
10 1503 1.04534 5 0.16833 1 18.764 2
10 1291 1.04184 5 0.167312 1 17.4083 2
10 984 0.658665 5 0.166667 1 15.5401 2
10 1632 1.0002 5 0.169118 1 19.5192 2
10 1056 0.650585 5 0.166667 1 16.056 2
10 1362 0.962901 5 0.166667 1 17.8436 2
10 1430 1.01061 5 0.167133 1 18.2748 2
10 1382 0.95112 5 0.167873 1 17.9108 2
10 1441 0.990366 5 0.167245 1 18.2729 2
10 1628 1.12304 5 0.16769 1 19.483 2
10 1639 1.07951 5 0.170226 1 19.5026 2
10 1479 0.988417 5 0.168357 1 18.5968 2
10 1618 1.09828 5 0.168727 1 19.4354 2
10 1571 1.18535 5 0.169319 1 19.0586 2
10 1164 0.810994 5 0.166667 1 16.5741 2
10 1230 0.802754 5 0.166667 1 17.1166 2
10 1513 1.02096 5 0.167217 1 18.7531 2
10 1436 0.998775 5 0.167827 1 18.2883 2
10 1569 1.08866 5 0.167623 1 19.1248 2
10 1565 1.07247 5 0.16869 1 19.2142 2
10 1544 1.10555 5 0.167746 1 19.0054 2
10 1176 0.876385 5 0.166667 1 16.7569 2
10 1430 1.01337 5 0.167832 1 18.2678 2
10 1098 0.783338 5 0.166667 1 16.257 2
10 1452 0.981391 5 0.166667 1 18.3937 2
10 1231 0.875048 5 0.167344 1 17.1281 2
10 1471 1.03195 5 0.167233 1 18.429 2
10 1581 1.07708 5 0.168248 1 19.2289 2
10 1128 0.74406 5 0.166667 1 16.4384 2
10 1567 1.03299 5 0.169751 1 19.0332 2
10 1033 0.62599 5 0.167473 1 15.9808 2
10 1600 0.967156 5 0.16875 1 19.3681 2
10 1344 0.893894 5 0.166667 1 17.8178 2
10 1611 1.19922 5 0.167598 1 19.5225 2
10 1393 0.977794 5 0.167265 1 17.921 2
10 1556 1.03702 5 0.167738 1 19.1061 2
10 1291 0.880681 5 0.167312 1 17.3638 2
10 1338 0.896176 5 0.166667 1 17.776 2
10 1751 1.14924 5 0.17076 1 20.3345 2
10 1519 1.07367 5 0.167215 1 18.7879 2
10 1170 0.818711 5 0.166667 1 16.6288 2
10 1567 1.04754 5 0.167198 1 19.1074 2
10 1485 0.970752 5 0.16835 1 18.5231 2
10 1619 1.0152 5 0.168005 1 19.5602 2
10 1614 1.02101 5 0.169145 1 19.5921 2
10 1248 0.803177 5 0.166667 1 17.2019 2
10 960 0.61988 5 0.166667 1 15.6275 2
10 1069 0.755511 5 0.167446 1 16.1164 2
10 1721 1.15521 5 0.171412 1 20.2972 2
10 1614 1.0246 5 0.168525 1 19.5447 2
10 1700 1.14921 5 0.168824 1 20.0519 2
10 1062 0.688416 5 0.166667 1 16.0812 2
10 1074 0.684537 5 0.166667 1 16.1334 2
10 1506 0.902973 5 0.168659 1 18.7757 2
10 1273 0.765563 5 0.167321 1 17.2446 2
10 1587 0.970373 5 0.167612 1 19.2948 2
10 1382 0.926239 5 0.167873 1 18.0559 2
10 1442 0.926826 5 0.167822 1 18.4801 2
10 1746 1.07814 5 0.167812 1 20.3686 2
10 1365 0.834207 5 0.168498 1 17.7943 2
10 1700 1.06426 5 0.170588 1 19.9507 2
10 1473 0.971956 5 0.168364 1 18.533 2
10 1314 0.842305 5 0.166667 1 17.4432 2
10 1378 0.938849 5 0.167634 1 18.0107 2
10 1634 1.06534 5 0.167687 1 19.5478 2
10 1634 1.05451 5 0.170135 1 19.6206 2
10 1791 1.08018 5 0.169738 1 20.5815 2
