0 0
1 9
2 11
3 20
4 21
5 27
6 30
7 31
8 33
9 41
10 47
11 50
12 56
13 59
14 62
15 64
16 68
17 69
18 72
19 76
20 78
21 81
22 82
23 84
24 89
25 89
26 92
27 94
28 96
29 98
30 105
31 105
32 108
33 112
34 113
35 119
36 120
37 124
38 129
39 137
40 141
41 144
42 147
43 148
44 149
45 156
46 162
47 169
48 174
49 177
50 182
51 197
52 200
53 200
54 205
55 206
56 207
57 209
58 210
59 211
60 214
61 216
62 216
63 217
64 219
65 220
66 221
67 222
68 225
69 226
70 229
71 230
72 231
73 235
74 237
75 237
76 238
77 239
78 240
79 245
80 245
81 252
82 253
83 256
84 257
85 261
86 263
87 266
88 267
89 267
90 268
91 268
92 271
93 272
94 273
95 273
96 273
97 273
98 273
99 274
100 275
101 276
102 276
103 276
104 276
105 278
106 278
107 280
108 284
109 284
110 284
111 287
112 289
113 291
114 293
115 295
116 296
117 299
118 300
119 301
120 303
121 303
122 304
123 308
124 311
125 312
126 313
127 314
128 314
129 315
130 315
131 315
132 317
133 317
134 318
135 318
136 318
137 318
138 319
139 321
140 321
141 321
142 321
143 322
144 323
145 323
146 323
147 324
148 324
149 325
150 326
151 328
152 328
153 328
154 328
155 329
156 330
157 331
158 333
159 334
160 334
161 334
162 335
163 336
164 336
165 336
166 337
167 337
168 338
169 340
170 340
171 340
172 340
173 341
174 343
175 343
176 343
177 343
178 345
179 345
180 345
181 345
182 345
183 345
184 345
185 346
186 346
187 346
188 346
189 347
190 348
191 348
192 348
193 348
194 348
195 348
196 349
197 350
198 350
199 350
200 350
201 350
202 351
203 351
204 351
205 351
206 351
207 351
208 351
209 351
210 351
211 351
212 351
213 352
214 352
215 352
216 352
217 352
218 352
219 352
220 352
221 352
222 352
223 352
224 354
225 354
226 354
227 354
228 354
229 354
230 354
231 354
232 354
233 354
234 355
235 355
236 355
237 355
238 355
239 355
240 355
241 355
242 355
243 355
244 355
245 355
246 355
247 355
248 355
249 355
250 355
251 355
252 356
253 356
254 356
255 356
256 357
257 357
258 358
259 358
260 358
261 358
262 358
263 358
264 358
265 358
266 358
267 358
268 358
269 358
270 359
271 359
272 359
273 359
274 359
275 359
276 359
277 359
278 359
279 359
280 359
281 360
282 360
283 360
284 360
285 360
286 360
287 360
288 360
289 360
290 360
291 360
292 360
293 360
294 360
295 360
296 360
297 360
298 360
299 360
300 360
301 360
302 360
303 360
304 360
305 360
306 360
307 360
308 360
309 360
310 360
311 360
312 360
313 360
314 360
315 360
316 360
317 360
318 360
319 360
320 360
321 360
322 360
323 360
324 360
325 360
326 360
327 360
328 360
329 360
330 360
331 360
332 360
333 360
334 360
335 360
336 360
337 360
338 360
339 360
340 360
341 360
342 360
343 360
344 360
345 360
346 360
347 360
348 360
349 360
350 360
351 360
352 360
353 360
354 360
355 360
356 360
357 360
358 360
359 360
360 360
361 360
362 360
363 360
364 360
365 360
366 360
367 360
368 360
369 360
370 360
371 360
372 360
373 360
374 360
375 360
376 360
377 360
378 360
379 360
380 360
381 360
382 360
383 361
384 361
385 361
386 361
387 362
