0 0
1 1
2 2
3 3
4 6
5 6
6 7
7 7
8 9
9 12
10 14
11 14
12 15
13 17
14 19
15 21
16 22
17 24
18 29
19 31
20 33
21 37
22 37
23 40
24 40
25 43
26 48
27 49
28 51
29 52
30 53
31 63
32 65
33 68
34 71
35 76
36 76
37 79
38 79
39 83
40 85
41 86
42 87
43 93
44 94
45 96
46 98
47 98
48 101
49 101
50 102
51 119
52 120
53 122
54 128
55 137
56 139
57 145
58 147
59 150
60 151
61 155
62 157
63 160
64 163
65 166
66 167
67 171
68 172
69 175
70 176
71 177
72 181
73 183
74 185
75 188
76 194
77 198
78 198
79 201
80 214
81 219
82 222
83 224
84 226
85 232
86 233
87 235
88 235
89 235
90 236
91 236
92 237
93 240
94 242
95 242
96 242
97 243
98 244
99 245
100 248
101 250
102 251
103 251
104 252
105 254
106 256
107 259
108 261
109 263
110 263
111 264
112 265
113 266
114 266
115 266
116 266
117 267
118 268
119 268
120 269
121 270
122 270
123 272
124 272
125 272
126 272
127 272
128 272
129 273
130 274
131 274
132 276
133 279
134 280
135 280
136 280
137 282
138 283
139 284
140 286
141 288
142 289
143 291
144 293
145 294
146 295
147 296
148 298
149 299
150 300
151 300
152 300
153 302
154 303
155 303
156 303
157 304
158 305
159 305
160 305
161 305
162 306
163 307
164 307
165 307
166 307
167 307
168 307
169 307
170 307
171 307
172 310
173 311
174 313
175 313
176 313
177 313
178 313
179 313
180 313
181 314
182 315
183 315
184 315
185 315
186 315
187 315
188 316
189 316
190 317
191 317
192 318
193 318
194 318
195 318
196 318
197 319
198 319
199 319
200 319
201 319
202 319
203 319
204 319
205 319
206 319
207 319
208 319
209 319
210 319
211 320
212 320
213 321
214 323
215 323
216 324
217 324
218 324
219 325
220 326
221 326
222 327
223 327
224 327
225 327
226 327
227 327
228 327
229 328
230 328
231 328
232 328
233 328
234 329
235 330
236 330
237 330
238 330
239 330
240 330
241 330
242 330
243 330
244 330
245 330
246 330
247 330
248 330
249 331
250 331
251 331
252 331
253 331
254 331
255 331
256 332
257 332
258 332
259 332
260 332
261 332
262 332
263 332
264 332
265 332
266 332
267 332
268 332
269 333
270 334
271 336
272 336
273 336
274 337
275 337
276 337
277 337
278 337
279 337
280 337
281 337
282 337
283 337
284 337
285 337
286 337
287 337
288 337
289 337
290 337
291 337
292 338
293 338
294 338
295 338
296 338
297 339
298 339
299 339
300 339
301 339
302 339
303 339
304 339
305 339
306 339
307 339
308 339
309 339
310 339
311 339
312 339
313 340
314 340
315 340
316 340
317 340
318 340
319 340
320 340
321 340
322 340
323 342
324 342
325 342
326 342
327 342
328 342
329 342
330 342
331 342
332 342
333 343
334 343
335 343
336 344
337 344
338 344
339 344
340 344
341 344
342 344
343 344
344 344
345 344
346 344
347 344
348 344
349 344
350 344
351 345
352 345
353 345
354 345
355 345
356 345
357 345
358 345
359 345
360 345
361 345
362 345
363 345
364 345
365 345
366 345
367 345
368 345
369 346
370 346
371 346
372 346
373 346
374 346
375 346
376 346
377 346
378 346
379 346
380 346
381 346
382 346
383 346
384 346
385 346
386 346
387 347
388 347
389 347
390 347
391 347
392 347
393 347
394 347
395 347
396 347
397 347
398 347
399 347
400 347
401 347
402 347
403 347
404 347
405 347
406 347
407 347
408 347
409 347
410 347
411 347
412 347
413 347
414 347
415 347
416 347
417 347
418 348
419 348
420 349
421 349
422 349
423 349
424 349
425 349
426 349
427 349
428 349
429 349
430 349
431 349
432 349
433 349
434 349
435 349
436 349
437 349
438 349
439 349
440 349
441 349
442 349
443 349
444 349
445 349
446 349
447 349
448 349
449 349
450 349
451 349
452 349
453 349
454 349
455 349
456 349
457 349
458 349
459 349
460 349
461 349
462 349
463 349
464 349
465 349
466 349
467 349
468 349
469 349
470 349
471 349
472 349
473 349
474 349
475 349
476 349
477 349
478 349
479 349
480 349
481 349
482 349
483 349
484 349
485 349
486 349
487 349
488 349
489 349
490 349
491 349
492 349
493 349
494 349
495 349
496 349
497 349
498 349
499 349
500 349
501 349
502 349
503 349
504 350
