0 0
1 0
2 0
3 0
4 0
5 2
6 2
7 2
8 3
9 7
10 12
11 14
12 17
13 19
14 20
15 22
16 24
17 25
18 29
19 32
20 35
21 38
22 41
23 42
24 45
25 47
26 50
27 51
28 54
29 57
30 62
31 70
32 72
33 72
34 74
35 77
36 85
37 94
38 100
39 105
40 107
41 115
42 119
43 125
44 129
45 133
46 137
47 139
48 140
49 147
50 152
51 154
52 164
53 172
54 177
55 179
56 182
57 188
58 190
59 193
60 195
61 199
62 201
63 206
64 210
65 214
66 218
67 221
68 224
69 227
70 230
71 234
72 235
73 239
74 249
75 252
76 256
77 257
78 259
79 260
80 261
81 263
82 267
83 270
84 272
85 280
86 283
87 285
88 287
89 288
90 288
91 292
92 296
93 301
94 303
95 306
96 309
97 309
98 313
99 315
100 317
101 317
102 319
103 319
104 321
105 323
106 323
107 326
108 331
109 334
110 334
111 334
112 337
113 337
114 339
115 340
116 340
117 343
118 345
119 345
120 347
121 347
122 348
123 350
124 350
125 351
126 353
127 353
128 353
129 355
130 359
131 359
132 359
133 361
134 362
135 364
136 365
137 365
138 365
139 368
140 369
141 370
142 371
143 371
144 372
145 373
146 373
147 374
148 375
149 377
150 379
151 380
152 382
153 385
154 385
155 387
156 389
157 389
158 389
159 390
160 390
161 390
162 393
163 394
164 394
165 394
166 396
167 396
168 396
169 398
170 398
171 398
172 398
173 400
174 400
175 402
176 402
177 402
178 402
179 402
180 402
181 403
182 403
183 403
184 403
185 404
186 404
187 404
188 405
189 405
190 405
191 405
192 405
193 406
194 407
195 407
196 407
197 408
198 408
199 408
200 408
201 408
202 408
203 408
204 408
205 408
206 408
207 408
208 409
209 409
210 410
211 410
212 410
213 412
214 413
215 413
216 414
217 414
218 414
219 414
220 415
221 415
222 415
223 415
224 415
225 415
226 415
227 415
228 415
229 416
230 416
231 416
232 416
233 416
234 416
235 417
236 417
237 417
238 417
239 417
240 417
241 417
242 417
243 417
244 417
245 417
246 417
247 417
248 417
249 417
250 417
251 417
252 418
253 418
254 418
255 418
256 418
257 419
258 419
259 419
260 419
261 419
262 419
263 419
264 419
265 419
266 419
267 419
268 419
269 419
270 419
271 420
272 420
273 420
274 420
275 420
276 420
277 420
278 420
279 420
280 420
281 421
282 421
283 421
284 421
285 421
286 421
287 421
288 421
289 421
290 421
291 421
292 422
293 422
294 422
295 422
296 422
297 423
298 423
299 423
300 423
301 423
302 423
303 423
304 423
305 423
306 423
307 423
308 423
309 423
310 423
311 423
312 423
313 423
314 423
315 423
316 423
317 423
318 423
319 423
320 423
321 423
322 423
323 423
324 423
325 423
326 423
327 423
328 423
329 423
330 424
331 424
332 424
333 424
334 424
335 424
336 425
337 425
338 425
339 425
340 425
341 425
342 425
343 425
344 425
345 425
346 425
347 425
348 425
349 425
350 425
351 425
352 425
353 425
354 425
355 425
356 425
357 425
358 425
359 425
360 425
361 425
362 425
363 425
364 425
365 425
366 425
367 425
368 425
369 425
370 425
371 425
372 425
373 425
374 425
375 425
376 425
377 425
378 425
379 425
380 425
381 425
382 425
383 426
384 426
385 426
386 426
387 427
