0 0
1 1
2 1
3 1
4 1
5 1
6 4
7 6
8 8
9 11
10 14
11 18
12 22
13 24
14 24
15 29
16 30
17 31
18 38
19 39
20 40
21 44
22 46
23 51
24 52
25 55
26 55
27 61
28 65
29 67
30 69
31 76
32 84
33 90
34 95
35 99
36 99
37 103
38 108
39 112
40 114
41 115
42 118
43 121
44 125
45 129
46 134
47 138
48 143
49 144
50 146
51 148
52 153
53 158
54 161
55 162
56 166
57 170
58 172
59 177
60 179
61 184
62 186
63 189
64 194
65 197
66 198
67 200
68 203
69 205
70 206
71 207
72 209
73 211
74 214
75 220
76 223
77 224
78 226
79 230
80 232
81 233
82 235
83 240
84 243
85 243
86 247
87 249
88 250
89 251
90 251
91 254
92 256
93 257
94 260
95 262
96 265
97 265
98 266
99 269
100 271
101 272
102 274
103 275
104 275
105 278
106 282
107 283
108 289
109 291
110 292
111 294
112 296
113 298
114 298
115 299
116 301
117 304
118 305
119 305
120 310
121 312
122 312
123 313
124 315
125 317
126 317
127 317
128 318
129 318
130 319
131 319
132 321
133 324
134 326
135 326
136 326
137 329
138 330
139 330
140 331
141 333
142 336
143 337
144 340
145 341
146 342
147 342
148 346
149 348
150 349
151 349
152 351
153 351
154 351
155 352
156 353
157 354
158 355
159 356
160 356
161 356
162 357
163 358
164 358
165 358
166 360
167 360
168 360
169 361
170 361
171 361
172 363
173 364
174 367
175 369
176 369
177 369
178 370
179 370
180 370
181 371
182 372
183 372
184 372
185 373
186 373
187 373
188 374
189 374
190 375
191 375
192 376
193 377
194 377
195 377
196 377
197 378
198 378
199 378
200 378
201 378
202 378
203 378
204 378
205 378
206 378
207 378
208 378
209 378
210 378
211 379
212 380
213 383
214 385
215 385
216 386
217 386
218 386
219 388
220 389
221 389
222 391
223 391
224 392
225 392
226 392
227 392
228 392
229 393
230 393
231 393
232 393
233 394
234 395
235 396
236 396
237 396
238 396
239 396
240 396
241 396
242 396
243 396
244 396
245 396
246 396
247 396
248 396
249 397
250 397
251 397
252 398
253 398
254 398
255 398
256 399
257 400
258 400
259 400
260 400
261 400
262 400
263 400
264 400
265 400
266 400
267 400
268 400
269 401
270 402
271 404
272 404
273 404
274 405
275 405
276 405
277 405
278 405
279 405
280 405
281 405
282 405
283 405
284 405
285 405
286 405
287 405
288 405
289 405
290 405
291 405
292 406
293 406
294 406
295 406
296 406
297 407
298 407
299 407
300 407
301 407
302 407
303 407
304 407
305 407
306 407
307 407
308 407
309 407
310 407
311 407
312 407
313 408
314 408
315 408
316 408
317 408
318 408
319 408
320 408
321 408
322 408
323 410
324 410
325 410
326 410
327 410
328 410
329 411
330 411
331 411
332 411
333 412
334 412
335 412
336 413
337 413
338 413
339 413
340 413
341 413
342 413
343 413
344 413
345 413
346 413
347 413
348 413
349 413
350 414
351 415
352 415
353 415
354 415
355 415
356 415
357 415
358 415
359 415
360 415
361 415
362 415
363 415
364 415
365 415
366 415
367 415
368 415
369 416
370 416
371 416
372 416
373 416
374 416
375 416
376 416
377 416
378 416
379 416
380 416
381 416
382 416
383 417
384 417
385 417
386 417
387 418
388 418
389 418
390 418
391 418
392 418
393 418
394 418
395 418
396 418
397 418
398 418
399 418
400 418
401 418
402 418
403 418
404 418
405 418
406 418
407 418
408 418
409 418
410 418
411 418
412 418
413 418
414 418
415 418
416 418
417 418
418 419
419 419
420 419
421 419
422 419
423 419
424 419
425 419
426 419
427 419
428 419
429 419
430 419
431 419
432 419
433 419
434 419
435 419
436 419
437 419
438 419
439 419
440 419
441 419
442 419
443 419
444 419
445 419
446 419
447 419
448 419
449 419
450 419
451 419
452 419
453 419
454 419
455 419
456 419
457 419
458 419
459 419
460 419
461 419
462 419
463 419
464 419
465 419
466 419
467 419
468 419
469 419
470 419
471 419
472 419
473 419
474 419
475 419
476 419
477 419
478 419
479 419
480 419
481 419
482 419
483 419
484 419
485 419
486 419
487 419
488 419
489 419
490 419
491 419
492 419
493 419
494 419
495 419
496 419
497 419
498 419
499 419
500 419
501 419
502 419
503 419
504 420
