0 0
1 1
2 2
3 2
4 4
5 6
6 10
7 11
8 12
9 13
10 14
11 15
12 17
13 17
14 17
15 19
16 19
17 21
18 23
19 24
20 24
21 25
22 26
23 26
24 26
25 27
26 28
27 29
28 30
29 30
30 33
31 34
32 34
33 34
34 35
35 35
36 36
37 36
38 46
39 46
40 49
41 50
42 56
43 58
44 58
45 64
46 68
47 69
48 69
49 69
50 69
51 70
52 72
53 72
54 73
55 75
56 77
57 77
58 78
59 78
60 79
61 79
62 80
63 80
64 80
65 82
66 82
67 82
68 83
69 85
70 86
71 86
72 87
73 87
74 88
75 88
76 89
77 89
78 89
79 89
80 89
81 90
82 90
83 90
84 91
85 92
86 94
87 94
88 94
89 94
90 94
91 94
92 94
93 94
94 94
95 94
96 94
97 94
98 94
99 94
100 94
101 94
102 94
103 94
104 94
105 95
106 95
107 95
108 96
109 97
110 97
111 98
112 99
113 100
114 100
115 100
116 100
117 100
118 100
119 100
120 100
121 100
122 100
123 100
124 100
125 100
126 100
127 100
128 100
129 101
130 101
131 101
132 102
133 102
134 102
135 103
136 103
137 103
138 103
139 104
140 104
141 104
142 104
143 104
144 104
145 104
146 104
147 104
148 104
149 104
150 105
151 105
152 105
153 105
154 105
155 105
156 105
157 105
158 105
159 105
160 105
161 105
162 106
163 106
164 106
165 106
166 107
167 107
168 107
169 107
170 107
171 107
172 107
173 108
174 108
175 109
176 109
177 109
178 109
179 109
180 109
181 109
182 109
183 109
184 109
185 109
186 109
187 109
188 109
189 109
190 109
191 109
192 109
193 109
194 109
195 109
196 109
197 109
198 109
199 109
200 109
201 109
202 109
203 109
204 109
205 109
206 109
207 109
208 109
209 109
210 109
211 109
212 109
213 109
214 109
215 109
216 109
217 109
218 109
219 109
220 110
221 110
222 110
223 110
224 110
225 110
226 110
227 110
228 110
229 110
230 110
231 110
232 110
233 110
234 110
235 110
236 110
237 110
238 110
239 110
240 110
241 110
242 110
243 110
244 110
245 110
246 110
247 110
248 110
249 110
250 110
251 110
252 111
253 111
254 111
255 111
256 111
257 111
258 111
259 111
260 111
261 111
262 111
263 111
264 111
265 111
266 111
267 111
268 111
269 111
270 111
271 112
272 112
273 112
274 112
275 112
276 112
277 112
278 112
279 112
280 112
281 112
282 112
283 112
284 112
285 112
286 112
287 112
288 112
289 112
290 112
291 112
292 113
293 113
294 113
295 113
296 113
297 114
298 114
299 114
300 114
301 114
302 114
303 114
304 114
305 114
306 114
307 114
308 114
309 114
310 114
311 114
312 114
313 114
314 114
315 114
316 114
317 114
318 114
319 114
320 114
321 114
322 114
323 115
324 115
325 115
326 115
327 115
328 115
329 115
330 115
331 115
332 115
333 116
334 116
335 116
336 117
337 117
338 117
339 117
340 117
341 117
342 117
343 117
344 117
345 117
346 117
347 117
348 117
349 117
350 117
351 117
352 117
353 117
354 117
355 117
356 117
357 117
358 117
359 117
360 117
361 117
362 118
363 118
364 118
365 118
366 118
367 118
368 118
369 118
370 118
371 118
372 118
373 118
374 118
375 118
376 118
377 118
378 118
379 118
380 118
381 118
382 118
383 118
384 118
385 118
386 118
387 118
388 118
389 118
390 118
391 118
392 118
393 118
394 118
395 118
396 118
397 118
398 118
399 118
400 118
401 118
402 118
403 118
404 118
405 118
406 118
407 118
408 118
409 118
410 118
411 118
412 118
413 118
414 118
415 118
416 118
417 118
418 118
419 118
420 119
421 119
422 119
423 119
424 119
425 119
426 119
427 120
