0 0
1 0
2 0
3 1
4 2
5 4
6 4
7 6
8 6
9 9
10 13
11 15
12 17
13 22
14 27
15 37
16 40
17 42
18 53
19 56
20 58
21 60
22 62
23 69
24 71
25 76
26 76
27 83
28 89
29 91
30 93
31 97
32 103
33 104
34 109
35 114
36 117
37 118
38 129
39 136
40 141
41 148
42 155
43 164
44 166
45 171
46 180
47 183
48 186
49 190
50 190
51 191
52 193
53 196
54 199
55 208
56 212
57 216
58 217
59 222
60 228
61 236
62 238
63 240
64 247
65 250
66 250
67 254
68 258
69 260
70 262
71 262
72 266
73 269
74 271
75 277
76 286
77 287
78 289
79 291
80 309
81 315
82 316
83 318
84 321
85 326
86 330
87 333
88 334
89 334
90 335
91 338
92 343
93 345
94 350
95 351
96 352
97 352
98 354
99 357
100 358
101 360
102 361
103 362
104 364
105 367
106 368
107 370
108 373
109 375
110 376
111 378
112 382
113 384
114 385
115 386
116 387
117 390
118 391
119 391
120 397
121 400
122 400
123 403
124 403
125 403
126 403
127 403
128 404
129 405
130 406
131 406
132 409
133 413
134 415
135 415
136 415
137 418
138 419
139 421
140 422
141 425
142 427
143 430
144 432
145 433
146 434
147 434
148 439
149 441
150 441
151 441
152 442
153 444
154 445
155 445
156 446
157 447
158 448
159 448
160 448
161 448
162 449
163 450
164 450
165 450
166 452
167 452
168 452
169 453
170 453
171 453
172 454
173 455
174 457
175 458
176 459
177 459
178 459
179 460
180 460
181 461
182 462
183 462
184 462
185 463
186 463
187 463
188 464
189 465
190 465
191 465
192 466
193 466
194 466
195 466
196 466
197 466
198 466
199 466
200 466
201 466
202 467
203 467
204 467
205 467
206 467
207 467
208 467
209 467
210 467
211 468
212 468
213 470
214 472
215 472
216 473
217 473
218 473
219 475
220 476
221 476
222 477
223 477
224 477
225 477
226 477
227 477
228 477
229 478
230 478
231 478
232 478
233 479
234 480
235 481
236 481
237 481
238 481
239 481
240 481
241 481
242 481
243 481
244 481
245 481
246 481
247 481
248 481
249 482
250 482
251 482
252 483
253 483
254 483
255 483
256 484
257 484
258 485
259 485
260 485
261 485
262 485
263 485
264 485
265 485
266 485
267 485
268 485
269 486
270 487
271 489
272 489
273 489
274 490
275 490
276 490
277 490
278 490
279 490
280 490
281 490
282 490
283 490
284 490
285 490
286 490
287 490
288 490
289 490
290 490
291 490
292 491
293 491
294 491
295 491
296 491
297 492
298 492
299 492
300 492
301 492
302 492
303 492
304 492
305 492
306 492
307 492
308 492
309 492
310 492
311 492
312 492
313 493
314 493
315 493
316 493
317 493
318 493
319 493
320 493
321 493
322 493
323 495
324 495
325 495
326 495
327 495
328 495
329 496
330 496
331 496
332 496
333 497
334 497
335 497
336 498
337 498
338 498
339 498
340 498
341 498
342 498
343 498
344 498
345 498
346 498
347 498
348 498
349 498
350 499
351 500
352 500
353 500
354 500
355 500
356 500
357 500
358 500
359 500
360 500
361 500
362 500
363 500
364 500
365 500
366 500
367 500
368 500
369 501
370 501
371 501
372 501
373 501
374 501
375 501
376 501
377 501
378 501
379 501
380 501
381 501
382 501
383 501
384 501
385 501
386 501
387 502
388 502
389 502
390 502
391 502
392 502
393 502
394 502
395 502
396 502
397 502
398 502
399 502
400 502
401 502
402 502
403 502
404 502
405 502
406 502
407 502
408 502
409 502
410 502
411 502
412 502
413 502
414 502
415 502
416 502
417 502
418 503
419 503
420 504
