0 0
1 0
2 0
3 2
4 6
5 8
6 10
7 13
8 21
9 28
10 30
11 39
12 42
13 46
14 48
15 55
16 56
17 62
18 67
19 70
20 70
21 74
22 78
23 80
24 85
25 88
26 90
27 94
28 95
29 96
30 97
31 101
32 107
33 111
34 112
35 116
36 119
37 119
38 120
39 125
40 127
41 130
42 135
43 136
44 137
45 138
46 140
47 143
48 144
49 146
50 146
51 149
52 149
53 151
54 152
55 154
56 158
57 159
58 159
59 162
60 163
61 163
62 165
63 168
64 170
65 171
66 172
67 173
68 174
69 174
70 176
71 176
72 177
73 178
74 178
75 179
76 182
77 183
78 186
79 187
80 191
81 191
82 191
83 193
84 194
85 196
86 196
87 196
88 197
89 197
90 197
91 199
92 199
93 201
94 202
95 202
96 202
97 202
98 202
99 202
100 202
101 203
102 203
103 204
104 204
105 206
106 207
107 207
108 208
109 208
110 208
111 209
112 211
113 212
114 213
115 214
116 215
117 217
118 219
119 219
120 220
121 221
122 221
123 222
124 223
125 223
126 223
127 224
128 224
129 224
130 224
131 224
132 225
133 225
134 226
135 226
136 227
137 227
138 227
139 227
140 227
141 227
142 227
143 227
144 227
145 228
146 228
147 228
148 229
149 229
150 229
151 229
152 229
153 229
154 229
155 230
156 230
157 231
158 231
159 231
160 231
161 232
162 233
163 233
164 233
165 234
166 235
167 235
168 235
169 236
170 236
171 236
172 236
173 236
174 237
175 237
176 237
177 237
178 238
179 238
180 239
181 239
182 239
183 239
184 239
185 239
186 239
187 239
188 239
189 239
190 239
191 239
192 240
193 241
194 241
195 241
196 241
197 242
198 242
199 242
200 242
201 242
202 242
203 242
204 242
205 242
206 242
207 242
208 242
209 242
210 242
211 242
212 242
213 244
214 244
215 244
216 244
217 244
218 244
219 245
220 245
221 245
222 245
223 245
224 245
225 245
226 245
227 245
228 245
229 245
230 245
231 245
232 245
233 246
234 246
235 246
236 246
237 246
238 246
239 246
240 246
241 246
242 246
243 246
244 246
245 246
246 246
247 246
248 246
249 246
250 246
251 246
252 246
253 246
254 246
255 246
256 246
257 246
258 246
259 246
260 246
261 246
262 246
263 246
264 246
265 246
266 246
267 246
268 246
269 246
270 246
271 247
272 247
273 247
274 247
275 247
276 247
277 247
278 247
279 247
280 247
281 247
282 247
283 247
284 247
285 247
286 247
287 247
288 247
289 247
290 247
291 247
292 247
293 247
294 247
295 247
296 247
297 247
298 247
299 247
300 247
301 247
302 247
303 247
304 247
305 247
306 247
307 247
308 247
309 247
310 247
311 247
312 247
313 247
314 247
315 247
316 247
317 247
318 247
319 247
320 247
321 247
322 247
323 248
324 248
325 248
326 248
327 248
328 248
329 248
330 249
331 249
332 249
333 250
334 250
335 250
336 251
337 251
338 251
339 251
340 251
341 251
342 251
343 251
344 251
345 251
346 251
347 251
348 251
349 251
350 251
351 251
352 251
353 251
354 251
355 251
356 251
357 251
358 251
359 251
360 251
361 251
362 251
363 251
364 251
365 251
366 251
367 251
368 251
369 251
370 251
371 251
372 251
373 251
374 251
375 251
376 251
377 251
378 251
379 251
380 251
381 251
382 251
383 251
384 251
385 251
386 251
387 251
388 251
389 251
390 251
391 251
392 251
393 251
394 251
395 251
396 251
397 251
398 251
399 251
400 251
401 251
402 251
403 251
404 251
405 251
406 251
407 251
408 251
409 251
410 251
411 251
412 251
413 251
414 251
415 251
416 251
417 251
418 251
419 251
420 252
