1 0
1 0.0434783
1 0.00545455
1 0.0870972
1 0.0433061
1 0.137177
1 0.0718942
1 0.201635
1 0.017943
1 0.00416714
1 0.0420747
1 0.0949382
1 0.00905766
1 0.326872
1 0.0010789
1 0.0214014
1 0.0101698
1 0.0445264
1 0.10185
1 0.0249577
1 0.308665
1 0.126045
1 0.0842131
1 0.459821
1 0.138922
1 0.261771
1 0.0058381
1 0.00532281
1 0.0266023
1 0.478986
1 0.21868
1 0.122383
1 0.073913
1 0.0913043
1 0.227456
1 0.29372
1 0.00144928
1 0.0273752
1 0.27343
1 0
1 0.0434783
1 0.102415
1 0.0202899
1 0
1 0.000966184
1 0.0434783
1 0
