2 1551 0.061499 14 0.326241 1.47177 87.037 7
2 1551 0.064606 14 0.324307 1.46756 87.037 7
2 1549 0.070323 17 0.329245 1.47834 86.9248 7
2 1547 0.081923 14 0.327731 1.475 86.8126 7
2 1553 0.064293 16 0.325821 1.47087 87.1493 7
2 1559 0.068668 15 0.329057 1.47897 87.486 7
3 1543 0.0616 12 0.33571 1.49268 86.5881 7
3 1548 0.082153 13 0.322997 1.46469 86.8687 7
3 1551 0.066738 16 0.328175 1.47601 87.037 7
3 1540 0.058184 14 0.329221 1.47725 86.4198 6
3 1537 0.060316 14 0.333767 1.4873 86.2514 7
3 1554 0.062811 17 0.324968 1.46902 87.2054 7
3 1557 0.067465 17 0.330122 1.4813 87.3737 7
3 1543 0.059804 15 0.328581 1.47683 86.5881 7
3 1550 0.066714 15 0.332258 1.48502 86.9809 7
3 1539 0.055117 12 0.334633 1.48926 86.3636 7
3 1541 0.0605 13 0.330954 1.48109 86.4759 7
3 1551 0.066803 16 0.329465 1.47885 87.037 7
3 1551 0.064235 16 0.329465 1.47885 87.037 7
3 1550 0.066639 14 0.333548 1.48887 86.9809 7
3 1548 0.07373 14 0.328811 1.47738 86.8687 7
3 1550 0.067698 16 0.325161 1.46845 86.9809 6
3 1547 0.059171 13 0.327731 1.47404 86.8126 7
3 1550 0.060366 17 0.331613 1.48359 86.9809 7
3 1557 0.064587 15 0.334618 1.49035 87.3737 7
3 1554 0.06186 14 0.328185 1.47605 87.2054 7
3 1547 0.060654 13 0.327731 1.47404 86.8126 7
3 1543 0.071141 14 0.323396 1.46552 86.5881 6
3 1552 0.069423 16 0.331186 1.48266 87.0932 7
3 1548 0.059975 15 0.332041 1.48453 86.8687 7
3 1544 0.057498 14 0.330959 1.48112 86.6442 7
3 1537 0.054812 14 0.334418 1.48876 86.2514 7
3 1548 0.061869 15 0.327519 1.47454 86.8687 7
3 1559 0.076858 15 0.329057 1.47897 87.486 7
3 1555 0.066371 16 0.325402 1.46997 87.2615 7
3 1551 0.061329 16 0.329465 1.47885 87.037 7
3 1544 0.058274 16 0.330959 1.48112 86.6442 6
3 1547 0.060298 14 0.32967 1.47927 86.8126 7
3 1557 0.071685 17 0.330122 1.4813 87.3737 7
3 1554 0.065243 17 0.327542 1.4756 87.2054 7
3 1547 0.05827 15 0.327731 1.475 86.8126 7
3 1547 0.058672 14 0.327731 1.475 86.8126 7
3 1555 0.062253 16 0.325402 1.46997 87.2615 7
3 1545 0.058928 14 0.332039 1.4845 86.7003 7
3 1546 0.057773 14 0.331824 1.48306 86.7565 7
3 1551 0.061709 15 0.329465 1.47981 87.037 7
3 1541 0.056474 13 0.330954 1.48109 86.4759 7
3 1550 0.072023 15 0.324516 1.468 86.9809 7
3 1549 0.069968 15 0.32989 1.47977 86.9248 7
3 1552 0.063706 15 0.330541 1.48123 87.0932 7
3 1547 0.066401 14 0.32967 1.47927 86.8126 7
3 1537 0.059266 12 0.329863 1.47864 86.2514 7
3 1549 0.064329 14 0.328599 1.47692 86.9248 7
3 1556 0.064192 16 0.327763 1.47514 87.3176 7
3 1548 0.068569 14 0.327519 1.47358 86.8687 7
3 1552 0.073844 15 0.331186 1.48266 87.0932 7
3 1551 0.061549 15 0.330754 1.4817 87.037 7
3 1546 0.061932 14 0.32859 1.47592 86.7565 7
3 1540 0.056284 14 0.32013 1.4575 86.4198 7
3 1557 0.069933 17 0.330122 1.4813 87.3737 7
3 1551 0.062625 14 0.331399 1.48312 87.037 7
3 1552 0.062047 16 0.331186 1.48266 87.0932 7
3 1551 0.063332 15 0.320438 1.4592 87.037 7
3 1556 0.063805 16 0.327763 1.47514 87.3176 7
3 1542 0.056146 12 0.330091 1.47919 86.532 7
3 1556 0.064443 16 0.326478 1.47233 87.3176 7
3 1543 0.059765 14 0.329229 1.47729 86.5881 7
3 1553 0.06312 17 0.330972 1.48219 87.1493 7
3 1546 0.05896 13 0.321475 1.46139 86.7565 6
3 1543 0.056115 13 0.329229 1.47729 86.5881 7
3 1554 0.066302 17 0.327542 1.4756 87.2054 7
3 1549 0.064421 15 0.32989 1.47977 86.9248 7
3 1548 0.061918 14 0.324935 1.4689 86.8687 7
3 1538 0.058413 14 0.3329 1.48538 86.3075 7
3 1548 0.062689 15 0.332041 1.48453 86.8687 7
3 1547 0.060766 15 0.327731 1.475 86.8126 7
3 1544 0.059137 13 0.321891 1.46132 86.6442 7
3 1544 0.061807 15 0.321891 1.46227 86.6442 6
3 1547 0.05956 14 0.333549 1.48691 86.8126 7
3 1540 0.057576 13 0.322727 1.46309 86.4198 6
3 1547 0.058028 13 0.33161 1.48259 86.8126 7
3 1546 0.06544 14 0.329884 1.47973 86.7565 7
3 1554 0.074849 14 0.328185 1.47605 87.2054 7
3 1543 0.059498 14 0.329877 1.47872 86.5881 7
3 1550 0.064353 15 0.329032 1.47788 86.9809 7
3 1542 0.058649 13 0.330739 1.48159 86.532 7
3 1547 0.06044 15 0.330317 1.48069 86.8126 7
3 1548 0.059691 14 0.322997 1.46469 86.8687 7
3 1542 0.056998 12 0.327497 1.47348 86.532 7
3 1554 0.064434 16 0.333977 1.48986 87.2054 7
3 1542 0.054513 13 0.332685 1.48494 86.532 7
3 1556 0.073588 16 0.328406 1.47656 87.3176 7
3 1544 0.057379 13 0.32772 1.47399 86.6442 7
3 1546 0.059243 13 0.327943 1.47546 86.7565 7
3 1554 0.065702 16 0.328185 1.47701 87.2054 7
3 1551 0.059942 15 0.329465 1.47885 87.037 7
3 1548 0.058952 13 0.324935 1.4689 86.8687 6
3 1549 0.060787 14 0.324726 1.46845 86.9248 7
3 1548 0.060436 15 0.328811 1.47738 86.8687 7
3 1550 0.059092 13 0.329032 1.47788 86.9809 7
3 1539 0.054867 13 0.328785 1.47531 86.3636 6
3 1544 0.057666 14 0.332902 1.48641 86.6442 7
3 1545 0.05758 13 0.32233 1.46227 86.7003 7
3 1548 0.06137 16 0.326873 1.47217 86.8687 6
3 1545 0.059279 14 0.319741 1.45766 86.7003 6
3 1544 0.058094 17 0.333549 1.48688 86.6442 7
3 1542 0.057869 13 0.330739 1.48159 86.532 7
3 1538 0.05609 14 0.330299 1.47961 86.3075 7
3 1544 0.056693 13 0.32772 1.47399 86.6442 7
3 1557 0.073285 16 0.323057 1.46584 87.3737 7
3 1549 0.065827 15 0.333118 1.48596 86.9248 7
3 1549 0.059297 13 0.333764 1.48837 86.9248 7
3 1552 0.061175 14 0.327964 1.47555 87.0932 7
3 1542 0.058102 14 0.326848 1.47206 86.532 7
3 1545 0.057237 14 0.326214 1.47166 86.7003 7
3 1551 0.059882 15 0.330754 1.4817 87.037 7
3 1548 0.070618 15 0.331395 1.48309 86.8687 7
3 1543 0.064975 13 0.324692 1.46833 86.5881 7
3 1538 0.060801 14 0.3329 1.48538 86.3075 7
3 1548 0.067676 15 0.328811 1.47738 86.8687 7
3 1553 0.068782 16 0.326465 1.47228 87.1493 7
3 1543 0.062954 13 0.326636 1.47064 86.5881 6
3 1549 0.072608 15 0.327308 1.47409 86.9248 7
3 1540 0.07178 14 0.328571 1.47582 86.4198 7
3 1541 0.061992 11 0.330954 1.48109 86.4759 7
3 1538 0.068056 13 0.33485 1.48974 86.3075 7
3 1542 0.063025 14 0.330091 1.47919 86.532 7
3 1547 0.063624 19 0.330317 1.48069 86.8126 7
3 1542 0.057209 14 0.330091 1.47919 86.532 6
3 1549 0.128297 14 0.329245 1.47834 86.9248 7
3 1548 0.097985 14 0.332041 1.48453 86.8687 7
3 1545 0.140719 14 0.332039 1.4845 86.7003 7
3 1544 0.240478 16 0.330959 1.48112 86.6442 6
3 1546 0.254933 15 0.331824 1.48306 86.7565 7
3 1542 0.07955 13 0.332685 1.48494 86.532 7
3 1542 0.083664 14 0.326848 1.47206 86.532 7
3 1539 0.070691 13 0.329435 1.47771 86.3636 7
3 1556 0.077538 16 0.328406 1.47656 87.3176 7
3 1549 0.103342 17 0.330536 1.4812 86.9248 7
3 1551 0.072518 15 0.319794 1.45782 87.037 7
3 1547 0.075135 19 0.329024 1.47784 86.8126 7
3 1541 0.081343 13 0.321869 1.46124 86.4759 6
3 1562 0.084067 18 0.325864 1.47198 87.6543 7
3 1546 0.068054 14 0.329884 1.47973 86.7565 7
3 1542 0.06136 13 0.325551 1.46923 86.532 7
3 1542 0.065057 14 0.330091 1.47919 86.532 6
3 1545 0.072615 14 0.32233 1.46227 86.7003 7
3 1547 0.065992 14 0.327731 1.475 86.8126 7
3 1549 0.07796 13 0.335055 1.49126 86.9248 7
3 1549 0.069315 15 0.32989 1.47977 86.9248 7
3 1553 0.108489 16 0.329041 1.47889 87.1493 7
3 1549 0.082199 15 0.333118 1.48596 86.9248 7
3 1556 0.098794 16 0.329692 1.48035 87.3176 7
3 1546 0.103155 16 0.331824 1.48306 86.7565 7
3 1552 0.073817 16 0.331186 1.48266 87.0932 7
3 1545 0.069944 13 0.330097 1.48019 86.7003 7
3 1549 0.412959 14 0.325371 1.46986 86.9248 7
3 1544 0.178632 13 0.330311 1.47969 86.6442 7
3 1538 0.077059 14 0.330299 1.47961 86.3075 7
3 1542 0.189247 14 0.330091 1.47919 86.532 6
3 1551 0.160427 15 0.329465 1.47885 87.037 7
3 1550 0.073798 14 0.330968 1.48216 86.9809 7
3 1547 0.077746 14 0.327731 1.475 86.8126 7
3 1550 0.083458 14 0.332258 1.48502 86.9809 7
3 1549 0.065084 14 0.325371 1.46986 86.9248 7
3 1551 0.167789 14 0.331399 1.48312 87.037 7
3 1551 0.073256 15 0.319794 1.45782 87.037 7
3 1546 0.0636 14 0.325356 1.4698 86.7565 7
3 1557 0.084218 17 0.325626 1.47048 87.3737 7
3 1559 0.09481 16 0.324567 1.46819 87.486 7
3 1541 0.082374 11 0.330954 1.48109 86.4759 7
