1 260092 15.2089 56 0.495721 1.9257 89.6588 7
1 259740 13.9285 53 0.495484 1.92471 89.64 7
1 259949 14.0088 56 0.495616 1.92508 89.6626 7
1 259486 14.0096 55 0.495453 1.92444 89.634 7
1 259397 13.932 55 0.495403 1.92418 89.6163 7
1 259640 13.8938 55 0.495424 1.92456 89.6259 7
1 259481 13.8898 55 0.495343 1.92417 89.6261 7
1 259447 13.9294 60 0.495623 1.92471 89.6165 7
2 259715 13.8536 55 0.495512 1.92439 89.6305 7
2 259759 13.8873 56 0.495579 1.92499 89.6314 7
2 259872 13.9318 55 0.495517 1.92467 89.6382 7
2 260189 13.9646 56 0.495743 1.92566 89.6613 7
2 259783 13.7597 56 0.495644 1.92529 89.6227 7
2 259717 13.8763 53 0.49562 1.92518 89.6386 7
2 259456 13.926 55 0.495525 1.92435 89.6156 7
2 259411 13.9771 55 0.495638 1.92499 89.6304 7
2 259621 13.8917 55 0.495561 1.92456 89.6426 7
2 259730 13.8385 55 0.495534 1.92484 89.6279 7
2 259757 13.8508 55 0.495521 1.92468 89.636 7
3 259631 13.8326 55 0.495653 1.925 89.6315 7
3 259755 13.8733 55 0.495679 1.92504 89.6266 7
3 259353 13.9333 59 0.495587 1.92442 89.6085 7
3 259736 13.8962 55 0.495565 1.92475 89.6374 7
3 259651 13.8097 55 0.49565 1.925 89.6439 7
3 259774 13.9785 53 0.495604 1.92515 89.6381 7
3 259672 13.6992 55 0.495637 1.92487 89.6292 7
3 259673 13.7255 55 0.495446 1.92435 89.6404 7
3 259525 13.7764 56 0.495605 1.92485 89.6224 7
3 259379 13.8115 55 0.495557 1.92452 89.6141 7
3 259784 13.8461 56 0.495619 1.9251 89.6419 7
3 259552 13.8808 60 0.495835 1.92575 89.6249 7
3 259777 13.9585 55 0.495683 1.92559 89.6361 7
3 259992 13.92 55 0.495708 1.92544 89.6391 7
3 259457 13.8359 56 0.495573 1.92482 89.6317 7
3 259584 13.9496 55 0.495628 1.92485 89.6307 7
4 259741 13.9845 55 0.495447 1.92411 89.64 7
4 260110 14.0684 56 0.495783 1.92588 89.6594 7
4 259315 14.0525 55 0.495463 1.92439 89.6044 7
4 259836 14.7947 55 0.495551 1.92485 89.6394 7
4 259809 15.1867 55 0.495637 1.92513 89.632 7
4 259817 15.1445 55 0.495603 1.9252 89.6431 7
4 259496 15.0777 55 0.495622 1.92519 89.6273 7
4 259567 15.1514 55 0.495209 1.92366 89.6236 7
4 259287 15.1068 56 0.495559 1.92464 89.6108 7
4 259780 15.118 53 0.495612 1.92515 89.6461 7
4 259758 15.1237 53 0.495581 1.92489 89.6419 7
4 259965 15.1139 55 0.495667 1.92523 89.6422 7
4 259975 15.1724 55 0.49559 1.92467 89.6379 7
4 260185 15.1576 56 0.495816 1.92592 89.6611 7
4 259853 15.2422 55 0.495607 1.92511 89.6413 7
4 259450 15.2149 53 0.495729 1.92556 89.6287 7
4 259374 15.276 55 0.495393 1.92422 89.6288 7
4 259692 15.1787 56 0.49576 1.92546 89.6299 7
5 259705 15.2271 55 0.495489 1.92444 89.627 7
5 259819 15.194 56 0.495653 1.92553 89.6385 7
5 259468 15.2871 55 0.495768 1.92535 89.6321 7
5 259982 15.2948 55 0.495654 1.92553 89.6551 7
5 259571 15.3092 55 0.495572 1.92454 89.6392 7
5 259772 15.252 55 0.495558 1.92462 89.6347 7
5 259675 15.2655 59 0.495408 1.92371 89.6293 7
5 259606 15.403 55 0.495532 1.92467 89.629 7
5 259728 15.4094 56 0.495699 1.92503 89.6331 7
5 259629 15.4576 60 0.495858 1.9259 89.6292 7
5 259515 15.3974 55 0.495432 1.92431 89.6313 7
5 259934 15.4656 55 0.495691 1.92489 89.6358 7
5 259469 15.3403 55 0.495597 1.92512 89.6257 7
5 259830 15.3489 56 0.495647 1.92517 89.651 7
5 259764 15.2679 56 0.495665 1.92536 89.6328 7
5 259720 15.2852 53 0.495626 1.92517 89.639 7
5 259411 15.657 55 0.495634 1.92502 89.6301 7
5 259763 15.7064 56 0.495633 1.92534 89.6337 7
6 259712 15.2455 55 0.495584 1.92505 89.6325 7
6 259888 15.3578 56 0.495671 1.92578 89.6521 7
6 259520 15.3078 55 0.495603 1.9249 89.6393 7
6 259444 15.1854 55 0.495614 1.92524 89.6254 7
6 259868 15.1863 55 0.495582 1.92505 89.6381 7
6 259848 15.2414 59 0.495463 1.92414 89.6408 7
6 259651 15.2521 55 0.495642 1.92468 89.6387 7
7 259646 15.198 55 0.495629 1.92478 89.6413 7
7 259872 15.2837 55 0.495621 1.9251 89.6398 7
7 259541 15.2437 55 0.495775 1.92489 89.6242 7
7 259955 15.3378 55 0.495593 1.92497 89.644 7
7 259862 15.2925 56 0.495501 1.92446 89.6561 7
8 259894 15.2723 59 0.495517 1.92426 89.6424 7
8 259370 15.2964 55 0.49569 1.92489 89.6134 7
8 259644 15.3797 59 0.495667 1.92485 89.6326 7
8 259784 15.2536 59 0.495481 1.92401 89.6339 7
9 259546 15.3222 55 0.495561 1.92493 89.6424 7
9 259761 15.3217 55 0.495405 1.92426 89.6312 7
9 259754 15.332 55 0.495538 1.92435 89.6374 7
10 259381 15.3975 55 0.495491 1.92455 89.6352 7
10 259696 15.3914 55 0.495776 1.92504 89.6295 7
11 259728 15.407 58 0.495788 1.92548 89.6337 7
12 259832 15.4029 55 0.495566 1.92504 89.6427 7
13 259962 15.4507 56 0.49578 1.92582 89.6504 7
14 259756 15.3761 53 0.495584 1.92492 89.6412 7
15 259777 15.3574 53 0.495602 1.92511 89.6438 7
17 260143 15.3814 56 0.495412 1.9246 89.647 7
20 259854 15.4259 55 0.495467 1.92423 89.6394 7
27 259754 15.4485 53 0.49565 1.92532 89.6374 7
108 259441 15.331 56 0.495508 1.92451 89.6265 7
108 259835 15.4665 55 0.495576 1.92455 89.6391 7
109 259917 15.3846 53 0.495727 1.92524 89.6451 7
110 259749 15.2832 56 0.495705 1.92444 89.6329 7
111 259465 15.3528 55 0.495612 1.92496 89.6187 7
111 259929 15.3793 56 0.495712 1.92541 89.6412 7
112 259826 15.741 53 0.495689 1.92522 89.6449 7
112 259492 15.3158 55 0.495557 1.92441 89.6256 7
114 259546 15.3629 55 0.495843 1.92537 89.6207 7
114 259923 15.3579 59 0.495474 1.92396 89.637 7
115 259973 15.3021 56 0.495448 1.92388 89.6264 7
116 259572 15.3881 55 0.495504 1.92454 89.6281 7
116 259896 15.3979 55 0.495533 1.9245 89.6391 7
117 259985 15.3657 53 0.495786 1.92503 89.6429 7
118 259882 15.4078 55 0.49561 1.92433 89.6398 7
119 259628 15.2351 55 0.495794 1.92552 89.6348 7
119 259623 15.1762 56 0.495738 1.92531 89.6281 7
119 259509 15.3392 56 0.495717 1.92529 89.624 7
120 259861 15.3554 55 0.495788 1.92482 89.6347 7
120 259800 15.4179 56 0.495708 1.92496 89.6366 7
122 259863 15.643 56 0.49565 1.92454 89.6317 7
123 259950 15.8229 55 0.495815 1.92494 89.6364 7
123 259871 15.8547 53 0.495646 1.92494 89.6407 7
123 259858 15.7972 55 0.495371 1.92382 89.6436 7
123 259876 15.8021 56 0.495706 1.9253 89.6381 7
124 259928 15.8509 53 0.495672 1.92497 89.6492 7
124 259422 15.7978 55 0.495725 1.92461 89.6153 7
126 259491 16.0789 55 0.495643 1.92514 89.6261 7
127 259788 15.4484 56 0.495566 1.92408 89.6374 7
128 259572 15.3063 55 0.495489 1.92401 89.6247 7
128 259906 15.8026 53 0.495568 1.92481 89.6484 7
129 259918 15.7941 56 0.495733 1.92559 89.6414 7
131 259417 15.779 59 0.495673 1.92452 89.6219 7
136 259526 15.6019 55 0.495858 1.92493 89.6215 7
136 259774 15.3573 55 0.495908 1.92559 89.6384 7
136 259892 15.4146 59 0.495552 1.92497 89.6495 7
136 259928 15.2712 55 0.495757 1.9253 89.6347 7
139 259849 15.2249 59 0.495588 1.92383 89.6278 7
139 259901 15.2758 55 0.495516 1.92448 89.6436 7
142 259968 15.2414 56 0.495696 1.92477 89.6386 7
142 259837 15.1941 56 0.495603 1.92478 89.6357 7
142 260230 15.2174 53 0.495685 1.92491 89.6578 7
144 259623 15.2205 53 0.495688 1.92483 89.6327 7
145 259987 15.2797 53 0.495748 1.92525 89.6461 7
145 259834 15.3039 56 0.495651 1.92474 89.6499 7
149 260393 15.213 56 0.49567 1.92426 89.6423 7
149 259820 15.9545 53 0.495728 1.92494 89.6487 7
151 259910 15.7347 55 0.495533 1.92491 89.6439 7
151 260026 15.78 59 0.495754 1.92543 89.6592 7
152 259620 15.7918 60 0.495505 1.92455 89.6351 7
158 259694 15.697 55 0.495826 1.92546 89.6251 7
160 260002 15.764 62 0.495819 1.92587 89.6512 7
163 259697 15.7558 59 0.495527 1.92387 89.6252 7
165 259721 15.8168 55 0.495824 1.92494 89.6375 7
171 259719 15.8426 55 0.495736 1.92461 89.626 7
177 259707 15.8099 53 0.495843 1.92498 89.6224 7
179 259873 15.7624 59 0.495723 1.92525 89.6466 7
180 259399 15.8033 55 0.495916 1.92549 89.6167 7
196 259799 15.5548 56 0.495737 1.92487 89.6344 7
196 259739 15.3742 56 0.495655 1.92491 89.6257 7
197 259580 15.3767 55 0.495774 1.92504 89.6235 7
205 259984 15.2703 62 0.49585 1.92501 89.6382 7
212 259744 15.3703 56 0.495807 1.92525 89.6296 7
217 260170 15.3688 53 0.495868 1.92521 89.6501 7
219 259911 15.287 55 0.495554 1.92467 89.6368 7
228 259846 15.3934 56 0.49569 1.92499 89.637 7
230 259665 15.5701 55 0.495727 1.92471 89.6417 7
257 259974 15.6503 53 0.495838 1.92473 89.6419 7
324 260174 15.4599 56 0.495726 1.92505 89.645 7
549 260815 15.6021 59 0.495915 1.92416 89.6823 7
