10 3509 1.19199 3 0.624109 1.62396 35.1498 3
10 3530 1.20801 3 0.622663 1.65465 35.3353 3
10 3515 1.19678 3 0.622191 1.62952 35.2134 3
10 3522 1.20646 4 0.615275 1.61993 35.2835 3
10 3517 1.2016 3 0.619278 1.64302 35.2334 3
10 3526 1.20254 3 0.614577 1.61663 35.3094 3
10 3511 1.19736 3 0.616064 1.60831 35.1557 3
10 3509 1.20154 3 0.627529 1.64116 35.1427 3
10 3538 1.26177 3 0.615319 1.62675 35.4331 3
10 3542 1.23396 3 0.618295 1.62648 35.4661 3
10 3530 1.23944 3 0.618414 1.65256 35.353 3
10 3539 1.24446 3 0.616841 1.62537 35.4574 3
10 3520 1.23803 3 0.617614 1.62333 35.2529 3
10 3526 1.22077 3 0.62025 1.64526 35.3024 3
10 3516 1.21872 3 0.61917 1.64227 35.2022 3
10 3534 1.24044 3 0.619977 1.65153 35.3754 3
10 3525 1.20869 3 0.622411 1.64237 35.3065 3
10 3534 1.21768 3 0.619977 1.65153 35.3754 3
10 3538 1.22614 3 0.618146 1.62324 35.4083 3
10 3535 1.24789 3 0.61669 1.65461 35.4137 3
10 3510 1.22135 3 0.616239 1.63103 35.1668 3
10 3534 1.19958 3 0.61828 1.62861 35.3931 3
10 3530 1.15373 3 0.607649 1.59567 35.3459 3
10 3543 1.2452 3 0.621507 1.6443 35.4868 3
10 3531 1.25611 3 0.615973 1.63569 35.3701 3
10 3525 1.23686 3 0.618723 1.63318 35.3136 3
10 3529 1.22817 3 0.622273 1.64141 35.3395 3
10 3558 1.29957 3 0.621417 1.65553 35.6156 3
10 3516 1.24026 3 0.615472 1.625 35.2163 3
10 3510 1.27067 3 0.616239 1.63103 35.1668 3
10 3532 1.23693 3 0.618347 1.63205 35.3766 3
10 3532 1.23275 4 0.61863 1.63326 35.3908 3
10 3545 1.21681 4 0.618618 1.64275 35.5175 3
10 3531 1.20984 3 0.624469 1.65611 35.3595 3
10 3536 1.19915 3 0.61793 1.63509 35.4131 3
10 3521 1.19243 3 0.618574 1.62919 35.2594 3
10 3536 1.22076 3 0.614536 1.6383 35.3919 3
10 3535 1.23939 3 0.61669 1.65461 35.4137 3
10 3534 1.20559 3 0.617714 1.63953 35.3789 3
10 3499 1.20239 3 0.613318 1.61863 35.0531 3
10 3535 1.22413 4 0.616973 1.62925 35.4067 3
10 3518 1.2429 3 0.620523 1.64045 35.2364 3
10 3528 1.23877 3 0.617347 1.61704 35.3401 3
10 3537 1.24927 3 0.616624 1.64086 35.4054 3
10 3530 1.17677 3 0.61728 1.63286 35.3601 3
10 3530 1.25225 3 0.616431 1.64328 35.353 3
10 3531 1.25206 4 0.623903 1.63253 35.3524 3
10 3521 1.24478 3 0.62113 1.64993 35.2523 3
10 3527 1.30959 3 0.60533 1.61422 35.3336 3
10 3498 1.20033 4 0.622356 1.63058 35.0677 3
10 3537 1.20821 3 0.614928 1.6116 35.4409 3
10 3539 1.22957 3 0.615428 1.63997 35.4503 3
10 3533 1.18651 3 0.613926 1.60997 35.3902 3
10 3511 1.20506 4 0.618912 1.63752 35.1663 3
10 3515 1.22988 3 0.616785 1.64217 35.1993 3
10 3524 1.21117 3 0.622872 1.63205 35.3 3
10 3505 1.1974 4 0.61398 1.60976 35.1238 3
10 3518 1.1942 4 0.622797 1.62396 35.2576 3
10 3517 1.22337 3 0.620984 1.64441 35.244 3
10 3539 1.21424 3 0.618536 1.62593 35.4148 3
10 3517 1.20977 3 0.619846 1.62378 35.2228 3
10 3532 1.23368 3 0.612967 1.61522 35.3766 3
10 3510 1.20519 3 0.625641 1.63242 35.1598 3
10 3510 1.19951 3 0.618519 1.62584 35.1527 3
10 3532 1.25091 3 0.618063 1.63454 35.3589 3
10 3524 1.23047 3 0.624007 1.65434 35.2788 3
10 3520 1.21311 3 0.620739 1.64494 35.2458 3
10 3514 1.2045 4 0.624644 1.64746 35.1787 3
10 3541 1.22222 3 0.621576 1.63358 35.4596 3
10 3526 1.2272 3 0.619682 1.64877 35.3271 3
10 3543 1.23735 4 0.614451 1.62299 35.5046 3
10 3512 1.22902 3 0.620444 1.63241 35.1622 3
10 3514 1.70937 4 0.615538 1.62028 35.1717 3
10 3511 1.27136 4 0.617488 1.63515 35.1698 3
10 3522 1.27569 3 0.616127 1.64719 35.28 3
10 3506 1.20644 4 0.621506 1.63301 35.1056 3
10 3524 1.22959 3 0.613791 1.61866 35.2929 3
10 3538 1.22206 3 0.617015 1.61919 35.419 3
10 3523 1.23724 3 0.624184 1.65937 35.2829 3
10 3517 1.24138 3 0.618993 1.67015 35.2052 3
10 3516 1.18131 3 0.620307 1.61573 35.2234 3
10 3533 1.2118 3 0.617888 1.63037 35.3618 3
10 3533 1.20703 3 0.612228 1.59781 35.3689 3
10 3530 1.19415 4 0.611898 1.60803 35.3566 3
10 3508 1.17795 3 0.617731 1.61298 35.1433 3
10 3526 1.20179 3 0.616279 1.63119 35.3024 3
10 3518 1.29742 4 0.623081 1.63198 35.2611 3
10 3535 1.22593 3 0.616973 1.64106 35.4137 3
10 3516 1.19617 4 0.614334 1.61726 35.234 3
10 3548 1.22727 3 0.614149 1.62673 35.5333 3
10 3537 1.21482 4 0.615493 1.62574 35.4196 3
10 3513 1.17946 4 0.618844 1.63032 35.2039 3
10 3524 1.20028 3 0.616913 1.63407 35.2682 3
10 3527 1.20758 3 0.612986 1.62271 35.3442 3
10 3535 1.20923 4 0.618105 1.61852 35.4208 3
10 3528 1.20171 3 0.61763 1.61898 35.3649 3
10 3530 1.22793 4 0.616714 1.64302 35.353 3
10 3523 1.20581 3 0.621345 1.64243 35.2723 3
10 3531 1.23607 4 0.61484 1.62941 35.3772 3
10 3528 1.18836 3 0.619615 1.63562 35.3542 3
10 3513 1.1993 3 0.61856 1.64478 35.2039 3
10 3528 1.21508 3 0.623016 1.64511 35.333 3
10 3500 1.36686 3 0.619429 1.62988 35.0526 3
10 3509 1.18355 3 0.62297 1.64097 35.1392 3
10 3507 1.18997 3 0.615911 1.6199 35.1438 3
10 3492 1.16088 3 0.62457 1.63234 34.9655 3
10 3528 1.19604 4 0.617914 1.63427 35.3224 3
10 3518 1.19562 3 0.621944 1.64887 35.254 3
10 3524 1.22975 3 0.618331 1.65056 35.2929 3
10 3512 1.19647 3 0.615888 1.62046 35.1657 3
10 3530 1.19825 4 0.618697 1.62853 35.3389 3
10 3527 1.19628 3 0.626028 1.65959 35.3301 3
10 3536 1.22633 3 0.61793 1.63064 35.3919 3
10 3534 1.2264 3 0.615733 1.62592 35.3825 3
10 3525 1.20083 3 0.617589 1.62685 35.2888 3
10 3510 1.18209 3 0.61453 1.6105 35.1562 3
10 3526 1.19615 4 0.623936 1.65913 35.3342 3
10 3509 1.18182 3 0.61271 1.60044 35.1322 3
10 3525 1.20634 3 0.614468 1.62767 35.2994 3
10 3538 1.2346 3 0.622103 1.64248 35.4225 3
10 3525 1.21682 3 0.617589 1.62685 35.2888 3
10 3503 1.17826 3 0.618042 1.63079 35.0932 3
10 3512 1.21911 3 0.620159 1.63043 35.1939 3
10 3527 1.23084 3 0.625177 1.66188 35.323 3
10 3528 1.19905 3 0.619048 1.61533 35.3224 3
10 3529 1.23201 3 0.613488 1.63196 35.3501 3
10 3500 1.21627 3 0.619429 1.62988 35.0526 3
10 3527 1.26171 3 0.617238 1.63778 35.3301 3
10 3532 1.31726 4 0.618063 1.6086 35.3518 3
10 3540 1.23941 3 0.615819 1.63676 35.4603 3
10 3526 1.21625 3 0.620817 1.63725 35.3094 3
10 3534 1.24714 4 0.616016 1.61901 35.4144 3
10 3531 1.20707 3 0.617106 1.62056 35.356 3
10 3523 1.20334 3 0.622197 1.63636 35.2935 3
10 3536 1.23311 3 0.614253 1.6151 35.406 3
10 3535 1.26627 3 0.619236 1.63447 35.396 3
10 3528 1.21942 3 0.61678 1.62574 35.3578 3
10 3524 1.16219 3 0.624291 1.63746 35.3071 3
10 3523 1.20363 3 0.620778 1.6482 35.2723 3
10 3505 1.18483 4 0.614836 1.60889 35.1097 3
10 3534 1.20387 4 0.617431 1.6324 35.3931 3
10 3541 1.23524 3 0.618187 1.63092 35.4632 3
10 3517 1.22178 3 0.623543 1.65106 35.2123 3
10 3517 1.21275 3 0.611032 1.6345 35.244 3
10 3509 1.17919 4 0.615845 1.62389 35.1462 3
10 3526 1.19066 3 0.623369 1.65136 35.32 3
10 3522 1.19392 3 0.617547 1.64291 35.2764 3
10 3531 1.23061 3 0.617389 1.65137 35.3595 3
10 3497 1.20515 3 0.619674 1.62857 35.019 3
10 3536 1.20649 3 0.614536 1.60382 35.4273 3
10 3525 1.26792 3 0.613901 1.61646 35.3136 3
10 3530 1.24778 3 0.616147 1.61697 35.3566 3
10 3508 1.50097 3 0.618871 1.62004 35.1397 3
10 3531 1.50662 3 0.614274 1.6138 35.3383 3
10 3522 1.24211 3 0.615275 1.62435 35.2729 3
10 3542 1.22995 3 0.61773 1.6322 35.4768 3
10 3534 1.20598 3 0.617997 1.62815 35.4037 3
10 3520 1.20091 3 0.61392 1.60559 35.2458 3
10 3541 1.26112 3 0.618187 1.63092 35.4632 3
10 3515 1.24148 3 0.620768 1.64216 35.2134 3
10 3519 1.23747 3 0.621483 1.65315 35.2429 3
10 3510 1.20155 4 0.615954 1.60089 35.1492 3
10 3504 1.23775 3 0.616724 1.62844 35.1208 3
10 3517 1.22642 3 0.617003 1.61024 35.237 3
10 3540 1.27456 3 0.618362 1.6336 35.4603 3
10 3510 1.24447 3 0.61453 1.6105 35.1562 3
10 3528 1.22025 3 0.620465 1.6475 35.3295 3
10 3530 1.24075 3 0.616431 1.64328 35.353 3
10 3527 1.25298 3 0.620924 1.64547 35.3194 3
10 3515 1.19485 3 0.622191 1.6506 35.224 3
