2 0.00272657
3 0.000555316
0 0
1 0.000569696
3 0.0139226
2 0.00477851
3 0.0154498
0 0
1 4.85067e-05
3 0.00171283
1 0.000540361
8 0.0408354
1 0.00430333
4 0.00581622
0 0
6 0.0161325
1 0.0114142
3 0.00540723
0 0
5 0.00874693
5 0.0388218
0 9.17711e-05
0 0
2 0.00591512
2 0.00345224
3 0.0055067
2 0.00198656
5 0.0175016
0 0
0 0.000790723
0 0
5 0.0114774
2 0.00325733
1 0.00399961
3 0.0018725
1 0.000288976
1 0.0250184
3 0.00411478
0 0
0 0
4 0.0110258
1 0.0171043
2 0.0103966
2 0.00392862
1 0.018177
5 0.017736
0 0
1 0.00246667
4 0.0064065
2 0.00490372
2 0.00175213
0 0
0 0
6 0.0396934
1 0.00668645
3 0.00235717
0 0
1 0.00191252
0 0.00128216
0 0
2 0.00329245
2 0.000800613
2 0.00108595
2 0.00144289
0 0
0 0
1 0.00170725
1 0.00771297
1 0.00690025
1 0
3 0.00772861
1 0
3 0.0202937
3 0.0108071
4 0.00725924
1 0
1 0.00483641
1 0.011533
1 0.000957908
2 0.00251684
3 0.00120238
2 0.00215268
1 0.00242793
2 0.00220763
2 0.00553609
1 0.000962001
1 0
0 0
3 0.00130981
3 0.00735544
1 0.000760629
3 0.00227076
1 0.00350719
0 0
0 0
1 0.000262794
1 0.003429
4 0.00389935
3 0.00103187
1 0.00012514
3 0.0112775
1 0.0185177
1 0.0199475
1 0.015541
1 0.00192212
1 0.000248818
10 0.0313646
0 0
0 0
1 0.00576835
0 0
3 0.00226814
3 0.00174634
0 0
0 0
1 0.000176902
1 0.00311161
1 0.0183002
1 0
0 0.000644425
1 0.00140521
7 0.0124815
6 0.00359216
0 0
0 0
2 0.00353155
1 0.00162288
0 0.000879765
0 0
0 0
1 0.00296324
0 0
1 0
2 0.00693316
0 0
2 0.00240697
1 0
0 0.00307833
0 0.00515029
2 0.00144271
0 0
2 0.00837988
0 0
6 0.00384195
2 0.0188041
1 0.0373601
3 0.0075765
3 0.00571014
2 0.00221612
0 0
2 0.00107127
0 0
1 0.00664655
0 0
2 0.000675013
0 0
1 0
2 0.00529199
2 0.00785257
4 0.00535981
4 0.00286294
3 0.00367963
0 0
4 0.00713169
0 0
4 0.00321878
2 0.00040015
3 0.0044623
0 0.000290847
1 0.000971454
0 0
0 0
5 0.00192167
1 0
1 0.00179005
3 0.00423601
0 0
0 0
1 0.0002405
6 0.00247875
0 0.000864251
0 0
0 0.0007026
1 0.0002405
3 0.0355355
3 0.00316449
1 0.00289274
2 0.00189317
2 0.00149933
5 0.00462417
0 0
3 0.00760099
2 0.00202912
1 5.55251e-06
3 0.00605046
2 0.00358815
0 0
1 0
0 0
2 0.000635451
2 0.000937507
3 0.00690961
3 0.00574123
1 0.000328778
0 0.000798894
3 0.0405166
0 0
2 0.00309215
2 0.000614185
4 0.00216402
3 0.00264337
3 0.00807379
2 0.0203881
3 0.00430289
0 0
1 0.000481116
0 0
2 0.0021729
1 0
1 0.0028319
1 0.00157719
0 0
5 0.00349833
2 0.00372506
2 0.00828521
7 0.00618165
4 0.0115982
3 0.00780222
1 0.0216945
3 0.00334985
5 0.00378345
0 0
2 0.00112158
1 0
1 0.00172434
0 0
4 0.00539445
1 0.000647229
4 0.00363226
1 0.0156196
1 0.000664947
2 7.52406e-05
1 0.0270183
1 0.000167617
0 0
0 6.08898e-05
0 0
2 0.00153978
2 0.000324711
3 0.00145365
1 0.00463397
3 0.00842268
2 0.00410273
1 0
1 0.0138495
0 5.09537e-05
3 0.0158116
1 0.00147309
0 0
2 0.00443076
1 0.0015075
3 0.00409081
2 0.000157261
1 0.00932468
1 2.22462e-07
3 0.000112123
0 0
4 0.00688905
3 0.000149842
0 0
0 0
2 0.000481339
1 2.22462e-07
1 0.00190314
1 2.22462e-07
1 0.00194339
1 2.22462e-07
1 0.0178502
1 0.00125283
1 0.00118302
3 0.00936134
1 2.22462e-07
2 0.000592132
1 0.00472408
1 2.22462e-07
1 0.00123097
2 0.0286106
1 2.22462e-07
2 0.0019172
1 2.22462e-07
1 2.22462e-07
2 2.22462e-07
1 0.000158935
2 0.0153282
2 0.00513123
3 0.000113294
1 0.00735813
2 0.00179024
1 0.0112661
1 0.000746927
2 0.00337057
1 0.0131895
2 0.00123752
0 0
4 0.00746837
1 0
3 0.011279
0 0
0 0.000134522
0 5.02453e-05
0 0
0 0
2 0.000489791
9 0.0182128
2 0.00142419
0 0
1 5.57912e-05
3 0.000176538
1 7.68229e-05
0 0
3 0.0165331
0 0
2 0.00333083
3 0.0016925
0 0
0 0
0 0
0 0
0 0
0 0.000774481
1 0
2 0.0161767
2 0.000240505
0 0.000656305
0 0
1 0.000516067
2 0.000481179
0 0
3 0.000492835
3 0.00106599
2 1.88255e-07
1 0.00588133
3 0.00073953
4 0.00985366
1 0.0252809
1 0.000240746
0 0
2 0.00281259
2 0.0108096
1 0
2 0.00472627
8 0.0265127
1 3.28942e-05
6 0.00657072
0 0.000317966
0 0
0 0.00295068
4 0.0207966
1 0.000766704
0 0
1 0.000125441
4 0.0262986
0 0
1 0.0272338
4 0.00332402
0 0
0 0
2 0.0252219
4 0.0144884
1 0.00201648
1 0.000686002
1 0.00970787
1 0.00902619
2 0.0180889
1 0.00880068
1 0.000854553
3 0.00182283
0 0
3 0.000942778
1 1.19928e-05
0 0
0 0
2 0.00137635
1 0.000396964
0 0
3 0.00787897
5 0.0039352
0 0
2 0.0109639
2 0.00671456
1 0
0 0
1 0.00387593
0 0
2 0.0241781
4 0.00551978
3 0.0119426
1 0.00893026
1 0.00181362
2 0.000523383
3 0.00244504
2 0.000269855
1 0
0 0
0 0.00107312
0 0
4 0.00110187
0 0
2 0.00633136
0 0
1 0.00820546
3 0.00116481
0 0
0 0
0 0
3 0.00473182
4 0.00686534
2 0.00992813
0 1.37181e-05
1 0
1 0
0 0
0 0.000168658
2 0.0039039
1 0
0 0
0 0
4 0.000403881
2 0.00285461
1 0.000196505
1 1.52618e-05
3 0.00262392
1 0.00241786
2 0.00148531
2 0.00675657
3 0.00175774
1 0.000769498
0 0
3 0.00357314
0 0
0 0
0 0
1 0
3 0.00107715
0 0
2 0.0092833
1 0
3 0.0054125
2 0.000552223
3 0.00067791
0 0
1 0
6 0.0206808
0 0.000733725
4 0.00187345
0 0
1 0.000409546
2 0.000344102
4 0.00369724
3 0.00186508
2 0.0257126
0 2.97911e-05
4 0.00739864
3 0.00180144
1 0.000618589
2 0.00116678
0 0
0 0
3 0.00606288
0 0
3 0.00434645
0 0
0 0
0 0
0 0
2 0.00800351
1 2.97787e-05
1 0.000481174
0 0
1 0
4 0.00455226
0 0
0 0.000129881
0 0
1 0
3 0.00172501
4 0.00326572
0 0.000185726
0 0.000664945
1 0.0098926
1 0
1 0.000759057
1 0
3 0.0107556
2 0.00295843
1 0.000952109
1 0
1 0
5 0.00586364
4 0.0172472
3 0.00327135
1 0
1 0
1 0
0 0.0028007
1 0.00170772
0 0
3 0.00140056
1 0.000248005
1 0.00230477
1 0.00390538
2 0.00192342
2 0.00405602
0 0.000501
0 0
1 0.00158342
0 0
4 0.00704597
2 0.00719243
3 0.0122725
2 0.000403654
3 0.0015833
2 0.00362469
1 0
0 0
2 0.000538022
0 0
2 0.00173389
1 0.00118661
0 9.39247e-06
0 0
4 0.00409303
0 0
1 0.0120853
1 1.74278e-05
1 1.44705e-08
1 0.0099615
0 0
4 0.0189941
1 0.00242461
1 0.0239694
1 5.55259e-05
2 0.00132515
1 0.000663913
0 0
2 0.00045245
0 0
0 0
1 0.00103467
2 7.71762e-08
1 9.32514e-06
0 0
0 0
2 0.0088249
0 0
1 0.000166683
0 0
0 0
0 0
4 9.42161e-06
0 0
0 0
5 0.00224196
1 0.000481116
6 0.00793546
1 0.00161964
2 0.00325936
2 0.00350805
1 0.000481116
0 0
1 0.00521481
0 0
3 0.0391881
2 0.00794451
0 0
0 0
2 0.00275933
1 0.00796876
0 0.000141009
0 0
1 0
0 0
2 0.00117949
1 0.00663598
2 0.000481116
0 0
1 0
1 0
3 0.00288468
0 0
0 0
0 0
0 0
2 0.00261891
4 0.00312192
1 9.73208e-05
0 0
0 0
1 9.31059e-05
0 1.53569e-06
2 6.51154e-05
7 0.00762808
0 0
0 0
0 0
2 0.00183911
0 0
1 0.000106817
1 0.000234648
2 0.00209903
2 0.000213919
1 0
0 0
0 0
1 0.000108398
5 0.00365244
1 0.00474696
2 3.19441e-05
1 0.000874718
0 0
2 0.000880783
1 0
2 0.00558678
2 0.0012731
0 0
4 0.00349988
4 0.00179495
0 6.99151e-05
5 0.00458544
1 0.000481116
3 0.00528232
2 0.000573885
3 0.0138218
3 0.000562918
0 1.69879e-06
1 3.03044e-05
6 0.0043937
1 0.000481116
2 0.00177014
2 6.96935e-05
3 0.00549699
1 0.000481116
0 0
0 0
0 0.000204781
3 0.0024199
0 0.000791804
4 0.0095119
1 0.000594525
0 0
1 0.000292368
1 0.000481116
2 0.000114868
3 0.00349948
4 0.00638236
0 0
1 0.00165435
2 0.00323401
3 0.00144289
0 0
5 0.00336374
2 0.00239814
0 0
0 0.00285505
3 0.0096958
0 0.00364193
0 0
0 0
0 0
2 0.0017979
1 0.000241098
1 0
4 0.00936285
0 0
2 0.00722036
6 0.00776223
1 0.00390362
0 0.000252818
1 0.0127082
7 0.00332953
3 0.00203104
1 0.00230616
2 0.00362016
0 0.00117441
0 0
0 0
3 0.00627489
1 0.0176998
2 0.00388765
1 0.000481116
1 0.00144265
3 0.000983723
0 0
4 0.00850544
0 0
1 0
3 0.00160037
4 0.002639
3 0.00192342
0 0
1 0.00436237
3 0.00422277
0 0
2 0.00242601
0 0.000754328
1 0.0002405
1 0.0002405
0 0
5 0.00263163
0 0
0 0
0 0
4 0.0010528
1 0.00504322
1 0.000706251
3 0.00473639
0 0
0 0
2 0.000593118
0 0
2 0.0106146
0 0
2 0.00375957
4 0.00254785
0 0
0 0
0 0
0 0
2 0.000962117
0 0
1 0
3 0.000136172
0 7.30143e-05
7 0.00759483
1 0.00285121
3 0.0181078
0 0
2 0.00672107
3 0.0100582
0 0
0 0
3 0.00330888
3 0.00892896
3 0.0024415
1 0.000682463
0 0
4 0.00771116
4 0.0031797
1 0.00193912
3 0.00106886
0 0
0 0
0 0.000650502
0 0
0 0
0 0
6 0.00710914
2 0.000686287
0 0
0 0
0 0
3 0.00192528
3 0.00613539
1 0.00290274
1 0
2 0.00678241
0 0
0 0
2 1.15764e-07
0 0
0 0
2 2.12234e-07
2 0.0028313
1 0
1 3.85881e-08
0 0
0 0
0 6.45909e-05
2 0.00151066
0 0.000351537
0 0
1 0.00231482
2 0.000435887
0 0
0 0
3 0.00156347
0 0
0 0
3 0.0025267
1 0.00156753
0 0
0 0
4 0.001307
3 0.00102547
0 0
7 0.00857869
1 0.00132701
4 0.00286038
0 0
0 0
2 3.85881e-08
0 0
0 0
1 0.00219931
0 0
1 0.00535586
0 0
3 0.00035688
0 0
1 0.00187277
1 0.000272098
0 6.97141e-06
1 0.00871375
0 0
1 0.000668494
0 0
0 0
1 0
0 0
1 0.000580703
1 0.000962001
2 0.000481116
1 0.000481116
0 9.80951e-05
0 0
0 0
1 0
3 0.00245087
3 0.00144289
1 0.000208713
0 0
1 0.000208713
3 0.000855706
0 0
0 0
1 0.0121583
3 0.000590145
3 0.00146145
1 0.00378009
1 0
0 0
0 0
2 0.000559329
0 0
2 0.00861297
2 0.00117869
0 0
4 0.00264492
4 0.00647858
0 0
3 0.00141236
2 0.000950555
0 0.000201273
1 0.00193301
0 0
0 2.87266e-05
0 0
0 0
2 0.000936782
1 0.000409173
1 0.00093277
3 0.00261416
0 0
4 0.00292955
1 0.000108723
0 0
4 0.002019
2 0.00376131
1 0.000471174
4 0.00821015
2 0.000279539
2 0.00582845
1 0.00257803
0 0.000611658
1 0.000103182
0 0
0 0
0 0
3 0.00240419
1 0
0 0
1 0
0 0
1 0.00288322
0 0
1 9.91927e-05
0 0
0 9.91927e-05
2 0.00434386
1 0.000165984
1 0.00113406
1 0.000962001
1 0.000481116
2 0.00568975
0 0.000410203
2 0.000751175
1 0.000481116
0 0
5 0.0049821
2 0.00429511
1 0.000542408
1 2.86617e-05
1 0.00308251
1 2.86617e-05
2 0.001155
1 8.64917e-05
0 0
0 0
3 0.00624574
0 0
1 2.54888e-05
1 0.0016446
2 0.00010664
2 0.00276684
1 0.00828336
0 0
1 0.000536156
2 0.000536706
0 0
4 0.00193293
2 0.00294836
0 0
2 0.000731124
0 0
0 0
4 0.00402746
1 0.000321681
4 0.00663994
3 0.00376288
0 0.00414805
3 0.00247672
2 0.00695304
0 0
0 0
3 0.00104783
1 0.000481116
0 0
0 0
0 0
2 0.00811239
1 0.00225806
0 0
0 0.00178405
3 0.00194466
0 0
3 0.00192365
1 0.000983869
1 0.000416002
3 0.00204463
0 0
5 0.00322145
0 0
2 3.85881e-08
3 0.0132112
0 0
0 0
2 0.00190164
2 0.0100292
3 0.00104607
2 0.0014101
1 0.00253593
2 0.000335032
1 0.000690482
1 3.39373e-05
5 0.00743732
1 0.00662948
4 0.00149656
0 3.80536e-06
4 0.004352
2 0.0137596
2 0.00227023
1 0
1 0.000481116
3 0.015053
0 0
1 0.00261518
2 0.000749513
2 0.011372
0 0.000442142
0 0
0 0
2 0.00405231
0 0
0 0
4 0.00231746
0 0
4 0.00762128
1 0
0 0
1 0
1 0.000187658
0 0
0 0
0 2.65947e-05
3 0.00727951
0 0
2 0.0157822
0 0
1 0.00099432
0 0
4 0.00160583
2 0.000435594
1 0.0014051
1 0
3 0.00573251
0 0.000721804
0 0
0 0
4 0.00434252
3 0.00240396
0 0
1 0.0110299
0 0
4 0.00220808
1 0.00601624
3 0.000351416
2 0.00417408
4 0.0218009
1 5.61586e-06
0 0
1 0.00348055
6 0.00664937
4 0.0588586
1 0.000937984
2 0.00735397
2 0.011243
2 0.00133094
1 0.000102883
1 0.00147059
2 0.000146638
2 0.000481116
0 0
0 0
0 0
0 0
0 0
0 0
2 0.00133484
0 0
0 0
0 0
3 0.00847109
2 0.000441782
1 0.00111504
0 0
4 0.00511396
1 0.00284935
0 0
1 0.000481116
0 0
1 0.000295245
2 0.0231411
4 0.00407693
2 0.00175588
3 0.0123327
3 0.00549999
2 0.00282897
0 0
2 0.00172671
2 0.0033495
1 0.00596298
2 0.00656493
0 0
0 0
2 0.0171995
1 0.0032981
1 0.00665247
3 0.0110421
1 0.000425704
1 0.000327431
2 0.00262441
1 0
0 0
5 0.0269819
3 0.00363006
2 0.00139114
2 0.0200534
1 0.00462407
3 0.0020974
0 0
2 0.00104358
0 0.000266608
0 0
2 0.000681782
1 0.000554397
3 0.000973268
0 0
0 0
4 0.00781103
2 0.000481116
0 0
0 0
1 0.00192308
0 0
1 0
3 0.00302805
3 0.00179613
0 0
1 0
5 0.00353993
0 0
1 0
3 0.00213297
8 0.00571865
2 0.00454095
2 0.0017675
1 0
1 0.00118655
0 0
0 0
0 0
0 0
0 0
0 0
0 0
0 0
1 0.000481116
3 0.010652
0 0
2 0.00154331
0 0
1 4.46295e-05
7 0.00468806
0 0
0 0
1 0
0 0
0 0
0 0
1 0.00853597
2 0.000184202
2 0.00073941
0 0
4 0.00616135
0 3.97934e-05
0 0
0 0
0 0
2 0.00274469
2 0.00226357
1 0.000463329
2 0.000115675
1 0.000624978
1 0.0036734
1 0.000272216
1 0.000272216
5 0.00258898
0 0
1 0.000672585
0 0
1 0
0 0
0 0
3 0.000584365
1 0
3 0.00219233
2 0.000916472
0 0.000431898
5 0.0038468
4 0.000826291
1 0.000126697
5 0.00393218
2 0.000432612
4 0.00278889
1 7.56148e-05
1 0.00328179
0 0
0 0.000167062
0 0
0 0
0 0
2 0.000962117
0 0
1 0
0 0
0 0
0 0
2 0.000977044
2 0.00192308
2 0.00364415
0 0
0 0.00144265
2 0.000760923
3 0.00107793
0 0
0 0
1 0.00192308
3 0.00384441
2 0.00144289
0 0
0 0
1 0
1 0.00267549
1 0.000962001
3 0.00123353
1 0.0103243
2 0.00123741
0 0
2 3.47293e-07
1 0
0 0
0 0
1 0
2 0.00143138
1 0.00136359
0 0
0 0.00111412
0 0
3 0.00568139
3 0.000886211
3 0.0014942
1 0
4 0.0027469
2 0.000481116
0 0
0 0
0 0
4 0.0118807
5 0.00995234
1 0.000166479
0 0
1 0
0 0
3 0.00199198
0 0
0 0
4 0.000450178
2 0.00224162
0 0
3 0.00168012
1 0
2 0.000506716
3 0.000664094
0 0
0 0
0 0
2 0.000481116
0 0
1 3.65737e-05
1 3.65737e-05
1 3.65737e-05
1 3.65737e-05
1 3.65737e-05
1 0
1 3.65737e-05
0 0
1 3.65737e-05
1 3.65737e-05
1 3.65737e-05
1 0
1 0
1 3.65737e-05
2 3.00663e-05
1 0.00108134
1 3.65737e-05
1 0
1 0
1 3.65737e-05
1 3.65737e-05
1 0.014791
1 0
1 4.16751e-08
1 3.00663e-05
1 3.65737e-05
1 3.65737e-05
1 3.65737e-05
2 0.00252058
2 0.0015756
1 0
1 0
1 3.65737e-05
1 3.65737e-05
0 0
1 3.00663e-05
0 0
1 0
1 4.16751e-08
1 0.000304887
1 0.00300533
0 0
2 0.000481116
1 0
1 0.000559426
0 0
1 0.000435302
1 0.000435302
1 0
0 0
2 0.000839449
0 0
1 0.00161723
0 0
2 2.19793e-05
0 6.68676e-05
0 0.000784656
3 0.00556476
4 0.00228322
2 0.000420903
2 0.000509685
1 0.000242043
0 7.71762e-08
1 0.000252596
1 0
0 0
1 0
0 0
2 0.000481116
2 0.000248763
2 1.9294e-07
3 0.000123353
0 0
1 0
2 0.000151264
0 0
1 0.000151264
1 1.15764e-07
0 0
0 0
2 0.000481116
0 0
2 1.27341e-06
0 0
0 0
1 0.00100218
1 0.000481116
3 0.00255024
0 0
1 0.000481116
3 0.00285151
2 0.00243466
0 0
4 0.00089006
0 0
3 0.00955046
0 0
2 0.000697579
0 0
1 0.0022228
3 0.00198652
1 0.000962001
1 0.00354148
0 0
3 0.00780743
3 0.00462299
1 0.0075521
2 0.00071307
2 0.000604221
0 0
0 0
2 9.10271e-07
0 0
2 0.00221407
0 0
3 0.00138212
0 0
2 0.000944795
0 0
0 0
1 0
2 0.000962117
0 0
3 0.00156105
0 0
0 0
1 0.000716044
0 0
2 0.000646951
3 0.00287863
1 0.00264728
0 0
2 0.00131469
2 0.000481116
3 0.00355433
0 0
0 0.00122503
1 0.000115149
0 0
0 0
1 0
0 0
4 0.0087356
0 0
0 0
8 0.005267
0 0
0 0
3 0.00254351
0 0
1 0.000962001
1 0
1 0.00277994
0 0
2 3.45783e-06
1 8.4806e-05
0 0.00118226
1 0.000481116
0 0
2 0.000638292
0 0
6 0.00782447
0 0
1 7.05593e-05
0 7.58275e-05
0 0
0 0
0 0
1 0.00192308
0 0
1 0
1 0
1 0
1 0
0 0
2 0.000393559
0 0
5 0.00240486
0 0
0 0
0 0
3 0.00395913
0 0
0 0
1 0.000743959
5 0.00293217
0 0
0 0
1 0.00309531
1 0.000481116
2 0.00144573
1 3.22076e-05
0 0
0 0.000222798
0 0
0 0
0 0
3 0.00144289
1 0
0 0
0 0
0 0
0 0
0 0
2 0.00305844
1 0.00562358
0 0
3 0.00321728
0 0
0 0
1 0.000266079
2 0.000264148
0 0
2 0.00131009
0 0
1 0
2 0.00147073
4 0.000214456
0 0
2 0.000850552
0 0
0 0
0 0
0 0
3 0.000317497
2 0.000962001
3 0.0033976
0 0
0 0
0 0
3 0.00144289
0 0
0 0
0 0.000406784
0 0
4 0.000481753
3 0.000864208
0 0
1 0
2 0.00058513
1 0.000499694
0 0
1 0.000178027
0 0
0 0
0 0.000200419
3 0.0231031
1 0.000691313
1 0.00216033
2 0.00216033
0 0
1 0.000170352
0 0
1 5.1281e-05
4 0.00211417
2 0.000643103
4 0.00576817
0 0
0 0.000532739
0 0
1 0.000283324
4 0.000706422
2 0.00287922
0 0
1 0.00170959
2 0.00327571
0 0
0 0
1 0.000481116
2 0.00296546
0 0
0 0.000220485
2 0.000965479
0 0
2 0.00116876
0 0.000499926
3 0.00078096
1 0.00131635
1 0
2 0.000476635
0 0
0 0
0 9.14096e-05
3 0.0128023
0 0
1 0.00175982
2 0.000526191
0 0
2 0.000639866
1 0.0015941
4 0.00738132
0 0.000186746
0 0.000550745
2 0.00258463
0 0
3 0.0120617
0 0
0 0
4 0.00235591
0 0.000139559
1 3.59877e-07
2 0.00250207
0 0
2 0.00324412
2 0.000164622
0 0
1 0
2 2.69794e-06
0 0
0 0
0 0
1 6.29143e-05
2 1.53427e-05
1 1.3586e-05
3 0.00119715
2 0.00512275
0 0
1 0.000962001
2 2.40305e-05
2 0.00270213
1 0.00158143
2 0.00211513
2 0.00192354
0 0.000231226
2 0.000587895
1 0
0 0
1 0.000937694
3 0.00351899
6 0.00767847
2 0.00492085
0 8.16928e-06
1 2.32844e-05
1 0.000481116
1 0.000962001
1 0
3 0.00192342
0 0
3 0.000397131
0 0
3 0.000772939
1 0
2 0.000654004
0 0
0 5.92806e-05
1 0.000534246
0 0
0 0
0 0
2 0.000481116
1 0.00168107
4 0.00592091
1 0.00168107
4 0.00688242
1 0.00225923
0 0
0 0
0 0
3 0.00176973
1 0.000481116
6 0.00565137
0 0
0 0
1 0.000354597
0 0
1 0.000354597
1 0
9 0.00297008
1 0.000221185
0 0
0 0
0 0
0 0
3 0.00566506
0 8.04427e-05
1 0
0 0
0 0
0 0
1 0
2 0.0028838
0 0
0 0
1 0.000398836
0 0
3 0.000962117
0 0
0 0
0 0
2 0.00336411
1 0
1 0
0 0
0 0
2 0.000962001
0 0
1 0
1 0
4 0.00336503
0 0
1 0.000481116
1 0
0 0
3 0.00528255
0 0
1 0.000481116
1 0.000962001
3 0.000962117
2 0.000962117
2 5.78821e-08
0 0
0 0
0 0
0 0
2 0.00246173
1 0.00168246
1 0.000481116
1 0.000240327
0 0
0 0
0 0
0 0
0 0
0 0
0 0
0 0
2 0.000266183
0 0
0 0
6 0.00643484
6 0.00585241
0 0
3 0.00153941
3 0.0019658
0 0
0 0
2 0.00163466
0 0
0 7.51705e-05
1 0.000863109
3 0.00395802
1 0.00352243
1 0.000251531
1 0
0 0
1 0.000481116
3 0.000431255
2 0.00240396
1 0.000481116
0 0
0 9.9712e-05
1 0.00103294
0 0
1 0
8 0.011786
0 0
2 0.0158669
1 0.000606228
1 0.00096221
2 0.00206477
0 0
0 0
0 0
5 0.00275842
1 0.00192308
0 0
0 0
1 0.00288322
2 0.00120642
3 0.00144289
1 0
0 0
0 0
3 0.0122513
1 0
1 0
1 0
0 0
0 0
0 0
3 0.00240384
2 1.15764e-07
1 0
2 0.00450946
0 0
0 0
0 0
0 0
1 0
0 0
2 0.000704461
2 0.000560067
4 0.00243
5 0.00296792
0 0
0 0.000193073
1 0.000500631
0 0
1 0
0 0
1 0
0 0
2 0.0022043
3 0.00013739
1 0
0 0
0 0
4 0.00144098
0 0
0 0
1 0
2 0.0052665
0 0
2 0.0138409
1 1.71717e-06
2 1.10117e-05
1 0.000926014
1 0.000184767
1 0.00066548
0 0.000157273
0 0
4 0.0097916
3 0.00338996
0 0
4 0.00154259
2 0.00248174
0 0
0 0
4 0.00480321
0 0
1 0.000381264
0 0
4 0.00133884
0 0
0 0
3 0.00336236
2 6.49851e-05
1 0.000712373
2 0.00192308
2 0.00575811
0 0
1 0.000481116
4 0.00213007
0 0
0 3.19342e-05
1 8.01289e-05
1 0.00271427
1 0
5 0.00480437
2 0.00643661
0 0
0 0
0 0
1 0.000543259
0 0
1 0.0019225
1 0
1 0.000480537
0 0
0 0
3 0.000786398
0 0
3 0.00250244
0 0.000189431
0 0
0 0
0 0
2 5.78821e-08
0 0
0 0
0 0
0 0
3 0.00155404
1 0
0 0
4 0.00481376
1 0.000659104
1 4.0074e-05
1 4.0074e-05
2 0.00109106
0 0
4 0.00326916
0 0
0 0
2 0.00101178
0 0
3 0.000450053
0 0
0 0
2 0.00336434
1 0
1 0
0 4.39829e-05
0 0
1 0.000481116
0 0
2 6.52322e-05
0 0
0 0
1 0
0 0
2 0.00263018
0 0
2 0.000361024
0 2.1967e-05
2 0.0015951
1 0
1 7.46346e-06
1 1.97299e-05
0 0
1 0
0 3.84489e-05
1 0
2 0.000572431
1 0
0 0
1 0.00108921
0 0.00152027
5 0.00270343
3 0.00237365
1 0.00106453
1 0.00179099
0 0
0 0
0 0
0 0
3 0.0118328
0 0
4 0.00182722
3 0.00217823
0 0
0 0
0 0
1 0
1 0
1 0
1 0
1 0
1 0
1 0
0 0
1 0
1 0
1 0
1 0
1 0
1 0
1 0
2 0.00553045
1 0
1 0
1 0
1 0
1 0
1 0
1 0
1 0
1 0
0 0
1 0
1 0
1 0
1 0
1 0
1 0
1 0
1 0
0 0
1 0.000481116
0 0
0 0
3 0.00205153
2 0.000481116
2 0.00144265
5 0.00343823
0 0
1 0
1 0.000481116
0 0.000141225
2 0.00195374
1 0.00162441
0 0
1 0
1 0
0 0
0 0
0 0
0 0
0 0
3 0.00157134
0 0
0 0
2 9.40346e-05
0 0
0 0
0 0
1 0
2 0.000526864
2 0.000113391
0 0
0 0
1 0
0 0
0 0
2 0.000855904
0 0
0 5.18793e-05
2 0.0016583
3 0.00313411
2 0.000900731
0 0.000223698
1 0.000481116
1 0.000162102
2 0.000962117
3 0.000997818
0 0
1 0.00141872
0 0
0 0
0 0
0 0
2 0.00153517
2 0.0106649
0 0
0 0
0 0
4 0.00449287
1 1.21322e-05
1 0.000481116
0 0
2 0.000502968
2 0.000481116
2 0.00159212
4 0.0052039
3 0.0028845
0 0
1 0
0 0
2 0.00150985
2 0.000172067
1 0.00108461
2 7.66809e-05
2 0.0110719
0 0
3 0.00026096
0 0
2 0.00156799
1 0.000159114
0 0
1 0
0 0.00192308
2 0.00144265
1 0.000241268
0 0.000270221
2 0.00257954
1 0.00144265
0 0.000353219
3 0.000137755
1 0.000137755
0 0
0 0
0 0
0 0
0 0.000142925
0 0
2 0.00101598
0 5.39769e-05
0 0
2 0.00149837
3 0.00512138
1 0
0 0
2 0.0206735
4 0.00224922
1 0
0 0
1 0
0 0
0 0.000748086
1 0.000203822
1 0
0 0
0 0
0 0
2 0.000962117
0 0
0 0
2 0.00111225
0 0
1 0
2 0.000481116
0 0
1 0
2 0.000523568
0 0.000619808
0 0
0 0
1 0
0 0
0 0
0 0
0 0
2 0.000103409
0 0
0 0
3 0.00122158
0 0
2 0.00154108
0 0.000288378
1 0.000564255
0 0
0 0
1 0.000280756
1 0.00107022
1 0.000481116
1 0
2 0.000647297
0 0
0 0
0 0
2 0.000237577
0 0
0 0
2 0.00116474
0 0
0 0
1 0.000156158
2 0.000156158
0 0
3 0.00637409
0 0
2 0.0104002
0 0
3 0.00174169
0 0
4 0.00965635
9 0.0147552
0 0
4 0.00381219
1 0.00206289
0 0.000790475
1 0.000481116
1 0.000721327
3 0.000721327
0 0
0 0
2 5.78821e-08
0 0
0 0
0 0
1 0.00256064
1 0.00134335
0 0
1 0
0 0
0 0
1 0.000481116
1 0.00210635
0 0
3 0.000962117
2 0.00288415
0 0
0 0
1 0
0 0
0 0
0 0
0 0
1 0.000481116
0 0
5 0.00767155
0 0
2 0.00271035
4 0.00501681
0 0
2 0.0119261
0 0
2 0.00245557
0 0
0 0
0 0
0 0
0 0
0 0
1 0
1 0
3 0.000889491
0 0
2 0.000940198
2 0.000775757
3 0.000872102
0 0
2 0.000754318
0 0
0 0
0 0
0 0
0 0
0 0
1 0
0 0
0 0
3 0.00158658
5 0.00250449
0 0
0 0
0 0
0 0
0 0
0 0
2 0.000898646
0 0
0 0
0 1.40958e-05
0 0
0 0
2 0.0110071
0 0
0 0
0 0
1 0.000327442
2 0.000159347
1 0.0012481
0 0
1 0.000271225
1 0.000152933
0 0
1 0.00489848
0 0
0 0
2 0.00288415
1 0
0 0.000203435
0 0
1 0.00386817
0 0
4 0.00089987
3 0.00678399
0 0
0 0
1 0
2 0.000962001
1 0
1 0
0 0
3 0.000600242
0 0
0 0
0 0
0 0
0 0
3 0.00297933
1 3.80056e-05
2 0.00182245
1 0
0 0
0 0
0 0
1 0.000481116
1 0.000598803
2 0.000962117
0 0
0 0
0 0
2 0.00283129
3 0.00885591
0 0
2 0.00499979
0 0
0 0
0 0
3 0.00390806
2 0.00145801
1 0
0 0
0 0
1 0.000481116
0 0
0 0
1 0
1 0.000481116
0 0
3 0.00528394
0 0
2 0.000481116
2 0.00144289
0 0
0 0
0 0
1 2.31528e-08
6 0.00752043
1 2.31528e-08
2 2.31528e-08
0 0
0 0
3 0.000105769
0 0
0 0
0 0
0 0
1 0.00144265
3 0.00434067
1 0.000362445
2 0.000962117
0 0
2 0.00144801
6 0.00367482
0 0
0 0
0 0
0 0
0 0
1 0.000481116
1 0
1 0
0 0
0 0
1 0.000464234
0 0
0 0
0 0
1 0
0 0
2 0.000368424
0 0
0 0
1 0
1 7.93885e-05
2 0.00183771
0 0
0 0
1 2.1806e-06
0 0
0 0
3 0.00122734
1 0.000337822
2 0.000393997
0 0
0 0
1 0.00108462
1 0.000927432
1 0
0 0
1 0
0 0.000476661
0 0
0 0.000165963
0 6.8972e-05
0 0
0 0
0 0
2 0.00402575
1 0.000794785
2 0.000481116
0 0
0 0.000136322
0 7.35894e-05
0 0
0 0
0 0
0 0
1 0.0001723
0 0
2 0.000339339
1 2.05221e-05
0 0
2 0.000996415
1 0
4 0.00168935
0 0
1 0
0 0.000550481
2 0.0019656
0 0
2 0.00157425
0 0
0 0
1 0.000481116
1 0.00288334
0 0
3 0.000962117
2 0.00501179
0 0
1 0.00203967
1 0.00173983
1 0.000601689
0 0
1 0.00384245
0 0.00012449
4 0.00234051
1 7.52053e-05
2 0.00216883
2 0.00107648
0 0
0 0
0 0
1 0
1 0
0 0
2 0.00136282
0 0
0 0
0 0
0 0
0 0
1 0.000424061
0 0
0 0
0 0
1 0
1 0.00129337
1 0
2 0.000209579
3 0.00119776
0 0
0 2.99673e-05
0 0
2 0.00144265
1 0
1 0
0 0.00192308
0 0
2 0.00260479
2 0.000578108
2 0.000416224
1 0.00069732
0 2.3355e-05
0 0
1 2.66571e-05
0 0
0 6.21484e-05
0 0
2 0.000459184
1 0
0 0
3 0.00282099
0 0
0 0
0 0
1 0.000364376
2 0.00597788
1 0.000481116
1 0.00393141
1 0
0 0
0 0
1 0
0 0
1 0.000153945
0 0
1 0.000962001
1 0.000481116
0 0
1 5.78821e-08
3 0.00121053
0 0
2 2.70117e-07
3 0.00537034
1 0.000240249
0 0
2 0.00192342
0 0
1 0
1 0
0 0
1 0.000481116
2 0.000962001
0 0
1 0.000481116
2 0.00240327
0 0
3 0.000962059
0 0
0 0
0 0
1 0.000549174
4 0.000870856
0 0
0 0
3 0.000564578
2 0.00142277
2 0.000998582
0 0
0 0
0 0
1 0.000168379
3 0.00422397
0 0.000186559
1 1.90611e-05
0 0
1 0.000613049
4 0.00189997
4 0.00226562
1 0.00109584
0 0
1 0
1 0.00102526
2 2.45612e-05
1 0
0 0
1 0
0 0
1 6.27494e-05
1 0
1 0
0 0
0 0
0 0
1 0
1 0
0 0
1 0
1 0
4 0.00207321
1 0
0 0
1 0
2 8.17506e-05
1 0
1 0.000334853
0 0.000156384
3 0.00214954
0 0
0 0
0 3.14128e-05
0 0
2 5.78821e-08
2 0.0030843
5 0.00370248
0 0
2 0.0050406
0 0
0 0
0 0
0 0
0 0
0 0
0 0.000106902
0 0
0 0
1 0
0 0
0 0
0 0
3 0.00261009
0 0
2 0.000962117
0 0
2 0.000962001
1 0
0 0
1 0.0024855
0 7.49924e-05
0 0
0 0
1 0.000286302
0 0
1 0.000389683
0 0
0 0
1 0
0 0
1 0.000481116
0 0
1 0
2 0.000148326
1 0
0 0
1 0
2 0.00168026
2 0.00575811
0 0
2 0.00264226
0 0
1 0
0 0
0 8.31496e-05
0 5.78395e-05
4 0.00166644
1 0.00275876
1 0.000432494
2 0.00204108
1 0.000481116
0 0
1 0.000962001
0 0
1 0.00144265
3 0.000965354
0 0
0 0
3 0.00278883
1 0.000636567
2 0.000636567
1 0
0 0
1 0
1 3.4355e-05
0 0
1 0
1 0
2 0.000983621
1 0
2 0.00245874
1 0
1 0
1 0
1 0
1 0
1 0
1 0
0 0
1 0
1 0
1 0
0 0
0 0
1 0
0 0
0 0
3 0.000693337
0 0
2 0.000551211
2 0.000108448
0 0
0 1.12085e-05
0 0
0 0
1 0
1 0.00192308
1 0
1 0
1 0
0 0
2 0.000390488
1 0.000384962
0 0
0 0
0 0
2 0.00210197
0 0
0 3.74518e-05
1 0.000292072
0 0
0 0
0 0
0 0
0 0
1 0.0102651
0 0
0 0
1 6.81522e-05
1 7.72727e-05
0 0
0 0
2 0.000422412
0 0
0 0
3 0.00274197
0 0
2 0.000499518
0 0
1 0
1 0
0 0
0 0
0 0
3 0.00851366
1 0.0024033
2 0.000160353
0 0
1 0.000160353
1 0.000160256
1 0.000481116
3 0.00164487
0 0
4 0.00336469
0 0
0 0
3 0.001443
2 0.00188234
0 0
1 0
0 0.000229607
2 0.000451151
1 0
0 0
3 0.00477785
4 0.00435343
1 1.28498e-06
0 0
1 6.13935e-05
1 0
0 0
0 0
0 0
2 0.000250813
1 0
1 0
3 0.00165743
0 0
3 0.00191933
2 0.00203523
1 0.000227525
0 0.000791736
1 0
0 0
0 0
2 0.00172509
0 0
2 0.000962117
0 0
0 0
0 0
0 0
0 0
0 0
1 0.00079086
4 0.00387279
2 0.000481116
0 0
1 0
0 0
1 0.00192308
0 0
1 0
1 0.0002405
0 0
2 0.00384441
2 0.00662735
0 0
0 0
0 0
1 0.0002405
0 7.79408e-05
1 0.000177013
0 0
1 0.000105304
2 0.000510736
1 1.42356e-05
0 0
1 0
0 0
1 0
0 0
1 3.12367e-05
2 2.54706e-05
0 0
2 6.91647e-05
1 0
1 0
1 0
0 0
0 0
2 1.73646e-07
0 0
0 0
0 0
1 0
0 0
0 5.73846e-05
3 0.000626858
0 0
1 0
0 2.20545e-05
0 0
1 0.000154992
0 0
0 0
0 0
0 0
0 0
0 0
2 0.000962001
2 0.000114086
1 0.000801459
0 0
1 0
1 0
2 0.00192308
0 0
0 0
0 0.000368068
0 0
3 0.00220534
0 0
1 0.00148493
0 0
0 0
1 7.90731e-05
0 0
0 0.000730784
0 0
0 0
1 0.000128448
2 0.000271641
2 0.000383233
1 7.39218e-06
0 0
0 0
2 0.000470189
0 0
0 0
0 0
0 0
0 0
0 0
0 0
1 0.000954976
3 0.000321939
0 0
2 0.00122162
0 0
0 0
1 0
0 0.000420075
0 0
0 0
0 0
0 0
2 0.00106116
2 0.0002518
0 0
3 0.00192365
0 0
1 0
0 0
0 0
0 0.000682348
0 0
0 0
1 0
2 0.00140819
0 7.579e-06
0 0
3 0.0112804
2 0.00124833
0 0
0 0
4 0.00466895
2 0.000962001
0 0
1 0
0 0
0 0
3 0.00124248
0 0
2 0.000438178
0 0
0 0
0 0.000411912
1 0.0002405
1 0.0002405
0 0
1 0.000481116
0 0
0 0
0 0
0 0
1 0
1 0
1 0
1 0
0 0
1 0
0 0
0 0
1 0
1 0
0 0
0 0
3 0.00155774
1 0
0 0
0 0
0 0
3 0.00432484
2 0.000962117
2 0.000481116
1 0.0002405
1 0.0002405
0 0
0 0
0 0.000257802
2 0.00103843
0 0
0 0
0 0
1 0
2 0.000481116
0 0
0 0
1 0
1 0
1 0
1 0
0 0
0 0
1 0
1 0
1 0.000481116
1 0.000325405
0 0
0 0
1 0.00144265
2 0.00144265
0 0
1 0.000481116
1 0.000962001
1 0.00293108
0 0
0 0
1 0.000481116
2 0.000846924
0 0
3 0.00378511
1 0.000481116
0 0
0 0
2 0.000962001
0 0
0 0
1 0
0 0
1 0
0 0
7 0.0058934
0 0
0 0
0 0
1 0
0 0
0 0
2 0.000969914
2 1.15764e-07
0 0
1 0
3 0.000962232
0 0
1 0
0 0
1 0
1 0.00270799
1 0.00148705
1 0.000960645
2 0.000962117
0 0
0 0
0 0
0 0
0 0
1 0.000481116
1 0
0 0
0 0
0 0
0 0
0 0.000114935
0 1.12589e-05
0 0
0 0
0 0
0 0
3 0.00212482
0 0
0 0
1 0.000114338
0 0
1 0.000114338
2 0.00329874
0 0
3 0.000283971
0 0.00109439
1 0.000481116
0 0
0 0
0 0
3 0.00480271
0 0
1 0.00111697
0 0
0 0
2 0.00501678
0 0
0 0
0 0
1 0
2 0.00256503
0 0
1 0
0 0
0 0
0 0
1 0
0 0
1 0.00015641
1 0.00280805
0 0
1 0.000962001
0 0
1 0
4 1.84939e-05
0 0
1 0.000962001
2 0.000962001
0 0
1 2.62969e-05
1 0
0 0
0 0
0 0
1 0
0 0
0 0
1 0
1 0.000618695
0 0
2 0.00198102
0 0
2 0.018592
0 0
2 4.88945e-05
3 0.00017632
3 0.00293418
0 0
0 0
1 0.000481116
2 9.00977e-05
0 0
1 0.000315376
0 0
2 0.000293301
1 3.85787e-05
0 0
0 0
2 0.00162056
1 0
1 0.000267074
1 0.000267074
3 0.00114681
1 0.000267074
1 0
0 0
0 0.000122023
1 1.15764e-07
2 0.000240384
1 0.00120204
1 0
0 0
1 0.00288322
0 0
2 0.000962117
0 0
0 0
0 0
1 0
0 0
0 0
0 0
0 0
2 0.000962001
1 0.00103804
0 0
0 0
0 0
2 0.000481116
0 0
1 0.000481319
0 0
0 0
1 0.000118027
2 0.000118027
1 0.000837334
2 0.000837334
1 0.000481116
0 0
0 0
0 0
1 0
0 0
0 0
0 0
0 0
0 0
1 0
1 0
4 0.000560637
2 0.00349297
0 2.36872e-06
0 0
1 4.86417e-05
1 0
0 0
0 0
0 0
1 0.000481116
0 0
0 0
0 0.000222875
0 0
1 7.60587e-05
0 0
0 0
1 7.60587e-05
3 0.00513314
1 0
1 0
0 0
1 0
0 0
0 0
0 0
2 5.78821e-08
0 0
1 0
0 0
0 0
0 0
1 0
0 0
2 0.000962001
0 0
1 0
0 0
0 0
0 0
1 0
0 1.02978e-05
0 0
1 6.68876e-05
0 2.55997e-07
0 0
0 0
0 0
0 0
1 0.000481116
1 0.000481116
2 2.3817e-05
2 2.55077e-05
0 0
1 7.80726e-05
2 3.19277e-05
1 3.19277e-05
1 0
0 0
1 0.000481116
0 0
0 0
4 0.0018892
1 0.000481116
0 0
0 0
1 0.00109473
4 0.00329479
0 0
0 0
0 0
0 0
0 0
0 0
1 0
1 0.00043567
0 0
2 0.000172695
0 0
1 0.000481116
0 0
0 0
0 0
1 0
0 0.000135551
0 0
1 0
0 0
0 0
3 5.04605e-05
0 0
0 0
1 2.52013e-05
0 0
0 0
0 0
1 0
1 0.00240327
1 7.37867e-05
1 0
0 0
3 0.00048129
0 0
0 0
0 0
0 0
1 0.000481116
0 0
0 9.67502e-06
0 0
0 0
1 0
1 0
0 0
1 0
0 0
0 3.39816e-05
0 0
1 0
0 0
3 0.000136992
1 0
1 0
1 0
0 0
0 0
1 0
1 0
0 0
0 0
0 0
0 0
1 0.000481116
1 0.000171033
1 0.000586935
0 0
1 0
0 0
1 0
0 0
0 0
1 0
0 0
1 0.000227214
2 0.000227214
0 0
1 0.000565841
1 5.74235e-06
0 0
0 0
0 0
0 0
0 0
0 0
0 0
0 0
2 0.00144289
0 0
0 0
0 0
2 0.000240056
1 0
2 9.84724e-05
0 0
0 0
0 0
1 2.71522e-06
1 0.0002405
1 0.0002405
0 0
0 0
0 0
4 0.00442651
2 0.000962001
1 0.00192308
0 0
0 0
0 0
1 0
1 0
0 0
2 5.78821e-08
0 0
0 0
2 0.000524846
2 0.0019675
0 0
0 0
0 0
0 0
0 0
1 0
0 0
1 0
0 0
1 0
1 0
0 0
0 0
0 0
2 1.15764e-07
0 0
1 9.60672e-05
0 0
1 0
2 0.000135211
0 0
2 0.00144289
1 0.000481116
0 0
0 0
0 0
1 0.00108906
1 0
0 0
1 0.00209822
0 0
0 0
0 0
3 0.00125134
0 0
0 0
1 0
2 1.15764e-07
0 0
0 2.37847e-05
0 0
0 0
2 0.000115408
0 0
3 6.77475e-05
1 0
0 0
0 0
0 0
0 0
0 0
6 0.00397839
0 0
2 0.00290711
0 0.000187141
0 0
0 0
0 0
1 0.000481116
2 0.00170747
1 0
0 0
0 0
2 0.000450508
1 0.000481116
2 0.000855597
0 0
0 0
3 0.0003899
0 0
3 0.00271203
0 0
1 0.00112063
0 0
4 0.00186739
2 0.00499133
0 0
1 0
0 0
1 0
0 0
0 0
0 5.23936e-05
2 3.47293e-07
0 0
0 0
2 0.000481116
2 0.000478931
1 0
1 0
1 0
0 0
1 0.00238749
1 0
2 1.38917e-06
1 0
1 0
1 0
1 0
0 0
1 0
0 0
1 0
1 0
1 0
1 0
1 0.000481116
0 0
0 0
0 0
0 0
0 0
0 0
0 0
1 0
0 0
1 0
0 0
0 0
1 0
1 0
0 0
1 0
1 0.00073089
1 0
1 0
0 0
0 0
0 0.00073089
2 0.000708951
1 0.000481116
4 0.00245455
0 0
0 9.85082e-05
0 0
1 0
1 0
1 0.00146435
0 0
0 0
1 0
1 0
1 0
2 0.000159474
1 0
1 0
1 0
1 0.000159474
0 0
0 0
3 0.00108974
0 0
0 6.63897e-05
0 0
1 0.000422586
0 0
1 0
1 0
0 0
3 0.00192354
0 0
1 0
1 0
0 0
0 0
0 0
1 4.13792e-05
0 0
1 0
0 0
3 0.000324893
2 0.00162818
2 0.000564527
0 0
3 0.00272805
0 0
0 0
0 0
1 0.000481116
0 0
1 0
0 0
0 0
0 0
0 0
0 0
2 5.78821e-08
0 0
1 2.31528e-07
1 0
2 2.31528e-07
1 2.31528e-07
1 0
1 0
1 2.31528e-07
1 0
1 0
0 0
0 0
0 0
1 0
2 0.00040373
0 0
0 0
1 0
0 0
3 0.00185223
1 0
0 0
0 0
1 0
1 0.000278104
0 0
1 0
0 0
1 0
0 0
1 0
1 0
1 0
0 0
1 0.000481116
1 0
1 0
0 0
0 0
0 0
2 0.000210662
0 0
0 0
0 0
0 0
1 2.31528e-08
0 0
0 0
1 0
3 2.40273e-05
0 0.000197882
0 0
0 0
1 0.000851723
0 1.16897e-05
0 0
0 0
0 0
1 0
2 2.17413e-06
0 0
0 0
3 0.000494973
3 0.000604341
2 0.00343034
1 5.14508e-08
1 5.14508e-08
1 5.14508e-08
1 0
1 5.14508e-08
1 5.14508e-08
1 5.14508e-08
1 0
1 5.14508e-08
1 5.14508e-08
1 5.14508e-08
1 5.14508e-08
0 0
1 5.14508e-08
0 0
2 7.69738e-05
1 5.14508e-08
2 5.14508e-08
0 0
1 0
1 0
0 0
1 5.14508e-08
1 0
0 0
0 0
0 0
1 0
0 0
0 0
2 0.00194275
1 0.000481116
0 0
2 0.000962117
0 0
0 0
0 0
1 0
0 0
2 0.00240373
3 0.00192342
0 0
1 0.000481116
0 0
1 0
0 0
1 0
0 0
0 0
2 0.000647948
1 0
0 0
1 0
2 0.00141671
2 3.66026e-06
0 0
1 0
1 0
0 0
1 0
1 0
1 0
1 0
1 0
1 0
1 0
1 0
1 0
1 0
1 0
1 0
1 0
1 0
1 0
1 0
1 0
1 0
1 0
1 0
1 0
0 0
1 0
0 0
0 0
1 0
1 0
0 0
0 0
1 0
0 0
1 0
1 0
0 0
0 0
0 0
0 0
1 0
0 0
0 0
1 0.000962001
0 0
1 0
1 0
0 0
1 0
0 0
1 0
1 0
1 0
0 0
0 0
0 0
1 0.00156251
0 0
2 0.00169753
0 0
0 0
0 0
3 0.000166895
2 0.000365074
0 0
0 0
0 0
1 0
1 9.2525e-06
1 0
0 0
0 0
0 0
0 0
2 0.00125951
1 0.000481116
0 0
0 0
0 0
0 0
0 0
0 0
2 0.000831825
0 0
0 0
0 0
0 0
0 0
0 0
1 0
1 0
1 0
0 0
0 0
0 0
0 0
1 0
0 0
1 0.000962001
1 1.73646e-07
0 0
0 0
0 0
1 0
0 0
0 0
0 0
2 0.00144289
0 0
0 0
1 0.000960843
2 0.00192284
1 0
0 0
0 0
1 0.000481116
0 0
1 0
0 0
0 0.000262317
1 0
1 9.58756e-05
1 9.58756e-05
1 0
0 0
0 0
0 0
1 0
1 0
2 0.000993619
1 0
1 0.000534494
1 0
2 0.000534494
1 0
0 0
1 9.09817e-06
0 0
0 0
0 0
0 0
1 0
1 0
1 0
1 0
1 0
1 0
1 0
2 0.000962001
1 0
1 0
1 0
1 0
0 0
1 0
1 0
1 0
1 0
1 0
1 0
2 0.00144265
1 0
1 0
1 0
1 0
1 0
1 0
1 0
1 0
1 0
1 0
1 0
1 0
1 0
1 0
0 0
1 0
1 0
0 0
0 0
0 0
0 0
3 0.000804913
0 0
2 1.25112e-05
0 0
0 0
2 0.000481116
0 0
0 0
1 0.000962001
1 0.000481116
0 0
2 0.00144289
0 0
0 0
0 0
0 0
0 0
0 0
1 0
1 0
0 0
0 0
1 0
0 0
0 0
3 0.000962117
0 0
1 0.000481116
0 0
0 0
0 0
0 0
0 0
0 0
0 0
2 0.000481116
1 0
1 0
0 0
0 0
2 0.00144265
1 0
1 0
0 0
0 0
2 0.00259747
0 0
2 6.47408e-05
1 0
2 0.0013295
0 0
0 0
1 0
1 1.35018e-05
2 9.94524e-05
0 0
1 0
1 0
0 0
0 0
0 0
1 7.3759e-06
0 0
0 0
0 0
1 0
0 0
1 0
0 0
0 0
0 0
1 0
0 0
0 0
2 0.000548873
0 0
1 0
0 0
0 0
1 0
0 0
0 0
0 0
0 0
0 0
2 0.00228987
0 0
1 0.000481116
1 0.000450074
2 0.000792572
1 0
1 0.000962001
0 0
0 0
1 0
0 0
0 0
0 0
1 0
0 0
1 0
0 0
1 0
1 0
1 0.00384245
1 0.000617886
0 0
0 0
0 0
1 0.000962001
0 0
3 0.000789845
0 0
0 0
0 0
2 0.000202737
0 0
0 0
0 0
0 0
1 0
1 0
0 0
2 0.00336446
1 0
0 0
2 1.15764e-07
0 0
1 0
0 0
1 0.00336295
0 0
0 0
1 0
0 0
1 0.000481116
0 0
0 1.21759e-05
0 0
0 0
0 0
1 0
2 0.000481116
0 0
0 0
0 0
0 0
0 0
1 0
0 0
1 0.00100469
1 0.000481116
0 0
0 0
0 0
1 0.000103298
0 0
1 0
0 0
1 0.000590893
0 0
1 0
0 0
0 0
1 0.000962001
0 0
1 0
0 0
1 0
1 0
1 0
1 0
0 0
1 0
0 0
3 0.00100997
0 0
1 0
0 0
1 0
1 0
1 0
2 0.00194629
1 1.73646e-07
0 0
0 0
2 0.000240732
1 0.000240384
1 0
0 0
0 0
0 0
0 0
1 0
0 0
2 0.000411239
0 0
1 0
1 0
0 0
0 6.21669e-05
3 0.00144289
0 0
1 0.000481116
1 0
0 0
0 0
0 0
0 0
0 0
1 0.00144265
1 5.82226e-06
1 5.82226e-06
0 0
1 0
0 0.000169251
2 0.000366632
4 2.94174e-05
0 0
0 0
0 0
0 0
0 0
2 1.73646e-07
0 0
0 0
0 0
0 0
0 0
0 0
2 0.000721559
0 0
0 0
2 0.000240442
0 0
0 0
0 0
0 0
1 0
0 0
2 0.00144289
0 0
0 0
0 0
0 0
0 0
0 0
0 0
0 0
0 0
0 0
0 0
0 0
0 0
0 0
0 0
0 0
0 0
0 0
1 0
1 0
1 0
0 0
1 0
0 0
0 0
0 0
0 0
0 0
2 0.00144289
0 0
0 0
1 0
1 0
1 0
1 0
1 0
1 0
1 0
1 0
0 0
1 0
1 0
1 0
1 0
1 0
1 0
1 0
0 0
1 0
0 0
0 0
0 0
0 0
0 0
0 0
0 0
0 0
0 0
0 0
0 0
0 0
1 0
1 0
0 0
0 0
0 0
1 0
1 0
1 0
1 0
0 0
1 0
0 0
0 0
0 0
1 9.69504e-05
0 0
0 0
0 0
0 0
1 0.000481116
2 0.000962001
0 0
0 0
0 0
0 0
1 0.000481116
0 0
2 0.00175414
1 0
0 0
0 0
1 0
0 0
0 0
1 0.000127211
0 0
1 0.000481116
0 0
1 0
1 0
0 0
1 0
0 0
0 0
0 0
0 0
1 0
0 0
0 0
1 0
0 0
0 0
1 0
0 0
1 0
0 0
0 0
0 0
1 1.49559e-05
0 0
0 0
0 0
0 0
0 0
0 0
0 0
0 0
1 0.000481116
1 0.00384245
1 0
2 1.38274e-06
1 1.38274e-06
0 0
1 0
1 1.38274e-06
1 1.38274e-06
1 0
1 0
1 1.38274e-06
1 0
1 0
1 0
1 0
0 0
0 0
1 0
1 0
0 0
0 0
0 0
1 0
0 0
1 0
0 0
0 0
1 0
0 0
0 0
0 0
1 0
0 0
0 0
0 0
0 0
2 0.000962001
0 0
1 0
0 0
0 0
1 0
0 0
1 0
0 0
0 0
0 0
0 0
1 0
0 0
1 4.39836e-05
1 4.39836e-05
1 4.39836e-05
1 4.39836e-05
1 4.39836e-05
0 0
1 4.39836e-05
1 4.39836e-05
1 0
0 0
0 0
1 0
2 7.71762e-08
0 0
0 0
1 0
0 0
0 0
0 0
0 0
1 0.000481116
0 0
0 0
0 0
1 0
0 0
0 0
1 0
1 0
0 0
0 0
0 0
0 0
0 0
0 0
0 0
0 0
0 0
0 0
