6 6
7 4
0 5
3 4
0 1
274 49
0 42
8 7
3 7
0 2
0 1
0 1
1 4
0 2
0 2
15 42
1 5
1 2
1 4
1 4
0 1
4 8
0 1
0 2
4 4
6 11
4 6
1 4
0 2
0 2
0 2
3 8
0 3
0 1
4 17
2 4
1 4
0 3
1 2
0 2
2 14
4 6
4 7
3 17
257 30
0 1
2 4
2 7
0 2
0 1
0 3
5 5
1 3
0 3
3 6
3 8
0 2
0 1
0 2
3 5
0 2
0 2
0 1
2 6
0 2
253 30
3 13
14 17
0 3
1 4
0 2
6 4
2 5
2 5
0 1
0 2
1 3
2 6
0 1
5 4
0 1
0 1
1 2
1 3
0 1
10 30
0 1
3 13
5 11
5 14
0 4
5 8
0 2
1 2
228 24
1 2
0 5
273 48
2 4
0 2
0 2
8 16
31 18
176 17
0 1
2 7
241 26
0 2
2 4
5 6
0 1
0 2
9 9
0 1
0 1
1 2
0 1
278 55
2 3
76 9
1 2
7 13
9 15
1 3
0 3
0 2
3 6
1 4
0 1
0 1
1 2
0 5
3 3
5 4
0 2
1 3
0 2
1 6
1 5
2 5
0 3
4 7
1 2
1 2
0 2
1 5
1 7
4 5
1 2
0 1
5 9
6 7
0 3
234 25
0 2
4 8
1 4
250 29
1 2
0 1
0 2
3 7
0 2
4 8
0 1
0 3
2 9
1 3
1 3
5 17
0 1
8 5
2 6
1 3
0 3
1 2
0 2
0 1
1 3
4 9
2 7
0 1
3 9
0 3
4 13
0 1
1 3
13 8
0 2
14 17
230 24
1 7
7 7
2 3
0 3
1 4
6 10
0 4
3 8
0 2
0 3
18 34
8 11
0 3
0 4
0 2
0 2
0 1
1 5
0 4
0 2
0 1
0 1
1 4
1 4
7 5
1 2
2 3
2 7
0 4
0 2
1 6
0 3
78 9
1 2
0 2
1 3
258 31
8 11
1 2
1 3
1 2
0 3
1 3
0 3
0 6
9 14
0 3
0 1
11 23
54 19
3 5
0 1
0 1
0 2
21 5
0 2
0 3
0 4
3 7
279 56
1 6
0 2
4 9
0 2
2 4
2 6
0 1
8 9
12 10
1 2
0 4
4 8
4 7
3 4
5 6
2 3
6 8
0 4
0 2
2 3
0 2
0 2
2 5
0 3
0 1
0 1
0 2
2 6
0 3
1 2
1 2
0 2
4 9
2 5
1 6
5 8
0 2
1 2
9 17
0 2
0 1
0 1
3 10
0 1
0 1
2 8
0 2
0 2
0 4
0 1
1 7
197 19
1 2
1 2
0 2
0 3
0 1
0 3
1 2
0 1
20 42
0 8
0 3
0 2
2 6
2 3
4 17
1 4
0 4
1 2
0 2
0 1
5 16
0 3
0 2
2 3
0 2
1 2
0 1
3 4
1 6
180 17
0 1
0 1
6 12
3 5
0 1
19 23
83 10
6 13
5 5
1 5
0 3
2 8
0 4
0 6
1 4
2 4
0 1
14 47
4 4
2 7
5 8
5 17
1 5
146 14
1 3
0 1
2 6
4 4
0 2
1 3
1 3
3 7
0 2
12 42
0 3
0 2
0 3
0 1
1 2
0 1
0 1
68 9
1 3
0 2
1 3
1 5
3 8
1 13
2 5
3 13
34 34
0 2
0 1
2 5
12 23
0 1
0 4
1 3
1 3
0 2
0 1
4 5
90 10
2 3
0 2
0 3
2 5
0 3
0 1
0 3
11 6
0 2
17 42
0 1
16 42
0 4
108 11
0 2
1 3
3 9
2 4
0 1
1 3
0 5
3 6
0 2
2 3
5 11
1 2
0 2
3 8
24 34
0 1
14 34
1 5
268 38
0 1
2 7
0 1
264 33
1 2
0 3
1 3
282 65
0 1
0 1
0 4
0 4
1 4
0 4
2 5
10 23
0 2
1 5
5 8
0 1
0 2
0 2
0 3
1 4
5 5
7 16
0 2
0 2
1 2
4 11
1 3
0 1
1 2
4 18
0 3
1 2
0 3
0 2
0 1
77 9
0 1
11 45
39 10
231 24
0 3
0 2
0 5
1 3
7 10
0 2
112 12
0 3
0 2
0 2
2 5
2 5
0 1
0 23
0 3
0 2
0 3
0 3
1 6
0 1
0 1
0 4
115 12
4 5
182 17
1 2
1 4
5 6
0 1
0 1
0 1
1 5
0 1
0 1
59 7
0 1
0 3
2 6
0 1
1 2
1 6
5 15
1 3
9 9
0 2
11 34
0 3
0 3
0 1
0 2
168 16
0 3
1 2
0 3
1 5
157 15
18 49
0 1
8 11
6 15
171 16
0 3
0 3
1 5
0 3
1 5
0 1
1 6
1 7
0 2
0 2
0 1
0 2
2 8
225 23
3 9
2 3
0 1
0 2
2 5
1 2
1 2
0 1
14 23
8 13
0 2
11 9
2 6
1 4
0 4
1 2
24 13
1 8
0 1
2 4
0 2
266 35
20 23
0 3
16 23
8 12
0 3
0 3
0 1
0 2
0 2
37 13
1 2
2 11
0 2
2 4
0 3
4 9
62 8
1 3
2 3
4 7
15 23
0 1
0 1
88 10
7 11
26 34
11 23
0 1
28 34
0 1
17 34
1 2
1 2
0 3
16 15
11 19
0 1
1 3
0 1
0 1
0 1
8 4
4 8
0 2
0 1
0 3
10 20
0 3
74 9
181 17
0 1
3 8
1 3
9 10
0 2
1 4
16 18
1 3
0 1
0 2
3 4
0 3
2 3
1 2
0 2
4 7
1 2
0 1
1 3
0 1
0 3
2 5
1 3
0 1
0 1
6 10
0 2
0 2
2 3
0 1
0 2
2 3
1 3
0 2
0 1
0 1
131 13
0 1
1 4
1 3
4 9
0 3
1 4
1 5
0 2
5 5
1 5
0 2
1 4
2 4
3 5
4 13
0 2
277 54
0 6
1 3
0 1
1 2
3 5
2 9
2 3
190 18
0 2
0 3
0 2
1 3
0 5
4 8
0 1
0 3
1 3
0 3
0 4
3 5
0 3
0 2
0 2
0 1
3 3
2 4
0 2
0 4
2 3
3 9
4 6
8 20
2 31
20 33
1 6
1 2
1 4
0 4
1 3
0 2
0 1
0 1
194 19
3 8
2 5
1 2
0 3
0 4
0 2
2 10
0 4
0 2
3 10
3 6
0 1
1 2
0 1
1 4
2 7
0 2
3 9
0 4
2 5
1 45
10 17
0 43
9 8
66 8
212 21
0 3
1 2
0 2
202 19
0 1
4 3
3 6
121 12
0 1
0 3
0 12
1 3
0 2
0 1
1 19
0 3
0 2
0 1
0 2
2 3
9 10
2 5
1 2
1 2
13 15
1 3
1 11
0 3
0 1
3 5
1 4
1 4
17 25
8 19
0 2
21 42
0 3
0 2
0 2
3 7
0 2
2 6
4 15
0 4
1 2
0 3
4 7
4 7
5 6
9 10
1 2
0 2
2 6
32 36
1 2
0 1
18 22
1 3
5 6
0 3
5 3
0 3
0 2
6 10
248 28
0 1
0 2
0 3
0 2
4 5
0 2
0 3
0 4
251 29
0 1
0 2
0 2
0 1
0 1
0 1
16 23
5 16
4 8
0 2
191 18
0 2
2 5
1 3
0 4
8 34
0 7
0 2
0 2
0 7
0 4
0 3
5 10
2 6
4 4
0 2
0 3
1 5
2 3
13 12
0 33
1 3
1 2
3 6
0 3
0 2
0 2
4 6
0 1
1 3
1 6
0 2
1 5
0 1
3 6
0 3
2 4
9 10
104 11
210 20
1 4
1 4
0 2
1 2
0 1
0 1
2 4
0 1
0 2
0 4
9 13
6 8
0 3
0 1
0 1
3 9
0 2
0 3
11 20
0 1
0 3
0 1
0 4
1 3
2 8
0 2
0 2
3 6
0 3
2 3
1 2
0 2
0 2
1 3
1 5
0 3
3 4
0 3
1 7
2 6
3 4
0 2
5 6
0 1
0 3
2 3
2 8
2 10
0 3
0 3
0 7
0 1
6 12
1 2
0 2
3 10
0 2
0 4
16 22
0 2
2 4
0 2
0 2
0 1
3 7
8 8
0 4
1 3
0 1
0 2
1 4
0 1
177 17
0 1
5 14
4 9
0 3
0 1
0 1
0 4
0 1
1 4
0 2
2 7
0 4
3 8
1 3
6 9
0 2
2 8
2 4
0 1
0 1
0 1
0 2
8 6
0 2
0 2
1 3
1 4
0 3
0 3
4 6
245 27
8 17
0 3
152 14
6 14
135 13
0 3
2 4
0 2
101 11
0 2
2 4
0 2
0 6
0 1
2 10
7 6
0 2
0 6
0 8
0 1
0 2
0 1
0 4
1 3
162 15
0 4
1 4
1 3
3 6
0 3
0 2
12 46
4 5
0 1
0 1
3 4
130 13
0 3
15 34
0 2
260 32
0 1
0 3
19 30
2 5
0 6
0 2
0 13
0 2
0 5
0 1
0 4
5 10
14 42
0 3
2 6
1 5
0 2
0 1
15 23
13 23
0 1
29 12
6 15
1 6
2 6
1 2
2 6
1 7
0 1
19 34
1 5
7 6
8 13
5 7
2 5
3 4
52 49
1 2
4 6
12 34
0 1
1 5
1 3
0 3
1 3
1 3
0 5
13 20
1 3
0 4
5 11
23 25
284 68
3 8
2 3
0 3
0 1
0 1
0 3
0 2
3 6
0 1
1 3
3 5
0 3
6 10
259 31
0 1
0 3
0 3
6 14
0 3
3 8
0 1
5 7
0 2
0 1
0 3
0 2
243 27
2 7
0 2
0 2
2 4
1 3
3 5
1 3
13 21
1 5
0 2
0 1
10 45
0 1
0 1
4 7
12 10
2 3
2 3
1 2
0 2
0 2
0 34
2 3
2 3
3 7
13 17
0 1
1 4
0 4
0 2
6 16
0 3
0 1
0 4
0 1
1 3
148 14
3 5
1 2
3 4
123 12
0 4
235 25
1 3
0 1
13 18
0 2
0 3
6 10
1 3
0 1
0 2
1 3
1 4
6 10
3 6
2 6
0 1
1 4
0 3
1 3
1 11
0 2
2 5
0 3
0 2
0 1
0 2
18 23
4 3
0 1
0 2
0 5
4 10
0 2
138 13
3 12
25 42
2 6
0 1
0 3
2 8
1 2
1 3
161 15
6 9
0 1
0 1
11 26
0 1
3 6
3 7
0 4
6 19
2 8
9 20
10 13
0 2
0 2
186 18
30 28
2 4
4 15
2 3
0 4
0 1
14 12
3 6
1 6
0 3
0 3
106 11
2 3
0 2
0 2
0 4
2 7
29 34
5 8
5 8
1 4
2 7
0 1
4 5
0 2
1 3
0 3
1 3
0 1
0 2
0 2
0 2
11 7
7 6
24 42
1 2
4 6
0 2
34 37
262 32
0 1
188 18
0 2
4 8
6 17
16 20
0 6
2 5
0 3
87 10
1 2
0 1
2 4
1 6
1 4
1 2
5 4
1 4
133 13
3 6
0 2
0 1
1 2
1 2
2 4
2 8
1 3
1 2
10 9
1 2
0 5
6 10
10 9
1 4
22 56
0 2
164 15
0 4
0 1
0 2
1 4
0 1
15 15
0 2
2 3
0 8
0 3
1 2
7 5
1 3
0 5
1 2
0 11
1 3
1 4
3 3
35 20
1 2
3 3
3 5
3 6
0 3
0 2
8 14
2 5
0 1
1 4
2 7
0 2
0 1
0 4
0 2
0 1
2 4
0 3
1 2
0 1
1 3
0 2
0 3
0 3
0 2
1 4
0 6
0 1
9 13
10 18
1 5
0 17
1 3
2 5
0 1
0 2
0 3
0 1
3 7
10 9
6 5
0 2
8 12
0 1
1 4
1 3
3 11
0 3
0 1
1 4
0 2
0 4
1 3
1 5
3 8
1 2
0 1
0 2
2 4
13 34
2 3
0 1
0 2
0 2
116 12
2 4
0 1
1 14
0 1
0 2
3 8
0 2
60 7
0 2
0 2
2 3
8 8
0 4
2 11
1 5
0 1
5 5
1 7
4 6
0 3
0 3
0 2
189 18
0 1
1 7
0 2
0 1
2 5
2 3
9 9
2 8
1 2
1 5
4 10
0 1
0 2
5 4
0 2
4 8
0 2
2 33
0 2
0 3
1 3
0 2
1 3
192 18
2 7
3 6
0 1
2 4
4 4
1 2
13 24
0 2
5 11
1 5
3 4
8 7
0 4
0 1
0 1
0 2
1 3
0 1
8 45
0 3
12 11
0 1
0 1
1 3
0 1
0 1
81 10
0 1
0 4
0 1
1 2
0 4
247 28
0 3
3 14
9 14
0 1
8 16
1 5
2 4
5 10
10 7
3 4
0 2
1 6
5 10
0 3
0 1
0 1
0 2
2 9
0 2
232 24
0 2
1 3
0 4
0 2
0 1
0 1
0 1
3 7
0 3
0 1
25 21
0 3
1 2
0 5
10 14
1 2
1 3
0 2
12 13
3 5
21 23
1 4
6 5
0 1
0 1
1 3
0 2
0 2
1 7
3 11
1 3
3 31
0 1
1 2
2 7
2 4
0 1
0 1
0 4
3 10
0 1
1 3
0 2
0 2
17 23
1 2
0 2
0 3
0 2
0 1
1 3
4 5
9 34
8 6
0 1
4 10
4 5
2 3
14 24
213 21
0 2
0 2
0 1
0 1
0 4
1 2
5 6
0 1
0 2
3 5
265 34
1 4
0 1
2 8
4 12
1 2
1 3
14 31
2 4
1 5
1 4
23 42
1 5
205 20
0 2
0 2
1 2
1 14
0 2
3 4
1 4
0 4
41 31
1 3
0 1
2 4
8 15
1 3
0 2
28 68
5 9
4 15
2 7
1 2
0 1
8 41
0 3
206 20
0 1
1 6
0 1
0 1
2 10
0 2
0 2
0 1
4 5
5 7
94 11
0 1
0 2
1 4
1 3
1 4
0 1
0 2
0 1
0 3
0 1
0 1
0 2
0 4
0 1
2 5
4 4
0 5
0 2
3 11
1 6
178 17
4 7
3 5
8 18
111 12
0 1
3 15
160 15
0 4
0 1
0 2
0 1
0 1
89 10
126 13
7 14
0 1
0 1
2 5
0 2
2 7
143 13
2 5
29 43
1 3
0 1
0 1
0 3
1 5
5 9
0 4
1 2
2 3
0 2
3 7
1 2
63 8
1 3
1 2
0 3
1 2
0 1
1 9
2 7
0 2
2 3
0 1
7 4
6 20
0 1
73 9
2 7
0 1
0 1
2 4
0 2
0 2
0 3
0 2
0 1
7 11
2 4
3 6
0 4
1 4
0 1
2 6
120 12
3 7
3 6
2 6
1 2
7 8
1 3
1 6
0 2
4 5
0 3
1 4
0 2
0 2
223 23
3 4
7 7
252 30
0 1
0 6
159 15
0 2
117 12
1 3
0 2
0 4
0 2
0 2
0 2
61 7
0 3
0 1
151 14
2 5
2 3
0 2
0 1
3 8
0 1
0 2
0 2
0 3
2 3
1 3
0 2
4 6
0 3
2 9
7 10
103 11
2 6
4 6
0 2
0 2
124 12
0 1
0 1
0 1
5 4
0 2
4 7
1 2
9 22
0 1
1 6
0 2
1 3
0 1
1 4
4 6
0 6
1 3
4 14
2 12
1 2
38 5
4 8
0 1
1 2
1 4
0 3
2 4
0 1
0 3
3 7
1 5
2 10
2 3
6 9
0 4
0 3
1 3
2 6
1 4
2 3
1 4
0 3
3 6
3 8
42 49
201 19
6 4
4 13
8 11
4 6
1 4
7 17
3 8
12 18
0 2
0 4
2 4
0 2
11 7
1 3
5 5
2 3
15 20
2 4
3 6
8 14
0 2
0 2
9 45
2 5
0 3
1 3
1 3
2 7
2 4
1 2
2 4
8 15
0 1
0 3
0 1
9 8
1 4
0 5
1 4
4 8
0 3
0 2
0 2
0 3
0 1
4 7
0 2
1 3
0 5
0 2
0 2
0 2
6 8
0 2
3 7
196 19
0 1
4 12
0 1
0 1
4 13
0 3
2 7
216 21
0 3
1 3
0 3
7 11
2 2
2 6
0 2
1 2
0 2
1 3
0 1
3 8
0 3
1 6
0 1
4 3
7 17
0 2
0 1
0 3
1 5
0 1
2 4
0 1
0 1
0 1
1 4
0 3
0 2
1 4
0 1
0 1
0 3
0 1
0 1
3 3
0 2
0 3
128 13
2 4
0 1
0 3
4 7
2 5
1 5
0 2
0 1
0 3
14 23
2 4
0 2
0 1
4 3
0 8
9 10
0 2
6 6
6 9
6 12
0 2
0 2
1 3
0 2
7 15
1 2
5 11
3 6
1 5
0 3
0 3
0 1
0 3
1 3
0 4
0 3
6 10
153 15
4 6
1 5
1 2
5 5
0 1
4 9
1 7
10 10
0 3
0 1
0 3
0 2
0 3
0 4
0 5
1 3
0 3
1 3
2 5
139 13
0 2
286 77
0 2
0 3
0 2
1 3
0 5
0 2
5 10
1 3
2 4
1 3
0 3
22 23
2 4
155 15
7 11
82 10
3 15
0 5
25 48
0 2
2 9
26 42
220 22
0 1
0 2
0 9
45 15
3 7
2 7
2 5
0 4
0 3
2 6
0 2
6 15
0 3
0 2
1 3
0 1
0 1
0 1
1 3
67 8
11 9
0 4
1 2
0 1
26 9
2 4
0 2
6 11
0 3
0 2
0 3
0 1
0 4
0 2
4 33
1 3
11 13
6 7
10 10
4 5
16 7
2 4
0 2
0 1
0 1
1 3
0 2
23 57
4 6
0 3
0 20
0 2
10 34
0 2
0 6
46 15
0 3
6 45
0 1
0 3
1 3
0 1
0 3
0 1
0 6
2 9
9 23
0 1
174 16
0 11
3 8
1 10
0 1
5 8
0 1
199 19
3 4
0 1
6 4
3 3
0 2
0 2
0 3
0 1
10 10
1 9
5 6
0 1
55 22
246 28
3 3
2 4
40 13
2 4
1 2
0 3
40 11
0 1
5 4
2 5
7 5
39 11
237 26
1 5
2 4
2 3
0 1
0 2
1 2
4 3
1 4
0 1
0 1
0 4
3 8
1 5
8 13
10 8
1 3
4 8
7 9
9 4
15 16
0 1
1 2
0 2
0 1
169 16
1 8
4 7
110 12
0 2
2 6
0 1
30 34
0 1
1 3
0 3
0 2
0 1
0 1
0 2
48 16
0 1
22 34
0 2
0 1
203 20
179 17
0 2
0 1
167 16
0 3
0 1
6 6
0 2
3 5
2 3
3 4
0 2
0 1
3 6
9 16
0 2
0 1
10 8
2 5
5 7
0 1
2 3
1 3
1 3
4 6
0 2
0 1
2 4
2 7
0 2
7 17
102 11
2 4
271 45
132 13
9 16
0 1
0 1
1 5
1 7
3 8
0 3
0 1
272 45
1 3
8 12
8 8
0 1
0 2
53 10
0 2
2 4
0 5
4 4
3 6
1 2
1 4
0 3
4 5
2 6
0 1
1 6
15 9
1 5
1 3
3 5
1 8
5 5
4 7
140 13
1 4
0 5
0 1
33 37
4 8
0 2
0 2
2 10
267 37
2 3
4 7
1 3
1 2
0 3
1 2
0 2
3 9
5 15
1 3
0 1
0 1
12 9
1 4
2 10
0 15
0 1
2 4
25 34
1 4
0 1
0 3
9 23
0 2
1 3
98 11
2 2
8 14
2 5
7 15
214 21
2 2
0 3
0 1
0 2
14 14
4 12
16 46
0 2
7 17
0 1
1 2
1 5
0 2
0 2
0 1
254 30
0 1
0 2
6 10
0 2
0 1
1 2
1 2
6 5
0 2
1 5
0 1
0 4
4 31
2 3
43 13
0 1
5 8
6 8
1 3
0 1
7 8
2 6
4 6
0 1
236 25
0 3
28 42
4 17
0 2
281 60
8 23
0 1
1 5
144 14
0 1
1 3
1 3
4 10
1 4
0 1
3 5
5 10
227 23
2 6
1 4
119 12
3 5
1 7
0 2
2 3
4 6
0 2
2 4
0 1
0 2
26 62
5 8
7 15
0 1
22 42
10 21
4 4
1 3
218 22
2 3
0 3
1 9
1 2
6 13
3 21
27 34
0 1
1 4
2 3
0 2
1 6
1 3
1 4
2 4
0 1
7 23
0 3
19 13
0 1
6 23
0 1
0 2
0 2
1 3
1 2
1 2
0 1
0 1
1 4
0 1
0 2
0 3
1 4
6 8
280 59
5 33
1 2
0 2
0 1
0 1
0 1
3 6
195 19
0 2
4 6
0 1
2 5
1 3
2 5
0 4
0 3
1 4
4 9
1 5
1 3
6 10
0 3
1 4
0 2
6 12
1 3
0 1
0 2
4 5
3 13
1 2
0 1
0 1
0 2
2 14
175 17
7 34
69 9
0 1
0 3
4 4
2 5
1 2
0 1
2 4
1 14
187 18
2 5
10 23
2 6
5 6
6 7
2 7
0 5
0 2
0 3
0 3
1 6
6 7
1 3
0 1
0 3
0 1
0 1
0 2
4 45
0 1
1 4
0 1
0 3
0 3
0 3
1 9
2 6
4 10
0 2
1 3
17 23
13 23
0 1
1 3
0 1
3 5
0 1
17 11
0 2
2 5
79 9
0 1
7 23
13 12
1 4
1 4
2 4
91 10
1 5
5 9
0 1
2 5
1 3
0 1
0 1
1 4
0 2
0 1
0 4
0 2
6 10
10 41
2 5
0 3
3 5
0 1
1 2
0 1
2 5
5 9
0 2
0 1
1 5
0 1
0 2
0 2
0 1
4 6
17 23
7 17
1 6
0 1
3 4
4 7
3 8
3 16
3 7
1 4
0 2
125 12
0 1
1 2
1 2
0 1
3 10
0 1
0 1
0 3
6 10
1 4
2 4
0 1
1 2
2 3
2 6
1 5
0 4
3 4
49 18
3 8
0 1
2 4
9 6
2 4
1 3
10 13
0 3
0 1
0 2
0 2
0 1
10 15
0 2
0 2
1 2
134 13
0 1
0 1
3 7
0 2
3 7
0 5
0 3
2 4
6 17
5 7
1 3
0 3
0 1
0 3
0 1
1 2
2 8
0 1
0 1
7 15
10 10
5 11
242 26
0 4
211 21
5 6
7 6
3 5
7 19
1 2
0 2
5 11
1 2
0 2
0 2
3 6
1 2
2 4
3 5
0 3
1 4
0 1
2 4
5 8
0 2
0 4
0 1
3 4
1 4
2 4
1 4
4 6
0 1
1 4
3 5
11 15
24 19
2 4
1 4
0 3
0 6
1 3
5 7
0 1
1 3
0 3
27 42
2 3
8 13
0 1
0 2
38 9
0 2
1 4
3 7
0 2
1 2
1 7
0 3
1 7
0 1
12 15
6 7
0 1
0 3
2 5
0 3
0 1
2 6
0 3
1 2
2 4
0 3
0 3
2 8
0 2
0 1
0 1
0 3
3 9
0 2
1 3
2 2
1 2
0 1
1 3
1 3
1 3
0 7
0 3
2 9
11 14
0 4
0 1
0 1
1 4
1 3
1 4
5 12
4 8
2 3
1 2
1 3
0 1
0 1
0 3
0 3
0 3
0 1
0 2
0 1
36 8
4 11
209 20
3 6
3 4
0 2
0 1
1 2
1 2
4 14
30 17
1 3
198 19
4 10
1 4
5 6
1 2
0 1
113 12
1 2
7 5
0 2
0 1
0 1
1 5
1 3
0 2
1 3
0 3
5 9
0 2
1 4
4 6
2 3
0 6
0 3
0 2
0 2
1 3
64 8
0 1
0 1
0 1
0 5
0 4
0 1
2 3
3 5
86 10
1 2
42 12
0 2
1 4
1 2
0 2
6 6
0 3
0 1
0 5
0 1
7 9
0 4
1 5
0 2
0 1
0 3
3 6
0 4
0 2
0 1
0 2
1 3
0 4
1 4
0 2
0 1
9 17
0 1
0 2
0 1
0 1
0 2
0 4
8 9
145 14
1 3
12 18
0 3
0 3
0 3
0 1
0 1
0 1
0 1
2 4
75 9
5 8
0 2
249 29
1 2
2 6
0 1
0 2
0 3
2 3
1 7
7 13
1 2
5 10
2 6
1 4
3 4
44 13
0 1
0 1
0 4
6 23
0 1
0 6
0 21
0 1
0 2
0 2
0 2
31 34
0 4
3 9
165 16
283 66
4 7
1 4
8 7
1 4
0 5
3 45
84 10
0 2
9 7
4 8
0 3
0 2
2 6
15 17
1 2
0 2
4 7
2 5
0 5
0 1
1 3
1 3
19 42
0 4
1 3
0 3
4 34
0 2
21 34
5 34
0 3
0 1
0 9
1 5
0 1
0 1
0 2
1 3
0 2
1 4
58 6
1 3
0 2
1 2
28 14
0 2
1 4
0 1
12 11
0 1
1 2
0 1
1 3
0 1
0 2
2 5
1 6
1 5
0 2
4 6
0 1
0 1
1 3
0 2
0 2
9 14
1 3
20 34
0 2
1 4
2 6
4 9
0 1
0 3
1 4
11 10
0 3
2 8
1 3
0 1
12 8
0 3
1 2
12 17
0 1
1 4
0 2
3 5
9 13
0 3
149 14
2 3
8 17
1 2
0 1
0 1
1 3
0 1
1 3
0 1
0 4
0 3
5 20
0 1
2 5
0 2
1 3
229 24
2 3
1 3
6 11
1 4
3 4
13 42
0 4
0 3
0 3
0 1
0 1
0 3
0 2
5 9
72 9
0 1
1 4
0 1
1 3
0 3
3 7
2 6
2 5
2 9
41 12
4 9
0 1
0 1
35 14
0 1
1 4
2 4
0 1
0 1
1 4
18 24
2 8
0 3
0 1
7 10
1 4
23 34
0 1
0 2
33 36
0 1
0 1
244 27
2 4
0 1
1 9
17 9
1 3
0 1
0 2
147 14
6 8
0 1
0 2
1 2
0 1
3 13
0 2
0 1
5 6
0 1
1 4
2 5
0 2
0 1
1 4
0 1
1 4
0 4
7 9
0 2
0 1
0 2
0 1
3 7
1 2
3 4
6 17
0 2
2 3
1 9
4 9
0 2
0 3
1 3
1 7
222 22
0 3
1 4
1 3
4 11
0 4
1 7
0 1
7 13
0 3
0 2
6 8
6 8
1 3
2 3
3 7
0 1
32 34
2 5
0 2
0 1
0 4
0 2
0 2
270 44
0 1
1 5
6 8
1 4
0 2
0 2
17 47
5 5
2 5
0 2
0 1
0 2
1 3
5 6
5 8
163 15
0 2
5 23
2 17
0 1
5 23
3 17
0 1
0 3
2 4
2 4
0 2
0 5
0 2
0 1
3 6
0 1
11 12
0 1
1 6
0 1
0 3
0 3
1 4
3 5
1 5
0 3
3 5
4 5
0 1
1 6
2 5
0 1
0 2
1 31
0 1
2 7
1 3
1 4
0 3
1 2
0 1
0 4
15 6
1 4
0 4
0 1
0 3
1 7
0 2
2 11
0 3
1 3
1 4
0 2
2 17
0 2
0 1
1 3
0 1
0 1
12 20
0 1
1 3
0 1
172 16
2 3
1 2
1 4
2 4
1 3
18 11
1 3
0 4
0 1
0 1
1 2
0 1
0 3
1 4
2 6
44 63
7 8
0 1
1 3
0 4
2 3
0 1
1 33
0 2
0 1
0 3
0 1
1 5
7 20
1 2
0 2
0 3
6 16
1 5
0 1
2 4
9 8
1 3
0 4
0 3
0 1
4 11
2 3
0 2
1 7
1 4
0 1
1 17
0 1
2 4
0 1
1 2
12 14
2 4
0 2
1 4
0 2
1 2
3 6
0 3
1 4
233 25
0 2
0 2
11 42
6 10
4 16
4 23
7 14
0 4
1 3
1 3
0 4
3 6
0 3
3 23
3 7
1 3
0 1
2 5
0 3
0 5
0 2
6 5
8 8
0 1
0 2
1 5
1 3
0 1
0 2
0 2
3 11
0 3
0 2
240 26
12 21
0 2
3 5
0 1
1 6
1 4
1 4
0 1
1 2
1 5
1 10
0 1
2 4
18 42
0 2
2 5
1 6
4 8
14 15
7 45
0 2
2 5
1 4
0 3
5 8
8 15
2 3
0 1
4 5
0 1
0 4
0 4
0 3
0 2
2 6
4 7
5 4
7 8
3 7
0 1
1 7
1 4
0 2
0 2
0 1
0 3
1 2
1 3
5 12
0 1
0 2
5 45
2 7
1 5
0 4
1 6
6 12
0 2
0 2
3 10
1 2
0 2
0 1
3 7
0 4
1 3
0 2
3 10
1 2
0 3
0 2
0 1
0 3
1 3
1 4
1 2
12 23
0 2
0 1
1 3
0 2
0 1
0 2
2 10
0 5
0 2
1 4
1 5
0 1
3 10
0 1
0 3
0 1
0 3
0 2
51 25
0 4
2 5
1 7
0 3
0 4
1 4
2 5
0 2
0 2
239 26
1 2
0 2
0 2
261 32
1 3
0 1
0 3
0 3
1 2
0 1
11 20
0 3
1 17
0 2
0 2
1 3
0 1
1 4
0 2
0 1
0 1
0 2
2 45
4 11
1 2
0 3
31 37
9 41
2 6
3 9
0 2
0 3
5 10
0 2
1 3
0 1
13 47
0 2
0 2
0 6
0 2
1 3
1 2
1 4
1 7
1 3
2 10
0 1
0 1
2 7
1 3
19 28
6 18
0 3
2 15
0 1
1 2
4 20
0 2
1 3
0 3
2 6
0 3
0 2
5 8
1 8
158 15
0 6
0 2
156 15
0 2
0 2
3 4
0 2
1 4
0 1
4 8
2 5
2 6
0 3
0 3
1 3
1 3
0 2
0 1
0 1
288 81
0 1
0 1
0 2
0 1
4 23
0 2
0 3
2 6
3 4
170 16
95 11
0 3
2 6
0 1
122 12
2 5
0 1
0 2
1 3
0 2
0 2
1 3
0 1
0 3
0 1
3 5
0 2
0 2
0 1
2 3
0 31
3 3
1 2
0 1
0 4
0 2
2 4
0 3
6 11
287 79
3 8
0 2
1 2
1 2
0 1
0 1
0 2
2 6
0 1
2 5
0 2
0 3
37 22
3 5
0 2
3 4
3 2
0 6
5 6
185 18
0 2
3 9
0 1
2 5
2 6
0 3
0 3
208 20
2 5
0 3
27 67
1 7
0 1
0 1
0 3
0 1
0 2
3 4
0 1
2 3
0 2
0 2
1 2
0 4
0 2
0 3
0 1
0 3
0 1
2 9
1 3
0 2
0 1
2 6
5 7
0 2
0 1
1 2
1 3
6 9
7 7
0 3
0 1
0 1
0 1
3 2
0 4
1 4
1 2
0 3
0 3
1 3
0 3
1 2
1 6
1 5
0 2
6 12
0 1
5 7
0 3
0 5
0 2
0 3
1 3
4 8
0 2
0 4
3 6
1 2
0 2
1 8
0 2
0 3
3 10
2 23
3 3
0 3
1 8
15 48
2 15
4 5
2 8
3 20
1 3
0 1
107 11
3 4
0 3
0 2
0 7
0 11
3 13
0 4
136 13
9 17
0 2
1 4
6 8
0 1
1 5
0 1
8 13
109 11
0 2
2 5
92 10
0 2
3 5
0 7
1 3
0 1
70 9
0 2
3 5
1 2
4 3
1 3
97 11
1 6
0 1
217 21
7 7
2 8
0 2
0 1
2 4
2 3
2 5
0 2
3 7
1 3
1 2
8 10
0 1
0 1
0 3
0 1
105 11
1 4
2 6
0 3
1 20
0 1
0 2
1 4
2 3
1 15
3 7
7 34
99 11
6 19
0 11
0 1
0 2
1 3
1 4
0 3
0 2
0 1
3 5
0 2
0 3
3 12
1 6
15 16
7 6
0 3
0 2
0 3
255 30
1 4
0 4
0 3
0 4
0 7
2 8
0 2
0 3
2 7
0 4
1 3
0 2
3 33
0 3
80 10
10 25
0 2
0 2
127 13
0 2
5 9
1 2
184 18
0 2
18 37
0 2
0 3
1 4
0 2
2 4
0 2
0 3
2 12
0 1
285 77
1 3
0 2
1 6
0 3
0 2
1 4
0 3
0 2
0 1
0 3
0 3
14 20
0 3
0 2
0 2
6 11
0 2
0 1
0 1
4 10
1 11
7 8
0 2
11 17
4 6
1 5
0 2
8 10
3 5
1 2
0 3
0 2
1 6
1 3
0 7
0 3
3 2
141 13
5 5
20 47
0 1
1 3
0 2
0 5
0 1
3 34
9 15
96 11
0 1
193 18
3 8
0 2
0 3
0 3
0 4
1 5
0 4
0 5
0 1
263 33
11 8
0 2
0 1
3 3
0 3
1 6
0 3
0 1
0 2
2 9
3 8
9 14
215 21
0 1
0 2
0 1
0 3
0 8
0 4
6 10
0 2
6 4
0 3
9 6
3 12
2 4
0 3
0 2
1 3
0 3
0 1
2 8
0 1
1 21
3 6
0 1
1 5
0 1
0 2
0 1
43 53
2 5
0 2
0 1
0 4
0 3
0 3
0 1
5 4
71 9
0 1
2 9
1 3
6 10
256 30
0 7
0 1
0 2
1 6
100 11
0 2
0 1
3 4
0 1
0 1
0 1
2 5
4 4
93 11
219 22
0 1
1 4
0 1
1 3
1 6
0 2
1 3
0 2
0 5
6 6
6 9
1 2
1 3
2 8
3 5
1 3
0 4
1 4
2 20
2 9
14 14
0 4
4 4
0 3
2 4
1 9
238 26
0 1
0 4
0 1
0 2
0 6
3 10
118 12
0 9
0 1
3 12
0 2
5 13
8 6
0 3
0 1
1 3
3 9
173 16
6 34
0 4
0 2
3 6
0 3
3 8
0 1
0 3
3 5
0 4
0 2
85 10
0 2
0 2
114 12
0 3
1 4
0 2
7 15
5 10
4 8
1 4
0 1
0 2
5 9
0 1
3 5
5 7
1 4
7 15
0 2
3 5
0 1
0 1
1 3
7 9
1 4
0 3
18 17
0 4
0 1
0 3
0 2
47 15
0 2
3 7
0 1
0 3
2 6
0 1
4 9
4 9
0 5
0 2
1 3
226 23
0 3
4 10
1 5
1 7
0 1
0 1
0 4
0 1
4 6
0 1
0 1
0 3
0 1
0 2
0 2
0 3
2 7
3 6
0 2
0 3
1 4
0 2
2 4
3 8
0 2
0 1
4 7
0 4
0 3
204 20
6 13
0 4
50 20
0 3
3 3
0 1
221 22
0 1
3 11
1 5
2 5
3 9
4 8
0 3
1 5
0 3
1 3
0 1
0 3
16 34
1 3
0 7
2 34
15 7
0 1
0 1
1 2
1 3
224 23
2 8
1 4
0 2
0 1
0 1
0 4
0 3
0 4
0 2
0 4
2 7
6 34
2 21
0 19
0 3
207 20
3 4
5 7
2 13
0 3
8 6
269 40
0 4
0 4
0 1
0 3
142 13
1 4
2 5
13 10
8 21
8 23
183 17
5 8
3 8
4 8
1 4
0 14
1 4
4 8
2 7
19 22
7 5
2 3
0 2
0 1
1 2
275 51
0 1
2 4
5 6
56 22
200 19
3 5
3 8
2 9
0 2
0 2
1 11
0 2
150 14
8 10
2 3
0 1
1 3
2 7
5 10
1 23
0 5
0 1
0 1
1 4
0 2
0 2
1 2
0 3
1 4
7 8
0 1
0 1
0 2
0 1
1 4
5 13
0 1
0 17
3 6
2 5
0 1
0 1
0 2
2 3
0 5
0 1
0 3
0 1
0 3
4 7
0 2
166 16
0 1
129 13
7 16
4 4
2 6
0 1
0 2
21 56
1 4
0 2
0 10
11 11
0 2
1 3
0 1
0 3
10 23
1 7
0 2
2 4
0 5
3 6
1 3
0 1
0 7
0 2
4 8
0 1
0 2
2 7
1 7
1 3
0 2
65 8
1 2
0 3
1 2
1 3
4 8
0 8
1 4
0 4
2 5
2 5
1 4
5 10
0 1
0 2
2 9
4 9
0 4
0 3
0 3
0 2
1 2
0 1
3 8
0 4
0 2
0 3
0 3
2 6
1 2
1 5
0 3
1 2
0 1
0 1
0 3
137 13
0 3
0 3
0 1
0 2
3 4
276 51
36 8
2 7
0 2
0 6
0 2
1 3
2 8
0 2
0 1
0 3
1 2
0 2
0 1
0 1
1 2
0 1
0 1
0 1
1 4
0 2
1 2
3 7
3 9
0 1
0 1
7 12
0 2
3 10
2 3
7 10
1 2
1 6
3 2
2 4
0 1
0 2
0 2
1 6
1 2
0 2
57 5
10 15
3 7
0 1
1 3
0 2
1 2
0 3
154 15
1 34
0 1
0 1
1 2
3 5
1 3
4 9
1 2
2 8
3 6
0 2
27 8
1 3
0 2
0 4
1 2
1 3
0 2
1 3
0 2
0 1
0 2
2 5
1 4
1 4
1 5
3 5
0 2
1 7
