346 124
150 54
0 7
8 15
6 81
0 35
0 4
1 37
0 3
51 33
0 2
263 79
116 47
78 40
313 102
3 17
246 75
0 2
3 43
123 49
1 11
2 12
1 3
288 87
97 44
218 67
3 18
2 22
135 51
302 96
0 9
1 17
0 1
271 81
2 3
6 44
174 59
0 2
1 30
284 85
229 69
37 28
107 45
0 12
4 30
17 38
2 32
7 20
3 11
3 28
2 42
42 30
0 8
285 86
166 57
3 56
130 50
138 51
71 39
267 80
6 47
345 124
0 41
0 15
0 5
0 3
310 100
163 57
0 34
63 37
0 7
0 1
0 11
244 75
353 137
115 47
3 11
215 67
294 92
219 67
1 34
364 156
5 33
0 8
2 29
59 35
373 203
0 20
0 2
134 51
0 2
151 54
228 69
7 14
0 4
0 1
0 1
236 72
4 22
4 45
1 11
4 34
6 21
1 7
0 4
8 25
0 1
0 16
22 63
25 86
2 25
358 143
102 45
127 49
34 23
265 80
0 3
0 21
0 1
2 11
1 14
67 38
238 73
27 14
1 9
105 45
9 45
338 117
169 58
0 5
0 10
50 33
1 25
2 28
0 20
0 41
0 37
300 95
0 15
165 57
334 114
280 84
2 22
185 61
1 22
347 126
349 132
13 40
255 77
278 84
197 64
0 12
299 95
0 2
73 39
216 67
77 40
0 1
6 30
269 80
18 57
192 62
120 48
200 64
160 56
0 3
3 26
112 46
262 79
148 53
4 38
0 16
0 26
9 71
1 3
0 1
2 49
0 1
4 18
16 62
72 39
337 117
6 9
272 81
8 50
70 38
1 4
0 9
226 68
248 76
14 61
133 51
128 49
4 50
0 8
279 84
162 56
0 2
178 59
1 2
0 1
39 29
0 28
331 109
49 33
3 12
66 37
104 45
0 12
7 39
1 26
93 42
1 18
5 54
0 1
0 11
372 194
75 39
9 24
207 65
0 30
173 59
161 56
0 16
0 16
88 41
0 12
5 30
4 26
4 60
1 4
0 13
95 43
2 14
98 44
191 62
196 63
181 60
152 54
1 9
15 27
147 53
283 85
12 33
306 98
326 107
23 54
0 7
325 106
0 38
370 172
3 18
43 30
0 32
157 56
0 2
167 58
0 1
350 132
156 56
45 30
184 61
0 2
149 54
4 31
0 1
0 13
0 9
333 113
277 83
1 27
369 171
341 120
242 74
7 25
0 22
1 48
2 24
136 51
109 46
0 26
2 9
1 31
1 15
170 58
0 12
1 33
6 39
159 56
254 77
0 1
137 51
0 11
0 2
12 89
81 40
3 15
113 47
141 52
0 1
76 39
321 104
86 41
101 45
0 14
24 57
2 17
143 53
100 45
2 10
0 1
0 1
13 36
1 40
259 79
1 45
247 76
0 3
198 64
0 3
1 6
2 45
5 6
363 153
5 24
20 47
13 62
140 52
266 80
35 23
0 4
132 51
327 108
0 4
231 70
268 80
80 40
0 37
17 38
2 20
0 7
2 30
0 7
0 5
0 9
175 59
10 35
5 27
360 144
0 22
3 23
0 10
0 9
0 1
305 98
30 19
0 2
145 53
64 37
87 41
144 53
19 47
32 22
1 6
3 63
0 1
357 142
0 8
308 99
10 48
359 144
190 62
0 28
0 20
214 67
0 7
281 84
142 52
36 28
0 16
1 8
0 10
206 65
289 88
2 26
1 24
124 49
0 1
125 49
117 48
0 10
0 2
4 20
314 102
0 1
0 3
0 3
194 63
0 21
89 42
2 34
0 21
10 22
0 2
1 12
1 22
241 74
1 9
320 104
146 53
0 24
223 68
1 28
348 132
291 88
8 40
108 46
354 138
11 41
0 2
6 24
0 2
256 79
2 11
243 75
111 46
187 61
172 59
5 21
295 92
1 32
28 16
222 68
0 9
119 48
209 66
309 100
171 58
139 51
16 35
19 52
0 14
33 22
3 23
14 39
343 121
154 55
324 105
0 2
69 38
83 41
230 70
84 41
0 13
41 30
332 110
0 13
274 82
0 12
5 25
38 29
176 59
0 9
1 6
0 35
193 63
0 2
0 20
155 56
303 97
1 22
96 44
4 27
351 135
212 66
282 85
336 115
46 31
3 40
339 119
1 24
5 28
204 65
5 24
0 9
29 18
317 103
275 82
0 13
62 36
316 102
217 67
15 41
0 2
319 104
261 79
0 4
0 2
0 11
0 1
56 35
1 16
5 28
293 90
189 62
0 6
340 119
199 64
312 100
5 47
0 20
264 80
11 55
47 32
106 45
0 5
292 89
182 61
245 75
1 2
168 58
1 28
57 35
0 1
361 150
0 1
276 82
6 34
0 1
205 65
304 97
186 61
0 2
5 44
0 3
58 35
251 76
2 6
0 13
0 7
1 9
6 67
270 81
3 6
158 56
0 5
234 70
232 70
118 48
131 50
65 37
301 96
121 48
114 47
235 71
355 138
0 18
2 31
0 2
290 88
1 18
3 15
328 108
208 65
1 9
1 9
257 79
0 4
233 70
1 14
287 86
0 5
1 16
0 1
7 44
0 1
3 32
14 26
11 22
99 44
0 23
318 103
322 104
273 82
335 115
6 30
1 9
3 38
1 43
0 3
68 38
0 11
2 26
7 62
3 40
0 32
4 29
211 66
1 9
18 39
0 4
210 66
0 14
2 26
0 19
0 14
4 33
344 121
2 13
0 23
2 20
85 41
79 40
221 68
1 10
367 160
180 60
323 105
365 156
0 4
1 27
0 2
342 120
352 136
183 61
0 2
0 32
0 11
26 46
2 23
366 157
5 20
82 41
201 64
7 35
3 23
0 32
61 36
110 46
260 79
0 12
220 68
44 30
227 68
7 45
54 34
315 102
5 20
213 66
249 76
48 32
250 76
12 31
0 7
0 2
0 13
371 184
52 33
240 73
6 18
94 43
1 35
356 141
3 43
253 77
4 7
0 9
5 28
3 39
12 27
3 44
330 109
1 4
0 8
0 41
4 30
0 3
4 48
0 8
368 160
0 33
203 65
2 14
311 100
55 34
0 2
297 94
60 35
0 19
103 45
0 19
2 30
8 59
1 30
0 11
0 5
0 1
239 73
31 19
122 48
0 1
374 248
8 15
1 13
0 3
0 1
10 36
307 99
298 95
129 50
237 72
164 57
225 68
1 11
90 42
0 8
2 40
0 5
224 68
0 12
53 34
0 15
296 93
1 14
195 63
2 22
0 6
362 152
21 55
9 35
179 60
2 14
0 13
0 5
126 49
0 2
0 1
258 79
177 59
4 29
286 86
0 5
0 71
0 2
1 23
0 9
202 64
0 33
252 77
1 19
4 23
188 61
74 39
1 9
40 30
153 55
11 23
92 42
0 16
329 108
91 42
9 40
