18 43
1 2
3 12
0 1
0 2
0 1
2 10
0 1
27 80
4 5
4 9
2 22
3 23
3 4
2 3
2 5
0 19
1 29
5 6
0 7
5 10
43 70
12 44
8 18
3 4
1 5
1351 35
2 7
3 45
0 10
2 22
0 1
0 7
5 13
3297 107
0 1
4 5
1190 31
0 1
0 9
1 8
0 3
10 36
0 21
5 46
0 3
2 12
0 10
0 3
0 5
0 1
0 17
1 6
14 23
0 4
0 1
5 10
0 4
0 1
2 12
0 8
7 17
0 2
1 13
1 9
7 26
1898 45
7 12
7 55
1029 29
437 17
11 34
0 2
1 5
0 3
0 3
1 4
0 3
3446 124
0 42
13 45
2423 60
3 43
1 5
1 2
0 1
1 2
22 41
1 3
0 4
6 13
551 19
0 7
2726 71
1 5
2737 72
4 32
0 3
2712 70
6 6
0 2
1 6
0 2
9 22
1 6
0 14
1 5
2229 54
17 23
0 11
0 3
910 26
58 12
0 1
2 12
3 18
0 2
1 31
0 3
645 21
0 3
1 5
0 5
414 17
3364 113
0 1
0 3
0 4
1 5
2 6
4 10
0 1
10 36
0 2
3 7
0 2
0 2
9 19
1 3
2 9
3 8
1105 30
0 3
12 53
415 17
0 5
0 3
2329 57
3 28
0 5
13 21
3 10
2606 66
21 33
3519 137
2 20
0 8
288 13
21 38
0 5
3 6
7 33
1 3
0 2
1 6
1 4
0 12
2 4
0 1
3 6
217 10
35 62
3727 362
0 4
1 4
0 6
1 5
0 2
2 8
1 3
0 1
0 6
2 4
0 2
0 5
0 3
705 23
3505 134
0 2
12 20
2 8
5 31
1 4
0 3
5 47
0 3
3 8
358 15
0 9
0 3
2046 49
1 24
1 5
2 6
1117 30
7 28
2 4
3427 122
2 34
3 10
257 12
989 28
4 36
769 24
0 5
0 6
0 1
0 10
0 5
0 4
2720 71
0 1
81 12
2 7
1 26
0 4
13 19
0 2
1 5
0 6
0 6
0 3
0 6
0 2
2050 49
7 32
0 4
3 6
1 2
0 4
0 8
3 11
4 11
0 17
2092 50
0 7
0 2
1070 29
962 27
776 24
765 24
0 3
2776 73
1784 43
0 56
10 48
3381 115
3024 85
2 3
0 2
6 37
2893 79
3457 126
3 57
1 5
0 3
1 4
0 4
524 19
16 36
1 12
1 3
0 3
1893 45
1316 34
1 4
5 18
419 17
1 7
656 22
0 10
0 2
313 14
0 11
97 87
0 2
3 10
0 1
3303 108
14 29
1411 36
1 4
0 6
0 8
876 26
3 8
4 18
1 9
3 12
7 12
0 7
3454 126
1217 32
2 5
2 6
0 3
0 46
1 5
4 11
1 2
3380 115
0 4
4 13
0 3
1 6
0 7
16 41
0 1
0 3
5 8
873 26
1 3
2 7
6 17
0 7
2 10
1111 30
1 15
0 7
0 14
1046 29
0 5
0 1
2 9
2 15
0 2
0 3
458 17
0 2
0 2
9 30
2 11
1880 45
0 15
1 4
2646 68
4 19
3 18
1 12
3206 98
3546 142
8 18
0 3
2944 81
4 5
0 4
0 1
3385 116
0 2
2643 68
0 1
30 18
2406 60
0 16
4 8
0 1
2929 80
1287 33
3158 93
0 6
1454 37
0 1
1 11
30 80
0 2
2 12
2 6
1 10
0 3
0 4
0 1
0 7
3 15
3 16
0 3
495 18
1671 41
12 22
3 4
4 18
1 2
3 25
3 9
3 12
1 2
0 3
2 13
107 120
0 6
20 47
0 5
3020 85
2 24
1 6
4 12
411 16
2 5
2 3
0 11
2021 48
3561 144
0 6
1 2
2 5
1 4
8 23
0 2
1 4
20 47
8 28
1 4
43 13
0 4
0 2
1994 48
1 2
1 5
1021 28
2735 71
6 7
0 2
0 8
4 12
0 2
3010 84
1 4
14 32
0 2
1 2
0 10
1 10
0 3
9 14
2 27
0 4
0 11
0 6
1 2
1 3
2470 61
0 2
0 2
6 12
6 14
0 2
1795 43
0 1
0 1
0 3
4 4
0 2
0 7
6 9
833 25
0 1
0 2
0 1
0 8
0 2
0 1
5 24
4 11
0 8
3 12
2250 55
0 17
1 18
0 10
994 28
6 8
0 2
1 9
8 20
1303 34
0 2
0 1
8 8
0 23
2 5
0 3
2361 58
0 3
0 6
2 3
3 18
1 5
367 16
0 4
0 2
2 12
0 9
0 20
0 27
3256 103
2312 57
1 4
78 27
3433 123
0 6
0 3
1 8
0 4
2 6
0 2
5 13
2655 68
2 5
0 3
15 22
2 8
8 18
5 10
0 5
276 13
1 4
857 25
0 4
2 8
5 16
0 1
1 5
1 2
1 2
0 12
7 40
1 4
4 12
1 27
1 6
1 15
1 3
0 3
6 22
9 15
4 10
1 5
9 47
5 9
1692 41
2 6
0 1
0 2
0 4
13 44
0 4
3464 128
0 1
9 30
0 12
55 34
574 20
18 48
0 1
0 4
1 3
0 2
0 1
1 22
3 8
5 20
0 1
5 13
747 23
0 6
0 1
0 6
0 10
15 32
44 54
0 6
11 11
0 4
7 12
1 4
2365 58
2 10
1 5
1 8
3 7
2 10
0 7
0 6
2184 53
278 13
1 14
0 6
1 8
1 9
1866 45
1099 30
0 1
3 10
0 2
0 3
4 11
6 11
4 10
0 14
0 4
0 8
690 22
3 10
3 7
1 3
6 16
28 46
1 39
0 17
2 11
3 13
0 2
4 16
6 17
2785 73
0 3
42 73
0 7
1978 47
0 4
3 6
603 21
1 3
3 14
1 5
0 5
1 8
3443 124
73 17
1 12
1 3
2094 50
2791 74
0 2
0 2
33 74
0 4
0 2
5 26
1 8
539 19
0 2
0 9
1 19
4 12
6 41
0 3
0 7
0 5
2474 62
3648 174
3 3
0 3
2754 72
0 3
0 5
3 5
0 6
1 8
0 3
0 1
1 4
0 2
0 6
1 5
1 5
1 5
0 2
0 8
1 2
3 5
1 3
0 1
6 16
5 11
3 5
2 6
1457 37
2 4
3 12
924 27
3 9
0 1
1 2
0 5
931 27
2355 58
29 39
0 13
0 10
1 7
1387 35
0 6
1765 43
0 4
0 1
0 9
2 7
5 18
15 63
2 3
3 12
0 2
0 2
0 2
11 40
2091 50
0 2
0 1
0 4
11 48
1 11
8 12
1 12
0 2
0 5
1 4
3 5
0 2
2 9
2 21
3416 120
3271 105
2 11
0 1
0 1
1 8
1957 47
4 32
10 35
0 1
2 5
2012 48
3607 157
9 12
1 3
0 4
0 2
0 6
0 1
0 1
27 41
2197 53
6 11
2689 69
749 23
0 1
1 4
1 14
0 5
0 6
2 5
0 5
0 9
1959 47
7 27
0 2
0 1
0 3
11 29
6 9
0 2
1 5
478 18
14 19
2769 73
2 8
3 14
0 2
2 23
3 12
3 10
2734 71
3167 94
1716 42
0 3
2 23
801 24
697 22
0 2
0 2
2147 52
0 2
5 17
1 8
5 14
0 5
932 27
195 8
5 23
2 10
3 8
13 25
2 20
1 16
3 21
0 14
0 9
2262 55
0 26
1 10
0 3
10 15
1707 42
2 7
6 24
21 77
6 34
1 7
0 2
32 81
0 5
0 2
584 20
51 28
0 6
1 11
409 16
0 2
0 7
2 9
3599 154
0 3
2702 70
194 8
2 4
0 3
1 5
8 38
1 4
0 1
0 1
3 7
0 2
9 28
0 1
2 5
176 65
5 32
57 66
11 26
3 9
3 22
1 7
0 1
997 28
1 23
0 2
0 3
2 5
8 23
5 20
5 23
0 2
694 22
0 3
10 20
2 6
0 4
0 1
0 5
0 10
0 6
14 33
4 23
7 19
0 1
1 4
1 7
1169 31
0 5
0 1
2118 51
0 12
0 1
7 11
3376 115
0 1
2903 79
0 10
0 4
0 4
17 66
1 3
2747 72
563 19
10 18
6 23
0 2
4 5
0 2
360 15
3 14
0 2
0 4
0 2
8 21
2 7
0 2
1 3
1622 40
1783 43
0 5
2344 58
0 2
0 7
0 6
0 8
0 1
0 3
0 4
1699 42
0 1
418 17
9 30
0 1
0 10
0 4
10 19
2591 66
4 9
7 15
0 6
2550 64
0 26
0 2
0 2
0 7
2963 82
0 9
0 23
0 7
2 21
1 9
9 39
3105 90
0 3
0 4
0 3
0 1
0 16
755 24
0 6
20 38
15 11
0 2
1200 32
5 21
1 5
2932 80
5 10
4 10
0 3
21 41
2 8
1733 42
3438 123
1336 34
3567 146
0 4
2 5
0 3
2438 61
0 7
0 4
0 3
2393 59
2 4
4 50
2666 69
0 2
12 24
2 15
86 42
3 6
0 17
11 23
7 19
1084 30
0 3
0 6
0 1
6 27
0 4
0 1
3 17
0 6
0 1
0 22
0 2
1501 37
41 52
23 108
540 19
0 2
2 7
2 7
0 22
9 27
3 8
1 28
2163 52
1 6
0 2
0 4
341 15
0 2
2 9
0 26
0 3
0 1
0 7
2 11
4 16
3 5
3 10
9 15
7 12
1 2
356 15
1 10
7 32
1 7
2 6
1 13
6 14
7 30
3102 90
0 1
1 2
2803 74
2 4
8 13
3530 139
7 17
29 43
1 8
6 9
2 6
320 14
1 13
0 1
4 9
0 1
3185 96
5 7
1606 40
5 15
1 3
1 6
2 16
0 2
6 14
33 85
8 14
1 17
0 6
0 15
2 17
0 2
13 27
12 24
1 12
0 10
1 7
0 4
2294 56
7 52
8 27
0 2
0 2
3386 116
152 73
6 24
2 3
7 13
1524 38
0 1
1 8
14 20
1 12
1432 36
0 3
3533 139
0 18
2 29
0 4
1333 34
0 4
3649 174
2 7
1318 34
553 19
3 22
2 5
2841 76
1727 42
11 24
2104 51
2090 50
0 1
2314 57
0 8
2 12
1 6
0 1
2 3
0 1
1 6
0 6
3 8
0 1
3093 89
6 10
2 44
1661 41
60 75
2 3
0 3
0 9
0 1
1753 42
1 5
5 24
0 1
0 6
4 15
2 19
0 1
1 7
0 9
2 10
0 6
0 2
1 2
9 16
5 35
0 1
0 7
1 3
1396 35
0 1
1 3
1184 31
5 12
1 9
1 3
46 51
0 3
0 3
0 12
3564 145
88 47
24 41
5 9
0 1
6 12
1 6
6 46
0 20
0 1
5 19
1 2
5 9
3 4
9 27
0 1
0 2
1 3
6 15
0 2
31 47
5 21
1 3
3219 99
4 14
0 1
11 40
0 2
0 1
3573 148
3 12
2 3
2115 51
1 5
0 5
738 23
1 3
0 14
428 17
0 2
0 22
2323 57
2 4
0 5
1878 45
3572 148
1 3
2928 80
0 1
0 20
21 37
2275 56
33 85
0 4
5 17
0 1
5 18
0 2
2 14
2103 51
3 4
3 5
0 2
0 29
2 10
8 16
948 27
0 2
1 4
0 4
0 4
2 8
0 1
0 4
234 11
0 2
1 3
204 9
3 15
3 8
1 5
0 3
1075 29
1 3
0 4
0 4
0 1
29 51
3423 121
6 14
0 13
13 43
2709 70
2 48
7 10
0 2
2288 56
2 8
0 2
1175 31
4 9
1 3
6 21
0 3
0 5
4 19
0 1
3 10
3485 132
0 16
1 6
2199 53
0 22
3 11
1 2
1 5
3 10
29 47
0 7
0 10
3391 117
6 40
0 2
45 50
0 2
3 7
0 4
2943 81
2041 49
2505 63
3214 99
0 6
1 7
0 5
2567 65
0 1
1 7
0 3
0 3
1 4
1 9
1953 46
2604 66
2048 49
0 8
0 11
1730 42
0 3
1 2
2 18
2 5
3300 107
2 14
8 35
4 10
3137 92
77 21
0 3
5 6
4 28
1 7
18 81
2 10
2 30
1920 46
1 3
6 26
5 10
26 33
0 3
2 8
444 17
1 3
0 3
0 3
844 25
7 18
1 2
3 21
2 9
0 2
11 35
3 11
4 7
1 3
5 6
1 4
507 18
1 4
0 3
2818 75
0 8
3 14
2 10
1864 45
5 36
6 51
2 6
0 3
951 27
5 12
343 15
0 15
2 9
19 32
1 3
1279 33
2 10
2 31
0 27
5 18
4 6
1 3
0 1
8 17
0 2
12 22
1 9
3043 86
0 2
0 5
0 2
12 27
20 28
0 4
1 8
1 7
2 5
2 6
0 2
1 14
1826 44
73 22
3 10
1 5
9 19
0 5
1831 44
1 4
0 6
2 12
2503 63
1 37
29 47
0 5
8 14
0 7
0 6
0 1
1216 32
2458 61
4 9
0 3
1 19
2 6
0 5
14 26
1 7
3 9
2 4
2873 78
2 4
2 7
2 19
0 3
0 5
23 68
0 2
0 2
0 4
7 21
0 3
1 20
1 4
929 27
3 12
2 5
0 3
1625 40
0 7
5 11
9 65
0 18
5 15
0 6
8 46
2 8
4 19
4 7
0 1
0 2
2134 51
0 5
1 8
0 2
0 1
1842 44
6 12
587 20
1 4
0 1
0 1
2677 69
0 2
4 6
2 10
1 3
0 3
5 11
1 11
12 30
0 1
1724 42
6 12
3 10
0 3
5 19
9 17
0 16
1338 34
0 2
915 26
1 20
3499 133
0 8
20 48
3356 112
1 8
5 57
20 32
0 7
1 7
3394 117
0 3
4 46
0 2
2883 78
4 6
3037 86
3209 98
5 10
3400 118
8 31
1 3
0 1
2 13
22 38
7 19
1 9
4 18
0 1
0 2
0 8
0 3
1 7
0 1
865 26
1349 35
1 2
1132 30
2 10
582 20
7 35
856 25
0 2
1 4
1514 38
2510 63
0 5
2303 56
0 6
9 17
2984 83
0 6
5 16
1439 36
3694 220
889 26
1386 35
3 6
3 5
3 8
2 13
0 4
2 16
8 27
0 3
773 24
1080 30
0 4
0 2
0 15
0 6
304 14
0 2
6 16
1280 33
2487 62
12 16
3 19
5 49
3384 116
0 3
0 5
1 7
1 31
0 9
0 5
0 15
970 27
2 7
1 22
1 6
2 11
0 2
0 6
3424 121
3403 118
0 10
3 20
4 19
0 3
2 7
2437 61
3526 138
3 12
0 7
2713 70
35 50
0 3
771 24
2269 56
49 28
65 45
1 6
2 7
0 2
3228 100
0 2
2 7
2906 79
3 9
2 13
0 2
7 19
3517 136
4 10
0 17
0 1
0 2
1 9
2 5
3 6
100 12
6 7
3 17
1589 39
1 9
0 4
13 29
3387 116
0 9
0 9
2385 59
0 1
0 3
5 23
497 18
609 21
9 15
13 48
3 8
2 4
6 20
1 14
0 5
0 3
3 14
0 7
3161 94
3677 200
3338 111
2 9
0 5
1343 34
0 5
1 7
34 81
2 5
2389 59
1 3
35 52
0 3
0 4
5 6
7 14
5 20
1 14
6 28
0 7
3 38
1442 36
0 9
0 10
2 25
1015 28
18 41
6 26
7 24
3 6
10 28
450 17
1185 31
0 6
1 3
0 3
0 2
0 2
0 10
5 10
1 2
0 4
3408 119
0 4
1 4
0 1
4 31
0 1
0 17
0 4
5 12
839 25
0 6
0 2
1851 44
0 7
4 19
490 18
0 6
987 28
905 26
2226 54
0 8
9 17
8 24
0 1
2802 74
2171 53
0 1
0 5
1 22
0 3
16 68
870 26
1 4
2 10
11 25
1 4
1746 42
1 6
0 15
0 2
16 17
6 13
0 7
3 16
0 1
1476 37
1 6
1 12
0 1
1 5
5 18
5 19
489 18
0 3
2 8
0 6
0 20
0 5
2954 81
6 32
107 31
4 20
0 4
7 16
12 31
5 27
0 7
0 6
0 1
3 15
2535 64
0 5
0 5
1158 31
8 16
813 25
3168 94
0 3
0 12
0 4
0 3
1 6
0 1
13 29
0 35
0 7
752 24
12 45
0 5
0 4
9 27
2574 65
2281 56
13 44
0 7
0 2
1 5
1 7
1697 42
0 1
0 8
4 16
5 10
11 42
510 18
48 39
1 12
10 46
0 4
0 3
0 1
3604 156
0 2
14 56
0 1
0 3
1 28
0 1
0 7
1 14
0 2
3 4
925 27
0 1
0 5
0 2
3335 111
2 18
0 1
10 30
20 42
3 17
8 29
1 4
0 8
1948 46
12 19
36 42
15 37
40 41
2464 61
0 3
2 5
1 4
0 2
1 14
4 22
4 10
1 15
2 5
2 16
139 54
2284 56
1 2
1 4
3 9
1 4
4 19
0 4
2306 56
1361 35
2 7
0 2
2 23
3221 99
3 17
1770 43
3686 213
2551 64
2 11
1 5
0 7
110 32
1 4
0 3
0 2
6 11
1936 46
6 20
4 21
0 22
0 12
0 3
0 4
1 5
0 4
0 9
0 5
0 4
0 2
0 14
5 26
0 3
1065 29
3 48
0 1
262 12
3 7
3657 179
0 2
0 1
0 2
0 2
3 10
27 93
0 30
1685 41
1498 37
0 2
1 14
0 5
3229 100
0 1
96 69
7 12
3 4
3159 93
0 2
5 20
3452 125
0 2
0 8
2 11
1754 43
44 81
0 2
0 2
0 5
1337 34
4 43
1 11
3574 148
2 6
4 13
5 18
0 14
6 16
0 2
11 30
2525 64
0 12
0 19
3594 153
3501 133
3070 87
0 4
0 7
3 41
0 8
0 7
0 1
0 3
0 11
6 24
4 18
0 7
2590 66
14 47
0 2
0 12
0 11
1583 39
0 2
0 9
0 8
3 9
1135 30
1 3
25 29
19 46
1352 35
0 5
11 18
7 12
451 17
1 9
10 19
11 45
0 6
0 2
552 19
1 6
1835 44
0 8
1 7
3 30
2232 54
0 2
0 3
3151 93
3 7
0 5
1 4
1225 32
12 14
0 16
0 3
2 11
659 22
792 24
1865 45
1975 47
2 11
0 7
3283 106
2244 55
140 54
0 12
0 2
15 52
0 15
0 11
9 12
15 24
0 2
5 10
0 31
3 14
1 7
31 12
12 29
5 23
0 2
1 12
2173 53
0 4
2 17
0 3
0 3
501 18
2742 72
3402 118
4 20
0 4
0 5
0 3
0 12
6 36
2 8
1 15
1 9
13 13
0 39
3344 112
2 7
1 4
3295 107
2486 62
0 2
0 2
0 1
4 16
0 4
6 9
0 1
0 2
10 32
0 3
16 24
0 1
0 11
3 8
5 31
0 19
0 6
15 12
0 3
4 8
12 45
1 6
0 4
0 3
0 5
3016 85
0 1
3469 129
1 2
2 19
7 21
4 46
3 33
4 20
1 3
3 12
0 3
1 7
18 35
2 5
12 20
0 3
1 3
1 3
0 4
1 7
84 14
1 13
1438 36
2 10
783 24
1402 36
0 6
0 1
2891 79
4 8
1133 30
0 2
1 3
3 4
2371 59
0 3
2 8
3 9
275 13
1 6
1294 33
16 73
0 2
4 9
3 25
1463 37
1 17
2819 75
3 9
29 31
0 1
9 36
1097 30
0 15
0 21
2 5
1 7
1 5
3 10
5 20
11 19
0 5
1 2
2 8
2 10
1 10
130 44
1 3
6 26
0 1
2848 76
2026 48
7 29
16 68
3 7
1 2
1 10
2 4
2034 49
3382 116
1 15
1 5
6 13
1 11
4 26
0 9
2 7
4 17
1340 34
2 6
2758 72
4 23
2039 49
2 7
3216 99
0 2
1 4
0 1
666 22
1142 30
2752 72
0 4
2301 56
0 1
4 41
1647 40
0 27
0 2
2 9
0 2
1 3
1 2
2 17
0 13
3 11
0 1
7 30
0 29
0 29
0 1
2 3
810 25
0 8
0 9
0 3
4 13
85 42
1 10
1 3
0 2
2413 60
3520 137
2 22
1 17
3323 109
0 5
1 15
2 5
0 6
5 21
4 20
0 1
0 13
0 10
2202 53
1 13
0 3
1 3
1 7
0 14
1 5
20 62
0 3
0 11
1364 35
2 28
34 34
1213 32
4 29
1170 31
0 2
1 2
0 5
0 3
15 41
1 6
1 4
0 7
4 34
0 2
0 23
1 6
0 2
1 8
0 4
0 5
0 9
2 3
12 19
0 2
19 32
6 32
2797 74
1886 45
8 20
0 2
2561 65
1103 30
0 4
0 5
0 3
0 5
1 5
0 3
5 40
1 9
1 5
0 13
15 19
3 7
2273 56
1 8
2 9
1 21
0 3
1 2
5 29
746 23
3 6
5 58
1 5
1 7
2509 63
0 2
3392 117
1 3
4 10
0 3
1277 33
3 15
4 29
4 19
8 14
862 25
1 8
2 5
104 29
0 11
1 6
1 3
2 9
3 11
1 2
4 19
0 2
0 1
0 2
2 37
1 5
2690 69
1 4
1 4
0 3
3449 125
3 11
8 17
1 11
0 8
0 11
0 9
1 4
379 16
2 3
0 2
1 34
0 2
1 4
1 9
256 12
0 3
2556 65
2741 72
2687 69
0 11
5 21
7 19
0 3
2113 51
1 6
2 7
0 1
1742 42
0 2
3 13
1153 31
3188 96
2512 63
0 6
3615 159
0 1
1 5
6 17
2 18
2 7
484 18
0 5
0 1
6 23
2761 72
731 23
2 3
4 5
1 3
1 3
1 7
0 3
0 4
2 10
3 7
2 11
9 33
3 26
0 1
34 52
0 6
0 6
1 9
248 12
3486 132
16 55
2608 66
0 2
0 1
9 27
3 4
0 1
1515 38
1 3
1 3
0 5
7 26
1 5
2330 57
1 3
5 29
1 7
2751 72
4 25
1 9
1385 35
2 17
1 5
733 23
886 26
7 19
1569 39
3 15
1377 35
0 3
2 16
0 3
1725 42
3130 92
0 3
2544 64
14 26
2 13
0 1
0 1
0 5
1177 31
2772 73
4 7
1672 41
29 125
3367 114
82 63
0 2
2 18
0 3
0 1
5 25
0 1
3 8
1892 45
1 12
3 8
5 17
1 14
2 9
0 4
1 6
2843 76
0 3
0 2
3 11
1 8
9 23
0 1
0 5
17 28
284 13
2933 80
5 17
2 4
0 3
1 32
30 50
0 5
1 3
9 40
0 5
344 15
1 6
1315 34
0 1
0 7
4 16
1 3
2150 52
3 23
0 7
3375 114
2353 58
3 5
324 15
2206 53
0 4
3 12
6 14
0 4
2784 73
1 2
2 8
0 4
4 38
1 15
3 15
0 5
0 6
3721 329
0 2
3 11
0 2
1 4
54 38
4 35
0 4
4 13
546 19
366 16
1 2
2 11
1 4
0 2
3668 192
0 2
4 7
0 2
863 25
0 12
1 17
0 6
1 3
2 22
9 29
0 2
0 3
4 14
0 5
2 2
7 23
0 4
3 20
2 5
6 58
1 9
4 16
0 27
1 6
0 2
28 102
2675 69
1106 30
961 27
0 5
0 3
0 3
0 30
22 31
3417 120
899 26
6 17
9 38
803 24
5 11
0 4
0 17
3 7
4 6
0 2
3 23
3 8
3650 174
0 1
2890 79
0 6
0 3
0 5
845 25
8 14
403 16
4 34
0 2
2 11
3108 91
7 15
0 3
0 5
2 15
14 52
11 30
24 49
0 1
0 3
20 29
0 1
1981 47
3430 123
0 3
0 2
0 8
1 13
4 51
0 3
667 22
4 15
1 8
3626 165
2300 56
0 5
0 1
0 5
1008 28
2052 49
12 30
1 14
1 7
0 5
3592 152
2 4
0 1
890 26
3360 113
0 2
22 9
0 3
554 19
3353 112
6 27
0 2
0 5
1 5
196 8
21 51
5 7
0 1
0 3
14 40
0 7
3 16
0 17
4 14
0 4
0 1
0 3
2 4
0 1
1 6
6 10
0 6
0 3
7 6
2 11
0 1
2 20
0 3
0 3
2310 57
20 51
1 10
2 14
3 10
1 17
2 19
2599 66
53 19
0 5
1624 40
11 59
2139 52
0 2
1109 30
2 8
28 51
7 8
6 19
1 4
3475 129
172 47
3 46
1523 38
2462 61
0 2
1 5
0 3
3 9
1 5
3207 98
26 51
4 19
0 4
0 2
0 3
417 17
0 2
0 2
3292 107
2 12
0 2
2 28
2 5
2 16
2 17
4 12
0 4
2498 62
20 66
0 2
1 2
3 24
9 14
1 3
2 6
0 9
7 18
0 2
3134 92
13 16
0 3
1 22
2099 51
2621 67
2729 71
87 14
191 8
2765 73
0 18
0 1
2162 52
1000 28
1087 30
0 3
16 51
2313 57
1799 43
2 12
1 6
3 5
0 1
305 14
0 4
0 3
0 2
1 6
0 3
0 2
2 11
4 7
2 4
224 11
0 1
0 5
1 23
10 18
2 11
3 13
2 3
4 8
3234 100
0 1
2 39
1836 44
4 21
382 16
4 9
0 3
3639 172
2 23
0 7
10 29
0 2
283 13
2 6
483 18
1 5
2 10
1638 40
0 8
1 5
3 7
7 33
13 53
1 12
0 5
2 14
2 4
2 21
5 14
1 4
1616 40
0 3
4 12
0 11
3307 108
2 11
0 3
2297 56
4 6
0 2
16 26
1 2
18 13
3 10
1 12
0 4
1356 35
0 3
1 3
1 11
0 2
0 1
0 3
1 2
1 3
0 3
0 3
0 2
0 2
9 14
0 4
0 4
0 6
0 5
0 1
1 6
5 8
4 24
8 8
0 11
2 23
0 1
0 1
0 20
0 2
0 1
0 2
0 2
0 6
1 5
1 2
0 4
0 2
6 23
19 61
7 9
2256 55
1451 37
1958 47
1 5
2 4
5 11
0 2
0 13
0 4
2 4
0 6
0 2
1858 44
0 5
2 13
0 9
0 3
1749 42
0 2
0 4
3241 101
0 3
696 22
3 24
0 2
617 21
239 11
5 10
4 6
2348 58
50 28
1818 44
0 3
1465 37
737 23
2 12
0 1
4 5
40 45
0 4
0 4
0 10
316 14
1602 40
2774 73
7 9
0 10
0 5
0 2
0 2
0 4
0 19
0 21
3163 94
3 4
3115 91
0 8
4 12
6 39
3 16
0 4
4 23
1 34
620 21
1 4
0 5
17 41
14 41
1 3
4 9
4 12
0 6
0 1
0 1
0 4
0 8
1 5
1202 32
0 1
0 3
0 2
1 18
2419 60
39 27
0 6
0 5
1204 32
0 3
0 5
9 14
1 9
907 26
2 4
0 4
7 33
4 14
8 30
974 28
1 3
0 2
0 16
1 2
11 34
0 2
623 21
3054 87
2124 51
0 8
13 18
160 113
0 1
2252 55
0 1
0 4
0 2
0 2
6 19
25 39
1998 48
2082 50
0 4
9 16
0 4
0 2
1872 45
3233 100
0 7
0 1
0 5
0 2
2 8
4 6
3728 369
2409 60
0 19
1234 32
4 26
5 22
4 38
0 4
3 22
0 1
0 4
6 8
0 9
2959 82
5 9
6 18
20 30
0 17
46 74
2673 69
0 20
1 6
8 39
0 11
2 7
0 4
0 1
2532 64
0 6
0 2
406 16
3 11
1 8
3026 85
0 4
3090 88
1756 43
6 8
2 13
2 10
215 10
2805 74
0 4
2 8
2356 58
0 2
1 9
3 25
1750 42
4 20
1607 40
1 25
2849 76
0 4
0 4
0 2
914 26
8 55
4 8
2 7
700 22
0 10
11 19
0 1
5 14
7 17
0 2
1 2
1 8
395 16
3 12
2941 81
0 1
1077 30
3 6
0 3
1 7
2630 67
3675 196
1 6
0 4
4 7
17 48
4 17
1 7
1395 35
0 3
1 5
8 29
3 12
2 9
1790 43
3139 92
0 2
2020 48
2 4
2581 66
0 4
0 4
1009 28
1 15
0 8
1 3
0 4
3549 142
0 2
0 1
2648 68
0 3
2934 80
1 11
0 3
2 7
2733 71
0 26
1 10
1 4
1 4
3 17
3 13
1942 46
0 2
3670 193
3068 87
285 13
0 3
0 2
1 4
0 1
1275 33
1 3
1504 38
0 4
2 5
0 11
9 26
1 6
0 7
6 18
4 40
0 2
1263 33
2 6
1786 43
0 9
0 26
0 2
2950 81
0 4
1 15
3 22
3612 158
1547 39
2 7
1373 35
1 5
1 4
0 4
0 5
0 4
0 15
0 5
1757 43
0 2
0 6
0 2
11 31
1 7
3 16
25 49
499 18
5 12
1 9
505 18
0 3
1 6
2 7
12 36
1 22
0 2
1774 43
2 12
2 19
3579 149
9 26
0 19
3 5
0 11
336 15
0 4
3 7
18 26
2 7
2 4
1659 41
1282 33
15 49
1 8
1551 39
3531 139
1 4
0 3
0 3
0 2
5 27
829 25
1907 45
0 7
4 17
0 7
2 9
0 18
1319 34
0 1
2366 58
12 43
0 16
0 7
10 32
3 17
0 3
3 9
2 18
0 15
1568 39
2 10
6 9
0 2
1 16
0 3
37 51
0 9
4 7
4 23
0 12
0 1
885 26
0 5
7 24
0 7
2 4
4 14
5 13
0 4
0 10
11 19
14 36
12 18
2 10
3 20
9 48
0 5
1 3
0 8
4 5
2 3
3720 323
4 25
1 5
3377 115
4 33
1 2
0 2
0 3
0 3
24 54
0 7
0 3
1 18
0 4
2339 57
349 15
3 17
5 18
14 37
1425 36
1 16
4 20
114 33
0 2
3518 136
2157 52
22 62
0 1
2 7
3 11
0 4
0 16
3063 87
798 24
0 4
0 8
2382 59
0 1
6 18
18 46
2926 80
0 2
2622 67
6 8
28 72
0 3
1 24
99 11
0 2
2394 59
3299 107
11 34
9 36
3354 112
3 11
2 6
2 7
240 12
0 3
0 3
2 11
0 5
3125 91
30 47
0 3
596 20
14 22
0 2
1 5
3 18
2 6
1 3
0 1
3 22
1324 34
4 9
0 1
3019 85
1 6
455 17
0 1
1 3
0 11
6 15
5 14
2497 62
1 4
3 23
0 3
1 19
0 3
576 20
0 10
10 17
7 17
3 15
1 13
3366 114
1 16
0 16
1 9
0 2
7 29
1 3
1 8
7 46
10 30
17 29
3 22
14 20
19 68
1 23
2798 74
2 34
3 19
4 13
0 2
1 30
1151 31
559 19
1 9
2698 70
1 4
1592 39
2495 62
1 11
0 3
5 35
0 3
2732 71
0 2
0 40
1 2
21 28
2 13
0 6
3 11
6 37
1843 44
0 7
1591 39
0 2
0 2
0 1
9 28
583 20
0 6
0 2
7 20
1331 34
1 6
0 5
3628 166
4 16
5 8
0 2
0 8
2 7
0 3
0 6
0 3
108 31
0 2
0 5
5 9
1 10
0 1
3611 158
2367 58
296 14
4 16
0 1
0 3
0 1
2 14
402 16
0 5
0 3
1 3
4 8
0 2
5 19
0 9
0 4
0 4
1 8
8 10
1 11
0 3
1 12
0 3
17 14
0 1
0 3
0 6
0 1
3363 113
2 18
338 15
2516 63
3 13
0 2
0 7
16 31
0 29
1422 36
3 17
4 9
2 10
0 2
12 24
192 8
3160 94
0 2
0 3
0 1
0 1
5 15
0 4
0 10
1 14
0 3
0 6
2 32
9 18
15 48
0 6
0 3
53 14
223 11
7 13
0 1
1453 37
0 8
866 26
3 39
2 4
7 18
5 23
0 8
0 13
5 14
0 3
1359 35
2053 49
1 11
3084 88
0 3
34 40
0 6
1014 28
3 14
0 8
2156 52
459 17
0 11
486 18
3 27
6 16
4 8
0 1
5 11
0 2
3273 105
1 13
0 2
22 29
2 33
0 9
0 4
2766 73
0 1
2 14
0 12
0 7
0 1
0 6
0 4
1079 30
0 10
2234 54
36 52
5 7
2786 74
2514 63
464 18
995 28
3 5
0 15
17 17
1 3
7 45
2 6
1 4
8 23
1 4
0 2
0 15
2 3
0 20
0 2
0 5
8 26
3 9
0 2
0 4
1 5
0 6
1 4
0 1
5 16
1919 46
0 3
3 5
2460 61
4 36
2 14
7 14
0 12
2887 79
0 16
2 17
1 7
3 6
20 32
0 1
3313 108
1345 34
3617 161
1 12
608 21
1496 37
2466 61
3605 156
1418 36
2 4
0 2
0 9
1 6
4 8
729 23
13 24
20 52
24 44
0 8
1 22
0 3
0 5
75 23
6 48
0 6
430 17
0 5
469 18
0 3
0 8
0 8
19 30
0 10
0 7
5 18
0 4
0 4
0 1
0 1
34 85
1 7
0 8
1136 30
24 40
43 43
0 6
0 4
1 5
5 7
0 3
0 2
481 18
0 12
3 37
1 3
2 12
4 12
0 33
0 2
0 1
2 6
750 23
0 4
0 22
3208 98
4 11
1051 29
1 8
3 27
0 3
0 3
0 2
757 24
2568 65
0 16
0 4
2102 51
1 33
0 3
0 2
0 2
1755 43
2 42
10 51
0 4
7 14
1 13
5 35
0 2
0 3
0 4
8 30
1269 33
1 5
0 1
2 4
1012 28
2 23
0 15
0 1
0 5
0 3
4 6
0 5
0 2
0 4
2 9
1047 29
0 5
1 16
2 12
0 7
4 7
0 1
0 1
0 4
0 2
410 16
11 51
8 28
0 2
4 15
1 8
0 4
1199 32
18 76
1950 46
0 6
0 2
0 5
2 11
0 2
2825 75
2907 79
3 19
1383 35
0 2
7 27
0 5
3 10
0 3
2 6
1159 31
2129 51
0 6
0 7
0 37
3148 93
0 28
936 27
0 6
0 3
1 6
1 4
0 7
1 4
1974 47
17 37
1 6
6 47
2 8
0 1
0 22
1 8
0 5
0 13
3 27
1 8
3 51
2999 84
4 28
732 23
0 4
12 34
0 1
0 4
1 15
0 7
4 15
0 4
0 3
0 37
3 8
830 25
1 6
143 54
6 43
13 30
65 19
0 3
5 6
0 1
0 3
0 2
0 4
0 2
0 5
0 13
2469 61
0 2
0 2
3 16
779 24
1 11
3 10
12 23
1 3
3 12
8 8
3663 188
6 20
5 20
0 3
0 7
3552 143
0 10
1 7
0 6
0 3
15 22
2 37
2 14
0 2
1328 34
5 10
849 25
0 8
2 4
2862 77
1 5
0 4
1138 30
0 8
6 11
4 23
0 2
2 4
0 2
782 24
0 8
0 9
572 20
0 8
6 20
3632 166
0 3
0 1
1 9
2 25
1 3
0 17
0 3
0 4
542 19
1726 42
2571 65
1 3
3 4
3215 99
1931 46
2795 74
4 7
0 4
0 4
11 22
0 18
0 21
0 4
2 12
0 4
0 5
0 2
0 7
0 3
0 1
0 4
0 4
9 13
1 5
1 18
363 15
0 5
0 12
3383 116
1 14
0 3
6 12
7 21
1409 36
3013 85
12 43
0 3
8 22
1 7
0 3
0 2
5 4
0 10
984 28
1850 44
13 39
38 80
3 11
4 12
0 6
3713 271
2 4
5 25
0 2
0 7
0 1
8 30
1 33
0 9
2 5
0 6
2 9
6 55
0 1
52 91
0 1
3029 85
0 1
2626 67
2722 71
1 11
965 27
4 19
0 2
2 11
4 12
0 4
2 6
2 5
0 4
2 22
3099 90
2 9
3 10
2186 53
0 3
1 4
0 5
0 7
0 1
1 12
0 5
0 1
4 23
13 35
5 39
0 3
575 20
4 5
1470 37
0 2
0 9
0 8
0 3
8 12
2 7
0 3
427 17
0 2
0 4
0 4
784 24
1242 32
9 13
0 3
0 4
12 41
0 4
1897 45
424 17
3 7
0 3
19 15
2686 69
0 4
1 2
2 10
0 1
1628 40
2 14
2 7
2517 63
0 3
0 4
1 4
0 2
0 5
0 1
1 3
0 5
1 10
25 45
2193 53
0 2
0 1
5 8
0 1
7 12
14 24
3 20
441 17
0 5
3 15
6 18
0 13
0 12
0 13
3176 95
0 8
1903 45
14 61
0 5
0 1
9 72
0 4
0 6
0 30
1861 44
0 2
2 11
0 3
0 5
1 7
0 2
5 7
0 3
2 18
2 9
0 9
1840 44
1 12
3 7
2 7
26 34
0 13
0 10
1720 42
1 4
2594 66
0 14
30 51
853 25
2674 69
0 4
3250 102
432 17
0 7
10 18
0 3
0 3
5 22
0 1
5 16
2703 70
0 2
0 9
4 8
6 22
3591 152
0 13
10 17
1 7
3 7
0 2
1168 31
0 7
0 3
2859 77
0 8
2895 79
0 8
0 7
0 2
0 7
0 6
1768 43
0 6
0 17
0 6
0 1
0 4
9 30
0 1
806 24
0 1
6 20
2080 50
2 3
6 38
0 1
6 11
1 13
2 12
3 12
0 3
0 2
0 5
0 55
780 24
1689 41
0 5
12 11
0 3
9 18
0 3
5 22
1 3
0 2
0 4
8 30
1816 44
2 7
0 1
210 10
1246 32
6 12
6 12
0 7
0 5
0 4
0 3
670 22
1 5
0 5
0 2
884 26
1 6
31 82
25 51
0 1
1 10
0 5
2 7
1 31
0 13
4 31
4 11
6 17
0 2
11 68
3129 91
0 2
0 4
0 4
4 22
0 10
6 10
1 9
2 7
0 2
0 3
0 9
2337 57
2 9
1 4
3 31
0 12
0 2
0 3
3 13
2858 77
1 9
693 22
1398 35
1723 42
2 13
1207 32
2 12
0 3
0 5
1 4
214 10
1 4
1 9
3 24
0 1
593 20
10 50
1 3
1542 39
1 8
1979 47
1 3
1 2
9 35
2 5
23 49
1 3
404 16
1 8
2783 73
0 2
0 1
7 11
2 4
0 1
0 1
600 20
0 7
2541 64
2 3
0 1
1 3
1 3
8 11
2552 64
3 24
2 12
4 17
2730 71
0 3
16 29
0 2
1 3
3002 84
71 21
1605 40
1 6
0 2
0 2
1 4
1196 32
0 1
2 6
0 2
0 4
1 7
2902 79
2176 53
1 7
2 19
3154 93
1 14
7 36
2 10
3 9
0 2
0 1
677 22
0 1
3514 136
1 4
0 8
1 11
0 1
1 9
2 9
329 15
0 1
0 1
1 6
0 13
3175 95
3523 137
1823 44
0 2
0 7
0 2
0 2
182 29
0 1
634 21
1 5
1 9
4 10
2 5
1946 46
0 1
0 3
3 18
1935 46
1 9
0 3
3 15
0 21
1 5
4 17
2 5
0 3
2063 49
5 10
1546 39
888 26
1 4
5 7
4 10
0 2
0 3
2338 57
1378 35
52 76
2 6
0 11
0 5
0 2
0 3
1 21
2 6
1 9
2976 82
1 11
0 2
0 4
1 4
0 2
3067 87
14 48
3 27
0 2
933 27
2 5
0 3
1 3
5 29
0 3
163 11
6 7
0 3
1 5
2478 62
1802 43
0 2
2 6
0 6
1654 41
362 15
1554 39
1 8
3680 210
0 8
1031 29
119 35
0 19
14 55
4 55
22 45
0 3
2049 49
4 25
2 7
2 12
1 6
0 2
10 24
1 14
0 5
0 4
2634 67
2 10
1 13
1 4
3631 166
1 8
1 6
1 5
6 28
0 5
1 7
0 7
17 76
0 1
0 2
1584 39
0 4
1 6
3 8
4 14
1 4
0 2
0 3
3 26
0 2
0 4
3 8
1290 33
1 11
1 4
0 4
1788 43
1 4
1 7
0 8
4 25
0 5
5 20
319 14
1 8
1 14
0 4
14 48
0 11
651 22
4 8
1055 29
0 3
3 6
154 81
1 7
3 22
0 1
3 15
187 7
2967 82
0 4
0 4
1 5
2671 69
1 4
2 9
0 23
0 2
3 9
0 8
0 4
1 21
14 30
2 10
270 13
6 11
0 1
1 4
0 3
0 2
0 2
0 1
0 2
228 11
2148 52
6 14
0 7
1 2
10 43
1 3
1 12
3 6
0 1
3 8
1405 36
3 26
0 1
5 11
2235 54
36 85
12 31
3 4
0 2
6 10
0 1
1 3
2 16
0 2
0 1
0 1
0 4
4 8
0 1
1657 41
4 11
1 3
6 37
2 6
0 4
0 1
2790 74
1 3
27 45
3468 128
10 25
1 9
1 6
4 7
1 14
0 1
1 4
0 2
1 5
4 13
2782 73
0 5
4 18
1 10
1 2
0 5
0 1
1 7
626 21
5 17
1 13
3 22
2 6
0 2
954 27
0 7
1 2
12 25
3 36
2 5
1 3
2779 73
3708 257
0 5
35 85
1612 40
1229 32
3 9
2 20
3 11
1312 34
0 10
0 1
0 3
3 7
43 70
1 8
1 6
2096 50
3 21
1 2
1 2
0 2
2 15
0 1
0 3
0 4
3071 87
3653 176
26 45
5 48
2 24
1 7
1344 34
0 3
8 14
2225 54
0 6
0 1
0 4
463 18
3610 158
3 7
1 5
0 3
2 5
2200 53
4 15
2253 55
0 14
0 3
1 2
0 23
2537 64
2 4
9 33
0 4
1 6
3 9
1 4
2 9
4 8
0 11
11 65
6 18
0 1
0 5
0 8
5 20
2 6
1108 30
7 12
7 22
2 27
1 12
709 23
0 16
2429 60
14 42
0 2
4 11
8 59
9 8
3 5
0 5
2806 74
0 3
11 23
0 5
0 2
2821 75
0 2
1 13
6 25
2 4
0 21
5 17
4 11
6 9
4 6
0 2
1 5
34 126
13 72
0 9
0 7
3072 87
24 51
0 5
2 7
3 12
0 8
1 6
0 2
669 22
3370 114
0 1
1 3
1 23
1928 46
1575 39
2 5
3 7
17 45
0 3
0 2
2 8
3 12
3535 139
184 6
0 3
0 4
446 17
1 7
1 7
3089 88
1 19
0 3
3 13
2749 72
8 23
2 8
3 23
3544 141
0 7
1581 39
3602 155
0 3
1 18
1 7
1 24
0 9
0 3
1 14
0 6
4 13
173 48
1 5
0 4
44 48
3 15
0 2
5 12
3724 336
2986 83
2633 67
15 52
1 5
1806 43
10 20
3 5
0 4
3 9
83 33
4 13
1 8
2731 71
0 4
0 5
2957 82
1 4
1 5
0 1
0 2
0 5
0 1
0 6
0 15
3 11
1 10
10 38
25 80
794 24
6 45
4 10
0 4
2 24
0 5
2719 71
10 29
3 10
1 4
3 10
1732 42
0 2
10 59
3409 119
6 13
8 14
1 21
1 10
3 13
26 50
0 4
4 13
3 14
4 10
0 2
2 8
1 5
1 6
1163 31
2 6
0 3
1220 32
1222 32
8 28
0 3
0 4
7 13
0 2
3 4
0 11
3733 427
0 4
1 3
2 13
1 3
0 14
0 20
1 3
63 13
3 7
2762 72
1667 41
2396 59
1 24
67 53
81 139
0 3
5 14
0 11
0 3
1771 43
1 5
5 6
0 19
3700 233
2 4
1620 40
0 3
0 3
2 15
5 7
3 15
2 21
1 18
0 4
2195 53
3 7
9 28
1 9
1 40
2871 77
0 3
0 5
2 4
5 18
0 24
0 2
1081 30
0 5
0 3
22 20
0 5
3606 156
0 9
2398 59
1 7
1 7
0 2
0 3
0 3
1091 30
1 9
3575 148
0 1
2457 61
0 10
2 12
1 16
580 20
0 2
2 12
1 2
0 1
1 3
1 9
0 1
4 10
0 2
15 35
6 16
5 31
3171 94
19 45
17 45
1 3
0 1
0 5
1 9
1 15
2 3
5 28
0 1
3086 88
3 9
1 5
0 1
3 7
2 5
836 25
1 11
0 21
0 11
1627 40
0 2
3 8
9 11
599 20
0 5
13 23
0 7
0 5
0 24
1 2
3202 97
0 10
2040 49
4 6
0 2
4 18
13 36
0 5
945 27
3282 105
1 4
2100 51
2 8
2274 56
3 6
0 1
0 13
0 3
2352 58
3047 86
0 4
1 19
0 2
4 15
3 18
1 9
2 12
9 18
92 19
0 1
1 28
3247 102
2 10
517 19
0 2
0 11
2 5
3 8
0 6
18 31
0 12
1 3
1525 38
0 13
4 17
6 26
28 52
0 5
1 4
2661 68
175 59
0 5
702 23
3242 101
17 30
3289 106
0 4
8 12
0 6
0 39
1143 30
3 23
3 6
9 23
3333 110
0 2
0 7
2662 68
3210 98
3 11
1 28
0 3
1 3
0 1
2 5
0 2
2659 68
3717 297
1 5
4 8
3149 93
0 4
0 17
0 6
1 6
3513 136
25 70
1 12
0 2
2 4
2533 64
0 2
1074 29
0 8
113 33
5 36
1368 35
0 3
1 9
7 22
0 3
1 2
3085 88
2855 76
0 11
9 34
2 9
0 4
7 48
0 4
9 16
2 3
0 4
0 4
6 23
74 22
0 6
0 1
0 7
0 14
3 39
8 31
5 8
0 6
0 1
3 23
35 42
3399 118
3698 224
2 7
5 18
898 26
4 9
0 5
10 19
0 6
0 1
2 51
0 3
0 2
3 8
3553 143
2 4
2 4
1 18
3040 86
3 11
2 11
0 3
6 19
2860 77
2 6
325 15
0 3
52 21
1 8
2839 76
0 4
1 5
4 15
0 1
0 4
1952 46
1026 29
0 4
4 6
1 2
8 12
2 10
5 10
1 3
2962 82
0 3
0 1
1 5
4 9
1 11
3440 124
0 2
3 13
1506 38
1346 35
3 6
0 1
0 4
0 5
4 15
17 38
0 4
2005 48
0 3
4 6
0 2
0 3
1 4
2 13
1 12
3732 420
0 4
3691 216
3144 93
0 5
0 11
2 25
831 25
11 16
0 4
1 3
1 4
0 3
13 18
774 24
9 12
3 8
1 3
20 76
5 15
0 6
0 3
5 12
0 7
877 26
0 2
3 26
1 8
2 4
7 33
3 7
6 33
10 44
2 11
245 12
1417 36
0 3
2 9
2 28
14 20
16 26
0 3
0 1
0 5
2295 56
0 41
0 3
6 14
80 8
3341 111
4 9
0 2
0 3
3 9
2 7
0 10
5 23
2 5
0 2
2 11
1427 36
0 3
2707 70
3 15
3 11
1 12
1 12
1 6
4 15
25 46
36 50
4 7
8 19
0 8
0 1
0 5
0 1
1 3
3 31
1 16
1 4
5 26
1295 33
5 18
0 1
838 25
1 10
2 9
3336 111
0 3
1 8
2 6
3 22
0 2
2 5
0 26
7 16
9 28
4 7
2 5
3 19
0 1
3 8
2086 50
2990 83
1 11
4 11
2279 56
0 4
293 14
2 6
16 36
31 69
3 6
0 3
30 125
2 25
1 5
11 40
3 10
0 2
37 33
1 3
9 42
0 1
3092 89
0 5
3687 213
0 4
2 38
2 11
10 29
2 9
1 6
1 23
2 12
0 3
0 2
2836 75
3 24
1660 41
0 7
6 12
1469 37
3 4
811 25
1 13
0 5
1 6
1 2
942 27
1 11
1 7
0 1
1644 40
2 9
6 25
0 4
7 31
2 15
3 12
33 50
2 3
4 12
5 12
0 5
8 13
466 18
0 7
20 36
2 8
8 12
0 3
0 6
3 9
19 59
8 57
3365 113
7 8
10 13
1 2
0 5
0 5
1 5
0 12
0 1
0 4
2 6
1710 42
0 5
1 9
1 3
1 9
0 4
1 6
251 12
8 19
6 17
8 12
1 2
0 2
0 4
0 7
1 8
1 9
1 7
0 2
0 2
0 6
3 8
3 27
6 19
7 11
24 39
0 1
1 7
3507 134
0 1
5 10
2 9
1 2
7 16
1 8
2 5
3460 127
0 5
0 1
0 5
1 2
0 4
12 51
0 1
3590 152
3625 163
956 27
1 2
4 13
6 36
0 2
0 2
1564 39
0 5
2 5
3 10
2695 69
1 7
1 5
0 1
2493 62
16 50
11 53
0 2
254 12
2408 60
1 15
0 8
549 19
5 30
1 9
2 11
1 6
15 38
0 3
1 42
1086 30
0 3
1 4
0 2
0 6
2 6
1 3
0 2
0 3
1 12
0 2
1 4
0 1
1291 33
2 14
2 8
0 6
2 6
1 16
1 21
841 25
3 40
0 14
221 11
1 3
1 7
1619 40
0 8
0 1
842 25
2679 69
3701 234
29 42
2 5
24 80
3017 85
2 12
3 5
0 2
0 1
89 16
2777 73
0 3
0 2
3343 111
42 12
0 6
0 1
3 13
2725 71
13 32
15 31
3 9
0 2
4 11
0 2
1 11
0 3
7 16
0 4
2261 55
0 5
1 6
4 8
0 5
3 17
0 4
0 12
0 9
0 3
11 24
1 3
8 25
5 34
6 14
3 29
1 7
0 4
3658 180
0 2
0 4
0 7
2 17
3 4
0 4
2237 54
3294 107
0 29
16 54
3 37
0 2
8 19
2 25
1 4
2 10
0 11
0 7
0 2
121 38
682 22
2 8
39 73
1 2
1256 33
1094 30
0 1
18 20
0 3
0 7
0 3
0 14
1 7
6 31
1 2
0 2
0 2
3 22
3 4
2 5
15 22
0 2
2 5
0 3
1 3
0 1
1 27
0 1
0 1
3 6
2 10
3 10
2 7
37 84
2045 49
0 2
21 26
3 22
1565 39
5 12
3346 112
0 4
3666 190
100 27
0 4
4 41
1600 40
0 4
695 22
386 16
0 3
1 6
2332 57
10 65
0 25
1 5
2796 74
1 5
5 25
1 4
0 2
1 15
0 36
1 4
50 38
2809 74
3 11
2828 75
0 2
6 22
0 3
0 2
0 5
1 5
0 32
3078 88
0 1
0 24
6 10
3436 123
0 1
0 3
5 6
2066 50
894 26
1 17
0 4
4 12
0 6
3 12
0 9
0 1
5 10
0 6
591 20
0 2
1 8
18 55
0 1
0 1
26 75
0 2
6 17
0 1
2 6
1626 40
3298 107
1 7
7 51
1 5
0 5
3597 153
2422 60
0 5
1257 33
0 5
4 26
2683 69
0 1
3537 140
0 7
2 4
0 11
0 1
1 13
1 7
2335 57
0 9
2410 60
197 8
1 39
0 2
1 5
0 1
2557 65
689 22
124 40
3 7
2000 48
1 5
3 7
0 12
0 2
0 4
1 33
36 84
0 4
1875 45
0 2
11 10
0 1
4 7
8 25
2 23
0 2
3 28
1 8
1557 39
0 2
1709 42
3 8
8 18
1 3
2 4
0 1
2 8
23 49
0 1
3328 110
1 6
3 15
3479 130
1 10
3 10
2 8
0 8
1 4
0 7
3 10
4 18
12 59
9 13
0 7
0 2
2988 83
11 17
0 10
0 1
0 8
1688 41
5 20
8 24
0 3
167 29
4 18
0 3
5 26
1 6
3 8
0 2
0 1
0 3
0 3
5 16
7 8
1 9
2 9
0 4
2 7
854 25
0 8
0 1
2 12
3 4
3 8
4 46
2 4
2539 64
27 51
0 9
2 16
8 11
1 2
3 16
0 23
2 4
8 50
1 2
0 14
2651 68
569 20
315 14
2502 63
188 7
1902 45
8 32
11 27
4 8
3 16
2543 64
0 4
205 9
2500 63
3249 102
0 2
2 7
2 20
0 5
0 8
0 5
1 4
3 18
2 5
2 7
14 30
6 8
1 22
1 4
611 21
1 13
0 4
0 2
16 27
0 3
0 6
3 15
1421 36
422 17
3 13
3 12
1 4
5 12
7 10
4 9
1 7
4 18
1264 33
0 1
1 4
1 20
2 7
0 5
543 19
3 11
1 19
353 15
2 30
516 19
2 4
0 9
2036 49
1358 35
2 19
38 32
0 2
763 24
3286 106
2169 52
0 1
3 50
72 57
1 5
2 10
1 8
2 6
88 16
10 12
2760 72
3308 108
0 3
1 6
13 31
0 2
0 4
0 1
0 4
0 8
1 3
0 15
4 45
3 7
2 6
2499 63
0 2
0 4
41 65
3 12
3100 90
310 14
1028 29
0 4
1366 35
0 5
0 2
3689 214
3 18
4 9
3275 105
27 24
0 4
2981 83
0 3
0 1
0 6
3 9
9 21
3055 87
0 11
500 18
0 4
0 3
2602 66
2 10
8 21
1728 42
0 2
0 3
0 3
7 15
2022 48
3 13
10 23
2 11
7 52
6 18
0 7
3036 86
12 51
3644 173
5 38
2 12
0 4
7 17
0 1
717 23
0 3
0 2
0 2
169 30
3 21
2 3
21 31
17 22
0 2
7 39
0 2
0 3
10 20
2283 56
2 18
4 12
0 2
1128 30
5 32
0 4
0 8
5 12
2565 65
4 19
12 21
3643 173
835 25
1 5
1458 37
7 23
2 13
0 2
2 11
0 3
1812 44
0 4
0 4
3601 155
1990 47
4 26
1 6
5 25
3 12
3 22
0 9
247 12
2578 65
1 4
7 39
62 33
0 1
0 18
0 6
0 1
1255 33
4 49
1096 30
4 7
1025 29
2 12
83 61
2 21
0 4
61 37
3534 139
3 5
1 9
0 6
2416 60
1197 32
2 7
24 68
27 52
1 11
3302 107
3474 129
2 39
0 3
0 4
16 19
4 6
1 8
2 6
5 15
1 12
2016 48
1947 46
1 5
5 19
9 7
3439 124
1676 41
1423 36
0 3
2 22
766 24
0 6
14 37
13 51
0 2
3 8
0 4
5 18
2 12
0 4
3718 313
0 3
76 23
0 1
2 6
147 67
4 15
289 13
383 16
9 18
3 5
2 5
0 3
0 1
0 6
1832 44
0 10
3 6
11 26
0 5
14 29
11 24
3542 141
1447 36
3 13
0 6
0 6
1 2
1 11
2 6
0 7
3619 162
5 5
3 9
1 4
0 2
11 21
2792 74
0 3
0 2
137 53
0 2
0 1
1 4
1 7
0 1
3638 171
4 16
6 8
7 49
2 5
0 4
0 1
2 15
0 2
1 4
2615 67
2 12
4 28
2 4
5 9
0 10
2 3
1300 34
7 44
0 1
3646 174
1 7
0 5
0 4
1 8
43 111
1653 41
2 4
1 14
1426 36
17 31
420 17
0 5
0 2
0 3
5 21
2 27
0 4
1 8
0 5
3051 86
3 21
0 11
1887 45
3 10
1 18
0 5
0 4
0 2
725 23
1 6
2586 66
0 6
1714 42
8 13
0 8
4 13
1 19
2628 67
0 3
1949 46
0 2
3291 107
0 7
0 16
1 3
0 13
0 2
3 21
0 2
3636 169
1 3
0 4
2 57
0 13
2 24
3 8
0 3
2 6
4 14
1801 43
0 7
1 11
1 14
31 43
0 5
3 38
0 1
1 17
2 4
0 8
1419 36
0 2
1 15
0 4
2 7
1837 44
3 8
1 13
9 17
0 4
6 28
3 11
3324 109
2832 75
1 10
2450 61
2656 68
4 12
3 23
0 4
0 4
0 1
0 5
4 13
1813 44
1984 47
0 2
1593 39
3 18
4 32
1 19
2 16
1 3
3272 105
11 31
0 5
1 4
10 40
1894 45
0 1
1 3
2889 79
3633 168
1 22
0 4
2 22
1 5
2 22
0 1
298 14
0 1
1 4
1 5
4 13
23 15
2 8
2 3
2 4
0 4
7 16
49 26
0 2
2 15
2 5
3 11
1 5
0 11
2 4
0 6
3 21
1061 29
0 20
4 18
1 2
0 3
2302 56
0 1
0 3
0 3
2 9
4 21
4 8
0 1
0 4
1 6
0 2
6 58
2 7
11 26
3311 108
3 7
0 1
1 4
1634 40
9 23
1 21
1 19
4 11
3447 124
0 2
335 15
3 13
435 17
0 1
1 12
0 5
4 8
2 10
3146 93
4 5
0 1
157 93
9 10
4 16
7 16
2 17
5 20
1 5
0 1
4 8
2 37
8 10
0 1
1 22
0 11
832 25
3 4
1713 42
0 4
0 2
1 15
0 2
1943 46
0 12
1 5
1384 35
0 1
0 12
2 4
1640 40
1621 40
1 10
59 62
1 3
1 10
0 1
24 45
6 41
1 8
1 46
0 3
809 25
2637 68
5 26
0 9
3 12
0 5
1 31
0 7
0 4
1 3
2948 81
0 2
38 88
12 30
0 1
0 6
0 2
3652 175
5 33
0 2
996 28
706 23
7 6
2374 59
0 3
2 11
607 21
8 41
0 2
2 12
2224 54
0 4
2 3
6 10
6 15
640 21
1 3
2304 56
1 13
7 52
0 4
12 48
0 18
2431 61
1 9
0 6
2098 50
21 29
2958 82
0 4
7 24
0 4
2 9
456 17
1 28
1 8
0 3
0 8
2909 80
0 3
4 10
1 10
0 13
1 4
1 5
972 28
0 5
2 19
12 29
2 18
0 1
1 4
14 12
8 21
1 10
0 1
0 17
1 2
44 64
8 26
0 5
18 46
4 11
0 3
625 21
2084 50
9 39
0 8
58 14
678 22
10 43
4 13
671 22
4 7
0 1
0 2
0 1
0 1
16 69
17 73
1 16
2 11
0 6
5 13
1 10
0 14
0 24
1669 41
799 24
13 59
713 23
0 3
2180 53
1 16
0 2
4 12
0 2
0 4
0 1
1 5
0 1
485 18
0 6
7 10
2158 52
1 5
1424 36
3074 87
0 2
0 8
0 6
0 1
0 3
1 7
0 3
864 25
0 2
891 26
3240 101
2609 67
1 10
2037 49
0 13
5 48
0 10
2165 52
0 2
1 12
3620 162
0 21
2264 55
710 23
2 16
0 3
9 36
0 2
1 21
2 6
0 5
0 15
0 3
3280 105
3714 274
748 23
1986 47
6 27
1 8
0 7
12 54
0 1
3 11
1 6
4 40
0 2
8 60
0 8
4 22
1 18
2 4
3121 91
0 2
0 10
1 6
1 9
1615 40
32 46
0 3
68 20
2 19
2218 54
0 8
3703 236
5 25
7 16
1 13
0 4
0 3
0 13
0 1
0 4
1 15
0 6
1 6
1722 42
2 10
11 53
0 20
0 4
6 29
3 4
4 19
0 6
2308 57
0 7
1089 30
1 7
1083 30
1125 30
6 12
0 2
11 22
2 7
0 4
1 2
1 5
11 29
3179 95
0 3
6 27
0 2
1 10
0 3
0 2
0 6
2 17
0 7
944 27
186 7
0 29
1655 41
0 1
1 5
3112 91
1921 46
23 47
5 11
3 10
1 3
0 2
1510 38
7 47
10 53
0 27
1820 44
37 93
1999 48
0 2
0 13
0 1
0 4
2233 54
2078 50
0 14
0 16
0 2
1 7
2 11
0 12
1 4
0 1
5 15
0 3
0 3
3200 97
0 4
0 2
3483 131
1 11
10 24
2688 69
0 1
2341 58
2479 62
0 4
0 4
0 5
3492 132
1 16
2 4
4 38
1 3
1 5
1 3
7 13
6 19
345 15
1 2
3450 125
2 4
0 8
13 20
1 4
5 20
0 2
0 5
3106 90
1550 39
1 8
3 52
0 1
20 41
0 6
7 35
3712 271
3 7
2287 56
0 2
1 10
2 5
2 5
4 10
1 20
0 2
7 33
11 16
0 3
3005 84
0 8
2 46
1 4
0 6
0 6
16 17
4 61
2 12
0 2
1030 29
0 4
3 4
1 6
1 9
28 48
0 6
1 13
1 4
2006 48
1 10
0 2
1 10
6 31
0 2
0 1
1 6
11 17
3704 249
6 25
1166 31
0 7
29 50
2833 75
7 38
0 3
0 3
2 3
1 2
3545 141
1 3
5 15
2105 51
2613 67
3 12
18 29
0 3
1 14
15 15
0 2
1 15
2455 61
3 16
1862 44
361 15
8 25
1 11
1 18
0 2
1 8
4 10
47 53
11 43
1145 31
8 10
3 15
5 11
0 4
1 3
5 28
2 7
0 13
16 52
0 3
37 59
13 23
1 7
2884 78
1 2
0 3
0 4
0 1
1 6
29 80
6 26
0 4
7 11
1393 35
11 19
3118 91
0 5
1 23
23 80
3 11
2 6
5 19
0 10
0 6
0 7
1262 33
2 5
1 10
0 2
0 15
0 5
0 4
0 4
6 26
0 35
0 33
0 1
869 26
0 3
0 10
2 14
0 2
2685 69
3 25
3211 98
0 5
0 2
1353 35
2547 64
4 22
1 2
2248 55
2453 61
6 21
2 22
1 20
7 11
1 22
0 8
0 2
0 3
2151 52
0 1
35 78
0 1
2 12
0 1
0 3
1 2
0 2
1032 29
0 1
0 3
7 15
0 2
3 13
0 4
3 7
0 3
0 7
10 19
2 10
10 16
4 11
3064 87
2007 48
1792 43
0 4
2916 80
0 5
116 34
31 125
0 12
821 25
2 12
1706 42
12 53
1 5
720 23
4 27
0 7
1 5
3 20
1 4
3 18
7 15
3091 88
4 39
3156 93
0 9
429 17
0 3
10 39
1797 43
4 16
8 22
2 16
2051 49
2347 58
1711 42
0 4
0 2
0 2
0 1
0 4
0 3
14 53
0 1
653 22
1 2
4 29
0 2
1 5
2 8
1 3
2 4
3178 95
1495 37
2089 50
0 1
3710 269
0 4
1 4
0 1
827 25
3584 150
1663 41
0 10
9 46
1637 40
0 2
2 13
0 2
711 23
0 1
2068 50
3 9
0 1
0 6
2044 49
0 4
971 28
1577 39
0 2
0 2
7 13
0 2
0 4
0 3
1855 44
0 12
796 24
0 2
0 1
2527 64
0 4
0 15
16 45
2 9
3 14
0 2
0 5
0 1
2 11
1 15
1219 32
6 15
1 11
6 20
10 12
2 14
1609 40
1 9
0 2
9 35
0 12
2 8
323 15
0 2
1 10
2227 54
21 22
3563 145
5 9
5 20
5 9
1381 35
0 1
2069 50
0 1
0 19
3524 138
0 1
2801 74
2445 61
2820 75
0 5
0 1
1 18
5 16
0 3
0 3
342 15
5 16
1 4
0 11
0 2
0 1
0 7
0 6
1 15
15 22
0 6
3431 123
1 23
3 7
0 2
2 11
0 3
2773 73
1 9
6 31
2 3
4 16
6 13
5 23
0 20
26 69
47 86
6 24
3 46
3 55
1665 41
4 11
3 5
2 14
1 8
1176 31
2 12
0 2
2208 54
778 24
564 19
2 17
0 1
4 13
3506 134
3237 101
0 6
3351 112
12 15
1 4
0 13
2311 57
3473 129
2 15
78 28
3 17
12 69
3 23
1 7
7 25
627 21
11 12
1 7
5 13
0 1
0 3
0 11
0 3
3451 125
1 10
19 20
1 2
5 35
1241 32
1 8
3 6
1 3
4 5
822 25
0 2
0 2
0 4
2 4
0 1
9 53
0 12
0 5
2 7
2579 65
5 19
436 17
0 2
2994 83
0 2
2 13
9 15
21 39
2 10
12 31
1 7
1 8
8 28
3 9
0 7
0 10
3 24
0 4
9 20
2401 60
0 3
1 3
2915 80
0 4
531 19
545 19
1 7
6 31
0 5
20 94
423 17
10 30
0 8
0 1
1 4
3 5
2 7
1853 44
2714 70
950 27
0 2
13 17
4 14
11 46
0 3
2213 54
0 6
0 2
1811 44
0 1
1 4
1 6
0 3
5 16
2669 69
0 1
5 8
0 3
0 3
0 3
2 20
3 9
3 12
3715 281
0 4
665 22
16 38
1 18
32 58
2 9
0 5
0 1
0 7
597 20
4 18
4 18
0 1
1230 32
13 11
0 4
0 3
18 45
0 5
0 2
2952 81
2750 72
2 23
378 16
2789 74
1 3
2265 55
0 2
0 10
1 23
0 8
758 24
0 3
0 1
7 18
0 15
0 4
0 3
2 8
0 2
6 9
1 36
1 9
3107 90
2937 81
8 32
0 4
1388 35
1 9
6 17
1 10
8 17
5 9
515 19
2 52
431 17
3734 504
1 7
0 6
3 36
721 23
1 4
0 2
0 7
0 3
0 3
8 18
5 28
3627 165
1 13
0 10
2 16
0 1
4 19
0 1
1 4
0 8
1 7
0 1
2 7
0 2
0 1
2 32
0 1
1 4
1 7
2101 51
0 4
9 65
18 58
54 63
3 15
25 41
2 18
0 3
1054 29
0 2
14 21
0 1
2639 68
1 39
0 3
0 3
0 3
0 8
0 1
2 25
11 32
0 4
1 11
2 10
2 9
4 12
0 3
1 4
0 5
0 3
11 14
0 5
0 1
1320 34
0 4
1 7
0 1
0 3
0 5
0 4
0 13
0 3
2 7
0 4
2 12
0 2
0 8
1900 45
0 2
0 4
20 46
1394 35
397 16
5 14
87 70
9 20
8 15
2 12
0 6
0 3
0 4
0 3
1 7
2 4
1 15
0 3
1 7
3213 99
1 4
5 8
9 32
639 21
0 4
3 9
1 11
0 1
0 6
352 15
16 36
0 5
2 5
0 15
0 20
5 20
21 47
0 1
3269 105
1 2
1 2
1 12
0 2
0 4
0 1
6 28
2 20
0 1
0 4
8 31
10 22
0 1
0 2
5 14
3 12
0 2
0 2
2727 71
0 1
0 2
0 3
0 1
7 27
1519 38
2 16
1 2
0 1
0 2
0 4
0 3
3124 91
0 3
102 32
2788 74
1261 33
4 6
0 3
0 1
1 5
0 1
0 6
0 12
0 2
0 2
1 7
0 2
1 2
5 24
1 7
4 6
0 2
0 3
2 9
15 36
2611 67
1 4
0 1
5 13
0 5
0 2
23 31
2 11
0 4
0 12
1367 35
10 30
3547 142
6 14
1 11
4 11
674 22
0 3
0 2
0 6
1414 36
4 8
0 11
0 2
11 29
7 19
1 6
0 4
0 2
8 16
7 53
0 2
0 6
0 33
2 15
12 32
0 9
0 2
0 3
2 8
0 2
0 1
0 2
1 3
2 7
2 10
0 2
0 1
0 6
647 21
3288 106
1 2
12 25
0 3
1 3
0 2
1 3
0 3
0 3
0 3
8 53
10 21
2317 57
0 17
1 3
3 7
0 4
0 12
0 10
3 36
5 10
0 48
0 3
1717 42
2 3
0 2
1938 46
0 8
3665 189
3525 138
2 24
0 6
3191 96
4 12
14 75
19 31
3 6
3266 105
4 12
1 19
3197 96
4 10
2174 53
0 11
0 5
1844 44
5 41
11 20
0 5
1 2
901 26
2 12
4 28
0 7
7 49
1374 35
0 7
2131 51
3 18
1 8
0 6
0 11
2 5
1484 37
0 2
0 1
2 12
0 2
0 3
0 1
0 2
1 28
2531 64
12 18
0 1
0 1
7 26
0 5
0 4
86 96
882 26
0 3
0 5
2 16
2 13
6 22
7 16
0 2
4 17
5 35
0 4
2 12
0 2
2 4
0 3
80 75
311 14
0 2
1 7
2807 74
3 6
0 3
9 12
9 24
0 5
2 12
0 3
1 2
2 14
2432 61
2 10
1391 35
3 13
0 5
2 18
1 3
0 3
0 2
10 17
2286 56
0 3
0 1
0 16
0 8
0 6
0 7
1 7
0 7
80 30
3267 105
0 9
4 17
2 5
7 43
1 6
6 12
0 16
0 3
0 8
1 9
4 7
0 3
117 34
0 2
1 2
0 3
1 18
1 4
8 12
0 1
10 18
0 2
1 8
155 83
3581 149
1 2
1 2
16 29
0 5
0 3
1325 34
14 19
280 13
0 1
0 3
350 15
0 1
0 6
2 3
1 9
1 5
0 1
7 31
1095 30
0 2
10 28
2 8
3 8
1 8
7 9
0 4
2145 52
3413 120
7 22
0 10
2635 67
0 2
0 4
0 40
3559 144
237 11
9 15
1 9
3 18
0 1
2 3
2 9
0 3
0 2
0 2
1743 42
0 4
2793 74
0 3
1289 33
0 1
0 5
24 51
0 2
2058 49
0 3
0 2
4 37
493 18
1 7
0 2
3455 126
0 3
1 3
2 8
0 5
2354 58
2 5
0 10
2 12
5 36
0 18
0 4
0 16
0 3
0 6
2 7
3 13
1933 46
2 6
0 30
760 24
0 1
2 18
25 52
7 18
16 14
0 9
2 33
1 2
0 11
0 6
0 8
4 15
9 14
0 11
0 2
562 19
0 2
0 1
0 2
45 64
1636 40
0 2
5 8
10 23
1 4
11 21
17 40
5 9
2231 54
3641 172
2 9
6 61
1 15
2670 69
1534 38
3 18
5 27
1 4
0 3
1 3
2 39
0 7
0 4
0 3
4 11
354 15
0 1
0 6
2519 63
754 24
3205 98
3488 132
2 6
74 22
1 24
1 2
2459 61
1533 38
1 4
1399 36
2 11
1527 38
3044 86
0 6
10 16
4 19
0 1
823 25
0 8
1 8
3 21
4 45
788 24
1641 40
2 8
1 21
131 45
684 22
0 2
5 14
952 27
1 10
960 27
14 36
1 4
76 19
1 12
3 5
1 9
2 36
4 6
17 32
0 2
0 1
0 6
129 44
0 4
1 11
1098 30
12 40
60 13
1 2
0 1
13 35
0 2
0 11
156 90
17 48
14 48
0 3
0 9
0 12
0 5
0 4
5 9
4 7
1 7
1 2
9 18
1 10
9 30
1 15
0 2
818 25
0 11
2 7
0 2
0 2
0 5
0 2
77 23
897 26
3481 131
2189 53
3654 178
51 145
6 47
2 10
8 11
0 4
0 9
9 35
0 3
0 2
2 6
3 5
0 8
0 2
825 25
0 2
0 2
0 2
3270 105
301 14
0 32
7 14
1326 34
0 5
3595 153
2073 50
2 12
0 17
2 6
159 98
1553 39
1468 37
0 2
9 39
0 2
150 70
3 32
6 20
1 6
902 26
0 3
0 13
3 14
0 4
4 7
0 3
0 2
0 8
56 8
0 13
0 2
1226 32
3 12
0 10
6 13
0 7
4 14
655 22
14 51
1293 33
15 32
8 35
3 11
1 9
0 18
1 8
9 37
0 19
22 47
8 19
5 15
2 10
3491 132
1 3
867 26
955 27
0 2
1464 37
14 40
4 6
0 3
2977 82
1 4
0 4
3 9
0 3
213 10
135 48
59 26
5 9
0 18
17 25
0 4
1 5
7 6
3 9
3 48
0 3
9 8
1 7
6 27
2 8
0 2
0 6
1 6
3170 94
1 15
2360 58
0 10
0 12
9 19
0 2
3 18
1 10
0 1
4 12
0 1
8 21
3 15
2 4
6 18
0 9
1 2
0 2
8 13
0 7
0 10
0 3
0 4
0 4
2 16
8 10
3 5
2 7
0 2
0 5
0 2
0 4
0 5
3 17
3 33
2569 65
0 15
0 9
7 21
0 3
0 28
5 33
2 10
0 6
0 4
5 20
0 4
0 3
3062 87
1 53
1397 35
3009 84
0 9
0 7
92 54
3645 173
2974 82
2829 75
0 10
0 7
718 23
0 3
1 7
0 2
0 6
14 64
3 47
105 62
0 2
177 74
4 9
2 10
4 17
935 27
1 6
3050 86
5 36
2 6
1 4
0 1
0 13
3 9
533 19
2239 54
14 22
1071 29
2 18
2475 62
0 8
3 5
0 1
10 22
8 22
7 22
6 22
0 4
2 38
6 20
0 28
2074 50
27 74
5 14
1 12
0 6
7 35
1 12
2 5
0 3
3613 158
0 18
4 53
0 1
2560 65
0 6
0 1
13 19
0 3
7 26
1412 36
768 24
8 26
23 69
28 69
1 4
508 18
5 11
0 2
0 4
1 8
0 5
1 6
1182 31
0 7
5 18
0 24
9 28
0 11
1 8
0 31
18 32
2 18
2093 50
0 22
8 17
399 16
0 15
6 32
0 4
40 45
0 1
3 19
3 10
0 19
602 20
2424 60
764 24
0 8
23 45
1 8
2 39
0 5
0 3
920 27
0 1
3 24
2770 73
3 30
333 15
9 27
9 23
4 25
19 46
0 5
0 8
0 1
0 2
0 1
8 21
2067 50
12 36
1 7
4 19
0 10
0 5
1 8
0 1
72 21
2033 49
0 6
0 14
3415 120
7 20
2 7
2168 52
871 26
61 9
1896 45
1227 32
2 7
2 4
2 10
0 2
0 2
0 5
7 24
2336 57
0 6
0 8
1 4
2 9
4 17
0 1
6 31
0 3
0 3
2318 57
0 4
0 3
24 69
6 8
0 9
0 2
0 4
0 1
0 2
3 15
2198 53
0 4
0 7
112 33
0 4
2 10
0 6
61 29
0 1
1 24
1 14
0 5
0 1
0 1
1 3
0 22
0 3
3 10
1 9
0 1
2 10
1 3
10 35
2 7
1 5
0 24
0 2
0 4
3 10
0 1
0 26
0 3
0 3
1560 39
3 7
0 1
2 6
1 4
3 13
1 5
4 10
1 4
1 5
0 5
0 2
0 1
688 22
0 6
4 46
0 35
3555 143
2 5
14 21
1 12
8 15
3 9
0 4
2966 82
0 4
2106 51
0 1
3 9
15 29
0 1
2 10
2 26
0 4
10 39
9 55
1 19
3122 91
579 20
0 12
53 107
0 4
0 6
3325 109
5 9
3332 110
7 16
919 27
791 24
0 2
10 55
2701 70
2391 59
1532 38
0 1
3025 85
0 1
0 23
0 2
2924 80
2070 50
0 5
0 1
0 11
1520 38
1 14
0 36
1849 44
2 15
136 51
2 19
1379 35
3128 91
0 3
0 2
4 10
0 9
11 19
1 14
0 10
1363 35
5 12
4 19
1 4
3 12
326 15
95 63
3571 148
0 4
0 2
0 5
0 1
0 17
875 26
0 1
874 26
1273 33
0 3
0 28
2757 72
6 25
0 27
0 2
0 6
3578 149
0 29
1 2
0 3
8 13
0 10
1 10
3 8
9 25
14 28
1274 33
0 1
3 41
0 9
3 56
20 63
15 29
0 4
781 24
0 3
0 3
11 16
1 4
327 15
0 3
1 11
1179 31
4 9
8 30
1601 40
8 12
0 2
1 3
0 1
0 4
0 5
6 11
0 7
0 4
2 16
0 7
0 7
0 3
0 13
10 15
1 12
1 10
0 8
1 13
0 3
751 24
2489 62
3 21
0 5
24 94
761 24
5 16
2 9
0 3
4 11
0 3
1 2
10 53
0 25
0 12
0 2
1 3
3 9
0 7
0 1
3630 166
0 5
3 14
3576 148
7 19
0 1
0 3
598 20
3196 96
16 30
2454 61
0 4
0 2
0 46
3532 139
3496 133
0 2
5 17
1 20
7 40
0 10
3647 174
0 3
1494 37
1 5
0 2
0 4
8 36
1284 33
0 14
0 6
5 18
922 27
0 1
1342 34
1 17
0 3
11 63
0 4
16 30
2324 57
0 2
0 4
0 4
0 2
16 48
0 1
1 2
0 10
339 15
3225 99
1 28
2 9
673 22
1 12
0 3
2 12
0 3
8 9
0 1
0 21
0 4
3 21
2619 67
0 3
2 4
0 1
0 5
11 31
1 11
908 26
0 4
2110 51
6 18
0 4
0 5
2 9
2325 57
1376 35
1 8
3 11
0 5
0 5
2663 68
2362 58
0 3
1 12
1322 34
6 8
27 32
2 13
0 1
0 1
5 11
5 15
0 3
0 11
0 9
0 31
6 8
0 15
1 9
2414 60
0 3
300 14
2 5
1 5
4 7
0 4
3 8
371 16
0 4
0 3
0 7
0 3
4 11
1566 39
1122 30
1477 37
12 17
264 12
19 41
0 4
0 8
0 10
0 4
0 3
14 12
1794 43
0 5
1 2
6 56
0 5
115 33
0 2
0 6
1 2
3 5
1 3
9 59
5 18
1 18
4 9
0 2
6 40
0 2
2 9
6 42
1930 46
2 6
1 3
2 9
17 29
1 6
2 6
1 6
0 4
1206 32
0 2
0 14
0 9
0 2
0 2
233 11
1 2
1863 45
1 2
1452 37
5 14
1 8
3 4
2 4
1 4
0 1
1 3
1 7
2804 74
11 31
0 2
3 26
3 38
0 2
1923 46
6 21
1 12
4 10
0 1
0 1
1 7
1 15
5 12
0 5
10 27
0 12
0 3
2 45
2645 68
5 10
322 14
0 3
2 16
0 5
0 16
2 7
2160 52
17 37
3098 90
2321 57
0 2
1 25
0 8
0 1
3 7
16 36
1 5
0 1
38 50
511 19
1 2
2 3
0 2
2 12
0 45
0 1
2992 83
1 38
3 16
59 14
14 23
0 1
2640 68
0 6
0 1
63 39
0 4
1966 47
16 22
1 4
12 35
2 8
1 8
0 2
0 4
2 12
3 5
6 10
0 7
11 22
13 22
5 22
1 3
3731 418
2 7
1118 30
12 13
3 30
5 13
1 18
0 1
1 3
0 9
0 2
2 56
1 12
2 36
16 38
3 16
0 2
3018 85
4 18
3 17
1 5
0 2
1 7
0 11
0 2
2717 70
54 18
4 7
8 19
0 6
2985 83
0 1
1642 40
5 13
0 5
0 13
1 11
2641 68
2 12
0 2
4 5
0 1
0 2
3 4
6 8
0 1
1 15
1712 42
1456 37
4 22
1 3
0 1
2 7
10 27
1 7
964 27
2061 49
3 13
2 17
0 1
2 3
1127 30
0 2
3132 92
1 2
0 19
1 6
1 6
0 4
1 3
1 4
1 17
2 4
33 121
635 21
0 6
1 13
6 27
2 5
2781 73
0 7
0 7
2627 67
3 5
6 14
0 3
60 26
0 3
3079 88
11 28
41 74
3 18
0 4
0 2
0 2
1764 43
449 17
3314 108
601 20
2043 49
0 3
7 13
1 3
445 17
4 10
1 3
2 7
2 7
1 2
0 2
0 2
15 49
2 8
3116 91
0 15
1 4
3 7
0 1
0 2
2 3
571 20
23 75
0 5
1 3
8 18
3 10
0 2
2 5
6 20
3401 118
0 4
0 8
44 51
3 11
4 22
1 3
4 27
2 6
0 3
1 9
3 7
2 4
2055 49
1 4
0 2
11 36
8 47
1 2
1 3
1 2
1 5
4 6
2 3
0 2
3 18
1 2
2 8
1763 43
2 4
2995 84
1350 35
0 3
0 1
2 17
1 3
1 21
9 31
1 3
2 6
3716 292
4 21
0 8
1 3
1 6
201 9
7 10
1 5
3 7
2 18
1 4
938 27
0 4
2 3
2 16
0 4
624 21
2 10
1 7
0 2
0 8
0 4
1 2
3 25
4 39
1131 30
4 20
1 7
1 4
1472 37
1752 42
1 5
0 11
1140 30
1 5
1 6
0 1
202 9
0 19
2 53
1 5
25 20
15 53
2 7
0 1
0 9
980 28
1247 33
5 11
5 19
0 4
3 7
0 1
1 3
5 16
1 12
3069 87
4 14
0 2
0 7
2914 80
1737 42
0 4
3 8
2 17
7 19
29 69
0 4
1 5
6 13
24 61
0 10
1573 39
438 17
1 3
2 10
3550 142
0 2
1 2
5 6
0 1
11 16
6 9
3 8
17 30
3 13
10 17
11 33
0 1
1 8
0 4
1 3
1 2
1 2
1 7
1 4
0 3
0 2
0 3
3 22
0 7
1 7
3 8
3 15
0 10
14 20
1 8
0 7
1 11
3 20
1 2
1 10
4 8
3 8
6 16
0 2
2 6
1 14
0 2
0 9
1 9
1643 40
957 27
1 7
819 25
628 21
1 4
2 23
1 20
1 4
8 18
2031 49
3 15
1 4
0 2
19 29
2363 58
1 8
0 27
0 21
1 3
203 9
3190 96
868 26
5 19
1 6
5 53
1 19
70 64
10 14
0 9
1 8
1306 34
1 18
1369 35
1467 37
3 8
1 2
3528 138
3 7
0 1
1 12
1 12
374 16
10 28
5 9
0 6
0 2
3 6
1130 30
0 16
1 5
1 6
1 19
0 6
1121 30
1 3
1 3
0 3
0 1
1 4
3 5
1 10
1 8
2 10
0 3
13 42
0 19
3688 214
1123 30
36 83
1 6
3 14
2715 70
0 1
14 23
13 35
5 20
1751 42
1 8
0 5
1 4
0 5
0 13
0 5
0 2
7 20
2 11
3 22
0 1
1 19
4 18
2 18
4 9
2 6
1 9
0 5
13 21
2015 48
0 10
2 10
2 5
4 10
1 3
0 7
2477 62
1 3
1 9
1 15
8 28
309 14
2 12
0 1
23 29
2 15
0 11
25 75
0 10
220 11
2575 65
3467 128
1 18
2 8
1 14
2125 51
9 35
808 25
699 22
1 5
1 4
2 6
6 22
1 3
2 37
7 25
2 7
1 8
26 83
4 28
2 10
2 5
2899 79
0 13
2369 58
1 2
2 30
8 20
5 16
4 11
9 19
1529 38
1 6
1 5
0 12
0 4
0 7
10 14
0 5
101 27
2315 57
762 24
19 31
2 7
4 7
2 7
19 50
0 1
1 7
1505 38
0 2
0 1
0 7
4 6
6 20
2 6
5 11
1 7
3222 99
0 3
0 3
1129 30
2137 52
1107 30
2013 48
0 3
1 15
5 4
0 5
1548 39
457 17
5 14
722 23
12 15
6 29
20 31
2172 53
494 18
0 1
0 5
2968 82
4 33
0 5
2982 83
5 48
744 23
1646 40
1372 35
9 31
4 15
2 3
8 7
5 19
56 10
0 6
0 12
1 7
1 10
0 3
0 10
3258 103
2364 58
5 46
3 4
1 11
2 32
58 41
2 27
19 36
2014 48
1 7
0 1
1 13
2846 76
1 2
509 18
1 3
0 10
0 6
105 30
0 2
1 15
7 18
2 7
2 6
2166 52
0 6
1 15
1 6
7 34
120 36
0 4
2 3
0 8
2238 54
0 1
2 4
2 5
15 36
4 10
35 40
2 7
3011 85
0 9
916 27
7 23
0 2
1 3
1 2
1 10
1 13
0 19
1 17
0 3
1779 43
881 26
79 70
3223 99
1847 44
658 22
0 4
0 3
3101 90
11 14
3476 130
0 1
2878 78
0 8
2425 60
0 5
0 1
2421 60
1272 33
0 2
1908 45
0 4
2 7
0 4
164 20
0 4
0 3
11 18
1 4
0 1
3 27
3 5
785 24
0 4
4 16
1459 37
740 23
2249 55
4 12
1881 45
1 5
4 12
3622 162
26 41
2794 74
0 7
4 9
3 6
0 5
1 41
1 7
0 2
3556 143
3651 175
0 4
0 3
3049 86
1803 43
0 2
1 2
2441 61
1 9
9 10
1380 35
3 5
2181 53
613 21
4 6
2 7
2 5
0 4
3334 111
1 15
0 10
0 5
2845 76
0 3
9 22
4 6
1 10
1 5
1516 38
0 2
0 7
1 24
2 4
11 23
0 5
3539 140
2 3
0 1
0 4
3 9
0 2
0 3
6 18
15 45
26 41
1 2
0 28
786 24
1 5
0 23
0 2
4 12
2267 56
0 2
7 28
5 16
1 3
8 14
2 6
1590 39
5 13
0 3
13 45
2668 69
3 6
21 91
0 27
7 30
0 1
4 12
1147 31
0 3
0 13
0 6
1 5
3 5
0 2
2 7
1 5
2 4
0 2
0 6
0 7
1 5
7 29
0 5
1486 37
9 21
1 3
6 12
1 10
8 24
0 2
3642 173
0 4
0 7
1 25
208 10
3 7
1 5
2 13
0 12
1 9
0 2
0 2
6 36
3500 133
3 12
0 4
2587 66
3138 92
5 24
0 7
3 12
1 6
0 6
8 38
0 1
0 3
541 19
1 13
0 9
2 13
1 5
1437 36
0 3
4 10
3593 153
743 23
2523 64
816 25
1 7
24 29
909 26
1 5
0 3
0 24
0 6
1 7
1 8
0 2
2 5
2573 65
1 3
0 2
0 1
0 6
1673 41
2205 53
3659 181
851 25
0 3
887 26
3482 131
0 2
1309 34
0 5
1 3
1 5
892 26
1 4
0 7
4 14
18 36
7 12
0 5
0 12
236 11
0 2
0 1
8 14
3 5
1871 45
0 2
0 3
1167 31
1 10
0 3
281 13
2 6
1 4
7 23
66 19
2 7
2376 59
1 3
2694 69
2 4
3 19
0 1
13 40
1249 33
51 40
8 25
2 8
4 27
2 5
2 6
4 15
0 4
94 20
4 9
1436 36
0 2
1 7
1 13
1 2
2 9
0 1
7 28
3489 132
4 35
2 4
1 11
2 38
1 3
4 30
0 2
0 11
17 21
10 10
2 12
0 4
1 16
1 3
9 25
12 26
1 7
3 6
3245 102
1 5
6 25
0 3
0 2
1 4
11 10
6 24
1 4
2178 53
3 10
1 8
1633 40
64 13
0 3
2018 48
3 14
0 3
5 18
1389 35
1 4
5 15
10 34
0 2
0 3
1 7
2 17
0 4
3 19
10 14
0 6
0 24
0 1
0 3
0 4
7 16
0 1
1 2
1 10
1 8
1 4
0 5
3 5
4 13
1 6
1 4
1 9
2 4
2 13
3021 85
1 5
536 19
0 1
2 10
189 7
14 36
1 5
1 6
1 8
3404 118
269 13
0 2
0 1
0 2
1941 46
4 18
0 3
5 9
0 3
3 18
0 4
3187 96
1 15
0 6
3 16
1232 32
0 3
0 1
0 18
4 9
1 13
3 48
1 2
0 2
4 12
5 22
1 3
0 1
1 13
2482 62
0 8
1 17
2 21
11 15
2 12
55 100
0 4
2 8
6 32
6 39
1 3
1 8
1 35
0 3
2 8
3 5
2 12
4 21
0 2
3 8
1 8
0 2
1 7
1 9
2 13
0 8
1 3
26 67
2116 51
1330 34
1 3
3 5
133 47
13 27
1231 32
2142 52
0 6
2745 72
1 4
526 19
2 7
0 2
46 48
0 12
0 2
1 6
1 5
0 1
0 1
1 5
756 24
1791 43
529 19
0 2
2123 51
4 15
0 8
2 3
0 3
5 9
1828 44
0 1
134 48
0 4
2260 55
0 2
0 2
0 6
0 7
1 8
0 3
2 5
0 4
3135 92
7 15
0 8
2 3
1 56
2987 83
2 4
0 1
7 26
3339 111
3 25
1146 31
1120 30
2 23
2 6
0 3
0 1
0 2
985 28
8 27
0 2
0 3
1 8
0 14
0 4
1 4
1113 30
1482 37
2 8
4 14
55 11
1 6
1 11
2511 63
3081 88
0 2
0 2
0 3
621 21
2618 67
1 7
0 4
2562 65
0 18
78 28
2 5
1 6
1 12
0 5
17 22
5 12
3 6
6 14
0 2
1 4
1 3
0 2
0 7
5 13
3 10
3 29
0 2
0 6
949 27
8 24
2 11
5 5
3 13
0 3
1 3
1 3
0 6
1 4
3504 134
0 6
1 4
3 7
2942 81
0 1
8 21
2835 75
0 4
3195 96
6 43
0 11
0 2
0 2
7 15
2595 66
1 12
3560 144
118 35
3 12
1 4
12 36
5 8
1 3
1 6
2 5
2 5
1 3
3123 91
0 5
0 7
0 2
2 16
0 4
2 12
348 15
0 1
1 17
1 7
3259 103
1 8
1 2
0 2
4 16
0 9
2 17
1 6
1139 30
0 6
0 1
0 7
6 17
983 28
0 2
2258 55
1 4
1 25
1119 30
0 2
0 3
1 4
1507 38
2 11
5 22
0 1
3126 91
40 64
0 19
9 53
0 5
2524 64
2851 76
13 20
0 3
2 19
0 3
282 13
1 27
0 1
0 5
5 10
1 13
1 5
1 5
2921 80
4 8
1 10
0 2
1 3
0 5
1201 32
0 3
41 26
11 20
4 26
0 5
0 3
1497 37
1873 45
1348 35
1 3
5 34
0 3
1 17
0 3
0 2
0 3
0 1
0 6
12 14
1 6
0 1
0 3
9 19
73 59
5 4
0 8
10 35
7 44
3033 85
2603 66
3 12
2 5
1761 43
2 5
179 108
3263 104
0 18
4 22
2 3
68 48
2882 78
0 2
0 5
0 4
1 6
3 9
0 1
1631 40
4 47
3 38
8 20
1680 41
3 28
3 5
30 46
19 61
8 47
7 20
1 3
0 7
2251 55
9 40
3395 117
11 21
5 30
0 12
2 16
0 8
2 6
0 5
2 4
1658 41
0 2
1 4
20 66
2257 55
1 5
17 36
2 30
0 9
26 80
1512 38
11 43
0 7
6 17
0 1
1 2
0 2
11 17
1 2
0 3
0 2
0 2
0 27
0 5
1 13
4 16
0 28
0 3
0 3
1852 44
1 15
0 3
15 79
1 3
0 9
0 2
4 28
0 19
1645 40
0 5
3281 105
2 7
824 25
0 1
0 1
4 9
1 12
0 3
5 15
0 21
1462 37
0 3
0 2
2 7
1 5
0 5
10 21
0 3
0 1
2 7
13 9
0 4
1 11
0 2
22 47
11 23
2076 50
1148 31
3 5
3194 96
4 16
2 5
3 7
21 71
2 30
1 5
2 8
480 18
3 19
1 10
211 10
2 3
3 9
25 70
0 5
0 2
2 9
4 23
3 6
1 3
1068 29
1772 43
1 5
26 38
0 1
8 21
1 4
2375 59
3634 169
0 3
5 52
2443 61
1 32
4 14
0 35
40 83
0 30
3 19
837 25
8 18
0 12
1 10
0 1
2 9
2 24
0 44
0 4
5 9
2 16
2327 57
5 7
1067 29
1805 43
2 3
2415 60
3 11
1 5
0 4
0 2
0 8
10 41
3103 90
0 11
0 3
10 55
7 17
0 28
7 19
25 32
0 12
1431 36
787 24
0 4
1 3
0 2
6 11
4 16
1 3
5 36
263 12
0 3
1 3
0 3
3 7
267 13
0 1
1 10
10 25
2876 78
3 46
2 29
1539 38
0 3
1 11
2194 53
0 16
0 3
0 2
4 10
0 4
1 3
2 7
9 59
7 25
1536 38
1705 42
0 1
0 4
0 3
3 8
0 1
0 18
2 8
3053 86
1 4
5 24
0 3
3511 135
0 9
66 51
1745 42
2 4
0 5
0 9
3 39
3676 197
8 23
6 42
1 8
1 10
7 7
12 29
0 5
24 31
5 19
0 6
0 4
0 2
8 21
36 43
0 1
2 11
1 2
2 32
3316 108
2592 66
1530 38
0 1
1 4
0 2
0 1
7 25
4 9
0 16
98 90
1 14
1 4
10 9
652 22
2652 68
812 25
0 5
1 4
1 4
3201 97
1678 41
9 12
1 16
0 2
0 2
2 10
0 1
38 52
1444 36
1 17
6 13
0 4
0 4
93 19
0 3
0 11
0 3
2309 57
1 3
1 2
2 4
259 12
1 2
6 14
0 4
2 11
1 4
2 26
1681 41
0 18
1 8
2 11
0 29
8 31
1585 39
0 2
0 6
632 21
23 51
0 2
3 6
0 3
1 2
0 3
1 29
2204 53
2800 74
2 7
0 2
1 2
0 8
9 25
1 5
1 3
7 18
7 14
71 56
3373 114
18 45
0 3
1 9
2320 57
2972 82
3672 194
0 3
3624 163
0 4
0 3
1 11
3 14
1410 36
6 38
5 16
2 3
1 12
3429 123
1 4
2 11
0 8
6 24
2 3
5 23
2759 72
10 26
3406 119
1701 42
0 3
1777 43
2019 48
0 10
0 2
1 5
8 40
0 4
0 2
7 11
2 31
2117 51
1 7
1 2
977 28
4 5
1 2
0 3
1 4
1 2
2 6
19 53
0 2
0 8
4 22
3031 85
0 4
2692 69
3 8
8 37
1 11
1 4
3 4
614 21
1 7
0 8
0 1
0 1
4 48
0 5
1 7
2 7
2 17
2 10
1 8
103 45
0 2
0 3
0 3
0 4
1039 29
1088 30
2589 66
12 41
387 16
0 19
1 10
151 73
2 9
3 15
1 32
2850 76
1 6
3711 270
1 7
0 3
0 3
0 2
6 19
14 66
393 16
0 2
2 3
2346 58
0 6
5 17
3527 138
2739 72
1 4
3 8
16 61
5 27
1327 34
3337 111
1 8
1 6
6 18
0 3
2 23
0 5
6 6
0 4
1 4
0 7
0 3
3189 96
834 25
1 17
39 54
3 18
0 1
2931 80
5 13
5 11
0 3
0 3
3252 103
1 46
22 80
1 3
2 5
4 13
3117 91
0 3
3580 149
1895 45
1 6
1608 40
1 4
1 8
1 4
1141 30
0 4
0 6
97 21
1 3
3671 194
7 11
1 4
0 8
3 5
3 10
1 4
0 5
0 26
1599 39
162 230
4 41
2 14
1 19
913 26
11 44
3 41
0 2
0 4
3166 94
1449 37
2 16
2810 74
0 9
31 49
18 29
0 16
3388 116
20 42
0 31
2340 57
895 26
4 12
3 53
2 12
3609 157
2 4
2 16
0 6
1735 42
1989 47
1019 28
2870 77
3 32
0 3
1 5
79 30
2678 69
2852 76
843 25
1 2
295 14
1 7
0 6
1 2
3331 110
45 40
0 7
5 60
0 5
16 10
548 19
1 2
17 48
8 48
467 18
16 66
0 7
19 29
0 3
1559 39
1 8
0 2
21 86
2 8
4 14
5 26
0 6
0 3
1576 39
0 10
3 17
0 1
2 7
0 2
1 14
1078 30
0 3
0 1
2653 68
0 8
209 10
3456 126
0 3
1870 45
3503 133
0 4
0 1
1 8
969 27
0 2
0 2
2894 79
4 13
0 2
2989 83
1 6
1 14
2029 49
10 48
1 4
17 40
4 9
0 7
1 12
1 6
0 10
2740 72
0 6
0 3
51 43
0 6
2128 51
0 5
0 17
0 2
3 4
0 4
3 11
1 10
0 12
1 4
3 16
84 40
1635 40
0 2
1857 44
3 10
3396 117
1967 47
4 12
2546 64
1 5
2452 61
0 4
3 10
9 17
3073 87
0 3
15 33
2 26
3243 101
1 9
0 1
0 3
5 22
2357 58
2724 71
178 80
20 45
2 5
1 4
1 15
0 8
1 7
0 1
0 3
0 8
5 25
2 27
1 3
3254 103
2 40
1 8
496 18
1 27
0 5
0 7
38 39
2 35
5 22
2 8
0 11
506 18
3502 133
18 48
0 12
2492 62
1 5
1172 31
1 17
3664 188
1252 33
1 2
7 27
0 4
2 5
3 11
2 9
0 1
35 74
0 3
0 3
0 1
0 1
0 10
0 11
2 10
3 20
0 17
2596 66
1 11
2 25
0 5
815 25
1 3
0 8
0 17
0 7
1 3
3722 330
17 36
1251 33
1187 31
6 14
2 11
2 3
0 1
0 4
3410 119
5 14
2 16
1 3
0 9
2 5
502 18
1 7
0 2
0 9
0 8
966 27
1 5
2 4
6 11
0 21
3 10
7 19
2 12
2 9
10 46
4 9
0 2
0 3
1 3
1 8
0 1
3538 140
5 12
1951 46
0 4
0 6
3 7
0 2
1 3
93 55
4 11
0 4
0 9
4 27
1780 43
0 14
1 7
2002 48
3 41
15 23
1552 39
1521 38
2 13
10 39
5 21
2 15
0 3
0 3
0 4
2072 50
3094 89
22 48
2 7
0 2
2 4
0 3
3 16
0 1
1022 28
0 2
3 7
0 2
1 3
986 28
3498 133
2141 52
0 2
13 24
1911 46
5 14
0 4
0 2
2149 52
231 11
0 11
0 1
0 2
0 9
0 1
412 16
5 11
2 27
1 3
0 5
1 14
2 4
0 1
1 7
0 2
1997 48
2230 54
0 1
0 4
3 6
0 2
0 1
0 1
0 7
1 4
0 2
4 14
1 17
2 14
5 15
547 19
0 3
1 5
0 2
2064 49
7 21
3437 123
0 10
0 8
7 32
0 4
1 9
0 2
0 4
1 4
3 8
1 6
2 13
3368 114
1 4
1684 41
3 26
2 21
1 7
0 27
1 15
1580 39
802 24
3 18
2155 52
0 3
1296 34
0 3
0 5
0 1
1 41
0 3
0 6
6 12
1 10
1 10
0 3
0 2
1 2
2 5
1932 46
0 3
2593 66
0 10
2 11
4 19
1 4
3 15
2826 75
1 8
2 18
2298 56
7 13
0 9
1035 29
0 5
3012 85
0 3
0 3
1 5
0 7
1 5
318 14
1845 44
2 5
22 40
1 4
1867 45
0 3
15 35
0 3
0 2
2705 70
28 72
0 7
1266 33
1 22
0 3
1571 39
1 48
7 19
1 3
1 8
7 20
0 1
14 35
0 3
2 5
0 3
1 7
1 2
0 6
1 4
1 4
1 3
1734 42
0 1
2 6
0 3
1 4
12 31
11 11
1 2
4 19
5 14
5 18
1 3
0 2
0 2
1821 44
1 6
0 6
0 5
0 21
5 51
0 7
2897 79
4 9
2 14
47 14
3309 108
0 1
2 5
2435 61
46 20
594 20
1 4
0 4
1 6
50 56
2 4
0 4
0 3
0 2
0 3
2 37
1157 31
0 1
5 9
0 2
1 7
5 9
1 3
0 5
3484 132
21 51
3 4
1 3
0 3
2 16
0 8
4 10
4 17
1214 32
2144 52
2240 54
0 3
1 7
14 52
3301 107
7 19
24 49
2060 49
7 12
0 6
35 64
860 25
0 12
6 9
581 20
0 2
0 5
0 6
0 3
1281 33
1 6
2 4
0 6
21 67
0 3
2 35
0 8
2 32
2 7
14 45
9 38
0 3
32 52
2864 77
1341 34
2 12
0 5
1 5
1 9
0 3
0 3
1 4
0 8
7 29
2 4
17 35
3616 161
0 19
1 2
0 6
1 6
0 4
0 3
0 6
3 7
6 22
2 41
1124 30
3326 109
12 45
1690 41
2223 54
15 49
57 8
7 9
6 12
0 1
1 7
3 7
6 11
23 39
4 9
0 12
661 22
1 5
0 4
1 2
1 5
1 8
1 5
0 3
0 22
238 11
1815 44
0 1
2 12
23 47
0 12
0 6
0 2
4 4
306 14
2 16
103 28
0 4
1 3
1687 41
16 45
0 1
2822 75
1 3
1 5
0 3
1 11
0 1
0 3
2767 73
963 27
2349 58
1 3
1695 41
1 3
5 18
1 5
2 25
2447 61
3 20
368 16
3 16
0 3
3562 144
2 4
0 4
0 2
22 29
1 2
0 2
16 53
0 9
9 22
1 3
1297 34
2 6
2763 72
0 12
0 7
9 14
1 8
12 30
39 52
0 2
2 10
37 52
2350 58
904 26
5 26
0 2
0 5
9 9
1 4
0 5
1460 37
1 4
0 4
2 11
6 12
1 4
0 11
0 3
2667 69
3287 106
534 19
7 13
4 9
4 8
1985 47
9 25
0 9
28 45
1 2
3600 155
0 3
2682 69
3683 212
1073 29
40 52
1 8
0 3
0 3
1740 42
12 23
0 4
592 20
0 5
0 7
3357 113
855 25
0 4
1 4
9 51
1487 37
11 14
0 2
10 19
518 19
610 21
1 6
0 5
10 33
0 2
0 3
2 6
0 27
3 15
0 1
1 4
1 2
0 9
171 47
586 20
1 9
2 12
2880 78
0 4
0 3
0 1
2373 59
1822 44
0 8
5 16
0 3
0 2
20 67
0 1
7 12
2280 56
0 1
4 5
0 2
2 17
7 18
3 14
0 4
0 11
0 3
1 9
5 20
0 9
0 4
0 2
0 2
1 6
3 13
6 30
109 32
0 4
0 4
0 2
8 61
7 21
0 2
0 4
1 10
0 5
4 34
2 8
1 5
3 5
1243 32
1889 45
2468 61
0 8
3 7
0 2
0 1
0 4
2 7
0 3
0 3
1 2
2 16
3566 146
3434 123
6 17
8 35
0 2
528 19
29 51
7 14
30 51
12 45
0 8
2 11
4 41
2212 54
2 4
5 51
0 11
0 2
4 6
0 5
2 47
0 3
532 19
13 17
53 51
0 2
0 1
12 34
0 6
3 4
0 1
3 22
0 2
4 9
1526 38
7 17
8 36
1020 28
3239 101
0 5
1531 38
0 1
3 14
3015 85
1 6
2 4
5 26
3077 88
2918 80
19 83
1 11
8 14
2 9
3 7
1 17
8 51
0 6
2 15
1 14
4 15
0 7
570 20
0 6
15 65
2 6
1 6
0 7
4 5
1155 31
4 11
1 4
10 9
2 7
1 5
4 15
2815 75
2660 68
2439 61
0 1
2910 80
2397 59
741 23
1 8
0 2
6 17
0 3
704 23
43 77
299 14
8 20
1860 44
0 2
41 85
0 3
2368 58
0 2
0 3
8 51
0 4
0 3
2827 75
0 2
0 4
0 5
10 16
1760 43
2 6
8 10
0 11
1 36
6 11
0 4
0 2
1 3
0 1
2863 77
0 2
30 68
13 74
25 47
5 29
4 22
880 26
1 4
2 4
17 37
828 25
2 9
0 1
3603 155
0 1
0 4
0 6
1 12
1 5
1 2
10 27
589 20
452 17
0 2
0 3
1 10
0 1
0 2
1 7
0 8
2515 63
0 2
4 14
3 10
0 3
5 13
380 16
0 3
0 3
14 24
0 5
1 34
657 22
0 5
7 14
65 16
0 1
1 9
8 19
1586 39
0 6
1538 38
0 2
4 9
15 69
1 46
0 1
1 2
1954 47
1 3
1 2
0 10
708 23
0 7
2236 54
4 7
604 21
1 3
1 14
181 48
2 5
0 2
2 3
0 3
2617 67
0 3
2 5
3349 112
0 7
0 1
15 75
0 3
8 20
1 22
0 5
6 19
1448 36
1762 43
1 7
0 1
1 3
4 26
2597 66
903 26
630 21
1924 46
1973 47
0 1
2996 84
0 38
1597 39
1150 31
2219 54
681 22
7 6
27 72
0 35
0 2
19 73
629 21
0 3
5 34
0 13
3052 86
161 175
0 11
83 13
20 41
1 3
1 14
0 2
454 17
2133 51
1 2
0 1
959 27
1 5
3 13
3 16
0 7
138 53
29 75
2 13
3 12
2 14
2 18
2087 50
0 4
1 4
0 10
800 24
1354 35
0 5
3493 132
4 8
13 21
1 6
4 13
0 3
1365 35
0 2
3472 129
2 7
0 5
9 32
3304 108
0 3
0 2
0 3
0 4
1561 39
1 2
0 5
2 9
2940 81
0 5
2 9
11 35
2276 56
1 6
0 25
0 4
2 4
0 4
3 29
0 3
0 2
0 5
7 21
453 17
0 4
0 2
2079 50
1 28
0 1
1 3
1 6
1 10
0 3
32 73
10 31
0 3
8 20
1 4
2501 63
13 10
3 12
8 21
1 3
2 6
1 5
2 9
3 18
1 24
0 1
2961 82
0 7
1 15
1574 39
2 7
1 4
522 19
0 2
1072 29
1 7
1 9
17 22
364 15
0 2
0 6
9 8
0 5
3 9
3696 222
9 19
6 10
0 2
1 5
3 12
0 1
5 4
2 12
10 47
1 6
5 38
14 15
2 7
0 3
35 34
0 1
3 6
1 3
1253 33
1 11
1 4
2399 59
0 1
41 66
0 3
649 22
3 8
2 18
0 1
1549 39
1 6
0 9
2 7
19 76
5 6
0 3
0 1
1 3
2816 75
0 3
3359 113
3 28
0 2
2 26
22 42
5 6
1 4
3 11
3 10
6 17
1 18
1 38
0 1
0 2
0 1
1 7
0 1
3 4
0 6
2 6
3 8
820 25
1808 43
477 18
0 2
1 2
1869 45
0 5
1922 46
3 18
1323 34
0 4
0 3
0 4
6 9
14 44
8 52
0 2
0 3
2062 49
0 4
1918 46
0 2
4 6
3 4
22 51
5 12
0 1
1 15
5 5
5 7
1 13
1905 45
1 3
0 3
0 7
0 5
1 6
0 1
6 12
2 11
2322 57
0 3
2430 61
3095 89
0 7
5 12
7 54
1037 29
0 3
106 30
12 40
2 4
11 22
0 5
8 19
0 2
1001 28
2270 56
3198 96
1 4
1 6
0 3
1471 37
0 2
0 2
11 45
2448 61
0 2
1 7
1656 41
3 7
0 3
22 77
4 23
0 2
0 6
1 10
3706 252
0 2
2 15
0 3
0 3
3 15
28 50
3217 99
3296 107
1 2
1964 47
0 5
2490 62
1884 45
8 32
3 5
2978 83
0 4
1 10
0 4
1053 29
1683 41
3 15
1 10
3635 169
0 1
6 22
0 3
0 9
1 2
911 26
2405 60
0 2
24 49
1570 39
2 6
6 19
0 1
0 1
16 29
2 3
6 16
0 1
0 1
0 3
0 6
0 13
0 3
1 7
0 3
2979 83
3685 213
3 20
1 11
3678 202
1 9
132 47
0 4
2 8
2154 52
1 3
6 9
0 4
1 12
1 3
9 44
2 16
1 8
11 57
5 11
804 24
2 14
0 1
0 4
4 12
2 7
2 8
0 1
1 7
0 4
0 4
1 2
3 25
1 3
0 3
0 3
1 7
0 6
1 7
3056 87
0 2
1 3
0 3
0 3
3276 105
2 6
0 5
5 17
0 2
0 2
0 3
1 4
3 15
5 10
0 2
1 12
3 14
30 76
30 69
0 4
1 9
3204 98
23 40
0 5
1 15
8 32
2 5
36 78
1 2
4 20
3 4
36 17
25 94
0 3
1 3
0 6
1 3
25 49
0 2
0 10
2 13
1 5
1 6
17 55
0 1
1 2
6 11
2945 81
0 2
0 7
1 8
3 9
5 49
1 4
512 19
1 34
0 3
0 1
4 20
0 3
3 11
0 11
1 10
1 15
1 9
4 24
1104 30
4 23
0 7
8 10
31 51
5 18
3 7
1 8
3558 144
0 2
1 4
2650 68
0 2
11 20
0 6
1856 44
1144 30
0 1
21 18
8 32
1766 43
0 3
11 19
0 12
0 4
0 9
1478 37
34 26
2215 54
7 24
2 14
2521 63
2 14
2542 64
2867 77
1 2
1045 29
0 10
1 6
1846 44
0 4
2 16
7 20
0 2
8 41
1793 43
5 20
1 4
10 28
4 32
0 3
0 3
0 6
4 29
643 21
7 22
18 30
1 7
6 6
0 1
1558 39
1 2
0 1
0 3
2 15
0 4
6 25
19 47
0 1
1 5
0 3
2 13
1 5
0 2
18 59
0 5
0 1
2563 65
2190 53
0 1
5 36
3 7
258 12
2 9
0 2
7 18
3 35
15 23
2 37
0 4
2 5
1479 37
33 32
10 27
99 22
0 2
0 7
0 1
2 7
0 2
43 47
1651 41
6 20
900 26
0 1
1630 40
3 9
3162 94
0 4
6 25
0 4
0 2
1 4
0 8
0 2
0 3
7 22
3 17
0 1
988 28
434 17
0 2
1 5
0 1
1704 42
2 8
0 7
76 43
0 1
2 22
934 27
2 9
0 6
739 23
1126 30
15 13
0 5
2 4
1 11
0 4
9 16
0 32
0 8
2811 74
4 29
0 2
1 40
2691 69
4 23
1 5
928 27
3 5
11 13
15 35
1 5
3038 86
5 11
2 8
941 27
0 5
1 9
0 3
0 1
2 19
3361 113
2 4
0 1
3471 129
1 7
23 31
2840 76
4 17
1292 33
3131 92
1304 34
0 3
0 5
1 12
0 2
0 15
9 41
0 2
1174 31
2 14
0 3
5 44
1492 37
683 22
3 11
0 1
1 2
0 3
0 3
0 2
1 3
2342 58
0 11
0 1
1 14
72 14
2584 66
9 29
1 6
25 67
2 10
14 51
1 4
0 9
1 2
2 34
17 53
3 17
0 2
0 6
27 69
0 3
0 31
1 10
0 1
0 4
2904 79
0 19
0 2
2681 69
0 11
1528 38
10 33
3 15
2242 55
0 3
3 29
5 25
2 4
0 2
2 18
1 3
0 1
1 5
3218 99
1 2
1 9
0 5
0 1
7 53
7 28
0 4
0 1
1 2
29 45
1721 42
2913 80
12 17
0 2
1 6
2 5
565 19
3 8
0 1
1 3
2 6
1154 31
2032 49
0 3
7 12
3034 85
2625 67
2 5
1741 42
0 1
2504 63
2 7
274 13
0 5
0 3
3623 162
0 2
0 14
0 4
0 1
2 11
3 15
1 9
2403 60
1 6
1 3
11 10
2708 70
8 28
0 4
10 17
1 5
1203 32
2 6
0 4
0 3
1 5
1 20
2 14
0 5
5 33
4 9
3522 137
198 9
1 9
0 5
8 24
0 7
10 25
7 17
0 3
0 2
0 3
0 14
3565 145
1 4
0 3
4 19
0 4
4 9
1 2
3495 133
2507 63
2 9
0 5
2 6
561 19
25 43
0 7
1 4
0 4
0 2
0 2
28 24
14 30
2 11
1758 43
7 29
2 7
32 50
3420 120
2 8
1 6
2 5
5 7
1 5
4 5
2620 67
1 3
0 1
1181 31
1 11
2379 59
0 1
5 17
0 2
0 22
2 13
2 25
0 2
27 52
0 7
12 30
2 5
0 2
0 27
0 2
0 4
3113 91
3350 112
11 36
5 25
0 7
0 8
0 2
0 10
0 5
19 33
0 3
742 23
0 6
4 33
1270 33
0 3
5 4
1 5
7 10
2299 56
3 13
5 15
4 9
7 59
0 8
6 12
3004 84
0 2
0 2
4 14
0 3
8 28
0 3
2 16
2534 64
8 24
0 7
0 4
2 7
1 23
0 1
3 14
1 6
3 9
0 5
1 19
0 3
1 7
2744 72
4 9
0 4
0 14
0 2
0 2
4 32
11 53
8 17
0 1
3 12
0 2
9 18
0 6
4 21
190 8
1 7
3 3
0 8
1 8
14 20
2217 54
1092 30
0 3
2892 79
0 2
0 10
2 8
0 2
5 37
2 12
4 6
5 23
0 12
27 42
0 4
5 28
11 21
1 5
391 16
0 2
1 3
0 2
0 2
1 13
3 5
0 1
0 9
0 8
82 30
21 80
3371 114
2 7
1 5
3006 84
1224 32
1455 37
9 35
0 5
7 25
0 3
487 18
0 5
968 27
2939 81
0 9
3470 129
1 3
0 6
0 6
55 12
3 32
1912 46
3065 87
6 9
0 2
1093 30
6 11
3212 98
0 2
9 46
1 6
1 2
1807 43
0 5
8 18
206 10
0 2
2 9
0 3
0 3
1 7
2 12
1 26
2554 65
23 61
3726 351
0 3
1 6
24 22
0 9
17 54
7 36
1 11
125 41
0 1
1 3
8 45
0 1
1160 31
0 5
42 68
2161 52
637 21
0 17
1629 40
0 2
0 1
8 12
0 6
1961 47
5 12
0 8
9 18
568 20
0 6
22 91
5 43
2 21
4 15
0 4
0 1
1 5
1 4
3425 122
1 2
595 20
2 6
1 9
12 17
0 17
0 3
0 5
9 36
3193 96
7 19
4 58
0 1
1702 42
2 8
0 2
1 23
1 3
2 12
0 4
1 5
0 2
2 6
1 2
0 2
1 3
265 12
4 17
0 8
2 3
0 9
6 20
15 50
0 3
1 2
5 13
2 12
1594 39
0 5
2684 69
6 85
1 5
1090 30
0 5
953 27
5 37
5 12
0 4
3 13
0 3
0 2
2 7
1 10
0 3
37 50
1 25
0 6
1 4
3719 323
3 18
0 26
2 13
0 1
0 9
2955 81
5 55
3039 86
0 5
0 1
1 4
0 9
0 12
0 2
10 16
18 51
1 3
4 13
8 26
0 1
2009 48
0 4
2991 83
0 2
3 21
9 16
4 11
2427 60
3521 137
1 5
2 8
1208 32
6 13
2 9
4 10
0 1
0 19
1649 41
1 38
2305 56
2 24
6 33
3692 219
7 24
3 9
0 4
0 2
0 4
0 3
0 4
0 1
1991 48
7 6
1 7
0 2
308 14
1 3
7 19
0 3
2 3
15 68
28 47
1 19
0 2
0 2
0 2
4 8
0 5
0 3
0 2
0 2
767 24
0 2
2402 60
4 12
9 44
482 18
0 1
16 31
1 3
4 11
2 5
2 4
1 2
2844 76
0 6
0 1
0 2
277 13
2192 53
3 14
0 3
1 4
1 3
0 3
1 35
7 22
2307 56
1 4
0 3
0 3
5 26
3186 96
14 34
5 48
2 12
14 54
0 2
1 12
538 19
15 48
7 10
3 12
0 1
2 15
3 16
0 16
1 9
1848 44
0 3
0 4
0 4
0 5
0 3
1 4
2 4
1 7
0 1
521 19
8 16
0 1
1 5
2 7
0 1
1937 46
0 3
0 2
5 14
37 32
0 3
0 2
1 8
1 4
3 17
3516 136
0 21
1 12
0 1
0 8
2465 61
0 6
1 3
0 5
2548 64
6 34
1 21
1977 47
1 9
13 43
0 4
1518 38
7 38
297 14
0 2
3693 219
1 10
12 37
1767 43
0 4
1 7
3 6
0 7
1 11
9 20
0 2
1 9
5 15
1 9
0 2
998 28
4 15
0 5
2 15
1 5
0 1
1 4
1 4
0 1
2 13
2 27
0 15
0 6
2980 83
2 2
0 12
122 38
1059 29
2 8
1 4
1188 31
1 6
15 30
0 2
3174 95
476 18
448 17
4 5
0 2
2601 66
219 10
1 5
0 2
0 2
0 3
2420 60
0 5
3 9
1360 35
0 25
4 19
0 4
37 13
0 8
1 3
5 30
0 2
14 22
3 9
2506 63
0 5
0 3
9 43
2030 49
7 37
1 6
7 12
16 64
0 2
0 3
23 42
4 13
10 59
5 18
3 5
1 3
1 5
15 30
0 5
4 15
4 9
2 31
0 2
0 3
3157 93
0 2
3 4
0 3
227 11
638 21
0 1
0 10
2 23
8 37
0 3
0 38
1435 36
5 45
6 21
1 6
0 3
10 18
1 38
4 17
1 13
5 11
0 3
2491 62
2404 60
3260 104
6 18
1 5
3 14
0 4
4 38
3284 106
2 20
3 15
1 7
44 23
0 11
1195 32
5 12
1 5
357 15
2 13
0 5
0 5
21 44
1 8
0 2
1 8
1682 41
2196 53
1739 42
0 11
0 1
0 13
2857 77
0 1
0 1
0 15
2 5
2636 68
5 19
19 23
0 3
1 6
303 14
384 16
3 49
3 12
2428 60
0 7
3729 383
0 1
3087 88
375 16
2 12
2 29
207 10
3 13
0 7
0 6
2152 52
1 5
0 9
1 5
0 5
3192 96
0 8
0 2
1433 36
1 43
1 5
1 10
1 13
0 6
4 9
0 3
2 5
1 4
1355 35
0 1
2463 61
3378 115
0 3
2 28
0 21
0 3
3255 103
0 4
0 3
0 1
12 35
1198 32
1 6
1 2
0 4
11 35
1461 37
0 2
1 7
0 3
0 8
0 9
0 2
6 35
0 6
0 23
8 18
3 6
0 3
4 36
8 25
1221 32
0 4
1194 32
1 5
0 3
3598 153
0 1
0 18
2 4
0 6
1825 44
0 3
3 27
0 8
4 19
10 26
0 3
0 2
1 6
0 5
3169 94
9 29
0 3
0 3
5 9
0 5
5 11
51 31
734 23
0 7
1 5
2 17
0 1
13 66
3730 387
0 3
0 4
0 3
38 27
0 1
3 4
0 1
0 4
142 54
23 41
13 23
2 4
2451 61
26 32
5 11
0 8
0 3
0 3
0 4
1485 37
0 4
4 25
0 3
0 21
42 74
10 34
0 1
0 29
0 2
3327 110
0 18
0 15
232 11
1152 31
3 8
314 14
1041 29
1 6
1 21
0 1
0 1
5 15
1 4
3 18
1 6
3444 124
1116 30
1 6
0 6
52 18
0 5
0 4
1664 41
271 13
1 5
1 5
0 2
0 6
2 16
0 2
0 1
0 3
0 6
1537 38
0 2
0 10
0 13
0 2
1567 39
1186 31
8 17
0 4
1769 43
1 3
2 3
1841 44
0 3
0 1
1885 45
1 11
0 1
0 4
1 12
1995 48
2949 81
0 9
0 2
0 2
0 2
3723 333
39 58
3 7
6 35
0 3
9 25
2 15
0 7
3 12
1 16
0 5
6 14
1 6
0 3
3 10
0 2
0 1
981 28
1 3
0 3
2442 61
30 52
2838 76
2 12
1 10
0 3
30 44
1415 36
0 3
0 12
1 6
0 8
2 20
0 7
0 2
6 15
2 17
0 7
0 20
0 1
0 2
0 6
12 23
0 2
679 22
958 27
1268 33
0 4
1 13
5 6
6 21
4 21
183 5
1050 29
0 2
0 4
1 6
16 23
0 2
0 5
2 4
753 24
0 6
3478 130
2081 50
2 6
4 14
0 3
0 1
0 1
0 5
7 25
2755 72
0 3
2038 49
2 4
3 20
0 3
716 23
10 20
3 17
3 12
17 23
0 3
0 4
1 21
4 9
6 19
0 6
1 13
0 1
0 4
1 38
703 23
2813 75
8 50
9 19
1 8
1 5
0 3
0 7
260 12
243 12
0 2
2 12
0 1
0 2
5 18
0 3
1271 33
0 4
0 2
0 8
2 41
3230 100
1 9
0 2
2 5
3 12
10 22
2 28
15 54
0 6
0 11
1 7
0 2
0 5
0 6
1 13
1773 43
3699 229
0 1
7 19
1250 33
6 23
585 20
1 9
0 2
0 4
850 25
8 29
701 23
63 13
0 4
0 5
2854 76
0 6
1245 32
1 6
1 15
2388 59
20 21
0 2
8 63
0 7
0 5
0 11
2 4
0 30
0 1
218 10
1 9
3 20
2 6
1 3
1736 42
0 3
0 1
3379 115
973 28
0 1
654 22
0 4
10 18
685 22
2 15
616 21
3 11
0 21
1 5
2345 58
3 5
605 21
2467 61
1 9
0 8
0 15
0 7
0 6
0 4
0 2
0 5
2812 75
0 3
3 47
0 5
3 13
1613 40
0 7
1 2
3 10
2 6
0 1
10 35
879 26
1 14
20 32
588 20
1 15
5 7
10 18
1400 36
0 2
1 6
3445 124
0 2
1 5
2580 66
21 31
2343 58
1 3
3554 143
0 3
0 11
1 7
0 10
0 5
0 5
0 2
0 1
0 2
0 6
11 26
0 12
3155 93
9 28
0 2
0 1
0 3
19 66
1 6
1 5
2 36
0 5
0 2
3066 87
13 48
2434 61
0 13
0 9
0 21
2614 67
0 2
0 2
0 1
1371 35
0 16
940 27
4 38
2380 59
1588 39
1 17
0 10
2558 65
0 2
1211 32
0 1
0 3
2 10
0 5
1617 40
1562 39
5 25
0 4
1 3
2291 56
0 1
0 11
0 1
2 26
15 48
13 22
0 3
0 1
18 14
0 2
2 5
1 26
70 21
465 18
1 3
0 4
15 74
0 1
0 30
2035 49
6 35
1 5
1 3
11 22
4 29
0 4
2605 66
0 3
1789 43
0 2
11 39
5 10
0 2
3 20
8 15
1 10
0 5
28 80
2 5
0 4
2837 76
1508 38
0 1
1748 42
1112 30
425 17
0 3
926 27
2700 70
3 7
0 5
0 2
3 5
8 33
0 2
2881 78
1 11
848 25
8 23
1049 29
1056 29
3462 127
0 5
0 6
26 39
1 28
0 2
0 1
66 27
0 1
16 22
1 8
1824 44
26 71
0 5
0 3
0 5
2736 71
2 20
3290 106
2 15
0 2
0 3
923 27
0 3
2228 54
1 7
1 18
3 7
1 2
1 8
246 12
2 16
3 7
1 6
1 2
1 6
3 17
408 16
520 19
1 7
0 4
4 14
0 4
4 19
1 2
0 2
0 2
0 4
1 6
0 4
1 26
523 19
9 11
0 4
930 27
3 12
5 21
0 2
692 22
29 77
4 48
1390 35
3061 87
2 7
0 3
2 31
0 3
2 10
2132 51
0 1
2 19
1 4
0 31
0 6
0 2
3673 195
3510 135
2214 54
1370 35
1 21
2654 68
0 1
4 17
1 9
2071 50
0 5
0 3
2 6
3 21
0 3
17 52
0 1
12 51
1 8
2 26
8 11
1 13
21 37
0 6
0 20
7 13
0 2
0 3
0 2
1 4
0 2
0 7
2221 54
0 1
0 2
0 1
347 15
3 7
0 1
1240 32
2 11
0 1
6 10
0 5
1018 28
40 93
5 7
0 1
0 1
3 12
0 1
2 7
12 21
0 1
0 2
0 2
0 5
0 3
1 6
15 31
13 28
1 2
0 2
1 6
3490 132
2 4
2 8
0 2
2 6
1 5
4 11
2 3
1 6
4 7
3 8
0 4
12 16
11 21
0 2
1 2
3 15
3 22
2 4
0 1
32 38
7 18
19 32
0 1
2830 75
0 2
1700 42
1 10
0 5
1 5
578 20
1 14
0 4
3 11
0 12
0 3
0 3
1 4
2008 48
0 16
1648 41
6 19
0 3
0 2
1 10
2 7
0 1
1430 36
2 13
17 7
0 5
1 6
2255 55
90 17
1715 42
0 2
1 20
4 18
2 5
1 5
3060 87
5 12
5 13
4 4
1814 44
560 19
0 8
0 4
0 6
1511 38
3 29
2 9
555 19
3 12
0 6
0 5
5 22
1 9
2 4
1827 44
42 70
3 22
0 8
13 29
1 10
1 5
1254 33
9 18
0 9
7 18
2473 62
28 48
1 3
1005 28
0 4
1 9
0 26
0 18
0 3
0 11
0 9
0 3
0 4
2570 65
14 28
6 17
0 8
9 42
0 7
4 18
398 16
2 8
4 21
3 10
3007 84
3 17
0 5
13 30
18 24
0 4
2 8
8 29
3 28
3253 103
2285 56
0 1
2 13
0 17
3111 91
3 13
9 48
2 5
2 12
3 45
10 28
4 8
0 2
7 20
1 2
0 4
3003 84
3 4
2 13
2 6
0 4
0 4
1 6
5 28
2 11
0 6
1 7
0 2
471 18
6 21
0 11
5 22
1 11
0 16
1 7
3 11
2 7
1 9
2057 49
530 19
9 18
0 4
0 3
2956 82
1191 32
1809 43
1 10
1 17
2 8
0 1
1 4
0 14
2 46
0 4
2 5
0 7
0 3
0 3
3 29
1258 33
1686 41
0 12
0 4
3418 120
0 5
1069 29
0 13
0 5
3428 122
3432 123
0 6
4 13
1429 36
1 24
0 15
12 22
1962 47
1 5
0 4
7 27
0 2
0 1
2135 52
1992 48
95 20
1 7
3153 93
1 8
0 3
6 19
8 62
1 4
0 2
0 3
42 17
3582 149
3 16
11 12
3231 100
0 41
1 8
6 10
2 55
1819 44
33 81
1 7
3421 120
0 4
2211 54
0 1
0 2
6 18
5 31
8 27
4 11
2 14
0 5
0 1
2 13
1 8
4 11
1 9
0 3
0 3
0 13
0 10
10 10
0 5
13 11
0 8
668 22
2059 49
2 5
2665 69
1544 39
6 14
0 6
0 4
2 14
0 1
0 1
0 5
12 35
394 16
0 4
0 2
1 2
0 1
7 23
2953 81
3264 104
2 45
1915 46
943 27
0 1
5 15
4 7
770 24
2 10
13 27
0 1
54 77
2 12
7 14
3152 93
1 8
19 38
0 3
0 8
0 2
0 6
3 14
918 27
6 7
1 4
340 15
440 17
2209 54
39 50
0 17
18 66
0 3
3480 130
4 7
2 8
2 8
6 20
98 22
106 105
24 85
4 9
3 10
1 4
0 17
0 8
1674 41
9 30
3 12
5 11
1 9
2723 71
2456 61
0 6
413 16
4 29
3 8
0 4
1048 29
0 4
1906 45
2 3
2886 79
3 13
2 11
0 11
0 4
0 5
1 4
0 4
577 20
0 27
0 5
0 3
2753 72
3180 95
0 20
0 9
0 2
3587 151
3 10
3 9
5 16
2 18
999 28
3 9
0 8
2993 83
1 4
0 2
1 3
0 2
1 9
7 9
0 3
6 30
2143 52
1 3
0 1
11 11
0 9
0 6
1 3
1668 41
0 3
18 46
0 4
3 31
4 16
0 10
2 19
0 2
0 1
1696 42
1406 36
273 13
0 3
0 7
0 3
5 6
0 5
0 1
21 63
3536 139
0 1
1 41
0 9
1308 34
0 11
0 6
0 2
0 4
0 1
2 22
32 85
5 37
4 38
0 2
2 5
3 16
185 6
2 21
1 4
13 40
1 4
1598 39
1 11
10 22
22 40
3570 147
0 1
2220 54
0 2
2 20
0 10
2 21
34 42
0 2
0 17
3 11
0 1
0 9
2938 81
1040 29
0 4
3541 141
1 9
1162 31
0 6
2 4
8 17
13 36
0 14
0 8
0 1
1513 38
7 20
1968 47
21 48
1 5
0 4
1800 43
0 1
0 8
6 19
2696 70
0 34
0 4
2370 58
0 10
4 15
0 2
0 6
3551 142
0 2
0 6
3 18
5 24
0 1
0 1
5 39
0 1
1 6
3 7
7 28
4 11
2 9
712 23
0 1
0 3
0 2
1085 30
0 2
3 12
4 14
1 22
2598 66
1 7
4 27
0 5
2 14
1 7
2 17
0 35
0 6
3 11
1 10
0 2
0 6
1 9
606 21
2 7
5 22
6 15
0 2
10 19
0 11
1 4
1 5
5 18
2 4
0 3
0 5
3 5
0 3
0 5
3508 134
0 11
0 3
32 56
0 8
0 10
2 12
0 1
6 15
0 16
12 8
0 16
0 7
6 24
503 18
0 4
0 3
6 14
0 2
2612 67
0 2
3 12
0 1
0 3
0 2
0 10
0 1
8 40
1 11
23 71
2488 62
4 24
7 27
1137 30
0 3
1 55
0 5
0 6
0 6
0 4
12 34
1 25
45 70
0 2
1670 41
1 22
0 1
1 7
3 7
1 3
14 41
1 26
3 28
0 2
1 27
2 12
0 2
2 13
0 5
1259 33
3 6
3358 113
2 9
0 5
6 55
20 105
3278 105
0 9
3 7
1 17
993 28
2 10
0 6
1 3
1 10
12 24
0 3
1 8
0 3
4 14
5 17
0 1
16 76
5 38
1 3
1 2
0 3
1 2
1481 37
0 6
0 4
6 5
1891 45
1 9
5 7
0 2
2 9
0 7
3 21
12 23
0 18
11 26
1 7
0 3
7 10
0 1
2 29
2853 76
2951 81
0 3
0 8
2997 84
1 3
1 27
3293 107
1 13
2 18
149 70
2 6
3 21
0 2
0 1
0 4
5 20
1 2
229 11
2 13
1 11
1 18
1 15
0 3
3 36
0 3
3667 192
9 36
8 49
3 8
0 3
660 22
1 12
4 31
1 4
0 1
0 2
0 3
2 6
0 3
0 2
1404 36
426 17
0 8
0 4
1 7
8 35
1 21
3 27
11 39
4 9
1 7
8 25
365 16
1 6
0 3
0 1
641 21
1 3
2 3
0 1
0 3
0 3
2 6
2 3
1 5
4 21
912 26
0 4
0 3
0 8
0 2
4 4
1 16
0 3
0 2
2 9
0 1
302 14
3 6
2 4
0 2
3199 97
0 15
3 24
2153 52
0 4
1 8
1 17
1675 41
1 8
0 4
1 4
38 58
1 37
1 6
2480 62
0 4
0 2
2 17
2 12
1357 35
1 5
0 3
0 3
3 18
0 4
0 3
1 11
0 5
0 5
0 7
2293 56
2658 68
0 4
0 2
390 16
0 2
0 10
3422 121
0 5
1016 28
0 3
14 23
7 23
193 8
0 1
86 14
2 9
268 13
0 6
2869 77
0 4
8 28
0 3
1759 43
0 2
0 4
2 10
1 7
3 27
1 11
0 1
2 12
0 7
3 12
0 5
2704 70
0 9
0 3
0 5
0 2
2272 56
1 4
2210 54
0 1
3172 95
0 3
1 4
33 20
17 25
3453 125
1278 33
6 39
1 2
24 47
287 13
10 12
1 4
1 12
0 2
0 2
3 4
1 3
0 2
3257 103
8 22
1 2
0 1
1838 44
0 2
2775 73
976 28
5 14
2 6
3 35
14 22
2 23
797 24
17 69
0 2
0 6
3390 117
1604 40
69 20
0 1
0 1
0 2
0 4
3 14
1 8
0 2
2 11
0 3
0 4
8 8
1 16
0 4
0 16
3 14
12 21
44 105
3310 108
1 5
0 13
1 2
6 16
2247 55
13 23
24 69
9 24
9 42
68 53
0 5
33 78
294 14
15 43
0 6
52 36
158 97
0 1
6 53
0 11
18 73
4 10
5 16
1945 46
64 42
1110 30
1 6
0 4
21 21
0 6
0 2
19 48
3 20
2 8
1 4
0 6
0 2
2245 55
0 23
0 3
0 3
4 18
4 12
0 5
2 3
0 2
0 1
79 19
10 22
6 17
2011 48
1 8
2647 68
0 3
0 8
0 12
0 3
0 15
3 34
1691 41
0 6
0 2
1 9
0 1
0 2
0 1
0 2
3057 87
0 2
1 7
0 3
27 46
0 2
0 3
18 76
0 2
5 10
0 2
0 2
1 7
2911 80
0 3
0 4
0 3
0 3
13 51
0 3
2 12
27 12
3 13
2 17
0 6
1 10
337 15
5 14
4 13
3133 92
0 8
2 3
0 4
1 16
1 2
0 4
1 13
1 5
2 4
0 17
3 16
0 3
1 9
0 4
1 3
0 2
0 5
0 4
19 60
0 5
2 3
3 6
0 9
1 5
0 16
2877 78
0 11
5 34
2 8
0 5
0 8
0 4
0 2
0 8
0 8
0 6
0 3
1 26
0 21
0 1
1100 30
2 13
0 2
663 22
1311 34
3 5
4 24
4 6
22 48
0 4
26 47
0 11
3 17
0 2
1 7
3 7
1265 33
0 3
4 22
2905 79
1 5
2 19
3041 86
1024 29
0 1
2331 57
473 18
0 2
2 9
0 6
1228 32
3621 162
3414 120
0 1
1339 34
0 1
2 5
3 12
0 3
0 4
1 4
2 8
0 3
25 39
0 1
16 23
0 6
9 25
0 18
3577 149
4 7
2866 77
21 66
0 7
7 16
0 1
3030 85
2289 56
0 4
2 5
1572 39
0 18
2 5
0 6
71 104
0 3
49 22
2188 53
0 6
2964 82
0 2
2 22
7 20
0 1
0 1
0 13
1003 28
1587 39
2003 48
2109 51
0 3
0 2
2222 54
1403 36
5 12
6 23
3362 113
2 7
3 17
3232 100
0 5
2 5
12 22
0 1
16 28
4 12
0 38
9 10
0 3
0 3
4 25
3 10
0 3
28 61
1868 45
2 30
2 5
0 5
2 27
0 18
0 2
1223 32
6 30
10 18
0 9
0 5
0 5
16 17
0 13
9 27
0 3
2179 53
2 3
3035 86
12 65
0 1
10 42
10 31
714 23
6 33
2 10
1 15
0 3
3 26
2121 51
3596 153
216 10
0 15
0 5
0 1
650 22
1 3
698 22
2616 67
3 8
1 4
0 7
372 16
0 33
0 1
1209 32
1982 47
1 16
1 12
1307 34
4 19
6 20
3059 87
0 4
0 4
4 5
0 5
3 15
10 51
1 3
917 27
1489 37
1 5
1 4
0 6
1 18
5 11
0 12
1193 32
2292 56
0 1
0 4
3 5
1876 45
2965 82
2130 51
0 3
2 6
4 20
0 2
2359 58
0 7
8 22
13 24
2 28
3 8
0 4
3369 114
2384 59
1 2
1579 39
0 2
5 11
1178 31
1 17
0 2
1 4
2 35
1 3
1 5
3661 185
1719 42
0 2
1 8
5 17
1502 37
0 10
0 4
0 4
4 11
1 9
0 10
537 19
2711 70
15 22
1 16
5 12
0 19
745 23
0 5
2 22
0 3
6 30
3705 252
5 24
2400 60
1970 47
1 42
2970 82
5 9
3 18
2 12
0 1
1 9
0 3
0 2
7 10
0 5
0 6
2879 78
1 7
0 4
1 11
0 6
4 12
0 1
1 7
0 4
1 4
12 30
9 16
307 14
3318 109
0 4
1859 44
1 4
0 6
0 2
775 24
0 35
30 77
1283 33
0 4
5 7
5 9
1 6
0 3
1 6
5 42
0 2
0 1
0 2
0 3
2 8
1 16
0 6
0 12
5 14
0 5
0 3
0 1
4 12
70 56
0 11
1833 44
7 26
1 10
0 4
346 15
0 2
2718 71
81 30
0 5
6 15
3 8
2549 64
1 5
2607 66
1 10
0 1
1 6
1 3
2 4
0 16
0 2
0 3
0 3
0 1
3 31
4 19
0 2
1 6
25 31
22 31
0 4
7 22
5 12
2 5
0 4
2023 48
0 6
0 3
491 18
4 15
9 39
1614 40
5 15
2 10
0 3
0 2
4 25
0 6
730 23
3 8
2 4
0 2
0 7
0 3
3104 90
0 3
0 3
2 4
235 11
3076 88
3 10
443 17
0 10
0 3
1 6
3 9
2107 51
1623 40
2 13
470 18
0 4
0 3
896 26
6 17
2513 63
4 10
0 5
6 19
0 3
0 5
2 4
1 31
2 46
3143 93
48 62
0 1
3321 109
1 8
0 11
0 27
0 3
2920 80
1149 31
1 33
7 34
1027 29
2 15
0 22
6 38
9 18
0 6
15 10
0 4
0 3
2 29
0 46
0 1
1156 31
3 8
9 13
1 7
1 5
0 2
0 1
0 2
69 55
0 5
0 4
0 10
0 1
0 6
7 14
2 12
1 4
0 2
1988 47
0 5
0 3
0 4
2 8
8 19
0 2
9 22
0 12
1 2
4 14
0 22
1910 45
0 5
3 12
0 3
0 3
2395 59
0 15
3082 88
2536 64
3614 159
1 5
14 25
0 2
0 18
1 5
1694 41
2120 51
317 14
0 3
2 9
0 23
3459 127
2263 55
32 126
1 6
0 3
0 5
2 4
0 2
0 2
0 1
5 12
405 16
0 5
1 7
5 7
0 3
1 5
0 2
7 31
5 12
225 11
1 4
0 1
0 3
9 44
0 2
5 22
0 6
0 13
0 5
1 6
2 28
0 2
16 74
17 74
1 22
1 3
0 3
3407 119
1 15
2 8
1652 41
12 34
3 19
0 1
0 3
1 3
3 18
0 2
1 6
0 2
381 16
0 10
3 7
1 6
1 18
4 13
10 16
2624 67
0 4
3 13
0 10
0 6
2444 61
0 3
0 1
0 13
7 51
1 7
4 26
0 2
1 3
8 42
3 11
0 7
0 3
5 10
0 3
1 3
2075 50
0 6
0 1
2 10
2 14
0 4
3 3
0 2
1007 28
0 8
0 3
1347 35
2 6
0 1
2529 64
1161 31
0 3
0 3
1440 36
2 11
1639 40
1677 41
4 9
0 1
2483 62
1392 35
0 17
0 11
1 8
4 20
0 2
0 8
2 16
1 20
0 6
3173 95
4 36
2 7
0 1
2632 67
1 4
1731 42
0 3
1 15
16 34
707 23
2 12
0 6
7 24
0 7
1555 39
0 1
0 10
0 1
0 3
1 15
0 3
5 47
1 20
0 1
0 5
0 1
2585 66
5 31
3 7
0 10
2508 63
13 45
0 1
0 3
0 4
0 2
1698 42
3 20
2 7
0 23
1 22
2185 53
6 25
0 12
5 16
1 7
0 2
0 2
0 3
0 2
5 14
0 2
8 17
2649 68
1666 41
0 3
5 15
199 9
6 20
241 12
0 2
1382 35
525 19
4 7
1302 34
566 20
5 25
859 25
2 23
0 3
1 3
514 19
2582 66
0 2
5 31
0 3
0 2
0 6
0 1
15 44
0 6
1 4
0 4
3181 95
0 4
0 3
1909 45
0 53
0 7
0 2
11 51
1 6
1 4
10 37
18 53
2538 64
0 1
0 1
13 52
11 51
8 10
36 18
3 5
1983 47
7 58
0 3
1 11
6 16
0 4
0 3
9 22
10 40
9 15
0 3
0 2
0 8
1 4
0 22
21 45
0 1
1971 47
0 2
4 5
4 14
6 16
2 10
0 15
0 5
0 5
10 15
0 3
3540 140
2 17
1 18
19 22
0 3
4 7
0 2
0 4
4 30
0 3
0 3
9 32
0 1
1 29
0 2
0 6
1 4
0 5
6 33
6 45
0 3
1066 29
0 3
1473 37
0 7
6 17
0 6
0 1
2522 63
0 5
0 1
0 1
0 2
0 1
2898 79
0 4
0 5
0 4
2 9
2 18
0 25
2 16
2 6
1500 37
1 10
4 15
2 45
2392 59
2 3
0 2
2 4
1 2
0 5
807 25
631 21
0 2
0 1
0 3
0 3
1 7
0 3
2433 61
5 19
2 14
3465 128
0 23
0 4
3022 85
3 17
1002 28
1 12
2028 49
9 40
102 28
5 11
0 1
2664 68
2 4
0 2
0 3
0 3
1 2
0 3
2472 62
672 22
1 4
1 13
0 5
0 8
7 16
0 3
1446 36
0 1
0 4
9 21
0 2
0 2
0 2
1 5
0 3
1 6
1 4
17 50
0 4
153 80
0 3
642 21
0 6
4 12
377 16
0 52
0 2
0 5
0 5
0 11
0 1
2676 69
0 2
12 47
0 2
5 16
1 3
21 49
10 46
1 6
2 6
3 22
6 13
11 21
0 2
42 27
0 1
0 4
1 8
2 4
0 3
0 5
1 5
0 6
0 3
0 3
0 2
790 24
0 39
34 49
1 13
2 5
2 10
0 11
0 18
0 2
0 1
0 6
0 14
0 2
13 26
0 2
1904 45
0 4
6 29
0 4
0 3
0 2
0 8
1 3
1 2
0 6
1 28
0 11
7 16
7 13
0 1
0 10
1441 36
3 15
170 30
1 4
2 10
3 11
3 5
0 1
1210 32
2126 51
0 3
0 1
2743 72
0 3
0 6
0 5
0 5
14 23
4 13
0 2
0 10
1 10
9 9
0 5
1 19
847 25
8 40
0 13
0 3
0 2
407 16
1 3
0 1
0 20
0 4
1650 41
1 7
3640 172
2808 74
3 32
2 26
1 5
0 1
3 17
3119 91
1874 45
0 1
0 35
2925 80
1314 34
2 6
0 1
3509 134
1913 46
174 58
3725 350
1 18
74 60
2748 72
2824 75
3515 136
4 24
376 16
2771 73
2888 79
3629 166
3684 213
1 3
141 54
1171 31
2 18
1 52
0 1
3 25
0 1
3588 151
2 31
6 57
2600 66
10 23
1267 33
0 3
0 3
1 3
0 6
0 8
0 4
11 45
22 40
3 9
2 38
31 81
4 7
0 9
2 5
0 2
3 8
5 19
0 3
0 2
27 79
0 2
0 2
0 1
1 6
0 1
12 61
1 28
1540 38
7 25
14 31
0 3
0 13
3466 128
8 20
2485 62
1 9
3 7
2170 53
11 32
0 5
0 9
2 8
1 5
3 10
1926 46
1 12
0 4
612 21
9 14
2 15
0 1
3109 91
56 100
4 6
0 1
321 14
0 4
2 19
0 5
0 2
3045 86
1 20
0 2
2576 65
0 1
2 15
0 1
0 3
27 44
5 6
0 6
1 9
2 27
0 11
0 5
2526 64
736 23
0 14
0 1
18 50
1 13
0 11
4 10
3 10
0 4
13 47
0 2
0 3
0 6
1 3
1 6
0 1
2077 50
3543 141
13 30
0 1
0 3
14 44
4 27
0 2
0 6
1 5
0 5
0 5
0 2
1 9
2449 61
0 3
18 36
0 1
1334 34
0 1
62 11
0 6
0 2
3 4
0 3
1 10
0 5
4 19
5 8
2 3
0 2
680 22
2518 63
0 18
1 29
1 20
0 4
0 1
0 2
0 7
1 5
1180 31
2 5
0 2
0 5
0 4
6 25
852 25
4 9
3 30
1 4
0 4
6 12
0 4
5 18
0 6
0 2
2167 52
3141 92
34 50
2 10
6 46
369 16
0 1
3 11
6 31
0 18
0 2
2922 80
0 1
0 9
3319 109
0 2
127 42
17 32
1 3
8 35
6 12
3 9
0 1
0 19
0 5
32 50
3 9
0 2
126 42
3355 112
0 15
0 4
23 68
2 32
1 16
1 3
0 2
0 5
0 16
0 4
5 9
0 5
817 25
23 41
8 16
1 16
1963 47
1057 29
1013 28
3305 108
0 3
0 1
2 57
13 28
1796 43
291 14
1036 29
3 14
433 17
2 5
1 10
1 4
0 2
17 55
0 6
2 4
726 23
0 28
2411 60
2900 79
0 7
0 3
0 14
1408 36
1 12
0 23
3 8
2484 62
1810 44
0 4
1 4
7 40
1 12
0 7
26 46
1 9
0 12
3150 93
1329 34
2 17
3000 84
3 13
1063 29
0 6
544 19
370 16
0 3
5 20
1 23
0 7
1 4
1 45
6 29
1420 36
1 24
795 24
0 2
75 39
1610 40
0 8
0 9
0 14
355 15
0 10
1582 39
2530 64
111 33
686 22
1 16
0 2
0 1
0 2
2316 57
861 25
3058 87
0 5
0 3
8 16
3265 104
0 3
2947 81
0 2
0 1
3001 84
1 3
1 8
2333 57
396 16
3494 132
0 6
4 12
0 6
2083 50
0 3
1 3
1062 29
0 7
388 16
1 7
0 2
21 49
4 24
19 51
724 23
1 13
4 7
6 27
0 10
290 14
0 4
3182 95
3 9
805 24
0 11
1 3
10 17
2 8
619 21
1 5
0 6
0 4
2 5
0 6
1 6
1450 37
1428 36
1939 46
0 2
0 2
3548 142
0 5
0 1
5 20
3 20
3 8
0 6
10 29
0 1
0 4
1 5
7 9
0 7
0 5
0 3
1 3
0 1
18 37
0 18
2 10
1 14
0 6
0 3
4 10
0 3
1260 33
9 22
1 7
1 6
4 12
3251 102
10 45
735 23
1401 36
0 5
4 12
0 14
3674 196
858 25
2254 55
0 2
4 22
1 13
2328 57
3 32
2 5
1 11
1 3
2874 78
69 53
0 4
3 7
0 2
1 7
0 12
1503 37
82 12
759 24
3393 117
0 3
0 10
1 8
1 11
8 51
1 9
2277 56
1 7
6 16
421 17
2 30
1 4
17 26
3 6
7 19
1 4
0 3
0 7
0 2
0 4
0 3
2 9
0 2
0 12
3 13
2 30
2 28
6 14
0 1
2787 74
0 8
1076 29
2780 73
4 32
1321 34
2 11
0 4
1285 33
0 5
0 22
1980 47
0 10
0 3
2 28
1 2
3097 90
0 2
6 19
0 4
1 4
0 8
3 22
0 4
5 32
0 4
1 8
2111 51
1 10
1 4
0 2
2 10
2 9
49 51
0 28
1 4
13 41
1 4
3656 178
6 17
0 8
3 7
1 3
4 9
18 47
1 3
3 19
2 16
0 1
1375 35
0 18
0 10
0 2
0 2
0 5
13 13
0 3
0 1
0 2
0 2
2778 73
0 24
0 1
3184 95
1480 37
1 6
1595 39
0 3
0 1
1466 37
3 27
1 15
0 3
0 4
0 6
0 7
3585 150
3 9
0 3
0 3
0 6
0 8
5 31
1475 37
0 2
2 4
0 3
1817 44
0 5
14 35
0 4
1 4
0 32
2699 70
0 2
0 3
7 31
0 2
12 9
2 8
0 3
0 2
2 19
0 20
2 5
1 4
0 6
1313 34
14 31
2 13
0 1
0 2
0 12
0 7
0 8
1 4
0 2
1 6
0 6
2496 62
19 53
1407 36
0 3
0 1
0 1
0 14
0 6
691 22
0 9
0 6
3589 152
10 45
1 14
8 19
0 6
40 54
5 14
0 1
2 16
0 2
200 9
3317 109
0 1
2 7
3 33
0 7
255 12
4 5
0 3
1 6
0 8
3702 235
3262 104
1 8
2 9
2 22
0 12
0 1
0 6
48 44
1778 43
0 4
2 11
0 3
4 31
13 31
0 4
2 12
0 1
0 3
0 1
0 7
1 5
1 10
1 6
7 48
0 4
2 7
0 2
0 18
0 3
45 31
0 18
3681 211
4 8
1839 44
2 22
0 1
0 1
0 3
2 41
6 10
29 51
0 1
0 2
0 11
26 72
0 6
1541 38
0 7
1082 30
0 15
0 7
11 47
7 15
8 42
7 12
0 5
3164 94
0 4
8 38
1 9
13 15
2697 70
1969 47
1 3
0 2
0 2
0 1
3441 124
0 4
0 7
0 9
0 17
0 3
0 1
3 14
0 4
3 5
0 5
0 4
3 10
1 9
0 1
3557 143
2901 79
1 7
212 10
6 32
0 6
2936 81
1 17
0 10
5 11
3127 91
3268 105
0 5
1 15
0 2
3 27
5 19
0 1
0 3
9 20
22 13
0 51
0 3
1955 47
2461 61
0 2
0 4
0 4
0 2
2097 50
145 59
2 15
26 49
0 7
715 23
1 4
3583 150
3 11
0 3
519 19
10 9
1611 40
12 59
0 2
1 4
0 4
20 14
1488 37
0 32
1 3
0 5
5 15
0 2
10 13
1 10
0 5
0 2
1 38
1901 45
2 7
1 12
67 20
2 6
0 6
6 14
3637 169
2 20
0 4
0 4
3458 126
0 11
0 6
1 13
0 6
8 22
1 44
0 10
35 47
0 6
2799 74
1 11
0 19
11 37
0 1
1332 34
85 42
0 7
1042 29
144 56
1 10
3 10
0 6
2 15
0 3
6 6
0 6
0 2
5 38
0 3
0 4
2 25
0 2
0 5
0 17
2 8
0 4
4 11
0 19
0 5
1173 31
550 19
0 19
2919 80
0 2
0 2
1 6
10 48
2 12
2520 63
27 47
7 17
2 20
676 22
2418 60
2494 62
400 16
0 1
4 8
6 16
0 1
0 3
2 46
0 17
0 5
1 6
3426 122
1 16
47 21
31 77
2 41
0 4
14 22
0 3
0 5
0 6
0 1
2 5
3682 211
0 4
0 15
0 36
0 2
1 4
3 11
439 17
1 3
8 20
3 9
0 3
3 14
1 12
0 2
0 9
19 32
0 2
492 18
0 15
3088 88
0 12
0 3
0 1
4 9
15 29
0 5
16 27
1 6
1 5
0 2
2 11
4 6
1 7
1 5
11 20
3669 192
0 5
3312 108
0 38
22 64
6 26
3083 88
1 10
91 53
3203 98
622 21
2638 68
0 5
0 5
2583 66
0 6
0 7
0 4
0 3
0 3
1 3
0 11
1 10
2027 48
0 2
0 1
0 7
1 9
0 6
0 1
5 29
0 2
0 2
2 3
8 34
1192 32
0 16
3340 111
2 4
4 12
0 8
0 4
1960 47
0 10
0 2
0 6
0 5
840 25
4 13
2861 77
0 3
3 19
0 2
0 2
0 14
0 3
12 40
0 4
1744 42
0 13
0 11
7 25
0 3
3235 100
460 17
1 2
3114 91
0 10
1 10
2127 51
3 31
0 7
0 6
2 23
3048 86
2 11
0 11
4 23
0 9
33 52
1 12
1879 45
3397 118
2642 68
6 9
253 12
0 5
0 5
0 1
0 5
1 13
2 5
5 26
0 5
3 9
0 8
3238 101
0 1
1 18
0 8
0 5
1006 28
2268 56
0 3
0 7
2 5
982 28
2207 54
1 9
0 1
0 5
0 2
242 12
1 6
5 15
2672 69
0 9
0 4
2 10
6 38
0 6
6 10
0 7
0 2
279 13
0 5
1 9
0 1
475 18
0 8
1 12
5 26
0 7
1033 29
9 25
0 2
2 6
13 14
18 24
15 25
1 6
0 1
1 4
1 5
2588 66
0 3
4 19
0 10
0 9
1 4
2 8
0 8
2 14
556 19
3 26
8 13
2545 64
230 11
29 52
0 5
0 10
3 17
392 16
0 5
1563 39
1286 33
3608 157
2417 60
0 5
1034 29
3306 108
8 17
90 52
2908 80
1 13
6 18
0 2
0 5
3 49
0 9
0 8
0 1
0 6
0 5
0 4
7 16
4 20
4 44
1 3
0 4
0 4
2631 67
226 11
2831 75
0 2
4 12
1 9
2 19
0 3
1965 47
4 11
0 3
2 6
9 18
0 2
0 1
2 8
0 10
0 2
0 4
0 22
2 15
4 9
2960 82
1 5
2266 55
0 7
3 6
0 3
3 16
3 6
0 2
2 7
0 1
0 4
10 68
0 3
0 1
0 7
10 23
0 13
3 12
9 15
1 4
0 2
618 21
0 4
7 30
0 17
1 20
0 3
8 68
2 13
3177 95
0 5
2 7
12 33
0 3
2 11
1775 43
2 7
0 4
2 17
814 25
14 48
0 8
0 3
0 1
0 3
0 6
0 5
1693 41
2278 56
286 13
0 9
0 42
0 44
2 49
1 5
0 8
1 4
0 1
2271 56
0 6
4 7
0 21
1 6
3 19
0 1
4 21
2241 55
3372 114
3 6
9 8
6 27
5 17
0 8
0 14
6 15
4 26
0 2
0 3
10 21
1 6
0 2
1 14
2528 64
3 10
0 6
15 36
0 5
1239 32
0 10
0 3
0 2
0 3
0 2
0 3
3512 135
0 2
1 11
0 3
0 7
0 2
14 40
0 2
0 14
2917 80
6 35
5 9
0 5
0 4
1 7
498 18
11 29
2054 49
4 5
0 7
0 5
1 5
9 31
0 3
32 69
3 9
0 8
0 7
4 13
927 27
1235 32
0 1
331 15
947 27
0 3
6 37
0 6
0 7
2326 57
0 6
1 4
3236 101
1934 46
4 10
2 5
0 7
590 20
0 2
0 1
3 31
1 51
1596 39
0 1
1 36
2175 53
4 9
0 4
2 14
0 3
8 18
0 4
0 1
2146 52
2 6
91 18
2386 59
0 3
0 17
1 14
4 9
5 14
1578 39
0 17
2412 60
3 15
0 12
8 16
3 4
1 7
3 5
67 46
2 23
2 18
3 13
4 10
0 7
3322 109
0 4
0 3
0 2
1499 37
0 2
0 5
2 12
1335 34
0 6
0 3
11 60
1618 40
0 3
0 2
0 4
3690 214
4 18
0 3
165 23
3 43
0 3
0 38
1 5
0 4
20 53
1899 45
16 5
1 10
2065 50
6 15
1 11
0 6
2983 83
0 13
0 7
0 6
789 24
0 4
6 56
0 3
0 2
1 8
3419 120
1 11
0 7
2 14
3 20
0 9
2440 61
0 3
3463 128
3 6
3 7
1 9
0 1
2 14
0 10
1929 46
2566 65
0 1
0 3
1708 42
1 3
3 5
0 33
0 2
6 7
2 4
0 3
0 4
0 2
0 22
0 5
0 1
0 2
0 3
0 1
5 28
0 3
6 5
2 7
1 5
0 2
0 4
0 5
633 21
5 47
2 9
0 10
249 12
2 15
3 18
1830 44
0 1
12 47
2540 64
3 10
0 16
22 69
0 12
3244 101
1 9
0 3
0 3
0 2
2 8
15 17
0 7
3329 110
4 21
0 1
2122 51
6 15
0 4
687 22
0 11
2056 49
9 25
0 4
0 4
0 15
2 16
0 3
0 42
3279 105
23 52
9 23
5 17
1 6
0 1
0 2
3165 94
0 3
1 5
0 3
2 8
2559 65
7 19
0 6
0 1
0 2
1 17
0 2
0 27
2216 54
5 25
3655 178
0 4
0 14
3183 95
2136 52
1233 32
967 27
1 10
0 11
0 2
11 29
85 14
0 3
4 15
2 22
7 9
2 7
2 6
0 3
2 5
0 4
0 4
0 7
727 23
0 29
0 6
2290 56
2 3
0 2
0 6
0 2
3110 91
2 19
0 5
4 28
0 1
0 1
1 8
3 11
31 71
0 3
0 3
7 21
0 4
9 28
1993 48
0 1
17 47
3080 88
0 6
6 29
2 10
12 50
6 17
2095 50
0 2
4 14
4 29
5 8
664 22
0 2
8 34
2 31
0 3
4 16
0 9
0 2
0 6
0 2
0 3
648 21
0 2
1 9
3023 85
3 6
1043 29
4 15
0 2
1114 30
0 11
4 20
0 6
0 4
2872 78
4 22
461 17
1 3
0 2
1 8
5 25
0 3
0 3
47 9
27 36
1 13
3 13
1 2
16 34
1 2
0 6
3042 86
2203 53
0 2
7 21
1 3
5 18
1 2
272 13
0 45
4 15
8 13
1 6
1 3
1 4
3435 123
1 8
13 47
3 8
0 6
0 6
0 11
0 2
0 2
3 14
2 7
0 1
4 7
0 2
1 6
24 50
1 2
0 3
0 2
2372 59
0 4
2 7
0 1
646 21
0 1
0 3
1 17
2 5
3142 92
41 61
373 16
2 40
0 1
4 10
0 1
0 3
5 39
5 16
7 34
0 2
2 5
15 45
7 18
0 6
0 2
1 8
472 18
1 10
10 21
1 3
5 10
0 1
0 9
8 10
1 25
0 5
6 26
10 33
1 2
11 21
0 7
0 3
0 3
728 23
0 2
0 14
10 26
0 3
978 28
2973 82
0 7
252 12
0 12
0 2
0 4
2351 58
1 7
3 6
2 9
13 42
8 23
1 4
7 30
1 4
1 3
0 4
0 2
0 2
1 18
0 20
2 7
3342 111
2182 53
0 9
7 13
0 17
0 7
8 46
1 2
5 15
0 6
1317 34
2 5
0 2
2 11
2 17
0 36
1 11
0 21
0 13
2282 56
2 3
0 6
2 21
1 17
0 6
1 3
16 32
0 1
0 3
0 4
1 11
1 2
2 5
0 3
4 25
2 3
1 7
0 2
1 25
921 27
1 12
0 3
1 5
22 91
1 4
8 39
1 5
1 10
0 1
1940 46
4 34
0 2
13 39
0 3
1 26
0 4
0 1
1 4
878 26
0 2
9 22
0 4
0 2
1023 29
0 4
1 4
0 4
0 4
3 6
6 48
3014 85
0 2
1 9
0 7
0 5
15 25
0 3
1 23
0 3
1 3
2817 75
0 1
22 49
0 2
0 1
2 4
1 10
1 20
0 7
351 15
0 8
2 5
0 5
7 18
0 4
1 6
3 10
5 12
7 10
4 8
2387 59
3 22
2 5
7 18
1 4
0 3
2706 70
1976 47
1 4
17 40
3 15
3 5
1 3
0 4
1 3
5 10
0 3
479 18
0 12
1 10
991 28
0 3
1 10
0 23
3 8
4 28
1781 43
573 20
7 18
0 12
0 1
0 5
1 3
2 20
3 7
8 13
2 16
0 2
0 1
5 17
1 8
3277 105
0 18
2024 48
41 83
0 3
3 23
7 23
4 16
662 22
1 28
0 4
1 13
0 4
0 5
1 6
7 51
3 11
0 5
3618 161
2 7
1 4
0 1
332 15
0 1
9 51
1 5
0 1
0 4
1 11
0 4
0 1
2834 75
0 1
0 3
1 21
2610 67
0 13
0 1
18 23
615 21
3405 118
0 4
1 2
3374 114
3 12
0 2
1305 34
793 24
3 30
2 4
6 20
1 27
0 4
0 2
0 3
292 14
5 32
28 51
3 38
0 17
3477 130
11 20
0 2
1785 43
1 3
1522 38
4 7
16 48
1 21
0 3
0 3
0 3
0 4
4 17
1632 40
7 18
1 8
1 3
4 22
8 9
442 17
3096 89
6 18
3 6
1 5
0 1
31 52
2 48
1 7
334 15
0 3
15 23
0 6
20 25
1 10
0 4
3 9
0 3
8 48
13 28
2 3
2 8
0 2
0 3
0 2
2946 81
0 5
1782 43
4 46
0 1
1 9
0 2
13 19
1 5
3 6
1 15
9 22
0 4
1 7
1102 30
4 16
1 9
535 19
7 73
3697 224
0 5
4 8
3 4
9 27
2390 59
3 28
2 28
0 2
0 1
0 3
1 4
10 9
6 14
0 3
0 2
2 15
0 3
0 3
1 31
1 4
1 3
2 8
0 3
1 24
2 4
9 23
11 41
7 6
3 9
1 12
8 19
1 7
48 75
1 3
0 3
2 5
6 28
24 64
2912 80
3707 256
57 29
0 13
1 24
1776 43
1 31
2114 51
0 4
2 9
0 7
0 2
0 3
1 6
1 2
1 9
2 18
37 11
0 7
2 6
0 12
2 5
2 17
0 2
1703 42
1058 29
3 29
1509 38
8 11
5 8
6 8
0 1
1 31
2 4
1 3
1 4
1 10
3261 104
3662 185
979 28
0 17
1 3
7 15
2 8
826 25
0 7
75 65
6 35
0 2
4 8
385 16
1 25
1 3
1 2
0 5
2 18
0 4
2998 84
1718 42
1 2
992 28
1 13
1 5
0 5
2 10
527 19
5 25
1 3
2756 72
504 18
0 4
0 4
0 2
1 8
0 1
9 22
1917 46
0 4
1 4
0 2
2 10
4 22
3 9
3145 93
13 17
3 5
1 31
0 1
1 16
3315 108
0 3
13 13
0 1
0 3
1 3
2710 70
3248 102
10 31
3 8
0 2
2017 48
3 18
3046 86
1 24
62 10
0 12
0 2
846 25
4 41
558 19
0 1
1 4
0 1
1 3
1 2
0 3
7 11
3497 133
32 47
2112 51
5 11
2 12
1490 37
0 2
5 18
0 5
4 19
1883 45
3032 85
1 4
1443 36
3330 110
1 2
2 7
2 14
990 28
0 1
5 32
1545 39
0 7
28 43
1 8
1 5
0 4
9 26
1238 32
3227 100
9 45
0 2
0 7
0 5
1244 32
50 63
1 6
1 10
2 47
1 18
1 5
557 19
1445 36
1 2
13 26
5 11
3 7
0 2
0 2
48 102
1 2
0 2
3008 84
1 6
1 7
2 10
1 4
2553 65
0 1
14 44
1 7
2 8
2644 68
2935 81
12 39
1 3
1 3
0 2
0 1
0 1
0 6
1189 31
2 11
1 9
1 9
4 10
3 6
1 40
2629 67
1 10
1747 42
1944 46
77 28
2 22
1 6
0 2
1 3
0 6
12 17
11 18
1 9
0 1
0 6
0 12
21 35
2657 68
0 4
3 17
1 6
0 29
3586 150
0 5
3285 106
1972 47
2 12
0 4
3140 92
0 3
0 22
12 16
0 9
1 8
2378 59
0 6
2 24
0 8
0 35
2693 69
389 16
3461 127
1 3
3 9
0 5
0 2
19 37
1 2
0 6
0 1
0 7
0 11
0 3
244 12
2 10
1 11
2 4
0 4
1916 46
2623 67
11 8
1 15
14 35
2 7
39 26
2 11
0 2
3448 125
1 2
0 23
1 11
0 5
1 13
6 8
7 46
1 9
1 11
1 4
1 43
7 14
0 2
1535 38
0 9
1 15
0 7
0 14
1 2
1 3
8 14
1 5
0 2
2885 78
1491 37
2085 50
0 2
1 4
0 12
1 10
0 6
0 9
0 2
1 3
0 11
1543 39
1248 33
0 5
0 3
2140 52
2 3
1 3
4 13
0 3
1 8
6 15
0 2
0 2
3 23
0 3
2 5
96 21
3 13
2746 72
0 8
1 12
0 4
0 3
2476 62
1 8
0 9
2 28
2436 61
1 3
1 6
3 28
1 8
1 5
8 17
4 12
2572 65
2246 55
1834 44
0 3
3412 119
3569 147
0 12
2319 57
872 26
0 2
1 6
0 6
0 1
4 20
0 15
513 19
0 8
2 22
6 19
0 2
1 4
3 8
3 12
0 1
0 6
0 2
1 5
3 36
1 21
2 7
0 4
84 57
0 1
0 8
0 2
6 16
675 22
2 6
18 37
2 9
0 3
1 9
0 2
0 2
0 5
1 2
0 1
2 4
2201 53
4 10
7 46
0 14
2923 80
45 34
1 3
0 1
0 16
261 12
3695 222
2764 72
644 21
1 7
2 11
3 18
1 22
1011 28
3 10
0 1
0 7
0 3
1 44
0 3
2 6
1064 29
2 23
0 2
4 11
1729 42
3679 208
20 34
1 5
4 15
1 46
9 37
18 66
2 7
146 62
3 37
0 1
1 6
1 2
3 13
5 30
2 9
3226 100
1 2
3352 112
1 5
2 13
1 6
1 9
1 23
1 4
2377 59
4 19
3274 105
0 21
2138 52
3 13
0 5
2 23
2927 80
1 5
1212 32
1413 36
3 8
2 6
8 22
1 13
2 14
1 26
1987 47
1 35
0 7
4 19
2446 61
2969 82
9 19
906 26
1 18
0 7
2381 59
2243 55
2847 76
3411 119
2164 52
3345 112
2823 75
937 27
3 21
1 2
18 52
1 17
1 2
2856 76
0 3
5 10
1 5
22 80
1 3
1 12
1 7
2 14
1877 45
1 5
1 9
4 19
1679 41
1 4
7 32
0 4
0 3
0 3
0 1
1 4
636 21
0 3
0 2
2 9
0 2
0 2
2088 50
1 9
1 24
1 4
2025 48
11 18
0 4
7 13
4 11
0 2
1956 47
1 6
1 9
0 3
1 12
0 7
1 6
2 11
1 9
2 7
1298 34
4 12
0 1
15 36
20 24
8 13
1362 35
2 16
10 29
1 2
0 13
328 15
2 29
3 17
2 32
0 2
10 24
3 9
3320 109
1 7
1 3
0 1
12 37
6 13
1925 46
3 6
8 12
1996 48
0 3
0 14
2177 53
5 9
0 4
0 3
0 2
2 21
2975 82
1 4
1 5
1183 31
1 3
2 13
0 2
0 10
2 10
11 34
2187 53
101 19
2119 51
21 55
3147 93
1 4
1 4
3529 138
10 28
0 18
0 1
1 4
2296 56
0 3
0 4
1 11
1 7
0 1
1 7
3 15
3027 85
2 6
2 5
0 1
3 10
2971 82
2555 65
3 4
2159 52
1 3
6 13
1603 40
39 45
6 34
1115 30
0 1
2814 75
2358 58
0 13
0 2
2680 69
1 20
1 4
0 2
2 16
0 7
2875 78
2183 53
2868 77
6 13
1 43
3224 99
1 8
1 5
0 1
1 17
1301 34
10 22
2 4
0 2
975 28
1 13
1 11
0 1
1 3
3 7
6 10
0 1
87 42
0 1
0 1
474 18
3 12
0 5
1 10
128 43
4 15
0 4
3 11
3075 88
0 1
0 1
2 30
7 7
1 3
0 1
5 22
1 6
0 3
2 8
1236 32
1 17
0 2
0 2
2047 49
1 4
0 4
11 31
1299 34
6 13
723 23
1890 45
0 2
4 17
3120 91
0 3
0 6
1 22
3 40
1134 30
4 28
1 3
2577 65
0 2
0 2
4 19
2407 60
1 4
0 1
2 37
1 41
0 2
3 19
1 2
11 23
0 2
0 1
0 7
1 4
1 8
4 37
7 17
2721 71
2001 48
7 41
1 29
3 13
0 1
0 2
33 53
4 19
1052 29
148 70
3389 117
10 22
2 12
6 40
1 19
4 23
1101 30
1854 44
1 5
4 35
8 41
1914 46
468 18
0 2
0 4
4 35
0 5
1829 44
0 4
2 4
6 39
312 14
1215 32
50 105
28 76
1 5
6 8
1 12
8 45
0 5
1 5
3347 112
0 3
3 7
0 1
1 2
1 7
2108 51
2191 53
1 2
0 2
0 3
6 8
462 17
1 4
0 3
0 4
4 7
2471 62
0 1
1 30
0 3
18 48
1662 41
0 5
0 7
1017 28
1060 29
0 3
1 3
1 4
0 2
1 5
0 2
49 105
33 47
1010 28
893 26
6 10
0 1
0 7
0 5
0 9
0 3
1 2
250 12
0 1
3709 258
0 1
1787 43
2 26
13 38
3136 92
6 17
3220 99
2 23
180 129
3442 124
0 3
1 3
2 6
2 4
25 69
2728 71
1044 29
29 76
28 47
1 3
0 3
0 3
0 3
46 85
0 3
2564 65
3 7
883 26
36 35
1310 34
0 4
2010 48
5 10
2042 49
104 12
1 5
488 18
2334 57
15 42
1 4
1 2
2 6
0 3
3 17
1 2
0 7
1 3
5 17
416 17
2 8
0 2
0 4
0 3
0 7
1483 37
1 12
34 78
123 40
1 7
1 8
0 3
21 36
0 1
2 5
0 1
2842 76
946 27
0 5
1 4
3 12
0 2
1218 32
1 4
0 8
4 32
2 8
1288 33
1 6
1 6
4 6
2 5
3 11
2 5
359 15
0 4
1 5
2383 59
8 28
401 16
1 18
1 7
0 2
0 41
1 12
0 4
0 3
1004 28
166 24
0 4
0 3
0 2
8 20
3568 147
3 12
31 50
939 27
1 4
0 4
3660 182
0 2
1237 32
1 15
719 23
15 21
0 1
0 5
1 5
1 29
0 2
0 1
3246 102
4 8
1798 43
1474 37
64 13
6 22
10 23
1 14
2 5
0 2
9 27
6 18
1 10
7 34
2259 55
0 3
0 2
0 1
266 13
2896 79
1 2
1 3
2 12
1 5
0 1
772 24
2768 73
1165 31
2426 60
6 21
1 3
0 3
1 2
1 11
2 3
23 49
1164 31
0 3
1 2
1804 43
0 7
0 2
0 30
1038 29
1517 38
1 4
0 2
777 24
1 7
222 11
447 17
0 4
0 5
0 3
0 21
0 2
1 13
8 9
3487 132
0 2
1882 45
3348 112
94 59
1 6
0 3
1 13
1434 36
1416 36
15 66
4 10
1888 45
0 2
2 3
0 7
0 1
1 5
0 9
4 19
6 22
1 7
0 1
0 5
3398 118
1 9
3028 85
1 2
2 6
0 4
0 4
0 3
0 5
6 39
0 10
0 2
7 38
2 8
1 4
3 13
0 2
3 6
0 2
0 17
1 6
0 3
1556 39
5 33
3 4
2004 48
4 8
0 1
2481 62
7 16
0 3
3 8
0 2
0 2
1276 33
1 26
5 26
0 2
1 11
1 3
1 5
0 42
0 6
2930 80
3 11
9 49
8 31
0 2
2 27
0 3
0 3
0 1
0 5
1493 37
0 4
1 6
0 2
7 10
1 11
1 5
0 7
11 26
1 6
12 42
2716 70
0 1
0 5
1 2
0 1
0 4
2865 77
1 3
1 10
1 6
2 4
1205 32
89 47
1 5
1 8
330 15
0 6
0 3
0 5
3 18
0 4
1 3
168 29
1738 42
2738 72
6 15
1 5
10 35
1 9
567 20
0 7
2 8
15 66
1927 46
2 6
0 2
4 9
