0.0446852 37.5 12.5 12.5 50
0.0893705 43.75 37.5 37.5 37.5
0.134056 37.5 37.5 37.5 41.6667
0.178741 53.125 46.875 46.875 53.125
0.223426 60 55 52.5 62.5
0.268111 64.5833 56.25 56.25 62.5
0.312797 64.2857 60.7143 60.7143 64.2857
0.357482 60.9375 57.8125 57.8125 65.625
0.402167 61.1111 52.7778 52.7778 62.5
0.446852 62.5 53.75 53.75 62.5
0.491538 57.9545 53.4091 53.4091 57.9545
0.536223 56.25 53.125 52.0833 56.25
0.580908 56.7308 52.8846 52.8846 56.7308
0.625593 53.5714 50.8929 50.8929 53.5714
0.670279 53.3333 51.6667 50.8333 53.3333
0.714964 52.3438 50.7812 50.7812 52.3438
0.759649 52.9412 50 50 53.6765
0.804334 52.7778 49.3056 49.3056 52.7778
0.84902 51.3158 48.6842 49.3421 51.9737
0.893705 50.625 48.125 48.75 50.625
0.93839 52.381 49.4048 49.4048 52.381
0.983075 51.7045 48.8636 50 51.7045
1.02776 50.5435 47.8261 48.3696 51.6304
1.07245 52.0833 47.3958 47.9167 52.0833
1.11713 50.5 47 46.5 50.5
1.16182 50.4808 47.1154 47.1154 50.4808
1.2065 50.463 49.0741 48.6111 50.9259
1.25119 50.4464 48.2143 48.6607 50
1.29587 50.8621 48.2759 48.7069 50.8621
1.34056 51.25 48.75 48.75 50.8333
1.38524 50.8065 48.7903 48.3871 51.2097
1.42993 50 48.0469 48.0469 50.3906
1.47461 51.8939 49.2424 49.2424 51.8939
1.5193 52.5735 49.6324 49.6324 52.9412
1.56398 52.1429 49.2857 49.6429 52.8571
1.60867 53.125 48.9583 49.3056 53.125
1.65335 53.7162 50.3378 50 53.7162
1.69804 53.9474 50.9868 50.3289 54.2763
1.74272 53.2051 50.9615 50.3205 53.2051
1.78741 52.5 50.625 50.9375 52.5
1.8321 53.0488 51.5244 51.2195 53.3537
1.87678 52.381 51.7857 50.8929 52.6786
1.92147 52.6163 51.7442 51.4535 52.6163
1.96615 51.9886 51.4205 51.4205 52.5568
2.01084 52.2222 51.1111 51.1111 52.7778
2.05552 52.9891 51.3587 51.6304 53.2609
2.10021 53.7234 51.8617 51.5957 53.9894
2.14489 53.9062 51.5625 51.3021 53.9062
2.18958 54.3367 51.5306 51.7857 54.5918
2.23426 54.25 51.5 51.5 54.25
2.27895 54.1667 51.7157 51.2255 54.1667
2.32363 54.0865 52.1635 51.4423 53.8462
2.36832 54.0094 52.8302 51.4151 54.4811
2.413 54.3981 52.7778 52.3148 54.3981
2.45769 54.7727 53.1818 52.2727 55
2.50237 54.6875 52.6786 52.4554 54.9107
2.54706 54.386 52.4123 52.193 54.6053
2.59174 54.9569 52.5862 52.1552 54.7414
2.63643 54.661 52.7542 52.3305 54.8729
2.68111 54.7917 53.5417 52.2917 54.7917
2.7258 54.918 53.6885 52.6639 54.918
2.77049 55.0403 54.0323 53.4274 55.0403
2.81517 54.9603 54.1667 53.7698 54.9603
2.85986 54.8828 53.9062 53.125 54.8828
2.90454 54.8077 54.2308 52.6923 54.8077
2.94923 54.5455 54.1667 52.8409 54.5455
2.99391 54.6642 53.9179 53.1716 54.6642
3.0386 54.7794 54.0441 52.9412 54.5956
3.08328 54.8913 53.9855 53.2609 54.7101
3.12797 54.8214 53.9286 53.0357 55.1786
3.17265 54.7535 53.8732 52.6408 54.5775
3.21734 55.2083 54.1667 53.125 55.2083
3.26202 55.137 54.1096 53.2534 55.137
3.30671 55.4054 53.8851 53.2095 55.4054
3.35139 56 53.6667 53.3333 56.1667
3.39608 56.5789 53.7829 53.4539 56.5789
3.44076 56.4935 54.2208 53.4091 56.6558
3.48545 56.4103 54.3269 53.2051 56.4103
3.53013 57.1203 55.2215 53.481 57.1203
3.57482 56.875 55.4688 53.2812 56.875
3.61951 57.0988 56.1728 53.7037 57.0988
3.66419 57.3171 55.9451 53.811 57.4695
3.70888 57.3795 55.7229 53.7651 57.6807
3.75356 57.7381 55.8036 54.0179 57.7381
3.79825 57.6471 55.7353 54.4118 57.6471
3.84293 57.7035 55.9593 54.7965 57.8488
3.88762 58.046 56.6092 55.0287 58.1897
3.9323 58.5227 56.8182 55.2557 58.5227
3.97699 58.7079 56.882 55.0562 58.7079
4.02167 58.6111 56.6667 55 58.6111
4.06636 58.2418 56.7308 55.0824 58.2418
4.11104 58.288 56.9293 55.0272 58.288
4.15573 58.6022 56.9892 55.1075 58.6022
4.20041 58.1117 56.6489 55.0532 58.1117
4.2451 57.8947 56.5789 54.8684 57.8947
4.28978 57.9427 56.7708 55.0781 57.9427
4.33447 57.6031 56.5722 55.0258 57.6031
4.37915 57.5255 56.5051 54.9745 57.5255
4.42384 56.9444 56.3131 54.798 56.9444
4.46852 56.875 56.5 54.875 57
4.51321 57.4257 56.6832 55.0743 57.302
4.5579 57.3529 56.6176 54.6569 57.4755
4.60258 57.5243 56.6748 54.9757 57.5243
4.64727 57.5721 56.7308 55.2885 57.5721
4.69195 57.381 56.6667 55 57.2619
4.73664 57.5472 56.7217 55.0708 57.5472
4.78132 57.3598 56.4252 55.1402 57.5935
4.82601 57.5231 56.5972 55.0926 57.6389
4.87069 57.4541 56.3073 54.9312 57.4541
4.91538 57.7273 56.7045 55.2273 57.6136
4.96006 57.4324 56.5315 55.0676 57.4324
5.00475 57.3661 56.6964 55.0223 57.4777
5.04943 57.4115 56.6372 54.7566 57.5221
5.09412 57.5658 56.6886 54.7149 57.6754
5.1388 57.3913 56.6304 54.3478 57.3913
5.18349 57.5431 57.0043 54.8491 57.5431
5.22817 57.4786 56.9444 54.8077 57.4786
5.27286 57.4153 56.6737 54.7669 57.5212
5.31754 57.6681 56.7227 54.7269 57.6681
5.36223 57.9167 57.0833 54.8958 57.9167
5.40692 58.0579 57.3347 54.8554 58.0579
5.4516 58.0943 57.4795 54.918 58.0943
5.49629 58.1301 57.7236 55.0813 58.1301
5.54097 58.3669 57.7621 55.1411 58.3669
5.58566 58.7 57.9 55.6 58.7
5.63034 58.7302 58.3333 55.6548 58.7302
5.67503 58.7598 58.1693 55.6102 58.8583
5.71971 58.6914 58.3008 55.6641 58.6914
5.7644 58.7209 58.1395 55.6202 58.7209
5.80908 58.8462 58.2692 55.9615 58.9423
5.85377 58.9695 58.2061 55.916 58.9695
5.89845 58.9962 58.2386 56.0606 58.9962
5.94314 59.1165 58.0827 56.015 59.1165
5.98782 58.7687 57.9291 55.7836 58.7687
6.03251 58.7037 57.7778 55.8333 58.7037
6.07719 58.4559 57.5368 55.6066 58.5478
6.12188 58.3942 57.6642 55.4745 58.3942
6.16656 58.8768 57.7899 55.6159 58.8768
6.21125 58.6331 57.8237 55.4856 58.6331
6.25593 58.6607 57.9464 55.8036 58.6607
6.30062 58.9539 58.0674 56.0284 58.9539
6.34531 59.1549 58.5387 56.162 59.0669
6.38999 59.2657 58.7413 56.3811 59.3531
6.43468 59.2882 58.8542 56.3368 59.375
6.47936 59.4828 58.8793 56.4655 59.4828
6.52405 59.7603 59.0753 56.3356 59.7603
6.56873 59.7789 59.2687 56.2075 59.949
6.61342 59.7973 59.4595 56.25 59.7973
6.6581 59.7315 59.4799 56.2081 59.7315
6.70279 59.8333 59.5 56.4167 59.8333
6.74747 59.7682 59.4371 56.5397 59.7682
6.79216 59.8684 59.5395 56.4967 59.8684
6.83684 60.2941 59.6405 56.4542 60.2941
6.88153 60.2273 59.5779 56.4935 60.3084
6.92621 60.3226 59.5968 56.5323 60.3226
6.9709 60.2564 59.375 56.4103 60.2564
7.01558 60.1911 59.3153 56.2898 60.1911
7.06027 60.0475 59.2563 56.0918 60.0475
7.10495 60.2987 59.3553 56.5252 60.2987
7.14964 60.2344 59.2188 56.4062 60.2344
7.19432 60.3261 59.2391 56.3665 60.3261
7.23901 60.2623 59.1821 56.4043 60.2623
7.2837 60.4294 59.3558 56.5184 60.4294
7.32838 60.4421 59.6037 56.7073 60.5183
7.37307 60.4545 59.8485 56.8939 60.4545
7.41775 60.3916 59.7139 56.9277 60.3916
7.46244 60.6287 59.7305 57.1108 60.6287
7.50712 60.7143 59.8214 57.1429 60.7143
7.55181 60.7249 59.8373 57.1746 60.7249
7.59649 60.8088 60.0735 57.2794 60.8088
7.64118 61.038 60.307 57.6754 61.038
7.68586 61.1192 60.5378 57.7762 61.1192
7.73055 61.1272 60.7659 57.8035 61.1272
7.77523 61.4943 60.9195 58.1178 61.4224
7.81992 61.6429 61.1429 58.3571 61.6429
7.8646 62.0028 61.2216 58.5227 62.0028
7.90929 62.1469 61.2994 58.6158 62.1469
7.95397 62.2893 61.236 58.427 62.2191
7.99866 62.3603 61.5922 58.4497 62.4302
8.04334 62.6389 61.875 58.6111 62.6389
8.08803 62.5691 61.7403 58.4254 62.6381
8.13272 62.7747 61.9505 58.4478 62.7747
8.1774 62.9098 61.9536 58.4699 62.9098
8.22209 62.9755 61.9565 58.356 63.0435
8.26677 63.3108 62.5 58.4459 63.3108
8.31146 63.5081 62.7688 58.6694 63.5081
8.35614 63.6364 62.8342 58.7567 63.6364
8.40083 63.6303 62.8989 58.7766 63.6303
8.44551 63.4921 62.963 58.7302 63.4921
8.4902 63.4868 63.0921 58.6184 63.4868
8.53488 63.678 63.1545 58.7042 63.678
8.57957 63.6068 63.2812 58.724 63.6068
8.62425 63.4715 63.1477 58.7435 63.4715
8.66894 63.5309 63.0799 58.6985 63.5309
8.71362 63.7821 63.141 58.7821 63.7179
8.75831 63.9668 63.3291 58.9923 63.9668
8.80299 63.769 63.198 58.7563 63.769
8.84768 63.8889 63.2576 59.0278 63.8889
8.89236 63.9447 63.505 59.1709 64.0075
8.93705 63.8125 63.375 59.1875 63.8125
8.98173 63.806 63.4328 59.1418 63.9303
9.02642 63.9233 63.552 59.2822 63.9233
9.07111 63.9163 63.7315 59.2365 63.9163
9.11579 64.0931 63.7255 59.3137 64.1544
9.16048 64.0854 63.6585 59.3293 64.0854
9.20516 64.1383 63.6529 59.7087 64.1383
9.24985 64.0097 63.5266 59.5411 64.0097
9.29453 64.2428 63.5817 59.5553 64.2428
9.33922 64.2344 63.5167 59.5694 64.2344
9.3839 64.1071 63.631 59.7024 64.1667
9.42859 64.2773 63.8033 59.8934 64.2773
9.47327 64.2689 63.9151 59.9057 64.2689
9.51796 64.4366 64.0845 60.1526 64.4953
9.56264 64.5444 64.1939 60.3388 64.5444
9.60733 64.5349 64.3023 60.2907 64.5349
9.65201 64.5255 64.294 60.3009 64.5255
9.6967 64.4009 64.1705 60.0806 64.4585
9.74138 64.5642 64.1055 60.1491 64.5642
9.78607 64.7831 64.2694 60.274 64.7831
9.83075 64.7159 64.2045 60.3977 64.7159
9.87544 64.7624 64.1968 60.4638 64.819
9.92013 64.5833 64.0203 60.4167 64.5833
9.96481 64.4619 63.9013 60.426 64.4619
10.0095 64.4531 63.8951 60.3237 64.4531
10.0542 64.6111 64 60.3889 64.6111
10.0989 64.6018 64.104 60.4535 64.6571
10.1436 64.5374 63.9317 60.3524 64.5374
10.1882 64.4737 63.9803 60.4167 64.4737
10.2329 64.6834 64.083 60.5349 64.6834
10.2776 64.6739 64.2391 60.5978 64.6739
10.3223 64.6104 64.3939 60.6602 64.6104
10.367 64.8168 64.6552 60.7759 64.8168
10.4117 64.8069 64.6459 60.8906 64.8069
10.4563 64.6902 64.6902 60.8974 64.6902
10.501 64.7872 64.734 60.9043 64.7872
10.5457 64.8835 64.8835 61.0699 64.8835
10.5904 65.1899 64.9262 61.0232 65.1899
10.6351 65.2836 64.9685 60.9769 65.2836
10.6798 65.272 64.8013 60.8264 65.272
10.7245 65.3125 64.7396 60.6771 65.3125
10.7691 65.249 64.6784 60.4772 65.249
10.8138 65.2376 64.7211 60.3306 65.2376
10.8585 65.1749 64.6091 60.3395 65.1749
10.9032 65.0102 64.498 60.2971 65.0102
10.9479 64.8469 64.3367 60.2041 64.8469
10.9926 64.8882 64.5325 60.3659 64.8882
11.0373 65.0304 64.6761 60.3239 65.0304
11.0819 65.0202 64.7177 60.4335 65.0202
11.1266 65.0602 64.7088 60.5422 65.0602
11.1713 65.05 64.8 60.45 65.05
11.216 65.0896 64.99 60.508 65.0896
11.2607 65.0794 64.9802 60.5159 65.0794
11.3054 65.1186 65.0198 60.5731 65.1186
11.3501 65.1083 65.1083 60.4823 65.1083
11.3947 65.2941 65.1471 60.4902 65.2941
11.4394 65.4297 65.1367 60.498 65.4297
11.4841 65.4183 65.1751 60.4572 65.4183
11.5288 65.5039 65.2132 60.5136 65.5039
11.5735 65.4923 65.251 60.6178 65.4923
11.6182 65.5288 65.3365 60.625 65.5769
11.6628 65.613 65.4215 60.4406 65.613
11.7075 65.6011 65.458 60.4008 65.6011
11.7522 65.7795 65.4468 60.3137 65.7795
11.7969 65.8617 65.5777 60.3693 65.8617
11.8416 65.9434 65.6132 60.283 65.9434
11.8863 65.9774 65.6485 60.1974 65.9774
11.931 65.9644 65.6835 60.1124 65.9644
11.9756 66.0914 65.7649 60.0746 66.0914
12.0203 66.0316 65.7993 60.0836 66.0316
12.065 65.9722 65.787 60.0463 65.9722
12.1097 66.0978 65.9133 60.1015 66.0978
12.1544 66.2684 65.8548 60.2022 66.2684
12.1991 66.4377 66.0714 60.0733 66.3919
12.2438 66.6058 66.104 60.1734 66.6058
12.2884 66.6818 66.1818 60.1364 66.6818
12.3331 66.6667 66.3043 60.2808 66.6667
12.3778 66.6968 66.2906 60.2437 66.6968
12.4225 66.7266 66.3669 60.3417 66.7266
12.4672 66.6219 66.2634 60.3943 66.6219
12.5119 66.6518 66.4286 60.5357 66.6518
12.5566 66.9929 66.5925 60.5872 66.9929
12.6012 66.8883 66.578 60.5053 66.8883
12.6459 66.917 66.6519 60.5124 66.917
12.6906 66.9454 66.7254 60.5194 66.9454
12.7353 67.0614 66.7544 60.5263 67.1053
12.78 67.0455 66.7395 60.4458 67.0892
12.8247 67.2474 66.899 60.5401 67.2474
12.8694 67.1007 66.7969 60.4601 67.1007
12.914 67.1713 66.782 60.4239 67.1713
12.9587 67.1552 66.9828 60.2586 67.1552
13.0034 67.1392 66.9674 60.2234 67.1821
13.0481 67.2517 66.8664 60.2312 67.2517
13.0928 67.4061 67.0648 60.1109 67.3635
13.1375 67.5595 67.1344 60.2041 67.5595
13.1821 67.5 67.1186 60.1695 67.5
13.2268 67.5253 67.272 60.2618 67.5676
13.2715 67.5926 67.298 60.3535 67.5926
13.3162 67.4916 67.2819 60.2349 67.4916
13.3609 67.5167 67.3913 60.2425 67.5167
13.4056 67.6667 67.5 60.2083 67.6667
13.4503 67.7741 67.691 60.3821 67.7741
13.4949 67.8808 67.7566 60.4719 67.9222
13.5396 68.0281 67.9043 60.4785 68.0281
13.5843 68.051 67.8454 60.6086 68.051
13.629 68.1557 68.0328 60.6967 68.1557
13.6737 68.2598 68.0556 60.7435 68.2598
13.7184 68.4446 68.1596 60.8713 68.4039
13.7631 68.4659 68.2224 60.836 68.4659
13.8077 68.4061 68.2039 60.801 68.4061
13.8524 68.3468 68.2258 60.7258 68.3468
13.8971 68.2074 68.0466 60.6109 68.2074
13.9418 68.109 67.9087 60.5369 68.109
13.9865 67.9712 67.7716 60.3435 67.9712
14.0312 68.0732 67.9538 60.3901 68.0732
14.0759 68.254 68.0952 60.3175 68.254
14.1205 68.2753 68.1566 60.3244 68.2753
14.1652 68.2177 68.0994 60.3312 68.2177
14.2099 68.239 68.0425 60.3774 68.239
14.2546 68.221 68.1034 60.384 68.221
14.2993 68.2812 68.1641 60.4688 68.2812
14.344 68.3411 68.1854 60.3193 68.3411
14.3886 68.3618 68.2065 60.4037 68.3618
14.4333 68.305 68.1889 60.3715 68.305
14.478 68.287 68.0556 60.2238 68.287
14.5227 68.3462 68.1538 60.2692 68.3462
14.5674 68.4049 68.1365 60.3144 68.4049
14.6121 68.4633 68.1575 60.2446 68.4633
14.6568 68.5595 68.1402 60.1753 68.5595
14.7014 68.731 68.3511 60.2584 68.731
14.7461 68.75 68.3333 60.2652 68.7121
14.7908 68.6556 68.3535 60.2341 68.6556
14.8355 68.7123 68.4111 60.2786 68.7123
14.8802 68.8438 68.5811 60.3979 68.8063
14.9249 69.0494 68.6751 60.4042 69.0868
14.9696 69.1418 68.7313 60.4478 69.1418
15.0142 69.0848 68.8244 60.4539 69.0848
15.0589 69.1024 68.8427 60.5341 69.1395
15.1036 69.2308 68.9349 60.503 69.2308
15.1483 69.3953 68.9897 60.5826 69.3953
15.193 69.5221 69.0809 60.5882 69.5221
15.2377 69.6114 69.2815 60.7405 69.6114
15.2824 69.5175 69.3348 60.7822 69.5175
15.327 69.4606 69.3149 60.8236 69.4971
15.3717 69.5131 69.3314 60.8285 69.5131
15.4164 69.6014 69.4203 60.8333 69.6014
15.4611 69.7616 69.4725 60.9104 69.7254
15.5058 69.9207 69.6326 60.951 69.9207
15.5505 70.0072 69.8276 60.9914 70.0072
15.5952 70.0931 69.9499 61.0673 70.0573
15.6398 70.1429 69.9643 61 70.1429
15.6845 70.1211 69.943 61.0755 70.1211
15.7292 70.1349 69.9219 61.1151 70.1349
15.7739 70.1133 69.9008 61.0836 70.1133
15.8186 70.2331 69.9506 61.0876 70.2331
15.8633 70.3169 70.0352 61.0915 70.3169
15.9079 70.3301 70.0843 61.1657 70.3301
15.9526 70.4132 70.1681 61.2045 70.4482
15.9973 70.4958 70.2165 61.243 70.4958
16.042 70.578 70.2646 61.4554 70.578
16.0867 70.6597 70.3472 61.3889 70.6597
16.1314 70.6717 70.4294 61.3227 70.6717
16.1761 70.7182 70.3729 61.395 70.7182
16.2207 70.7989 70.5234 61.4669 70.7989
16.2654 70.8104 70.5357 61.5728 70.8448
16.3101 70.8562 70.5822 61.5753 70.8562
16.3548 70.9358 70.6967 61.5437 70.9358
16.3995 70.9809 70.8106 61.5123 70.9809
16.4442 71.0258 70.9239 61.5149 71.0258
16.4889 71.0027 70.935 61.5176 71.0027
16.5335 70.9459 70.8446 61.4865 70.9459
16.5782 71.058 70.9906 61.4218 71.058
16.6229 71.203 71.0349 61.4247 71.203
16.6676 71.3137 71.1461 61.4946 71.3137
16.7123 71.3904 71.2233 61.4305 71.3904
16.757 71.4667 71.2667 61.4667 71.4667
16.8017 71.4761 71.2766 61.4694 71.4761
16.8463 71.4523 71.2202 61.439 71.4854
16.891 71.4947 71.3624 61.5741 71.4947
16.9357 71.5699 71.3391 61.5765 71.5699
16.9804 71.5789 71.4474 61.7105 71.5789
17.0251 71.6207 71.4895 61.8438 71.6207
17.0698 71.6296 71.466 61.7474 71.6296
17.1145 71.671 71.5405 61.7493 71.671
17.1591 71.7448 71.5169 61.7188 71.7448
17.2038 71.7857 71.6234 61.6883 71.7857
17.2485 71.956 71.794 61.7228 71.956
17.2932 71.9638 71.7377 61.7571 71.9638
17.3379 72.0361 71.7784 61.9201 72.0361
17.3826 72.0758 71.8509 62.0823 72.0758
17.4272 72.2436 71.9872 62.1474 72.2436
17.4719 72.3465 72.1547 62.1164 72.3465
17.5166 72.3852 72.162 62.0536 72.3852
17.5613 72.3919 72.201 62.0547 72.3919
17.606 72.3668 72.2716 61.9924 72.3668
17.6507 72.5 72.3734 62.057 72.5316
17.6954 72.5379 72.3485 62.1843 72.5379
17.74 72.5126 72.3552 62.2481 72.5126
17.7847 72.5188 72.3932 62.3116 72.5503
17.8294 72.5877 72.3684 62.2807 72.5877
17.8741 72.5 72.3125 62.25 72.5
17.9188 72.4751 72.288 62.2195 72.4751
17.9635 72.5124 72.2326 62.2201 72.5124
18.0082 72.4876 72.2084 62.1898 72.5186
18.0528 72.5248 72.2463 62.2215 72.5248
18.0975 72.5926 72.2531 62.3148 72.5926
18.1422 72.5062 72.2599 62.1921 72.5062
18.1869 72.5123 72.2052 62.1622 72.5123
18.2316 72.4265 72.212 62.1017 72.4265
18.2763 72.3411 72.1883 61.9804 72.3411
18.321 72.2256 72.1646 61.9207 72.2256
18.3656 72.1107 72.0499 61.8613 72.1107
18.4103 71.9964 71.966 61.8022 71.9964
18.455 72.0036 71.9734 61.8341 72.0036
18.4997 72.0713 71.9505 61.9263 72.0713
18.5444 72.1386 71.9578 61.8976 72.1386
18.5891 72.1154 71.9651 61.9291 72.1154
18.6337 72.2122 72.0324 61.9904 72.2122
18.6784 72.189 72.0395 62.1411 72.189
18.7231 72.3449 72.1659 62.142 72.3449
18.7678 72.381 72.1726 62.1429 72.381
18.8125 72.4169 72.2684 62.2031 72.4169
18.8572 72.3934 72.2453 62.2334 72.3934
18.9019 72.4291 72.3109 62.2931 72.4291
18.9465 72.4941 72.4351 62.4116 72.4941
18.9912 72.6176 72.4412 62.4706 72.6176
19.0359 72.5352 72.4765 62.3826 72.5646
19.0806 72.5703 72.4532 62.3244 72.5703
19.1253 72.5467 72.5467 62.4124 72.5467
19.17 72.6107 72.5816 62.3543 72.6107
19.2147 72.7326 72.6453 62.3547 72.7326
19.2593 72.8828 72.8248 62.297 72.8828
19.304 72.9456 72.8588 62.2975 72.9167
19.3487 72.9215 72.806 62.2979 72.9215
19.3934 72.9263 72.7823 62.2984 72.8975
19.4381 72.8448 72.7011 62.2989 72.8448
19.4828 72.8498 72.7638 62.3567 72.8498
19.5275 72.9691 72.8261 62.3856 72.9691
19.5721 72.9452 72.8311 62.4144 72.9452
19.6168 72.9214 72.8075 62.4431 72.9214
19.6615 73.0114 72.8409 62.4716 72.983
19.7062 72.9875 72.8741 62.4433 72.9308
19.7509 72.9921 72.879 62.5283 72.9355
19.7956 73.053 72.8837 62.5847 72.9966
19.8403 73.0856 72.9167 62.6408 73.0011
19.8849 73.2303 73.118 62.6404 73.0899
19.9296 73.2904 73.1502 62.6401 73.1783
19.9743 73.2942 73.2383 62.7517 73.2383
20.019 73.4096 73.4096 62.8348 73.3538
20.0637 73.5245 73.4967 62.9176 73.4967
20.1084 73.6389 73.5556 62.9444 73.6111
20.153 73.7251 73.6419 63.082 73.6696
20.1977 73.7832 73.6726 63.1084 73.7555
20.2424 73.8962 73.7307 63.1623 73.8411
20.2871 74.0088 73.8161 63.2709 73.9537
20.3318 74.1209 73.8736 63.2692 74.011
20.3765 74.0406 73.7664 63.295 73.9309
20.4212 74.1794 73.9059 63.3753 74.0427
20.4658 74.2358 74.0448 63.4007 74.0993
20.5105 74.3736 74.1013 63.4532 74.1558
20.5552 74.4022 74.0761 63.5054 74.0761
20.5999 74.5119 74.1323 63.5304 74.1594
20.6446 74.5942 74.1883 63.5281 74.2154
20.6893 74.676 74.2441 63.5529 74.3251
20.734 74.8114 74.3534 63.6315 74.4612
20.7786 74.8656 74.543 63.6828 74.6237
20.8233 74.8659 74.6245 63.6534 74.6513
20.868 74.8394 74.5985 63.7045 74.6788
20.9127 74.9733 74.6795 63.8088 74.8397
20.9574 75 74.7868 63.8593 74.92
21.0021 75.1064 74.7872 63.9362 74.9468
21.0468 75.2389 74.8673 63.9331 75.1062
21.0914 75.3178 74.8941 63.9036 75.1589
21.1361 75.2643 74.8943 63.9271 75.1586
21.1808 75.2901 74.9473 63.9504 75.2637
21.2255 75.3947 75.0263 64 75.3684
21.2702 75.3676 74.9737 63.9968 75.3676
21.3149 75.3145 74.9738 63.9675 75.3145
21.3595 75.3138 75.0523 63.9644 75.3138
21.4042 75.3132 75.1044 63.857 75.2349
21.4489 75.2604 75.1562 63.8802 75.2865
21.4936 75.2339 75.1819 63.8254 75.3378
21.5383 75.3112 75.2593 63.9263 75.3631
21.583 75.2847 75.2329 63.9493 75.3623
21.6277 75.3357 75.2583 63.9463 75.4132
21.6723 75.3093 75.2577 63.9175 75.3608
21.717 75.2829 75.2829 63.966 75.3858
21.7617 75.308 75.2823 64.0144 75.4363
21.8064 75.2818 75.2561 63.9857 75.4355
21.8511 75.2812 75.1789 64.0337 75.409
21.8958 75.2806 75.2041 64.1582 75.5102
21.9405 75.28 75.2546 64.2057 75.5346
21.9851 75.3811 75.2541 64.2022 75.5843
22.0298 75.355 75.1775 64.2748 75.6085
22.0745 75.3543 75.253 64.3472 75.6326
22.1192 75.404 75.2778 64.4192 75.6818
22.1639 75.504 75.2772 64.4153 75.7056
22.2086 75.4276 75.3018 64.3863 75.7294
22.2533 75.3765 75.2259 64.3072 75.7028
22.2979 75.4259 75.2004 64.2786 75.7265
22.3426 75.425 75.225 64.2 75.7
22.3873 75.3992 75.2246 64.2216 75.7485
22.432 75.3735 75.2241 64.2181 75.747
22.4767 75.3728 75.174 64.2893 75.7704
22.5214 75.372 75.1736 64.3353 75.7937
22.5661 75.4455 75.198 64.3317 75.8168
22.6107 75.4447 75.1976 64.3281 75.8399
22.6554 75.4191 75.2219 64.3491 75.8383
22.7001 75.3691 75.1722 64.3209 75.812
22.7448 75.3929 75.1965 64.391 75.7859
22.7895 75.3676 75.1716 64.3873 75.8824
22.8342 75.3669 75.1712 64.3836 75.9051
22.8788 75.3418 75.1221 64.3555 75.8545
22.9235 75.3168 75.0731 64.3519 75.8285
22.9682 75.3891 75.1946 64.3482 75.8998
23.0129 75.4126 75.1699 64.4175 75.9466
23.0576 75.5087 75.2422 64.4622 76.0174
23.1023 75.5319 75.2176 64.5309 76.088
23.147 75.5309 75.1931 64.5753 76.0618
23.1916 75.5299 75.1927 64.6917 76.0597
23.2363 75.4567 75.1442 64.7837 76.0577
23.281 75.4559 75.2159 64.8512 76.0557
23.3257 75.5268 75.2634 64.8228 76.1015
23.3704 75.5736 75.239 64.914 76.1711
23.4151 75.5964 75.2385 64.9094 76.1689
23.4598 75.6905 75.3333 65 76.2381
23.5044 75.6892 75.3327 64.9952 76.2833
23.5491 75.759 75.4032 65.0854 76.3283
23.5938 75.7576 75.3788 65.1515 76.3731
23.6385 75.8034 75.3544 65.1938 76.465
23.6832 75.7547 75.3066 65.1651 76.5094
23.7279 75.7298 75.306 65.1836 76.5772
23.7726 75.7754 75.3289 65.2256 76.6447
23.8172 75.727 75.2814 65.2674 76.6182
23.8619 75.7959 75.2575 65.3792 76.6152
23.9066 75.7477 75.2336 65.4673 76.6589
23.9513 75.6996 75.1632 65.4384 76.6325
23.996 75.7216 75.1629 65.4795 76.676
24.0407 75.7435 75.1394 65.4972 76.6496
24.0853 75.7421 75.116 65.4917 76.6234
24.13 75.7176 75.1157 65.5093 76.6898
24.1747 75.7394 75.1386 65.4806 76.7329
24.2194 75.7611 75.1153 65.452 76.7297
24.2641 75.6906 75.0691 65.3775 76.7265
24.3088 75.6664 75.046 65.3033 76.7693
24.3535 75.711 75.0229 65.2982 76.8349
24.3981 75.7097 75.0916 65.3846 76.8544
24.4428 75.617 74.9771 65.3108 76.7367
24.4875 75.5703 74.9772 65.26 76.7564
24.5322 75.5009 74.9317 65.2322 76.7532
24.5769 75.4318 74.9545 65.2045 76.75
24.6216 75.4083 74.9093 65.177 76.7468
24.6663 75.3397 74.8188 65.1721 76.6757
24.7109 75.4069 74.8644 65.1673 76.7405
24.7556 75.4061 74.9097 65.1399 76.7825
24.8003 75.3604 74.8649 65.1577 76.8468
24.845 75.3597 74.9101 65.2203 76.821
24.8897 75.3815 74.9776 65.2379 76.8851
24.9344 75.4032 74.9104 65.2106 76.8145
24.9791 75.4249 74.9553 65.2728 76.9231
25.0237 75.4241 74.9107 65.3348 76.9196
25.0684 75.4011 74.8886 65.352 76.9608
25.1131 75.3781 74.8888 65.3247 76.9573
25.1578 75.4218 74.8668 65.2975 77.0204
25.2025 75.4433 74.8449 65.2926 77.039
25.2472 75.4646 74.9558 65.2655 77.0796
25.2919 75.4196 74.9117 65.1943 77.076
25.3365 75.463 74.9118 65.2557 77.0723
25.3812 75.3961 74.868 65.2729 77.0687
25.4259 75.4394 74.8902 65.312 77.087
25.4706 75.4825 74.9123 65.3509 77.0833
25.5153 75.5692 75 65.4335 77.1454
25.56 75.5245 74.9344 65.472 77.1416
25.6046 75.5017 74.8909 65.445 77.1597
25.6493 75.4791 74.804 65.3963 77.1124
25.694 75.3913 74.7391 65.3913 77.0435
25.7387 75.3038 74.6745 65.408 76.9748
25.7834 75.26 74.6101 65.3813 76.9281
25.8281 75.1514 74.5026 65.3114 76.8599
25.8728 75.0432 74.3739 65.2418 76.8135
25.9174 74.9784 74.3103 65.2586 76.7241
25.9621 74.8709 74.2255 65.2539 76.6997
26.0068 74.8067 74.0979 65.2491 76.6538
26.0515 74.7856 74.0137 65.1587 76.5866
26.0962 74.7217 73.9512 65.1327 76.5625
26.1409 74.6795 73.8675 65.0855 76.4957
26.1856 74.5947 73.8268 64.9957 76.4505
26.2302 74.5315 73.7862 64.9489 76.4055
26.2749 74.5748 73.682 64.9235 76.4031
26.3196 74.5331 73.5993 64.8981 76.4219
26.3643 74.6186 73.6229 64.9576 76.4619
26.409 74.577 73.5829 64.9535 76.4594
26.4537 74.6622 73.6275 65.0127 76.5414
26.4984 74.6206 73.6088 65.0084 76.4966
26.543 74.6423 73.6322 64.9621 76.5783
26.5877 74.6639 73.6134 64.979 76.5756
26.6324 74.6435 73.5738 64.9748 76.594
26.6771 74.5812 73.4715 64.9497 76.6332
26.7218 74.6446 73.5159 64.9457 76.6931
26.7665 74.6035 73.4558 64.9833 76.6903
26.8111 74.6458 73.5208 65.1042 76.7083
26.8558 74.7504 73.5857 65.1206 76.8303
26.9005 74.7093 73.6088 65.1786 76.8895
26.9452 74.6683 73.6111 65.1949 76.9071
26.9899 74.731 73.6134 65.1697 76.9868
27.0346 74.7521 73.5744 65.2066 77.0248
27.0793 74.835 73.6386 65.264 77.104
27.1239 74.897 73.7438 65.3418 77.1623
27.1686 75 73.787 65.4194 77.2204
27.2133 75.0205 73.789 65.4351 77.2783
27.258 74.9795 73.7705 65.4918 77.3156
27.3027 75.0409 73.8134 65.5278 77.3936
27.3474 75 73.8562 65.5637 77.4306
27.3921 75.0408 73.8377 65.5791 77.447
27.4367 75 73.7581 65.513 77.3616
27.4814 75.0203 73.8008 65.5285 77.3984
27.5261 74.9797 73.7622 65.5235 77.3336
27.5708 75 73.7844 65.5389 77.3298
27.6155 75.0607 73.8066 65.5542 77.3261
27.6602 75 73.7682 65.5291 77.3223
27.7049 75 73.8105 65.6048 77.379
27.7495 75.0403 73.7923 65.6401 77.3349
27.7942 75.0804 73.8344 65.7355 77.3513
27.8389 75.0201 73.8363 65.7504 77.3074
27.8836 75.1002 73.9583 65.8654 77.3438
27.9283 75.1 74.04 65.92 77.4
27.973 75.0799 74.0615 65.8946 77.4161
28.0177 75.1196 74.1228 66.0088 77.4721
28.0623 75.1194 74.1441 66.0828 77.4881
28.107 75.1192 74.1256 66.0374 77.4245
28.1517 75.0992 74.1071 66.0119 77.381
28.1964 75.1189 74.1284 66.0261 77.3574
28.2411 75.1187 74.1297 66.0601 77.3536
28.2858 75.158 74.2101 66.094 77.4092
28.3304 75.2169 74.2114 66.1475 77.4645
28.3751 75.2362 74.2126 66.1614 77.4803
28.4198 75.2358 74.1942 66.195 77.5157
28.4645 75.2551 74.2347 66.2284 77.5706
28.5092 75.2939 74.2163 66.2813 77.6058
28.5539 75.3912 74.198 66.3146 77.6995
28.5986 75.4883 74.2578 66.3672 77.6758
28.6432 75.5265 74.22 66.4392 77.6716
28.6879 75.5841 74.2212 66.4914 77.7064
28.7326 75.5832 74.203 66.5435 77.7216
28.7773 75.5047 74.1654 66.5567 77.6592
28.822 75.4845 74.2054 66.5698 77.7132
28.8667 75.4257 74.1873 66.5248 77.6896
28.9114 75.4057 74.1692 66.5185 77.6662
28.956 75.463 74.2284 66.5509 77.7199
29.0007 75.443 74.1911 66.5639 77.7157
29.0454 75.5192 74.2692 66.6154 77.7692
29.0901 75.5952 74.3856 66.7243 77.8226
29.1348 75.5943 74.3865 66.6986 77.7991
29.1795 75.6317 74.4257 66.7113 77.7565
29.2242 75.669 74.4648 66.7813 77.7905
29.2688 75.7634 74.5611 66.813 77.8435
29.3135 75.8384 74.5617 66.8445 77.8963
29.3582 75.7801 74.5244 66.7808 77.8349
29.4029 75.8169 74.5441 66.8503 77.8116
29.4476 75.8536 74.5827 66.8816 77.7693
29.4923 75.9091 74.5644 66.8939 77.7841
29.5369 75.9266 74.6029 66.9251 77.8366
29.5816 76.0196 74.6224 67.0317 77.8512
29.6263 76.0558 74.6606 67.006 77.8092
29.671 76.1295 74.7176 67.0181 77.805
29.7157 76.1654 74.7744 67.0865 77.8008
29.7604 76.2575 74.8686 67.0983 77.8341
29.8051 76.2369 74.8126 67.054 77.8111
29.8497 76.3473 74.8877 67.0472 77.8443
29.8944 76.3079 74.8505 67.003 77.8401
29.9391 76.3433 74.8694 67.0149 77.8358
29.9838 76.3413 74.8696 67.0082 77.7757
30.0285 76.4137 74.907 67.0201 77.7716
30.0732 76.5416 74.9629 67.0877 77.8232
30.1179 76.5579 75.0371 67.1736 77.7634
30.1625 76.537 75.1111 67.2222 77.8148
30.2072 76.5717 75.1109 67.2522 77.7922
30.2519 76.6064 75.1108 67.2452 77.8434
30.2966 76.5671 75.1291 67.2751 77.7839
30.3413 76.5464 75.1105 67.2496 77.7798
30.386 76.5441 75.1103 67.261 77.7757
30.4307 76.5602 75.2019 67.3642 77.7533
30.4753 76.6496 75.2933 67.4487 77.8043
30.52 76.6105 75.2379 67.478 77.8184
30.5647 76.663 75.2924 67.4708 77.924
30.6094 76.5876 75.3102 67.4818 77.9745
30.6541 76.6764 75.4009 67.5838 77.9337
30.6988 76.7285 75.4549 67.6128 77.9476
30.7435 76.7442 75.4906 67.6599 77.9978
30.7881 76.7779 75.5624 67.6705 78.0298
30.8328 76.8116 75.5616 67.7536 77.971
30.8775 76.8452 75.5608 67.7098 77.9667
30.9222 76.8967 75.578 67.7926 77.9805
30.9669 76.9661 75.5952 67.8571 77.9401
31.0116 76.9993 75.6124 67.8854 77.8999
31.0562 77.0683 75.6295 67.8777 77.8957
31.1009 77.0474 75.6466 67.9059 77.8915
31.1456 77.0983 75.6456 67.9161 77.9232
31.1903 77.149 75.6626 67.9262 77.937
31.235 77.128 75.6438 67.9542 77.9149
31.2797 77.1429 75.6607 68 77.9643
31.3244 77.1576 75.6598 67.9743 77.9601
31.369 77.208 75.6588 67.9843 78.0093
31.4137 77.2226 75.6223 68.0477 77.9872
31.4584 77.255 75.6392 68.0575 78.0185
31.5031 77.305 75.6738 68.1028 77.9787
31.5478 77.3017 75.6551 68.1126 77.9391
31.5925 77.3515 75.7072 68.14 77.9349
31.6372 77.4364 75.7415 68.2203 77.8955
31.6818 77.433 75.7228 68.1594 77.909
31.7265 77.4648 75.8451 68.2218 77.9401
31.7712 77.4437 75.879 68.2489 77.9184
31.8159 77.5105 75.9129 68.3111 77.967
31.8606 77.5421 75.9292 68.3555 77.9278
31.9053 77.556 75.9454 68.3999 77.8887
31.95 77.5524 75.9441 68.4266 77.9196
31.9946 77.5838 76.0126 68.4707 77.9155
32.0393 77.6499 76.0983 68.5495 77.9463
32.084 77.6985 76.1838 68.5585 77.9074
32.1287 77.7121 76.2517 68.5501 77.9207
32.1734 77.6736 76.2674 68.5764 77.8646
32.2181 77.7046 76.3003 68.6026 77.8086
32.2627 77.6662 76.2292 68.5942 77.8047
32.3074 77.6452 76.2102 68.5512 77.749
32.3521 77.6588 76.2258 68.5773 77.7452
32.3968 77.6724 76.1897 68.5862 77.7241
32.4415 77.7376 76.2741 68.6467 77.7032
32.4862 77.8198 76.3239 68.6898 77.6994
32.5309 77.8674 76.3908 68.7328 77.7129
32.5755 77.9492 76.3889 68.7243 77.7435
32.6202 77.9281 76.3356 68.7158 77.7226
32.6649 77.9241 76.3338 68.7244 77.6676
32.7096 77.9542 76.3832 68.7329 77.681
32.7543 78.0184 76.4154 68.7926 77.6774
32.799 78.0143 76.4135 68.8522 77.6396
32.8437 78.0442 76.4456 68.9116 77.619
32.8883 78.091 76.4606 68.9029 77.6495
32.933 78.1547 76.4417 68.945 77.7137
32.9777 78.1843 76.4397 68.9702 77.7439
33.0224 78.2138 76.4208 68.9953 77.7571
33.0671 78.2095 76.4358 69.0203 77.7534
33.1118 78.222 76.4507 69.0452 77.7328
33.1565 78.2513 76.4656 69.1038 77.6786
33.2011 78.2806 76.5141 69.1622 77.6413
33.2458 78.3098 76.5457 69.2372 77.5874
33.2905 78.3389 76.5604 69.245 77.5671
33.3352 78.368 76.6421 69.2862 77.5469
33.3799 78.3802 76.6734 69.2938 77.51
33.4246 78.3757 76.6377 69.268 77.4398
33.4693 78.4379 76.7023 69.259 77.4032
33.5139 78.4833 76.7333 69.3667 77.35
33.5586 78.5453 76.731 69.4407 77.2969
33.6033 78.5738 76.7453 69.4814 77.2606
33.648 78.6355 76.7596 69.4721 77.2576
33.6927 78.7135 76.8402 69.4794 77.2546
33.7374 78.7417 76.8709 69.553 77.2351
33.782 78.7698 76.8849 69.5271 77.166
33.8267 78.7318 76.8329 69.5178 77.1136
33.8714 78.7599 76.8799 69.5086 77.0284
33.9161 78.7879 76.8939 69.5817 77.0092
33.9608 78.8322 76.9408 69.6053 76.9901
34.0055 78.8436 76.9875 69.6124 76.9547
34.0502 78.855 77.0505 69.6686 76.9193
34.0948 78.8827 77.0806 69.7084 76.884
34.1395 78.9267 77.0942 69.7644 76.8979
34.1842 78.9542 77.1078 69.7876 76.8791
34.2289 78.998 77.1867 69.827 76.8603
34.2736 79.058 77.2164 69.8501 76.8253
34.3183 79.1504 77.2949 69.9219 76.8066
34.363 79.145 77.2919 69.961 76.7718
34.4076 79.1721 77.3214 69.9838 76.737
34.4523 79.1991 77.3671 70.0227 76.6861
34.497 79.2908 77.4449 70.0777 76.6677
34.5417 79.3176 77.5226 70.1164 76.6171
34.5864 79.2959 77.4871 70.155 76.5665
34.6311 79.3065 77.5 70.1613 76.5323
34.6758 79.2687 77.5129 70.1997 76.4981
34.7204 79.2632 77.5418 70.2381 76.464
34.7651 79.322 77.5868 70.2603 76.4299
34.8098 79.3485 77.5834 70.2824 76.4281
34.8545 79.3269 77.6603 70.2885 76.4103
34.8992 79.3374 77.6729 70.3265 76.3444
34.9439 79.4118 77.7334 70.3485 76.2948
34.9885 79.3742 77.7299 70.3544 76.2292
35.0332 79.4005 77.7423 70.3603 76.1958
35.0779 79.4108 77.7389 70.3503 76.1783
35.1226 79.4211 77.7354 70.4039 76.1291
35.1673 79.479 77.7637 70.3939 76.0801
35.212 79.4416 77.7443 70.3997 76.0311
35.2567 79.4994 77.8359 70.5165 76.0932
35.3013 79.5728 77.9114 70.6013 76.1392
35.346 79.6144 77.9709 70.67 76.1536
35.3907 79.6244 77.9987 70.6913 76.1206
35.4354 79.7131 78.0265 70.681 76.1192
35.4801 79.7072 78.0384 70.7179 76.102
35.5248 79.7642 78.0975 70.7233 76.0849
35.5695 79.7896 78.0936 70.6972 76.0835
35.6141 79.8306 78.1054 70.7183 76.0822
35.6588 79.7932 78.0702 70.6767 76.0808
35.7035 79.7872 78.0663 70.6352 76.0482
35.7482 79.7812 78.0312 70.5938 76
35.7929 79.8377 78.0431 70.5993 75.9519
35.8376 79.8161 78.0237 70.6047 75.904
35.8823 79.8568 78.0666 70.6413 75.8717
35.9269 79.8352 78.0628 70.5846 75.8085
35.9716 79.8913 78.0901 70.559 75.7609
36.0163 79.9163 78.1328 70.518 75.7599
36.061 79.9721 78.1908 70.4771 75.7745
36.1057 79.9814 78.1869 70.4672 75.7735
36.1504 79.9753 78.1829 70.4728 75.7262
36.1951 80.0617 78.2716 70.5864 75.679
36.2397 80.0709 78.36 70.561 75.6473
36.2844 80.0647 78.3713 70.5203 75.6466
36.3291 80.0431 78.3518 70.5566 75.5996
36.3738 80.0983 78.363 70.6081 75.5835
36.4185 80.1687 78.3589 70.6595 75.5368
36.4632 80.1471 78.3854 70.6955 75.4902
36.5078 80.1714 78.4119 70.7313 75.4284
36.5525 80.1956 78.4077 70.7824 75.3973
36.5972 80.235 78.4035 70.7875 75.351
36.6419 80.2591 78.4146 70.8079 75.2744
36.6866 80.2984 78.4105 70.8739 75.2284
36.7313 80.3224 78.4672 70.8637 75.1825
36.776 80.3463 78.5237 70.884 75.1519
36.8206 80.4005 78.5346 70.8738 75.1517
36.8653 80.4394 78.5455 70.8939 75.1212
36.91 80.4328 78.5563 70.8989 75.0605
36.9547 80.4716 78.5671 70.919 75.0302
36.9994 80.4801 78.5779 70.9088 75.0151
37.0441 80.4735 78.5133 70.9439 74.9849
37.0888 80.4669 78.5241 71.009 74.9398
37.1334 80.4302 78.5199 71.0289 74.8947
37.1781 80.4537 78.5907 71.0186 74.8498
37.2228 80.5222 78.6315 71.0534 74.8049
37.2675 80.5306 78.6421 71.0132 74.7602
37.3122 80.5689 78.6976 71.003 74.7305
37.3569 80.5622 78.7231 71.0078 74.6711
37.4016 80.5406 78.7336 71.0125 74.6416
37.4462 80.534 78.7739 71.0322 74.5973
37.4909 80.5721 78.8141 71.1114 74.5977
37.5356 80.5655 78.8095 71.1161 74.5833
37.5803 80.6034 78.8644 71.1058 74.5541
37.625 80.6413 78.8599 71.1253 74.5398
37.6697 80.6198 78.8553 71.1299 74.4662
37.7143 80.5835 78.8951 71.1197 74.4076
37.759 80.5621 78.9497 71.1243 74.3639
37.8037 80.5851 78.945 71.0697 74.3647
37.8484 80.6228 78.9847 71.0744 74.3211
37.8931 80.6309 78.9947 71.079 74.3219
37.9378 80.6537 78.9753 71.0542 74.2491
37.9825 80.7059 79.0294 71.1029 74.2059
38.0271 80.6992 78.9953 71.1222 74.1334
38.0718 80.6778 79.02 71.1121 74.0757
38.1165 80.6419 79.0006 71.1166 74.0621
38.1612 80.6938 78.9959 71.1505 74.0193
38.2059 80.6725 78.9766 71.1404 73.9912
38.2506 80.6805 78.972 71.1449 73.9486
38.2953 80.6884 79.0403 71.1785 73.9207
38.3399 80.6964 79.0793 71.1976 73.8782
38.3846 80.6752 79.0308 71.2165 73.8504
38.4293 80.7267 79.0698 71.25 73.8372
38.474 80.7346 79.065 71.2689 73.8531
38.5187 80.699 79.0893 71.3167 73.8109
38.5634 80.7503 79.186 71.4079 73.8557
38.6081 80.787 79.2535 71.4988 73.8281
38.6527 80.8382 79.2775 71.5751 73.8584
38.6974 80.8458 79.2725 71.5647 73.8164
38.7421 80.8679 79.282 71.5975 73.7457
38.7868 80.9188 79.3059 71.6014 73.7615
38.8315 80.9551 79.3728 71.6484 73.7054
38.8762 81.0345 79.4684 71.681 73.7213
38.9209 81.0419 79.4776 71.6992 73.651
38.9655 81.1067 79.5155 71.7747 73.5952
39.0102 81.071 79.5103 71.807 73.5538
39.0549 81.0641 79.5051 71.8392 73.4983
39.0996 81.1571 79.5714 71.8857 73.4571
39.1443 81.1216 79.6376 71.9463 73.4589
39.189 81.1288 79.7178 71.9783 73.4179
39.2336 81.1503 79.7409 71.9675 73.3912
39.2783 81.1576 79.7497 71.9425 73.3788
39.323 81.2074 79.8295 72.0312 73.3949
39.3677 81.2287 79.8524 72.1198 73.3541
39.4124 81.2925 79.8753 72.1797 73.3135
39.4571 81.2854 79.8698 72.2112 73.2871
39.5018 81.3207 79.8784 72.2285 73.2607
39.5464 81.2994 79.8446 72.2458 73.1921
39.5911 81.3064 79.8956 72.3194 73.1377
39.6358 81.3134 79.876 72.3506 73.1257
39.6805 81.3204 79.9268 72.3536 73.1137
39.7252 81.3133 79.9353 72.3706 73.0737
39.7699 81.2921 79.9017 72.3876 73.0197
39.8146 81.3412 79.8822 72.3906 72.9938
39.8592 81.3201 79.8627 72.3935 72.94
39.9039 81.397 79.8432 72.4104 72.9283
39.9486 81.4318 79.7819 72.4273 72.9027
39.9933 81.5223 79.8184 72.4721 72.8771
40.038 81.543 79.8689 72.5167 72.7958
40.0827 81.4799 79.8774 72.5056 72.7285
40.1274 81.5562 79.9276 72.4944 72.7728
40.172 81.5489 79.9638 72.525 72.7336
40.2167 81.5556 79.9583 72.5278 72.7083
40.2614 81.5622 80.0083 72.5999 72.6693
40.3061 81.5549 80.0305 72.6025 72.6025
40.3508 81.5615 80.0664 72.6052 72.5498
40.3955 81.5957 80.0608 72.6632 72.5249
40.4401 81.616 80.1243 72.6934 72.4586
40.4848 81.6087 80.1462 72.7097 72.4062
40.5295 81.5877 80.0992 72.7122 72.3539
40.5742 81.6217 80.1487 72.7423 72.3293
40.6189 81.6144 80.198 72.8135 72.2772
40.6636 81.5659 80.1923 72.8297 72.2253
40.7083 81.5313 80.1729 72.8595 72.1734
40.7529 81.5241 80.1672 72.8755 72.1491
40.7976 81.517 80.1752 72.8505 72.1386
40.8423 81.5509 80.1833 72.8802 72.128
40.887 81.5027 80.1776 72.8689 72.0765
40.9317 81.5229 80.1719 72.8712 72.0388
40.9764 81.5022 80.1527 72.8599 72.0011
41.0211 81.5223 80.1743 72.835 71.9771
41.0657 81.5288 80.1687 72.8237 71.9124
41.1104 81.5489 80.163 72.8668 71.8478
41.1551 81.5825 80.171 72.8827 71.797
41.1998 81.6025 80.179 72.8986 71.7598
41.2445 81.6089 80.1598 72.928 71.6956
41.2892 81.6694 80.2219 72.9708 71.645
41.3339 81.7297 80.2703 73.027 71.6216
41.3785 81.7495 80.2781 73.0427 71.5713
41.4232 81.7422 80.2724 73.0448 71.5345
41.4679 81.7214 80.2532 73.0873 71.5248
41.5126 81.768 80.3014 73.1297 71.5016
41.5573 81.7204 80.2957 73.1855 71.4516
41.602 81.7401 80.2632 73.2143 71.4017
41.6467 81.6792 80.2441 73.2162 71.3385
41.6913 81.6586 80.2519 73.2181 71.3156
41.736 81.705 80.2463 73.2066 71.2527
41.7807 81.6979 80.2273 73.2086 71.2032
41.8254 81.7308 80.2217 73.2372 71.2073
41.8701 81.7636 80.2428 73.2657 71.1846
41.9148 81.783 80.2639 73.3209 71.1354
41.9594 81.7625 80.2849 73.336 71.1129
42.0041 81.7154 80.3059 73.3644 71.0771
42.0488 81.7747 80.2869 73.4325 71.0414
42.0935 81.7675 80.2946 73.4475 71.0058
42.1382 81.7869 80.3155 73.5154 70.9703
42.1829 81.8459 80.3761 73.5832 70.9613
42.2276 81.8783 80.4497 73.664 70.8995
42.2722 81.9107 80.4572 73.6919 70.8774
42.3169 81.8902 80.4646 73.6932 70.8817
42.3616 81.962 80.4852 73.7342 70.8333
42.4063 81.9942 80.5058 73.7487 70.7719
42.451 82.0132 80.5526 73.7895 70.7368
42.4957 81.9926 80.5468 73.8433 70.6887
42.5404 81.9722 80.5541 73.8708 70.6539
42.585 81.9911 80.5614 73.8458 70.606
42.6297 81.9706 80.5556 73.8339 70.5713
42.6744 82.0288 80.5759 73.8874 70.5759
42.7191 82.0737 80.6224 73.9409 70.5805
42.7638 82.0925 80.6165 73.9812 70.546
42.8085 82.0981 80.5715 74.0344 70.4854
42.8532 82.1298 80.6048 74.1267 70.464
42.8978 82.1094 80.612 74.1406 70.4297
42.9425 82.102 80.6191 74.1675 70.3694
42.9872 82.0686 80.6133 74.1944 70.3093
43.0319 82.0872 80.5945 74.1822 70.2492
43.0766 82.0799 80.5887 74.235 70.2152
43.1213 82.0725 80.5829 74.2098 70.1813
43.1659 82.0782 80.6159 74.2107 70.1605
43.2106 82.0967 80.6489 74.2503 70.1008
43.2553 82.0894 80.656 74.2898 70.0284
43.3 82.082 80.6889 74.2776 69.9948
43.3447 82.1005 80.7088 74.2912 69.9613
43.3894 82.1061 80.7286 74.292 69.9279
43.4341 82.0988 80.7099 74.2798 69.9203
43.4787 82.0529 80.6912 74.2934 69.8869
43.5234 82.1099 80.7238 74.3326 69.8409
43.5681 82.1282 80.7051 74.359 69.8077
43.6128 82.1465 80.7249 74.3724 69.7874
43.6575 82.1904 80.7446 74.4371 69.7416
43.7022 82.2342 80.8282 74.4888 69.7469
43.7469 82.2906 80.8733 74.5403 69.714
43.7915 82.3342 80.9184 74.5663 69.6684
43.8362 82.3522 80.9378 74.605 69.6228
43.8809 82.3702 80.9954 74.6054 69.5774
43.9256 82.3627 80.9639 74.5804 69.5448
43.9703 82.3679 81.0086 74.6316 69.4868
44.015 82.3858 81.0152 74.6193 69.4289
44.0597 82.4417 81.0725 74.607 69.3839
44.1043 82.4595 81.0664 74.6327 69.3769
44.149 82.4519 81.0982 74.6584 69.3193
44.1937 82.4444 81.092 74.6461 69.2745
44.2384 82.4242 81.0732 74.6717 69.2298
44.2831 82.4546 81.0923 74.7225 69.2104
44.3278 82.4849 81.124 74.7606 69.1784
44.3725 82.4773 81.1178 74.7986 69.1591
44.4171 82.495 81.1242 74.7862 69.1398
44.4618 82.4623 81.1558 74.7613 69.1206
44.5065 82.4423 81.1621 74.8368 69.114
44.5512 82.4599 81.1434 74.8621 69.0948
44.5959 82.4399 81.1999 74.8873 69.0381
44.6406 82.3949 81.1687 74.8874 69.0065
44.6852 82.425 81.175 74.9 68.9875
44.7299 82.4051 81.1813 74.9001 68.956
44.7746 82.4102 81.1876 74.9251 68.9496
44.8193 82.4153 81.2438 74.9626 68.9058
44.864 82.3954 81.25 74.9875 68.9119
44.9087 82.3881 81.2438 74.9876 68.9055
44.9534 82.3931 81.2624 74.9876 68.8494
44.998 82.3982 81.2934 74.9876 68.8059
45.0427 82.3909 81.312 75.0124 68.7624
45.0874 82.3959 81.3305 75.0496 68.719
45.1321 82.4257 81.3861 75.0866 68.6757
45.1768 82.4802 81.4416 75.0742 68.6325
45.2215 82.4975 81.4476 75.1112 68.6141
45.2662 82.5148 81.4783 75.1111 68.5834
45.3108 82.5321 81.4842 75.1233 68.5651
45.3555 82.6108 81.5517 75.197 68.6207
45.4002 82.6403 81.6068 75.1845 68.627
45.4449 82.645 81.5757 75.1721 68.5595
45.4896 82.6375 81.5693 75.1473 68.529
45.5343 82.6546 81.5628 75.1227 68.4863
45.579 82.6593 81.5686 75.1348 68.4436
45.6236 82.7008 81.6112 75.1592 68.4011
45.6683 82.7177 81.6169 75.1957 68.3464
45.713 82.7224 81.6227 75.2199 68.3162
45.7577 82.7637 81.6772 75.2563 68.2739
45.8024 82.7561 81.7073 75.2195 68.2317
45.8471 82.7729 81.713 75.2071 68.1774
45.8917 82.8384 81.7186 75.2434 68.184
45.9364 82.8551 81.7607 75.2675 68.1177
45.9811 82.8353 81.7784 75.2915 68.0879
46.0258 82.8277 81.7476 75.3155 68.0583
46.0705 82.808 81.7168 75.3152 68.0044
46.1152 82.8125 81.7224 75.3513 67.9748
46.1599 82.8291 81.7401 75.3751 67.9332
46.2045 82.8095 81.7094 75.3385 67.8917
46.2492 82.8382 81.6908 75.3623 67.8502
46.2939 82.8427 81.7206 75.3499 67.8571
46.3386 82.823 81.7743 75.3978 67.852
46.3833 82.8516 81.8039 75.4215 67.8227
46.428 82.8802 81.8094 75.4211 67.8056
46.4727 82.8606 81.7909 75.4207 67.7885
46.5173 82.865 81.7723 75.4323 67.7594
46.562 82.8575 81.7658 75.4439 67.7063
46.6067 82.85 81.7474 75.4314 67.6654
46.6514 82.8903 81.7648 75.4789 67.6485
46.6961 82.8828 81.7584 75.5024 67.6077
46.7408 82.8991 81.7878 75.5258 67.555
46.7855 82.9035 81.8052 75.5372 67.5024
46.8301 82.9079 81.7867 75.5487 67.4499
46.8748 82.9123 81.7564 75.5362 67.3975
46.9195 82.9167 81.7143 75.5357 67.381
46.9642 82.9091 81.7317 75.559 67.3287
47.0089 82.9254 81.7372 75.606 67.3004
47.0536 82.9179 81.6952 75.5817 67.2365
47.0983 82.9222 81.7125 75.5693 67.1964
47.1429 82.9265 81.6825 75.5806 67.1445
47.1876 82.919 81.6998 75.6155 67.0928
47.2323 82.947 81.7171 75.5913 67.053
47.277 82.9513 81.7108 75.6144 67.025
47.3217 82.9438 81.728 75.6374 67.009
47.3664 82.9481 81.7099 75.6486 67.0165
47.411 82.976 81.7271 75.6715 67.0123
47.4557 83.0155 81.7679 75.7298 66.9845
47.5004 83.0433 81.7733 75.7291 66.9332
47.5451 83.0475 81.8022 75.7636 66.9173
47.5898 83.0516 81.8192 75.7746 66.9014
47.6345 83.0324 81.7894 75.8208 66.8621
47.6792 83.06 81.783 75.8318 66.8112
47.7238 83.0407 81.8001 75.8544 66.8071
47.7685 83.1034 81.8873 75.9355 66.8265
47.8132 83.1075 81.9042 75.9579 66.7757
47.8579 83.0766 81.8861 75.9921 66.725
47.9026 83.0924 81.8913 76.0261 66.6744
47.9473 83.1547 81.9432 76.0951 66.6473
47.992 83.1471 81.9483 76.0824 66.6201
48.0366 83.1628 81.9302 76.093 66.6047
48.0813 83.1436 81.9238 76.092 66.6008
48.126 83.1476 81.9406 76.1142 66.5738
48.1707 83.1517 81.9457 76.1596 66.5816
48.2154 83.1325 81.9393 76.1701 66.5778
48.2601 83.1366 81.9213 76.2037 66.5278
48.3048 83.129 81.9496 76.2373 66.4894
48.3494 83.0984 81.9547 76.2246 66.4741
48.3941 83.114 81.9598 76.2812 66.4243
48.4388 83.0835 81.988 76.3261 66.3861
48.4835 83.1336 82.0276 76.3594 66.3364
48.5282 83.1377 82.0672 76.3352 66.3214
48.5729 83.1417 82.0377 76.3224 66.2833
48.6176 83.1572 82.0772 76.3787 66.2799
48.6622 83.1841 82.1051 76.3774 66.242
48.7069 83.211 82.0986 76.3647 66.2271
48.7516 83.2493 82.1609 76.3863 66.1778
48.7963 83.3104 82.2001 76.4423 66.1287
48.841 83.3371 82.1935 76.4982 66.091
48.8857 83.3524 82.2212 76.5311 66.0763
48.9303 83.379 82.2489 76.5753 66.0731
48.975 83.3599 82.2194 76.5739 66.047
49.0197 83.3295 82.2129 76.5725 66.021
49.0644 83.3789 82.2518 76.5938 65.995
49.1091 83.3826 82.2338 76.6151 65.9577
49.1538 83.4091 82.2273 76.6477 65.9318
49.1985 83.4355 82.2434 76.6689 65.906
49.2431 83.4846 82.2822 76.7241 65.8689
49.2878 83.5335 82.3096 76.8019 65.8318
49.3325 83.5598 82.3596 76.8456 65.8175
49.3772 83.586 82.4095 76.9005 65.7919
49.4219 83.5782 82.4028 76.91 65.7663
49.4666 83.5592 82.3961 76.9309 65.752
49.5113 83.5289 82.412 76.9179 65.7265
49.5559 83.5325 82.4166 76.95 65.7011
49.6006 83.5473 82.3986 76.9932 65.6757
49.6453 83.5284 82.4145 76.9914 65.6278
49.69 83.4757 82.3629 76.9897 65.5913
49.7347 83.4906 82.345 77.0103 65.5885
49.7794 83.4717 82.3609 76.9973 65.5745
49.8241 83.4529 82.3318 76.9619 65.5493
49.8687 83.4677 82.3365 76.9489 65.5354
49.9134 83.4266 82.3411 76.9584 65.4879
49.9581 83.475 82.3681 77.0349 65.4517
50.0028 83.5009 82.3615 77.0666 65.4379
50.0475 83.5156 82.3661 77.0871 65.4129
50.0922 83.508 82.4041 77.1521 65.3546
50.1368 83.5784 82.4755 77.2059 65.3632
50.1815 83.6153 82.5356 77.2818 65.394
50.2262 83.6077 82.5512 77.2909 65.3581
50.2709 83.6 82.5889 77.3111 65.3333
50.3156 83.6257 82.6155 77.298 65.3197
50.3603 83.6513 82.6309 77.3181 65.2839
50.405 83.6879 82.6463 77.3715 65.2593
50.4496 83.7467 82.6616 77.4026 65.2679
50.4943 83.7279 82.6549 77.4226 65.2102
50.539 83.7091 82.626 77.4536 65.1746
50.5837 83.6904 82.6413 77.4845 65.1281
50.6284 83.6937 82.6346 77.4713 65.0816
50.6731 83.6971 82.6389 77.4581 65.0463
50.7178 83.6454 82.6101 77.4339 65.011
50.7624 83.6488 82.6364 77.4318 64.9978
50.8071 83.6522 82.6297 77.4516 64.9626
50.8518 83.6555 82.656 77.5044 64.9275
50.8965 83.626 82.6383 77.5132 64.8924
50.9412 83.6623 82.6864 77.5439 64.8684
50.9859 83.6328 82.6687 77.5307 64.8554
51.0306 83.6252 82.6729 77.5832 64.8095
51.0752 83.6614 82.6881 77.6137 64.7638
51.1199 83.6866 82.7251 77.6333 64.7727
51.1646 83.6572 82.7293 77.6638 64.7489
51.2093 83.726 82.788 77.6942 64.7142
51.254 83.7184 82.803 77.7354 64.6796
51.2987 83.7108 82.7962 77.733 64.6777
51.3434 83.725 82.8329 77.7524 64.6649
51.388 83.6957 82.837 77.7826 64.6196
51.4327 83.6664 82.841 77.7911 64.5851
51.4774 83.6697 82.8559 77.7778 64.5291
51.5221 83.6839 82.8925 77.7754 64.5273
51.5668 83.698 82.9289 77.8055 64.4931
51.6115 83.7121 82.9221 77.803 64.4805
51.6561 83.737 82.8936 77.833 64.4464
51.7008 83.7943 82.9084 77.8414 64.4231
51.7455 83.8083 82.9123 77.8713 64.3998
51.7902 83.8115 82.884 77.8796 64.3766
51.8349 83.8254 82.8448 77.9203 64.375
51.8796 83.8286 82.795 77.9285 64.3411
51.9243 83.821 82.7668 77.9045 64.318
51.9689 83.8134 82.7386 77.9235 64.3057
52.0136 83.8058 82.732 77.9639 64.2504
52.0583 83.7983 82.6717 77.9399 64.2167
52.103 83.7907 82.6222 77.8945 64.1938
52.1477 83.7939 82.5943 77.9456 64.1602
52.1924 83.7864 82.5664 77.9645 64.1267
52.2371 83.7896 82.5492 77.994 64.1039
52.2817 83.7821 82.5321 77.9808 64.0812
52.3264 83.7746 82.5043 77.9889 64.0478
52.3711 83.7884 82.5192 78.0397 64.0145
52.4158 83.8022 82.4808 78.0371 63.9812
52.4605 83.7841 82.4425 78.0451 63.9587
52.5052 83.8191 82.4574 78.1064 63.9255
52.5499 83.8116 82.4405 78.125 63.8924
52.5945 83.8042 82.4235 78.1542 63.8594
52.6392 83.8073 82.4172 78.1728 63.8264
52.6839 83.8422 82.4215 78.2125 63.8147
52.7286 83.8453 82.4153 78.2309 63.7712
52.7733 83.8167 82.3984 78.207 63.7595
52.818 83.8832 82.4027 78.2572 63.7373
52.8626 83.8863 82.3859 78.3073 63.7363
52.9073 83.8999 82.3585 78.3467 63.7247
52.952 83.9768 82.3945 78.3966 63.7025
52.9967 83.9587 82.3567 78.4148 63.691
53.0414 83.9722 82.3294 78.4014 63.7005
53.0861 83.9752 82.3338 78.4196 63.6995
53.1308 83.9676 82.3171 78.4167 63.6775
53.1754 83.9916 82.3214 78.4769 63.6555
53.2201 83.9945 82.3468 78.516 63.623
53.2648 83.9555 82.3301 78.534 63.6221
53.3095 83.9271 82.2925 78.531 63.5897
53.3542 83.8882 82.276 78.5804 63.5678
53.3989 83.8494 82.249 78.5669 63.5774
53.4436 83.8106 82.2533 78.5849 63.5765
53.4882 83.7928 82.2368 78.6132 63.5443
53.5329 83.7855 82.2934 78.6728 63.5121
53.5776 83.7573 82.2977 78.701 63.48
53.6223 83.7188 82.2917 78.7188 63.4896
53.667 83.7115 82.3272 78.7573 63.4888
53.7117 83.6834 82.3211 78.7854 63.4671
53.7564 83.6866 82.367 78.803 63.4456
53.801 83.669 82.392 78.831 63.4344
53.8457 83.6203 82.4066 78.8278 63.4336
53.8904 83.6028 82.3798 78.8454 63.4328
53.9351 83.5957 82.3633 78.8422 63.4217
53.9798 83.5989 82.3675 78.87 63.3796
54.0245 83.5608 82.3408 78.9082 63.3788
54.0692 83.5227 82.3347 78.8946 63.3471
54.1138 83.526 82.3596 78.9017 63.3464
54.1585 83.4983 82.3432 78.8985 63.3251
54.2032 83.4501 82.3166 78.9159 63.3244
54.2479 83.4123 82.3311 78.9436 63.2928
54.2926 83.3951 82.3354 78.9918 63.251
54.3373 83.4087 82.3705 79.0502 63.2401
54.3819 83.3915 82.385 79.0571 63.2087
54.4266 83.3744 82.3686 79.0538 63.1773
54.4713 83.3675 82.4036 79.0915 63.1563
54.516 83.3402 82.377 79.1291 63.1148
54.5607 83.3129 82.3608 79.1564 63.0835
54.6054 83.2856 82.365 79.1633 63.0933
54.6501 83.2584 82.3692 79.211 63.0826
54.6947 83.221 82.3632 79.2382 63.0617
54.7394 83.2041 82.3878 79.2245 63.051
54.7841 83.228 82.4327 79.2312 63.02
54.8288 83.2518 82.4368 79.2685 62.989
54.8735 83.2451 82.441 79.3058 62.9581
54.9182 83.2587 82.4451 79.3531 62.9373
54.9629 83.2825 82.4492 79.3902 62.9573
55.0075 83.2961 82.4533 79.3968 62.9265
55.0522 83.2995 82.4878 79.4136 62.9566
55.0969 83.3333 82.4919 79.4404 62.9461
55.1416 83.3468 82.4858 79.4469 62.9254
55.1863 83.3603 82.5 79.4737 62.9352
55.231 83.3536 82.4939 79.4498 62.9146
55.2757 83.367 82.5283 79.4968 62.8739
55.3203 83.4006 82.5727 79.5436 62.8231
55.365 83.3939 82.5969 79.6005 62.8027
55.4097 83.3972 82.6109 79.5968 62.7823
55.4544 83.4106 82.645 79.6636 62.7518
55.4991 83.434 82.6691 79.7101 62.7114
55.5438 83.4674 82.6931 79.7064 62.7112
55.5884 83.4506 82.6969 79.6925 62.6608
55.6331 83.4438 82.6807 79.6787 62.6305
55.6778 83.4169 82.6645 79.675 62.6003
55.7225 83.4503 82.6684 79.6913 62.5902
55.7672 83.4335 82.6923 79.7175 62.6002
55.8119 83.4267 82.6661 79.7338 62.5901
55.8566 83.43 82.64 79.78 62.6
55.9012 83.4233 82.6139 79.7962 62.5899
55.9459 83.4165 82.6178 79.8223 62.5699
55.9906 83.4198 82.6117 79.7785 62.5798
56.0353 83.4031 82.5957 79.7747 62.5698
56.08 83.3665 82.6096 79.7809 62.5598
56.1247 83.3897 82.6433 79.8069 62.5299
56.1694 83.3632 82.6173 79.8528 62.5099
56.214 83.3565 82.6113 79.8589 62.4801
56.2587 83.3499 82.6052 79.8848 62.4901
56.3034 83.3929 82.6587 79.9405 62.4702
56.3481 83.4556 82.7022 79.9861 62.4504
56.3928 83.4687 82.706 80.0218 62.4802
56.4375 83.4818 82.7197 80.0871 62.4505
56.4822 83.4949 82.7334 80.1325 62.4209
56.5268 83.4783 82.6976 80.168 62.4111
56.5715 83.4814 82.6718 80.1738 62.4013
56.6162 83.4353 82.6657 80.1993 62.3915
56.6609 83.4681 82.6991 80.2149 62.3916
56.7056 83.5303 82.7128 80.2699 62.4015
56.7503 83.563 82.7165 80.3346 62.4016
56.795 83.5464 82.7498 80.3698 62.3721
56.8396 83.52 82.7437 80.3656 62.3428
56.8843 83.5134 82.7474 80.3712 62.3527
56.929 83.4969 82.7512 80.416 62.3626
56.9737 83.549 82.7549 80.4804 62.3137
57.0184 83.5619 82.7292 80.4957 62.3433
57.0631 83.6042 82.7525 80.5403 62.3727
57.1077 83.6757 82.7758 80.5751 62.3924
57.1524 83.708 82.8186 80.5708 62.4414
57.1971 83.7402 82.8711 80.6055 62.4707
57.2418 83.7822 82.904 80.6011 62.539
57.2865 83.8144 82.8491 80.5967 62.6073
57.3312 83.8172 82.8527 80.5631 62.6267
57.3759 83.8493 82.8563 80.5588 62.685
57.4205 83.8619 82.8599 80.6128 62.6751
57.4652 83.8647 82.8733 80.6279 62.6944
57.5099 83.8578 82.8866 80.6235 62.7525
57.5546 83.8898 82.8901 80.6289 62.762
57.5993 83.8829 82.884 80.6342 62.8103
57.644 83.876 82.8779 80.6298 62.8488
57.6887 83.8304 82.8331 80.6255 62.897
57.7333 83.8719 82.8464 80.6115 62.9354
57.778 83.8554 82.8306 80.5974 62.9737
57.8227 83.8485 82.8439 80.5931 62.983
57.8674 83.8417 82.8571 80.5792 63.0309
57.9121 83.8349 82.8607 80.5941 63.0594
57.9568 83.7992 82.8643 80.5995 63.0975
58.0015 83.8116 82.8679 80.6337 63.0971
58.0461 83.8433 82.8907 80.6486 63.0966
58.0908 83.8462 82.9135 80.6442 63.125
58.1355 83.8297 82.9362 80.6303 63.1533
58.1802 83.823 82.9589 80.5972 63.1816
58.2249 83.8162 82.972 80.5737 63.2099
58.2696 83.7903 82.9563 80.579 63.2477
58.3142 83.7835 82.9598 80.5843 63.2854
58.3589 83.7864 82.9632 80.5896 63.2561
58.4036 83.7701 82.9667 80.6044 63.2651
58.4483 83.7634 82.9989 80.5906 63.3219
58.493 83.7853 82.9927 80.6054 63.3212
58.5377 83.7595 83.0057 80.5916 63.3397
58.5824 83.7529 83.0187 80.6064 63.3581
58.627 83.7462 83.003 80.6117 63.3956
58.6717 83.7395 83.016 80.6074 63.4139
58.7164 83.7329 83.0099 80.6317 63.4132
58.7611 83.7262 83.0228 80.6274 63.4411
58.8058 83.7291 83.0072 80.6041 63.4783
58.8505 83.7225 83.0486 80.6378 63.5061
58.8952 83.7633 83.0804 80.681 63.5053
58.9398 83.7566 83.0553 80.6672 63.5425
58.9845 83.7973 83.0777 80.7008 63.5795
59.0292 83.8285 83.1283 80.7627 63.5882
59.0739 83.8408 83.16 80.7583 63.6252
59.1186 83.8341 83.1916 80.7729 63.6527
59.1633 83.8274 83.1949 80.7591 63.6707
59.208 83.8396 83.217 80.7453 63.7075
59.2526 83.8141 83.1825 80.741 63.7161
59.2973 83.8263 83.2046 80.746 63.7151
59.342 83.8102 83.189 80.7229 63.7331
59.3867 83.7848 83.1828 80.7186 63.7321
59.4314 83.7782 83.1673 80.7237 63.75
59.4761 83.7998 83.1893 80.7382 63.7678
59.5208 83.7744 83.1644 80.7714 63.7763
59.5654 83.7772 83.1677 80.7671 63.7847
59.6101 83.7987 83.199 80.819 63.8025
59.6548 83.7828 83.1835 80.8427 63.8483
59.6995 83.8043 83.1868 80.829 63.866
59.7442 83.7977 83.1713 80.8433 63.8837
59.7889 83.8378 83.1932 80.8203 63.92
59.8335 83.8312 83.2058 80.8066 63.947
59.8782 83.8619 83.1996 80.8209 63.9646
59.9229 83.8647 83.1935 80.8072 64.0101
59.9676 83.9046 83.2526 80.8308 64.0183
60.0123 83.8887 83.2744 80.8451 64.0078
60.057 83.8914 83.324 80.8687 64.016
60.1017 83.8755 83.3457 80.8457 64.0799
60.1463 83.8689 83.3952 80.86 64.0973
60.191 83.8901 83.4261 80.8742 64.1333
60.2357 83.8835 83.4477 80.8884 64.1413
60.2804 83.8862 83.5063 80.9211 64.1401
60.3251 83.8796 83.5185 80.9352 64.1389
60.3698 83.8546 83.5307 80.9215 64.1932
60.4145 83.8572 83.5337 80.8894 64.2012
60.4591 83.8599 83.5643 80.9128 64.1999
60.5038 83.8165 83.5672 80.9361 64.2171
60.5485 83.8376 83.5978 80.9225 64.2528
60.5932 83.8588 83.6191 80.9366 64.2791
60.6379 83.8983 83.6404 80.9322 64.2962
60.6826 83.901 83.6524 80.891 64.3041
60.7273 83.9588 83.6921 80.8867 64.3304
60.7719 83.9982 83.7224 80.8915 64.3566
60.8166 84.0099 83.7252 80.8964 64.3736
60.8613 84.04 83.7647 80.9196 64.3906
60.906 84.0792 83.7674 80.9336 64.3984
60.9507 84.0634 83.7518 80.9201 64.4428
60.9954 84.0842 83.7546 80.9066 64.478
61.04 84.0684 83.7756 80.9297 64.5315
61.0847 84.0618 83.7418 80.9254 64.5483
61.1294 84.1009 83.7811 80.9028 64.6016
61.1741 84.0942 83.7564 80.8985 64.6457
61.2188 84.0967 83.7591 80.9215 64.6533
61.2635 84.0627 83.7436 80.9172 64.7064
61.3082 84.0561 83.719 80.9311 64.7139
61.3528 84.0131 83.6763 80.9359 64.7396
61.3975 83.9975 83.6608 80.9316 64.7653
61.4422 83.9909 83.6455 80.9364 64.7818
61.4869 83.9935 83.6483 80.932 64.8074
61.5316 83.9597 83.6147 80.9096 64.8239
61.5763 83.926 83.5903 80.9053 64.8494
61.621 83.9014 83.566 80.9191 64.8568
61.6656 83.8587 83.5598 80.9058 64.9185
61.7103 83.8161 83.5355 80.9106 64.9801
61.755 83.8097 83.5293 80.9244 65.0416
61.7997 83.8214 83.5412 80.9201 65.1121
61.8444 83.797 83.5079 80.9339 65.1644
61.8891 83.7816 83.4838 80.9477 65.2437
61.9338 83.7572 83.4686 80.9885 65.3048
61.9784 83.7419 83.4355 81.0472 65.3389
62.0231 83.7446 83.4384 81.0789 65.3999
62.0678 83.7113 83.4143 81.1285 65.4608
62.1125 83.6871 83.4083 81.1601 65.5216
62.1572 83.6808 83.3932 81.1826 65.6003
62.2019 83.6386 83.3693 81.2051 65.6519
62.2466 83.6324 83.3543 81.2545 65.6856
62.2912 83.5994 83.3303 81.2859 65.7461
62.3359 83.5842 83.2975 81.3172 65.7706
62.3806 83.5691 83.2915 81.3485 65.7683
62.4253 83.5451 83.2856 81.3797 65.7659
62.47 83.5122 83.2529 81.3752 65.7904
62.5147 83.4882 83.247 81.3706 65.7881
62.5593 83.4643 83.2589 81.3571 65.8125
62.604 83.4582 83.2173 81.3615 65.7923
62.6487 83.4433 83.2115 81.3659 65.8345
62.6934 83.4195 83.1878 81.3614 65.8321
62.7381 83.4135 83.1731 81.3479 65.8743
62.7828 83.3986 83.1495 81.3345 65.8986
62.8275 83.4015 83.1703 81.3656 65.905
62.8721 83.3778 83.1468 81.3788 65.8849
62.9168 83.3807 83.1587 81.3654 65.918
62.9615 83.357 83.1352 81.3343 65.9599
63.0062 83.3156 83.1294 81.3475 65.9663
63.0509 83.3009 83.1414 81.3607 66.0082
63.0956 83.3038 83.1533 81.3474 66.0322
63.1403 83.2803 83.1476 81.3252 66.0474
63.1849 83.2744 83.1683 81.3649 66.0626
63.2296 83.2774 83.1802 81.3693 66.0777
63.2743 83.2804 83.1568 81.3736 66.1194
63.319 83.2833 83.1687 81.4044 66.1433
63.3637 83.2951 83.1894 81.4175 66.176
63.4084 83.2893 83.1924 81.4218 66.1998
63.4531 83.257 83.169 81.4437 66.2148
63.4977 83.2864 83.1897 81.4479 66.2386
63.5424 83.2806 83.1839 81.4786 66.2623
63.5871 83.2748 83.1694 81.474 66.2948
63.6318 83.2953 83.1987 81.4607 66.336
63.6765 83.2982 83.2105 81.4649 66.386
63.7212 83.2924 83.2223 81.4867 66.4008
63.7658 83.2954 83.2253 81.4646 66.4331
63.8105 83.3158 83.2108 81.4513 66.4741
63.8552 83.3275 83.2138 81.4468 66.4713
63.8999 83.3129 83.1818 81.4773 66.5035
63.9446 83.3246 83.1936 81.4727 66.5182
63.9893 83.3013 83.1791 81.4595 66.559
64.034 83.2868 83.1647 81.4812 66.5562
64.0786 83.2636 83.1416 81.4941 66.5621
64.1233 83.2491 83.1272 81.507 66.5767
64.168 83.2173 83.1128 81.485 66.5825
64.2127 83.2029 83.1246 81.4979 66.5884
64.2574 83.2058 83.1102 81.5282 66.6116
64.3021 83.2088 83.0959 81.5063 66.6609
64.3468 83.1858 83.0816 81.5017 66.7101
64.3914 83.1367 83.0847 81.4712 66.7418
64.4361 83.1571 83.1224 81.4754 66.7736
64.4808 83.1687 83.1168 81.5055 66.7879
64.5255 83.1891 83.1198 81.5097 66.8023
64.5702 83.1834 83.1142 81.5398 66.8166
64.6149 83.1777 83.1259 81.5266 66.8655
64.6596 83.198 83.1289 81.5221 66.897
64.7042 83.201 83.1405 81.5176 66.9631
64.7489 83.1953 83.1349 81.5045 66.9772
64.7936 83.1897 83.1034 81.5259 67
64.8383 83.1754 83.0892 81.5214 67.0141
64.883 83.1353 83.0665 81.5341 67.0541
64.9277 83.1211 83.0437 81.521 67.0939
64.9724 83.1155 83.064 81.5423 67.1338
65.017 83.1014 83.0326 81.555 67.1821
65.0617 83.0872 83.0357 81.5247 67.2047
65.1064 83.0731 83.0302 81.5374 67.2358
65.1511 83.059 83.0333 81.5158 67.2668
65.1958 83.0449 83.0106 81.5199 67.2978
65.2405 83.0394 83.0223 81.5325 67.3202
65.2851 83.051 83.0339 81.5452 67.3255
65.3298 83.0284 82.9856 81.5407 67.3649
65.3745 83.0058 82.9802 81.5362 67.4129
65.4192 82.9918 82.9747 81.5403 67.418
65.4639 82.9778 82.9693 81.5273 67.4488
65.5086 82.9468 82.9383 81.5143 67.4795
65.5533 82.9329 82.9243 81.5099 67.5187
65.5979 82.9104 82.9104 81.514 67.5238
65.6426 82.9221 82.905 81.5351 67.5289
65.6873 82.9082 82.8997 81.5136 67.568
65.732 82.8943 82.8858 81.5347 67.5731
65.7767 82.8974 82.8974 81.5302 67.6206
65.8214 82.926 82.926 81.5513 67.6511
65.8661 82.9545 82.9545 81.5299 67.6645
65.9107 82.9746 82.9746 81.5169 67.6949
65.9554 82.9946 82.9946 81.5295 67.7422
66.0001 83.0061 83.0061 81.5166 67.764
66.0448 83.026 83.026 81.5206 67.7859
66.0895 83.046 83.046 81.5078 67.8161
66.1342 83.0574 83.0574 81.4949 67.8885
66.1789 83.0942 83.0942 81.4905 67.944
66.2235 83.1225 83.1225 81.4862 67.974
66.2682 83.1507 83.1507 81.4649 68.004
66.3129 83.1705 83.1705 81.4943 68.0172
66.3576 83.1987 83.1987 81.5404 68.0303
66.4023 83.2436 83.2436 81.5865 68.0602
66.447 83.2885 83.2885 81.6325 68.0649
66.4916 83.3249 83.3249 81.6616 68.1116
66.5363 83.3697 83.3697 81.6907 68.1246
66.581 83.3977 83.3977 81.7366 68.1628
66.6257 83.4256 83.4256 81.774 68.1925
66.6704 83.445 83.445 81.8113 68.2138
66.7151 83.4812 83.4812 81.8486 68.2267
66.7598 83.5007 83.5007 81.8859 68.248
66.8044 83.5284 83.5284 81.9398 68.2609
66.8491 83.5561 83.5561 81.9686 68.2904
66.8938 83.5922 83.5922 82.0057 68.3116
66.9385 83.6031 83.6031 82.0511 68.3244
66.9832 83.6308 83.6308 82.0881 68.3372
67.0279 83.6667 83.6667 82.1333 68.3417
67.0726 83.6942 83.6942 82.1619 68.3711
67.1172 83.7134 83.7134 82.1821 68.3921
67.1619 83.7242 83.7242 82.2106 68.4132
67.2066 83.76 83.76 82.2473 68.4176
67.2513 83.7957 83.7957 82.309 68.4302
67.296 83.823 83.823 82.3373 68.4761
67.3407 83.8587 83.8587 82.3739 68.5053
67.3854 83.8942 83.8942 82.3856 68.5511
67.43 83.9215 83.9215 82.4139 68.605
67.4747 83.9487 83.9487 82.4503 68.6175
67.5194 83.9676 83.9676 82.4868 68.6466
67.5641 84.003 84.003 82.5149 68.7004
67.6088 84.0218 84.0218 82.543 68.7293
67.6535 84.0406 84.0406 82.5132 68.7913
67.6982 84.0512 84.0512 82.4917 68.8366
67.7428 84.0947 84.0947 82.4951 68.8819
67.7875 84.1299 84.1299 82.5066 68.9024
67.8322 84.165 84.165 82.4934 68.9147
67.8769 84.2001 84.2001 82.5049 68.9187
67.9216 84.2352 84.2352 82.4918 68.9391
67.9663 84.262 84.262 82.5279 68.9513
68.0109 84.2723 84.2723 82.523 68.9717
68.0556 84.2991 84.2991 82.5181 69.0003
68.1003 84.3258 84.3258 82.5541 68.9797
68.145 84.3607 84.3607 82.5738 68.9754
68.1897 84.3791 84.3791 82.5852 69.0203
68.2344 84.3975 84.3975 82.6048 69.0733
68.2791 84.4159 84.4159 82.6243 69.1181
68.3237 84.4506 84.4506 82.6194 69.1874
68.3684 84.4771 84.4771 82.6389 69.2484
68.4131 84.4954 84.4954 82.6176 69.3174
68.4578 84.53 84.53 82.6044 69.3864
68.5025 84.5483 84.5483 82.6158 69.4309
68.5472 84.5828 84.5828 82.6597 69.4752
68.5919 84.601 84.601 82.6629 69.5358
68.6365 84.6273 84.6273 82.6742 69.6045
68.6812 84.6535 84.6535 82.7017 69.6487
68.7259 84.696 84.696 82.6967 69.6928
68.7706 84.7303 84.7303 82.6998 69.7531
68.8153 84.7484 84.7484 82.7597 69.7808
68.86 84.7826 84.7826 82.7628 69.841
68.9047 84.8168 84.8168 82.774 69.893
68.9493 84.8671 84.8671 82.8257 69.9368
68.994 84.885 84.885 82.853 69.9725
69.0387 84.9353 84.9353 82.8722 70.0243
69.0834 84.9774 84.9774 82.8913 70.0841
69.1281 84.9952 84.9952 82.8943 70.1438
69.1728 85.0371 85.0371 82.8892 70.2196
69.2174 85.0549 85.0549 82.868 70.2873
69.2621 85.0726 85.0726 82.8629 70.3548
69.3068 85.0903 85.0903 82.8498 70.4223
69.3515 85.124 85.124 82.8447 70.4816
69.3962 85.1497 85.1497 82.8397 70.5489
69.4409 85.1834 85.1834 82.8185 70.6242
69.4856 85.217 85.217 82.8135 70.6994
69.5302 85.2426 85.2426 82.8326 70.7503
69.5749 85.2601 85.2601 82.8436 70.7852
69.6196 85.2936 85.2936 82.8306 70.828
69.6643 85.3432 85.3432 82.8255 70.8547
69.709 85.3766 85.3766 82.8365 70.8894
69.7537 85.402 85.402 82.8395 70.9241
69.7984 85.4273 85.4273 82.8505 70.9667
69.843 85.4447 85.4447 82.8295 71.0013
69.8877 85.4939 85.4939 82.8485 71.0278
69.9324 85.5192 85.5192 82.8514 71.0623
69.9771 85.5444 85.5444 82.8784 71.0648
70.0218 85.5775 85.5775 82.8653 71.0753
70.0665 85.5867 85.5867 82.8603 71.1017
70.1112 85.6119 85.6119 82.8553 71.1122
70.1558 85.621 85.621 82.8264 71.1306
70.2005 85.6461 85.6461 82.8294 71.1808
70.2452 85.6632 85.6632 82.8085 71.223
70.2899 85.6802 85.6802 82.8115 71.2572
70.3346 85.7052 85.7052 82.7986 71.2834
70.3793 85.7302 85.7302 82.8016 71.3175
70.424 85.7551 85.7551 82.8046 71.3832
70.4686 85.772 85.772 82.8155 71.4014
70.5133 85.789 85.789 82.8184 71.4433
70.558 85.8059 85.8059 82.8135 71.4772
70.6027 85.8149 85.8149 82.8165 71.5348
70.6474 85.8238 85.8238 82.7957 71.5923
70.6921 85.8407 85.8407 82.7671 71.6261
70.7367 85.8654 85.8654 82.7622 71.6756
70.7814 85.8823 85.8823 82.7809 71.6856
70.8261 85.9227 85.9227 82.8155 71.6877
70.8708 85.9474 85.9474 82.8421 71.7055
70.9155 85.9877 85.9877 82.8607 71.6997
70.9602 86.0044 86.0044 82.8322 71.7412
71.0049 86.0447 86.0447 82.8351 71.7904
71.0495 86.0692 86.0692 82.8223 71.8396
71.0942 86.0937 86.0937 82.8174 71.8809
71.1389 86.1338 86.1338 82.8125 71.8986
71.1836 86.166 86.166 82.8233 71.9397
71.2283 86.2061 86.2061 82.8027 71.9652
71.273 86.2226 86.2226 82.7821 72.0141
71.3177 86.2469 86.2469 82.7694 72.0395
71.3623 86.2868 86.2868 82.7567 72.0961
71.407 86.311 86.311 82.7441 72.1136
71.4517 86.3274 86.3274 82.7392 72.1545
71.4964 86.3516 86.3516 82.7188 72.2031
71.5411 86.3679 86.3679 82.7217 72.2361
71.5858 86.4076 86.4076 82.7481 72.2534
71.6305 86.4551 86.4551 82.7667 72.2707
71.6751 86.4947 86.4947 82.7774 72.2958
71.7198 86.5187 86.5187 82.7882 72.2975
71.7645 86.5504 86.5504 82.8144 72.3381
71.8092 86.5977 86.5977 82.8718 72.3475
71.8539 86.6294 86.6294 82.9058 72.3881
71.8986 86.661 86.661 82.9553 72.3975
71.9432 86.7003 86.7003 82.9969 72.4068
71.9879 86.7318 86.7318 83.0385 72.4472
72.0326 86.7556 86.7556 83.0723 72.5031
72.0773 86.7638 86.7638 83.0983 72.5744
72.122 86.7797 86.7797 83.1475 72.5836
72.1667 86.7957 86.7957 83.1811 72.6084
72.2114 86.827 86.827 83.2225 72.6408
72.256 86.8584 86.8584 83.256 72.65
72.3007 86.8897 86.8897 83.305 72.69
72.3454 86.9132 86.9132 83.3385 72.7301
72.3901 86.9444 86.9444 83.3642 72.7932
72.4348 86.9833 86.9833 83.3976 72.8331
72.4795 87.0145 87.0145 83.4387 72.8499
72.5242 87.0456 87.0456 83.4797 72.8512
72.5688 87.0921 87.0921 83.536 72.8448
72.6135 87.1077 87.1077 83.5462 72.8923
72.6582 87.1464 87.1464 83.587 72.9397
72.7029 87.1696 87.1696 83.6278 72.9948
72.7476 87.1775 87.1775 83.6533 73.019
72.7923 87.2007 87.2007 83.6863 73.0433
72.837 87.2316 87.2316 83.7193 73.0752
72.8816 87.2548 87.2548 83.7523 73.107
72.9263 87.2779 87.2779 83.7776 73.1388
72.971 87.3086 87.3086 83.8258 73.1476
73.0157 87.3394 87.3394 83.8663 73.1793
73.0604 87.3777 87.3777 83.8991 73.2263
73.1051 87.416 87.416 83.9318 73.2503
73.1498 87.4542 87.4542 83.9646 73.2819
73.1944 87.4771 87.4771 83.9973 73.3135
73.2391 87.5076 87.5076 84.0146 73.3679
73.2838 87.5534 87.5534 84.0473 73.4299
73.3285 87.5838 87.5838 84.0874 73.4842
73.3732 87.6066 87.6066 84.1048 73.5612
73.4179 87.6369 87.6369 84.1372 73.6229
73.4625 87.6673 87.6673 84.1773 73.6846
73.5072 87.6976 87.6976 84.2021 73.7614
73.5519 87.7354 87.7354 84.2421 73.8305
73.5966 87.758 87.758 84.2593 73.9071
73.6413 87.7806 87.7806 84.2992 73.9684
73.686 87.8184 87.8184 84.3314 74.0221
73.7307 87.8561 87.8561 84.3636 74.0909
73.7753 87.8861 87.8861 84.3958 74.1672
73.82 87.9237 87.9237 84.4355 74.2358
73.8647 87.9537 87.9537 84.4676 74.3043
73.9094 87.9761 87.9761 84.4997 74.3727
73.9541 88.006 88.006 84.5317 74.4486
73.9988 88.0359 88.0359 84.5713 74.5018
74.0435 88.0582 88.0582 84.6032 74.5549
74.0881 88.1031 88.1031 84.6502 74.608
74.1328 88.1404 88.1404 84.682 74.6835
74.1775 88.1777 88.1777 84.7139 74.7364
74.2222 88.1999 88.1999 84.7532 74.7893
74.2669 88.2295 88.2295 84.7774 74.8571
74.3116 88.2592 88.2592 84.8091 74.9098
74.3563 88.2888 88.2888 84.8107 74.97
74.4009 88.2958 88.2958 84.7898 75.045
74.4456 88.3328 88.3328 84.7914 75.105
74.4903 88.3848 88.3848 84.838 75.15
74.535 88.4068 88.4068 84.8396 75.2098
74.5797 88.4287 88.4287 84.8262 75.2696
74.6244 88.4506 88.4506 84.8278 75.3368
74.669 88.4725 88.4725 84.8294 75.3965
74.7137 88.5018 88.5018 84.8385 75.456
74.7584 88.5161 88.5161 84.8102 75.5081
74.8031 88.5379 88.5379 84.8118 75.5302
74.8478 88.5672 88.5672 84.7985 75.5896
74.8925 88.5889 88.5889 84.83 75.6041
74.9372 88.6255 88.6255 84.839 75.641
74.9818 88.6621 88.6621 84.8257 75.7002
75.0265 88.6912 88.6912 84.8422 75.7296
75.0712 88.7277 88.7277 84.8438 75.7738
75.1159 88.7567 88.7567 84.8602 75.8328
75.1606 88.7857 88.7857 84.8618 75.8546
75.2053 88.7923 88.7923 84.8559 75.869
75.25 88.8287 88.8287 84.8575 75.9056
75.2946 88.8501 88.8501 84.8665 75.9496
75.3393 88.8716 88.8716 84.8606 75.9935
75.384 88.9152 88.9152 84.8622 76.0373
75.4287 88.944 88.944 84.8489 76.0589
75.4734 88.9728 88.9728 84.8431 76.0953
75.5181 89.0015 89.0015 84.8595 76.1317
75.5628 89.0449 89.0449 84.8906 76.1679
75.6074 89.0662 89.0662 84.8848 76.1894
75.6521 89.08 89.08 84.8863 76.2404
75.6968 89.0865 89.0865 84.8657 76.2766
75.7415 89.1077 89.1077 84.8378 76.3127
75.7862 89.1509 89.1509 84.8393 76.334
75.8309 89.1868 89.1868 84.8556 76.3848
75.8756 89.2153 89.2153 84.8645 76.3913
75.9202 89.2657 89.2657 84.8735 76.42
75.9649 89.2868 89.2868 84.8603 76.4706
76.0096 89.3372 89.3372 84.8765 76.4844
76.0543 89.3581 89.3581 84.8707 76.4982
76.099 89.379 89.379 84.8723 76.5414
76.1437 89.3999 89.3999 84.9032 76.5625
76.1883 89.4282 89.4282 84.8974 76.6129
76.233 89.4417 89.4417 84.8769 76.6486
76.2777 89.4772 89.4772 84.9004 76.6769
76.3224 89.5126 89.5126 84.9019 76.6979
76.3671 89.5553 89.5553 84.9181 76.7042
76.4118 89.5833 89.5833 84.9415 76.7398
76.4565 89.6113 89.6113 84.943 76.7753
76.5011 89.6539 89.6539 84.9445 76.7961
76.5458 89.6745 89.6745 84.9533 76.8316
76.5905 89.7097 89.7097 84.9548 76.8451
76.6352 89.7376 89.7376 84.9271 76.8878
76.6799 89.7727 89.7727 84.9286 76.9012
76.7246 89.8005 89.8005 84.9301 76.922
76.7693 89.8137 89.8137 84.9171 76.9499
76.8139 89.856 89.856 84.904 76.9852
76.8586 89.8765 89.8765 84.9055 77.0131
76.9033 89.9041 89.9041 84.8852 77.0555
76.948 89.939 89.939 84.9231 77.0761
76.9927 89.9594 89.9594 84.9173 77.1039
77.0374 89.9797 89.9797 84.9188 77.1244
77.0821 90.0072 90.0072 84.9275 77.1522
77.1267 90.0348 90.0348 84.929 77.1871
77.1714 90.0622 90.0622 84.9305 77.2221
77.2161 90.0897 90.0897 84.9248 77.2859
77.2608 90.1099 90.1099 84.9263 77.3569
77.3055 90.1301 90.1301 84.9277 77.4061
77.3502 90.1574 90.1574 84.9003 77.4769
77.3949 90.192 90.192 84.9018 77.526
77.4395 90.2193 90.2193 84.8817 77.5967
77.4842 90.2393 90.2393 84.8472 77.66
77.5289 90.2666 90.2666 84.8487 77.7089
77.5736 90.2866 90.2866 84.8502 77.765
77.6183 90.321 90.321 84.8518 77.8282
77.663 90.3553 90.3553 84.8533 77.8841
77.7076 90.3896 90.3896 84.8548 77.9471
77.7523 90.4095 90.4095 84.8563 78.0029
77.797 90.4294 90.4294 84.8507 78.0658
77.8417 90.4564 90.4564 84.8522 78.1286
77.8864 90.469 90.469 84.8465 78.1842
77.9311 90.496 90.496 84.8409 78.2468
77.9758 90.5301 90.5301 84.8639 78.3095
78.0204 90.5713 90.5713 84.8726 78.3577
78.0651 90.6053 90.6053 84.8741 78.413
78.1098 90.6393 90.6393 84.8827 78.4754
78.1545 90.6589 90.6589 84.8771 78.5306
78.1992 90.6857 90.6857 84.8643 78.5929
78.2439 90.7267 90.7267 84.8658 78.6408
78.2886 90.7677 90.7677 84.8673 78.6886
78.3332 90.8015 90.8015 84.8688 78.7578
78.3779 90.8352 90.8352 84.8632 78.8198
78.4226 90.8476 90.8476 84.8433 78.8889
78.4673 90.8813 90.8813 84.8377 78.9436
78.512 90.9007 90.9007 84.8677 78.9983
78.5567 90.9272 90.9272 84.9118 79.0529
78.6014 90.9537 90.9537 84.9417 79.1074
78.646 90.973 90.973 84.9716 79.1619
78.6907 90.9994 90.9994 85.0227 79.2235
78.7354 91.0187 91.0187 85.0667 79.2849
78.7801 91.0451 91.0451 85.1248 79.3108
78.8248 91.0643 91.0643 85.1545 79.3296
78.8695 91.1048 91.1048 85.2054 79.3414
78.9141 91.1452 91.1452 85.2562 79.3672
78.9588 91.1856 91.1856 85.2999 79.3789
79.0035 91.2189 91.2189 85.3436 79.4188
79.0482 91.2451 91.2451 85.3802 79.4658
79.0929 91.2712 91.2712 85.4308 79.4986
79.1376 91.3326 91.3326 85.4814 79.5313
79.1823 91.3727 91.3727 85.5389 79.5499
79.2269 91.4129 91.4129 85.5964 79.5615
79.2716 91.4388 91.4388 85.6468 79.58
79.3163 91.4789 91.4789 85.6972 79.5986
79.361 91.5048 91.5048 85.7334 79.6101
79.4057 91.5518 91.5518 85.7836 79.6286
79.4504 91.5917 91.5917 85.8338 79.6541
79.4951 91.6386 91.6386 85.8769 79.6655
79.5397 91.6924 91.6924 85.941 79.677
79.5844 91.7252 91.7252 85.97 79.7305
79.6291 91.7649 91.7649 86.0059 79.7699
79.6738 91.7835 91.7835 86.0488 79.7883
79.7185 91.8232 91.8232 86.0987 79.8206
79.7632 91.8557 91.8557 86.1415 79.8389
79.8079 91.8953 91.8953 86.1772 79.8642
79.8525 91.9488 91.9488 86.1989 79.8965
79.8972 91.9813 91.9813 86.2346 79.9287
79.9419 92.0067 92.0067 86.2563 79.9679
79.9866 92.0461 92.0461 86.2779 80.007
80.0313 92.0784 92.0784 86.3205 80.0251
80.076 92.1108 92.1108 86.356 80.0502
80.1207 92.1431 92.1431 86.3846 80.0753
80.1653 92.1614 92.1614 86.42 80.1003
80.21 92.2006 92.2006 86.4624 80.1323
80.2547 92.2467 92.2467 86.5187 80.1851
80.2994 92.2718 92.2718 86.5609 80.2449
80.3441 92.297 92.297 86.5893 80.3045
80.3888 92.3221 92.3221 86.6384 80.3502
80.4334 92.3542 92.3542 86.6667 80.4028
80.4781 92.3931 92.3931 86.7018 80.4622
80.5228 92.432 92.432 86.737 80.5286
80.5675 92.4709 92.4709 86.772 80.5879
80.6122 92.482 92.482 86.821 80.6402
80.6569 92.4861 92.4861 86.8629 80.6856
80.7016 92.5042 92.5042 86.9048 80.7447
80.7462 92.5221 92.5221 86.9328 80.7969
80.7909 92.5332 92.5332 86.9676 80.8628
80.8356 92.5373 92.5373 87.0025 80.908
80.8803 92.5552 92.5552 87.0373 80.9738
80.925 92.5732 92.5732 87.0721 81.0188
80.9697 92.5773 92.5773 87.1206 81.0775
81.0144 92.5951 92.5951 87.1415 81.1431
81.059 92.613 92.613 87.183 81.1949
81.1037 92.624 92.624 87.2245 81.2328
81.1484 92.6349 92.6349 87.266 81.2706
81.1931 92.639 92.639 87.2936 81.3291
81.2378 92.6568 92.6568 87.3419 81.3875
81.2825 92.6745 92.6745 87.3832 81.439
81.3272 92.6854 92.6854 87.4038 81.4904
81.3718 92.6963 92.6963 87.4314 81.5486
81.4165 92.7003 92.7003 87.4657 81.6068
81.4612 92.7043 92.7043 87.4931 81.6717
81.5059 92.7083 92.7083 87.5274 81.7229
81.5506 92.726 92.726 87.5685 81.7671
81.5953 92.73 92.73 87.6232 81.8045
81.6399 92.7408 92.7408 87.6574 81.8144
81.6846 92.779 92.779 87.712 81.8381
81.7293 92.7898 92.7898 87.746 81.8685
81.774 92.8074 92.8074 87.8005 81.8921
81.8187 92.825 92.825 87.855 81.902
81.8634 92.8357 92.8357 87.8957 81.9528
81.9081 92.8464 92.8464 87.916 81.9763
81.9527 92.8571 92.8571 87.9567 81.9725
81.9974 92.8678 92.8678 87.9973 81.9891
82.0421 92.8717 92.8717 88.0174 82.033
82.0868 92.8824 92.8824 88.0512 82.0631
82.1315 92.9067 92.9067 88.0849 82.0933
82.1762 92.9309 92.9309 88.1185 82.1234
82.2209 92.9552 92.9552 88.159 82.1264
82.2655 92.9726 92.9726 88.1926 82.1632
82.3102 92.9832 92.9832 88.2261 82.1933
82.3549 93.0005 93.0005 88.2732 82.1961
82.3996 93.0111 93.0111 88.2931 82.2194
82.4443 93.0285 93.0285 88.3198 82.2493
82.489 93.0458 93.0458 88.36 82.2793
82.5337 93.0698 93.0698 88.3798 82.3159
82.5783 93.0939 93.0939 88.3929 82.3525
82.623 93.1111 93.1111 88.4532 82.3824
82.6677 93.1284 93.1284 88.4797 82.4189
82.7124 93.1456 93.1456 88.513 82.4554
82.7571 93.156 93.156 88.5394 82.5189
82.8018 93.1665 93.1665 88.5726 82.5756
82.8465 93.1971 93.1971 88.6259 82.6254
82.8911 93.221 93.221 88.6658 82.6617
82.9358 93.2449 93.2449 88.6786 82.7182
82.9805 93.2553 93.2553 88.6982 82.7814
83.0252 93.2723 93.2723 88.7379 82.8243
83.0699 93.2961 93.2961 88.7776 82.8671
83.1146 93.3065 93.3065 88.8038 82.9301
83.1592 93.3168 93.3168 88.8299 82.9863
83.2039 93.3271 93.3271 88.8426 83.0491
83.2486 93.3441 93.3441 88.8688 83.1052
83.2933 93.3611 93.3611 88.8948 83.1545
83.338 93.3847 93.3847 88.9477 83.2038
83.3827 93.4017 93.4017 88.9871 83.2663
83.4274 93.4052 93.4052 89.0198 83.3222
83.472 93.4154 93.4154 89.0525 83.3846
83.5167 93.4256 93.4256 89.0717 83.4403
83.5614 93.4358 93.4358 89.0909 83.496
83.6061 93.4661 93.4661 89.1301 83.5516
83.6508 93.4829 93.4829 89.1627 83.5938
83.6955 93.4864 93.4864 89.1885 83.6559
83.7402 93.5032 93.5032 89.2142 83.7046
83.7848 93.5267 93.5267 89.24 83.76
83.8295 93.5434 93.5434 89.2457 83.8086
83.8742 93.5669 93.5669 89.2381 83.8372
83.9189 93.5903 93.5903 89.2306 83.8592
83.9636 93.6269 93.6269 89.2429 83.8944
84.0083 93.6636 93.6636 89.242 83.9229
84.053 93.6736 93.6736 89.2278 83.9514
84.0976 93.6969 93.6969 89.2202 83.9732
84.1423 93.7135 93.7135 89.2061 84.0082
84.187 93.7235 93.7235 89.1919 84.0433
84.2317 93.7334 93.7334 89.1711 84.065
84.2764 93.7566 93.7566 89.1569 84.0933
84.3211 93.7599 93.7599 89.1627 84.1349
84.3657 93.803 93.803 89.1817 84.1631
84.4104 93.8261 93.8261 89.1874 84.2046
84.4551 93.836 93.836 89.1733 84.2593
84.4998 93.8458 93.8458 89.1592 84.2742
84.5445 93.8623 93.8623 89.1583 84.2957
84.5892 93.892 93.892 89.1574 84.3502
84.6339 93.915 93.915 89.1565 84.4047
84.6785 93.9512 93.9512 89.1623 84.4591
84.7232 93.9676 93.9676 89.1482 84.52
84.7679 93.9839 93.9839 89.1539 84.5743
84.8126 94.0134 94.0134 89.1728 84.622
84.8573 94.0692 94.0692 89.1983 84.6761
84.902 94.0855 94.0855 89.1842 84.7303
84.9467 94.1084 94.1084 89.1767 84.7777
84.9913 94.1246 94.1246 89.1759 84.8318
85.036 94.1474 94.1474 89.175 84.8857
85.0807 94.1636 94.1636 89.1807 84.933
85.1254 94.1995 94.1995 89.1995 84.9672
85.1701 94.2156 94.2156 89.1855 85.0144
85.2148 94.2318 94.2318 89.178 85.0616
85.2595 94.2479 94.2479 89.1706 85.1219
85.3041 94.264 94.264 89.1697 85.1689
85.3488 94.2801 94.2801 89.1558 85.2225
85.3935 94.3093 94.3093 89.1811 85.2826
85.4382 94.3449 94.3449 89.1867 85.323
85.4829 94.361 94.361 89.1793 85.3829
85.5276 94.39 94.39 89.1784 85.4297
85.5723 94.4256 94.4256 89.1841 85.483
85.6169 94.4481 94.4481 89.1897 85.5297
85.6616 94.4705 94.4705 89.1693 85.5895
85.7063 94.493 94.493 89.1619 85.6426
85.751 94.5284 94.5284 89.161 85.6826
85.7957 94.5638 94.5638 89.1536 85.6901
85.8404 94.5862 94.5862 89.1528 85.7366
85.885 94.6215 94.6215 89.1649 85.757
85.9297 94.6438 94.6438 89.1771 85.7904
85.9744 94.6596 94.6596 89.1697 85.8173
86.0191 94.6818 94.6818 89.1753 85.8312
86.0638 94.704 94.704 89.2069 85.871
86.1085 94.7327 94.7327 89.206 85.9107
86.1532 94.7484 94.7484 89.2051 85.9505
86.1978 94.7771 94.7771 89.2237 86.0031
86.2425 94.7992 94.7992 89.2293 86.0363
86.2872 94.8343 94.8343 89.2413 86.0629
86.3319 94.8499 94.8499 89.2598 86.0895
86.3766 94.872 94.872 89.2719 86.142
86.4213 94.9005 94.9005 89.2645 86.1944
86.466 94.9225 94.9225 89.27 86.2403
86.5106 94.9316 94.9316 89.2691 86.2926
86.5553 94.9471 94.9471 89.2747 86.3449
86.6 94.9561 94.9561 89.2673 86.3971
86.6447 94.9845 94.9845 89.2986 86.4556
86.6894 95.0064 95.0064 89.3428 86.5013
86.7341 95.0348 95.0348 89.3998 86.5598
86.7788 95.0695 95.0695 89.4374 86.6053
86.8234 95.0914 95.0914 89.4815 86.6637
86.8681 95.1067 95.1067 89.5255 86.722
86.9128 95.1285 95.1285 89.5694 86.7802
86.9575 95.1503 95.1503 89.6005 86.832
87.0022 95.1721 95.1721 89.6379 86.8772
87.0469 95.1874 95.1874 89.6817 86.9289
87.0915 95.2091 95.2091 89.7063 86.9805
87.1362 95.2308 95.2308 89.7436 87.0385
87.1809 95.246 95.246 89.7809 87.09
87.2256 95.2677 95.2677 89.8181 87.1414
87.2703 95.2957 95.2957 89.8554 87.1928
87.315 95.3109 95.3109 89.8861 87.2441
87.3597 95.3325 95.3325 89.9297 87.289
87.4043 95.354 95.354 89.9859 87.3338
87.449 95.3628 95.3628 90.0102 87.3723
87.4937 95.3971 95.3971 90.0536 87.3915
87.5384 95.425 95.425 90.0842 87.4362
87.5831 95.4528 95.4528 90.1276 87.4617
87.6278 95.4679 95.4679 90.1453 87.4936
87.6725 95.4829 95.4829 90.1758 87.5255
87.7171 95.5043 95.5043 90.2191 87.5573
87.7618 95.5257 95.5257 90.2622 87.5891
87.8065 95.5662 95.5662 90.3181 87.6145
87.8512 95.6002 95.6002 90.3611 87.6653
87.8959 95.6279 95.6279 90.4105 87.7097
87.9406 95.6555 95.6555 90.4535 87.7604
87.9853 95.6894 95.6894 90.4964 87.8111
88.0299 95.7234 95.7234 90.533 87.868
88.0746 95.7445 95.7445 90.5758 87.9122
88.1193 95.7784 95.7784 90.625 87.9501
88.164 95.8059 95.8059 90.6741 88.0005
88.2087 95.8333 95.8333 90.7232 88.0572
88.2534 95.8481 95.8481 90.7595 88.1139
88.2981 95.8755 95.8755 90.8021 88.1705
88.3427 95.8966 95.8966 90.8447 88.2208
88.3874 95.9113 95.9113 90.8873 88.2773
88.4321 95.9323 95.9323 90.9361 88.3274
88.4768 95.9533 95.9533 90.9722 88.3838
88.5215 95.9806 95.9806 91.0146 88.4402
88.5662 96.0078 96.0078 91.0696 88.4902
88.6108 96.035 96.035 91.112 88.5338
88.6555 96.0559 96.0559 91.1479 88.59
88.7002 96.0642 96.0642 91.1902 88.6398
88.7449 96.0914 96.0914 91.2198 88.6896
88.7896 96.1122 96.1122 91.2431 88.7456
88.8343 96.1205 96.1205 91.2915 88.8016
88.879 96.1413 96.1413 91.3399 88.8198
88.9236 96.1683 96.1683 91.3945 88.8254
88.9683 96.1891 96.1891 91.4365 88.8687
89.013 96.2161 96.2161 91.4847 88.8993
89.0577 96.2306 96.2306 91.5203 88.9363
89.1024 96.2575 96.2575 91.5685 88.9794
89.1471 96.2782 96.2782 91.6165 89.01
89.1918 96.2863 96.2863 91.6521 89.0594
89.2364 96.3007 96.3007 91.6938 89.1087
89.2811 96.3276 96.3276 91.7417 89.1517
89.3258 96.3544 96.3544 91.7834 89.2071
89.3705 96.3688 96.3688 91.8312 89.2563
89.4152 96.3893 96.3893 91.8603 89.3116
89.4599 96.4161 96.4161 91.8956 89.3669
89.5046 96.4553 96.4553 91.9309 89.4221
89.5492 96.4696 96.4696 91.9598 89.4773
89.5939 96.49 96.49 91.9825 89.5324
89.6386 96.5042 96.5042 91.999 89.5813
89.6833 96.5184 96.5184 92.0404 89.6363
89.728 96.5451 96.5451 92.0941 89.6912
89.7727 96.5655 96.5655 92.1354 89.7399
89.8173 96.592 96.592 92.1766 89.7886
89.862 96.6248 96.6248 92.224 89.8309
89.9067 96.6389 96.6389 92.2714 89.8795
89.9514 96.653 96.653 92.3 89.9342
89.9961 96.6733 96.6733 92.3411 89.9578
90.0408 96.6998 96.6998 92.3759 89.9876
90.0855 96.7138 96.7138 92.3983 90.0236
90.1301 96.7278 96.7278 92.4207 90.0719
90.1748 96.7542 96.7542 92.4554 90.1078
90.2195 96.7744 96.7744 92.4777 90.1498
90.2642 96.8007 96.8007 92.5186 90.1733
90.3089 96.8147 96.8147 92.5594 90.2152
90.3536 96.8286 96.8286 92.6001 90.2695
90.3983 96.8364 96.8364 92.6409 90.3176
90.4429 96.8503 96.8503 92.6692 90.3656
90.4876 96.8519 96.8519 92.716 90.4136
90.5323 96.8596 96.8596 92.7505 90.4677
90.577 96.8611 96.8611 92.7972 90.5155
90.6217 96.8688 96.8688 92.8378 90.5634
90.6664 96.8827 96.8827 92.8659 90.6173
90.7111 96.8904 96.8904 92.9002 90.6712
90.7557 96.8919 96.8919 92.9407 90.725
90.8004 96.9058 96.9058 92.9811 90.7665
90.8451 96.9134 96.9134 93.0091 90.8202
90.8898 96.9334 96.9334 93.0433 90.8677
90.9345 96.941 96.941 93.0897 90.9214
90.9792 96.9487 96.9487 93.1361 90.9565
91.0239 96.9624 96.9624 93.1824 90.9855
91.0685 96.9762 96.9762 93.2225 91.0267
91.1132 96.9899 96.9899 93.2688 91.0495
91.1579 96.9914 96.9914 93.2966 91.1029
91.2026 96.9929 96.9929 93.3366 91.1502
91.2473 97.0066 97.0066 93.3827 91.1851
91.292 97.0142 97.0142 93.4288 91.2261
91.3366 97.0279 97.0279 93.4626 91.2732
91.3813 97.0355 97.0355 93.4963 91.3264
91.426 97.0491 97.0491 93.5301 91.3734
91.4707 97.0689 97.0689 93.5699 91.4143
91.5154 97.0703 97.0703 93.6035 91.4551
91.5601 97.09 97.09 93.6493 91.5081
91.6048 97.0976 97.0976 93.689 91.561
91.6494 97.1112 97.1112 93.7287 91.6138
91.6941 97.1369 97.1369 93.7744 91.6545
91.7388 97.1505 97.1505 93.8139 91.7012
91.7835 97.1702 97.1702 93.8595 91.7235
91.8282 97.1898 97.1898 93.8929 91.7579
91.8729 97.2094 97.2094 93.9324 91.768
91.9176 97.229 97.229 93.9779 91.7902
91.9622 97.2364 97.2364 94.0051 91.8428
92.0069 97.2438 97.2438 94.0384 91.8893
92.0516 97.2512 97.2512 94.0777 91.9417
92.0963 97.2586 97.2586 94.1109 91.9942
92.141 97.266 97.266 94.138 92.0466
92.1857 97.2855 97.2855 94.1711 92.0868
92.2304 97.311 97.311 94.2103 92.133
92.275 97.3366 97.3366 94.2615 92.1731
92.3197 97.3621 97.3621 94.2945 92.2253
92.3644 97.3815 97.3815 94.3396 92.2775
92.4091 97.3888 97.3888 94.3726 92.3235
92.4538 97.4021 97.4021 94.4116 92.3755
92.4985 97.4275 97.4275 94.4565 92.4215
92.5431 97.4469 97.4469 94.5014 92.4734
92.5878 97.4542 97.4542 94.5403 92.5193
92.6325 97.4614 97.4614 94.5791 92.5651
92.6772 97.4747 97.4747 94.6179 92.6109
92.7219 97.494 97.494 94.6566 92.6265
92.7666 97.5132 97.5132 94.6893 92.6722
92.8113 97.5445 97.5445 94.74 92.7179
92.8559 97.5638 97.5638 94.7786 92.7695
92.9006 97.583 97.583 94.8112 92.8211
92.9453 97.5901 97.5901 94.8438 92.8726
92.99 97.5973 97.5973 94.8823 92.9181
93.0347 97.5985 97.5985 94.9147 92.9635
93.0794 97.5996 97.5996 94.9412 93.0149
93.1241 97.6248 97.6248 94.9676 93.0662
93.1687 97.6319 97.6319 95.006 93.1175
93.2134 97.645 97.645 95.0443 93.1687
93.2581 97.6521 97.6521 95.0827 93.208
93.3028 97.6652 97.6652 95.1209 93.2591
93.3475 97.6663 97.6663 95.1292 93.3042
93.3922 97.6794 97.6794 95.1136 93.3254
93.4369 97.6805 97.6805 95.11 93.3584
93.4815 97.7055 97.7055 95.1243 93.3975
93.5262 97.7305 97.7305 95.1266 93.4484
93.5709 97.7495 97.7495 95.1289 93.4933
93.6156 97.7685 97.7685 95.1313 93.5322
93.6603 97.7815 97.7815 95.1217 93.5711
93.705 97.8064 97.8064 95.1299 93.6159
93.7497 97.8194 97.8194 95.1323 93.6666
93.7943 97.8502 97.8502 95.1346 93.7113
93.839 97.8631 97.8631 95.119 93.7619
93.8837 97.8701 97.8701 95.1154 93.8125
93.9284 97.8949 97.8949 95.1118 93.857
93.9731 97.9018 97.9018 95.1022 93.9075
94.0178 97.9147 97.9147 95.0986 93.9579
94.0624 97.9276 97.9276 95.101 93.9786
94.1071 97.9523 97.9523 95.1092 94.029
94.1518 97.977 97.977 95.1115 94.0793
94.1965 97.9898 97.9898 95.1139 94.1295
94.2412 98.0026 98.0026 95.1162 94.1797
94.2859 98.0213 98.0213 95.1126 94.2299
94.3306 98.0341 98.0341 95.0971 94.28
94.3752 98.0587 98.0587 95.1054 94.33
94.4199 98.0774 98.0774 95.0899 94.3741
94.4646 98.1079 98.1079 95.0863 94.4241
94.5093 98.1265 98.1265 95.0768 94.474
94.554 98.1451 98.1451 95.0851 94.5239
94.5987 98.1696 98.1696 95.0874 94.5442
94.6434 98.2059 98.2059 95.0956 94.594
94.688 98.2362 98.2362 95.1333 94.6378
94.7327 98.2429 98.2429 95.1828 94.6875
94.7774 98.2555 98.2555 95.2322 94.7313
94.8221 98.2681 98.2681 95.2816 94.7809
94.8668 98.2866 98.2866 95.325 94.8304
94.9115 98.3051 98.3051 95.3625 94.8682
94.9562 98.3176 98.3176 95.4 94.9118
95.0008 98.3537 98.3537 95.4433 94.9612
95.0455 98.3956 98.3956 95.4925 94.9871
95.0902 98.4081 98.4081 95.5298 95.0188
95.1349 98.4382 98.4382 95.5789 95.0681
95.1796 98.4566 98.4566 95.6221 95.1115
95.2243 98.4573 98.4573 95.6534 95.1607
95.2689 98.458 98.458 95.7024 95.204
95.3136 98.4587 98.4587 95.7513 95.2473
95.3583 98.477 98.477 95.8001 95.2964
95.403 98.4836 98.4836 95.8489 95.3454
95.4477 98.496 98.496 95.8919 95.3944
95.4924 98.4967 98.4967 95.9347 95.4434
95.5371 98.4974 98.4974 95.9717 95.4864
95.5817 98.4981 98.4981 96.0203 95.5236
95.6264 98.528 98.528 96.0689 95.5724
95.6711 98.5521 98.5521 96.1116 95.6212
95.7158 98.5586 98.5586 96.1426 95.6641
95.7605 98.5709 98.5709 96.1794 95.707
95.8052 98.5774 98.5774 96.222 95.7498
95.8499 98.5897 98.5897 96.2646 95.7984
95.8945 98.6021 98.6021 96.3013 95.8469
95.9392 98.6085 98.6085 96.3379 95.8838
95.9839 98.6092 98.6092 96.3745 95.9148
96.0286 98.6273 98.6273 96.4228 95.9632
96.0733 98.6453 98.6453 96.4709 96.0116
96.118 98.6576 98.6576 96.5132 96.06
96.1627 98.6815 98.6815 96.5555 96.1083
96.2073 98.6995 98.6995 96.6036 96.1565
96.252 98.7001 98.7001 96.6516 96.2047
96.2967 98.7239 98.7239 96.6995 96.2529
96.3414 98.7361 98.7361 96.7359 96.301
96.3861 98.7656 98.7656 96.7779 96.3317
96.4308 98.7778 98.7778 96.82 96.3797
96.4755 98.7899 98.7899 96.8504 96.4277
96.5201 98.8137 98.8137 96.8924 96.4699
96.5648 98.8258 98.8258 96.9401 96.5178
96.6095 98.8437 98.8437 96.982 96.5599
96.6542 98.8615 98.8615 97.0296 96.6077
96.6989 98.8794 98.8794 97.0714 96.6497
96.7436 98.9145 98.9145 97.1189 96.6859
96.7882 98.9439 98.9439 97.1664 96.7336
96.8329 98.979 98.979 97.2139 96.7813
96.8776 98.991 98.991 97.2555 96.8289
96.9223 99.0088 99.0088 97.2971 96.8707
96.967 99.0207 99.0207 97.3387 96.9182
97.0117 99.0327 99.0327 97.3802 96.9657
97.0564 99.0389 99.0389 97.416 97.0074
97.101 99.0624 99.0624 97.4632 97.0548
97.1457 99.0743 99.0743 97.4931 97.1021
97.1904 99.0977 99.0977 97.5287 97.1437
97.2351 99.1096 99.1096 97.5528 97.1795
97.2798 99.1215 99.1215 97.5769 97.2037
97.3245 99.1391 99.1391 97.6125 97.2509
97.3692 99.1625 99.1625 97.6595 97.2981
97.4138 99.1915 99.1915 97.695 97.3452
97.4585 99.232 99.232 97.7361 97.3923
97.5032 99.2438 99.2438 97.7773 97.4393
97.5479 99.2499 99.2499 97.8184 97.4805
97.5926 99.2617 99.2617 97.8537 97.5275
97.6373 99.262 99.262 97.8947 97.5744
97.682 99.2624 99.2624 97.9414 97.6212
97.7266 99.2684 99.2684 97.971 97.668
97.7713 99.2745 99.2745 98.0176 97.7091
97.816 99.2862 99.2862 98.0585 97.7558
97.8607 99.3037 99.3037 98.0879 97.8025
97.9054 99.3211 99.3211 98.1287 97.8492
97.9501 99.3328 99.3328 98.1524 97.8958
97.9947 99.3388 99.3388 98.1988 97.9423
98.0394 99.3562 99.3562 98.2452 97.9888
98.0841 99.3736 99.3736 98.2916 98.0296
98.1288 99.3796 99.3796 98.3265 98.076
98.1735 99.3969 99.3969 98.3557 98.1224
98.2182 99.4142 99.4142 98.3906 98.1688
98.2629 99.4145 99.4145 98.4254 98.2151
98.3075 99.4318 99.4318 98.4659 98.2614
98.3522 99.4491 99.4491 98.5064 98.3076
98.3969 99.4607 99.4607 98.5468 98.3538
98.4416 99.4723 99.4723 98.5928 98.3999
98.4863 99.4839 99.4839 98.6388 98.446
98.531 99.5011 99.5011 98.6791 98.4921
98.5757 99.524 99.524 98.7251 98.5381
98.6203 99.5356 99.5356 98.754 98.5841
98.665 99.5471 99.5471 98.7828 98.63
98.7097 99.5869 99.5869 98.8287 98.6759
98.7544 99.6097 99.6097 98.8688 98.7217
98.7991 99.6099 99.6099 98.9145 98.7675
98.8438 99.6101 99.6101 98.9546 98.8133
98.8885 99.6159 99.6159 98.9833 98.859
98.9331 99.6161 99.6161 99.0176 98.9047
98.9778 99.6332 99.6332 99.0632 98.9503
99.0225 99.6559 99.6559 99.1088 98.9959
99.0672 99.6786 99.6786 99.1543 99.0415
99.1119 99.7013 99.7013 99.1941 99.0814
99.1566 99.7071 99.7071 99.217 99.1269
99.2013 99.7185 99.7185 99.2624 99.1723
99.2459 99.7355 99.7355 99.3021 99.2177
99.2906 99.7525 99.7525 99.3418 99.2574
99.3353 99.7751 99.7751 99.3815 99.3027
99.38 99.792 99.792 99.4267 99.348
99.4247 99.809 99.809 99.4719 99.3876
99.4694 99.8091 99.8091 99.5171 99.4328
99.514 99.8148 99.8148 99.551 99.478
99.5587 99.8261 99.8261 99.5961 99.5231
99.6034 99.843 99.843 99.6355 99.5626
99.6481 99.8767 99.8767 99.6749 99.6076
99.6928 99.8935 99.8935 99.7199 99.647
99.7375 99.9104 99.9104 99.7592 99.692
99.7822 99.916 99.916 99.7929 99.7369
99.8268 99.9385 99.9385 99.8377 99.7818
99.8715 99.9497 99.9497 99.877 99.8266
99.9162 99.972 99.972 99.9161 99.8714
99.9609 99.9441 99.9441 99.9497 99.9162
100.006 99.9777 99.9832 99.9777 99.9609
