0.0474834 37.5 43.75 31.25 31.25 43.75
0.0949668 59.375 59.375 37.5 37.5 65.625
0.14245 66.6667 64.5833 43.75 43.75 68.75
0.189934 65.625 65.625 54.6875 56.25 62.5
0.237417 67.5 67.5 61.25 62.5 65
0.2849 68.75 68.75 64.5833 64.5833 63.5417
0.332384 66.9643 68.75 70.5357 70.5357 64.2857
0.379867 66.4062 67.1875 70.3125 71.0938 61.7188
0.42735 67.3611 70.8333 71.5278 72.9167 62.5
0.474834 67.5 71.25 69.375 70.625 64.375
0.522317 67.6136 70.4545 69.8864 69.8864 63.0682
0.569801 68.2292 70.8333 69.2708 70.3125 65.1042
0.617284 70.6731 72.5962 68.75 69.7115 66.8269
0.664767 70.5357 71.875 68.3036 67.8571 66.5179
0.712251 70.4167 71.6667 68.75 69.5833 66.6667
0.759734 70.3125 71.875 67.9688 68.3594 68.75
0.807217 70.2206 70.5882 65.8088 66.9118 68.3824
0.854701 68.75 70.1389 65.9722 66.3194 68.0556
0.902184 69.7368 70.3947 64.4737 66.1184 66.7763
0.949668 69.6875 70.625 64.0625 64.0625 67.1875
0.997151 69.6429 70.5357 62.7976 64.5833 67.5595
1.04463 69.0341 70.1705 63.0682 63.3523 67.8977
1.09212 69.5652 69.837 61.1413 62.5 67.663
1.1396 67.9688 68.2292 60.9375 61.7188 67.1875
1.18708 69 68.75 61.25 60.5 67.75
1.23457 67.7885 68.2692 60.8173 61.2981 67.0673
1.28205 66.8981 67.1296 59.7222 63.1944 67.5926
1.32953 66.7411 66.9643 59.1518 62.2768 66.9643
1.37702 66.3793 66.3793 59.4828 61.4224 66.5948
1.4245 65.625 66.0417 59.375 60.625 66.4583
1.47198 66.3306 66.5323 58.0645 59.2742 66.5323
1.51947 66.0156 66.6016 57.2266 58.3984 66.0156
1.56695 66.6667 66.8561 56.4394 58.3333 65.7197
1.61443 66.5441 66.7279 55.5147 58.0882 65.4412
1.66192 66.0714 66.25 54.4643 57.3214 66.0714
1.7094 65.9722 66.1458 54.1667 56.7708 65.4514
1.75689 65.7095 65.8784 54.223 56.4189 66.2162
1.80437 65.7895 65.7895 54.2763 55.7566 66.2829
1.85185 65.3846 65.5449 54.4872 55.4487 66.0256
1.89934 65 65 53.2812 54.6875 65.625
1.94682 65.0915 65.2439 52.7439 54.1159 65.5488
1.9943 64.7321 64.881 52.2321 54.7619 65.0298
2.04179 64.3895 64.8256 51.1628 55.6686 64.3895
2.08927 64.3466 64.6307 50.2841 55.6818 64.4886
2.13675 64.8611 65 50.2778 55.4167 64.4444
2.18424 64.6739 64.8098 50 55.2989 64.1304
2.23172 64.0957 64.2287 49.867 54.3883 63.2979
2.2792 63.6719 63.9323 49.349 53.5156 63.151
2.32669 63.648 63.7755 49.3622 53.0612 63.2653
2.37417 63.375 63.625 49 52.5 63.125
2.42165 63.1127 63.2353 48.652 52.3284 63.4804
2.46914 62.5 62.6202 48.3173 51.4423 62.8606
2.51662 62.1462 62.3821 48.2311 50.5896 62.8538
2.5641 62.037 62.1528 48.6111 50.463 62.7315
2.61159 61.9318 61.8182 48.9773 50.2273 62.7273
2.65907 61.8304 61.8304 49.6652 50 62.5
2.70655 61.7325 61.6228 49.6711 49.4518 62.6096
2.75404 61.2069 61.3147 49.569 49.0302 62.2845
2.80152 60.5932 60.8051 49.2585 48.6229 61.6525
2.849 60.8333 60.9375 48.9583 48.9583 61.5625
2.89649 60.8607 60.8607 48.7705 49.4877 61.8852
2.94397 60.7863 60.7863 48.2863 49.8992 61.8952
2.99145 60.5159 60.5159 47.9167 50.2976 61.6071
3.03894 60.2539 60.3516 47.5586 50.8789 61.4258
3.08642 60.0962 60.0962 47.3077 50.7692 61.5385
3.1339 59.7538 59.8485 46.7803 50.1894 61.0795
3.18139 59.6082 59.6082 46.0821 49.4403 61.0075
3.22887 59.5588 59.5588 45.6801 49.1728 61.1213
3.27635 59.4203 59.5109 45.471 48.913 61.0507
3.32384 59.5536 59.6429 45.625 48.75 61.25
3.37132 59.419 59.507 45.5986 48.7676 60.9155
3.4188 59.4618 59.6354 45.2257 48.4375 60.9375
3.46629 59.5034 59.589 44.7774 48.1164 60.7877
3.51377 59.4595 59.4595 44.7635 47.7196 60.8953
3.56125 59.3333 59.3333 44.75 47.3333 60.75
3.60874 58.7993 58.7993 44.5724 46.7928 60.1974
3.65622 58.1981 58.1981 44.237 46.3474 59.8214
3.7037 58.0929 58.0929 44.6314 46.234 59.9359
3.75119 57.9905 58.0696 44.3038 45.8861 60.0475
3.79867 58.2812 58.3594 44.1406 45.7031 60.3906
3.84615 58.642 58.8735 43.8272 45.6019 60.571
3.89364 58.6128 58.689 43.9787 45.7317 60.2134
3.94112 58.509 58.509 43.9006 45.4819 60.0151
3.9886 58.1101 58.1845 43.8988 45.3869 59.8214
4.03609 57.7941 57.8676 43.6765 45.2206 59.7059
4.08357 58.2122 58.2122 43.6047 45.0581 59.811
4.13105 58.046 58.046 43.5345 44.8994 59.6983
4.17854 57.8125 57.8125 43.608 44.8153 59.517
4.22602 57.7949 57.7949 43.4691 44.8034 59.691
4.2735 57.6389 57.7083 43.4722 45.0694 59.8611
4.32099 57.2802 57.3489 43.6813 45.1923 59.7527
4.36847 56.9973 56.9973 43.9538 45.0408 59.5788
4.41595 56.3844 56.5188 43.8172 45.2957 59.0726
4.46344 56.117 56.25 43.8165 45.4122 59.0426
4.51092 56.3158 56.3816 44.5395 45.7895 59.0789
4.5584 56.25 56.25 45.1823 46.4193 58.9193
4.60589 56.3144 56.3144 45.4897 46.9072 58.8918
4.65337 56.4413 56.4413 45.727 47.449 58.9923
4.70085 56.6288 56.6288 45.7071 48.1692 59.154
4.74834 56.625 56.625 45.8125 48.875 59.125
4.79582 56.6213 56.6213 45.9158 49.8762 59.0347
4.8433 56.6176 56.6176 45.9559 50.1225 59.1299
4.89079 56.6141 56.6748 45.8738 51.0316 59.0413
4.93827 56.6106 56.6707 45.7332 51.3822 58.8942
4.98575 56.6071 56.6071 45.8333 51.8452 58.8095
5.03324 56.5448 56.5448 45.7547 51.8868 58.8443
5.08072 56.4252 56.5421 45.736 51.8107 58.8201
5.12821 56.4236 56.4236 45.6019 51.6782 58.912
5.17569 56.5367 56.594 45.8142 51.6055 59.0596
5.22317 56.4205 56.4773 45.625 51.3068 59.1477
5.27066 56.0811 56.0811 45.6081 51.0698 58.7838
5.31814 56.0826 56.1384 45.5357 50.8371 58.7054
5.36562 55.8075 55.8075 45.5752 50.5531 58.4071
5.41311 55.7018 55.7566 45.3947 50.4934 58.3882
5.46059 55.3804 55.3804 45.2717 50.163 58.2065
5.50807 55.0108 55.0647 44.8815 49.7845 57.8664
5.55556 54.6474 54.7543 44.5513 49.359 57.6389
5.60304 54.3432 54.3432 44.1737 49.0996 57.5212
5.65052 53.9391 53.9391 43.855 48.687 57.1954
5.69801 53.5417 53.5417 43.5938 48.2812 56.7708
5.74549 53.1508 53.1508 43.2851 47.8822 56.3533
5.79297 52.7664 52.7664 42.9816 47.4898 56.0451
5.84046 52.7947 52.7947 42.8354 47.6118 56.3008
5.88794 52.7722 52.7722 42.9435 47.631 56.6028
5.93542 52.9 52.95 42.85 47.7 56.65
5.98291 52.9266 52.9266 42.5595 47.7183 56.498
6.03039 52.9035 52.9035 42.6673 47.7362 56.4961
6.07787 53.0273 53.0273 42.6758 47.9004 56.6895
6.12536 53.0523 53.0523 42.6357 47.9651 56.7829
6.17284 53.125 53.1731 42.6923 48.2692 56.8269
6.22032 53.1966 53.1966 42.7958 48.4256 56.9179
6.26781 53.267 53.267 42.7083 48.6742 57.0549
6.31529 53.3835 53.3835 42.6222 48.9192 57.0959
6.36277 53.125 53.125 42.8638 49.0672 57.0429
6.41026 53.1481 53.1481 42.8704 49.0741 57.0833
6.45774 53.2629 53.2629 43.0147 49.0809 57.1691
6.50522 53.3303 53.3303 42.8832 49.1332 57.0712
6.55271 53.2156 53.3062 42.9348 49.2301 56.8841
6.60019 53.3723 53.4173 42.8957 49.5953 56.7896
6.64767 53.8839 53.9732 43.1696 50.0446 56.7857
6.69516 54.1667 54.1667 43.484 50.3546 56.9149
6.74264 54.3574 54.4014 43.4419 50.8803 57.1303
6.79012 54.5017 54.6329 43.7937 51.1364 57.1241
6.83761 54.6441 54.6875 43.8368 51.3455 57.2917
6.88509 54.7845 54.8276 44.181 51.681 57.3707
6.93257 54.7945 54.9229 44.2209 52.0548 57.4058
6.98006 55.1446 55.2296 44.2602 52.5935 57.483
7.02754 55.4476 55.4899 44.4679 53.0405 57.6014
7.07502 55.7047 55.7886 44.7148 53.6493 57.844
7.12251 55.75 55.9583 44.9167 54.1667 57.75
7.16999 56.043 56.2914 45.3228 54.8013 57.947
7.21747 55.9622 56.25 45.5592 55.222 57.8536
7.26496 55.9232 56.2092 45.6699 55.5556 57.7206
7.31244 55.9659 56.1282 45.4951 55.763 57.5893
7.35992 55.8871 56.129 45.2016 55.9677 57.2581
7.40741 55.8494 56.0096 44.992 56.0497 57.0112
7.45489 56.0908 56.3296 44.9841 56.25 56.9268
7.50237 56.4082 56.6456 45.0554 56.5665 57.0016
7.54986 56.6431 56.8789 44.9292 56.761 57.0362
7.59734 56.9141 57.1484 44.9219 56.8359 57.1875
7.64482 57.1817 57.3758 45.0311 56.9488 57.2205
7.69231 57.4846 57.6003 44.946 57.2917 57.4074
7.73979 57.8604 57.8604 45.0153 57.477 57.5153
7.78727 58.1555 58.2317 45.0076 57.622 57.7363
7.83476 58.4091 58.447 45.0758 57.6515 57.9545
7.88224 58.6973 58.5467 45.1807 57.869 58.0949
7.92972 58.7201 58.7201 45.3219 57.9716 58.1961
7.97721 58.817 58.8914 45.3125 57.9985 58.2217
8.02469 58.8757 58.9497 45.4882 57.8772 58.247
8.07217 59.0074 59.1176 45.6985 57.9044 58.1985
8.11966 59.2105 59.3202 45.7968 58.0044 58.2968
8.16714 59.5567 59.5203 45.9302 58.2122 58.3576
8.21462 59.8988 59.8627 46.2066 58.526 58.6705
8.26211 60.0934 60.0216 46.3003 58.908 58.8003
8.30959 60.1071 60.2857 46.5 59.0357 58.8929
8.35708 60.2273 60.2983 46.733 59.0199 59.0199
8.40456 60.3107 60.3814 46.9986 59.0042 59.0749
8.45204 60.4986 60.6039 47.191 59.0941 59.1994
8.49953 60.6844 60.6844 47.5209 59.148 59.3226
8.54701 60.8681 60.7292 47.9167 59.1319 59.4444
8.59449 61.0497 60.8771 48.3425 59.1851 59.634
8.64198 61.1951 61.1264 48.6607 59.3407 59.7527
8.68946 61.5096 61.4071 49.0437 59.4604 59.9385
8.73694 61.6848 61.5489 49.4565 59.5788 59.9864
8.78443 61.7905 61.8919 49.9662 59.8986 60.0676
8.83191 61.8952 62.0968 50.3024 60.0806 60.1478
8.87939 62.2995 62.2995 50.8021 60.5281 60.3275
8.92688 62.367 62.3338 51.3298 60.8045 60.2394
8.97436 62.4008 62.3347 51.7526 61.0119 60.3175
9.02184 62.5 62.4671 52.1382 61.0197 60.3289
9.06933 62.7618 62.6309 52.5196 61.1257 60.4385
9.11681 63.0534 62.7604 52.8971 61.1003 60.5469
9.16429 63.2124 62.7915 53.3355 61.1399 60.6541
9.21178 63.241 62.9832 53.6082 61.1147 60.6637
9.25926 63.2692 62.9167 53.9423 61.2179 60.6731
9.30674 63.361 63.0421 54.1454 61.2883 60.7462
9.35423 63.5152 63.2297 54.3782 61.4213 60.7551
9.40171 63.7942 63.6679 54.4823 61.5846 61.0164
9.44919 64.0389 63.7877 54.5854 61.7148 61.0867
9.49668 64 63.7188 54.5312 61.6875 61
9.54416 64.0858 63.806 54.5398 61.847 61.1318
9.59164 64.1708 64.0161 54.5483 61.974 61.3243
9.63913 64.3165 64.3473 54.5259 62.2845 61.4224
9.68661 64.4914 64.4301 54.6262 62.5919 61.489
9.73409 64.5122 64.5427 54.8171 62.622 61.4939
9.78158 64.6238 64.5631 54.7937 62.6214 61.5595
9.82906 64.9155 64.6739 54.8611 62.7415 61.6546
9.87654 65.1743 64.8137 54.8978 62.6502 61.6587
9.92403 65.1615 64.8325 54.8744 62.6794 61.6627
9.97151 65.1488 65.0298 54.9405 62.6488 61.6964
10.019 65.1955 64.9882 54.9467 62.6777 61.641
10.0665 65.3007 65.1533 54.9233 62.7653 61.7335
10.114 65.4049 65.1115 55.0763 62.7934 61.7371
10.1614 65.4206 65.1577 54.9942 62.8505 61.9159
10.2089 65.5523 65.1453 54.9709 62.9942 61.8895
10.2564 65.5671 65.1042 54.8611 62.9919 61.7477
10.3039 65.6682 65.1786 54.8675 62.9608 61.6647
10.3514 65.453 65.0516 54.7305 62.8154 61.6686
10.3989 65.3253 64.8973 54.6233 62.6712 61.5011
10.4463 65.1989 64.7443 54.4318 62.5284 61.3068
10.4938 65.0735 64.4796 54.2138 62.4434 61.086
10.5413 64.8649 64.4144 53.9696 62.2748 61.0079
10.5888 64.7702 64.2657 53.8397 62.1637 60.7904
10.6363 64.6484 64.1183 53.7667 62.1094 60.5469
10.6838 64.5 64.0833 53.5833 62.0833 60.3889
10.7312 64.4912 64.021 53.4015 62.1128 60.2046
10.7787 64.5099 63.9593 53.2489 61.9493 60.022
10.8262 64.5833 63.898 53.2072 62.1711 60.0329
10.8737 64.7653 64.0284 53.1386 62.3362 60.1801
10.9212 64.9728 64.0489 53.1793 62.4185 60.3261
10.9687 65.3139 64.2587 53.355 62.6353 60.5519
11.0161 65.3287 64.305 53.3405 62.6347 60.6412
11.0636 65.397 64.4582 53.4603 62.6341 60.7028
11.1111 65.3846 64.6368 53.4455 62.7137 60.7372
11.1586 65.4521 64.8404 53.5106 62.766 60.9043
11.2061 65.4926 65.0424 53.4958 62.8178 60.964
11.2536 65.5854 65.1108 53.5074 62.9483 61.1023
11.301 65.5725 65.1261 53.4664 63.0777 61.292
11.3485 65.5858 65.1151 53.5303 63.0492 61.1663
11.396 65.5729 65.1042 53.5677 63.0469 61.1979
11.4435 65.638 65.1971 53.4751 63.0705 61.2811
11.491 65.9091 65.2376 53.4607 63.094 61.3895
11.5385 66.0751 65.3292 53.5237 63.1687 61.5741
11.5859 66.3166 65.5482 53.5348 63.2428 61.7059
11.6334 66.5561 65.6888 53.5969 63.2908 61.8112
11.6809 66.7175 65.9299 53.6077 63.44 61.8902
11.7284 66.8522 66.1437 53.669 63.4868 61.9433
11.7759 67.0363 66.1794 53.6794 63.5585 62.0716
11.8234 66.9679 66.0643 53.74 63.5291 62.0984
11.8708 67 66.2 53.9 63.7 62.2
11.9183 67.0568 66.2102 53.8845 63.6952 62.251
11.9658 67.1627 66.3938 53.9187 63.8393 62.2768
12.0133 67.169 66.4032 53.9032 63.9822 62.4012
12.0608 67.3474 66.4616 53.8632 64.1732 62.5984
12.1083 67.402 66.5441 53.848 64.1912 62.598
12.1557 67.4316 66.5527 53.8574 64.3066 62.5
12.2032 67.4368 66.7315 53.8911 64.4698 62.5243
12.2507 67.4903 66.9089 53.9486 64.6076 62.5969
12.2982 67.5193 67.0125 53.861 64.7442 62.6931
12.3457 67.5962 67.2596 53.9663 64.976 62.8125
12.3932 67.6964 67.5048 54.1188 65.3017 62.9789
12.4406 67.8435 67.7481 54.1746 65.5534 63.0487
12.4881 67.847 67.8945 54.3013 65.7319 63.1179
12.5356 67.8741 67.8741 54.1667 65.8617 63.0682
12.5831 67.8774 67.9009 54.1509 66.0613 62.9481
12.6306 67.9981 67.9981 54.2528 66.2359 63.0404
12.6781 68.1414 68.0243 54.3305 66.2687 63.0852
12.7255 68.2836 68.0504 54.431 66.3713 63.1996
12.773 68.355 68.1227 54.4145 66.3569 63.3132
12.8205 68.4259 68.0787 54.4676 66.3194 63.2639
12.868 68.5655 68.0581 54.6125 66.3515 63.3764
12.9155 68.8189 68.1985 54.6186 66.4292 63.4881
12.963 68.8187 68.2463 54.7848 66.4606 63.5531
13.0104 68.8641 68.3622 54.8358 66.583 63.5949
13.0579 68.9091 68.5 54.9773 66.5909 63.6136
13.1054 68.9538 68.5915 55.0725 66.5761 63.7455
13.1529 69.0208 68.7049 55.2121 66.6742 63.8538
13.2004 69.0647 68.8849 55.3282 66.6817 64.0513
13.2479 69.1308 69.0412 55.3091 66.7563 64.2025
13.2953 69.2188 69.2411 55.3348 66.7188 64.308
13.3428 69.4173 69.3283 55.427 66.8817 64.3683
13.3903 69.5479 69.4371 55.4743 66.9326 64.4725
13.4378 69.5451 69.4346 55.5433 67.0053 64.4655
13.4853 69.6083 69.4762 55.5458 66.9454 64.5907
13.5328 69.5833 69.4956 55.636 66.9737 64.5614
13.5802 69.7115 69.6023 55.7911 67.0892 64.6635
13.6277 69.73 69.6864 55.7709 67.1385 64.8519
13.6752 69.7266 69.7049 55.8594 67.1875 64.9523
13.7227 69.8746 69.8097 55.8824 67.3227 65.0303
13.7702 69.7629 69.6767 55.819 67.2198 64.9353
13.8177 69.6735 69.5447 55.7345 67.0533 64.8625
13.8651 69.6704 69.7132 55.8433 67.1233 64.833
13.9126 69.6886 69.7312 55.8874 67.1288 64.8464
13.9601 69.6854 69.7066 55.9524 67.0706 64.7747
14.0076 69.7881 69.7881 55.9746 67.1822 64.8517
14.0551 69.9535 69.9113 56.0177 67.2508 64.9493
14.1026 70.0126 69.9705 55.9975 67.3611 64.9621
14.15 70.0923 70.0294 56.1032 67.3867 64.9958
14.1975 70.255 70.1923 56.1664 67.6212 65.1338
14.245 70.4792 70.3333 56.2708 67.6875 65.2292
14.2925 70.515 70.4111 56.3746 67.7949 65.2201
14.34 70.5712 70.6126 56.519 67.8601 65.3353
14.3875 70.7096 70.7096 56.6213 67.8837 65.3878
14.4349 70.8265 70.7442 56.6612 67.8865 65.5016
14.4824 70.8607 70.7787 56.7623 67.9508 65.5533
14.5299 70.9763 70.8333 56.8015 67.933 65.625
14.5774 70.9894 70.8062 56.8404 67.956 65.6759
14.6249 71.043 70.8198 56.8588 68.0804 65.7265
14.6724 71.1165 70.9142 56.8972 68.2039 65.7969
14.7198 71.2097 70.9274 56.9758 68.3266 65.8266
14.7673 71.2219 70.9807 57.0539 68.3079 65.8963
14.8148 71.3141 70.9535 57.0713 68.3093 65.8654
14.8623 71.3259 71.0064 57.2085 68.4305 65.9744
14.9098 71.3376 71.0788 57.3248 68.6306 66.1624
14.9573 71.369 71.0913 57.3611 68.75 66.2103
15.0047 71.4597 71.163 57.5356 68.9082 66.3568
15.0522 71.4314 71.1554 57.6104 69.0457 66.3052
15.0997 71.4623 71.2068 57.7437 69.1627 66.3719
15.1472 71.4538 71.2382 57.739 69.2398 66.3597
15.1947 71.543 71.3086 57.8125 69.3945 66.3672
15.2422 71.5927 71.398 57.866 69.412 66.3746
15.2896 71.545 71.448 57.9387 69.4682 66.4014
15.3371 71.6331 71.6138 58.185 69.6594 66.4861
15.3846 71.6435 71.6435 58.314 69.7531 66.4931
15.4321 71.6538 71.7885 58.3269 69.9231 66.5577
15.4796 71.7408 71.9709 58.4164 70.0729 66.6794
15.5271 71.7508 72.1139 58.5054 70.2408 66.7049
15.5745 71.7607 72.237 58.5747 70.3506 66.7111
15.622 71.8465 72.3214 58.6056 70.5167 66.6033
15.6695 71.7424 72.197 58.5606 70.5114 66.4773
15.717 71.6201 72.0544 58.5725 70.4872 66.3708
15.7645 71.5361 71.9127 58.622 70.4255 66.3404
15.812 71.6404 71.9595 58.8026 70.6081 66.3851
15.8594 71.6879 72.006 58.8698 70.7522 66.4296
15.9069 71.7351 72.0149 58.9739 70.7649 66.4739
15.9544 71.8006 72.061 59.0588 70.8147 66.4993
16.0019 71.773 72.0512 59.273 70.8272 66.5987
16.0494 71.8195 72.0414 59.4305 70.858 66.6235
16.0969 71.8842 72.0686 59.6423 70.9255 66.6298
16.1443 72.114 72.2243 59.8713 71.0294 66.6728
16.1918 72.2141 72.324 60.0073 71.096 66.7889
16.2393 72.3136 72.3867 60.106 71.0892 66.758
16.2868 72.3579 72.449 60.277 71.1006 66.855
16.3343 72.3474 72.5109 60.4288 71.1301 66.9513
16.3818 72.3913 72.6087 60.5978 71.2862 67.0652
16.4292 72.453 72.5614 60.7298 71.2428 67.1423
16.4767 72.5144 72.5324 60.8069 71.2716 67.2731
16.5242 72.5395 72.5395 61.0273 71.2105 67.2773
16.5717 72.6182 72.6003 61.1569 71.2213 67.3352
16.6192 72.6429 72.6071 61.2679 71.25 67.4464
16.6667 72.7386 72.6852 61.4316 71.2785 67.6104
16.7142 72.8516 72.7095 61.63 71.3246 67.7734
16.7616 72.9285 72.7337 61.7918 71.335 67.8293
16.8091 72.952 72.7578 61.9703 71.3277 67.8672
16.8566 73.0282 72.8345 62.1655 71.338 67.993
16.9041 73.0162 72.8757 62.3069 71.3132 68.0126
16.9516 73.0217 72.9167 62.4125 71.271 67.9797
16.9991 73.0622 72.9749 62.6047 71.4036 68.1041
17.0465 73.1024 72.9805 62.7611 71.3962 68.1581
17.094 73.0208 73.0208 62.9514 71.4236 68.1771
17.1415 73.0263 73.1302 63.106 71.4508 68.2652
17.189 73.0663 73.2562 63.346 71.4952 68.3356
17.2365 73.0372 73.3127 63.5503 71.5393 68.4056
17.284 73.0769 73.386 63.7363 71.5659 68.4409
17.3314 73.1678 73.4418 63.9555 71.6267 68.4247
17.3789 73.224 73.5485 64.2247 71.7213 68.5622
17.4264 73.1608 73.5695 64.4244 71.6621 68.4946
17.4739 73.1488 73.6243 64.6569 71.7391 68.5122
17.5214 73.2554 73.6789 64.8713 71.8157 68.6484
17.5689 73.2095 73.6318 65.0338 71.8074 68.6993
17.6163 73.1974 73.6186 65.2796 71.8329 68.6995
17.6638 73.1855 73.6055 65.4738 71.8582 68.7332
17.7113 73.2741 73.693 65.7004 71.8834 68.8003
17.7588 73.3456 73.6965 65.9592 71.8917 68.8837
17.8063 73.3333 73.65 66.0667 71.9 68.95
17.8538 73.4707 73.7035 66.24 71.9249 69.0824
17.9012 73.4748 73.7069 66.4456 71.8833 69.0816
17.9487 73.5284 73.8261 66.6997 71.9907 69.213
17.9962 73.6148 73.9281 66.9525 72.0646 69.3107
18.0437 73.6842 73.9967 67.2204 72.2204 69.3914
18.0912 73.8025 74.0322 67.4705 72.2441 69.5046
18.1387 73.7238 74.0838 67.6702 72.2677 69.4699
18.1861 73.7435 74.1188 67.8851 72.2911 69.5333
18.2336 73.8281 74.1374 68.1315 72.3307 69.6126
18.2811 73.9123 74.1883 68.3766 72.4188 69.6429
18.3286 73.9475 74.2714 68.6043 72.5227 69.7053
18.3761 73.9987 74.2894 68.8307 72.5775 69.7997
18.4236 74.0496 74.3396 69.0561 72.6482 69.8776
18.471 74.036 74.277 69.2481 72.6221 69.955
18.5185 74.0705 74.3109 69.4551 72.6282 70.0641
18.566 74.0889 74.2487 69.6292 72.6822 70.0607
18.6135 74.0912 74.2347 69.8182 72.7041 70.1212
18.661 74.1889 74.2684 70.0859 72.7258 70.1495
18.7085 74.1434 74.3813 70.2887 72.7792 70.2253
18.7559 74.193 74.3829 70.4589 72.8165 70.269
18.8034 74.2266 74.4476 70.6755 72.8693 70.3598
18.8509 74.1971 74.4332 70.8123 72.8589 70.4345
18.8984 74.1991 74.4818 70.9956 72.8957 70.5245
18.9459 74.2794 74.5144 71.1936 72.9323 70.5044
18.9934 74.2969 74.5312 71.4531 73.0312 70.6406
19.0408 74.283 74.5324 71.6022 73.0517 70.5892
19.0883 74.2848 74.5647 71.7973 73.1188 70.6001
19.1358 74.3486 74.6433 72.0223 73.1855 70.7041
19.1833 74.4121 74.5978 72.1225 73.19 70.7611
19.2308 74.4136 74.5833 72.2531 73.2099 70.8333
19.2783 74.4612 74.6613 72.4138 73.2143 70.8744
19.3257 74.4932 74.7082 72.4969 73.2801 70.9459
19.3732 74.5251 74.7089 72.6103 73.3303 70.9712
19.4207 74.5874 74.7402 72.662 73.426 71.0269
19.4682 74.5579 74.8171 72.6982 73.4299 71.0671
19.5157 74.5438 74.924 72.7494 73.4489 71.1527
19.5632 74.5601 75.0607 72.8155 73.4982 71.1468
19.6106 74.5611 75.0454 72.8662 73.5623 71.141
19.6581 74.532 75.0453 72.9318 73.5658 71.1957
19.7056 74.488 75.0904 72.997 73.5994 71.3102
19.7531 74.5343 75.1052 73.152 73.6779 71.3492
19.8006 74.5504 75.1499 73.2314 73.786 71.4329
19.8481 74.5664 75.2392 73.3702 73.8786 71.4862
19.8955 74.6122 75.2387 73.3443 73.926 71.4946
19.943 74.6577 75.253 73.378 74.003 71.503
19.9905 74.6437 75.2375 73.3818 74.0647 71.5113
20.038 74.6445 75.2222 73.4301 74.141 71.5788
20.0855 74.6749 75.2807 73.5372 74.2021 71.6017
20.133 74.7347 75.3096 73.5702 74.2188 71.6981
20.1804 74.7941 75.3235 73.5147 74.2353 71.6765
20.2279 74.8239 75.3228 73.5622 74.2664 71.743
20.2754 74.8683 75.4391 73.6534 74.3413 71.8384
20.3229 74.8832 75.4673 73.8172 74.4451 71.9042
20.3704 74.9126 75.4662 73.8928 74.5338 71.926
20.4179 75.0291 75.5233 73.9826 74.6512 71.9767
20.4653 75.087 75.5075 74.0719 74.681 71.9983
20.5128 75.1881 75.5353 74.1609 74.783 72.0631
20.5603 75.2598 75.5052 74.1917 74.8124 72.0843
20.6078 75.3312 75.504 74.1935 74.8704 72.1198
20.6553 75.4023 75.431 74.181 74.8276 72.1695
20.7028 75.4444 75.4444 74.1972 74.871 72.1904
20.7502 75.5435 75.4863 74.2277 74.8856 72.3255
20.7977 75.5708 75.4281 74.2437 74.8858 72.3602
20.8452 75.6549 75.541 74.3024 74.9715 72.4516
20.8927 75.7386 75.5824 74.3608 75.0284 72.5426
20.9402 75.822 75.6519 74.4331 75.0992 72.5907
20.9877 75.8626 75.6787 74.5051 75.099 72.6103
21.0351 75.8183 75.6067 74.4921 75.1552 72.5875
21.0826 75.8305 75.6475 74.5636 75.2111 72.6351
21.1301 75.941 75.7022 74.6067 75.309 72.7107
21.1776 75.995 75.7147 74.6777 75.3643 72.8419
21.2251 76.0347 75.7131 74.6924 75.4195 72.8328
21.2726 76.13 75.8092 74.7907 75.5301 72.9353
21.32 76.1832 75.8909 74.8051 75.6821 72.9816
21.3675 76.2083 75.8472 74.8333 75.6806 72.9861
21.415 76.2334 75.8592 74.8891 75.7068 73.0183
21.4625 76.2583 75.8573 74.8756 75.7743 72.995
21.51 76.2693 75.883 74.931 75.8416 73.0408
21.5575 76.2665 75.8535 74.9312 75.9086 73.114
21.6049 76.2912 75.8242 75.0137 75.9615 73.2005
21.6524 76.3432 75.8635 75.0548 76.0965 73.2456
21.6999 76.3676 75.8889 75.0821 76.1761 73.2631
21.7474 76.3919 75.9007 75.1228 76.2555 73.3215
21.7949 76.4161 75.9532 75.1906 76.3617 73.2843
21.8424 76.481 76.0054 75.2038 76.4674 73.3288
21.8898 76.5591 76.0304 75.244 76.5591 73.4002
21.9373 76.5828 76.0552 75.3111 76.5963 73.4713
21.9848 76.5524 76.0259 75.2565 76.5794 73.4746
22.0323 76.5625 76.0237 75.3098 76.6433 73.5183
22.0798 76.6263 76.0484 75.3763 76.7473 73.6425
22.1273 76.596 76.073 75.4292 76.8374 73.6856
22.1747 76.5926 76.0974 75.4818 76.9004 73.6884
22.2222 76.6026 76.1485 75.5609 76.9765 73.7447
22.2697 76.6258 76.1727 75.5997 77.0922 73.7607
22.3172 76.7021 76.1835 75.6782 77.234 73.8697
22.3647 76.7251 76.2341 75.7033 77.2558 73.9384
22.4122 76.7082 76.1917 75.7018 77.304 73.9274
22.4596 76.731 76.1628 75.7003 77.3256 73.9033
22.5071 76.7537 76.2263 75.8043 77.3866 73.9847
22.5546 76.75 76.25 75.8158 77.3816 74.0921
22.6021 76.7595 76.313 75.8272 77.4291 74.1728
22.6496 76.7689 76.402 75.8255 77.4633 74.2138
22.6971 76.7652 76.4644 75.7845 77.4843 74.2678
22.7445 76.7354 76.4483 75.7698 77.5052 74.2954
22.792 76.7188 76.4844 75.8203 77.5 74.2578
22.8395 76.7282 76.5203 75.8576 77.4948 74.3243
22.887 76.7376 76.5949 75.9466 77.5415 74.4165
22.9345 76.734 76.6693 75.9705 77.5621 74.4695
22.982 76.7304 76.7045 75.9943 77.5826 74.5351
23.0294 76.6366 76.6624 75.9794 77.5258 74.549
23.0769 76.6075 76.7618 76.0159 77.5463 74.6013
23.1244 76.6042 76.8095 76.0652 77.5539 74.6792
23.1719 76.6009 76.8827 76.063 77.5871 74.731
23.2194 76.636 76.9555 76.0608 77.6201 74.7444
23.2669 76.6199 77.0281 76.0459 77.6276 74.7704
23.3143 76.6675 77.0876 76.1202 77.7113 74.8727
23.3618 76.6768 77.1341 76.156 77.782 74.9111
23.4093 76.6734 77.1552 76.1663 77.789 74.9239
23.4568 76.67 77.2267 76.2146 77.8593 74.9241
23.5043 76.6414 77.298 76.25 77.904 74.9495
23.5518 76.5751 77.2555 76.2727 77.8352 74.9244
23.5992 76.5468 77.2762 76.2827 77.8043 74.912
23.6467 76.619 77.3092 76.3429 77.8614 75
23.6942 76.5656 77.2921 76.3527 77.8808 75.0376
23.7417 76.525 77.2875 76.325 77.85 75
23.7892 76.5095 77.3453 76.3473 77.9067 75
23.8367 76.4691 77.3282 76.3944 77.9382 75.0374
23.8841 76.4911 77.3484 76.4414 77.9573 75.087
23.9316 76.4385 77.3313 76.4509 78.001 75.1116
23.9791 76.448 77.3515 76.4851 78.0198 75.1609
24.0266 76.4575 77.3592 76.5934 78.0756 75.2223
24.0741 76.43 77.3669 76.6026 78.0572 75.2589
24.1216 76.4272 77.3622 76.6486 78.125 75.3322
24.169 76.3752 77.3084 76.5963 78.1066 75.2824
24.2165 76.3848 77.2794 76.5931 78.1127 75.2819
24.264 76.3699 77.2505 76.6145 78.1067 75.3302
24.3115 76.3428 77.2217 76.6479 78.125 75.3784
24.359 76.4133 77.2539 76.6569 78.1555 75.4142
24.4065 76.3983 77.2009 76.6172 78.1128 75.3526
24.4539 76.4078 77.1602 76.6019 78.1189 75.3519
24.5014 76.4172 77.1076 76.5625 78.0644 75.3997
24.5489 76.354 77.0309 76.5353 78.0464 75.4231
24.5964 76.3393 77.027 76.5927 78.1009 75.374
24.6439 76.3126 77.0111 76.5414 78.0829 75.3613
24.6914 76.3582 77.0312 76.5385 78.101 75.4087
24.7388 76.3316 77.0154 76.5235 78.167 75.4679
24.7863 76.2811 76.9875 76.5445 78.1609 75.5029
24.8338 76.2906 76.9957 76.5774 78.2505 75.5736
24.8813 76.324 77.0157 76.6102 78.292 75.6679
24.9288 76.3095 77.0119 76.6429 78.2857 75.6905
24.9763 76.3902 77.0081 76.711 78.2913 75.7367
25.0237 76.3994 77.0398 76.7671 78.38 75.7827
25.0712 76.3731 77.0005 76.7401 78.3617 75.8168
25.1187 76.3705 77.0085 76.7722 78.379 75.8625
25.1662 76.3679 76.9458 76.7689 78.4198 75.8962
25.2137 76.3536 76.9185 76.8126 78.4369 75.9887
25.2612 76.3628 76.8797 76.821 78.5009 76.0808
25.3086 76.372 76.8879 76.9114 78.5647 76.1961
25.3561 76.3343 76.8727 76.8727 78.5463 76.264
25.4036 76.2967 76.8458 76.8808 78.5047 76.2617
25.4511 76.2593 76.819 76.8657 78.4398 76.2826
25.4986 76.2453 76.8273 76.9204 78.4451 76.3617
25.5461 76.2082 76.789 76.8936 78.4387 76.4057
25.5935 76.148 76.7393 76.8901 78.4207 76.4494
25.641 76.1458 76.713 76.9097 78.4144 76.5278
25.6885 76.1206 76.6751 76.9409 78.4427 76.5943
25.736 76.0724 76.6605 76.9488 78.4248 76.6259
25.7835 75.9899 76.6114 76.9913 78.43 76.692
25.831 75.9306 76.597 76.9646 78.4122 76.7808
25.8784 75.8945 76.5482 76.9381 78.383 76.8349
25.9259 75.8356 76.5224 76.9574 78.3654 76.9116
25.9734 75.7998 76.4625 76.9767 78.325 76.931
26.0209 75.787 76.437 76.9959 78.3417 76.9731
26.0684 75.7628 76.423 76.9809 78.3242 77.0492
26.1159 75.75 76.4091 77.0114 78.3636 77.1136
26.1633 75.6579 76.2931 76.9964 78.3348 77.1211
26.2108 75.6114 76.2568 77.0041 78.3514 77.1739
26.2583 75.6103 76.2319 77.0231 78.3567 77.2604
26.3058 75.5641 76.1958 76.9968 78.3281 77.3353
26.3533 75.4955 76.1149 76.9707 78.3333 77.3761
26.4008 75.4609 76.0904 76.9672 78.3498 77.4505
26.4482 75.4376 76.066 76.9861 78.4111 77.5135
26.4957 75.3808 75.9857 76.9937 78.405 77.565
26.5432 75.369 75.9392 77.0013 78.3766 77.6386
26.5907 75.3125 75.904 77.0089 78.3705 77.6339
26.6382 75.2674 75.8801 76.9608 78.3757 77.6181
26.6857 75.3003 75.8786 77.024 78.4253 77.6468
26.7331 75.2553 75.8548 77.0204 78.4414 77.6199
26.7806 75.2105 75.7979 77.0279 78.4464 77.6152
26.8281 75.1217 75.719 77.0243 78.4071 77.5553
26.8756 75.0994 75.6625 77.0318 78.39 77.5729
26.9231 75.1323 75.6283 77.0172 78.373 77.5794
26.9706 75.2201 75.5502 77.0246 78.3671 77.6078
27.018 75.3076 75.4943 76.9772 78.3502 77.6252
27.0655 75.3728 75.4496 77.0285 78.3443 77.6316
27.113 75.4597 75.3612 77.0031 78.3165 77.6598
27.1605 75.5463 75.3278 77.0323 78.3435 77.7098
27.208 75.6326 75.4254 77.0506 78.3486 77.7269
27.2555 75.6533 75.4791 77.0579 78.4081 77.7439
27.3029 75.7391 75.587 77.0435 78.3696 77.7717
27.3504 75.8355 75.6727 77.0725 78.3637 77.7995
27.3979 75.8341 75.7366 76.9931 78.3037 77.7838
27.4454 75.8651 75.7894 76.968 78.3088 77.779
27.4929 75.9607 75.8636 76.997 78.3355 77.8605
27.5404 76.0453 75.9483 77.0474 78.4052 77.8879
27.5878 76.0865 76.0004 77.0439 78.3993 77.883
27.6353 76.1598 76.0739 77.0082 78.3827 77.8673
27.6828 76.2007 76.1471 77.0047 78.3877 77.8731
27.7303 76.2628 76.22 77.0441 78.4033 77.9431
27.7778 76.2821 76.2821 77.0299 78.3974 77.9274
27.8253 76.3759 76.3652 77.0798 78.3916 77.965
27.8727 76.4161 76.4374 77.1082 78.3965 77.9813
27.9202 76.4775 76.4775 77.094 78.3801 78.0081
27.9677 76.4962 76.5068 77.101 78.3531 77.9924
28.0152 76.6102 76.5678 77.1081 78.3686 78.0297
28.0627 76.6392 76.6392 77.1151 78.3629 78.0034
28.1102 76.6997 76.7314 77.1643 78.3784 78.0511
28.1576 76.6969 76.7285 77.1079 78.3411 78.046
28.2051 76.6835 76.7572 77.0728 78.3565 78.0093
28.2526 76.7542 76.7857 77.0903 78.3403 78.0462
28.3001 76.7932 76.8037 77.0659 78.2823 78.0516
28.3476 76.8321 76.874 77.0415 78.2559 78.0465
28.3951 76.8917 76.9022 77.0276 78.24 78.0623
28.4425 76.9199 76.9616 77.0555 78.2554 78.0885
28.49 76.9688 77 77.0521 78.2708 78.1146
28.5375 76.9759 77.0279 77.0695 78.2446 78.1406
28.585 77.0556 77.0245 77.1076 78.2703 78.1665
28.6325 77.0522 77.073 77.1144 78.2546 78.182
28.68 77.0799 77.1213 77.173 78.2906 78.1974
28.7274 77.0868 77.1591 77.1798 78.2955 78.2955
28.7749 77.1555 77.238 77.1658 78.321 78.3313
28.8224 77.1829 77.2549 77.1623 78.2949 78.3052
28.8699 77.2204 77.3026 77.1896 78.2792 78.3717
28.9174 77.2783 77.4323 77.2167 78.3046 78.3662
28.9649 77.3566 77.4898 77.2541 78.3402 78.4016
29.0123 77.322 77.4652 77.189 78.2836 78.3961
29.0598 77.3591 77.4918 77.1855 78.268 78.4007
29.1073 77.3654 77.4674 77.1615 78.2015 78.3748
29.1548 77.4023 77.5041 77.1682 78.2166 78.41
29.2023 77.4187 77.5102 77.1951 78.252 78.435
29.2498 77.4554 77.5467 77.2017 78.2468 78.5207
29.2972 77.4514 77.5729 77.1576 78.2212 78.5049
29.3447 77.498 77.6092 77.1845 78.2464 78.479
29.3922 77.5343 77.5949 77.1506 78.1906 78.4935
29.4397 77.5706 77.6109 77.1472 78.1754 78.4778
29.4872 77.5966 77.6167 77.1035 78.1602 78.5024
29.5347 77.6025 77.5924 77.1001 78.125 78.547
29.5821 77.6083 77.6485 77.1168 78.12 78.5313
29.6296 77.6542 77.6643 77.1134 78.095 78.5457
29.6771 77.64 77.68 77.11 78.11 78.59
29.7246 77.6458 77.6757 77.1166 78.115 78.6442
29.7721 77.7014 77.7313 77.1033 78.1001 78.7181
29.8196 77.6572 77.7269 77.1298 78.0752 78.6724
29.867 77.653 77.7424 77.1562 78.0604 78.7262
29.9145 77.629 77.7976 77.1825 78.0853 78.75
29.962 77.6644 77.813 77.2484 78.1399 78.8134
30.0095 77.68 77.8184 77.2449 78.1448 78.8865
30.057 77.6461 77.7942 77.2314 78.1299 78.9198
30.1045 77.6715 77.8293 77.2575 78.1349 78.9531
30.1519 77.6575 77.815 77.2441 78.1102 78.9469
30.1994 77.6336 77.7909 77.2307 78.066 78.9996
30.2469 77.6197 77.7571 77.2567 78.071 78.9737
30.2944 77.6156 77.7723 77.2433 78.0858 78.9675
30.3419 77.6017 77.7582 77.2594 78.1005 78.9808
30.3894 77.5879 77.7148 77.2461 78.1152 79.0137
30.4368 77.6424 77.7204 77.2621 78.1201 79.0562
30.4843 77.648 77.7064 77.278 78.1055 79.1375
30.5318 77.6244 77.673 77.3037 78.091 79.1699
30.5793 77.5718 77.6203 77.3001 78.0377 79.212
30.6268 77.5678 77.6357 77.3062 78.0039 79.2345
30.6743 77.5348 77.6122 77.3123 77.9799 79.2183
30.7217 77.5213 77.6082 77.3184 77.9753 79.2407
30.7692 77.4884 77.6042 77.3245 77.961 79.2631
30.8167 77.4653 77.5905 77.3112 77.9276 79.2758
30.8642 77.4712 77.5673 77.3173 77.8942 79.2692
30.9117 77.4482 77.5538 77.3137 77.8802 79.2243
30.9592 77.4348 77.5403 77.3102 77.8854 79.2753
31.0066 77.4024 77.4789 77.2971 77.9096 79.2879
31.0541 77.3987 77.4656 77.2362 77.8765 79.2718
31.1016 77.395 77.4714 77.2328 77.8626 79.2557
31.1491 77.3914 77.4676 77.2675 77.8487 79.3255
31.1966 77.4163 77.4924 77.2831 77.8824 79.3284
31.2441 77.4316 77.5361 77.2511 77.8875 79.3218
31.2915 77.4184 77.5133 77.2572 77.9306 79.3816
31.339 77.4148 77.4811 77.2633 77.8977 79.4318
31.3865 77.4584 77.4773 77.2977 77.9123 79.4913
31.434 77.4924 77.4924 77.3225 77.889 79.5128
31.4815 77.4887 77.517 77.3756 77.9223 79.5155
31.529 77.4849 77.4944 77.3626 77.9179 79.5087
31.5764 77.5094 77.5188 77.3872 77.9417 79.5207
31.6239 77.4869 77.5244 77.4024 77.9655 79.589
31.6714 77.4457 77.5019 77.3426 77.9235 79.6289
31.7189 77.4513 77.4794 77.3671 77.9753 79.6501
31.7664 77.4103 77.4477 77.3356 77.9335 79.6805
31.8139 77.3601 77.4067 77.2854 77.9198 79.6828
31.8613 77.3286 77.3845 77.2355 77.8689 79.6572
31.9088 77.3065 77.3251 77.2042 77.8274 79.6596
31.9563 77.2938 77.3496 77.1731 77.8232 79.6805
32.0038 77.2904 77.3739 77.1792 77.819 79.7292
32.0513 77.2593 77.3611 77.1667 77.8333 79.75
32.0988 77.2652 77.3669 77.182 77.8199 79.8354
32.1462 77.271 77.4003 77.188 77.825 79.8191
32.1937 77.2677 77.3783 77.1571 77.8024 79.8673
32.2412 77.2644 77.338 77.1171 77.7522 79.8233
32.2887 77.2978 77.3529 77.0772 77.693 79.8254
32.3362 77.3036 77.3587 77.0925 77.6891 79.855
32.3837 77.3185 77.3735 77.1078 77.6943 79.8662
32.4311 77.3335 77.3701 77.1047 77.6812 79.8682
32.4786 77.3026 77.3575 77.0651 77.6681 79.9068
32.5261 77.3084 77.3631 77.0438 77.646 79.9544
32.5736 77.3233 77.3415 77.0044 77.6148 79.9107
32.6211 77.3017 77.329 76.956 77.5473 79.8672
32.6686 77.2711 77.2983 76.8986 77.4618 79.8692
32.716 77.2769 77.3313 76.8687 77.4583 79.8803
32.7635 77.2464 77.3098 76.8207 77.4185 79.8822
32.811 77.2522 77.3517 76.8271 77.4512 79.9023
32.8585 77.2489 77.3392 76.8064 77.4296 79.8952
32.906 77.2457 77.3449 76.8308 77.426 79.9603
32.9535 77.2334 77.3415 76.8102 77.3775 79.9802
33.0009 77.2392 77.3561 76.8435 77.3741 80.009
33.0484 77.2629 77.3527 76.8319 77.3797 80.0287
33.0959 77.2687 77.3763 76.8113 77.3494 80.0484
33.1434 77.3102 77.3997 76.8087 77.3281 80.086
33.1909 77.3426 77.4142 76.7972 77.3247 80.1144
33.2384 77.3393 77.4107 76.7768 77.3393 80.1161
33.2858 77.2735 77.3359 76.7386 77.2825 80.0374
33.3333 77.208 77.2525 76.6649 77.1991 79.9769
33.3808 77.1426 77.1426 76.5914 77.107 79.9075
33.4283 77.1573 77.1307 76.5536 77.0952 79.9183
33.4758 77.1631 77.1099 76.5248 77.0745 79.9025
33.5233 77.1512 77.0892 76.505 77.0627 79.9132
33.5708 77.157 77.104 76.4851 77.0509 79.9505
33.6182 77.154 77.1186 76.4831 77.0215 79.97
33.6657 77.098 77.0716 76.4545 76.9746 79.9365
33.7132 77.1039 77.0687 76.4437 76.9542 79.956
33.7607 77.0833 77.057 76.4416 76.9515 79.949
33.8082 77.0629 77.0453 76.4045 76.9136 79.9684
33.8557 77.06 77.0424 76.3762 76.8759 80.014
33.9031 77.0483 77.0658 76.348 76.847 80.007
33.9506 77.028 77.028 76.3636 76.8357 80.0262
33.9981 76.9902 76.999 76.3094 76.8069 80.0367
34.0456 76.9787 77.0223 76.3162 76.8044 80.0558
34.0931 76.976 77.0195 76.3144 76.7932 80.101
34.1406 76.9298 76.9906 76.2604 76.7385 80.12
34.188 76.9097 76.9705 76.2326 76.6927 80.1128
34.2355 76.8984 76.9417 76.2136 76.673 80.1058
34.283 76.9131 76.9564 76.2292 76.6794 80.1073
34.3305 76.9191 76.971 76.2189 76.6684 80.1521
34.378 76.9251 76.9769 76.1999 76.6661 80.1537
34.4255 76.9138 76.9828 76.1724 76.6466 80.1724
34.4729 76.8681 76.9456 76.145 76.5926 80.1739
34.5204 76.8741 76.9343 76.1864 76.5646 80.1668
34.5679 76.9145 76.9402 76.1933 76.5711 80.2026
34.6154 76.9204 76.9376 76.1574 76.5432 80.2555
34.6629 76.9264 76.9435 76.1387 76.524 80.274
34.7104 76.9152 76.9323 76.1371 76.4962 80.301
34.7578 76.8955 76.9126 76.11 76.443 80.2852
34.8053 76.8929 76.9441 76.1085 76.4666 80.3718
34.8528 76.8563 76.9159 76.0899 76.4731 80.407
34.9003 76.8282 76.9133 76.0629 76.4371 80.4337
34.9478 76.8257 76.9192 76.07 76.4266 80.4348
34.9953 76.7978 76.9081 76.06 76.4162 80.4613
35.0427 76.7785 76.8886 76.0925 76.4143 80.4963
35.0902 76.7845 76.886 76.1333 76.4124 80.5311
35.1377 76.7821 76.875 76.1318 76.4358 80.6081
35.1852 76.7713 76.864 76.1471 76.476 80.6849
35.2327 76.7183 76.8194 76.1371 76.4488 80.7025
35.2802 76.7076 76.817 76.1692 76.4552 80.7537
35.3276 76.6885 76.7893 76.1677 76.4617 80.8216
35.3751 76.6946 76.7785 76.1577 76.4597 80.8221
35.4226 76.684 76.7594 76.1562 76.4494 80.8646
35.4701 76.6901 76.7236 76.1546 76.4391 80.8902
35.5176 76.7213 76.7213 76.1698 76.4622 80.9408
35.5651 76.7273 76.7273 76.1682 76.4519 81.008
35.6125 76.6917 76.7083 76.1667 76.4333 81.025
35.66 76.6811 76.6811 76.1568 76.4231 81.0253
35.7075 76.6539 76.6705 76.1469 76.4545 81.0422
35.755 76.6766 76.6849 76.2035 76.4774 81.0674
35.8025 76.6578 76.6744 76.2102 76.4755 81.0925
35.85 76.6639 76.6805 76.2252 76.4983 81.1507
35.8974 76.6369 76.6534 76.2235 76.4716 81.1591
35.9449 76.6265 76.6678 76.2302 76.4779 81.2087
35.9924 76.6161 76.6491 76.2038 76.4842 81.2912
36.0399 76.6551 76.6963 76.2516 76.5316 81.2829
36.0874 76.6941 76.7352 76.3322 76.5954 81.3158
36.1349 76.6836 76.7329 76.3469 76.5933 81.406
36.1823 76.6814 76.7717 76.3533 76.5994 81.4879
36.2298 76.6547 76.7366 76.3434 76.5973 81.5121
36.2773 76.6852 76.7425 76.3498 76.6116 81.4954
36.3248 76.6912 76.7157 76.3725 76.6095 81.5605
36.3723 76.7053 76.7216 76.3789 76.5992 81.6008
36.4198 76.7031 76.7194 76.369 76.5808 81.6167
36.4672 76.7415 76.766 76.3997 76.6357 81.5999
36.5147 76.788 76.8124 76.4711 76.6905 81.6239
36.5622 76.8263 76.8263 76.4773 76.7208 81.599
36.6097 76.7996 76.8239 76.4835 76.7104 81.5905
36.6572 76.7487 76.773 76.4492 76.6597 81.6548
36.7047 76.7464 76.7707 76.4473 76.6656 81.6947
36.7521 76.8088 76.8169 76.51 76.7119 81.7183
36.7996 76.8468 76.8629 76.5484 76.7581 81.7823
36.8471 76.8363 76.8686 76.5544 76.7558 81.8299
36.8946 76.8501 76.8903 76.5444 76.7535 81.8613
36.9421 76.8798 76.8879 76.5746 76.7754 81.8605
36.9896 76.9336 76.9496 76.6287 76.8373 81.8277
37.037 76.9712 77.0112 76.6747 76.883 81.8269
37.0845 77.0166 77.0006 76.6725 76.9046 81.8422
37.132 77.038 77.0301 76.6864 76.9421 81.9293
37.1795 77.0514 77.0275 76.7082 76.9556 81.9923
37.227 77.0568 77.0568 76.706 76.977 81.9515
37.2745 77.1019 77.1099 76.7675 77.0382 81.9029
37.3219 77.1549 77.139 76.8209 77.0674 81.8305
37.3694 77.1998 77.168 76.8504 77.1125 81.79
37.4169 77.2287 77.197 76.9036 77.1494 81.7259
37.4644 77.2734 77.2497 76.9645 77.1942 81.6698
37.5119 77.3101 77.2943 77.0095 77.2468 81.6614
37.5594 77.3151 77.2914 76.9832 77.244 81.7004
37.6068 77.3438 77.328 77.0202 77.2569 81.7787
37.6543 77.396 77.3723 77.0492 77.2856 81.8017
37.7018 77.3851 77.4087 77.0545 77.3064 81.8797
37.7493 77.327 77.3742 77.0204 77.2642 81.9025
37.7968 77.3398 77.3712 77.0493 77.2849 81.9802
