0.0499515 45.7143 20 20 57.1429
0.099903 64.2857 27.1429 27.1429 67.1429
0.149854 71.4286 29.5238 30.4762 70.4762
0.199806 75 28.5714 27.1429 76.4286
0.249757 78.2857 28 28 78.2857
0.299709 76.6667 29.5238 30.4762 72.381
0.34966 78.7755 31.0204 31.8367 73.4694
0.399612 76.7857 33.5714 32.8571 74.6429
0.449563 77.7778 38.4127 38.7302 73.0159
0.499515 79.1429 38.5714 38.5714 74.2857
0.549466 81.039 41.5584 42.3377 77.1429
0.599418 80.2381 41.6667 42.381 78.0952
0.649369 81.978 45.4945 44.3956 79.5604
0.699321 82.449 46.1224 47.1429 80.4082
0.749272 83.0476 44.7619 45.7143 81.3333
0.799224 85.1786 46.9643 46.25 82.5
0.849175 85.8824 49.7479 46.7227 84.0336
0.899127 85.0794 50.9524 51.1111 83.4921
0.949078 85.4135 50.2256 50.3759 83.7594
0.99903 85.4286 48.7143 48.8571 83.7143
1.04898 84.6259 48.9796 48.4354 83.4014
1.09893 84.4156 50.5195 48.4416 83.1169
1.14888 84.9689 51.9255 50.9317 82.9814
1.19884 85.119 51.3095 52.1429 83.3333
1.24879 84.9143 50.0571 50.8571 84
1.29874 86.2637 49.5604 50.3297 85.0549
1.34869 86.7725 48.5714 49.3122 86.2434
1.39864 87.0408 47.551 48.3673 85.8163
1.44859 86.9951 48.5714 47.7833 86.9951
1.49854 87.3333 50.4762 48.2857 86.7619
1.5485 86.9124 51.8894 50.2304 86.2673
1.59845 86.7857 53.3036 52.5 85.7143
1.6484 87.0996 53.5931 54.4589 86.4935
1.69835 86.3866 53.6975 54.2017 86.2185
1.7483 86.5306 52.898 53.3878 85.8776
1.79825 86.2698 52.619 53.1746 85.5556
1.8482 86.0232 51.9691 52.5869 85.4826
1.89816 86.3158 51.203 51.8797 85.7143
1.94811 85.9341 50.4029 51.1355 85.4945
1.99806 85.3571 50.4286 51.2143 85
2.04801 85.993 50.5923 51.3589 85.5052
2.09796 85.8503 51.8367 52.3129 85.6463
2.14791 86.0465 53.4219 53.7542 85.7143
2.19786 85.5844 54.6753 55.1948 85
2.24782 85.9048 55.1746 56.4444 85.1429
2.29777 85.8385 55.7764 57.4534 85.4037
2.34772 85.8359 55.8055 57.0213 85.4103
2.39767 86.3095 55.4167 56.4286 85.7738
2.44762 86.1808 55.0437 56.035 85.7143
2.49757 86.3429 54.3429 55.4286 86
2.54753 85.9944 53.9496 55.1821 85.8824
2.59748 86.2088 53.3516 54.5604 85.6044
2.64743 86.3612 53.0458 54.2318 85.9299
2.69738 85.8201 52.8571 53.9153 85.5026
2.74733 85.8182 52.4675 53.6623 85.4545
2.79728 85.9694 52.1429 53.6224 85.4592
2.84723 85.9148 51.7293 53.8847 85.5138
2.89719 85.8621 51.7241 54.9261 85.5172
2.94714 85.8596 52.0581 55.8354 85.569
2.99709 85.6667 52.9524 57 85.5238
3.04704 85.3864 54.5667 58.2201 85.3396
3.09699 85.6221 55.7143 58.9862 85.2535
3.14694 85.8957 56.78 60.0907 85.6236
3.19689 86.0714 57.4107 60.6696 85.8482
3.24685 85.978 57.978 60.3516 85.7143
3.2968 85.8874 58.2684 59.9567 85.5411
3.34675 85.7996 58.3369 59.5309 85.4584
3.3967 85.5042 58.1092 59.2017 85.3361
3.44665 85.4244 58.2195 59.0062 85.1346
3.4966 85.551 58.0408 58.7347 85.1837
3.54655 85.4326 57.7867 58.4708 85.2716
3.59651 85.1984 57.7778 58.5317 85.1587
3.64646 85.0098 57.5734 58.317 84.8532
3.69641 84.7104 57.1815 57.9151 84.5174
3.74636 84.6476 56.9905 57.7905 84.3048
3.79631 84.2857 56.7669 57.5564 84.1353
3.84626 84.4527 56.4007 57.3284 84.1558
3.89622 84.6154 56.1172 57.2527 84.4322
3.94617 84.5208 55.7324 57.3237 84.2315
3.99612 84.2857 55.5714 57.6071 84.0714
4.04607 84.2328 55.4145 58.3069 84.2681
4.09602 84.216 55.0523 58.885 84.0767
4.14597 84.2341 55.0086 59.8279 84.1997
4.19592 84.0816 55.1361 60.6463 83.9116
4.24588 83.6639 55.3613 61.6134 83.5966
4.29583 83.5548 55.3488 62.5581 83.4219
4.34578 83.4483 55.5337 63.2841 83.3169
4.39573 83.3442 56.1364 64.0909 83.1169
4.44568 83.3387 56.5008 64.687 83.0177
4.49563 83.3333 57.0794 65.1111 82.9841
4.54558 83.2967 57.9278 65.3061 83.0455
4.59554 83.354 58.6025 64.9689 83.0745
4.64549 83.3794 59.3856 64.6697 83.2565
4.69544 83.2219 60.2432 64.4985 83.0699
4.74539 83.188 60.9023 64.2406 82.9173
4.79534 83.1548 61.6369 63.9286 82.8869
4.84529 83.1222 62.2975 63.7997 82.8277
4.89524 83.0029 62.828 63.5277 82.828
4.9452 82.9149 63.29 63.3189 82.6263
4.99515 82.8 63.3143 62.9714 82.6
5.0451 82.8854 63.1966 62.6025 82.546
5.09505 82.9692 63.1373 62.521 82.549
5.145 82.8571 62.9958 62.4133 82.6352
5.19495 82.7747 62.967 62.2527 82.3901
5.2449 82.6122 62.8027 62.0952 82.1769
5.29486 82.4798 62.5876 61.9407 82.0755
5.34481 82.6435 62.4566 62.1095 82.1629
5.39476 82.3545 62.328 62.0899 82.1693
5.44471 82.3329 62.3067 62.3067 82.1756
5.49466 82.026 62.2078 62.5974 81.8442
5.54461 82.0592 62.0335 63.0631 81.6474
5.59457 82.0153 61.8622 63.4184 81.5051
5.64452 81.9722 61.7446 63.9949 81.3401
5.69447 81.8797 61.5539 64.5865 81.3784
5.74442 81.8137 61.4658 65.2422 81.3416
5.79437 81.8473 61.5025 65.8621 81.3793
5.84432 82.0024 61.3919 66.569 81.4896
5.89427 81.9855 61.2107 67.1671 81.7191
5.94423 81.9688 61.1285 67.611 81.7047
5.99418 82.0476 60.9286 68.1667 81.7857
6.04413 81.9362 60.8264 68.595 81.7237
6.09408 81.897 60.6323 69.0632 81.6628
6.14403 81.6957 60.6039 69.2451 81.5331
6.19398 81.7051 60.4378 69.2627 81.3825
6.24393 81.76 60.2971 69.3486 81.4857
6.29389 81.61 60.2948 69.093 81.2698
6.34384 81.4848 60.135 68.7739 81.2148
6.39379 81.1607 59.933 68.3482 80.9152
6.44374 80.8859 59.8007 67.9734 80.6645
6.49369 80.8132 59.8901 67.7802 80.7033
6.54364 80.9378 60.0872 67.6554 80.7852
6.59359 81.039 60.2165 67.381 80.7792
6.64355 81.0956 60.4511 67.1751 80.7519
6.6935 81.0874 60.661 66.9936 80.7676
6.74345 81.1005 61.1005 66.8571 80.7407
6.7934 81.2185 61.7017 66.8697 80.8613
6.84335 81.1887 62.2941 66.7987 80.8551
6.8933 81.1801 62.8364 66.7495 80.8696
6.94326 81.2333 63.3299 66.5776 80.8839
6.99321 81.1837 63.8776 66.4898 80.8367
7.04316 81.1348 64.3972 66.383 80.8105
7.09311 80.8853 64.9497 66.2173 80.7847
7.14306 80.8192 65.4346 66.1339 80.8392
7.19301 80.6548 65.8929 66.0714 80.754
7.24296 80.5517 66.4236 66.1084 80.7685
7.29292 80.411 66.8297 66.3014 80.6849
7.34287 80.3499 67.1526 66.3362 80.5831
7.39282 80.251 67.6641 66.5444 80.5019
7.44277 80.1151 67.977 66.8073 80.4602
7.49272 80 67.8857 67.2 80.4571
7.54267 79.8675 67.8524 67.5307 80.3406
7.59262 79.7368 67.9323 67.7632 80.2256
7.64258 79.6452 67.8431 68.0299 80.112
7.69253 79.4991 67.718 68.4601 80.0371
7.74248 79.4101 67.5392 68.8295 79.9631
7.79243 79.2857 67.381 69.2491 79.7985
7.84238 79.2357 67.1702 69.6087 79.7452
7.89233 78.9873 67.0705 70.0181 79.6383
7.94228 78.814 66.8643 70.2785 79.425
7.99224 78.6071 66.6607 70.5714 79.25
8.04219 78.3319 66.4241 70.8429 78.9175
8.09214 78.1129 66.1728 71.1111 78.6949
8.14209 77.9492 65.9597 71.376 78.5627
8.19204 77.6655 65.7143 71.446 78.3101
8.24199 77.316 65.4026 71.4286 78.0779
8.29194 77.0052 65.0947 71.2392 77.8313
8.3419 76.7665 64.8417 71.2575 77.5877
8.39185 76.7517 64.881 71.3265 77.6531
8.4418 76.6864 64.8183 71.2088 77.6839
8.49175 76.7059 64.8067 71.1429 77.6639
8.5417 76.6416 64.7285 70.9942 77.5773
8.59165 76.5947 64.8007 70.9136 77.6744
8.64161 76.4492 64.8225 70.7845 77.6879
8.69156 76.4532 64.844 70.6732 77.6847
8.74151 76.4571 64.9306 70.5306 77.5347
8.79146 76.3474 65.0812 70.3896 77.6136
8.84141 76.3035 65.1816 70.3309 77.6271
8.89136 76.3082 65.4414 70.1766 77.7047
8.94131 76.1373 65.4429 70.0239 77.7175
8.99127 76.1111 65.3333 69.9206 77.7302
9.04122 76.1326 65.2881 69.929 77.8532
9.09117 76.0126 65.2433 69.8273 77.7708
9.14112 75.8938 65.1991 69.7736 77.8454
9.19107 75.823 65.2174 69.6429 77.8727
9.24102 75.8147 65.251 69.7452 77.8687
9.29097 75.6989 65.2688 69.8003 77.8495
9.34093 75.6761 65.1948 69.8854 77.9221
9.39088 75.6383 65.2736 69.9848 77.9483
9.44083 75.5556 65.2305 70.068 77.8987
9.49078 75.4737 65.2481 70.1654 77.8647
9.54073 75.4226 65.4001 70.3515 77.9207
9.59068 75.4464 65.4613 70.6101 77.872
9.64063 75.3812 65.507 70.8364 77.8534
9.69059 75.3608 65.6701 71.1046 77.7614
9.74054 75.2821 65.7875 71.4432 77.7143
9.79049 75.2332 65.8746 71.7638 77.6822
9.84044 75.1559 66.0189 72.1537 77.5344
9.89039 75.1371 66.176 72.5397 77.4603
9.94034 75.0467 66.4322 72.9361 77.4444
9.9903 74.9571 66.7143 73.3286 77.4286
10.0402 74.769 66.9936 73.6176 77.285
10.0902 74.6818 67.355 73.9321 77.2702
10.1401 74.4968 67.5862 74.1872 77.1851
10.1901 74.3978 67.9972 74.2857 77.1148
10.2401 74.2718 68.3345 74.2578 77.0592
10.29 74.0915 68.6963 74.2302 76.9764
10.34 73.9545 69.2063 74.3685 76.922
10.3899 73.7637 69.5742 74.1484 76.8544
10.4399 73.5885 69.8838 73.985 76.8011
10.4898 73.4014 70.2313 73.8095 76.7483
10.5398 73.3108 70.5349 73.7035 76.6689
10.5897 73.1132 70.8491 73.4906 76.5768
10.6397 72.998 71.1603 73.3065 76.499
10.6896 73.004 71.4686 73.1242 76.4085
10.7396 72.9302 71.8272 72.9169 76.3455
10.7895 72.8836 72.1693 72.791 76.2302
10.8395 72.9032 72.4819 72.6267 76.1159
10.8894 72.8965 72.7523 72.4246 75.9895
10.9394 72.8506 72.9289 72.2244 75.9165
10.9893 72.9091 73.1429 72.1558 75.8701
11.0393 72.9282 73.2256 72.0362 75.7466
11.0892 72.8829 73.2304 71.9176 75.6628
11.1392 72.8379 73.1326 71.9026 75.5285
11.1891 72.8189 72.9209 71.9388 75.3444
11.2391 72.7238 72.7238 72.0508 75.1619
11.289 72.7686 72.5917 72.1618 75.019
11.339 72.6872 72.3851 72.3222 74.8773
11.3889 72.7569 72.2306 72.4687 74.7243
11.4389 72.514 72.0524 72.539 74.5602
11.4888 72.3975 71.8137 72.3851 74.4224
11.5388 72.4675 71.6388 72.2696 74.3105
11.5887 72.2906 71.4163 72.2906 74.1379
11.6387 72.1521 71.1711 72.3115 73.8811
11.6886 72.0391 70.989 72.1245 73.6264
11.7386 72.0851 70.7477 71.9514 73.4347
11.7885 71.9249 70.4964 71.7797 73.2688
11.8385 71.7058 70.2833 71.6576 73.0802
11.8885 71.5126 70.048 71.6687 72.8812
11.9384 71.3927 69.8147 71.6916 72.6838
11.9884 71.3571 69.5952 71.4881 72.4762
12.0383 71.3574 69.3657 71.2982 72.2822
12.0883 71.1216 69.1381 71.1216 72.0897
12.1382 70.8995 68.9242 70.9465 71.9342
12.1882 70.726 68.7354 70.7728 71.7564
12.2381 70.5423 68.4898 70.6589 71.5802
12.2881 70.5923 68.3972 70.8014 71.5099
12.338 70.7692 68.4558 70.8965 71.6484
12.388 70.9793 68.4908 70.8871 71.7512
12.4379 71.0499 68.537 70.8319 71.8072
12.4879 71.0743 68.5029 70.9257 71.9086
12.5378 71.144 68.5714 70.9505 71.9977
12.5878 71.1111 68.6054 70.941 71.9728
12.6377 71.2253 68.6505 71.0672 72.0836
12.6877 71.3498 68.7177 71.2823 72.1372
12.7376 71.395 68.7395 71.4174 72.1905
12.7876 71.5513 68.7946 71.6853 72.2656
12.8375 71.7287 68.8827 71.8621 72.3402
12.8875 71.9048 69.0587 71.8826 72.4363
12.9374 72.2008 69.2223 71.9581 72.5979
12.9874 72.2637 69.3187 72.011 72.7253
13.0373 72.3262 69.3487 71.9978 72.8079
13.0873 72.4646 69.4329 72.1265 72.9662
13.1372 72.4606 69.5926 72.2108 73.0581
13.1872 72.4892 69.7619 72.3593 73.1385
13.2371 72.5175 69.8652 72.4636 73.1968
13.2871 72.5671 70.0644 72.5779 73.2223
13.337 72.6485 70.2622 72.6913 73.237
13.387 72.7292 70.4904 72.8252 73.2942
13.4369 72.8731 70.6638 73.0961 73.3086
13.4869 73.0476 70.7619 73.3333 73.4815
13.5368 73.242 70.9963 73.3685 73.5266
13.5868 73.4874 71.2395 73.4034 73.6239
13.6368 73.6787 71.4181 73.4275 73.731
13.6867 73.7852 71.6058 73.4307 73.7643
13.7367 73.8597 71.8545 73.5169 73.9117
13.7866 73.9337 72.0083 73.6025 73.9752
13.8366 73.9041 72.0474 73.574 74.0382
13.8865 73.926 72.0144 73.6382 74.0699
13.9365 73.9683 72.0123 73.702 74.1116
13.9864 73.949 72.0714 73.7551 74.1939
14.0364 74.1332 72.1607 74.001 74.3467
14.0863 74.1945 72.1682 74.0527 74.4377
14.1363 74.3059 72.1858 74.215 74.5684
14.1862 74.4064 72.2535 74.3662 74.6781
14.2362 74.5564 72.3308 74.5363 74.7569
14.2861 74.7153 72.4675 74.6953 74.8052
14.3361 74.8133 72.5037 74.8631 74.8532
14.386 74.9603 72.5694 75 74.9107
14.436 75.1162 72.6742 75.1953 74.9679
14.4859 75.2315 72.7488 75.33 74.9655
14.5359 75.3559 72.9406 75.3363 75.0123
14.5858 75.5382 73.0724 75.2838 75.0685
14.6358 75.7094 73.2521 75.3291 75.1146
14.6857 75.7629 73.3819 75.3644 75.1895
14.7357 75.7191 73.5109 75.322 75.2349
14.7856 75.7143 73.6776 75.3378 75.222
14.8356 75.7383 73.8721 75.3151 75.2285
14.8855 75.7622 74.1131 75.3308 75.3212
14.9355 75.7668 74.3908 75.4228 75.4037
14.9854 75.7714 74.581 75.4571 75.381
15.0354 75.738 74.7888 75.4343 75.3963
15.0853 75.8184 75.0047 75.5251 75.4494
15.1353 75.8039 75.2381 75.5304 75.4644
15.1852 75.8647 75.5169 75.6391 75.5263
15.2352 75.9344 75.7471 75.6721 75.5878
15.2852 75.957 75.9944 75.789 75.6489
15.3351 75.9423 76.2122 75.8306 75.6352
15.3851 76.0204 76.4193 75.9462 75.6679
15.435 76.1812 76.699 76.0425 75.6357
15.485 76.2396 76.9954 76.1382 75.6406
15.5349 76.3528 77.2439 76.2333 75.6821
15.5849 76.3828 77.4451 76.3004 75.7418
15.6348 76.4674 77.6997 76.4217 75.7827
15.6848 76.4422 77.8617 76.4786 75.7871
15.7347 76.5261 78.1134 76.6531 75.7823
15.7847 76.6184 78.2278 76.8174 75.7595
15.8346 76.7553 78.2154 76.9716 75.7729
15.8846 76.9542 78.239 77.1249 75.7951
15.9345 77.0622 78.1549 77.0891 75.7815
15.9845 77.1518 78.0268 77.0357 75.75
16.0344 77.3209 78.0062 77.0004 75.7098
16.0844 77.3647 77.9769 77.0186 75.6965
16.1343 77.3463 77.9832 77.0279 75.6656
16.1843 77.3545 77.9894 77.0106 75.7143
16.2342 77.3451 77.9692 77.0022 75.7363
16.2842 77.3532 77.9229 76.9676 75.6792
16.3341 77.3263 77.8768 76.9506 75.6225
16.3841 77.3258 77.8484 76.9251 75.601
16.434 77.2818 77.7768 76.891 75.6231
16.484 77.2468 77.7143 76.8225 75.5671
16.5339 77.2119 77.7212 76.8148 75.615
16.5839 77.2031 77.6936 76.7728 75.5594
16.6338 77.1858 77.7091 76.7653 75.5298
16.6838 77.1429 77.6561 76.7237 75.4919
16.7337 77.1002 77.5949 76.6738 75.4968
16.7837 77.0578 77.483 76.6327 75.4337
16.8336 77.0157 77.4565 76.6087 75.354
16.8836 76.9653 77.388 76.5934 75.3001
16.9336 76.9912 77.3704 76.5697 75.2887
16.9835 76.9664 77.3109 76.5882 75.2101
17.0335 76.9166 77.2434 76.5731 75.1822
17.0834 76.8755 77.2348 76.6249 75.1546
17.1334 76.918 77.2178 76.7097 75.1437
17.1833 76.9186 77.1429 76.6944 75.0664
17.2333 76.9358 77.1677 76.7039 75.0228
17.2832 76.9612 77.1181 76.7382 74.9876
17.3332 76.9864 77.1017 76.7394 74.9609
17.3831 77.0279 77.1346 76.798 74.8933
17.4331 77.0282 77.1265 76.7663 74.826
17.483 77.0449 77.1429 76.7918 74.7592
17.533 77.0777 77.1103 76.858 74.7497
17.5829 77.0779 77.0373 76.875 74.7159
17.6329 77.1348 76.9891 76.9081 74.658
17.6828 77.1913 76.9814 76.9734 74.6408
17.7328 77.2153 76.9497 77.006 74.6318
17.7827 77.2552 76.9101 77.0465 74.5425
17.8327 77.3029 76.8788 77.0788 74.4698
17.8826 77.3424 76.8715 77.1828 74.3974
17.9326 77.3896 76.8643 77.1986 74.3335
17.9825 77.4683 76.8492 77.246 74.2778
18.0325 77.5307 76.8104 77.2932 74.1987
18.0824 77.5217 76.764 77.3323 74.1121
18.1324 77.5128 76.7336 77.3475 74.0024
18.1823 77.5353 76.7111 77.394 73.9325
18.2323 77.5499 76.6419 77.4638 73.8865
18.2822 77.541 76.6823 77.5332 73.8564
18.3322 77.5866 76.6368 77.6022 73.8108
18.3821 77.632 76.6149 77.4922 73.7345
18.4321 77.7003 76.6551 77.4061 73.6431
18.482 77.7683 76.6178 77.2973 73.5753
18.532 77.6742 76.6038 77.166 73.5156
18.5819 77.6037 76.6129 77.0661 73.4255
18.6319 77.4799 76.5913 76.9743 73.3895
18.6819 77.3568 76.631 76.8908 73.3002
18.7318 77.2648 76.64 76.8457 73.2495
18.7818 77.1353 76.5805 76.7249 73.1991
18.8317 77.0368 76.5972 76.6048 73.1186
18.8817 76.9841 76.6062 76.5079 73.0763
18.9316 76.8564 76.6152 76.4041 73.0041
18.9816 76.7519 76.6165 76.2857 72.9398
19.0315 76.6404 76.5954 76.1605 72.8909
19.0815 76.5295 76.6268 76.0583 72.8422
19.1314 76.367 76.5834 75.9791 72.7415
19.1814 76.2426 76.5848 75.8929 72.6711
19.2313 76.1558 76.564 75.8071 72.6308
19.2813 76.003 76.5507 75.7069 72.4944
19.3312 75.9468 76.5596 75.6515 72.44
19.3812 75.8984 76.5464 75.6186 72.3785
19.4311 75.8134 76.5332 75.505 72.3467
19.4811 75.7436 76.5128 75.4212 72.2637
19.531 75.6741 76.5144 75.3599 72.1374
19.581 75.605 76.5306 75.2915 72.0408
19.6309 75.5652 76.5249 75.2526 71.9229
19.6809 75.5185 76.5482 75.1849 71.8347
19.7308 75.4286 76.5714 75.1682 71.7396
19.7808 75.3608 76.5512 75.1227 71.645
19.8307 75.2933 76.5167 75.0774 71.5653
19.8807 75.2405 76.5039 75.0251 71.4788
19.9306 75.1593 76.527 74.923 71.3999
19.9806 75.0714 76.5429 74.8429 71.3
20.0305 74.9697 76.5515 74.7702 71.2291
20.0805 74.8969 76.5601 74.7406 71.1798
20.1304 74.8316 76.5828 74.6544 71.1024
20.1804 74.7595 76.5842 74.5827 71.0184
20.2303 74.6949 76.5855 74.5538 70.9206
20.2803 74.6305 76.6151 74.5039 70.8445
20.3303 74.5735 76.6304 74.4402 70.7476
20.3802 74.5308 76.6597 74.3908 70.6583
20.4302 74.4394 76.6539 74.3276 70.5554
20.4801 74.446 76.6411 74.2857 70.4669
20.5301 74.4247 76.6701 74.251 70.3858
20.58 74.362 76.6782 74.1886 70.3259
20.63 74.3272 76.7001 74.1681 70.2248
20.6799 74.2995 76.6943 74.127 70.1794
20.7299 74.2169 76.7298 74.0723 70.0998
20.7798 74.1552 76.7582 74.0316 70.0137
20.8298 74.135 76.7866 73.9774 69.9486
20.8797 74.1285 76.7874 73.9371 69.9043
20.9297 74.0948 76.7678 73.9175 69.8466
20.9796 74.068 76.5986 73.9252 69.7687
21.0296 74.0482 76.471 73.8378 69.698
21.0795 74.0081 76.3439 73.8592 69.6479
21.1295 73.9615 76.2242 73.8129 69.5914
21.1794 73.8949 76.0714 73.7736 69.5148
21.2294 73.8824 75.9664 73.7479 69.4387
21.2793 73.8833 75.882 73.729 69.3897
21.3293 73.824 75.7979 73.6701 69.2941
21.3792 73.7784 75.6943 73.6716 69.2256
21.4292 73.7329 75.6244 73.6597 69.1309
21.4791 73.701 75.588 73.6346 69.0432
21.5291 73.6626 75.5519 73.6294 68.9824
21.579 73.6376 75.5357 73.6045 68.922
21.629 73.5929 75.5592 73.5797 68.8354
21.6789 73.6011 75.6221 73.6076 68.7821
21.7289 73.6026 75.6716 73.5961 68.6897
21.7788 73.578 75.7274 73.5845 68.6501
21.8288 73.5469 75.7829 73.5469 68.5584
21.8787 73.5551 75.8317 73.5486 68.4801
21.9287 73.5438 75.8868 73.5503 68.4022
21.9786 73.5325 75.9351 73.5714 68.3377
22.0286 73.5212 75.9313 73.5601 68.254
22.0786 73.5294 75.8112 73.5747 68.1965
22.1285 73.544 75.6788 73.5698 68.12
22.1785 73.5393 75.5663 73.5714 68.0502
22.2284 73.5152 75.4543 73.5666 67.9679
22.2784 73.4785 75.3171 73.581 67.886
22.3283 73.4931 75.1614 73.5954 67.8172
22.3783 73.4758 75.0255 73.5969 67.736
22.4282 73.503 74.903 73.6176 67.6615
22.4782 73.5365 74.7746 73.6508 67.5937
22.5281 73.5508 74.6405 73.6839 67.5388
22.5781 73.5651 74.4943 73.7105 67.4652
22.628 73.5667 74.3614 73.7496 67.392
22.678 73.5872 74.2165 73.776 67.3317
22.7279 73.5824 74.0659 73.8273 67.2653
22.7779 73.6153 73.9411 73.8596 67.1742
22.8278 73.6543 73.8168 73.8856 67.0897
22.8778 73.6993 73.6744 73.9239 67.0056
22.9277 73.7255 73.5512 73.962 66.9157
22.9777 73.7516 73.441 73.9752 66.8261
23.0276 73.7899 73.3251 73.8767 66.7741
23.0776 73.8281 73.1973 73.7848 66.6976
23.1275 73.7982 73.1071 73.6501 66.6214
23.1775 73.7131 72.9803 73.5099 66.5394
23.2274 73.616 72.8356 73.4009 66.4823
23.2774 73.5254 72.759 73.3109 66.45
23.3273 73.5883 72.8051 73.3558 66.5463
23.3773 73.6691 72.8877 73.4371 66.6484
23.4272 73.707 72.9272 73.4694 66.7073
23.4772 73.7447 72.9726 73.5258 66.8146
23.5271 73.8065 73.0118 73.5396 66.8972
23.5771 73.8378 73.063 73.5835 67.0097
23.627 73.8991 73.138 73.6575 67.1217
23.677 73.912 73.1706 73.7191 67.2092
23.727 73.9609 73.2391 73.7805 67.3143
23.7769 74.0576 73.3193 73.8475 67.455
23.8269 74.142 73.3633 73.9143 67.5891
23.8768 74.1901 73.4011 73.9331 67.633
23.9268 74.2559 73.4805 74.0173 67.7423
23.9767 74.3214 73.5655 74.0774 67.8512
24.0267 74.3986 73.662 74.1491 67.9477
24.0766 74.4932 73.7107 74.2205 68.0142
24.1266 74.5519 73.7652 74.2739 68.1337
24.1765 74.575 73.8253 74.327 68.2349
24.2265 74.6215 73.8733 74.38 68.2887
24.2764 74.6443 73.9095 74.4268 68.3833
24.3264 74.6905 73.9865 74.4793 68.4658
24.3763 74.76 74.0398 74.5258 68.5714
24.4263 74.8583 74.1338 74.6421 68.6824
24.4762 74.9271 74.2274 74.7114 68.8047
24.5262 74.984 74.2741 74.7687 68.8857
24.5761 75.029 74.3496 74.8142 68.9779
24.6261 75.1029 74.4248 74.8826 69.0467
24.676 75.1764 74.5344 74.9335 69.1498
24.726 75.2496 74.6436 74.961 69.2179
24.7759 75.2707 74.712 75.0288 69.3203
24.8259 75.332 74.7916 75.102 69.3705
24.8758 75.4045 74.8824 75.2094 69.4607
24.9258 75.448 74.9614 75.2591 69.5448
24.9757 75.52 75.0229 75.3543 69.6229
25.0257 75.586 75.0955 75.4092 69.6949
25.0756 75.6403 75.1451 75.4696 69.7496
25.1256 75.7455 75.2343 75.5865 69.8552
25.1755 75.8333 75.3005 75.6803 69.9433
25.2255 75.9095 75.389 75.785 70.0141
25.2754 75.9627 75.4602 75.8554 70.0791
25.3254 76.0214 75.5368 75.9087 70.1381
25.3753 76.1192 75.6018 75.9618 70.2193
25.4253 76.1942 75.689 76.037 70.3003
25.4753 76.2577 75.7759 76.1176 70.4202
25.5252 76.3489 75.8289 76.1867 70.5284
25.5752 76.4397 75.8929 76.2388 70.6083
25.6251 76.5358 75.951 76.3297 70.6767
25.6751 76.6092 76.0534 76.4314 70.7782
25.725 76.6657 76.1221 76.516 70.8571
25.775 76.7497 76.196 76.6058 70.8915
25.8249 76.8002 76.2531 76.6289 70.9091
25.8749 76.8946 76.3486 76.6851 70.9873
25.9248 76.9392 76.4327 76.7355 71.0432
25.9748 76.9835 76.5165 76.8022 71.0989
26.0247 77.077 76.5835 76.9125 71.2037
26.0747 77.1648 76.694 76.9841 71.2863
26.1246 77.2521 76.7768 77.0828 71.3685
26.1746 77.3282 76.8648 77.1538 71.4831
26.2245 77.3986 76.9197 77.2354 71.581
26.2745 77.4688 77.0342 77.3167 71.6513
26.3244 77.5386 77.0995 77.3868 71.6942
26.3744 77.5974 77.132 77.4351 71.7749
26.4243 77.6776 77.2185 77.5371 71.8715
26.4743 77.752 77.3154 77.6011 71.9515
26.5242 77.8585 77.4227 77.724 72.0743
26.5742 77.9538 77.5188 77.8303 72.1751
26.6241 78.0434 77.6307 77.9094 72.238
26.6741 78.1327 77.7154 78.0096 72.3435
26.724 78.243 77.8051 78.1095 72.4112
26.774 78.2996 77.8412 78.161 72.5053
26.8239 78.3825 77.9143 78.2283 72.6151
26.8739 78.4227 77.9607 78.3059 72.6978
26.9238 78.4946 78.0069 78.3832 72.7485
26.9738 78.5556 78.0688 78.4286 72.8042
27.0237 78.6374 78.1569 78.5107 72.9073
27.0737 78.6979 78.2077 78.582 72.9889
27.1237 78.7898 78.2741 78.6319 73.0229
27.1736 78.8393 78.3298 78.6922 73.0987
27.2236 78.8571 78.3696 78.7471 73.1429
27.2735 78.9639 78.4668 78.8174 73.2077
27.3235 79.0128 78.5323 78.8665 73.2881
27.3734 79.0615 78.5923 78.9103 73.3316
27.4234 79.1309 78.6625 78.9904 73.4114
27.4733 79.174 78.7377 79.039 73.5013
27.5233 79.2896 78.8229 79.1185 73.5805
27.5732 79.3323 78.9286 79.1718 73.6232
27.6232 79.38 79.0132 79.2302 73.7019
27.6731 79.4585 79.1181 79.2986 73.7906
27.7231 79.5367 79.1969 79.3822 73.8224
27.773 79.5992 79.2703 79.4502 73.89
27.823 79.6563 79.328 79.5332 73.9728
27.8729 79.744 79.447 79.6313 74.0348
27.9229 79.8722 79.5451 79.7291 74.117
27.9728 79.9847 79.6531 79.8214 74.2143
28.0228 80.0662 79.7454 79.8981 74.3163
28.0727 80.1881 79.8526 80 74.3925
28.1227 80.2588 79.9493 80.071 74.4735
28.1726 80.3343 80.0304 80.157 74.5542
28.2226 80.3995 80.086 80.2276 74.6043
28.2725 80.4796 80.1615 80.318 74.6643
28.3225 80.5493 80.257 80.4082 74.714
28.3724 80.6288 80.3119 80.498 74.7586
28.4224 80.7181 80.3866 80.5373 74.7929
28.4723 80.797 80.4511 80.5714 74.8321
28.5223 80.8656 80.5454 80.6805 74.9062
28.5722 80.964 80.6494 80.7642 75.005
28.6222 81.0172 80.7031 80.8327 75.0636
28.6721 81.0851 80.7616 80.8761 75.112
28.7221 81.1677 80.8547 80.9739 75.1801
28.7721 81.2202 80.9325 81.0466 75.253
28.822 81.3073 81.0597 81.1686 75.3355
28.872 81.3347 81.1172 81.2308 75.3979
28.9219 81.436 81.204 81.3225 75.4799
28.9719 81.5369 81.3202 81.4532 75.5468
29.0218 81.6031 81.431 81.5294 75.6135
29.0718 81.6937 81.5268 81.6495 75.6652
29.1217 81.7545 81.578 81.7349 75.7363
29.1717 81.8591 81.6536 81.8249 75.7877
29.2216 81.978 81.768 81.9536 75.873
29.2716 82.0527 81.8674 82.0332 75.9288
29.3215 82.1173 81.9421 82.0881 75.9796
29.3715 82.1866 82.0214 82.1526 76.0155
29.4214 82.2411 82.0956 82.2314 76.1048
29.4714 82.3051 82.1743 82.3051 76.1501
29.5213 82.4027 82.2915 82.422 76.2195
29.5713 82.4807 82.3842 82.529 76.2741
29.6212 82.5729 82.4813 82.6162 76.3334
29.6712 82.6647 82.583 82.7273 76.4262
29.7211 82.7179 82.6555 82.8187 76.4898
29.7711 82.814 82.7565 82.9051 76.5484
29.821 82.8619 82.8332 82.9529 76.6212
29.871 82.9575 82.9384 83.0196 76.6699
29.9209 83.0527 83.0193 83.0956 76.7422
29.9709 83.1048 83.1095 83.1429 76.8048
30.0208 83.1994 83.1757 83.2089 76.8766
30.0708 83.2606 83.2036 83.2511 76.9578
30.1207 83.3547 83.2741 83.312 77.0149
30.1707 83.4342 83.3254 83.4011 77.053
30.2206 83.49 83.3908 83.4711 77.1098
30.2706 83.5738 83.4936 83.5738 77.1759
30.3205 83.662 83.6056 83.6385 77.2841
30.3705 83.7594 83.703 83.75 77.3261
30.4204 83.8471 83.7861 83.833 77.3868
30.4704 83.9438 83.8876 83.911 77.4426
30.5204 84.0168 83.9514 83.9888 77.4842
30.5703 84.085 84.0056 84.085 77.5163
30.6203 84.1482 84.0643 84.1669 77.5717
30.6702 84.2252 84.1554 84.2485 77.6268
30.7202 84.302 84.2044 84.3298 77.6725
30.7701 84.3924 84.2996 84.4109 77.7134
30.8201 84.4825 84.4038 84.5103 77.7726
30.87 84.5908 84.4891 84.614 77.8363
30.92 84.7081 84.6019 84.7127 77.9275
30.9699 84.7788 84.6866 84.7834 77.9585
31.0199 84.8585 84.7665 84.8355 78.0354
31.0698 84.9196 84.8553 84.9196 78.0753
31.1198 85.0172 84.9484 84.9851 78.138
31.1697 85.1053 85.0549 85.0778 78.1685
31.2197 85.1931 85.1383 85.1566 78.2171
31.2696 85.2624 85.2122 85.2168 78.2656
31.3196 85.3406 85.2905 85.2814 78.3049
31.3695 85.4004 85.3549 85.3412 78.353
31.4195 85.4917 85.4145 85.4327 78.4329
31.4694 85.5782 85.4966 85.5374 78.5079
31.5194 85.6373 85.5603 85.6101 78.5873
31.5693 85.7007 85.651 85.6917 78.6212
31.6193 85.7594 85.7323 85.7369 78.6775
31.6692 85.8405 85.8269 85.8269 78.7652
31.7192 85.9213 85.8898 85.8943 78.8346
31.7691 85.9793 85.9704 85.9838 78.9084
31.8191 86.0283 86.0372 86.0462 78.9684
31.869 86.1084 86.086 86.1084 79.0103
31.919 86.1525 86.1435 86.1659 79.0655
31.9689 86.2277 86.2098 86.2277 79.1116
32.0189 86.2937 86.2536 86.3027 79.1665
32.0688 86.3863 86.3507 86.3818 79.2479
32.1188 86.4519 86.4119 86.4341 79.3068
32.1688 86.535 86.4996 86.5217 79.3878
32.2187 86.6135 86.5958 86.6224 79.4596
32.2687 86.6917 86.674 86.7138 79.5268
32.3186 86.783 86.7785 86.7918 79.6026
32.3686 86.8607 86.8695 86.8739 79.6429
32.4185 86.947 86.9514 86.969 79.6918
32.4685 87.0066 87.0066 87.0374 79.7451
32.5184 87.1056 87.0968 87.1407 79.8157
32.5684 87.2174 87.2042 87.2305 79.908
32.6183 87.2851 87.2763 87.3026 79.9475
32.6683 87.405 87.3831 87.4137 80.0262
32.7182 87.4853 87.4635 87.5027 80.0698
32.7682 87.5566 87.5392 87.5784 80.122
32.8181 87.6538 87.6277 87.6712 80.1392
32.8681 87.7204 87.6987 87.7421 80.1997
32.918 87.8084 87.7867 87.8344 80.2428
32.968 87.8918 87.8701 87.9091 80.2944
33.0179 87.962 87.9533 88.0052 80.3458
33.0679 88.0406 88.0319 88.0794 80.3884
33.1178 88.1362 88.1232 88.1707 80.4223
33.1678 88.1928 88.1885 88.2315 80.4647
33.2177 88.2535 88.2492 88.2922 80.5199
33.2677 88.3312 88.3269 88.3655 80.592
33.3176 88.4215 88.4087 88.4301 80.6254
33.3676 88.4902 88.4902 88.4816 80.6672
33.4175 88.58 88.5757 88.5629 80.7175
33.4675 88.6439 88.6482 88.6183 80.742
33.5174 88.7247 88.7119 88.6907 80.7835
33.5674 88.8095 88.7713 88.7713 80.8503
33.6173 88.9068 88.8686 88.8729 80.883
33.6673 88.9487 88.9106 88.9318 80.9326
33.7172 89.0328 88.9735 88.9947 80.9735
33.7672 89.1082 89.0448 89.0617 80.989
33.8171 89.1792 89.0905 89.1454 81.0171
33.8671 89.2457 89.1445 89.2035 81.0535
33.9171 89.3288 89.2194 89.2826 81.094
33.967 89.3782 89.2773 89.3277 81.1176
34.017 89.4441 89.3476 89.4063 81.1412
34.0669 89.5182 89.4177 89.4805 81.2023
34.1169 89.5838 89.4792 89.5629 81.255
34.1668 89.6533 89.5614 89.6408 81.2782
34.2168 89.7185 89.6392 89.7143 81.3139
34.2667 89.7834 89.7168 89.7793 81.3536
34.3167 89.8648 89.7941 89.844 81.4015
34.3666 89.9294 89.8671 89.9211 81.4452
34.4166 89.9938 89.9399 89.9855 81.4763
34.4665 90.0663 90.0207 90.0497 81.5114
34.5165 90.1261 90.0848 90.1137 81.5464
34.5664 90.1693 90.1239 90.1486 81.5772
34.6164 90.2041 90.1752 90.1876 81.6079
34.6663 90.2635 90.2429 90.2552 81.6509
34.7163 90.3309 90.3268 90.3268 81.6896
34.7662 90.3695 90.3695 90.3695 81.7282
34.8162 90.4407 90.4407 90.4407 81.7832
34.8661 90.5117 90.5117 90.5076 81.8093
34.9161 90.5825 90.5784 90.5825 81.8598
34.966 90.6204 90.6204 90.6204 81.8898
35.016 90.6908 90.6949 90.6868 81.9401
35.0659 90.757 90.757 90.757 81.9658
35.1159 90.8352 90.8352 90.8393 82.0118
35.1658 90.8807 90.8847 90.8847 82.0049
35.2158 90.922 90.9341 90.9341 82.0385
35.2657 90.9915 90.9955 90.9915 82.068
35.3157 91.0487 91.0487 91.0406 82.1055
35.3656 91.1219 91.1178 91.1178 82.1832
35.4156 91.1989 91.1868 91.1868 82.2406
35.4655 91.2314 91.2314 91.2394 82.3018
35.5155 91.2678 91.2719 91.2839 82.3629
35.5655 91.3082 91.3082 91.3162 82.4117
35.6154 91.3645 91.3725 91.3765 82.4564
35.6654 91.4046 91.4086 91.4166 82.501
35.7153 91.4605 91.4685 91.4685 82.5495
35.7653 91.5084 91.5243 91.5243 82.6018
35.8152 91.5202 91.5521 91.5401 82.6459
35.8652 91.5718 91.6037 91.5798 82.7059
35.9151 91.6193 91.6471 91.6312 82.7777
35.9651 91.6548 91.6667 91.6508 82.8254
36.015 91.6901 91.7099 91.6941 82.8453
36.065 91.7293 91.7254 91.7293 82.9086
36.1149 91.725 91.725 91.7368 82.952
36.1649 91.7482 91.7561 91.7601 82.9874
36.2148 91.7635 91.7675 91.7754 83.0227
36.2648 91.7985 91.7906 91.7946 83.0893
36.3147 91.8059 91.8059 91.8098 83.1362
36.3647 91.825 91.8328 91.8328 83.1868
36.4146 91.8558 91.8675 91.8832 83.2256
36.4646 91.8787 91.9022 91.9139 83.272
36.5145 91.9406 91.9484 91.9601 83.3223
36.5645 91.975 91.9867 91.9789 83.3568
36.6144 92.0094 92.0249 92.0172 83.4106
36.6644 92.0319 92.0436 92.0397 83.4722
36.7143 92.0428 92.0583 92.0466 83.518
36.7643 92.0613 92.0769 92.0652 83.552
36.8142 92.0644 92.0992 92.0837 83.6015
36.8642 92.0557 92.0867 92.0596 83.6585
36.9141 92.051 92.0897 92.0626 83.6961
36.9641 92.0811 92.1236 92.1081 83.7375
37.014 92.0956 92.1265 92.1226 83.7864
37.064 92.1217 92.1525 92.1255 83.8236
37.1139 92.1477 92.1554 92.14 83.8685
37.1639 92.1544 92.1659 92.1697 83.9171
37.2138 92.1841 92.1994 92.1841 83.9578
37.2638 92.1984 92.2175 92.1869 84.0023
37.3138 92.2203 92.2127 92.2012 84.0428
37.3637 92.2345 92.2307 92.2422 84.0794
37.4137 92.2525 92.264 92.2602 84.135
37.4636 92.2933 92.2743 92.2971 84.1943
37.5136 92.2998 92.2884 92.2846 84.2305
37.5635 92.2758 92.2834 92.2682 84.2705
37.6135 92.2747 92.2937 92.2861 84.3331
37.6634 92.2736 92.3077 92.2925 84.3804
37.7134 92.3103 92.3179 92.299 84.4428
37.7633 92.328 92.3507 92.3243 84.486
37.8133 92.3306 92.3721 92.3269 84.5254
37.8632 92.3521 92.3747 92.3521 84.5609
37.9132 92.3772 92.3922 92.3847 84.6113
37.9631 92.4135 92.4098 92.3947 84.6391
38.0131 92.431 92.4235 92.4047 84.6893
38.063 92.4559 92.4222 92.4222 84.7207
38.113 92.4509 92.4059 92.4284 84.7295
38.1629 92.472 92.4346 92.4458 84.742
38.2129 92.4855 92.4482 92.4818 84.7619
38.2628 92.473 92.458 92.4804 84.8079
38.3128 92.5126 92.4828 92.5051 84.8538
38.3627 92.526 92.474 92.5112 84.8735
38.4127 92.5432 92.4949 92.5283 84.8969
38.4626 92.538 92.5195 92.5492 84.9202
38.5126 92.5514 92.5255 92.5514 84.9583
38.5625 92.5611 92.5537 92.5574 85.0037
38.6125 92.5707 92.5818 92.5781 85.0231
38.6624 92.6061 92.5987 92.6024 85.0351
38.7124 92.5899 92.612 92.6046 85.0433
38.7623 92.5884 92.6068 92.6141 85.0589
38.8123 92.5869 92.6053 92.631 85.0781
38.8622 92.5854 92.5891 92.6368 85.1157
38.9122 92.5729 92.5362 92.6279 85.1018
38.9622 92.5751 92.5165 92.6264 85.1282
39.0121 92.5809 92.5114 92.6029 85.1582
39.0621 92.5758 92.5137 92.5941 85.1809
39.112 92.5816 92.5233 92.5926 85.218
39.162 92.5583 92.5328 92.5875 85.2442
39.2119 92.546 92.5387 92.5896 85.2739
39.2619 92.5554 92.5445 92.5736 85.3035
39.3118 92.5431 92.5467 92.5685 85.3476
39.3618 92.5344 92.5381 92.5453 85.359
39.4117 92.5186 92.5258 92.5403 85.3992
39.4617 92.5244 92.5136 92.5425 85.4394
39.5116 92.523 92.5158 92.5303 85.4434
39.5616 92.5253 92.5144 92.5289 85.4762
39.6115 92.5023 92.5059 92.5203 85.4873
39.6615 92.4973 92.5225 92.5117 85.5236
39.7114 92.5031 92.5175 92.4996 85.5562
39.7614 92.5197 92.5269 92.5269 85.5671
39.8113 92.5112 92.5291 92.5255 85.6175
39.8613 92.4919 92.5385 92.5277 85.657
39.9112 92.5121 92.5264 92.5443 85.675
39.9612 92.525 92.5536 92.5679 85.7
40.0111 92.5308 92.5629 92.5486 85.7286
40.0611 92.5401 92.5508 92.5401 85.7392
40.111 92.5529 92.5529 92.5529 85.7677
40.161 92.548 92.548 92.5515 85.7854
40.2109 92.5643 92.5395 92.5537 85.8172
40.2609 92.5594 92.5417 92.57 85.8171
40.3108 92.5863 92.5615 92.5651 85.8488
40.3608 92.6025 92.5955 92.5955 85.8699
40.4107 92.6329 92.6117 92.6152 85.8944
40.4607 92.6667 92.6526 92.6384 85.9224
40.5106 92.6863 92.6757 92.6722 85.9468
40.5606 92.6918 92.6953 92.6882 85.9993
40.6105 92.6762 92.6691 92.6726 86.0235
40.6605 92.6711 92.6641 92.6536 86.0337
40.7105 92.645 92.645 92.6486 86.0438
40.7604 92.6506 92.6471 92.6401 86.0889
40.8104 92.6386 92.6386 92.6456 86.1269
40.8603 92.6441 92.6476 92.6581 86.1614
40.9103 92.6321 92.6565 92.6635 86.1887
40.9602 92.6063 92.6585 92.6934 86.2334
41.0102 92.6188 92.6501 92.6884 86.2815
41.0601 92.6034 92.6347 92.6799 86.3087
41.1101 92.5985 92.6159 92.6818 86.3357
41.16 92.5832 92.5832 92.6734 86.3731
41.21 92.5922 92.5749 92.658 86.4242
41.2599 92.6046 92.5977 92.6669 86.4511
41.3099 92.6032 92.5825 92.6689 86.4778
41.3598 92.588 92.5673 92.6467 86.5079
41.4098 92.5625 92.5314 92.6348 86.538
41.4597 92.5645 92.5129 92.6299 86.5783
41.5097 92.5666 92.5047 92.6251 86.6185
41.5596 92.5824 92.5343 92.6271 86.638
41.6096 92.5982 92.5433 92.6222 86.6404
41.6595 92.6036 92.5694 92.6345 86.6495
41.7095 92.6159 92.5954 92.6399 86.6792
41.7594 92.6282 92.5871 92.6589 86.7088
41.8094 92.6199 92.5858 92.654 86.7384
41.8593 92.6151 92.6048 92.6492 86.7917
41.9093 92.5966 92.6273 92.6341 86.821
41.9592 92.602 92.6463 92.6327 86.8707
42.0092 92.5905 92.6516 92.6176 86.9067
42.0591 92.6026 92.6705 92.6196 86.9223
42.1091 92.6013 92.686 92.6216 86.931
42.159 92.5965 92.698 92.6269 86.9601
42.209 92.6019 92.7134 92.6357 86.989
42.2589 92.6207 92.7187 92.641 86.9909
42.3089 92.6362 92.7273 92.6666 87.0062
42.3589 92.655 92.7123 92.6651 87.0384
42.4088 92.6468 92.6973 92.6535 87.0503
42.4588 92.6588 92.6992 92.6723 87.0958
42.5087 92.6675 92.7212 92.6641 87.1345
42.5587 92.6593 92.7096 92.6693 87.1429
42.6086 92.6545 92.698 92.6612 87.1646
42.6586 92.6832 92.7066 92.6598 87.2098
42.7085 92.655 92.6984 92.6583 87.2381
42.7585 92.6368 92.6802 92.6368 87.2497
42.8084 92.6488 92.6888 92.6488 87.2745
42.8584 92.6474 92.6873 92.654 87.3027
42.9083 92.6725 92.7025 92.6725 87.3474
42.9583 92.6844 92.711 92.6844 87.3987
43.0082 92.6896 92.7194 92.6896 87.4432
43.0582 92.7146 92.7279 92.7146 87.4809
43.1081 92.7297 92.7396 92.7396 87.5418
43.1581 92.7546 92.7546 92.7513 87.5827
43.208 92.7465 92.7498 92.7564 87.597
43.258 92.7318 92.745 92.7681 87.6146
43.3079 92.7467 92.7632 92.7731 87.6652
43.3579 92.7617 92.7847 92.7814 87.709
43.4078 92.7865 92.8193 92.793 87.7429
43.4578 92.8112 92.8243 92.8144 87.7767
43.5077 92.8096 92.8194 92.8293 87.8006
43.5577 92.844 92.8571 92.8375 87.8309
43.6076 92.8686 92.8784 92.8686 87.8645
43.6576 92.8996 92.9029 92.8996 87.8849
43.7075 92.9306 92.9078 92.9012 87.9184
43.7575 92.9224 92.9126 92.9093 87.9811
43.8074 92.9174 92.9109 92.9011 88.0209
43.8574 92.906 92.8897 92.8864 88.0573
43.9073 92.8913 92.888 92.8588 88.1034
43.9573 92.9026 92.8831 92.8701 88.1656
44.0073 92.8847 92.8815 92.862 88.2147
44.0572 92.8701 92.8604 92.8377 88.2443
44.1072 92.8717 92.8523 92.8426 88.2705
44.1571 92.8668 92.8184 92.8151 88.2773
44.2071 92.8426 92.8071 92.791 88.3261
44.257 92.8152 92.7797 92.7797 88.3683
44.307 92.804 92.7557 92.7557 88.3943
44.3569 92.7992 92.751 92.7574 88.417
44.4069 92.7752 92.727 92.7398 88.4461
44.4568 92.7865 92.7287 92.7512 88.4944
44.5068 92.7818 92.708 92.7593 88.5233
44.5567 92.7803 92.7162 92.7546 88.5842
44.6067 92.766 92.6988 92.7308 88.6162
44.6566 92.7453 92.6782 92.7037 88.6481
44.7066 92.7279 92.6736 92.68 88.6608
44.7565 92.7105 92.669 92.6754 88.7213
44.8065 92.6899 92.6581 92.6613 88.7562
44.8564 92.6726 92.6281 92.6312 88.7655
44.9064 92.6522 92.6172 92.5822 88.8066
44.9563 92.654 92.6127 92.5778 88.8349
45.0063 92.6653 92.6146 92.5702 88.8759
45.0562 92.6608 92.6037 92.5689 88.9199
45.1062 92.6689 92.6119 92.5803 88.9606
45.1561 92.6738 92.6075 92.579 88.9981
45.2061 92.6914 92.6093 92.5493 89.0481
45.256 92.6774 92.6049 92.5418 89.0918
45.306 92.6823 92.6004 92.5437 89.1447
45.3559 92.6746 92.5897 92.5362 89.1913
45.4059 92.6858 92.6104 92.5727 89.2378
45.4558 92.6876 92.6028 92.5589 89.2841
45.5058 92.6799 92.5921 92.5576 89.3179
45.5557 92.6535 92.5627 92.5251 89.3546
45.6057 92.6459 92.552 92.5145 89.3976
45.6556 92.6289 92.5289 92.4914 89.4248
45.7056 92.6401 92.5246 92.4996 89.4551
45.7556 92.6544 92.5296 92.514 89.4947
45.8055 92.6499 92.4942 92.5004 89.5435
45.8555 92.6299 92.4868 92.4992 89.5767
45.9054 92.6411 92.4856 92.5167 89.6223
45.9554 92.6366 92.4658 92.5311 89.6429
46.0053 92.6291 92.4585 92.5206 89.6727
46.0553 92.5906 92.4481 92.4884 89.7273
46.1052 92.5894 92.4532 92.481 89.7663
46.1552 92.5788 92.4459 92.4799 89.8052
46.2051 92.59 92.4602 92.4973 89.844
46.2551 92.5949 92.4838 92.5147 89.892
46.305 92.5844 92.4919 92.5166 89.9122
46.355 92.5985 92.4908 92.5308 89.9353
46.4049 92.5973 92.4958 92.5388 89.9677
46.4549 92.596 92.5038 92.5499 90.0031
46.5048 92.6009 92.4873 92.5518 90.0322
46.5548 92.5935 92.4893 92.5414 90.049
46.6047 92.6198 92.5157 92.58 90.0903
46.6547 92.6369 92.5359 92.5879 90.0887
46.7046 92.6631 92.5561 92.6112 90.1146
46.7546 92.6526 92.5824 92.6221 90.1374
46.8045 92.6513 92.5812 92.6208 90.1448
46.8545 92.65 92.5952 92.6378 90.1767
46.9044 92.6548 92.6305 92.6426 90.2236
46.9544 92.6626 92.6413 92.6657 90.2492
47.0043 92.6674 92.64 92.6826 90.2809
47.0543 92.7025 92.6661 92.7237 90.2881
47.1042 92.7223 92.695 92.7647 90.3045
47.1542 92.7179 92.7149 92.7694 90.3238
47.2041 92.7075 92.7528 92.7891 90.3462
47.2541 92.7152 92.7484 92.7665 90.3594
47.304 92.747 92.7651 92.7923 90.3726
47.354 92.7517 92.7878 92.7999 90.4039
47.404 92.7804 92.8135 92.8225 90.435
47.4539 92.794 92.8391 92.8421 90.4511
47.5039 92.7956 92.8466 92.8316 90.4552
47.5538 92.8031 92.8661 92.8511 90.4682
47.6038 92.8347 92.8796 92.8706 90.4812
47.6537 92.8392 92.9051 92.8811 90.4972
47.7037 92.8467 92.9065 92.8796 90.4981
47.7536 92.8811 92.9259 92.9079 90.5111
47.8036 92.8974 92.9512 92.9243 90.5419
47.8535 92.9228 92.9824 92.9377 90.5458
47.9035 92.9331 92.9778 92.9391 90.5527
47.9534 92.9524 92.9851 92.9583 90.5744
48.0034 92.9538 93.0073 92.9746 90.5753
48.0533 92.9433 93.0056 92.9492 90.5821
48.1033 92.9625 93.0218 92.9743 90.58
48.1532 92.9727 93.032 92.9905 90.5987
48.2032 93.0155 93.0452 92.9978 90.6144
48.2531 93.0464 93.0553 93.0287 90.6448
48.3031 93.0536 93.0625 93.0418 90.6545
48.353 93.0667 93.0903 93.0549 90.6671
48.403 93.0857 93.124 93.0768 90.6531
48.4529 93.0898 93.1163 93.0839 90.6421
48.5029 93.1028 93.1323 93.1058 90.6547
48.5528 93.1276 93.1423 93.1364 90.6614
48.6028 93.164 93.1699 93.1611 90.6651
48.6527 93.1622 93.171 93.1593 90.6718
48.7027 93.178 93.1839 93.1897 90.6813
48.7526 93.2114 93.2026 93.2084 90.6909
48.8026 93.2476 93.2271 93.2242 90.7092
48.8525 93.2778 93.2545 93.2661 90.742
48.9025 93.2818 93.2876 93.2876 90.7632
48.9524 93.2945 93.3061 93.3236 90.793
49.0024 93.3275 93.3275 93.3508 90.8111
49.0523 93.3459 93.3547 93.3692 90.835
49.1023 93.3847 93.3934 93.4196 90.8618
49.1523 93.4059 93.4146 93.4262 90.8827
49.2022 93.4126 93.4155 93.4387 90.8832
49.2522 93.4251 93.4367 93.4541 90.8896
49.3021 93.4491 93.4433 93.4752 90.9133
49.3521 93.4991 93.4818 93.502 90.9312
49.402 93.497 93.4999 93.5028 90.9259
49.452 93.5123 93.5152 93.5209 90.9322
49.5019 93.5015 93.5015 93.5015 90.95
49.5519 93.4764 93.4764 93.4764 90.9562
49.6018 93.4484 93.4484 93.4484 90.9538
49.6518 93.455 93.455 93.455 90.9744
49.7017 93.4472 93.4472 93.4472 90.995
49.7517 93.4395 93.4395 93.4395 91.0069
49.8016 93.4203 93.4203 93.4203 91.0102
49.8516 93.3982 93.3982 93.3982 91.0135
49.9015 93.3934 93.3934 93.3934 91.0167
49.9515 93.4 93.4 93.4 91.0257
50.0014 93.4066 93.4066 93.4066 91.0375
50.0514 93.3847 93.3847 93.3847 91.0265
50.1013 93.3599 93.3599 93.3599 91.0355
50.1513 93.3324 93.3324 93.3324 91.0159
50.2012 93.3021 93.3021 93.3021 91.0334
50.2512 93.2803 93.2803 93.2803 91.0111
50.3011 93.2501 93.2501 93.2501 91.0115
50.3511 93.2426 93.2426 93.2426 91.0488
50.401 93.2238 93.2238 93.2238 91.0435
50.451 93.2192 93.2192 93.2192 91.0495
50.5009 93.2175 93.2175 93.2175 91.0555
50.5509 93.2129 93.2129 93.2129 91.0728
50.6008 93.1998 93.1998 93.1998 91.0647
50.6508 93.1784 93.1784 93.1784 91.0482
50.7007 93.1738 93.1738 93.1738 91.0654
50.7507 93.158 93.158 93.158 91.0799
50.8007 93.1367 93.1367 93.1367 91.0746
50.8506 93.1322 93.1322 93.1322 91.0749
50.9006 93.1193 93.1193 93.1193 91.0893
50.9505 93.098 93.098 93.098 91.084
51.0005 93.0992 93.0992 93.0992 91.104
51.0504 93.0836 93.0836 93.0836 91.1099
51.1004 93.0708 93.0708 93.0708 91.099
51.1503 93.072 93.072 93.072 91.0993
51.2003 93.0537 93.0537 93.0537 91.0913
51.2502 93.0159 93.0159 93.0159 91.086
51.3002 93.006 93.006 93.006 91.0975
51.3501 92.9711 92.9711 92.9711 91.0895
51.4001 92.9696 92.9696 92.9696 91.087
51.45 92.9598 92.9598 92.9598 91.0846
51.5 92.9472 92.9472 92.9472 91.0766
51.5499 92.9623 92.9623 92.9623 91.1102
51.5999 92.9636 92.9636 92.9636 91.1243
51.6498 92.9483 92.9483 92.9483 91.1219
51.6998 92.9248 92.9248 92.9248 91.1222
51.7497 92.9178 92.9178 92.9178 91.128
51.7997 92.8971 92.8971 92.8971 91.131
51.8496 92.8929 92.8929 92.8929 91.134
51.8996 92.864 92.864 92.864 91.1316
51.9495 92.8654 92.8654 92.8654 91.1456
51.9995 92.8393 92.8393 92.8393 91.1294
52.0494 92.8215 92.8215 92.8215 91.116
52.0994 92.8119 92.8119 92.8119 91.119
52.1493 92.7997 92.7997 92.7997 91.1357
52.1993 92.7929 92.7929 92.7929 91.136
52.2492 92.7889 92.7889 92.7889 91.1663
52.2992 92.793 92.793 92.793 91.1802
52.3491 92.7863 92.7863 92.7863 91.1941
52.3991 92.7713 92.7713 92.7713 91.1889
52.449 92.7755 92.7755 92.7755 91.1918
52.499 92.7661 92.7661 92.7661 91.2029
52.549 92.7512 92.7512 92.7512 91.2167
52.5989 92.731 92.731 92.731 91.2332
52.6489 92.7297 92.7297 92.7297 91.247
52.6988 92.7312 92.7312 92.7312 91.2471
52.7488 92.7137 92.7137 92.7137 91.2392
52.7987 92.7342 92.7342 92.7342 91.2745
52.8487 92.7194 92.7194 92.7194 91.2881
52.8986 92.7182 92.7182 92.7182 91.3207
52.9486 92.6846 92.6846 92.6846 91.3477
52.9985 92.6538 92.6538 92.6538 91.3478
53.0485 92.6446 92.6446 92.6446 91.364
53.0984 92.6488 92.6488 92.6488 91.3856
53.1484 92.6477 92.6477 92.6477 91.4098
53.1983 92.6412 92.6412 92.6412 91.4313
53.2483 92.6508 92.6508 92.6508 91.4473
53.2982 92.6389 92.6389 92.6389 91.4634
53.3482 92.6378 92.6378 92.6378 91.4821
53.3981 92.642 92.642 92.642 91.5141
53.4481 92.6275 92.6275 92.6275 91.5327
53.498 92.6264 92.6264 92.6264 91.554
53.548 92.6466 92.6466 92.6466 91.5858
53.5979 92.6295 92.6295 92.6295 91.583
53.6479 92.631 92.631 92.631 91.6095
53.6978 92.6086 92.6086 92.6086 91.5987
53.7478 92.589 92.589 92.589 91.6038
53.7977 92.5985 92.5985 92.5985 91.6381
53.8477 92.5974 92.5974 92.5974 91.6512
53.8976 92.599 92.599 92.599 91.6722
53.9476 92.6164 92.6164 92.6164 91.6905
53.9975 92.6285 92.6285 92.6285 91.7299
54.0475 92.6195 92.6195 92.6195 91.7534
54.0974 92.6078 92.6078 92.6078 91.761
54.1474 92.6094 92.6094 92.6094 91.7818
54.1974 92.6162 92.6162 92.6162 91.8157
54.2473 92.6125 92.6125 92.6125 91.8153
54.2973 92.614 92.614 92.614 91.8281
54.3472 92.6313 92.6313 92.6313 91.8435
54.3972 92.6302 92.6302 92.6302 91.8536
54.4471 92.6265 92.6265 92.6265 91.8742
54.4971 92.6463 92.6463 92.6463 91.9
54.547 92.6531 92.6531 92.6531 91.9126
54.597 92.6676 92.6676 92.6676 91.9331
54.6469 92.6743 92.6743 92.6743 91.9326
54.6969 92.6732 92.6732 92.6732 91.9661
54.7468 92.7033 92.7033 92.7033 92.0073
54.7968 92.7204 92.7204 92.7204 92.0328
54.8467 92.7374 92.7374 92.7374 92.0609
54.8967 92.7701 92.7701 92.7701 92.0993
54.9466 92.7766 92.7766 92.7766 92.1247
54.9966 92.7884 92.7884 92.7884 92.1552
55.0465 92.8208 92.8208 92.8208 92.1986
55.0965 92.8507 92.8507 92.8507 92.2368
55.1464 92.8494 92.8494 92.8494 92.2541
55.1964 92.8688 92.8688 92.8688 92.2844
55.2463 92.9062 92.9062 92.9062 92.3146
55.2963 92.923 92.923 92.923 92.3474
55.3462 92.9448 92.9448 92.9448 92.3801
55.3962 92.9769 92.9769 92.9769 92.4127
55.4461 93.0064 93.0064 93.0064 92.4376
55.4961 93.0282 93.0282 93.0282 92.4495
55.546 93.0293 93.0293 93.0293 92.4794
55.596 93.0587 93.0587 93.0587 92.5144
55.6459 93.0828 93.0828 93.0828 92.5365
55.6959 93.1019 93.1019 93.1019 92.5868
55.7458 93.1285 93.1285 93.1285 92.6062
55.7958 93.173 93.173 93.173 92.6359
55.8457 93.2098 93.2098 93.2098 92.6859
55.8957 93.2389 93.2389 93.2389 92.7461
55.9457 93.2704 93.2704 93.2704 92.7883
55.9956 93.307 93.307 93.307 92.8355
56.0456 93.3282 93.3282 93.3282 92.875
56.0955 93.3673 93.3673 93.3673 92.9246
56.1455 93.4011 93.4011 93.4011 92.9385
56.1954 93.4298 93.4298 93.4298 92.9752
56.2454 93.489 93.489 93.489 93.0398
56.2953 93.5302 93.5302 93.5302 93.0764
56.3453 93.5613 93.5613 93.5613 93.113
56.3952 93.605 93.605 93.605 93.1697
56.4452 93.6283 93.6283 93.6283 93.2162
56.4951 93.6617 93.6617 93.6617 93.2626
56.5451 93.6901 93.6901 93.6901 93.3064
56.595 93.7208 93.7208 93.7208 93.3602
56.645 93.7591 93.7591 93.7591 93.4039
56.6949 93.7923 93.7923 93.7923 93.4172
56.7449 93.8305 93.8305 93.8305 93.4482
56.7948 93.8837 93.8837 93.8837 93.4992
56.8448 93.9242 93.9242 93.9242 93.5375
56.8947 93.9546 93.9546 93.9546 93.5859
56.9447 93.9749 93.9749 93.9749 93.6115
56.9946 94.0103 94.0103 94.0103 93.6722
57.0446 94.0555 94.0555 94.0555 93.7228
57.0945 94.0957 94.0957 94.0957 93.7758
57.1445 94.1434 94.1434 94.1434 93.8362
57.1944 94.1709 94.1709 94.1709 93.884
57.2444 94.1935 94.1935 94.1935 93.9217
57.2943 94.2409 94.2409 94.2409 93.9793
57.3443 94.2758 94.2758 94.2758 94.0269
57.3942 94.3106 94.3106 94.3106 94.0768
57.4442 94.3528 94.3528 94.3528 94.1391
57.4941 94.3974 94.3974 94.3974 94.1864
57.5441 94.4494 94.4494 94.4494 94.251
57.5941 94.5038 94.5038 94.5038 94.3155
57.644 94.563 94.563 94.563 94.3823
57.694 94.6122 94.6122 94.6122 94.4539
57.7439 94.6614 94.6614 94.6614 94.5082
57.7939 94.708 94.708 94.708 94.5672
57.8438 94.757 94.757 94.757 94.6336
57.8938 94.8083 94.8083 94.8083 94.6949
57.9437 94.8621 94.8621 94.8621 94.7685
57.9937 94.9009 94.9009 94.9009 94.8296
58.0436 94.9398 94.9398 94.9398 94.8611
58.0936 94.9932 94.9932 94.9932 94.9245
58.1435 95.0466 95.0466 95.0466 94.9804
58.1935 95.1171 95.1171 95.1171 95.0484
58.2434 95.1482 95.1482 95.1482 95.1041
58.2934 95.2136 95.2136 95.2136 95.172
58.3433 95.2764 95.2764 95.2764 95.2373
58.3933 95.322 95.322 95.322 95.2951
58.4432 95.3797 95.3797 95.3797 95.3602
58.4932 95.4203 95.4203 95.4203 95.4178
58.5431 95.4827 95.4827 95.4827 95.4754
58.5931 95.528 95.528 95.528 95.5304
58.643 95.5804 95.5804 95.5804 95.5902
58.693 95.6523 95.6523 95.6523 95.6644
58.7429 95.7216 95.7216 95.7216 95.7337
58.7929 95.7956 95.7956 95.7956 95.8053
58.8428 95.8695 95.8695 95.8695 95.8816
58.8928 95.9481 95.9481 95.9481 95.9603
