0.0481 50 0 0 50
0.0962001 25 0 0 25
0.1443 16.6667 0 0 16.6667
0.1924 12.5 0 0 12.5
0.2405 10 0 0 10
0.2886 16.6667 8.33333 8.33333 16.6667
0.3367 14.2857 7.14286 7.14286 21.4286
0.3848 18.75 6.25 6.25 18.75
0.4329 27.7778 16.6667 5.55556 33.3333
0.481 30 15 5 40
0.529101 31.8182 22.7273 4.54545 45.4545
0.577201 33.3333 29.1667 4.16667 45.8333
0.625301 34.6154 34.6154 3.84615 46.1538
0.673401 39.2857 35.7143 3.57143 42.8571
0.721501 40 33.3333 3.33333 43.3333
0.769601 46.875 37.5 6.25 46.875
0.817701 47.0588 38.2353 5.88235 47.0588
0.865801 47.2222 38.8889 5.55556 47.2222
0.913901 50 44.7368 7.89474 52.6316
0.962001 50 42.5 7.5 52.5
1.0101 50 42.8571 11.9048 52.381
1.0582 54.5455 47.7273 13.6364 54.5455
1.1063 52.1739 45.6522 13.0435 52.1739
1.1544 52.0833 43.75 12.5 52.0833
1.2025 52 48 14 54
1.2506 53.8462 50 13.4615 53.8462
1.2987 57.4074 53.7037 12.963 57.4074
1.3468 57.1429 53.5714 12.5 57.1429
1.3949 60.3448 55.1724 13.7931 62.069
1.443 63.3333 56.6667 15 61.6667
1.4911 62.9032 58.0645 16.129 62.9032
1.5392 60.9375 57.8125 15.625 62.5
1.5873 63.6364 59.0909 15.1515 63.6364
1.6354 61.7647 58.8235 14.7059 63.2353
1.6835 61.4286 58.5714 14.2857 61.4286
1.7316 62.5 59.7222 15.2778 62.5
1.7797 62.1622 59.4595 14.8649 62.1622
1.8278 61.8421 60.5263 15.7895 63.1579
1.8759 64.1026 60.2564 16.6667 64.1026
1.924 63.75 61.25 17.5 63.75
1.9721 64.6341 62.1951 17.0732 64.6341
2.0202 64.2857 61.9048 16.6667 64.2857
2.0683 63.9535 61.6279 16.2791 63.9535
2.1164 64.7727 62.5 17.0455 63.6364
2.1645 64.4444 63.3333 16.6667 64.4444
2.2126 63.0435 61.9565 16.3043 63.0435
2.2607 61.7021 60.6383 18.0851 61.7021
2.3088 62.5 61.4583 17.7083 63.5417
2.3569 62.2449 61.2245 17.3469 63.2653
2.405 62 61 17 63
2.4531 62.7451 60.7843 16.6667 62.7451
2.5012 63.4615 61.5385 17.3077 63.4615
2.5493 63.2075 62.2642 16.9811 63.2075
2.5974 62.037 61.1111 16.6667 62.037
2.6455 61.8182 60.9091 16.3636 61.8182
2.6936 60.7143 59.8214 16.0714 60.7143
2.7417 60.5263 59.6491 15.7895 60.5263
2.7898 61.2069 61.2069 15.5172 61.2069
2.8379 61.0169 61.0169 15.2542 61.0169
2.886 60 60 15 60
2.9341 59.8361 59.8361 15.5738 59.8361
2.9822 59.6774 59.6774 16.129 59.6774
3.0303 59.5238 60.3175 16.6667 59.5238
3.0784 60.1562 60.9375 17.9688 60.9375
3.1265 61.5385 61.5385 19.2308 61.5385
3.1746 60.6061 60.6061 20.4545 60.6061
3.2227 61.194 61.9403 20.1493 61.194
3.2708 61.7647 61.0294 19.8529 61.0294
3.3189 61.5942 60.8696 19.5652 61.5942
3.367 60.7143 60.7143 20 60.7143
3.4151 59.8592 60.5634 21.1268 59.8592
3.4632 61.1111 61.1111 22.2222 61.1111
3.5113 60.274 60.9589 22.6027 60.274
3.5594 59.4595 60.1351 22.973 59.4595
3.6075 60.6667 60.6667 23.3333 60.6667
3.6556 60.5263 60.5263 23.6842 60.5263
3.7037 61.039 60.3896 24.6753 61.039
3.7518 60.8974 59.6154 25 60.8974
3.7999 60.7595 59.4937 25.9494 60.7595
3.848 60 59.375 26.25 60
3.8961 59.2593 58.642 27.1605 59.2593
3.9442 59.7561 58.5366 28.0488 59.7561
3.9923 60.241 58.4337 28.9157 60.241
4.0404 60.119 58.9286 29.1667 60.119
4.0885 59.4118 58.2353 30 59.4118
4.1366 59.3023 58.7209 30.814 59.3023
4.1847 59.1954 59.1954 31.6092 59.1954
4.2328 59.0909 58.5227 32.3864 59.0909
4.2809 59.5506 58.427 33.1461 59.5506
4.329 59.4444 58.3333 33.3333 59.4444
4.3771 59.3407 59.3407 33.5165 59.3407
4.4252 59.2391 59.2391 33.1522 59.2391
4.4733 59.1398 59.1398 32.7957 59.1398
4.5214 60.1064 59.0426 33.5106 60.1064
4.5695 60 58.9474 33.1579 60
4.6176 59.8958 59.375 32.8125 59.8958
4.6657 59.7938 59.2784 32.9897 59.7938
4.7138 60.2041 59.1837 33.1633 60.7143
4.7619 60.6061 59.596 32.8283 60.6061
4.81 60 59 32.5 60
4.8581 59.4059 59.4059 32.1782 59.901
4.9062 60.2941 59.8039 32.3529 60.2941
4.9543 60.6796 60.1942 32.0388 60.6796
5.00241 61.0577 61.0577 31.7308 61.0577
5.05051 60.9524 60.4762 31.9048 60.9524
5.09861 60.8491 60.3774 31.6038 60.8491
5.14671 60.7477 60.2804 31.3084 60.7477
5.19481 60.1852 59.7222 31.0185 60.1852
5.24291 60.0917 60.0917 30.7339 60.0917
5.29101 60.4545 60.4545 30.4545 60.4545
5.33911 59.9099 59.9099 30.6306 59.9099
5.38721 60.2679 59.8214 30.3571 59.8214
5.43531 61.0619 60.177 30.0885 60.177
5.48341 60.9649 60.0877 30.2632 60.0877
5.53151 60.8696 60 30.8696 60.4348
5.57961 61.6379 60.3448 31.4655 60.7759
5.62771 61.1111 60.6838 31.6239 60.2564
5.67581 61.4407 61.0169 32.2034 61.0169
5.72391 60.9244 60.9244 31.9328 60.9244
5.77201 61.25 61.25 32.0833 61.25
5.82011 61.9835 61.9835 31.8182 61.5702
5.86821 61.4754 61.8852 32.377 61.8852
5.91631 61.7886 61.7886 32.1138 62.1951
5.96441 62.0968 62.0968 32.2581 62.5
6.01251 63.2 62.8 32.8 62.8
6.06061 63.0952 62.6984 34.127 62.6984
6.10871 63.3858 62.9921 34.6457 62.9921
6.15681 64.0625 63.2812 35.1562 63.6719
6.20491 64.3411 63.1783 35.2713 63.9535
6.25301 64.2308 63.0769 35 63.8462
6.30111 64.1221 62.9771 35.1145 64.1221
6.34921 64.0152 63.2576 35.6061 63.6364
6.39731 63.9098 63.1579 35.3383 63.5338
6.44541 63.806 63.0597 35.0746 63.4328
6.49351 64.0741 62.963 35.5556 64.0741
6.54161 63.9706 62.5 35.2941 63.9706
6.58971 64.5985 63.1387 35.7664 64.2336
6.63781 64.8551 63.0435 36.2319 64.4928
6.68591 65.1079 63.3094 35.9712 64.7482
6.73401 65 63.2143 36.0714 64.6429
6.78211 65.6028 63.8298 36.1702 64.8936
6.83021 65.1408 63.3803 36.2676 64.7887
6.87831 65.035 63.6364 36.7133 65.3846
6.92641 64.9306 63.8889 37.1528 65.2778
6.97451 65.1724 63.7931 37.2414 65.5172
7.02261 65.0685 63.6986 37.6712 65.7534
7.07071 64.6259 63.6054 38.0952 65.6463
7.11881 64.527 63.1757 37.8378 65.2027
7.16691 64.7651 63.4228 38.255 65.4362
7.21501 65.3333 63.6667 38.6667 65.6667
7.26311 65.2318 63.9073 39.0728 65.894
7.31121 65.1316 64.1447 39.4737 66.1184
7.35931 64.7059 63.7255 39.5425 66.0131
7.40741 64.6104 63.3117 39.9351 65.5844
7.45551 64.1935 62.9032 40.3226 65.8065
7.50361 64.7436 62.8205 40.7051 65.7051
7.55171 64.6497 62.4204 40.7643 65.2866
7.59981 64.8734 62.6582 40.8228 65.5063
7.64791 64.7799 62.5786 41.195 65.0943
7.69601 64.6875 62.8125 41.25 65
7.74411 64.2857 62.4224 41.3043 64.9068
7.79221 64.1975 62.3457 41.6667 65.1235
7.84031 64.4172 63.1902 41.411 65.3374
7.88841 64.3293 63.1098 41.1585 65.2439
7.93651 64.2424 63.0303 40.9091 65.4545
7.98461 64.4578 62.9518 40.6627 65.3614
8.03271 64.3713 62.8743 40.7186 65.5689
8.08081 64.2857 62.5 40.4762 65.4762
8.12891 64.2012 62.426 40.8284 65.3846
8.17701 64.4118 62.6471 40.8824 65.5882
8.22511 64.0351 62.2807 40.6433 65.2047
8.27321 63.9535 62.2093 40.6977 65.407
8.32131 63.8728 62.1387 41.0405 65.6069
8.36941 63.7931 62.069 41.092 65.5172
8.41751 64.5714 62.2857 40.8571 65.7143
8.46561 64.4886 61.9318 40.9091 65.3409
8.51371 64.4068 61.8644 40.9605 64.9718
8.56181 64.0449 61.5169 41.0112 64.8876
8.60991 63.9665 61.1732 41.3408 64.8045
8.65801 63.6111 61.1111 41.1111 64.7222
8.70611 63.2597 61.0497 41.1602 64.3646
8.75421 62.9121 60.7143 40.9341 64.2857
8.80231 62.5683 60.3825 40.7104 64.2077
8.85041 62.5 60.3261 41.0326 64.1304
8.89851 62.4324 60 41.6216 64.5946
8.94661 62.9032 60.4839 41.6667 64.7849
8.99471 62.5668 60.4278 41.9786 64.7059
9.04281 62.5 60.1064 42.0213 64.3617
9.09091 62.6984 59.7884 42.0635 64.2857
9.13901 62.8947 59.7368 42.3684 64.4737
9.18711 62.5654 59.4241 42.6702 64.1361
9.23521 62.5 59.6354 42.4479 64.3229
9.28331 62.1762 59.3264 42.228 63.9896
9.33141 62.3711 59.2784 42.7835 64.1753
9.37951 62.0513 59.2308 42.8205 64.1026
9.42761 61.9898 59.4388 42.8571 64.0306
9.47571 61.9289 59.3909 43.1472 63.9594
9.52381 61.8687 59.0909 43.1818 64.1414
9.57191 61.809 59.0452 42.9648 64.3216
9.62001 62.25 59.25 43.25 64.75
9.66811 62.1891 59.4527 43.5323 65.1741
9.71621 62.1287 59.4059 43.5644 65.099
9.76431 62.3153 59.8522 43.5961 64.7783
9.81241 62.0098 60.049 43.3824 64.7059
9.86051 61.7073 59.7561 43.4146 64.878
9.90861 61.6505 59.466 43.2039 64.8058
9.95671 61.8357 59.6618 43.4783 64.7343
10.0048 61.5385 59.375 43.75 64.6635
10.0529 61.4833 59.3301 44.0191 64.8325
10.101 61.1905 59.5238 44.0476 64.7619
10.1491 61.1374 59.4787 44.5498 64.6919
10.1972 60.8491 59.1981 44.5755 64.6226
10.2453 60.7981 59.1549 44.6009 64.554
10.2934 60.9813 59.3458 44.6262 64.486
10.3415 60.9302 59.3023 44.6512 64.4186
10.3896 61.3426 59.4907 44.9074 64.8148
10.4377 61.7512 59.447 44.7005 64.977
10.4858 61.9266 59.633 44.7248 65.367
10.5339 61.8721 60.0457 44.5205 65.5251
10.582 62.2727 60 44.3182 65.9091
10.6301 62.6697 60.181 44.5701 66.2896
10.6782 62.3874 60.1351 44.3694 65.991
10.7263 62.3318 60.3139 44.6188 65.9193
10.7744 62.5 60.2679 44.6429 65.625
10.8225 62.6667 60.4444 45.1111 66
10.8706 62.8319 60.177 45.1327 65.9292
10.9187 62.7753 60.3524 45.3744 65.859
10.9668 62.5 60.307 45.614 65.5702
11.0149 62.4454 60.4803 45.4148 65.9389
11.063 62.1739 60.2174 45.6522 65.8696
11.1111 62.1212 60.1732 45.4545 65.5844
11.1592 62.2845 60.3448 45.2586 65.9483
11.2073 62.4464 60.515 45.279 65.8798
11.2554 62.3932 60.4701 45.2991 65.5983
11.3035 62.5532 60.2128 45.1064 65.3191
11.3516 62.5 59.9576 45.339 65.0424
11.3997 62.4473 59.9156 45.5696 65.1899
11.4478 62.1849 59.6639 45.3782 65.1261
11.4959 62.1339 59.4142 45.6067 64.8536
11.544 62.0833 59.375 45.625 64.5833
11.5921 61.8257 59.3361 45.4357 64.7303
11.6402 61.7769 59.2975 45.6612 64.6694
11.6883 61.7284 59.465 45.679 64.6091
11.7364 61.6803 59.6311 45.9016 64.7541
11.7845 61.6327 59.5918 45.7143 64.4898
11.8326 62.1951 59.7561 45.5285 64.8374
11.8807 62.1457 59.919 45.749 64.7773
11.9288 62.0968 59.879 45.9677 64.7177
11.9769 62.249 59.6386 45.7831 65.0602
12.025 62.2 59.4 46 64.8
12.0731 61.9522 59.5618 46.2151 64.5418
12.1212 62.1032 59.5238 46.2302 64.6825
12.1693 62.0553 59.2885 46.2451 64.6245
12.2174 61.811 59.252 46.4567 64.7638
12.2655 61.7647 59.0196 46.6667 64.7059
12.3136 61.9141 59.1797 46.875 65.0391
12.3617 62.0623 58.9494 46.8872 65.1751
12.4098 62.0155 58.9147 47.093 65.1163
12.4579 62.1622 59.4595 47.1042 65.444
12.506 62.1154 59.4231 47.3077 65.5769
12.5541 62.2605 59.5785 47.5096 65.7088
12.6022 62.4046 59.542 47.7099 66.0305
12.6503 62.7376 59.6958 48.0989 66.3498
12.6984 62.6894 59.4697 47.9167 66.0985
12.7465 62.4528 59.2453 47.9245 66.2264
12.7946 62.594 59.3985 47.9323 66.1654
12.8427 62.7341 59.3633 47.9401 66.1049
12.8908 62.8731 59.3284 48.3209 66.0448
12.9389 63.197 59.4796 48.513 66.3569
12.987 63.1481 59.6296 48.7037 66.1111
13.0351 63.0996 59.7786 48.893 66.2362
13.0832 63.4191 59.5588 49.0809 66.5441
13.1313 63.5531 59.5238 49.2674 66.4835
13.1794 63.6861 59.854 49.635 66.7883
13.2275 64 59.8182 49.6364 66.9091
13.2756 63.7681 59.9638 49.8188 66.8478
13.3237 64.2599 59.9278 50 67.148
13.3718 64.2086 60.2518 50.1799 67.446
13.4199 64.1577 60.2151 50.3584 67.2043
13.468 64.1071 60.3571 50.5357 67.3214
13.5161 64.0569 60.1423 50.7117 67.2598
13.5642 63.8298 59.9291 50.7092 67.0213
13.6123 63.6042 59.7173 50.7067 67.1378
13.6604 63.5563 59.8592 50.8803 67.0775
13.7085 63.6842 60 51.0526 66.8421
13.7566 63.6364 59.965 51.2238 66.958
13.8047 63.7631 59.7561 51.3937 66.7247
13.8528 63.5417 59.7222 51.5625 66.8403
13.9009 63.6678 59.6886 51.7301 67.128
13.949 63.6207 59.4828 51.7241 67.2414
13.9971 63.7457 59.622 51.7182 67.354
14.0452 63.8699 59.589 51.8836 67.4658
14.0933 63.9932 59.727 52.0478 67.7474
14.1414 63.9456 59.8639 52.0408 67.6871
14.1895 64.0678 60 52.2034 67.6271
14.2376 63.8514 59.9662 52.1959 67.3986
14.2857 63.8047 60.101 52.3569 67.6768
14.3338 63.9262 60.4027 52.6846 67.7852
14.3819 64.0468 60.3679 52.5084 67.893
14.43 63.8333 60.3333 52.5 67.6667
14.4781 63.7874 60.299 52.6578 67.608
14.5262 63.9073 60.4305 52.8146 67.5497
14.5743 64.0264 60.5611 52.9703 67.6568
14.6224 63.9803 60.5263 53.125 67.7632
14.6705 63.9344 60.3279 53.1148 67.7049
14.7186 64.0523 60.1307 53.1046 67.6471
14.7667 64.0065 60.0977 53.2573 67.5896
14.8148 63.961 60.2273 53.5714 67.5325
14.8629 64.2395 60.1942 53.5599 67.7994
14.911 64.0323 60.3226 53.3871 68.0645
14.9591 63.9871 60.6109 53.3762 68.0064
15.0072 63.9423 60.8974 53.5256 68.109
15.0553 63.8978 61.1821 53.5144 68.2109
15.1034 64.0127 61.3057 53.6624 68.3121
15.1515 64.127 61.2698 53.8095 68.0952
15.1996 64.0823 61.3924 53.9557 68.038
15.2477 63.8801 61.3565 53.9432 67.8233
15.2958 63.9937 61.478 53.9308 67.6101
15.3439 63.9498 61.5987 53.9185 67.5549
15.392 64.2188 61.5625 53.9062 67.8125
15.4401 64.1745 61.6822 54.0498 67.757
15.4882 64.1304 61.646 54.1925 67.5466
15.5363 64.0867 61.9195 54.3344 67.4923
15.5844 64.0432 61.8827 54.1667 67.284
15.6325 63.8462 61.6923 54.1538 67.2308
15.6806 63.9571 61.5031 54.2945 67.0245
15.7287 64.0673 61.4679 54.4343 67.2783
15.7768 64.1768 61.5854 54.4207 67.2256
15.8249 64.2857 61.3982 54.4073 67.1733
15.873 64.2424 61.5152 54.2424 67.2727
15.9211 64.0483 61.3293 54.2296 67.0695
15.9692 64.006 61.2952 54.2169 66.8675
16.0173 63.964 61.2613 54.3544 66.6667
16.0654 64.0719 61.2275 54.491 66.4671
16.1135 64.1791 61.3433 54.6269 66.5672
16.1616 64.1369 61.3095 54.9107 66.8155
16.2097 64.2433 61.276 55.1929 66.6172
16.2578 64.497 61.5385 55.4734 67.0118
16.3059 64.6018 61.6519 55.6047 67.1091
16.354 64.7059 61.9118 55.7353 67.2059
16.4021 64.6628 62.0235 55.8651 67.3021
16.4502 64.7661 61.9883 55.7018 67.3977
16.4983 64.8688 61.9534 55.9767 67.3469
16.5464 64.9709 62.064 56.1047 67.4419
16.5945 64.9275 62.1739 56.2319 67.5362
16.6426 65.0289 61.9942 56.3584 67.6301
16.6907 65.2738 62.2478 56.4841 67.7233
16.7388 65.3736 62.2126 56.6092 67.8161
16.7869 65.4728 62.3209 56.7335 67.6218
16.835 65.2857 62.2857 57 67.4286
16.8831 65.0997 62.5356 56.8376 67.3789
16.9312 65.1989 62.642 56.9602 67.4716
16.9793 65.5807 62.7479 57.2238 67.847
17.0274 65.678 62.7119 57.3446 67.7966
17.0755 65.6338 62.6761 57.3239 68.0282
17.1236 65.5899 62.6404 57.4438 68.118
17.1717 65.4062 62.465 57.423 67.9272
17.2198 65.7821 62.7095 57.5419 68.0168
17.2679 65.8774 62.5348 57.6602 68.2451
17.316 65.8333 62.3611 57.7778 68.0556
17.3641 65.7895 62.4654 57.7562 68.0055
17.4122 65.884 62.4309 57.8729 68.232
17.4603 65.978 62.5344 57.989 68.1818
17.5084 65.9341 62.7747 58.1044 68.2692
17.5565 65.8904 62.8767 58.0822 68.4932
17.6046 65.7104 62.9781 58.3333 68.306
17.6527 65.6676 62.9428 58.4469 68.2561
17.7008 65.625 62.9076 58.5598 68.4783
17.7489 65.8537 62.7371 58.6721 68.4282
17.797 65.9459 62.8378 58.6486 68.6486
17.8451 65.903 62.938 58.7601 68.7332
17.8932 65.8602 62.7688 58.7366 68.5484
17.9413 66.0858 62.7346 58.5791 68.6327
17.9894 66.0428 62.7005 58.4225 68.7166
18.0375 66 62.8 58.5333 68.6667
18.0856 65.9574 62.633 58.5106 68.484
18.1337 65.9151 62.7321 58.7533 68.5676
18.1818 66.0053 62.963 58.7302 68.5185
18.2299 65.9631 62.7968 58.7071 68.3377
18.278 65.9211 62.7632 58.8158 68.2895
18.3261 66.0105 62.7297 58.7927 68.6352
18.3742 66.0995 62.6963 58.7696 68.7173
18.4223 66.188 63.0548 58.8773 69.0601
18.4704 66.1458 63.151 58.8542 69.0104
18.5185 66.2338 63.2468 58.961 68.961
18.5666 66.5803 63.4715 59.3264 69.0415
18.6147 66.6667 63.4367 59.5607 69.1214
18.6628 66.7526 63.4021 59.5361 69.3299
18.7109 66.581 63.3676 59.383 69.4087
18.759 66.7949 63.3333 59.6154 69.359
18.8071 66.8798 63.555 59.5908 69.3095
18.8552 67.0918 63.7755 59.6939 69.5153
18.9033 67.3028 63.8677 59.7964 69.5929
18.9514 67.132 63.8325 59.8985 69.6701
18.9995 67.2152 63.6709 59.8734 69.8734
19.0476 67.0455 63.5101 59.9747 69.697
19.0957 67.0025 63.602 59.9496 69.7733
19.1438 67.0854 63.6935 59.799 70.1005
19.1919 67.0426 63.6591 59.6491 70.0501
19.24 67 63.625 59.625 70
19.2881 66.9576 63.591 59.7257 69.9501
19.3362 66.9154 63.4328 59.5771 70.1493
19.3843 66.8734 63.3995 59.6774 70.3474
19.4324 66.8317 63.4901 59.7772 70.4208
19.4805 66.7901 63.4568 59.7531 70.3704
19.5286 66.6256 63.5468 59.7291 70.3202
19.5767 66.7076 63.6364 59.828 70.516
19.6248 66.6667 63.4804 59.6814 70.5882
19.6729 66.6259 63.4474 59.6577 70.6601
19.721 66.9512 63.6585 59.878 70.8537
19.7691 66.91 63.747 60.0973 70.9246
19.8172 66.9903 63.7136 60.0728 70.8738
19.8653 67.0702 63.8015 60.2906 70.8232
19.9134 67.1498 63.8889 60.2657 70.6522
19.9615 67.1084 63.8554 60.3614 70.6024
20.0096 66.9471 63.7019 60.3365 70.4327
20.0577 66.7866 63.789 60.4317 70.3837
20.1058 66.9856 63.9952 60.7656 70.4545
20.1539 67.0644 63.9618 60.6205 70.2864
20.202 67.2619 64.1667 60.5952 70.2381
20.2501 67.4584 64.3705 60.8076 70.19
20.2982 67.5355 64.218 60.9005 70.1422
20.3463 67.6123 64.1844 60.8747 69.9764
20.3944 67.5708 64.1509 60.8491 70.0472
20.4425 67.6471 64.2353 60.9412 70.2353
20.4906 67.723 64.4366 61.0329 70.5399
20.5387 67.9157 64.2857 61.007 70.726
20.5868 67.9907 64.3692 60.9813 70.6776
20.6349 67.8322 64.3357 60.8392 70.7459
20.683 67.907 64.4186 60.9302 70.814
20.7311 67.9814 64.3852 61.0209 70.7657
20.7792 68.0556 64.4676 60.9954 70.6019
20.8273 68.0139 64.5497 61.0855 70.7852
20.8754 68.0876 64.6313 61.0599 70.8525
20.9235 68.1609 64.8276 61.1494 70.8046
20.9716 68.2339 64.9083 61.2385 70.9862
21.0197 68.3066 64.9886 61.0984 70.9382
21.0678 68.4932 65.2968 61.0731 71.0046
21.1159 68.3371 65.262 61.1617 70.9567
21.164 68.1818 65.4545 61.25 70.9091
21.2121 68.254 65.6463 61.3379 70.8617
21.2602 68.3258 65.6109 61.4253 70.8145
21.3083 68.1716 65.5756 61.5124 70.6546
21.3564 68.1306 65.5405 61.5991 70.6081
21.4045 68.0899 65.5056 61.573 70.5618
21.4526 68.2735 65.4709 61.5471 70.6278
21.5007 68.1208 65.3244 61.6331 70.5817
21.5488 68.192 65.1786 61.6071 70.6473
21.5969 68.2628 65.1448 61.5813 70.6013
21.645 68.3333 65.2222 61.5556 70.4444
21.6931 68.4035 65.2993 61.7517 70.51
21.7412 68.6947 65.4867 61.8363 70.6858
21.7893 68.6534 65.6733 62.0309 70.7506
21.8374 68.6123 65.7489 62.0044 70.815
21.8855 68.5714 65.9341 62.0879 70.8791
21.9336 68.75 66.0088 61.9518 70.943
21.9817 68.709 65.9737 62.035 71.0066
22.0298 68.7773 65.9389 62.1179 70.9607
22.0779 68.7364 65.9041 62.2004 70.915
22.126 68.8043 65.7609 62.0652 70.7609
22.1741 68.9805 65.9436 62.256 70.9328
22.2222 68.9394 66.1255 62.2294 70.8874
22.2703 68.8985 66.0907 62.311 70.9503
22.3184 68.75 66.1638 62.2845 70.7974
22.3665 68.9247 66.129 62.2581 70.7527
22.4146 68.7768 66.2017 62.1245 70.6009
22.4627 68.8437 66.2741 62.0985 70.6638
22.5108 68.8034 66.2393 62.0726 70.5128
22.5589 68.8699 66.2047 62.1535 70.5757
22.607 68.9362 66.383 62.1277 70.4255
22.6551 69.1083 66.3482 62.1019 70.3822
22.7032 69.1737 66.5254 62.2881 70.339
22.7513 69.4503 66.4905 62.2622 70.5074
22.7994 69.5148 66.4557 62.3418 70.4641
22.8475 69.4737 66.4211 62.4211 70.5263
22.8956 69.4328 66.3866 62.2899 70.5882
22.9437 69.2872 66.457 62.369 70.6499
22.9918 69.3515 66.5272 62.4477 70.5021
23.0399 69.2067 66.5971 62.5261 70.5637
23.088 69.0625 66.5625 62.3958 70.625
23.1361 69.0229 66.4241 62.2661 70.6861
23.1842 68.9834 66.4938 62.3444 70.7469
23.2323 68.9441 66.4596 62.4224 70.6004
23.2804 69.0083 66.5289 62.5 70.6612
23.3285 69.0722 66.5979 62.4742 70.7216
23.3766 69.1358 66.4609 62.4486 70.8848
23.4247 68.9938 66.3244 62.5257 70.9446
23.4728 68.9549 66.1885 62.3975 71.0041
23.5209 68.9162 66.2577 62.3722 71.1656
23.569 68.9796 66.2245 62.3469 71.2245
23.6171 68.9409 66.1914 62.22 71.3849
23.6652 69.0041 66.1585 62.2967 71.5447
23.7133 69.0669 66.1258 62.2718 71.6024
23.7614 69.0283 66.0931 62.3482 71.6599
23.8095 69.0909 66.0606 62.2222 71.5152
23.8576 68.9516 65.9274 62.1976 71.371
23.9057 69.0141 65.8954 62.3742 71.5292
23.9538 68.8755 65.9639 62.249 71.5863
24.0019 68.8377 65.9319 62.3246 71.4429
24.05 68.7 65.9 62.2 71.3
24.0981 68.7625 66.0679 62.1756 71.2575
24.1462 68.8247 66.1355 62.251 71.3147
24.1943 68.8867 66.2028 62.2266 71.3718
24.2424 69.0476 66.369 62.4008 71.3294
24.2905 69.0099 66.3366 62.3762 71.1881
24.3386 69.0711 66.502 62.4506 71.2451
24.3867 69.0335 66.6667 62.5247 71.1045
24.4348 68.9961 66.9291 62.4016 70.9646
24.4829 69.1552 66.9941 62.3772 71.1198
24.531 69.2157 66.9608 62.451 71.0784
24.5791 69.2759 66.8297 62.5245 71.0372
24.6272 69.1406 66.6992 62.5 70.8984
24.6753 69.2982 66.9591 62.5731 71.0526
24.7234 69.2607 67.0233 62.6459 71.1089
24.7715 69.3204 66.9903 62.5243 71.165
24.8196 69.5736 67.1512 62.5969 71.2209
24.8677 69.4391 67.2147 62.4758 71.2766
24.9158 69.4981 67.278 62.5483 71.332
24.9639 69.4605 67.2447 62.4277 71.2909
25.012 69.6154 67.5 62.6923 71.3462
25.0601 69.5777 67.5624 62.572 71.3052
25.1082 69.636 67.6245 62.4521 71.2644
25.1563 69.5985 67.5908 62.5239 71.4149
25.2044 69.6565 67.6527 62.5 71.4695
25.2525 69.619 67.5238 62.5714 71.4286
25.3006 69.5817 67.4905 62.6426 71.2928
25.3487 69.6395 67.4573 62.6186 71.4421
25.3968 69.7917 67.6136 62.5947 71.4015
25.4449 69.9433 67.5803 62.6654 71.3611
25.493 70 67.6415 62.7358 71.5094
25.5411 69.8682 67.5141 62.806 71.5631
25.5892 69.9248 67.5752 62.8759 71.6165
25.6373 69.8874 67.5422 62.9456 71.576
25.6854 70.0375 67.7903 62.9213 71.7228
25.7335 70 67.8505 62.9907 71.6822
25.7816 70.056 68.0037 63.0597 71.7351
25.8297 70.0186 68.1564 63.1285 71.7877
25.8778 70.0743 68.1227 63.1041 71.7472
25.9259 70.0371 67.9963 63.3581 71.6141
25.974 69.9074 68.0556 63.3333 71.5741
26.0221 69.8706 68.0222 63.2163 71.6266
26.0702 69.9262 67.9889 63.1919 71.5867
26.1183 69.8895 67.9558 63.3517 71.4549
26.1664 69.9449 68.1066 63.2353 71.5074
26.2145 69.9083 68.1651 63.211 71.3761
26.2626 69.9634 68.2234 63.1868 71.5201
26.3107 70.0183 68.1901 63.1627 71.5722
26.3588 69.9818 68.2482 63.0474 71.4416
26.4069 69.9454 68.2149 63.0237 71.3115
26.455 70 68.2727 62.9091 71.1818
26.5031 70.0544 68.3303 62.9764 71.1434
26.5512 70.1993 68.4783 63.0435 71.1957
26.5993 70.0723 68.4448 63.1103 71.1573
26.6474 70.0361 68.5018 63.1769 71.2094
26.6955 70.0901 68.6486 63.1532 71.1712
26.7436 70.1439 68.5252 63.0396 71.1331
26.7917 70.1077 68.4919 63.1957 71.2747
26.8398 70.1613 68.4588 63.3513 71.2366
26.8879 70.2147 68.5152 63.5063 71.3775
26.936 70.3571 68.4821 63.5714 71.3393
26.9841 70.3209 68.5383 63.6364 71.3904
27.0322 70.3737 68.6833 63.6121 71.3523
27.0803 70.4263 68.8277 63.7655 71.3144
27.1284 70.4787 68.883 63.8298 71.1879
27.1765 70.531 68.8496 63.7168 71.1504
27.2246 70.7597 68.8163 63.6926 71.2014
27.2727 70.8113 68.8713 63.7566 71.0758
27.3208 70.7746 68.9261 63.8204 71.1268
27.3689 70.7381 69.0685 63.9719 71.0896
27.417 70.7895 69.1228 64.0351 71.0526
27.4651 70.7531 69.2644 64.0981 71.0158
27.5132 70.8916 69.3182 64.1608 70.979
27.5613 71.0297 69.459 64.2234 70.8551
27.6094 70.993 69.338 64.1986 70.7317
27.6575 71.0435 69.4783 64.087 70.7826
27.7056 71.2674 69.5312 64.1493 70.9201
27.7537 71.4038 69.5841 64.1248 70.8839
27.8018 71.5398 69.6367 64.1869 70.8478
27.8499 71.5889 69.6028 64.2487 70.8117
27.898 71.7241 69.7414 64.3103 70.8621
27.9461 71.6007 69.7074 64.2857 70.8262
27.9942 71.6495 69.8454 64.2612 70.8763
28.0423 71.7839 69.8971 64.3225 70.9262
28.0904 71.7466 69.9486 64.2979 70.976
28.1385 71.7094 70 64.188 70.8547
28.1866 71.6724 70.1365 64.2491 70.8191
28.2347 71.7206 70.1874 64.2249 70.7836
28.2828 71.8537 70.2381 64.2857 70.7483
28.3309 71.9015 70.3735 64.4312 70.8829
28.379 71.9492 70.339 64.5763 70.8475
28.4271 71.912 70.3892 64.6362 70.8122
28.4752 71.9595 70.4392 64.6959 70.777
28.5233 72.0911 70.5734 64.7555 70.9106
28.5714 72.2222 70.4545 64.899 70.8754
28.6195 72.2689 70.4202 64.958 70.9244
28.6676 72.1477 70.3859 64.9329 70.8054
28.7157 72.0268 70.5193 64.9916 70.7705
28.7638 72.1572 70.5686 64.9666 70.7358
28.8119 72.3706 70.7846 65.1085 70.8681
28.86 72.5833 70.9167 65.0833 70.9167
28.9081 72.5458 70.8819 65.1414 70.7987
28.9562 72.6744 71.0133 65.1993 70.9302
29.0043 72.6368 70.9784 65.1741 70.8955
29.0524 72.5166 70.9437 65.149 71.0265
29.1005 72.4793 70.9091 65.124 71.0744
29.1486 72.3597 70.8746 65.099 71.2046
29.1967 72.3229 70.9226 65.0741 71.3344
29.2448 72.3684 70.9704 64.9671 71.2993
29.2929 72.4138 70.936 64.8604 71.3465
29.341 72.2951 70.8197 64.8361 71.4754
29.3891 72.3404 70.7856 64.8936 71.5221
29.4372 72.3856 70.8333 64.951 71.4869
29.4853 72.4307 70.7993 65.0082 71.5334
29.5334 72.3941 70.8469 64.9023 71.4984
29.5815 72.3577 70.813 64.9593 71.5447
29.6296 72.4026 70.8604 64.9351 71.5909
29.6777 72.4473 70.7455 64.9109 71.637
29.7258 72.3301 70.712 64.8058 71.6828
29.7739 72.3748 70.5977 64.8627 71.7286
29.822 72.4194 70.5645 64.9194 71.6129
29.8701 72.3833 70.5314 64.8953 71.7391
29.9182 72.4277 70.5788 64.9518 71.7042
29.9663 72.4719 70.5457 65.008 71.7496
30.0144 72.516 70.5929 64.984 71.875
30.0625 72.48 70.64 65.04 71.84
30.1106 72.4441 70.6869 65.0958 71.8051
30.1587 72.488 70.6539 64.992 71.7703
30.2068 72.3726 70.621 64.9682 71.7357
30.2549 72.337 70.5087 65.0238 71.7806
30.303 72.381 70.4762 64.9206 71.746
30.3511 72.3455 70.4437 64.9762 71.6323
30.3992 72.3892 70.4905 65.0316 71.5981
30.4473 72.4329 70.3791 65.0869 71.485
30.4954 72.3186 70.347 65.0631 71.53
30.5435 72.2047 70.315 65.0394 71.4961
30.5916 72.2484 70.3616 65.0157 71.5409
30.6397 72.2135 70.3297 65.1491 71.5071
30.6878 72.1787 70.2978 65.2038 71.5517
30.7359 72.144 70.1878 65.18 71.4397
30.784 72.2656 70.2344 65.1562 71.5625
30.8321 72.2309 70.1248 65.0546 71.7629
30.8802 72.1963 70.0935 64.9533 71.8069
30.9283 72.1617 70.0622 65.0078 71.7729
30.9764 72.1273 70.0311 65.0621 71.8944
31.0245 72.093 70 65.1163 71.7829
31.0726 72.0588 69.969 65.0929 71.8266
31.1207 71.9474 69.9382 65.1468 71.8702
31.1688 71.9136 69.9074 65.2006 71.8364
31.2169 71.8028 69.8767 65.1772 71.8028
31.265 71.8462 69.8462 65.2308 71.8462
31.3131 71.8126 69.8157 65.2842 71.8126
31.3612 71.8558 69.862 65.3374 71.9325
31.4093 71.8989 69.8315 65.3905 71.8989
31.4574 71.8654 69.7248 65.2905 71.789
31.5055 71.7557 69.6183 65.3435 71.7557
31.5536 71.7226 69.5884 65.2439 71.7988
31.6017 71.7656 69.6347 65.1446 71.6895
31.6498 71.8085 69.6049 65.0456 71.5805
31.6979 71.6995 69.7269 65.0228 71.6237
31.746 71.7424 69.8485 65.0758 71.6667
31.7941 71.8608 70.0454 65.053 71.7852
31.8422 71.8278 69.9396 64.9547 71.8278
31.8903 71.8703 69.9849 65.083 71.9457
31.9384 71.988 70.0301 65.1355 71.9127
31.9865 72.1053 70.2256 65.188 72.0301
32.0346 72.1471 70.3453 65.3153 72.1471
32.0827 72.1889 70.3898 65.3673 72.2639
32.1308 72.2305 70.509 65.494 72.3054
32.1789 72.3468 70.6278 65.4709 72.4215
32.227 72.5373 70.8209 65.597 72.3881
32.2751 72.5782 70.9389 65.5738 72.3547
32.3232 72.5446 70.9077 65.625 72.3958
32.3713 72.5854 70.951 65.8247 72.2883
32.4194 72.5519 70.9199 65.8012 72.3294
32.4675 72.5185 70.8889 65.8519 72.2963
32.5156 72.6331 70.932 65.8284 72.2633
32.5637 72.6736 70.9749 65.9527 72.2304
32.6118 72.6401 70.8702 66.0029 72.2714
32.6599 72.6068 70.9131 65.9794 72.2386
32.708 72.7206 71.0294 66.1029 72.2794
32.7561 72.6872 71.072 66.1527 72.2467
32.8042 72.8006 71.1877 66.2023 72.3607
32.8523 72.7672 71.1567 66.2518 72.328
32.9004 72.7339 71.1257 66.3743 72.4415
32.9485 72.7007 71.1679 66.3504 72.4818
32.9966 72.6676 71.2099 66.5452 72.449
33.0447 72.7074 71.2518 66.5939 72.3435
33.0928 72.6744 71.2936 66.6424 72.311
33.1409 72.6415 71.3353 66.6183 72.4238
33.189 72.6087 71.3768 66.8116 72.4638
33.2371 72.7207 71.4906 67.0043 72.4313
33.2852 72.6879 71.604 67.052 72.5434
33.3333 72.7273 71.645 67.0274 72.4387
33.3814 72.7666 71.7579 67.147 72.4784
33.4295 72.7338 71.7266 67.1223 72.3741
33.4776 72.7011 71.8391 67.1695 72.2701
33.5257 72.7403 72.023 67.2166 72.1664
33.5738 72.7077 72.063 67.3352 72.3496
33.6219 72.8183 72.1745 67.382 72.3891
33.67 72.8571 72.1429 67.4286 72.4286
33.7181 72.8245 72.2539 67.475 72.4679
33.7662 72.792 72.151 67.5214 72.4359
33.8143 72.8307 72.1906 67.6387 72.404
33.8624 72.7273 72.2301 67.6136 72.3011
33.9105 72.6241 72.1986 67.5887 72.1986
33.9586 72.5921 72.3088 67.7054 72.3088
34.0067 72.5601 72.2772 67.6803 72.2065
34.0548 72.5282 72.3164 67.6554 72.2458
34.1029 72.567 72.426 67.7715 72.1439
34.151 72.6056 72.5352 67.7465 72.2535
34.1991 72.5035 72.5738 67.7918 72.1519
34.2472 72.5421 72.6826 67.9073 72.0506
34.2953 72.6508 72.8612 68.0926 72.0898
34.3434 72.619 72.8992 68.2073 71.9888
34.3915 72.7273 72.9371 68.3217 72.0979
34.4396 72.7654 72.905 68.4358 72.2067
34.4877 72.8731 72.9428 68.5495 72.1757
34.5358 72.7716 72.9109 68.5237 72.0752
34.5839 72.9485 72.879 68.637 71.975
34.632 72.9861 72.9861 68.6806 71.875
34.6801 73.0929 73.0929 68.7933 71.9834
34.7282 73.1302 73.0609 68.8366 71.9529
34.7763 73.2365 73.0982 68.9488 72.0609
34.8244 73.3425 73.0663 68.9917 72.1685
34.8725 73.3103 73.0345 69.0345 72.1379
34.9206 73.2782 73.0028 68.9394 72.1763
34.9687 73.2462 73.1087 68.9133 72.2146
35.0168 73.283 73.283 68.956 72.3901
35.0649 73.251 73.251 68.93 72.4966
35.113 73.1507 73.2877 68.9041 72.4658
35.1611 73.2558 73.1874 68.8782 72.435
35.2092 73.224 73.2923 68.8525 72.4044
35.2573 73.2606 73.397 68.9632 72.442
35.3054 73.297 73.4332 69.0054 72.4114
35.3535 73.3333 73.4694 68.9796 72.3129
35.4016 73.3696 73.5734 68.9538 72.3505
35.4497 73.4735 73.6092 69.0638 72.3202
35.4978 73.4417 73.5772 69.1057 72.2222
35.5459 73.4777 73.6806 69.0798 72.1245
35.594 73.5135 73.7838 69.1892 72.1622
35.6421 73.6167 73.8866 69.1633 72.1997
35.6902 73.6523 73.8544 69.2049 72.3046
35.7383 73.6205 73.8896 69.179 72.2746
35.7864 73.7231 73.9247 69.1532 72.2446
35.8345 73.6913 73.8926 69.1946 72.2148
35.8826 73.6595 73.9276 69.2359 72.118
35.9307 73.5609 73.8286 69.2102 72.0214
35.9788 73.5294 73.8636 69.1845 71.992
36.0269 73.4312 73.8318 69.2924 71.8959
36.075 73.4 73.8667 69.2667 71.8
36.1231 73.4354 73.968 69.3076 71.8375
36.1712 73.4043 73.8697 69.2819 71.742
36.2193 73.506 73.9708 69.4555 71.7131
36.2674 73.5411 74.0053 69.3634 71.6844
36.3155 73.5762 73.9735 69.404 71.6556
36.3636 73.545 74.0079 69.3783 71.627
36.4117 73.5139 74.1083 69.3527 71.5324
36.4598 73.5488 74.1425 69.4591 71.438
36.5079 73.6495 74.1107 69.5652 71.4097
36.556 73.6842 74.1447 69.5395 71.3158
36.6041 73.6531 74.1787 69.5795 71.2878
36.6522 73.622 74.2782 69.6194 71.3255
36.7003 73.7221 74.2464 69.5937 71.363
36.7484 73.8874 74.2801 69.6335 71.4005
36.7965 73.8562 74.183 69.6732 71.3725
36.8446 73.8903 74.1514 69.7781 71.2794
36.8927 73.9244 74.1851 69.8175 71.2516
36.9408 73.9583 74.1536 69.9219 71.1589
36.9889 74.0572 74.3173 70.026 71.1964
37.037 74.026 74.2857 70 71.1039
37.0851 74.1894 74.4488 70.1038 71.1414
37.1332 74.2876 74.5466 70.2073 71.0492
37.1813 74.3208 74.5796 70.3105 71.022
37.2294 74.354 74.4832 70.2842 70.9302
37.2775 74.3871 74.5806 70.3871 70.9677
37.3256 74.549 74.6778 70.5541 71.0052
37.3737 74.5817 74.7104 70.592 71.0425
37.4218 74.6144 74.6787 70.6941 70.9512
37.4699 74.647 74.647 70.6675 70.9243
37.518 74.6795 74.6154 70.7051 70.8333
37.5661 74.6479 74.7119 70.8067 70.7426
37.6142 74.6803 74.6803 70.9079 70.6522
37.6623 74.7126 74.6488 70.9451 70.6258
37.7104 74.8087 74.5536 71.0459 70.5995
37.7585 74.9045 74.6497 71.2102 70.6369
37.8066 74.9364 74.6183 71.3104 70.6107
37.8547 74.9682 74.6506 71.2834 70.5845
37.9028 75 74.6193 71.4467 70.4949
37.9509 75.0951 74.6515 71.4829 70.5323
37.999 75.1266 74.6835 71.6456 70.443
38.0471 75.158 74.5891 71.6182 70.354
38.0952 75.0631 74.5581 71.5909 70.3283
38.1433 75.1576 74.5902 71.6898 70.3026
38.1914 75.2519 74.6222 71.7884 70.2771
38.2395 75.283 74.5912 71.761 70.3145
38.2876 75.3769 74.6859 71.7337 70.2261
38.3357 75.4705 74.7177 71.7691 70.2008
38.3838 75.5013 74.6867 71.7419 70.1754
38.4319 75.5945 74.781 71.7146 70.0876
38.48 75.625 74.8125 71.75 70.0625
38.5281 75.6554 74.8439 71.8477 70.0375
38.5762 75.7481 74.8753 72.0075 69.9501
38.6243 75.7783 74.8443 72.0423 69.9875
38.6724 75.8085 74.8756 72.0149 69.9005
38.7205 75.8385 74.9068 71.9876 69.8758
38.7686 75.8685 74.8759 71.9603 69.9132
38.8167 75.8984 74.9071 72.057 69.8885
38.8648 75.9282 75.0619 72.0297 69.9257
38.9129 75.8962 75.0927 72.1261 69.9011
38.961 75.8025 75.0617 72.0988 69.8148
39.0091 75.8323 75.1541 72.1948 69.7904
39.0572 75.9236 75.1847 72.1675 69.8892
39.1053 75.8303 75.0923 72.1402 69.8032
39.1534 75.86 75.0614 72.1744 69.7174
39.2015 75.8282 75.0307 72.1472 69.6933
39.2496 75.9191 75.1225 72.2426 69.6078
39.2977 75.8874 75.0918 72.2154 69.5226
39.3458 75.7946 75.1222 72.1883 69.4377
39.3939 75.8242 75.2137 72.2833 69.475
39.442 75.8537 75.2439 72.378 69.3902
39.4901 75.8831 75.2741 72.4726 69.3666
39.5382 75.7908 75.3041 72.5669 69.2822
39.5863 75.8202 75.3341 72.6002 69.3196
39.6344 75.9102 75.4248 72.7549 69.2961
39.6825 75.8788 75.4545 72.7273 69.2727
39.7306 75.9685 75.4237 72.6998 69.2494
39.7787 75.9371 75.5139 72.6723 69.1657
39.8268 75.9058 75.4227 72.6449 69.0821
39.8749 75.8745 75.3317 72.6779 68.9988
39.923 75.7831 75.3012 72.7711 68.9759
39.9711 75.8123 75.2708 72.7437 68.8929
40.0192 75.8413 75.2404 72.7764 68.8101
40.0673 75.8103 75.2101 72.8691 68.7875
40.1154 75.7794 75.1799 72.9616 68.765
40.1635 75.8084 75.2096 73.0539 68.6826
40.2116 75.8971 75.1794 73.1459 68.6603
40.2597 75.9857 75.2688 73.2378 68.7575
40.3078 76.0143 75.4177 73.2697 68.7351
40.3559 76.0429 75.3874 73.4207 68.6532
40.404 75.9524 75.3571 73.3929 68.5714
40.4521 75.981 75.327 73.365 68.5493
40.5002 75.9501 75.2969 73.2779 68.5273
40.5483 75.9786 75.3855 73.3689 68.5053
40.5964 76.0071 75.4739 73.4597 68.4834
40.6445 76.1538 75.503 73.5503 68.4024
40.6926 76.2411 75.5319 73.6998 68.4397
40.7407 76.3872 75.6789 73.7898 68.477
40.7888 76.533 75.7075 73.9387 68.5142
40.8369 76.6196 75.7951 74.0872 68.6101
40.885 76.6471 75.8824 74.1765 68.5882
40.9331 76.7333 76.0282 74.2656 68.6839
40.9812 76.8779 76.115 74.3545 68.662
41.0293 76.8464 76.0844 74.3845 68.5815
41.0774 76.815 76.0539 74.356 68.5012
41.1255 76.7836 75.9649 74.3275 68.4211
41.1736 76.8107 76.0514 74.4159 68.3411
41.2217 76.8961 76.1377 74.5624 68.3781
41.2698 76.8648 76.1072 74.5338 68.2984
41.3179 76.8917 76.2515 74.6217 68.2771
41.366 76.9767 76.2791 74.6512 68.2558
41.4141 76.9454 76.2485 74.6225 68.1765
41.4622 76.9722 76.3921 74.71 68.2135
41.5103 76.883 76.4195 74.6813 68.1344
41.5584 76.9097 76.5046 74.7106 68.1134
41.6065 76.8208 76.474 74.6243 68.0925
41.6546 76.8476 76.4434 74.7113 68.0716
41.7027 76.9319 76.5283 74.7405 68.0507
41.7508 77.0737 76.6705 74.7696 68.1452
41.7989 77.2152 76.7549 74.9137 68.2394
41.847 77.1264 76.6667 74.8851 68.1609
41.8951 77.1527 76.6935 74.8565 68.1401
41.9432 77.1789 76.6628 74.9427 68.0619
41.9913 77.205 76.6896 74.9141 67.984
42.0394 77.1739 76.7162 74.9428 67.9634
42.0875 77.3143 76.8 74.9714 67.9429
42.1356 77.3402 76.8265 75.0571 67.8653
42.1837 77.309 76.9099 75.0855 67.8449
42.2318 77.3349 76.9362 75.1139 67.8246
42.2799 77.3038 76.9056 75.256 67.8043
42.328 77.3295 76.875 75.2273 67.7841
42.3761 77.2985 76.7877 75.2554 67.7072
42.4242 77.3243 76.7574 75.2268 67.6304
42.4723 77.3499 76.7837 75.3114 67.6104
42.5204 77.3756 76.7534 75.3959 67.6471
42.5685 77.4576 76.7797 75.4237 67.6271
42.6166 77.4831 76.693 75.4515 67.5508
42.6647 77.5085 76.6629 75.4228 67.531
42.7128 77.5338 76.6329 75.4505 67.5113
42.7609 77.5591 76.6029 75.4218 67.4916
42.809 77.6404 76.6854 75.5618 67.4157
42.8571 77.5533 76.6554 75.5892 67.4523
42.9052 77.4664 76.5695 75.5045 67.3767
42.9533 77.5476 76.7077 75.6439 67.4132
43.0014 77.5727 76.7338 75.7271 67.3937
43.0495 77.5978 76.8156 75.6425 67.3743
43.0976 77.6228 76.8415 75.6696 67.3549
43.1457 77.592 76.8116 75.641 67.2798
43.1938 77.6726 76.8931 75.7238 67.3719
43.2419 77.6974 76.9188 75.7508 67.4638
43.29 77.7778 77 75.7778 67.5
43.3381 77.8024 77.0255 75.8047 67.5361
43.3862 77.7716 76.9956 75.9424 67.4612
43.4343 77.7962 77.0764 76.0244 67.4972
43.4824 77.8761 77.1018 76.1062 67.4779
43.5305 77.9006 77.2376 76.2431 67.4586
43.5786 77.9249 77.3179 76.2693 67.3841
43.6267 77.9493 77.398 76.3506 67.3098
43.6748 77.9736 77.4229 76.4868 67.2357
43.7229 78.0528 77.5578 76.6227 67.1617
43.771 78.1319 77.6374 76.7033 67.0879
43.8191 78.2656 77.7717 76.7838 67.0143
43.8672 78.3443 77.8509 76.864 67.1053
43.9153 78.4228 77.8751 76.9441 67.0865
43.9634 78.4464 77.8993 76.9694 67.1225
44.0115 78.4153 77.9781 77.0492 67.0492
44.0596 78.4934 78.1114 77.1288 67.0852
44.1077 78.5169 78.1897 77.0992 67.121
44.1558 78.5948 78.2135 77.1786 67.2113
44.2039 78.7269 78.2372 77.2579 67.247
44.252 78.8043 78.2065 77.337 67.2283
44.3001 78.8817 78.2302 77.3616 67.2638
44.3482 78.9588 78.308 77.3319 67.3536
44.3963 78.9816 78.3315 77.3023 67.3889
44.4444 79.0584 78.2468 77.3268 67.3701
44.4925 79.1892 78.3243 77.4054 67.2973
44.5406 79.2657 78.4557 77.4298 67.2786
44.5887 79.3959 78.479 77.562 67.26
44.6368 79.4181 78.5022 77.6401 67.2953
44.6849 79.4403 78.5253 77.718 67.2766
44.733 79.5699 78.5484 77.8495 67.3118
44.7811 79.6992 78.6788 77.9807 67.4544
44.8292 79.721 78.7554 78.0579 67.4356
44.8773 79.7428 78.8853 78.1886 67.4169
44.9254 79.7645 78.8544 78.3191 67.3983
44.9735 79.7326 78.8235 78.4492 67.4332
45.0216 79.7543 78.7927 78.5256 67.4145
45.0697 79.7759 78.8154 78.5486 67.3426
45.1178 79.7441 78.8913 78.6247 67.2708
45.1659 79.819 78.8605 78.5942 67.3056
45.214 79.8404 78.8298 78.5638 67.3404
45.2621 79.8618 78.8523 78.6397 67.322
45.3102 79.8301 78.8747 78.6624 67.3036
45.3583 79.8515 78.9502 78.632 67.3383
45.4064 79.8199 79.0254 78.6547 67.4258
45.4545 79.7884 78.9947 78.6772 67.4074
45.5026 79.8626 79.0698 78.6469 67.389
45.5507 79.831 78.9863 78.6695 67.4234
45.5988 79.8523 79.0612 78.6392 67.4051
45.6469 79.8736 79.0306 78.6617 67.334
45.695 79.7895 79 78.6842 67.3158
45.7431 79.8107 79.0221 78.654 67.3502
45.7912 79.7794 79.0441 78.6765 67.3845
45.8393 79.8531 79.0136 78.6464 67.3662
45.8874 79.8742 79.0356 78.7212 67.4004
45.9355 79.7906 78.9529 78.7435 67.5393
45.9836 79.7594 78.9226 78.6611 67.5732
46.0317 79.7283 78.8924 78.6311 67.5549
46.0798 79.8017 78.8622 78.5491 67.5365
46.1279 79.8227 78.8321 78.5193 67.5182
46.176 79.7917 78.8021 78.4896 67.5
46.2241 79.8127 78.7721 78.4599 67.4298
46.2722 79.7297 78.7422 78.4304 67.4636
46.3203 79.6989 78.7124 78.4528 67.4974
46.3684 79.7199 78.6826 78.4232 67.4793
46.4165 79.6891 78.6528 78.342 67.513
46.4646 79.7101 78.6232 78.3126 67.4948
46.5127 79.6794 78.6453 78.3351 67.4767
46.5608 79.6488 78.6674 78.3574 67.4587
46.6089 79.5666 78.6378 78.3282 67.3891
46.657 79.4845 78.6082 78.3505 67.3711
46.7051 79.4542 78.6303 78.4243 67.3532
46.7532 79.4239 78.6523 78.4465 67.284
46.8013 79.445 78.6742 78.3659 67.2662
46.8494 79.4661 78.6448 78.3881 67.2998
46.8975 79.4359 78.6154 78.359 67.2821
46.9456 79.4057 78.5861 78.3299 67.2643
46.9937 79.4268 78.5568 78.3009 67.4002
47.0418 79.3456 78.5276 78.272 67.3824
47.0899 79.2646 78.4985 78.2431 67.4157
47.138 79.2857 78.4694 78.2143 67.3469
47.1861 79.2049 78.4913 78.2365 67.3293
47.2342 79.2261 78.4623 78.2587 67.3116
47.2823 79.1963 78.4334 78.2299 67.294
47.3304 79.2175 78.4553 78.1504 67.2764
47.3785 79.1878 78.4264 78.2234 67.2081
47.4266 79.1582 78.3976 78.144 67.2414
47.4747 79.1287 78.3688 78.2168 67.2239
47.5228 79.0992 78.3401 78.1883 67.2065
47.5709 79.0192 78.362 78.1598 67.2396
47.619 79.0404 78.4343 78.2323 67.1717
47.6671 79.0111 78.4561 78.2038 67.2553
47.7152 79.0827 78.4778 78.2258 67.2379
47.7633 79.0534 78.5498 78.1974 67.2709
47.8114 79.0744 78.5714 78.169 67.3038
47.8595 79.1457 78.6432 78.0905 67.3869
47.9076 79.1667 78.6145 78.0622 67.3695
47.9557 79.1374 78.6359 78.0843 67.3019
48.0038 79.1583 78.5571 78.1563 67.2846
48.0519 79.0791 78.5786 78.1782 67.2172
48.1 79.15 78.6 78.25 67.2
48.1481 79.2208 78.7213 78.3716 67.1828
48.1962 79.1916 78.6926 78.4431 67.1158
48.2443 79.1625 78.664 78.4646 67.0489
48.2924 79.1335 78.5857 78.4363 67.0817
48.3405 79.204 78.6567 78.408 67.0647
48.3886 79.2247 78.5785 78.3797 67.1968
48.4367 79.2453 78.6991 78.4508 67.279
48.4848 79.3155 78.7202 78.5218 67.2123
48.5329 79.336 78.7413 78.4936 67.2944
48.581 79.3564 78.7129 78.5149 67.2772
48.6291 79.3274 78.7339 78.5361 67.3591
48.6772 79.3478 78.7055 78.6067 67.3419
48.7253 79.3682 78.6772 78.7266 67.3741
48.7734 79.3393 78.6489 78.7475 67.4063
48.8215 79.3596 78.67 78.8177 67.3892
48.8696 79.3307 78.6909 78.8386 67.3228
48.9177 79.3019 78.7119 78.8594 67.2566
48.9658 79.224 78.6837 78.8802 67.2888
49.0139 79.2444 78.6555 78.9009 67.37
49.062 79.2157 78.6275 78.9216 67.402
49.1101 79.1871 78.5504 78.9422 67.4339
49.1582 79.1585 78.5714 78.9628 67.4168
49.2063 79.13 78.5435 78.9834 67.3998
49.2544 79.1504 78.4668 79.0039 67.3828
49.3025 79.122 78.439 79.0732 67.3659
49.3506 79.1423 78.46 79.0936 67.4464
49.3987 79.1139 78.481 79.1139 67.4294
49.4468 79.0856 78.5506 79.1829 67.5097
49.4949 79.1545 78.62 79.2517 67.4927
49.543 79.1262 78.5922 79.2718 67.4272
49.5911 79.1465 78.613 79.2919 67.3618
49.6392 79.1182 78.6337 79.312 67.345
49.6873 79.0416 78.606 79.332 67.3282
49.7354 79.0135 78.6267 79.4004 67.2631
49.7835 79.0338 78.6473 79.4203 67.3913
49.8316 79.0541 78.6197 79.4884 67.3263
49.8797 79.026 78.6403 79.5082 67.3095
49.9278 78.9981 78.6127 79.5761 67.2447
49.9759 78.922 78.5852 79.5476 67.2762
50.0241 78.9904 78.6538 79.5673 67.3558
50.0722 79.0106 78.6263 79.635 67.2911
50.1203 79.0307 78.6468 79.6545 67.2265
50.1684 79.0988 78.7152 79.722 67.21
50.2165 79.1188 78.6877 79.6935 67.1456
50.2646 79.1388 78.7081 79.7129 67.2249
50.3127 79.1109 78.7285 79.6845 67.2562
50.3608 79.0353 78.7011 79.6562 67.2875
50.4089 79.1031 78.6737 79.6756 67.3187
50.457 79.0753 78.694 79.5996 67.2545
50.5051 79.0476 78.7143 79.619 67.2381
50.5532 79.0676 78.6394 79.5433 67.2693
50.6013 79.0875 78.6122 79.5627 67.2053
50.6494 79.0123 78.6325 79.5821 67.284
50.6975 79.0323 78.5579 79.5541 67.315
50.7456 79.0521 78.5308 79.4787 67.2986
50.7937 79.0246 78.5038 79.4508 67.2822
50.8418 79.0445 78.4295 79.4229 67.3132
50.8899 79.017 78.4026 79.4896 67.2495
50.938 78.9424 78.3758 79.509 67.186
50.9861 78.9623 78.3019 79.5283 67.1698
51.0342 78.9821 78.2281 79.5005 67.1536
51.0823 78.9077 78.2015 79.4727 67.1846
51.1304 78.8805 78.175 79.492 67.1684
51.1785 78.9474 78.2425 79.5113 67.1523
51.2266 78.8732 78.169 79.4366 67.1362
51.2747 78.7992 78.1426 79.4559 67.0732
51.3228 78.7254 78.1631 79.522 67.0103
51.3709 78.7453 78.1835 79.5412 66.9944
51.419 78.6717 78.1572 79.5136 67.0253
51.4671 78.5981 78.1776 79.486 67.0093
51.5152 78.5247 78.1979 79.4585 66.9935
51.5633 78.4981 78.1716 79.431 66.9776
51.6114 78.5182 78.192 79.4035 66.9618
51.6595 78.4916 78.2588 79.4693 66.946
51.7076 78.4651 78.2326 79.4419 66.9767
51.7557 78.4851 78.2528 79.4145 66.9145
51.8038 78.5051 78.273 79.4336 66.8988
51.8519 78.4787 78.2468 79.4991 66.9295
51.9 78.4986 78.2206 79.4717 66.8675
51.9481 78.5185 78.1944 79.4444 66.8519
51.9962 78.5384 78.1684 79.4635 66.8363
52.0443 78.512 78.0961 79.4824 66.8669
52.0924 78.578 78.1163 79.5014 66.8513
52.1405 78.5517 78.1365 79.428 66.7897
52.1886 78.6175 78.1106 79.3548 66.7742
52.2367 78.5451 78.1308 79.3278 66.8048
52.2848 78.5649 78.1509 79.3928 66.8353
52.3329 78.5386 78.079 79.4118 66.8199
52.381 78.4665 78.0533 79.4307 66.7585
52.4291 78.3945 78.0275 79.4954 66.7431
52.4772 78.3685 78.0018 79.56 66.6819
52.5253 78.3425 77.9762 79.533 66.6209
52.5734 78.3166 77.9963 79.5059 66.6057
52.6215 78.2907 77.925 79.479 66.6819
52.6696 78.2648 77.9452 79.5434 66.6667
52.7177 78.2391 77.9197 79.4708 66.6971
52.7658 78.2589 77.9398 79.5351 66.6363
52.8139 78.2787 77.9599 79.5537 66.6211
52.862 78.2985 77.9345 79.4813 66.606
52.9101 78.2727 77.9545 79.5 66.6364
52.9582 78.247 77.9292 79.5186 66.7121
53.0063 78.2668 77.9492 79.4465 66.7423
53.0544 78.2412 78.0145 79.4651 66.7271
53.1025 78.1703 78.0344 79.4384 66.712
53.1506 78.19 78.0995 79.4118 66.7873
53.1987 78.2098 78.1193 79.34 66.8174
53.2468 78.2294 78.1391 79.449 66.8473
53.2949 78.2491 78.1588 79.4224 66.787
53.343 78.2687 78.1335 79.3959 66.862
53.3911 78.2883 78.1081 79.3243 66.8468
53.4392 78.2628 78.0828 79.3879 66.8317
53.4873 78.1924 78.1025 79.4514 66.7716
53.5354 78.1671 78.0773 79.4699 66.7565
53.5835 78.2316 78.1418 79.4883 66.6966
53.6316 78.2511 78.1166 79.5067 66.6368
53.6797 78.3154 78.181 79.5699 66.5771
53.7278 78.3348 78.2005 79.5434 66.5622
53.7759 78.3095 78.1306 79.5617 66.5474
53.824 78.3289 78.1501 79.58 66.5326
53.8721 78.2589 78.1696 79.5536 66.4732
53.9202 78.2337 78.1891 79.5272 66.4585
53.9683 78.2531 78.2531 79.5009 66.4439
54.0164 78.317 78.228 79.6082 66.4292
54.0645 78.3808 78.2918 79.6263 66.4146
54.1126 78.3111 78.2667 79.5556 66.4889
54.1607 78.3748 78.2416 79.6181 66.5187
54.2088 78.3496 78.2165 79.5918 66.5484
54.2569 78.2801 78.1915 79.5213 66.5337
54.305 78.2108 78.1665 79.4508 66.5633
54.3531 78.1858 78.1416 79.4248 66.5487
54.4012 78.1609 78.1609 79.443 66.534
54.4493 78.2244 78.2244 79.417 66.5194
54.4974 78.2877 78.2877 79.391 66.5049
54.5455 78.351 78.351 79.4092 66.5344
54.5936 78.37 78.326 79.3392 66.5198
54.6417 78.3891 78.257 79.3134 66.5493
54.6898 78.3201 78.2322 79.3316 66.6227
54.7379 78.2513 78.1634 79.3937 66.6081
54.786 78.1826 78.0948 79.324 66.5935
54.8341 78.114 78.114 79.3421 66.5351
54.8822 78.0894 78.0894 79.2726 66.5644
54.9303 78.0648 78.0648 79.2032 66.5499
54.9784 78.0402 77.9965 79.1339 66.5792
55.0265 78.0157 77.972 79.1084 66.521
55.0746 77.9913 77.9476 79.083 66.5066
55.1227 77.9668 77.9668 79.1012 66.5358
55.1708 77.9425 77.9425 79.0323 66.565
55.2189 77.9181 77.8746 79.007 66.5505
55.267 77.8938 77.8503 78.9817 66.5361
55.3151 77.8261 77.7826 78.913 66.5652
55.3632 77.8019 77.8019 78.8879 66.5943
55.4113 77.8212 77.8212 78.9497 66.5365
55.4594 77.8838 77.8838 78.9679 66.4788
55.5075 77.9029 77.9029 78.9428 66.5945
55.5556 77.9221 77.9221 78.8745 66.6667
55.6037 77.9412 77.9412 78.8062 66.6522
55.6518 78.0035 78.0035 78.8245 66.6811
55.6999 78.0225 78.0225 78.7997 66.6667
55.748 78.0414 78.0414 78.7748 66.6091
55.7961 78.0603 78.0603 78.7931 66.5517
55.8442 78.1223 78.1223 78.8114 66.5805
55.8923 78.1411 78.1411 78.8296 66.5232
55.9404 78.2029 78.2029 78.8478 66.509
55.9885 78.3076 78.3076 78.866 66.4948
56.0366 78.3262 78.3262 78.8841 66.4807
56.0847 78.3448 78.3448 78.8165 66.5094
56.1328 78.449 78.449 78.8346 66.4953
56.1809 78.5103 78.5103 78.8099 66.4384
56.229 78.5287 78.5287 78.7853 66.3815
56.2771 78.547 78.547 78.7607 66.3675
56.3252 78.5653 78.5653 78.7788 66.3108
56.3733 78.6263 78.6263 78.8396 66.3396
56.4214 78.6445 78.6445 78.7724 66.3683
56.4695 78.6627 78.6627 78.7053 66.3543
56.5176 78.7234 78.7234 78.6809 66.383
56.5657 78.7415 78.7415 78.6139 66.3265
56.6138 78.802 78.802 78.7171 66.3127
56.6619 78.82 78.82 78.6927 66.2988
56.71 78.8804 78.8804 78.7108 66.3698
56.7581 78.8983 78.8983 78.6864 66.3136
56.8062 78.9585 78.9585 78.6198 66.3421
56.8543 78.9763 78.9763 78.5956 66.3283
56.9024 78.9941 78.9941 78.656 66.2722
56.9505 79.0118 79.0118 78.6318 66.3007
56.9986 79.0295 79.0295 78.6076 66.3291
57.0467 79.0894 79.0894 78.6256 66.3153
57.0948 79.107 79.107 78.6436 66.2595
57.1429 79.1246 79.1246 78.6616 66.2458
57.191 79.1421 79.1421 78.6375 66.2321
57.2391 79.2017 79.2017 78.6134 66.2605
57.2872 79.2191 79.2191 78.5894 66.2469
57.3353 79.2366 79.2366 78.5654 66.2332
57.3834 79.2959 79.2959 78.4996 66.2196
57.4315 79.3132 79.3132 78.4757 66.206
57.4796 79.3724 79.3724 78.4937 66.2343
57.5277 79.3896 79.3896 78.4699 66.2207
57.5758 79.4069 79.4069 78.4879 66.249
57.6239 79.424 79.424 78.4641 66.2354
57.672 79.4412 79.4412 78.4821 66.1802
57.7201 79.4583 79.4583 78.4167 66.1667
57.7682 79.4754 79.4754 78.4763 66.1116
57.8163 79.4925 79.4925 78.4526 66.0982
57.8644 79.5511 79.5511 78.4705 66.1264
57.9125 79.6096 79.6096 78.5299 66.113
57.9606 79.668 79.668 78.5477 66.0996
58.0087 79.7264 79.7264 78.5655 66.1277
58.0568 79.7846 79.7846 78.6247 66.1558
58.1049 79.8427 79.8427 78.601 66.2252
58.153 79.8594 79.8594 78.536 66.2531
58.2011 79.876 79.876 78.5124 66.2397
58.2492 79.9339 79.9339 78.5301 66.2263
58.2973 79.9505 79.9505 78.5066 66.2129
58.3454 79.967 79.967 78.4831 66.2819
58.3935 79.9835 79.9835 78.4596 66.2273
58.4416 80.0412 80.0412 78.4362 66.2551
58.4897 80.1398 80.1398 78.4951 66.2418
58.5378 80.1972 80.1972 78.5538 66.2284
58.5859 80.2956 80.2956 78.6125 66.2972
58.634 80.3117 80.3117 78.548 66.2428
58.6821 80.3689 80.3689 78.5246 66.3115
58.7302 80.3849 80.3849 78.4603 66.2981
58.7783 80.4828 80.4828 78.5597 66.3257
58.8264 80.5397 80.5397 78.5364 66.3532
58.8745 80.5964 80.5964 78.5131 66.3399
58.9226 80.6122 80.6122 78.4898 66.3265
58.9707 80.6688 80.6688 78.5073 66.3132
59.0188 80.7253 80.7253 78.5249 66.2999
59.0669 80.741 80.741 78.5423 66.2866
59.115 80.7974 80.7974 78.5191 66.2734
59.1631 80.8537 80.8537 78.5772 66.2602
59.2112 80.8692 80.8692 78.554 66.2876
59.2593 80.9253 80.9253 78.5308 66.2744
59.3074 80.9813 80.9813 78.5483 66.3423
59.3555 80.9968 80.9968 78.5656 66.329
59.4036 81.0526 81.0526 78.502 66.3968
59.4517 81.068 81.068 78.4385 66.4239
59.4998 81.1237 81.1237 78.4559 66.4511
59.5479 81.2197 81.2197 78.5541 66.5186
59.596 81.2752 81.2752 78.5714 66.6263
59.6441 81.3306 81.3306 78.629 66.7339
59.6922 81.3457 81.3457 78.5657 66.8413
59.7403 81.401 81.401 78.5427 66.9082
59.7884 81.4562 81.4562 78.5599 66.9348
59.8365 81.5113 81.5113 78.5772 67.0016
59.8846 81.5261 81.5261 78.5944 67.0683
59.9327 81.5409 81.5409 78.6517 67.1348
59.9808 81.5958 81.5958 78.6688 67.2013
60.0289 81.6907 81.6907 78.726 67.2676
60.077 81.7454 81.7454 78.703 67.3339
60.1251 81.76 81.76 78.64 67.4
60.1732 81.7746 81.7746 78.6571 67.466
60.2213 81.8291 81.8291 78.6342 67.5319
60.2694 81.8436 81.8436 78.6512 67.6377
60.3175 81.8581 81.8581 78.5885 67.7033
60.3656 81.8725 81.8725 78.6056 67.7291
60.4137 81.9268 81.9268 78.6226 67.7946
60.4618 81.9809 81.9809 78.5998 67.86
60.5099 82.035 82.035 78.5771 67.9253
60.558 82.089 82.089 78.5544 67.9508
60.6061 82.1032 82.1032 78.5317 68.0159
60.6542 82.1174 82.1174 78.4695 68.0412
60.7023 82.1712 82.1712 78.4469 68.0666
60.7504 82.2249 82.2249 78.4244 68.1314
60.7985 82.2389 82.2389 78.3623 68.1566
60.8466 82.253 82.253 78.3004 68.2213
60.8947 82.3065 82.3065 78.278 68.3254
60.9428 82.3599 82.3599 78.2557 68.3899
60.9909 82.4132 82.4132 78.3517 68.4543
61.039 82.4665 82.4665 78.3294 68.5185
61.0871 82.5197 82.5197 78.3465 68.5827
61.1352 82.5728 82.5728 78.3242 68.6074
61.1833 82.6258 82.6258 78.3019 68.6321
61.2314 82.718 82.718 78.3189 68.696
61.2795 82.7708 82.7708 78.2967 68.7991
61.3276 82.7843 82.7843 78.2353 68.8627
61.3757 82.7978 82.7978 78.2132 68.8871
61.4238 82.8113 82.8113 78.1911 68.9898
61.4719 82.8638 82.8638 78.2473 69.0532
61.52 82.8772 82.8772 78.2252 69.1165
61.5681 82.8906 82.8906 78.2031 69.1797
61.6162 82.904 82.904 78.1421 69.2428
61.6643 82.9173 82.9173 78.1201 69.3448
61.7124 82.9696 82.9696 78.1372 69.4466
61.7605 82.9829 82.9829 78.0763 69.5093
61.8086 83.035 83.035 78.0545 69.6109
61.8567 83.0482 83.0482 78.0327 69.6734
61.9048 83.1391 83.1391 78.0886 69.697
61.9529 83.1522 83.1522 78.0668 69.7981
62.001 83.1652 83.1652 78.0838 69.8991
62.0491 83.1783 83.1783 78.1008 69.9612
62.0972 83.2301 83.2301 78.079 70.062
62.1453 83.2817 83.2817 78.0573 70.1238
62.1934 83.2947 83.2947 78.0742 70.1469
62.2415 83.3076 83.3076 78.0139 70.2473
62.2896 83.3591 83.3591 78.0695 70.3089
62.3377 83.4491 83.4491 78.125 70.409
62.3858 83.4618 83.4618 78.1033 70.4703
62.4339 83.5131 83.5131 78.1202 70.4931
62.482 83.5643 83.5643 78.137 70.5928
62.5301 83.5769 83.5769 78.0769 70.6923
62.5782 83.628 83.628 78.0553 70.7917
62.6263 83.7174 83.7174 78.1106 70.8909
62.6744 83.7299 83.7299 78.1274 70.9133
62.7225 83.7807 83.7807 78.1442 70.9739
62.7706 83.8314 83.8314 78.1992 71.0345
62.8187 83.8821 83.8821 78.2159 71.1332
62.8668 83.8944 83.8944 78.2326 71.1553
62.9149 83.9067 83.9067 78.211 71.2156
62.963 83.9572 83.9572 78.2277 71.2758
63.0111 83.9695 83.9695 78.1679 71.3359
63.0592 83.9817 83.9817 78.1083 71.3959
63.1073 83.9939 83.9939 78.0869 71.4558
63.1554 84.0442 84.0442 78.0655 71.5537
63.2035 84.0563 84.0563 78.0822 71.6514
63.2516 84.1065 84.1065 78.0608 71.711
63.2997 84.1945 84.1945 78.0775 71.7705
63.3478 84.2065 84.2065 78.0562 71.792
63.3959 84.2185 84.2185 77.997 71.8892
63.444 84.2305 84.2305 78.0136 71.9484
63.4921 84.2803 84.2803 78.0682 71.9697
63.5402 84.3301 84.3301 78.0469 72.0288
63.5883 84.3797 84.3797 78.0635 72.0499
63.6364 84.3915 84.3915 78.0801 72.1088
63.6845 84.4411 84.4411 78.0967 72.1677
63.7326 84.4528 84.4528 78.0755 72.1887
63.7807 84.54 84.54 78.092 72.2474
63.8288 84.5516 84.5516 78.0332 72.2683
63.8769 84.5633 84.5633 77.9744 72.3268
63.925 84.5749 84.5749 78.0662 72.3476
63.9731 84.5865 84.5865 78.0451 72.406
64.0212 84.598 84.598 78.024 72.5019
64.0693 84.6847 84.6847 78.0405 72.5601
64.1174 84.7712 84.7712 78.057 72.6182
64.1655 84.8201 84.8201 78.1109 72.6762
64.2136 84.8315 84.8315 78.0899 72.7341
64.2617 84.8802 84.8802 78.0689 72.7919
64.3098 84.8915 84.8915 78.0105 72.8871
64.3579 84.9028 84.9028 77.9522 72.9821
64.406 84.9141 84.9141 78.006 73.0022
64.4541 84.9627 84.9627 78.0224 73.0597
64.5022 84.9739 84.9739 78.0388 73.0798
64.5503 84.9851 84.9851 78.0179 73.1744
64.5984 84.9963 84.9963 77.9598 73.2688
64.6465 85.0074 85.0074 77.939 73.2887
64.6946 85.0186 85.0186 77.881 73.3457
64.7427 85.0297 85.0297 77.8975 73.3655
64.7908 85.0408 85.0408 77.8768 73.4224
64.8389 85.0519 85.0519 77.8932 73.4792
64.887 85.063 85.063 77.9466 73.536
64.9351 85.1111 85.1111 78 73.5556
64.9832 85.1591 85.1591 78.0163 73.6121
65.0313 85.2071 85.2071 78.0695 73.7056
65.0794 85.218 85.218 78.1227 73.762
65.1275 85.229 85.229 78.1388 73.8552
65.1756 85.2768 85.2768 78.1919 73.9114
65.2237 85.2876 85.2876 78.2448 73.9307
65.2718 85.3353 85.3353 78.3346 73.9867
65.3199 85.3829 85.3829 78.3873 74.0059
65.368 85.4305 85.4305 78.44 74.0618
65.4161 85.4779 85.4779 78.4926 74.1544
65.4642 85.4886 85.4886 78.5084 74.2101
65.5123 85.536 85.536 78.5242 74.3025
65.5604 85.62 85.62 78.5767 74.3947
65.6085 85.7038 85.7038 78.629 74.4501
65.6566 85.7143 85.7143 78.6447 74.5055
65.7047 85.7247 85.7247 78.6603 74.5608
65.7528 85.7352 85.7352 78.7125 74.6159
65.8009 85.7456 85.7456 78.7646 74.6711
65.849 85.7925 85.7925 78.8167 74.7626
65.8971 85.8759 85.8759 78.8686 74.854
65.9452 85.8862 85.8862 78.884 74.9453
65.9933 85.9329 85.9329 78.9723 75
66.0414 85.9796 85.9796 79.0605 75.0182
66.0895 86.0262 86.0262 79.1485 75.0728
66.1376 86.0727 86.0727 79.2 75.1636
66.1857 86.1555 86.1555 79.2515 75.2544
66.2338 86.1656 86.1656 79.3028 75.2723
66.2819 86.1756 86.1756 79.3179 75.3628
66.33 86.1856 86.1856 79.3691 75.3807
66.3781 86.2319 86.2319 79.4203 75.4348
66.4262 86.2419 86.2419 79.4714 75.4888
66.4743 86.2518 86.2518 79.5586 75.5065
66.5224 86.2979 86.2979 79.6095 75.5965
66.5705 86.3439 86.3439 79.6604 75.6503
66.6186 86.3899 86.3899 79.7473 75.6679
66.6667 86.4358 86.4358 79.7619 75.7215
66.7148 86.4456 86.4456 79.7765 75.739
66.7629 86.4914 86.4914 79.8271 75.8285
66.811 86.5011 86.5011 79.8776 75.8819
66.8591 86.5468 86.5468 79.964 75.9353
66.9072 86.5924 86.5924 80.0503 75.9885
66.9553 86.6379 86.6379 80.1006 76.0417
67.0034 86.6475 86.6475 80.1508 76.0948
67.0515 86.6571 86.6571 80.165 76.1478
67.0996 86.7025 86.7025 80.2151 76.2007
67.1477 86.712 86.712 80.2292 76.2178
67.1958 86.7573 86.7573 80.2434 76.2706
67.2439 86.8383 86.8383 80.2933 76.3591
67.292 86.8477 86.8477 80.3431 76.4117
67.3401 86.8929 86.8929 80.3571 76.4286
67.3882 86.9022 86.9022 80.4069 76.4097
67.4363 86.9116 86.9116 80.4565 76.4265
67.4844 86.9565 86.9565 80.5417 76.4433
67.5325 87.0014 87.0014 80.5912 76.4957
67.5806 87.0107 87.0107 80.605 76.548
67.6287 87.0555 87.0555 80.6188 76.6003
67.6768 87.1002 87.1002 80.6681 76.6169
67.7249 87.1094 87.1094 80.6818 76.6335
67.773 87.1185 87.1185 80.6955 76.7211
67.8211 87.1277 87.1277 80.7447 76.7376
67.8692 87.2077 87.2077 80.8292 76.7541
67.9173 87.2521 87.2521 80.8428 76.7705
67.9654 87.2965 87.2965 80.9271 76.7516
68.0135 87.3055 87.3055 80.9406 76.768
68.0616 87.3498 87.3498 80.9541 76.7845
68.1097 87.3941 87.3941 80.9675 76.8008
68.1578 87.4382 87.4382 81.0162 76.8172
68.2059 87.4824 87.4824 81.0649 76.8336
68.254 87.4912 87.4912 81.0782 76.8499
68.3021 87.5 87.5 81.0915 76.9014
68.3502 87.5088 87.5088 81.1049 76.9529
68.3983 87.5527 87.5527 81.1181 77.0042
68.4464 87.5615 87.5615 81.1314 77.0204
68.4945 87.5702 87.5702 81.1447 77.0716
68.5426 87.5789 87.5789 81.1579 77.1228
68.5907 87.6227 87.6227 81.2062 77.1388
68.6388 87.6314 87.6314 81.2193 77.1549
68.6869 87.6401 87.6401 81.2325 77.1709
68.735 87.6837 87.6837 81.2806 77.2218
68.7831 87.7273 87.7273 81.3287 77.2378
68.8312 87.7708 87.7708 81.4116 77.2886
68.8793 87.7793 87.7793 81.4944 77.2346
68.9274 87.8227 87.8227 81.5422 77.2854
68.9755 87.8312 87.8312 81.5551 77.371
69.0236 87.8397 87.8397 81.5679 77.3868
69.0717 87.8482 87.8482 81.6156 77.4025
69.1198 87.8914 87.8914 81.698 77.3834
69.1679 87.8999 87.8999 81.7455 77.3644
69.216 87.943 87.943 81.8277 77.3106
69.2641 87.9861 87.9861 81.8403 77.3264
69.3122 87.9944 87.9944 81.8876 77.3074
69.3603 88.0028 88.0028 81.9001 77.3578
69.4084 88.0457 88.0457 81.9127 77.4082
69.4565 88.0886 88.0886 81.9598 77.3892
69.5046 88.0969 88.0969 81.9723 77.4394
69.5527 88.1743 88.1743 82.0539 77.455
69.6008 88.1824 88.1824 82.1009 77.4361
69.6489 88.1906 88.1906 82.1133 77.4517
69.697 88.1988 88.1988 82.1256 77.4672
69.7451 88.2414 88.2414 82.1379 77.4828
69.7932 88.3184 88.3184 82.2192 77.4983
69.8413 88.3264 88.3264 82.2314 77.5138
69.8894 88.3345 88.3345 82.2436 77.5292
69.9375 88.4113 88.4113 82.2558 77.5447
69.9856 88.4536 88.4536 82.3024 77.5601
70.0337 88.4615 88.4615 82.3146 77.5755
70.0818 88.5038 88.5038 82.361 77.5909
70.1299 88.546 88.546 82.4417 77.572
70.178 88.5881 88.5881 82.488 77.6217
70.2261 88.6644 88.6644 82.5685 77.637
70.2742 88.7064 88.7064 82.6146 77.6523
70.3223 88.7483 88.7483 82.6607 77.6676
70.3704 88.8243 88.8243 82.7409 77.6487
70.4185 88.9003 88.9003 82.7869 77.6298
70.4666 88.942 88.942 82.8328 77.6792
70.5147 88.9836 88.9836 82.8786 77.6944
70.5628 89.0252 89.0252 82.9243 77.7437
70.6109 89.0668 89.0668 82.97 77.827
70.659 89.1082 89.1082 83.0157 77.8421
70.7071 89.1497 89.1497 83.0612 77.9252
70.7552 89.225 89.225 83.1407 78.0082
70.8033 89.2323 89.2323 83.1522 78.0231
70.8514 89.2736 89.2736 83.1976 78.0041
70.8995 89.3148 89.3148 83.2768 77.9512
70.9476 89.3559 89.3559 83.322 78
70.9957 89.397 89.397 83.3672 78.0149
71.0438 89.4381 89.4381 83.4123 78.0298
71.0919 89.479 89.479 83.4912 77.977
71.14 89.4861 89.4861 83.5024 77.9919
71.1881 89.5608 89.5608 83.5135 78.0068
71.2362 89.5679 89.5679 83.5246 78.0891
71.2843 89.5749 89.5749 83.5358 78.1039
71.3324 89.5819 89.5819 83.5469 78.1187
71.3805 89.6226 89.6226 83.5916 78.0997
71.4286 89.6633 89.6633 83.6027 78.1145
71.4767 89.7039 89.7039 83.6474 78.0956
71.5248 89.7108 89.7108 83.6584 78.1439
71.5729 89.7513 89.7513 83.7366 78.1586
71.621 89.7582 89.7582 83.7811 78.1733
71.6691 89.7987 89.7987 83.8255 78.2215
71.7172 89.8726 89.8726 83.9034 78.2696
71.7653 89.8794 89.8794 83.9477 78.3177
71.8134 89.8861 89.8861 83.9585 78.3657
71.8615 89.9264 89.9264 84.0027 78.3467
71.9096 89.9666 89.9666 84.0468 78.3946
71.9577 89.9733 89.9733 84.0575 78.4091
72.0058 89.98 89.98 84.1015 78.4235
72.0539 90.0534 90.0534 84.1789 78.4379
72.102 90.0934 90.0934 84.1895 78.4523
72.1501 90.1333 90.1333 84.2667 78.4333
72.1982 90.1399 90.1399 84.2771 78.481
72.2463 90.1465 90.1465 84.2876 78.4953
72.2944 90.1863 90.1863 84.3646 78.4764
72.3425 90.1928 90.1928 84.375 78.4907
72.3906 90.2326 90.2326 84.4186 78.505
72.4387 90.2722 90.2722 84.4622 78.4861
72.4868 90.3119 90.3119 84.5056 78.5335
72.5349 90.3846 90.3846 84.5822 78.5477
72.583 90.391 90.391 84.5924 78.562
72.6311 90.3974 90.3974 84.6026 78.5762
72.6792 90.4368 90.4368 84.6459 78.5903
72.7273 90.4431 90.4431 84.6561 78.6376
72.7754 90.4494 90.4494 84.6993 78.6517
72.8235 90.4557 90.4557 84.7094 78.6658
72.8716 90.495 90.495 84.7525 78.7129
72.9197 90.5013 90.5013 84.7625 78.7599
72.9678 90.5076 90.5076 84.7726 78.8398
73.0159 90.5138 90.5138 84.8155 78.8208
73.064 90.553 90.553 84.8585 78.8677
73.1121 90.5921 90.5921 84.9013 78.9145
73.1602 90.5983 90.5983 84.9112 78.9283
73.2083 90.6373 90.6373 84.9212 78.9422
73.2564 90.6763 90.6763 84.9639 78.9232
73.3045 90.6824 90.6824 85.0066 78.937
73.3526 90.7213 90.7213 85.0492 78.9508
73.4007 90.7602 90.7602 85.059 78.9646
73.4488 90.799 90.799 85.1015 79.0111
73.4969 90.8377 90.8377 85.144 79.0249
73.545 90.8764 90.8764 85.1864 79.0059
73.5931 90.8824 90.8824 85.1961 79.085
73.6412 90.8883 90.8883 85.2384 79.066
73.6893 90.8943 90.8943 85.248 79.0796
73.7374 90.9002 90.9002 85.2577 79.0933
73.7855 90.9061 90.9061 85.2999 79.0743
73.8336 90.9446 90.9446 85.342 79.0554
73.8817 90.9505 90.9505 85.3841 79.0365
73.9298 90.9889 90.9889 85.4587 79.0501
73.9779 90.9948 90.9948 85.5007 79.0962
74.026 91.0331 91.0331 85.5426 79.1098
74.0741 91.039 91.039 85.5844 79.0909
74.1222 91.0448 91.0448 85.6262 79.072
74.1703 91.0506 91.0506 85.6355 79.0856
74.2184 91.0888 91.0888 85.6773 79.0992
74.2665 91.0946 91.0946 85.7189 79.1127
74.3146 91.1003 91.1003 85.7605 79.1262
74.3627 91.1061 91.1061 85.8021 79.1397
74.4108 91.1118 91.1118 85.7789 79.1532
74.4589 91.1499 91.1499 85.7881 79.1667
74.507 91.1556 91.1556 85.765 79.1801
74.5551 91.1935 91.1935 85.7419 79.2258
74.6032 91.1992 91.1992 85.7511 79.2392
74.6513 91.2371 91.2371 85.7603 79.2526
74.6994 91.2428 91.2428 85.7695 79.2015
74.7475 91.2484 91.2484 85.7465 79.2149
74.7956 91.2862 91.2862 85.7556 79.1961
74.8437 91.2918 91.2918 85.7969 79.1774
74.8918 91.2974 91.2974 85.806 79.1908
74.9399 91.303 91.303 85.8151 79.2041
74.988 91.3085 91.3085 85.8563 79.2174
75.0361 91.3462 91.3462 85.8974 79.1987
75.0842 91.3517 91.3517 85.9065 79.18
75.1323 91.3572 91.3572 85.8835 79.1613
75.1804 91.3628 91.3628 85.8925 79.1427
75.2285 91.4003 91.4003 85.9015 79.124
75.2766 91.4377 91.4377 85.9105 79.1054
75.3247 91.4432 91.4432 85.9515 79.0868
75.3728 91.4486 91.4486 85.9604 79.0364
75.4209 91.486 91.486 85.9694 79.1135
75.469 91.4914 91.4914 85.9783 79.1268
75.5171 91.4968 91.4968 85.9873 79.1401
75.5652 91.5022 91.5022 85.9644 79.1852
75.6133 91.5394 91.5394 85.9733 79.1667
75.6614 91.5448 91.5448 85.9504 79.2117
75.7095 91.5502 91.5502 85.9276 79.2884
75.7576 91.5556 91.5556 85.873 79.3016
75.8057 91.5609 91.5609 85.8503 79.283
75.8538 91.5663 91.5663 85.8592 79.2644
75.9019 91.5716 91.5716 85.8048 79.3093
75.95 91.5769 91.5769 85.7821 79.3224
75.9981 91.5823 91.5823 85.7595 79.3671
76.0462 91.5876 91.5876 85.7369 79.3485
76.0943 91.6245 91.6245 85.7143 79.3616
76.1424 91.6614 91.6614 85.7549 79.4062
76.1905 91.6982 91.6982 85.7639 79.4192
76.2386 91.7035 91.7035 85.8044 79.3691
76.2867 91.7087 91.7087 85.8134 79.3506
76.3348 91.7139 91.7139 85.7593 79.3636
76.3829 91.7191 91.7191 85.7683 79.4081
76.431 91.7244 91.7244 85.8087 79.3896
76.4791 91.7296 91.7296 85.8176 79.4025
76.5272 91.7348 91.7348 85.8265 79.4155
76.5753 91.7399 91.7399 85.8668 79.4598
76.6234 91.7765 91.7765 85.8757 79.4727
76.6715 91.7817 91.7817 85.8532 79.4856
76.7196 91.8182 91.8182 85.8621 79.5298
76.7677 91.8233 91.8233 85.8709 79.5426
76.8158 91.8597 91.8597 85.9111 79.5554
76.8639 91.8961 91.8961 85.9199 79.5369
76.912 91.9325 91.9325 85.96 79.6123
76.9601 92 92 85.9688 79.625
77.0082 92.0362 92.0362 85.9775 79.6065
77.0563 92.0412 92.0412 85.9863 79.588
77.1044 92.0774 92.0774 86.0262 79.5696
77.1525 92.1135 92.1135 86.0037 79.5823
77.2006 92.1184 92.1184 85.9813 79.595
77.2487 92.1544 92.1544 85.9589 79.67
77.2968 92.1904 92.1904 85.9676 79.7138
77.3449 92.1953 92.1953 85.9453 79.7264
77.393 92.2001 92.2001 85.9229 79.739
77.4411 92.236 92.236 85.9317 79.7205
77.4892 92.2408 92.2408 85.9404 79.7331
77.5373 92.2457 92.2457 85.9801 79.7146
77.5854 92.2505 92.2505 85.9888 79.7272
77.6335 92.2553 92.2553 85.9665 79.7398
77.6816 92.291 92.291 86.0062 79.7833
77.7297 92.2958 92.2958 86.0458 79.7649
77.7778 92.3006 92.3006 86.0853 79.8392
77.8259 92.3053 92.3053 86.0939 79.8208
77.874 92.341 92.341 86.1025 79.8641
77.9221 92.3457 92.3457 86.0802 79.8457
77.9702 92.3504 92.3504 86.0888 79.8581
78.0183 92.3859 92.3859 86.0974 79.8705
78.0664 92.4214 92.4214 86.106 79.9137
78.1145 92.4569 92.4569 86.0837 79.9261
78.1626 92.4615 92.4615 86.0615 79.9385
78.2107 92.4662 92.4662 86.0701 79.92
78.2588 92.5015 92.5015 86.0787 79.9631
78.3069 92.5061 92.5061 86.0258 79.9754
78.355 92.5414 92.5414 86.0037 79.957
78.4031 92.546 92.546 85.9816 80
78.4512 92.5506 92.5506 85.9595 79.9816
78.4993 92.6164 92.6164 85.9681 79.9939
78.5474 92.6516 92.6516 86.0073 80.0061
78.5955 92.6561 92.6561 86.0159 79.9572
78.6436 92.6606 92.6606 85.9939 79.9694
78.6917 92.6956 92.6956 86.0024 79.9817
78.7398 92.7001 92.7001 85.9499 79.9939
78.7879 92.7045 92.7045 85.8974 80.0366
78.836 92.709 92.709 85.8755 80.1098
78.8841 92.7439 92.7439 85.8841 80.0915
78.9322 92.7483 92.7483 85.8623 80.1341
78.9803 92.7527 92.7527 85.8709 80.2071
79.0284 92.7572 92.7572 85.8491 80.2495
79.0765 92.7616 92.7616 85.8273 80.3224
79.1246 92.7964 92.7964 85.8359 80.3951
79.1727 92.8007 92.8007 85.8141 80.4678
79.2208 92.8051 92.8051 85.8227 80.5404
79.2689 92.8095 92.8095 85.7706 80.6129
79.317 92.8441 92.8441 85.7793 80.6549
79.3651 92.8485 92.8485 85.7576 80.697
79.4132 92.8831 92.8831 85.7965 80.7692
79.4613 92.9479 92.9479 85.8051 80.8414
79.5094 92.9522 92.9522 85.7834 80.8832
79.5575 92.9867 92.9867 85.792 80.925
79.6056 93.0211 93.0211 85.8006 80.997
79.6537 93.0254 93.0254 85.779 81.0688
79.7018 93.0597 93.0597 85.7574 81.1406
79.7499 93.0639 93.0639 85.7057 81.2123
79.798 93.0681 93.0681 85.7444 81.2839
79.8461 93.1024 93.1024 85.7229 81.3554
79.8942 93.1367 93.1367 85.7014 81.3967
79.9423 93.1709 93.1709 85.71 81.438
79.9904 93.175 93.175 85.7486 81.5093
80.0385 93.2091 93.2091 85.7272 81.5805
80.0866 93.2132 93.2132 85.7357 81.6216
80.1347 93.2473 93.2473 85.7143 81.6927
80.1828 93.2813 93.2813 85.6929 81.7337
80.2309 93.3153 93.3153 85.7014 81.8046
80.279 93.3194 93.3194 85.6501 81.8754
80.3271 93.3533 93.3533 85.6587 81.9461
80.3752 93.4171 93.4171 85.6972 82.0168
80.4233 93.451 93.451 85.7057 82.0873
80.4714 93.4549 93.4549 85.6844 82.1279
80.5195 93.4588 93.4588 85.6332 82.1983
80.5676 93.4627 93.4627 85.6418 82.2388
80.6157 93.4964 93.4964 85.6504 82.3091
80.6638 93.5301 93.5301 85.6589 82.3494
80.7119 93.534 93.534 85.6377 82.4195
80.76 93.5378 93.5378 85.6164 82.4896
80.8081 93.5714 93.5714 85.5952 82.5298
80.8562 93.6347 93.6347 85.6038 82.5699
80.9043 93.6385 93.6385 85.6421 82.5803
80.9524 93.6423 93.6423 85.6209 82.65
81.0005 93.6461 93.6461 85.5701 82.7197
81.0486 93.6499 93.6499 85.5193 82.7893
81.0967 93.6536 93.6536 85.5279 82.8292
81.1448 93.6574 93.6574 85.5068 82.8986
81.1929 93.6611 93.6611 85.4858 82.9384
81.241 93.6649 93.6649 85.4944 83.0077
81.2891 93.6982 93.6982 85.5325 83.0769
81.3372 93.702 93.702 85.5707 83.1165
81.3853 93.7352 93.7352 85.5792 83.156
81.4334 93.7389 93.7389 85.5877 83.225
81.4815 93.7721 93.7721 85.5667 83.2645
81.5296 93.8053 93.8053 85.5457 83.3333
81.5777 93.809 93.809 85.5248 83.4021
81.6258 93.8126 93.8126 85.5333 83.4414
81.6739 93.8163 93.8163 85.5124 83.4806
81.722 93.8493 93.8493 85.5209 83.5197
81.7701 93.8529 93.8529 85.5294 83.5882
81.8182 93.8566 93.8566 85.4791 83.6567
81.8663 93.8895 93.8895 85.517 83.725
81.9144 93.8931 93.8931 85.4962 83.7933
81.9625 93.9554 93.9554 85.5047 83.8322
82.0106 93.9589 93.9589 85.5132 83.9003
82.0587 93.9918 93.9918 85.551 83.9683
82.1068 93.9953 93.9953 85.5302 84.007
82.1549 94.0574 94.0574 85.5386 84.0457
82.203 94.0901 94.0901 85.5178 84.1135
82.2511 94.0936 94.0936 85.4971 84.152
82.2992 94.097 94.097 85.4763 84.2198
82.3473 94.1297 94.1297 85.4848 84.2582
82.3954 94.1331 94.1331 85.4641 84.3257
82.4435 94.1365 94.1365 85.4726 84.3349
82.4916 94.1399 94.1399 85.481 84.4023
82.5397 94.1725 94.1725 85.4895 84.4697
82.5878 94.1759 94.1759 85.5271 84.5079
82.6359 94.1793 94.1793 85.5355 84.5751
82.684 94.2118 94.2118 85.5148 84.6422
82.7321 94.2151 94.2151 85.5233 84.6802
82.7802 94.2475 94.2475 85.5607 84.7182
82.8283 94.2799 94.2799 85.5691 84.7561
82.8764 94.3122 94.3122 85.5775 84.794
82.9245 94.3445 94.3445 85.5858 84.8318
82.9726 94.3478 94.3478 85.5942 84.8986
83.0207 94.3511 94.3511 85.5736 84.9363
83.0688 94.3833 94.3833 85.5819 85.0029
83.1169 94.4444 94.4444 85.6192 85.0694
83.165 94.4477 94.4477 85.5986 85.1359
83.2131 94.4798 94.4798 85.578 85.2023
83.2612 94.5118 94.5118 85.6153 85.2397
83.3093 94.5727 94.5727 85.6524 85.306
83.3574 94.6336 94.6336 85.7184 85.3433
83.4055 94.6367 94.6367 85.6978 85.4095
83.4536 94.6686 94.6686 85.7061 85.4755
83.5017 94.6717 94.6717 85.7143 85.5415
83.5498 94.6747 94.6747 85.6937 85.6074
83.5979 94.6778 94.6778 85.702 85.6444
83.646 94.7096 94.7096 85.6814 85.7102
83.6941 94.7414 94.7414 85.7184 85.7471
83.7422 94.7444 94.7444 85.7266 85.784
83.7903 94.7474 94.7474 85.7348 85.8209
83.8384 94.7791 94.7791 85.8003 85.8577
83.8865 94.8108 94.8108 85.8658 85.9232
83.9346 94.8424 94.8424 85.9026 85.9885
83.9827 94.8454 94.8454 85.9107 86.0538
84.0308 94.9056 94.9056 85.976 86.1191
84.0789 94.9085 94.9085 86.0126 86.1842
84.127 94.9114 94.9114 86.0778 86.2207
84.1751 94.9429 94.9429 86.1143 86.2857
84.2232 94.9457 94.9457 86.1508 86.3507
84.2713 94.9486 94.9486 86.2158 86.387
84.3194 94.98 94.98 86.2807 86.4518
84.3675 94.9829 94.9829 86.317 86.488
84.4156 95.0427 95.0427 86.3818 86.5527
84.4637 95.0456 95.0456 86.418 86.6173
84.5118 95.0768 95.0768 86.4826 86.6534
84.5599 95.0796 95.0796 86.5188 86.7179
84.608 95.1393 95.1393 86.5833 86.7823
84.6561 95.1705 95.1705 86.6193 86.8466
84.7042 95.1732 95.1732 86.6553 86.8825
84.7523 95.1759 95.1759 86.7196 86.9183
84.8004 95.207 95.207 86.7555 86.9824
84.8485 95.2381 95.2381 86.8197 87.0181
84.8966 95.2408 95.2408 86.8839 87.0822
84.9447 95.3001 95.3001 86.9479 87.1461
84.9928 95.3311 95.3311 86.9836 87.21
85.0409 95.3337 95.3337 86.991 87.2738
85.089 95.3646 95.3646 87.0548 87.3092
85.1371 95.4237 95.4237 87.1186 87.3729
85.1852 95.4263 95.4263 87.1824 87.4365
85.2333 95.4289 95.4289 87.246 87.4718
85.2814 95.4315 95.4315 87.2814 87.5353
85.3295 95.434 95.434 87.3168 87.5705
85.3776 95.4648 95.4648 87.3803 87.6056
85.4257 95.4673 95.4673 87.4155 87.6408
85.4738 95.498 95.498 87.4789 87.6759
85.5219 95.5006 95.5006 87.5141 87.7109
85.57 95.5031 95.5031 87.5211 87.774
85.6181 95.5337 95.5337 87.5843 87.809
85.6662 95.5643 95.5643 87.6474 87.8439
85.7143 95.5948 95.5948 87.7104 87.8788
85.7624 95.6534 95.6534 87.7734 87.9417
85.8105 95.6839 95.6839 87.8363 87.9765
85.8586 95.7143 95.7143 87.8711 88.0112
85.9067 95.7727 95.7727 87.9339 88.0459
85.9548 95.803 95.803 87.9687 88.1086
86.0029 95.8333 95.8333 88.0034 88.1711
86.051 95.8636 95.8636 88.038 88.2337
86.0991 95.8659 95.8659 88.1006 88.2682
86.1472 95.8682 95.8682 88.1351 88.3026
86.1953 95.8705 95.8705 88.1975 88.3092
86.2434 95.8728 95.8728 88.2599 88.3436
86.2915 95.8751 95.8751 88.2943 88.3779
86.3396 95.9053 95.9053 88.3565 88.4123
86.3877 95.9354 95.9354 88.4187 88.4465
86.4358 95.9377 95.9377 88.4252 88.5086
86.4839 95.9399 95.9399 88.4872 88.5428
86.532 95.9978 95.9978 88.5492 88.6048
86.5801 96.0278 96.0278 88.6111 88.6389
86.6282 96.03 96.03 88.6452 88.7007
86.6763 96.0322 96.0322 88.6792 88.7347
86.7244 96.0344 96.0344 88.741 88.7687
86.7725 96.0366 96.0366 88.7749 88.8027
86.8206 96.0388 96.0388 88.8366 88.8643
86.8687 96.0687 96.0687 88.8981 88.9258
86.9168 96.0708 96.0708 88.9596 88.9319
86.9649 96.073 96.073 89.021 88.9381
87.013 96.0752 96.0752 89.0824 88.9994
87.0611 96.0773 96.0773 89.0884 89.0608
87.1092 96.0795 96.0795 89.122 89.0668
87.1573 96.1093 96.1093 89.1832 89.0453
87.2054 96.1114 96.1114 89.2168 89.0789
87.2535 96.1136 96.1136 89.2503 89.0573
87.3016 96.1157 96.1157 89.2837 89.0909
87.3497 96.1178 96.1178 89.2896 89.0969
87.3978 96.1475 96.1475 89.3506 89.1029
87.4459 96.1771 96.1771 89.3839 89.1364
87.494 96.1792 96.1792 89.4173 89.1149
87.5421 96.1813 96.1813 89.478 89.1484
87.5902 96.1834 96.1834 89.5387 89.1269
87.6383 96.1855 96.1855 89.5719 89.1603
87.6864 96.1876 96.1876 89.6325 89.1662
87.7345 96.2171 96.2171 89.693 89.1721
87.7826 96.2192 96.2192 89.726 89.2055
87.8307 96.2212 96.2212 89.7864 89.2114
87.8788 96.2233 96.2233 89.8467 89.2173
87.9269 96.2527 96.2527 89.907 89.2505
87.975 96.2548 96.2548 89.9672 89.2564
88.0231 96.2842 96.2842 90.0273 89.2623
88.0712 96.2862 96.2862 90.0601 89.2682
88.1193 96.3155 96.3155 90.0928 89.3013
88.1674 96.3175 96.3175 90.1528 89.3344
88.2155 96.3468 96.3468 90.1854 89.3675
88.2636 96.3488 96.3488 90.218 89.4005
88.3117 96.3508 96.3508 90.2778 89.3791
88.3598 96.3527 96.3527 90.2831 89.4121
88.4079 96.3547 96.3547 90.3156 89.445
88.456 96.3839 96.3839 90.3752 89.478
88.5041 96.3859 96.3859 90.4076 89.5109
88.5522 96.3878 96.3878 90.44 89.5166
88.6003 96.4169 96.4169 90.4995 89.5223
88.6484 96.4189 96.4189 90.5589 89.5279
88.6965 96.4208 96.4208 90.6182 89.5336
88.7446 96.4228 96.4228 90.6775 89.5122
88.7927 96.4518 96.4518 90.7367 89.5179
88.8408 96.4537 96.4537 90.7959 89.4965
88.8889 96.4556 96.4556 90.8279 89.5292
88.937 96.4575 96.4575 90.8329 89.5349
88.9851 96.4595 96.4595 90.8919 89.5676
89.0332 96.4614 96.4614 90.9238 89.5732
89.0813 96.4633 96.4633 90.9827 89.5788
89.1294 96.4652 96.4652 91.0416 89.5845
89.1775 96.4671 96.4671 91.0734 89.617
89.2256 96.469 96.469 91.1321 89.6226
89.2737 96.4978 96.4978 91.1907 89.6282
89.3218 96.5267 96.5267 91.2224 89.6338
89.3699 96.5554 96.5554 91.2809 89.6932
89.418 96.5842 96.5842 91.3394 89.6719
89.4661 96.586 96.586 91.3978 89.7043
89.5142 96.5879 96.5879 91.4562 89.7367
89.5623 96.6165 96.6165 91.5145 89.7691
89.6104 96.6184 96.6184 91.5459 89.8014
89.6585 96.6738 96.6738 91.6041 89.8337
89.7066 96.7292 96.7292 91.6622 89.866
89.7547 96.7846 96.7846 91.7203 89.8714
89.8028 96.7863 96.7863 91.7515 89.8768
89.8509 96.8148 96.8148 91.8094 89.8822
89.899 96.8165 96.8165 91.8406 89.9411
89.9471 96.8449 96.8449 91.8984 89.9733
89.9952 96.8466 96.8466 91.9294 90.0321
90.0433 96.8483 96.8483 91.9605 90.0908
90.0914 96.8767 96.8767 92.0182 90.1228
90.1395 96.8783 96.8783 92.0758 90.1547
90.1876 96.9067 96.9067 92.1067 90.2133
90.2357 96.9083 96.9083 92.1375 90.2719
90.2838 96.91 96.91 92.195 90.3037
90.3319 96.9116 96.9116 92.2524 90.3355
90.38 96.9399 96.9399 92.2831 90.3938
90.4281 96.9415 96.9415 92.3138 90.4521
90.4762 96.9697 96.9697 92.3711 90.4838
90.5243 97.0244 97.0244 92.4283 90.4888
90.5724 97.026 97.026 92.4854 90.5204
90.6205 97.0276 97.0276 92.5159 90.5786
90.6686 97.0292 97.0292 92.5729 90.6366
90.7167 97.0308 97.0308 92.6299 90.6681
90.7648 97.0588 97.0588 92.6868 90.726
90.8129 97.0604 97.0604 92.7172 90.7574
90.861 97.0884 97.0884 92.774 90.8152
90.9091 97.0899 97.0899 92.8307 90.873
90.9572 97.1179 97.1179 92.8609 90.9307
91.0053 97.1459 97.1459 92.9175 90.9884
91.0534 97.1738 97.1738 92.9741 91.046
91.1015 97.2017 97.2017 93.0306 91.1035
91.1496 97.2032 97.2032 93.0343 91.1609
91.1977 97.2046 97.2046 93.0643 91.2184
91.2458 97.2325 97.2325 93.1207 91.2757
91.2939 97.2339 97.2339 93.1507 91.333
91.342 97.2354 97.2354 93.1806 91.3902
91.3901 97.2368 97.2368 93.2105 91.4474
91.4382 97.2646 97.2646 93.2404 91.5045
91.4863 97.2923 97.2923 93.2702 91.5615
91.5344 97.32 97.32 93.3263 91.6185
91.5825 97.3477 97.3477 93.3824 91.6754
91.6306 97.3491 97.3491 93.4121 91.7323
91.6787 97.3767 97.3767 93.468 91.7891
91.7268 97.3781 97.3781 93.4976 91.8458
91.7749 97.4057 97.4057 93.5535 91.9025
91.823 97.407 97.407 93.583 91.9591
91.8711 97.4084 97.4084 93.5864 92.0157
91.9192 97.4097 97.4097 93.5897 92.0722
91.9673 97.4372 97.4372 93.6454 92.1287
92.0154 97.4909 97.4909 93.701 92.185
92.0635 97.5183 97.5183 93.7304 92.2414
92.1116 97.5457 97.5457 93.7598 92.2977
92.1597 97.5731 97.5731 93.7891 92.3539
92.2078 97.6004 97.6004 93.8185 92.41
92.2559 97.6538 97.6538 93.8738 92.4661
92.304 97.6811 97.6811 93.9291 92.4961
92.3521 97.7083 97.7083 93.9844 92.5521
92.4002 97.7095 97.7095 94.0135 92.608
92.4483 97.7367 97.7367 94.0687 92.6639
92.4964 97.7639 97.7639 94.1238 92.7197
92.5445 97.7911 97.7911 94.1788 92.7755
92.5926 97.7922 97.7922 94.2078 92.8052
92.6407 97.8193 97.8193 94.2627 92.8609
92.6888 97.8464 97.8464 94.2916 92.9165
92.7369 97.8475 97.8475 94.3205 92.972
92.785 97.8745 97.8745 94.3753 93.0275
92.8331 97.8756 97.8756 94.4041 93.0829
92.8812 97.9026 97.9026 94.4588 93.1124
92.9293 97.9037 97.9037 94.4876 93.1677
92.9774 97.9307 97.9307 94.5422 93.223
93.0255 97.9317 97.9317 94.5708 93.2782
93.0736 97.9328 97.9328 94.6253 93.3333
93.1217 97.9339 97.9339 94.6539 93.3884
93.1698 97.9608 97.9608 94.7083 93.4177
93.2179 97.9876 97.9876 94.7368 93.4727
93.266 97.9887 97.9887 94.7653 93.5276
93.3141 97.9897 97.9897 94.768 93.5825
93.3622 97.9907 97.9907 94.7707 93.6373
93.4103 98.0175 98.0175 94.7992 93.6921
93.4584 98.0185 98.0185 94.8019 93.7468
93.5065 98.0195 98.0195 94.856 93.7757
93.5546 98.0206 98.0206 94.91 93.8303
93.6027 98.0216 98.0216 94.9383 93.8335
93.6508 98.0226 98.0226 94.9923 93.8367
93.6989 98.0236 98.0236 95.0462 93.8142
93.747 98.0246 98.0246 95.0744 93.8173
93.7951 98.0513 98.0513 95.1026 93.8205
93.8432 98.0779 98.0779 95.1307 93.8493
93.8913 98.1045 98.1045 95.1844 93.9037
93.9394 98.1311 98.1311 95.2381 93.9068
93.9875 98.132 98.132 95.2917 93.9099
94.0356 98.133 98.133 95.3197 93.9642
94.0837 98.1595 98.1595 95.3732 94.0184
94.1318 98.186 98.186 95.4267 94.0726
94.1799 98.1869 98.1869 95.429 94.1267
94.228 98.2134 98.2134 95.4824 94.1807
94.2761 98.2143 98.2143 95.4847 94.2347
94.3242 98.2407 98.2407 95.5125 94.2631
94.3723 98.2671 98.2671 95.5657 94.317
94.4204 98.3189 98.3189 95.619 94.3709
94.4685 98.3198 98.3198 95.6466 94.4246
94.5166 98.3715 98.3715 95.6997 94.4784
94.5647 98.3978 98.3978 95.7528 94.532
94.6128 98.3986 98.3986 95.7804 94.5857
94.6609 98.3994 98.3994 95.8333 94.6392
94.709 98.4002 98.4002 95.8608 94.6927
94.7571 98.401 98.401 95.9137 94.7462
94.8052 98.4018 98.4018 95.9411 94.7996
94.8533 98.428 98.428 95.9686 94.8529
94.9014 98.4541 98.4541 95.9959 94.9062
94.9495 98.4802 98.4802 96.0486 94.9341
94.9976 98.5063 98.5063 96.1013 94.9873
95.0457 98.5324 98.5324 96.1285 95.0405
95.0938 98.5584 98.5584 96.1558 95.0936
95.1419 98.5592 98.5592 96.183 95.1466
95.19 98.5599 98.5599 96.2355 95.1996
95.2381 98.5859 98.5859 96.2879 95.2525
95.2862 98.5866 98.5866 96.315 95.3054
95.3343 98.6377 98.6377 96.3673 95.333
95.3824 98.6636 98.6636 96.3944 95.3858
95.4305 98.6895 98.6895 96.4466 95.4385
95.4786 98.7154 98.7154 96.4987 95.4912
95.5267 98.7412 98.7412 96.5257 95.5438
95.5748 98.7418 98.7418 96.5274 95.5964
95.6229 98.7425 98.7425 96.5543 95.6489
95.671 98.7682 98.7682 96.6063 95.6511
95.7191 98.7688 98.7688 96.6332 95.6784
95.7672 98.7946 98.7946 96.6851 95.7057
95.8153 98.8203 98.8203 96.7369 95.758
95.8634 98.846 98.846 96.7888 95.8103
95.9115 98.8465 98.8465 96.8405 95.8375
95.9596 98.8471 98.8471 96.8672 95.8897
96.0077 98.8477 98.8477 96.8938 95.9419
96.0558 98.8733 98.8733 96.9454 95.994
96.1039 98.8739 98.8739 96.972 96.046
96.152 98.8744 98.8744 97.0235 96.098
96.2001 98.875 98.875 97.025 96.15
96.2482 98.8756 98.8756 97.0265 96.2019
96.2963 98.9011 98.9011 97.0779 96.2537
96.3444 98.9266 98.9266 97.1293 96.3055
96.3925 98.977 98.977 97.1806 96.3573
96.4406 99.0025 99.0025 97.2319 96.409
96.4887 99.0528 99.0528 97.2832 96.4606
96.5368 99.0533 99.0533 97.3343 96.5122
96.5849 99.0538 99.0538 97.3357 96.5388
96.633 99.0543 99.0543 97.3868 96.5903
96.6811 99.0547 99.0547 97.4378 96.6418
96.7292 99.0801 99.0801 97.4888 96.6932
96.7773 99.1054 99.1054 97.5398 96.7445
96.8254 99.1058 99.1058 97.5658 96.7958
96.8735 99.1063 99.1063 97.6167 96.8471
96.9216 99.1067 99.1067 97.6675 96.8983
96.9697 99.1071 99.1071 97.6687 96.9494
97.0178 99.1076 99.1076 97.6946 97.0005
97.0659 99.108 99.108 97.7453 97.0515
97.114 99.1332 99.1332 97.7959 97.1025
97.1621 99.1584 99.1584 97.8465 97.1535
97.2102 99.1588 99.1588 97.8971 97.1796
97.2583 99.1592 99.1592 97.9228 97.2305
97.3064 99.1597 99.1597 97.9486 97.2813
97.3545 99.1601 99.1601 97.9743 97.332
97.4026 99.1605 99.1605 98.0247 97.3827
97.4507 99.1856 99.1856 98.075 97.4334
97.4988 99.186 99.186 98.1253 97.484
97.5469 99.211 99.211 98.1755 97.5345
97.595 99.2361 99.2361 98.2011 97.585
97.6431 99.2365 99.2365 98.2266 97.6355
97.6912 99.2614 99.2614 98.2521 97.6859
97.7393 99.2864 99.2864 98.3022 97.7362
97.7874 99.3114 99.3114 98.3276 97.7865
97.8355 99.3609 99.3609 98.3776 97.8368
97.8836 99.3612 99.3612 98.4029 97.8624
97.9317 99.3615 99.3615 98.4528 97.9126
97.9798 99.3864 99.3864 98.4782 97.9627
98.0279 99.4357 99.4357 98.528 97.9882
98.076 99.436 99.436 98.5777 98.0383
98.1241 99.4608 99.4608 98.6029 98.0882
98.1722 99.4855 99.4855 98.6526 98.1382
98.2203 99.5348 99.5348 98.7023 98.1881
98.2684 99.5595 99.5595 98.7518 98.2134
98.3165 99.5597 99.5597 98.8014 98.2632
98.3646 99.5844 99.5844 98.8264 98.313
98.4127 99.5846 99.5846 98.8514 98.3627
98.4608 99.6092 99.6092 98.9008 98.4123
98.5089 99.6582 99.6582 98.9502 98.4619
98.557 99.6828 99.6828 98.9751 98.5115
98.6051 99.6829 99.6829 98.9756 98.561
98.6532 99.6831 99.6831 99.0005 98.6104
98.7013 99.6832 99.6832 99.0253 98.6598
98.7494 99.6834 99.6834 99.0745 98.7092
98.7975 99.6835 99.6835 99.1237 98.7585
98.8456 99.708 99.708 99.1727 98.8078
98.8937 99.7082 99.7082 99.1732 98.857
98.9418 99.7326 99.7326 99.1979 98.9062
98.9899 99.7328 99.7328 99.1983 98.9553
99.038 99.7572 99.7572 99.2229 99.0044
99.0861 99.7816 99.7816 99.2718 99.0534
99.1342 99.8059 99.8059 99.3207 99.1024
99.1823 99.8303 99.8303 99.3695 99.1513
99.2304 99.8303 99.8303 99.3941 99.2002
99.2785 99.8304 99.8304 99.4428 99.249
99.3266 99.8305 99.8305 99.4673 99.2978
99.3747 99.8306 99.8306 99.516 99.3466
99.4228 99.8307 99.8307 99.5404 99.3953
99.4709 99.8549 99.8549 99.5648 99.4439
99.519 99.8792 99.8792 99.6133 99.4925
99.5671 99.9034 99.9034 99.6618 99.5411
99.6152 99.9517 99.9517 99.7103 99.5896
99.6633 99.9517 99.9517 99.7346 99.638
99.7114 99.9518 99.9518 99.7829 99.6864
99.7595 99.9759 99.9759 99.8312 99.7348
99.8076 99.9759 99.9759 99.8554 99.7831
99.8557 99.9759 99.9759 99.8796 99.8314
99.9038 99.9759 99.9759 99.9037 99.8796
99.9519 99.9759 99.9759 99.9278 99.9278
100 99.9759 99.9759 99.9519 99.9519
