0.131234 100 100 100 0
0.262467 100 50 50 0
0.393701 100 66.6667 66.6667 33.3333
0.524934 100 50 50 75
0.656168 80 60 60 80
0.787402 66.6667 66.6667 66.6667 66.6667
0.918635 57.1429 57.1429 57.1429 57.1429
1.04987 75 50 50 62.5
1.1811 66.6667 66.6667 66.6667 66.6667
1.31234 60 60 60 60
1.44357 63.6364 63.6364 63.6364 54.5455
1.5748 66.6667 66.6667 66.6667 58.3333
1.70604 69.2308 76.9231 76.9231 61.5385
1.83727 71.4286 71.4286 71.4286 64.2857
1.9685 73.3333 73.3333 66.6667 66.6667
2.09974 81.25 75 75 75
2.23097 76.4706 76.4706 76.4706 76.4706
2.3622 83.3333 77.7778 77.7778 77.7778
2.49344 89.4737 84.2105 84.2105 84.2105
2.62467 85 80 80 80
2.75591 80.9524 76.1905 76.1905 76.1905
2.88714 77.2727 77.2727 77.2727 77.2727
3.01837 78.2609 73.913 73.913 78.2609
3.14961 75 70.8333 70.8333 75
3.28084 72 72 72 72
3.41207 69.2308 69.2308 73.0769 69.2308
3.54331 74.0741 74.0741 74.0741 70.3704
3.67454 71.4286 75 75 67.8571
3.80577 75.8621 75.8621 75.8621 72.4138
3.93701 76.6667 73.3333 73.3333 70
4.06824 77.4194 70.9677 70.9677 74.1935
4.19948 75 71.875 71.875 71.875
4.33071 75.7576 69.697 69.697 72.7273
4.46194 73.5294 67.6471 67.6471 76.4706
4.59318 71.4286 68.5714 68.5714 77.1429
4.72441 69.4444 66.6667 66.6667 75
4.85564 70.2703 67.5676 67.5676 75.6757
4.98688 71.0526 68.4211 68.4211 73.6842
5.11811 69.2308 66.6667 66.6667 71.7949
5.24934 67.5 65 65 70
5.38058 65.8537 63.4146 63.4146 70.7317
5.51181 69.0476 66.6667 66.6667 71.4286
5.64304 72.093 67.4419 67.4419 69.7674
5.77428 72.7273 68.1818 68.1818 70.4545
5.90551 73.3333 68.8889 68.8889 71.1111
6.03675 71.7391 67.3913 67.3913 69.5652
6.16798 72.3404 68.0851 68.0851 70.2128
6.29921 70.8333 66.6667 66.6667 70.8333
6.43045 71.4286 69.3878 69.3878 71.4286
6.56168 70 70 70 70
6.69291 72.549 68.6275 70.5882 70.5882
6.82415 73.0769 71.1538 71.1538 71.1538
6.95538 73.5849 71.6981 71.6981 71.6981
7.08661 72.2222 72.2222 70.3704 72.2222
7.21785 70.9091 70.9091 69.0909 70.9091
7.34908 69.6429 69.6429 69.6429 71.4286
7.48031 71.9298 70.1754 70.1754 71.9298
7.61155 72.4138 72.4138 72.4138 72.4138
7.74278 72.8814 72.8814 72.8814 72.8814
7.87402 73.3333 73.3333 73.3333 75
8.00525 75.4098 75.4098 75.4098 75.4098
8.13648 77.4194 75.8065 75.8065 77.4194
8.26772 77.7778 74.6032 74.6032 77.7778
8.39895 78.125 73.4375 73.4375 78.125
8.53018 78.4615 73.8462 75.3846 78.4615
8.66142 77.2727 75.7576 75.7576 78.7879
8.79265 79.1045 76.1194 76.1194 79.1045
8.92388 79.4118 76.4706 76.4706 79.4118
9.05512 79.7101 75.3623 75.3623 78.2609
9.18635 78.5714 74.2857 74.2857 78.5714
9.31759 78.8732 76.0563 76.0563 78.8732
9.44882 79.1667 77.7778 77.7778 79.1667
9.58005 78.0822 76.7123 76.7123 79.4521
9.71129 78.3784 77.027 77.027 79.7297
9.84252 77.3333 76 77.3333 78.6667
9.97375 77.6316 76.3158 77.6316 77.6316
10.105 79.2208 77.9221 77.9221 77.9221
10.2362 79.4872 78.2051 78.2051 79.4872
10.3675 79.7468 78.481 78.481 79.7468
10.4987 80 78.75 78.75 80
10.6299 80.2469 80.2469 80.2469 80.2469
10.7612 80.4878 80.4878 80.4878 80.4878
10.8924 80.7229 79.5181 79.5181 80.7229
11.0236 82.1429 79.7619 79.7619 80.9524
11.1549 82.3529 81.1765 81.1765 82.3529
11.2861 81.3953 81.3953 80.2326 81.3953
11.4173 81.6092 81.6092 80.4598 82.7586
11.5486 81.8182 81.8182 81.8182 82.9545
11.6798 80.8989 80.8989 80.8989 82.0225
11.811 82.2222 81.1111 81.1111 82.2222
11.9423 82.4176 81.3187 80.2198 82.4176
12.0735 82.6087 81.5217 80.4348 82.6087
12.2047 81.7204 80.6452 79.5699 81.7204
12.336 81.9149 81.9149 79.7872 82.9787
12.4672 82.1053 81.0526 80 82.1053
12.5984 82.2917 80.2083 80.2083 82.2917
12.7297 81.4433 79.3814 79.3814 82.4742
12.8609 80.6122 78.5714 78.5714 81.6327
12.9921 80.8081 79.798 78.7879 81.8182
13.1234 81 79 78 81
13.2546 81.1881 78.2178 77.2277 81.1881
13.3858 81.3725 78.4314 78.4314 81.3725
13.5171 80.5825 77.6699 77.6699 80.5825
13.6483 79.8077 76.9231 76.9231 79.8077
13.7795 79.0476 77.1429 77.1429 79.0476
13.9108 79.2453 77.3585 77.3585 79.2453
14.042 79.4393 78.5047 77.5701 79.4393
14.1732 79.6296 77.7778 76.8519 79.6296
14.3045 78.8991 77.0642 76.1468 78.8991
14.4357 78.1818 76.3636 76.3636 78.1818
14.5669 78.3784 76.5766 76.5766 78.3784
14.6982 77.6786 75.8929 75.8929 77.6786
14.8294 77.8761 76.1062 76.1062 77.8761
14.9606 77.193 75.4386 75.4386 77.193
15.0919 77.3913 75.6522 75.6522 77.3913
15.2231 76.7241 75 75 76.7241
15.3543 76.9231 74.359 74.359 76.9231
15.4856 76.2712 73.7288 73.7288 76.2712
15.6168 75.6303 73.9496 73.9496 75.6303
15.748 75 73.3333 74.1667 75.8333
15.8793 75.2066 74.3802 74.3802 76.0331
16.0105 74.5902 73.7705 73.7705 75.4098
16.1417 74.7967 73.1707 73.1707 74.7967
16.273 74.1935 72.5806 72.5806 74.1935
16.4042 74.4 72 72.8 74.4
16.5354 74.6032 73.0159 73.0159 75.3968
16.6667 74.0157 72.4409 72.4409 74.8031
16.7979 75 72.6562 73.4375 75
16.9291 74.4186 72.8682 72.8682 74.4186
17.0604 73.8462 72.3077 72.3077 73.8462
17.1916 73.2824 71.7557 71.7557 73.2824
17.3228 72.7273 71.2121 71.2121 72.7273
17.4541 72.1805 70.6767 70.6767 72.1805
17.5853 71.6418 70.1493 70.8955 71.6418
17.7165 71.1111 69.6296 71.1111 71.1111
17.8478 70.5882 69.1176 70.5882 70.5882
17.979 70.073 68.6131 70.073 70.073
18.1102 69.5652 68.8406 69.5652 69.5652
18.2415 69.7842 69.0647 69.7842 69.7842
18.3727 70 69.2857 70 70
18.5039 70.2128 69.5035 70.922 70.2128
18.6352 70.4225 69.7183 71.1268 70.4225
18.7664 69.9301 69.9301 70.6294 69.9301
18.8976 70.8333 70.1389 70.8333 70.8333
19.0289 70.3448 70.3448 70.3448 70.3448
19.1601 70.5479 69.863 69.863 70.5479
19.2913 71.4286 70.068 70.7483 71.4286
19.4226 72.2973 70.2703 70.9459 72.2973
19.5538 72.4832 70.4698 71.8121 72.4832
19.685 72 70.6667 71.3333 72
19.8163 72.1854 70.1987 70.8609 72.1854
19.9475 71.7105 69.7368 70.3947 72.3684
20.0787 71.8954 69.9346 69.9346 71.8954
20.21 72.0779 70.1299 70.1299 72.0779
20.3412 72.2581 70.9677 70.3226 72.9032
20.4724 73.0769 71.7949 71.1538 73.7179
20.6037 73.8854 71.9745 71.9745 73.8854
20.7349 74.0506 72.1519 72.7848 74.0506
20.8661 73.5849 72.327 72.327 73.5849
20.9974 73.125 71.875 71.875 73.125
21.1286 73.2919 72.0497 72.0497 73.2919
21.2598 73.4568 72.2222 72.2222 73.4568
21.3911 74.2331 72.3926 72.3926 74.2331
21.5223 74.3902 71.9512 72.561 74.3902
21.6535 74.5455 72.7273 73.3333 74.5455
21.7848 74.0964 72.2892 72.8916 74.0964
21.916 73.6527 71.8563 72.4551 73.6527
22.0472 73.2143 72.0238 72.0238 73.8095
22.1785 73.9645 72.7811 72.7811 73.9645
22.3097 73.5294 72.3529 72.3529 73.5294
22.4409 73.6842 72.5146 72.5146 73.6842
22.5722 73.8372 73.2558 72.6744 73.8372
22.7034 73.9884 73.4104 73.4104 73.9884
22.8346 73.5632 72.9885 72.9885 73.5632
22.9659 73.7143 73.1429 73.1429 73.7143
23.0971 73.8636 73.2955 73.2955 73.8636
23.2283 74.0113 73.4463 73.4463 74.0113
23.3596 74.7191 73.5955 74.1573 74.7191
23.4908 74.8603 73.743 73.743 74.8603
23.622 75 73.3333 73.3333 75
23.7533 74.5856 72.9282 72.9282 74.5856
23.8845 74.7253 73.6264 73.6264 74.7253
24.0157 74.8634 74.3169 73.7705 74.8634
24.147 75 73.913 73.3696 75
24.2782 75.1351 74.0541 73.5135 75.6757
24.4094 75.2688 74.1935 74.1935 75.8065
24.5407 75.9358 74.8663 74.3316 75.9358
24.6719 76.0638 75.5319 74.4681 76.0638
24.8031 76.1905 75.6614 75.1323 76.1905
24.9344 75.7895 75.7895 75.2632 75.7895
25.0656 76.4398 75.9162 75.3927 76.4398
25.1969 76.5625 75.5208 75 76.0417
25.3281 76.6839 75.6477 75.1295 76.6839
25.4593 76.2887 75.2577 74.7423 76.2887
25.5906 75.8974 74.8718 74.359 75.8974
25.7218 76.0204 75 74.4898 76.0204
25.853 76.1421 75.6345 75.1269 76.1421
25.9843 75.7576 75.7576 75.2525 75.7576
26.1155 75.3769 75.3769 74.8744 75.3769
26.2467 76 75.5 75 76
26.378 75.6219 75.1244 74.6269 76.1194
26.5092 76.2376 75.2475 75.2475 76.7327
26.6404 76.3547 75.3695 75.3695 76.8473
26.7717 76.4706 75.4902 75 76.4706
26.9029 76.5854 75.122 75.122 76.5854
27.0341 76.699 75.2427 75.2427 76.699
27.1654 76.8116 75.3623 75.3623 76.8116
27.2966 76.4423 75.4808 75 76.4423
27.4278 76.0766 75.5981 75.1196 76.0766
27.5591 76.1905 75.7143 75.2381 76.6667
27.6903 76.3033 75.3555 74.8815 76.3033
27.8215 75.9434 75 75 75.9434
27.9528 76.0563 75.1174 74.6479 76.0563
28.084 75.7009 74.7664 74.2991 75.7009
28.2152 75.814 75.3488 74.4186 75.814
28.3465 75.9259 75.463 74.537 75.9259
28.4777 75.576 75.576 74.6544 76.0369
28.6089 76.1468 75.6881 74.7706 76.1468
28.7402 75.7991 75.3425 75.3425 75.7991
28.8714 76.3636 75.4545 75.9091 76.3636
29.0026 76.9231 75.5656 76.4706 76.9231
29.1339 76.5766 75.2252 76.1261 76.5766
29.2651 76.6816 75.3363 76.2332 77.13
29.3963 77.2321 75.4464 76.3393 77.2321
29.5276 77.3333 75.5556 76.8889 77.3333
29.6588 76.9912 75.2212 76.5487 76.9912
29.79 76.652 75.3304 76.2115 76.652
29.9213 76.3158 75 76.7544 76.3158
30.0525 76.4192 75.5459 77.2926 76.4192
30.1837 76.5217 76.087 77.8261 76.5217
30.315 76.6234 76.6234 77.9221 76.6234
30.4462 77.1552 76.7241 78.0172 77.1552
30.5774 76.824 76.824 77.6824 76.824
30.7087 76.9231 76.9231 77.7778 76.9231
30.8399 76.5957 76.5957 77.4468 76.5957
30.9711 76.2712 76.2712 77.5424 76.2712
31.1024 75.9494 75.9494 77.2152 75.9494
31.2336 76.0504 76.0504 77.3109 76.0504
31.3648 76.1506 76.1506 77.8243 76.1506
31.4961 76.25 76.25 77.9167 76.25
31.6273 76.3485 76.3485 78.0083 76.3485
31.7585 76.0331 76.0331 77.686 76.0331
31.8898 76.1317 76.1317 78.1893 76.1317
32.021 76.2295 76.2295 78.6885 76.6393
32.1522 76.7347 76.3265 78.7755 76.7347
32.2835 76.4228 76.0163 78.8618 76.8293
32.4147 76.9231 76.1134 78.9474 76.9231
32.5459 76.6129 75.8065 79.0323 76.6129
32.6772 76.7068 75.9036 79.5181 76.7068
32.8084 76.8 76.4 80 76.8
32.9396 77.2908 76.494 79.6813 77.2908
33.0709 77.381 76.5873 79.7619 77.381
33.2021 77.4704 76.6798 79.8419 77.4704
33.3333 77.1654 76.7717 79.5276 77.5591
33.4646 77.6471 76.8627 79.6078 77.6471
33.5958 77.3438 76.9531 79.2969 77.3438
33.727 77.4319 77.0428 79.3774 77.4319
33.8583 77.907 77.1318 79.0698 77.5194
33.9895 77.6062 77.2201 78.7645 77.6062
34.1207 77.6923 77.3077 79.2308 77.6923
34.252 77.7778 77.3946 79.3103 77.7778
34.3832 77.8626 77.4809 79.3893 77.8626
34.5144 77.9468 77.9468 79.8479 77.9468
34.6457 78.4091 78.4091 79.9242 78.4091
34.7769 78.4906 78.1132 79.6226 78.4906
34.9081 78.5714 78.1955 79.3233 78.5714
35.0394 79.0262 78.6517 79.4007 78.6517
35.1706 78.7313 78.7313 79.1045 78.7313
35.3018 78.8104 79.1822 79.1822 78.8104
35.4331 78.8889 79.6296 79.2593 79.2593
35.5643 79.3358 79.7048 79.3358 79.3358
35.6955 79.0441 79.4118 79.7794 79.0441
35.8268 79.1209 79.1209 79.4872 79.1209
35.958 79.1971 79.1971 79.1971 79.562
36.0892 79.2727 78.9091 78.9091 79.2727
36.2205 79.3478 78.9855 78.9855 79.3478
36.3517 79.4224 78.7004 79.0614 79.4224
36.4829 79.8561 78.777 79.1367 79.8561
36.6142 79.9283 78.853 79.2115 79.9283
36.7454 80 78.9286 79.6429 80
36.8766 80.0712 79.3594 79.7153 80.0712
37.0079 79.7872 79.078 79.7872 79.7872
37.1391 80.212 79.1519 79.8587 80.212
37.2703 80.2817 79.2254 79.9296 80.2817
37.4016 80.3509 79.2982 80 80.3509
37.5328 80.7692 79.7203 80.0699 80.4196
37.664 80.4878 79.4425 80.1394 80.4878
37.7953 80.5556 79.8611 79.8611 80.5556
37.9265 80.6228 80.2768 79.9308 80.6228
38.0577 80.3448 80 80.3448 80.3448
38.189 80.0687 79.7251 80.4124 80.0687
38.3202 80.137 79.7945 80.4795 80.137
38.4514 80.5461 79.8635 80.5461 80.5461
38.5827 80.6122 80.2721 80.6122 80.6122
38.7139 80.339 80.339 80.339 80.339
38.8451 80.4054 80.0676 80.4054 80.0676
38.9764 80.1347 79.798 80.8081 80.1347
39.1076 79.8658 79.5302 80.8725 80.2013
39.2388 80.2676 79.5987 81.2709 80.2676
39.3701 80.3333 79.6667 81.6667 80.3333
39.5013 80.3987 79.7342 81.7276 80.3987
39.6325 80.4636 80.1325 82.1192 80.4636
39.7638 80.5281 79.868 82.5083 80.5281
39.895 80.9211 79.9342 82.5658 80.9211
40.0262 80.6557 79.6721 82.2951 80.6557
40.1575 80.719 79.7386 82.3529 80.719
40.2887 80.7818 79.8046 82.7362 80.7818
40.4199 80.5195 79.5455 82.7922 80.5195
40.5512 80.5825 79.6117 83.1715 80.5825
40.6824 80.6452 80 83.5484 80.6452
40.8136 80.7074 80.3859 83.6013 80.7074
40.9449 80.7692 80.4487 83.6538 80.7692
41.0761 80.8307 80.5112 83.7061 80.8307
41.2073 80.8917 80.8917 83.758 80.8917
41.3386 80.6349 80.6349 84.127 80.9524
41.4698 80.6962 80.6962 83.8608 81.0127
41.601 80.7571 80.7571 83.9117 81.0726
41.7323 80.8176 80.8176 83.9623 81.1321
41.8635 80.5643 80.5643 83.6991 80.8777
41.9948 80.9375 80.625 83.75 80.9375
42.126 80.9969 80.3738 83.4891 80.9969
42.2572 81.0559 80.4348 83.2298 81.3665
42.3885 81.1146 80.4954 83.2817 81.1146
42.5197 81.1728 80.5556 83.0247 81.1728
42.6509 81.2308 80.9231 83.0769 81.5385
42.7822 81.2883 80.9816 83.1288 81.5951
42.9134 81.6514 81.3456 83.1804 81.9572
43.0446 81.7073 81.4024 82.9268 82.3171
43.1759 81.7629 81.155 82.9787 82.0669
43.3071 81.5152 80.9091 83.0303 81.8182
43.4383 81.8731 81.2689 83.0816 82.1752
43.5696 82.2289 81.6265 83.1325 82.2289
43.7008 82.5826 81.982 83.1832 82.2823
43.832 82.3353 82.0359 82.9341 82.3353
43.9633 82.3881 82.3881 82.9851 82.3881
44.0945 82.1429 82.1429 82.7381 82.4405
44.2257 82.4926 82.4926 82.7893 82.4926
44.357 82.5444 82.2485 82.8402 82.5444
44.4882 82.5959 82.5959 82.5959 82.5959
44.6194 82.9412 82.9412 82.9412 82.9412
44.7507 82.9912 82.9912 83.2845 82.9912
44.8819 83.3333 83.0409 83.3333 83.3333
45.0131 83.6735 83.3819 83.3819 83.3819
45.1444 83.7209 83.4302 83.4302 83.7209
45.2756 83.7681 83.4783 83.4783 83.7681
45.4068 83.526 83.237 83.526 83.526
45.5381 83.5735 83.2853 83.5735 83.5735
45.6693 83.6207 83.3333 83.3333 83.3333
45.8005 83.6676 83.6676 83.3811 83.6676
45.9318 83.7143 83.7143 83.4286 83.7143
46.063 84.0456 83.7607 83.4758 83.7607
46.1942 84.375 84.0909 83.5227 84.0909
46.3255 84.4193 84.4193 83.8527 84.136
46.4567 84.4633 84.4633 83.8983 84.1808
46.5879 84.507 84.507 83.662 84.2254
46.7192 84.8315 84.8315 83.7079 84.2697
46.8504 84.8739 85.1541 84.0336 84.5938
46.9816 84.9162 85.1955 83.7989 84.6369
47.1129 85.2368 85.5153 84.1226 84.6797
47.2441 85.5556 85.5556 83.8889 85
47.3753 85.3186 85.3186 83.6565 84.7645
47.5066 85.6354 85.3591 83.7017 85.0829
47.6378 85.6749 85.3994 83.7466 85.3994
47.769 85.7143 85.1648 83.7912 85.4396
47.9003 85.7534 84.9315 83.5616 85.4795
48.0315 86.0656 85.2459 83.8798 85.5191
48.1627 86.1035 85.2861 83.9237 85.5586
48.294 85.8696 85.3261 83.6957 85.8696
48.4252 85.9079 85.6369 83.7398 86.1789
48.5564 86.2162 85.6757 84.0541 86.2162
48.6877 86.2534 85.7143 84.097 86.2534
48.8189 86.2903 85.4839 84.1398 86.0215
48.9501 86.5952 85.7909 83.9142 86.059
49.0814 86.631 85.8289 84.2246 85.8289
49.2126 86.4 85.6 84.5333 85.6
49.3438 86.4362 85.6383 84.5745 85.6383
49.4751 86.4721 85.6764 84.8806 85.4111
49.6063 86.5079 85.7143 84.9206 85.4497
49.7375 86.8074 85.752 84.9604 85.2243
49.8688 86.8421 85.7895 84.7368 85.2632
50 87.1391 85.8268 84.5144 85.3018
50.1312 86.911 85.8639 84.2932 85.0785
50.2625 87.2063 85.9008 84.3342 85.1175
50.3937 87.2396 85.9375 84.375 85.1562
50.5249 87.2727 85.7143 84.6753 84.9351
50.6562 87.3057 85.7513 84.456 84.715
50.7874 87.5969 86.0465 84.4961 84.7545
50.9186 87.6289 86.3402 84.5361 84.7938
51.0499 87.6607 86.6324 84.8329 84.5758
51.1811 87.4359 86.6667 84.8718 84.359
51.3123 87.468 86.7008 84.9105 84.399
51.4436 87.7551 86.9898 84.949 84.4388
51.5748 87.7863 87.2774 84.9873 84.4784
51.706 88.0711 87.3096 85.2792 84.5178
51.8373 88.1013 87.5949 85.3165 84.557
51.9685 88.3838 87.8788 85.6061 84.596
52.0997 88.1612 87.9093 85.3904 84.3829
52.231 87.9397 87.6884 85.4271 84.1709
52.3622 88.2206 87.7193 85.4637 84.2105
52.4934 88.5 88 85.5 84.25
52.6247 88.7781 88.2793 85.5362 84.2893
52.7559 88.806 88.3085 85.3234 84.0796
52.8871 89.0819 88.3375 85.6079 83.871
53.0184 89.3564 88.3663 85.396 83.9109
53.1496 89.3827 88.642 85.1852 83.9506
53.2808 89.4089 88.9163 85.2217 83.9901
53.4121 89.1892 88.9435 85.258 83.7838
53.5433 88.9706 88.9706 85.2941 83.5784
53.6745 88.9976 88.9976 85.3301 83.6186
53.8058 89.0244 89.2683 85.6098 83.6585
53.937 89.2944 89.2944 85.6448 83.6983
54.0682 89.3204 89.3204 85.6796 83.7379
54.1995 89.3462 89.3462 85.7143 83.7772
54.3307 89.1304 89.6135 85.7488 83.5749
54.4619 88.9157 89.6386 86.0241 83.3735
54.5932 88.9423 89.4231 85.8173 83.1731
54.7244 89.2086 89.6882 85.8513 82.9736
54.8556 89.2344 89.4737 85.8852 82.7751
54.9869 89.2601 89.4988 85.9189 82.8162
55.1181 89.5238 89.5238 85.9524 82.8571
55.2493 89.7862 89.5487 85.9857 82.8979
55.3806 89.8104 89.5735 85.782 82.7014
55.5118 89.8345 89.5981 85.8156 82.5059
55.643 89.8585 89.6226 85.8491 82.5472
55.7743 89.8824 89.6471 85.8824 82.5882
55.9055 89.6714 89.4366 85.6808 82.3944
56.0367 89.4614 89.2272 85.7143 82.2014
56.168 89.7196 89.2523 85.7477 82.243
56.2992 89.9767 89.5105 86.014 82.2844
56.4304 90 89.5349 86.0465 82.093
56.5617 90.0232 89.5592 86.0789 82.1346
56.6929 90.0463 89.3519 86.3426 81.9444
56.8241 89.8383 89.3764 86.1432 81.9861
56.9554 90.0922 89.4009 86.1751 82.2581
57.0866 89.8851 89.4253 85.977 82.069
57.2178 89.9083 89.4495 86.0092 81.8807
57.3491 89.7025 89.4737 86.27 81.6934
57.4803 89.9543 89.4977 86.3014 81.7352
57.6115 90.205 89.5216 86.5604 81.7768
57.7428 90 89.5455 86.8182 81.5909
57.874 90.0227 89.7959 87.0748 81.4059
58.0052 90.0452 89.819 87.1041 81.6742
58.1365 90.0677 89.842 87.1332 81.4898
58.2677 90.3153 89.8649 87.3874 81.5315
58.399 90.1124 89.8876 87.6404 81.3483
58.5302 90.3587 89.9103 87.8924 81.1659
58.6614 90.3803 90.1566 88.1432 81.2081
58.7927 90.625 90.4018 87.9464 81.0268
58.9239 90.6459 90.6459 88.196 81.069
59.0551 90.8889 90.6667 88.4444 81.1111
59.1864 91.1308 90.6874 88.6918 81.153
59.3176 91.1504 90.4867 88.9381 80.9735
59.4488 91.3907 90.5077 88.9625 80.7947
59.5801 91.4097 90.5286 88.9868 80.837
59.7113 91.4286 90.7692 89.011 80.6593
59.8425 91.4474 91.0088 89.0351 80.7018
59.9738 91.4661 90.8096 88.8403 80.744
60.105 91.4847 90.6114 89.083 80.5677
60.2362 91.5033 90.8497 89.1068 80.3922
60.3675 91.3043 90.6522 88.913 80.2174
60.4987 91.1063 90.6725 88.9371 80.0434
60.6299 90.9091 90.4762 89.1775 79.8701
60.7612 90.9287 90.2808 88.9849 79.6976
60.8924 90.7328 90.3017 88.7931 79.7414
61.0236 90.7527 90.1075 88.8172 79.5699
61.1549 90.9871 90.1288 88.8412 79.6137
61.2861 91.2206 90.364 88.651 79.4433
61.4173 91.2393 90.5983 88.6752 79.2735
61.5486 91.258 90.6183 88.9126 79.1045
61.6798 91.2766 90.8511 88.7234 79.1489
61.811 91.2951 91.0828 88.7473 78.9809
61.9423 91.5254 91.3136 88.9831 78.8136
62.0735 91.7548 91.3319 89.0063 78.6469
62.2047 91.7722 91.3502 89.0295 78.481
62.336 91.7895 91.3684 88.8421 78.5263
62.4672 92.0168 91.5966 88.8655 78.3613
62.5984 91.8239 91.6143 88.8889 78.1971
62.7297 91.841 91.4226 88.9121 78.0335
62.8609 92.0668 91.6493 88.9353 77.8706
62.9921 92.2917 91.6667 89.1667 77.9167
63.1234 92.0998 91.4761 88.9813 78.1705
63.2546 92.1162 91.4938 88.7967 78.2158
63.3858 92.3395 91.5114 89.0269 78.2609
63.5171 92.3554 91.3223 89.0496 78.0992
63.6483 92.1649 91.134 89.0722 77.9381
63.7795 92.1811 91.358 89.3004 77.9835
63.9108 92.4025 91.5811 89.3224 78.0287
64.042 92.2131 91.3934 89.3443 77.8689
64.1732 92.0245 91.411 89.1616 77.9141
64.3045 92.2449 91.4286 89.1837 77.9592
64.4357 92.057 91.446 89.4094 77.8004
64.5669 92.2764 91.4634 89.2276 77.6423
64.6982 92.2921 91.6836 89.4523 77.6876
64.8294 92.3077 91.7004 89.6761 77.7328
64.9606 92.1212 91.7172 89.697 77.5758
65.0919 92.3387 91.7339 89.9194 77.621
65.2231 92.1529 91.7505 89.9396 77.666
65.3543 92.1687 91.7671 89.9598 77.7108
65.4856 92.3848 91.7836 90.1804 77.7555
65.6168 92.4 91.8 90.2 77.6
65.748 92.4152 91.8164 90.4192 77.6447
65.8793 92.2311 91.8327 90.6375 77.49
66.0105 92.4453 91.8489 90.6561 77.336
66.1417 92.6587 91.8651 90.873 77.1825
66.273 92.4752 91.8812 91.0891 77.2277
66.4042 92.2925 91.6996 91.3043 77.2727
66.5354 92.3077 91.716 91.3215 77.1203
66.6667 92.3228 91.9291 91.5354 77.1654
66.7979 92.5344 92.1415 91.7485 77.0138
66.9291 92.7451 92.3529 91.7647 77.0588
67.0604 92.955 92.3679 91.7808 77.1037
67.1916 92.9688 92.3828 91.7969 77.1484
67.3228 92.9825 92.3977 92.0078 77.3879
67.4541 92.9961 92.607 92.0233 77.2374
67.5853 93.2039 92.8155 92.0388 77.2816
67.7165 93.4109 93.0233 92.0543 77.3256
67.8478 93.4236 93.0368 91.8762 77.176
67.979 93.6293 93.2432 91.8919 77.027
68.1102 93.6416 93.0636 91.7148 76.8786
68.2415 93.6538 93.2692 91.9231 76.7308
68.3727 93.666 93.4741 92.1305 76.5835
68.5039 93.4866 93.295 92.3372 76.6284
68.6352 93.6902 93.3078 92.543 76.673
68.7664 93.7023 93.1298 92.7481 76.5267
68.8976 93.5238 92.9524 92.7619 76.381
69.0289 93.5361 92.9658 92.7757 76.2357
69.1601 93.3586 92.7894 92.7894 76.2808
69.2913 93.1818 92.803 92.9924 76.1364
69.4226 93.1947 92.6276 93.0057 75.9924
69.5538 93.2075 92.8302 93.0189 75.8491
69.685 93.2203 93.032 93.2203 75.8945
69.8163 93.4211 93.2331 93.2331 75.7519
69.9475 93.4334 93.2458 93.4334 75.6098
70.0787 93.4457 93.2584 93.4457 75.6554
70.21 93.6449 93.271 93.271 75.514
70.3412 93.8433 93.4701 93.2836 75.3731
70.4724 93.6685 93.2961 93.4823 75.2328
70.6037 93.8662 93.4944 93.6803 75.0929
70.7349 93.8776 93.5065 93.692 74.9536
70.8661 93.8889 93.5185 93.7037 75
70.9974 93.9002 93.7153 93.7153 75.0462
71.1286 94.0959 93.9114 93.5424 74.9077
71.2598 94.1068 94.1068 93.5543 74.7698
71.3911 94.3015 94.3015 93.75 74.6324
71.5223 94.3119 94.4954 93.7615 74.6789
71.6535 94.5055 94.5055 93.7729 74.7253
71.7848 94.6984 94.6984 93.7843 74.7715
71.916 94.8905 94.8905 93.9781 74.8175
72.0472 94.8998 94.8998 93.9891 74.6812
72.1785 94.9091 94.9091 93.8182 74.7273
72.3097 94.9183 94.9183 94.0109 74.5917
72.4409 95.1087 95.1087 94.0217 74.6377
72.5722 94.9367 95.2984 94.0325 74.6835
72.7034 94.9458 95.1264 93.8628 74.5487
72.8346 94.955 95.3153 93.6937 74.5946
72.9659 94.7842 95.1439 93.705 74.6403
73.0971 94.614 94.9731 93.7163 74.5063
73.2283 94.8029 94.9821 93.7276 74.552
73.3596 94.8122 94.9911 93.9177 74.5975
73.4908 94.8214 95 93.9286 74.6429
73.622 94.6524 94.8307 94.1176 74.6881
73.7533 94.484 94.6619 93.9502 74.7331
73.8845 94.4938 94.4938 93.7833 74.9556
74.0157 94.6809 94.6809 93.7943 75
74.147 94.6903 94.6903 93.8053 74.8673
74.2782 94.6996 94.6996 93.8163 74.9117
74.4094 94.709 94.5326 93.8272 74.9559
74.5407 94.7183 94.7183 94.0141 74.8239
74.6719 94.9033 94.9033 93.8489 74.8682
74.8031 94.9123 94.9123 93.8596 74.7368
74.9344 94.7461 94.7461 93.8704 74.7811
75.0656 94.5804 94.5804 93.7063 75
75.1969 94.7644 94.7644 93.7173 75.0436
75.3281 94.5993 94.5993 93.7282 75.0871
75.4593 94.4348 94.4348 93.7391 75.3043
75.5906 94.2708 94.2708 93.9236 75.1736
75.7218 94.1075 94.1075 93.9341 75.3899
75.853 94.1176 94.1176 93.9446 75.4325
75.9843 93.9551 93.9551 93.7824 75.3022
76.1155 93.9655 93.9655 93.7931 75.1724
76.2467 93.9759 93.9759 93.8038 75.3873
76.378 93.9863 93.9863 93.8144 75.4296
76.5092 93.9966 93.9966 93.6535 75.4717
76.6404 93.8356 93.8356 93.6644 75.5137
76.7717 93.6752 93.6752 93.5043 75.5556
76.9029 93.686 93.686 93.3447 75.5973
77.0341 93.6968 93.6968 93.5264 75.4685
77.1654 93.7075 93.7075 93.5374 75.3401
77.2966 93.7182 93.7182 93.5484 75.2122
77.4278 93.7288 93.7288 93.5593 75.2542
77.5591 93.7394 93.7394 93.7394 75.2961
77.6903 93.5811 93.5811 93.75 75.3378
77.8215 93.7605 93.7605 93.7605 75.5481
77.9528 93.6027 93.6027 93.771 75.4209
78.084 93.6134 93.6134 93.7815 75.4622
78.2152 93.6242 93.6242 93.7919 75.5034
78.3465 93.4673 93.4673 93.9698 75.5444
78.4777 93.311 93.311 93.9799 75.7525
78.6089 93.3222 93.3222 94.1569 75.626
78.7402 93.5 93.5 94.1667 75.6667
78.8714 93.3444 93.3444 94.1764 75.5408
79.0026 93.1894 93.1894 94.3522 75.5814
79.1339 93.2007 93.2007 94.3615 75.6219
79.2651 93.0464 93.0464 94.3709 75.8278
79.3963 93.0579 93.0579 94.5455 75.7025
79.5276 93.0693 93.0693 94.5545 75.7426
79.6588 93.0807 93.0807 94.5634 75.9473
79.79 92.9276 92.9276 94.4079 76.1513
79.9213 93.1034 93.1034 94.4171 76.3547
80.0525 93.1148 93.1148 94.4262 76.5574
80.1837 92.9624 92.9624 94.4354 76.7594
80.315 92.9739 92.9739 94.6078 76.9608
80.4462 92.9853 92.9853 94.6166 77.1615
80.5774 92.9967 92.9967 94.6254 77.3616
80.7087 93.1707 93.1707 94.7967 77.3984
80.8399 93.0195 93.0195 94.6429 77.5974
80.9711 93.1929 93.1929 94.8136 77.7958
81.1024 93.0421 93.0421 94.822 77.9935
81.2336 92.8918 92.8918 94.9919 77.8675
81.3648 92.9032 92.9032 95.1613 78.0645
81.4961 92.9147 92.9147 95.1691 78.2609
81.6273 92.7653 92.7653 95.1768 78.4566
81.7585 92.9374 92.9374 95.3451 78.4912
81.8898 92.9487 92.9487 95.3526 78.6859
82.021 92.8 92.8 95.2 78.88
82.1522 92.9712 92.9712 95.2077 79.0735
82.2835 92.823 92.823 95.2153 79.1069
82.4147 92.6752 92.6752 95.2229 79.2994
82.5459 92.6868 92.6868 95.2305 79.3323
82.6772 92.5397 92.5397 95.2381 79.3651
82.8084 92.393 92.393 95.2456 79.3978
82.9396 92.2468 92.2468 95.4114 79.4304
83.0709 92.4171 92.4171 95.5766 79.6209
83.2021 92.5868 92.5868 95.7413 79.8107
83.3333 92.5984 92.5984 95.748 80
83.4646 92.4528 92.4528 95.7547 80.1887
83.5958 92.3077 92.3077 95.7614 80.3768
83.727 92.3197 92.3197 95.9248 80.5643
83.8583 92.3318 92.3318 95.7746 80.7512
83.9895 92.1875 92.1875 95.7812 80.9375
84.1207 92.1997 92.1997 95.9438 81.1232
84.252 92.2118 92.2118 95.9502 81.3084
84.3832 92.0684 92.0684 96.112 81.493
84.5144 92.0807 92.0807 96.118 81.677
84.6457 92.093 92.093 96.2791 81.8605
84.7769 92.1053 92.1053 96.2848 82.0433
84.9081 92.1175 92.1175 96.4451 82.2257
85.0394 92.284 92.284 96.6049 82.4074
85.1706 92.1418 92.1418 96.6102 82.5886
85.3018 92.3077 92.3077 96.4615 82.7692
85.4331 92.1659 92.1659 96.3134 82.9493
85.5643 92.0245 92.0245 96.4724 83.1288
85.6955 91.8836 91.8836 96.4778 83.3078
85.8268 92.0489 92.0489 96.6361 83.3333
85.958 91.9084 91.9084 96.7939 83.5115
86.0892 92.0732 92.0732 96.6463 83.689
86.2205 92.2374 92.2374 96.4992 83.8661
86.3517 92.2492 92.2492 96.5046 84.0426
86.4829 92.261 92.261 96.6616 84.2185
86.6142 92.2727 92.2727 96.8182 84.3939
86.7454 92.2844 92.2844 96.9743 84.5688
86.8766 92.4471 92.4471 97.1299 84.7432
87.0079 92.3077 92.3077 97.2851 84.917
87.1391 92.3193 92.3193 97.4398 85.0904
87.2703 92.4812 92.4812 97.594 85.2632
87.4016 92.3423 92.3423 97.4474 85.4354
87.5328 92.5037 92.5037 97.6012 85.6072
87.664 92.515 92.515 97.6048 85.7784
87.7953 92.3767 92.3767 97.6084 85.9492
87.9265 92.3881 92.3881 97.6119 86.1194
88.0577 92.3994 92.3994 97.6155 86.2891
88.189 92.2619 92.2619 97.619 86.4583
88.3202 92.2734 92.2734 97.6226 86.627
88.4514 92.4332 92.4332 97.7745 86.7953
88.5827 92.5926 92.5926 97.9259 86.963
88.7139 92.7515 92.7515 98.0769 87.1302
88.8451 92.6145 92.6145 98.0798 87.2969
88.9764 92.7729 92.7729 98.0826 87.4631
89.1076 92.7835 92.7835 98.2327 87.6289
89.2388 92.9412 92.9412 98.2353 87.7941
89.3701 92.9515 92.9515 98.2379 87.9589
89.5013 93.1085 93.1085 98.3871 88.1232
89.6325 92.9722 92.9722 98.3895 88.287
89.7638 92.9825 92.9825 98.538 88.4503
89.895 92.9927 92.9927 98.5401 88.6131
90.0262 93.0029 93.0029 98.5423 88.7755
90.1575 93.1587 93.1587 98.5444 88.9374
90.2887 93.1686 93.1686 98.5465 89.0988
90.4199 93.0334 93.0334 98.5486 89.2598
90.5512 93.0435 93.0435 98.5507 89.4203
90.6824 93.0535 93.0535 98.5528 89.5803
90.8136 93.2081 93.2081 98.5549 89.7399
90.9449 93.3622 93.3622 98.7013 89.899
91.0761 93.5159 93.5159 98.8473 90.0576
91.2073 93.6691 93.6691 98.8489 90.2158
91.3386 93.8218 93.8218 98.9943 90.3736
91.4698 93.8307 93.8307 98.9957 90.5308
91.601 93.9828 93.9828 99.1404 90.6877
91.7323 93.9914 93.9914 99.1416 90.8441
91.8635 94 94 99.1429 91
91.9948 94.0086 94.0086 99.1441 91.1555
92.126 94.0171 94.0171 99.1453 91.3105
92.2572 94.0256 94.0256 99.2888 91.4651
92.3885 94.1761 94.1761 99.1477 91.6193
92.5197 94.3262 94.3262 99.0071 91.773
92.6509 94.4759 94.4759 99.1501 91.9263
92.7822 94.6252 94.6252 99.0099 92.0792
92.9134 94.774 94.774 98.8701 92.2316
93.0446 94.9224 94.9224 98.7306 92.3836
93.1759 94.9296 94.9296 98.7324 92.5352
93.3071 95.0774 95.0774 98.7342 92.6864
93.4383 95.2247 95.2247 98.736 92.8371
93.5696 95.2314 95.2314 98.7377 92.9874
93.7008 95.3782 95.3782 98.5994 93.1373
93.832 95.5245 95.5245 98.4615 93.2867
93.9633 95.6704 95.6704 98.6034 93.4358
94.0945 95.6764 95.6764 98.6053 93.5844
94.2257 95.6825 95.6825 98.6072 93.7326
94.357 95.8275 95.8275 98.4701 93.8804
94.4882 95.9722 95.9722 98.3333 94.0278
94.6194 95.9778 95.9778 98.1969 94.1748
94.7507 95.9834 95.9834 98.338 94.3213
94.8819 95.9889 95.9889 98.2019 94.4675
95.0131 96.1326 96.1326 98.2044 94.6133
95.1444 96.2759 96.2759 98.3448 94.7586
95.2756 96.4187 96.4187 98.3471 94.9036
95.4068 96.5612 96.5612 98.3494 95.0481
95.5381 96.7033 96.7033 98.3516 95.1923
95.6693 96.845 96.845 98.3539 95.3361
95.8005 96.9863 96.9863 98.2192 95.4795
95.9318 96.9904 96.9904 98.3584 95.6224
96.063 97.1311 97.1311 98.3607 95.765
96.1942 97.2715 97.2715 98.3629 95.9072
96.3255 97.4114 97.4114 98.5014 96.049
96.4567 97.415 97.415 98.5034 96.1905
96.5879 97.5543 97.5543 98.6413 96.3315
96.7192 97.5577 97.5577 98.6431 96.4722
96.8504 97.561 97.561 98.645 96.6125
96.9816 97.6996 97.6996 98.6468 96.7524
97.1129 97.7027 97.7027 98.7838 96.8919
97.2441 97.7058 97.7058 98.7854 97.031
97.3753 97.8437 97.8437 98.7871 97.1698
97.5066 97.9812 97.9812 98.7887 97.3082
97.6378 98.1183 98.1183 98.9247 97.4462
97.769 98.1208 98.1208 98.9262 97.5839
97.9003 98.2574 98.2574 98.9276 97.7212
98.0315 98.3936 98.3936 99.0629 97.8581
98.1627 98.3957 98.3957 99.0642 97.9947
98.294 98.5314 98.5314 99.0654 98.1308
98.4252 98.6667 98.6667 99.2 98.2667
98.5564 98.8016 98.8016 99.2011 98.4021
98.6877 98.9362 98.9362 99.3351 98.5372
98.8189 99.0704 99.0704 99.336 98.672
98.9501 99.0716 99.0716 99.3369 98.8064
99.0814 99.0728 99.0728 99.3377 98.9404
99.2126 99.2063 99.2063 99.3386 99.0741
99.3438 99.2074 99.2074 99.4716 99.2074
99.4751 99.3404 99.3404 99.6042 99.3404
99.6063 99.473 99.473 99.6047 99.473
99.7375 99.6053 99.6053 99.7368 99.6053
99.8688 99.7372 99.7372 99.8686 99.7372
100 99.8688 99.8688 99.8688 99.8688
