4.25532 0 0 0 0
8.51064 0 0 25 0
12.766 33.3333 16.6667 50 16.6667
17.0213 25 12.5 50 25
21.2766 50 30 70 40
25.5319 50 33.3333 58.3333 50
29.7872 50 42.8571 57.1429 42.8571
34.0426 50 56.25 56.25 50
38.2979 66.6667 61.1111 61.1111 61.1111
42.5532 65 65 65 60
46.8085 68.1818 72.7273 63.6364 63.6364
51.0638 75 75 75 75
55.3191 76.9231 76.9231 73.0769 76.9231
59.5745 78.5714 75 67.8571 78.5714
63.8298 76.6667 80 70 76.6667
68.0851 84.375 81.25 78.125 78.125
72.3404 85.2941 85.2941 79.4118 82.3529
76.5957 86.1111 86.1111 80.5556 83.3333
80.8511 89.4737 89.4737 86.8421 86.8421
85.1064 90 90 90 87.5
89.3617 90.4762 90.4762 92.8571 88.0952
93.617 90.9091 90.9091 95.4545 88.6364
97.8723 95.6522 95.6522 97.8261 93.4783
102.128 97.9167 97.9167 100 95.8333
