1 1 0 0 1 nan inf 1
2 2 0 1 0.5 1 inf 1
3 2 0 1 0.5 1 inf 1
1 3 0 1 0.666667 1 inf 2
2 4 0 2 0.5 1.5 inf 2
3 4 0 2 0.5 1.5 inf 2
2 5 0 2 0.6 1.5 inf 2
3 6 0 3 0.5 1.66667 inf 2
5 6 0 3 0.5 1.66667 inf 2
3 6 0 3 0.5 1.66667 inf 2
2 7 0 3 0.571429 1.66667 inf 2
2 8 0 3 0.5 1.5 inf 2
3 8 0 3 0.5 1.5 inf 2
2 9 0 3 0.555556 1.5 inf 2
3 10 0 3 0.5 1.6 inf 3
4 11 0 4 0.454545 1.66667 inf 3
4 12 0 5 0.416667 1.57143 inf 3
4 13 0 6 0.384615 1.5 inf 3
4 14 0 7 0.357143 1.44444 inf 3
4 14 0 7 0.357143 1.44444 inf 3
3 14 0 7 0.357143 1.44444 inf 3
2 15 0 7 0.4 1.44444 inf 3
2 16 0 7 0.375 1.4 inf 3
3 17 0 8 0.352941 1.45455 inf 3
3 17 0 8 0.352941 1.45455 inf 3
1 18 0 8 0.388889 1.45455 inf 3
2 19 0 9 0.368421 1.5 inf 3
4 19 0 9 0.368421 1.5 inf 3
2 20 0 9 0.4 1.5 inf 3
3 21 0 10 0.380952 1.53846 inf 3
2 22 0 11 0.363636 1.5 inf 3
3 22 0 11 0.363636 1.5 inf 3
2 23 0 11 0.391304 1.5 inf 3
2 24 0 12 0.375 1.53333 inf 3
2 25 0 13 0.36 1.5 inf 3
2 26 0 14 0.346154 1.47059 inf 3
1 27 0 15 0.333333 1.44444 inf 3
0 28 0 16 0.321429 1.42105 inf 3
0 28 0 16 0.321429 1.42105 inf 3
