8 0 0 0 nan nan nan 1
6 0 0 0 nan nan nan 1
2 3348 0 10 0.554958 1.55503 inf 4
3 6696 0 11 0.556452 1.56195 inf 4
4 10044 0 11 0.549184 1.56559 inf 4
5 13392 0 18 0.546147 1.56746 inf 4
8 13392 0 18 0.546147 1.56746 inf 4
2 16740 0 18 0.541756 1.57502 inf 4
4 20088 0 18 0.537684 1.57489 inf 4
2 23436 0 18 0.534989 1.57644 inf 4
4 26784 0 18 0.530802 1.57667 inf 4
2 30132 0 18 0.524227 1.57533 inf 5
3 33480 0 18 0.522043 1.58024 inf 5
4 36828 0 18 0.520745 1.58476 inf 5
2 40176 0 18 0.519215 1.59003 inf 5
5 43524 0 18 0.518863 1.59309 inf 5
6 46872 0 18 0.515553 1.59149 inf 5
6 46872 0 18 0.515553 1.59149 inf 5
2 50220 0 18 0.513063 1.59471 inf 5
4 53568 0 18 0.512209 1.59636 inf 5
4 56916 0 18 0.510718 1.59638 inf 5
9 60264 0 18 0.510305 1.60184 inf 5
9 60264 0 18 0.510305 1.60184 inf 5
6 63612 0 18 0.509762 1.60491 inf 5
7 63612 0 18 0.509762 1.60491 inf 5
3 66960 0 18 0.509349 1.60766 inf 5
3 70308 0 18 0.508961 1.61195 inf 5
6 70308 0 18 0.508961 1.61195 inf 5
5 73656 0 18 0.508078 1.61632 inf 5
2 77004 0 19 0.507714 1.621 inf 5
7 80352 0 20 0.506783 1.62449 inf 5
5 83700 0 23 0.506547 1.62924 inf 5
8 83700 0 23 0.506547 1.62924 inf 5
3 87048 0 23 0.506663 1.63268 inf 5
4 87048 0 23 0.506663 1.63268 inf 5
5 90396 0 23 0.50635 1.63836 inf 5
2 93744 0 23 0.505718 1.64045 inf 5
5 97092 0 23 0.504542 1.64268 inf 5
5 100440 0 23 0.503903 1.64731 inf 5
3 103788 0 23 0.503719 1.65108 inf 5
4 103788 0 23 0.503719 1.65108 inf 5
5 107136 0 23 0.503192 1.65468 inf 5
5 107136 0 23 0.503192 1.65468 inf 5
9 110484 0 23 0.502706 1.65857 inf 5
0 112138 0 23 0.502934 1.6608 inf 5
