8 0 0 0 nan nan nan 1
20 10 0 9 0.1 1 inf 1
27 20 0 19 0.05 1 inf 1
39 30 0 29 0.0333333 1 inf 1
47 40 0 39 0.025 1 inf 1
9 50 0 44 0.06 1 inf 2
12 60 0 44 0.05 1 inf 2
11 70 0 44 0.0428571 1 inf 2
18 80 0 44 0.0375 1 inf 2
24 90 0 44 0.0333333 1 inf 2
27 100 0 44 0.03 1 inf 2
30 110 0 46 0.0272727 1 inf 2
30 120 0 48 0.025 1 inf 2
39 130 0 53 0.0230769 1 inf 2
41 140 0 60 0.0214286 1 inf 2
44 150 0 65 0.02 1 inf 2
45 160 0 68 0.01875 1 inf 2
12 170 0 69 0.0235294 1 inf 2
27 180 0 69 0.0222222 1 inf 2
42 190 0 69 0.0210526 1 inf 2
2 200 0 69 0.025 1 inf 2
8 210 0 69 0.0380952 1 inf 2
11 220 0 69 0.0363636 1.00472 inf 2
13 230 0 69 0.0347826 1.0045 inf 2
19 240 0 69 0.0333333 1.00431 inf 2
20 250 0 69 0.032 1.00413 inf 2
23 260 0 69 0.0307692 1.00397 inf 2
31 270 0 69 0.0296296 1.00382 inf 2
33 280 0 69 0.0285714 1.00368 inf 2
39 290 0 69 0.0275862 1.00355 inf 2
45 300 0 69 0.0266667 1.00342 inf 2
48 310 0 69 0.0258065 1.00331 inf 2
4 320 0 69 0.028125 1.00643 inf 3
11 330 0 69 0.030303 1.00625 inf 3
15 340 0 69 0.0294118 1.00606 inf 3
23 350 0 69 0.0285714 1.00588 inf 3
29 360 0 69 0.0277778 1.00571 inf 3
33 370 0 69 0.027027 1.00556 inf 3
38 380 0 69 0.0263158 1.00541 inf 3
40 390 0 69 0.025641 1.00526 inf 3
48 400 0 69 0.025 1.00513 inf 3
4 410 0 69 0.0268293 1.00501 inf 3
14 420 0 69 0.0261905 1.00489 inf 3
20 430 0 69 0.027907 1.00478 inf 3
23 440 0 69 0.0272727 1.00467 inf 3
29 450 0 69 0.0266667 1.00457 inf 3
33 460 0 69 0.026087 1.00446 inf 3
37 470 0 69 0.0255319 1.00437 inf 3
41 480 0 69 0.025 1.00427 inf 3
49 490 0 69 0.0244898 1.00418 inf 3
16 500 0 69 0.026 1.00411 inf 3
15 510 0 69 0.0254902 1.00402 inf 3
22 520 0 69 0.025 1.00394 inf 3
31 530 0 69 0.0245283 1.00387 inf 3
32 540 0 69 0.0240741 1.0038 inf 3
42 550 0 69 0.0236364 1.00372 inf 3
46 560 0 69 0.0232143 1.00366 inf 3
51 570 0 76 0.022807 1.00359 inf 3
5 570 0 76 0.022807 1.00359 inf 3
17 580 0 76 0.0241379 1.00353 inf 3
26 590 0 76 0.0237288 1.00347 inf 3
37 600 0 76 0.0233333 1.00341 inf 3
49 610 0 76 0.0229508 1.00336 inf 3
5 620 0 76 0.0258065 1.00331 inf 3
11 630 0 76 0.0253968 1.00326 inf 3
20 640 0 76 0.025 1.00321 inf 3
30 650 0 76 0.0246154 1.00315 inf 3
39 660 0 76 0.0242424 1.00311 inf 3
44 670 0 76 0.0238806 1.00306 inf 3
49 680 0 76 0.0235294 1.00301 inf 3
16 690 0 76 0.0246377 1.00297 inf 3
18 700 0 76 0.0242857 1.00293 inf 3
28 710 0 76 0.0239437 1.00289 inf 3
34 720 0 76 0.0236111 1.00284 inf 3
44 730 0 76 0.0232877 1.00281 inf 3
47 740 0 76 0.022973 1.00277 inf 3
49 750 0 76 0.0226667 1.00273 inf 3
10 760 0 76 0.025 1.0027 inf 3
14 770 0 76 0.0246753 1.00266 inf 3
22 780 0 76 0.024359 1.00263 inf 3
21 790 0 76 0.0240506 1.00259 inf 3
30 800 0 76 0.02375 1.00256 inf 3
28 810 0 76 0.0234568 1.00253 inf 3
32 820 0 76 0.0231707 1.0025 inf 3
38 830 0 77 0.0228916 1.00247 inf 3
43 840 0 87 0.022619 1.00244 inf 3
47 850 0 97 0.0223529 1.00241 inf 3
8 860 0 102 0.0255814 1.00358 inf 3
13 870 0 102 0.0252874 1.00354 inf 3
14 880 0 102 0.025 1.0035 inf 3
14 890 0 102 0.0247191 1.00346 inf 3
18 900 0 102 0.0244444 1.00342 inf 3
20 910 0 102 0.0241758 1.00338 inf 3
23 920 0 102 0.023913 1.00334 inf 3
23 930 0 102 0.0236559 1.0033 inf 3
28 940 0 102 0.0234043 1.00327 inf 3
27 950 0 102 0.0231579 1.00323 inf 3
30 960 0 102 0.0229167 1.0032 inf 3
34 970 0 112 0.0226804 1.00316 inf 3
34 980 0 122 0.022449 1.00313 inf 3
36 990 0 132 0.0222222 1.0031 inf 3
35 1000 0 142 0.022 1.00307 inf 3
39 1010 0 152 0.0217822 1.00304 inf 3
43 1020 0 162 0.0215686 1.00301 inf 3
5 1030 0 171 0.0223301 1.00298 inf 3
8 1040 0 171 0.025 1.00493 inf 3
15 1050 0 171 0.0247619 1.00488 inf 3
13 1060 0 171 0.0245283 1.00484 inf 3
12 1070 0 171 0.0242991 1.00479 inf 3
18 1080 0 171 0.0240741 1.00474 inf 3
20 1090 0 171 0.0238532 1.0047 inf 3
18 1100 0 171 0.0236364 1.00466 inf 3
21 1110 0 171 0.0234234 1.00461 inf 3
24 1120 0 171 0.0232143 1.00457 inf 3
27 1130 0 171 0.0230088 1.00453 inf 3
34 1140 0 171 0.022807 1.00449 inf 3
36 1150 0 171 0.0226087 1.00445 inf 3
39 1160 0 171 0.0224138 1.00441 inf 3
43 1170 0 171 0.0222222 1.00437 inf 3
46 1180 0 171 0.0220339 1.00433 inf 3
45 1190 0 171 0.0218487 1.0043 inf 3
51 1200 0 171 0.0216667 1.00426 inf 3
30 1200 0 171 0.0216667 1.00426 inf 3
27 1210 0 171 0.022314 1.00423 inf 3
28 1220 0 171 0.0229508 1.00419 inf 3
23 1230 0 171 0.0227642 1.00416 inf 3
21 1240 0 171 0.0225806 1.00413 inf 3
22 1250 0 171 0.0224 1.00409 inf 3
31 1260 0 171 0.0222222 1.00406 inf 3
33 1270 0 171 0.0220472 1.00403 inf 3
35 1280 0 171 0.021875 1.00399 inf 3
39 1290 0 171 0.0217054 1.00396 inf 3
44 1300 0 171 0.0215385 1.00393 inf 3
48 1310 0 171 0.021374 1.0039 inf 3
5 1320 0 171 0.0242424 1.00621 inf 3
5 1330 0 171 0.024812 1.00694 inf 3
10 1340 0 171 0.0246269 1.00689 inf 3
9 1350 0 171 0.0244444 1.00683 inf 3
15 1360 0 171 0.0242647 1.00678 inf 3
18 1370 0 171 0.0240876 1.00673 inf 3
29 1380 0 171 0.023913 1.00668 inf 3
32 1390 0 171 0.023741 1.00663 inf 3
38 1400 0 171 0.0235714 1.00658 inf 3
37 1410 0 171 0.0234043 1.00654 inf 3
33 1420 0 171 0.0232394 1.00649 inf 3
37 1430 0 171 0.0230769 1.00644 inf 3
44 1440 0 171 0.0229167 1.0064 inf 3
46 1450 0 171 0.0227586 1.00635 inf 3
49 1460 0 171 0.0226027 1.00631 inf 3
10 1470 0 171 0.0231293 1.00627 inf 3
9 1480 0 171 0.022973 1.00622 inf 3
9 1490 0 171 0.0234899 1.00619 inf 3
12 1500 0 171 0.0233333 1.00614 inf 3
15 1510 0 171 0.0231788 1.0061 inf 3
18 1520 0 171 0.0230263 1.00606 inf 3
18 1530 0 171 0.0228758 1.00602 inf 3
21 1540 0 171 0.0227273 1.00598 inf 3
23 1550 0 171 0.0225806 1.00594 inf 3
26 1560 0 171 0.0224359 1.0059 inf 3
29 1570 0 171 0.022293 1.00586 inf 3
32 1580 0 171 0.0221519 1.00583 inf 3
36 1590 0 171 0.0220126 1.00579 inf 3
39 1600 0 171 0.021875 1.00575 inf 3
37 1610 0 171 0.0217391 1.00571 inf 3
40 1620 0 171 0.0216049 1.00568 inf 3
41 1630 0 171 0.0214724 1.00564 inf 3
44 1640 0 171 0.0213415 1.00561 inf 3
44 1650 0 171 0.0212121 1.00557 inf 3
48 1660 0 171 0.0210843 1.00554 inf 3
47 1670 0 171 0.0209581 1.0055 inf 3
7 1680 0 171 0.0214286 1.00547 inf 3
15 1690 0 171 0.0213018 1.00544 inf 3
16 1700 0 171 0.0211765 1.00541 inf 3
22 1710 0 171 0.0210526 1.00538 inf 3
24 1720 0 171 0.0209302 1.00534 inf 3
29 1730 0 171 0.0208092 1.00531 inf 3
35 1740 0 171 0.0206897 1.00528 inf 3
42 1750 0 171 0.0205714 1.00525 inf 3
51 1760 0 171 0.0204545 1.00522 inf 3
1 1760 0 171 0.0204545 1.00522 inf 3
11 1770 0 171 0.0214689 1.0052 inf 3
11 1780 0 171 0.0219101 1.00517 inf 3
14 1790 0 171 0.0217877 1.00514 inf 3
16 1800 0 171 0.0216667 1.00511 inf 3
18 1810 0 171 0.021547 1.00508 inf 3
19 1820 0 171 0.0214286 1.00505 inf 3
28 1830 0 171 0.0213115 1.00503 inf 3
31 1840 0 171 0.0211957 1.005 inf 3
35 1850 0 171 0.0210811 1.00497 inf 3
38 1860 0 171 0.0209677 1.00494 inf 3
47 1870 0 171 0.0208556 1.00492 inf 3
50 1880 0 171 0.0207447 1.00489 inf 3
9 1890 0 171 0.021164 1.00486 inf 3
12 1900 0 171 0.0215789 1.00484 inf 3
16 1910 0 171 0.021466 1.00482 inf 3
21 1920 0 171 0.0213542 1.00479 inf 3
23 1930 0 171 0.0212435 1.00476 inf 3
27 1940 0 171 0.021134 1.00474 inf 3
27 1950 0 171 0.0210256 1.00471 inf 3
30 1960 0 171 0.0209184 1.00469 inf 3
28 1970 0 171 0.0213198 1.00467 inf 3
32 1980 0 171 0.0212121 1.00464 inf 3
35 1990 0 171 0.0211055 1.00462 inf 3
37 2000 0 171 0.021 1.0046 inf 3
41 2010 0 171 0.0208955 1.00457 inf 3
46 2020 0 171 0.0207921 1.00455 inf 3
48 2030 0 171 0.0206897 1.00453 inf 3
50 2040 0 171 0.0205882 1.0045 inf 3
11 2050 0 171 0.0214634 1.00449 inf 3
10 2060 0 171 0.0218447 1.00447 inf 3
13 2070 0 171 0.0217391 1.00444 inf 3
15 2080 0 171 0.0216346 1.00442 inf 3
18 2090 0 171 0.0215311 1.0044 inf 3
21 2100 0 171 0.0214286 1.00438 inf 3
24 2110 0 171 0.021327 1.00436 inf 3
26 2120 0 171 0.0212264 1.00434 inf 3
28 2130 0 171 0.0211268 1.00432 inf 3
31 2140 0 171 0.021028 1.0043 inf 3
34 2150 0 171 0.0209302 1.00428 inf 3
34 2160 0 171 0.0208333 1.00426 inf 3
36 2170 0 171 0.0207373 1.00424 inf 3
38 2180 0 171 0.0206422 1.00422 inf 3
41 2190 0 171 0.0205479 1.0042 inf 3
42 2200 0 171 0.0204545 1.00418 inf 3
43 2210 0 171 0.020362 1.00416 inf 3
46 2220 0 171 0.0202703 1.00414 inf 3
48 2230 0 171 0.0201794 1.00412 inf 3
6 2240 0 171 0.0205357 1.0041 inf 3
12 2250 0 171 0.0208889 1.00409 inf 3
17 2260 0 171 0.0207965 1.00407 inf 3
29 2270 0 171 0.0207048 1.00405 inf 3
41 2280 0 171 0.020614 1.00403 inf 3
46 2290 0 171 0.020524 1.00401 inf 3
4 2300 0 171 0.0208696 1.004 inf 3
7 2310 0 171 0.021645 1.00398 inf 3
11 2320 0 171 0.0215517 1.00396 inf 3
13 2330 0 171 0.0214592 1.00395 inf 3
10 2340 0 171 0.0213675 1.00393 inf 3
16 2350 0 171 0.0212766 1.00391 inf 3
20 2360 0 171 0.0211864 1.0039 inf 3
21 2370 0 171 0.021097 1.00388 inf 3
22 2380 0 171 0.0210084 1.00386 inf 3
27 2390 0 171 0.0209205 1.00385 inf 3
28 2400 0 171 0.0208333 1.00383 inf 3
29 2410 0 171 0.0207469 1.00381 inf 3
32 2420 0 171 0.0206612 1.0038 inf 3
33 2430 0 171 0.0205761 1.00378 inf 3
36 2440 0 171 0.0204918 1.00377 inf 3
38 2450 0 171 0.0204082 1.00375 inf 3
40 2460 0 171 0.0203252 1.00373 inf 3
43 2470 0 171 0.0202429 1.00372 inf 3
46 2480 0 171 0.0201613 1.0037 inf 3
47 2490 0 171 0.0200803 1.00369 inf 3
51 2500 0 171 0.02 1.00367 inf 3
2 2500 0 171 0.02 1.00367 inf 3
5 2510 0 171 0.0211155 1.00366 inf 3
7 2520 0 171 0.0210317 1.00365 inf 3
9 2530 0 171 0.0209486 1.00363 inf 3
12 2540 0 171 0.0208661 1.00362 inf 3
14 2550 0 171 0.0207843 1.0036 inf 3
16 2560 0 171 0.0207031 1.00359 inf 3
14 2570 0 171 0.0206226 1.00358 inf 3
19 2580 0 171 0.0205426 1.00356 inf 3
20 2590 0 171 0.0204633 1.00355 inf 3
20 2600 0 171 0.0203846 1.00353 inf 3
22 2610 0 171 0.0203065 1.00352 inf 3
25 2620 0 171 0.020229 1.00351 inf 3
26 2630 0 171 0.0201521 1.00349 inf 3
28 2640 0 171 0.0200758 1.00348 inf 3
32 2650 0 171 0.02 1.00347 inf 3
35 2660 0 171 0.0199248 1.00345 inf 3
35 2670 0 171 0.0198502 1.00344 inf 3
39 2680 0 171 0.0197761 1.00343 inf 3
41 2690 0 171 0.0197026 1.00341 inf 3
43 2700 0 171 0.0196296 1.0034 inf 3
49 2710 0 171 0.0195572 1.00339 inf 3
49 2720 0 171 0.0194853 1.00337 inf 3
7 2730 0 171 0.0197802 1.00336 inf 3
12 2740 0 171 0.019708 1.00335 inf 3
17 2750 0 171 0.0196364 1.00334 inf 3
24 2760 0 171 0.0195652 1.00333 inf 3
24 2770 0 171 0.0194946 1.00331 inf 3
29 2780 0 171 0.0194245 1.0033 inf 3
26 2790 0 171 0.0193548 1.00329 inf 3
30 2800 0 171 0.0192857 1.00328 inf 3
30 2810 0 171 0.0192171 1.00327 inf 3
30 2820 0 171 0.0191489 1.00325 inf 3
30 2830 0 171 0.0190813 1.00324 inf 3
30 2840 0 171 0.0190141 1.00323 inf 3
32 2850 0 171 0.0189474 1.00322 inf 3
33 2860 0 171 0.0188811 1.00321 inf 3
37 2870 0 171 0.0188153 1.0032 inf 3
45 2880 0 171 0.01875 1.00318 inf 3
9 2890 0 171 0.0193772 1.00318 inf 3
11 2900 0 171 0.0193103 1.00316 inf 3
10 2910 0 171 0.019244 1.00315 inf 3
10 2920 0 171 0.0191781 1.00314 inf 3
17 2930 0 171 0.0191126 1.00313 inf 3
20 2940 0 171 0.0190476 1.00312 inf 3
23 2950 0 171 0.0189831 1.00311 inf 3
33 2960 0 171 0.0189189 1.0031 inf 3
34 2970 0 171 0.0188552 1.00309 inf 3
37 2980 0 171 0.0187919 1.00308 inf 3
40 2990 0 171 0.0187291 1.00307 inf 3
43 3000 0 171 0.0186667 1.00306 inf 3
49 3010 0 171 0.0186047 1.00305 inf 3
14 3020 0 171 0.0192053 1.00304 inf 3
18 3030 0 171 0.0191419 1.00303 inf 3
21 3040 0 171 0.0190789 1.00302 inf 3
27 3050 0 171 0.0190164 1.00301 inf 3
34 3060 0 171 0.0189542 1.003 inf 3
39 3070 0 171 0.0188925 1.00299 inf 3
43 3080 0 171 0.0188312 1.00298 inf 3
48 3090 0 171 0.0187702 1.00297 inf 3
6 3100 0 171 0.0193548 1.00296 inf 3
12 3110 0 171 0.0192926 1.00295 inf 3
14 3120 0 171 0.0192308 1.00294 inf 3
13 3130 0 171 0.0191693 1.00293 inf 3
17 3140 0 171 0.0191083 1.00292 inf 3
18 3150 0 171 0.0190476 1.00291 inf 3
20 3160 0 171 0.0189873 1.0029 inf 3
24 3170 0 171 0.0189274 1.00289 inf 3
28 3180 0 171 0.0188679 1.00288 inf 3
27 3190 0 171 0.0188088 1.00288 inf 3
27 3200 0 171 0.01875 1.00287 inf 3
29 3210 0 171 0.0186916 1.00286 inf 3
30 3220 0 171 0.0186335 1.00285 inf 3
34 3230 0 171 0.0185759 1.00284 inf 3
36 3240 0 171 0.0185185 1.00283 inf 3
37 3250 0 171 0.0184615 1.00282 inf 3
39 3260 0 171 0.0184049 1.00281 inf 3
40 3270 0 171 0.0183486 1.0028 inf 3
39 3280 0 171 0.0182927 1.0028 inf 3
44 3290 0 171 0.0182371 1.00279 inf 3
47 3300 0 171 0.0181818 1.00278 inf 3
46 3310 0 171 0.0181269 1.00277 inf 3
47 3320 0 171 0.0180723 1.00276 inf 3
42 3330 0 171 0.018018 1.00275 inf 3
39 3340 0 171 0.0179641 1.00274 inf 3
42 3350 0 171 0.0179104 1.00274 inf 3
51 3360 0 171 0.0178571 1.00273 inf 3
2 3360 0 171 0.0178571 1.00273 inf 3
13 3370 0 171 0.0183976 1.00272 inf 3
20 3380 0 171 0.0183432 1.00271 inf 3
33 3390 0 171 0.0182891 1.0027 inf 3
30 3400 0 171 0.0182353 1.0027 inf 3
35 3410 0 171 0.0181818 1.00269 inf 3
38 3420 0 171 0.0181287 1.00268 inf 3
39 3430 0 171 0.0180758 1.00267 inf 3
42 3440 0 171 0.0180233 1.00266 inf 3
47 3450 0 171 0.017971 1.00266 inf 3
17 3460 0 171 0.0184971 1.00265 inf 3
16 3470 0 171 0.0184438 1.00264 inf 3
20 3480 0 171 0.0183908 1.00263 inf 3
28 3490 0 171 0.0183381 1.00263 inf 3
30 3500 0 171 0.0182857 1.00262 inf 3
31 3510 0 171 0.0182336 1.00261 inf 3
38 3520 0 171 0.0181818 1.0026 inf 3
47 3530 0 171 0.0181303 1.0026 inf 3
49 3540 0 171 0.0180791 1.00259 inf 3
20 3550 0 171 0.0185915 1.00258 inf 3
26 3560 0 171 0.0185393 1.00258 inf 3
25 3570 0 171 0.0184874 1.00257 inf 3
34 3580 0 171 0.0184358 1.00256 inf 3
47 3590 0 171 0.0183844 1.00255 inf 3
8 3600 0 171 0.0186111 1.00255 inf 3
8 3610 0 171 0.0188366 1.00254 inf 3
6 3620 0 171 0.0187845 1.00253 inf 3
13 3630 0 171 0.0187328 1.00253 inf 3
9 3640 0 171 0.018956 1.00252 inf 3
9 3650 0 171 0.0189041 1.00251 inf 3
14 3660 0 171 0.0188525 1.00251 inf 3
14 3670 0 171 0.0188011 1.0025 inf 3
17 3680 0 171 0.01875 1.00249 inf 3
19 3690 0 171 0.0186992 1.00249 inf 3
20 3700 0 171 0.0186486 1.00248 inf 3
22 3710 0 171 0.0185984 1.00247 inf 3
23 3720 0 171 0.0185484 1.00247 inf 3
25 3730 0 171 0.0184987 1.00246 inf 3
26 3740 0 171 0.0184492 1.00245 inf 3
29 3750 0 171 0.0184 1.00244 inf 3
30 3760 0 171 0.0183511 1.00244 inf 3
28 3770 0 171 0.0183024 1.00243 inf 3
32 3780 0 171 0.018254 1.00243 inf 3
28 3790 0 171 0.0182058 1.00242 inf 3
33 3800 0 171 0.0181579 1.00241 inf 3
35 3810 0 171 0.0181102 1.00241 inf 3
39 3820 0 171 0.0180628 1.0024 inf 3
36 3830 0 171 0.0180157 1.00239 inf 3
39 3840 0 171 0.0179687 1.00239 inf 3
40 3850 0 171 0.0179221 1.00238 inf 3
40 3860 0 171 0.0178756 1.00237 inf 3
42 3870 0 171 0.0178295 1.00237 inf 3
41 3880 0 171 0.0177835 1.00236 inf 3
46 3890 0 171 0.0177378 1.00236 inf 3
47 3900 0 171 0.0176923 1.00235 inf 3
50 3910 0 171 0.0176471 1.00234 inf 3
9 3920 0 171 0.0181122 1.00234 inf 3
15 3930 0 171 0.0180662 1.00233 inf 3
14 3940 0 171 0.0180203 1.00233 inf 3
21 3950 0 171 0.0179747 1.00232 inf 3
26 3960 0 171 0.0179293 1.00231 inf 3
30 3970 0 171 0.0178841 1.00231 inf 3
35 3980 0 171 0.0178392 1.0023 inf 3
38 3990 0 171 0.0177945 1.0023 inf 3
44 4000 0 171 0.01775 1.00229 inf 3
48 4010 0 171 0.0177057 1.00228 inf 3
51 4020 0 171 0.0176617 1.00228 inf 3
11 4020 0 171 0.0176617 1.00228 inf 3
11 4030 0 171 0.017866 1.00227 inf 3
14 4040 0 171 0.0178218 1.00227 inf 3
17 4050 0 171 0.0177778 1.00226 inf 3
24 4060 0 171 0.017734 1.00226 inf 3
27 4070 0 171 0.0176904 1.00225 inf 3
34 4080 0 171 0.0176471 1.00225 inf 3
39 4090 0 171 0.0176039 1.00224 inf 3
50 4100 0 171 0.017561 1.00223 inf 3
7 4110 0 171 0.0180049 1.00223 inf 3
9 4120 0 171 0.0179612 1.00222 inf 3
12 4130 0 171 0.0179177 1.00222 inf 3
12 4140 0 171 0.0178744 1.00221 inf 3
17 4150 0 171 0.0178313 1.00221 inf 3
19 4160 0 171 0.0177885 1.0022 inf 3
21 4170 0 171 0.0177458 1.0022 inf 3
26 4180 0 171 0.0177033 1.00219 inf 3
31 4190 0 171 0.0176611 1.00219 inf 3
35 4200 0 171 0.017619 1.00218 inf 3
38 4210 0 171 0.0175772 1.00218 inf 3
42 4220 0 171 0.0175355 1.00217 inf 3
40 4230 0 171 0.0174941 1.00217 inf 3
45 4240 0 171 0.0174528 1.00216 inf 3
48 4250 0 171 0.0174118 1.00216 inf 3
48 4260 0 171 0.0173709 1.00215 inf 3
8 4270 0 171 0.0177986 1.00215 inf 3
17 4280 0 171 0.017757 1.00214 inf 3
20 4290 0 171 0.0177156 1.00214 inf 3
26 4300 0 171 0.0176744 1.00213 inf 3
34 4310 0 171 0.0176334 1.00213 inf 3
36 4320 0 171 0.0175926 1.00212 inf 3
41 4330 0 171 0.017552 1.00212 inf 3
40 4340 0 171 0.0175115 1.00211 inf 3
45 4350 0 171 0.0174713 1.00211 inf 3
2 4360 0 171 0.0178899 1.0021 inf 3
9 4370 0 171 0.0180778 1.0021 inf 3
15 4380 0 171 0.0180365 1.00209 inf 3
23 4390 0 171 0.0179954 1.00209 inf 3
32 4400 0 171 0.0179545 1.00208 inf 3
35 4410 0 171 0.0179138 1.00208 inf 3
34 4420 0 171 0.0178733 1.00207 inf 3
31 4430 0 171 0.017833 1.00207 inf 3
31 4440 0 171 0.0177928 1.00206 inf 3
33 4450 0 171 0.0177528 1.00206 inf 3
35 4460 0 171 0.017713 1.00205 inf 3
36 4470 0 171 0.0176734 1.00205 inf 3
39 4480 0 171 0.0176339 1.00204 inf 3
45 4490 0 171 0.0175947 1.00204 inf 3
45 4500 0 171 0.0175556 1.00204 inf 3
47 4510 0 171 0.0175166 1.00203 inf 3
5 4520 0 171 0.0179204 1.00203 inf 3
12 4530 0 171 0.0178808 1.00202 inf 3
19 4540 0 171 0.0178414 1.00202 inf 3
24 4550 0 171 0.0178022 1.00201 inf 3
25 4560 0 171 0.0177632 1.00201 inf 3
27 4570 0 171 0.0177243 1.002 inf 3
25 4580 0 171 0.0176856 1.002 inf 3
30 4590 0 171 0.0176471 1.002 inf 3
34 4600 0 171 0.0176087 1.00199 inf 3
39 4610 0 171 0.0175705 1.00199 inf 3
43 4620 0 171 0.0175325 1.00198 inf 3
48 4630 0 171 0.0174946 1.00198 inf 3
51 4640 0 171 0.0174569 1.00197 inf 3
2 4640 0 171 0.0174569 1.00197 inf 3
9 4650 0 171 0.0176344 1.00197 inf 3
8 4660 0 171 0.0178112 1.00197 inf 3
13 4670 0 171 0.017773 1.00196 inf 3
10 4680 0 171 0.0179487 1.00196 inf 3
14 4690 0 171 0.0179104 1.00195 inf 3
15 4700 0 171 0.0178723 1.00195 inf 3
17 4710 0 171 0.0178344 1.00195 inf 3
17 4720 0 171 0.0177966 1.00194 inf 3
18 4730 0 171 0.017759 1.00194 inf 3
22 4740 0 171 0.0177215 1.00193 inf 3
22 4750 0 171 0.0176842 1.00193 inf 3
22 4760 0 171 0.0176471 1.00192 inf 3
21 4770 0 171 0.0176101 1.00192 inf 3
25 4780 0 171 0.0175732 1.00192 inf 3
25 4790 0 171 0.0175365 1.00191 inf 3
28 4800 0 171 0.0175 1.00191 inf 3
29 4810 0 171 0.0174636 1.0019 inf 3
31 4820 0 171 0.0174274 1.0019 inf 3
34 4830 0 171 0.0173913 1.0019 inf 3
36 4840 0 171 0.0173554 1.00189 inf 3
36 4850 0 171 0.0173196 1.00189 inf 3
38 4860 0 171 0.017284 1.00188 inf 3
40 4870 0 171 0.0172485 1.00188 inf 3
40 4880 0 171 0.0172131 1.00188 inf 3
42 4890 0 171 0.0171779 1.00187 inf 3
41 4900 0 171 0.0171429 1.00187 inf 3
43 4910 0 171 0.0171079 1.00186 inf 3
44 4920 0 171 0.0170732 1.00186 inf 3
43 4930 0 171 0.0170385 1.00186 inf 3
43 4940 0 171 0.017004 1.00185 inf 3
46 4950 0 171 0.0169697 1.00185 inf 3
46 4960 0 171 0.0169355 1.00185 inf 3
49 4970 0 171 0.0169014 1.00184 inf 3
48 4980 0 171 0.0168675 1.00184 inf 3
48 4990 0 171 0.0168337 1.00183 inf 3
3 5000 0 171 0.017 1.00183 inf 3
10 5010 0 171 0.0175649 1.00183 inf 3
13 5020 0 171 0.0175299 1.00203 inf 3
15 5030 0 171 0.017495 1.00202 inf 3
21 5040 0 171 0.0174603 1.00202 inf 3
20 5050 0 171 0.0174257 1.00202 inf 3
18 5060 0 171 0.0173913 1.00201 inf 3
25 5070 0 171 0.017357 1.00201 inf 3
30 5080 0 171 0.0173228 1.002 inf 3
33 5090 0 171 0.0172888 1.002 inf 3
32 5100 0 171 0.0172549 1.002 inf 3
31 5110 0 171 0.0172211 1.00199 inf 3
37 5120 0 171 0.0171875 1.00199 inf 3
35 5130 0 171 0.017154 1.00198 inf 3
39 5140 0 171 0.0171206 1.00198 inf 3
44 5150 0 171 0.0170874 1.00198 inf 3
47 5160 0 171 0.0170543 1.00197 inf 3
6 5170 0 171 0.0172147 1.00197 inf 3
15 5180 0 171 0.0171815 1.00196 inf 3
19 5190 0 171 0.0171484 1.00196 inf 3
28 5200 0 171 0.0171154 1.00196 inf 3
32 5210 0 171 0.0170825 1.00195 inf 3
43 5220 0 171 0.0170498 1.00195 inf 3
13 5230 0 171 0.0172084 1.00195 inf 3
17 5240 0 171 0.0171756 1.00194 inf 3
19 5250 0 171 0.0171429 1.00194 inf 3
18 5260 0 171 0.0171103 1.00193 inf 3
19 5270 0 171 0.0170778 1.00193 inf 3
16 5280 0 171 0.0170455 1.00193 inf 3
24 5290 0 171 0.0170132 1.00192 inf 3
28 5300 0 171 0.0169811 1.00192 inf 3
36 5310 0 171 0.0169492 1.00192 inf 3
40 5320 0 171 0.0169173 1.00191 inf 3
43 5330 0 171 0.0168856 1.00191 inf 3
50 5340 0 171 0.0168539 1.0019 inf 3
4 5350 0 171 0.0171963 1.00209 inf 3
4 5360 0 171 0.0175373 1.00228 inf 3
6 5370 0 171 0.0175047 1.00227 inf 3
8 5380 0 171 0.0174721 1.00227 inf 3
11 5390 0 171 0.0174397 1.00227 inf 3
16 5400 0 171 0.0174074 1.00226 inf 3
16 5410 0 171 0.0173752 1.00226 inf 3
15 5420 0 171 0.0173432 1.00225 inf 3
22 5430 0 171 0.0173112 1.00225 inf 3
23 5440 0 171 0.0172794 1.00224 inf 3
21 5450 0 171 0.0172477 1.00224 inf 3
28 5460 0 171 0.0172161 1.00224 inf 3
32 5470 0 171 0.0171846 1.00223 inf 3
38 5480 0 171 0.0171533 1.00223 inf 3
40 5490 0 171 0.017122 1.00222 inf 3
49 5500 0 171 0.0170909 1.0024 inf 3
51 5510 0 171 0.0170599 1.0024 inf 3
2 5510 0 171 0.0170599 1.0024 inf 3
4 5520 0 171 0.0172101 1.0024 inf 3
5 5530 0 171 0.0173599 1.00239 inf 3
11 5540 0 171 0.0173285 1.00239 inf 3
12 5550 0 171 0.0172973 1.00238 inf 3
16 5560 0 171 0.0172662 1.00238 inf 3
17 5570 0 171 0.0172352 1.00237 inf 3
17 5580 0 171 0.0172043 1.00237 inf 3
24 5590 0 171 0.0171735 1.00237 inf 3
27 5600 0 171 0.0171429 1.00236 inf 3
26 5610 0 171 0.0171123 1.00236 inf 3
27 5620 0 171 0.0170819 1.00235 inf 3
29 5630 0 171 0.0170515 1.00235 inf 3
28 5640 0 171 0.0170213 1.00234 inf 3
36 5650 0 171 0.0169912 1.00234 inf 3
38 5660 0 171 0.0169611 1.00234 inf 3
35 5670 0 171 0.0169312 1.00233 inf 3
36 5680 0 171 0.0169014 1.00233 inf 3
38 5690 0 171 0.0168717 1.00232 inf 3
40 5700 0 180 0.0168421 1.00232 inf 3
43 5710 0 190 0.0168126 1.00232 inf 3
40 5720 0 200 0.0167832 1.00231 inf 3
43 5730 0 210 0.0167539 1.00231 inf 3
48 5740 0 220 0.0167247 1.0023 inf 3
48 5750 0 230 0.0166957 1.0023 inf 3
8 5760 0 239 0.0168403 1.0023 inf 3
10 5770 0 239 0.0168111 1.00229 inf 3
15 5780 0 239 0.016782 1.00229 inf 3
17 5790 0 239 0.016753 1.00228 inf 3
21 5800 0 239 0.0167241 1.00228 inf 3
22 5810 0 239 0.0166954 1.00228 inf 3
26 5820 0 239 0.0166667 1.00227 inf 3
29 5830 0 239 0.0166381 1.00227 inf 3
23 5840 0 239 0.0167808 1.00226 inf 3
19 5850 0 239 0.0167521 1.00226 inf 3
21 5860 0 239 0.0167235 1.00226 inf 3
28 5870 0 239 0.0166951 1.00225 inf 3
31 5880 0 239 0.0166667 1.00225 inf 3
28 5890 0 239 0.0166384 1.00224 inf 3
28 5900 0 239 0.0166102 1.00224 inf 3
30 5910 0 239 0.0165821 1.00224 inf 3
34 5920 0 239 0.0165541 1.00223 inf 3
36 5930 0 239 0.0165261 1.00223 inf 3
38 5940 0 239 0.0164983 1.00223 inf 3
41 5950 0 239 0.0164706 1.00222 inf 3
38 5960 0 239 0.016443 1.00222 inf 3
44 5970 0 239 0.0164154 1.00221 inf 3
41 5980 0 239 0.016388 1.00221 inf 3
44 5990 0 239 0.0163606 1.00221 inf 3
41 6000 0 239 0.0163333 1.0022 inf 3
45 6010 0 239 0.0163062 1.0022 inf 3
44 6020 0 239 0.0162791 1.0022 inf 3
48 6030 0 239 0.0162521 1.00219 inf 3
44 6040 0 239 0.0162252 1.00219 inf 3
44 6050 0 239 0.0161983 1.00218 inf 3
50 6060 0 239 0.0161716 1.00218 inf 3
50 6070 0 239 0.016145 1.00218 inf 3
7 6080 0 239 0.0162829 1.00217 inf 3
12 6090 0 239 0.0162562 1.00217 inf 3
25 6100 0 239 0.0162295 1.00217 inf 3
28 6110 0 239 0.0162029 1.00216 inf 3
36 6120 0 239 0.0161765 1.00216 inf 3
42 6130 0 239 0.0161501 1.00216 inf 3
48 6140 0 239 0.0161238 1.00215 inf 3
50 6150 0 239 0.0160976 1.00215 inf 3
7 6160 0 239 0.0162338 1.00215 inf 3
12 6170 0 239 0.0162075 1.00214 inf 3
19 6180 0 239 0.0161812 1.00214 inf 3
12 6190 0 239 0.0163166 1.00213 inf 3
10 6200 0 239 0.0162903 1.00213 inf 3
15 6210 0 239 0.0162641 1.00213 inf 3
14 6220 0 239 0.0162379 1.00212 inf 3
15 6230 0 239 0.0162119 1.00212 inf 3
25 6240 0 239 0.0161859 1.00212 inf 3
25 6250 0 239 0.01616 1.00211 inf 3
26 6260 0 239 0.0161342 1.00211 inf 3
29 6270 0 239 0.0161085 1.00211 inf 3
29 6280 0 239 0.0160828 1.0021 inf 3
29 6290 0 239 0.0160572 1.0021 inf 3
32 6300 0 239 0.0160317 1.0021 inf 3
35 6310 0 239 0.0160063 1.00209 inf 3
38 6320 0 239 0.015981 1.00209 inf 3
43 6330 0 239 0.0159558 1.00209 inf 3
50 6340 0 239 0.0159306 1.00208 inf 3
10 6350 0 239 0.0162205 1.00208 inf 3
10 6360 0 239 0.016195 1.00208 inf 3
10 6370 0 239 0.0161695 1.00207 inf 3
12 6380 0 239 0.0161442 1.00207 inf 3
13 6390 0 239 0.0161189 1.00207 inf 3
18 6400 0 239 0.0160938 1.00206 inf 3
19 6410 0 239 0.0160686 1.00206 inf 3
20 6420 0 239 0.0160436 1.00206 inf 3
20 6430 0 239 0.0160187 1.00205 inf 3
23 6440 0 239 0.0159938 1.00205 inf 3
24 6450 0 239 0.015969 1.00205 inf 3
24 6460 0 239 0.0159443 1.00204 inf 3
33 6470 0 239 0.0159196 1.00204 inf 3
36 6480 0 239 0.0158951 1.00204 inf 3
40 6490 0 239 0.0158706 1.00204 inf 3
45 6500 0 239 0.0158462 1.00203 inf 3
46 6510 0 239 0.0158218 1.00203 inf 3
50 6520 0 239 0.0157975 1.00203 inf 3
6 6530 0 239 0.0160796 1.00202 inf 3
8 6540 0 239 0.016055 1.00202 inf 3
19 6550 0 239 0.0160305 1.00202 inf 3
19 6560 0 239 0.0160061 1.00201 inf 3
20 6570 0 239 0.0159817 1.00201 inf 3
24 6580 0 239 0.0159574 1.00201 inf 3
28 6590 0 239 0.0159332 1.002 inf 3
26 6600 0 239 0.0159091 1.002 inf 3
24 6610 0 239 0.015885 1.002 inf 3
26 6620 0 239 0.015861 1.002 inf 3
31 6630 0 239 0.0158371 1.00199 inf 3
36 6640 0 239 0.0158133 1.00199 inf 3
37 6650 0 239 0.0157895 1.00199 inf 3
39 6660 0 239 0.0157658 1.00198 inf 3
41 6670 0 239 0.0157421 1.00198 inf 3
40 6680 0 239 0.0157186 1.00198 inf 3
51 6690 0 239 0.0156951 1.00197 inf 3
5 6690 0 239 0.0156951 1.00197 inf 3
10 6700 0 239 0.0158209 1.00197 inf 3
16 6710 0 239 0.0157973 1.00197 inf 3
15 6720 0 239 0.0157738 1.00197 inf 3
20 6730 0 239 0.0157504 1.00196 inf 3
17 6740 0 239 0.015727 1.00196 inf 3
16 6750 0 239 0.0157037 1.00196 inf 3
29 6760 0 239 0.0156805 1.00195 inf 3
32 6770 0 239 0.0156573 1.00195 inf 3
29 6780 0 239 0.0156342 1.00195 inf 3
28 6790 0 239 0.0156112 1.00194 inf 3
29 6800 0 239 0.0155882 1.00194 inf 3
37 6810 0 239 0.0155653 1.00194 inf 3
35 6820 0 239 0.0155425 1.00194 inf 3
37 6830 0 239 0.0155198 1.00193 inf 3
37 6840 0 239 0.0154971 1.00193 inf 3
41 6850 0 239 0.0154745 1.00193 inf 3
39 6860 0 239 0.0154519 1.00192 inf 3
44 6870 0 239 0.0154294 1.00192 inf 3
23 6880 0 239 0.0155523 1.00192 inf 3
31 6890 0 239 0.0155298 1.00192 inf 3
41 6900 0 239 0.0155072 1.00191 inf 3
43 6910 0 239 0.0154848 1.00191 inf 3
49 6920 0 239 0.0160405 1.0022 inf 3
5 6930 0 239 0.0161616 1.00249 inf 3
8 6940 0 239 0.0161383 1.00249 inf 3
12 6950 0 239 0.0161151 1.00249 inf 3
19 6960 0 239 0.016092 1.00248 inf 3
22 6970 0 239 0.0160689 1.00248 inf 3
34 6980 0 239 0.0160458 1.00248 inf 3
33 6990 0 239 0.0160229 1.00247 inf 3
37 7000 0 239 0.016 1.00247 inf 3
49 7010 0 239 0.0159772 1.00246 inf 3
11 7020 0 239 0.0160969 1.00246 inf 3
24 7030 0 239 0.016074 1.00246 inf 3
26 7040 0 239 0.0160511 1.00245 inf 3
28 7050 0 239 0.0160284 1.00245 inf 3
28 7060 0 239 0.0160057 1.00245 inf 3
32 7070 0 239 0.015983 1.00244 inf 3
36 7080 0 239 0.0159605 1.00244 inf 3
38 7090 0 239 0.0159379 1.00244 inf 3
3 7100 0 239 0.0161972 1.00243 inf 3
8 7110 0 239 0.016315 1.00272 inf 3
19 7120 0 239 0.0162921 1.00271 inf 3
34 7130 0 239 0.0162693 1.00271 inf 3
43 7140 0 239 0.0162465 1.00271 inf 3
5 7150 0 239 0.0163636 1.0027 inf 3
13 7160 0 239 0.0166201 1.0027 inf 3
17 7170 0 239 0.0165969 1.00269 inf 3
18 7180 0 239 0.0165738 1.00269 inf 3
18 7190 0 239 0.0165508 1.00269 inf 3
21 7200 0 239 0.0165278 1.00268 inf 3
25 7210 0 239 0.0165049 1.00268 inf 3
27 7220 0 239 0.016482 1.00268 inf 3
28 7230 0 239 0.0164592 1.00267 inf 3
29 7240 0 239 0.0164365 1.00267 inf 3
33 7250 0 239 0.0164138 1.00266 inf 3
32 7260 0 239 0.0163912 1.00266 inf 3
35 7270 0 239 0.0163686 1.00266 inf 3
38 7280 0 239 0.0163462 1.00265 inf 3
39 7290 0 239 0.0163237 1.00265 inf 3
45 7300 0 239 0.0163014 1.00265 inf 3
45 7310 0 239 0.0162791 1.00264 inf 3
49 7320 0 239 0.0162568 1.00264 inf 3
8 7330 0 239 0.0163711 1.00264 inf 3
14 7340 0 239 0.0163488 1.00263 inf 3
26 7350 0 239 0.0163265 1.00263 inf 3
28 7360 0 239 0.0163043 1.00262 inf 3
34 7370 0 239 0.0162822 1.00262 inf 3
42 7380 0 239 0.0162602 1.00262 inf 3
47 7390 0 239 0.0162382 1.00261 inf 3
6 7400 0 239 0.0164865 1.00261 inf 3
15 7410 0 239 0.0164642 1.00261 inf 3
17 7420 0 239 0.016442 1.0026 inf 3
26 7430 0 239 0.0164199 1.0026 inf 3
28 7440 0 239 0.0163978 1.0026 inf 3
33 7450 0 239 0.0163758 1.00259 inf 3
32 7460 0 239 0.0163539 1.00259 inf 3
34 7470 0 239 0.016332 1.00259 inf 3
34 7480 0 239 0.0163102 1.00258 inf 3
43 7490 0 239 0.0162884 1.00258 inf 3
12 7500 0 239 0.0164 1.00258 inf 3
23 7510 0 239 0.0163782 1.00257 inf 3
27 7520 0 239 0.0164894 1.00257 inf 3
31 7530 0 239 0.0164675 1.00257 inf 3
36 7540 0 239 0.0164456 1.00256 inf 3
38 7550 0 239 0.0164238 1.00256 inf 3
41 7560 0 239 0.0164021 1.00256 inf 3
45 7570 0 239 0.0163804 1.00255 inf 3
48 7580 0 239 0.0163588 1.00255 inf 3
15 7590 0 239 0.0166008 1.00255 inf 3
24 7600 0 239 0.0165789 1.00254 inf 3
39 7610 0 239 0.0165572 1.00254 inf 3
49 7620 0 239 0.0165354 1.00254 inf 3
19 7630 0 239 0.0166448 1.00253 inf 3
28 7640 0 239 0.016623 1.00253 inf 3
35 7650 0 239 0.0166013 1.00253 inf 3
43 7660 0 239 0.0165796 1.00252 inf 3
8 7670 0 239 0.0166884 1.00252 inf 3
11 7680 0 239 0.0167969 1.00252 inf 3
15 7690 0 239 0.016775 1.00251 inf 3
16 7700 0 239 0.0167532 1.00251 inf 3
18 7710 0 239 0.0167315 1.00251 inf 3
22 7720 0 239 0.0167098 1.0025 inf 3
30 7730 0 239 0.0166882 1.0025 inf 3
35 7740 0 239 0.0166667 1.0025 inf 3
41 7750 0 239 0.0166452 1.00249 inf 3
43 7760 0 239 0.0166237 1.00249 inf 3
46 7770 0 239 0.0166023 1.00249 inf 3
0 7779 0 239 0.0168402 1.00248 inf 3
