354 0.00147342
346 0.00539588
302 0.00179526
271 0.00224551
200 0.00146929
229 0.00169331
303 0.000225958
360 0.000389083
373 0.0293415
228 0.000689027
236 0.00198651
349 0.00297475
358 0.0140874
265 0.000999404
338 0.00502982
360 4.97331e-05
357 0.000152438
300 0.00229296
334 0.00429273
280 0.00181167
347 0.0107827
347 0.000454616
255 0.00153973
278 0.00183505
269 0.00131776
226 0.00234262
302 0.000439821
337 0.00451099
272 0.00175067
248 0.00128545
346 0.00108596
241 0.000362352
196 0.002237
270 0.000918992
372 0.0433668
299 0.000356746
355 0.00025493
356 0.000534246
196 0.00298994
283 0.00255362
326 0.0127207
325 0.00605874
370 0.0128555
217 0.00067348
218 0.00114671
190 0.000725168
225 0.000929357
341 0.00489538
358 0.000994299
254 0.00299622
237 0.00114409
233 0.000472718
288 0.0011434
350 0.000616012
274 0.000471036
259 0.00161578
363 0.0136576
266 0.00146581
339 0.00148585
231 0.00108572
366 0.000214003
199 0.000753764
350 0.000240231
305 0.00436093
310 0.00134799
357 0.0129385
308 0.00193307
359 0.00774717
214 0.000852103
241 0.00091338
320 0.00530401
354 0.00664138
243 0.00242021
295 0.00207258
324 0.00344232
332 0.00261338
350 4.75007e-05
303 0.00658895
278 0.000673297
351 0.00665339
282 0.00142574
336 0.00542788
339 0.00481432
204 0.00097798
316 0.00292145
261 0.00145334
293 0.00218246
365 0.00031012
349 0.000917303
361 0.00945584
368 0.00175427
216 0.00240289
355 0.00572407
287 0.00305442
318 0.0045237
335 0.00459649
211 0.00150135
210 0.00247799
344 0.00761978
368 0.00060888
367 0.00980964
365 0.0141049
352 0.00550635
366 0.0186861
201 0.000861122
353 0.00198496
315 0.00434412
250 0.00245751
371 0.0186329
240 0.000941361
280 0.000992796
357 0.000256068
360 0.000261137
356 0.000404225
319 0.000170444
297 0.00319702
368 0.000332078
359 0.000184999
374 0.0479495
195 0.0017999
362 0.0218449
195 0.000793041
202 0.000681281
252 0.0011542
365 0.000398118
239 0.000807529
224 0.000955117
267 0.00168198
259 0.000368594
364 0.0145388
216 0.00559268
200 0.00141948
308 0.00039361
207 0.00216859
351 0.00268433
350 0.0179982
369 0.0309545
242 0.00219053
368 0.000682393
247 0.00219603
354 0.00514899
327 0.0050309
360 0.0222886
364 7.75345e-06
287 0.00190011
281 0.0043332
257 0.000862834
285 0.000991008
348 0.0101557
263 0.00321622
370 0.000184531
255 0.0017441
343 0.0113576
305 0.000797355
290 0.000638183
189 0.000983884
264 0.00211104
268 0.00974699
276 0.00490335
205 0.00155595
304 0.00756461
234 0.00179945
253 0.00253435
360 0.00284569
363 0.000406599
191 0.00126714
356 0.0129249
253 0.0027584
203 0.00744048
358 1.22917e-05
357 0.000994891
228 0.00157838
270 0.00568935
249 0.00279608
269 0.00368171
366 0.00023623
297 0.000777021
367 1.74063e-05
370 0.000130696
203 0.00357352
232 0.00498631
367 0.000341715
369 2.96053e-05
323 0.0100114
220 0.00316558
368 0.000228992
263 0.00178729
313 0.00524686
285 0.00224408
310 0.00360834
215 0.00194957
238 0.000983665
299 0.00902447
351 0.0014919
226 0.00138975
246 0.000445015
331 0.00511455
286 0.000574708
331 0.00283036
207 0.00162701
358 9.0292e-06
348 0.0026599
314 0.00850599
359 0.000742422
355 0.000150554
206 0.000432894
316 0.000399963
251 0.0016108
208 0.00108132
233 0.00112996
306 0.000537417
357 0.000162493
342 0.00652727
260 0.00119788
368 0.0143007
329 0.005276
361 0.000156115
284 0.00417375
360 0.000267771
211 0.000838523
205 0.00086117
349 0.00699969
262 0.0017579
351 0.000498477
358 0.000294683
306 0.00314346
231 0.000864275
234 0.000313819
268 0.00385816
209 0.00152394
309 0.00870334
212 0.00121486
352 0.000287866
312 0.00459237
257 0.00108995
359 0.000261366
311 0.00506016
224 0.000639553
221 0.00060366
353 0.0105532
348 1.76091e-05
347 0.0030147
293 0.00149852
258 0.00213048
359 0.000185823
288 0.00436173
244 0.000846153
360 1.71175e-05
254 0.000370087
279 0.00374281
212 0.000518688
333 0.00887961
319 0.00472752
353 0.000752394
330 0.00634556
352 0.000875714
239 0.00214451
307 0.00453476
237 0.00278173
197 0.00263485
286 0.00333522
336 0.00146165
337 3.62615e-06
337 0.000267056
323 0.0010504
368 0.000433932
307 0.000766013
301 0.000961723
364 0.000575129
201 0.000827781
321 0.00565839
357 0.000522933
344 0.000419931
357 0.000248196
369 0.000145249
370 8.98912e-05
264 0.00040319
367 0.000368364
371 4.05978e-05
372 6.26674e-06
269 2.00746e-07
367 0.000611152
311 0.000323711
219 0.0037834
247 0.000348449
364 0.000154116
213 0.000935794
368 0.000133063
294 0.000418278
364 0.000501281
338 0.000988403
266 0.00103103
348 0.000853626
230 0.00480921
363 0.000479672
217 0.00102902
192 0.00101602
301 0.00391559
273 0.00256897
356 0.000327404
322 0.00119215
271 0.000661149
203 2.24773e-06
298 0.00556474
210 0.000786509
258 0.00252764
294 0.00474978
223 0.000976909
189 0.00180779
358 7.8668e-05
262 0.00125426
259 0
273 0.00156692
361 0.000356943
229 0.00146847
194 0.00113845
355 5.52521e-05
256 0.0136698
187 0.00428206
193 0.0022937
317 0.00718997
213 0.00192502
358 2.50426e-05
296 0.000176555
363 0.000285743
244 0.00118196
193 0.000458848
364 3.04553e-05
190 0.00120132
289 0.00429524
250 0.000424211
363 3.38805e-05
223 0.00141242
291 0.00278321
274 0.00228544
340 0.00860788
235 0.0010683
328 0.0048803
322 0.00579761
354 0.000152817
366 0.000159327
370 0.000147585
246 0.0104065
218 0.00201714
369 0.00113247
352 0.00264478
362 0.00064314
231 3.54045e-07
366 0.000119089
361 0.00117801
242 0.000442305
364 1.36868e-05
357 0.000170773
369 0.000219693
366 5.71445e-05
356 0.000453819
359 4.13191e-05
333 0.000304957
365 0.000224488
199 0.00117674
290 0.00805843
364 8.85122e-05
194 0.0011621
354 0.000276626
356 0.000259129
284 0.0001757
358 0.00287423
353 0.00124925
248 0.000571847
362 0.000210347
366 0.00298797
345 0.00697561
372 1.36326e-05
365 0.000698546
230 0.00380839
373 8.07165e-05
363 0.000445282
367 0.0011139
221 0.0037157
368 0.000380555
373 0
332 0.00192506
267 0.00246121
240 0.0011534
362 0.000466033
272 0.000681747
324 0.000778992
349 0.00406647
372 0.000120004
329 0.000726308
204 0.00148767
298 0.000555759
247 0
358 0.00328019
222 0.0064054
219 0.00127974
370 0.000285115
317 0.000753267
363 6.23519e-05
243 0.000735316
372 9.41732e-05
358 2.67867e-05
289 0.000432812
295 0.000539366
363 0.00146133
330 0.000834639
296 0.00410188
357 0.00144445
369 0.000254853
188 0.00207762
363 0.000311296
361 0.00029159
364 0.000117561
192 0.00266683
276 0.000369919
191 0.00127376
365 0.000221001
354 0.00022568
364 0.000214495
350 0.00030595
202 0.000833585
353 0.000201563
275 0.00144326
313 0.000867468
357 0.000143246
245 0.000918257
358 0.000421403
283 0.000444188
251 0.00111972
369 0.000146125
371 7.01012e-05
364 0.000850292
357 0.000989535
277 0.00258545
373 4.59535e-05
367 3.74217e-05
334 0.000773694
363 6.64171e-05
364 2.60782e-05
206 0.00359138
312 0.000359696
318 0.000584412
343 0.000330032
365 0.000223914
366 0.00262869
364 2.73709e-05
256 0.000732755
361 0.000169427
363 0.000166905
366 0.000656542
367 1.47354e-05
365 0.00482751
368 0
354 0.000316275
367 0.000916203
359 7.82669e-05
358 0.000323064
355 0.000285288
260 0.00155342
275 0.00388113
347 1.76471e-05
252 0.000908681
277 0.000602088
356 0.00016065
214 0.00518784
359 1.85532e-05
249 0.00186688
358 4.55225e-05
358 0.000194379
227 0.00154564
320 0.000300537
225 0.00313997
372 6.66485e-05
369 2.42141e-05
364 0.000434013
366 0.000113227
335 4.0495e-05
232 0.000652185
235 0.000737677
365 0.000198752
345 0.00044493
327 0.00032325
367 0.000121729
365 0.000386126
326 0.000768352
359 0.00011561
367 0.000717345
367 0.000271806
366 0.000223388
370 4.11077e-05
369 3.06606e-05
356 0.0010204
365 0.000891375
368 0.000133541
368 0.000131851
370 1.24484e-05
363 0.000782988
370 2.2469e-05
279 0.000898208
364 0.0004521
346 4.99428e-05
369 0.00012121
236 0.000712977
367 0.000305673
281 0.000546693
370 2.41527e-05
350 6.77448e-05
366 0.000273284
220 0.00099809
198 0.00119119
208 0.00323034
358 9.19745e-05
209 0.000826241
197 0.00118964
359 0.000195783
357 0.000337834
304 0.000230496
325 0.000118899
354 0.000134143
238 0.000782033
349 0.000152101
357 6.06079e-05
292 0.00417887
245 0.00121445
188 0.000760544
356 0.00132333
361 0.000248968
292 0.000303802
361 0.000135089
374 2.37126e-06
370 0.00035831
372 0.000153233
369 0.000169755
371 0.000139935
373 0.000126939
371 6.63266e-05
291 0.000898073
368 9.70885e-05
367 0.000377803
370 0.000146384
304 0
357 2.28432e-05
227 0.000827023
355 0.000150547
314 0.000485563
364 0.00271614
358 0.000366944
359 7.97368e-05
342 0.00133946
204 3.08101e-06
355 0
357 0.000319863
369 0.00032973
366 0.000251629
261 0.000552773
370 4.44009e-06
355 0.00079748
368 7.9512e-05
265 0.0012359
364 0.00223526
362 4.1306e-05
365 0.0024202
362 0.00016927
369 0.00026952
352 4.31979e-05
363 0.000597844
315 0.0004902
363 0.000117082
335 0.000420739
358 0.000228525
341 0.000260172
352 2.09624e-05
363 1.32917e-05
362 0.000107469
359 0.000395706
215 0.00190453
350 0.000203481
354 2.38432e-06
361 0.000166022
371 4.59256e-05
371 0.00351536
367 0.000188994
365 7.51413e-05
368 6.09739e-05
365 0.000130731
365 0.000186563
367 5.72769e-05
358 0.00052744
361 0.000217336
282 0.000594792
372 9.55025e-06
371 0.000115873
367 0
372 0.000104712
364 0.000663786
361 8.40129e-05
222 0.00126886
364 0.00269092
309 0.000925262
363 0.000298119
365 2.51018e-05
209 0
367 0.000525556
198 0.00246585
368 3.53788e-06
368 1.5337e-06
368 1.06539e-05
362 0.000552413
321 0.000184478
358 0.0001003
245 2.23432e-06
366 0.00026177
348 0.00231733
340 0.00211148
363 3.64422e-05
362 0.000181517
359 0.000100131
362 6.46242e-05
359 0.000322252
362 0.000209626
360 0.000142797
346 7.18987e-07
366 0.00152784
359 4.78919e-05
353 3.19999e-05
344 0
356 0.000255281
328 0.000691426
362 0.000499712
371 1.5541e-05
267 5.46204e-06
215 0
364 4.24904e-05
365 2.92862e-05
368 0.000422198
364 1.60774e-05
292 7.11242e-06
373 2.96852e-05
370 0.00819375
371 0.00142015
372 5.07708e-05
372 0
371 0
372 0
369 1.68292e-05
360 0.000245897
362 9.27136e-05
357 0.000371859
363 1.30128e-05
328 0
328 0
367 1.68007e-05
300 0.000808048
362 5.2978e-06
207 2.35719e-06
368 4.51539e-05
364 0.00116723
363 9.42103e-05
370 4.54766e-05
263 1.09174e-06
343 2.46993e-05
374 0
371 3.83658e-05
349 0
366 0.000558649
367 0.000341342
371 8.48193e-05
371 7.50855e-05
368 0.00274721
244 1.99192e-07
361 0
257 0
369 0.000104737
359 0
371 2.0003e-05
366 4.99899e-06
370 5.17917e-05
371 4.25232e-05
370 1.41713e-05
365 0.00263693
368 7.30639e-05
279 8.37218e-06
369 5.00893e-05
359 0
368 3.62518e-05
369 0.000169758
262 8.21919e-06
254 1.97529e-06
288 1.58431e-06
369 0.000100098
369 0
371 0.00153869
372 0.000238265
368 0.000297939
324 0
364 8.5691e-05
348 0
366 0
368 1.78226e-05
367 0.00028635
360 0.000162618
327 0
357 0.00213153
359 8.01021e-06
368 0.000133622
199 2.62398e-05
369 9.69896e-06
360 2.78115e-05
362 4.2307e-05
367 0
330 3.92812e-06
369 0
217 0
361 0
350 0
368 6.25822e-05
368 4.19506e-05
369 8.3954e-05
367 0
370 5.92658e-05
361 2.95396e-05
351 0
352 0
370 0
365 0.000460567
373 0
370 0
367 1.75507e-05
365 0.000569066
366 0
369 0.000329371
264 0
358 5.22889e-06
332 0
208 0
372 0
315 5.7231e-07
369 0
368 1.04633e-05
272 2.71498e-06
360 2.5433e-06
368 0
365 0
198 3.34311e-05
223 0
369 0
363 0
355 0
366 8.33104e-07
365 0
365 0
368 6.07988e-06
339 0
372 0
269 0
359 0
264 8.66338e-07
188 0
310 0
271 0
363 0
291 0
