262 0.00272657
261 0.000555316
263 0
260 0.000569696
147 0.0139226
259 0.00477851
254 0.0154498
264 0
263 4.85067e-05
256 0.00171283
148 0.000540361
265 0.0408354
229 0.00430333
260 0.00581622
261 0
240 0.0161325
233 0.0114142
244 0.00540723
148 0
257 0.00874693
251 0.0388218
258 9.17711e-05
245 0
146 0.00591512
175 0.00345224
244 0.0055067
233 0.00198656
210 0.0175016
252 0
263 0.000790723
234 0
232 0.0114774
164 0.00325733
227 0.00399961
256 0.0018725
260 0.000288976
241 0.0250184
255 0.00411478
252 0
252 0
172 0.0110258
261 0.0171043
252 0.0103966
260 0.00392862
221 0.018177
224 0.017736
252 0
243 0.00246667
166 0.0064065
244 0.00490372
246 0.00175213
244 0
247 0
262 0.0396934
241 0.00668645
244 0.00235717
211 0
243 0.00191252
261 0.00128216
211 0
246 0.00329245
259 0.000800613
242 0.00108595
211 0.00144289
211 0
247 0
262 0.00170725
253 0.00771297
176 0.00690025
249 0
242 0.00772861
250 0
284 0.0202937
259 0.0108071
249 0.00725924
251 0
250 0.00483641
240 0.011533
242 0.000957908
245 0.00251684
247 0.00120238
222 0.00215268
252 0.00242793
253 0.00220763
254 0.00553609
242 0.000962001
252 0
253 0
241 0.00130981
204 0.00735544
248 0.000760629
248 0.00227076
243 0.00350719
250 0
249 0
230 0.000262794
162 0.003429
249 0.00389935
239 0.00103187
252 0.00012514
233 0.0112775
288 0.0185177
255 0.0199475
285 0.015541
219 0.00192212
253 0.000248818
267 0.0313646
268 0
243 0
213 0.00576835
268 0
245 0.00226814
243 0.00174634
268 0
246 0
245 0.000176902
251 0.00311161
191 0.0183002
268 0
264 0.000644425
262 0.00140521
242 0.0124815
184 0.00359216
269 0
269 0
244 0.00353155
242 0.00162288
172 0.000879765
246 0
268 0
149 0.00296324
268 0
268 0
165 0.00693316
257 0
256 0.00240697
269 0
240 0.00307833
245 0.00515029
268 0.00144271
268 0
198 0.00837988
270 0
239 0.00384195
203 0.0188041
214 0.0373601
189 0.0075765
253 0.00571014
261 0.00221612
264 0
262 0.00107127
264 0
213 0.00664655
191 0
249 0.000675013
264 0
190 0
242 0.00529199
187 0.00785257
258 0.00535981
263 0.00286294
259 0.00367963
190 0
260 0.00713169
250 0
156 0.00321878
259 0.00040015
252 0.0044623
236 0.000290847
157 0.000971454
158 0
260 0
242 0.00192167
157 0
246 0.00179005
150 0.00423601
260 0
157 0
151 0.0002405
264 0.00247875
244 0.000864251
151 0
265 0.0007026
152 0.0002405
264 0.0355355
258 0.00316449
240 0.00289274
239 0.00189317
251 0.00149933
259 0.00462417
265 0
262 0.00760099
259 0.00202912
240 5.55251e-06
258 0.00605046
259 0.00358815
252 0
265 0
241 0
244 0.000635451
243 0.000937507
256 0.00690961
237 0.00574123
264 0.000328778
259 0.000798894
254 0.0405166
266 0
261 0.00309215
265 0.000614185
261 0.00216402
257 0.00264337
172 0.00807379
173 0.0203881
263 0.00430289
245 0
265 0.000481116
266 0
262 0.0021729
263 0
238 0.0028319
263 0.00157719
264 0
258 0.00349833
178 0.00372506
186 0.00828521
256 0.00618165
186 0.0115982
203 0.00780222
237 0.0216945
258 0.00334985
257 0.00378345
250 0
248 0.00112158
249 0
179 0.00172434
249 0
247 0.00539445
226 0.000647229
241 0.00363226
241 0.0156196
244 0.000664947
245 7.52406e-05
268 0.0270183
246 0.000167617
243 0
242 6.08898e-05
248 0
238 0.00153978
243 0.000324711
242 0.00145365
249 0.00463397
244 0.00842268
158 0.00410273
247 0
256 0.0138495
247 5.09537e-05
216 0.0158116
274 0.00147309
267 0
273 0.00443076
278 0.0015075
279 0.00409081
253 0.000157261
282 0.00932468
256 2.22462e-07
249 0.000112123
285 0
277 0.00688905
266 0.000149842
266 0
285 0
255 0.000481339
257 2.22462e-07
246 0.00190314
259 2.22462e-07
235 0.00194339
258 2.22462e-07
286 0.0178502
243 0.00125283
262 0.00118302
245 0.00936134
261 2.22462e-07
251 0.000592132
281 0.00472408
263 2.22462e-07
216 0.00123097
283 0.0286106
264 2.22462e-07
250 0.0019172
260 2.22462e-07
262 2.22462e-07
265 2.22462e-07
254 0.000158935
287 0.0153282
241 0.00513123
252 0.000113294
263 0.00735813
248 0.00179024
234 0.0112661
275 0.000746927
247 0.00337057
276 0.0131895
246 0.00123752
260 0
236 0.00746837
260 0
245 0.011279
260 0
262 0.000134522
247 5.02453e-05
261 0
245 0
259 0.000489791
234 0.0182128
150 0.00142419
244 0
245 5.57912e-05
244 0.000176538
243 7.68229e-05
246 0
239 0.0165331
243 0
216 0.00333083
243 0.0016925
245 0
244 0
217 0
168 0
245 0
265 0.000774481
167 0
207 0.0161767
249 0.000240505
262 0.000656305
251 0
200 0.000516067
248 0.000481179
251 0
246 0.000492835
245 0.00106599
250 1.88255e-07
242 0.00588133
261 0.00073953
255 0.00985366
263 0.0252809
247 0.000240746
201 0
188 0.00281259
212 0.0108096
189 0
161 0.00472627
235 0.0265127
236 3.28942e-05
258 0.00657072
243 0.000317966
190 0
236 0.00295068
234 0.0207966
256 0.000766704
259 0
258 0.000125441
258 0.0262986
236 0
252 0.0272338
257 0.00332402
236 0
236 0
246 0.0252219
218 0.0144884
236 0.00201648
237 0.000686002
261 0.00970787
156 0.00902619
238 0.0180889
181 0.00880068
261 0.000854553
251 0.00182283
255 0
250 0.000942778
254 1.19928e-05
252 0
252 0
245 0.00137635
246 0.000396964
247 0
239 0.00787897
244 0.0039352
247 0
184 0.0109639
246 0.00671456
239 0
240 0
259 0.00387593
240 0
235 0.0241781
188 0.00551978
223 0.0119426
167 0.00893026
244 0.00181362
236 0.000523383
238 0.00244504
238 0.000269855
239 0
185 0
246 0.00107312
246 0
245 0.00110187
245 0
155 0.00633136
245 0
151 0.00820546
248 0.00116481
245 0
249 0
184 0
183 0.00473182
228 0.00686534
197 0.00992813
263 1.37181e-05
209 0
184 0
186 0
176 0.000168658
208 0.0039039
185 0
246 0
210 0
245 0.000403881
262 0.00285461
261 0.000196505
263 1.52618e-05
261 0.00262392
263 0.00241786
262 0.00148531
262 0.00675657
265 0.00175774
266 0.000769498
263 0
260 0.00357314
261 0
261 0
268 0
267 0
264 0.00107715
262 0
247 0.0092833
261 0
175 0.0054125
260 0.000552223
262 0.00067791
176 0
244 0
240 0.0206808
263 0.000733725
242 0.00187345
248 0
261 0.000409546
244 0.000344102
243 0.00369724
241 0.00186508
236 0.0257126
243 2.97911e-05
198 0.00739864
244 0.00180144
245 0.000618589
259 0.00116678
245 0
245 0
154 0.00606288
243 0
243 0.00434645
245 0
245 0
176 0
262 0
245 0.00800351
246 2.97787e-05
262 0.000481174
243 0
242 0
241 0.00455226
243 0
243 0.000129881
242 0
242 0
240 0.00172501
161 0.00326572
262 0.000185726
240 0.000664945
160 0.0098926
249 0
242 0.000759057
248 0
164 0.0107556
245 0.00295843
247 0.000952109
247 0
250 0
165 0.00586364
209 0.0172472
215 0.00327135
251 0
252 0
253 0
260 0.0028007
257 0.00170772
254 0
252 0.00140056
253 0.000248005
263 0.00230477
222 0.00390538
246 0.00192342
242 0.00405602
261 0.000501
253 0
260 0.00158342
246 0
148 0.00704597
244 0.00719243
257 0.0122725
250 0.000403654
257 0.0015833
259 0.00362469
252 0
254 0
262 0.000538022
258 0
231 0.00173389
171 0.00118661
261 9.39247e-06
194 0
243 0.00409303
253 0
206 0.0120853
251 1.74278e-05
253 1.44705e-08
179 0.0099615
253 0
229 0.0189941
262 0.00242461
270 0.0239694
264 5.55259e-05
193 0.00132515
250 0.000663913
250 0
260 0.00045245
284 0
250 0
244 0.00103467
248 7.71762e-08
246 9.32514e-06
245 0
248 0
185 0.0088249
248 0
261 0.000166683
248 0
249 0
249 0
247 9.42161e-06
232 0
246 0
245 0.00224196
266 0.000481116
254 0.00793546
241 0.00161964
243 0.00325936
252 0.00350805
266 0.000481116
266 0
187 0.00521481
267 0
272 0.0391881
170 0.00794451
266 0
266 0
241 0.00275933
205 0.00796876
254 0.000141009
266 0
266 0
242 0
241 0.00117949
182 0.00663598
243 0.000481116
246 0
244 0
245 0
240 0.00288468
246 0
246 0
245 0
245 0
243 0.00261891
255 0.00312192
256 9.73208e-05
257 0
258 0
256 9.31059e-05
256 1.53569e-06
257 6.51154e-05
199 0.00762808
256 0
258 0
251 0
157 0.00183911
252 0
259 0.000106817
251 0.000234648
249 0.00209903
244 0.000213919
260 0
158 0
261 0
251 0.000108398
258 0.00365244
243 0.00474696
250 3.19441e-05
190 0.000874718
260 0
258 0.000880783
259 0
181 0.00558678
256 0.0012731
259 0
241 0.00349988
243 0.00179495
183 6.99151e-05
261 0.00458544
243 0.000481116
242 0.00528232
260 0.000573885
182 0.0138218
256 0.000562918
262 1.69879e-06
261 3.03044e-05
242 0.0043937
243 0.000481116
243 0.00177014
244 6.96935e-05
145 0.00549699
245 0.000481116
243 0
243 0
243 0.000204781
243 0.0024199
244 0.000791804
266 0.0095119
243 0.000594525
146 0
244 0.000292368
244 0.000481116
243 0.000114868
242 0.00349948
241 0.00638236
146 0
259 0.00165435
252 0.00323401
263 0.00144289
264 0
265 0.00336374
259 0.00239814
266 0
242 0.00285505
178 0.0096958
251 0.00364193
253 0
237 0
237 0
251 0.0017979
237 0.000241098
252 0
240 0.00936285
238 0
194 0.00722036
239 0.00776223
260 0.00390362
259 0.000252818
259 0.0127082
261 0.00332953
256 0.00203104
187 0.00230616
260 0.00362016
248 0.00117441
187 0
187 0
262 0.00627489
243 0.0176998
266 0.00388765
247 0.000481116
204 0.00144265
246 0.000983723
204 0
169 0.00850544
171 0
170 0
266 0.00160037
263 0.002639
170 0.00192342
170 0
185 0.00436237
191 0.00422277
171 0
240 0.00242601
250 0.000754328
171 0.0002405
172 0.0002405
171 0
259 0.00263163
261 0
260 0
260 0
260 0.0010528
211 0.00504322
261 0.000706251
258 0.00473639
260 0
260 0
244 0.000593118
246 0
250 0.0106146
261 0
240 0.00375957
245 0.00254785
267 0
267 0
167 0
167 0
245 0.000962117
262 0
210 0
211 0.000136172
259 7.30143e-05
241 0.00759483
242 0.00285121
227 0.0181078
210 0
248 0.00672107
163 0.0100582
212 0
211 0
265 0.00330888
240 0.00892896
261 0.0024415
210 0.000682463
212 0
205 0.00771116
157 0.0031797
261 0.00193912
261 0.00106886
262 0
158 0
241 0.000650502
262 0
158 0
260 0
259 0.00710914
259 0.000686287
261 0
260 0
158 0
260 0.00192528
248 0.00613539
201 0.00290274
249 0
195 0.00678241
252 0
250 0
250 1.15764e-07
251 0
251 0
249 2.12234e-07
249 0.0028313
250 0
251 3.85881e-08
250 0
264 0
264 6.45909e-05
260 0.00151066
264 0.000351537
264 0
259 0.00231482
262 0.000435887
261 0
260 0
261 0.00156347
260 0
262 0
260 0.0025267
262 0.00156753
260 0
263 0
242 0.001307
241 0.00102547
243 0
245 0.00857869
243 0.00132701
261 0.00286038
262 0
262 0
262 3.85881e-08
263 0
263 0
260 0.00219931
262 0
240 0.00535586
260 0
259 0.00035688
179 0
248 0.00187277
260 0.000272098
260 6.97141e-06
168 0.00871375
258 0
258 0.000668494
258 0
259 0
233 0
234 0
242 0.000580703
233 0.000962001
233 0.000481116
243 0.000481116
234 9.80951e-05
245 0
234 0
244 0
244 0.00245087
263 0.00144289
263 0.000208713
264 0
264 0.000208713
251 0.000855706
252 0
244 0
217 0.0121583
243 0.000590145
212 0.00146145
200 0.00378009
244 0
204 0
263 0
242 0.000559329
245 0
259 0.00861297
260 0.00117869
261 0
240 0.00264492
262 0.00647858
244 0
241 0.00141236
242 0.000950555
244 0.000201273
244 0.00193301
240 0
242 2.87266e-05
242 0
240 0
241 0.000936782
257 0.000409173
262 0.00093277
248 0.00261416
250 0
249 0.00292955
246 0.000108723
247 0
245 0.002019
243 0.00376131
196 0.000471174
244 0.00821015
246 0.000279539
247 0.00582845
248 0.00257803
249 0.000611658
246 0.000103182
246 0
246 0
236 0
235 0.00240419
236 0
237 0
236 0
237 0
234 0.00288322
244 0
245 9.91927e-05
243 0
246 9.91927e-05
214 0.00434386
262 0.000165984
262 0.00113406
264 0.000962001
215 0.000481116
243 0.00568975
244 0.000410203
260 0.000751175
265 0.000481116
258 0
257 0.0049821
151 0.00429511
258 0.000542408
259 2.86617e-05
204 0.00308251
260 2.86617e-05
258 0.001155
258 8.64917e-05
258 0
261 0
149 0.00624574
249 0
246 2.54888e-05
241 0.0016446
245 0.00010664
244 0.00276684
243 0.00828336
238 0
246 0.000536156
241 0.000536706
244 0
242 0.00193293
241 0.00294836
241 0
243 0.000731124
247 0
247 0
237 0.00402746
244 0.000321681
153 0.00663994
247 0.00376288
245 0.00414805
260 0.00247672
257 0.00695304
263 0
263 0
245 0.00104783
224 0.000481116
263 0
263 0
263 0
208 0.00811239
244 0.00225806
261 0
241 0.00178405
262 0.00194466
261 0
249 0.00192365
266 0.000983869
261 0.000416002
264 0.00204463
261 0
259 0.00322145
260 0
260 3.85881e-08
200 0.0132112
266 0
266 0
262 0.00190164
242 0.0100292
264 0.00104607
263 0.0014101
246 0.00253593
260 0.000335032
261 0.000690482
262 3.39373e-05
259 0.00743732
158 0.00662948
261 0.00149656
261 3.80536e-06
257 0.004352
239 0.0137596
260 0.00227023
262 0
240 0.000481116
190 0.015053
263 0
242 0.00261518
265 0.000749513
244 0.011372
266 0.000442142
185 0
185 0
153 0.00405231
185 0
185 0
251 0.00231746
185 0
241 0.00762128
242 0
154 0
243 0
243 0.000187658
244 0
244 0
247 2.65947e-05
159 0.00727951
242 0
201 0.0157822
247 0
244 0.00099432
242 0
246 0.00160583
233 0.000435594
245 0.0014051
262 0
162 0.00573251
245 0.000721804
263 0
160 0
244 0.00434252
160 0.00240396
161 0
147 0.0110299
262 0
261 0.00220808
170 0.00601624
263 0.000351416
224 0.00417408
248 0.0218009
264 5.61586e-06
265 0
217 0.00348055
259 0.00664937
271 0.0588586
249 0.000937984
241 0.00735397
215 0.011243
264 0.00133094
246 0.000102883
245 0.00147059
245 0.000146638
247 0.000481116
245 0
246 0
248 0
250 0
206 0
258 0
249 0.00133484
206 0
206 0
260 0
154 0.00847109
246 0.000441782
245 0.00111504
246 0
206 0.00511396
264 0.00284935
236 0
242 0.000481116
243 0
242 0.000295245
234 0.0231411
262 0.00407693
246 0.00175588
180 0.0123327
202 0.00549999
250 0.00282897
252 0
261 0.00172671
249 0.0033495
180 0.00596298
258 0.00656493
203 0
235 0
249 0.0171995
250 0.0032981
219 0.00665247
246 0.0110421
251 0.000425704
242 0.000327431
167 0.00262441
251 0
252 0
240 0.0269819
248 0.00363006
251 0.00139114
245 0.0200534
152 0.00462407
249 0.0020974
252 0
252 0.00104358
247 0.000266608
252 0
250 0.000681782
253 0.000554397
251 0.000973268
244 0
245 0
244 0.00781103
155 0.000481116
156 0
248 0
248 0.00192308
245 0
155 0
246 0.00302805
243 0.00179613
157 0
156 0
247 0.00353993
244 0
243 0
261 0.00213297
260 0.00571865
259 0.00454095
254 0.0017675
262 0
262 0.00118655
262 0
263 0
261 0
261 0
261 0
261 0
261 0
261 0
261 0.000481116
202 0.010652
261 0
260 0.00154331
259 0
263 4.46295e-05
244 0.00468806
259 0
255 0
255 0
256 0
255 0
255 0
209 0.00853597
257 0.000184202
258 0.00073941
255 0
252 0.00616135
254 3.97934e-05
253 0
257 0
253 0
255 0.00274469
256 0.00226357
252 0.000463329
251 0.000115675
255 0.000624978
250 0.0036734
254 0.000272216
253 0.000272216
249 0.00258898
257 0
255 0.000672585
251 0
250 0
252 0
250 0
252 0.000584365
251 0
250 0.00219233
262 0.000916472
263 0.000431898
261 0.0038468
257 0.000826291
264 0.000126697
260 0.00393218
263 0.000432612
258 0.00278889
265 7.56148e-05
253 0.00328179
258 0
260 0.000167062
262 0
262 0
262 0
263 0.000962117
261 0
261 0
265 0
262 0
261 0
261 0.000977044
248 0.00192308
247 0.00364415
249 0
250 0.00144265
248 0.000760923
246 0.00107793
249 0
249 0
252 0.00192308
251 0.00384441
253 0.00144289
253 0
252 0
252 0
265 0.00267549
268 0.000962001
266 0.00123353
160 0.0103243
267 0.00123741
268 0
267 3.47293e-07
267 0
268 0
270 0
269 0
252 0.00143138
254 0.00136359
255 0
254 0.00111412
257 0
250 0.00568139
255 0.000886211
254 0.0014942
254 0
253 0.0027469
256 0.000481116
253 0
255 0
255 0
249 0.0118807
248 0.00995234
252 0.000166479
250 0
251 0
252 0
250 0.00199198
251 0
251 0
250 0.000450178
251 0.00224162
250 0
263 0.00168012
264 0
264 0.000506716
262 0.000664094
265 0
264 0
265 0
263 0.000481116
264 0
275 3.65737e-05
270 3.65737e-05
278 3.65737e-05
273 3.65737e-05
274 3.65737e-05
285 0
269 3.65737e-05
290 0
276 3.65737e-05
265 3.65737e-05
266 3.65737e-05
288 0
284 0
267 3.65737e-05
282 3.00663e-05
261 0.00108134
264 3.65737e-05
286 0
283 0
262 3.65737e-05
268 3.65737e-05
280 0.014791
285 0
283 4.16751e-08
280 3.00663e-05
263 3.65737e-05
271 3.65737e-05
277 3.65737e-05
257 0.00252058
258 0.0015756
286 0
289 0
279 3.65737e-05
272 3.65737e-05
263 0
281 3.00663e-05
287 0
287 0
284 4.16751e-08
262 0.000304887
269 0.00300533
266 0
264 0.000481116
265 0
263 0.000559426
265 0
262 0.000435302
261 0.000435302
264 0
259 0
261 0.000839449
262 0
197 0.00161723
258 0
260 2.19793e-05
261 6.68676e-05
260 0.000784656
196 0.00556476
243 0.00228322
247 0.000420903
251 0.000509685
255 0.000242043
255 7.71762e-08
254 0.000252596
249 0
253 0
254 0
253 0
253 0.000481116
251 0.000248763
252 1.9294e-07
252 0.000123353
252 0
249 0
254 0.000151264
250 0
253 0.000151264
255 1.15764e-07
256 0
250 0
249 0.000481116
252 0
250 1.27341e-06
250 0
255 0
256 0.00100218
249 0.000481116
248 0.00255024
250 0
250 0.000481116
249 0.00285151
192 0.00243466
250 0
249 0.00089006
250 0
183 0.00955046
250 0
243 0.000697579
184 0
240 0.0022228
244 0.00198652
184 0.000962001
246 0.00354148
243 0
244 0.00780743
246 0.00462299
211 0.0075521
243 0.00071307
244 0.000604221
245 0
245 0
244 9.10271e-07
191 0
199 0.00221407
191 0
242 0.00138212
235 0
242 0.000944795
235 0
236 0
235 0
235 0.000962117
235 0
235 0.00156105
236 0
235 0
243 0.000716044
236 0
235 0.000646951
247 0.00287863
243 0.00264728
245 0
242 0.00131469
244 0.000481116
177 0.00355433
259 0
261 0.00122503
238 0.000115149
239 0
197 0
224 0
225 0
259 0.0087356
244 0
258 0
257 0.005267
258 0
264 0
258 0.00254351
260 0
258 0.000962001
259 0
259 0.00277994
264 0
263 3.45783e-06
262 8.4806e-05
258 0.00118226
259 0.000481116
274 0
258 0.000638292
258 0
258 0.00782447
259 0
258 7.05593e-05
261 7.58275e-05
263 0
253 0
253 0
253 0.00192308
259 0
262 0
264 0
265 0
263 0
266 0
261 0.000393559
259 0
261 0.00240486
262 0
262 0
265 0
260 0.00395913
262 0
262 0
268 0.000743959
264 0.00293217
269 0
265 0
263 0.00309531
265 0.000481116
265 0.00144573
266 3.22076e-05
265 0
267 0.000222798
201 0
201 0
200 0
200 0.00144289
200 0
200 0
200 0
213 0
244 0
235 0
243 0.00305844
207 0.00562358
256 0
255 0.00321728
252 0
247 0
243 0.000266079
259 0.000264148
260 0
261 0.00131009
261 0
261 0
262 0.00147073
260 0.000214456
262 0
258 0.000850552
262 0
262 0
246 0
246 0
245 0.000317497
199 0.000962001
244 0.0033976
199 0
200 0
199 0
244 0.00144289
246 0
246 0
244 0.000406784
246 0
245 0.000481753
246 0.000864208
250 0
249 0
248 0.00058513
247 0.000499694
247 0
258 0.000178027
261 0
256 0
265 0.000200419
220 0.0231031
257 0.000691313
259 0.00216033
260 0.00216033
256 0
254 0.000170352
255 0
247 5.1281e-05
242 0.00211417
246 0.000643103
244 0.00576817
248 0
257 0.000532739
244 0
165 0.000283324
243 0.000706422
243 0.00287922
249 0
258 0.00170959
242 0.00327571
246 0
249 0
249 0.000481116
195 0.00296546
166 0
247 0.000220485
245 0.000965479
262 0
261 0.00116876
262 0.000499926
260 0.00078096
260 0.00131635
261 0
259 0.000476635
262 0
257 0
257 9.14096e-05
149 0.0128023
257 0
259 0.00175982
260 0.000526191
186 0
245 0.000639866
241 0.0015941
242 0.00738132
244 0.000186746
248 0.000550745
159 0.00258463
274 0
241 0.0120617
251 0
273 0
247 0.00235591
250 0.000139559
250 3.59877e-07
243 0.00250207
177 0
246 0.00324412
248 0.000164622
241 0
273 0
249 2.69794e-06
243 0
249 0
250 0
241 6.29143e-05
248 1.53427e-05
242 1.3586e-05
239 0.00119715
176 0.00512275
160 0
249 0.000962001
240 2.40305e-05
164 0.00270213
162 0.00158143
258 0.00211513
149 0.00192354
149 0.000231226
243 0.000587895
246 0
247 0
245 0.000937694
242 0.00351899
245 0.00767847
171 0.00492085
242 8.16928e-06
241 2.32844e-05
241 0.000481116
165 0.000962001
166 0
164 0.00192342
167 0
264 0.000397131
247 0
246 0.000772939
247 0
245 0.000654004
248 0
247 5.92806e-05
241 0.000534246
242 0
242 0
241 0
245 0.000481116
244 0.00168107
242 0.00592091
246 0.00168107
241 0.00688242
260 0.00225923
260 0
174 0
242 0
241 0.00176973
192 0.000481116
245 0.00565137
245 0
245 0
245 0.000354597
246 0
246 0.000354597
245 0
244 0.00297008
247 0.000221185
246 0
245 0
243 0
243 0
238 0.00566506
249 8.04427e-05
245 0
246 0
245 0
246 0
245 0
149 0.0028838
239 0
252 0
253 0.000398836
245 0
247 0.000962117
248 0
248 0
248 0
255 0.00336411
257 0
256 0
257 0
258 0
256 0.000962001
248 0
247 0
266 0
265 0.00336503
267 0
266 0.000481116
266 0
267 0
264 0.00528255
266 0
259 0.000481116
259 0.000962001
256 0.000962117
257 0.000962117
173 5.78821e-08
174 0
174 0
173 0
173 0
235 0.00246173
243 0.00168246
243 0.000481116
244 0.000240327
244 0
243 0
243 0
245 0
245 0
246 0
189 0
189 0
245 0.000266183
189 0
263 0
260 0.00643484
240 0.00585241
202 0
261 0.00153941
262 0.0019658
165 0
243 0
264 0.00163466
174 0
216 7.51705e-05
244 0.000863109
173 0.00395802
247 0.00352243
261 0.000251531
262 0
263 0
245 0.000481116
243 0.000431255
238 0.00240396
179 0.000481116
180 0
249 9.9712e-05
251 0.00103294
265 0
264 0
174 0.011786
246 0
260 0.0158669
263 0.000606228
263 0.00096221
260 0.00206477
244 0
244 0
223 0
240 0.00275842
241 0.00192308
173 0
173 0
247 0.00288322
245 0.00120642
248 0.00144289
249 0
250 0
262 0
193 0.0122513
151 0
150 0
152 0
153 0
248 0
248 0
263 0.00240384
264 1.15764e-07
265 0
262 0.00450946
265 0
265 0
264 0
266 0
264 0
200 0
244 0.000704461
244 0.000560067
249 0.00243
250 0.00296792
251 0
251 0.000193073
250 0.000500631
251 0
250 0
251 0
250 0
252 0
248 0.0022043
251 0.00013739
252 0
253 0
252 0
265 0.00144098
268 0
263 0
255 0
177 0.0052665
256 0
264 0.0138409
267 1.71717e-06
266 1.10117e-05
267 0.000926014
262 0.000184767
247 0.00066548
262 0.000157273
241 0
245 0.0097916
245 0.00338996
241 0
246 0.00154259
218 0.00248174
241 0
241 0
166 0.00480321
262 0
263 0.000381264
242 0
248 0.00133884
242 0
245 0
192 0.00336236
242 6.49851e-05
243 0.000712373
244 0.00192308
263 0.00575811
265 0
265 0.000481116
242 0.00213007
244 0
244 3.19342e-05
243 8.01289e-05
223 0.00271427
243 0
163 0.00480437
148 0.00643661
243 0
165 0
164 0
260 0.000543259
164 0
248 0.0019225
250 0
249 0.000480537
251 0
250 0
245 0.000786398
250 0
249 0.00250244
247 0.000189431
246 0
251 0
250 0
250 5.78821e-08
251 0
250 0
254 0
239 0
237 0.00155404
245 0
246 0
244 0.00481376
246 0.000659104
240 4.0074e-05
241 4.0074e-05
239 0.00109106
242 0
260 0.00326916
261 0
261 0
261 0.00101178
261 0
259 0.000450053
262 0
245 0
243 0.00336434
243 0
244 0
245 4.39829e-05
209 0
246 0.000481116
249 0
246 6.52322e-05
193 0
247 0
260 0
261 0
261 0.00263018
267 0
262 0.000361024
263 2.1967e-05
258 0.0015951
266 0
265 7.46346e-06
264 1.97299e-05
264 0
263 0
264 3.84489e-05
252 0
260 0.000572431
253 0
254 0
249 0.00108921
261 0.00152027
251 0.00270343
263 0.00237365
261 0.00106453
263 0.00179099
245 0
245 0
245 0
245 0
152 0.0118328
264 0
262 0.00182722
262 0.00217823
245 0
264 0
245 0
264 0
263 0
253 0
262 0
258 0
257 0
254 0
267 0
260 0
252 0
255 0
259 0
261 0
265 0
266 0
250 0.00553045
256 0
258 0
260 0
257 0
255 0
259 0
252 0
262 0
253 0
268 0
263 0
256 0
261 0
264 0
265 0
267 0
254 0
266 0
247 0
242 0.000481116
204 0
204 0
259 0.00205153
203 0.000481116
203 0.00144265
240 0.00343823
151 0
150 0
150 0.000481116
244 0.000141225
252 0.00195374
242 0.00162441
243 0
253 0
253 0
254 0
254 0
249 0
242 0
247 0
246 0.00157134
213 0
213 0
242 9.40346e-05
165 0
164 0
244 0
164 0
243 0.000526864
244 0.000113391
245 0
246 0
246 0
246 0
246 0
243 0.000855904
247 0
246 5.18793e-05
245 0.0016583
189 0.00313411
244 0.000900731
247 0.000223698
217 0.000481116
236 0.000162102
244 0.000962117
245 0.000997818
244 0
243 0.00141872
174 0
246 0
245 0
245 0
244 0.00153517
230 0.0106649
246 0
245 0
248 0
244 0.00449287
259 1.21322e-05
262 0.000481116
247 0
243 0.000502968
245 0.000481116
261 0.00159212
243 0.0052039
231 0.0028845
260 0
247 0
245 0
242 0.00150985
246 0.000172067
242 0.00108461
244 7.66809e-05
225 0.0110719
248 0
245 0.00026096
241 0
247 0.00156799
248 0.000159114
247 0
246 0
200 0.00192308
199 0.00144265
259 0.000241268
245 0.000270221
258 0.00257954
254 0.00144265
241 0.000353219
243 0.000137755
242 0.000137755
259 0
244 0
244 0
245 0
245 0.000142925
243 0
243 0.00101598
244 5.39769e-05
244 0
244 0.00149837
240 0.00512138
245 0
246 0
226 0.0206735
243 0.00224922
244 0
245 0
244 0
245 0
244 0.000748086
261 0.000203822
259 0
259 0
259 0
260 0
266 0.000962117
267 0
267 0
266 0.00111225
265 0
246 0
245 0.000481116
247 0
244 0
245 0.000523568
244 0.000619808
245 0
153 0
201 0
202 0
201 0
257 0
249 0
248 0.000103409
249 0
262 0
261 0.00122158
262 0
255 0.00154108
263 0.000288378
259 0.000564255
225 0
226 0
259 0.000280756
264 0.00107022
225 0.000481116
225 0
263 0.000647297
225 0
260 0
265 0
264 0.000237577
247 0
162 0
253 0.00116474
256 0
256 0
254 0.000156158
255 0.000156158
260 0
258 0.00637409
260 0
221 0.0104002
260 0
260 0.00174169
222 0
261 0.00965635
243 0.0147552
244 0
242 0.00381219
225 0.00206289
244 0.000790475
245 0.000481116
245 0.000721327
246 0.000721327
191 0
249 0
190 5.78821e-08
207 0
190 0
191 0
247 0.00256064
237 0.00134335
248 0
179 0
180 0
253 0
252 0.000481116
251 0.00210635
237 0
236 0.000962117
235 0.00288415
237 0
237 0
236 0
237 0
247 0
247 0
259 0
262 0.000481116
263 0
261 0.00767155
268 0
267 0.00271035
265 0.00501681
268 0
236 0.0119261
237 0
261 0.00245557
235 0
267 0
260 0
267 0
267 0
246 0
244 0
245 0
263 0.000889491
264 0
231 0.000940198
264 0.000775757
261 0.000872102
264 0
262 0.000754318
245 0
245 0
245 0
242 0
242 0
243 0
242 0
155 0
155 0
261 0.00158658
263 0.00250449
204 0
262 0
262 0
262 0
262 0
256 0
242 0.000898646
228 0
261 0
262 1.40958e-05
212 0
228 0
261 0.0110071
266 0
268 0
265 0
266 0.000327442
267 0.000159347
244 0.0012481
149 0
261 0.000271225
154 0.000152933
155 0
194 0.00489848
240 0
240 0
247 0.00288415
247 0
245 0.000203435
248 0
254 0.00386817
243 0
246 0.00089987
246 0.00678399
247 0
248 0
246 0
246 0.000962001
247 0
246 0
247 0
261 0.000600242
263 0
260 0
266 0
259 0
265 0
260 0.00297933
263 3.80056e-05
265 0.00182245
265 0
266 0
266 0
264 0
267 0.000481116
266 0.000598803
247 0.000962117
247 0
243 0
243 0
243 0.00283129
174 0.00885591
150 0
249 0.00499979
150 0
257 0
257 0
256 0.00390806
257 0.00145801
252 0
253 0
246 0
243 0.000481116
244 0
243 0
243 0
248 0.000481116
249 0
247 0.00528394
243 0
244 0.000481116
244 0.00144289
245 0
245 0
244 0
244 2.31528e-08
243 0.00752043
245 2.31528e-08
246 2.31528e-08
247 0
247 0
245 0.000105769
246 0
245 0
244 0
244 0
244 0.00144265
241 0.00434067
243 0.000362445
196 0.000962117
244 0
245 0.00144801
260 0.00367482
262 0
262 0
262 0
262 0
262 0
263 0.000481116
247 0
258 0
248 0
259 0
246 0.000464234
197 0
263 0
262 0
260 0
262 0
261 0.000368424
261 0
248 0
247 0
246 7.93885e-05
243 0.00183771
248 0
239 0
246 2.1806e-06
247 0
246 0
244 0.00122734
247 0.000337822
246 0.000393997
248 0
247 0
246 0.00108462
245 0.000927432
257 0
259 0
258 0
263 0.000476661
216 0
263 0.000165963
258 6.8972e-05
258 0
261 0
262 0
264 0.00402575
266 0.000794785
263 0.000481116
264 0
267 0.000136322
266 7.35894e-05
166 0
166 0
166 0
166 0
263 0.0001723
242 0
246 0.000339339
247 2.05221e-05
248 0
245 0.000996415
247 0
244 0.00168935
248 0
246 0
251 0.000550481
262 0.0019656
247 0
245 0.00157425
207 0
207 0
252 0.000481116
250 0.00288334
253 0
251 0.000962117
228 0.00501179
247 0
262 0.00203967
246 0.00173983
244 0.000601689
229 0
245 0.00384245
259 0.00012449
266 0.00234051
262 7.52053e-05
265 0.00216883
263 0.00107648
246 0
245 0
246 0
245 0
245 0
246 0
210 0.00136282
260 0
262 0
262 0
262 0
262 0
263 0.000424061
216 0
241 0
247 0
245 0
244 0.00129337
246 0
242 0.000209579
243 0.00119776
241 0
244 2.99673e-05
262 0
159 0.00144265
160 0
161 0
160 0.00192308
162 0
158 0.00260479
263 0.000578108
260 0.000416224
262 0.00069732
264 2.3355e-05
237 0
193 2.66571e-05
245 0
178 6.21484e-05
178 0
243 0.000459184
244 0
176 0
175 0.00282099
265 0
262 0
246 0
251 0.000364376
146 0.00597788
249 0.000481116
220 0.00393141
244 0
245 0
246 0
246 0
247 0
245 0.000153945
246 0
253 0.000962001
254 0.000481116
256 0
255 5.78821e-08
253 0.00121053
255 0
254 2.70117e-07
250 0.00537034
254 0.000240249
254 0
241 0.00192342
242 0
242 0
243 0
244 0
248 0.000481116
247 0.000962001
249 0
248 0.000481116
246 0.00240327
262 0
195 0.000962059
262 0
196 0
196 0
262 0.000549174
261 0.000870856
165 0
264 0
262 0.000564578
261 0.00142277
232 0.000998582
219 0
263 0
263 0
264 0.000168379
247 0.00422397
252 0.000186559
249 1.90611e-05
249 0
247 0.000613049
245 0.00189997
242 0.00226562
248 0.00109584
251 0
250 0
247 0.00102526
152 2.45612e-05
154 0
290 0
155 0
153 0
244 6.27494e-05
245 0
246 0
247 0
153 0
250 0
157 0
156 0
158 0
280 0
289 0
249 0.00207321
152 0
281 0
153 0
151 8.17506e-05
288 0
250 0.000334853
247 0.000156384
255 0.00214954
256 0
257 0
256 3.14128e-05
257 0
256 5.78821e-08
252 0.0030843
251 0.00370248
253 0
168 0.0050406
246 0
245 0
245 0
252 0
266 0
254 0
269 0.000106902
265 0
264 0
264 0
264 0
241 0
187 0
245 0.00261009
182 0
246 0.000962117
182 0
181 0.000962001
181 0
241 0
243 0.0024855
243 7.49924e-05
241 0
240 0
254 0.000286302
254 0
253 0.000389683
252 0
252 0
188 0
189 0
251 0.000481116
243 0
251 0
250 0.000148326
252 0
254 0
253 0
249 0.00168026
247 0.00575811
250 0
248 0.00264226
250 0
249 0
248 0
260 8.31496e-05
265 5.78395e-05
245 0.00166644
247 0.00275876
245 0.000432494
246 0.00204108
220 0.000481116
221 0
219 0.000962001
247 0
242 0.00144265
243 0.000965354
247 0
245 0
241 0.00278883
245 0.000636567
246 0.000636567
244 0
266 0
265 0
263 3.4355e-05
264 0
273 0
270 0
263 0.000983621
269 0
262 0.00245874
267 0
272 0
266 0
265 0
274 0
262 0
264 0
263 0
271 0
263 0
268 0
275 0
254 0
253 0
263 0
244 0
249 0.000693337
250 0
248 0.000551211
250 0.000108448
251 0
251 1.12085e-05
250 0
265 0
263 0
261 0.00192308
264 0
262 0
250 0
243 0
245 0.000390488
249 0.000384962
243 0
251 0
246 0
244 0.00210197
246 0
245 3.74518e-05
247 0.000292072
197 0
197 0
245 0
167 0
167 0
247 0.0102651
167 0
249 0
247 6.81522e-05
248 7.72727e-05
246 0
245 0
245 0.000422412
246 0
245 0
245 0.00274197
248 0
244 0.000499518
246 0
201 0
200 0
202 0
245 0
243 0
242 0.00851366
263 0.0024033
265 0.000160353
266 0
264 0.000160353
266 0.000160256
263 0.000481116
242 0.00164487
247 0
246 0.00336469
247 0
247 0
247 0.001443
260 0.00188234
263 0
262 0
261 0.000229607
260 0.000451151
261 0
243 0
244 0.00477785
243 0.00435343
256 1.28498e-06
257 0
255 6.13935e-05
251 0
250 0
251 0
252 0
251 0.000250813
250 0
249 0
244 0.00165743
241 0
244 0.00191933
251 0.00203523
182 0.000227525
258 0.000791736
198 0
208 0
199 0
269 0.00172509
153 0
241 0.000962117
153 0
243 0
270 0
244 0
266 0
241 0
241 0.00079086
241 0.00387279
245 0.000481116
247 0
246 0
246 0
244 0.00192308
244 0
244 0
244 0.0002405
244 0
245 0.00384441
155 0.00662735
245 0
244 0
246 0
245 0.0002405
246 7.79408e-05
245 0.000177013
260 0
245 0.000105304
244 0.000510736
196 1.42356e-05
238 0
237 0
255 0
243 0
244 0
243 3.12367e-05
242 2.54706e-05
242 0
245 6.91647e-05
246 0
247 0
246 0
245 0
246 0
245 1.73646e-07
248 0
247 0
248 0
247 0
243 0
252 5.73846e-05
250 0.000626858
248 0
242 0
249 2.20545e-05
246 0
249 0.000154992
246 0
246 0
247 0
246 0
248 0
246 0
247 0.000962001
241 0.000114086
246 0.000801459
249 0
242 0
248 0
247 0.00192308
243 0
162 0
246 0.000368068
162 0
266 0.00220534
263 0
261 0.00148493
201 0
201 0
262 7.90731e-05
261 0
266 0.000730784
264 0
266 0
265 0.000128448
264 0.000271641
264 0.000383233
265 7.39218e-06
263 0
260 0
176 0.000470189
175 0
175 0
175 0
177 0
175 0
175 0
175 0
264 0.000954976
260 0.000321939
262 0
245 0.00122162
246 0
221 0
260 0
261 0.000420075
221 0
260 0
261 0
246 0
243 0.00106116
245 0.0002518
244 0
243 0.00192365
245 0
244 0
244 0
255 0
263 0.000682348
265 0
267 0
266 0
247 0.00140819
245 7.579e-06
248 0
242 0.0112804
246 0.00124833
244 0
245 0
243 0.00466895
234 0.000962001
235 0
235 0
236 0
245 0
241 0.00124248
250 0
258 0.000438178
261 0
263 0
264 0.000411912
233 0.0002405
232 0.0002405
234 0
232 0.000481116
232 0
203 0
173 0
251 0
248 0
248 0
249 0
250 0
249 0
250 0
253 0
250 0
251 0
252 0
262 0
266 0
250 0.00155774
245 0
246 0
245 0
246 0
246 0.00432484
247 0.000962117
247 0.000481116
247 0.0002405
248 0.0002405
248 0
249 0
261 0.000257802
242 0.00103843
232 0
263 0
266 0
265 0
264 0.000481116
248 0
248 0
267 0
269 0
266 0
268 0
271 0
267 0
266 0
270 0
257 0.000481116
257 0.000325405
257 0
249 0
248 0.00144265
248 0.00144265
245 0
244 0.000481116
251 0.000962001
251 0.00293108
246 0
165 0
244 0.000481116
243 0.000846924
245 0
241 0.00378511
263 0.000481116
264 0
263 0
263 0.000962001
263 0
265 0
264 0
253 0
252 0
252 0
258 0.0058934
245 0
147 0
263 0
262 0
257 0
259 0
262 0.000969914
261 1.15764e-07
262 0
263 0
259 0.000962232
244 0
262 0
259 0
264 0
244 0.00270799
261 0.00148705
261 0.000960645
260 0.000962117
265 0
154 0
154 0
267 0
254 0
254 0.000481116
243 0
263 0
168 0
244 0
243 0
251 0.000114935
247 1.12589e-05
240 0
253 0
255 0
217 0
242 0.00212482
217 0
252 0
254 0.000114338
253 0
253 0.000114338
251 0.00329874
263 0
262 0.000283971
261 0.00109439
263 0.000481116
264 0
259 0
152 0
183 0.00480271
183 0
263 0.00111697
261 0
156 0
250 0.00501678
260 0
260 0
261 0
260 0
261 0.00256503
260 0
261 0
262 0
243 0
244 0
243 0
243 0
253 0.00015641
249 0.00280805
159 0
261 0.000962001
263 0
262 0
260 1.84939e-05
262 0
261 0.000962001
261 0.000962001
259 0
259 2.62969e-05
259 0
259 0
260 0
259 0
262 0
263 0
244 0
243 0
246 0.000618695
250 0
248 0.00198102
250 0
243 0.018592
250 0
250 4.88945e-05
249 0.00017632
246 0.00293418
251 0
251 0
245 0.000481116
244 9.00977e-05
245 0
253 0.000315376
254 0
250 0.000293301
254 3.85787e-05
255 0
252 0
250 0.00162056
255 0
253 0.000267074
252 0.000267074
251 0.00114681
254 0.000267074
256 0
257 0
242 0.000122023
250 1.15764e-07
249 0.000240384
248 0.00120204
251 0
252 0
247 0.00288322
250 0
163 0.000962117
163 0
267 0
266 0
267 0
268 0
176 0
259 0
260 0
259 0.000962001
262 0.00103804
261 0
262 0
261 0
261 0.000481116
261 0
245 0.000481319
246 0
263 0
261 0.000118027
262 0.000118027
259 0.000837334
260 0.000837334
262 0.000481116
246 0
244 0
241 0
241 0
243 0
242 0
242 0
242 0
264 0
262 0
263 0
261 0.000560637
253 0.00349297
262 2.36872e-06
263 0
262 4.86417e-05
262 0
263 0
251 0
243 0
263 0.000481116
178 0
259 0
262 0.000222875
259 0
260 7.60587e-05
261 0
259 0
259 7.60587e-05
259 0.00513314
259 0
260 0
259 0
261 0
262 0
270 0
270 0
269 5.78821e-08
244 0
258 0
259 0
166 0
246 0
246 0
247 0
246 0.000962001
246 0
247 0
248 0
244 0
244 0
211 0
262 1.02978e-05
212 0
265 6.68876e-05
266 2.55997e-07
263 0
263 0
262 0
264 0
252 0.000481116
247 0.000481116
248 2.3817e-05
251 2.55077e-05
251 0
254 7.80726e-05
256 3.19277e-05
255 3.19277e-05
258 0
259 0
265 0.000481116
266 0
244 0
238 0.0018892
244 0.000481116
245 0
245 0
265 0.00109473
263 0.00329479
175 0
175 0
260 0
264 0
243 0
244 0
243 0
245 0.00043567
255 0
244 0.000172695
245 0
261 0.000481116
265 0
246 0
262 0
261 0
263 0.000135551
262 0
262 0
263 0
262 0
252 5.04605e-05
252 0
252 0
253 2.52013e-05
251 0
251 0
251 0
238 0
246 0.00240327
262 7.37867e-05
237 0
239 0
251 0.00048129
252 0
252 0
252 0
242 0
251 0.000481116
252 0
265 9.67502e-06
265 0
265 0
244 0
246 0
247 0
245 0
247 0
247 3.39816e-05
247 0
248 0
249 0
246 0.000136992
229 0
230 0
247 0
229 0
231 0
229 0
230 0
248 0
231 0
264 0
258 0
257 0.000481116
261 0.000171033
260 0.000586935
268 0
171 0
197 0
172 0
173 0
243 0
263 0
264 0
261 0.000227214
262 0.000227214
263 0
265 0.000565841
247 5.74235e-06
247 0
248 0
264 0
264 0
262 0
262 0
246 0
246 0
246 0.00144289
265 0
262 0
243 0
265 0.000240056
266 0
266 9.84724e-05
267 0
267 0
268 0
267 2.71522e-06
243 0.0002405
242 0.0002405
244 0
236 0
236 0
246 0.00442651
247 0.000962001
248 0.00192308
247 0
247 0
257 0
256 0
251 0
252 0
247 5.78821e-08
248 0
248 0
248 0.000524846
247 0.0019675
247 0
164 0
164 0
250 0
251 0
250 0
250 0
161 0
162 0
161 0
162 0
163 0
247 0
249 0
247 1.15764e-07
247 0
247 9.60672e-05
248 0
248 0
246 0.000135211
248 0
254 0.00144289
255 0.000481116
255 0
245 0
250 0
246 0.00108906
263 0
272 0
262 0.00209822
264 0
272 0
272 0
261 0.00125134
263 0
244 0
255 0
254 1.15764e-07
256 0
265 2.37847e-05
255 0
239 0
260 0.000115408
165 0
258 6.77475e-05
246 0
261 0
262 0
261 0
263 0
247 0
262 0.00397839
165 0
264 0.00290711
263 0.000187141
264 0
267 0
256 0
259 0.000481116
239 0.00170747
255 0
249 0
147 0
248 0.000450508
263 0.000481116
262 0.000855597
263 0
264 0
263 0.0003899
264 0
257 0.00271203
265 0
264 0.00112063
225 0
259 0.00186739
244 0.00499133
260 0
262 0
260 0
263 0
264 0
262 0
245 5.23936e-05
250 3.47293e-07
251 0
252 0
251 0.000481116
247 0.000478931
250 0
251 0
249 0
252 0
248 0.00238749
260 0
259 1.38917e-06
261 0
262 0
264 0
263 0
265 0
260 0
265 0
262 0
263 0
261 0
264 0
258 0.000481116
258 0
258 0
248 0
248 0
248 0
244 0
251 0
250 0
264 0
246 0
247 0
231 0
230 0
231 0
230 0
245 0
265 0.00073089
240 0
230 0
241 0
232 0
266 0.00073089
253 0.000708951
254 0.000481116
248 0.00245455
255 0
263 9.85082e-05
255 0
259 0
262 0
252 0.00146435
263 0
251 0
260 0
256 0
255 0
254 0.000159474
258 0
257 0
261 0
253 0.000159474
260 0
262 0
249 0.00108974
250 0
251 6.63897e-05
250 0
250 0.000422586
187 0
185 0
186 0
184 0
184 0.00192354
184 0
185 0
185 0
186 0
186 0
240 0
239 4.13792e-05
192 0
248 0
249 0
247 0.000324893
245 0.00162818
248 0.000564527
248 0
246 0.00272805
246 0
247 0
245 0
245 0.000481116
246 0
257 0
258 0
247 0
247 0
246 0
246 0
246 5.78821e-08
246 0
259 2.31528e-07
263 0
260 2.31528e-07
258 2.31528e-07
262 0
253 0
257 2.31528e-07
252 0
261 0
264 0
261 0
255 0
254 0
247 0.00040373
258 0
258 0
257 0
258 0
264 0.00185223
265 0
267 0
265 0
266 0
266 0.000278104
267 0
259 0
260 0
189 0
190 0
188 0
244 0
243 0
245 0
250 0.000481116
245 0
246 0
247 0
249 0
247 0
262 0.000210662
278 0
278 0
278 0
159 0
254 2.31528e-08
255 0
246 0
245 0
244 2.40273e-05
245 0.000197882
246 0
239 0
241 0.000851723
246 1.16897e-05
252 0
257 0
258 0
257 0
265 2.17413e-06
266 0
266 0
260 0.000494973
264 0.000604341
169 0.00343034
268 5.14508e-08
267 5.14508e-08
265 5.14508e-08
276 0
263 5.14508e-08
264 5.14508e-08
270 5.14508e-08
276 0
269 5.14508e-08
262 5.14508e-08
266 5.14508e-08
272 5.14508e-08
263 0
273 5.14508e-08
279 0
261 7.69738e-05
274 5.14508e-08
275 5.14508e-08
265 0
278 0
277 0
277 0
271 5.14508e-08
267 0
268 0
264 0
265 0
264 0
249 0
249 0
249 0.00194275
249 0.000481116
250 0
248 0.000962117
267 0
267 0
268 0
267 0
266 0
247 0.00240373
244 0.00192342
246 0
246 0.000481116
246 0
245 0
245 0
246 0
247 0
156 0
262 0.000647948
227 0
245 0
226 0
259 0.00141671
261 3.66026e-06
228 0
265 0
274 0
284 0
264 0
268 0
269 0
273 0
271 0
266 0
263 0
270 0
262 0
275 0
276 0
277 0
278 0
267 0
279 0
281 0
272 0
280 0
282 0
283 0
164 0
165 0
163 0
250 0
263 0
261 0
262 0
261 0
281 0
280 0
227 0
204 0
205 0
206 0
244 0
248 0
244 0
268 0
269 0
263 0
244 0.000962001
246 0
244 0
245 0
246 0
242 0
245 0
243 0
244 0
264 0
265 0
260 0
225 0
259 0.00156251
261 0
265 0.00169753
267 0
267 0
267 0
266 0.000166895
266 0.000365074
267 0
267 0
266 0
264 0
264 9.2525e-06
265 0
263 0
246 0
260 0
258 0
260 0.00125951
239 0.000481116
151 0
246 0
246 0
248 0
248 0
250 0
247 0.000831825
248 0
252 0
252 0
259 0
248 0
248 0
248 0
249 0
250 0
251 0
241 0
242 0
243 0
247 0
248 0
246 0.000962001
245 1.73646e-07
246 0
246 0
260 0
259 0
245 0
245 0
246 0
264 0.00144289
265 0
266 0
263 0.000960843
262 0.00192284
265 0
245 0
245 0
244 0.000481116
246 0
245 0
244 0
245 0.000262317
243 0
262 9.58756e-05
263 9.58756e-05
262 0
263 0
263 0
270 0
268 0
267 0
265 0.000993619
269 0
262 0.000534494
266 0
263 0.000534494
267 0
268 0
263 9.09817e-06
264 0
250 0
193 0
194 0
259 0
253 0
263 0
266 0
251 0
249 0
260 0
245 0.000962001
269 0
262 0
258 0
265 0
277 0
248 0
264 0
268 0
267 0
247 0
255 0
244 0.00144265
252 0
250 0
246 0
273 0
256 0
272 0
257 0
254 0
270 0
274 0
261 0
275 0
271 0
276 0
251 0
249 0
250 0
263 0
261 0
260 0
271 0
268 0.000804913
271 0
270 1.25112e-05
252 0
249 0
251 0.000481116
252 0
252 0
249 0.000962001
185 0.000481116
186 0
244 0.00144289
169 0
265 0
194 0
194 0
252 0
253 0
252 0
252 0
253 0
262 0
248 0
249 0
250 0
249 0.000962117
246 0
267 0.000481116
265 0
265 0
266 0
150 0
150 0
265 0
252 0
262 0.000481116
263 0
264 0
265 0
269 0
247 0.00144265
249 0
248 0
248 0
250 0
253 0.00259747
259 0
257 6.47408e-05
255 0
254 0.0013295
258 0
257 0
256 0
257 1.35018e-05
256 9.94524e-05
258 0
258 0
263 0
264 0
242 0
246 0
245 7.3759e-06
251 0
262 0
249 0
248 0
205 0
205 0
206 0
250 0
251 0
250 0
250 0
244 0
258 0.000548873
259 0
247 0
249 0
249 0
248 0
249 0
263 0
251 0
249 0
249 0
238 0.00228987
241 0
240 0.000481116
242 0.000450074
241 0.000792572
263 0
262 0.000962001
264 0
248 0
247 0
263 0
265 0
263 0
206 0
207 0
205 0
252 0
250 0
251 0
244 0.00384245
255 0.000617886
170 0
263 0
233 0
260 0.000962001
244 0
244 0.000789845
246 0
244 0
245 0
245 0.000202737
265 0
266 0
246 0
265 0
259 0
260 0
261 0
258 0.00336446
260 0
261 0
259 1.15764e-07
260 0
242 0
243 0
245 0.00336295
247 0
247 0
246 0
247 0
246 0.000481116
247 0
244 1.21759e-05
247 0
247 0
250 0
249 0
248 0.000481116
250 0
249 0
248 0
248 0
264 0
259 0
260 0
247 0.00100469
182 0.000481116
183 0
177 0
266 0
244 0.000103298
248 0
243 0
244 0
243 0.000590893
262 0
261 0
260 0
260 0
255 0.000962001
257 0
256 0
247 0
245 0
247 0
246 0
248 0
250 0
249 0
260 0
248 0.00100997
252 0
249 0
250 0
250 0
251 0
249 0
243 0.00194629
249 1.73646e-07
250 0
248 0
245 0.000240732
246 0.000240384
246 0
247 0
247 0
258 0
263 0
262 0
251 0
261 0.000411239
263 0
263 0
262 0
264 0
264 6.21669e-05
267 0.00144289
268 0
268 0.000481116
268 0
269 0
267 0
267 0
269 0
256 0
259 0.00144265
258 5.82226e-06
257 5.82226e-06
251 0
250 0
243 0.000169251
242 0.000366632
261 2.94174e-05
263 0
262 0
262 0
262 0
263 0
262 1.73646e-07
219 0
219 0
247 0
247 0
247 0
252 0
251 0.000721559
253 0
253 0
252 0.000240442
247 0
266 0
266 0
266 0
249 0
250 0
248 0.00144289
249 0
261 0
261 0
261 0
263 0
263 0
193 0
253 0
254 0
253 0
240 0
250 0
263 0
236 0
256 0
245 0
240 0
241 0
240 0
239 0
239 0
235 0
234 0
241 0
251 0
264 0
246 0
262 0
249 0.00144289
250 0
251 0
250 0
250 0
253 0
246 0
255 0
251 0
256 0
254 0
259 0
252 0
249 0
248 0
247 0
245 0
257 0
258 0
259 0
247 0
247 0
248 0
238 0
243 0
246 0
245 0
243 0
248 0
248 0
238 0
263 0
262 0
260 0
261 0
262 0
246 0
253 0
252 0
265 0
267 0
268 0
269 0
266 0
242 0
252 0
243 0
246 9.69504e-05
259 0
253 0
262 0
150 0
151 0.000481116
150 0.000962001
246 0
248 0
246 0
246 0
242 0.000481116
242 0
242 0.00175414
243 0
244 0
248 0
247 0
247 0
264 0
244 0.000127211
267 0
196 0.000481116
197 0
242 0
243 0
244 0
242 0
243 0
250 0
250 0
261 0
260 0
226 0
248 0
247 0
246 0
244 0
261 0
262 0
264 0
265 0
264 0
260 0
246 1.49559e-05
247 0
244 0
250 0
251 0
262 0
267 0
267 0
244 0
267 0.000481116
261 0.00384245
262 0
259 1.38274e-06
258 1.38274e-06
264 0
261 0
256 1.38274e-06
255 1.38274e-06
260 0
263 0
257 1.38274e-06
260 0
263 0
262 0
261 0
264 0
265 0
264 0
252 0
253 0
246 0
248 0
247 0
249 0
249 0
250 0
265 0
212 0
213 0
212 0
263 0
245 0
246 0
243 0
246 0
246 0
249 0.000962001
251 0
250 0
263 0
156 0
249 0
250 0
248 0
248 0
245 0
267 0
264 0
263 0
247 0
248 4.39836e-05
251 4.39836e-05
254 4.39836e-05
250 4.39836e-05
252 4.39836e-05
255 0
249 4.39836e-05
253 4.39836e-05
245 0
246 0
257 0
257 0
256 7.71762e-08
258 0
249 0
248 0
262 0
268 0
264 0
268 0
200 0.000481116
201 0
152 0
152 0
151 0
242 0
247 0
245 0
246 0
236 0
236 0
263 0
268 0
234 0
264 0
246 0
218 0
264 0
246 0
